only 1 45 63G ONLY/ONLY.yaml True
Namespace(backbone='resnet50', batch_size=32, config='ONLY/ONLY.yaml', data_dir='data', device=device(type='cuda'), early_stop=50, epoch_based_training=False, lr=0.003, lr_decay=0.75, lr_gamma=0.0003, lr_scheduler=True, method='True', momentum=0.9, myweight=0.1, n_epoch=200, n_iter_per_epoch=100, num_workers=3, seed=1, src_domain='45', tgt_domain='63G', tname='transfer', transfer_loss='only', transfer_loss_weight=0.5, use_bottleneck=True, weight_decay=0.0005)
JUST DO IT
run my Parkinson code
transfer
TRAIN Length: 16311 745 TEST Length: 1867 383
YYY: 0 3
DATA_PROFILE   train: 16311 train2: 1867 test: 1867
DATASET.SHAPE: <data_loader.GetTrainLoader object at 0x7f090eccd850> True
DATASET.SHAPE: <data_loader.GetTrainLoader object at 0x7f0916e8c880> True
DATASET.SHAPE: <data_loader.GetTestLoader object at 0x7f090ed478b0> False
CLASS: 4 383
LLL: {}
BOTTLENECK_LIST: [Linear(in_features=512, out_features=256, bias=True), ReLU()]
TYPE: {'loss_type': 'only', 'max_iter': 20000, 'num_class': 4, 'my_person_item': <my_person_item.PersonItem object at 0x7f0916e87e20>}
initial_lr 1.0
transfer_world
method True <class 'str'>
1.8.1+cu111
True
LEN: 0 0
LOADER: <data_loader.InfiniteDataLoader object at 0x7f0916e8c190> <data_loader.InfiniteDataLoader object at 0x7f0916e87ee0>
N_batch: 100
trian begin
trian end
Traceback (most recent call last):
  File "main.py", line 492, in <module>
    main()
  File "main.py", line 468, in main
    train(source_loader, target_train_loader, target_test_loader,L_test, model, optimizer, scheduler, cl_weight,args)
  File "main.py", line 358, in train
    train_loss_person.update(person_loss.item())
AttributeError: 'int' object has no attribute 'item'
