daan 1 45 63G DAAN/DAAN.yaml True
Namespace(backbone='resnet50', batch_size=32, config='DAAN/DAAN.yaml', data_dir='data', device=device(type='cuda'), early_stop=50, epoch_based_training=False, lr=0.003, lr_decay=0.75, lr_gamma=0.0003, lr_scheduler=True, method='True', momentum=0.9, myweight=0.1, n_epoch=200, n_iter_per_epoch=100, num_workers=3, seed=1, src_domain='45', tgt_domain='63G', tname='transfer', transfer_loss='daan', transfer_loss_weight=0.5, use_bottleneck=True, weight_decay=0.0005)
JUST DO IT
run my Parkinson code
transfer
TRAIN Length: 16311 745 TEST Length: 1867 383
YYY: 0 3
DATA_PROFILE   train: 16311 train2: 1867 test: 1867
DATASET.SHAPE: <data_loader.GetTrainLoader object at 0x7f8be69d2850> True
DATASET.SHAPE: <data_loader.GetTrainLoader object at 0x7f8beeb91880> True
DATASET.SHAPE: <data_loader.GetTestLoader object at 0x7f8be6a4c8b0> False
CLASS: 4 383
LLL: {}
BOTTLENECK_LIST: [Linear(in_features=512, out_features=256, bias=True), ReLU()]
TYPE: {'loss_type': 'daan', 'max_iter': 20000, 'num_class': 4, 'my_person_item': <my_person_item.PersonItem object at 0x7f8beeb8ce20>}
initial_lr 1.0
transfer_world
method True <class 'str'>
1.8.1+cu111
True
LEN: 0 0
LOADER: <data_loader.InfiniteDataLoader object at 0x7f8beeb91190> <data_loader.InfiniteDataLoader object at 0x7f8beeb8cee0>
N_batch: 100
trian begin
trian end
n_person 383
SAMPLE
F1_MI: 0.8205677557579004 F1_MA: 0.3020507505619252 ACC_MI: 0.8205677557579004 F1_MA: 0.2734407068906118
BEST_F1_MI: 0.8205677557579004 BEST_F1_MA: 0.3020507505619252 BEST_ACC_MI: 0.8205677557579004 BEST_F1_MA: 0.2734407068906118
[[1515    0  178   42]
 [  11    0   19   11]
 [  14    0   10   46]
 [   3    0   11    7]]
Epoch: [ 1/200], cls_loss: 0.9925, transfer_loss: 0.0190,person_loss: -1.8942, total_Loss: 0.8126
trian begin
trian end
n_person 383
SAMPLE
F1_MI: 0.09694697375468665 F1_MA: 0.1552813503155585 ACC_MI: 0.09694697375468667 F1_MA: 0.22819925025411475
BEST_F1_MI: 0.8205677557579004 BEST_F1_MA: 0.3020507505619252 BEST_ACC_MI: 0.8205677557579004 BEST_F1_MA: 0.2734407068906118
[[ 164    0 1541   30]
 [  11    0   23    7]
 [  11    0   13   46]
 [   5    0   12    4]]
Epoch: [ 2/200], cls_loss: 0.8251, transfer_loss: 0.0169,person_loss: -1.9219, total_Loss: 0.6414
trian begin
trian end
n_person 383
SAMPLE
F1_MI: 0.6331012319228709 F1_MA: 0.24055581861351255 ACC_MI: 0.6331012319228709 F1_MA: 0.250854942591698
BEST_F1_MI: 0.8205677557579004 BEST_F1_MA: 0.3020507505619252 BEST_ACC_MI: 0.8205677557579004 BEST_F1_MA: 0.2734407068906118
[[1174    0  484   77]
 [  16    0   15   10]
 [  17    0    4   49]
 [   7    0   10    4]]
Epoch: [ 3/200], cls_loss: 0.7906, transfer_loss: 0.0179,person_loss: -1.8928, total_Loss: 0.6102
trian begin
trian end
n_person 383
SAMPLE
F1_MI: 0.9185859667916444 F1_MA: 0.2726701319545343 ACC_MI: 0.9185859667916444 F1_MA: 0.28388677309404564
BEST_F1_MI: 0.9185859667916444 BEST_F1_MA: 0.3020507505619252 BEST_ACC_MI: 0.9185859667916444 BEST_F1_MA: 0.28388677309404564
[[1713    0    4   18]
 [  37    0    1    3]
 [  27    0    1   42]
 [  20    0    0    1]]
Epoch: [ 4/200], cls_loss: 0.7446, transfer_loss: 0.0185,person_loss: -1.9273, total_Loss: 0.5611
trian begin
trian end
n_person 383
SAMPLE
F1_MI: 0.080878414568827 F1_MA: 0.1702638456678135 ACC_MI: 0.080878414568827 F1_MA: 0.22364586729294442
BEST_F1_MI: 0.9185859667916444 BEST_F1_MA: 0.3020507505619252 BEST_ACC_MI: 0.9185859667916444 BEST_F1_MA: 0.28388677309404564
[[ 135   25 1530   45]
 [  17    1   13   10]
 [  12    1    8   49]
 [   6    4    4    7]]
Epoch: [ 5/200], cls_loss: 0.7089, transfer_loss: 0.0191,person_loss: -1.9421, total_Loss: 0.5243
trian begin
trian end
n_person 383
SAMPLE
F1_MI: 0.08248527048741296 F1_MA: 0.12980017922254591 ACC_MI: 0.08248527048741296 F1_MA: 0.20553955185253492
BEST_F1_MI: 0.9185859667916444 BEST_F1_MA: 0.3020507505619252 BEST_ACC_MI: 0.9185859667916444 BEST_F1_MA: 0.28388677309404564
[[ 144   50 1380  161]
 [  19    2    8   12]
 [  15    1    4   50]
 [  10    3    4    4]]
Epoch: [ 6/200], cls_loss: 0.6941, transfer_loss: 0.0197,person_loss: -1.9450, total_Loss: 0.5094
trian begin
trian end
n_person 383
SAMPLE
F1_MI: 0.7284413497589716 F1_MA: 0.2804305174960291 ACC_MI: 0.7284413497589716 F1_MA: 0.26664487246682617
BEST_F1_MI: 0.9185859667916444 BEST_F1_MA: 0.3020507505619252 BEST_ACC_MI: 0.9185859667916444 BEST_F1_MA: 0.28388677309404564
[[1346  174   78  137]
 [  21    4    9    7]
 [  14    4    5   47]
 [  13    2    1    5]]
Epoch: [ 7/200], cls_loss: 0.6786, transfer_loss: 0.0203,person_loss: -1.9480, total_Loss: 0.4939
trian begin
trian end
n_person 383
SAMPLE
F1_MI: 0.027316550615961437 F1_MA: 0.23988676983814167 ACC_MI: 0.027316550615961437 F1_MA: 0.2315830640359481
BEST_F1_MI: 0.9185859667916444 BEST_F1_MA: 0.3020507505619252 BEST_ACC_MI: 0.9185859667916444 BEST_F1_MA: 0.28388677309404564
[[  28   62    8 1637]
 [   1    5    1   34]
 [   4    4    0   62]
 [   0    3    0   18]]
Epoch: [ 8/200], cls_loss: 0.6464, transfer_loss: 0.0202,person_loss: -1.9472, total_Loss: 0.4618
trian begin
trian end
n_person 383
SAMPLE
F1_MI: 0.8018211033743974 F1_MA: 0.30457424963014385 ACC_MI: 0.8018211033743974 F1_MA: 0.2775211131118012
BEST_F1_MI: 0.9185859667916444 BEST_F1_MA: 0.30457424963014385 BEST_ACC_MI: 0.9185859667916444 BEST_F1_MA: 0.28388677309404564
[[1481  160   18   76]
 [  16   10    4   11]
 [  10    9    1   50]
 [   7    9    0    5]]
Epoch: [ 9/200], cls_loss: 0.6500, transfer_loss: 0.0204,person_loss: -1.9551, total_Loss: 0.4647
trian begin
trian end
n_person 383
SAMPLE
F1_MI: 0.16014997321906801 F1_MA: 0.23727427451014332 ACC_MI: 0.16014997321906801 F1_MA: 0.2737680260366095
BEST_F1_MI: 0.9185859667916444 BEST_F1_MA: 0.30457424963014385 BEST_ACC_MI: 0.9185859667916444 BEST_F1_MA: 0.28388677309404564
[[ 279   45 1369   42]
 [  20    9    8    4]
 [  18    5    2   45]
 [   8    3    1    9]]
Epoch: [10/200], cls_loss: 0.6129, transfer_loss: 0.0201,person_loss: -1.9576, total_Loss: 0.4272
trian begin
trian end
n_person 383
SAMPLE
F1_MI: 0.843063738618104 F1_MA: 0.3673634798598367 ACC_MI: 0.8430637386181039 F1_MA: 0.31190403737118544
BEST_F1_MI: 0.9185859667916444 BEST_F1_MA: 0.3673634798598367 BEST_ACC_MI: 0.9185859667916444 BEST_F1_MA: 0.31190403737118544
[[1544  101   58   32]
 [  14   20    4    3]
 [  15    9    2   44]
 [   6    6    1    8]]
Epoch: [11/200], cls_loss: 0.6312, transfer_loss: 0.0203,person_loss: -1.9608, total_Loss: 0.4452
trian begin
trian end
n_person 383
SAMPLE
F1_MI: 0.8778789501874665 F1_MA: 0.3369173520872898 ACC_MI: 0.8778789501874665 F1_MA: 0.30885111122528286
BEST_F1_MI: 0.9185859667916444 BEST_F1_MA: 0.3673634798598367 BEST_ACC_MI: 0.9185859667916444 BEST_F1_MA: 0.31190403737118544
[[1621   50   41   23]
 [  28    9    3    1]
 [  16   19    3   32]
 [   8    7    0    6]]
Epoch: [12/200], cls_loss: 0.5878, transfer_loss: 0.0204,person_loss: -1.9551, total_Loss: 0.4025
trian begin
trian end
n_person 383
SAMPLE
F1_MI: 0.047670058918050345 F1_MA: 0.2347544937453433 ACC_MI: 0.047670058918050345 F1_MA: 0.22295286555917038
BEST_F1_MI: 0.9185859667916444 BEST_F1_MA: 0.3673634798598367 BEST_ACC_MI: 0.9185859667916444 BEST_F1_MA: 0.31190403737118544
[[  58  343 1259   75]
 [   6   18    5   12]
 [   7   11    3   49]
 [   4    6    1   10]]
Epoch: [13/200], cls_loss: 0.5859, transfer_loss: 0.0205,person_loss: -1.9591, total_Loss: 0.4002
trian begin
trian end
n_person 383
SAMPLE
F1_MI: 0.6245313336904125 F1_MA: 0.2771071968426969 ACC_MI: 0.6245313336904125 F1_MA: 0.27151937732176457
BEST_F1_MI: 0.9185859667916444 BEST_F1_MA: 0.3673634798598367 BEST_ACC_MI: 0.9185859667916444 BEST_F1_MA: 0.31190403737118544
[[1145  539   34   17]
 [  16   17    7    1]
 [  14   11    4   41]
 [   8   13    0    0]]
Epoch: [14/200], cls_loss: 0.5655, transfer_loss: 0.0204,person_loss: -1.9599, total_Loss: 0.3798
trian begin
trian end
n_person 383
SAMPLE
F1_MI: 0.06052490626673808 F1_MA: 0.21434383747713395 ACC_MI: 0.06052490626673808 F1_MA: 0.2473205630841354
BEST_F1_MI: 0.9185859667916444 BEST_F1_MA: 0.3673634798598367 BEST_ACC_MI: 0.9185859667916444 BEST_F1_MA: 0.31190403737118544
[[  93  110   18 1514]
 [  12    5    5   19]
 [   7    7    4   52]
 [   5    5    0   11]]
Epoch: [15/200], cls_loss: 0.5949, transfer_loss: 0.0206,person_loss: -1.9608, total_Loss: 0.4091
trian begin
trian end
n_person 383
SAMPLE
F1_MI: 0.6041778253883235 F1_MA: 0.3275762754004423 ACC_MI: 0.6041778253883235 F1_MA: 0.2765172146824648
BEST_F1_MI: 0.9185859667916444 BEST_F1_MA: 0.3673634798598367 BEST_ACC_MI: 0.9185859667916444 BEST_F1_MA: 0.31190403737118544
[[1103  245   14  373]
 [   8    8    3   22]
 [   5    5    1   59]
 [   3    2    0   16]]
Epoch: [16/200], cls_loss: 0.5541, transfer_loss: 0.0203,person_loss: -1.9589, total_Loss: 0.3684
trian begin
trian end
n_person 383
SAMPLE
F1_MI: 0.7707552222817354 F1_MA: 0.29459236367463104 ACC_MI: 0.7707552222817354 F1_MA: 0.27487773747072397
BEST_F1_MI: 0.9185859667916444 BEST_F1_MA: 0.3673634798598367 BEST_ACC_MI: 0.9185859667916444 BEST_F1_MA: 0.31190403737118544
[[1424  198   14   99]
 [  24   10    1    6]
 [  15    6    1   48]
 [  11    6    0    4]]
Epoch: [17/200], cls_loss: 0.5512, transfer_loss: 0.0207,person_loss: -1.9584, total_Loss: 0.3657
trian begin
trian end
n_person 383
SAMPLE
F1_MI: 0.8575254418853777 F1_MA: 0.3067568289431454 ACC_MI: 0.8575254418853776 F1_MA: 0.2849214571061006
BEST_F1_MI: 0.9185859667916444 BEST_F1_MA: 0.3673634798598367 BEST_ACC_MI: 0.9185859667916444 BEST_F1_MA: 0.31190403737118544
[[1587   79   49   20]
 [  28    8    2    3]
 [  17    6    2   45]
 [   9    7    1    4]]
Epoch: [18/200], cls_loss: 0.5403, transfer_loss: 0.0204,person_loss: -1.9606, total_Loss: 0.3544
trian begin
trian end
n_person 383
SAMPLE
F1_MI: 0.9094804499196572 F1_MA: 0.2778844362598085 ACC_MI: 0.9094804499196572 F1_MA: 0.26518817204301076
BEST_F1_MI: 0.9185859667916444 BEST_F1_MA: 0.3673634798598367 BEST_ACC_MI: 0.9185859667916444 BEST_F1_MA: 0.31190403737118544
[[1693   26    1   15]
 [  36    2    1    2]
 [  25    5    0   40]
 [  13    5    0    3]]
Epoch: [19/200], cls_loss: 0.5163, transfer_loss: 0.0206,person_loss: -1.9638, total_Loss: 0.3302
trian begin
trian end
n_person 383
SAMPLE
F1_MI: 0.923942153186931 F1_MA: 0.27775209436166787 ACC_MI: 0.923942153186931 F1_MA: 0.29632867132867136
BEST_F1_MI: 0.923942153186931 BEST_F1_MA: 0.3673634798598367 BEST_ACC_MI: 0.923942153186931 BEST_F1_MA: 0.31190403737118544
[[1722    5    7    1]
 [  35    1    4    1]
 [  26    7    2   35]
 [  21    0    0    0]]
Epoch: [20/200], cls_loss: 0.5259, transfer_loss: 0.0207,person_loss: -1.9593, total_Loss: 0.3403
trian begin
trian end
n_person 383
SAMPLE
F1_MI: 0.886448848419925 F1_MA: 0.3176235936236756 ACC_MI: 0.886448848419925 F1_MA: 0.2793866834501287
BEST_F1_MI: 0.923942153186931 BEST_F1_MA: 0.3673634798598367 BEST_ACC_MI: 0.923942153186931 BEST_F1_MA: 0.31190403737118544
[[1643   22    1   69]
 [  29    2    0   10]
 [  35    0    0   35]
 [  10    1    0   10]]
Epoch: [21/200], cls_loss: 0.4957, transfer_loss: 0.0205,person_loss: -1.9670, total_Loss: 0.3093
trian begin
trian end
n_person 383
SAMPLE
F1_MI: 0.8987680771290841 F1_MA: 0.29499541107814997 ACC_MI: 0.8987680771290841 F1_MA: 0.2814002462382433
BEST_F1_MI: 0.923942153186931 BEST_F1_MA: 0.3673634798598367 BEST_ACC_MI: 0.923942153186931 BEST_F1_MA: 0.31190403737118544
[[1671   36   14   14]
 [  35    1    3    2]
 [  29    7    1   33]
 [  11    5    0    5]]
Epoch: [22/200], cls_loss: 0.4921, transfer_loss: 0.0209,person_loss: -1.9595, total_Loss: 0.3065
trian begin
trian end
n_person 383
SAMPLE
F1_MI: 0.08516336368505624 F1_MA: 0.2206510551775326 ACC_MI: 0.08516336368505624 F1_MA: 0.21504077071310718
BEST_F1_MI: 0.923942153186931 BEST_F1_MA: 0.3673634798598367 BEST_ACC_MI: 0.923942153186931 BEST_F1_MA: 0.31190403737118544
[[ 139  267 1051  278]
 [  16    4    3   18]
 [  13    2    1   54]
 [   5    0    1   15]]
Epoch: [23/200], cls_loss: 0.4996, transfer_loss: 0.0207,person_loss: -1.9628, total_Loss: 0.3137
trian begin
trian end
n_person 383
SAMPLE
F1_MI: 0.08409212640599893 F1_MA: 0.21657207282352545 ACC_MI: 0.08409212640599893 F1_MA: 0.24608635397832587
BEST_F1_MI: 0.923942153186931 BEST_F1_MA: 0.3673634798598367 BEST_ACC_MI: 0.923942153186931 BEST_F1_MA: 0.31190403737118544
[[ 134 1505   55   41]
 [  16   10    5   10]
 [   9   15    5   41]
 [   4    8    1    8]]
Epoch: [24/200], cls_loss: 0.4830, transfer_loss: 0.0207,person_loss: -1.9638, total_Loss: 0.2970
trian begin
trian end
n_person 383
SAMPLE
F1_MI: 0.9089448312801287 F1_MA: 0.27618794043013456 ACC_MI: 0.9089448312801286 F1_MA: 0.27238455988455984
BEST_F1_MI: 0.923942153186931 BEST_F1_MA: 0.3673634798598367 BEST_ACC_MI: 0.923942153186931 BEST_F1_MA: 0.31190403737118544
[[1692   23    0   20]
 [  32    4    0    5]
 [  23    1    0   46]
 [  13    7    0    1]]
Epoch: [25/200], cls_loss: 0.4829, transfer_loss: 0.0211,person_loss: -1.9649, total_Loss: 0.2970
trian begin
trian end
n_person 383
SAMPLE
F1_MI: 0.9014461703267274 F1_MA: 0.31837544106428095 ACC_MI: 0.9014461703267274 F1_MA: 0.26646905725853093
BEST_F1_MI: 0.923942153186931 BEST_F1_MA: 0.3673634798598367 BEST_ACC_MI: 0.923942153186931 BEST_F1_MA: 0.31190403737118544
[[1670    8    0   57]
 [  31    0    0   10]
 [  20    0    0   50]
 [   8    0    0   13]]
Epoch: [26/200], cls_loss: 0.4545, transfer_loss: 0.0208,person_loss: -1.9650, total_Loss: 0.2684
trian begin
trian end
n_person 383
SAMPLE
F1_MI: 0.09748259239421532 F1_MA: 0.179433123277828 ACC_MI: 0.09748259239421532 F1_MA: 0.22993531305825643
BEST_F1_MI: 0.923942153186931 BEST_F1_MA: 0.3673634798598367 BEST_ACC_MI: 0.923942153186931 BEST_F1_MA: 0.31190403737118544
[[ 165  133 1416   21]
 [  20    5    7    9]
 [  13    5    6   46]
 [   6    6    3    6]]
Epoch: [27/200], cls_loss: 0.4479, transfer_loss: 0.0207,person_loss: -1.9629, total_Loss: 0.2620
trian begin
trian end
n_person 383
SAMPLE
F1_MI: 0.903588644884842 F1_MA: 0.28710401475067143 ACC_MI: 0.903588644884842 F1_MA: 0.2689849710939912
BEST_F1_MI: 0.923942153186931 BEST_F1_MA: 0.3673634798598367 BEST_ACC_MI: 0.923942153186931 BEST_F1_MA: 0.31190403737118544
[[1681   17   21   16]
 [  35    1    1    4]
 [  23    5    0   42]
 [  16    0    0    5]]
Epoch: [28/200], cls_loss: 0.4723, transfer_loss: 0.0213,person_loss: -1.9653, total_Loss: 0.2864
trian begin
trian end
n_person 383
SAMPLE
F1_MI: 0.080878414568827 F1_MA: 0.14111047066486768 ACC_MI: 0.080878414568827 F1_MA: 0.2349276639352037
BEST_F1_MI: 0.923942153186931 BEST_F1_MA: 0.3673634798598367 BEST_ACC_MI: 0.923942153186931 BEST_F1_MA: 0.31190403737118544
[[ 135   28 1561   11]
 [  12    3   24    2]
 [  12    3   11   44]
 [   7    1   11    2]]
Epoch: [29/200], cls_loss: 0.4343, transfer_loss: 0.0209,person_loss: -1.9655, total_Loss: 0.2482
trian begin
trian end
n_person 383
SAMPLE
F1_MI: 0.9132297803963578 F1_MA: 0.28764328427015745 ACC_MI: 0.9132297803963578 F1_MA: 0.26797004701790905
BEST_F1_MI: 0.923942153186931 BEST_F1_MA: 0.3673634798598367 BEST_ACC_MI: 0.923942153186931 BEST_F1_MA: 0.31190403737118544
[[1699   24    0   12]
 [  38    1    0    2]
 [  25    5    0   40]
 [  12    4    0    5]]
Epoch: [30/200], cls_loss: 0.4391, transfer_loss: 0.0211,person_loss: -1.9621, total_Loss: 0.2534
trian begin
trian end
n_person 383
SAMPLE
F1_MI: 0.8912694161756829 F1_MA: 0.3028380383454705 ACC_MI: 0.8912694161756829 F1_MA: 0.29381890444281655
BEST_F1_MI: 0.923942153186931 BEST_F1_MA: 0.3673634798598367 BEST_ACC_MI: 0.923942153186931 BEST_F1_MA: 0.31190403737118544
[[1654   14   59    8]
 [  35    2    2    2]
 [  21   18    4   27]
 [  16    0    1    4]]
Epoch: [31/200], cls_loss: 0.4270, transfer_loss: 0.0214,person_loss: -1.9652, total_Loss: 0.2412
trian begin
trian end
n_person 383
SAMPLE
F1_MI: 0.9100160685591858 F1_MA: 0.28672080542748984 ACC_MI: 0.9100160685591858 F1_MA: 0.28983972738112784
BEST_F1_MI: 0.923942153186931 BEST_F1_MA: 0.3673634798598367 BEST_ACC_MI: 0.923942153186931 BEST_F1_MA: 0.31190403737118544
[[1694   29    5    7]
 [  34    2    2    3]
 [  23    5    1   41]
 [  15    3    1    2]]
Epoch: [32/200], cls_loss: 0.4065, transfer_loss: 0.0212,person_loss: -1.9643, total_Loss: 0.2207
trian begin
trian end
n_person 383
SAMPLE
F1_MI: 0.8162828066416712 F1_MA: 0.2738949417340726 ACC_MI: 0.8162828066416711 F1_MA: 0.277030982168521
BEST_F1_MI: 0.923942153186931 BEST_F1_MA: 0.3673634798598367 BEST_ACC_MI: 0.923942153186931 BEST_F1_MA: 0.31190403737118544
[[1512   24  199    0]
 [  32    4    5    0]
 [  24    4    8   34]
 [  19    2    0    0]]
Epoch: [33/200], cls_loss: 0.4203, transfer_loss: 0.0216,person_loss: -1.9643, total_Loss: 0.2346
trian begin
trian end
n_person 383
SAMPLE
F1_MI: 0.02678093197643278 F1_MA: 0.264872795976293 ACC_MI: 0.02678093197643278 F1_MA: 0.2885565918985596
BEST_F1_MI: 0.923942153186931 BEST_F1_MA: 0.3673634798598367 BEST_ACC_MI: 0.923942153186931 BEST_F1_MA: 0.31190403737118544
[[  19 1614    8   94]
 [   2   19    1   19]
 [   0   13    2   55]
 [   0   11    0   10]]
Epoch: [34/200], cls_loss: 0.4106, transfer_loss: 0.0212,person_loss: -1.9636, total_Loss: 0.2248
trian begin
trian end
n_person 383
SAMPLE
F1_MI: 0.774504552758436 F1_MA: 0.33419040047687926 ACC_MI: 0.774504552758436 F1_MA: 0.2928775502206584
BEST_F1_MI: 0.923942153186931 BEST_F1_MA: 0.3673634798598367 BEST_ACC_MI: 0.923942153186931 BEST_F1_MA: 0.31190403737118544
[[1424  179    8  124]
 [   8   12    3   18]
 [   7   10    1   52]
 [   5    7    0    9]]
Epoch: [35/200], cls_loss: 0.4029, transfer_loss: 0.0216,person_loss: -1.9636, total_Loss: 0.2174
trian begin
trian end
n_person 383
SAMPLE
F1_MI: 0.922335297268345 F1_MA: 0.25959350615476423 ACC_MI: 0.922335297268345 F1_MA: 0.248563283406489
BEST_F1_MI: 0.923942153186931 BEST_F1_MA: 0.3673634798598367 BEST_ACC_MI: 0.923942153186931 BEST_F1_MA: 0.31190403737118544
[[1720   11    0    4]
 [  39    0    0    2]
 [  26    3    0   41]
 [  19    0    0    2]]
Epoch: [36/200], cls_loss: 0.3927, transfer_loss: 0.0214,person_loss: -1.9647, total_Loss: 0.2069
trian begin
trian end
n_person 383
SAMPLE
F1_MI: 0.7439742903053026 F1_MA: 0.3162167176263364 ACC_MI: 0.7439742903053026 F1_MA: 0.26850175529960785
BEST_F1_MI: 0.923942153186931 BEST_F1_MA: 0.3673634798598367 BEST_ACC_MI: 0.923942153186931 BEST_F1_MA: 0.31190403737118544
[[1359  348    0   28]
 [   5   29    0    7]
 [   4   23    0   43]
 [   2   18    0    1]]
Epoch: [37/200], cls_loss: 0.3779, transfer_loss: 0.0216,person_loss: -1.9663, total_Loss: 0.1920
trian begin
trian end
n_person 383
SAMPLE
F1_MI: 0.8425281199785752 F1_MA: 0.3211051516204045 ACC_MI: 0.8425281199785752 F1_MA: 0.28097066651619035
BEST_F1_MI: 0.923942153186931 BEST_F1_MA: 0.3673634798598367 BEST_ACC_MI: 0.923942153186931 BEST_F1_MA: 0.31190403737118544
[[1554  161    3   17]
 [  20   13    1    7]
 [   8   17    0   45]
 [   5   10    0    6]]
Epoch: [38/200], cls_loss: 0.3856, transfer_loss: 0.0214,person_loss: -1.9606, total_Loss: 0.2003
trian begin
trian end
n_person 383
SAMPLE
F1_MI: 0.9292983395822174 F1_MA: 0.2427931710047579 ACC_MI: 0.9292983395822174 F1_MA: 0.23599020674646354
BEST_F1_MI: 0.9292983395822174 BEST_F1_MA: 0.3673634798598367 BEST_ACC_MI: 0.9292983395822174 BEST_F1_MA: 0.31190403737118544
[[1735    0    0    0]
 [  41    0    0    0]
 [  41    9    0   20]
 [  21    0    0    0]]
Epoch: [39/200], cls_loss: 0.3821, transfer_loss: 0.0216,person_loss: -1.9634, total_Loss: 0.1966
trian begin
trian end
n_person 383
SAMPLE
F1_MI: 0.7809319764327799 F1_MA: 0.2975984826553057 ACC_MI: 0.7809319764327799 F1_MA: 0.27929730965194594
BEST_F1_MI: 0.9292983395822174 BEST_F1_MA: 0.3673634798598367 BEST_ACC_MI: 0.9292983395822174 BEST_F1_MA: 0.31190403737118544
[[1442  112  168   13]
 [  16    8   10    7]
 [   9   14    4   43]
 [   6    6    5    4]]
Epoch: [40/200], cls_loss: 0.3785, transfer_loss: 0.0217,person_loss: -1.9631, total_Loss: 0.1931
trian begin
trian end
n_person 383
SAMPLE
F1_MI: 0.9196572040707016 F1_MA: 0.2961955734531869 ACC_MI: 0.9196572040707016 F1_MA: 0.3170326528662325
BEST_F1_MI: 0.9292983395822174 BEST_F1_MA: 0.3673634798598367 BEST_ACC_MI: 0.9292983395822174 BEST_F1_MA: 0.3170326528662325
[[1712   16    6    1]
 [  38    2    1    0]
 [  25   11    2   32]
 [  16    4    0    1]]
Epoch: [41/200], cls_loss: 0.3816, transfer_loss: 0.0217,person_loss: -1.9632, total_Loss: 0.1961
trian begin
trian end
n_person 383
SAMPLE
F1_MI: 0.8784145688269952 F1_MA: 0.29252120121227415 ACC_MI: 0.8784145688269952 F1_MA: 0.26973420001835874
BEST_F1_MI: 0.9292983395822174 BEST_F1_MA: 0.3673634798598367 BEST_ACC_MI: 0.9292983395822174 BEST_F1_MA: 0.3170326528662325
[[1627  104    3    1]
 [  26   12    0    3]
 [  16   27    0   27]
 [   7   13    0    1]]
Epoch: [42/200], cls_loss: 0.3642, transfer_loss: 0.0218,person_loss: -1.9623, total_Loss: 0.1789
trian begin
trian end
n_person 383
SAMPLE
F1_MI: 0.16711301553294056 F1_MA: 0.18968294465211416 ACC_MI: 0.16711301553294056 F1_MA: 0.22512989036917974
BEST_F1_MI: 0.9292983395822174 BEST_F1_MA: 0.3673634798598367 BEST_ACC_MI: 0.9292983395822174 BEST_F1_MA: 0.3170326528662325
[[ 293 1441    1    0]
 [  23   18    0    0]
 [  19   28    0   23]
 [  11    9    0    1]]
Epoch: [43/200], cls_loss: 0.3676, transfer_loss: 0.0218,person_loss: -1.9622, total_Loss: 0.1823
trian begin
trian end
n_person 383
SAMPLE
F1_MI: 0.9169791108730584 F1_MA: 0.2737085914008999 ACC_MI: 0.9169791108730584 F1_MA: 0.2659193815571508
BEST_F1_MI: 0.9292983395822174 BEST_F1_MA: 0.3673634798598367 BEST_ACC_MI: 0.9292983395822174 BEST_F1_MA: 0.3170326528662325
[[1709   21    2    3]
 [  38    0    0    3]
 [  48    6    0   16]
 [  16    2    0    3]]
Epoch: [44/200], cls_loss: 0.3661, transfer_loss: 0.0223,person_loss: -1.9664, total_Loss: 0.1807
trian begin
trian end
n_person 383
SAMPLE
F1_MI: 0.8473486877343331 F1_MA: 0.3131413757317295 ACC_MI: 0.8473486877343331 F1_MA: 0.29072851813074446
BEST_F1_MI: 0.9292983395822174 BEST_F1_MA: 0.3673634798598367 BEST_ACC_MI: 0.9292983395822174 BEST_F1_MA: 0.3170326528662325
[[1563  140   30    2]
 [  22   15    3    1]
 [  13   20    3   34]
 [   9   11    0    1]]
Epoch: [45/200], cls_loss: 0.3639, transfer_loss: 0.0222,person_loss: -1.9635, total_Loss: 0.1786
trian begin
trian end
n_person 383
SAMPLE
F1_MI: 0.919121585431173 F1_MA: 0.28535860526474854 ACC_MI: 0.919121585431173 F1_MA: 0.2718676552881925
BEST_F1_MI: 0.9292983395822174 BEST_F1_MA: 0.3673634798598367 BEST_ACC_MI: 0.9292983395822174 BEST_F1_MA: 0.3170326528662325
[[1711   11   10    3]
 [  35    1    0    5]
 [  26    6    0   38]
 [  15    2    0    4]]
Epoch: [46/200], cls_loss: 0.3496, transfer_loss: 0.0219,person_loss: -1.9589, total_Loss: 0.1647
trian begin
trian end
n_person 383
SAMPLE
F1_MI: 0.11622924477771826 F1_MA: 0.1882319107220075 ACC_MI: 0.11622924477771826 F1_MA: 0.22497531323185863
BEST_F1_MI: 0.9292983395822174 BEST_F1_MA: 0.3673634798598367 BEST_ACC_MI: 0.9292983395822174 BEST_F1_MA: 0.3170326528662325
[[ 198 1517   17    3]
 [  18   16    3    4]
 [  13   15    0   42]
 [   9    9    0    3]]
Epoch: [47/200], cls_loss: 0.3586, transfer_loss: 0.0220,person_loss: -1.9600, total_Loss: 0.1736
trian begin
trian end
n_person 383
SAMPLE
F1_MI: 0.08784145688269952 F1_MA: 0.13004912660688978 ACC_MI: 0.08784145688269952 F1_MA: 0.21669769838523237
BEST_F1_MI: 0.9292983395822174 BEST_F1_MA: 0.3673634798598367 BEST_ACC_MI: 0.9292983395822174 BEST_F1_MA: 0.3170326528662325
[[ 146   50 1539    0]
 [  14    3   23    1]
 [  11   11   15   33]
 [   8    8    5    0]]
Epoch: [48/200], cls_loss: 0.3409, transfer_loss: 0.0220,person_loss: -1.9612, total_Loss: 0.1558
trian begin
trian end
n_person 383
SAMPLE
F1_MI: 0.8719871451526512 F1_MA: 0.29071740188822365 ACC_MI: 0.8719871451526513 F1_MA: 0.26789930079006896
BEST_F1_MI: 0.9292983395822174 BEST_F1_MA: 0.3673634798598367 BEST_ACC_MI: 0.9292983395822174 BEST_F1_MA: 0.3170326528662325
[[1615  111    5    4]
 [  28   12    1    0]
 [  19   10    0   41]
 [   6   14    0    1]]
Epoch: [49/200], cls_loss: 0.3188, transfer_loss: 0.0220,person_loss: -1.9645, total_Loss: 0.1333
trian begin
trian end
n_person 383
SAMPLE
F1_MI: 0.0567755757900375 F1_MA: 0.17748619054046327 ACC_MI: 0.056775575790037495 F1_MA: 0.228152457118043
BEST_F1_MI: 0.9292983395822174 BEST_F1_MA: 0.3673634798598367 BEST_ACC_MI: 0.9292983395822174 BEST_F1_MA: 0.3170326528662325
[[  84  295 1329   27]
 [   8   15   11    7]
 [   3   16    5   46]
 [   5   11    3    2]]
Epoch: [50/200], cls_loss: 0.3400, transfer_loss: 0.0222,person_loss: -1.9645, total_Loss: 0.1547
trian begin
trian end
n_person 383
SAMPLE
F1_MI: 0.46866630958757366 F1_MA: 0.2489695940948665 ACC_MI: 0.46866630958757366 F1_MA: 0.27055944055944053
BEST_F1_MI: 0.9292983395822174 BEST_F1_MA: 0.3673634798598367 BEST_ACC_MI: 0.9292983395822174 BEST_F1_MA: 0.3170326528662325
[[858 104 771   2]
 [ 16  15   7   3]
 [ 15  16   1  38]
 [ 11   8   1   1]]
Epoch: [51/200], cls_loss: 0.3233, transfer_loss: 0.0222,person_loss: -1.9632, total_Loss: 0.1381
trian begin
trian end
n_person 383
SAMPLE
F1_MI: 0.8162828066416712 F1_MA: 0.2961451963109593 ACC_MI: 0.8162828066416711 F1_MA: 0.2672921721756222
BEST_F1_MI: 0.9292983395822174 BEST_F1_MA: 0.3673634798598367 BEST_ACC_MI: 0.9292983395822174 BEST_F1_MA: 0.3170326528662325
[[1510  190    0   35]
 [  23    9    0    9]
 [   8   16    0   46]
 [   5   11    0    5]]
Epoch: [52/200], cls_loss: 0.3247, transfer_loss: 0.0221,person_loss: -1.9622, total_Loss: 0.1396
trian begin
trian end
n_person 383
SAMPLE
F1_MI: 0.6657739689341189 F1_MA: 0.30706728264993727 ACC_MI: 0.6657739689341189 F1_MA: 0.2633669991794018
BEST_F1_MI: 0.9292983395822174 BEST_F1_MA: 0.3673634798598367 BEST_ACC_MI: 0.9292983395822174 BEST_F1_MA: 0.3170326528662325
[[1221  267    0  247]
 [  10   12    0   19]
 [   8    7    0   55]
 [   4    7    0   10]]
Epoch: [53/200], cls_loss: 0.3205, transfer_loss: 0.0223,person_loss: -1.9618, total_Loss: 0.1355
trian begin
trian end
n_person 383
SAMPLE
F1_MI: 0.07337975361542581 F1_MA: 0.19113171101293286 ACC_MI: 0.07337975361542581 F1_MA: 0.24101186134465258
BEST_F1_MI: 0.9292983395822174 BEST_F1_MA: 0.3673634798598367 BEST_ACC_MI: 0.9292983395822174 BEST_F1_MA: 0.3170326528662325
[[ 111   96 1522    6]
 [  10   13   14    4]
 [   8    6   11   45]
 [   7    8    4    2]]
Epoch: [54/200], cls_loss: 0.3120, transfer_loss: 0.0222,person_loss: -1.9662, total_Loss: 0.1264
trian begin
trian end
n_person 383
SAMPLE
F1_MI: 0.8966256025709695 F1_MA: 0.2661071056256478 ACC_MI: 0.8966256025709695 F1_MA: 0.2560973322999225
BEST_F1_MI: 0.9292983395822174 BEST_F1_MA: 0.3673634798598367 BEST_ACC_MI: 0.9292983395822174 BEST_F1_MA: 0.3170326528662325
[[1668   66    0    1]
 [  34    6    0    1]
 [  22   14    0   34]
 [  15    6    0    0]]
Epoch: [55/200], cls_loss: 0.3092, transfer_loss: 0.0220,person_loss: -1.9632, total_Loss: 0.1239
trian begin
trian end
n_person 383
SAMPLE
F1_MI: 0.16604177825388325 F1_MA: 0.18559023492941568 ACC_MI: 0.16604177825388325 F1_MA: 0.251376505429832
BEST_F1_MI: 0.9292983395822174 BEST_F1_MA: 0.3673634798598367 BEST_ACC_MI: 0.9292983395822174 BEST_F1_MA: 0.3170326528662325
[[ 295   67 1366    7]
 [  22    7    6    6]
 [  16    7    4   43]
 [  13    3    1    4]]
Epoch: [56/200], cls_loss: 0.3315, transfer_loss: 0.0221,person_loss: -1.9612, total_Loss: 0.1465
trian begin
trian end
n_person 383
SAMPLE
F1_MI: 0.9250133904659882 F1_MA: 0.24289732770745429 ACC_MI: 0.9250133904659882 F1_MA: 0.23722527472527472
BEST_F1_MI: 0.9292983395822174 BEST_F1_MA: 0.3673634798598367 BEST_ACC_MI: 0.9292983395822174 BEST_F1_MA: 0.3170326528662325
[[1727    8    0    0]
 [  40    0    0    1]
 [  34   10    0   26]
 [  19    2    0    0]]
Epoch: [57/200], cls_loss: 0.2999, transfer_loss: 0.0224,person_loss: -1.9633, total_Loss: 0.1148
trian begin
trian end
n_person 383
SAMPLE
F1_MI: 0.8494911622924478 F1_MA: 0.3122589470407592 ACC_MI: 0.8494911622924478 F1_MA: 0.2763334718758659
BEST_F1_MI: 0.9292983395822174 BEST_F1_MA: 0.3673634798598367 BEST_ACC_MI: 0.9292983395822174 BEST_F1_MA: 0.3170326528662325
[[1568  147    3   17]
 [  17   14    0   10]
 [  11   10    0   49]
 [   8    9    0    4]]
Epoch: [58/200], cls_loss: 0.3231, transfer_loss: 0.0227,person_loss: -1.9637, total_Loss: 0.1381
trian begin
trian end
n_person 383
SAMPLE
F1_MI: 0.8971612212104981 F1_MA: 0.3115833640492259 ACC_MI: 0.8971612212104981 F1_MA: 0.28604802240991745
BEST_F1_MI: 0.9292983395822174 BEST_F1_MA: 0.3673634798598367 BEST_ACC_MI: 0.9292983395822174 BEST_F1_MA: 0.3170326528662325
[[1661   70    2    2]
 [  29   11    0    1]
 [  19   16    0   35]
 [  10    8    0    3]]
Epoch: [59/200], cls_loss: 0.3019, transfer_loss: 0.0225,person_loss: -1.9646, total_Loss: 0.1167
trian begin
trian end
n_person 383
SAMPLE
F1_MI: 0.050348152115693635 F1_MA: 0.16769297854329798 ACC_MI: 0.05034815211569363 F1_MA: 0.1567777777777778
BEST_F1_MI: 0.9292983395822174 BEST_F1_MA: 0.3673634798598367 BEST_ACC_MI: 0.9292983395822174 BEST_F1_MA: 0.3170326528662325
[[  66 1667    1    1]
 [  12   28    0    1]
 [  24   40    0    6]
 [   6   15    0    0]]
Epoch: [60/200], cls_loss: 0.2990, transfer_loss: 0.0222,person_loss: -1.9669, total_Loss: 0.1134
trian begin
trian end
n_person 383
SAMPLE
F1_MI: 0.8950187466523835 F1_MA: 0.3199448925477659 ACC_MI: 0.8950187466523835 F1_MA: 0.3130821922842296
BEST_F1_MI: 0.9292983395822174 BEST_F1_MA: 0.3673634798598367 BEST_ACC_MI: 0.9292983395822174 BEST_F1_MA: 0.3170326528662325
[[1659   59    5   12]
 [  26    8    1    6]
 [  14   14    1   41]
 [  11    7    0    3]]
Epoch: [61/200], cls_loss: 0.3132, transfer_loss: 0.0223,person_loss: -1.9664, total_Loss: 0.1277
[[1544  101   58   32]
 [  14   20    4    3]
 [  15    9    2   44]
 [   6    6    1    8]]
[[1735    0    0    0]
 [  41    0    0    0]
 [  41    9    0   20]
 [  21    0    0    0]]
WHAT: True
SVAE_RESULT
{'best_f1': 0.3673634798598367, 'best_matrix': [[1735, 0, 0, 0], [41, 0, 0, 0], [41, 9, 0, 20], [21, 0, 0, 0]], 'args': 0.1}
{"best_f1": 0.3673634798598367, "best_matrix": [[1735, 0, 0, 0], [41, 0, 0, 0], [41, 9, 0, 20], [21, 0, 0, 0]], "args": 0.1}
ARG: Namespace(backbone='resnet50', batch_size=32, config='DAAN/DAAN.yaml', data_dir='data', device=device(type='cuda'), early_stop=50, epoch_based_training=False, lr=0.003, lr_decay=0.75, lr_gamma=0.0003, lr_scheduler=True, max_iter=20000, method='True', momentum=0.9, myweight=0.1, n_class=4, n_epoch=200, n_iter_per_epoch=100, num_workers=3, seed=1, src_domain='45', tgt_domain='63G', tname='transfer', transfer_loss='daan', transfer_loss_weight=0.5, use_bottleneck=True, weight_decay=0.0005)
