bnm 1 45 63G BNM/BNM.yaml False
Namespace(backbone='resnet50', batch_size=32, config='BNM/BNM.yaml', data_dir='data', device=device(type='cuda'), early_stop=50, epoch_based_training=False, lr=0.003, lr_decay=0.75, lr_gamma=0.0003, lr_scheduler=True, method='False', momentum=0.9, myweight=0.05, n_epoch=200, n_iter_per_epoch=100, num_workers=3, seed=1, src_domain='45', tgt_domain='63G', tname='transfer', transfer_loss='bnm', transfer_loss_weight=0.5, use_bottleneck=True, weight_decay=0.0005)
JUST DO IT
run my Parkinson code
transfer
TRAIN Length: 16311 745 TEST Length: 1867 383
YYY: 0 3
DATA_PROFILE   train: 16311 train2: 1867 test: 1867
DATASET.SHAPE: <data_loader.GetTrainLoader object at 0x7fb367899850> True
DATASET.SHAPE: <data_loader.GetTrainLoader object at 0x7fb36fa59880> True
DATASET.SHAPE: <data_loader.GetTestLoader object at 0x7fb367914430> False
CLASS: 4 383
LLL: {}
BOTTLENECK_LIST: [Linear(in_features=512, out_features=256, bias=True), ReLU()]
TYPE: {'loss_type': 'bnm', 'max_iter': 20000, 'num_class': 4, 'my_person_item': <my_person_item.PersonItem object at 0x7fb36fa54e20>}
initial_lr 1.0
transfer_world
method False <class 'str'>
1.8.1+cu111
True
LEN: 0 0
LOADER: <data_loader.InfiniteDataLoader object at 0x7fb36fa59190> <data_loader.InfiniteDataLoader object at 0x7fb3679148b0>
N_batch: 100
trian begin
trian end
n_person 383
SAMPLE
F1_MI: 0.02945902517407606 F1_MA: 0.2039278220913711 ACC_MI: 0.02945902517407606 F1_MA: 0.20108912610111845
BEST_F1_MI: 0.02945902517407606 BEST_F1_MA: 0.2039278220913711 BEST_ACC_MI: 0.02945902517407606 BEST_F1_MA: 0.20108912610111845
[[  31    0 1454  250]
 [   2    0   20   19]
 [   6    0   10   54]
 [   2    0    5   14]]
Epoch: [ 1/200], cls_loss: 1.1047, transfer_loss: -1.8475,person_loss: 0.0000, total_Loss: 0.1809
trian begin
trian end
n_person 383
SAMPLE
F1_MI: 0.012854847348687734 F1_MA: 0.024979380625469113 ACC_MI: 0.012854847348687734 F1_MA: 0.013631569700077877
BEST_F1_MI: 0.02945902517407606 BEST_F1_MA: 0.2039278220913711 BEST_ACC_MI: 0.02945902517407606 BEST_F1_MA: 0.20108912610111845
[[   0  209 1404  122]
 [   0    2   18   21]
 [   0    5   15   50]
 [   0    2   12    7]]
Epoch: [ 2/200], cls_loss: 0.9292, transfer_loss: -2.4941,person_loss: 0.0000, total_Loss: -0.3179
trian begin
trian end
n_person 383
SAMPLE
F1_MI: 0.7921799678628816 F1_MA: 0.3393525733377275 ACC_MI: 0.7921799678628816 F1_MA: 0.3015976136493025
BEST_F1_MI: 0.7921799678628816 BEST_F1_MA: 0.3393525733377275 BEST_ACC_MI: 0.7921799678628816 BEST_F1_MA: 0.3015976136493025
[[1449  123  126   37]
 [   3   12   17    9]
 [   4   15   13   38]
 [   1    7    8    5]]
Epoch: [ 3/200], cls_loss: 0.8829, transfer_loss: -2.6532,person_loss: 0.0000, total_Loss: -0.4437
trian begin
trian end
n_person 383
SAMPLE
F1_MI: 0.8066416711301553 F1_MA: 0.268463223586405 ACC_MI: 0.8066416711301553 F1_MA: 0.2510709045733708
BEST_F1_MI: 0.8066416711301553 BEST_F1_MA: 0.3393525733377275 BEST_ACC_MI: 0.8066416711301553 BEST_F1_MA: 0.3015976136493025
[[1494  235    0    6]
 [  27   12    0    2]
 [  20   11    0   39]
 [  18    3    0    0]]
Epoch: [ 4/200], cls_loss: 0.8406, transfer_loss: -2.7111,person_loss: 0.0000, total_Loss: -0.5150
trian begin
trian end
n_person 383
SAMPLE
F1_MI: 0.012854847348687734 F1_MA: 0.012964090319352743 ACC_MI: 0.012854847348687734 F1_MA: 0.0066539714879405455
BEST_F1_MI: 0.8066416711301553 BEST_F1_MA: 0.3393525733377275 BEST_ACC_MI: 0.8066416711301553 BEST_F1_MA: 0.3015976136493025
[[  0 970   5 760]
 [  0   6   0  35]
 [  0   6   0  64]
 [  0   3   0  18]]
Epoch: [ 5/200], cls_loss: 0.9502, transfer_loss: -2.6645,person_loss: 0.0000, total_Loss: -0.3820
trian begin
trian end
n_person 383
SAMPLE
F1_MI: 0.3369041242635244 F1_MA: 0.30780807679968036 ACC_MI: 0.3369041242635244 F1_MA: 0.28736322757087707
BEST_F1_MI: 0.8066416711301553 BEST_F1_MA: 0.3393525733377275 BEST_ACC_MI: 0.8066416711301553 BEST_F1_MA: 0.3015976136493025
[[590 895 194  56]
 [  0  16  16   9]
 [  0  10  15  45]
 [  0   5   8   8]]
Epoch: [ 6/200], cls_loss: 0.8910, transfer_loss: -2.7074,person_loss: 0.0000, total_Loss: -0.4627
trian begin
trian end
n_person 383
SAMPLE
F1_MI: 0.4777718264595608 F1_MA: 0.3348109361803016 ACC_MI: 0.4777718264595608 F1_MA: 0.2862493725141908
BEST_F1_MI: 0.8066416711301553 BEST_F1_MA: 0.3393525733377275 BEST_ACC_MI: 0.8066416711301553 BEST_F1_MA: 0.3015976136493025
[[861 542  78 254]
 [  0   4   7  30]
 [  0   4   8  58]
 [  0   1   1  19]]
Epoch: [ 7/200], cls_loss: 0.8180, transfer_loss: -2.7117,person_loss: 0.0000, total_Loss: -0.5378
trian begin
trian end
n_person 383
SAMPLE
F1_MI: 0.057846813069094796 F1_MA: 0.2605751996778762 ACC_MI: 0.0578468130690948 F1_MA: 0.24952608683304253
BEST_F1_MI: 0.8066416711301553 BEST_F1_MA: 0.3393525733377275 BEST_ACC_MI: 0.8066416711301553 BEST_F1_MA: 0.3015976136493025
[[  80 1494    8  153]
 [   5   11    1   24]
 [  10   10    1   49]
 [   2    3    0   16]]
Epoch: [ 8/200], cls_loss: 0.8083, transfer_loss: -2.7054,person_loss: 0.0000, total_Loss: -0.5443
trian begin
trian end
n_person 383
SAMPLE
F1_MI: 0.08409212640599893 F1_MA: 0.20656625307766016 ACC_MI: 0.08409212640599893 F1_MA: 0.22052065981550498
BEST_F1_MI: 0.8066416711301553 BEST_F1_MA: 0.3393525733377275 BEST_ACC_MI: 0.8066416711301553 BEST_F1_MA: 0.3015976136493025
[[ 140 1081  324  190]
 [  11    2    4   24]
 [  11    0    2   57]
 [   7    1    0   13]]
Epoch: [ 9/200], cls_loss: 0.7600, transfer_loss: -2.7110,person_loss: 0.0000, total_Loss: -0.5955
trian begin
trian end
n_person 383
SAMPLE
F1_MI: 0.023567220139260846 F1_MA: 0.06732351588484128 ACC_MI: 0.023567220139260846 F1_MA: 0.03786304448825324
BEST_F1_MI: 0.8066416711301553 BEST_F1_MA: 0.3393525733377275 BEST_ACC_MI: 0.8066416711301553 BEST_F1_MA: 0.3015976136493025
[[   0  183 1443  109]
 [   0   15    7   19]
 [   0   13   16   41]
 [   0    6    2   13]]
Epoch: [10/200], cls_loss: 0.7507, transfer_loss: -2.6193,person_loss: 0.0000, total_Loss: -0.5590
trian begin
trian end
n_person 383
SAMPLE
F1_MI: 0.026245313336904125 F1_MA: 0.21728634308622324 ACC_MI: 0.026245313336904125 F1_MA: 0.18137326537401388
BEST_F1_MI: 0.8066416711301553 BEST_F1_MA: 0.3393525733377275 BEST_ACC_MI: 0.8066416711301553 BEST_F1_MA: 0.3015976136493025
[[   2   89 1613   31]
 [   1   11   23    6]
 [   1    7   27   35]
 [   0    5    7    9]]
Epoch: [11/200], cls_loss: 0.7938, transfer_loss: -2.7503,person_loss: 0.0000, total_Loss: -0.5814
trian begin
trian end
n_person 383
SAMPLE
F1_MI: 0.580074986609534 F1_MA: 0.2904720381958218 ACC_MI: 0.580074986609534 F1_MA: 0.26063352860898215
BEST_F1_MI: 0.8066416711301553 BEST_F1_MA: 0.3393525733377275 BEST_ACC_MI: 0.8066416711301553 BEST_F1_MA: 0.3015976136493025
[[1062    8  479  186]
 [   9    0   15   17]
 [   9    1    9   51]
 [   4    0    5   12]]
Epoch: [12/200], cls_loss: 0.7125, transfer_loss: -2.7567,person_loss: 0.0000, total_Loss: -0.6659
trian begin
trian end
n_person 383
SAMPLE
F1_MI: 0.017675415104445636 F1_MA: 0.2738145612913404 ACC_MI: 0.017675415104445636 F1_MA: 0.2844611165089084
BEST_F1_MI: 0.8066416711301553 BEST_F1_MA: 0.3393525733377275 BEST_ACC_MI: 0.8066416711301553 BEST_F1_MA: 0.3015976136493025
[[   1 1508   52  174]
 [   0   13    8   20]
 [   0   12    5   53]
 [   0    6    1   14]]
Epoch: [13/200], cls_loss: 0.7499, transfer_loss: -2.7295,person_loss: 0.0000, total_Loss: -0.6148
trian begin
trian end
n_person 383
SAMPLE
F1_MI: 0.02196036422067488 F1_MA: 0.25040292540001907 ACC_MI: 0.02196036422067488 F1_MA: 0.2422464059680995
BEST_F1_MI: 0.8066416711301553 BEST_F1_MA: 0.3393525733377275 BEST_ACC_MI: 0.8066416711301553 BEST_F1_MA: 0.3015976136493025
[[ 17 810   0 908]
 [  0   5   0  36]
 [  0   2   0  68]
 [  1   1   0  19]]
Epoch: [14/200], cls_loss: 0.6963, transfer_loss: -2.7364,person_loss: 0.0000, total_Loss: -0.6719
trian begin
trian end
n_person 383
SAMPLE
F1_MI: 0.037493304767005894 F1_MA: 0.2163634895303323 ACC_MI: 0.037493304767005894 F1_MA: 0.20946908103971879
BEST_F1_MI: 0.8066416711301553 BEST_F1_MA: 0.3393525733377275 BEST_ACC_MI: 0.8066416711301553 BEST_F1_MA: 0.3015976136493025
[[  49    5 1410  271]
 [   6    0    4   31]
 [   5    0    4   61]
 [   2    0    2   17]]
Epoch: [15/200], cls_loss: 0.7756, transfer_loss: -2.7725,person_loss: 0.0000, total_Loss: -0.6106
trian begin
trian end
n_person 383
SAMPLE
F1_MI: 0.05356186395286556 F1_MA: 0.24473663580175534 ACC_MI: 0.05356186395286556 F1_MA: 0.24369527539543623
BEST_F1_MI: 0.8066416711301553 BEST_F1_MA: 0.3393525733377275 BEST_ACC_MI: 0.8066416711301553 BEST_F1_MA: 0.3015976136493025
[[  56  175 1500    4]
 [   6   22   11    2]
 [   8   12   19   31]
 [   1   14    3    3]]
Epoch: [16/200], cls_loss: 0.8026, transfer_loss: -2.7629,person_loss: 0.0000, total_Loss: -0.5788
trian begin
trian end
n_person 383
SAMPLE
F1_MI: 0.306373861810391 F1_MA: 0.3660665158177854 ACC_MI: 0.306373861810391 F1_MA: 0.37003614983002636
BEST_F1_MI: 0.8066416711301553 BEST_F1_MA: 0.3660665158177854 BEST_ACC_MI: 0.8066416711301553 BEST_F1_MA: 0.37003614983002636
[[ 520 1170   28   17]
 [  11   27    1    2]
 [  11   17   21   21]
 [   7   10    0    4]]
Epoch: [17/200], cls_loss: 0.6774, transfer_loss: -2.7208,person_loss: 0.0000, total_Loss: -0.6831
trian begin
trian end
n_person 383
SAMPLE
F1_MI: 0.8387787895018747 F1_MA: 0.3760034880290441 ACC_MI: 0.8387787895018747 F1_MA: 0.3341942265794187
BEST_F1_MI: 0.8387787895018747 BEST_F1_MA: 0.3760034880290441 BEST_ACC_MI: 0.8387787895018747 BEST_F1_MA: 0.37003614983002636
[[1541   52   26  116]
 [  15    4    1   21]
 [  14    4    8   44]
 [   3    5    0   13]]
Epoch: [18/200], cls_loss: 0.7852, transfer_loss: -2.7393,person_loss: 0.0000, total_Loss: -0.5844
trian begin
trian end
n_person 383
SAMPLE
F1_MI: 0.815211569362614 F1_MA: 0.3554793979564072 ACC_MI: 0.8152115693626139 F1_MA: 0.2869489398402143
BEST_F1_MI: 0.8387787895018747 BEST_F1_MA: 0.3760034880290441 BEST_ACC_MI: 0.8387787895018747 BEST_F1_MA: 0.37003614983002636
[[1496   84    3  152]
 [   7   10    0   24]
 [   8   10    0   52]
 [   2    3    0   16]]
Epoch: [19/200], cls_loss: 0.6923, transfer_loss: -2.7250,person_loss: 0.0000, total_Loss: -0.6703
trian begin
trian end
n_person 383
SAMPLE
F1_MI: 0.9110873058382432 F1_MA: 0.2987280838606215 ACC_MI: 0.9110873058382432 F1_MA: 0.2830458892958893
BEST_F1_MI: 0.9110873058382432 BEST_F1_MA: 0.3760034880290441 BEST_ACC_MI: 0.9110873058382432 BEST_F1_MA: 0.37003614983002636
[[1691   32    0   12]
 [  30    8    1    2]
 [  23   15    0   32]
 [  11    8    0    2]]
Epoch: [20/200], cls_loss: 0.7285, transfer_loss: -2.7198,person_loss: 0.0000, total_Loss: -0.6314
trian begin
trian end
n_person 383
SAMPLE
F1_MI: 0.02785216925549009 F1_MA: 0.24239918186358086 ACC_MI: 0.02785216925549009 F1_MA: 0.21254631085468378
BEST_F1_MI: 0.9110873058382432 BEST_F1_MA: 0.3760034880290441 BEST_ACC_MI: 0.9110873058382432 BEST_F1_MA: 0.37003614983002636
[[  17 1380  231  107]
 [   0   15    5   21]
 [   6   15    6   43]
 [   0    7    0   14]]
Epoch: [21/200], cls_loss: 0.6737, transfer_loss: -2.7100,person_loss: 0.0000, total_Loss: -0.6813
trian begin
trian end
n_person 383
SAMPLE
F1_MI: 0.1280128548473487 F1_MA: 0.1902844374420562 ACC_MI: 0.1280128548473487 F1_MA: 0.23734166245279004
BEST_F1_MI: 0.9110873058382432 BEST_F1_MA: 0.3760034880290441 BEST_ACC_MI: 0.9110873058382432 BEST_F1_MA: 0.37003614983002636
[[ 212   63 1456    4]
 [  18    6   14    3]
 [  24    6   19   21]
 [  13    4    2    2]]
Epoch: [22/200], cls_loss: 0.6541, transfer_loss: -2.7517,person_loss: 0.0000, total_Loss: -0.7218
trian begin
trian end
n_person 383
SAMPLE
F1_MI: 0.6877343331547938 F1_MA: 0.33642659658283114 ACC_MI: 0.6877343331547938 F1_MA: 0.27272096434624254
BEST_F1_MI: 0.9110873058382432 BEST_F1_MA: 0.3760034880290441 BEST_ACC_MI: 0.9110873058382432 BEST_F1_MA: 0.37003614983002636
[[1255  255    0  225]
 [   4   15    0   22]
 [   2    8    0   60]
 [   1    6    0   14]]
Epoch: [23/200], cls_loss: 0.6867, transfer_loss: -2.7660,person_loss: 0.0000, total_Loss: -0.6963
trian begin
trian end
n_person 383
SAMPLE
F1_MI: 0.8639528655597215 F1_MA: 0.35995510494710575 ACC_MI: 0.8639528655597215 F1_MA: 0.30193603108313305
BEST_F1_MI: 0.9110873058382432 BEST_F1_MA: 0.3760034880290441 BEST_ACC_MI: 0.9110873058382432 BEST_F1_MA: 0.37003614983002636
[[1585  113   10   27]
 [  17   20    1    3]
 [  11   19    0   40]
 [   8    5    0    8]]
Epoch: [24/200], cls_loss: 0.6451, transfer_loss: -2.7313,person_loss: 0.0000, total_Loss: -0.7206
trian begin
trian end
n_person 383
SAMPLE
F1_MI: 0.04017139796464917 F1_MA: 0.23829940617452966 ACC_MI: 0.04017139796464917 F1_MA: 0.25588355626283654
BEST_F1_MI: 0.9110873058382432 BEST_F1_MA: 0.3760034880290441 BEST_ACC_MI: 0.9110873058382432 BEST_F1_MA: 0.37003614983002636
[[  45   59 1557   74]
 [   3    7   18   13]
 [   3    6   12   49]
 [   2    4    4   11]]
Epoch: [25/200], cls_loss: 0.7630, transfer_loss: -2.7508,person_loss: 0.0000, total_Loss: -0.6124
trian begin
trian end
n_person 383
SAMPLE
F1_MI: 0.7755757900374932 F1_MA: 0.39304370850646453 ACC_MI: 0.7755757900374933 F1_MA: 0.3250694875557311
BEST_F1_MI: 0.9110873058382432 BEST_F1_MA: 0.39304370850646453 BEST_ACC_MI: 0.9110873058382432 BEST_F1_MA: 0.37003614983002636
[[1405  303    7   20]
 [   3   36    0    2]
 [   1   24    1   44]
 [   1   14    0    6]]
Epoch: [26/200], cls_loss: 0.7594, transfer_loss: -2.7292,person_loss: 0.0000, total_Loss: -0.6052
trian begin
trian end
n_person 383
SAMPLE
F1_MI: 0.8757364756293519 F1_MA: 0.3573721190700139 ACC_MI: 0.8757364756293519 F1_MA: 0.31578764719597524
BEST_F1_MI: 0.9110873058382432 BEST_F1_MA: 0.39304370850646453 BEST_ACC_MI: 0.9110873058382432 BEST_F1_MA: 0.37003614983002636
[[1616    6   31   82]
 [  28    1    5    7]
 [  16    5    5   44]
 [   8    0    0   13]]
Epoch: [27/200], cls_loss: 0.6555, transfer_loss: -2.7753,person_loss: 0.0000, total_Loss: -0.7322
trian begin
trian end
n_person 383
SAMPLE
F1_MI: 0.02785216925549009 F1_MA: 0.24113051098402555 ACC_MI: 0.02785216925549009 F1_MA: 0.2335279558851195
BEST_F1_MI: 0.9110873058382432 BEST_F1_MA: 0.39304370850646453 BEST_ACC_MI: 0.9110873058382432 BEST_F1_MA: 0.37003614983002636
[[  27   92    0 1616]
 [   3    9    0   29]
 [   1    6    0   63]
 [   1    4    0   16]]
Epoch: [28/200], cls_loss: 0.6248, transfer_loss: -2.7648,person_loss: 0.0000, total_Loss: -0.7576
trian begin
trian end
n_person 383
SAMPLE
F1_MI: 0.7798607391537226 F1_MA: 0.3650409479178195 ACC_MI: 0.7798607391537226 F1_MA: 0.306222464559917
BEST_F1_MI: 0.9110873058382432 BEST_F1_MA: 0.39304370850646453 BEST_ACC_MI: 0.9110873058382432 BEST_F1_MA: 0.37003614983002636
[[1417  273   33   12]
 [   4   33    3    1]
 [   4   30    3   33]
 [   2   16    0    3]]
Epoch: [29/200], cls_loss: 0.6494, transfer_loss: -2.7747,person_loss: 0.0000, total_Loss: -0.7380
trian begin
trian end
n_person 383
SAMPLE
F1_MI: 0.02196036422067488 F1_MA: 0.2605643300207005 ACC_MI: 0.02196036422067488 F1_MA: 0.2656594922737307
BEST_F1_MI: 0.9110873058382432 BEST_F1_MA: 0.39304370850646453 BEST_ACC_MI: 0.9110873058382432 BEST_F1_MA: 0.37003614983002636
[[   1 1723    4    7]
 [   0   38    2    1]
 [   0   32    0   38]
 [   0   19    0    2]]
Epoch: [30/200], cls_loss: 0.6327, transfer_loss: -2.7758,person_loss: 0.0000, total_Loss: -0.7552
trian begin
trian end
n_person 383
SAMPLE
F1_MI: 0.7836100696304231 F1_MA: 0.44070170409468173 ACC_MI: 0.7836100696304231 F1_MA: 0.37939878656155257
BEST_F1_MI: 0.9110873058382432 BEST_F1_MA: 0.44070170409468173 BEST_ACC_MI: 0.9110873058382432 BEST_F1_MA: 0.37939878656155257
[[1420  260    4   51]
 [   3   30    0    8]
 [   1   21    2   46]
 [   3    7    0   11]]
Epoch: [31/200], cls_loss: 0.6801, transfer_loss: -2.7506,person_loss: 0.0000, total_Loss: -0.6952
trian begin
trian end
n_person 383
SAMPLE
F1_MI: 0.7975361542581682 F1_MA: 0.37363818681018285 ACC_MI: 0.7975361542581682 F1_MA: 0.3129803511400638
BEST_F1_MI: 0.9110873058382432 BEST_F1_MA: 0.44070170409468173 BEST_ACC_MI: 0.9110873058382432 BEST_F1_MA: 0.37939878656155257
[[1453  140  106   36]
 [   8   20    7    6]
 [   7   13    7   43]
 [   2    9    1    9]]
Epoch: [32/200], cls_loss: 0.6098, transfer_loss: -2.7744,person_loss: 0.0000, total_Loss: -0.7774
trian begin
trian end
n_person 383
SAMPLE
F1_MI: 0.843063738618104 F1_MA: 0.42316313700012437 ACC_MI: 0.8430637386181039 F1_MA: 0.3656853073438305
BEST_F1_MI: 0.9110873058382432 BEST_F1_MA: 0.44070170409468173 BEST_ACC_MI: 0.9110873058382432 BEST_F1_MA: 0.37939878656155257
[[1532  132   36   35]
 [  16   19    4    2]
 [  15   10   13   32]
 [   6    5    0   10]]
Epoch: [33/200], cls_loss: 0.5961, transfer_loss: -2.7831,person_loss: 0.0000, total_Loss: -0.7954
trian begin
trian end
n_person 383
SAMPLE
F1_MI: 0.803963577932512 F1_MA: 0.34996568376453235 ACC_MI: 0.803963577932512 F1_MA: 0.28304579621841786
BEST_F1_MI: 0.9110873058382432 BEST_F1_MA: 0.44070170409468173 BEST_ACC_MI: 0.9110873058382432 BEST_F1_MA: 0.37939878656155257
[[1474  145    1  115]
 [   9   13    0   19]
 [   9    7    0   54]
 [   3    4    0   14]]
Epoch: [34/200], cls_loss: 0.6266, transfer_loss: -2.7766,person_loss: 0.0000, total_Loss: -0.7617
trian begin
trian end
n_person 383
SAMPLE
F1_MI: 0.06213176218532405 F1_MA: 0.2697439042429021 ACC_MI: 0.06213176218532405 F1_MA: 0.24260807611595608
BEST_F1_MI: 0.9110873058382432 BEST_F1_MA: 0.44070170409468173 BEST_ACC_MI: 0.9110873058382432 BEST_F1_MA: 0.37939878656155257
[[  82 1255   27  371]
 [   3   18    3   17]
 [   5   11    1   53]
 [   2    4    0   15]]
Epoch: [35/200], cls_loss: 0.6071, transfer_loss: -2.7738,person_loss: 0.0000, total_Loss: -0.7797
trian begin
trian end
n_person 383
SAMPLE
F1_MI: 0.5790037493304767 F1_MA: 0.34852027251745193 ACC_MI: 0.5790037493304767 F1_MA: 0.28817944845697546
BEST_F1_MI: 0.9110873058382432 BEST_F1_MA: 0.44070170409468173 BEST_ACC_MI: 0.9110873058382432 BEST_F1_MA: 0.37939878656155257
[[1043  573   52   67]
 [   0   25    7    9]
 [   0   20    2   48]
 [   1    8    1   11]]
Epoch: [36/200], cls_loss: 0.5947, transfer_loss: -2.7868,person_loss: 0.0000, total_Loss: -0.7987
trian begin
trian end
n_person 383
SAMPLE
F1_MI: 0.03642206748794858 F1_MA: 0.22758087933919321 ACC_MI: 0.03642206748794858 F1_MA: 0.2216311085110007
BEST_F1_MI: 0.9110873058382432 BEST_F1_MA: 0.44070170409468173 BEST_ACC_MI: 0.9110873058382432 BEST_F1_MA: 0.37939878656155257
[[  24  311 1392    8]
 [   4   29    6    2]
 [   0   24   15   31]
 [   2   18    1    0]]
Epoch: [37/200], cls_loss: 0.5706, transfer_loss: -2.7803,person_loss: 0.0000, total_Loss: -0.8195
trian begin
trian end
n_person 383
SAMPLE
F1_MI: 0.4558114622388859 F1_MA: 0.32979616536849277 ACC_MI: 0.4558114622388859 F1_MA: 0.2830470417315721
BEST_F1_MI: 0.9110873058382432 BEST_F1_MA: 0.44070170409468173 BEST_ACC_MI: 0.9110873058382432 BEST_F1_MA: 0.37939878656155257
[[820 598  22 295]
 [  1  13   3  24]
 [  1  12   2  55]
 [  1   4   0  16]]
Epoch: [38/200], cls_loss: 0.5997, transfer_loss: -2.6761,person_loss: 0.0000, total_Loss: -0.7383
trian begin
trian end
n_person 383
SAMPLE
F1_MI: 0.7455811462238886 F1_MA: 0.34741207061434204 ACC_MI: 0.7455811462238886 F1_MA: 0.3053382250296812
BEST_F1_MI: 0.9110873058382432 BEST_F1_MA: 0.44070170409468173 BEST_ACC_MI: 0.9110873058382432 BEST_F1_MA: 0.37939878656155257
[[1360   66  281   28]
 [  10    7   15    9]
 [   6    4   16   44]
 [   3    6    3    9]]
Epoch: [39/200], cls_loss: 0.5632, transfer_loss: -2.7236,person_loss: 0.0000, total_Loss: -0.7986
trian begin
trian end
n_person 383
SAMPLE
F1_MI: 0.850562399571505 F1_MA: 0.38683293402854363 ACC_MI: 0.850562399571505 F1_MA: 0.3385336119629801
BEST_F1_MI: 0.9110873058382432 BEST_F1_MA: 0.44070170409468173 BEST_ACC_MI: 0.9110873058382432 BEST_F1_MA: 0.37939878656155257
[[1559  125    4   47]
 [  13   19    1    8]
 [  36    8    1   25]
 [   7    5    0    9]]
Epoch: [40/200], cls_loss: 0.5669, transfer_loss: -2.7356,person_loss: 0.0000, total_Loss: -0.8010
trian begin
trian end
n_person 383
SAMPLE
F1_MI: 0.5452597750401714 F1_MA: 0.32164863401553445 ACC_MI: 0.5452597750401714 F1_MA: 0.2834355980359394
BEST_F1_MI: 0.9110873058382432 BEST_F1_MA: 0.44070170409468173 BEST_ACC_MI: 0.9110873058382432 BEST_F1_MA: 0.37939878656155257
[[993 610  26 106]
 [  7   9   3  22]
 [  7   8   2  53]
 [  3   4   0  14]]
Epoch: [41/200], cls_loss: 0.5797, transfer_loss: -2.7338,person_loss: 0.0000, total_Loss: -0.7872
trian begin
trian end
n_person 383
SAMPLE
F1_MI: 0.03160149973219068 F1_MA: 0.26311642364392834 ACC_MI: 0.03160149973219068 F1_MA: 0.25584811066772806
BEST_F1_MI: 0.9110873058382432 BEST_F1_MA: 0.44070170409468173 BEST_ACC_MI: 0.9110873058382432 BEST_F1_MA: 0.37939878656155257
[[  35   67   12 1621]
 [   1    2    3   35]
 [   2    3    1   64]
 [   0    0    0   21]]
Epoch: [42/200], cls_loss: 0.5894, transfer_loss: -2.7366,person_loss: 0.0000, total_Loss: -0.7789
trian begin
trian end
n_person 383
SAMPLE
F1_MI: 0.024638457418318157 F1_MA: 0.0893721594255977 ACC_MI: 0.024638457418318157 F1_MA: 0.05196269420225909
BEST_F1_MI: 0.9110873058382432 BEST_F1_MA: 0.44070170409468173 BEST_ACC_MI: 0.9110873058382432 BEST_F1_MA: 0.37939878656155257
[[   0  210 1477   48]
 [   0   25    7    9]
 [   0   27   10   33]
 [   0    9    1   11]]
Epoch: [43/200], cls_loss: 0.5707, transfer_loss: -2.7081,person_loss: 0.0000, total_Loss: -0.7833
trian begin
trian end
n_person 383
SAMPLE
F1_MI: 0.13229780396357793 F1_MA: 0.23232714956570613 ACC_MI: 0.13229780396357793 F1_MA: 0.2591709723737327
BEST_F1_MI: 0.9110873058382432 BEST_F1_MA: 0.44070170409468173 BEST_ACC_MI: 0.9110873058382432 BEST_F1_MA: 0.37939878656155257
[[ 230   54   32 1419]
 [   4    0    4   33]
 [   2    2    3   63]
 [   5    0    2   14]]
Epoch: [44/200], cls_loss: 0.5580, transfer_loss: -2.7909,person_loss: 0.0000, total_Loss: -0.8374
trian begin
trian end
n_person 383
SAMPLE
F1_MI: 0.7905731119442958 F1_MA: 0.33995991218552635 ACC_MI: 0.7905731119442957 F1_MA: 0.2807733009834035
BEST_F1_MI: 0.9110873058382432 BEST_F1_MA: 0.44070170409468173 BEST_ACC_MI: 0.9110873058382432 BEST_F1_MA: 0.37939878656155257
[[1454   68    1  212]
 [   4    7    0   30]
 [   3    6    0   61]
 [   1    5    0   15]]
Epoch: [45/200], cls_loss: 0.5323, transfer_loss: -2.7681,person_loss: 0.0000, total_Loss: -0.8518
trian begin
trian end
n_person 383
SAMPLE
F1_MI: 0.8682378146759507 F1_MA: 0.31744699332543086 ACC_MI: 0.8682378146759507 F1_MA: 0.2816476668500439
BEST_F1_MI: 0.9110873058382432 BEST_F1_MA: 0.44070170409468173 BEST_ACC_MI: 0.9110873058382432 BEST_F1_MA: 0.37939878656155257
[[1605   79    0   51]
 [  21   10    0   10]
 [  18    4    0   48]
 [  14    1    0    6]]
Epoch: [46/200], cls_loss: 0.5616, transfer_loss: -2.7794,person_loss: 0.0000, total_Loss: -0.8281
trian begin
trian end
n_person 383
SAMPLE
F1_MI: 0.05570433851098018 F1_MA: 0.2124926950358849 ACC_MI: 0.05570433851098018 F1_MA: 0.2508060841597427
BEST_F1_MI: 0.9110873058382432 BEST_F1_MA: 0.44070170409468173 BEST_ACC_MI: 0.9110873058382432 BEST_F1_MA: 0.37939878656155257
[[  68   35 1586   46]
 [   8    5   23    5]
 [   4    3   27   36]
 [   2    1   14    4]]
Epoch: [47/200], cls_loss: 0.5428, transfer_loss: -2.7860,person_loss: 0.0000, total_Loss: -0.8502
trian begin
trian end
n_person 383
SAMPLE
F1_MI: 0.0433851098018211 F1_MA: 0.22259826043186934 ACC_MI: 0.0433851098018211 F1_MA: 0.2385408886760708
BEST_F1_MI: 0.9110873058382432 BEST_F1_MA: 0.44070170409468173 BEST_ACC_MI: 0.9110873058382432 BEST_F1_MA: 0.37939878656155257
[[  53   74 1556   52]
 [   5    7   12   17]
 [   6   14   11   39]
 [   3    3    5   10]]
Epoch: [48/200], cls_loss: 0.5424, transfer_loss: -2.7757,person_loss: 0.0000, total_Loss: -0.8454
trian begin
trian end
n_person 383
SAMPLE
F1_MI: 0.02945902517407606 F1_MA: 0.24318503220272963 ACC_MI: 0.02945902517407606 F1_MA: 0.2407477072074084
BEST_F1_MI: 0.9110873058382432 BEST_F1_MA: 0.44070170409468173 BEST_ACC_MI: 0.9110873058382432 BEST_F1_MA: 0.37939878656155257
[[  28  430   55 1222]
 [   1    8    5   27]
 [   3   10    4   53]
 [   0    2    4   15]]
Epoch: [49/200], cls_loss: 0.5306, transfer_loss: -2.7524,person_loss: 0.0000, total_Loss: -0.8456
trian begin
trian end
n_person 383
SAMPLE
F1_MI: 0.036957686127477234 F1_MA: 0.2363162650530882 ACC_MI: 0.036957686127477234 F1_MA: 0.2797596261699015
BEST_F1_MI: 0.9110873058382432 BEST_F1_MA: 0.44070170409468173 BEST_ACC_MI: 0.9110873058382432 BEST_F1_MA: 0.37939878656155257
[[  33 1410  261   31]
 [   0   15   21    5]
 [   0   18   17   35]
 [   0    9    8    4]]
Epoch: [50/200], cls_loss: 0.5553, transfer_loss: -2.7237,person_loss: 0.0000, total_Loss: -0.8066
trian begin
trian end
n_person 383
SAMPLE
F1_MI: 0.7734333154793787 F1_MA: 0.38967767445175994 ACC_MI: 0.7734333154793787 F1_MA: 0.3325599056443675
BEST_F1_MI: 0.9110873058382432 BEST_F1_MA: 0.44070170409468173 BEST_ACC_MI: 0.9110873058382432 BEST_F1_MA: 0.37939878656155257
[[1402  318   10    5]
 [   1   37    0    3]
 [   0   49    2   19]
 [   0   16    2    3]]
Epoch: [51/200], cls_loss: 0.5196, transfer_loss: -2.7313,person_loss: 0.0000, total_Loss: -0.8461
trian begin
trian end
n_person 383
SAMPLE
F1_MI: 0.5409748259239422 F1_MA: 0.3096381907380884 ACC_MI: 0.5409748259239422 F1_MA: 0.2981007285737736
BEST_F1_MI: 0.9110873058382432 BEST_F1_MA: 0.44070170409468173 BEST_ACC_MI: 0.9110873058382432 BEST_F1_MA: 0.37939878656155257
[[980  85 659  11]
 [ 16  16   6   3]
 [ 11  19  10  30]
 [  5   7   5   4]]
Epoch: [52/200], cls_loss: 0.5259, transfer_loss: -2.7584,person_loss: 0.0000, total_Loss: -0.8533
trian begin
trian end
n_person 383
SAMPLE
F1_MI: 0.7911087305838244 F1_MA: 0.32344122499690686 ACC_MI: 0.7911087305838244 F1_MA: 0.2848928271461382
BEST_F1_MI: 0.9110873058382432 BEST_F1_MA: 0.44070170409468173 BEST_ACC_MI: 0.9110873058382432 BEST_F1_MA: 0.37939878656155257
[[1457   92  113   73]
 [  12    7    4   18]
 [  10    5    4   51]
 [   5    1    6    9]]
Epoch: [53/200], cls_loss: 0.5403, transfer_loss: -2.7733,person_loss: 0.0000, total_Loss: -0.8463
trian begin
trian end
n_person 383
SAMPLE
F1_MI: 0.6647027316550616 F1_MA: 0.28629281287273783 ACC_MI: 0.6647027316550616 F1_MA: 0.26101668517899507
BEST_F1_MI: 0.9110873058382432 BEST_F1_MA: 0.44070170409468173 BEST_ACC_MI: 0.9110873058382432 BEST_F1_MA: 0.37939878656155257
[[1225  100  245  165]
 [  14    0    6   21]
 [   4    4    6   56]
 [   5    0    6   10]]
Epoch: [54/200], cls_loss: 0.5203, transfer_loss: -2.7736,person_loss: 0.0000, total_Loss: -0.8665
trian begin
trian end
n_person 383
SAMPLE
F1_MI: 0.28655597214783074 F1_MA: 0.29103076337348616 ACC_MI: 0.28655597214783074 F1_MA: 0.2716794648242866
BEST_F1_MI: 0.9110873058382432 BEST_F1_MA: 0.44070170409468173 BEST_ACC_MI: 0.9110873058382432 BEST_F1_MA: 0.37939878656155257
[[ 513  170   18 1034]
 [   7    1    2   31]
 [   5    2    2   61]
 [   2    0    0   19]]
Epoch: [55/200], cls_loss: 0.5575, transfer_loss: -2.7768,person_loss: 0.0000, total_Loss: -0.8309
trian begin
trian end
n_person 383
SAMPLE
F1_MI: 0.03427959292983396 F1_MA: 0.25927981094802605 ACC_MI: 0.03427959292983396 F1_MA: 0.2766841236301396
BEST_F1_MI: 0.9110873058382432 BEST_F1_MA: 0.44070170409468173 BEST_ACC_MI: 0.9110873058382432 BEST_F1_MA: 0.37939878656155257
[[  23   15 1660   37]
 [   2    1   27   11]
 [   0    1   29   40]
 [   0    0   10   11]]
Epoch: [56/200], cls_loss: 0.5176, transfer_loss: -2.7216,person_loss: 0.0000, total_Loss: -0.8432
trian begin
trian end
n_person 383
SAMPLE
F1_MI: 0.598821638993037 F1_MA: 0.3328623401091218 ACC_MI: 0.598821638993037 F1_MA: 0.2847084161654056
BEST_F1_MI: 0.9110873058382432 BEST_F1_MA: 0.44070170409468173 BEST_ACC_MI: 0.9110873058382432 BEST_F1_MA: 0.37939878656155257
[[1084  427  166   58]
 [   3   19    6   13]
 [   2   15    6   47]
 [   1    6    5    9]]
Epoch: [57/200], cls_loss: 0.4993, transfer_loss: -2.7722,person_loss: 0.0000, total_Loss: -0.8867
trian begin
trian end
n_person 383
SAMPLE
F1_MI: 0.8960899839314408 F1_MA: 0.2908838118443571 ACC_MI: 0.8960899839314408 F1_MA: 0.2677018339950841
BEST_F1_MI: 0.9110873058382432 BEST_F1_MA: 0.44070170409468173 BEST_ACC_MI: 0.9110873058382432 BEST_F1_MA: 0.37939878656155257
[[1660   69    5    1]
 [  27   13    0    1]
 [  24   29    0   17]
 [   9   12    0    0]]
Epoch: [58/200], cls_loss: 0.5122, transfer_loss: -2.7653,person_loss: 0.0000, total_Loss: -0.8704
trian begin
trian end
n_person 383
SAMPLE
F1_MI: 0.037493304767005894 F1_MA: 0.24578872167115243 ACC_MI: 0.037493304767005894 F1_MA: 0.23806325668027795
BEST_F1_MI: 0.9110873058382432 BEST_F1_MA: 0.44070170409468173 BEST_ACC_MI: 0.9110873058382432 BEST_F1_MA: 0.37939878656155257
[[  30 1696    5    4]
 [   1   39    0    1]
 [   1   28    0   41]
 [   1   19    0    1]]
Epoch: [59/200], cls_loss: 0.5175, transfer_loss: -2.7656,person_loss: 0.0000, total_Loss: -0.8653
trian begin
trian end
n_person 383
SAMPLE
F1_MI: 0.8066416711301553 F1_MA: 0.3583467103782273 ACC_MI: 0.8066416711301553 F1_MA: 0.29097476894645224
BEST_F1_MI: 0.9110873058382432 BEST_F1_MA: 0.44070170409468173 BEST_ACC_MI: 0.9110873058382432 BEST_F1_MA: 0.37939878656155257
[[1469  247    0   19]
 [   6   32    0    3]
 [   6   21    0   43]
 [   2   14    0    5]]
Epoch: [60/200], cls_loss: 0.5039, transfer_loss: -2.7924,person_loss: 0.0000, total_Loss: -0.8923
trian begin
trian end
n_person 383
SAMPLE
F1_MI: 0.03053026245313337 F1_MA: 0.2685259177627411 ACC_MI: 0.03053026245313337 F1_MA: 0.25843233296539914
BEST_F1_MI: 0.9110873058382432 BEST_F1_MA: 0.44070170409468173 BEST_ACC_MI: 0.9110873058382432 BEST_F1_MA: 0.37939878656155257
[[  29  337 1222  147]
 [   1   10    0   30]
 [   1    8    0   61]
 [   0    3    0   18]]
Epoch: [61/200], cls_loss: 0.5340, transfer_loss: -2.7913,person_loss: 0.0000, total_Loss: -0.8617
trian begin
trian end
n_person 383
SAMPLE
F1_MI: 0.02088912694161757 F1_MA: 0.027297877284513834 ACC_MI: 0.02088912694161757 F1_MA: 0.014459040321109286
BEST_F1_MI: 0.9110873058382432 BEST_F1_MA: 0.44070170409468173 BEST_ACC_MI: 0.9110873058382432 BEST_F1_MA: 0.37939878656155257
[[   0 1725   10    0]
 [   0   38    2    1]
 [   0   45    0   25]
 [   0   19    1    1]]
Epoch: [62/200], cls_loss: 0.4835, transfer_loss: -2.7807,person_loss: 0.0000, total_Loss: -0.9069
trian begin
trian end
n_person 383
SAMPLE
F1_MI: 0.8489555436529191 F1_MA: 0.35135119361182854 ACC_MI: 0.8489555436529191 F1_MA: 0.29188448232691
BEST_F1_MI: 0.9110873058382432 BEST_F1_MA: 0.44070170409468173 BEST_ACC_MI: 0.9110873058382432 BEST_F1_MA: 0.37939878656155257
[[1559  134    1   41]
 [  13   16    0   12]
 [  13    9    0   48]
 [   6    5    0   10]]
Epoch: [63/200], cls_loss: 0.6384, transfer_loss: -2.7725,person_loss: 0.0000, total_Loss: -0.7478
trian begin
trian end
n_person 383
SAMPLE
F1_MI: 0.822710230316015 F1_MA: 0.31542615717170297 ACC_MI: 0.822710230316015 F1_MA: 0.275115703051028
BEST_F1_MI: 0.9110873058382432 BEST_F1_MA: 0.44070170409468173 BEST_ACC_MI: 0.9110873058382432 BEST_F1_MA: 0.37939878656155257
[[1515  195    4   21]
 [  22   17    0    2]
 [  13   13    0   44]
 [  11    6    0    4]]
Epoch: [64/200], cls_loss: 0.4840, transfer_loss: -2.7850,person_loss: 0.0000, total_Loss: -0.9085
trian begin
trian end
n_person 383
SAMPLE
F1_MI: 0.6357793251205142 F1_MA: 0.29108752799158255 ACC_MI: 0.6357793251205142 F1_MA: 0.27111493081101173
BEST_F1_MI: 0.9110873058382432 BEST_F1_MA: 0.44070170409468173 BEST_ACC_MI: 0.9110873058382432 BEST_F1_MA: 0.37939878656155257
[[1166  494   50   25]
 [  18   15    3    5]
 [  11   15    2   42]
 [   9    6    2    4]]
Epoch: [65/200], cls_loss: 0.4879, transfer_loss: -2.7668,person_loss: 0.0000, total_Loss: -0.8955
trian begin
trian end
n_person 383
SAMPLE
F1_MI: 0.016068559185859668 F1_MA: 0.26369822145421523 ACC_MI: 0.016068559185859668 F1_MA: 0.2812998355894639
BEST_F1_MI: 0.9110873058382432 BEST_F1_MA: 0.44070170409468173 BEST_ACC_MI: 0.9110873058382432 BEST_F1_MA: 0.37939878656155257
[[   1  111 1384  239]
 [   0   11    6   24]
 [   0   10    4   56]
 [   0    5    2   14]]
Epoch: [66/200], cls_loss: 0.5174, transfer_loss: -2.7871,person_loss: 0.0000, total_Loss: -0.8761
trian begin
trian end
n_person 383
SAMPLE
F1_MI: 0.767005891805035 F1_MA: 0.3620908975986201 ACC_MI: 0.7670058918050349 F1_MA: 0.3541786089192409
BEST_F1_MI: 0.9110873058382432 BEST_F1_MA: 0.44070170409468173 BEST_ACC_MI: 0.9110873058382432 BEST_F1_MA: 0.37939878656155257
[[1405  184    2  144]
 [  13   25    0    3]
 [  14   26    1   29]
 [   5   15    0    1]]
Epoch: [67/200], cls_loss: 0.4863, transfer_loss: -2.7845,person_loss: 0.0000, total_Loss: -0.9059
trian begin
trian end
n_person 383
SAMPLE
F1_MI: 0.7375468666309588 F1_MA: 0.329205289427707 ACC_MI: 0.7375468666309588 F1_MA: 0.2864923327299972
BEST_F1_MI: 0.9110873058382432 BEST_F1_MA: 0.44070170409468173 BEST_ACC_MI: 0.9110873058382432 BEST_F1_MA: 0.37939878656155257
[[1352  231   97   55]
 [   8   11    7   15]
 [   5   11    5   49]
 [   3    7    2    9]]
Epoch: [68/200], cls_loss: 0.5025, transfer_loss: -2.7889,person_loss: 0.0000, total_Loss: -0.8920
trian begin
trian end
n_person 383
SAMPLE
F1_MI: 0.3417246920192823 F1_MA: 0.244888077721632 ACC_MI: 0.3417246920192823 F1_MA: 0.26003283097499513
BEST_F1_MI: 0.9110873058382432 BEST_F1_MA: 0.44070170409468173 BEST_ACC_MI: 0.9110873058382432 BEST_F1_MA: 0.37939878656155257
[[ 620 1049   25   41]
 [  18   11    2   10]
 [  12    9    1   48]
 [  10    3    2    6]]
Epoch: [69/200], cls_loss: 0.5055, transfer_loss: -2.7950,person_loss: 0.0000, total_Loss: -0.8920
trian begin
trian end
n_person 383
SAMPLE
F1_MI: 0.01713979646491698 F1_MA: 0.24981394751968988 ACC_MI: 0.01713979646491698 F1_MA: 0.26520404815475
BEST_F1_MI: 0.9110873058382432 BEST_F1_MA: 0.44070170409468173 BEST_ACC_MI: 0.9110873058382432 BEST_F1_MA: 0.37939878656155257
[[   8 1400   24  303]
 [   0    3    2   36]
 [   0    5    4   61]
 [   1    2    1   17]]
Epoch: [70/200], cls_loss: 0.4913, transfer_loss: -2.7905,person_loss: 0.0000, total_Loss: -0.9040
trian begin
trian end
n_person 383
SAMPLE
F1_MI: 0.7402249598286019 F1_MA: 0.3247803345653663 ACC_MI: 0.740224959828602 F1_MA: 0.2732622315250385
BEST_F1_MI: 0.9110873058382432 BEST_F1_MA: 0.44070170409468173 BEST_ACC_MI: 0.9110873058382432 BEST_F1_MA: 0.37939878656155257
[[1357  257    0  121]
 [   3   16    0   22]
 [   2   16    0   52]
 [   1   11    0    9]]
Epoch: [71/200], cls_loss: 0.4594, transfer_loss: -2.7915,person_loss: 0.0000, total_Loss: -0.9363
trian begin
trian end
n_person 383
SAMPLE
F1_MI: 0.7809319764327799 F1_MA: 0.30761416638254313 ACC_MI: 0.7809319764327799 F1_MA: 0.26913991114321045
BEST_F1_MI: 0.9110873058382432 BEST_F1_MA: 0.44070170409468173 BEST_ACC_MI: 0.9110873058382432 BEST_F1_MA: 0.37939878656155257
[[1433  180  122    0]
 [  14   25    1    1]
 [  13   31    0   26]
 [   8   13    0    0]]
Epoch: [72/200], cls_loss: 0.4738, transfer_loss: -2.7839,person_loss: 0.0000, total_Loss: -0.9182
trian begin
trian end
n_person 383
SAMPLE
F1_MI: 0.025709694697375468 F1_MA: 0.19519522141774615 ACC_MI: 0.025709694697375468 F1_MA: 0.1898248038299405
BEST_F1_MI: 0.9110873058382432 BEST_F1_MA: 0.44070170409468173 BEST_ACC_MI: 0.9110873058382432 BEST_F1_MA: 0.37939878656155257
[[  20 1571   97   47]
 [   4   19    6   12]
 [   4   15    3   48]
 [   2   11    2    6]]
Epoch: [73/200], cls_loss: 0.4963, transfer_loss: -2.7633,person_loss: 0.0000, total_Loss: -0.8853
trian begin
trian end
n_person 383
SAMPLE
F1_MI: 0.6138189608998393 F1_MA: 0.32014886626027766 ACC_MI: 0.6138189608998393 F1_MA: 0.27280659857077477
BEST_F1_MI: 0.9110873058382432 BEST_F1_MA: 0.44070170409468173 BEST_ACC_MI: 0.9110873058382432 BEST_F1_MA: 0.37939878656155257
[[1118  420   36  161]
 [   5   17    3   16]
 [   6   11    1   52]
 [   3    7    1   10]]
Epoch: [74/200], cls_loss: 0.4860, transfer_loss: -2.7763,person_loss: 0.0000, total_Loss: -0.9022
trian begin
trian end
n_person 383
SAMPLE
F1_MI: 0.02838778789501875 F1_MA: 0.24691579861548307 ACC_MI: 0.028387787895018748 F1_MA: 0.2592872998255906
BEST_F1_MI: 0.9110873058382432 BEST_F1_MA: 0.44070170409468173 BEST_ACC_MI: 0.9110873058382432 BEST_F1_MA: 0.37939878656155257
[[  13  246 1474    2]
 [   0   36    4    1]
 [   0   40    4   26]
 [   1   18    2    0]]
Epoch: [75/200], cls_loss: 0.4877, transfer_loss: -2.7843,person_loss: 0.0000, total_Loss: -0.9045
trian begin
trian end
n_person 383
SAMPLE
F1_MI: 0.6020353508302089 F1_MA: 0.25870739575191354 ACC_MI: 0.6020353508302089 F1_MA: 0.26460812884000584
BEST_F1_MI: 0.9110873058382432 BEST_F1_MA: 0.44070170409468173 BEST_ACC_MI: 0.9110873058382432 BEST_F1_MA: 0.37939878656155257
[[1107  108  516    4]
 [  21   13    4    3]
 [  13   15    4   38]
 [  10   10    1    0]]
Epoch: [76/200], cls_loss: 0.4652, transfer_loss: -2.7942,person_loss: 0.0000, total_Loss: -0.9319
trian begin
trian end
n_person 383
SAMPLE
F1_MI: 0.611140867702196 F1_MA: 0.3492277410674024 ACC_MI: 0.611140867702196 F1_MA: 0.28561406209489243
BEST_F1_MI: 0.9110873058382432 BEST_F1_MA: 0.44070170409468173 BEST_ACC_MI: 0.9110873058382432 BEST_F1_MA: 0.37939878656155257
[[1099  612    1   23]
 [   2   36    0    3]
 [   0   38    0   32]
 [   1   14    0    6]]
Epoch: [77/200], cls_loss: 0.4668, transfer_loss: -2.7530,person_loss: 0.0000, total_Loss: -0.9097
trian begin
trian end
n_person 383
SAMPLE
F1_MI: 0.7343331547937868 F1_MA: 0.3310577402796806 ACC_MI: 0.7343331547937868 F1_MA: 0.2692347638702504
BEST_F1_MI: 0.9110873058382432 BEST_F1_MA: 0.44070170409468173 BEST_ACC_MI: 0.9110873058382432 BEST_F1_MA: 0.37939878656155257
[[1332  400    0    3]
 [   1   39    0    1]
 [   0   42    0   28]
 [   0   21    0    0]]
Epoch: [78/200], cls_loss: 0.4850, transfer_loss: -2.7688,person_loss: 0.0000, total_Loss: -0.8994
trian begin
trian end
n_person 383
SAMPLE
F1_MI: 0.7295125870380289 F1_MA: 0.31798665300924206 ACC_MI: 0.7295125870380289 F1_MA: 0.28113148747219724
BEST_F1_MI: 0.9110873058382432 BEST_F1_MA: 0.44070170409468173 BEST_ACC_MI: 0.9110873058382432 BEST_F1_MA: 0.37939878656155257
[[1341  126  214   54]
 [  14    9    3   15]
 [   9   12    3   46]
 [   5    6    1    9]]
Epoch: [79/200], cls_loss: 0.4607, transfer_loss: -2.7977,person_loss: 0.0000, total_Loss: -0.9381
trian begin
trian end
n_person 383
SAMPLE
F1_MI: 0.8944831280128549 F1_MA: 0.2548182996062859 ACC_MI: 0.8944831280128549 F1_MA: 0.2461187885915907
BEST_F1_MI: 0.9110873058382432 BEST_F1_MA: 0.44070170409468173 BEST_ACC_MI: 0.9110873058382432 BEST_F1_MA: 0.37939878656155257
[[1668   32    3   32]
 [  37    0    2    2]
 [  66    2    0    2]
 [  19    0    0    2]]
Epoch: [80/200], cls_loss: 0.4959, transfer_loss: -2.8044,person_loss: 0.0000, total_Loss: -0.9063
trian begin
trian end
n_person 383
SAMPLE
F1_MI: 0.8800214247455811 F1_MA: 0.3333356584593346 ACC_MI: 0.8800214247455811 F1_MA: 0.30903079778228765
BEST_F1_MI: 0.9110873058382432 BEST_F1_MA: 0.44070170409468173 BEST_ACC_MI: 0.9110873058382432 BEST_F1_MA: 0.37939878656155257
[[1627   79   18   11]
 [  23    8    4    6]
 [  19   18    2   31]
 [   9    6    0    6]]
Epoch: [81/200], cls_loss: 0.4480, transfer_loss: -2.7507,person_loss: 0.0000, total_Loss: -0.9273
[[1420  260    4   51]
 [   3   30    0    8]
 [   1   21    2   46]
 [   3    7    0   11]]
[[1420  260    4   51]
 [   3   30    0    8]
 [   1   21    2   46]
 [   3    7    0   11]]
WHAT: False
{'best_f1': 0.44070170409468173, 'best_matrix': [[1420, 260, 4, 51], [3, 30, 0, 8], [1, 21, 2, 46], [3, 7, 0, 11]], 'args': 0.05}
{"best_f1": 0.44070170409468173, "best_matrix": [[1420, 260, 4, 51], [3, 30, 0, 8], [1, 21, 2, 46], [3, 7, 0, 11]], "args": 0.05}
ARG: Namespace(backbone='resnet50', batch_size=32, config='BNM/BNM.yaml', data_dir='data', device=device(type='cuda'), early_stop=50, epoch_based_training=False, lr=0.003, lr_decay=0.75, lr_gamma=0.0003, lr_scheduler=True, max_iter=20000, method='False', momentum=0.9, myweight=0.05, n_class=4, n_epoch=200, n_iter_per_epoch=100, num_workers=3, seed=1, src_domain='45', tgt_domain='63G', tname='transfer', transfer_loss='bnm', transfer_loss_weight=0.5, use_bottleneck=True, weight_decay=0.0005)
