adv 1 45 63G DANN/DANN.yaml True
Namespace(backbone='resnet50', batch_size=32, config='DANN/DANN.yaml', data_dir='data', device=device(type='cuda'), early_stop=50, epoch_based_training=False, lr=0.003, lr_decay=0.75, lr_gamma=0.0003, lr_scheduler=True, method='True', momentum=0.9, myweight=0.1, n_epoch=200, n_iter_per_epoch=100, num_workers=3, seed=1, src_domain='45', tgt_domain='63G', tname='transfer', transfer_loss='adv', transfer_loss_weight=0.5, use_bottleneck=True, weight_decay=0.0005)
JUST DO IT
run my Parkinson code
transfer
TRAIN Length: 16311 745 TEST Length: 1867 383
YYY: 0 3
DATA_PROFILE   train: 16311 train2: 1867 test: 1867
DATASET.SHAPE: <data_loader.GetTrainLoader object at 0x7f57b8904850> True
DATASET.SHAPE: <data_loader.GetTrainLoader object at 0x7f57c0ac4880> True
DATASET.SHAPE: <data_loader.GetTestLoader object at 0x7f57b897f430> False
CLASS: 4 383
LLL: {}
BOTTLENECK_LIST: [Linear(in_features=512, out_features=256, bias=True), ReLU()]
TYPE: {'loss_type': 'adv', 'max_iter': 20000, 'num_class': 4, 'my_person_item': <my_person_item.PersonItem object at 0x7f57c0abfe20>}
initial_lr 1.0
transfer_world
method True <class 'str'>
1.8.1+cu111
True
LEN: 0 0
LOADER: <data_loader.InfiniteDataLoader object at 0x7f57c0ac4190> <data_loader.InfiniteDataLoader object at 0x7f57b897f8b0>
N_batch: 100
trian begin
trian end
n_person 383
SAMPLE
F1_MI: 0.8693090519550081 F1_MA: 0.3285695577979418 ACC_MI: 0.8693090519550081 F1_MA: 0.294833410446439
BEST_F1_MI: 0.8693090519550081 BEST_F1_MA: 0.3285695577979418 BEST_ACC_MI: 0.8693090519550081 BEST_F1_MA: 0.294833410446439
[[1600    0  113   22]
 [  17    0   21    3]
 [  18    0   16   36]
 [   8    0    6    7]]
Epoch: [ 1/200], cls_loss: 0.9869, transfer_loss: 0.6643,person_loss: -1.8929, total_Loss: 1.1297
trian begin
trian end
n_person 383
SAMPLE
F1_MI: 0.06373861810391002 F1_MA: 0.21346526919064293 ACC_MI: 0.06373861810391002 F1_MA: 0.22404576754700037
BEST_F1_MI: 0.8693090519550081 BEST_F1_MA: 0.3285695577979418 BEST_ACC_MI: 0.8693090519550081 BEST_F1_MA: 0.294833410446439
[[ 101    0   66 1568]
 [   5    0    6   30]
 [  10    0    3   57]
 [   3    0    3   15]]
Epoch: [ 2/200], cls_loss: 0.8229, transfer_loss: 0.5919,person_loss: -1.9155, total_Loss: 0.9274
trian begin
trian end
n_person 383
SAMPLE
F1_MI: 0.029994643813604713 F1_MA: 0.23502441958808534 ACC_MI: 0.029994643813604713 F1_MA: 0.21547816240957685
BEST_F1_MI: 0.8693090519550081 BEST_F1_MA: 0.3285695577979418 BEST_ACC_MI: 0.8693090519550081 BEST_F1_MA: 0.294833410446439
[[  34    0   46 1655]
 [   2    0    1   38]
 [   5    0    1   64]
 [   0    0    0   21]]
Epoch: [ 3/200], cls_loss: 0.7760, transfer_loss: 0.6346,person_loss: -1.9000, total_Loss: 0.9034
trian begin
trian end
n_person 383
SAMPLE
F1_MI: 0.8784145688269952 F1_MA: 0.343009261063606 ACC_MI: 0.8784145688269952 F1_MA: 0.3347518601712761
BEST_F1_MI: 0.8784145688269952 BEST_F1_MA: 0.343009261063606 BEST_ACC_MI: 0.8784145688269952 BEST_F1_MA: 0.3347518601712761
[[1628   39    2   66]
 [  22    3    1   15]
 [  16    6    1   47]
 [  10    3    0    8]]
Epoch: [ 4/200], cls_loss: 0.7414, transfer_loss: 0.6054,person_loss: -1.9245, total_Loss: 0.8516
trian begin
trian end
n_person 383
SAMPLE
F1_MI: 0.04284949116229245 F1_MA: 0.21246926568434688 ACC_MI: 0.04284949116229245 F1_MA: 0.23582771574171602
BEST_F1_MI: 0.8784145688269952 BEST_F1_MA: 0.343009261063606 BEST_ACC_MI: 0.8784145688269952 BEST_F1_MA: 0.3347518601712761
[[  54   99 1529   53]
 [   7    7   13   14]
 [   5    7   10   48]
 [   1    7    4    9]]
Epoch: [ 5/200], cls_loss: 0.7078, transfer_loss: 0.5823,person_loss: -1.9389, total_Loss: 0.8050
trian begin
trian end
n_person 383
SAMPLE
F1_MI: 0.8146759507230852 F1_MA: 0.353648409493969 ACC_MI: 0.8146759507230852 F1_MA: 0.30370317277723125
BEST_F1_MI: 0.8784145688269952 BEST_F1_MA: 0.353648409493969 BEST_ACC_MI: 0.8784145688269952 BEST_F1_MA: 0.3347518601712761
[[1498  125    8  104]
 [  14   10    1   16]
 [  11    4    1   54]
 [   5    4    0   12]]
Epoch: [ 6/200], cls_loss: 0.7012, transfer_loss: 0.5231,person_loss: -1.9362, total_Loss: 0.7691
trian begin
trian end
n_person 383
SAMPLE
F1_MI: 0.10819496518478841 F1_MA: 0.21099735392330188 ACC_MI: 0.10819496518478842 F1_MA: 0.2543509941444029
BEST_F1_MI: 0.8784145688269952 BEST_F1_MA: 0.353648409493969 BEST_ACC_MI: 0.8784145688269952 BEST_F1_MA: 0.3347518601712761
[[ 173   25 1521   16]
 [  19    4   17    1]
 [  14    3   20   33]
 [   8    6    2    5]]
Epoch: [ 7/200], cls_loss: 0.6492, transfer_loss: 0.5005,person_loss: -1.9422, total_Loss: 0.7052
trian begin
trian end
n_person 383
SAMPLE
F1_MI: 0.852169255490091 F1_MA: 0.3443692478640697 ACC_MI: 0.852169255490091 F1_MA: 0.2897337151509167
BEST_F1_MI: 0.8784145688269952 BEST_F1_MA: 0.353648409493969 BEST_ACC_MI: 0.8784145688269952 BEST_F1_MA: 0.3347518601712761
[[1567  118    2   48]
 [  15   15    2    9]
 [  12   10    0   48]
 [   5    7    0    9]]
Epoch: [ 8/200], cls_loss: 0.6550, transfer_loss: 0.5058,person_loss: -1.9494, total_Loss: 0.7130
trian begin
trian end
n_person 383
SAMPLE
F1_MI: 0.9030530262453134 F1_MA: 0.3294261141016907 ACC_MI: 0.9030530262453134 F1_MA: 0.3090708017077799
BEST_F1_MI: 0.9030530262453134 BEST_F1_MA: 0.353648409493969 BEST_ACC_MI: 0.9030530262453134 BEST_F1_MA: 0.3347518601712761
[[1673   40   13    9]
 [  31    6    3    1]
 [  23   12    1   34]
 [   9    6    0    6]]
Epoch: [ 9/200], cls_loss: 0.6547, transfer_loss: 0.4880,person_loss: -1.9464, total_Loss: 0.7040
trian begin
trian end
n_person 383
SAMPLE
F1_MI: 0.04017139796464917 F1_MA: 0.28108478026646266 ACC_MI: 0.04017139796464917 F1_MA: 0.26672154601490716
BEST_F1_MI: 0.9030530262453134 BEST_F1_MA: 0.353648409493969 BEST_ACC_MI: 0.9030530262453134 BEST_F1_MA: 0.3347518601712761
[[  39  140 1470   86]
 [   5   15    6   15]
 [   0   11    6   53]
 [   0    5    1   15]]
Epoch: [10/200], cls_loss: 0.6369, transfer_loss: 0.4734,person_loss: -1.9432, total_Loss: 0.6793
trian begin
trian end
n_person 383
SAMPLE
F1_MI: 0.7370112479914301 F1_MA: 0.3022366353747776 ACC_MI: 0.7370112479914301 F1_MA: 0.2756491732410338
BEST_F1_MI: 0.9030530262453134 BEST_F1_MA: 0.353648409493969 BEST_ACC_MI: 0.9030530262453134 BEST_F1_MA: 0.3347518601712761
[[1356  147  163   69]
 [  17    7    6   11]
 [   9    7    7   47]
 [   7    6    2    6]]
Epoch: [11/200], cls_loss: 0.6027, transfer_loss: 0.3847,person_loss: -1.9502, total_Loss: 0.6001
trian begin
trian end
n_person 383
SAMPLE
F1_MI: 0.8655597214783073 F1_MA: 0.3538183442451701 ACC_MI: 0.8655597214783074 F1_MA: 0.31066416616740894
BEST_F1_MI: 0.9030530262453134 BEST_F1_MA: 0.3538183442451701 BEST_ACC_MI: 0.9030530262453134 BEST_F1_MA: 0.3347518601712761
[[1595   86   20   34]
 [  22    9    3    7]
 [  15   11    2   42]
 [   8    3    0   10]]
Epoch: [12/200], cls_loss: 0.5966, transfer_loss: 0.4714,person_loss: -1.9503, total_Loss: 0.6373
trian begin
trian end
n_person 383
SAMPLE
F1_MI: 0.07766470273165506 F1_MA: 0.2561566777384382 ACC_MI: 0.07766470273165506 F1_MA: 0.2539948788532436
BEST_F1_MI: 0.9030530262453134 BEST_F1_MA: 0.3538183442451701 BEST_ACC_MI: 0.9030530262453134 BEST_F1_MA: 0.3347518601712761
[[ 113  195 1361   66]
 [   8   11    9   13]
 [   5   15    9   41]
 [   4    2    3   12]]
Epoch: [13/200], cls_loss: 0.5902, transfer_loss: 0.4495,person_loss: -1.9520, total_Loss: 0.6198
trian begin
trian end
n_person 383
SAMPLE
F1_MI: 0.053026245313336905 F1_MA: 0.2129844863537416 ACC_MI: 0.053026245313336905 F1_MA: 0.21974703952512237
BEST_F1_MI: 0.9030530262453134 BEST_F1_MA: 0.3538183442451701 BEST_ACC_MI: 0.9030530262453134 BEST_F1_MA: 0.3347518601712761
[[  75  267 1277  116]
 [   9    4    9   19]
 [   5    6    8   51]
 [   5    2    2   12]]
Epoch: [14/200], cls_loss: 0.5507, transfer_loss: 0.4165,person_loss: -1.9547, total_Loss: 0.5635
trian begin
trian end
n_person 383
SAMPLE
F1_MI: 0.09748259239421532 F1_MA: 0.19854259821027098 ACC_MI: 0.09748259239421532 F1_MA: 0.2376806229779952
BEST_F1_MI: 0.9030530262453134 BEST_F1_MA: 0.3538183442451701 BEST_ACC_MI: 0.9030530262453134 BEST_F1_MA: 0.3347518601712761
[[ 159  145 1423    8]
 [  17   16    5    3]
 [  12   21    4   33]
 [  11    6    1    3]]
Epoch: [15/200], cls_loss: 0.5662, transfer_loss: 0.4850,person_loss: -1.9491, total_Loss: 0.6138
trian begin
trian end
n_person 383
SAMPLE
F1_MI: 0.8585966791644349 F1_MA: 0.345697889312536 ACC_MI: 0.8585966791644349 F1_MA: 0.3058086602453494
BEST_F1_MI: 0.9030530262453134 BEST_F1_MA: 0.3538183442451701 BEST_ACC_MI: 0.9030530262453134 BEST_F1_MA: 0.3347518601712761
[[1581   76   29   49]
 [  17   13    1   10]
 [  12   15    2   41]
 [   8    6    0    7]]
Epoch: [16/200], cls_loss: 0.5193, transfer_loss: 0.4659,person_loss: -1.9533, total_Loss: 0.5570
trian begin
trian end
n_person 383
SAMPLE
F1_MI: 0.8725227637921801 F1_MA: 0.35378583035118805 ACC_MI: 0.87252276379218 F1_MA: 0.32149766581149847
BEST_F1_MI: 0.9030530262453134 BEST_F1_MA: 0.3538183442451701 BEST_ACC_MI: 0.9030530262453134 BEST_F1_MA: 0.3347518601712761
[[1610   12   54   59]
 [  22    4    4   11]
 [  13    8    5   44]
 [   7    2    2   10]]
Epoch: [17/200], cls_loss: 0.5045, transfer_loss: 0.5854,person_loss: -1.9478, total_Loss: 0.6025
trian begin
trian end
n_person 383
SAMPLE
F1_MI: 0.10873058382431709 F1_MA: 0.19242166031054514 ACC_MI: 0.10873058382431709 F1_MA: 0.21907731642289774
BEST_F1_MI: 0.9030530262453134 BEST_F1_MA: 0.3538183442451701 BEST_ACC_MI: 0.9030530262453134 BEST_F1_MA: 0.3347518601712761
[[ 183 1527    7   18]
 [  22   16    0    3]
 [  13   11    0   46]
 [   8    9    0    4]]
Epoch: [18/200], cls_loss: 0.5303, transfer_loss: 0.6173,person_loss: -1.9559, total_Loss: 0.6434
trian begin
trian end
n_person 383
SAMPLE
F1_MI: 0.06480985538296732 F1_MA: 0.2277454022495378 ACC_MI: 0.06480985538296732 F1_MA: 0.24443148659136907
BEST_F1_MI: 0.9030530262453134 BEST_F1_MA: 0.3538183442451701 BEST_ACC_MI: 0.9030530262453134 BEST_F1_MA: 0.3347518601712761
[[  98 1393  195   49]
 [   7   10    6   18]
 [   5   13    2   50]
 [   2    6    2   11]]
Epoch: [19/200], cls_loss: 0.5037, transfer_loss: 0.5222,person_loss: -1.9487, total_Loss: 0.5699
trian begin
trian end
n_person 383
SAMPLE
F1_MI: 0.6234600964113551 F1_MA: 0.2888317282376016 ACC_MI: 0.6234600964113551 F1_MA: 0.26171248942419467
BEST_F1_MI: 0.9030530262453134 BEST_F1_MA: 0.3538183442451701 BEST_ACC_MI: 0.9030530262453134 BEST_F1_MA: 0.3347518601712761
[[1140  570    9   16]
 [  13   22    2    4]
 [  11   28    0   31]
 [   6   13    0    2]]
Epoch: [20/200], cls_loss: 0.5216, transfer_loss: 0.5753,person_loss: -1.9517, total_Loss: 0.6141
trian begin
trian end
n_person 383
SAMPLE
F1_MI: 0.8901981788966256 F1_MA: 0.28544081545471306 ACC_MI: 0.8901981788966256 F1_MA: 0.2686031588131
BEST_F1_MI: 0.9030530262453134 BEST_F1_MA: 0.3538183442451701 BEST_ACC_MI: 0.9030530262453134 BEST_F1_MA: 0.3347518601712761
[[1654   60    4   17]
 [  34    5    0    2]
 [  22   17    0   31]
 [  16    2    0    3]]
Epoch: [21/200], cls_loss: 0.5327, transfer_loss: 0.5650,person_loss: -1.9513, total_Loss: 0.6200
trian begin
trian end
n_person 383
SAMPLE
F1_MI: 0.7627209426888055 F1_MA: 0.22524133779917838 ACC_MI: 0.7627209426888055 F1_MA: 0.23419395365213494
BEST_F1_MI: 0.9030530262453134 BEST_F1_MA: 0.3538183442451701 BEST_ACC_MI: 0.9030530262453134 BEST_F1_MA: 0.3347518601712761
[[1423    0    3  309]
 [  40    0    0    1]
 [  41   12    0   17]
 [  20    0    0    1]]
Epoch: [22/200], cls_loss: 0.4765, transfer_loss: 0.6802,person_loss: -1.9442, total_Loss: 0.6221
trian begin
trian end
n_person 383
SAMPLE
F1_MI: 0.10283877878950187 F1_MA: 0.23521258472201134 ACC_MI: 0.10283877878950187 F1_MA: 0.2858315461877839
BEST_F1_MI: 0.9030530262453134 BEST_F1_MA: 0.3538183442451701 BEST_ACC_MI: 0.9030530262453134 BEST_F1_MA: 0.3347518601712761
[[ 161    8 1549   17]
 [  14    3   17    7]
 [  11    2   21   36]
 [   9    2    3    7]]
Epoch: [23/200], cls_loss: 0.4744, transfer_loss: 0.5976,person_loss: -1.9511, total_Loss: 0.5781
trian begin
trian end
n_person 383
SAMPLE
F1_MI: 0.7836100696304231 F1_MA: 0.3321343595419711 ACC_MI: 0.7836100696304231 F1_MA: 0.2824692368784605
BEST_F1_MI: 0.9030530262453134 BEST_F1_MA: 0.3538183442451701 BEST_ACC_MI: 0.9030530262453134 BEST_F1_MA: 0.3347518601712761
[[1442  187   28   78]
 [  12    8    1   20]
 [   7   12    1   50]
 [   5    4    0   12]]
Epoch: [24/200], cls_loss: 0.4893, transfer_loss: 0.6787,person_loss: -1.9495, total_Loss: 0.6337
trian begin
trian end
n_person 383
SAMPLE
F1_MI: 0.8843063738618104 F1_MA: 0.33669152277036557 ACC_MI: 0.8843063738618104 F1_MA: 0.298727894147688
BEST_F1_MI: 0.9030530262453134 BEST_F1_MA: 0.3538183442451701 BEST_ACC_MI: 0.9030530262453134 BEST_F1_MA: 0.3347518601712761
[[1633   56   19   27]
 [  24   11    1    5]
 [  18    4    0   48]
 [   9    5    0    7]]
Epoch: [25/200], cls_loss: 0.4685, transfer_loss: 0.6142,person_loss: -1.9515, total_Loss: 0.5805
trian begin
trian end
n_person 383
SAMPLE
F1_MI: 0.8762720942688805 F1_MA: 0.33737837514692437 ACC_MI: 0.8762720942688805 F1_MA: 0.28271611160112886
BEST_F1_MI: 0.9030530262453134 BEST_F1_MA: 0.3538183442451701 BEST_ACC_MI: 0.9030530262453134 BEST_F1_MA: 0.3347518601712761
[[1619   36    5   75]
 [  19    3    1   18]
 [  18    7    0   45]
 [   7    0    0   14]]
Epoch: [26/200], cls_loss: 0.4481, transfer_loss: 0.6390,person_loss: -1.9489, total_Loss: 0.5727
trian begin
trian end
n_person 383
SAMPLE
F1_MI: 0.9169791108730584 F1_MA: 0.2981041611142209 ACC_MI: 0.9169791108730584 F1_MA: 0.27662232893704375
BEST_F1_MI: 0.9169791108730584 BEST_F1_MA: 0.3538183442451701 BEST_ACC_MI: 0.9169791108730584 BEST_F1_MA: 0.3347518601712761
[[1705   12    3   15]
 [  35    1    0    5]
 [  23    2    0   45]
 [  14    1    0    6]]
Epoch: [27/200], cls_loss: 0.4379, transfer_loss: 0.6973,person_loss: -1.9483, total_Loss: 0.5917
trian begin
trian end
n_person 383
SAMPLE
F1_MI: 0.10230316014997322 F1_MA: 0.19671624735432897 ACC_MI: 0.10230316014997322 F1_MA: 0.24836633370398403
BEST_F1_MI: 0.9169791108730584 BEST_F1_MA: 0.3538183442451701 BEST_ACC_MI: 0.9169791108730584 BEST_F1_MA: 0.3347518601712761
[[ 172   69 1468   26]
 [  14    8   11    8]
 [  11   13    5   41]
 [  10    4    1    6]]
Epoch: [28/200], cls_loss: 0.4404, transfer_loss: 0.6404,person_loss: -1.9562, total_Loss: 0.5650
trian begin
trian end
n_person 383
SAMPLE
F1_MI: 0.9228709159078735 F1_MA: 0.2702389980980841 ACC_MI: 0.9228709159078736 F1_MA: 0.26856060606060606
BEST_F1_MI: 0.9228709159078735 BEST_F1_MA: 0.3538183442451701 BEST_ACC_MI: 0.9228709159078736 BEST_F1_MA: 0.3347518601712761
[[1720    6    8    1]
 [  37    2    1    1]
 [  25   12    0   33]
 [  18    2    0    1]]
Epoch: [29/200], cls_loss: 0.4502, transfer_loss: 0.6752,person_loss: -1.9552, total_Loss: 0.5923
trian begin
trian end
n_person 383
SAMPLE
F1_MI: 0.9137653990358865 F1_MA: 0.26571470681807713 ACC_MI: 0.9137653990358865 F1_MA: 0.26190658694874547
BEST_F1_MI: 0.9228709159078735 BEST_F1_MA: 0.3538183442451701 BEST_ACC_MI: 0.9228709159078736 BEST_F1_MA: 0.3347518601712761
[[1702   29    1    3]
 [  36    4    0    1]
 [  25    6    0   39]
 [  16    5    0    0]]
Epoch: [30/200], cls_loss: 0.4264, transfer_loss: 0.6360,person_loss: -1.9547, total_Loss: 0.5489
trian begin
trian end
n_person 383
SAMPLE
F1_MI: 0.8500267809319765 F1_MA: 0.3346207407114066 ACC_MI: 0.8500267809319765 F1_MA: 0.30208652529107294
BEST_F1_MI: 0.9228709159078735 BEST_F1_MA: 0.3538183442451701 BEST_ACC_MI: 0.9228709159078736 BEST_F1_MA: 0.3347518601712761
[[1567  116   33   19]
 [  20   11    2    8]
 [  10   14    3   43]
 [  10    5    0    6]]
Epoch: [31/200], cls_loss: 0.4132, transfer_loss: 0.5550,person_loss: -1.9570, total_Loss: 0.4950
trian begin
trian end
n_person 383
SAMPLE
F1_MI: 0.09641135511515801 F1_MA: 0.21861370018601248 ACC_MI: 0.09641135511515801 F1_MA: 0.23791654524622893
BEST_F1_MI: 0.9228709159078735 BEST_F1_MA: 0.3538183442451701 BEST_ACC_MI: 0.9228709159078736 BEST_F1_MA: 0.3347518601712761
[[ 159 1218  309   49]
 [  13    5    9   14]
 [  10    8    5   47]
 [   7    2    1   11]]
Epoch: [32/200], cls_loss: 0.4282, transfer_loss: 0.6089,person_loss: -1.9544, total_Loss: 0.5372
trian begin
trian end
n_person 383
SAMPLE
F1_MI: 0.6963042313872523 F1_MA: 0.3043108024591447 ACC_MI: 0.6963042313872523 F1_MA: 0.28151193169836175
BEST_F1_MI: 0.9228709159078735 BEST_F1_MA: 0.3538183442451701 BEST_ACC_MI: 0.9228709159078736 BEST_F1_MA: 0.3347518601712761
[[1280  293  148   14]
 [  19   10    6    6]
 [  13   21    4   32]
 [  12    2    1    6]]
Epoch: [33/200], cls_loss: 0.3935, transfer_loss: 0.5834,person_loss: -1.9559, total_Loss: 0.4896
trian begin
trian end
n_person 383
SAMPLE
F1_MI: 0.4027852169255491 F1_MA: 0.29831790250832685 ACC_MI: 0.40278521692554903 F1_MA: 0.28048034643356695
BEST_F1_MI: 0.9228709159078735 BEST_F1_MA: 0.3538183442451701 BEST_ACC_MI: 0.9228709159078736 BEST_F1_MA: 0.3347518601712761
[[725 103 817  90]
 [  5   7   7  22]
 [  3  18   8  41]
 [  1   7   1  12]]
Epoch: [34/200], cls_loss: 0.4172, transfer_loss: 0.5711,person_loss: -1.9513, total_Loss: 0.5076
trian begin
trian end
n_person 383
SAMPLE
F1_MI: 0.8955543652919121 F1_MA: 0.3020537746349201 ACC_MI: 0.8955543652919121 F1_MA: 0.2819868421885784
BEST_F1_MI: 0.9228709159078735 BEST_F1_MA: 0.3538183442451701 BEST_ACC_MI: 0.9228709159078736 BEST_F1_MA: 0.3347518601712761
[[1662    8   48   17]
 [  29    0    8    4]
 [  21   11    4   34]
 [  14    1    0    6]]
Epoch: [35/200], cls_loss: 0.4051, transfer_loss: 0.6048,person_loss: -1.9477, total_Loss: 0.5128
trian begin
trian end
n_person 383
SAMPLE
F1_MI: 0.8944831280128549 F1_MA: 0.28688282855468783 ACC_MI: 0.8944831280128549 F1_MA: 0.2790961853182838
BEST_F1_MI: 0.9228709159078735 BEST_F1_MA: 0.3538183442451701 BEST_ACC_MI: 0.9228709159078736 BEST_F1_MA: 0.3347518601712761
[[1660   39   36    0]
 [  24    8    8    1]
 [  19   22    2   27]
 [  15    6    0    0]]
Epoch: [36/200], cls_loss: 0.3870, transfer_loss: 0.6207,person_loss: -1.9509, total_Loss: 0.5023
trian begin
trian end
n_person 383
SAMPLE
F1_MI: 0.5897161221210498 F1_MA: 0.2995073931078483 ACC_MI: 0.5897161221210498 F1_MA: 0.2800852358806335
BEST_F1_MI: 0.9228709159078735 BEST_F1_MA: 0.3538183442451701 BEST_ACC_MI: 0.9228709159078736 BEST_F1_MA: 0.3347518601712761
[[1078  461  155   41]
 [   9    7   12   13]
 [   6   16    8   40]
 [   4    6    3    8]]
Epoch: [37/200], cls_loss: 0.3751, transfer_loss: 0.6157,person_loss: -1.9501, total_Loss: 0.4879
trian begin
trian end
n_person 383
SAMPLE
F1_MI: 0.8575254418853777 F1_MA: 0.3378053080222195 ACC_MI: 0.8575254418853776 F1_MA: 0.2940802583659726
BEST_F1_MI: 0.9228709159078735 BEST_F1_MA: 0.3538183442451701 BEST_ACC_MI: 0.9228709159078736 BEST_F1_MA: 0.3347518601712761
[[1577  127   17   14]
 [  18   20    1    2]
 [  14   34    0   22]
 [   8    8    1    4]]
Epoch: [38/200], cls_loss: 0.3915, transfer_loss: 0.6205,person_loss: -1.9519, total_Loss: 0.5065
trian begin
trian end
n_person 383
SAMPLE
F1_MI: 0.022495982860203535 F1_MA: 0.22899965582274484 ACC_MI: 0.022495982860203535 F1_MA: 0.20945227944850406
BEST_F1_MI: 0.9228709159078735 BEST_F1_MA: 0.3538183442451701 BEST_ACC_MI: 0.9228709159078736 BEST_F1_MA: 0.3347518601712761
[[  12  178   42 1503]
 [   4   14    6   17]
 [   0   14    3   53]
 [   1    6    1   13]]
Epoch: [39/200], cls_loss: 0.3738, transfer_loss: 0.6155,person_loss: -1.9495, total_Loss: 0.4866
trian begin
trian end
n_person 383
SAMPLE
F1_MI: 0.8007498660953402 F1_MA: 0.3000555039327901 ACC_MI: 0.8007498660953402 F1_MA: 0.2778072453629056
BEST_F1_MI: 0.9228709159078735 BEST_F1_MA: 0.3538183442451701 BEST_ACC_MI: 0.9228709159078736 BEST_F1_MA: 0.3347518601712761
[[1480   96  113   46]
 [   7    7   17   10]
 [   7   11    3   49]
 [   7    8    1    5]]
Epoch: [40/200], cls_loss: 0.3515, transfer_loss: 0.6397,person_loss: -1.9495, total_Loss: 0.4764
trian begin
trian end
n_person 383
SAMPLE
F1_MI: 0.11033743974290305 F1_MA: 0.18592106466628938 ACC_MI: 0.11033743974290305 F1_MA: 0.2582541752033277
BEST_F1_MI: 0.9228709159078735 BEST_F1_MA: 0.3538183442451701 BEST_ACC_MI: 0.9228709159078736 BEST_F1_MA: 0.3347518601712761
[[ 184   51 1495    5]
 [  12    6   21    2]
 [   7   21   13   29]
 [   7    6    5    3]]
Epoch: [41/200], cls_loss: 0.3879, transfer_loss: 0.6569,person_loss: -1.9539, total_Loss: 0.5210
trian begin
trian end
n_person 383
SAMPLE
F1_MI: 0.889662560257097 F1_MA: 0.284106766701719 ACC_MI: 0.889662560257097 F1_MA: 0.2710929374016727
BEST_F1_MI: 0.9228709159078735 BEST_F1_MA: 0.3538183442451701 BEST_ACC_MI: 0.9228709159078736 BEST_F1_MA: 0.3347518601712761
[[1654   32   16   33]
 [  28    4    2    7]
 [  18    6    0   46]
 [  13    5    0    3]]
Epoch: [42/200], cls_loss: 0.3395, transfer_loss: 0.6414,person_loss: -1.9543, total_Loss: 0.4648
trian begin
trian end
n_person 383
SAMPLE
F1_MI: 0.06963042313872522 F1_MA: 0.1872984578854271 ACC_MI: 0.06963042313872522 F1_MA: 0.25289268900342654
BEST_F1_MI: 0.9228709159078735 BEST_F1_MA: 0.3538183442451701 BEST_ACC_MI: 0.9228709159078736 BEST_F1_MA: 0.3347518601712761
[[ 106  119 1325  185]
 [   2    9   21    9]
 [   5   11   12   42]
 [   1   10    7    3]]
Epoch: [43/200], cls_loss: 0.3565, transfer_loss: 0.6716,person_loss: -1.9551, total_Loss: 0.4967
trian begin
trian end
n_person 383
SAMPLE
F1_MI: 0.016604177825388325 F1_MA: 0.18685837829746535 ACC_MI: 0.016604177825388325 F1_MA: 0.20032936587652336
BEST_F1_MI: 0.9228709159078735 BEST_F1_MA: 0.3538183442451701 BEST_ACC_MI: 0.9228709159078736 BEST_F1_MA: 0.3347518601712761
[[   2  176 1539   18]
 [   0   15   18    8]
 [   1   25   10   34]
 [   0   12    5    4]]
Epoch: [44/200], cls_loss: 0.3446, transfer_loss: 0.6850,person_loss: -1.9526, total_Loss: 0.4918
trian begin
trian end
n_person 383
SAMPLE
F1_MI: 0.0664167113015533 F1_MA: 0.23583558876898392 ACC_MI: 0.0664167113015533 F1_MA: 0.25966579068533346
BEST_F1_MI: 0.9228709159078735 BEST_F1_MA: 0.3538183442451701 BEST_ACC_MI: 0.9228709159078736 BEST_F1_MA: 0.3347518601712761
[[  95 1546   75   19]
 [   3   16   13    9]
 [   5   13    6   46]
 [   5    7    2    7]]
Epoch: [45/200], cls_loss: 0.3525, transfer_loss: 0.6889,person_loss: -1.9510, total_Loss: 0.5019
trian begin
trian end
n_person 383
SAMPLE
F1_MI: 0.8875200856989823 F1_MA: 0.2546168749199615 ACC_MI: 0.8875200856989823 F1_MA: 0.25264360374561357
BEST_F1_MI: 0.9228709159078735 BEST_F1_MA: 0.3538183442451701 BEST_ACC_MI: 0.9228709159078736 BEST_F1_MA: 0.3347518601712761
[[1654   32   46    3]
 [  28    3    9    1]
 [  22   22    0   26]
 [  15    5    1    0]]
Epoch: [46/200], cls_loss: 0.3505, transfer_loss: 0.6609,person_loss: -1.9546, total_Loss: 0.4855
trian begin
trian end
n_person 383
SAMPLE
F1_MI: 0.07337975361542581 F1_MA: 0.2022784335890799 ACC_MI: 0.07337975361542581 F1_MA: 0.2540771226808246
BEST_F1_MI: 0.9228709159078735 BEST_F1_MA: 0.3538183442451701 BEST_ACC_MI: 0.9228709159078736 BEST_F1_MA: 0.3347518601712761
[[ 114   91 1526    4]
 [   9   11   16    5]
 [  11   19    7   33]
 [   5    8    3    5]]
Epoch: [47/200], cls_loss: 0.3452, transfer_loss: 0.6741,person_loss: -1.9527, total_Loss: 0.4870
trian begin
trian end
n_person 383
SAMPLE
F1_MI: 0.7905731119442958 F1_MA: 0.3251535721909595 ACC_MI: 0.7905731119442957 F1_MA: 0.285999656008203
BEST_F1_MI: 0.9228709159078735 BEST_F1_MA: 0.3538183442451701 BEST_ACC_MI: 0.9228709159078736 BEST_F1_MA: 0.3347518601712761
[[1454  145   77   59]
 [   8   12    5   16]
 [   5   16    3   46]
 [   4   10    0    7]]
Epoch: [48/200], cls_loss: 0.3286, transfer_loss: 0.6855,person_loss: -1.9553, total_Loss: 0.4759
trian begin
trian end
n_person 383
SAMPLE
F1_MI: 0.07177289769683985 F1_MA: 0.2059703269210875 ACC_MI: 0.07177289769683985 F1_MA: 0.2542887217471173
BEST_F1_MI: 0.9228709159078735 BEST_F1_MA: 0.3538183442451701 BEST_ACC_MI: 0.9228709159078736 BEST_F1_MA: 0.3347518601712761
[[ 108  203 1392   32]
 [   3   19    9   10]
 [   3   14    5   48]
 [   4   12    3    2]]
Epoch: [49/200], cls_loss: 0.3340, transfer_loss: 0.6550,person_loss: -1.9556, total_Loss: 0.4659
trian begin
trian end
n_person 383
SAMPLE
F1_MI: 0.8918050348152116 F1_MA: 0.30564875082332976 ACC_MI: 0.8918050348152116 F1_MA: 0.27753606459449326
BEST_F1_MI: 0.9228709159078735 BEST_F1_MA: 0.3538183442451701 BEST_ACC_MI: 0.9228709159078736 BEST_F1_MA: 0.3347518601712761
[[1655   50   11   19]
 [  30    3    0    8]
 [  19   18    0   33]
 [   8    6    0    7]]
Epoch: [50/200], cls_loss: 0.3044, transfer_loss: 0.6520,person_loss: -1.9580, total_Loss: 0.4346
trian begin
trian end
n_person 383
SAMPLE
F1_MI: 0.031065881092662024 F1_MA: 0.2074116210349627 ACC_MI: 0.031065881092662024 F1_MA: 0.2615095473613111
BEST_F1_MI: 0.9228709159078735 BEST_F1_MA: 0.3538183442451701 BEST_ACC_MI: 0.9228709159078736 BEST_F1_MA: 0.3347518601712761
[[  31   66 1629    9]
 [   3    5   27    6]
 [   1   19   15   35]
 [   1    4    9    7]]
Epoch: [51/200], cls_loss: 0.3285, transfer_loss: 0.6613,person_loss: -1.9539, total_Loss: 0.4638
trian begin
trian end
n_person 383
SAMPLE
F1_MI: 0.9201928227102303 F1_MA: 0.303973481362456 ACC_MI: 0.9201928227102303 F1_MA: 0.3179135068661611
BEST_F1_MI: 0.9228709159078735 BEST_F1_MA: 0.3538183442451701 BEST_ACC_MI: 0.9228709159078736 BEST_F1_MA: 0.3347518601712761
[[1706    2   26    1]
 [  35    1    4    1]
 [  25   16   11   18]
 [  19    2    0    0]]
Epoch: [52/200], cls_loss: 0.2911, transfer_loss: 0.6687,person_loss: -1.9532, total_Loss: 0.4302
trian begin
trian end
n_person 383
SAMPLE
F1_MI: 0.7504017139796465 F1_MA: 0.31139197209783986 ACC_MI: 0.7504017139796465 F1_MA: 0.2795068798662288
BEST_F1_MI: 0.9228709159078735 BEST_F1_MA: 0.3538183442451701 BEST_ACC_MI: 0.9228709159078736 BEST_F1_MA: 0.3347518601712761
[[1381  177   80   97]
 [   4    9   14   14]
 [   2   13    4   51]
 [   3    8    3    7]]
Epoch: [53/200], cls_loss: 0.3084, transfer_loss: 0.6860,person_loss: -1.9538, total_Loss: 0.4560
trian begin
trian end
n_person 383
SAMPLE
F1_MI: 0.8500267809319765 F1_MA: 0.2797835313551186 ACC_MI: 0.8500267809319765 F1_MA: 0.2756064374852595
BEST_F1_MI: 0.9228709159078735 BEST_F1_MA: 0.3538183442451701 BEST_ACC_MI: 0.9228709159078736 BEST_F1_MA: 0.3347518601712761
[[1574   14  146    1]
 [  36    1    3    1]
 [  25    3   11   31]
 [  19    1    0    1]]
Epoch: [54/200], cls_loss: 0.3097, transfer_loss: 0.6782,person_loss: -1.9580, total_Loss: 0.4530
trian begin
trian end
n_person 383
SAMPLE
F1_MI: 0.9051955008034279 F1_MA: 0.2922988786852505 ACC_MI: 0.9051955008034279 F1_MA: 0.2927003207098791
BEST_F1_MI: 0.9228709159078735 BEST_F1_MA: 0.3538183442451701 BEST_ACC_MI: 0.9228709159078736 BEST_F1_MA: 0.3347518601712761
[[1682   31   20    2]
 [  35    5    0    1]
 [  21   32    2   15]
 [  13    7    0    1]]
Epoch: [55/200], cls_loss: 0.2949, transfer_loss: 0.6830,person_loss: -1.9579, total_Loss: 0.4406
trian begin
trian end
n_person 383
SAMPLE
F1_MI: 0.03535083020889127 F1_MA: 0.26118780430736704 ACC_MI: 0.03535083020889127 F1_MA: 0.27388768178241857
BEST_F1_MI: 0.9228709159078735 BEST_F1_MA: 0.3538183442451701 BEST_ACC_MI: 0.9228709159078736 BEST_F1_MA: 0.3347518601712761
[[  35  289    9 1402]
 [   0   20    2   19]
 [   2   16    1   51]
 [   0   11    0   10]]
Epoch: [56/200], cls_loss: 0.2872, transfer_loss: 0.6718,person_loss: -1.9584, total_Loss: 0.4273
trian begin
trian end
n_person 383
SAMPLE
F1_MI: 0.8393144081414035 F1_MA: 0.32640878021179015 ACC_MI: 0.8393144081414033 F1_MA: 0.2989999627912601
BEST_F1_MI: 0.9228709159078735 BEST_F1_MA: 0.3538183442451701 BEST_ACC_MI: 0.9228709159078736 BEST_F1_MA: 0.3347518601712761
[[1548   44  125   18]
 [  13    4   15    9]
 [  10   20    8   32]
 [   4    5    5    7]]
Epoch: [57/200], cls_loss: 0.2754, transfer_loss: 0.6659,person_loss: -1.9575, total_Loss: 0.4126
trian begin
trian end
n_person 383
SAMPLE
F1_MI: 0.6791644349223352 F1_MA: 0.35347774467822285 ACC_MI: 0.6791644349223352 F1_MA: 0.296232765546844
BEST_F1_MI: 0.9228709159078735 BEST_F1_MA: 0.3538183442451701 BEST_ACC_MI: 0.9228709159078736 BEST_F1_MA: 0.3347518601712761
[[1234  169   29  303]
 [   3   22    1   15]
 [   4   13    2   51]
 [   2    9    0   10]]
Epoch: [58/200], cls_loss: 0.2920, transfer_loss: 0.6838,person_loss: -1.9562, total_Loss: 0.4383
trian begin
trian end
n_person 383
SAMPLE
F1_MI: 0.07659346545259775 F1_MA: 0.21862855974897066 ACC_MI: 0.07659346545259775 F1_MA: 0.26508982322935815
BEST_F1_MI: 0.9228709159078735 BEST_F1_MA: 0.3538183442451701 BEST_ACC_MI: 0.9228709159078736 BEST_F1_MA: 0.3347518601712761
[[ 115   90 1523    7]
 [   9   11   15    6]
 [   4   20   12   34]
 [   4    8    4    5]]
Epoch: [59/200], cls_loss: 0.3032, transfer_loss: 0.6785,person_loss: -1.9577, total_Loss: 0.4467
trian begin
trian end
n_person 383
SAMPLE
F1_MI: 0.03481521156936261 F1_MA: 0.22418393700951103 ACC_MI: 0.03481521156936261 F1_MA: 0.2675051040279698
BEST_F1_MI: 0.9228709159078735 BEST_F1_MA: 0.3538183442451701 BEST_ACC_MI: 0.9228709159078736 BEST_F1_MA: 0.3347518601712761
[[  32  144 1551    8]
 [   2   18   14    7]
 [   1   23   12   34]
 [   0   14    4    3]]
Epoch: [60/200], cls_loss: 0.2841, transfer_loss: 0.6878,person_loss: -1.9599, total_Loss: 0.4320
trian begin
trian end
n_person 383
SAMPLE
F1_MI: 0.8516336368505624 F1_MA: 0.3565767018479307 ACC_MI: 0.8516336368505624 F1_MA: 0.31340551176218084
BEST_F1_MI: 0.9228709159078735 BEST_F1_MA: 0.3565767018479307 BEST_ACC_MI: 0.9228709159078736 BEST_F1_MA: 0.3347518601712761
[[1565  130   17   23]
 [  15   16    3    7]
 [   9   21    2   38]
 [   4    9    1    7]]
Epoch: [61/200], cls_loss: 0.2920, transfer_loss: 0.6726,person_loss: -1.9610, total_Loss: 0.4322
trian begin
trian end
n_person 383
SAMPLE
F1_MI: 0.8875200856989823 F1_MA: 0.3291004182995815 ACC_MI: 0.8875200856989823 F1_MA: 0.29883500969703913
BEST_F1_MI: 0.9228709159078735 BEST_F1_MA: 0.3565767018479307 BEST_ACC_MI: 0.9228709159078736 BEST_F1_MA: 0.3347518601712761
[[1642   52   26   15]
 [  22    7    3    9]
 [  16   14    1   39]
 [   9    4    1    7]]
Epoch: [62/200], cls_loss: 0.2758, transfer_loss: 0.6812,person_loss: -1.9606, total_Loss: 0.4204
trian begin
trian end
n_person 383
SAMPLE
F1_MI: 0.7734333154793787 F1_MA: 0.33704666215518503 ACC_MI: 0.7734333154793787 F1_MA: 0.2956482263293409
BEST_F1_MI: 0.9228709159078735 BEST_F1_MA: 0.3565767018479307 BEST_ACC_MI: 0.9228709159078736 BEST_F1_MA: 0.3347518601712761
[[1416  131   91   97]
 [   4   15   10   12]
 [   3   13    7   47]
 [   2   11    2    6]]
Epoch: [63/200], cls_loss: 0.2737, transfer_loss: 0.6794,person_loss: -1.9600, total_Loss: 0.4174
trian begin
trian end
n_person 383
SAMPLE
F1_MI: 0.09373326191751473 F1_MA: 0.21762297312427048 ACC_MI: 0.09373326191751473 F1_MA: 0.2548587071815027
BEST_F1_MI: 0.9228709159078735 BEST_F1_MA: 0.3565767018479307 BEST_ACC_MI: 0.9228709159078736 BEST_F1_MA: 0.3347518601712761
[[ 147  105 1475    8]
 [  13   14    8    6]
 [   8   21   10   31]
 [   8    6    3    4]]
Epoch: [64/200], cls_loss: 0.2545, transfer_loss: 0.6739,person_loss: -1.9603, total_Loss: 0.3955
trian begin
trian end
n_person 383
SAMPLE
F1_MI: 0.8875200856989823 F1_MA: 0.31717653574264926 ACC_MI: 0.8875200856989823 F1_MA: 0.29500001134333864
BEST_F1_MI: 0.9228709159078735 BEST_F1_MA: 0.3565767018479307 BEST_ACC_MI: 0.9228709159078736 BEST_F1_MA: 0.3347518601712761
[[1642   58   30    5]
 [  21   11    3    6]
 [  15   18    1   36]
 [  13    5    0    3]]
Epoch: [65/200], cls_loss: 0.2669, transfer_loss: 0.6954,person_loss: -1.9582, total_Loss: 0.4188
trian begin
trian end
n_person 383
SAMPLE
F1_MI: 0.903588644884842 F1_MA: 0.29188696472700315 ACC_MI: 0.903588644884842 F1_MA: 0.2821450077481949
BEST_F1_MI: 0.9228709159078735 BEST_F1_MA: 0.3565767018479307 BEST_ACC_MI: 0.9228709159078736 BEST_F1_MA: 0.3347518601712761
[[1679   30    4   22]
 [  29    6    0    6]
 [  19    5    0   46]
 [  17    2    0    2]]
Epoch: [66/200], cls_loss: 0.2568, transfer_loss: 0.6683,person_loss: -1.9572, total_Loss: 0.3952
trian begin
trian end
n_person 383
SAMPLE
F1_MI: 0.6550615961435458 F1_MA: 0.30825671811024136 ACC_MI: 0.6550615961435458 F1_MA: 0.2872666080674979
BEST_F1_MI: 0.9228709159078735 BEST_F1_MA: 0.3565767018479307 BEST_ACC_MI: 0.9228709159078736 BEST_F1_MA: 0.3347518601712761
[[1195  129  399   12]
 [   6   14   15    6]
 [   4   21   11   34]
 [   4   10    4    3]]
Epoch: [67/200], cls_loss: 0.2352, transfer_loss: 0.6695,person_loss: -1.9574, total_Loss: 0.3742
trian begin
trian end
n_person 383
SAMPLE
F1_MI: 0.7204070701660418 F1_MA: 0.3094738338677062 ACC_MI: 0.7204070701660418 F1_MA: 0.28367772549891324
BEST_F1_MI: 0.9228709159078735 BEST_F1_MA: 0.3565767018479307 BEST_ACC_MI: 0.9228709159078736 BEST_F1_MA: 0.3347518601712761
[[1323  202   33  177]
 [  10   15    5   11]
 [   4   15    3   48]
 [   7    9    1    4]]
Epoch: [68/200], cls_loss: 0.2574, transfer_loss: 0.6852,person_loss: -1.9575, total_Loss: 0.4043
trian begin
trian end
n_person 383
SAMPLE
F1_MI: 0.8221746116764863 F1_MA: 0.2980274874681639 ACC_MI: 0.8221746116764863 F1_MA: 0.2785202423167849
BEST_F1_MI: 0.9228709159078735 BEST_F1_MA: 0.3565767018479307 BEST_ACC_MI: 0.9228709159078736 BEST_F1_MA: 0.3347518601712761
[[1519  141   66    9]
 [  24   11    3    3]
 [  14   20    3   33]
 [  11    8    0    2]]
Epoch: [69/200], cls_loss: 0.2446, transfer_loss: 0.6804,person_loss: -1.9592, total_Loss: 0.3888
trian begin
trian end
n_person 383
SAMPLE
F1_MI: 0.8650241028387788 F1_MA: 0.29421517240400374 ACC_MI: 0.8650241028387788 F1_MA: 0.2801138703815869
BEST_F1_MI: 0.9228709159078735 BEST_F1_MA: 0.3565767018479307 BEST_ACC_MI: 0.9228709159078736 BEST_F1_MA: 0.3347518601712761
[[1604   71   55    5]
 [  23    9    5    4]
 [  15   40    0   15]
 [   9    5    5    2]]
Epoch: [70/200], cls_loss: 0.2533, transfer_loss: 0.6813,person_loss: -1.9584, total_Loss: 0.3981
trian begin
trian end
n_person 383
SAMPLE
F1_MI: 0.807177289769684 F1_MA: 0.32539782909824744 ACC_MI: 0.807177289769684 F1_MA: 0.2906507876296499
BEST_F1_MI: 0.9228709159078735 BEST_F1_MA: 0.3565767018479307 BEST_ACC_MI: 0.9228709159078736 BEST_F1_MA: 0.3347518601712761
[[1485  122  107   21]
 [  12   14    7    8]
 [   8   21    3   38]
 [   6    7    3    5]]
Epoch: [71/200], cls_loss: 0.2458, transfer_loss: 0.6774,person_loss: -1.9564, total_Loss: 0.3888
trian begin
trian end
n_person 383
SAMPLE
F1_MI: 0.8901981788966256 F1_MA: 0.3411729015294166 ACC_MI: 0.8901981788966256 F1_MA: 0.31791580535525304
BEST_F1_MI: 0.9228709159078735 BEST_F1_MA: 0.3565767018479307 BEST_ACC_MI: 0.9228709159078736 BEST_F1_MA: 0.3347518601712761
[[1644   53   32    6]
 [  25   10    1    5]
 [  15   20    3   32]
 [  13    2    1    5]]
Epoch: [72/200], cls_loss: 0.2593, transfer_loss: 0.6770,person_loss: -1.9572, total_Loss: 0.4021
trian begin
trian end
n_person 383
SAMPLE
F1_MI: 0.8473486877343331 F1_MA: 0.30502501086913225 ACC_MI: 0.8473486877343331 F1_MA: 0.2752837977296182
BEST_F1_MI: 0.9228709159078735 BEST_F1_MA: 0.3565767018479307 BEST_ACC_MI: 0.9228709159078736 BEST_F1_MA: 0.3347518601712761
[[1562  129   43    1]
 [  21   18    2    0]
 [  19   39    2   10]
 [  13    4    4    0]]
Epoch: [73/200], cls_loss: 0.2364, transfer_loss: 0.6727,person_loss: -1.9591, total_Loss: 0.3768
trian begin
trian end
n_person 383
SAMPLE
F1_MI: 0.06320299946438136 F1_MA: 0.19889772218973728 ACC_MI: 0.06320299946438136 F1_MA: 0.22893365271809407
BEST_F1_MI: 0.9228709159078735 BEST_F1_MA: 0.3565767018479307 BEST_ACC_MI: 0.9228709159078736 BEST_F1_MA: 0.3347518601712761
[[  92 1574   47   22]
 [   8   21    7    5]
 [   8   26    3   33]
 [   4   11    4    2]]
Epoch: [74/200], cls_loss: 0.2332, transfer_loss: 0.6837,person_loss: -1.9586, total_Loss: 0.3792
trian begin
trian end
n_person 383
SAMPLE
F1_MI: 0.037493304767005894 F1_MA: 0.22021496244087213 ACC_MI: 0.037493304767005894 F1_MA: 0.22276094158268012
BEST_F1_MI: 0.9228709159078735 BEST_F1_MA: 0.3565767018479307 BEST_ACC_MI: 0.9228709159078736 BEST_F1_MA: 0.3347518601712761
[[  40  229   26 1440]
 [   6   25    0   10]
 [   3   18    0   49]
 [   1   13    2    5]]
Epoch: [75/200], cls_loss: 0.2178, transfer_loss: 0.6820,person_loss: -1.9570, total_Loss: 0.3631
trian begin
trian end
n_person 383
SAMPLE
F1_MI: 0.7268344938403856 F1_MA: 0.2970951404825406 ACC_MI: 0.7268344938403857 F1_MA: 0.2757179163384917
BEST_F1_MI: 0.9228709159078735 BEST_F1_MA: 0.3565767018479307 BEST_ACC_MI: 0.9228709159078736 BEST_F1_MA: 0.3347518601712761
[[1336  181  215    3]
 [  18   15    4    4]
 [   9   23    4   34]
 [  11    8    0    2]]
Epoch: [76/200], cls_loss: 0.2157, transfer_loss: 0.6860,person_loss: -1.9622, total_Loss: 0.3624
trian begin
trian end
n_person 383
SAMPLE
F1_MI: 0.8853776111408677 F1_MA: 0.30112035164084267 ACC_MI: 0.8853776111408677 F1_MA: 0.2876654441577065
BEST_F1_MI: 0.9228709159078735 BEST_F1_MA: 0.3565767018479307 BEST_ACC_MI: 0.9228709159078736 BEST_F1_MA: 0.3347518601712761
[[1643   33   53    6]
 [  29    4    3    5]
 [  17   16    2   35]
 [  13    3    1    4]]
Epoch: [77/200], cls_loss: 0.2027, transfer_loss: 0.6701,person_loss: -1.9611, total_Loss: 0.3416
trian begin
trian end
n_person 383
SAMPLE
F1_MI: 0.06802356722013926 F1_MA: 0.21581835157313234 ACC_MI: 0.06802356722013926 F1_MA: 0.2455786655337192
BEST_F1_MI: 0.9228709159078735 BEST_F1_MA: 0.3565767018479307 BEST_ACC_MI: 0.9228709159078736 BEST_F1_MA: 0.3347518601712761
[[  96  185 1448    6]
 [  10   17    7    7]
 [   6   18   11   35]
 [   2   10    6    3]]
Epoch: [78/200], cls_loss: 0.2118, transfer_loss: 0.6731,person_loss: -1.9588, total_Loss: 0.3525
trian begin
trian end
n_person 383
SAMPLE
F1_MI: 0.8639528655597215 F1_MA: 0.32663923524633337 ACC_MI: 0.8639528655597215 F1_MA: 0.2967162704729955
BEST_F1_MI: 0.9228709159078735 BEST_F1_MA: 0.3565767018479307 BEST_ACC_MI: 0.9228709159078736 BEST_F1_MA: 0.3347518601712761
[[1597   76   46   16]
 [  24    7    3    7]
 [  14   22    2   32]
 [   9    3    2    7]]
Epoch: [79/200], cls_loss: 0.2198, transfer_loss: 0.6812,person_loss: -1.9578, total_Loss: 0.3646
trian begin
trian end
n_person 383
SAMPLE
F1_MI: 0.6052490626673809 F1_MA: 0.2959291481852273 ACC_MI: 0.6052490626673809 F1_MA: 0.27167988977442387
BEST_F1_MI: 0.9228709159078735 BEST_F1_MA: 0.3565767018479307 BEST_ACC_MI: 0.9228709159078736 BEST_F1_MA: 0.3347518601712761
[[1104  287  120  224]
 [   6   19    4   12]
 [   3   24    4   39]
 [   2   11    5    3]]
Epoch: [80/200], cls_loss: 0.1877, transfer_loss: 0.6776,person_loss: -1.9591, total_Loss: 0.3306
trian begin
trian end
n_person 383
SAMPLE
F1_MI: 0.5077664702731655 F1_MA: 0.30376400139665416 ACC_MI: 0.5077664702731655 F1_MA: 0.28272833432717154
BEST_F1_MI: 0.9228709159078735 BEST_F1_MA: 0.3565767018479307 BEST_ACC_MI: 0.9228709159078736 BEST_F1_MA: 0.3347518601712761
[[919 729  72  15]
 [  7  20   6   8]
 [  5  24   4  37]
 [  5   7   4   5]]
Epoch: [81/200], cls_loss: 0.2087, transfer_loss: 0.6869,person_loss: -1.9605, total_Loss: 0.3561
trian begin
trian end
n_person 383
SAMPLE
F1_MI: 0.04552758435993572 F1_MA: 0.2088373678245286 ACC_MI: 0.04552758435993572 F1_MA: 0.2503720020295455
BEST_F1_MI: 0.9228709159078735 BEST_F1_MA: 0.3565767018479307 BEST_ACC_MI: 0.9228709159078736 BEST_F1_MA: 0.3347518601712761
[[  54  282   93 1306]
 [   2   24   12    3]
 [   2   23    7   38]
 [   4   13    4    0]]
Epoch: [82/200], cls_loss: 0.2031, transfer_loss: 0.6867,person_loss: -1.9613, total_Loss: 0.3503
trian begin
trian end
n_person 383
SAMPLE
F1_MI: 0.8344938403856454 F1_MA: 0.3241280086330479 ACC_MI: 0.8344938403856454 F1_MA: 0.2952851441487805
BEST_F1_MI: 0.9228709159078735 BEST_F1_MA: 0.3565767018479307 BEST_ACC_MI: 0.9228709159078736 BEST_F1_MA: 0.3347518601712761
[[1538  120   71    6]
 [  18   13    5    5]
 [  11   26    3   30]
 [   6    6    5    4]]
Epoch: [83/200], cls_loss: 0.1930, transfer_loss: 0.6850,person_loss: -1.9631, total_Loss: 0.3392
trian begin
trian end
n_person 383
SAMPLE
F1_MI: 0.1328334226031066 F1_MA: 0.18438890021073276 ACC_MI: 0.1328334226031066 F1_MA: 0.24738534169349188
BEST_F1_MI: 0.9228709159078735 BEST_F1_MA: 0.3565767018479307 BEST_ACC_MI: 0.9228709159078736 BEST_F1_MA: 0.3347518601712761
[[ 228   79 1416   12]
 [  20    7    6    8]
 [   9   15   10   36]
 [   6    7    5    3]]
Epoch: [84/200], cls_loss: 0.1812, transfer_loss: 0.6807,person_loss: -1.9618, total_Loss: 0.3254
trian begin
trian end
n_person 383
SAMPLE
F1_MI: 0.8939475093733261 F1_MA: 0.30050411703421537 ACC_MI: 0.8939475093733262 F1_MA: 0.2874721023972778
BEST_F1_MI: 0.9228709159078735 BEST_F1_MA: 0.3565767018479307 BEST_ACC_MI: 0.9228709159078736 BEST_F1_MA: 0.3347518601712761
[[1660   35   37    3]
 [  29    4    4    4]
 [  20   19    1   30]
 [  12    4    1    4]]
Epoch: [85/200], cls_loss: 0.2061, transfer_loss: 0.6804,person_loss: -1.9626, total_Loss: 0.3500
trian begin
trian end
n_person 383
SAMPLE
F1_MI: 0.7289769683985001 F1_MA: 0.33379854826015487 ACC_MI: 0.7289769683985002 F1_MA: 0.28420529764334923
BEST_F1_MI: 0.9228709159078735 BEST_F1_MA: 0.3565767018479307 BEST_ACC_MI: 0.9228709159078736 BEST_F1_MA: 0.3347518601712761
[[1332  262   58   83]
 [   2   20    2   17]
 [   2   16    2   50]
 [   1   11    2    7]]
Epoch: [86/200], cls_loss: 0.1982, transfer_loss: 0.6778,person_loss: -1.9617, total_Loss: 0.3409
trian begin
trian end
n_person 383
SAMPLE
F1_MI: 0.870915907873594 F1_MA: 0.3259168563524194 ACC_MI: 0.870915907873594 F1_MA: 0.2979807609610079
BEST_F1_MI: 0.9228709159078735 BEST_F1_MA: 0.3565767018479307 BEST_ACC_MI: 0.9228709159078736 BEST_F1_MA: 0.3347518601712761
[[1608   76   39   12]
 [  18   12    3    8]
 [  14   17    2   37]
 [   8    7    2    4]]
Epoch: [87/200], cls_loss: 0.1904, transfer_loss: 0.6799,person_loss: -1.9588, total_Loss: 0.3345
trian begin
trian end
n_person 383
SAMPLE
F1_MI: 0.10444563470808785 F1_MA: 0.1913295246055831 ACC_MI: 0.10444563470808785 F1_MA: 0.2556750483188335
BEST_F1_MI: 0.9228709159078735 BEST_F1_MA: 0.3565767018479307 BEST_ACC_MI: 0.9228709159078736 BEST_F1_MA: 0.3347518601712761
[[ 174   68 1490    3]
 [  17   11    7    6]
 [  13   34    7   16]
 [   9    4    5    3]]
Epoch: [88/200], cls_loss: 0.1757, transfer_loss: 0.6804,person_loss: -1.9589, total_Loss: 0.3200
trian begin
trian end
n_person 383
SAMPLE
F1_MI: 0.9078735940010713 F1_MA: 0.32512690752187295 ACC_MI: 0.9078735940010713 F1_MA: 0.3282176769469745
BEST_F1_MI: 0.9228709159078735 BEST_F1_MA: 0.3565767018479307 BEST_ACC_MI: 0.9228709159078736 BEST_F1_MA: 0.3347518601712761
[[1684   38    9    4]
 [  30    6    0    5]
 [  23   20    2   25]
 [  14    4    0    3]]
Epoch: [89/200], cls_loss: 0.1726, transfer_loss: 0.6705,person_loss: -1.9630, total_Loss: 0.3116
trian begin
trian end
n_person 383
SAMPLE
F1_MI: 0.050348152115693635 F1_MA: 0.22641338358517168 ACC_MI: 0.05034815211569363 F1_MA: 0.23473843887820325
BEST_F1_MI: 0.9228709159078735 BEST_F1_MA: 0.3565767018479307 BEST_ACC_MI: 0.9228709159078736 BEST_F1_MA: 0.3347518601712761
[[  64 1576   28   67]
 [   5   24    1   11]
 [   4   22    1   43]
 [   2   12    2    5]]
Epoch: [90/200], cls_loss: 0.1707, transfer_loss: 0.6781,person_loss: -1.9569, total_Loss: 0.3141
trian begin
trian end
n_person 383
SAMPLE
F1_MI: 0.7005891805034815 F1_MA: 0.3359936594041866 ACC_MI: 0.7005891805034815 F1_MA: 0.2890977229266395
BEST_F1_MI: 0.9228709159078735 BEST_F1_MA: 0.3565767018479307 BEST_ACC_MI: 0.9228709159078736 BEST_F1_MA: 0.3347518601712761
[[1277  251  171   36]
 [   2   19    7   13]
 [   3   19    5   43]
 [   1   11    2    7]]
Epoch: [91/200], cls_loss: 0.1875, transfer_loss: 0.6826,person_loss: -1.9593, total_Loss: 0.3328
trian begin
trian end
n_person 383
SAMPLE
F1_MI: 0.7825388323513658 F1_MA: 0.333210485937956 ACC_MI: 0.7825388323513658 F1_MA: 0.2867559523809524
BEST_F1_MI: 0.9228709159078735 BEST_F1_MA: 0.3565767018479307 BEST_ACC_MI: 0.9228709159078736 BEST_F1_MA: 0.3347518601712761
[[1435  206   20   74]
 [   9   19    2   11]
 [   8   12    1   49]
 [   4   10    1    6]]
Epoch: [92/200], cls_loss: 0.1704, transfer_loss: 0.6796,person_loss: -1.9634, total_Loss: 0.3138
trian begin
trian end
n_person 383
SAMPLE
F1_MI: 0.06052490626673808 F1_MA: 0.21756092615332653 ACC_MI: 0.06052490626673808 F1_MA: 0.24159654124077207
BEST_F1_MI: 0.9228709159078735 BEST_F1_MA: 0.3565767018479307 BEST_ACC_MI: 0.9228709159078736 BEST_F1_MA: 0.3347518601712761
[[  85 1593   17   40]
 [   8   24    0    9]
 [   3   24    1   42]
 [   2   15    1    3]]
Epoch: [93/200], cls_loss: 0.1616, transfer_loss: 0.6764,person_loss: -1.9608, total_Loss: 0.3037
trian begin
trian end
n_person 383
SAMPLE
F1_MI: 0.8923406534547402 F1_MA: 0.3062757082696964 ACC_MI: 0.8923406534547402 F1_MA: 0.293187108030858
BEST_F1_MI: 0.9228709159078735 BEST_F1_MA: 0.3565767018479307 BEST_ACC_MI: 0.9228709159078736 BEST_F1_MA: 0.3347518601712761
[[1654   34   36   11]
 [  27    9    2    3]
 [  20   20    1   29]
 [  15    1    3    2]]
Epoch: [94/200], cls_loss: 0.1632, transfer_loss: 0.6790,person_loss: -1.9625, total_Loss: 0.3064
trian begin
trian end
n_person 383
SAMPLE
F1_MI: 0.7836100696304231 F1_MA: 0.32685108971373994 ACC_MI: 0.7836100696304231 F1_MA: 0.2831809436012381
BEST_F1_MI: 0.9228709159078735 BEST_F1_MA: 0.3565767018479307 BEST_ACC_MI: 0.9228709159078736 BEST_F1_MA: 0.3347518601712761
[[1436  233   25   41]
 [  10   23    1    7]
 [   6   27    1   36]
 [   3   12    3    3]]
Epoch: [95/200], cls_loss: 0.1654, transfer_loss: 0.6769,person_loss: -1.9624, total_Loss: 0.3076
trian begin
trian end
n_person 383
SAMPLE
F1_MI: 0.8966256025709695 F1_MA: 0.30075239193511083 ACC_MI: 0.8966256025709695 F1_MA: 0.2873266852679819
BEST_F1_MI: 0.9228709159078735 BEST_F1_MA: 0.3565767018479307 BEST_ACC_MI: 0.9228709159078736 BEST_F1_MA: 0.3347518601712761
[[1665   32   29    9]
 [  30    4    2    5]
 [  23   18    1   28]
 [  13    3    1    4]]
Epoch: [96/200], cls_loss: 0.1558, transfer_loss: 0.6765,person_loss: -1.9637, total_Loss: 0.2977
trian begin
trian end
n_person 383
SAMPLE
F1_MI: 0.7895018746652382 F1_MA: 0.32261127328360867 ACC_MI: 0.7895018746652384 F1_MA: 0.28849829798099613
BEST_F1_MI: 0.9228709159078735 BEST_F1_MA: 0.3565767018479307 BEST_ACC_MI: 0.9228709159078736 BEST_F1_MA: 0.3347518601712761
[[1450  142   87   56]
 [   7   15    5   14]
 [   5   19    5   41]
 [   6    7    4    4]]
Epoch: [97/200], cls_loss: 0.1641, transfer_loss: 0.6955,person_loss: -1.9625, total_Loss: 0.3156
trian begin
trian end
n_person 383
SAMPLE
F1_MI: 0.044456347080878415 F1_MA: 0.2264325117663022 ACC_MI: 0.044456347080878415 F1_MA: 0.25724904352777916
BEST_F1_MI: 0.9228709159078735 BEST_F1_MA: 0.3565767018479307 BEST_ACC_MI: 0.9228709159078736 BEST_F1_MA: 0.3347518601712761
[[  51  274 1398   12]
 [   3   22    8    8]
 [   2   18    7   43]
 [   0   10    8    3]]
Epoch: [98/200], cls_loss: 0.1524, transfer_loss: 0.6843,person_loss: -1.9604, total_Loss: 0.2985
trian begin
trian end
n_person 383
SAMPLE
F1_MI: 0.788430637386181 F1_MA: 0.334754877761681 ACC_MI: 0.788430637386181 F1_MA: 0.29099119064222423
BEST_F1_MI: 0.9228709159078735 BEST_F1_MA: 0.3565767018479307 BEST_ACC_MI: 0.9228709159078736 BEST_F1_MA: 0.3347518601712761
[[1447  164   48   76]
 [   6   15    4   16]
 [   6   14    3   47]
 [   5    7    2    7]]
Epoch: [99/200], cls_loss: 0.1638, transfer_loss: 0.6820,person_loss: -1.9669, total_Loss: 0.3081
trian begin
trian end
n_person 383
SAMPLE
F1_MI: 0.8205677557579004 F1_MA: 0.3304621024264395 ACC_MI: 0.8205677557579004 F1_MA: 0.2932277264119591
BEST_F1_MI: 0.9228709159078735 BEST_F1_MA: 0.3565767018479307 BEST_ACC_MI: 0.9228709159078736 BEST_F1_MA: 0.3347518601712761
[[1508  193   14   20]
 [  14   20    0    7]
 [   8   32    1   29]
 [   7   10    1    3]]
Epoch: [100/200], cls_loss: 0.1485, transfer_loss: 0.6817,person_loss: -1.9657, total_Loss: 0.2928
trian begin
trian end
n_person 383
SAMPLE
F1_MI: 0.7504017139796465 F1_MA: 0.32160726490533303 ACC_MI: 0.7504017139796465 F1_MA: 0.2830568998148071
BEST_F1_MI: 0.9228709159078735 BEST_F1_MA: 0.3565767018479307 BEST_ACC_MI: 0.9228709159078736 BEST_F1_MA: 0.3347518601712761
[[1375  224   63   73]
 [   7   19    5   10]
 [   3   17    3   47]
 [   0   13    4    4]]
Epoch: [101/200], cls_loss: 0.1580, transfer_loss: 0.6812,person_loss: -1.9633, total_Loss: 0.3022
trian begin
trian end
n_person 383
SAMPLE
F1_MI: 0.04499196572040707 F1_MA: 0.2182014264694349 ACC_MI: 0.04499196572040707 F1_MA: 0.24832184289943524
BEST_F1_MI: 0.9228709159078735 BEST_F1_MA: 0.3565767018479307 BEST_ACC_MI: 0.9228709159078736 BEST_F1_MA: 0.3347518601712761
[[  55  452 1181   47]
 [   1   23    9    8]
 [   3   16    3   48]
 [   1   11    6    3]]
Epoch: [102/200], cls_loss: 0.1449, transfer_loss: 0.6816,person_loss: -1.9633, total_Loss: 0.2894
trian begin
trian end
n_person 383
SAMPLE
F1_MI: 0.7627209426888055 F1_MA: 0.3408615731623403 ACC_MI: 0.7627209426888055 F1_MA: 0.2958821662314841
BEST_F1_MI: 0.9228709159078735 BEST_F1_MA: 0.3565767018479307 BEST_ACC_MI: 0.9228709159078736 BEST_F1_MA: 0.3347518601712761
[[1394  293   21   27]
 [   6   24    2    9]
 [   3   23    2   42]
 [   1   14    2    4]]
Epoch: [103/200], cls_loss: 0.1557, transfer_loss: 0.6826,person_loss: -1.9639, total_Loss: 0.3006
trian begin
trian end
n_person 383
SAMPLE
F1_MI: 0.8837707552222818 F1_MA: 0.3116225234212653 ACC_MI: 0.8837707552222818 F1_MA: 0.2970793637978362
BEST_F1_MI: 0.9228709159078735 BEST_F1_MA: 0.3565767018479307 BEST_ACC_MI: 0.9228709159078736 BEST_F1_MA: 0.3347518601712761
[[1636   72   20    7]
 [  25   10    1    5]
 [  15   23    2   30]
 [  13    5    1    2]]
Epoch: [104/200], cls_loss: 0.1485, transfer_loss: 0.6826,person_loss: -1.9613, total_Loss: 0.2937
trian begin
trian end
n_person 383
SAMPLE
F1_MI: 0.024102838778789503 F1_MA: 0.2220733504044136 ACC_MI: 0.024102838778789503 F1_MA: 0.24493004078525457
BEST_F1_MI: 0.9228709159078735 BEST_F1_MA: 0.3565767018479307 BEST_ACC_MI: 0.9228709159078736 BEST_F1_MA: 0.3347518601712761
[[  16 1620   51   48]
 [   1   22    6   12]
 [   1   22    2   45]
 [   0   13    3    5]]
Epoch: [105/200], cls_loss: 0.1459, transfer_loss: 0.6812,person_loss: -1.9619, total_Loss: 0.2903
trian begin
trian end
n_person 383
SAMPLE
F1_MI: 0.8328869844670594 F1_MA: 0.395059241509456 ACC_MI: 0.8328869844670594 F1_MA: 0.3513962382865559
BEST_F1_MI: 0.9228709159078735 BEST_F1_MA: 0.395059241509456 BEST_ACC_MI: 0.9228709159078736 BEST_F1_MA: 0.3513962382865559
[[1513  170   46    6]
 [  10   23    4    4]
 [   7   27   16   20]
 [   5    9    4    3]]
Epoch: [106/200], cls_loss: 0.1394, transfer_loss: 0.6810,person_loss: -1.9611, total_Loss: 0.2838
trian begin
trian end
n_person 383
SAMPLE
F1_MI: 0.06534547402249598 F1_MA: 0.25599579305034426 ACC_MI: 0.06534547402249598 F1_MA: 0.27365525230896504
BEST_F1_MI: 0.9228709159078735 BEST_F1_MA: 0.395059241509456 BEST_ACC_MI: 0.9228709159078736 BEST_F1_MA: 0.3513962382865559
[[  79   97 1556    3]
 [   6   20   12    3]
 [   4   21   20   25]
 [   3   10    5    3]]
Epoch: [107/200], cls_loss: 0.1418, transfer_loss: 0.6766,person_loss: -1.9669, total_Loss: 0.2834
trian begin
trian end
n_person 383
SAMPLE
F1_MI: 0.7525441885377611 F1_MA: 0.3466826514525643 ACC_MI: 0.7525441885377611 F1_MA: 0.3022793803812599
BEST_F1_MI: 0.9228709159078735 BEST_F1_MA: 0.395059241509456 BEST_ACC_MI: 0.9228709159078736 BEST_F1_MA: 0.3513962382865559
[[1371  321   37    6]
 [   6   28    2    5]
 [   2   44    4   20]
 [   2   14    3    2]]
Epoch: [108/200], cls_loss: 0.1391, transfer_loss: 0.6873,person_loss: -1.9584, total_Loss: 0.2869
trian begin
trian end
n_person 383
SAMPLE
F1_MI: 0.8800214247455811 F1_MA: 0.332093666657454 ACC_MI: 0.8800214247455811 F1_MA: 0.31041305411053305
BEST_F1_MI: 0.9228709159078735 BEST_F1_MA: 0.395059241509456 BEST_ACC_MI: 0.9228709159078736 BEST_F1_MA: 0.3513962382865559
[[1625   67   34    9]
 [  22   10    1    8]
 [  12   24    4   30]
 [   7    7    3    4]]
Epoch: [109/200], cls_loss: 0.1349, transfer_loss: 0.6857,person_loss: -1.9596, total_Loss: 0.2818
trian begin
trian end
n_person 383
SAMPLE
F1_MI: 0.8344938403856454 F1_MA: 0.3347119290179833 ACC_MI: 0.8344938403856454 F1_MA: 0.29767526021169116
BEST_F1_MI: 0.9228709159078735 BEST_F1_MA: 0.395059241509456 BEST_ACC_MI: 0.9228709159078736 BEST_F1_MA: 0.3513962382865559
[[1534  176   20    5]
 [  12   20    4    5]
 [   9   39    1   21]
 [   6   11    1    3]]
Epoch: [110/200], cls_loss: 0.1297, transfer_loss: 0.6851,person_loss: -1.9618, total_Loss: 0.2761
trian begin
trian end
n_person 383
SAMPLE
F1_MI: 0.6202463845741831 F1_MA: 0.31947814986733075 ACC_MI: 0.6202463845741831 F1_MA: 0.28579560765155676
BEST_F1_MI: 0.9228709159078735 BEST_F1_MA: 0.395059241509456 BEST_ACC_MI: 0.9228709159078736 BEST_F1_MA: 0.3513962382865559
[[1126  483  119    7]
 [   4   24    6    7]
 [   3   37    5   25]
 [   3   11    4    3]]
Epoch: [111/200], cls_loss: 0.1333, transfer_loss: 0.6818,person_loss: -1.9647, total_Loss: 0.2777
trian begin
trian end
n_person 383
SAMPLE
F1_MI: 0.07498660953401179 F1_MA: 0.24828308507693045 ACC_MI: 0.07498660953401179 F1_MA: 0.25850091187023766
BEST_F1_MI: 0.9228709159078735 BEST_F1_MA: 0.395059241509456 BEST_ACC_MI: 0.9228709159078736 BEST_F1_MA: 0.3513962382865559
[[ 114  177    5 1439]
 [   2   15    0   24]
 [   2   17    0   51]
 [   1    9    0   11]]
Epoch: [112/200], cls_loss: 0.1353, transfer_loss: 0.6861,person_loss: -1.9661, total_Loss: 0.2818
trian begin
trian end
n_person 383
SAMPLE
F1_MI: 0.8168184252811996 F1_MA: 0.3537628792040324 ACC_MI: 0.8168184252811997 F1_MA: 0.30435109319683523
BEST_F1_MI: 0.9228709159078735 BEST_F1_MA: 0.395059241509456 BEST_ACC_MI: 0.9228709159078736 BEST_F1_MA: 0.3513962382865559
[[1495  193   32   15]
 [   9   23    1    8]
 [   7   31    2   30]
 [   5   10    1    5]]
Epoch: [113/200], cls_loss: 0.1312, transfer_loss: 0.6872,person_loss: -1.9613, total_Loss: 0.2786
trian begin
trian end
n_person 383
SAMPLE
F1_MI: 0.786823781467595 F1_MA: 0.3336091114293271 ACC_MI: 0.786823781467595 F1_MA: 0.2947057163411831
BEST_F1_MI: 0.9228709159078735 BEST_F1_MA: 0.395059241509456 BEST_ACC_MI: 0.9228709159078736 BEST_F1_MA: 0.3513962382865559
[[1445  239   31   20]
 [  14   16    2    9]
 [   9   27    2   32]
 [   7    6    2    6]]
Epoch: [114/200], cls_loss: 0.1109, transfer_loss: 0.6866,person_loss: -1.9668, total_Loss: 0.2575
trian begin
trian end
n_person 383
SAMPLE
F1_MI: 0.032137118371719335 F1_MA: 0.22514278706356497 ACC_MI: 0.032137118371719335 F1_MA: 0.24418798263963376
BEST_F1_MI: 0.9228709159078735 BEST_F1_MA: 0.395059241509456 BEST_ACC_MI: 0.9228709159078736 BEST_F1_MA: 0.3513962382865559
[[  29 1657   33   16]
 [   5   24    5    7]
 [   0   32    3   35]
 [   1   14    2    4]]
Epoch: [115/200], cls_loss: 0.1249, transfer_loss: 0.6667,person_loss: -1.9641, total_Loss: 0.2618
trian begin
trian end
n_person 383
SAMPLE
F1_MI: 0.7750401713979647 F1_MA: 0.33289772710024196 ACC_MI: 0.7750401713979647 F1_MA: 0.29131805548795775
BEST_F1_MI: 0.9228709159078735 BEST_F1_MA: 0.395059241509456 BEST_ACC_MI: 0.9228709159078736 BEST_F1_MA: 0.3513962382865559
[[1419  217   54   45]
 [   9   20    2   10]
 [   5   13    4   48]
 [   4   10    3    4]]
Epoch: [116/200], cls_loss: 0.1231, transfer_loss: 0.6799,person_loss: -1.9654, total_Loss: 0.2665
trian begin
trian end
n_person 383
SAMPLE
F1_MI: 0.05516871987145153 F1_MA: 0.23822366011695448 ACC_MI: 0.05516871987145153 F1_MA: 0.25795628798111625
BEST_F1_MI: 0.9228709159078735 BEST_F1_MA: 0.395059241509456 BEST_ACC_MI: 0.9228709159078736 BEST_F1_MA: 0.3513962382865559
[[  69 1613   49    4]
 [   3   29    6    3]
 [   1   31    3   35]
 [   2   14    3    2]]
Epoch: [117/200], cls_loss: 0.1298, transfer_loss: 0.6851,person_loss: -1.9668, total_Loss: 0.2757
trian begin
trian end
n_person 383
SAMPLE
F1_MI: 0.7905731119442958 F1_MA: 0.32782039929492873 ACC_MI: 0.7905731119442957 F1_MA: 0.29131399933036267
BEST_F1_MI: 0.9228709159078735 BEST_F1_MA: 0.395059241509456 BEST_ACC_MI: 0.9228709159078736 BEST_F1_MA: 0.3513962382865559
[[1450  190   78   17]
 [   9   19    5    8]
 [   4   39    4   23]
 [   4   12    2    3]]
Epoch: [118/200], cls_loss: 0.1057, transfer_loss: 0.6820,person_loss: -1.9628, total_Loss: 0.2504
trian begin
trian end
n_person 383
SAMPLE
F1_MI: 0.7878950187466522 F1_MA: 0.3327177118571015 ACC_MI: 0.7878950187466524 F1_MA: 0.29237606501553887
BEST_F1_MI: 0.9228709159078735 BEST_F1_MA: 0.395059241509456 BEST_ACC_MI: 0.9228709159078736 BEST_F1_MA: 0.3513962382865559
[[1443  221   61   10]
 [   7   21    7    6]
 [   6   20    4   40]
 [   5   11    2    3]]
Epoch: [119/200], cls_loss: 0.1265, transfer_loss: 0.6885,person_loss: -1.9651, total_Loss: 0.2742
trian begin
trian end
n_person 383
SAMPLE
F1_MI: 0.025709694697375468 F1_MA: 0.22809353081782047 ACC_MI: 0.025709694697375468 F1_MA: 0.2463949203014703
BEST_F1_MI: 0.9228709159078735 BEST_F1_MA: 0.395059241509456 BEST_ACC_MI: 0.9228709159078736 BEST_F1_MA: 0.3513962382865559
[[  16  319   36 1364]
 [   1   28    5    7]
 [   0   26    1   43]
 [   1   14    3    3]]
Epoch: [120/200], cls_loss: 0.1113, transfer_loss: 0.6888,person_loss: -1.9643, total_Loss: 0.2592
trian begin
trian end
n_person 383
SAMPLE
F1_MI: 0.6823781467595073 F1_MA: 0.3025354157790287 ACC_MI: 0.6823781467595073 F1_MA: 0.278507036031022
BEST_F1_MI: 0.9228709159078735 BEST_F1_MA: 0.395059241509456 BEST_ACC_MI: 0.9228709159078736 BEST_F1_MA: 0.3513962382865559
[[1251  256   75  153]
 [   2   14    8   17]
 [   3   17    5   45]
 [   2   11    4    4]]
Epoch: [121/200], cls_loss: 0.1258, transfer_loss: 0.6883,person_loss: -1.9654, total_Loss: 0.2734
trian begin
trian end
n_person 383
SAMPLE
F1_MI: 0.8735940010712373 F1_MA: 0.331193598846223 ACC_MI: 0.8735940010712373 F1_MA: 0.3076920117766146
BEST_F1_MI: 0.9228709159078735 BEST_F1_MA: 0.395059241509456 BEST_ACC_MI: 0.9228709159078736 BEST_F1_MA: 0.3513962382865559
[[1613   63   46   13]
 [  21    8    5    7]
 [  15   17    5   33]
 [   9    4    3    5]]
Epoch: [122/200], cls_loss: 0.1155, transfer_loss: 0.6842,person_loss: -1.9669, total_Loss: 0.2610
trian begin
trian end
n_person 383
SAMPLE
F1_MI: 0.7937868237814677 F1_MA: 0.3344764001177362 ACC_MI: 0.7937868237814676 F1_MA: 0.2967962652627807
BEST_F1_MI: 0.9228709159078735 BEST_F1_MA: 0.395059241509456 BEST_ACC_MI: 0.9228709159078736 BEST_F1_MA: 0.3513962382865559
[[1455  135  118   27]
 [   7   14    9   11]
 [   6   15    8   41]
 [   3    8    5    5]]
Epoch: [123/200], cls_loss: 0.0990, transfer_loss: 0.6846,person_loss: -1.9697, total_Loss: 0.2443
trian begin
trian end
n_person 383
SAMPLE
F1_MI: 0.8805570433851098 F1_MA: 0.34314655547691175 ACC_MI: 0.8805570433851098 F1_MA: 0.32072778889030107
BEST_F1_MI: 0.9228709159078735 BEST_F1_MA: 0.395059241509456 BEST_ACC_MI: 0.9228709159078736 BEST_F1_MA: 0.3513962382865559
[[1625   78   27    5]
 [  23   10    4    4]
 [  15   22    4   29]
 [   7    7    2    5]]
Epoch: [124/200], cls_loss: 0.1119, transfer_loss: 0.6853,person_loss: -1.9660, total_Loss: 0.2580
trian begin
trian end
n_person 383
SAMPLE
F1_MI: 0.7777182645956079 F1_MA: 0.33621928546469576 ACC_MI: 0.7777182645956079 F1_MA: 0.2857295345639994
BEST_F1_MI: 0.9228709159078735 BEST_F1_MA: 0.395059241509456 BEST_ACC_MI: 0.9228709159078736 BEST_F1_MA: 0.3513962382865559
[[1423  215   31   66]
 [   6   23    2   10]
 [   5   22    1   42]
 [   6    9    1    5]]
Epoch: [125/200], cls_loss: 0.1150, transfer_loss: 0.6811,person_loss: -1.9655, total_Loss: 0.2590
trian begin
trian end
n_person 383
SAMPLE
F1_MI: 0.9094804499196572 F1_MA: 0.28099564356483175 ACC_MI: 0.9094804499196572 F1_MA: 0.28070130068843496
BEST_F1_MI: 0.9228709159078735 BEST_F1_MA: 0.395059241509456 BEST_ACC_MI: 0.9228709159078736 BEST_F1_MA: 0.3513962382865559
[[1691   19   23    2]
 [  30    5    3    3]
 [  22   27    2   19]
 [  18    0    3    0]]
Epoch: [126/200], cls_loss: 0.1006, transfer_loss: 0.6828,person_loss: -1.9658, total_Loss: 0.2454
trian begin
trian end
n_person 383
SAMPLE
F1_MI: 0.8928762720942688 F1_MA: 0.33479467107468586 ACC_MI: 0.8928762720942689 F1_MA: 0.30724308919931387
BEST_F1_MI: 0.9228709159078735 BEST_F1_MA: 0.395059241509456 BEST_ACC_MI: 0.9228709159078736 BEST_F1_MA: 0.3513962382865559
[[1651   44   22   18]
 [  22    9    1    9]
 [  21   27    1   21]
 [  12    3    0    6]]
Epoch: [127/200], cls_loss: 0.1041, transfer_loss: 0.6804,person_loss: -1.9679, total_Loss: 0.2475
trian begin
trian end
n_person 383
SAMPLE
F1_MI: 0.6668452062131762 F1_MA: 0.3206970548793961 ACC_MI: 0.6668452062131762 F1_MA: 0.292787801036394
BEST_F1_MI: 0.9228709159078735 BEST_F1_MA: 0.395059241509456 BEST_ACC_MI: 0.9228709159078736 BEST_F1_MA: 0.3513962382865559
[[1213  145  368    9]
 [   2   16   17    6]
 [   3   22   13   32]
 [   1    7   10    3]]
Epoch: [128/200], cls_loss: 0.1089, transfer_loss: 0.6758,person_loss: -1.9661, total_Loss: 0.2502
trian begin
trian end
n_person 383
SAMPLE
F1_MI: 0.6352437064809855 F1_MA: 0.28541333348342435 ACC_MI: 0.6352437064809855 F1_MA: 0.2735710217729067
BEST_F1_MI: 0.9228709159078735 BEST_F1_MA: 0.395059241509456 BEST_ACC_MI: 0.9228709159078736 BEST_F1_MA: 0.3513962382865559
[[1164  191  362   18]
 [   6   14   10   11]
 [   2   29    6   33]
 [   4    9    6    2]]
Epoch: [129/200], cls_loss: 0.1040, transfer_loss: 0.6782,person_loss: -1.9639, total_Loss: 0.2467
trian begin
trian end
n_person 383
SAMPLE
F1_MI: 0.4295661489019818 F1_MA: 0.27396459833319403 ACC_MI: 0.4295661489019818 F1_MA: 0.2680049245191867
BEST_F1_MI: 0.9228709159078735 BEST_F1_MA: 0.395059241509456 BEST_ACC_MI: 0.9228709159078736 BEST_F1_MA: 0.3513962382865559
[[776 818  57  84]
 [  5  20   7   9]
 [  3  24   3  40]
 [  4  10   4   3]]
Epoch: [130/200], cls_loss: 0.1017, transfer_loss: 0.6754,person_loss: -1.9660, total_Loss: 0.2428
trian begin
trian end
n_person 383
SAMPLE
F1_MI: 0.790037493304767 F1_MA: 0.3260848501492442 ACC_MI: 0.790037493304767 F1_MA: 0.28432594822884194
BEST_F1_MI: 0.9228709159078735 BEST_F1_MA: 0.395059241509456 BEST_ACC_MI: 0.9228709159078736 BEST_F1_MA: 0.3513962382865559
[[1449  238   23   25]
 [   8   22    4    7]
 [   6   28    1   35]
 [   6   11    1    3]]
Epoch: [131/200], cls_loss: 0.0862, transfer_loss: 0.6841,person_loss: -1.9679, total_Loss: 0.2314
trian begin
trian end
n_person 383
SAMPLE
F1_MI: 0.760578468130691 F1_MA: 0.31717235917818726 ACC_MI: 0.760578468130691 F1_MA: 0.28852276569267477
BEST_F1_MI: 0.9228709159078735 BEST_F1_MA: 0.395059241509456 BEST_ACC_MI: 0.9228709159078736 BEST_F1_MA: 0.3513962382865559
[[1397  210   46   82]
 [   9   14    6   12]
 [   6   15    5   44]
 [   7    8    2    4]]
Epoch: [132/200], cls_loss: 0.0960, transfer_loss: 0.6834,person_loss: -1.9668, total_Loss: 0.2410
trian begin
trian end
n_person 383
SAMPLE
F1_MI: 0.7686127477236208 F1_MA: 0.3161264472928927 ACC_MI: 0.7686127477236208 F1_MA: 0.27897251590961675
BEST_F1_MI: 0.9228709159078735 BEST_F1_MA: 0.395059241509456 BEST_ACC_MI: 0.9228709159078736 BEST_F1_MA: 0.3513962382865559
[[1410  278   36   11]
 [  11   22    5    3]
 [   7   36    1   26]
 [   7    8    4    2]]
Epoch: [133/200], cls_loss: 0.0935, transfer_loss: 0.6867,person_loss: -1.9676, total_Loss: 0.2401
trian begin
trian end
n_person 383
SAMPLE
F1_MI: 0.8494911622924478 F1_MA: 0.3423872617881942 ACC_MI: 0.8494911622924478 F1_MA: 0.3034876682405891
BEST_F1_MI: 0.9228709159078735 BEST_F1_MA: 0.395059241509456 BEST_ACC_MI: 0.9228709159078736 BEST_F1_MA: 0.3513962382865559
[[1563   99   53   20]
 [  11   14    6   10]
 [   9   25    3   33]
 [   6    5    4    6]]
Epoch: [134/200], cls_loss: 0.0962, transfer_loss: 0.6849,person_loss: -1.9683, total_Loss: 0.2419
trian begin
trian end
n_person 383
SAMPLE
F1_MI: 0.8934118907337976 F1_MA: 0.3253270659102567 ACC_MI: 0.8934118907337976 F1_MA: 0.30567617233134897
BEST_F1_MI: 0.9228709159078735 BEST_F1_MA: 0.395059241509456 BEST_ACC_MI: 0.9228709159078736 BEST_F1_MA: 0.3513962382865559
[[1654   43   32    6]
 [  26    7    2    6]
 [  22   16    2   30]
 [   7    6    3    5]]
Epoch: [135/200], cls_loss: 0.0935, transfer_loss: 0.6815,person_loss: -1.9690, total_Loss: 0.2374
trian begin
trian end
n_person 383
SAMPLE
F1_MI: 0.8607391537225495 F1_MA: 0.32042518244194473 ACC_MI: 0.8607391537225495 F1_MA: 0.29638598654823073
BEST_F1_MI: 0.9228709159078735 BEST_F1_MA: 0.395059241509456 BEST_ACC_MI: 0.9228709159078736 BEST_F1_MA: 0.3513962382865559
[[1588   88   55    4]
 [  18   14    5    4]
 [  15   32    3   20]
 [   8    8    3    2]]
Epoch: [136/200], cls_loss: 0.0905, transfer_loss: 0.6847,person_loss: -1.9688, total_Loss: 0.2360
trian begin
trian end
n_person 383
SAMPLE
F1_MI: 0.8912694161756829 F1_MA: 0.29095106761600614 ACC_MI: 0.8912694161756829 F1_MA: 0.27718264782748453
BEST_F1_MI: 0.9228709159078735 BEST_F1_MA: 0.395059241509456 BEST_ACC_MI: 0.9228709159078736 BEST_F1_MA: 0.3513962382865559
[[1652   46   35    2]
 [  24   10    5    2]
 [  18   43    2    7]
 [  14    3    4    0]]
Epoch: [137/200], cls_loss: 0.0908, transfer_loss: 0.6815,person_loss: -1.9640, total_Loss: 0.2352
trian begin
trian end
n_person 383
SAMPLE
F1_MI: 0.8564542046063202 F1_MA: 0.3274409929476598 ACC_MI: 0.8564542046063203 F1_MA: 0.29189308355247745
BEST_F1_MI: 0.9228709159078735 BEST_F1_MA: 0.395059241509456 BEST_ACC_MI: 0.9228709159078736 BEST_F1_MA: 0.3513962382865559
[[1578  134   19    4]
 [  20   18    0    3]
 [  16   35    0   19]
 [  13    4    1    3]]
Epoch: [138/200], cls_loss: 0.0800, transfer_loss: 0.6742,person_loss: -1.9636, total_Loss: 0.2208
trian begin
trian end
n_person 383
SAMPLE
F1_MI: 0.8462774504552758 F1_MA: 0.3419586571981752 ACC_MI: 0.8462774504552758 F1_MA: 0.301577791215202
BEST_F1_MI: 0.9228709159078735 BEST_F1_MA: 0.395059241509456 BEST_ACC_MI: 0.9228709159078736 BEST_F1_MA: 0.3513962382865559
[[1554  141   31    9]
 [  12   21    2    6]
 [  11   29    2   28]
 [   7   10    1    3]]
Epoch: [139/200], cls_loss: 0.0955, transfer_loss: 0.6878,person_loss: -1.9668, total_Loss: 0.2427
trian begin
trian end
n_person 383
SAMPLE
F1_MI: 0.03963577932512052 F1_MA: 0.2287440949150955 ACC_MI: 0.03963577932512052 F1_MA: 0.25764629886315815
BEST_F1_MI: 0.9228709159078735 BEST_F1_MA: 0.395059241509456 BEST_ACC_MI: 0.9228709159078736 BEST_F1_MA: 0.3513962382865559
[[  44  224 1453   14]
 [   3   20    9    9]
 [   2   25    5   38]
 [   1   11    4    5]]
Epoch: [140/200], cls_loss: 0.0974, transfer_loss: 0.6847,person_loss: -1.9714, total_Loss: 0.2426
trian begin
trian end
n_person 383
SAMPLE
F1_MI: 0.8612747723620782 F1_MA: 0.32471345209647917 ACC_MI: 0.8612747723620782 F1_MA: 0.311036218436861
BEST_F1_MI: 0.9228709159078735 BEST_F1_MA: 0.395059241509456 BEST_ACC_MI: 0.9228709159078736 BEST_F1_MA: 0.3513962382865559
[[1588   39  106    2]
 [  16    9   15    1]
 [  13   32    9   16]
 [   5    6    8    2]]
Epoch: [141/200], cls_loss: 0.0919, transfer_loss: 0.6854,person_loss: -1.9711, total_Loss: 0.2375
trian begin
trian end
n_person 383
SAMPLE
F1_MI: 0.8569898232458489 F1_MA: 0.3286219950248282 ACC_MI: 0.8569898232458489 F1_MA: 0.30036943826785173
BEST_F1_MI: 0.9228709159078735 BEST_F1_MA: 0.395059241509456 BEST_ACC_MI: 0.9228709159078736 BEST_F1_MA: 0.3513962382865559
[[1580   69   65   21]
 [  16   12    4    9]
 [  12   23    4   31]
 [  10    5    2    4]]
Epoch: [142/200], cls_loss: 0.0880, transfer_loss: 0.6896,person_loss: -1.9729, total_Loss: 0.2355
trian begin
trian end
n_person 383
SAMPLE
F1_MI: 0.8628816282806643 F1_MA: 0.3365789455432709 ACC_MI: 0.8628816282806642 F1_MA: 0.3116775142560372
BEST_F1_MI: 0.9228709159078735 BEST_F1_MA: 0.395059241509456 BEST_ACC_MI: 0.9228709159078736 BEST_F1_MA: 0.3513962382865559
[[1593  111    7   24]
 [  18   12    0   11]
 [  10   23    1   36]
 [   7    9    0    5]]
Epoch: [143/200], cls_loss: 0.0826, transfer_loss: 0.6879,person_loss: -1.9748, total_Loss: 0.2290
trian begin
trian end
n_person 383
SAMPLE
F1_MI: 0.698446705945367 F1_MA: 0.31677609112305455 ACC_MI: 0.698446705945367 F1_MA: 0.28564800550659497
BEST_F1_MI: 0.9228709159078735 BEST_F1_MA: 0.395059241509456 BEST_ACC_MI: 0.9228709159078736 BEST_F1_MA: 0.3513962382865559
[[1280  179   50  226]
 [   5   14    4   18]
 [   2   15    4   49]
 [   1   10    4    6]]
Epoch: [144/200], cls_loss: 0.0810, transfer_loss: 0.6869,person_loss: -1.9726, total_Loss: 0.2272
trian begin
trian end
n_person 383
SAMPLE
F1_MI: 0.7450455275843599 F1_MA: 0.31775099914105753 ACC_MI: 0.7450455275843599 F1_MA: 0.27836581100781493
BEST_F1_MI: 0.9228709159078735 BEST_F1_MA: 0.395059241509456 BEST_ACC_MI: 0.9228709159078736 BEST_F1_MA: 0.3513962382865559
[[1365  311   36   23]
 [   7   22    4    8]
 [   4   28    1   37]
 [   3   11    4    3]]
Epoch: [145/200], cls_loss: 0.0897, transfer_loss: 0.6898,person_loss: -1.9722, total_Loss: 0.2373
trian begin
trian end
n_person 383
SAMPLE
F1_MI: 0.8559185859667916 F1_MA: 0.3061817987491834 ACC_MI: 0.8559185859667916 F1_MA: 0.2779153725779614
BEST_F1_MI: 0.9228709159078735 BEST_F1_MA: 0.395059241509456 BEST_ACC_MI: 0.9228709159078736 BEST_F1_MA: 0.3513962382865559
[[1579  127   22    7]
 [  17   18    2    4]
 [  12   27    1   30]
 [   9    9    3    0]]
Epoch: [146/200], cls_loss: 0.0820, transfer_loss: 0.6880,person_loss: -1.9744, total_Loss: 0.2286
trian begin
trian end
n_person 383
SAMPLE
F1_MI: 0.8677021960364221 F1_MA: 0.3064796625501975 ACC_MI: 0.8677021960364221 F1_MA: 0.28673300627010273
BEST_F1_MI: 0.9228709159078735 BEST_F1_MA: 0.395059241509456 BEST_ACC_MI: 0.9228709159078736 BEST_F1_MA: 0.3513962382865559
[[1606   77   39   13]
 [  19    9    4    9]
 [  12   15    2   41]
 [   9    6    3    3]]
Epoch: [147/200], cls_loss: 0.0874, transfer_loss: 0.6865,person_loss: -1.9739, total_Loss: 0.2333
trian begin
trian end
n_person 383
SAMPLE
F1_MI: 0.8044991965720406 F1_MA: 0.30398599971157925 ACC_MI: 0.8044991965720407 F1_MA: 0.2813279503527281
BEST_F1_MI: 0.9228709159078735 BEST_F1_MA: 0.395059241509456 BEST_ACC_MI: 0.9228709159078736 BEST_F1_MA: 0.3513962382865559
[[1486  111  112   26]
 [   9    7   12   13]
 [   9   18    4   39]
 [   2    9    5    5]]
Epoch: [148/200], cls_loss: 0.0809, transfer_loss: 0.6871,person_loss: -1.9728, total_Loss: 0.2272
trian begin
trian end
n_person 383
SAMPLE
F1_MI: 0.8859132297803963 F1_MA: 0.2968884304064103 ACC_MI: 0.8859132297803963 F1_MA: 0.27607795405344204
BEST_F1_MI: 0.9228709159078735 BEST_F1_MA: 0.395059241509456 BEST_ACC_MI: 0.9228709159078736 BEST_F1_MA: 0.3513962382865559
[[1644   71   13    7]
 [  26    6    1    8]
 [  18   20    0   32]
 [  11    6    0    4]]
Epoch: [149/200], cls_loss: 0.0767, transfer_loss: 0.6857,person_loss: -1.9741, total_Loss: 0.2221
trian begin
trian end
n_person 383
SAMPLE
F1_MI: 0.7841456882699518 F1_MA: 0.3076793438414492 ACC_MI: 0.7841456882699518 F1_MA: 0.2792615399771369
BEST_F1_MI: 0.9228709159078735 BEST_F1_MA: 0.395059241509456 BEST_ACC_MI: 0.9228709159078736 BEST_F1_MA: 0.3513962382865559
[[1443  231   47   14]
 [  11   17    6    7]
 [   7   35    2   26]
 [   5   10    4    2]]
Epoch: [150/200], cls_loss: 0.0969, transfer_loss: 0.6832,person_loss: -1.9747, total_Loss: 0.2411
trian begin
trian end
n_person 383
SAMPLE
F1_MI: 0.8575254418853777 F1_MA: 0.3055895658118563 ACC_MI: 0.8575254418853776 F1_MA: 0.279350379222166
BEST_F1_MI: 0.9228709159078735 BEST_F1_MA: 0.395059241509456 BEST_ACC_MI: 0.9228709159078736 BEST_F1_MA: 0.3513962382865559
[[1587  104   32   12]
 [  20   10    2    9]
 [  15   27    0   28]
 [   6    8    3    4]]
Epoch: [151/200], cls_loss: 0.0818, transfer_loss: 0.6867,person_loss: -1.9733, total_Loss: 0.2278
trian begin
trian end
n_person 383
SAMPLE
F1_MI: 0.8607391537225495 F1_MA: 0.3073340933483121 ACC_MI: 0.8607391537225495 F1_MA: 0.29073631522665855
BEST_F1_MI: 0.9228709159078735 BEST_F1_MA: 0.395059241509456 BEST_ACC_MI: 0.9228709159078736 BEST_F1_MA: 0.3513962382865559
[[1590   79   62    4]
 [  21   11    7    2]
 [  12   36    5   17]
 [   8    9    3    1]]
Epoch: [152/200], cls_loss: 0.0846, transfer_loss: 0.6908,person_loss: -1.9731, total_Loss: 0.2327
trian begin
trian end
n_person 383
SAMPLE
F1_MI: 0.8157471880021425 F1_MA: 0.34233301391839516 ACC_MI: 0.8157471880021425 F1_MA: 0.29539889375709794
BEST_F1_MI: 0.9228709159078735 BEST_F1_MA: 0.395059241509456 BEST_ACC_MI: 0.9228709159078736 BEST_F1_MA: 0.3513962382865559
[[1494  216   21    4]
 [  11   25    3    2]
 [   7   28    1   34]
 [   3   13    2    3]]
Epoch: [153/200], cls_loss: 0.0741, transfer_loss: 0.6905,person_loss: -1.9754, total_Loss: 0.2218
trian begin
trian end
n_person 383
SAMPLE
F1_MI: 0.7354043920728441 F1_MA: 0.32758422840944557 ACC_MI: 0.7354043920728441 F1_MA: 0.2921784662510657
BEST_F1_MI: 0.9228709159078735 BEST_F1_MA: 0.395059241509456 BEST_ACC_MI: 0.9228709159078736 BEST_F1_MA: 0.3513962382865559
[[1344  150  229   12]
 [   3   20   12    6]
 [   6   25    6   33]
 [   2   10    6    3]]
Epoch: [154/200], cls_loss: 0.0740, transfer_loss: 0.6824,person_loss: -1.9754, total_Loss: 0.2177
trian begin
trian end
n_person 383
SAMPLE
F1_MI: 0.888055704338511 F1_MA: 0.31185952746230006 ACC_MI: 0.888055704338511 F1_MA: 0.2898830608287518
BEST_F1_MI: 0.9228709159078735 BEST_F1_MA: 0.395059241509456 BEST_ACC_MI: 0.9228709159078736 BEST_F1_MA: 0.3513962382865559
[[1642   59   30    4]
 [  19   14    5    3]
 [  15   38    1   16]
 [  10    8    2    1]]
Epoch: [155/200], cls_loss: 0.0761, transfer_loss: 0.6839,person_loss: -1.9733, total_Loss: 0.2207
trian begin
trian end
n_person 383
SAMPLE
F1_MI: 0.8377075522228173 F1_MA: 0.34044218849847085 ACC_MI: 0.8377075522228173 F1_MA: 0.29850254032509915
BEST_F1_MI: 0.9228709159078735 BEST_F1_MA: 0.395059241509456 BEST_ACC_MI: 0.9228709159078736 BEST_F1_MA: 0.3513962382865559
[[1536  139   54    6]
 [  11   23    3    4]
 [  10   28    3   29]
 [   5   10    4    2]]
Epoch: [156/200], cls_loss: 0.0781, transfer_loss: 0.6884,person_loss: -1.9758, total_Loss: 0.2247
[[1513  170   46    6]
 [  10   23    4    4]
 [   7   27   16   20]
 [   5    9    4    3]]
[[1720    6    8    1]
 [  37    2    1    1]
 [  25   12    0   33]
 [  18    2    0    1]]
WHAT: True
SVAE_RESULT
{'best_f1': 0.395059241509456, 'best_matrix': [[1720, 6, 8, 1], [37, 2, 1, 1], [25, 12, 0, 33], [18, 2, 0, 1]], 'args': 0.1}
{"best_f1": 0.395059241509456, "best_matrix": [[1720, 6, 8, 1], [37, 2, 1, 1], [25, 12, 0, 33], [18, 2, 0, 1]], "args": 0.1}
ARG: Namespace(backbone='resnet50', batch_size=32, config='DANN/DANN.yaml', data_dir='data', device=device(type='cuda'), early_stop=50, epoch_based_training=False, lr=0.003, lr_decay=0.75, lr_gamma=0.0003, lr_scheduler=True, max_iter=20000, method='True', momentum=0.9, myweight=0.1, n_class=4, n_epoch=200, n_iter_per_epoch=100, num_workers=3, seed=1, src_domain='45', tgt_domain='63G', tname='transfer', transfer_loss='adv', transfer_loss_weight=0.5, use_bottleneck=True, weight_decay=0.0005)
