lmmd 1 45 63G DSAN/DSAN.yaml True
Namespace(backbone='resnet50', batch_size=32, config='DSAN/DSAN.yaml', data_dir='data', device=device(type='cuda'), early_stop=50, epoch_based_training=False, lr=0.003, lr_decay=0.75, lr_gamma=0.0003, lr_scheduler=True, method='True', momentum=0.9, myweight=0.1, n_epoch=200, n_iter_per_epoch=200, num_workers=3, seed=1, src_domain='45', tgt_domain='63G', tname='transfer', transfer_loss='lmmd', transfer_loss_weight=0.5, use_bottleneck=True, weight_decay=0.0005)
JUST DO IT
run my Parkinson code
transfer
TRAIN Length: 16311 745 TEST Length: 1867 383
YYY: 0 3
DATA_PROFILE   train: 16311 train2: 1867 test: 1867
DATASET.SHAPE: <data_loader.GetTrainLoader object at 0x7fc8f75e7850> True
DATASET.SHAPE: <data_loader.GetTrainLoader object at 0x7fc8ff7a6880> True
DATASET.SHAPE: <data_loader.GetTestLoader object at 0x7fc8f75e76d0> False
CLASS: 4 383
LLL: {}
BOTTLENECK_LIST: [Linear(in_features=512, out_features=256, bias=True), ReLU()]
TYPE: {'loss_type': 'lmmd', 'max_iter': 40000, 'num_class': 4, 'my_person_item': <my_person_item.PersonItem object at 0x7fc8ff7a1e20>}
KWARGS {'my_person_item': <my_person_item.PersonItem object at 0x7fc8ff7a1e20>}
initial_lr 1.0
transfer_world
method True <class 'str'>
1.8.1+cu111
True
LEN: 0 0
LOADER: <data_loader.InfiniteDataLoader object at 0x7fc8ff7a6190> <data_loader.InfiniteDataLoader object at 0x7fc8f76618b0>
N_batch: 200
trian begin
trian end
n_person 383
SAMPLE
F1_MI: 0.03427959292983396 F1_MA: 0.24521022873640225 ACC_MI: 0.03427959292983396 F1_MA: 0.24216535493819527
BEST_F1_MI: 0.03427959292983396 BEST_F1_MA: 0.24521022873640225 BEST_ACC_MI: 0.03427959292983396 BEST_F1_MA: 0.24216535493819527
[[  38    0 1303  394]
 [   0    0    9   32]
 [   3    0    8   59]
 [   0    0    3   18]]
Epoch: [ 1/200], cls_loss: 0.8987, transfer_loss: 0.0006,person_loss: -1.9111, total_Loss: 0.7078
trian begin
trian end
n_person 383
SAMPLE
F1_MI: 0.8323513658275308 F1_MA: 0.33451681398651395 ACC_MI: 0.8323513658275308 F1_MA: 0.28797796032288514
BEST_F1_MI: 0.8323513658275308 BEST_F1_MA: 0.33451681398651395 BEST_ACC_MI: 0.8323513658275308 BEST_F1_MA: 0.28797796032288514
[[1536   36   41  122]
 [  18    2    2   19]
 [   8    4    3   55]
 [   6    0    2   13]]
Epoch: [ 2/200], cls_loss: 0.7539, transfer_loss: 0.0017,person_loss: -1.9272, total_Loss: 0.5620
trian begin
trian end
n_person 383
SAMPLE
F1_MI: 0.8264595607927155 F1_MA: 0.265334017810236 ACC_MI: 0.8264595607927155 F1_MA: 0.26029617925577203
BEST_F1_MI: 0.8323513658275308 BEST_F1_MA: 0.33451681398651395 BEST_ACC_MI: 0.8323513658275308 BEST_F1_MA: 0.28797796032288514
[[1536  110   63   26]
 [  25    3    6    7]
 [  19    4    2   45]
 [  14    4    1    2]]
Epoch: [ 3/200], cls_loss: 0.6889, transfer_loss: 0.0030,person_loss: -1.9397, total_Loss: 0.4964
trian begin
trian end
n_person 383
SAMPLE
F1_MI: 0.07177289769683985 F1_MA: 0.20272049138222578 ACC_MI: 0.07177289769683985 F1_MA: 0.20485290585223057
BEST_F1_MI: 0.8323513658275308 BEST_F1_MA: 0.33451681398651395 BEST_ACC_MI: 0.8323513658275308 BEST_F1_MA: 0.28797796032288514
[[113 854 191 577]
 [ 17   7   3  14]
 [  9   7   3  51]
 [  6   4   0  11]]
Epoch: [ 4/200], cls_loss: 0.6581, transfer_loss: 0.0045,person_loss: -1.9486, total_Loss: 0.4655
trian begin
trian end
n_person 383
SAMPLE
F1_MI: 0.9196572040707016 F1_MA: 0.31616147870351113 ACC_MI: 0.9196572040707016 F1_MA: 0.3496393707641609
BEST_F1_MI: 0.9196572040707016 BEST_F1_MA: 0.33451681398651395 BEST_ACC_MI: 0.9196572040707016 BEST_F1_MA: 0.3496393707641609
[[1705   16   14    0]
 [  40    0    1    0]
 [  23    6   12   29]
 [  19    2    0    0]]
Epoch: [ 5/200], cls_loss: 0.6380, transfer_loss: 0.0063,person_loss: -1.9466, total_Loss: 0.4465
trian begin
trian end
n_person 383
SAMPLE
F1_MI: 0.8457418318157471 F1_MA: 0.3285170303866754 ACC_MI: 0.8457418318157471 F1_MA: 0.28218696590008296
BEST_F1_MI: 0.9196572040707016 BEST_F1_MA: 0.33451681398651395 BEST_ACC_MI: 0.9196572040707016 BEST_F1_MA: 0.3496393707641609
[[1559  108    7   61]
 [  15   12    2   12]
 [  10   13    0   47]
 [   9    4    0    8]]
Epoch: [ 6/200], cls_loss: 0.6200, transfer_loss: 0.0077,person_loss: -1.9538, total_Loss: 0.4285
trian begin
trian end
n_person 383
SAMPLE
F1_MI: 0.04231387252276379 F1_MA: 0.21902538172221375 ACC_MI: 0.04231387252276379 F1_MA: 0.2198881649856322
BEST_F1_MI: 0.9196572040707016 BEST_F1_MA: 0.33451681398651395 BEST_ACC_MI: 0.9196572040707016 BEST_F1_MA: 0.3496393707641609
[[  60   41   27 1607]
 [   8    0    5   28]
 [   4    2    2   62]
 [   2    2    0   17]]
Epoch: [ 7/200], cls_loss: 0.5845, transfer_loss: 0.0094,person_loss: -1.9566, total_Loss: 0.3936
trian begin
trian end
n_person 383
SAMPLE
F1_MI: 0.8666309587573648 F1_MA: 0.3492556037772162 ACC_MI: 0.8666309587573647 F1_MA: 0.3167655167544012
BEST_F1_MI: 0.9196572040707016 BEST_F1_MA: 0.3492556037772162 BEST_ACC_MI: 0.9196572040707016 BEST_F1_MA: 0.3496393707641609
[[1599   20   53   63]
 [  21    3    7   10]
 [  19    0    6   45]
 [   9    0    2   10]]
Epoch: [ 8/200], cls_loss: 0.5495, transfer_loss: 0.0113,person_loss: -1.9578, total_Loss: 0.3594
trian begin
trian end
n_person 383
SAMPLE
F1_MI: 0.05570433851098018 F1_MA: 0.2549501794283081 ACC_MI: 0.05570433851098018 F1_MA: 0.27198349968402663
BEST_F1_MI: 0.9196572040707016 BEST_F1_MA: 0.3492556037772162 BEST_ACC_MI: 0.9196572040707016 BEST_F1_MA: 0.3496393707641609
[[  80   97    6 1552]
 [   8    7    2   24]
 [   7    5    2   56]
 [   3    3    0   15]]
Epoch: [ 9/200], cls_loss: 0.5341, transfer_loss: 0.0134,person_loss: -1.9586, total_Loss: 0.3450
trian begin
trian end
n_person 383
SAMPLE
F1_MI: 0.8296732726298874 F1_MA: 0.35883320891678905 ACC_MI: 0.8296732726298875 F1_MA: 0.3005438071017742
BEST_F1_MI: 0.9196572040707016 BEST_F1_MA: 0.35883320891678905 BEST_ACC_MI: 0.9196572040707016 BEST_F1_MA: 0.3496393707641609
[[1528    1   14  192]
 [  13    0    2   26]
 [  11    0    3   56]
 [   3    0    0   18]]
Epoch: [10/200], cls_loss: 0.5113, transfer_loss: 0.0134,person_loss: -1.9551, total_Loss: 0.3225
trian begin
trian end
n_person 383
SAMPLE
F1_MI: 0.8559185859667916 F1_MA: 0.3305761439320342 ACC_MI: 0.8559185859667916 F1_MA: 0.2964202391367746
BEST_F1_MI: 0.9196572040707016 BEST_F1_MA: 0.35883320891678905 BEST_ACC_MI: 0.9196572040707016 BEST_F1_MA: 0.3496393707641609
[[1581   39   61   54]
 [  19    4    5   13]
 [  13    2    4   51]
 [   7    3    2    9]]
Epoch: [11/200], cls_loss: 0.4924, transfer_loss: 0.0147,person_loss: -1.9525, total_Loss: 0.3045
trian begin
trian end
n_person 383
SAMPLE
F1_MI: 0.676486341724692 F1_MA: 0.32297482579666736 ACC_MI: 0.676486341724692 F1_MA: 0.2727261765689489
BEST_F1_MI: 0.9196572040707016 BEST_F1_MA: 0.35883320891678905 BEST_ACC_MI: 0.9196572040707016 BEST_F1_MA: 0.3496393707641609
[[1240  136  119  240]
 [  10    4    4   23]
 [   3    8    4   55]
 [   2    4    0   15]]
Epoch: [12/200], cls_loss: 0.4790, transfer_loss: 0.0155,person_loss: -1.9557, total_Loss: 0.2912
trian begin
trian end
n_person 383
SAMPLE
F1_MI: 0.884841992501339 F1_MA: 0.29312210550311874 ACC_MI: 0.884841992501339 F1_MA: 0.291754438007745
BEST_F1_MI: 0.9196572040707016 BEST_F1_MA: 0.35883320891678905 BEST_ACC_MI: 0.9196572040707016 BEST_F1_MA: 0.3496393707641609
[[1637   38   59    1]
 [  33    2    5    1]
 [  24    5   13   28]
 [  19    2    0    0]]
Epoch: [13/200], cls_loss: 0.4559, transfer_loss: 0.0170,person_loss: -1.9576, total_Loss: 0.2687
trian begin
trian end
n_person 383
SAMPLE
F1_MI: 0.8403856454204607 F1_MA: 0.3178617832988985 ACC_MI: 0.8403856454204607 F1_MA: 0.30256780512854436
BEST_F1_MI: 0.9196572040707016 BEST_F1_MA: 0.35883320891678905 BEST_ACC_MI: 0.9196572040707016 BEST_F1_MA: 0.3496393707641609
[[1549   36  141    9]
 [  19    6   13    3]
 [  15    4   11   40]
 [   9    5    4    3]]
Epoch: [14/200], cls_loss: 0.4399, transfer_loss: 0.0184,person_loss: -1.9535, total_Loss: 0.2538
trian begin
trian end
n_person 383
SAMPLE
F1_MI: 0.8532404927691484 F1_MA: 0.3292938560540086 ACC_MI: 0.8532404927691484 F1_MA: 0.2973857294872704
BEST_F1_MI: 0.9196572040707016 BEST_F1_MA: 0.35883320891678905 BEST_ACC_MI: 0.9196572040707016 BEST_F1_MA: 0.3496393707641609
[[1576   85   11   63]
 [  21    9    1   10]
 [  12    6    1   51]
 [   6    8    0    7]]
Epoch: [15/200], cls_loss: 0.4433, transfer_loss: 0.0178,person_loss: -1.9548, total_Loss: 0.2567
trian begin
trian end
n_person 383
SAMPLE
F1_MI: 0.3476164970540975 F1_MA: 0.32156415094682567 ACC_MI: 0.3476164970540975 F1_MA: 0.29622096376564155
BEST_F1_MI: 0.9196572040707016 BEST_F1_MA: 0.35883320891678905 BEST_ACC_MI: 0.9196572040707016 BEST_F1_MA: 0.3496393707641609
[[ 619 1006   20   90]
 [   5   12    4   20]
 [   6   13    3   48]
 [   2    3    1   15]]
Epoch: [16/200], cls_loss: 0.4241, transfer_loss: 0.0178,person_loss: -1.9543, total_Loss: 0.2376
trian begin
trian end
n_person 383
SAMPLE
F1_MI: 0.08944831280128547 F1_MA: 0.24756777729688367 ACC_MI: 0.08944831280128548 F1_MA: 0.2649678792937469
BEST_F1_MI: 0.9196572040707016 BEST_F1_MA: 0.35883320891678905 BEST_ACC_MI: 0.9196572040707016 BEST_F1_MA: 0.3496393707641609
[[ 138  178 1405   14]
 [  11   20    3    7]
 [   7   25    2   36]
 [   4    8    2    7]]
Epoch: [17/200], cls_loss: 0.4135, transfer_loss: 0.0199,person_loss: -1.9550, total_Loss: 0.2280
trian begin
trian end
n_person 383
SAMPLE
F1_MI: 0.8687734333154794 F1_MA: 0.3207719748423172 ACC_MI: 0.8687734333154794 F1_MA: 0.3069560794163964
BEST_F1_MI: 0.9196572040707016 BEST_F1_MA: 0.35883320891678905 BEST_ACC_MI: 0.9196572040707016 BEST_F1_MA: 0.3496393707641609
[[1600   38   93    4]
 [  29    4    5    3]
 [  19    4   16   31]
 [   9    7    3    2]]
Epoch: [18/200], cls_loss: 0.3899, transfer_loss: 0.0195,person_loss: -1.9559, total_Loss: 0.2041
trian begin
trian end
n_person 383
SAMPLE
F1_MI: 0.824317086234601 F1_MA: 0.30266487350799237 ACC_MI: 0.824317086234601 F1_MA: 0.2838245903778249
BEST_F1_MI: 0.9196572040707016 BEST_F1_MA: 0.35883320891678905 BEST_ACC_MI: 0.9196572040707016 BEST_F1_MA: 0.3496393707641609
[[1524  107   96    8]
 [  24    7    7    3]
 [  14   14    4   38]
 [   6    7    4    4]]
Epoch: [19/200], cls_loss: 0.3867, transfer_loss: 0.0210,person_loss: -1.9561, total_Loss: 0.2016
trian begin
trian end
n_person 383
SAMPLE
F1_MI: 0.02945902517407606 F1_MA: 0.2731778295926739 ACC_MI: 0.02945902517407606 F1_MA: 0.28801215332687796
BEST_F1_MI: 0.9196572040707016 BEST_F1_MA: 0.35883320891678905 BEST_ACC_MI: 0.9196572040707016 BEST_F1_MA: 0.3496393707641609
[[  16 1652   50   17]
 [   1   27    5    8]
 [   0   35    6   29]
 [   0   13    2    6]]
Epoch: [20/200], cls_loss: 0.3811, transfer_loss: 0.0209,person_loss: -1.9541, total_Loss: 0.1961
trian begin
trian end
n_person 383
SAMPLE
F1_MI: 0.03535083020889127 F1_MA: 0.2235117796299619 ACC_MI: 0.03535083020889127 F1_MA: 0.2331306092332732
BEST_F1_MI: 0.9196572040707016 BEST_F1_MA: 0.35883320891678905 BEST_ACC_MI: 0.9196572040707016 BEST_F1_MA: 0.3496393707641609
[[  34 1523  150   28]
 [   5   18    8   10]
 [   2   12    8   48]
 [   1    7    7    6]]
Epoch: [21/200], cls_loss: 0.3627, transfer_loss: 0.0222,person_loss: -1.9539, total_Loss: 0.1784
trian begin
trian end
n_person 383
SAMPLE
F1_MI: 0.8585966791644349 F1_MA: 0.3099627935503443 ACC_MI: 0.8585966791644349 F1_MA: 0.2799992237230244
BEST_F1_MI: 0.9196572040707016 BEST_F1_MA: 0.35883320891678905 BEST_ACC_MI: 0.9196572040707016 BEST_F1_MA: 0.3496393707641609
[[1591   59   37   48]
 [  21    0    3   17]
 [  17   11    3   39]
 [   5    5    2    9]]
Epoch: [22/200], cls_loss: 0.3668, transfer_loss: 0.0197,person_loss: -1.9540, total_Loss: 0.1812
trian begin
trian end
n_person 383
SAMPLE
F1_MI: 0.8805570433851098 F1_MA: 0.2860999356247532 ACC_MI: 0.8805570433851098 F1_MA: 0.2649793955898451
BEST_F1_MI: 0.9196572040707016 BEST_F1_MA: 0.35883320891678905 BEST_ACC_MI: 0.9196572040707016 BEST_F1_MA: 0.3496393707641609
[[1637   35   39   24]
 [  27    0    3   11]
 [  24    3    1   42]
 [   6    5    4    6]]
Epoch: [23/200], cls_loss: 0.3517, transfer_loss: 0.0199,person_loss: -1.9523, total_Loss: 0.1664
trian begin
trian end
n_person 383
SAMPLE
F1_MI: 0.046063202999464384 F1_MA: 0.22668191763510623 ACC_MI: 0.046063202999464384 F1_MA: 0.24413200775868826
BEST_F1_MI: 0.9196572040707016 BEST_F1_MA: 0.35883320891678905 BEST_ACC_MI: 0.9196572040707016 BEST_F1_MA: 0.3496393707641609
[[  50 1650   34    1]
 [   7   30    2    2]
 [   2   34    6   28]
 [   2   18    1    0]]
Epoch: [24/200], cls_loss: 0.3398, transfer_loss: 0.0191,person_loss: -1.9530, total_Loss: 0.1540
trian begin
trian end
n_person 383
SAMPLE
F1_MI: 0.04713444027852169 F1_MA: 0.1779152295254714 ACC_MI: 0.04713444027852169 F1_MA: 0.2408799422535686
BEST_F1_MI: 0.9196572040707016 BEST_F1_MA: 0.35883320891678905 BEST_ACC_MI: 0.9196572040707016 BEST_F1_MA: 0.3496393707641609
[[  63  134 1528   10]
 [   6    7   23    5]
 [   3   21   15   31]
 [   2    7    9    3]]
Epoch: [25/200], cls_loss: 0.3316, transfer_loss: 0.0203,person_loss: -1.9534, total_Loss: 0.1464
trian begin
trian end
n_person 383
SAMPLE
F1_MI: 0.7728976968398501 F1_MA: 0.347500179324409 ACC_MI: 0.77289769683985 F1_MA: 0.29872888505004613
BEST_F1_MI: 0.9196572040707016 BEST_F1_MA: 0.35883320891678905 BEST_ACC_MI: 0.9196572040707016 BEST_F1_MA: 0.3496393707641609
[[1413  158   78   86]
 [   4   15    8   14]
 [   3   12    7   48]
 [   2    6    5    8]]
Epoch: [26/200], cls_loss: 0.3391, transfer_loss: 0.0207,person_loss: -1.9536, total_Loss: 0.1541
trian begin
trian end
n_person 383
SAMPLE
F1_MI: 0.7445099089448313 F1_MA: 0.36484199685907637 ACC_MI: 0.7445099089448313 F1_MA: 0.31163392646195387
BEST_F1_MI: 0.9196572040707016 BEST_F1_MA: 0.36484199685907637 BEST_ACC_MI: 0.9196572040707016 BEST_F1_MA: 0.3496393707641609
[[1355  270   35   75]
 [   2   21    5   13]
 [   0   23    6   41]
 [   0   11    2    8]]
Epoch: [27/200], cls_loss: 0.3227, transfer_loss: 0.0207,person_loss: -1.9521, total_Loss: 0.1379
trian begin
trian end
n_person 383
SAMPLE
F1_MI: 0.02945902517407606 F1_MA: 0.2501859873723703 ACC_MI: 0.02945902517407606 F1_MA: 0.2628874694053184
BEST_F1_MI: 0.9196572040707016 BEST_F1_MA: 0.36484199685907637 BEST_ACC_MI: 0.9196572040707016 BEST_F1_MA: 0.3496393707641609
[[  19  236   30 1450]
 [   2   26    1   12]
 [   0   13    5   52]
 [   2   12    2    5]]
Epoch: [28/200], cls_loss: 0.3095, transfer_loss: 0.0214,person_loss: -1.9529, total_Loss: 0.1249
trian begin
trian end
n_person 383
SAMPLE
F1_MI: 0.8618103910016068 F1_MA: 0.3349662478816542 ACC_MI: 0.8618103910016068 F1_MA: 0.30176033777172295
BEST_F1_MI: 0.9196572040707016 BEST_F1_MA: 0.36484199685907637 BEST_ACC_MI: 0.9196572040707016 BEST_F1_MA: 0.3496393707641609
[[1584   95   55    1]
 [  18   20    2    1]
 [  14   28    4   24]
 [   9   10    1    1]]
Epoch: [29/200], cls_loss: 0.3038, transfer_loss: 0.0205,person_loss: -1.9521, total_Loss: 0.1189
trian begin
trian end
n_person 383
SAMPLE
F1_MI: 0.5200856989823246 F1_MA: 0.309675818360778 ACC_MI: 0.5200856989823246 F1_MA: 0.2804930424776886
BEST_F1_MI: 0.9196572040707016 BEST_F1_MA: 0.36484199685907637 BEST_ACC_MI: 0.9196572040707016 BEST_F1_MA: 0.3496393707641609
[[942 691  73  29]
 [  4  19   6  12]
 [  7  14   3  46]
 [  1   7   6   7]]
Epoch: [30/200], cls_loss: 0.3003, transfer_loss: 0.0221,person_loss: -1.9537, total_Loss: 0.1160
trian begin
trian end
n_person 383
SAMPLE
F1_MI: 0.791644349223353 F1_MA: 0.32815502298007637 ACC_MI: 0.791644349223353 F1_MA: 0.29602698672797334
BEST_F1_MI: 0.9196572040707016 BEST_F1_MA: 0.36484199685907637 BEST_ACC_MI: 0.9196572040707016 BEST_F1_MA: 0.3496393707641609
[[1453  122  139   21]
 [   5   11   18    7]
 [   8   17    9   36]
 [   3    6    7    5]]
Epoch: [31/200], cls_loss: 0.2926, transfer_loss: 0.0216,person_loss: -1.9516, total_Loss: 0.1082
trian begin
trian end
n_person 383
SAMPLE
F1_MI: 0.048205677557579006 F1_MA: 0.22284906206364669 ACC_MI: 0.048205677557579006 F1_MA: 0.2432604640723331
BEST_F1_MI: 0.9196572040707016 BEST_F1_MA: 0.36484199685907637 BEST_ACC_MI: 0.9196572040707016 BEST_F1_MA: 0.3496393707641609
[[  59  243 1418   15]
 [   5   21    5   10]
 [   4   14    6   46]
 [   2   11    4    4]]
Epoch: [32/200], cls_loss: 0.2907, transfer_loss: 0.0223,person_loss: -1.9521, total_Loss: 0.1066
trian begin
trian end
n_person 383
SAMPLE
F1_MI: 0.023567220139260846 F1_MA: 0.2335226862135393 ACC_MI: 0.023567220139260846 F1_MA: 0.24717794742228993
BEST_F1_MI: 0.9196572040707016 BEST_F1_MA: 0.36484199685907637 BEST_ACC_MI: 0.9196572040707016 BEST_F1_MA: 0.3496393707641609
[[  14 1584   72   65]
 [   1   18    4   18]
 [   1   12    4   53]
 [   0    8    5    8]]
Epoch: [33/200], cls_loss: 0.2690, transfer_loss: 0.0205,person_loss: -1.9511, total_Loss: 0.0841
trian begin
trian end
n_person 383
SAMPLE
F1_MI: 0.8634172469201928 F1_MA: 0.34043436119335974 ACC_MI: 0.8634172469201928 F1_MA: 0.30739614568030427
BEST_F1_MI: 0.9196572040707016 BEST_F1_MA: 0.36484199685907637 BEST_ACC_MI: 0.9196572040707016 BEST_F1_MA: 0.3496393707641609
[[1590  105   32    8]
 [  18   16    2    5]
 [  15   30    2   23]
 [   9    7    1    4]]
Epoch: [34/200], cls_loss: 0.2684, transfer_loss: 0.0196,person_loss: -1.9544, total_Loss: 0.0828
trian begin
trian end
n_person 383
SAMPLE
F1_MI: 0.8596679164434923 F1_MA: 0.3211213034566887 ACC_MI: 0.8596679164434923 F1_MA: 0.2992046895576257
BEST_F1_MI: 0.9196572040707016 BEST_F1_MA: 0.36484199685907637 BEST_ACC_MI: 0.9196572040707016 BEST_F1_MA: 0.3496393707641609
[[1587   67   66   15]
 [  17    8    7    9]
 [  15   19    6   30]
 [   5    7    5    4]]
Epoch: [35/200], cls_loss: 0.2769, transfer_loss: 0.0224,person_loss: -1.9513, total_Loss: 0.0929
trian begin
trian end
n_person 383
SAMPLE
F1_MI: 0.8575254418853777 F1_MA: 0.33145481630895346 ACC_MI: 0.8575254418853776 F1_MA: 0.3023396880655661
BEST_F1_MI: 0.9196572040707016 BEST_F1_MA: 0.36484199685907637 BEST_ACC_MI: 0.9196572040707016 BEST_F1_MA: 0.3496393707641609
[[1582   54   61   38]
 [  16    5    4   16]
 [  10    6    7   47]
 [   6    2    6    7]]
Epoch: [36/200], cls_loss: 0.2540, transfer_loss: 0.0203,person_loss: -1.9520, total_Loss: 0.0689
trian begin
trian end
n_person 383
SAMPLE
F1_MI: 0.755757900374933 F1_MA: 0.3334167354390433 ACC_MI: 0.7557579003749331 F1_MA: 0.28748647022486024
BEST_F1_MI: 0.9196572040707016 BEST_F1_MA: 0.36484199685907637 BEST_ACC_MI: 0.9196572040707016 BEST_F1_MA: 0.3496393707641609
[[1381  299   15   40]
 [   6   26    0    9]
 [   6   14    1   49]
 [   6   11    1    3]]
Epoch: [37/200], cls_loss: 0.2484, transfer_loss: 0.0207,person_loss: -1.9528, total_Loss: 0.0634
trian begin
trian end
n_person 383
SAMPLE
F1_MI: 0.17568291376539905 F1_MA: 0.22669233371340328 ACC_MI: 0.17568291376539905 F1_MA: 0.2545825842499662
BEST_F1_MI: 0.9196572040707016 BEST_F1_MA: 0.36484199685907637 BEST_ACC_MI: 0.9196572040707016 BEST_F1_MA: 0.3496393707641609
[[ 309 1365   35   26]
 [  17   10    4   10]
 [  19   20    1   30]
 [   6    3    4    8]]
Epoch: [38/200], cls_loss: 0.2437, transfer_loss: 0.0208,person_loss: -1.9529, total_Loss: 0.0588
trian begin
trian end
n_person 383
SAMPLE
F1_MI: 0.8800214247455811 F1_MA: 0.30296400480032193 ACC_MI: 0.8800214247455811 F1_MA: 0.285091793194279
BEST_F1_MI: 0.9196572040707016 BEST_F1_MA: 0.36484199685907637 BEST_ACC_MI: 0.9196572040707016 BEST_F1_MA: 0.3496393707641609
[[1630   65   26   14]
 [  28   10    0    3]
 [  21   18    1   30]
 [  10    7    2    2]]
Epoch: [39/200], cls_loss: 0.2381, transfer_loss: 0.0213,person_loss: -1.9543, total_Loss: 0.0533
trian begin
trian end
n_person 383
SAMPLE
F1_MI: 0.4740224959828602 F1_MA: 0.31930312039173797 ACC_MI: 0.4740224959828602 F1_MA: 0.28562323512330917
BEST_F1_MI: 0.9196572040707016 BEST_F1_MA: 0.36484199685907637 BEST_ACC_MI: 0.9196572040707016 BEST_F1_MA: 0.3496393707641609
[[858 154  34 689]
 [  1  10   3  27]
 [  0  12   3  55]
 [  1   4   2  14]]
Epoch: [40/200], cls_loss: 0.2384, transfer_loss: 0.0205,person_loss: -1.9535, total_Loss: 0.0533
trian begin
trian end
n_person 383
SAMPLE
F1_MI: 0.033743974290305304 F1_MA: 0.17999035671431704 ACC_MI: 0.033743974290305304 F1_MA: 0.2264454975455698
BEST_F1_MI: 0.9196572040707016 BEST_F1_MA: 0.36484199685907637 BEST_ACC_MI: 0.9196572040707016 BEST_F1_MA: 0.3496393707641609
[[  36  574 1113   12]
 [   4    9   22    6]
 [   2   24   15   29]
 [   2    7    9    3]]
Epoch: [41/200], cls_loss: 0.2320, transfer_loss: 0.0219,person_loss: -1.9542, total_Loss: 0.0475
trian begin
trian end
n_person 383
SAMPLE
F1_MI: 0.8843063738618104 F1_MA: 0.3374013156014376 ACC_MI: 0.8843063738618104 F1_MA: 0.31257154596514025
BEST_F1_MI: 0.9196572040707016 BEST_F1_MA: 0.36484199685907637 BEST_ACC_MI: 0.9196572040707016 BEST_F1_MA: 0.3496393707641609
[[1633   56   33   13]
 [  25   10    1    5]
 [  18   19    3   30]
 [   9    3    4    5]]
Epoch: [42/200], cls_loss: 0.2336, transfer_loss: 0.0204,person_loss: -1.9533, total_Loss: 0.0485
trian begin
trian end
n_person 383
SAMPLE
F1_MI: 0.7198714515265131 F1_MA: 0.322018830959939 ACC_MI: 0.7198714515265131 F1_MA: 0.2872489253217643
BEST_F1_MI: 0.9196572040707016 BEST_F1_MA: 0.36484199685907637 BEST_ACC_MI: 0.9196572040707016 BEST_F1_MA: 0.3496393707641609
[[1318  158  223   36]
 [   7   10   12   12]
 [   3   10    9   48]
 [   3    4    7    7]]
Epoch: [43/200], cls_loss: 0.2160, transfer_loss: 0.0197,person_loss: -1.9535, total_Loss: 0.0305
trian begin
trian end
n_person 383
SAMPLE
F1_MI: 0.8543117300482057 F1_MA: 0.34386488848375707 ACC_MI: 0.8543117300482057 F1_MA: 0.31187846371583583
BEST_F1_MI: 0.9196572040707016 BEST_F1_MA: 0.36484199685907637 BEST_ACC_MI: 0.9196572040707016 BEST_F1_MA: 0.3496393707641609
[[1572   59   85   19]
 [  13   13    9    6]
 [  16   13    5   36]
 [   7    4    5    5]]
Epoch: [44/200], cls_loss: 0.2125, transfer_loss: 0.0217,person_loss: -1.9555, total_Loss: 0.0278
trian begin
trian end
n_person 383
SAMPLE
F1_MI: 0.824317086234601 F1_MA: 0.3501127284109742 ACC_MI: 0.824317086234601 F1_MA: 0.30512117775537634
BEST_F1_MI: 0.9196572040707016 BEST_F1_MA: 0.36484199685907637 BEST_ACC_MI: 0.9196572040707016 BEST_F1_MA: 0.3496393707641609
[[1511  113   79   32]
 [  11   17    7    6]
 [  10   19    5   36]
 [   4    6    5    6]]
Epoch: [45/200], cls_loss: 0.2118, transfer_loss: 0.0202,person_loss: -1.9547, total_Loss: 0.0264
trian begin
trian end
n_person 383
SAMPLE
F1_MI: 0.7241564006427424 F1_MA: 0.38060119921594016 ACC_MI: 0.7241564006427423 F1_MA: 0.32149337234153097
BEST_F1_MI: 0.9196572040707016 BEST_F1_MA: 0.38060119921594016 BEST_ACC_MI: 0.9196572040707016 BEST_F1_MA: 0.3496393707641609
[[1315  317   22   81]
 [   3   21    0   17]
 [  21   13    5   31]
 [   0    7    3   11]]
Epoch: [46/200], cls_loss: 0.1987, transfer_loss: 0.0201,person_loss: -1.9540, total_Loss: 0.0134
trian begin
trian end
n_person 383
SAMPLE
F1_MI: 0.788430637386181 F1_MA: 0.3543767401141212 ACC_MI: 0.788430637386181 F1_MA: 0.3029825877364292
BEST_F1_MI: 0.9196572040707016 BEST_F1_MA: 0.38060119921594016 BEST_ACC_MI: 0.9196572040707016 BEST_F1_MA: 0.3496393707641609
[[1444  200   39   52]
 [   6   14    5   16]
 [   4   21    4   41]
 [   0    7    4   10]]
Epoch: [47/200], cls_loss: 0.1939, transfer_loss: 0.0220,person_loss: -1.9550, total_Loss: 0.0094
trian begin
trian end
n_person 383
SAMPLE
F1_MI: 0.8735940010712373 F1_MA: 0.32566590615819213 ACC_MI: 0.8735940010712373 F1_MA: 0.3012418418919411
BEST_F1_MI: 0.9196572040707016 BEST_F1_MA: 0.38060119921594016 BEST_ACC_MI: 0.9196572040707016 BEST_F1_MA: 0.3496393707641609
[[1614   78   31   12]
 [  23   11    2    5]
 [  21   24    2   23]
 [   9    5    3    4]]
Epoch: [48/200], cls_loss: 0.1944, transfer_loss: 0.0187,person_loss: -1.9562, total_Loss: 0.0081
trian begin
trian end
n_person 383
SAMPLE
F1_MI: 0.035886448848419926 F1_MA: 0.2431358315956686 ACC_MI: 0.035886448848419926 F1_MA: 0.2571567438098793
BEST_F1_MI: 0.9196572040707016 BEST_F1_MA: 0.38060119921594016 BEST_ACC_MI: 0.9196572040707016 BEST_F1_MA: 0.3496393707641609
[[  36  323   46 1330]
 [   3   19    2   17]
 [   0   11    4   55]
 [   1    7    5    8]]
Epoch: [49/200], cls_loss: 0.1834, transfer_loss: 0.0205,person_loss: -1.9569, total_Loss: -0.0020
trian begin
trian end
n_person 383
SAMPLE
F1_MI: 0.8200321371183718 F1_MA: 0.3320534876463439 ACC_MI: 0.8200321371183718 F1_MA: 0.2950912135228794
BEST_F1_MI: 0.9196572040707016 BEST_F1_MA: 0.38060119921594016 BEST_ACC_MI: 0.9196572040707016 BEST_F1_MA: 0.3496393707641609
[[1509  113   76   37]
 [  11   10    7   13]
 [  11   18    5   36]
 [   6    4    4    7]]
Epoch: [50/200], cls_loss: 0.1833, transfer_loss: 0.0190,person_loss: -1.9582, total_Loss: -0.0030
trian begin
trian end
n_person 383
SAMPLE
F1_MI: 0.7316550615961436 F1_MA: 0.3213776946490873 ACC_MI: 0.7316550615961436 F1_MA: 0.2837259330225881
BEST_F1_MI: 0.9196572040707016 BEST_F1_MA: 0.38060119921594016 BEST_ACC_MI: 0.9196572040707016 BEST_F1_MA: 0.3496393707641609
[[1340  259   89   47]
 [   5   17    7   12]
 [   1   23    4   42]
 [   1    9    6    5]]
Epoch: [51/200], cls_loss: 0.1838, transfer_loss: 0.0186,person_loss: -1.9583, total_Loss: -0.0027
trian begin
trian end
n_person 383
SAMPLE
F1_MI: 0.796464916979111 F1_MA: 0.34493821354253656 ACC_MI: 0.7964649169791109 F1_MA: 0.30008573506852626
BEST_F1_MI: 0.9196572040707016 BEST_F1_MA: 0.38060119921594016 BEST_ACC_MI: 0.9196572040707016 BEST_F1_MA: 0.3496393707641609
[[1460  189   55   31]
 [   8   16    4   13]
 [   5   30    4   31]
 [   3    7    4    7]]
Epoch: [52/200], cls_loss: 0.1771, transfer_loss: 0.0187,person_loss: -1.9595, total_Loss: -0.0095
trian begin
trian end
n_person 383
SAMPLE
F1_MI: 0.8435993572576326 F1_MA: 0.3414136137773597 ACC_MI: 0.8435993572576326 F1_MA: 0.30299262341947153
BEST_F1_MI: 0.9196572040707016 BEST_F1_MA: 0.38060119921594016 BEST_ACC_MI: 0.9196572040707016 BEST_F1_MA: 0.3496393707641609
[[1553  116   49   17]
 [  14   12    4   11]
 [  17   19    3   31]
 [   6    3    5    7]]
Epoch: [53/200], cls_loss: 0.1744, transfer_loss: 0.0204,person_loss: -1.9568, total_Loss: -0.0111
trian begin
trian end
n_person 383
SAMPLE
F1_MI: 0.7766470273165507 F1_MA: 0.33334192151035796 ACC_MI: 0.7766470273165507 F1_MA: 0.29572010814782296
BEST_F1_MI: 0.9196572040707016 BEST_F1_MA: 0.38060119921594016 BEST_ACC_MI: 0.9196572040707016 BEST_F1_MA: 0.3496393707641609
[[1422  142  144   27]
 [   2   14   13   12]
 [   7   12    9   42]
 [   1    7    8    5]]
Epoch: [54/200], cls_loss: 0.1602, transfer_loss: 0.0209,person_loss: -1.9569, total_Loss: -0.0250
trian begin
trian end
n_person 383
SAMPLE
F1_MI: 0.8778789501874665 F1_MA: 0.3343546422332199 ACC_MI: 0.8778789501874665 F1_MA: 0.30508298660641014
BEST_F1_MI: 0.9196572040707016 BEST_F1_MA: 0.38060119921594016 BEST_ACC_MI: 0.9196572040707016 BEST_F1_MA: 0.3496393707641609
[[1621   80   23   11]
 [  22   12    3    4]
 [  28   18    1   23]
 [  10    4    2    5]]
Epoch: [55/200], cls_loss: 0.1598, transfer_loss: 0.0207,person_loss: -1.9580, total_Loss: -0.0256
trian begin
trian end
n_person 383
SAMPLE
F1_MI: 0.8484199250133905 F1_MA: 0.35864894250270724 ACC_MI: 0.8484199250133905 F1_MA: 0.30209677176272004
BEST_F1_MI: 0.9196572040707016 BEST_F1_MA: 0.38060119921594016 BEST_ACC_MI: 0.9196572040707016 BEST_F1_MA: 0.3496393707641609
[[1557  140   12   26]
 [  14   18    1    8]
 [  19   29    0   22]
 [   5    5    2    9]]
Epoch: [56/200], cls_loss: 0.1609, transfer_loss: 0.0187,person_loss: -1.9578, total_Loss: -0.0255
trian begin
trian end
n_person 383
SAMPLE
F1_MI: 0.7552222817354045 F1_MA: 0.3540989306279535 ACC_MI: 0.7552222817354044 F1_MA: 0.29673693602415174
BEST_F1_MI: 0.9196572040707016 BEST_F1_MA: 0.38060119921594016 BEST_ACC_MI: 0.9196572040707016 BEST_F1_MA: 0.3496393707641609
[[1374  279   61   21]
 [   3   28    7    3]
 [   3   22    3   42]
 [   2    9    5    5]]
Epoch: [57/200], cls_loss: 0.1501, transfer_loss: 0.0202,person_loss: -1.9600, total_Loss: -0.0358
trian begin
trian end
n_person 383
SAMPLE
F1_MI: 0.7086234600964113 F1_MA: 0.33324258440423565 ACC_MI: 0.7086234600964113 F1_MA: 0.2855419945331866
BEST_F1_MI: 0.9196572040707016 BEST_F1_MA: 0.38060119921594016 BEST_ACC_MI: 0.9196572040707016 BEST_F1_MA: 0.3496393707641609
[[1291  297   67   80]
 [   3   23    6    9]
 [   7   16    4   43]
 [   3    8    5    5]]
Epoch: [58/200], cls_loss: 0.1598, transfer_loss: 0.0196,person_loss: -1.9583, total_Loss: -0.0262
trian begin
trian end
n_person 383
SAMPLE
F1_MI: 0.874129619710766 F1_MA: 0.30013869703590657 ACC_MI: 0.874129619710766 F1_MA: 0.28827906162464983
BEST_F1_MI: 0.9196572040707016 BEST_F1_MA: 0.38060119921594016 BEST_ACC_MI: 0.9196572040707016 BEST_F1_MA: 0.3496393707641609
[[1621   52   57    5]
 [  28    6    4    3]
 [  24   21    2   23]
 [   7    6    5    3]]
Epoch: [59/200], cls_loss: 0.1474, transfer_loss: 0.0184,person_loss: -1.9587, total_Loss: -0.0393
trian begin
trian end
n_person 383
SAMPLE
F1_MI: 0.7471880021424747 F1_MA: 0.34806177218570017 ACC_MI: 0.7471880021424746 F1_MA: 0.2993640206061956
BEST_F1_MI: 0.9196572040707016 BEST_F1_MA: 0.38060119921594016 BEST_ACC_MI: 0.9196572040707016 BEST_F1_MA: 0.3496393707641609
[[1360  238  113   24]
 [   4   21    8    8]
 [   2   15    9   44]
 [   1   11    4    5]]
Epoch: [60/200], cls_loss: 0.1372, transfer_loss: 0.0196,person_loss: -1.9580, total_Loss: -0.0487
trian begin
trian end
n_person 383
SAMPLE
F1_MI: 0.7782538832351366 F1_MA: 0.34729285107504987 ACC_MI: 0.7782538832351366 F1_MA: 0.3020058870444551
BEST_F1_MI: 0.9196572040707016 BEST_F1_MA: 0.38060119921594016 BEST_ACC_MI: 0.9196572040707016 BEST_F1_MA: 0.3496393707641609
[[1422  178  117   18]
 [   3   17   12    9]
 [   5   16    8   41]
 [   2    7    6    6]]
Epoch: [61/200], cls_loss: 0.1358, transfer_loss: 0.0178,person_loss: -1.9605, total_Loss: -0.0513
trian begin
trian end
n_person 383
SAMPLE
F1_MI: 0.7498660953401178 F1_MA: 0.3574244952982509 ACC_MI: 0.7498660953401178 F1_MA: 0.3068966463245709
BEST_F1_MI: 0.9196572040707016 BEST_F1_MA: 0.38060119921594016 BEST_ACC_MI: 0.9196572040707016 BEST_F1_MA: 0.3496393707641609
[[1366  258   81   30]
 [   5   17    6   13]
 [   1   18    9   42]
 [   2    8    3    8]]
Epoch: [62/200], cls_loss: 0.1463, transfer_loss: 0.0194,person_loss: -1.9588, total_Loss: -0.0398
trian begin
trian end
n_person 383
SAMPLE
F1_MI: 0.8944831280128549 F1_MA: 0.3007111465524262 ACC_MI: 0.8944831280128549 F1_MA: 0.29715735769530344
BEST_F1_MI: 0.9196572040707016 BEST_F1_MA: 0.38060119921594016 BEST_ACC_MI: 0.9196572040707016 BEST_F1_MA: 0.3496393707641609
[[1659   49   26    1]
 [  32    7    0    2]
 [  36   17    3   14]
 [  10    5    5    1]]
Epoch: [63/200], cls_loss: 0.1334, transfer_loss: 0.0193,person_loss: -1.9590, total_Loss: -0.0529
trian begin
trian end
n_person 383
SAMPLE
F1_MI: 0.7750401713979647 F1_MA: 0.34491683234277454 ACC_MI: 0.7750401713979647 F1_MA: 0.29770420854255963
BEST_F1_MI: 0.9196572040707016 BEST_F1_MA: 0.38060119921594016 BEST_ACC_MI: 0.9196572040707016 BEST_F1_MA: 0.3496393707641609
[[1418  169  105   43]
 [   3   14    9   15]
 [   4   17    7   42]
 [   3    4    6    8]]
Epoch: [64/200], cls_loss: 0.1225, transfer_loss: 0.0183,person_loss: -1.9615, total_Loss: -0.0645
trian begin
trian end
n_person 383
SAMPLE
F1_MI: 0.7611140867702196 F1_MA: 0.34006238082406604 ACC_MI: 0.7611140867702196 F1_MA: 0.2953836873953429
BEST_F1_MI: 0.9196572040707016 BEST_F1_MA: 0.38060119921594016 BEST_ACC_MI: 0.9196572040707016 BEST_F1_MA: 0.3496393707641609
[[1390  204  112   29]
 [   2   19   12    8]
 [   2   16    7   45]
 [   1    8    7    5]]
Epoch: [65/200], cls_loss: 0.1407, transfer_loss: 0.0222,person_loss: -1.9585, total_Loss: -0.0441
trian begin
trian end
n_person 383
SAMPLE
F1_MI: 0.8280664167113015 F1_MA: 0.3157123162781194 ACC_MI: 0.8280664167113015 F1_MA: 0.28851701939532637
BEST_F1_MI: 0.9196572040707016 BEST_F1_MA: 0.38060119921594016 BEST_ACC_MI: 0.9196572040707016 BEST_F1_MA: 0.3496393707641609
[[1530   93   95   17]
 [  12    5   11   13]
 [  11   19    4   36]
 [   5    3    6    7]]
Epoch: [66/200], cls_loss: 0.1328, transfer_loss: 0.0203,person_loss: -1.9593, total_Loss: -0.0530
trian begin
trian end
n_person 383
SAMPLE
F1_MI: 0.8248527048741296 F1_MA: 0.3384355296992427 ACC_MI: 0.8248527048741296 F1_MA: 0.30215475557580823
BEST_F1_MI: 0.9196572040707016 BEST_F1_MA: 0.38060119921594016 BEST_ACC_MI: 0.9196572040707016 BEST_F1_MA: 0.3496393707641609
[[1515  128   78   14]
 [  10   14   11    6]
 [   9   17    6   38]
 [   5    6    5    5]]
Epoch: [67/200], cls_loss: 0.1231, transfer_loss: 0.0198,person_loss: -1.9595, total_Loss: -0.0630
trian begin
trian end
n_person 383
SAMPLE
F1_MI: 0.024102838778789503 F1_MA: 0.2577486934987076 ACC_MI: 0.024102838778789503 F1_MA: 0.2851518890083512
BEST_F1_MI: 0.9196572040707016 BEST_F1_MA: 0.38060119921594016 BEST_ACC_MI: 0.9196572040707016 BEST_F1_MA: 0.3496393707641609
[[  11 1568  118   38]
 [   0   18    6   17]
 [   0   13    8   49]
 [   0    7    6    8]]
Epoch: [68/200], cls_loss: 0.1197, transfer_loss: 0.0192,person_loss: -1.9598, total_Loss: -0.0667
trian begin
trian end
n_person 383
SAMPLE
F1_MI: 0.7375468666309588 F1_MA: 0.3313079060257982 ACC_MI: 0.7375468666309588 F1_MA: 0.29445891790652207
BEST_F1_MI: 0.9196572040707016 BEST_F1_MA: 0.38060119921594016 BEST_ACC_MI: 0.9196572040707016 BEST_F1_MA: 0.3496393707641609
[[1351  204  165   15]
 [   2   13   17    9]
 [   5   19    6   40]
 [   0    5    9    7]]
Epoch: [69/200], cls_loss: 0.1167, transfer_loss: 0.0215,person_loss: -1.9622, total_Loss: -0.0687
trian begin
trian end
n_person 383
SAMPLE
F1_MI: 0.8146759507230852 F1_MA: 0.3407887273640084 ACC_MI: 0.8146759507230852 F1_MA: 0.302740937993131
BEST_F1_MI: 0.9196572040707016 BEST_F1_MA: 0.38060119921594016 BEST_ACC_MI: 0.9196572040707016 BEST_F1_MA: 0.3496393707641609
[[1499  138   33   65]
 [  11    8    4   18]
 [   8    9    5   48]
 [   2    7    3    9]]
Epoch: [70/200], cls_loss: 0.1106, transfer_loss: 0.0192,person_loss: -1.9621, total_Loss: -0.0760
trian begin
trian end
n_person 383
SAMPLE
F1_MI: 0.2774504552758436 F1_MA: 0.2931413487598018 ACC_MI: 0.2774504552758436 F1_MA: 0.28121430007687126
BEST_F1_MI: 0.9196572040707016 BEST_F1_MA: 0.38060119921594016 BEST_ACC_MI: 0.9196572040707016 BEST_F1_MA: 0.3496393707641609
[[482 297 922  34]
 [  2  23   4  12]
 [  2  14   7  47]
 [  1   9   5   6]]
Epoch: [71/200], cls_loss: 0.1099, transfer_loss: 0.0192,person_loss: -1.9613, total_Loss: -0.0766
trian begin
trian end
n_person 383
SAMPLE
F1_MI: 0.7359400107123729 F1_MA: 0.32312797249601954 ACC_MI: 0.7359400107123728 F1_MA: 0.2892913309045039
BEST_F1_MI: 0.9196572040707016 BEST_F1_MA: 0.38060119921594016 BEST_ACC_MI: 0.9196572040707016 BEST_F1_MA: 0.3496393707641609
[[1346  204  119   66]
 [   3   12   15   11]
 [   3    8   11   48]
 [   0    6   10    5]]
Epoch: [72/200], cls_loss: 0.1037, transfer_loss: 0.0188,person_loss: -1.9616, total_Loss: -0.0830
trian begin
trian end
n_person 383
SAMPLE
F1_MI: 0.535083020889127 F1_MA: 0.3154177416207861 ACC_MI: 0.535083020889127 F1_MA: 0.28354537013105124
BEST_F1_MI: 0.9196572040707016 BEST_F1_MA: 0.38060119921594016 BEST_ACC_MI: 0.9196572040707016 BEST_F1_MA: 0.3496393707641609
[[969 193 116 457]
 [  0  10  13  18]
 [  0   5  10  55]
 [  0   4   7  10]]
Epoch: [73/200], cls_loss: 0.1073, transfer_loss: 0.0193,person_loss: -1.9632, total_Loss: -0.0794
trian begin
trian end
n_person 383
SAMPLE
F1_MI: 0.014997321906802356 F1_MA: 0.24130401366396023 ACC_MI: 0.014997321906802356 F1_MA: 0.28181787708325656
BEST_F1_MI: 0.9196572040707016 BEST_F1_MA: 0.38060119921594016 BEST_ACC_MI: 0.9196572040707016 BEST_F1_MA: 0.3496393707641609
[[   1  136   92 1506]
 [   0    9    6   26]
 [   0    8    7   55]
 [   0    4    6   11]]
Epoch: [74/200], cls_loss: 0.1028, transfer_loss: 0.0200,person_loss: -1.9616, total_Loss: -0.0834
trian begin
trian end
n_person 383
SAMPLE
F1_MI: 0.695232994108195 F1_MA: 0.33884257483013197 ACC_MI: 0.695232994108195 F1_MA: 0.28938140725973344
BEST_F1_MI: 0.9196572040707016 BEST_F1_MA: 0.38060119921594016 BEST_ACC_MI: 0.9196572040707016 BEST_F1_MA: 0.3496393707641609
[[1267  221   83  164]
 [   1   16    6   18]
 [   1   11    6   52]
 [   0    5    7    9]]
Epoch: [75/200], cls_loss: 0.1071, transfer_loss: 0.0211,person_loss: -1.9626, total_Loss: -0.0786
trian begin
trian end
n_person 383
SAMPLE
F1_MI: 0.8302088912694163 F1_MA: 0.3527806115809616 ACC_MI: 0.8302088912694162 F1_MA: 0.30427461347818635
BEST_F1_MI: 0.9196572040707016 BEST_F1_MA: 0.38060119921594016 BEST_ACC_MI: 0.9196572040707016 BEST_F1_MA: 0.3496393707641609
[[1523  146   48   18]
 [  12   18    4    7]
 [  13   22    2   33]
 [   5    5    4    7]]
Epoch: [76/200], cls_loss: 0.1030, transfer_loss: 0.0196,person_loss: -1.9626, total_Loss: -0.0835
trian begin
trian end
n_person 383
SAMPLE
F1_MI: 0.8687734333154794 F1_MA: 0.30609717195821956 ACC_MI: 0.8687734333154794 F1_MA: 0.29060370197994567
BEST_F1_MI: 0.9196572040707016 BEST_F1_MA: 0.38060119921594016 BEST_ACC_MI: 0.9196572040707016 BEST_F1_MA: 0.3496393707641609
[[1610   51   65    9]
 [  22    6    9    4]
 [  22   21    2   25]
 [   8    3    6    4]]
Epoch: [77/200], cls_loss: 0.0911, transfer_loss: 0.0197,person_loss: -1.9625, total_Loss: -0.0953
trian begin
trian end
n_person 383
SAMPLE
F1_MI: 0.7445099089448313 F1_MA: 0.30430105281983294 ACC_MI: 0.7445099089448313 F1_MA: 0.2796799394958075
BEST_F1_MI: 0.9196572040707016 BEST_F1_MA: 0.38060119921594016 BEST_ACC_MI: 0.9196572040707016 BEST_F1_MA: 0.3496393707641609
[[1367  187  101   80]
 [   7   15   10    9]
 [   5   15    6   44]
 [   3    9    7    2]]
Epoch: [78/200], cls_loss: 0.1015, transfer_loss: 0.0206,person_loss: -1.9623, total_Loss: -0.0844
trian begin
trian end
n_person 383
SAMPLE
F1_MI: 0.7932512051419389 F1_MA: 0.3321176439971346 ACC_MI: 0.7932512051419389 F1_MA: 0.296307909648799
BEST_F1_MI: 0.9196572040707016 BEST_F1_MA: 0.38060119921594016 BEST_ACC_MI: 0.9196572040707016 BEST_F1_MA: 0.3496393707641609
[[1455  109  121   50]
 [   4   10   14   13]
 [   7    4   10   49]
 [   3    5    7    6]]
Epoch: [79/200], cls_loss: 0.0954, transfer_loss: 0.0191,person_loss: -1.9636, total_Loss: -0.0914
trian begin
trian end
n_person 383
SAMPLE
F1_MI: 0.6963042313872523 F1_MA: 0.3001621067385155 ACC_MI: 0.6963042313872523 F1_MA: 0.2789324737839317
BEST_F1_MI: 0.9196572040707016 BEST_F1_MA: 0.38060119921594016 BEST_ACC_MI: 0.9196572040707016 BEST_F1_MA: 0.3496393707641609
[[1276  189  168  102]
 [   0   12   22    7]
 [   1    9    9   51]
 [   0    8   10    3]]
Epoch: [80/200], cls_loss: 0.0868, transfer_loss: 0.0177,person_loss: -1.9641, total_Loss: -0.1008
trian begin
trian end
n_person 383
SAMPLE
F1_MI: 0.7600428494911623 F1_MA: 0.32491763468651286 ACC_MI: 0.7600428494911623 F1_MA: 0.2877350093050337
BEST_F1_MI: 0.9196572040707016 BEST_F1_MA: 0.38060119921594016 BEST_ACC_MI: 0.9196572040707016 BEST_F1_MA: 0.3496393707641609
[[1393  177   96   69]
 [   5   15   10   11]
 [   3   14    6   47]
 [   4    6    6    5]]
Epoch: [81/200], cls_loss: 0.0949, transfer_loss: 0.0189,person_loss: -1.9620, total_Loss: -0.0919
trian begin
trian end
n_person 383
SAMPLE
F1_MI: 0.8232458489555436 F1_MA: 0.31835951725472394 ACC_MI: 0.8232458489555436 F1_MA: 0.2895622806084459
BEST_F1_MI: 0.9196572040707016 BEST_F1_MA: 0.38060119921594016 BEST_ACC_MI: 0.9196572040707016 BEST_F1_MA: 0.3496393707641609
[[1518  102   90   25]
 [   8   10   13   10]
 [   8   19    4   39]
 [   6    5    5    5]]
Epoch: [82/200], cls_loss: 0.0941, transfer_loss: 0.0195,person_loss: -1.9624, total_Loss: -0.0924
trian begin
trian end
n_person 383
SAMPLE
F1_MI: 0.8500267809319765 F1_MA: 0.31653930181886486 ACC_MI: 0.8500267809319765 F1_MA: 0.29192973541623385
BEST_F1_MI: 0.9196572040707016 BEST_F1_MA: 0.38060119921594016 BEST_ACC_MI: 0.9196572040707016 BEST_F1_MA: 0.3496393707641609
[[1569   93   63   10]
 [  16   12    6    7]
 [  20   20    3   27]
 [   7    6    5    3]]
Epoch: [83/200], cls_loss: 0.0884, transfer_loss: 0.0201,person_loss: -1.9623, total_Loss: -0.0978
trian begin
trian end
n_person 383
SAMPLE
F1_MI: 0.6181039100160686 F1_MA: 0.2968420879075023 ACC_MI: 0.6181039100160686 F1_MA: 0.2786848613494035
BEST_F1_MI: 0.9196572040707016 BEST_F1_MA: 0.38060119921594016 BEST_ACC_MI: 0.9196572040707016 BEST_F1_MA: 0.3496393707641609
[[1128  221  119  267]
 [   1   18   10   12]
 [   2    7    6   55]
 [   1   12    6    2]]
Epoch: [84/200], cls_loss: 0.0877, transfer_loss: 0.0178,person_loss: -1.9654, total_Loss: -0.1000
trian begin
trian end
n_person 383
SAMPLE
F1_MI: 0.7027316550615962 F1_MA: 0.3096861217556207 ACC_MI: 0.7027316550615962 F1_MA: 0.2811792777556158
BEST_F1_MI: 0.9196572040707016 BEST_F1_MA: 0.38060119921594016 BEST_ACC_MI: 0.9196572040707016 BEST_F1_MA: 0.3496393707641609
[[1284  227  183   41]
 [   0   17   15    9]
 [   1   13    9   47]
 [   0   11    8    2]]
Epoch: [85/200], cls_loss: 0.0701, transfer_loss: 0.0183,person_loss: -1.9634, total_Loss: -0.1171
trian begin
trian end
n_person 383
SAMPLE
F1_MI: 0.7241564006427424 F1_MA: 0.32379121599013994 ACC_MI: 0.7241564006427423 F1_MA: 0.2887170851395965
BEST_F1_MI: 0.9196572040707016 BEST_F1_MA: 0.38060119921594016 BEST_ACC_MI: 0.9196572040707016 BEST_F1_MA: 0.3496393707641609
[[1324  217  130   64]
 [   0   11   19   11]
 [   1    7   11   51]
 [   1    5    9    6]]
Epoch: [86/200], cls_loss: 0.0802, transfer_loss: 0.0178,person_loss: -1.9648, total_Loss: -0.1073
trian begin
trian end
n_person 383
SAMPLE
F1_MI: 0.8178896625602572 F1_MA: 0.3205380000292015 ACC_MI: 0.8178896625602571 F1_MA: 0.29438474114687246
BEST_F1_MI: 0.9196572040707016 BEST_F1_MA: 0.38060119921594016 BEST_ACC_MI: 0.9196572040707016 BEST_F1_MA: 0.3496393707641609
[[1503  104  117   11]
 [   8   13   16    4]
 [  10   21    9   30]
 [   5    7    7    2]]
Epoch: [87/200], cls_loss: 0.0839, transfer_loss: 0.0184,person_loss: -1.9659, total_Loss: -0.1035
trian begin
trian end
n_person 383
SAMPLE
F1_MI: 0.8414568826995179 F1_MA: 0.3187243437740807 ACC_MI: 0.8414568826995179 F1_MA: 0.288795259846213
BEST_F1_MI: 0.9196572040707016 BEST_F1_MA: 0.38060119921594016 BEST_ACC_MI: 0.9196572040707016 BEST_F1_MA: 0.3496393707641609
[[1549  106   70   10]
 [  14   18    7    2]
 [  20   32    3   15]
 [   6    8    6    1]]
Epoch: [88/200], cls_loss: 0.0722, transfer_loss: 0.0175,person_loss: -1.9655, total_Loss: -0.1156
trian begin
trian end
n_person 383
SAMPLE
F1_MI: 0.7648634172469202 F1_MA: 0.30560914651699067 ACC_MI: 0.7648634172469202 F1_MA: 0.27537431626039216
BEST_F1_MI: 0.9196572040707016 BEST_F1_MA: 0.38060119921594016 BEST_ACC_MI: 0.9196572040707016 BEST_F1_MA: 0.3496393707641609
[[1406  227   72   30]
 [   7   18   10    6]
 [   6   21    2   41]
 [   3    9    7    2]]
Epoch: [89/200], cls_loss: 0.0806, transfer_loss: 0.0173,person_loss: -1.9667, total_Loss: -0.1074
trian begin
trian end
n_person 383
SAMPLE
F1_MI: 0.8275307980717729 F1_MA: 0.3216245142052062 ACC_MI: 0.8275307980717729 F1_MA: 0.2908238164081383
BEST_F1_MI: 0.9196572040707016 BEST_F1_MA: 0.38060119921594016 BEST_ACC_MI: 0.9196572040707016 BEST_F1_MA: 0.3496393707641609
[[1526  131   63   15]
 [  11   12   11    7]
 [  11   27    2   30]
 [   5    5    6    5]]
Epoch: [90/200], cls_loss: 0.0781, transfer_loss: 0.0168,person_loss: -1.9670, total_Loss: -0.1102
trian begin
trian end
n_person 383
SAMPLE
F1_MI: 0.8425281199785752 F1_MA: 0.31441090624644147 ACC_MI: 0.8425281199785752 F1_MA: 0.2925546187511701
BEST_F1_MI: 0.9196572040707016 BEST_F1_MA: 0.38060119921594016 BEST_ACC_MI: 0.9196572040707016 BEST_F1_MA: 0.3496393707641609
[[1559   78   86   12]
 [  15    6   13    7]
 [  20   24    2   24]
 [   6    1    8    6]]
Epoch: [91/200], cls_loss: 0.0794, transfer_loss: 0.0181,person_loss: -1.9687, total_Loss: -0.1084
trian begin
trian end
n_person 383
SAMPLE
F1_MI: 0.5549009105516872 F1_MA: 0.29933732736152646 ACC_MI: 0.5549009105516872 F1_MA: 0.27681363758657673
BEST_F1_MI: 0.9196572040707016 BEST_F1_MA: 0.38060119921594016 BEST_ACC_MI: 0.9196572040707016 BEST_F1_MA: 0.3496393707641609
[[1006  486  175   68]
 [   1   16   14   10]
 [   3   25   10   32]
 [   2    6    9    4]]
Epoch: [92/200], cls_loss: 0.0748, transfer_loss: 0.0159,person_loss: -1.9683, total_Loss: -0.1141
trian begin
trian end
n_person 383
SAMPLE
F1_MI: 0.7696839850026781 F1_MA: 0.31156923347856263 ACC_MI: 0.7696839850026781 F1_MA: 0.2870805790825425
BEST_F1_MI: 0.9196572040707016 BEST_F1_MA: 0.38060119921594016 BEST_ACC_MI: 0.9196572040707016 BEST_F1_MA: 0.3496393707641609
[[1411  141  156   27]
 [   5   11   20    5]
 [   5   16   13   36]
 [   2    7   10    2]]
Epoch: [93/200], cls_loss: 0.0628, transfer_loss: 0.0187,person_loss: -1.9658, total_Loss: -0.1245
trian begin
trian end
n_person 383
SAMPLE
F1_MI: 0.8693090519550081 F1_MA: 0.32943179682323415 ACC_MI: 0.8693090519550081 F1_MA: 0.3060553578639209
BEST_F1_MI: 0.9196572040707016 BEST_F1_MA: 0.38060119921594016 BEST_ACC_MI: 0.9196572040707016 BEST_F1_MA: 0.3496393707641609
[[1605   58   65    7]
 [  18   11    7    5]
 [  21   22    3   24]
 [   7    5    5    4]]
Epoch: [94/200], cls_loss: 0.0697, transfer_loss: 0.0152,person_loss: -1.9653, total_Loss: -0.1193
trian begin
trian end
n_person 383
SAMPLE
F1_MI: 0.7659346545259775 F1_MA: 0.32516647225495643 ACC_MI: 0.7659346545259775 F1_MA: 0.2927446576660553
BEST_F1_MI: 0.9196572040707016 BEST_F1_MA: 0.38060119921594016 BEST_ACC_MI: 0.9196572040707016 BEST_F1_MA: 0.3496393707641609
[[1402  169  126   38]
 [   3   12   18    8]
 [   2   15   12   41]
 [   2    5   10    4]]
Epoch: [95/200], cls_loss: 0.0704, transfer_loss: 0.0150,person_loss: -1.9651, total_Loss: -0.1187
trian begin
trian end
n_person 383
SAMPLE
F1_MI: 0.016604177825388325 F1_MA: 0.19657309729587846 ACC_MI: 0.016604177825388325 F1_MA: 0.23047651001622613
BEST_F1_MI: 0.9196572040707016 BEST_F1_MA: 0.38060119921594016 BEST_ACC_MI: 0.9196572040707016 BEST_F1_MA: 0.3496393707641609
[[   5 1268  103  359]
 [   0   11   15   15]
 [   1    8    9   52]
 [   0    6    9    6]]
Epoch: [96/200], cls_loss: 0.0647, transfer_loss: 0.0157,person_loss: -1.9656, total_Loss: -0.1240
[[1315  317   22   81]
 [   3   21    0   17]
 [  21   13    5   31]
 [   0    7    3   11]]
[[1705   16   14    0]
 [  40    0    1    0]
 [  23    6   12   29]
 [  19    2    0    0]]
WHAT: True
SVAE_RESULT
{'best_f1': 0.38060119921594016, 'best_matrix': [[1705, 16, 14, 0], [40, 0, 1, 0], [23, 6, 12, 29], [19, 2, 0, 0]], 'args': 0.1}
{"best_f1": 0.38060119921594016, "best_matrix": [[1705, 16, 14, 0], [40, 0, 1, 0], [23, 6, 12, 29], [19, 2, 0, 0]], "args": 0.1}
ARG: Namespace(backbone='resnet50', batch_size=32, config='DSAN/DSAN.yaml', data_dir='data', device=device(type='cuda'), early_stop=50, epoch_based_training=False, lr=0.003, lr_decay=0.75, lr_gamma=0.0003, lr_scheduler=True, max_iter=40000, method='True', momentum=0.9, myweight=0.1, n_class=4, n_epoch=200, n_iter_per_epoch=200, num_workers=3, seed=1, src_domain='45', tgt_domain='63G', tname='transfer', transfer_loss='lmmd', transfer_loss_weight=0.5, use_bottleneck=True, weight_decay=0.0005)
