only 1 45 63G ONLY/ONLY.yaml False
Namespace(backbone='resnet50', batch_size=32, config='ONLY/ONLY.yaml', data_dir='data', device=device(type='cuda'), early_stop=50, epoch_based_training=False, lr=0.003, lr_decay=0.75, lr_gamma=0.0003, lr_scheduler=True, method='False', momentum=0.9, myweight=0.05, n_epoch=200, n_iter_per_epoch=100, num_workers=3, seed=1, src_domain='45', tgt_domain='63G', tname='transfer', transfer_loss='only', transfer_loss_weight=0.5, use_bottleneck=True, weight_decay=0.0005)
JUST DO IT
run my Parkinson code
transfer
TRAIN Length: 16311 745 TEST Length: 1867 383
YYY: 0 3
DATA_PROFILE   train: 16311 train2: 1867 test: 1867
DATASET.SHAPE: <data_loader.GetTrainLoader object at 0x7f633366f850> True
DATASET.SHAPE: <data_loader.GetTrainLoader object at 0x7f633b82e880> True
DATASET.SHAPE: <data_loader.GetTestLoader object at 0x7f63336e9430> False
CLASS: 4 383
LLL: {}
BOTTLENECK_LIST: [Linear(in_features=512, out_features=256, bias=True), ReLU()]
TYPE: {'loss_type': 'only', 'max_iter': 20000, 'num_class': 4, 'my_person_item': <my_person_item.PersonItem object at 0x7f633b829e20>}
initial_lr 1.0
transfer_world
method False <class 'str'>
1.8.1+cu111
True
LEN: 0 0
LOADER: <data_loader.InfiniteDataLoader object at 0x7f633b82e190> <data_loader.InfiniteDataLoader object at 0x7f63336e98b0>
N_batch: 100
trian begin
trian end
n_person 383
SAMPLE
F1_MI: 0.04177825388323514 F1_MA: 0.22374653835329922 ACC_MI: 0.04177825388323514 F1_MA: 0.23732144095416405
BEST_F1_MI: 0.04177825388323514 BEST_F1_MA: 0.22374653835329922 BEST_ACC_MI: 0.04177825388323514 BEST_F1_MA: 0.23732144095416405
[[  56    0   57 1622]
 [   3    0   10   28]
 [   3    0    7   60]
 [   4    0    2   15]]
Epoch: [ 1/200], cls_loss: 1.0193, transfer_loss: 0.0000,person_loss: 0.0000, total_Loss: 0.0000
trian begin
trian end
n_person 383
SAMPLE
F1_MI: 0.015532940546331012 F1_MA: 0.21182419379418344 ACC_MI: 0.015532940546331012 F1_MA: 0.21792157131907983
BEST_F1_MI: 0.04177825388323514 BEST_F1_MA: 0.22374653835329922 BEST_ACC_MI: 0.04177825388323514 BEST_F1_MA: 0.23732144095416405
[[   9    0   79 1647]
 [   0    0    2   39]
 [   2    0    4   64]
 [   0    0    5   16]]
Epoch: [ 2/200], cls_loss: 0.8517, transfer_loss: 0.0000,person_loss: 0.0000, total_Loss: 0.0000
trian begin
trian end
n_person 383
SAMPLE
F1_MI: 0.03642206748794858 F1_MA: 0.21390181066094072 ACC_MI: 0.03642206748794858 F1_MA: 0.23403198467287886
BEST_F1_MI: 0.04177825388323514 BEST_F1_MA: 0.22374653835329922 BEST_ACC_MI: 0.04177825388323514 BEST_F1_MA: 0.23732144095416405
[[  45    0  127 1563]
 [   1    0   16   24]
 [   4    0   10   56]
 [   2    0    6   13]]
Epoch: [ 3/200], cls_loss: 0.8314, transfer_loss: 0.0000,person_loss: 0.0000, total_Loss: 0.0000
trian begin
trian end
n_person 383
SAMPLE
F1_MI: 0.9078735940010713 F1_MA: 0.3557325781503603 ACC_MI: 0.9078735940010713 F1_MA: 0.3617162164884082
BEST_F1_MI: 0.9078735940010713 BEST_F1_MA: 0.3557325781503603 BEST_ACC_MI: 0.9078735940010713 BEST_F1_MA: 0.3617162164884082
[[1680   15   17   23]
 [  27    5    4    5]
 [  21    1    5   43]
 [  14    0    2    5]]
Epoch: [ 4/200], cls_loss: 0.7847, transfer_loss: 0.0000,person_loss: 0.0000, total_Loss: 0.0000
trian begin
trian end
n_person 383
SAMPLE
F1_MI: 0.02088912694161757 F1_MA: 0.26883679044147085 ACC_MI: 0.02088912694161757 F1_MA: 0.2822917822917823
BEST_F1_MI: 0.9078735940010713 BEST_F1_MA: 0.3557325781503603 BEST_ACC_MI: 0.9078735940010713 BEST_F1_MA: 0.3617162164884082
[[  13   69    8 1645]
 [   1    8    1   31]
 [   0    7    1   62]
 [   0    4    0   17]]
Epoch: [ 5/200], cls_loss: 0.7662, transfer_loss: 0.0000,person_loss: 0.0000, total_Loss: 0.0000
trian begin
trian end
n_person 383
SAMPLE
F1_MI: 0.11676486341724691 F1_MA: 0.14465581867044972 ACC_MI: 0.11676486341724691 F1_MA: 0.19866134770484922
BEST_F1_MI: 0.9078735940010713 BEST_F1_MA: 0.3557325781503603 BEST_ACC_MI: 0.9078735940010713 BEST_F1_MA: 0.3617162164884082
[[ 211    0    2 1522]
 [  25    0    1   15]
 [  17    0    0   53]
 [  14    0    0    7]]
Epoch: [ 6/200], cls_loss: 0.7175, transfer_loss: 0.0000,person_loss: 0.0000, total_Loss: 0.0000
trian begin
trian end
n_person 383
SAMPLE
F1_MI: 0.14890198178896624 F1_MA: 0.15042799049949965 ACC_MI: 0.14890198178896624 F1_MA: 0.2291596880002775
BEST_F1_MI: 0.9078735940010713 BEST_F1_MA: 0.3557325781503603 BEST_ACC_MI: 0.9078735940010713 BEST_F1_MA: 0.3617162164884082
[[ 268   60 1382   25]
 [  30    5    2    4]
 [  19    5    2   44]
 [  15    3    0    3]]
Epoch: [ 7/200], cls_loss: 0.7130, transfer_loss: 0.0000,person_loss: 0.0000, total_Loss: 0.0000
trian begin
trian end
n_person 383
SAMPLE
F1_MI: 0.8987680771290841 F1_MA: 0.3325786448567409 ACC_MI: 0.8987680771290841 F1_MA: 0.32598391938174803
BEST_F1_MI: 0.9078735940010713 BEST_F1_MA: 0.3557325781503603 BEST_ACC_MI: 0.9078735940010713 BEST_F1_MA: 0.3617162164884082
[[1668   16    3   48]
 [  28    2    2    9]
 [  24    0    1   45]
 [  14    0    0    7]]
Epoch: [ 8/200], cls_loss: 0.7317, transfer_loss: 0.0000,person_loss: 0.0000, total_Loss: 0.0000
trian begin
trian end
n_person 383
SAMPLE
F1_MI: 0.080878414568827 F1_MA: 0.21449500064159605 ACC_MI: 0.080878414568827 F1_MA: 0.2250897581254724
BEST_F1_MI: 0.9078735940010713 BEST_F1_MA: 0.3557325781503603 BEST_ACC_MI: 0.9078735940010713 BEST_F1_MA: 0.3617162164884082
[[ 130  114    4 1487]
 [  13   11    0   17]
 [  11    5    0   54]
 [   6    5    0   10]]
Epoch: [ 9/200], cls_loss: 0.6968, transfer_loss: 0.0000,person_loss: 0.0000, total_Loss: 0.0000
trian begin
trian end
n_person 383
SAMPLE
F1_MI: 0.6839850026780931 F1_MA: 0.26587932525624847 ACC_MI: 0.6839850026780931 F1_MA: 0.2766571197659692
BEST_F1_MI: 0.9078735940010713 BEST_F1_MA: 0.3557325781503603 BEST_ACC_MI: 0.9078735940010713 BEST_F1_MA: 0.3617162164884082
[[1267   38  423    7]
 [  28    5    4    4]
 [  22    4    2   42]
 [  11    6    1    3]]
Epoch: [10/200], cls_loss: 0.6625, transfer_loss: 0.0000,person_loss: 0.0000, total_Loss: 0.0000
trian begin
trian end
n_person 383
SAMPLE
F1_MI: 0.050348152115693635 F1_MA: 0.21861050251248676 ACC_MI: 0.05034815211569363 F1_MA: 0.23630795448181272
BEST_F1_MI: 0.9078735940010713 BEST_F1_MA: 0.3557325781503603 BEST_ACC_MI: 0.9078735940010713 BEST_F1_MA: 0.3617162164884082
[[  70   34 1234  397]
 [   6    3   13   19]
 [   4    4    9   53]
 [   3    2    4   12]]
Epoch: [11/200], cls_loss: 0.6368, transfer_loss: 0.0000,person_loss: 0.0000, total_Loss: 0.0000
trian begin
trian end
n_person 383
SAMPLE
F1_MI: 0.7798607391537226 F1_MA: 0.3387770405213387 ACC_MI: 0.7798607391537226 F1_MA: 0.29482866967097415
BEST_F1_MI: 0.9078735940010713 BEST_F1_MA: 0.3557325781503603 BEST_ACC_MI: 0.9078735940010713 BEST_F1_MA: 0.3617162164884082
[[1432  127   47  129]
 [  10    9    6   16]
 [   9    6    5   50]
 [   5    6    0   10]]
Epoch: [12/200], cls_loss: 0.6563, transfer_loss: 0.0000,person_loss: 0.0000, total_Loss: 0.0000
trian begin
trian end
n_person 383
SAMPLE
F1_MI: 0.0723085163363685 F1_MA: 0.20847490210843497 ACC_MI: 0.0723085163363685 F1_MA: 0.23679634886947257
BEST_F1_MI: 0.9078735940010713 BEST_F1_MA: 0.3557325781503603 BEST_ACC_MI: 0.9078735940010713 BEST_F1_MA: 0.3617162164884082
[[ 110   87 1511   27]
 [  14    9   13    5]
 [  13    3    9   45]
 [   5    9    0    7]]
Epoch: [13/200], cls_loss: 0.6666, transfer_loss: 0.0000,person_loss: 0.0000, total_Loss: 0.0000
trian begin
trian end
n_person 383
SAMPLE
F1_MI: 0.046063202999464384 F1_MA: 0.23535540335306954 ACC_MI: 0.046063202999464384 F1_MA: 0.24056264762387197
BEST_F1_MI: 0.9078735940010713 BEST_F1_MA: 0.3557325781503603 BEST_ACC_MI: 0.9078735940010713 BEST_F1_MA: 0.3617162164884082
[[  56   58 1501  120]
 [   6    6   12   17]
 [   4    5   12   49]
 [   3    4    2   12]]
Epoch: [14/200], cls_loss: 0.6310, transfer_loss: 0.0000,person_loss: 0.0000, total_Loss: 0.0000
trian begin
trian end
n_person 383
SAMPLE
F1_MI: 0.06106052490626674 F1_MA: 0.22124666404476684 ACC_MI: 0.06106052490626674 F1_MA: 0.2486752786900447
BEST_F1_MI: 0.9078735940010713 BEST_F1_MA: 0.3557325781503603 BEST_ACC_MI: 0.9078735940010713 BEST_F1_MA: 0.3617162164884082
[[  86   73 1531   45]
 [   8    8   16    9]
 [   6    6   12   46]
 [   4    6    3    8]]
Epoch: [15/200], cls_loss: 0.6537, transfer_loss: 0.0000,person_loss: 0.0000, total_Loss: 0.0000
trian begin
trian end
n_person 383
SAMPLE
F1_MI: 0.8757364756293519 F1_MA: 0.3273109835184174 ACC_MI: 0.8757364756293519 F1_MA: 0.28893046246882276
BEST_F1_MI: 0.9078735940010713 BEST_F1_MA: 0.3557325781503603 BEST_ACC_MI: 0.9078735940010713 BEST_F1_MA: 0.3617162164884082
[[1618   65   10   42]
 [  22   10    2    7]
 [  19    7    0   44]
 [  10    4    0    7]]
Epoch: [16/200], cls_loss: 0.6154, transfer_loss: 0.0000,person_loss: 0.0000, total_Loss: 0.0000
trian begin
trian end
n_person 383
SAMPLE
F1_MI: 0.03535083020889127 F1_MA: 0.24796328309355634 ACC_MI: 0.03535083020889127 F1_MA: 0.2449542736349797
BEST_F1_MI: 0.9078735940010713 BEST_F1_MA: 0.3557325781503603 BEST_ACC_MI: 0.9078735940010713 BEST_F1_MA: 0.3617162164884082
[[  25   90 1569   51]
 [   2    7   24    8]
 [   2    7   24   37]
 [   2    5    4   10]]
Epoch: [17/200], cls_loss: 0.5951, transfer_loss: 0.0000,person_loss: 0.0000, total_Loss: 0.0000
trian begin
trian end
n_person 383
SAMPLE
F1_MI: 0.057846813069094796 F1_MA: 0.18553731177633526 ACC_MI: 0.0578468130690948 F1_MA: 0.23681052073217448
BEST_F1_MI: 0.9078735940010713 BEST_F1_MA: 0.3557325781503603 BEST_ACC_MI: 0.9078735940010713 BEST_F1_MA: 0.3617162164884082
[[  90  122   22 1501]
 [  13   10    2   16]
 [   6    9    2   53]
 [   3   11    1    6]]
Epoch: [18/200], cls_loss: 0.6167, transfer_loss: 0.0000,person_loss: 0.0000, total_Loss: 0.0000
trian begin
trian end
n_person 383
SAMPLE
F1_MI: 0.12854847348687734 F1_MA: 0.14916790949914469 ACC_MI: 0.12854847348687734 F1_MA: 0.21575525684751556
BEST_F1_MI: 0.9078735940010713 BEST_F1_MA: 0.3557325781503603 BEST_ACC_MI: 0.9078735940010713 BEST_F1_MA: 0.3617162164884082
[[ 220   28 1485    2]
 [  27    1   12    1]
 [  18    1   18   33]
 [  11    7    2    1]]
Epoch: [19/200], cls_loss: 0.5913, transfer_loss: 0.0000,person_loss: 0.0000, total_Loss: 0.0000
trian begin
trian end
n_person 383
SAMPLE
F1_MI: 0.9110873058382432 F1_MA: 0.33536277789293245 ACC_MI: 0.9110873058382432 F1_MA: 0.32801036317551124
BEST_F1_MI: 0.9110873058382432 BEST_F1_MA: 0.3557325781503603 BEST_ACC_MI: 0.9110873058382432 BEST_F1_MA: 0.3617162164884082
[[1689   24    7   15]
 [  32    6    1    2]
 [  23    3    1   43]
 [  12    4    0    5]]
Epoch: [20/200], cls_loss: 0.6158, transfer_loss: 0.0000,person_loss: 0.0000, total_Loss: 0.0000
trian begin
trian end
n_person 383
SAMPLE
F1_MI: 0.870915907873594 F1_MA: 0.3383417589127465 ACC_MI: 0.870915907873594 F1_MA: 0.31026732127847567
BEST_F1_MI: 0.9110873058382432 BEST_F1_MA: 0.3557325781503603 BEST_ACC_MI: 0.9110873058382432 BEST_F1_MA: 0.3617162164884082
[[1608   61   29   37]
 [  22    7    4    8]
 [  14    7    4   45]
 [  10    4    0    7]]
Epoch: [21/200], cls_loss: 0.5854, transfer_loss: 0.0000,person_loss: 0.0000, total_Loss: 0.0000
trian begin
trian end
n_person 383
SAMPLE
F1_MI: 0.8419925013390466 F1_MA: 0.3155779702258676 ACC_MI: 0.8419925013390466 F1_MA: 0.27618389878468724
BEST_F1_MI: 0.9110873058382432 BEST_F1_MA: 0.3557325781503603 BEST_ACC_MI: 0.9110873058382432 BEST_F1_MA: 0.3617162164884082
[[1557   61    9  108]
 [  17    6    3   15]
 [  11    5    0   54]
 [   8    4    0    9]]
Epoch: [22/200], cls_loss: 0.5557, transfer_loss: 0.0000,person_loss: 0.0000, total_Loss: 0.0000
trian begin
trian end
n_person 383
SAMPLE
F1_MI: 0.7921799678628816 F1_MA: 0.35618348502454394 ACC_MI: 0.7921799678628816 F1_MA: 0.299823891792383
BEST_F1_MI: 0.9110873058382432 BEST_F1_MA: 0.35618348502454394 BEST_ACC_MI: 0.9110873058382432 BEST_F1_MA: 0.3617162164884082
[[1451  193   55   36]
 [   7   15    8   11]
 [   6   27    2   35]
 [   5    5    0   11]]
Epoch: [23/200], cls_loss: 0.5720, transfer_loss: 0.0000,person_loss: 0.0000, total_Loss: 0.0000
trian begin
trian end
n_person 383
SAMPLE
F1_MI: 0.8527048741296197 F1_MA: 0.3287324536838595 ACC_MI: 0.8527048741296197 F1_MA: 0.2895400264937056
BEST_F1_MI: 0.9110873058382432 BEST_F1_MA: 0.35618348502454394 BEST_ACC_MI: 0.9110873058382432 BEST_F1_MA: 0.3617162164884082
[[1576   60   15   84]
 [  18    5    4   14]
 [  16    3    1   50]
 [   9    2    0   10]]
Epoch: [24/200], cls_loss: 0.5655, transfer_loss: 0.0000,person_loss: 0.0000, total_Loss: 0.0000
trian begin
trian end
n_person 383
SAMPLE
F1_MI: 0.0433851098018211 F1_MA: 0.20901015680411053 ACC_MI: 0.0433851098018211 F1_MA: 0.21905060650426786
BEST_F1_MI: 0.9110873058382432 BEST_F1_MA: 0.35618348502454394 BEST_ACC_MI: 0.9110873058382432 BEST_F1_MA: 0.3617162164884082
[[  58  252 1301  124]
 [   9    7    4   21]
 [   2    8    5   55]
 [   4    5    1   11]]
Epoch: [25/200], cls_loss: 0.5841, transfer_loss: 0.0000,person_loss: 0.0000, total_Loss: 0.0000
trian begin
trian end
n_person 383
SAMPLE
F1_MI: 0.9100160685591858 F1_MA: 0.3400986776880312 ACC_MI: 0.9100160685591858 F1_MA: 0.3904737420882091
BEST_F1_MI: 0.9110873058382432 BEST_F1_MA: 0.35618348502454394 BEST_ACC_MI: 0.9110873058382432 BEST_F1_MA: 0.3904737420882091
[[1693   12    1   29]
 [  38    1    0    2]
 [  35    2    1   32]
 [  12    5    0    4]]
Epoch: [26/200], cls_loss: 0.5429, transfer_loss: 0.0000,person_loss: 0.0000, total_Loss: 0.0000
trian begin
trian end
n_person 383
SAMPLE
F1_MI: 0.9100160685591858 F1_MA: 0.3081671498281215 ACC_MI: 0.9100160685591858 F1_MA: 0.282444595073553
BEST_F1_MI: 0.9110873058382432 BEST_F1_MA: 0.35618348502454394 BEST_ACC_MI: 0.9110873058382432 BEST_F1_MA: 0.3904737420882091
[[1690   23    2   20]
 [  37    2    0    2]
 [  25    1    0   44]
 [  14    0    0    7]]
Epoch: [27/200], cls_loss: 0.5522, transfer_loss: 0.0000,person_loss: 0.0000, total_Loss: 0.0000
trian begin
trian end
n_person 383
SAMPLE
F1_MI: 0.8773433315479379 F1_MA: 0.31528521540222665 ACC_MI: 0.8773433315479379 F1_MA: 0.2804376638166882
BEST_F1_MI: 0.9110873058382432 BEST_F1_MA: 0.35618348502454394 BEST_ACC_MI: 0.9110873058382432 BEST_F1_MA: 0.3904737420882091
[[1624   65    0   46]
 [  28    7    1    5]
 [  29    7    0   34]
 [  12    2    0    7]]
Epoch: [28/200], cls_loss: 0.5141, transfer_loss: 0.0000,person_loss: 0.0000, total_Loss: 0.0000
trian begin
trian end
n_person 383
SAMPLE
F1_MI: 0.8976968398500268 F1_MA: 0.2812721908741597 ACC_MI: 0.8976968398500268 F1_MA: 0.2689420584544647
BEST_F1_MI: 0.9110873058382432 BEST_F1_MA: 0.35618348502454394 BEST_ACC_MI: 0.9110873058382432 BEST_F1_MA: 0.3904737420882091
[[1669   47    9   10]
 [  30    5    2    4]
 [  22    4    0   44]
 [  12    7    0    2]]
Epoch: [29/200], cls_loss: 0.5361, transfer_loss: 0.0000,person_loss: 0.0000, total_Loss: 0.0000
trian begin
trian end
n_person 383
SAMPLE
F1_MI: 0.046063202999464384 F1_MA: 0.2405498294215869 ACC_MI: 0.046063202999464384 F1_MA: 0.25860117987602943
BEST_F1_MI: 0.9110873058382432 BEST_F1_MA: 0.35618348502454394 BEST_ACC_MI: 0.9110873058382432 BEST_F1_MA: 0.3904737420882091
[[  54  124 1532   25]
 [   5   11   21    4]
 [   2   13   12   43]
 [   3    5    4    9]]
Epoch: [30/200], cls_loss: 0.5388, transfer_loss: 0.0000,person_loss: 0.0000, total_Loss: 0.0000
trian begin
trian end
n_person 383
SAMPLE
F1_MI: 0.8934118907337976 F1_MA: 0.3044434348569371 ACC_MI: 0.8934118907337976 F1_MA: 0.30173823286540047
BEST_F1_MI: 0.9110873058382432 BEST_F1_MA: 0.35618348502454394 BEST_ACC_MI: 0.9110873058382432 BEST_F1_MA: 0.3904737420882091
[[1658   12   61    4]
 [  32    3    5    1]
 [  26    6    4   34]
 [  14    4    0    3]]
Epoch: [31/200], cls_loss: 0.5406, transfer_loss: 0.0000,person_loss: 0.0000, total_Loss: 0.0000
trian begin
trian end
n_person 383
SAMPLE
F1_MI: 0.07337975361542581 F1_MA: 0.18430271627248845 ACC_MI: 0.07337975361542581 F1_MA: 0.21365918583764365
BEST_F1_MI: 0.9110873058382432 BEST_F1_MA: 0.35618348502454394 BEST_ACC_MI: 0.9110873058382432 BEST_F1_MA: 0.3904737420882091
[[ 117 1574   22   22]
 [  11   16    5    9]
 [  11   12    0   47]
 [   8    8    1    4]]
Epoch: [32/200], cls_loss: 0.5202, transfer_loss: 0.0000,person_loss: 0.0000, total_Loss: 0.0000
trian begin
trian end
n_person 383
SAMPLE
F1_MI: 0.9089448312801287 F1_MA: 0.31631228348391877 ACC_MI: 0.9089448312801286 F1_MA: 0.2922376365530381
BEST_F1_MI: 0.9110873058382432 BEST_F1_MA: 0.35618348502454394 BEST_ACC_MI: 0.9110873058382432 BEST_F1_MA: 0.3904737420882091
[[1687   19    2   27]
 [  34    3    0    4]
 [  25    0    0   45]
 [  12    2    0    7]]
Epoch: [33/200], cls_loss: 0.5040, transfer_loss: 0.0000,person_loss: 0.0000, total_Loss: 0.0000
trian begin
trian end
n_person 383
SAMPLE
F1_MI: 0.2779860739153723 F1_MA: 0.2837180805702617 ACC_MI: 0.2779860739153723 F1_MA: 0.27435240561818275
BEST_F1_MI: 0.9110873058382432 BEST_F1_MA: 0.35618348502454394 BEST_ACC_MI: 0.9110873058382432 BEST_F1_MA: 0.3904737420882091
[[491 229 963  52]
 [ 11  19   3   8]
 [ 11  10   0  49]
 [  4   8   0   9]]
Epoch: [34/200], cls_loss: 0.5222, transfer_loss: 0.0000,person_loss: 0.0000, total_Loss: 0.0000
trian begin
trian end
n_person 383
SAMPLE
F1_MI: 0.8987680771290841 F1_MA: 0.2923882442464257 ACC_MI: 0.8987680771290841 F1_MA: 0.27923980613854027
BEST_F1_MI: 0.9110873058382432 BEST_F1_MA: 0.35618348502454394 BEST_ACC_MI: 0.9110873058382432 BEST_F1_MA: 0.3904737420882091
[[1670   34    4   27]
 [  31    5    2    3]
 [  22    0    0   48]
 [  15    3    0    3]]
Epoch: [35/200], cls_loss: 0.5022, transfer_loss: 0.0000,person_loss: 0.0000, total_Loss: 0.0000
trian begin
trian end
n_person 383
SAMPLE
F1_MI: 0.8993036957686128 F1_MA: 0.3119775168094479 ACC_MI: 0.8993036957686128 F1_MA: 0.29082003198851025
BEST_F1_MI: 0.9110873058382432 BEST_F1_MA: 0.35618348502454394 BEST_ACC_MI: 0.9110873058382432 BEST_F1_MA: 0.3904737420882091
[[1668   32   17   18]
 [  28    6    2    5]
 [  22    2    0   46]
 [  10    6    0    5]]
Epoch: [36/200], cls_loss: 0.4893, transfer_loss: 0.0000,person_loss: 0.0000, total_Loss: 0.0000
trian begin
trian end
n_person 383
SAMPLE
F1_MI: 0.6946973754686663 F1_MA: 0.2829155716588681 ACC_MI: 0.6946973754686663 F1_MA: 0.2758420803916848
BEST_F1_MI: 0.9110873058382432 BEST_F1_MA: 0.35618348502454394 BEST_ACC_MI: 0.9110873058382432 BEST_F1_MA: 0.3904737420882091
[[1280   88  354   13]
 [  21    8   10    2]
 [  15    5    6   44]
 [   9    9    0    3]]
Epoch: [37/200], cls_loss: 0.4817, transfer_loss: 0.0000,person_loss: 0.0000, total_Loss: 0.0000
trian begin
trian end
n_person 383
SAMPLE
F1_MI: 0.9105516871987145 F1_MA: 0.2676970352617394 ACC_MI: 0.9105516871987145 F1_MA: 0.26115265237020313
BEST_F1_MI: 0.9110873058382432 BEST_F1_MA: 0.35618348502454394 BEST_ACC_MI: 0.9110873058382432 BEST_F1_MA: 0.3904737420882091
[[1696   35    1    3]
 [  36    3    1    1]
 [  26    1    0   43]
 [  14    6    0    1]]
Epoch: [38/200], cls_loss: 0.4854, transfer_loss: 0.0000,person_loss: 0.0000, total_Loss: 0.0000
trian begin
trian end
n_person 383
SAMPLE
F1_MI: 0.9110873058382432 F1_MA: 0.2972570598710468 ACC_MI: 0.9110873058382432 F1_MA: 0.3049862480319333
BEST_F1_MI: 0.9110873058382432 BEST_F1_MA: 0.35618348502454394 BEST_ACC_MI: 0.9110873058382432 BEST_F1_MA: 0.3904737420882091
[[1695   29    6    5]
 [  37    3    0    1]
 [  26    1    1   42]
 [  15    4    0    2]]
Epoch: [39/200], cls_loss: 0.4839, transfer_loss: 0.0000,person_loss: 0.0000, total_Loss: 0.0000
trian begin
trian end
n_person 383
SAMPLE
F1_MI: 0.6652383502945902 F1_MA: 0.30494832583881204 ACC_MI: 0.6652383502945902 F1_MA: 0.2875859886860583
BEST_F1_MI: 0.9110873058382432 BEST_F1_MA: 0.35618348502454394 BEST_ACC_MI: 0.9110873058382432 BEST_F1_MA: 0.3904737420882091
[[1222  105  393   15]
 [  20   14    4    3]
 [  17   17    1   35]
 [   9    7    0    5]]
Epoch: [40/200], cls_loss: 0.4614, transfer_loss: 0.0000,person_loss: 0.0000, total_Loss: 0.0000
trian begin
trian end
n_person 383
SAMPLE
F1_MI: 0.807177289769684 F1_MA: 0.315978803139233 ACC_MI: 0.807177289769684 F1_MA: 0.28975393669066674
BEST_F1_MI: 0.9110873058382432 BEST_F1_MA: 0.35618348502454394 BEST_ACC_MI: 0.9110873058382432 BEST_F1_MA: 0.3904737420882091
[[1488   72   78   97]
 [   9    6   12   14]
 [  10    2    7   51]
 [   7    6    2    6]]
Epoch: [41/200], cls_loss: 0.4639, transfer_loss: 0.0000,person_loss: 0.0000, total_Loss: 0.0000
trian begin
trian end
n_person 383
SAMPLE
F1_MI: 0.7959292983395823 F1_MA: 0.3295653610508597 ACC_MI: 0.7959292983395823 F1_MA: 0.286914165045868
BEST_F1_MI: 0.9110873058382432 BEST_F1_MA: 0.35618348502454394 BEST_ACC_MI: 0.9110873058382432 BEST_F1_MA: 0.3904737420882091
[[1465   96   93   81]
 [   6    7   10   18]
 [  10    6    4   50]
 [   3    6    2   10]]
Epoch: [42/200], cls_loss: 0.4417, transfer_loss: 0.0000,person_loss: 0.0000, total_Loss: 0.0000
trian begin
trian end
n_person 383
SAMPLE
F1_MI: 0.06427423674343867 F1_MA: 0.21897571700154533 ACC_MI: 0.06427423674343867 F1_MA: 0.2221758508220328
BEST_F1_MI: 0.9110873058382432 BEST_F1_MA: 0.35618348502454394 BEST_ACC_MI: 0.9110873058382432 BEST_F1_MA: 0.3904737420882091
[[  95 1165  417   58]
 [   7   15    4   15]
 [  11    9    1   49]
 [   5    6    1    9]]
Epoch: [43/200], cls_loss: 0.4683, transfer_loss: 0.0000,person_loss: 0.0000, total_Loss: 0.0000
trian begin
trian end
n_person 383
SAMPLE
F1_MI: 0.08355650776647028 F1_MA: 0.21071751963642335 ACC_MI: 0.08355650776647028 F1_MA: 0.22293940015740424
BEST_F1_MI: 0.9110873058382432 BEST_F1_MA: 0.35618348502454394 BEST_ACC_MI: 0.9110873058382432 BEST_F1_MA: 0.3904737420882091
[[ 135 1540    3   57]
 [  14   12    0   15]
 [  13   11    0   46]
 [   4    8    0    9]]
Epoch: [44/200], cls_loss: 0.4817, transfer_loss: 0.0000,person_loss: 0.0000, total_Loss: 0.0000
trian begin
trian end
n_person 383
SAMPLE
F1_MI: 0.025174076057846818 F1_MA: 0.20945034089240433 ACC_MI: 0.025174076057846814 F1_MA: 0.1962426686217009
BEST_F1_MI: 0.9110873058382432 BEST_F1_MA: 0.35618348502454394 BEST_ACC_MI: 0.9110873058382432 BEST_F1_MA: 0.3904737420882091
[[  27  108    5 1595]
 [   3    3    1   34]
 [   4    7    0   59]
 [   2    2    0   17]]
Epoch: [45/200], cls_loss: 0.4616, transfer_loss: 0.0000,person_loss: 0.0000, total_Loss: 0.0000
trian begin
trian end
n_person 383
SAMPLE
F1_MI: 0.9126941617568292 F1_MA: 0.2896809462942338 ACC_MI: 0.9126941617568292 F1_MA: 0.276131246983041
BEST_F1_MI: 0.9126941617568292 BEST_F1_MA: 0.35618348502454394 BEST_ACC_MI: 0.9126941617568292 BEST_F1_MA: 0.3904737420882091
[[1697   31    0    7]
 [  36    4    0    1]
 [  25   10    0   35]
 [  14    4    0    3]]
Epoch: [46/200], cls_loss: 0.4713, transfer_loss: 0.0000,person_loss: 0.0000, total_Loss: 0.0000
trian begin
trian end
n_person 383
SAMPLE
F1_MI: 0.8885913229780397 F1_MA: 0.2733618120137198 ACC_MI: 0.8885913229780397 F1_MA: 0.27123257839721254
BEST_F1_MI: 0.9126941617568292 BEST_F1_MA: 0.35618348502454394 BEST_ACC_MI: 0.9126941617568292 BEST_F1_MA: 0.3904737420882091
[[1653   46   31    5]
 [  35    3    2    1]
 [  21   14    2   33]
 [  13    7    0    1]]
Epoch: [47/200], cls_loss: 0.4300, transfer_loss: 0.0000,person_loss: 0.0000, total_Loss: 0.0000
trian begin
trian end
n_person 383
SAMPLE
F1_MI: 0.7359400107123729 F1_MA: 0.3298630049565346 ACC_MI: 0.7359400107123728 F1_MA: 0.2782135714654005
BEST_F1_MI: 0.9126941617568292 BEST_F1_MA: 0.35618348502454394 BEST_ACC_MI: 0.9126941617568292 BEST_F1_MA: 0.3904737420882091
[[1353   55   99  228]
 [   6    4    5   26]
 [   9    4    2   55]
 [   4    2    0   15]]
Epoch: [48/200], cls_loss: 0.4576, transfer_loss: 0.0000,person_loss: 0.0000, total_Loss: 0.0000
trian begin
trian end
n_person 383
SAMPLE
F1_MI: 0.8939475093733261 F1_MA: 0.33882246901834595 ACC_MI: 0.8939475093733262 F1_MA: 0.3139928250042118
BEST_F1_MI: 0.9126941617568292 BEST_F1_MA: 0.35618348502454394 BEST_ACC_MI: 0.9126941617568292 BEST_F1_MA: 0.3904737420882091
[[1654   30   14   37]
 [  25    7    2    7]
 [  18    5    1   46]
 [  11    1    2    7]]
Epoch: [49/200], cls_loss: 0.4548, transfer_loss: 0.0000,person_loss: 0.0000, total_Loss: 0.0000
trian begin
trian end
n_person 383
SAMPLE
F1_MI: 0.853776111408677 F1_MA: 0.31046412851723343 ACC_MI: 0.853776111408677 F1_MA: 0.2875780301663702
BEST_F1_MI: 0.9126941617568292 BEST_F1_MA: 0.35618348502454394 BEST_ACC_MI: 0.9126941617568292 BEST_F1_MA: 0.3904737420882091
[[1578  106   38   13]
 [  23   11    4    3]
 [  12   24    2   32]
 [   6   11    1    3]]
Epoch: [50/200], cls_loss: 0.4425, transfer_loss: 0.0000,person_loss: 0.0000, total_Loss: 0.0000
trian begin
trian end
n_person 383
SAMPLE
F1_MI: 0.8007498660953402 F1_MA: 0.34553205437376344 ACC_MI: 0.8007498660953402 F1_MA: 0.30108900587855403
BEST_F1_MI: 0.9126941617568292 BEST_F1_MA: 0.35618348502454394 BEST_ACC_MI: 0.9126941617568292 BEST_F1_MA: 0.3904737420882091
[[1472  111   17  135]
 [   9   11    2   19]
 [   8    7    2   53]
 [   5    5    1   10]]
Epoch: [51/200], cls_loss: 0.4159, transfer_loss: 0.0000,person_loss: 0.0000, total_Loss: 0.0000
trian begin
trian end
n_person 383
SAMPLE
F1_MI: 0.8012854847348688 F1_MA: 0.36229938845521487 ACC_MI: 0.8012854847348688 F1_MA: 0.30306188820254154
BEST_F1_MI: 0.9126941617568292 BEST_F1_MA: 0.36229938845521487 BEST_ACC_MI: 0.9126941617568292 BEST_F1_MA: 0.3904737420882091
[[1467  152   37   79]
 [   8   14    4   15]
 [   5   23    3   39]
 [   2    7    0   12]]
Epoch: [52/200], cls_loss: 0.4015, transfer_loss: 0.0000,person_loss: 0.0000, total_Loss: 0.0000
trian begin
trian end
n_person 383
SAMPLE
F1_MI: 0.9148366363149437 F1_MA: 0.4337725128987543 ACC_MI: 0.9148366363149437 F1_MA: 0.45537690288920973
BEST_F1_MI: 0.9148366363149437 BEST_F1_MA: 0.4337725128987543 BEST_ACC_MI: 0.9148366363149437 BEST_F1_MA: 0.45537690288920973
[[1669   50   14    2]
 [  32    7    1    1]
 [  26    1   30   13]
 [  13    4    2    2]]
Epoch: [53/200], cls_loss: 0.4346, transfer_loss: 0.0000,person_loss: 0.0000, total_Loss: 0.0000
trian begin
trian end
n_person 383
SAMPLE
F1_MI: 0.027316550615961437 F1_MA: 0.24192530248654429 ACC_MI: 0.027316550615961437 F1_MA: 0.2674807666366868
BEST_F1_MI: 0.9148366363149437 BEST_F1_MA: 0.4337725128987543 BEST_ACC_MI: 0.9148366363149437 BEST_F1_MA: 0.45537690288920973
[[  19 1617   63   36]
 [   1   18   11   11]
 [   0   17    7   46]
 [   1   11    2    7]]
Epoch: [54/200], cls_loss: 0.4178, transfer_loss: 0.0000,person_loss: 0.0000, total_Loss: 0.0000
trian begin
trian end
n_person 383
SAMPLE
F1_MI: 0.796464916979111 F1_MA: 0.35754022168014116 ACC_MI: 0.7964649169791109 F1_MA: 0.3032694530269663
BEST_F1_MI: 0.9148366363149437 BEST_F1_MA: 0.4337725128987543 BEST_ACC_MI: 0.9148366363149437 BEST_F1_MA: 0.45537690288920973
[[1454  189   70   22]
 [   9   23    7    2]
 [   4   16    4   46]
 [   3   11    1    6]]
Epoch: [55/200], cls_loss: 0.4069, transfer_loss: 0.0000,person_loss: 0.0000, total_Loss: 0.0000
trian begin
trian end
n_person 383
SAMPLE
F1_MI: 0.7461167648634173 F1_MA: 0.33948692498991173 ACC_MI: 0.7461167648634173 F1_MA: 0.28855597716104453
BEST_F1_MI: 0.9148366363149437 BEST_F1_MA: 0.4337725128987543 BEST_ACC_MI: 0.9148366363149437 BEST_F1_MA: 0.45537690288920973
[[1364  226   64   81]
 [   3   18    5   15]
 [   3   14    3   50]
 [   3   10    0    8]]
Epoch: [56/200], cls_loss: 0.4235, transfer_loss: 0.0000,person_loss: 0.0000, total_Loss: 0.0000
trian begin
trian end
n_person 383
SAMPLE
F1_MI: 0.6357793251205142 F1_MA: 0.31131504659297726 ACC_MI: 0.6357793251205142 F1_MA: 0.2788488212713689
BEST_F1_MI: 0.9148366363149437 BEST_F1_MA: 0.4337725128987543 BEST_ACC_MI: 0.9148366363149437 BEST_F1_MA: 0.45537690288920973
[[1161  210  336   28]
 [  12   20    3    6]
 [  13    9    1   47]
 [   6   10    0    5]]
Epoch: [57/200], cls_loss: 0.4044, transfer_loss: 0.0000,person_loss: 0.0000, total_Loss: 0.0000
trian begin
trian end
n_person 383
SAMPLE
F1_MI: 0.8591322978039636 F1_MA: 0.31182739614347393 ACC_MI: 0.8591322978039636 F1_MA: 0.2775842658174661
BEST_F1_MI: 0.9148366363149437 BEST_F1_MA: 0.4337725128987543 BEST_ACC_MI: 0.9148366363149437 BEST_F1_MA: 0.45537690288920973
[[1586  132    6   11]
 [  18   15    1    7]
 [  18    6    0   46]
 [  12    5    1    3]]
Epoch: [58/200], cls_loss: 0.4150, transfer_loss: 0.0000,person_loss: 0.0000, total_Loss: 0.0000
trian begin
trian end
n_person 383
SAMPLE
F1_MI: 0.7986073915372255 F1_MA: 0.34336939041686215 ACC_MI: 0.7986073915372255 F1_MA: 0.2989390717952022
BEST_F1_MI: 0.9148366363149437 BEST_F1_MA: 0.4337725128987543 BEST_ACC_MI: 0.9148366363149437 BEST_F1_MA: 0.45537690288920973
[[1466   93  139   37]
 [  16   11    8    6]
 [   7   11    5   47]
 [   5    6    1    9]]
Epoch: [59/200], cls_loss: 0.4112, transfer_loss: 0.0000,person_loss: 0.0000, total_Loss: 0.0000
trian begin
trian end
n_person 383
SAMPLE
F1_MI: 0.8971612212104981 F1_MA: 0.3107291778738588 ACC_MI: 0.8971612212104981 F1_MA: 0.284814249095825
BEST_F1_MI: 0.9148366363149437 BEST_F1_MA: 0.4337725128987543 BEST_ACC_MI: 0.9148366363149437 BEST_F1_MA: 0.45537690288920973
[[1663   47    4   21]
 [  29    7    1    4]
 [  24   10    0   36]
 [  10    6    0    5]]
Epoch: [60/200], cls_loss: 0.4278, transfer_loss: 0.0000,person_loss: 0.0000, total_Loss: 0.0000
trian begin
trian end
n_person 383
SAMPLE
F1_MI: 0.0433851098018211 F1_MA: 0.21630952256485705 ACC_MI: 0.0433851098018211 F1_MA: 0.20778998599197138
BEST_F1_MI: 0.9148366363149437 BEST_F1_MA: 0.4337725128987543 BEST_ACC_MI: 0.9148366363149437 BEST_F1_MA: 0.45537690288920973
[[  48 1642   14   31]
 [   5   30    0    6]
 [   6   28    0   36]
 [   3   15    0    3]]
Epoch: [61/200], cls_loss: 0.3791, transfer_loss: 0.0000,person_loss: 0.0000, total_Loss: 0.0000
trian begin
trian end
n_person 383
SAMPLE
F1_MI: 0.7284413497589716 F1_MA: 0.3191505260049249 ACC_MI: 0.7284413497589716 F1_MA: 0.2721644007555398
BEST_F1_MI: 0.9148366363149437 BEST_F1_MA: 0.4337725128987543 BEST_ACC_MI: 0.9148366363149437 BEST_F1_MA: 0.45537690288920973
[[1333  243   27  132]
 [   7   22    1   11]
 [   7   12    0   51]
 [   3   12    1    5]]
Epoch: [62/200], cls_loss: 0.3887, transfer_loss: 0.0000,person_loss: 0.0000, total_Loss: 0.0000
trian begin
trian end
n_person 383
SAMPLE
F1_MI: 0.08141403320835565 F1_MA: 0.2000112064912155 ACC_MI: 0.08141403320835565 F1_MA: 0.24983077901297052
BEST_F1_MI: 0.9148366363149437 BEST_F1_MA: 0.4337725128987543 BEST_ACC_MI: 0.9148366363149437 BEST_F1_MA: 0.45537690288920973
[[ 130   93 1489   23]
 [  11   11   12    7]
 [  10   23    6   31]
 [   4    9    3    5]]
Epoch: [63/200], cls_loss: 0.4005, transfer_loss: 0.0000,person_loss: 0.0000, total_Loss: 0.0000
trian begin
trian end
n_person 383
SAMPLE
F1_MI: 0.8371719335832887 F1_MA: 0.28274304064722494 ACC_MI: 0.8371719335832887 F1_MA: 0.26554832933795025
BEST_F1_MI: 0.9148366363149437 BEST_F1_MA: 0.4337725128987543 BEST_ACC_MI: 0.9148366363149437 BEST_F1_MA: 0.45537690288920973
[[1552  152   28    3]
 [  30    9    0    2]
 [  16   21    0   33]
 [  11    7    1    2]]
Epoch: [64/200], cls_loss: 0.3854, transfer_loss: 0.0000,person_loss: 0.0000, total_Loss: 0.0000
trian begin
trian end
n_person 383
SAMPLE
F1_MI: 0.8810926620246384 F1_MA: 0.32492563194416835 ACC_MI: 0.8810926620246384 F1_MA: 0.2879530071491554
BEST_F1_MI: 0.9148366363149437 BEST_F1_MA: 0.4337725128987543 BEST_ACC_MI: 0.9148366363149437 BEST_F1_MA: 0.45537690288920973
[[1630   55   16   34]
 [  24    7    2    8]
 [  23   12    0   35]
 [   9    3    1    8]]
Epoch: [65/200], cls_loss: 0.3630, transfer_loss: 0.0000,person_loss: 0.0000, total_Loss: 0.0000
trian begin
trian end
n_person 383
SAMPLE
F1_MI: 0.9126941617568292 F1_MA: 0.3053560118285214 ACC_MI: 0.9126941617568292 F1_MA: 0.3082231777883952
BEST_F1_MI: 0.9148366363149437 BEST_F1_MA: 0.4337725128987543 BEST_ACC_MI: 0.9148366363149437 BEST_F1_MA: 0.45537690288920973
[[1694   27   11    3]
 [  30    9    1    1]
 [  24    5    1   40]
 [  16    5    0    0]]
Epoch: [66/200], cls_loss: 0.3879, transfer_loss: 0.0000,person_loss: 0.0000, total_Loss: 0.0000
trian begin
trian end
n_person 383
SAMPLE
F1_MI: 0.9175147295125871 F1_MA: 0.30003516249081813 ACC_MI: 0.9175147295125871 F1_MA: 0.29436703815668763
BEST_F1_MI: 0.9175147295125871 BEST_F1_MA: 0.4337725128987543 BEST_ACC_MI: 0.9175147295125871 BEST_F1_MA: 0.45537690288920973
[[1706   20    8    1]
 [  36    4    0    1]
 [  41    9    0   20]
 [  14    4    0    3]]
Epoch: [67/200], cls_loss: 0.3716, transfer_loss: 0.0000,person_loss: 0.0000, total_Loss: 0.0000
trian begin
trian end
n_person 383
SAMPLE
F1_MI: 0.3513658275307981 F1_MA: 0.2823389641064484 ACC_MI: 0.3513658275307981 F1_MA: 0.276582478392448
BEST_F1_MI: 0.9175147295125871 BEST_F1_MA: 0.4337725128987543 BEST_ACC_MI: 0.9175147295125871 BEST_F1_MA: 0.45537690288920973
[[ 629 1019   43   44]
 [   7   17    8    9]
 [   6   14    3   47]
 [   5    6    3    7]]
Epoch: [68/200], cls_loss: 0.3789, transfer_loss: 0.0000,person_loss: 0.0000, total_Loss: 0.0000
trian begin
trian end
n_person 383
SAMPLE
F1_MI: 0.9153722549544724 F1_MA: 0.28492902197128056 ACC_MI: 0.9153722549544724 F1_MA: 0.28227314827976796
BEST_F1_MI: 0.9175147295125871 BEST_F1_MA: 0.4337725128987543 BEST_ACC_MI: 0.9175147295125871 BEST_F1_MA: 0.45537690288920973
[[1704   15   11    5]
 [  34    3    3    1]
 [  26    3    0   41]
 [  15    2    2    2]]
Epoch: [69/200], cls_loss: 0.3834, transfer_loss: 0.0000,person_loss: 0.0000, total_Loss: 0.0000
trian begin
trian end
n_person 383
SAMPLE
F1_MI: 0.7702196036422067 F1_MA: 0.3186072389960708 ACC_MI: 0.7702196036422068 F1_MA: 0.2778025202056011
BEST_F1_MI: 0.9175147295125871 BEST_F1_MA: 0.4337725128987543 BEST_ACC_MI: 0.9175147295125871 BEST_F1_MA: 0.45537690288920973
[[1413  225   81   16]
 [  10   22    7    2]
 [   6   21    0   43]
 [   4   13    1    3]]
Epoch: [70/200], cls_loss: 0.3941, transfer_loss: 0.0000,person_loss: 0.0000, total_Loss: 0.0000
trian begin
trian end
n_person 383
SAMPLE
F1_MI: 0.7841456882699518 F1_MA: 0.3291728528899932 ACC_MI: 0.7841456882699518 F1_MA: 0.27937000337463525
BEST_F1_MI: 0.9175147295125871 BEST_F1_MA: 0.4337725128987543 BEST_ACC_MI: 0.9175147295125871 BEST_F1_MA: 0.45537690288920973
[[1438  234   24   39]
 [  11   20    4    6]
 [   6   16    0   48]
 [   5    8    2    6]]
Epoch: [71/200], cls_loss: 0.3676, transfer_loss: 0.0000,person_loss: 0.0000, total_Loss: 0.0000
trian begin
trian end
n_person 383
SAMPLE
F1_MI: 0.914301017675415 F1_MA: 0.2861947335688576 ACC_MI: 0.914301017675415 F1_MA: 0.27942500463627223
BEST_F1_MI: 0.9175147295125871 BEST_F1_MA: 0.4337725128987543 BEST_ACC_MI: 0.9175147295125871 BEST_F1_MA: 0.45537690288920973
[[1701   21   13    0]
 [  33    4    2    2]
 [  26    9    0   35]
 [  15    3    1    2]]
Epoch: [72/200], cls_loss: 0.3522, transfer_loss: 0.0000,person_loss: 0.0000, total_Loss: 0.0000
trian begin
trian end
n_person 383
SAMPLE
F1_MI: 0.8982324584895555 F1_MA: 0.30282312499920494 ACC_MI: 0.8982324584895555 F1_MA: 0.29063959405871886
BEST_F1_MI: 0.9175147295125871 BEST_F1_MA: 0.4337725128987543 BEST_ACC_MI: 0.9175147295125871 BEST_F1_MA: 0.45537690288920973
[[1667   45   18    5]
 [  30    6    2    3]
 [  22    6    1   41]
 [  12    4    2    3]]
Epoch: [73/200], cls_loss: 0.3898, transfer_loss: 0.0000,person_loss: 0.0000, total_Loss: 0.0000
trian begin
trian end
n_person 383
SAMPLE
F1_MI: 0.9041242635243707 F1_MA: 0.28927546532552534 ACC_MI: 0.9041242635243707 F1_MA: 0.2773070753531879
BEST_F1_MI: 0.9175147295125871 BEST_F1_MA: 0.4337725128987543 BEST_ACC_MI: 0.9175147295125871 BEST_F1_MA: 0.45537690288920973
[[1681   33   10   11]
 [  32    4    3    2]
 [  25    2    0   43]
 [  16    1    1    3]]
Epoch: [74/200], cls_loss: 0.3594, transfer_loss: 0.0000,person_loss: 0.0000, total_Loss: 0.0000
trian begin
trian end
n_person 383
SAMPLE
F1_MI: 0.0385645420460632 F1_MA: 0.232303640026552 ACC_MI: 0.0385645420460632 F1_MA: 0.2295312949487749
BEST_F1_MI: 0.9175147295125871 BEST_F1_MA: 0.4337725128987543 BEST_ACC_MI: 0.9175147295125871 BEST_F1_MA: 0.45537690288920973
[[  44 1592   10   89]
 [   3   18    4   16]
 [   3   18    0   49]
 [   2    9    0   10]]
Epoch: [75/200], cls_loss: 0.3770, transfer_loss: 0.0000,person_loss: 0.0000, total_Loss: 0.0000
trian begin
trian end
n_person 383
SAMPLE
F1_MI: 0.9084092126406 F1_MA: 0.2566264640089707 ACC_MI: 0.9084092126405999 F1_MA: 0.25124747592420005
BEST_F1_MI: 0.9175147295125871 BEST_F1_MA: 0.4337725128987543 BEST_ACC_MI: 0.9175147295125871 BEST_F1_MA: 0.45537690288920973
[[1693   39    3    0]
 [  37    3    0    1]
 [  26   15    0   29]
 [  20    1    0    0]]
Epoch: [76/200], cls_loss: 0.3762, transfer_loss: 0.0000,person_loss: 0.0000, total_Loss: 0.0000
trian begin
trian end
n_person 383
SAMPLE
F1_MI: 0.7814675950723086 F1_MA: 0.3111495931502854 ACC_MI: 0.7814675950723086 F1_MA: 0.2801544073091978
BEST_F1_MI: 0.9175147295125871 BEST_F1_MA: 0.4337725128987543 BEST_ACC_MI: 0.9175147295125871 BEST_F1_MA: 0.45537690288920973
[[1440  183   98   14]
 [  12   13   11    5]
 [  13   10    1   46]
 [   5    8    3    5]]
Epoch: [77/200], cls_loss: 0.3386, transfer_loss: 0.0000,person_loss: 0.0000, total_Loss: 0.0000
trian begin
trian end
n_person 383
SAMPLE
F1_MI: 0.8125334761649705 F1_MA: 0.3079839331580993 ACC_MI: 0.8125334761649705 F1_MA: 0.27226283237445414
BEST_F1_MI: 0.9175147295125871 BEST_F1_MA: 0.4337725128987543 BEST_ACC_MI: 0.9175147295125871 BEST_F1_MA: 0.45537690288920973
[[1501  135   31   68]
 [  10    9    4   18]
 [   8   12    0   50]
 [   4    9    1    7]]
Epoch: [78/200], cls_loss: 0.3602, transfer_loss: 0.0000,person_loss: 0.0000, total_Loss: 0.0000
trian begin
trian end
n_person 383
SAMPLE
F1_MI: 0.7332619175147295 F1_MA: 0.31104757093016017 ACC_MI: 0.7332619175147295 F1_MA: 0.26873124721709296
BEST_F1_MI: 0.9175147295125871 BEST_F1_MA: 0.4337725128987543 BEST_ACC_MI: 0.9175147295125871 BEST_F1_MA: 0.45537690288920973
[[1345  263   18  109]
 [  10   19    0   12]
 [   7   13    0   50]
 [   4   12    0    5]]
Epoch: [79/200], cls_loss: 0.3503, transfer_loss: 0.0000,person_loss: 0.0000, total_Loss: 0.0000
trian begin
trian end
n_person 383
SAMPLE
F1_MI: 0.796464916979111 F1_MA: 0.32850233590543504 ACC_MI: 0.7964649169791109 F1_MA: 0.2841191372255598
BEST_F1_MI: 0.9175147295125871 BEST_F1_MA: 0.4337725128987543 BEST_ACC_MI: 0.9175147295125871 BEST_F1_MA: 0.45537690288920973
[[1464  172   39   60]
 [   7   15    8   11]
 [   3   17    1   49]
 [   4    9    1    7]]
Epoch: [80/200], cls_loss: 0.3796, transfer_loss: 0.0000,person_loss: 0.0000, total_Loss: 0.0000
trian begin
trian end
n_person 383
SAMPLE
F1_MI: 0.8655597214783073 F1_MA: 0.300474728967688 ACC_MI: 0.8655597214783074 F1_MA: 0.27906970048979673
BEST_F1_MI: 0.9175147295125871 BEST_F1_MA: 0.4337725128987543 BEST_ACC_MI: 0.9175147295125871 BEST_F1_MA: 0.45537690288920973
[[1601   91   38    5]
 [  24   13    1    3]
 [  16   16    1   37]
 [   9   11    0    1]]
Epoch: [81/200], cls_loss: 0.3411, transfer_loss: 0.0000,person_loss: 0.0000, total_Loss: 0.0000
trian begin
trian end
n_person 383
SAMPLE
F1_MI: 0.7343331547937868 F1_MA: 0.3181183662893895 ACC_MI: 0.7343331547937868 F1_MA: 0.2776155933390911
BEST_F1_MI: 0.9175147295125871 BEST_F1_MA: 0.4337725128987543 BEST_ACC_MI: 0.9175147295125871 BEST_F1_MA: 0.45537690288920973
[[1349  162   30  194]
 [  11   13    2   15]
 [   7   10    1   52]
 [   4    8    1    8]]
Epoch: [82/200], cls_loss: 0.3541, transfer_loss: 0.0000,person_loss: 0.0000, total_Loss: 0.0000
trian begin
trian end
n_person 383
SAMPLE
F1_MI: 0.8698446705945367 F1_MA: 0.3191291312218067 ACC_MI: 0.8698446705945367 F1_MA: 0.28777498742742535
BEST_F1_MI: 0.9175147295125871 BEST_F1_MA: 0.4337725128987543 BEST_ACC_MI: 0.9175147295125871 BEST_F1_MA: 0.45537690288920973
[[1609   73   36   17]
 [  26    9    2    4]
 [  19   16    0   35]
 [  10    5    0    6]]
Epoch: [83/200], cls_loss: 0.3579, transfer_loss: 0.0000,person_loss: 0.0000, total_Loss: 0.0000
trian begin
trian end
n_person 383
SAMPLE
F1_MI: 0.09319764327798608 F1_MA: 0.14527382818340134 ACC_MI: 0.09319764327798608 F1_MA: 0.21301117311071288
BEST_F1_MI: 0.9175147295125871 BEST_F1_MA: 0.4337725128987543 BEST_ACC_MI: 0.9175147295125871 BEST_F1_MA: 0.45537690288920973
[[158 711 862   4]
 [ 18  12   7   4]
 [  9  21   4  36]
 [  5  10   6   0]]
Epoch: [84/200], cls_loss: 0.3240, transfer_loss: 0.0000,person_loss: 0.0000, total_Loss: 0.0000
trian begin
trian end
n_person 383
SAMPLE
F1_MI: 0.9105516871987145 F1_MA: 0.2822485223710992 ACC_MI: 0.9105516871987145 F1_MA: 0.27274498344048315
BEST_F1_MI: 0.9175147295125871 BEST_F1_MA: 0.4337725128987543 BEST_ACC_MI: 0.9175147295125871 BEST_F1_MA: 0.45537690288920973
[[1693   35    7    0]
 [  33    6    1    1]
 [  30   13    0   27]
 [  14    6    0    1]]
Epoch: [85/200], cls_loss: 0.3655, transfer_loss: 0.0000,person_loss: 0.0000, total_Loss: 0.0000
trian begin
trian end
n_person 383
SAMPLE
F1_MI: 0.07498660953401179 F1_MA: 0.18775806779632825 ACC_MI: 0.07498660953401179 F1_MA: 0.23970674568010636
BEST_F1_MI: 0.9175147295125871 BEST_F1_MA: 0.4337725128987543 BEST_ACC_MI: 0.9175147295125871 BEST_F1_MA: 0.45537690288920973
[[ 117  113 1504    1]
 [  14   12   10    5]
 [   7   14    8   41]
 [   6    9    3    3]]
Epoch: [86/200], cls_loss: 0.3197, transfer_loss: 0.0000,person_loss: 0.0000, total_Loss: 0.0000
trian begin
trian end
n_person 383
SAMPLE
F1_MI: 0.7755757900374932 F1_MA: 0.32081957222573304 ACC_MI: 0.7755757900374933 F1_MA: 0.2741369047619048
BEST_F1_MI: 0.9175147295125871 BEST_F1_MA: 0.4337725128987543 BEST_ACC_MI: 0.9175147295125871 BEST_F1_MA: 0.45537690288920973
[[1422  246   14   53]
 [   8   22    1   10]
 [   6   19    0   45]
 [   4   13    0    4]]
Epoch: [87/200], cls_loss: 0.3133, transfer_loss: 0.0000,person_loss: 0.0000, total_Loss: 0.0000
trian begin
trian end
n_person 383
SAMPLE
F1_MI: 0.0567755757900375 F1_MA: 0.20701772705094465 ACC_MI: 0.056775575790037495 F1_MA: 0.21791441524797417
BEST_F1_MI: 0.9175147295125871 BEST_F1_MA: 0.4337725128987543 BEST_ACC_MI: 0.9175147295125871 BEST_F1_MA: 0.45537690288920973
[[  76 1015   33  611]
 [   9   28    2    2]
 [   5   22    1   42]
 [   3   16    1    1]]
Epoch: [88/200], cls_loss: 0.3315, transfer_loss: 0.0000,person_loss: 0.0000, total_Loss: 0.0000
trian begin
trian end
n_person 383
SAMPLE
F1_MI: 0.7857525441885378 F1_MA: 0.2954127998237619 ACC_MI: 0.7857525441885378 F1_MA: 0.267378852861069
BEST_F1_MI: 0.9175147295125871 BEST_F1_MA: 0.4337725128987543 BEST_ACC_MI: 0.9175147295125871 BEST_F1_MA: 0.45537690288920973
[[1450  214   39   32]
 [  17   14    5    5]
 [  10   14    0   46]
 [   3   13    2    3]]
Epoch: [89/200], cls_loss: 0.3445, transfer_loss: 0.0000,person_loss: 0.0000, total_Loss: 0.0000
trian begin
trian end
n_person 383
SAMPLE
F1_MI: 0.15104445634708089 F1_MA: 0.2302404977671032 ACC_MI: 0.15104445634708089 F1_MA: 0.25952878694582565
BEST_F1_MI: 0.9175147295125871 BEST_F1_MA: 0.4337725128987543 BEST_ACC_MI: 0.9175147295125871 BEST_F1_MA: 0.45537690288920973
[[ 257 1300  165   13]
 [   3   22    8    8]
 [   1   26    0   43]
 [   2   14    2    3]]
Epoch: [90/200], cls_loss: 0.3334, transfer_loss: 0.0000,person_loss: 0.0000, total_Loss: 0.0000
trian begin
trian end
n_person 383
SAMPLE
F1_MI: 0.9046598821638993 F1_MA: 0.3046333491196064 ACC_MI: 0.9046598821638993 F1_MA: 0.2857913011695906
BEST_F1_MI: 0.9175147295125871 BEST_F1_MA: 0.4337725128987543 BEST_ACC_MI: 0.9175147295125871 BEST_F1_MA: 0.45537690288920973
[[1679   38    9    9]
 [  31    6    1    3]
 [  26   15    0   29]
 [  12    5    0    4]]
Epoch: [91/200], cls_loss: 0.3311, transfer_loss: 0.0000,person_loss: 0.0000, total_Loss: 0.0000
trian begin
trian end
n_person 383
SAMPLE
F1_MI: 0.788430637386181 F1_MA: 0.3340871080271525 ACC_MI: 0.788430637386181 F1_MA: 0.2800623204110128
BEST_F1_MI: 0.9175147295125871 BEST_F1_MA: 0.4337725128987543 BEST_ACC_MI: 0.9175147295125871 BEST_F1_MA: 0.45537690288920973
[[1442  232   16   45]
 [   4   26    1   10]
 [   2   22    0   46]
 [   4   12    1    4]]
Epoch: [92/200], cls_loss: 0.3311, transfer_loss: 0.0000,person_loss: 0.0000, total_Loss: 0.0000
trian begin
trian end
n_person 383
SAMPLE
F1_MI: 0.7702196036422067 F1_MA: 0.32429048116184517 ACC_MI: 0.7702196036422068 F1_MA: 0.2817475177672845
BEST_F1_MI: 0.9175147295125871 BEST_F1_MA: 0.4337725128987543 BEST_ACC_MI: 0.9175147295125871 BEST_F1_MA: 0.45537690288920973
[[1417  232   44   42]
 [   7   11    5   18]
 [   5   18    1   46]
 [   5    5    2    9]]
Epoch: [93/200], cls_loss: 0.3287, transfer_loss: 0.0000,person_loss: 0.0000, total_Loss: 0.0000
trian begin
trian end
n_person 383
SAMPLE
F1_MI: 0.8462774504552758 F1_MA: 0.303317009090662 ACC_MI: 0.8462774504552758 F1_MA: 0.27950034153623265
BEST_F1_MI: 0.9175147295125871 BEST_F1_MA: 0.4337725128987543 BEST_ACC_MI: 0.9175147295125871 BEST_F1_MA: 0.45537690288920973
[[1567   69   68   31]
 [  21    7    4    9]
 [  17   19    1   33]
 [  11    4    1    5]]
Epoch: [94/200], cls_loss: 0.3259, transfer_loss: 0.0000,person_loss: 0.0000, total_Loss: 0.0000
trian begin
trian end
n_person 383
SAMPLE
F1_MI: 0.8612747723620782 F1_MA: 0.30738783568731803 ACC_MI: 0.8612747723620782 F1_MA: 0.27776400585589667
BEST_F1_MI: 0.9175147295125871 BEST_F1_MA: 0.4337725128987543 BEST_ACC_MI: 0.9175147295125871 BEST_F1_MA: 0.45537690288920973
[[1594   95   25   21]
 [  21    9    2    9]
 [  14   10    0   46]
 [   7    6    3    5]]
Epoch: [95/200], cls_loss: 0.3211, transfer_loss: 0.0000,person_loss: 0.0000, total_Loss: 0.0000
trian begin
trian end
n_person 383
SAMPLE
F1_MI: 0.8269951794322442 F1_MA: 0.32288291828526033 ACC_MI: 0.8269951794322442 F1_MA: 0.28749600004275283
BEST_F1_MI: 0.9175147295125871 BEST_F1_MA: 0.4337725128987543 BEST_ACC_MI: 0.9175147295125871 BEST_F1_MA: 0.45537690288920973
[[1523  110   79   23]
 [  15   16    4    6]
 [  14   11    1   44]
 [   5   11    1    4]]
Epoch: [96/200], cls_loss: 0.3267, transfer_loss: 0.0000,person_loss: 0.0000, total_Loss: 0.0000
trian begin
trian end
n_person 383
SAMPLE
F1_MI: 0.08623460096411355 F1_MA: 0.2170559259599208 ACC_MI: 0.08623460096411355 F1_MA: 0.2277542508437705
BEST_F1_MI: 0.9175147295125871 BEST_F1_MA: 0.4337725128987543 BEST_ACC_MI: 0.9175147295125871 BEST_F1_MA: 0.45537690288920973
[[ 133 1552   32   18]
 [  11   25    2    3]
 [   8   16    0   46]
 [   4   10    4    3]]
Epoch: [97/200], cls_loss: 0.3269, transfer_loss: 0.0000,person_loss: 0.0000, total_Loss: 0.0000
trian begin
trian end
n_person 383
SAMPLE
F1_MI: 0.8960899839314408 F1_MA: 0.27708357979938086 ACC_MI: 0.8960899839314408 F1_MA: 0.26649554361561384
BEST_F1_MI: 0.9175147295125871 BEST_F1_MA: 0.4337725128987543 BEST_ACC_MI: 0.9175147295125871 BEST_F1_MA: 0.45537690288920973
[[1666   51   17    1]
 [  32    6    2    1]
 [  19   17    0   34]
 [  13    5    2    1]]
Epoch: [98/200], cls_loss: 0.3202, transfer_loss: 0.0000,person_loss: 0.0000, total_Loss: 0.0000
trian begin
trian end
n_person 383
SAMPLE
F1_MI: 0.049276914836636314 F1_MA: 0.22854224250912739 ACC_MI: 0.049276914836636314 F1_MA: 0.22470674113989977
BEST_F1_MI: 0.9175147295125871 BEST_F1_MA: 0.4337725128987543 BEST_ACC_MI: 0.9175147295125871 BEST_F1_MA: 0.45537690288920973
[[  62  294   21 1358]
 [   4   23    2   12]
 [   6   15    0   49]
 [   3   10    1    7]]
Epoch: [99/200], cls_loss: 0.3167, transfer_loss: 0.0000,person_loss: 0.0000, total_Loss: 0.0000
trian begin
trian end
n_person 383
SAMPLE
F1_MI: 0.1992501339046599 F1_MA: 0.21059769892768834 ACC_MI: 0.19925013390465987 F1_MA: 0.24383684656453938
BEST_F1_MI: 0.9175147295125871 BEST_F1_MA: 0.4337725128987543 BEST_ACC_MI: 0.9175147295125871 BEST_F1_MA: 0.45537690288920973
[[ 350 1312   72    1]
 [  18   19    3    1]
 [   8   18    2   42]
 [   7   11    2    1]]
Epoch: [100/200], cls_loss: 0.3167, transfer_loss: 0.0000,person_loss: 0.0000, total_Loss: 0.0000
trian begin
trian end
n_person 383
SAMPLE
F1_MI: 0.7466523835029459 F1_MA: 0.31364602561254734 ACC_MI: 0.7466523835029459 F1_MA: 0.27070228107871114
BEST_F1_MI: 0.9175147295125871 BEST_F1_MA: 0.4337725128987543 BEST_ACC_MI: 0.9175147295125871 BEST_F1_MA: 0.45537690288920973
[[1370  299   14   52]
 [  10   19    1   11]
 [   9   16    0   45]
 [   4   11    1    5]]
Epoch: [101/200], cls_loss: 0.3068, transfer_loss: 0.0000,person_loss: 0.0000, total_Loss: 0.0000
trian begin
trian end
n_person 383
SAMPLE
F1_MI: 0.4916979110873058 F1_MA: 0.2658182756281633 ACC_MI: 0.4916979110873058 F1_MA: 0.27766244496216175
BEST_F1_MI: 0.9175147295125871 BEST_F1_MA: 0.4337725128987543 BEST_ACC_MI: 0.9175147295125871 BEST_F1_MA: 0.45537690288920973
[[901  94 726  14]
 [ 16   9   7   9]
 [ 14  11   3  42]
 [  8   5   3   5]]
Epoch: [102/200], cls_loss: 0.3088, transfer_loss: 0.0000,person_loss: 0.0000, total_Loss: 0.0000
trian begin
trian end
n_person 383
SAMPLE
F1_MI: 0.9212640599892876 F1_MA: 0.2773018430298475 ACC_MI: 0.9212640599892876 F1_MA: 0.2714485215564851
BEST_F1_MI: 0.9212640599892876 BEST_F1_MA: 0.4337725128987543 BEST_ACC_MI: 0.9212640599892876 BEST_F1_MA: 0.45537690288920973
[[1715   18    0    2]
 [  36    4    0    1]
 [  29   15    0   26]
 [  16    4    0    1]]
Epoch: [103/200], cls_loss: 0.3052, transfer_loss: 0.0000,person_loss: 0.0000, total_Loss: 0.0000
[[1669   50   14    2]
 [  32    7    1    1]
 [  26    1   30   13]
 [  13    4    2    2]]
[[1669   50   14    2]
 [  32    7    1    1]
 [  26    1   30   13]
 [  13    4    2    2]]
WHAT: False
{'best_f1': 0.4337725128987543, 'best_matrix': [[1669, 50, 14, 2], [32, 7, 1, 1], [26, 1, 30, 13], [13, 4, 2, 2]], 'args': 0.05}
{"best_f1": 0.4337725128987543, "best_matrix": [[1669, 50, 14, 2], [32, 7, 1, 1], [26, 1, 30, 13], [13, 4, 2, 2]], "args": 0.05}
ARG: Namespace(backbone='resnet50', batch_size=32, config='ONLY/ONLY.yaml', data_dir='data', device=device(type='cuda'), early_stop=50, epoch_based_training=False, lr=0.003, lr_decay=0.75, lr_gamma=0.0003, lr_scheduler=True, max_iter=20000, method='False', momentum=0.9, myweight=0.05, n_class=4, n_epoch=200, n_iter_per_epoch=100, num_workers=3, seed=1, src_domain='45', tgt_domain='63G', tname='transfer', transfer_loss='only', transfer_loss_weight=0.5, use_bottleneck=True, weight_decay=0.0005)
