coral 1 45 63G DeepCoral/DeepCoral.yaml True
Namespace(backbone='resnet50', batch_size=32, config='DeepCoral/DeepCoral.yaml', data_dir='data', device=device(type='cuda'), early_stop=50, epoch_based_training=False, lr=0.003, lr_decay=0.75, lr_gamma=0.0003, lr_scheduler=True, method='True', momentum=0.9, myweight=0.1, n_epoch=200, n_iter_per_epoch=100, num_workers=3, seed=1, src_domain='45', tgt_domain='63G', tname='transfer', transfer_loss='coral', transfer_loss_weight=10.0, use_bottleneck=True, weight_decay=0.0005)
JUST DO IT
run my Parkinson code
transfer
TRAIN Length: 16311 745 TEST Length: 1867 383
YYY: 0 3
DATA_PROFILE   train: 16311 train2: 1867 test: 1867
DATASET.SHAPE: <data_loader.GetTrainLoader object at 0x7f3c021b1850> True
DATASET.SHAPE: <data_loader.GetTrainLoader object at 0x7f3c0a370880> True
DATASET.SHAPE: <data_loader.GetTestLoader object at 0x7f3c0222b430> False
CLASS: 4 383
LLL: {}
BOTTLENECK_LIST: [Linear(in_features=512, out_features=256, bias=True), ReLU()]
TYPE: {'loss_type': 'coral', 'max_iter': 20000, 'num_class': 4, 'my_person_item': <my_person_item.PersonItem object at 0x7f3c0a36be20>}
initial_lr 1.0
transfer_world
method True <class 'str'>
1.8.1+cu111
True
LEN: 0 0
LOADER: <data_loader.InfiniteDataLoader object at 0x7f3c0a370190> <data_loader.InfiniteDataLoader object at 0x7f3c0222b8b0>
N_batch: 100
trian begin
trian end
n_person 383
SAMPLE
F1_MI: 0.7562935190144616 F1_MA: 0.31676825478398174 ACC_MI: 0.7562935190144617 F1_MA: 0.2755565071857704
BEST_F1_MI: 0.7562935190144616 BEST_F1_MA: 0.31676825478398174 BEST_ACC_MI: 0.7562935190144617 BEST_F1_MA: 0.2755565071857704
[[1387    0  269   79]
 [   6    0   22   13]
 [   8    0   15   47]
 [   4    0    7   10]]
Epoch: [ 1/200], cls_loss: 0.9754, transfer_loss: 0.0007,person_loss: -1.8853, total_Loss: 0.7942
trian begin
trian end
n_person 383
SAMPLE
F1_MI: 0.06106052490626674 F1_MA: 0.1805947157688305 ACC_MI: 0.06106052490626674 F1_MA: 0.23865845152290166
BEST_F1_MI: 0.7562935190144616 BEST_F1_MA: 0.31676825478398174 BEST_ACC_MI: 0.7562935190144617 BEST_F1_MA: 0.2755565071857704
[[  91    0 1593   51]
 [   3    0   27   11]
 [   6    0   17   47]
 [   2    0   13    6]]
Epoch: [ 2/200], cls_loss: 0.8315, transfer_loss: 0.0004,person_loss: -1.9135, total_Loss: 0.6442
trian begin
trian end
n_person 383
SAMPLE
F1_MI: 0.7980717728976968 F1_MA: 0.31185094154458837 ACC_MI: 0.7980717728976968 F1_MA: 0.2828863241499131
BEST_F1_MI: 0.7980717728976968 BEST_F1_MA: 0.31676825478398174 BEST_ACC_MI: 0.7980717728976968 BEST_F1_MA: 0.2828863241499131
[[1461    0  261   13]
 [  18    0   20    3]
 [  14    0   25   31]
 [   7    0   10    4]]
Epoch: [ 3/200], cls_loss: 0.7874, transfer_loss: 0.0005,person_loss: -1.8932, total_Loss: 0.6029
trian begin
trian end
n_person 383
SAMPLE
F1_MI: 0.9137653990358865 F1_MA: 0.26138345142704844 ACC_MI: 0.9137653990358865 F1_MA: 0.2592663004629782
BEST_F1_MI: 0.9137653990358865 BEST_F1_MA: 0.31676825478398174 BEST_ACC_MI: 0.9137653990358865 BEST_F1_MA: 0.2828863241499131
[[1704   11    0   20]
 [  36    1    1    3]
 [  25    1    0   44]
 [  18    2    0    1]]
Epoch: [ 4/200], cls_loss: 0.7413, transfer_loss: 0.0004,person_loss: -1.9028, total_Loss: 0.5553
trian begin
trian end
n_person 383
SAMPLE
F1_MI: 0.13229780396357793 F1_MA: 0.2096162664090984 ACC_MI: 0.13229780396357793 F1_MA: 0.29576729531515167
BEST_F1_MI: 0.9137653990358865 BEST_F1_MA: 0.31676825478398174 BEST_ACC_MI: 0.9137653990358865 BEST_F1_MA: 0.29576729531515167
[[ 221    9 1499    6]
 [  26    5    9    1]
 [  15    2   18   35]
 [  17    0    1    3]]
Epoch: [ 5/200], cls_loss: 0.7099, transfer_loss: 0.0004,person_loss: -1.9098, total_Loss: 0.5224
trian begin
trian end
n_person 383
SAMPLE
F1_MI: 0.30530262453133367 F1_MA: 0.13630592486527357 ACC_MI: 0.30530262453133367 F1_MA: 0.30117406840224603
BEST_F1_MI: 0.9137653990358865 BEST_F1_MA: 0.31676825478398174 BEST_ACC_MI: 0.9137653990358865 BEST_F1_MA: 0.30117406840224603
[[ 569    2 1161    3]
 [  37    1    3    0]
 [  27    0    0   43]
 [  20    0    1    0]]
Epoch: [ 6/200], cls_loss: 0.6838, transfer_loss: 0.0004,person_loss: -1.9113, total_Loss: 0.4970
trian begin
trian end
n_person 383
SAMPLE
F1_MI: 0.05249062667380825 F1_MA: 0.23161947401111158 ACC_MI: 0.05249062667380825 F1_MA: 0.21693153041902646
BEST_F1_MI: 0.9137653990358865 BEST_F1_MA: 0.31676825478398174 BEST_ACC_MI: 0.9137653990358865 BEST_F1_MA: 0.30117406840224603
[[ 72 639 332 692]
 [  6   8   4  23]
 [  7   4   3  56]
 [  2   3   1  15]]
Epoch: [ 7/200], cls_loss: 0.6680, transfer_loss: 0.0004,person_loss: -1.9152, total_Loss: 0.4804
trian begin
trian end
n_person 383
SAMPLE
F1_MI: 0.8136047134440278 F1_MA: 0.2527719109342429 ACC_MI: 0.8136047134440278 F1_MA: 0.25286446047044553
BEST_F1_MI: 0.9137653990358865 BEST_F1_MA: 0.31676825478398174 BEST_ACC_MI: 0.9137653990358865 BEST_F1_MA: 0.30117406840224603
[[1514    3  214    4]
 [  36    0    5    0]
 [  35    1    3   31]
 [  19    0    0    2]]
Epoch: [ 8/200], cls_loss: 0.6640, transfer_loss: 0.0002,person_loss: -1.9268, total_Loss: 0.4735
trian begin
trian end
n_person 383
SAMPLE
F1_MI: 0.01713979646491698 F1_MA: 0.2669954216311081 ACC_MI: 0.01713979646491698 F1_MA: 0.2588312312448678
BEST_F1_MI: 0.9137653990358865 BEST_F1_MA: 0.31676825478398174 BEST_ACC_MI: 0.9137653990358865 BEST_F1_MA: 0.30117406840224603
[[   5  336   15 1379]
 [   0    8    0   33]
 [   0    8    0   62]
 [   0    2    0   19]]
Epoch: [ 9/200], cls_loss: 0.6388, transfer_loss: 0.0003,person_loss: -1.9324, total_Loss: 0.4483
trian begin
trian end
n_person 383
SAMPLE
F1_MI: 0.8109266202463845 F1_MA: 0.34442724615208004 ACC_MI: 0.8109266202463846 F1_MA: 0.2929028403338221
BEST_F1_MI: 0.9137653990358865 BEST_F1_MA: 0.34442724615208004 BEST_ACC_MI: 0.9137653990358865 BEST_F1_MA: 0.30117406840224603
[[1491   71  100   73]
 [   8    5    7   21]
 [  10    8    5   47]
 [   5    2    1   13]]
Epoch: [10/200], cls_loss: 0.6281, transfer_loss: 0.0003,person_loss: -1.9281, total_Loss: 0.4379
trian begin
trian end
n_person 383
SAMPLE
F1_MI: 0.8216389930369576 F1_MA: 0.3570458861306117 ACC_MI: 0.8216389930369576 F1_MA: 0.2988217217835577
BEST_F1_MI: 0.9137653990358865 BEST_F1_MA: 0.3570458861306117 BEST_ACC_MI: 0.9137653990358865 BEST_F1_MA: 0.30117406840224603
[[1510   94   31  100]
 [  10    6    6   19]
 [  13    6    3   48]
 [   5    1    0   15]]
Epoch: [11/200], cls_loss: 0.5910, transfer_loss: 0.0003,person_loss: -1.9327, total_Loss: 0.4006
trian begin
trian end
n_person 383
SAMPLE
F1_MI: 0.7241564006427424 F1_MA: 0.3606239270476327 ACC_MI: 0.7241564006427423 F1_MA: 0.2921110751993105
BEST_F1_MI: 0.9137653990358865 BEST_F1_MA: 0.3606239270476327 BEST_ACC_MI: 0.9137653990358865 BEST_F1_MA: 0.30117406840224603
[[1322   69  128  216]
 [   0    6    6   29]
 [   4    2    5   59]
 [   0    1    1   19]]
Epoch: [12/200], cls_loss: 0.6145, transfer_loss: 0.0002,person_loss: -1.9392, total_Loss: 0.4231
trian begin
trian end
n_person 383
SAMPLE
F1_MI: 0.07766470273165506 F1_MA: 0.23611695177341205 ACC_MI: 0.07766470273165506 F1_MA: 0.2501499095064121
BEST_F1_MI: 0.9137653990358865 BEST_F1_MA: 0.3606239270476327 BEST_ACC_MI: 0.9137653990358865 BEST_F1_MA: 0.30117406840224603
[[ 109   43 1539   44]
 [  12    5   15    9]
 [   8    4   23   35]
 [   5    4    4    8]]
Epoch: [13/200], cls_loss: 0.5912, transfer_loss: 0.0003,person_loss: -1.9381, total_Loss: 0.4001
trian begin
trian end
n_person 383
SAMPLE
F1_MI: 0.852169255490091 F1_MA: 0.3406839592260872 ACC_MI: 0.852169255490091 F1_MA: 0.29619429007300857
BEST_F1_MI: 0.9137653990358865 BEST_F1_MA: 0.3606239270476327 BEST_ACC_MI: 0.9137653990358865 BEST_F1_MA: 0.30117406840224603
[[1574   40   13  108]
 [  16    2    5   18]
 [  15    2    2   51]
 [   5    2    1   13]]
Epoch: [14/200], cls_loss: 0.5738, transfer_loss: 0.0003,person_loss: -1.9339, total_Loss: 0.3837
trian begin
trian end
n_person 383
SAMPLE
F1_MI: 0.03267273701124799 F1_MA: 0.28681752971434366 ACC_MI: 0.03267273701124799 F1_MA: 0.3304154731393537
BEST_F1_MI: 0.9137653990358865 BEST_F1_MA: 0.3606239270476327 BEST_ACC_MI: 0.9137653990358865 BEST_F1_MA: 0.3304154731393537
[[  39   10    2 1684]
 [   3    1    0   37]
 [   1    0    1   68]
 [   1    0    0   20]]
Epoch: [15/200], cls_loss: 0.5825, transfer_loss: 0.0003,person_loss: -1.9414, total_Loss: 0.3911
trian begin
trian end
n_person 383
SAMPLE
F1_MI: 0.0771290840921264 F1_MA: 0.17979276330786614 ACC_MI: 0.0771290840921264 F1_MA: 0.22848842291873783
BEST_F1_MI: 0.9137653990358865 BEST_F1_MA: 0.3606239270476327 BEST_ACC_MI: 0.9137653990358865 BEST_F1_MA: 0.3304154731393537
[[ 127   34 1527   47]
 [  13    1   10   17]
 [   9    2    8   51]
 [   6    4    3    8]]
Epoch: [16/200], cls_loss: 0.5497, transfer_loss: 0.0002,person_loss: -1.9425, total_Loss: 0.3578
trian begin
trian end
n_person 383
SAMPLE
F1_MI: 0.8725227637921801 F1_MA: 0.33789969208023624 ACC_MI: 0.87252276379218 F1_MA: 0.29226454189270645
BEST_F1_MI: 0.9137653990358865 BEST_F1_MA: 0.3606239270476327 BEST_ACC_MI: 0.9137653990358865 BEST_F1_MA: 0.3304154731393537
[[1613    5   35   82]
 [  21    1    3   16]
 [  19   10    2   39]
 [   6    0    2   13]]
Epoch: [17/200], cls_loss: 0.5072, transfer_loss: 0.0003,person_loss: -1.9431, total_Loss: 0.3157
trian begin
trian end
n_person 383
SAMPLE
F1_MI: 0.0771290840921264 F1_MA: 0.19090110064016658 ACC_MI: 0.0771290840921264 F1_MA: 0.23839122668048082
BEST_F1_MI: 0.9137653990358865 BEST_F1_MA: 0.3606239270476327 BEST_ACC_MI: 0.9137653990358865 BEST_F1_MA: 0.3304154731393537
[[ 121  139 1473    2]
 [  15   17    8    1]
 [  11   31    4   24]
 [   5   11    3    2]]
Epoch: [18/200], cls_loss: 0.5252, transfer_loss: 0.0003,person_loss: -1.9459, total_Loss: 0.3332
trian begin
trian end
n_person 383
SAMPLE
F1_MI: 0.051419389394750936 F1_MA: 0.24084266384201972 ACC_MI: 0.051419389394750936 F1_MA: 0.25030339399959195
BEST_F1_MI: 0.9137653990358865 BEST_F1_MA: 0.3606239270476327 BEST_ACC_MI: 0.9137653990358865 BEST_F1_MA: 0.3304154731393537
[[  66 1562   75   32]
 [   6   16    7   12]
 [   4   12    5   49]
 [   2    9    1    9]]
Epoch: [19/200], cls_loss: 0.4994, transfer_loss: 0.0003,person_loss: -1.9470, total_Loss: 0.3074
trian begin
trian end
n_person 383
SAMPLE
F1_MI: 0.404392072844135 F1_MA: 0.2198475732117908 ACC_MI: 0.404392072844135 F1_MA: 0.27851676501725176
BEST_F1_MI: 0.9137653990358865 BEST_F1_MA: 0.3606239270476327 BEST_ACC_MI: 0.9137653990358865 BEST_F1_MA: 0.3304154731393537
[[744  21 957  13]
 [ 25   4   9   3]
 [ 16   3   4  47]
 [ 14   2   2   3]]
Epoch: [20/200], cls_loss: 0.5234, transfer_loss: 0.0002,person_loss: -1.9471, total_Loss: 0.3309
trian begin
trian end
n_person 383
SAMPLE
F1_MI: 0.07391537225495447 F1_MA: 0.25810418953806563 ACC_MI: 0.07391537225495447 F1_MA: 0.2654310276073008
BEST_F1_MI: 0.9137653990358865 BEST_F1_MA: 0.3606239270476327 BEST_ACC_MI: 0.9137653990358865 BEST_F1_MA: 0.3304154731393537
[[  98    6 1586   45]
 [  12    1   20    8]
 [   5    1   28   36]
 [   4    1    5   11]]
Epoch: [21/200], cls_loss: 0.4811, transfer_loss: 0.0002,person_loss: -1.9456, total_Loss: 0.2890
trian begin
trian end
n_person 383
SAMPLE
F1_MI: 0.9110873058382432 F1_MA: 0.2719886352554171 ACC_MI: 0.9110873058382432 F1_MA: 0.2544352150951136
BEST_F1_MI: 0.9137653990358865 BEST_F1_MA: 0.3606239270476327 BEST_ACC_MI: 0.9137653990358865 BEST_F1_MA: 0.3304154731393537
[[1697    5   19   14]
 [  35    0    1    5]
 [  26    1    0   43]
 [  15    2    0    4]]
Epoch: [22/200], cls_loss: 0.4635, transfer_loss: 0.0003,person_loss: -1.9504, total_Loss: 0.2715
trian begin
trian end
n_person 383
SAMPLE
F1_MI: 0.8810926620246384 F1_MA: 0.3422138286362653 ACC_MI: 0.8810926620246384 F1_MA: 0.2992437342306581
BEST_F1_MI: 0.9137653990358865 BEST_F1_MA: 0.3606239270476327 BEST_ACC_MI: 0.9137653990358865 BEST_F1_MA: 0.3304154731393537
[[1628   49   20   38]
 [  22    5    2   12]
 [  16   16    1   37]
 [   6    4    0   11]]
Epoch: [23/200], cls_loss: 0.4803, transfer_loss: 0.0002,person_loss: -1.9559, total_Loss: 0.2867
trian begin
trian end
n_person 383
SAMPLE
F1_MI: 0.01713979646491698 F1_MA: 0.22646118702352974 ACC_MI: 0.01713979646491698 F1_MA: 0.2436427331934667
BEST_F1_MI: 0.9137653990358865 BEST_F1_MA: 0.3606239270476327 BEST_ACC_MI: 0.9137653990358865 BEST_F1_MA: 0.3304154731393537
[[  12   67 1116  540]
 [   0    2    0   39]
 [   1    6    2   61]
 [   0    4    1   16]]
Epoch: [24/200], cls_loss: 0.4647, transfer_loss: 0.0002,person_loss: -1.9531, total_Loss: 0.2716
trian begin
trian end
n_person 383
SAMPLE
F1_MI: 0.8971612212104981 F1_MA: 0.290733686323534 ACC_MI: 0.8971612212104981 F1_MA: 0.2720210627558547
BEST_F1_MI: 0.9137653990358865 BEST_F1_MA: 0.3606239270476327 BEST_ACC_MI: 0.9137653990358865 BEST_F1_MA: 0.3304154731393537
[[1667   53    4   11]
 [  29    4    0    8]
 [  18   21    0   31]
 [   9    8    0    4]]
Epoch: [25/200], cls_loss: 0.4841, transfer_loss: 0.0002,person_loss: -1.9520, total_Loss: 0.2910
trian begin
trian end
n_person 383
SAMPLE
F1_MI: 0.8778789501874665 F1_MA: 0.3177331405593153 ACC_MI: 0.8778789501874665 F1_MA: 0.2841537961550028
BEST_F1_MI: 0.9137653990358865 BEST_F1_MA: 0.3606239270476327 BEST_ACC_MI: 0.9137653990358865 BEST_F1_MA: 0.3304154731393537
[[1624   88    0   23]
 [  26    9    0    6]
 [  20   24    0   26]
 [   5   10    0    6]]
Epoch: [26/200], cls_loss: 0.4501, transfer_loss: 0.0002,person_loss: -1.9564, total_Loss: 0.2566
trian begin
trian end
n_person 383
SAMPLE
F1_MI: 0.8435993572576326 F1_MA: 0.3071708305127252 ACC_MI: 0.8435993572576326 F1_MA: 0.2731948521594485
BEST_F1_MI: 0.9137653990358865 BEST_F1_MA: 0.3606239270476327 BEST_ACC_MI: 0.9137653990358865 BEST_F1_MA: 0.3304154731393537
[[1562   52   15  106]
 [  20    5    2   14]
 [  15    5    0   50]
 [   8    5    0    8]]
Epoch: [27/200], cls_loss: 0.4661, transfer_loss: 0.0002,person_loss: -1.9582, total_Loss: 0.2725
trian begin
trian end
n_person 383
SAMPLE
F1_MI: 0.0385645420460632 F1_MA: 0.25050569382898547 ACC_MI: 0.0385645420460632 F1_MA: 0.2534181928160871
BEST_F1_MI: 0.9137653990358865 BEST_F1_MA: 0.3606239270476327 BEST_ACC_MI: 0.9137653990358865 BEST_F1_MA: 0.3304154731393537
[[  43  296 1314   82]
 [   3   15    1   22]
 [   2   13    2   53]
 [   0    7    2   12]]
Epoch: [28/200], cls_loss: 0.4187, transfer_loss: 0.0002,person_loss: -1.9559, total_Loss: 0.2255
trian begin
trian end
n_person 383
SAMPLE
F1_MI: 0.9153722549544724 F1_MA: 0.27509971704850966 ACC_MI: 0.9153722549544724 F1_MA: 0.26868506796998104
BEST_F1_MI: 0.9153722549544724 BEST_F1_MA: 0.3606239270476327 BEST_ACC_MI: 0.9153722549544724 BEST_F1_MA: 0.3304154731393537
[[1704   23    8    0]
 [  36    4    0    1]
 [  25   19    0   26]
 [  18    2    0    1]]
Epoch: [29/200], cls_loss: 0.4337, transfer_loss: 0.0002,person_loss: -1.9562, total_Loss: 0.2404
trian begin
trian end
n_person 383
SAMPLE
F1_MI: 0.8253883235136583 F1_MA: 0.3215892670232565 ACC_MI: 0.8253883235136583 F1_MA: 0.27780041264751076
BEST_F1_MI: 0.9153722549544724 BEST_F1_MA: 0.3606239270476327 BEST_ACC_MI: 0.9153722549544724 BEST_F1_MA: 0.3304154731393537
[[1521  171    4   39]
 [  17   13    1   10]
 [  10   15    0   45]
 [   5    9    0    7]]
Epoch: [30/200], cls_loss: 0.4289, transfer_loss: 0.0002,person_loss: -1.9559, total_Loss: 0.2350
trian begin
trian end
n_person 383
SAMPLE
F1_MI: 0.9164434922335297 F1_MA: 0.26948035733826675 ACC_MI: 0.9164434922335297 F1_MA: 0.26311361375365294
BEST_F1_MI: 0.9164434922335297 BEST_F1_MA: 0.3606239270476327 BEST_ACC_MI: 0.9164434922335297 BEST_F1_MA: 0.3304154731393537
[[1707   25    2    1]
 [  37    3    0    1]
 [  24   25    0   21]
 [  19    1    0    1]]
Epoch: [31/200], cls_loss: 0.4483, transfer_loss: 0.0002,person_loss: -1.9580, total_Loss: 0.2542
trian begin
trian end
n_person 383
SAMPLE
F1_MI: 0.866095340117836 F1_MA: 0.3213625315715432 ACC_MI: 0.8660953401178361 F1_MA: 0.29694966687130414
BEST_F1_MI: 0.9164434922335297 BEST_F1_MA: 0.3606239270476327 BEST_ACC_MI: 0.9164434922335297 BEST_F1_MA: 0.3304154731393537
[[1598   88   48    1]
 [  21   14    5    1]
 [  12   23    3   32]
 [  12    7    0    2]]
Epoch: [32/200], cls_loss: 0.4134, transfer_loss: 0.0002,person_loss: -1.9562, total_Loss: 0.2199
trian begin
trian end
n_person 383
SAMPLE
F1_MI: 0.35725763256561327 F1_MA: 0.25996252301791983 ACC_MI: 0.35725763256561327 F1_MA: 0.2890330917659076
BEST_F1_MI: 0.9164434922335297 BEST_F1_MA: 0.3606239270476327 BEST_ACC_MI: 0.9164434922335297 BEST_F1_MA: 0.3304154731393537
[[ 643   55 1028    9]
 [  16   13    9    3]
 [  16   12    8   34]
 [   7   10    1    3]]
Epoch: [33/200], cls_loss: 0.4125, transfer_loss: 0.0002,person_loss: -1.9586, total_Loss: 0.2187
trian begin
trian end
n_person 383
SAMPLE
F1_MI: 0.040707016604177824 F1_MA: 0.21610905154420046 ACC_MI: 0.040707016604177824 F1_MA: 0.25445388887663933
BEST_F1_MI: 0.9164434922335297 BEST_F1_MA: 0.3606239270476327 BEST_ACC_MI: 0.9164434922335297 BEST_F1_MA: 0.3304154731393537
[[  51  132  112 1440]
 [   2   13    7   19]
 [   2   10    5   53]
 [   2   10    2    7]]
Epoch: [34/200], cls_loss: 0.4301, transfer_loss: 0.0002,person_loss: -1.9594, total_Loss: 0.2365
trian begin
trian end
n_person 383
SAMPLE
F1_MI: 0.8677021960364221 F1_MA: 0.323808226616752 ACC_MI: 0.8677021960364221 F1_MA: 0.28818440606613915
BEST_F1_MI: 0.9164434922335297 BEST_F1_MA: 0.3606239270476327 BEST_ACC_MI: 0.9164434922335297 BEST_F1_MA: 0.3304154731393537
[[1603   70   30   32]
 [  18   11    2   10]
 [  15    7    0   48]
 [   7    8    0    6]]
Epoch: [35/200], cls_loss: 0.3963, transfer_loss: 0.0002,person_loss: -1.9592, total_Loss: 0.2025
trian begin
trian end
n_person 383
SAMPLE
F1_MI: 0.8221746116764863 F1_MA: 0.33187329453744363 ACC_MI: 0.8221746116764863 F1_MA: 0.2978556761775979
BEST_F1_MI: 0.9164434922335297 BEST_F1_MA: 0.3606239270476327 BEST_ACC_MI: 0.9164434922335297 BEST_F1_MA: 0.3304154731393537
[[1511   95  110   19]
 [  13   15    7    6]
 [  10    8    5   47]
 [   3   12    2    4]]
Epoch: [36/200], cls_loss: 0.3899, transfer_loss: 0.0002,person_loss: -1.9589, total_Loss: 0.1959
trian begin
trian end
n_person 383
SAMPLE
F1_MI: 0.7932512051419389 F1_MA: 0.31893869518558604 ACC_MI: 0.7932512051419389 F1_MA: 0.291047959381163
BEST_F1_MI: 0.9164434922335297 BEST_F1_MA: 0.3606239270476327 BEST_ACC_MI: 0.9164434922335297 BEST_F1_MA: 0.3304154731393537
[[1457  105  170    3]
 [  18   16    4    3]
 [  11   22    6   31]
 [   5   13    1    2]]
Epoch: [37/200], cls_loss: 0.3772, transfer_loss: 0.0002,person_loss: -1.9612, total_Loss: 0.1833
trian begin
trian end
n_person 383
SAMPLE
F1_MI: 0.6882699517943225 F1_MA: 0.32711958192626855 ACC_MI: 0.6882699517943225 F1_MA: 0.27469829136623547
BEST_F1_MI: 0.9164434922335297 BEST_F1_MA: 0.3606239270476327 BEST_ACC_MI: 0.9164434922335297 BEST_F1_MA: 0.3304154731393537
[[1256  219   12  248]
 [   2   21    1   17]
 [   1   18    0   51]
 [   2   11    0    8]]
Epoch: [38/200], cls_loss: 0.3902, transfer_loss: 0.0002,person_loss: -1.9602, total_Loss: 0.1961
trian begin
trian end
n_person 383
SAMPLE
F1_MI: 0.0915907873594001 F1_MA: 0.19238448017335955 ACC_MI: 0.09159078735940011 F1_MA: 0.23767264718028724
BEST_F1_MI: 0.9164434922335297 BEST_F1_MA: 0.3606239270476327 BEST_ACC_MI: 0.9164434922335297 BEST_F1_MA: 0.3304154731393537
[[ 153 1519   33   30]
 [  18   10    1   12]
 [   8   13    2   47]
 [   6    8    1    6]]
Epoch: [39/200], cls_loss: 0.3770, transfer_loss: 0.0002,person_loss: -1.9617, total_Loss: 0.1828
trian begin
trian end
n_person 383
SAMPLE
F1_MI: 0.11622924477771826 F1_MA: 0.21449177892925006 ACC_MI: 0.11622924477771826 F1_MA: 0.24681328504545824
BEST_F1_MI: 0.9164434922335297 BEST_F1_MA: 0.3606239270476327 BEST_ACC_MI: 0.9164434922335297 BEST_F1_MA: 0.3304154731393537
[[ 194 1320  208   13]
 [   9   15    5   12]
 [  11   24    3   32]
 [   6    9    1    5]]
Epoch: [40/200], cls_loss: 0.3545, transfer_loss: 0.0002,person_loss: -1.9616, total_Loss: 0.1601
trian begin
trian end
n_person 383
SAMPLE
F1_MI: 0.843063738618104 F1_MA: 0.3409936181283183 ACC_MI: 0.8430637386181039 F1_MA: 0.2963014669145552
BEST_F1_MI: 0.9164434922335297 BEST_F1_MA: 0.3606239270476327 BEST_ACC_MI: 0.9164434922335297 BEST_F1_MA: 0.3304154731393537
[[1553  102   17   63]
 [  14   11    1   15]
 [  10    9    1   50]
 [   3    9    0    9]]
Epoch: [41/200], cls_loss: 0.3608, transfer_loss: 0.0002,person_loss: -1.9609, total_Loss: 0.1668
trian begin
trian end
n_person 383
SAMPLE
F1_MI: 0.7766470273165507 F1_MA: 0.30428097341358745 ACC_MI: 0.7766470273165507 F1_MA: 0.27666849459303844
BEST_F1_MI: 0.9164434922335297 BEST_F1_MA: 0.3606239270476327 BEST_ACC_MI: 0.9164434922335297 BEST_F1_MA: 0.3304154731393537
[[1434   52  183   66]
 [  12    3    7   19]
 [  11    6    5   48]
 [   6    7    0    8]]
Epoch: [42/200], cls_loss: 0.3348, transfer_loss: 0.0002,person_loss: -1.9615, total_Loss: 0.1406
trian begin
trian end
n_person 383
SAMPLE
F1_MI: 0.43974290305302627 F1_MA: 0.2719891596862591 ACC_MI: 0.43974290305302627 F1_MA: 0.26048364690005554
BEST_F1_MI: 0.9164434922335297 BEST_F1_MA: 0.3606239270476327 BEST_ACC_MI: 0.9164434922335297 BEST_F1_MA: 0.3304154731393537
[[796 913  18   8]
 [ 15  22   0   4]
 [ 12  25   0  33]
 [  9   9   0   3]]
Epoch: [43/200], cls_loss: 0.3622, transfer_loss: 0.0002,person_loss: -1.9637, total_Loss: 0.1678
trian begin
trian end
n_person 383
SAMPLE
F1_MI: 0.036957686127477234 F1_MA: 0.21125058822551507 ACC_MI: 0.036957686127477234 F1_MA: 0.22685032190154464
BEST_F1_MI: 0.9164434922335297 BEST_F1_MA: 0.3606239270476327 BEST_ACC_MI: 0.9164434922335297 BEST_F1_MA: 0.3304154731393537
[[  44 1468  172   51]
 [   4   14    4   19]
 [   6   19    3   42]
 [   0   12    1    8]]
Epoch: [44/200], cls_loss: 0.3644, transfer_loss: 0.0002,person_loss: -1.9603, total_Loss: 0.1702
trian begin
trian end
n_person 383
SAMPLE
F1_MI: 0.06266738082485271 F1_MA: 0.22094642015291047 ACC_MI: 0.06266738082485271 F1_MA: 0.2306730805494488
BEST_F1_MI: 0.9164434922335297 BEST_F1_MA: 0.3606239270476327 BEST_ACC_MI: 0.9164434922335297 BEST_F1_MA: 0.3304154731393537
[[  93  348    5 1289]
 [   5   15    0   21]
 [   6   14    0   50]
 [   2   10    0    9]]
Epoch: [45/200], cls_loss: 0.3384, transfer_loss: 0.0002,person_loss: -1.9625, total_Loss: 0.1441
trian begin
trian end
n_person 383
SAMPLE
F1_MI: 0.9116229244777718 F1_MA: 0.2876609375234146 ACC_MI: 0.9116229244777718 F1_MA: 0.272831929773196
BEST_F1_MI: 0.9164434922335297 BEST_F1_MA: 0.3606239270476327 BEST_ACC_MI: 0.9164434922335297 BEST_F1_MA: 0.3304154731393537
[[1696   24    1   14]
 [  36    2    0    3]
 [  35   10    0   25]
 [  15    2    0    4]]
Epoch: [46/200], cls_loss: 0.3547, transfer_loss: 0.0002,person_loss: -1.9593, total_Loss: 0.1607
trian begin
trian end
n_person 383
SAMPLE
F1_MI: 0.8901981788966256 F1_MA: 0.29910109201201673 ACC_MI: 0.8901981788966256 F1_MA: 0.278949432576769
BEST_F1_MI: 0.9164434922335297 BEST_F1_MA: 0.3606239270476327 BEST_ACC_MI: 0.9164434922335297 BEST_F1_MA: 0.3304154731393537
[[1651   71   12    1]
 [  30    8    0    3]
 [  19   16    0   35]
 [  12    5    1    3]]
Epoch: [47/200], cls_loss: 0.3449, transfer_loss: 0.0002,person_loss: -1.9594, total_Loss: 0.1507
trian begin
trian end
n_person 383
SAMPLE
F1_MI: 0.46491697911087304 F1_MA: 0.2721151018775557 ACC_MI: 0.46491697911087304 F1_MA: 0.286545918168305
BEST_F1_MI: 0.9164434922335297 BEST_F1_MA: 0.3606239270476327 BEST_ACC_MI: 0.9164434922335297 BEST_F1_MA: 0.3304154731393537
[[846  64 813  12]
 [ 13  10  11   7]
 [  9   8   8  45]
 [  5  10   2   4]]
Epoch: [48/200], cls_loss: 0.3379, transfer_loss: 0.0002,person_loss: -1.9608, total_Loss: 0.1438
trian begin
trian end
n_person 383
SAMPLE
F1_MI: 0.8446705945366899 F1_MA: 0.34265475172364274 ACC_MI: 0.8446705945366899 F1_MA: 0.30007163528809927
BEST_F1_MI: 0.9164434922335297 BEST_F1_MA: 0.3606239270476327 BEST_ACC_MI: 0.9164434922335297 BEST_F1_MA: 0.3304154731393537
[[1557   95   22   61]
 [  10    8    2   21]
 [   7   10    2   51]
 [   3    8    0   10]]
Epoch: [49/200], cls_loss: 0.3370, transfer_loss: 0.0002,person_loss: -1.9603, total_Loss: 0.1427
trian begin
trian end
n_person 383
SAMPLE
F1_MI: 0.7857525441885378 F1_MA: 0.3241791476370903 ACC_MI: 0.7857525441885378 F1_MA: 0.27450921712400583
BEST_F1_MI: 0.9164434922335297 BEST_F1_MA: 0.3606239270476327 BEST_ACC_MI: 0.9164434922335297 BEST_F1_MA: 0.3304154731393537
[[1437  276   21    1]
 [  10   29    0    2]
 [   6   35    0   29]
 [   4   16    0    1]]
Epoch: [50/200], cls_loss: 0.3351, transfer_loss: 0.0002,person_loss: -1.9581, total_Loss: 0.1411
trian begin
trian end
n_person 383
SAMPLE
F1_MI: 0.9041242635243707 F1_MA: 0.287993746914441 ACC_MI: 0.9041242635243707 F1_MA: 0.27459893877804326
BEST_F1_MI: 0.9164434922335297 BEST_F1_MA: 0.3606239270476327 BEST_ACC_MI: 0.9164434922335297 BEST_F1_MA: 0.3304154731393537
[[1678   46   11    0]
 [  29   10    1    1]
 [  22   10    0   38]
 [  13    8    0    0]]
Epoch: [51/200], cls_loss: 0.3108, transfer_loss: 0.0002,person_loss: -1.9596, total_Loss: 0.1166
trian begin
trian end
n_person 383
SAMPLE
F1_MI: 0.8328869844670594 F1_MA: 0.3449115861016198 ACC_MI: 0.8328869844670594 F1_MA: 0.30298155725691284
BEST_F1_MI: 0.9164434922335297 BEST_F1_MA: 0.3606239270476327 BEST_ACC_MI: 0.9164434922335297 BEST_F1_MA: 0.3304154731393537
[[1529  154   42   10]
 [  11   18    2   10]
 [   8   15    3   44]
 [   4   12    0    5]]
Epoch: [52/200], cls_loss: 0.3000, transfer_loss: 0.0002,person_loss: -1.9604, total_Loss: 0.1058
trian begin
trian end
n_person 383
SAMPLE
F1_MI: 0.8966256025709695 F1_MA: 0.2899052598759988 ACC_MI: 0.8966256025709695 F1_MA: 0.2877246323394136
BEST_F1_MI: 0.9164434922335297 BEST_F1_MA: 0.3606239270476327 BEST_ACC_MI: 0.9164434922335297 BEST_F1_MA: 0.3304154731393537
[[1666   59   10    0]
 [  34    6    0    1]
 [  23    6    1   40]
 [  12    8    0    1]]
Epoch: [53/200], cls_loss: 0.3284, transfer_loss: 0.0002,person_loss: -1.9591, total_Loss: 0.1343
trian begin
trian end
n_person 383
SAMPLE
F1_MI: 0.0905195500803428 F1_MA: 0.2403816290395061 ACC_MI: 0.09051955008034279 F1_MA: 0.26264933977282
BEST_F1_MI: 0.9164434922335297 BEST_F1_MA: 0.3606239270476327 BEST_ACC_MI: 0.9164434922335297 BEST_F1_MA: 0.3304154731393537
[[ 141  240 1334   20]
 [   8   17    4   12]
 [   5   23    4   38]
 [   3   10    1    7]]
Epoch: [54/200], cls_loss: 0.3160, transfer_loss: 0.0002,person_loss: -1.9618, total_Loss: 0.1219
trian begin
trian end
n_person 383
SAMPLE
F1_MI: 0.09962506695232995 F1_MA: 0.2516914778256015 ACC_MI: 0.09962506695232994 F1_MA: 0.2518127852576013
BEST_F1_MI: 0.9164434922335297 BEST_F1_MA: 0.3606239270476327 BEST_ACC_MI: 0.9164434922335297 BEST_F1_MA: 0.3304154731393537
[[ 158  233   18 1326]
 [   6   18    0   17]
 [   5   14    0   51]
 [   0   11    0   10]]
Epoch: [55/200], cls_loss: 0.2979, transfer_loss: 0.0002,person_loss: -1.9638, total_Loss: 0.1032
trian begin
trian end
n_person 383
SAMPLE
F1_MI: 0.7943224424209963 F1_MA: 0.34307485434305485 ACC_MI: 0.7943224424209963 F1_MA: 0.2991404944805301
BEST_F1_MI: 0.9164434922335297 BEST_F1_MA: 0.3606239270476327 BEST_ACC_MI: 0.9164434922335297 BEST_F1_MA: 0.3304154731393537
[[1453  224   53    5]
 [   8   24    2    7]
 [  33   15    3   19]
 [   4   14    0    3]]
Epoch: [56/200], cls_loss: 0.3065, transfer_loss: 0.0002,person_loss: -1.9615, total_Loss: 0.1119
trian begin
trian end
n_person 383
SAMPLE
F1_MI: 0.8735940010712373 F1_MA: 0.2859938070237157 ACC_MI: 0.8735940010712373 F1_MA: 0.2680930930930931
BEST_F1_MI: 0.9164434922335297 BEST_F1_MA: 0.3606239270476327 BEST_ACC_MI: 0.9164434922335297 BEST_F1_MA: 0.3304154731393537
[[1619   87   17   12]
 [  22   12    1    6]
 [  12   12    0   46]
 [  12    9    0    0]]
Epoch: [57/200], cls_loss: 0.2869, transfer_loss: 0.0002,person_loss: -1.9647, total_Loss: 0.0921
trian begin
trian end
n_person 383
SAMPLE
F1_MI: 0.9030530262453134 F1_MA: 0.2933093790451699 ACC_MI: 0.9030530262453134 F1_MA: 0.27488492520138086
BEST_F1_MI: 0.9164434922335297 BEST_F1_MA: 0.3606239270476327 BEST_ACC_MI: 0.9164434922335297 BEST_F1_MA: 0.3304154731393537
[[1674   49   12    0]
 [  28   12    0    1]
 [  23   19    0   28]
 [  13    8    0    0]]
Epoch: [58/200], cls_loss: 0.2877, transfer_loss: 0.0002,person_loss: -1.9652, total_Loss: 0.0929
trian begin
trian end
n_person 383
SAMPLE
F1_MI: 0.9185859667916444 F1_MA: 0.3459502897646618 ACC_MI: 0.9185859667916444 F1_MA: 0.37865664082761064
BEST_F1_MI: 0.9185859667916444 BEST_F1_MA: 0.3606239270476327 BEST_ACC_MI: 0.9185859667916444 BEST_F1_MA: 0.37865664082761064
[[1702   17   12    4]
 [  33    4    0    4]
 [  29    6    7   28]
 [  17    2    0    2]]
Epoch: [59/200], cls_loss: 0.3108, transfer_loss: 0.0002,person_loss: -1.9641, total_Loss: 0.1161
trian begin
trian end
n_person 383
SAMPLE
F1_MI: 0.07284413497589716 F1_MA: 0.2270194689164778 ACC_MI: 0.07284413497589716 F1_MA: 0.23950835067435858
BEST_F1_MI: 0.9185859667916444 BEST_F1_MA: 0.3606239270476327 BEST_ACC_MI: 0.9185859667916444 BEST_F1_MA: 0.37865664082761064
[[ 105 1614   10    6]
 [   6   29    0    6]
 [   5   33    0   32]
 [   1   18    0    2]]
Epoch: [60/200], cls_loss: 0.3000, transfer_loss: 0.0002,person_loss: -1.9607, total_Loss: 0.1055
trian begin
trian end
n_person 383
SAMPLE
F1_MI: 0.08462774504552759 F1_MA: 0.201023189160126 ACC_MI: 0.08462774504552759 F1_MA: 0.2349837094025436
BEST_F1_MI: 0.9185859667916444 BEST_F1_MA: 0.3606239270476327 BEST_ACC_MI: 0.9185859667916444 BEST_F1_MA: 0.37865664082761064
[[ 133 1160  440    2]
 [  10   20    5    6]
 [   6   29    3   32]
 [   4   14    1    2]]
Epoch: [61/200], cls_loss: 0.2705, transfer_loss: 0.0001,person_loss: -1.9616, total_Loss: 0.0758
trian begin
trian end
n_person 383
SAMPLE
F1_MI: 0.025174076057846818 F1_MA: 0.20191766836486402 ACC_MI: 0.025174076057846814 F1_MA: 0.2406362847616023
BEST_F1_MI: 0.9185859667916444 BEST_F1_MA: 0.3606239270476327 BEST_ACC_MI: 0.9185859667916444 BEST_F1_MA: 0.37865664082761064
[[  21  208 1491   15]
 [   2   21    6   12]
 [   2   26    2   40]
 [   0   13    5    3]]
Epoch: [62/200], cls_loss: 0.2797, transfer_loss: 0.0002,person_loss: -1.9626, total_Loss: 0.0850
[[1322   69  128  216]
 [   0    6    6   29]
 [   4    2    5   59]
 [   0    1    1   19]]
[[1702   17   12    4]
 [  33    4    0    4]
 [  29    6    7   28]
 [  17    2    0    2]]
WHAT: True
SVAE_RESULT
{'best_f1': 0.3606239270476327, 'best_matrix': [[1702, 17, 12, 4], [33, 4, 0, 4], [29, 6, 7, 28], [17, 2, 0, 2]], 'args': 0.1}
{"best_f1": 0.3606239270476327, "best_matrix": [[1702, 17, 12, 4], [33, 4, 0, 4], [29, 6, 7, 28], [17, 2, 0, 2]], "args": 0.1}
ARG: Namespace(backbone='resnet50', batch_size=32, config='DeepCoral/DeepCoral.yaml', data_dir='data', device=device(type='cuda'), early_stop=50, epoch_based_training=False, lr=0.003, lr_decay=0.75, lr_gamma=0.0003, lr_scheduler=True, max_iter=20000, method='True', momentum=0.9, myweight=0.1, n_class=4, n_epoch=200, n_iter_per_epoch=100, num_workers=3, seed=1, src_domain='45', tgt_domain='63G', tname='transfer', transfer_loss='coral', transfer_loss_weight=10.0, use_bottleneck=True, weight_decay=0.0005)
