lmmd 1 45 63G DSAN/DSAN.yaml False
Namespace(backbone='resnet50', batch_size=32, config='DSAN/DSAN.yaml', data_dir='data', device=device(type='cuda'), early_stop=50, epoch_based_training=False, lr=0.003, lr_decay=0.75, lr_gamma=0.0003, lr_scheduler=True, method='False', momentum=0.9, myweight=0.05, n_epoch=200, n_iter_per_epoch=200, num_workers=3, seed=1, src_domain='45', tgt_domain='63G', tname='transfer', transfer_loss='lmmd', transfer_loss_weight=0.5, use_bottleneck=True, weight_decay=0.0005)
JUST DO IT
run my Parkinson code
transfer
TRAIN Length: 16311 745 TEST Length: 1867 383
YYY: 0 3
DATA_PROFILE   train: 16311 train2: 1867 test: 1867
DATASET.SHAPE: <data_loader.GetTrainLoader object at 0x7f239e52f850> True
DATASET.SHAPE: <data_loader.GetTrainLoader object at 0x7f23a66ee880> True
DATASET.SHAPE: <data_loader.GetTestLoader object at 0x7f239e5a98b0> False
CLASS: 4 383
LLL: {}
BOTTLENECK_LIST: [Linear(in_features=512, out_features=256, bias=True), ReLU()]
TYPE: {'loss_type': 'lmmd', 'max_iter': 40000, 'num_class': 4, 'my_person_item': <my_person_item.PersonItem object at 0x7f23a66e9e20>}
KWARGS {'my_person_item': <my_person_item.PersonItem object at 0x7f23a66e9e20>}
initial_lr 1.0
transfer_world
method False <class 'str'>
1.8.1+cu111
True
LEN: 0 0
LOADER: <data_loader.InfiniteDataLoader object at 0x7f23a66ee190> <data_loader.InfiniteDataLoader object at 0x7f23a66e9ee0>
N_batch: 200
trian begin
trian end
n_person 383
SAMPLE
F1_MI: 0.02945902517407606 F1_MA: 0.2115175858502821 ACC_MI: 0.02945902517407606 F1_MA: 0.24060837765957446
BEST_F1_MI: 0.02945902517407606 BEST_F1_MA: 0.2115175858502821 BEST_ACC_MI: 0.02945902517407606 BEST_F1_MA: 0.24060837765957446
[[  29    0 1552  154]
 [   1    0   23   17]
 [   2    0   15   53]
 [   0    0   10   11]]
Epoch: [ 1/200], cls_loss: 0.9425, transfer_loss: 0.0006,person_loss: 0.0000, total_Loss: 0.9428
trian begin
trian end
n_person 383
SAMPLE
F1_MI: 0.7825388323513658 F1_MA: 0.2707453237531949 ACC_MI: 0.7825388323513658 F1_MA: 0.26201796162258784
BEST_F1_MI: 0.7825388323513658 BEST_F1_MA: 0.2707453237531949 BEST_ACC_MI: 0.7825388323513658 BEST_F1_MA: 0.26201796162258784
[[1448    6  265   16]
 [  20    0   17    4]
 [  15    0   10   45]
 [   9    2    7    3]]
Epoch: [ 2/200], cls_loss: 0.8216, transfer_loss: 0.0020,person_loss: 0.0000, total_Loss: 0.8227
trian begin
trian end
n_person 383
SAMPLE
F1_MI: 0.839850026780932 F1_MA: 0.34287569241552474 ACC_MI: 0.839850026780932 F1_MA: 0.2936780715806336
BEST_F1_MI: 0.839850026780932 BEST_F1_MA: 0.34287569241552474 BEST_ACC_MI: 0.839850026780932 BEST_F1_MA: 0.2936780715806336
[[1550   31   15  139]
 [  18    3    2   18]
 [   9    4    1   56]
 [   7    0    0   14]]
Epoch: [ 3/200], cls_loss: 0.7452, transfer_loss: 0.0038,person_loss: 0.0000, total_Loss: 0.7471
trian begin
trian end
n_person 383
SAMPLE
F1_MI: 0.7766470273165507 F1_MA: 0.3220196021436279 ACC_MI: 0.7766470273165507 F1_MA: 0.2705424552694177
BEST_F1_MI: 0.839850026780932 BEST_F1_MA: 0.34287569241552474 BEST_ACC_MI: 0.839850026780932 BEST_F1_MA: 0.2936780715806336
[[1430  120    4  181]
 [  15    8    2   16]
 [  12    3    0   55]
 [   8    1    0   12]]
Epoch: [ 4/200], cls_loss: 0.6950, transfer_loss: 0.0056,person_loss: 0.0000, total_Loss: 0.6978
trian begin
trian end
n_person 383
SAMPLE
F1_MI: 0.6995179432244242 F1_MA: 0.3178884065331542 ACC_MI: 0.6995179432244242 F1_MA: 0.2828715017145813
BEST_F1_MI: 0.839850026780932 BEST_F1_MA: 0.34287569241552474 BEST_ACC_MI: 0.839850026780932 BEST_F1_MA: 0.2936780715806336
[[1286  264   10  175]
 [  14    9    1   17]
 [   9    8    1   52]
 [   7    4    0   10]]
Epoch: [ 5/200], cls_loss: 0.6963, transfer_loss: 0.0069,person_loss: 0.0000, total_Loss: 0.6997
trian begin
trian end
n_person 383
SAMPLE
F1_MI: 0.8816282806641671 F1_MA: 0.3057911117158723 ACC_MI: 0.8816282806641671 F1_MA: 0.27912380293835926
BEST_F1_MI: 0.8816282806641671 BEST_F1_MA: 0.34287569241552474 BEST_ACC_MI: 0.8816282806641671 BEST_F1_MA: 0.2936780715806336
[[1631   83    4   17]
 [  23   13    1    4]
 [  18    8    0   44]
 [  14    5    0    2]]
Epoch: [ 6/200], cls_loss: 0.6696, transfer_loss: 0.0077,person_loss: 0.0000, total_Loss: 0.6735
trian begin
trian end
n_person 383
SAMPLE
F1_MI: 0.6384574183181575 F1_MA: 0.26995740468087975 ACC_MI: 0.6384574183181575 F1_MA: 0.2624525457691992
BEST_F1_MI: 0.8816282806641671 BEST_F1_MA: 0.34287569241552474 BEST_ACC_MI: 0.8816282806641671 BEST_F1_MA: 0.2936780715806336
[[1174  321  226   14]
 [  20   11    8    2]
 [  13    9    5   43]
 [  10    7    2    2]]
Epoch: [ 7/200], cls_loss: 0.6569, transfer_loss: 0.0092,person_loss: 0.0000, total_Loss: 0.6615
trian begin
trian end
n_person 383
SAMPLE
F1_MI: 0.8837707552222818 F1_MA: 0.32561875010194763 ACC_MI: 0.8837707552222818 F1_MA: 0.28843745881112426
BEST_F1_MI: 0.8837707552222818 BEST_F1_MA: 0.34287569241552474 BEST_ACC_MI: 0.8837707552222818 BEST_F1_MA: 0.2936780715806336
[[1633   81    1   20]
 [  28   11    0    2]
 [  16   10    0   44]
 [   9    6    0    6]]
Epoch: [ 8/200], cls_loss: 0.6226, transfer_loss: 0.0126,person_loss: 0.0000, total_Loss: 0.6289
trian begin
trian end
n_person 383
SAMPLE
F1_MI: 0.914301017675415 F1_MA: 0.281030379572819 ACC_MI: 0.914301017675415 F1_MA: 0.26986939132608423
BEST_F1_MI: 0.914301017675415 BEST_F1_MA: 0.34287569241552474 BEST_ACC_MI: 0.914301017675415 BEST_F1_MA: 0.2936780715806336
[[1702   21    5    7]
 [  38    2    0    1]
 [  24    3    0   43]
 [  14    4    0    3]]
Epoch: [ 9/200], cls_loss: 0.6266, transfer_loss: 0.0140,person_loss: 0.0000, total_Loss: 0.6336
trian begin
trian end
n_person 383
SAMPLE
F1_MI: 0.144617032672737 F1_MA: 0.19156371972756683 ACC_MI: 0.144617032672737 F1_MA: 0.24289265816239786
BEST_F1_MI: 0.914301017675415 BEST_F1_MA: 0.34287569241552474 BEST_ACC_MI: 0.914301017675415 BEST_F1_MA: 0.2936780715806336
[[ 254   92 1358   31]
 [  23    9    5    4]
 [  17    4    2   47]
 [  12    4    0    5]]
Epoch: [10/200], cls_loss: 0.5888, transfer_loss: 0.0148,person_loss: 0.0000, total_Loss: 0.5962
trian begin
trian end
n_person 383
SAMPLE
F1_MI: 0.0760578468130691 F1_MA: 0.24504236158525347 ACC_MI: 0.0760578468130691 F1_MA: 0.2630812621732407
BEST_F1_MI: 0.914301017675415 BEST_F1_MA: 0.34287569241552474 BEST_ACC_MI: 0.914301017675415 BEST_F1_MA: 0.2936780715806336
[[ 114   95 1477   49]
 [   9   15    4   13]
 [   6   10    4   50]
 [   4    7    1    9]]
Epoch: [11/200], cls_loss: 0.5918, transfer_loss: 0.0153,person_loss: 0.0000, total_Loss: 0.5995
trian begin
trian end
n_person 383
SAMPLE
F1_MI: 0.9025174076057847 F1_MA: 0.2945420931615189 ACC_MI: 0.9025174076057847 F1_MA: 0.29704679325674743
BEST_F1_MI: 0.914301017675415 BEST_F1_MA: 0.34287569241552474 BEST_ACC_MI: 0.914301017675415 BEST_F1_MA: 0.29704679325674743
[[1676   15   44    0]
 [  32    4    5    0]
 [  21   13    4   32]
 [  19    0    1    1]]
Epoch: [12/200], cls_loss: 0.5718, transfer_loss: 0.0169,person_loss: 0.0000, total_Loss: 0.5802
trian begin
trian end
n_person 383
SAMPLE
F1_MI: 0.8253883235136583 F1_MA: 0.302507024932376 ACC_MI: 0.8253883235136583 F1_MA: 0.2761469462249407
BEST_F1_MI: 0.914301017675415 BEST_F1_MA: 0.34287569241552474 BEST_ACC_MI: 0.914301017675415 BEST_F1_MA: 0.29704679325674743
[[1527  122   74   12]
 [  21    9    6    5]
 [  17    6    0   47]
 [  12    4    0    5]]
Epoch: [13/200], cls_loss: 0.5598, transfer_loss: 0.0214,person_loss: 0.0000, total_Loss: 0.5705
trian begin
trian end
n_person 383
SAMPLE
F1_MI: 0.888055704338511 F1_MA: 0.3262342289225335 ACC_MI: 0.888055704338511 F1_MA: 0.29810065347037173
BEST_F1_MI: 0.914301017675415 BEST_F1_MA: 0.34287569241552474 BEST_ACC_MI: 0.914301017675415 BEST_F1_MA: 0.29810065347037173
[[1645   28   34   28]
 [  27    4    2    8]
 [  20    3    1   46]
 [  12    1    0    8]]
Epoch: [14/200], cls_loss: 0.5389, transfer_loss: 0.0219,person_loss: 0.0000, total_Loss: 0.5498
trian begin
trian end
n_person 383
SAMPLE
F1_MI: 0.9110873058382432 F1_MA: 0.279812060876362 ACC_MI: 0.9110873058382432 F1_MA: 0.28164481105470957
BEST_F1_MI: 0.914301017675415 BEST_F1_MA: 0.34287569241552474 BEST_ACC_MI: 0.914301017675415 BEST_F1_MA: 0.29810065347037173
[[1697   29    7    2]
 [  37    1    2    1]
 [  25    1    1   43]
 [  14    5    0    2]]
Epoch: [15/200], cls_loss: 0.5543, transfer_loss: 0.0228,person_loss: 0.0000, total_Loss: 0.5657
trian begin
trian end
n_person 383
SAMPLE
F1_MI: 0.9084092126406 F1_MA: 0.33985655618959415 ACC_MI: 0.9084092126405999 F1_MA: 0.3220451509947789
BEST_F1_MI: 0.914301017675415 BEST_F1_MA: 0.34287569241552474 BEST_ACC_MI: 0.914301017675415 BEST_F1_MA: 0.3220451509947789
[[1684   16   10   25]
 [  29    3    1    8]
 [  21    1    1   47]
 [  13    0    0    8]]
Epoch: [16/200], cls_loss: 0.5276, transfer_loss: 0.0227,person_loss: 0.0000, total_Loss: 0.5389
trian begin
trian end
n_person 383
SAMPLE
F1_MI: 0.9078735940010713 F1_MA: 0.321824963190276 ACC_MI: 0.9078735940010713 F1_MA: 0.2995324709357728
BEST_F1_MI: 0.914301017675415 BEST_F1_MA: 0.34287569241552474 BEST_ACC_MI: 0.914301017675415 BEST_F1_MA: 0.3220451509947789
[[1685   11   11   28]
 [  27    1    4    9]
 [  24    0    1   45]
 [  13    0    0    8]]
Epoch: [17/200], cls_loss: 0.5198, transfer_loss: 0.0231,person_loss: 0.0000, total_Loss: 0.5314
trian begin
trian end
n_person 383
SAMPLE
F1_MI: 0.8875200856989823 F1_MA: 0.31875514562901486 ACC_MI: 0.8875200856989823 F1_MA: 0.2808893869110764
BEST_F1_MI: 0.914301017675415 BEST_F1_MA: 0.34287569241552474 BEST_ACC_MI: 0.914301017675415 BEST_F1_MA: 0.3220451509947789
[[1644   62    4   25]
 [  29    4    1    7]
 [  18    5    0   47]
 [  10    2    0    9]]
Epoch: [18/200], cls_loss: 0.4923, transfer_loss: 0.0240,person_loss: 0.0000, total_Loss: 0.5043
trian begin
trian end
n_person 383
SAMPLE
F1_MI: 0.7696839850026781 F1_MA: 0.2729568017466491 ACC_MI: 0.7696839850026781 F1_MA: 0.2764153421228681
BEST_F1_MI: 0.914301017675415 BEST_F1_MA: 0.34287569241552474 BEST_ACC_MI: 0.914301017675415 BEST_F1_MA: 0.3220451509947789
[[1429   71   10  225]
 [  25    4    1   11]
 [  14    5    1   50]
 [  13    5    0    3]]
Epoch: [19/200], cls_loss: 0.5039, transfer_loss: 0.0249,person_loss: 0.0000, total_Loss: 0.5164
trian begin
trian end
n_person 383
SAMPLE
F1_MI: 0.07070166041778254 F1_MA: 0.21984335082859657 ACC_MI: 0.07070166041778254 F1_MA: 0.2469205316512964
BEST_F1_MI: 0.914301017675415 BEST_F1_MA: 0.34287569241552474 BEST_ACC_MI: 0.914301017675415 BEST_F1_MA: 0.3220451509947789
[[ 102 1521   95   17]
 [   9   17    8    7]
 [   6   19    9   36]
 [   5    9    3    4]]
Epoch: [20/200], cls_loss: 0.4908, transfer_loss: 0.0242,person_loss: 0.0000, total_Loss: 0.5029
trian begin
trian end
n_person 383
SAMPLE
F1_MI: 0.8339582217461168 F1_MA: 0.2991998187998593 ACC_MI: 0.8339582217461168 F1_MA: 0.2788587601739818
BEST_F1_MI: 0.914301017675415 BEST_F1_MA: 0.34287569241552474 BEST_ACC_MI: 0.914301017675415 BEST_F1_MA: 0.3220451509947789
[[1542  158   16   19]
 [  22   12    2    5]
 [  14   18    1   37]
 [  13    6    0    2]]
Epoch: [21/200], cls_loss: 0.4807, transfer_loss: 0.0246,person_loss: 0.0000, total_Loss: 0.4930
trian begin
trian end
n_person 383
SAMPLE
F1_MI: 0.7466523835029459 F1_MA: 0.31639009070694224 ACC_MI: 0.7466523835029459 F1_MA: 0.28238003763206154
BEST_F1_MI: 0.914301017675415 BEST_F1_MA: 0.34287569241552474 BEST_ACC_MI: 0.914301017675415 BEST_F1_MA: 0.3220451509947789
[[1373   96  187   79]
 [  11    8    4   18]
 [   5    8    5   52]
 [   4    6    3    8]]
Epoch: [22/200], cls_loss: 0.4639, transfer_loss: 0.0254,person_loss: 0.0000, total_Loss: 0.4766
trian begin
trian end
n_person 383
SAMPLE
F1_MI: 0.012319228709159078 F1_MA: 0.0268972328530361 ACC_MI: 0.012319228709159078 F1_MA: 0.014245283018867924
BEST_F1_MI: 0.914301017675415 BEST_F1_MA: 0.34287569241552474 BEST_ACC_MI: 0.914301017675415 BEST_F1_MA: 0.3220451509947789
[[   0   31 1472  232]
 [   0    0    6   35]
 [   0    2    4   64]
 [   0    0    2   19]]
Epoch: [23/200], cls_loss: 0.4574, transfer_loss: 0.0268,person_loss: 0.0000, total_Loss: 0.4708
trian begin
trian end
n_person 383
SAMPLE
F1_MI: 0.02678093197643278 F1_MA: 0.2556090529112495 ACC_MI: 0.02678093197643278 F1_MA: 0.25106815070334565
BEST_F1_MI: 0.914301017675415 BEST_F1_MA: 0.34287569241552474 BEST_ACC_MI: 0.914301017675415 BEST_F1_MA: 0.3220451509947789
[[  18   60 1559   98]
 [   2    4   15   20]
 [   0   18   12   40]
 [   1    2    2   16]]
Epoch: [24/200], cls_loss: 0.4583, transfer_loss: 0.0250,person_loss: 0.0000, total_Loss: 0.4708
trian begin
trian end
n_person 383
SAMPLE
F1_MI: 0.07552222817354044 F1_MA: 0.14004264573054412 ACC_MI: 0.07552222817354044 F1_MA: 0.22029067108143688
BEST_F1_MI: 0.914301017675415 BEST_F1_MA: 0.34287569241552474 BEST_ACC_MI: 0.914301017675415 BEST_F1_MA: 0.3220451509947789
[[ 127   96 1493   19]
 [  15    7   10    9]
 [   8   18    5   39]
 [  10    6    3    2]]
Epoch: [25/200], cls_loss: 0.4410, transfer_loss: 0.0276,person_loss: 0.0000, total_Loss: 0.4548
trian begin
trian end
n_person 383
SAMPLE
F1_MI: 0.8934118907337976 F1_MA: 0.29182651359600387 ACC_MI: 0.8934118907337976 F1_MA: 0.270350057108484
BEST_F1_MI: 0.914301017675415 BEST_F1_MA: 0.34287569241552474 BEST_ACC_MI: 0.914301017675415 BEST_F1_MA: 0.3220451509947789
[[1660   35    9   31]
 [  26    3    1   11]
 [  23   11    0   36]
 [  12    4    0    5]]
Epoch: [26/200], cls_loss: 0.4441, transfer_loss: 0.0273,person_loss: 0.0000, total_Loss: 0.4578
trian begin
trian end
n_person 383
SAMPLE
F1_MI: 0.8725227637921801 F1_MA: 0.34349365536798193 ACC_MI: 0.87252276379218 F1_MA: 0.28634441067215316
BEST_F1_MI: 0.914301017675415 BEST_F1_MA: 0.34349365536798193 BEST_ACC_MI: 0.914301017675415 BEST_F1_MA: 0.3220451509947789
[[1610   41    0   84]
 [  19    5    1   16]
 [  15   17    0   38]
 [   5    2    0   14]]
Epoch: [27/200], cls_loss: 0.4344, transfer_loss: 0.0275,person_loss: 0.0000, total_Loss: 0.4481
trian begin
trian end
n_person 383
SAMPLE
F1_MI: 0.889662560257097 F1_MA: 0.32215920444499246 ACC_MI: 0.889662560257097 F1_MA: 0.285872567105852
BEST_F1_MI: 0.914301017675415 BEST_F1_MA: 0.34349365536798193 BEST_ACC_MI: 0.914301017675415 BEST_F1_MA: 0.3220451509947789
[[1648   60    6   21]
 [  30    4    1    6]
 [  19   18    0   33]
 [  10    2    0    9]]
Epoch: [28/200], cls_loss: 0.4471, transfer_loss: 0.0288,person_loss: 0.0000, total_Loss: 0.4615
trian begin
trian end
n_person 383
SAMPLE
F1_MI: 0.8302088912694163 F1_MA: 0.33864785202822967 ACC_MI: 0.8302088912694162 F1_MA: 0.27710664604995433
BEST_F1_MI: 0.914301017675415 BEST_F1_MA: 0.34349365536798193 BEST_ACC_MI: 0.914301017675415 BEST_F1_MA: 0.3220451509947789
[[1530   59    4  142]
 [  12    4    1   24]
 [  12    4    0   54]
 [   3    2    0   16]]
Epoch: [29/200], cls_loss: 0.4088, transfer_loss: 0.0277,person_loss: 0.0000, total_Loss: 0.4227
trian begin
trian end
n_person 383
SAMPLE
F1_MI: 0.8698446705945367 F1_MA: 0.311078052157016 ACC_MI: 0.8698446705945367 F1_MA: 0.2752007423567012
BEST_F1_MI: 0.914301017675415 BEST_F1_MA: 0.34349365536798193 BEST_ACC_MI: 0.914301017675415 BEST_F1_MA: 0.3220451509947789
[[1612   82   13   28]
 [  25    3    2   11]
 [  20   11    0   39]
 [  11    1    0    9]]
Epoch: [30/200], cls_loss: 0.4253, transfer_loss: 0.0310,person_loss: 0.0000, total_Loss: 0.4408
trian begin
trian end
n_person 383
SAMPLE
F1_MI: 0.07980717728976969 F1_MA: 0.25287851656520094 ACC_MI: 0.07980717728976969 F1_MA: 0.2588897746280345
BEST_F1_MI: 0.914301017675415 BEST_F1_MA: 0.34349365536798193 BEST_ACC_MI: 0.914301017675415 BEST_F1_MA: 0.3220451509947789
[[ 120  142 1428   45]
 [   9   17    2   13]
 [  10   27    2   31]
 [   3    7    1   10]]
Epoch: [31/200], cls_loss: 0.4199, transfer_loss: 0.0274,person_loss: 0.0000, total_Loss: 0.4336
trian begin
trian end
n_person 383
SAMPLE
F1_MI: 0.8371719335832887 F1_MA: 0.33924476117642755 ACC_MI: 0.8371719335832887 F1_MA: 0.3012438888800578
BEST_F1_MI: 0.914301017675415 BEST_F1_MA: 0.34349365536798193 BEST_ACC_MI: 0.914301017675415 BEST_F1_MA: 0.3220451509947789
[[1543  115    9   68]
 [  15   11    1   14]
 [  13   17    1   39]
 [   4    9    0    8]]
Epoch: [32/200], cls_loss: 0.4295, transfer_loss: 0.0317,person_loss: 0.0000, total_Loss: 0.4453
trian begin
trian end
n_person 383
SAMPLE
F1_MI: 0.059989287627209426 F1_MA: 0.26807110449436244 ACC_MI: 0.059989287627209426 F1_MA: 0.256559490891854
BEST_F1_MI: 0.914301017675415 BEST_F1_MA: 0.34349365536798193 BEST_ACC_MI: 0.914301017675415 BEST_F1_MA: 0.3220451509947789
[[  78 1264  334   59]
 [   2   19    3   17]
 [   4   26    3   37]
 [   2    7    0   12]]
Epoch: [33/200], cls_loss: 0.4034, transfer_loss: 0.0295,person_loss: 0.0000, total_Loss: 0.4181
trian begin
trian end
n_person 383
SAMPLE
F1_MI: 0.13229780396357793 F1_MA: 0.24996961899484046 ACC_MI: 0.13229780396357793 F1_MA: 0.2483721444585057
BEST_F1_MI: 0.914301017675415 BEST_F1_MA: 0.34349365536798193 BEST_ACC_MI: 0.914301017675415 BEST_F1_MA: 0.3220451509947789
[[222 691 754  68]
 [ 11  12   1  17]
 [ 12  17   1  40]
 [  5   4   0  12]]
Epoch: [34/200], cls_loss: 0.3855, transfer_loss: 0.0281,person_loss: 0.0000, total_Loss: 0.3995
trian begin
trian end
n_person 383
SAMPLE
F1_MI: 0.8634172469201928 F1_MA: 0.33997722632257515 ACC_MI: 0.8634172469201928 F1_MA: 0.2851596348860629
BEST_F1_MI: 0.914301017675415 BEST_F1_MA: 0.34349365536798193 BEST_ACC_MI: 0.914301017675415 BEST_F1_MA: 0.3220451509947789
[[1593   70    5   67]
 [  17    6    1   17]
 [  40    7    0   23]
 [   5    3    0   13]]
Epoch: [35/200], cls_loss: 0.4016, transfer_loss: 0.0297,person_loss: 0.0000, total_Loss: 0.4164
trian begin
trian end
n_person 383
SAMPLE
F1_MI: 0.9051955008034279 F1_MA: 0.3180627626930818 ACC_MI: 0.9051955008034279 F1_MA: 0.29598400017703813
BEST_F1_MI: 0.914301017675415 BEST_F1_MA: 0.34349365536798193 BEST_ACC_MI: 0.914301017675415 BEST_F1_MA: 0.3220451509947789
[[1680   14    5   36]
 [  24    3    0   14]
 [  21    2    0   47]
 [  13    1    0    7]]
Epoch: [36/200], cls_loss: 0.3963, transfer_loss: 0.0309,person_loss: 0.0000, total_Loss: 0.4117
trian begin
trian end
n_person 383
SAMPLE
F1_MI: 0.8918050348152116 F1_MA: 0.3117304139823518 ACC_MI: 0.8918050348152116 F1_MA: 0.27972529169474913
BEST_F1_MI: 0.914301017675415 BEST_F1_MA: 0.34349365536798193 BEST_ACC_MI: 0.914301017675415 BEST_F1_MA: 0.3220451509947789
[[1653   48    1   33]
 [  23    5    1   12]
 [  19   15    0   36]
 [  11    3    0    7]]
Epoch: [37/200], cls_loss: 0.3699, transfer_loss: 0.0276,person_loss: 0.0000, total_Loss: 0.3837
trian begin
trian end
n_person 383
SAMPLE
F1_MI: 0.1424745581146224 F1_MA: 0.23820215609234363 ACC_MI: 0.1424745581146224 F1_MA: 0.359527981910684
BEST_F1_MI: 0.914301017675415 BEST_F1_MA: 0.34349365536798193 BEST_ACC_MI: 0.914301017675415 BEST_F1_MA: 0.359527981910684
[[ 246 1473    1   15]
 [  20   15    0    6]
 [  12   32    1   25]
 [  12    5    0    4]]
Epoch: [38/200], cls_loss: 0.3912, transfer_loss: 0.0302,person_loss: 0.0000, total_Loss: 0.4063
trian begin
trian end
n_person 383
SAMPLE
F1_MI: 0.8714515265131227 F1_MA: 0.3190449053539488 ACC_MI: 0.8714515265131226 F1_MA: 0.2874538284491364
BEST_F1_MI: 0.914301017675415 BEST_F1_MA: 0.34349365536798193 BEST_ACC_MI: 0.914301017675415 BEST_F1_MA: 0.359527981910684
[[1613   46   48   28]
 [  19    7    1   14]
 [  15   14    0   41]
 [  10    4    0    7]]
Epoch: [39/200], cls_loss: 0.3740, transfer_loss: 0.0299,person_loss: 0.0000, total_Loss: 0.3890
trian begin
trian end
n_person 383
SAMPLE
F1_MI: 0.02088912694161757 F1_MA: 0.27227432259038276 ACC_MI: 0.02088912694161757 F1_MA: 0.26757759784075574
BEST_F1_MI: 0.914301017675415 BEST_F1_MA: 0.34349365536798193 BEST_ACC_MI: 0.914301017675415 BEST_F1_MA: 0.359527981910684
[[   9 1562    2  162]
 [   0   14    0   27]
 [   0   15    0   55]
 [   0    5    0   16]]
Epoch: [40/200], cls_loss: 0.3741, transfer_loss: 0.0280,person_loss: 0.0000, total_Loss: 0.3881
trian begin
trian end
n_person 383
SAMPLE
F1_MI: 0.056239957150508835 F1_MA: 0.23425653837795882 ACC_MI: 0.056239957150508835 F1_MA: 0.2439318364548588
BEST_F1_MI: 0.914301017675415 BEST_F1_MA: 0.34349365536798193 BEST_ACC_MI: 0.914301017675415 BEST_F1_MA: 0.359527981910684
[[  80  253 1334   68]
 [   4   13    3   21]
 [   7   25    1   37]
 [   3    7    0   11]]
Epoch: [41/200], cls_loss: 0.3689, transfer_loss: 0.0300,person_loss: 0.0000, total_Loss: 0.3839
trian begin
trian end
n_person 383
SAMPLE
F1_MI: 0.06588109266202463 F1_MA: 0.20117305321019846 ACC_MI: 0.06588109266202463 F1_MA: 0.23724147288217182
BEST_F1_MI: 0.914301017675415 BEST_F1_MA: 0.34349365536798193 BEST_ACC_MI: 0.914301017675415 BEST_F1_MA: 0.359527981910684
[[ 105  176 1397   57]
 [   8    8    8   17]
 [   7   15    1   47]
 [   5    6    1    9]]
Epoch: [42/200], cls_loss: 0.3751, transfer_loss: 0.0295,person_loss: 0.0000, total_Loss: 0.3898
trian begin
trian end
n_person 383
SAMPLE
F1_MI: 0.11569362613818959 F1_MA: 0.22275807669794784 ACC_MI: 0.1156936261381896 F1_MA: 0.2607153580689253
BEST_F1_MI: 0.914301017675415 BEST_F1_MA: 0.34349365536798193 BEST_ACC_MI: 0.914301017675415 BEST_F1_MA: 0.359527981910684
[[ 192 1451   49   43]
 [  17    9    4   11]
 [  16   13    8   33]
 [   6    8    0    7]]
Epoch: [43/200], cls_loss: 0.3699, transfer_loss: 0.0332,person_loss: 0.0000, total_Loss: 0.3865
trian begin
trian end
n_person 383
SAMPLE
F1_MI: 0.0433851098018211 F1_MA: 0.2359035794386337 ACC_MI: 0.0433851098018211 F1_MA: 0.24472073978652925
BEST_F1_MI: 0.914301017675415 BEST_F1_MA: 0.34349365536798193 BEST_ACC_MI: 0.914301017675415 BEST_F1_MA: 0.359527981910684
[[  54  134 1462   85]
 [   3    6    9   23]
 [   6    9    8   47]
 [   0    5    3   13]]
Epoch: [44/200], cls_loss: 0.3704, transfer_loss: 0.0317,person_loss: 0.0000, total_Loss: 0.3863
trian begin
trian end
n_person 383
SAMPLE
F1_MI: 0.7562935190144616 F1_MA: 0.329039312794607 ACC_MI: 0.7562935190144617 F1_MA: 0.2772101449275362
BEST_F1_MI: 0.914301017675415 BEST_F1_MA: 0.34349365536798193 BEST_ACC_MI: 0.914301017675415 BEST_F1_MA: 0.359527981910684
[[1386  286    2   61]
 [   8   18    0   15]
 [   4   30    0   36]
 [   2   11    0    8]]
Epoch: [45/200], cls_loss: 0.3496, transfer_loss: 0.0312,person_loss: 0.0000, total_Loss: 0.3652
trian begin
trian end
n_person 383
SAMPLE
F1_MI: 0.8816282806641671 F1_MA: 0.3074166756299109 ACC_MI: 0.8816282806641671 F1_MA: 0.27112312696495167
BEST_F1_MI: 0.914301017675415 BEST_F1_MA: 0.34349365536798193 BEST_ACC_MI: 0.914301017675415 BEST_F1_MA: 0.359527981910684
[[1635   61    1   38]
 [  25    2    0   14]
 [  19   12    0   39]
 [   8    4    0    9]]
Epoch: [46/200], cls_loss: 0.3483, transfer_loss: 0.0329,person_loss: 0.0000, total_Loss: 0.3648
trian begin
trian end
n_person 383
SAMPLE
F1_MI: 0.7927155865024103 F1_MA: 0.34303364708787965 ACC_MI: 0.7927155865024103 F1_MA: 0.2819603647650898
BEST_F1_MI: 0.914301017675415 BEST_F1_MA: 0.34349365536798193 BEST_ACC_MI: 0.914301017675415 BEST_F1_MA: 0.359527981910684
[[1453  195    7   80]
 [   6   16    1   18]
 [   5   17    0   48]
 [   5    5    0   11]]
Epoch: [47/200], cls_loss: 0.3433, transfer_loss: 0.0319,person_loss: 0.0000, total_Loss: 0.3592
trian begin
trian end
n_person 383
SAMPLE
F1_MI: 0.8912694161756829 F1_MA: 0.28172475309511996 ACC_MI: 0.8912694161756829 F1_MA: 0.2663274793559338
BEST_F1_MI: 0.914301017675415 BEST_F1_MA: 0.34349365536798193 BEST_ACC_MI: 0.914301017675415 BEST_F1_MA: 0.359527981910684
[[1656   60    0   19]
 [  27    6    0    8]
 [  21   31    0   18]
 [  15    4    0    2]]
Epoch: [48/200], cls_loss: 0.3366, transfer_loss: 0.0319,person_loss: 0.0000, total_Loss: 0.3525
trian begin
trian end
n_person 383
SAMPLE
F1_MI: 0.0567755757900375 F1_MA: 0.1687830535861248 ACC_MI: 0.056775575790037495 F1_MA: 0.22525166691733092
BEST_F1_MI: 0.914301017675415 BEST_F1_MA: 0.34349365536798193 BEST_ACC_MI: 0.914301017675415 BEST_F1_MA: 0.359527981910684
[[  87  175 1452   21]
 [   8   15    7   11]
 [   8   44    2   16]
 [   6   10    3    2]]
Epoch: [49/200], cls_loss: 0.3539, transfer_loss: 0.0336,person_loss: 0.0000, total_Loss: 0.3707
trian begin
trian end
n_person 383
SAMPLE
F1_MI: 0.7852169255490091 F1_MA: 0.315066666109256 ACC_MI: 0.7852169255490091 F1_MA: 0.27080705167361613
BEST_F1_MI: 0.914301017675415 BEST_F1_MA: 0.34349365536798193 BEST_ACC_MI: 0.914301017675415 BEST_F1_MA: 0.359527981910684
[[1447  174    1  113]
 [  10   10    0   21]
 [   6   39    0   25]
 [   4    8    0    9]]
Epoch: [50/200], cls_loss: 0.3311, transfer_loss: 0.0340,person_loss: 0.0000, total_Loss: 0.3480
trian begin
trian end
n_person 383
SAMPLE
F1_MI: 0.8816282806641671 F1_MA: 0.31648183654487083 ACC_MI: 0.8816282806641671 F1_MA: 0.27828317745033987
BEST_F1_MI: 0.914301017675415 BEST_F1_MA: 0.34349365536798193 BEST_ACC_MI: 0.914301017675415 BEST_F1_MA: 0.359527981910684
[[1633   41    8   53]
 [  21    4    1   15]
 [  17   19    0   34]
 [  10    2    0    9]]
Epoch: [51/200], cls_loss: 0.3271, transfer_loss: 0.0327,person_loss: 0.0000, total_Loss: 0.3435
trian begin
trian end
n_person 383
SAMPLE
F1_MI: 0.03802892340653455 F1_MA: 0.197025158472233 ACC_MI: 0.03802892340653455 F1_MA: 0.23212856766540244
BEST_F1_MI: 0.914301017675415 BEST_F1_MA: 0.34349365536798193 BEST_ACC_MI: 0.914301017675415 BEST_F1_MA: 0.359527981910684
[[  48  347 1288   52]
 [   4   16    3   18]
 [   2   31    2   35]
 [   3   12    1    5]]
Epoch: [52/200], cls_loss: 0.3292, transfer_loss: 0.0335,person_loss: 0.0000, total_Loss: 0.3460
trian begin
trian end
n_person 383
SAMPLE
F1_MI: 0.7798607391537226 F1_MA: 0.3205140278532872 ACC_MI: 0.7798607391537226 F1_MA: 0.281257543324603
BEST_F1_MI: 0.914301017675415 BEST_F1_MA: 0.34349365536798193 BEST_ACC_MI: 0.914301017675415 BEST_F1_MA: 0.359527981910684
[[1438  143   16  138]
 [   6    7    4   24]
 [   1   20    1   48]
 [   4    7    0   10]]
Epoch: [53/200], cls_loss: 0.3178, transfer_loss: 0.0331,person_loss: 0.0000, total_Loss: 0.3343
trian begin
trian end
n_person 383
SAMPLE
F1_MI: 0.8264595607927155 F1_MA: 0.31475000456470276 ACC_MI: 0.8264595607927155 F1_MA: 0.2863067354494825
BEST_F1_MI: 0.914301017675415 BEST_F1_MA: 0.34349365536798193 BEST_ACC_MI: 0.914301017675415 BEST_F1_MA: 0.359527981910684
[[1530   98    9   98]
 [  16    3    1   21]
 [  12    6    1   51]
 [   8    4    0    9]]
Epoch: [54/200], cls_loss: 0.3149, transfer_loss: 0.0344,person_loss: 0.0000, total_Loss: 0.3321
trian begin
trian end
n_person 383
SAMPLE
F1_MI: 0.8543117300482057 F1_MA: 0.3188364252879691 ACC_MI: 0.8543117300482057 F1_MA: 0.27603483975534693
BEST_F1_MI: 0.914301017675415 BEST_F1_MA: 0.34349365536798193 BEST_ACC_MI: 0.914301017675415 BEST_F1_MA: 0.359527981910684
[[1579   91    0   65]
 [  17    7    0   17]
 [  13   21    0   36]
 [   9    3    0    9]]
Epoch: [55/200], cls_loss: 0.3177, transfer_loss: 0.0378,person_loss: 0.0000, total_Loss: 0.3366
trian begin
trian end
n_person 383
SAMPLE
F1_MI: 0.8976968398500268 F1_MA: 0.28422207498330815 ACC_MI: 0.8976968398500268 F1_MA: 0.26954107908881314
BEST_F1_MI: 0.914301017675415 BEST_F1_MA: 0.34349365536798193 BEST_ACC_MI: 0.914301017675415 BEST_F1_MA: 0.359527981910684
[[1669   44    0   22]
 [  29    4    0    8]
 [  20   41    0    9]
 [  13    5    0    3]]
Epoch: [56/200], cls_loss: 0.3243, transfer_loss: 0.0392,person_loss: 0.0000, total_Loss: 0.3438
trian begin
trian end
n_person 383
SAMPLE
F1_MI: 0.03160149973219068 F1_MA: 0.217837737267427 ACC_MI: 0.03160149973219068 F1_MA: 0.2511499638974886
BEST_F1_MI: 0.914301017675415 BEST_F1_MA: 0.34349365536798193 BEST_ACC_MI: 0.914301017675415 BEST_F1_MA: 0.359527981910684
[[  33 1648   13   41]
 [   1   21    2   17]
 [   0   32    0   38]
 [   1   15    0    5]]
Epoch: [57/200], cls_loss: 0.3137, transfer_loss: 0.0388,person_loss: 0.0000, total_Loss: 0.3331
trian begin
trian end
n_person 383
SAMPLE
F1_MI: 0.8966256025709695 F1_MA: 0.2626953896224279 ACC_MI: 0.8966256025709695 F1_MA: 0.2550339035402638
BEST_F1_MI: 0.914301017675415 BEST_F1_MA: 0.34349365536798193 BEST_ACC_MI: 0.914301017675415 BEST_F1_MA: 0.359527981910684
[[1670   48    0   17]
 [  30    3    1    7]
 [  23   32    0   15]
 [  14    6    0    1]]
Epoch: [58/200], cls_loss: 0.3190, transfer_loss: 0.0356,person_loss: 0.0000, total_Loss: 0.3368
trian begin
trian end
n_person 383
SAMPLE
F1_MI: 0.8028923406534547 F1_MA: 0.32651096101540694 ACC_MI: 0.8028923406534547 F1_MA: 0.2790483382554958
BEST_F1_MI: 0.914301017675415 BEST_F1_MA: 0.34349365536798193 BEST_ACC_MI: 0.914301017675415 BEST_F1_MA: 0.359527981910684
[[1477  181   23   54]
 [  12   14    2   13]
 [  10   26    0   34]
 [   6    7    0    8]]
Epoch: [59/200], cls_loss: 0.2953, transfer_loss: 0.0367,person_loss: 0.0000, total_Loss: 0.3137
trian begin
trian end
n_person 383
SAMPLE
F1_MI: 0.4536689876807713 F1_MA: 0.2566006548495242 ACC_MI: 0.4536689876807713 F1_MA: 0.26074752810644125
BEST_F1_MI: 0.914301017675415 BEST_F1_MA: 0.34349365536798193 BEST_ACC_MI: 0.914301017675415 BEST_F1_MA: 0.359527981910684
[[828 867  11  29]
 [ 11  16   0  14]
 [  4  53   0  13]
 [  6  12   0   3]]
Epoch: [60/200], cls_loss: 0.3047, transfer_loss: 0.0366,person_loss: 0.0000, total_Loss: 0.3231
trian begin
trian end
n_person 383
SAMPLE
F1_MI: 0.870915907873594 F1_MA: 0.2836096229735269 ACC_MI: 0.870915907873594 F1_MA: 0.26078597413615795
BEST_F1_MI: 0.914301017675415 BEST_F1_MA: 0.34349365536798193 BEST_ACC_MI: 0.914301017675415 BEST_F1_MA: 0.359527981910684
[[1619   62   12   42]
 [  23    1    1   16]
 [  12   20    0   38]
 [  10    5    0    6]]
Epoch: [61/200], cls_loss: 0.2943, transfer_loss: 0.0359,person_loss: 0.0000, total_Loss: 0.3122
trian begin
trian end
n_person 383
SAMPLE
F1_MI: 0.04231387252276379 F1_MA: 0.20028123284595528 ACC_MI: 0.04231387252276379 F1_MA: 0.22450403989126813
BEST_F1_MI: 0.914301017675415 BEST_F1_MA: 0.34349365536798193 BEST_ACC_MI: 0.914301017675415 BEST_F1_MA: 0.359527981910684
[[  55 1609   18   53]
 [   6   18    2   15]
 [   3   27    1   39]
 [   5   10    1    5]]
Epoch: [62/200], cls_loss: 0.3029, transfer_loss: 0.0366,person_loss: 0.0000, total_Loss: 0.3212
trian begin
trian end
n_person 383
SAMPLE
F1_MI: 0.8821638993036958 F1_MA: 0.27216097173104226 ACC_MI: 0.8821638993036958 F1_MA: 0.2607175165618215
BEST_F1_MI: 0.914301017675415 BEST_F1_MA: 0.34349365536798193 BEST_ACC_MI: 0.914301017675415 BEST_F1_MA: 0.359527981910684
[[1641   79    7    8]
 [  31    4    0    6]
 [  18   22    0   30]
 [  14    5    0    2]]
Epoch: [63/200], cls_loss: 0.3013, transfer_loss: 0.0369,person_loss: 0.0000, total_Loss: 0.3197
trian begin
trian end
n_person 383
SAMPLE
F1_MI: 0.7911087305838244 F1_MA: 0.31792312741234663 ACC_MI: 0.7911087305838244 F1_MA: 0.27398582650983
BEST_F1_MI: 0.914301017675415 BEST_F1_MA: 0.34349365536798193 BEST_ACC_MI: 0.914301017675415 BEST_F1_MA: 0.359527981910684
[[1455  194    7   79]
 [   8   16    2   15]
 [   7   23    0   40]
 [   3   12    0    6]]
Epoch: [64/200], cls_loss: 0.2750, transfer_loss: 0.0380,person_loss: 0.0000, total_Loss: 0.2940
trian begin
trian end
n_person 383
SAMPLE
F1_MI: 0.7932512051419389 F1_MA: 0.3197606891123398 ACC_MI: 0.7932512051419389 F1_MA: 0.2811063074143222
BEST_F1_MI: 0.914301017675415 BEST_F1_MA: 0.34349365536798193 BEST_ACC_MI: 0.914301017675415 BEST_F1_MA: 0.359527981910684
[[1460  172   43   60]
 [   6   14    3   18]
 [   5   31    1   33]
 [   2   12    1    6]]
Epoch: [65/200], cls_loss: 0.2878, transfer_loss: 0.0421,person_loss: 0.0000, total_Loss: 0.3088
trian begin
trian end
n_person 383
SAMPLE
F1_MI: 0.676486341724692 F1_MA: 0.3359910630056075 ACC_MI: 0.676486341724692 F1_MA: 0.3005821284967751
BEST_F1_MI: 0.914301017675415 BEST_F1_MA: 0.34349365536798193 BEST_ACC_MI: 0.914301017675415 BEST_F1_MA: 0.359527981910684
[[1236  291    5  203]
 [   1   19    1   20]
 [   2   24    1   43]
 [   1   12    1    7]]
Epoch: [66/200], cls_loss: 0.3038, transfer_loss: 0.0401,person_loss: 0.0000, total_Loss: 0.3238
trian begin
trian end
n_person 383
SAMPLE
F1_MI: 0.8291376539903589 F1_MA: 0.3522761691679616 ACC_MI: 0.8291376539903589 F1_MA: 0.3374309428765641
BEST_F1_MI: 0.914301017675415 BEST_F1_MA: 0.3522761691679616 BEST_ACC_MI: 0.914301017675415 BEST_F1_MA: 0.359527981910684
[[1529  149    3   54]
 [  15   12    0   14]
 [   6   34    1   29]
 [   6    9    0    6]]
Epoch: [67/200], cls_loss: 0.2868, transfer_loss: 0.0395,person_loss: 0.0000, total_Loss: 0.3065
trian begin
trian end
n_person 383
SAMPLE
F1_MI: 0.7354043920728441 F1_MA: 0.33117976521761894 ACC_MI: 0.7354043920728441 F1_MA: 0.2856961018214483
BEST_F1_MI: 0.914301017675415 BEST_F1_MA: 0.3522761691679616 BEST_ACC_MI: 0.914301017675415 BEST_F1_MA: 0.359527981910684
[[1348  190   33  164]
 [   2   14    5   20]
 [   1   19    2   48]
 [   4    8    0    9]]
Epoch: [68/200], cls_loss: 0.2830, transfer_loss: 0.0387,person_loss: 0.0000, total_Loss: 0.3024
trian begin
trian end
n_person 383
SAMPLE
F1_MI: 0.1531869309051955 F1_MA: 0.2477739011566851 ACC_MI: 0.1531869309051955 F1_MA: 0.2706494649068178
BEST_F1_MI: 0.914301017675415 BEST_F1_MA: 0.3522761691679616 BEST_ACC_MI: 0.914301017675415 BEST_F1_MA: 0.359527981910684
[[ 259  249 1159   68]
 [   2   21    3   15]
 [   4   34    1   31]
 [   1   14    1    5]]
Epoch: [69/200], cls_loss: 0.2623, transfer_loss: 0.0377,person_loss: 0.0000, total_Loss: 0.2811
trian begin
trian end
n_person 383
SAMPLE
F1_MI: 0.4252811997857525 F1_MA: 0.2521166160398835 ACC_MI: 0.4252811997857525 F1_MA: 0.25612921865955846
BEST_F1_MI: 0.914301017675415 BEST_F1_MA: 0.3522761691679616 BEST_ACC_MI: 0.914301017675415 BEST_F1_MA: 0.359527981910684
[[775 770 140  50]
 [ 11  14   2  14]
 [ 12  22   1  35]
 [  8   8   1   4]]
Epoch: [70/200], cls_loss: 0.2769, transfer_loss: 0.0398,person_loss: 0.0000, total_Loss: 0.2968
trian begin
trian end
n_person 383
SAMPLE
F1_MI: 0.8141403320835565 F1_MA: 0.29745958826542734 ACC_MI: 0.8141403320835565 F1_MA: 0.2697253350643427
BEST_F1_MI: 0.914301017675415 BEST_F1_MA: 0.3522761691679616 BEST_ACC_MI: 0.914301017675415 BEST_F1_MA: 0.359527981910684
[[1505  194    6   30]
 [  14   11    1   15]
 [  11   35    0   24]
 [   5   12    0    4]]
Epoch: [71/200], cls_loss: 0.2775, transfer_loss: 0.0387,person_loss: 0.0000, total_Loss: 0.2968
trian begin
trian end
n_person 383
SAMPLE
F1_MI: 0.7064809855382967 F1_MA: 0.3116784199797653 ACC_MI: 0.7064809855382967 F1_MA: 0.27511466098501103
BEST_F1_MI: 0.914301017675415 BEST_F1_MA: 0.3522761691679616 BEST_ACC_MI: 0.914301017675415 BEST_F1_MA: 0.359527981910684
[[1295  331   52   57]
 [   5   18    2   16]
 [   4   33    1   32]
 [   2   13    1    5]]
Epoch: [72/200], cls_loss: 0.2733, transfer_loss: 0.0409,person_loss: 0.0000, total_Loss: 0.2938
trian begin
trian end
n_person 383
SAMPLE
F1_MI: 0.8596679164434923 F1_MA: 0.3251897277138613 ACC_MI: 0.8596679164434923 F1_MA: 0.2879061570496198
BEST_F1_MI: 0.914301017675415 BEST_F1_MA: 0.3522761691679616 BEST_ACC_MI: 0.914301017675415 BEST_F1_MA: 0.359527981910684
[[1585  132    4   14]
 [  16   16    0    9]
 [  11   43    0   16]
 [   7   10    0    4]]
Epoch: [73/200], cls_loss: 0.2681, transfer_loss: 0.0371,person_loss: 0.0000, total_Loss: 0.2867
trian begin
trian end
n_person 383
SAMPLE
F1_MI: 0.5656132833422604 F1_MA: 0.2851548785286237 ACC_MI: 0.5656132833422604 F1_MA: 0.27575824294106677
BEST_F1_MI: 0.914301017675415 BEST_F1_MA: 0.3522761691679616 BEST_ACC_MI: 0.914301017675415 BEST_F1_MA: 0.359527981910684
[[1036  190  484   25]
 [  12   13    3   13]
 [   7   32    2   29]
 [   6   10    0    5]]
Epoch: [74/200], cls_loss: 0.2732, transfer_loss: 0.0375,person_loss: 0.0000, total_Loss: 0.2919
trian begin
trian end
n_person 383
SAMPLE
F1_MI: 0.8998393144081414 F1_MA: 0.2805233634634711 ACC_MI: 0.8998393144081414 F1_MA: 0.2722955732705257
BEST_F1_MI: 0.914301017675415 BEST_F1_MA: 0.3522761691679616 BEST_ACC_MI: 0.914301017675415 BEST_F1_MA: 0.359527981910684
[[1675   49    1   10]
 [  34    2    0    5]
 [  21   39    0   10]
 [  13    5    0    3]]
Epoch: [75/200], cls_loss: 0.2512, transfer_loss: 0.0355,person_loss: 0.0000, total_Loss: 0.2689
trian begin
trian end
n_person 383
SAMPLE
F1_MI: 0.8339582217461168 F1_MA: 0.3188952968379693 ACC_MI: 0.8339582217461168 F1_MA: 0.27880182981933127
BEST_F1_MI: 0.914301017675415 BEST_F1_MA: 0.3522761691679616 BEST_ACC_MI: 0.914301017675415 BEST_F1_MA: 0.359527981910684
[[1537  157   14   27]
 [  15   15    1   10]
 [  10   20    0   40]
 [   7    9    0    5]]
Epoch: [76/200], cls_loss: 0.2609, transfer_loss: 0.0395,person_loss: 0.0000, total_Loss: 0.2806
trian begin
trian end
n_person 383
SAMPLE
F1_MI: 0.8859132297803963 F1_MA: 0.29230791829244784 ACC_MI: 0.8859132297803963 F1_MA: 0.26846444812784226
BEST_F1_MI: 0.914301017675415 BEST_F1_MA: 0.3522761691679616 BEST_ACC_MI: 0.914301017675415 BEST_F1_MA: 0.359527981910684
[[1646   70    0   19]
 [  28    2    0   11]
 [  20   17    0   33]
 [  11    4    0    6]]
Epoch: [77/200], cls_loss: 0.2608, transfer_loss: 0.0393,person_loss: 0.0000, total_Loss: 0.2805
trian begin
trian end
n_person 383
SAMPLE
F1_MI: 0.03320835565077665 F1_MA: 0.1990092567203116 ACC_MI: 0.03320835565077665 F1_MA: 0.2290293152413976
BEST_F1_MI: 0.914301017675415 BEST_F1_MA: 0.3522761691679616 BEST_ACC_MI: 0.914301017675415 BEST_F1_MA: 0.359527981910684
[[  37  258 1376   64]
 [   4   19    3   15]
 [   0   25    2   43]
 [   4   11    2    4]]
Epoch: [78/200], cls_loss: 0.2676, transfer_loss: 0.0428,person_loss: 0.0000, total_Loss: 0.2890
trian begin
trian end
n_person 383
SAMPLE
F1_MI: 0.33583288698446706 F1_MA: 0.26373036195000554 ACC_MI: 0.33583288698446706 F1_MA: 0.27465774931644
BEST_F1_MI: 0.914301017675415 BEST_F1_MA: 0.3522761691679616 BEST_ACC_MI: 0.914301017675415 BEST_F1_MA: 0.359527981910684
[[605 141 900  89]
 [  4  15   3  19]
 [  6  14   1  49]
 [  4  10   1   6]]
Epoch: [79/200], cls_loss: 0.2641, transfer_loss: 0.0425,person_loss: 0.0000, total_Loss: 0.2854
trian begin
trian end
n_person 383
SAMPLE
F1_MI: 0.7702196036422067 F1_MA: 0.3103849701225723 ACC_MI: 0.7702196036422068 F1_MA: 0.27699381376465987
BEST_F1_MI: 0.914301017675415 BEST_F1_MA: 0.3522761691679616 BEST_ACC_MI: 0.914301017675415 BEST_F1_MA: 0.359527981910684
[[1417  167  105   46]
 [   7   16    3   15]
 [   8   27    1   34]
 [   5   11    1    4]]
Epoch: [80/200], cls_loss: 0.2390, transfer_loss: 0.0385,person_loss: 0.0000, total_Loss: 0.2582
trian begin
trian end
n_person 383
SAMPLE
F1_MI: 0.4006427423674344 F1_MA: 0.26802939270894355 ACC_MI: 0.4006427423674344 F1_MA: 0.27069743288761117
BEST_F1_MI: 0.914301017675415 BEST_F1_MA: 0.3522761691679616 BEST_ACC_MI: 0.914301017675415 BEST_F1_MA: 0.359527981910684
[[725 256 717  37]
 [ 10  18   4   9]
 [  4  34   1  31]
 [  4  12   1   4]]
Epoch: [81/200], cls_loss: 0.2563, transfer_loss: 0.0439,person_loss: 0.0000, total_Loss: 0.2783
trian begin
trian end
n_person 383
SAMPLE
F1_MI: 0.8918050348152116 F1_MA: 0.2817918935427264 ACC_MI: 0.8918050348152116 F1_MA: 0.27111133485479033
BEST_F1_MI: 0.914301017675415 BEST_F1_MA: 0.3522761691679616 BEST_ACC_MI: 0.914301017675415 BEST_F1_MA: 0.359527981910684
[[1657   73    3    2]
 [  30    7    0    4]
 [  21   41    0    8]
 [  11    9    0    1]]
Epoch: [82/200], cls_loss: 0.2589, transfer_loss: 0.0421,person_loss: 0.0000, total_Loss: 0.2799
trian begin
trian end
n_person 383
SAMPLE
F1_MI: 0.04552758435993572 F1_MA: 0.21269882824939607 ACC_MI: 0.04552758435993572 F1_MA: 0.22474136093821495
BEST_F1_MI: 0.914301017675415 BEST_F1_MA: 0.3522761691679616 BEST_ACC_MI: 0.914301017675415 BEST_F1_MA: 0.359527981910684
[[  59 1609    9   58]
 [   6   20    0   15]
 [   2   40    0   28]
 [   4   11    0    6]]
Epoch: [83/200], cls_loss: 0.2611, transfer_loss: 0.0441,person_loss: 0.0000, total_Loss: 0.2832
trian begin
trian end
n_person 383
SAMPLE
F1_MI: 0.659346545259775 F1_MA: 0.3017057582275161 ACC_MI: 0.659346545259775 F1_MA: 0.2779102626882987
BEST_F1_MI: 0.914301017675415 BEST_F1_MA: 0.3522761691679616 BEST_ACC_MI: 0.914301017675415 BEST_F1_MA: 0.359527981910684
[[1208  160  321   46]
 [   6   16    3   16]
 [   6   34    3   27]
 [   3   13    1    4]]
Epoch: [84/200], cls_loss: 0.2463, transfer_loss: 0.0392,person_loss: 0.0000, total_Loss: 0.2659
trian begin
trian end
n_person 383
SAMPLE
F1_MI: 0.8441349758971612 F1_MA: 0.32182730817945315 ACC_MI: 0.8441349758971612 F1_MA: 0.28158648733335867
BEST_F1_MI: 0.914301017675415 BEST_F1_MA: 0.3522761691679616 BEST_ACC_MI: 0.914301017675415 BEST_F1_MA: 0.359527981910684
[[1554  152    4   25]
 [  10   19    0   12]
 [  12   50    0    8]
 [   6   12    0    3]]
Epoch: [85/200], cls_loss: 0.2383, transfer_loss: 0.0402,person_loss: 0.0000, total_Loss: 0.2583
trian begin
trian end
n_person 383
SAMPLE
F1_MI: 0.843063738618104 F1_MA: 0.30291683180269 ACC_MI: 0.8430637386181039 F1_MA: 0.2734649646803054
BEST_F1_MI: 0.914301017675415 BEST_F1_MA: 0.3522761691679616 BEST_ACC_MI: 0.914301017675415 BEST_F1_MA: 0.359527981910684
[[1558  158    1   18]
 [  18   13    1    9]
 [   7   38    0   25]
 [   6   12    0    3]]
Epoch: [86/200], cls_loss: 0.2360, transfer_loss: 0.0438,person_loss: 0.0000, total_Loss: 0.2579
trian begin
trian end
n_person 383
SAMPLE
F1_MI: 0.8334226031065881 F1_MA: 0.31415005292221454 ACC_MI: 0.8334226031065881 F1_MA: 0.2785043030250698
BEST_F1_MI: 0.914301017675415 BEST_F1_MA: 0.3522761691679616 BEST_ACC_MI: 0.914301017675415 BEST_F1_MA: 0.359527981910684
[[1539  154    5   37]
 [  12   11    1   17]
 [   9   47    0   14]
 [   5   10    0    6]]
Epoch: [87/200], cls_loss: 0.2357, transfer_loss: 0.0416,person_loss: 0.0000, total_Loss: 0.2564
trian begin
trian end
n_person 383
SAMPLE
F1_MI: 0.8725227637921801 F1_MA: 0.31142769445761637 ACC_MI: 0.87252276379218 F1_MA: 0.28636116487678986
BEST_F1_MI: 0.914301017675415 BEST_F1_MA: 0.3522761691679616 BEST_ACC_MI: 0.914301017675415 BEST_F1_MA: 0.359527981910684
[[1615  108    3    9]
 [  26   10    0    5]
 [  15   38    0   17]
 [   8    9    0    4]]
Epoch: [88/200], cls_loss: 0.2405, transfer_loss: 0.0446,person_loss: 0.0000, total_Loss: 0.2627
trian begin
trian end
n_person 383
SAMPLE
F1_MI: 0.8575254418853777 F1_MA: 0.28465008034005485 ACC_MI: 0.8575254418853776 F1_MA: 0.2694285744683115
BEST_F1_MI: 0.914301017675415 BEST_F1_MA: 0.3522761691679616 BEST_ACC_MI: 0.914301017675415 BEST_F1_MA: 0.359527981910684
[[1592  129    0   14]
 [  28    6    0    7]
 [  18   38    0   14]
 [  11    7    0    3]]
Epoch: [89/200], cls_loss: 0.2437, transfer_loss: 0.0428,person_loss: 0.0000, total_Loss: 0.2651
trian begin
trian end
n_person 383
SAMPLE
F1_MI: 0.10123192287091591 F1_MA: 0.23694837730418727 ACC_MI: 0.10123192287091591 F1_MA: 0.2531781772697565
BEST_F1_MI: 0.914301017675415 BEST_F1_MA: 0.3522761691679616 BEST_ACC_MI: 0.914301017675415 BEST_F1_MA: 0.359527981910684
[[ 163 1462   27   83]
 [   2   19    1   19]
 [   3   27    0   40]
 [   3   10    1    7]]
Epoch: [90/200], cls_loss: 0.2274, transfer_loss: 0.0429,person_loss: 0.0000, total_Loss: 0.2489
trian begin
trian end
n_person 383
SAMPLE
F1_MI: 0.9046598821638993 F1_MA: 0.2857798204702745 ACC_MI: 0.9046598821638993 F1_MA: 0.2709545089137939
BEST_F1_MI: 0.914301017675415 BEST_F1_MA: 0.3522761691679616 BEST_ACC_MI: 0.914301017675415 BEST_F1_MA: 0.359527981910684
[[1683   29    0   23]
 [  28    2    0   11]
 [  23   43    0    4]
 [  15    2    0    4]]
Epoch: [91/200], cls_loss: 0.2379, transfer_loss: 0.0397,person_loss: 0.0000, total_Loss: 0.2577
trian begin
trian end
n_person 383
SAMPLE
F1_MI: 0.8221746116764863 F1_MA: 0.295039896636795 ACC_MI: 0.8221746116764863 F1_MA: 0.2681624959509226
BEST_F1_MI: 0.914301017675415 BEST_F1_MA: 0.3522761691679616 BEST_ACC_MI: 0.914301017675415 BEST_F1_MA: 0.359527981910684
[[1520  139   23   53]
 [  14   12    1   14]
 [  11   38    0   21]
 [   7   10    1    3]]
Epoch: [92/200], cls_loss: 0.2290, transfer_loss: 0.0413,person_loss: 0.0000, total_Loss: 0.2497
trian begin
trian end
n_person 383
SAMPLE
F1_MI: 0.8575254418853777 F1_MA: 0.31052941746111495 ACC_MI: 0.8575254418853776 F1_MA: 0.27967899159973286
BEST_F1_MI: 0.914301017675415 BEST_F1_MA: 0.3522761691679616 BEST_ACC_MI: 0.914301017675415 BEST_F1_MA: 0.359527981910684
[[1586  130    0   19]
 [  18   10    0   13]
 [  12   38    0   20]
 [   6   10    0    5]]
Epoch: [93/200], cls_loss: 0.2151, transfer_loss: 0.0385,person_loss: 0.0000, total_Loss: 0.2343
trian begin
trian end
n_person 383
SAMPLE
F1_MI: 0.8810926620246384 F1_MA: 0.28359655038093595 ACC_MI: 0.8810926620246384 F1_MA: 0.26724376038653286
BEST_F1_MI: 0.914301017675415 BEST_F1_MA: 0.3522761691679616 BEST_ACC_MI: 0.914301017675415 BEST_F1_MA: 0.359527981910684
[[1637   78   10   10]
 [  25    5    2    9]
 [  16   21    0   33]
 [  10    8    0    3]]
Epoch: [94/200], cls_loss: 0.2296, transfer_loss: 0.0418,person_loss: 0.0000, total_Loss: 0.2506
trian begin
trian end
n_person 383
SAMPLE
F1_MI: 0.3749330476700589 F1_MA: 0.2707292430987053 ACC_MI: 0.3749330476700589 F1_MA: 0.27333744413454797
BEST_F1_MI: 0.914301017675415 BEST_F1_MA: 0.3522761691679616 BEST_ACC_MI: 0.914301017675415 BEST_F1_MA: 0.359527981910684
[[673 240 807  15]
 [  7  23   5   6]
 [  5  35   2  28]
 [  3  15   1   2]]
Epoch: [95/200], cls_loss: 0.2234, transfer_loss: 0.0384,person_loss: 0.0000, total_Loss: 0.2426
trian begin
trian end
n_person 383
SAMPLE
F1_MI: 0.8907337975361542 F1_MA: 0.28511340938383345 ACC_MI: 0.8907337975361542 F1_MA: 0.2679123900710088
BEST_F1_MI: 0.914301017675415 BEST_F1_MA: 0.3522761691679616 BEST_ACC_MI: 0.914301017675415 BEST_F1_MA: 0.359527981910684
[[1655   57    2   21]
 [  30    5    1    5]
 [  18   23    0   29]
 [  11    7    0    3]]
Epoch: [96/200], cls_loss: 0.2272, transfer_loss: 0.0445,person_loss: 0.0000, total_Loss: 0.2495
trian begin
trian end
n_person 383
SAMPLE
F1_MI: 0.8264595607927155 F1_MA: 0.30092786747892186 ACC_MI: 0.8264595607927155 F1_MA: 0.2691231082460929
BEST_F1_MI: 0.914301017675415 BEST_F1_MA: 0.3522761691679616 BEST_ACC_MI: 0.914301017675415 BEST_F1_MA: 0.359527981910684
[[1524  198    2   11]
 [  20   18    0    3]
 [   7   48    0   15]
 [   7   13    0    1]]
Epoch: [97/200], cls_loss: 0.2085, transfer_loss: 0.0404,person_loss: 0.0000, total_Loss: 0.2287
trian begin
trian end
n_person 383
SAMPLE
F1_MI: 0.3326191751472951 F1_MA: 0.25860005957598287 ACC_MI: 0.3326191751472951 F1_MA: 0.2643802703339869
BEST_F1_MI: 0.914301017675415 BEST_F1_MA: 0.3522761691679616 BEST_ACC_MI: 0.914301017675415 BEST_F1_MA: 0.359527981910684
[[597 396 680  62]
 [  5  19   2  15]
 [  3  30   1  36]
 [  4  12   1   4]]
Epoch: [98/200], cls_loss: 0.2079, transfer_loss: 0.0438,person_loss: 0.0000, total_Loss: 0.2297
trian begin
trian end
n_person 383
SAMPLE
F1_MI: 0.6116764863417247 F1_MA: 0.30828016648375567 ACC_MI: 0.6116764863417247 F1_MA: 0.27807079854936356
BEST_F1_MI: 0.914301017675415 BEST_F1_MA: 0.3522761691679616 BEST_ACC_MI: 0.914301017675415 BEST_F1_MA: 0.359527981910684
[[1116  551   42   26]
 [   5   20    2   14]
 [   5   36    1   28]
 [   2   14    0    5]]
Epoch: [99/200], cls_loss: 0.2153, transfer_loss: 0.0413,person_loss: 0.0000, total_Loss: 0.2359
trian begin
trian end
n_person 383
SAMPLE
F1_MI: 0.10123192287091591 F1_MA: 0.18158901088150278 ACC_MI: 0.10123192287091591 F1_MA: 0.22556229511894377
BEST_F1_MI: 0.914301017675415 BEST_F1_MA: 0.3522761691679616 BEST_ACC_MI: 0.914301017675415 BEST_F1_MA: 0.359527981910684
[[ 170 1548    8    9]
 [  21   17    0    3]
 [   6   46    0   18]
 [   8   11    0    2]]
Epoch: [100/200], cls_loss: 0.1937, transfer_loss: 0.0425,person_loss: 0.0000, total_Loss: 0.2149
trian begin
trian end
n_person 383
SAMPLE
F1_MI: 0.8275307980717729 F1_MA: 0.2900654111556176 ACC_MI: 0.8275307980717729 F1_MA: 0.26703790501482444
BEST_F1_MI: 0.914301017675415 BEST_F1_MA: 0.3522761691679616 BEST_ACC_MI: 0.914301017675415 BEST_F1_MA: 0.359527981910684
[[1532  181    1   21]
 [  19   10    1   11]
 [  10   34    0   26]
 [   8   10    0    3]]
Epoch: [101/200], cls_loss: 0.2142, transfer_loss: 0.0451,person_loss: 0.0000, total_Loss: 0.2368
trian begin
trian end
n_person 383
SAMPLE
F1_MI: 0.8543117300482057 F1_MA: 0.293724719728607 ACC_MI: 0.8543117300482057 F1_MA: 0.26828287681120194
BEST_F1_MI: 0.914301017675415 BEST_F1_MA: 0.3522761691679616 BEST_ACC_MI: 0.914301017675415 BEST_F1_MA: 0.359527981910684
[[1583  102    4   46]
 [  19    8    1   13]
 [  13   29    0   28]
 [   9    8    0    4]]
Epoch: [102/200], cls_loss: 0.2005, transfer_loss: 0.0393,person_loss: 0.0000, total_Loss: 0.2201
trian begin
trian end
n_person 383
SAMPLE
F1_MI: 0.05570433851098018 F1_MA: 0.21204353077241475 ACC_MI: 0.05570433851098018 F1_MA: 0.21935464710848498
BEST_F1_MI: 0.914301017675415 BEST_F1_MA: 0.3522761691679616 BEST_ACC_MI: 0.914301017675415 BEST_F1_MA: 0.359527981910684
[[  74 1649    7    5]
 [   9   28    1    3]
 [   4   49    0   17]
 [   7   12    0    2]]
Epoch: [103/200], cls_loss: 0.1886, transfer_loss: 0.0389,person_loss: 0.0000, total_Loss: 0.2081
trian begin
trian end
n_person 383
SAMPLE
F1_MI: 0.33101231922870916 F1_MA: 0.21050443981601627 ACC_MI: 0.33101231922870916 F1_MA: 0.25771616018199567
BEST_F1_MI: 0.914301017675415 BEST_F1_MA: 0.3522761691679616 BEST_ACC_MI: 0.914301017675415 BEST_F1_MA: 0.359527981910684
[[606 128 966  35]
 [ 21   9   1  10]
 [ 14  44   0  12]
 [  8  10   0   3]]
Epoch: [104/200], cls_loss: 0.2037, transfer_loss: 0.0405,person_loss: 0.0000, total_Loss: 0.2240
trian begin
trian end
n_person 383
SAMPLE
F1_MI: 0.8907337975361542 F1_MA: 0.2719257895446724 ACC_MI: 0.8907337975361542 F1_MA: 0.2690081908831909
BEST_F1_MI: 0.914301017675415 BEST_F1_MA: 0.3522761691679616 BEST_ACC_MI: 0.914301017675415 BEST_F1_MA: 0.359527981910684
[[1660   68    0    7]
 [  36    0    0    5]
 [  20   39    0   11]
 [  12    6    0    3]]
Epoch: [105/200], cls_loss: 0.2125, transfer_loss: 0.0406,person_loss: 0.0000, total_Loss: 0.2328
trian begin
trian end
n_person 383
SAMPLE
F1_MI: 0.8623460096411355 F1_MA: 0.30221771822773014 ACC_MI: 0.8623460096411355 F1_MA: 0.27691296708527585
BEST_F1_MI: 0.914301017675415 BEST_F1_MA: 0.3522761691679616 BEST_ACC_MI: 0.914301017675415 BEST_F1_MA: 0.359527981910684
[[1597  123    2   13]
 [  21    9    1   10]
 [  14   35    0   21]
 [  10    7    0    4]]
Epoch: [106/200], cls_loss: 0.1977, transfer_loss: 0.0428,person_loss: 0.0000, total_Loss: 0.2191
trian begin
trian end
n_person 383
SAMPLE
F1_MI: 0.6700589180503481 F1_MA: 0.31005530488325433 ACC_MI: 0.6700589180503481 F1_MA: 0.269908596721234
BEST_F1_MI: 0.914301017675415 BEST_F1_MA: 0.3522761691679616 BEST_ACC_MI: 0.914301017675415 BEST_F1_MA: 0.359527981910684
[[1224  228    4  279]
 [   0   23    1   17]
 [   6   44    0   20]
 [   3   14    0    4]]
Epoch: [107/200], cls_loss: 0.2178, transfer_loss: 0.0441,person_loss: 0.0000, total_Loss: 0.2398
trian begin
trian end
n_person 383
SAMPLE
F1_MI: 0.8714515265131227 F1_MA: 0.3245964124505509 ACC_MI: 0.8714515265131226 F1_MA: 0.29609557858949503
BEST_F1_MI: 0.914301017675415 BEST_F1_MA: 0.3522761691679616 BEST_ACC_MI: 0.914301017675415 BEST_F1_MA: 0.359527981910684
[[1608  122    0    5]
 [  20   17    1    3]
 [  15   49    0    6]
 [   8   11    0    2]]
Epoch: [108/200], cls_loss: 0.1851, transfer_loss: 0.0424,person_loss: 0.0000, total_Loss: 0.2063
trian begin
trian end
n_person 383
SAMPLE
F1_MI: 0.8826995179432244 F1_MA: 0.2759482010145462 ACC_MI: 0.8826995179432244 F1_MA: 0.25768423793187945
BEST_F1_MI: 0.914301017675415 BEST_F1_MA: 0.3522761691679616 BEST_ACC_MI: 0.914301017675415 BEST_F1_MA: 0.359527981910684
[[1638   97    0    0]
 [  30   10    0    1]
 [  18   36    0   16]
 [  10   11    0    0]]
Epoch: [109/200], cls_loss: 0.1951, transfer_loss: 0.0406,person_loss: 0.0000, total_Loss: 0.2154
trian begin
trian end
n_person 383
SAMPLE
F1_MI: 0.03320835565077665 F1_MA: 0.20158187353040338 ACC_MI: 0.03320835565077665 F1_MA: 0.2042253944027879
BEST_F1_MI: 0.914301017675415 BEST_F1_MA: 0.3522761691679616 BEST_ACC_MI: 0.914301017675415 BEST_F1_MA: 0.359527981910684
[[  33 1656    1   45]
 [   4   26    0   11]
 [   3   39    0   28]
 [   3   15    0    3]]
Epoch: [110/200], cls_loss: 0.1752, transfer_loss: 0.0377,person_loss: 0.0000, total_Loss: 0.1941
trian begin
trian end
n_person 383
SAMPLE
F1_MI: 0.8248527048741296 F1_MA: 0.3169025430275654 ACC_MI: 0.8248527048741296 F1_MA: 0.2911310846655674
BEST_F1_MI: 0.914301017675415 BEST_F1_MA: 0.3522761691679616 BEST_ACC_MI: 0.914301017675415 BEST_F1_MA: 0.359527981910684
[[1519  191   20    5]
 [  18   18    1    4]
 [  10   39    2   19]
 [   7   12    1    1]]
Epoch: [111/200], cls_loss: 0.1933, transfer_loss: 0.0401,person_loss: 0.0000, total_Loss: 0.2134
trian begin
trian end
n_person 383
SAMPLE
F1_MI: 0.8425281199785752 F1_MA: 0.3328412153047936 ACC_MI: 0.8425281199785752 F1_MA: 0.3007004325851908
BEST_F1_MI: 0.914301017675415 BEST_F1_MA: 0.3522761691679616 BEST_ACC_MI: 0.914301017675415 BEST_F1_MA: 0.359527981910684
[[1550  160    9   16]
 [  13   20    1    7]
 [   9   38    1   22]
 [   4   15    0    2]]
Epoch: [112/200], cls_loss: 0.1844, transfer_loss: 0.0380,person_loss: 0.0000, total_Loss: 0.2034
trian begin
trian end
n_person 383
SAMPLE
F1_MI: 0.8912694161756829 F1_MA: 0.2851007374520222 ACC_MI: 0.8912694161756829 F1_MA: 0.28298249136958675
BEST_F1_MI: 0.914301017675415 BEST_F1_MA: 0.3522761691679616 BEST_ACC_MI: 0.914301017675415 BEST_F1_MA: 0.359527981910684
[[1657   77    1    0]
 [  32    6    1    2]
 [  18   47    0    5]
 [  14    6    0    1]]
Epoch: [113/200], cls_loss: 0.1832, transfer_loss: 0.0402,person_loss: 0.0000, total_Loss: 0.2032
trian begin
trian end
n_person 383
SAMPLE
F1_MI: 0.8859132297803963 F1_MA: 0.2993145019708885 ACC_MI: 0.8859132297803963 F1_MA: 0.28008084678191947
BEST_F1_MI: 0.914301017675415 BEST_F1_MA: 0.3522761691679616 BEST_ACC_MI: 0.914301017675415 BEST_F1_MA: 0.359527981910684
[[1642   85    0    8]
 [  23   10    1    7]
 [  16   47    0    7]
 [  12    7    0    2]]
Epoch: [114/200], cls_loss: 0.1887, transfer_loss: 0.0409,person_loss: 0.0000, total_Loss: 0.2091
trian begin
trian end
n_person 383
SAMPLE
F1_MI: 0.0567755757900375 F1_MA: 0.22828072024564752 ACC_MI: 0.056775575790037495 F1_MA: 0.24863490433564228
BEST_F1_MI: 0.914301017675415 BEST_F1_MA: 0.3522761691679616 BEST_ACC_MI: 0.914301017675415 BEST_F1_MA: 0.359527981910684
[[  78 1608   12   37]
 [   1   23    0   17]
 [   3   47    0   20]
 [   3   13    0    5]]
Epoch: [115/200], cls_loss: 0.1849, transfer_loss: 0.0400,person_loss: 0.0000, total_Loss: 0.2049
trian begin
trian end
n_person 383
SAMPLE
F1_MI: 0.7445099089448313 F1_MA: 0.29879532043627466 ACC_MI: 0.7445099089448313 F1_MA: 0.2647559297120995
BEST_F1_MI: 0.914301017675415 BEST_F1_MA: 0.3522761691679616 BEST_ACC_MI: 0.914301017675415 BEST_F1_MA: 0.359527981910684
[[1368  258    9  100]
 [  10   20    2    9]
 [   7   45    0   18]
 [   5   14    0    2]]
Epoch: [116/200], cls_loss: 0.1841, transfer_loss: 0.0396,person_loss: 0.0000, total_Loss: 0.2039
trian begin
trian end
n_person 383
SAMPLE
F1_MI: 0.7584359935725763 F1_MA: 0.3152371585288849 ACC_MI: 0.7584359935725763 F1_MA: 0.2713289557942032
BEST_F1_MI: 0.914301017675415 BEST_F1_MA: 0.3522761691679616 BEST_ACC_MI: 0.914301017675415 BEST_F1_MA: 0.359527981910684
[[1391  270    2   72]
 [   7   21    1   12]
 [   5   33    0   32]
 [   2   15    0    4]]
Epoch: [117/200], cls_loss: 0.1791, transfer_loss: 0.0438,person_loss: 0.0000, total_Loss: 0.2010
[[1529  149    3   54]
 [  15   12    0   14]
 [   6   34    1   29]
 [   6    9    0    6]]
[[1529  149    3   54]
 [  15   12    0   14]
 [   6   34    1   29]
 [   6    9    0    6]]
WHAT: False
{'best_f1': 0.3522761691679616, 'best_matrix': [[1529, 149, 3, 54], [15, 12, 0, 14], [6, 34, 1, 29], [6, 9, 0, 6]], 'args': 0.05}
{"best_f1": 0.3522761691679616, "best_matrix": [[1529, 149, 3, 54], [15, 12, 0, 14], [6, 34, 1, 29], [6, 9, 0, 6]], "args": 0.05}
ARG: Namespace(backbone='resnet50', batch_size=32, config='DSAN/DSAN.yaml', data_dir='data', device=device(type='cuda'), early_stop=50, epoch_based_training=False, lr=0.003, lr_decay=0.75, lr_gamma=0.0003, lr_scheduler=True, max_iter=40000, method='False', momentum=0.9, myweight=0.05, n_class=4, n_epoch=200, n_iter_per_epoch=200, num_workers=3, seed=1, src_domain='45', tgt_domain='63G', tname='transfer', transfer_loss='lmmd', transfer_loss_weight=0.5, use_bottleneck=True, weight_decay=0.0005)
