coral 1 45 63G DeepCoral/DeepCoral.yaml False
Namespace(backbone='resnet50', batch_size=32, config='DeepCoral/DeepCoral.yaml', data_dir='data', device=device(type='cuda'), early_stop=50, epoch_based_training=False, lr=0.003, lr_decay=0.75, lr_gamma=0.0003, lr_scheduler=True, method='False', momentum=0.9, myweight=0.05, n_epoch=200, n_iter_per_epoch=100, num_workers=3, seed=1, src_domain='45', tgt_domain='63G', tname='transfer', transfer_loss='coral', transfer_loss_weight=10.0, use_bottleneck=True, weight_decay=0.0005)
JUST DO IT
run my Parkinson code
transfer
TRAIN Length: 16311 745 TEST Length: 1867 383
YYY: 0 3
DATA_PROFILE   train: 16311 train2: 1867 test: 1867
DATASET.SHAPE: <data_loader.GetTrainLoader object at 0x7f2ab2a47850> True
DATASET.SHAPE: <data_loader.GetTrainLoader object at 0x7f2abac06880> True
DATASET.SHAPE: <data_loader.GetTestLoader object at 0x7f2ab2ac1430> False
CLASS: 4 383
LLL: {}
BOTTLENECK_LIST: [Linear(in_features=512, out_features=256, bias=True), ReLU()]
TYPE: {'loss_type': 'coral', 'max_iter': 20000, 'num_class': 4, 'my_person_item': <my_person_item.PersonItem object at 0x7f2abac01e20>}
initial_lr 1.0
transfer_world
method False <class 'str'>
1.8.1+cu111
True
LEN: 0 0
LOADER: <data_loader.InfiniteDataLoader object at 0x7f2abac06190> <data_loader.InfiniteDataLoader object at 0x7f2ab2ac18b0>
N_batch: 100
trian begin
trian end
n_person 383
SAMPLE
F1_MI: 0.06266738082485271 F1_MA: 0.1805061808401947 ACC_MI: 0.06266738082485271 F1_MA: 0.20968377080255532
BEST_F1_MI: 0.06266738082485271 BEST_F1_MA: 0.1805061808401947 BEST_ACC_MI: 0.06266738082485271 BEST_F1_MA: 0.20968377080255532
[[ 100    0  147 1488]
 [   9    0   21   11]
 [  12    0    7   51]
 [   5    0    6   10]]
Epoch: [ 1/200], cls_loss: 0.9992, transfer_loss: 0.0009,person_loss: 0.0000, total_Loss: 1.0083
trian begin
trian end
n_person 383
SAMPLE
F1_MI: 0.6448848419925013 F1_MA: 0.2699932341790074 ACC_MI: 0.6448848419925013 F1_MA: 0.26347175051807503
BEST_F1_MI: 0.6448848419925013 BEST_F1_MA: 0.2699932341790074 BEST_ACC_MI: 0.6448848419925013 BEST_F1_MA: 0.26347175051807503
[[1186    0  510   39]
 [   9    0   24    8]
 [  13    0   13   44]
 [   4    0   12    5]]
Epoch: [ 2/200], cls_loss: 0.8709, transfer_loss: 0.0005,person_loss: 0.0000, total_Loss: 0.8762
trian begin
trian end
n_person 383
SAMPLE
F1_MI: 0.06052490626673808 F1_MA: 0.17877586317815347 ACC_MI: 0.06052490626673808 F1_MA: 0.22117590474309434
BEST_F1_MI: 0.6448848419925013 BEST_F1_MA: 0.2699932341790074 BEST_ACC_MI: 0.6448848419925013 BEST_F1_MA: 0.26347175051807503
[[ 91   0 740 904]
 [ 10   0  21  10]
 [  4   0  15  51]
 [  1   0  13   7]]
Epoch: [ 3/200], cls_loss: 0.8316, transfer_loss: 0.0004,person_loss: 0.0000, total_Loss: 0.8360
trian begin
trian end
n_person 383
SAMPLE
F1_MI: 0.9051955008034279 F1_MA: 0.27785726108911096 ACC_MI: 0.9051955008034279 F1_MA: 0.27181535569693466
BEST_F1_MI: 0.9051955008034279 BEST_F1_MA: 0.27785726108911096 BEST_ACC_MI: 0.9051955008034279 BEST_F1_MA: 0.27181535569693466
[[1683    0   45    7]
 [  34    0    6    1]
 [  33    0    5   32]
 [  18    0    1    2]]
Epoch: [ 4/200], cls_loss: 0.7934, transfer_loss: 0.0006,person_loss: 0.0000, total_Loss: 0.7992
trian begin
trian end
n_person 383
SAMPLE
F1_MI: 0.32886984467059455 F1_MA: 0.2088986346061824 ACC_MI: 0.32886984467059455 F1_MA: 0.24072239488906155
BEST_F1_MI: 0.9051955008034279 BEST_F1_MA: 0.27785726108911096 BEST_ACC_MI: 0.9051955008034279 BEST_F1_MA: 0.27181535569693466
[[ 603    0 1044   88]
 [  27    0    5    9]
 [  16    0    4   50]
 [  14    0    0    7]]
Epoch: [ 5/200], cls_loss: 0.7628, transfer_loss: 0.0005,person_loss: 0.0000, total_Loss: 0.7673
trian begin
trian end
n_person 383
SAMPLE
F1_MI: 0.8639528655597215 F1_MA: 0.34858525653820127 ACC_MI: 0.8639528655597215 F1_MA: 0.3376000062687573
BEST_F1_MI: 0.9051955008034279 BEST_F1_MA: 0.34858525653820127 BEST_ACC_MI: 0.9051955008034279 BEST_F1_MA: 0.3376000062687573
[[1600    0    5  130]
 [  25    0    1   15]
 [  16    0    3   51]
 [  11    0    0   10]]
Epoch: [ 6/200], cls_loss: 0.7132, transfer_loss: 0.0004,person_loss: 0.0000, total_Loss: 0.7176
trian begin
trian end
n_person 383
SAMPLE
F1_MI: 0.824317086234601 F1_MA: 0.34849243286600573 ACC_MI: 0.824317086234601 F1_MA: 0.3168147412591332
BEST_F1_MI: 0.9051955008034279 BEST_F1_MA: 0.34858525653820127 BEST_ACC_MI: 0.9051955008034279 BEST_F1_MA: 0.3376000062687573
[[1509   43  170   13]
 [  22    5   13    1]
 [  15    2   19   34]
 [   9    4    2    6]]
Epoch: [ 7/200], cls_loss: 0.7088, transfer_loss: 0.0004,person_loss: 0.0000, total_Loss: 0.7124
trian begin
trian end
n_person 383
SAMPLE
F1_MI: 0.1339046598821639 F1_MA: 0.21817752098414198 ACC_MI: 0.1339046598821639 F1_MA: 0.22472371661950477
BEST_F1_MI: 0.9051955008034279 BEST_F1_MA: 0.34858525653820127 BEST_ACC_MI: 0.9051955008034279 BEST_F1_MA: 0.3376000062687573
[[ 231  167  238 1099]
 [  19    1    6   15]
 [  11    2    5   52]
 [   7    1    0   13]]
Epoch: [ 8/200], cls_loss: 0.7357, transfer_loss: 0.0003,person_loss: 0.0000, total_Loss: 0.7387
trian begin
trian end
n_person 383
SAMPLE
F1_MI: 0.7728976968398501 F1_MA: 0.38130740047680245 ACC_MI: 0.77289769683985 F1_MA: 0.3304975090401434
BEST_F1_MI: 0.9051955008034279 BEST_F1_MA: 0.38130740047680245 BEST_ACC_MI: 0.9051955008034279 BEST_F1_MA: 0.3376000062687573
[[1417  127    6  185]
 [  10    8    1   22]
 [   7    5    2   56]
 [   3    2    0   16]]
Epoch: [ 9/200], cls_loss: 0.6899, transfer_loss: 0.0003,person_loss: 0.0000, total_Loss: 0.6927
trian begin
trian end
n_person 383
SAMPLE
F1_MI: 0.3476164970540975 F1_MA: 0.25150712147723175 ACC_MI: 0.3476164970540975 F1_MA: 0.27589889871472983
BEST_F1_MI: 0.9051955008034279 BEST_F1_MA: 0.38130740047680245 BEST_ACC_MI: 0.9051955008034279 BEST_F1_MA: 0.3376000062687573
[[ 632   54 1022   27]
 [  20    5    6   10]
 [  13    5    4   48]
 [   8    3    2    8]]
Epoch: [10/200], cls_loss: 0.6657, transfer_loss: 0.0003,person_loss: 0.0000, total_Loss: 0.6687
trian begin
trian end
n_person 383
SAMPLE
F1_MI: 0.8516336368505624 F1_MA: 0.35600551945862446 ACC_MI: 0.8516336368505624 F1_MA: 0.3264929408492959
BEST_F1_MI: 0.9051955008034279 BEST_F1_MA: 0.38130740047680245 BEST_ACC_MI: 0.9051955008034279 BEST_F1_MA: 0.3376000062687573
[[1568   28  117   22]
 [  18    8    8    7]
 [  15    3    6   46]
 [  10    3    0    8]]
Epoch: [11/200], cls_loss: 0.6419, transfer_loss: 0.0003,person_loss: 0.0000, total_Loss: 0.6448
trian begin
trian end
n_person 383
SAMPLE
F1_MI: 0.09480449919657204 F1_MA: 0.19631554368426213 ACC_MI: 0.09480449919657204 F1_MA: 0.2598955565759306
BEST_F1_MI: 0.9051955008034279 BEST_F1_MA: 0.38130740047680245 BEST_ACC_MI: 0.9051955008034279 BEST_F1_MA: 0.3376000062687573
[[ 155   25 1537   18]
 [  16    6   14    5]
 [  13    3   11   43]
 [   6    7    3    5]]
Epoch: [12/200], cls_loss: 0.6566, transfer_loss: 0.0003,person_loss: 0.0000, total_Loss: 0.6592
trian begin
trian end
n_person 383
SAMPLE
F1_MI: 0.9062667380824853 F1_MA: 0.3564499812696165 ACC_MI: 0.9062667380824853 F1_MA: 0.4156769936890419
BEST_F1_MI: 0.9062667380824853 BEST_F1_MA: 0.38130740047680245 BEST_ACC_MI: 0.9062667380824853 BEST_F1_MA: 0.4156769936890419
[[1678   52    3    2]
 [  31    8    1    1]
 [  23   10    6   31]
 [  11   10    0    0]]
Epoch: [13/200], cls_loss: 0.6620, transfer_loss: 0.0003,person_loss: 0.0000, total_Loss: 0.6655
trian begin
trian end
n_person 383
SAMPLE
F1_MI: 0.14033208355650775 F1_MA: 0.1650062917750727 ACC_MI: 0.14033208355650775 F1_MA: 0.24491765572978882
BEST_F1_MI: 0.9062667380824853 BEST_F1_MA: 0.38130740047680245 BEST_ACC_MI: 0.9062667380824853 BEST_F1_MA: 0.4156769936890419
[[ 246   43 1439    7]
 [  22    6   12    1]
 [  14    9    8   39]
 [  10    8    1    2]]
Epoch: [14/200], cls_loss: 0.6431, transfer_loss: 0.0003,person_loss: 0.0000, total_Loss: 0.6462
trian begin
trian end
n_person 383
SAMPLE
F1_MI: 0.07016604177825388 F1_MA: 0.21647052858449592 ACC_MI: 0.07016604177825388 F1_MA: 0.26381579128018406
BEST_F1_MI: 0.9062667380824853 BEST_F1_MA: 0.38130740047680245 BEST_ACC_MI: 0.9062667380824853 BEST_F1_MA: 0.4156769936890419
[[ 110   49   35 1541]
 [  11    7    4   19]
 [   6    4    5   55]
 [   5    5    2    9]]
Epoch: [15/200], cls_loss: 0.6514, transfer_loss: 0.0003,person_loss: 0.0000, total_Loss: 0.6541
trian begin
trian end
n_person 383
SAMPLE
F1_MI: 0.0819496518478843 F1_MA: 0.16420044120816077 ACC_MI: 0.0819496518478843 F1_MA: 0.23619076131837763
BEST_F1_MI: 0.9062667380824853 BEST_F1_MA: 0.38130740047680245 BEST_ACC_MI: 0.9062667380824853 BEST_F1_MA: 0.4156769936890419
[[ 132   58 1543    2]
 [  14    6   19    2]
 [   9    8   13   40]
 [   6   10    3    2]]
Epoch: [16/200], cls_loss: 0.6087, transfer_loss: 0.0002,person_loss: 0.0000, total_Loss: 0.6108
trian begin
trian end
n_person 383
SAMPLE
F1_MI: 0.07659346545259775 F1_MA: 0.2170488646406546 ACC_MI: 0.07659346545259775 F1_MA: 0.2717490394851406
BEST_F1_MI: 0.9062667380824853 BEST_F1_MA: 0.38130740047680245 BEST_ACC_MI: 0.9062667380824853 BEST_F1_MA: 0.4156769936890419
[[ 117   24 1568   26]
 [   7    5   18   11]
 [   7    2   14   47]
 [   3    8    3    7]]
Epoch: [17/200], cls_loss: 0.5985, transfer_loss: 0.0002,person_loss: 0.0000, total_Loss: 0.6008
trian begin
trian end
n_person 383
SAMPLE
F1_MI: 0.901981788966256 F1_MA: 0.3355974830575938 ACC_MI: 0.901981788966256 F1_MA: 0.30111683921465465
BEST_F1_MI: 0.9062667380824853 BEST_F1_MA: 0.38130740047680245 BEST_ACC_MI: 0.9062667380824853 BEST_F1_MA: 0.4156769936890419
[[1665   60    1    9]
 [  19   15    1    6]
 [  21    6    0   43]
 [   9    8    0    4]]
Epoch: [18/200], cls_loss: 0.6258, transfer_loss: 0.0002,person_loss: 0.0000, total_Loss: 0.6281
trian begin
trian end
n_person 383
SAMPLE
F1_MI: 0.13122656668452062 F1_MA: 0.15053158380263107 ACC_MI: 0.13122656668452062 F1_MA: 0.2380948897544592
BEST_F1_MI: 0.9062667380824853 BEST_F1_MA: 0.38130740047680245 BEST_ACC_MI: 0.9062667380824853 BEST_F1_MA: 0.4156769936890419
[[ 231   24 1467   13]
 [  27    4    7    3]
 [  16    5    8   41]
 [  11    6    2    2]]
Epoch: [19/200], cls_loss: 0.5852, transfer_loss: 0.0002,person_loss: 0.0000, total_Loss: 0.5874
trian begin
trian end
n_person 383
SAMPLE
F1_MI: 0.16336368505623997 F1_MA: 0.15831365165781036 ACC_MI: 0.16336368505623997 F1_MA: 0.23950928732391144
BEST_F1_MI: 0.9062667380824853 BEST_F1_MA: 0.38130740047680245 BEST_ACC_MI: 0.9062667380824853 BEST_F1_MA: 0.4156769936890419
[[ 296   71 1354   14]
 [  23    4    8    6]
 [  19    6    1   44]
 [   9    7    1    4]]
Epoch: [20/200], cls_loss: 0.6279, transfer_loss: 0.0002,person_loss: 0.0000, total_Loss: 0.6299
trian begin
trian end
n_person 383
SAMPLE
F1_MI: 0.8869844670594537 F1_MA: 0.3731850237710669 ACC_MI: 0.8869844670594537 F1_MA: 0.3356111156146555
BEST_F1_MI: 0.9062667380824853 BEST_F1_MA: 0.38130740047680245 BEST_ACC_MI: 0.9062667380824853 BEST_F1_MA: 0.4156769936890419
[[1633   42   28   32]
 [  20   11    3    7]
 [  18    3    3   46]
 [   9    3    0    9]]
Epoch: [21/200], cls_loss: 0.5767, transfer_loss: 0.0003,person_loss: 0.0000, total_Loss: 0.5792
trian begin
trian end
n_person 383
SAMPLE
F1_MI: 0.7686127477236208 F1_MA: 0.36324265672970135 ACC_MI: 0.7686127477236208 F1_MA: 0.30926578610679123
BEST_F1_MI: 0.9062667380824853 BEST_F1_MA: 0.38130740047680245 BEST_ACC_MI: 0.9062667380824853 BEST_F1_MA: 0.4156769936890419
[[1411  138    6  180]
 [   5    7    0   29]
 [   2   11    1   56]
 [   3    2    0   16]]
Epoch: [22/200], cls_loss: 0.5439, transfer_loss: 0.0003,person_loss: 0.0000, total_Loss: 0.5467
trian begin
trian end
n_person 383
SAMPLE
F1_MI: 0.8585966791644349 F1_MA: 0.41853929240917637 ACC_MI: 0.8585966791644349 F1_MA: 0.400807893289329
BEST_F1_MI: 0.9062667380824853 BEST_F1_MA: 0.41853929240917637 BEST_ACC_MI: 0.9062667380824853 BEST_F1_MA: 0.4156769936890419
[[1583   38    1  113]
 [  15    2    1   23]
 [  15    3    2   50]
 [   3    2    0   16]]
Epoch: [23/200], cls_loss: 0.5796, transfer_loss: 0.0002,person_loss: 0.0000, total_Loss: 0.5821
trian begin
trian end
n_person 383
SAMPLE
F1_MI: 0.6786288162828067 F1_MA: 0.35165338602134505 ACC_MI: 0.6786288162828067 F1_MA: 0.28504840067340065
BEST_F1_MI: 0.9062667380824853 BEST_F1_MA: 0.41853929240917637 BEST_ACC_MI: 0.9062667380824853 BEST_F1_MA: 0.4156769936890419
[[1237   99  206  193]
 [   0    6    4   31]
 [   0    4    5   61]
 [   0    1    1   19]]
Epoch: [24/200], cls_loss: 0.5472, transfer_loss: 0.0002,person_loss: 0.0000, total_Loss: 0.5492
trian begin
trian end
n_person 383
SAMPLE
F1_MI: 0.7895018746652382 F1_MA: 0.37262054271286443 ACC_MI: 0.7895018746652384 F1_MA: 0.2973884034179966
BEST_F1_MI: 0.9062667380824853 BEST_F1_MA: 0.41853929240917637 BEST_ACC_MI: 0.9062667380824853 BEST_F1_MA: 0.4156769936890419
[[1444  136   17  138]
 [   6   10    1   24]
 [   2   12    1   55]
 [   2    0    0   19]]
Epoch: [25/200], cls_loss: 0.5816, transfer_loss: 0.0002,person_loss: 0.0000, total_Loss: 0.5836
trian begin
trian end
n_person 383
SAMPLE
F1_MI: 0.9255490091055167 F1_MA: 0.264057617961011 ACC_MI: 0.9255490091055169 F1_MA: 0.25611141403126136
BEST_F1_MI: 0.9255490091055167 BEST_F1_MA: 0.41853929240917637 BEST_ACC_MI: 0.9255490091055169 BEST_F1_MA: 0.4156769936890419
[[1726    7    0    2]
 [  40    0    0    1]
 [  49    2    0   19]
 [  19    0    0    2]]
Epoch: [26/200], cls_loss: 0.5495, transfer_loss: 0.0002,person_loss: 0.0000, total_Loss: 0.5520
trian begin
trian end
n_person 383
SAMPLE
F1_MI: 0.6727370112479915 F1_MA: 0.3364176852017601 ACC_MI: 0.6727370112479915 F1_MA: 0.28068475952898564
BEST_F1_MI: 0.9255490091055167 BEST_F1_MA: 0.41853929240917637 BEST_ACC_MI: 0.9255490091055169 BEST_F1_MA: 0.4156769936890419
[[1234  107   10  384]
 [   5    2    2   32]
 [   6    3    1   60]
 [   2    0    0   19]]
Epoch: [27/200], cls_loss: 0.5409, transfer_loss: 0.0003,person_loss: 0.0000, total_Loss: 0.5436
trian begin
trian end
n_person 383
SAMPLE
F1_MI: 0.7145152651312265 F1_MA: 0.3392894407549674 ACC_MI: 0.7145152651312265 F1_MA: 0.2822601372959405
BEST_F1_MI: 0.9255490091055167 BEST_F1_MA: 0.41853929240917637 BEST_ACC_MI: 0.9255490091055169 BEST_F1_MA: 0.4156769936890419
[[1312  112   14  297]
 [   1    3    1   36]
 [   0    4    1   65]
 [   1    2    0   18]]
Epoch: [28/200], cls_loss: 0.5031, transfer_loss: 0.0003,person_loss: 0.0000, total_Loss: 0.5062
trian begin
trian end
n_person 383
SAMPLE
F1_MI: 0.922335297268345 F1_MA: 0.26736146653927384 ACC_MI: 0.922335297268345 F1_MA: 0.26875
BEST_F1_MI: 0.9255490091055167 BEST_F1_MA: 0.41853929240917637 BEST_ACC_MI: 0.9255490091055169 BEST_F1_MA: 0.4156769936890419
[[1719   14    0    2]
 [  37    3    0    1]
 [  29    2    0   39]
 [  15    6    0    0]]
Epoch: [29/200], cls_loss: 0.5366, transfer_loss: 0.0002,person_loss: 0.0000, total_Loss: 0.5386
trian begin
trian end
n_person 383
SAMPLE
F1_MI: 0.12104981253347616 F1_MA: 0.16873535300035117 ACC_MI: 0.12104981253347616 F1_MA: 0.21909107833933444
BEST_F1_MI: 0.9255490091055167 BEST_F1_MA: 0.41853929240917637 BEST_ACC_MI: 0.9255490091055169 BEST_F1_MA: 0.4156769936890419
[[ 208 1490   37    0]
 [  18   17    5    1]
 [  12   26    1   31]
 [   9   12    0    0]]
Epoch: [30/200], cls_loss: 0.5328, transfer_loss: 0.0002,person_loss: 0.0000, total_Loss: 0.5346
trian begin
trian end
n_person 383
SAMPLE
F1_MI: 0.07391537225495447 F1_MA: 0.22884954361096566 ACC_MI: 0.07391537225495447 F1_MA: 0.2314000468880203
BEST_F1_MI: 0.9255490091055167 BEST_F1_MA: 0.41853929240917637 BEST_ACC_MI: 0.9255490091055169 BEST_F1_MA: 0.4156769936890419
[[ 116  177   25 1417]
 [   9    9    4   19]
 [   6    9    0   55]
 [   2    6    0   13]]
Epoch: [31/200], cls_loss: 0.5377, transfer_loss: 0.0002,person_loss: 0.0000, total_Loss: 0.5397
trian begin
trian end
n_person 383
SAMPLE
F1_MI: 0.9217996786288163 F1_MA: 0.28667738324355885 ACC_MI: 0.9217996786288163 F1_MA: 0.28986694165704435
BEST_F1_MI: 0.9255490091055167 BEST_F1_MA: 0.41853929240917637 BEST_ACC_MI: 0.9255490091055169 BEST_F1_MA: 0.4156769936890419
[[1716   12    3    4]
 [  35    4    1    1]
 [  27    6    0   37]
 [  20    0    0    1]]
Epoch: [32/200], cls_loss: 0.4995, transfer_loss: 0.0002,person_loss: 0.0000, total_Loss: 0.5020
trian begin
trian end
n_person 383
SAMPLE
F1_MI: 0.9003749330476701 F1_MA: 0.30178552340381787 ACC_MI: 0.90037493304767 F1_MA: 0.28156967827830864
BEST_F1_MI: 0.9255490091055167 BEST_F1_MA: 0.41853929240917637 BEST_ACC_MI: 0.9255490091055169 BEST_F1_MA: 0.4156769936890419
[[1670   55    2    8]
 [  30    8    1    2]
 [  23    3    0   44]
 [  12    6    0    3]]
Epoch: [33/200], cls_loss: 0.4908, transfer_loss: 0.0002,person_loss: 0.0000, total_Loss: 0.4931
trian begin
trian end
n_person 383
SAMPLE
F1_MI: 0.04499196572040707 F1_MA: 0.20462070317854134 ACC_MI: 0.04499196572040707 F1_MA: 0.20136525302641337
BEST_F1_MI: 0.9255490091055167 BEST_F1_MA: 0.41853929240917637 BEST_ACC_MI: 0.9255490091055169 BEST_F1_MA: 0.4156769936890419
[[  55 1438    6  236]
 [  10   25    1    5]
 [   4   30    0   36]
 [   2   15    0    4]]
Epoch: [34/200], cls_loss: 0.5266, transfer_loss: 0.0002,person_loss: 0.0000, total_Loss: 0.5286
trian begin
trian end
n_person 383
SAMPLE
F1_MI: 0.8971612212104981 F1_MA: 0.27694112038905067 ACC_MI: 0.8971612212104981 F1_MA: 0.2659872459304344
BEST_F1_MI: 0.9255490091055167 BEST_F1_MA: 0.41853929240917637 BEST_ACC_MI: 0.9255490091055169 BEST_F1_MA: 0.4156769936890419
[[1668   55    2   10]
 [  31    6    1    3]
 [  20    3    0   47]
 [  13    7    0    1]]
Epoch: [35/200], cls_loss: 0.5135, transfer_loss: 0.0002,person_loss: 0.0000, total_Loss: 0.5157
trian begin
trian end
n_person 383
SAMPLE
F1_MI: 0.7032672737011249 F1_MA: 0.350597185950065 ACC_MI: 0.7032672737011249 F1_MA: 0.29992901817351364
BEST_F1_MI: 0.9255490091055167 BEST_F1_MA: 0.41853929240917637 BEST_ACC_MI: 0.9255490091055169 BEST_F1_MA: 0.4156769936890419
[[1281  162   40  252]
 [   4   19    3   15]
 [   5    8    4   53]
 [   1   11    0    9]]
Epoch: [36/200], cls_loss: 0.4930, transfer_loss: 0.0002,person_loss: 0.0000, total_Loss: 0.4949
trian begin
trian end
n_person 383
SAMPLE
F1_MI: 0.8757364756293519 F1_MA: 0.27777404171793685 ACC_MI: 0.8757364756293519 F1_MA: 0.2756135512840637
BEST_F1_MI: 0.9255490091055167 BEST_F1_MA: 0.41853929240917637 BEST_ACC_MI: 0.9255490091055169 BEST_F1_MA: 0.4156769936890419
[[1625   51   59    0]
 [  32    4    4    1]
 [  19   12    6   33]
 [  16    4    1    0]]
Epoch: [37/200], cls_loss: 0.4758, transfer_loss: 0.0002,person_loss: 0.0000, total_Loss: 0.4777
trian begin
trian end
n_person 383
SAMPLE
F1_MI: 0.8286020353508301 F1_MA: 0.3322901400174538 ACC_MI: 0.8286020353508302 F1_MA: 0.30038974987843403
BEST_F1_MI: 0.9255490091055167 BEST_F1_MA: 0.41853929240917637 BEST_ACC_MI: 0.9255490091055169 BEST_F1_MA: 0.4156769936890419
[[1527  148   17   43]
 [  18   12    1   10]
 [   8   10    2   50]
 [   6    9    0    6]]
Epoch: [38/200], cls_loss: 0.4881, transfer_loss: 0.0002,person_loss: 0.0000, total_Loss: 0.4900
trian begin
trian end
n_person 383
SAMPLE
F1_MI: 0.12587038028923406 F1_MA: 0.18130921684208662 ACC_MI: 0.12587038028923406 F1_MA: 0.2425268505079826
BEST_F1_MI: 0.9255490091055167 BEST_F1_MA: 0.41853929240917637 BEST_ACC_MI: 0.9255490091055169 BEST_F1_MA: 0.4156769936890419
[[ 219 1464   44    8]
 [  24    9    5    3]
 [  17   15    3   35]
 [   5   12    0    4]]
Epoch: [39/200], cls_loss: 0.4688, transfer_loss: 0.0002,person_loss: 0.0000, total_Loss: 0.4711
trian begin
trian end
n_person 383
SAMPLE
F1_MI: 0.047670058918050345 F1_MA: 0.23089301474526594 ACC_MI: 0.047670058918050345 F1_MA: 0.2393491401814266
BEST_F1_MI: 0.9255490091055167 BEST_F1_MA: 0.41853929240917637 BEST_ACC_MI: 0.9255490091055169 BEST_F1_MA: 0.4156769936890419
[[  64  148   19 1504]
 [   5   13    1   22]
 [   6    8    1   55]
 [   2    7    1   11]]
Epoch: [40/200], cls_loss: 0.4736, transfer_loss: 0.0002,person_loss: 0.0000, total_Loss: 0.4754
trian begin
trian end
n_person 383
SAMPLE
F1_MI: 0.6191751472951259 F1_MA: 0.3108776439083269 ACC_MI: 0.6191751472951259 F1_MA: 0.2722226267435449
BEST_F1_MI: 0.9255490091055167 BEST_F1_MA: 0.41853929240917637 BEST_ACC_MI: 0.9255490091055169 BEST_F1_MA: 0.4156769936890419
[[1133  299  218   85]
 [  10   10    3   18]
 [   8   11    2   49]
 [   3    6    1   11]]
Epoch: [41/200], cls_loss: 0.4694, transfer_loss: 0.0002,person_loss: 0.0000, total_Loss: 0.4715
trian begin
trian end
n_person 383
SAMPLE
F1_MI: 0.7970005356186396 F1_MA: 0.35225682241056194 ACC_MI: 0.7970005356186395 F1_MA: 0.2965716186350828
BEST_F1_MI: 0.9255490091055167 BEST_F1_MA: 0.41853929240917637 BEST_ACC_MI: 0.9255490091055169 BEST_F1_MA: 0.4156769936890419
[[1463  100   27  145]
 [   7   10    4   20]
 [   7    9    2   52]
 [   3    5    0   13]]
Epoch: [42/200], cls_loss: 0.4367, transfer_loss: 0.0002,person_loss: 0.0000, total_Loss: 0.4388
trian begin
trian end
n_person 383
SAMPLE
F1_MI: 0.06534547402249598 F1_MA: 0.2552050126259024 ACC_MI: 0.06534547402249598 F1_MA: 0.25707530918930854
BEST_F1_MI: 0.9255490091055167 BEST_F1_MA: 0.41853929240917637 BEST_ACC_MI: 0.9255490091055169 BEST_F1_MA: 0.4156769936890419
[[  86 1612   27   10]
 [   7   28    3    3]
 [   6   24    3   37]
 [   4   10    2    5]]
Epoch: [43/200], cls_loss: 0.4862, transfer_loss: 0.0002,person_loss: 0.0000, total_Loss: 0.4882
trian begin
trian end
n_person 383
SAMPLE
F1_MI: 0.04713444027852169 F1_MA: 0.23392185592865417 ACC_MI: 0.04713444027852169 F1_MA: 0.23454886635540972
BEST_F1_MI: 0.9255490091055167 BEST_F1_MA: 0.41853929240917637 BEST_ACC_MI: 0.9255490091055169 BEST_F1_MA: 0.4156769936890419
[[  59  352   29 1295]
 [   7   15    3   16]
 [   7   11    4   48]
 [   2    7    2   10]]
Epoch: [44/200], cls_loss: 0.4797, transfer_loss: 0.0002,person_loss: 0.0000, total_Loss: 0.4815
trian begin
trian end
n_person 383
SAMPLE
F1_MI: 0.6400642742367434 F1_MA: 0.31788398388122147 ACC_MI: 0.6400642742367434 F1_MA: 0.31252460504520485
BEST_F1_MI: 0.9255490091055167 BEST_F1_MA: 0.41853929240917637 BEST_ACC_MI: 0.9255490091055169 BEST_F1_MA: 0.4156769936890419
[[1176  149    3  407]
 [  16   11    1   13]
 [  12    5    1   52]
 [   6    8    0    7]]
Epoch: [45/200], cls_loss: 0.4542, transfer_loss: 0.0002,person_loss: 0.0000, total_Loss: 0.4560
trian begin
trian end
n_person 383
SAMPLE
F1_MI: 0.11301553294054634 F1_MA: 0.2422120341489787 ACC_MI: 0.11301553294054634 F1_MA: 0.24684368939883644
BEST_F1_MI: 0.9255490091055167 BEST_F1_MA: 0.41853929240917637 BEST_ACC_MI: 0.9255490091055169 BEST_F1_MA: 0.4156769936890419
[[ 183 1511    2   39]
 [   9   21    2    9]
 [   9   25    0   36]
 [   3   11    0    7]]
Epoch: [46/200], cls_loss: 0.4652, transfer_loss: 0.0002,person_loss: 0.0000, total_Loss: 0.4669
trian begin
trian end
n_person 383
SAMPLE
F1_MI: 0.06963042313872522 F1_MA: 0.18744054922888026 ACC_MI: 0.06963042313872522 F1_MA: 0.23176284957791557
BEST_F1_MI: 0.9255490091055167 BEST_F1_MA: 0.41853929240917637 BEST_ACC_MI: 0.9255490091055169 BEST_F1_MA: 0.4156769936890419
[[ 104  110 1511   10]
 [  13   13   10    5]
 [   9   10   11   40]
 [   5   10    4    2]]
Epoch: [47/200], cls_loss: 0.4684, transfer_loss: 0.0002,person_loss: 0.0000, total_Loss: 0.4702
trian begin
trian end
n_person 383
SAMPLE
F1_MI: 0.03267273701124799 F1_MA: 0.2607732325501193 ACC_MI: 0.03267273701124799 F1_MA: 0.23749902641988974
BEST_F1_MI: 0.9255490091055167 BEST_F1_MA: 0.41853929240917637 BEST_ACC_MI: 0.9255490091055169 BEST_F1_MA: 0.4156769936890419
[[  33  119   23 1560]
 [   2    7    1   31]
 [   3    9    1   57]
 [   1    0    0   20]]
Epoch: [48/200], cls_loss: 0.4594, transfer_loss: 0.0002,person_loss: 0.0000, total_Loss: 0.4610
trian begin
trian end
n_person 383
SAMPLE
F1_MI: 0.02088912694161757 F1_MA: 0.25252001427999116 ACC_MI: 0.02088912694161757 F1_MA: 0.243597738970164
BEST_F1_MI: 0.9255490091055167 BEST_F1_MA: 0.41853929240917637 BEST_ACC_MI: 0.9255490091055169 BEST_F1_MA: 0.4156769936890419
[[  15  110   16 1594]
 [   0    3    1   37]
 [   1    8    1   60]
 [   1    0    0   20]]
Epoch: [49/200], cls_loss: 0.4428, transfer_loss: 0.0002,person_loss: 0.0000, total_Loss: 0.4445
trian begin
trian end
n_person 383
SAMPLE
F1_MI: 0.8200321371183718 F1_MA: 0.3432874336686437 ACC_MI: 0.8200321371183718 F1_MA: 0.30422165035153764
BEST_F1_MI: 0.9255490091055167 BEST_F1_MA: 0.41853929240917637 BEST_ACC_MI: 0.9255490091055169 BEST_F1_MA: 0.4156769936890419
[[1503  212   18    2]
 [  11   24    1    5]
 [  11   28    2   29]
 [   4   15    0    2]]
Epoch: [50/200], cls_loss: 0.4454, transfer_loss: 0.0002,person_loss: 0.0000, total_Loss: 0.4473
trian begin
trian end
n_person 383
SAMPLE
F1_MI: 0.8875200856989823 F1_MA: 0.3340122646634688 ACC_MI: 0.8875200856989823 F1_MA: 0.2974842703056055
BEST_F1_MI: 0.9255490091055167 BEST_F1_MA: 0.41853929240917637 BEST_ACC_MI: 0.9255490091055169 BEST_F1_MA: 0.4156769936890419
[[1639   60   11   25]
 [  21   12    1    7]
 [  18    3    0   49]
 [  10    5    0    6]]
Epoch: [51/200], cls_loss: 0.4226, transfer_loss: 0.0002,person_loss: 0.0000, total_Loss: 0.4246
trian begin
trian end
n_person 383
SAMPLE
F1_MI: 0.4156400642742367 F1_MA: 0.2963153380344006 ACC_MI: 0.4156400642742367 F1_MA: 0.2740866664207958
BEST_F1_MI: 0.9255490091055167 BEST_F1_MA: 0.41853929240917637 BEST_ACC_MI: 0.9255490091055169 BEST_F1_MA: 0.4156769936890419
[[753  99  65 818]
 [  4   6   2  29]
 [  3  10   3  54]
 [  2   5   0  14]]
Epoch: [52/200], cls_loss: 0.4075, transfer_loss: 0.0002,person_loss: 0.0000, total_Loss: 0.4099
trian begin
trian end
n_person 383
SAMPLE
F1_MI: 0.922335297268345 F1_MA: 0.28841713304868644 ACC_MI: 0.922335297268345 F1_MA: 0.28183346624136096
BEST_F1_MI: 0.9255490091055167 BEST_F1_MA: 0.41853929240917637 BEST_ACC_MI: 0.9255490091055169 BEST_F1_MA: 0.4156769936890419
[[1717    7    4    7]
 [  37    2    0    2]
 [  28   10    0   32]
 [  18    0    0    3]]
Epoch: [53/200], cls_loss: 0.4550, transfer_loss: 0.0002,person_loss: 0.0000, total_Loss: 0.4571
trian begin
trian end
n_person 383
SAMPLE
F1_MI: 0.03802892340653455 F1_MA: 0.1755277456733686 ACC_MI: 0.03802892340653455 F1_MA: 0.23174171786262415
BEST_F1_MI: 0.9255490091055167 BEST_F1_MA: 0.41853929240917637 BEST_ACC_MI: 0.9255490091055169 BEST_F1_MA: 0.4156769936890419
[[  52   98  178 1407]
 [   4    3   14   20]
 [   2    8    9   51]
 [   3    5    6    7]]
Epoch: [54/200], cls_loss: 0.4367, transfer_loss: 0.0002,person_loss: 0.0000, total_Loss: 0.4388
trian begin
trian end
n_person 383
SAMPLE
F1_MI: 0.080878414568827 F1_MA: 0.23212085569416052 ACC_MI: 0.080878414568827 F1_MA: 0.2664840021916552
BEST_F1_MI: 0.9255490091055167 BEST_F1_MA: 0.41853929240917637 BEST_ACC_MI: 0.9255490091055169 BEST_F1_MA: 0.4156769936890419
[[ 130  145   52 1408]
 [   2    8    2   29]
 [   1   13    2   54]
 [   0   10    0   11]]
Epoch: [55/200], cls_loss: 0.4059, transfer_loss: 0.0002,person_loss: 0.0000, total_Loss: 0.4079
trian begin
trian end
n_person 383
SAMPLE
F1_MI: 0.0192822710230316 F1_MA: 0.19737405766060354 ACC_MI: 0.0192822710230316 F1_MA: 0.22982111160563837
BEST_F1_MI: 0.9255490091055167 BEST_F1_MA: 0.41853929240917637 BEST_ACC_MI: 0.9255490091055169 BEST_F1_MA: 0.4156769936890419
[[  11 1406  278   40]
 [   1   16   10   14]
 [   1   21    4   44]
 [   0   14    2    5]]
Epoch: [56/200], cls_loss: 0.4317, transfer_loss: 0.0002,person_loss: 0.0000, total_Loss: 0.4337
trian begin
trian end
n_person 383
SAMPLE
F1_MI: 0.7086234600964113 F1_MA: 0.3312871110657977 ACC_MI: 0.7086234600964113 F1_MA: 0.29481492690014677
BEST_F1_MI: 0.9255490091055167 BEST_F1_MA: 0.41853929240917637 BEST_ACC_MI: 0.9255490091055169 BEST_F1_MA: 0.4156769936890419
[[1300  128   24  283]
 [   4   10    3   24]
 [   5    9    3   53]
 [   4    6    1   10]]
Epoch: [57/200], cls_loss: 0.4091, transfer_loss: 0.0002,person_loss: 0.0000, total_Loss: 0.4110
trian begin
trian end
n_person 383
SAMPLE
F1_MI: 0.9287627209426889 F1_MA: 0.25360836564087663 ACC_MI: 0.9287627209426889 F1_MA: 0.24607586272010573
BEST_F1_MI: 0.9287627209426889 BEST_F1_MA: 0.41853929240917637 BEST_ACC_MI: 0.9287627209426889 BEST_F1_MA: 0.4156769936890419
[[1733    1    0    1]
 [  40    0    0    1]
 [  49    1    0   20]
 [  20    0    0    1]]
Epoch: [58/200], cls_loss: 0.4198, transfer_loss: 0.0002,person_loss: 0.0000, total_Loss: 0.4218
trian begin
trian end
n_person 383
SAMPLE
F1_MI: 0.9105516871987145 F1_MA: 0.3490484589706988 ACC_MI: 0.9105516871987145 F1_MA: 0.3266362074351765
BEST_F1_MI: 0.9287627209426889 BEST_F1_MA: 0.41853929240917637 BEST_ACC_MI: 0.9287627209426889 BEST_F1_MA: 0.4156769936890419
[[1686   15    8   26]
 [  25    6    1    9]
 [  24    1    0   45]
 [  11    2    0    8]]
Epoch: [59/200], cls_loss: 0.4111, transfer_loss: 0.0002,person_loss: 0.0000, total_Loss: 0.4132
trian begin
trian end
n_person 383
SAMPLE
F1_MI: 0.8821638993036958 F1_MA: 0.3339136872775261 ACC_MI: 0.8821638993036958 F1_MA: 0.29140636399443676
BEST_F1_MI: 0.9287627209426889 BEST_F1_MA: 0.41853929240917637 BEST_ACC_MI: 0.9287627209426889 BEST_F1_MA: 0.4156769936890419
[[1629   75    5   26]
 [  26   10    0    5]
 [  16    9    0   45]
 [   6    7    0    8]]
Epoch: [60/200], cls_loss: 0.4285, transfer_loss: 0.0002,person_loss: 0.0000, total_Loss: 0.4305
trian begin
trian end
n_person 383
SAMPLE
F1_MI: 0.03535083020889127 F1_MA: 0.2296184307016823 ACC_MI: 0.03535083020889127 F1_MA: 0.26939663382516227
BEST_F1_MI: 0.9287627209426889 BEST_F1_MA: 0.41853929240917637 BEST_ACC_MI: 0.9287627209426889 BEST_F1_MA: 0.4156769936890419
[[  37  155 1487   56]
 [   1   13    8   19]
 [   1   19    9   41]
 [   0   10    4    7]]
Epoch: [61/200], cls_loss: 0.3938, transfer_loss: 0.0002,person_loss: 0.0000, total_Loss: 0.3959
trian begin
trian end
n_person 383
SAMPLE
F1_MI: 0.023567220139260846 F1_MA: 0.2188040753782381 ACC_MI: 0.023567220139260846 F1_MA: 0.26289400750553626
BEST_F1_MI: 0.9287627209426889 BEST_F1_MA: 0.41853929240917637 BEST_ACC_MI: 0.9287627209426889 BEST_F1_MA: 0.4156769936890419
[[  18  131 1452  134]
 [   1   10    7   23]
 [   0   11    8   51]
 [   0   10    3    8]]
Epoch: [62/200], cls_loss: 0.3764, transfer_loss: 0.0002,person_loss: 0.0000, total_Loss: 0.3784
trian begin
trian end
n_person 383
SAMPLE
F1_MI: 0.06373861810391002 F1_MA: 0.23217067004509004 ACC_MI: 0.06373861810391002 F1_MA: 0.25443574030178645
BEST_F1_MI: 0.9287627209426889 BEST_F1_MA: 0.41853929240917637 BEST_ACC_MI: 0.9287627209426889 BEST_F1_MA: 0.4156769936890419
[[  92  193 1405   45]
 [   6   18    3   14]
 [   5   24    2   39]
 [   2   10    2    7]]
Epoch: [63/200], cls_loss: 0.4087, transfer_loss: 0.0002,person_loss: 0.0000, total_Loss: 0.4106
trian begin
trian end
n_person 383
SAMPLE
F1_MI: 0.9073379753615426 F1_MA: 0.3021993398625143 ACC_MI: 0.9073379753615426 F1_MA: 0.28544074768301575
BEST_F1_MI: 0.9287627209426889 BEST_F1_MA: 0.41853929240917637 BEST_ACC_MI: 0.9287627209426889 BEST_F1_MA: 0.4156769936890419
[[1684   38    5    8]
 [  30    7    1    3]
 [  19    5    0   46]
 [  13    5    0    3]]
Epoch: [64/200], cls_loss: 0.3931, transfer_loss: 0.0002,person_loss: 0.0000, total_Loss: 0.3953
trian begin
trian end
n_person 383
SAMPLE
F1_MI: 0.9116229244777718 F1_MA: 0.30943327162620937 ACC_MI: 0.9116229244777718 F1_MA: 0.29273267812502435
BEST_F1_MI: 0.9287627209426889 BEST_F1_MA: 0.41853929240917637 BEST_ACC_MI: 0.9287627209426889 BEST_F1_MA: 0.4156769936890419
[[1691   32    4    8]
 [  29    8    1    3]
 [  28   26    0   16]
 [  11    7    0    3]]
Epoch: [65/200], cls_loss: 0.3746, transfer_loss: 0.0002,person_loss: 0.0000, total_Loss: 0.3767
trian begin
trian end
n_person 383
SAMPLE
F1_MI: 0.7562935190144616 F1_MA: 0.32850781735764506 ACC_MI: 0.7562935190144617 F1_MA: 0.28930613291660257
BEST_F1_MI: 0.9287627209426889 BEST_F1_MA: 0.41853929240917637 BEST_ACC_MI: 0.9287627209426889 BEST_F1_MA: 0.4156769936890419
[[1384  283   37   31]
 [  10   22    3    6]
 [   4   16    3   47]
 [   1   16    1    3]]
Epoch: [66/200], cls_loss: 0.3991, transfer_loss: 0.0002,person_loss: 0.0000, total_Loss: 0.4010
trian begin
trian end
n_person 383
SAMPLE
F1_MI: 0.8184252811997857 F1_MA: 0.3201841695479304 ACC_MI: 0.8184252811997857 F1_MA: 0.27654039950570325
BEST_F1_MI: 0.9287627209426889 BEST_F1_MA: 0.41853929240917637 BEST_ACC_MI: 0.9287627209426889 BEST_F1_MA: 0.4156769936890419
[[1506  157    6   66]
 [  14   17    0   10]
 [  11   11    0   48]
 [   4   12    0    5]]
Epoch: [67/200], cls_loss: 0.3738, transfer_loss: 0.0002,person_loss: 0.0000, total_Loss: 0.3758
trian begin
trian end
n_person 383
SAMPLE
F1_MI: 0.8773433315479379 F1_MA: 0.30883054919448166 ACC_MI: 0.8773433315479379 F1_MA: 0.2870994218134771
BEST_F1_MI: 0.9287627209426889 BEST_F1_MA: 0.41853929240917637 BEST_ACC_MI: 0.9287627209426889 BEST_F1_MA: 0.4156769936890419
[[1625   58   36   16]
 [  22    8    3    8]
 [  15   13    1   41]
 [  11    6    0    4]]
Epoch: [68/200], cls_loss: 0.3850, transfer_loss: 0.0002,person_loss: 0.0000, total_Loss: 0.3871
trian begin
trian end
n_person 383
SAMPLE
F1_MI: 0.8885913229780397 F1_MA: 0.33209933586580703 ACC_MI: 0.8885913229780397 F1_MA: 0.3187008525292554
BEST_F1_MI: 0.9287627209426889 BEST_F1_MA: 0.41853929240917637 BEST_ACC_MI: 0.9287627209426889 BEST_F1_MA: 0.4156769936890419
[[1643   62   11   19]
 [  26   11    2    2]
 [  17    6    2   45]
 [  13    5    0    3]]
Epoch: [69/200], cls_loss: 0.3916, transfer_loss: 0.0002,person_loss: 0.0000, total_Loss: 0.3935
trian begin
trian end
n_person 383
SAMPLE
F1_MI: 0.07873594001071238 F1_MA: 0.20240258896328364 ACC_MI: 0.07873594001071238 F1_MA: 0.25422072652291494
BEST_F1_MI: 0.9287627209426889 BEST_F1_MA: 0.41853929240917637 BEST_ACC_MI: 0.9287627209426889 BEST_F1_MA: 0.4156769936890419
[[ 121  101 1499   14]
 [   6   13   13    9]
 [   8   15   10   37]
 [   4   12    2    3]]
Epoch: [70/200], cls_loss: 0.3886, transfer_loss: 0.0002,person_loss: 0.0000, total_Loss: 0.3906
trian begin
trian end
n_person 383
SAMPLE
F1_MI: 0.6989823245848955 F1_MA: 0.3365047478151698 ACC_MI: 0.6989823245848955 F1_MA: 0.3031311304475081
BEST_F1_MI: 0.9287627209426889 BEST_F1_MA: 0.41853929240917637 BEST_ACC_MI: 0.9287627209426889 BEST_F1_MA: 0.4156769936890419
[[1281  163   11  280]
 [   6   13    1   21]
 [   9    8    2   51]
 [   2    9    1    9]]
Epoch: [71/200], cls_loss: 0.3815, transfer_loss: 0.0002,person_loss: 0.0000, total_Loss: 0.3834
trian begin
trian end
n_person 383
SAMPLE
F1_MI: 0.903588644884842 F1_MA: 0.3248185438091626 ACC_MI: 0.903588644884842 F1_MA: 0.3099534161490683
BEST_F1_MI: 0.9287627209426889 BEST_F1_MA: 0.41853929240917637 BEST_ACC_MI: 0.9287627209426889 BEST_F1_MA: 0.4156769936890419
[[1674   27   30    4]
 [  25    8    4    4]
 [  24   11    1   34]
 [  13    4    0    4]]
Epoch: [72/200], cls_loss: 0.3585, transfer_loss: 0.0002,person_loss: 0.0000, total_Loss: 0.3606
trian begin
trian end
n_person 383
SAMPLE
F1_MI: 0.8098553829673273 F1_MA: 0.3297401810155494 ACC_MI: 0.8098553829673273 F1_MA: 0.28701687566195033
BEST_F1_MI: 0.9287627209426889 BEST_F1_MA: 0.41853929240917637 BEST_ACC_MI: 0.9287627209426889 BEST_F1_MA: 0.4156769936890419
[[1487  192   44   12]
 [  11   20    2    8]
 [   6   18    1   45]
 [   2   13    2    4]]
Epoch: [73/200], cls_loss: 0.3859, transfer_loss: 0.0002,person_loss: 0.0000, total_Loss: 0.3880
[[1583   38    1  113]
 [  15    2    1   23]
 [  15    3    2   50]
 [   3    2    0   16]]
[[1583   38    1  113]
 [  15    2    1   23]
 [  15    3    2   50]
 [   3    2    0   16]]
WHAT: False
{'best_f1': 0.41853929240917637, 'best_matrix': [[1583, 38, 1, 113], [15, 2, 1, 23], [15, 3, 2, 50], [3, 2, 0, 16]], 'args': 0.05}
{"best_f1": 0.41853929240917637, "best_matrix": [[1583, 38, 1, 113], [15, 2, 1, 23], [15, 3, 2, 50], [3, 2, 0, 16]], "args": 0.05}
ARG: Namespace(backbone='resnet50', batch_size=32, config='DeepCoral/DeepCoral.yaml', data_dir='data', device=device(type='cuda'), early_stop=50, epoch_based_training=False, lr=0.003, lr_decay=0.75, lr_gamma=0.0003, lr_scheduler=True, max_iter=20000, method='False', momentum=0.9, myweight=0.05, n_class=4, n_epoch=200, n_iter_per_epoch=100, num_workers=3, seed=1, src_domain='45', tgt_domain='63G', tname='transfer', transfer_loss='coral', transfer_loss_weight=10.0, use_bottleneck=True, weight_decay=0.0005)
