twommd 1 45 63G MEDA/MEDA.yaml True
Namespace(backbone='resnet50', batch_size=32, config='MEDA/MEDA.yaml', data_dir='data', device=device(type='cuda'), early_stop=50, epoch_based_training=False, lr=0.003, lr_decay=0.75, lr_gamma=0.0003, lr_scheduler=True, method='True', momentum=0.9, myweight=0.1, n_epoch=200, n_iter_per_epoch=100, num_workers=7, seed=1, src_domain='45', tgt_domain='63G', tname='transfer', transfer_loss='twommd', transfer_loss_weight=0.5, use_bottleneck=True, weight_decay=0.0005)
JUST DO IT
run my Parkinson code
transfer
TRAIN Length: 16311 745 TEST Length: 1867 383
YYY: 0 3
DATA_PROFILE   train: 16311 train2: 1867 test: 1867
DATASET.SHAPE: <data_loader.GetTrainLoader object at 0x7f4283b86850> True
DATASET.SHAPE: <data_loader.GetTrainLoader object at 0x7f428bd46880> True
DATASET.SHAPE: <data_loader.GetTestLoader object at 0x7f42cd130340> False
CLASS: 4 383
LLL: {}
BOTTLENECK_LIST: [Linear(in_features=512, out_features=256, bias=True), ReLU()]
TYPE: {'loss_type': 'twommd', 'max_iter': 20000, 'num_class': 4, 'my_person_item': <my_person_item.PersonItem object at 0x7f42cd130b50>}
initial_lr 1.0
transfer_world
method True <class 'str'>
1.8.1+cu111
True
LEN: 0 0
LOADER: <data_loader.InfiniteDataLoader object at 0x7f428bd46190> <data_loader.InfiniteDataLoader object at 0x7f42cd130a30>
N_batch: 100
trian begin
trian end
n_person 383
SAMPLE
F1_MI: 0.07070166041778254 F1_MA: 0.13963315727301395 ACC_MI: 0.07070166041778254 F1_MA: 0.20741057958676154
BEST_F1_MI: 0.07070166041778254 BEST_F1_MA: 0.13963315727301395 BEST_ACC_MI: 0.07070166041778254 BEST_F1_MA: 0.20741057958676154
[[ 119    0 1544   72]
 [  14    0   17   10]
 [  12    0    8   50]
 [   6    0   10    5]]
Epoch: [ 1/200], cls_loss: 0.9975, transfer_loss: 0.0005,person_loss: -1.8906, total_Loss: 0.8087
trian begin
trian end
n_person 383
SAMPLE
F1_MI: 0.04499196572040707 F1_MA: 0.2128469514207427 ACC_MI: 0.04499196572040707 F1_MA: 0.22002724236976173
BEST_F1_MI: 0.07070166041778254 BEST_F1_MA: 0.2128469514207427 BEST_ACC_MI: 0.07070166041778254 BEST_F1_MA: 0.22002724236976173
[[  59    0 1451  225]
 [   5    0   10   26]
 [   5    0   12   53]
 [   2    0    6   13]]
Epoch: [ 2/200], cls_loss: 0.8346, transfer_loss: 0.0011,person_loss: -1.9256, total_Loss: 0.6426
trian begin
trian end
n_person 383
SAMPLE
F1_MI: 0.8869844670594537 F1_MA: 0.2880858607202752 ACC_MI: 0.8869844670594537 F1_MA: 0.27197673370006314
BEST_F1_MI: 0.8869844670594537 BEST_F1_MA: 0.2880858607202752 BEST_ACC_MI: 0.8869844670594537 BEST_F1_MA: 0.27197673370006314
[[1646    0   69   20]
 [  26    0   10    5]
 [  23    0    6   41]
 [  11    0    6    4]]
Epoch: [ 3/200], cls_loss: 0.7634, transfer_loss: 0.0020,person_loss: -1.9159, total_Loss: 0.5729
trian begin
trian end
n_person 383
SAMPLE
F1_MI: 0.7027316550615962 F1_MA: 0.31025478678812934 ACC_MI: 0.7027316550615962 F1_MA: 0.2720223124085147
BEST_F1_MI: 0.8869844670594537 BEST_F1_MA: 0.31025478678812934 BEST_ACC_MI: 0.8869844670594537 BEST_F1_MA: 0.2720223124085147
[[1293  101  159  182]
 [  11    6    3   21]
 [   5    7    2   56]
 [   5    3    2   11]]
Epoch: [ 4/200], cls_loss: 0.7226, transfer_loss: 0.0027,person_loss: -1.9314, total_Loss: 0.5308
trian begin
trian end
n_person 383
SAMPLE
F1_MI: 0.024638457418318157 F1_MA: 0.21775048109281286 ACC_MI: 0.024638457418318157 F1_MA: 0.20398497966679785
BEST_F1_MI: 0.8869844670594537 BEST_F1_MA: 0.31025478678812934 BEST_ACC_MI: 0.8869844670594537 BEST_F1_MA: 0.2720223124085147
[[  26   39 1084  586]
 [   5    0    4   32]
 [   1    5    1   63]
 [   1    1    0   19]]
Epoch: [ 5/200], cls_loss: 0.7068, transfer_loss: 0.0040,person_loss: -1.9394, total_Loss: 0.5148
trian begin
trian end
n_person 383
SAMPLE
F1_MI: 0.8061060524906267 F1_MA: 0.35141397976517863 ACC_MI: 0.8061060524906267 F1_MA: 0.3012830727233742
BEST_F1_MI: 0.8869844670594537 BEST_F1_MA: 0.35141397976517863 BEST_ACC_MI: 0.8869844670594537 BEST_F1_MA: 0.3012830727233742
[[1483   98   20  134]
 [  14    5    3   19]
 [  12    3    3   52]
 [   5    2    0   14]]
Epoch: [ 6/200], cls_loss: 0.6731, transfer_loss: 0.0043,person_loss: -1.9442, total_Loss: 0.4808
trian begin
trian end
n_person 383
SAMPLE
F1_MI: 0.9116229244777718 F1_MA: 0.30292847664578393 ACC_MI: 0.9116229244777718 F1_MA: 0.28594642275778936
BEST_F1_MI: 0.9116229244777718 BEST_F1_MA: 0.35141397976517863 BEST_ACC_MI: 0.9116229244777718 BEST_F1_MA: 0.3012830727233742
[[1693   28    1   13]
 [  33    5    1    2]
 [  25    4    0   41]
 [  11    6    0    4]]
Epoch: [ 7/200], cls_loss: 0.6555, transfer_loss: 0.0053,person_loss: -1.9493, total_Loss: 0.4632
trian begin
trian end
n_person 383
SAMPLE
F1_MI: 0.08409212640599893 F1_MA: 0.19218613514407895 ACC_MI: 0.08409212640599893 F1_MA: 0.24220365487855108
BEST_F1_MI: 0.9116229244777718 BEST_F1_MA: 0.35141397976517863 BEST_ACC_MI: 0.9116229244777718 BEST_F1_MA: 0.3012830727233742
[[ 134   86 1509    6]
 [  15   13   10    3]
 [  13    7    7   43]
 [   6   10    2    3]]
Epoch: [ 8/200], cls_loss: 0.6455, transfer_loss: 0.0060,person_loss: -1.9506, total_Loss: 0.4534
trian begin
trian end
n_person 383
SAMPLE
F1_MI: 0.054097482592394205 F1_MA: 0.22857669858599827 ACC_MI: 0.05409748259239421 F1_MA: 0.24945081356185125
BEST_F1_MI: 0.9116229244777718 BEST_F1_MA: 0.35141397976517863 BEST_ACC_MI: 0.9116229244777718 BEST_F1_MA: 0.3012830727233742
[[  72  115 1521   27]
 [   8   12   14    7]
 [   6    8    9   47]
 [   2    8    3    8]]
Epoch: [ 9/200], cls_loss: 0.6484, transfer_loss: 0.0078,person_loss: -1.9564, total_Loss: 0.4567
trian begin
trian end
n_person 383
SAMPLE
F1_MI: 0.07177289769683985 F1_MA: 0.2395630565895856 ACC_MI: 0.07177289769683985 F1_MA: 0.25610164146724657
BEST_F1_MI: 0.9116229244777718 BEST_F1_MA: 0.35141397976517863 BEST_ACC_MI: 0.9116229244777718 BEST_F1_MA: 0.3012830727233742
[[ 105 1420   14  196]
 [  11   19    1   10]
 [   5   13    3   49]
 [   6    7    1    7]]
Epoch: [10/200], cls_loss: 0.6392, transfer_loss: 0.0089,person_loss: -1.9556, total_Loss: 0.4481
trian begin
trian end
n_person 383
SAMPLE
F1_MI: 0.06588109266202463 F1_MA: 0.25098958784514885 ACC_MI: 0.06588109266202463 F1_MA: 0.26208991934177295
BEST_F1_MI: 0.9116229244777718 BEST_F1_MA: 0.35141397976517863 BEST_ACC_MI: 0.9116229244777718 BEST_F1_MA: 0.3012830727233742
[[  84   80 1531   40]
 [   5    9   20    7]
 [   7    7   22   34]
 [   2    7    4    8]]
Epoch: [11/200], cls_loss: 0.6159, transfer_loss: 0.0089,person_loss: -1.9427, total_Loss: 0.4261
trian begin
trian end
n_person 383
SAMPLE
F1_MI: 0.03963577932512052 F1_MA: 0.24918569626461856 ACC_MI: 0.03963577932512052 F1_MA: 0.24863151078682208
BEST_F1_MI: 0.9116229244777718 BEST_F1_MA: 0.35141397976517863 BEST_ACC_MI: 0.9116229244777718 BEST_F1_MA: 0.3012830727233742
[[  50   48   14 1623]
 [   5    6    0   30]
 [   2    7    1   60]
 [   4    0    0   17]]
Epoch: [12/200], cls_loss: 0.6196, transfer_loss: 0.0113,person_loss: -1.9585, total_Loss: 0.4294
trian begin
trian end
n_person 383
SAMPLE
F1_MI: 0.08784145688269952 F1_MA: 0.2203191913266124 ACC_MI: 0.08784145688269952 F1_MA: 0.25091271242356733
BEST_F1_MI: 0.9116229244777718 BEST_F1_MA: 0.35141397976517863 BEST_ACC_MI: 0.9116229244777718 BEST_F1_MA: 0.3012830727233742
[[ 129   73 1526    7]
 [  13   11   15    2]
 [  12    4   21   33]
 [   5   10    3    3]]
Epoch: [13/200], cls_loss: 0.5934, transfer_loss: 0.0122,person_loss: -1.9527, total_Loss: 0.4042
trian begin
trian end
n_person 383
SAMPLE
F1_MI: 0.8543117300482057 F1_MA: 0.30601208390746437 ACC_MI: 0.8543117300482057 F1_MA: 0.26646660357785124
BEST_F1_MI: 0.9116229244777718 BEST_F1_MA: 0.35141397976517863 BEST_ACC_MI: 0.9116229244777718 BEST_F1_MA: 0.3012830727233742
[[1583   42    1  109]
 [  22    2    0   17]
 [  15    2    0   53]
 [   7    4    0   10]]
Epoch: [14/200], cls_loss: 0.5710, transfer_loss: 0.0133,person_loss: -1.9503, total_Loss: 0.3826
trian begin
trian end
n_person 383
SAMPLE
F1_MI: 0.05249062667380825 F1_MA: 0.1671541363226831 ACC_MI: 0.05249062667380825 F1_MA: 0.23750757966713973
BEST_F1_MI: 0.9116229244777718 BEST_F1_MA: 0.35141397976517863 BEST_ACC_MI: 0.9116229244777718 BEST_F1_MA: 0.3012830727233742
[[  74   26 1631    4]
 [   9    3   28    1]
 [   6   14   18   32]
 [   3    7    8    3]]
Epoch: [15/200], cls_loss: 0.5824, transfer_loss: 0.0140,person_loss: -1.9549, total_Loss: 0.3939
trian begin
trian end
n_person 383
SAMPLE
F1_MI: 0.8843063738618104 F1_MA: 0.2886020352425552 ACC_MI: 0.8843063738618104 F1_MA: 0.27103311671838104
BEST_F1_MI: 0.9116229244777718 BEST_F1_MA: 0.35141397976517863 BEST_ACC_MI: 0.9116229244777718 BEST_F1_MA: 0.3012830727233742
[[1644   23   34   34]
 [  31    2    1    7]
 [  22    1    0   47]
 [  13    3    0    5]]
Epoch: [16/200], cls_loss: 0.5438, transfer_loss: 0.0125,person_loss: -1.9505, total_Loss: 0.3550
trian begin
trian end
n_person 383
SAMPLE
F1_MI: 0.884841992501339 F1_MA: 0.3156276363083471 ACC_MI: 0.884841992501339 F1_MA: 0.30558100973260616
BEST_F1_MI: 0.9116229244777718 BEST_F1_MA: 0.35141397976517863 BEST_ACC_MI: 0.9116229244777718 BEST_F1_MA: 0.30558100973260616
[[1635   11   81    8]
 [  25    2   11    3]
 [  18   16   12   24]
 [  10    1    7    3]]
Epoch: [17/200], cls_loss: 0.4955, transfer_loss: 0.0151,person_loss: -1.9515, total_Loss: 0.3079
trian begin
trian end
n_person 383
SAMPLE
F1_MI: 0.11194429566148902 F1_MA: 0.17058749032997667 ACC_MI: 0.11194429566148902 F1_MA: 0.2323190604284122
BEST_F1_MI: 0.9116229244777718 BEST_F1_MA: 0.35141397976517863 BEST_ACC_MI: 0.9116229244777718 BEST_F1_MA: 0.30558100973260616
[[ 196   57 1463   19]
 [  24    4    6    7]
 [  19    4    3   44]
 [   9    4    2    6]]
Epoch: [18/200], cls_loss: 0.5322, transfer_loss: 0.0147,person_loss: -1.9537, total_Loss: 0.3442
trian begin
trian end
n_person 383
SAMPLE
F1_MI: 0.9164434922335297 F1_MA: 0.2698374753816111 ACC_MI: 0.9164434922335297 F1_MA: 0.2720266431203931
BEST_F1_MI: 0.9164434922335297 BEST_F1_MA: 0.35141397976517863 BEST_ACC_MI: 0.9164434922335297 BEST_F1_MA: 0.30558100973260616
[[1708   13   13    1]
 [  40    1    0    0]
 [  27    7    1   35]
 [  17    1    2    1]]
Epoch: [19/200], cls_loss: 0.4982, transfer_loss: 0.0171,person_loss: -1.9526, total_Loss: 0.3115
trian begin
trian end
n_person 383
SAMPLE
F1_MI: 0.9126941617568292 F1_MA: 0.2919459613443397 ACC_MI: 0.9126941617568292 F1_MA: 0.280400720823256
BEST_F1_MI: 0.9164434922335297 BEST_F1_MA: 0.35141397976517863 BEST_ACC_MI: 0.9164434922335297 BEST_F1_MA: 0.30558100973260616
[[1698   14   19    4]
 [  37    2    1    1]
 [  27    8    0   35]
 [  13    3    1    4]]
Epoch: [20/200], cls_loss: 0.5379, transfer_loss: 0.0188,person_loss: -1.9515, total_Loss: 0.3521
trian begin
trian end
n_person 383
SAMPLE
F1_MI: 0.884841992501339 F1_MA: 0.3156411630406239 ACC_MI: 0.884841992501339 F1_MA: 0.2824974374099467
BEST_F1_MI: 0.9164434922335297 BEST_F1_MA: 0.35141397976517863 BEST_ACC_MI: 0.9164434922335297 BEST_F1_MA: 0.30558100973260616
[[1639    3   66   27]
 [  29    0    7    5]
 [  20    8    4   38]
 [  12    0    0    9]]
Epoch: [21/200], cls_loss: 0.4790, transfer_loss: 0.0190,person_loss: -1.9501, total_Loss: 0.2935
trian begin
trian end
n_person 383
SAMPLE
F1_MI: 0.06534547402249598 F1_MA: 0.2155741823974884 ACC_MI: 0.06534547402249598 F1_MA: 0.24589590083930965
BEST_F1_MI: 0.9164434922335297 BEST_F1_MA: 0.35141397976517863 BEST_ACC_MI: 0.9164434922335297 BEST_F1_MA: 0.30558100973260616
[[  97  106 1484   48]
 [   8   12    8   13]
 [   6   18    6   40]
 [   6    4    4    7]]
Epoch: [22/200], cls_loss: 0.4597, transfer_loss: 0.0194,person_loss: -1.9584, total_Loss: 0.2736
trian begin
trian end
n_person 383
SAMPLE
F1_MI: 0.8912694161756829 F1_MA: 0.29161320073512287 ACC_MI: 0.8912694161756829 F1_MA: 0.2746792575492225
BEST_F1_MI: 0.9164434922335297 BEST_F1_MA: 0.35141397976517863 BEST_ACC_MI: 0.9164434922335297 BEST_F1_MA: 0.30558100973260616
[[1655   45   14   21]
 [  28    6    0    7]
 [  18   11    0   41]
 [  12    4    2    3]]
Epoch: [23/200], cls_loss: 0.4776, transfer_loss: 0.0209,person_loss: -1.9577, total_Loss: 0.2922
trian begin
trian end
n_person 383
SAMPLE
F1_MI: 0.05516871987145153 F1_MA: 0.21206167211625146 ACC_MI: 0.05516871987145153 F1_MA: 0.2319226750261233
BEST_F1_MI: 0.9164434922335297 BEST_F1_MA: 0.35141397976517863 BEST_ACC_MI: 0.9164434922335297 BEST_F1_MA: 0.30558100973260616
[[  72   65 1556   42]
 [   6    3   15   17]
 [   7    5   20   38]
 [   5    4    4    8]]
Epoch: [24/200], cls_loss: 0.4543, transfer_loss: 0.0204,person_loss: -1.9542, total_Loss: 0.2691
trian begin
trian end
n_person 383
SAMPLE
F1_MI: 0.027316550615961437 F1_MA: 0.248712217909487 ACC_MI: 0.027316550615961437 F1_MA: 0.23521730517579026
BEST_F1_MI: 0.9164434922335297 BEST_F1_MA: 0.35141397976517863 BEST_ACC_MI: 0.9164434922335297 BEST_F1_MA: 0.30558100973260616
[[  27   67 1398  243]
 [   3    3    4   31]
 [   1    4    1   64]
 [   1    0    0   20]]
Epoch: [25/200], cls_loss: 0.4712, transfer_loss: 0.0214,person_loss: -1.9546, total_Loss: 0.2865
trian begin
trian end
n_person 383
SAMPLE
F1_MI: 0.9121585431173005 F1_MA: 0.25955586811404774 ACC_MI: 0.9121585431173005 F1_MA: 0.25610293057158073
BEST_F1_MI: 0.9164434922335297 BEST_F1_MA: 0.35141397976517863 BEST_ACC_MI: 0.9164434922335297 BEST_F1_MA: 0.30558100973260616
[[1701   28    4    2]
 [  39    1    0    1]
 [  26   29    0   15]
 [  13    6    1    1]]
Epoch: [26/200], cls_loss: 0.4460, transfer_loss: 0.0232,person_loss: -1.9565, total_Loss: 0.2620
trian begin
trian end
n_person 383
SAMPLE
F1_MI: 0.7487948580610605 F1_MA: 0.31674845765060256 ACC_MI: 0.7487948580610605 F1_MA: 0.2781858488322901
BEST_F1_MI: 0.9164434922335297 BEST_F1_MA: 0.35141397976517863 BEST_ACC_MI: 0.9164434922335297 BEST_F1_MA: 0.30558100973260616
[[1378  240   39   78]
 [  11    9    6   15]
 [  15    4    2   49]
 [   6    4    2    9]]
Epoch: [27/200], cls_loss: 0.4609, transfer_loss: 0.0229,person_loss: -1.9555, total_Loss: 0.2768
trian begin
trian end
n_person 383
SAMPLE
F1_MI: 0.8543117300482057 F1_MA: 0.317733352328574 ACC_MI: 0.8543117300482057 F1_MA: 0.3044292717086835
BEST_F1_MI: 0.9164434922335297 BEST_F1_MA: 0.35141397976517863 BEST_ACC_MI: 0.9164434922335297 BEST_F1_MA: 0.30558100973260616
[[1580   59   92    4]
 [  27    7    6    1]
 [  17   30    4   19]
 [   8    6    3    4]]
Epoch: [28/200], cls_loss: 0.4241, transfer_loss: 0.0221,person_loss: -1.9521, total_Loss: 0.2399
trian begin
trian end
n_person 383
SAMPLE
F1_MI: 0.39314408141403323 F1_MA: 0.15943932512321957 ACC_MI: 0.39314408141403323 F1_MA: 0.27289522301398783
BEST_F1_MI: 0.9164434922335297 BEST_F1_MA: 0.35141397976517863 BEST_ACC_MI: 0.9164434922335297 BEST_F1_MA: 0.30558100973260616
[[732   3   7 993]
 [ 41   0   0   0]
 [ 48  15   2   5]
 [ 21   0   0   0]]
Epoch: [29/200], cls_loss: 0.4344, transfer_loss: 0.0199,person_loss: -1.9544, total_Loss: 0.2489
trian begin
trian end
n_person 383
SAMPLE
F1_MI: 0.8355650776647028 F1_MA: 0.30747716805943903 ACC_MI: 0.8355650776647028 F1_MA: 0.28905767230076473
BEST_F1_MI: 0.9164434922335297 BEST_F1_MA: 0.35141397976517863 BEST_ACC_MI: 0.9164434922335297 BEST_F1_MA: 0.30558100973260616
[[1542   73   83   37]
 [  14   10   11    6]
 [  10   16    6   38]
 [   7    6    6    2]]
Epoch: [30/200], cls_loss: 0.4275, transfer_loss: 0.0234,person_loss: -1.9551, total_Loss: 0.2436
trian begin
trian end
n_person 383
SAMPLE
F1_MI: 0.08248527048741296 F1_MA: 0.2023772075312878 ACC_MI: 0.08248527048741296 F1_MA: 0.25389557077604635
BEST_F1_MI: 0.9164434922335297 BEST_F1_MA: 0.35141397976517863 BEST_ACC_MI: 0.9164434922335297 BEST_F1_MA: 0.30558100973260616
[[ 129   74 1522   10]
 [  13   14   12    2]
 [  10   20    8   32]
 [   4    9    5    3]]
Epoch: [31/200], cls_loss: 0.4437, transfer_loss: 0.0203,person_loss: -1.9540, total_Loss: 0.2584
trian begin
trian end
n_person 383
SAMPLE
F1_MI: 0.07284413497589716 F1_MA: 0.1696250423457243 ACC_MI: 0.07284413497589716 F1_MA: 0.22944656105376118
BEST_F1_MI: 0.9164434922335297 BEST_F1_MA: 0.35141397976517863 BEST_ACC_MI: 0.9164434922335297 BEST_F1_MA: 0.30558100973260616
[[ 113   89 1527    6]
 [  13   11   16    1]
 [   8   28   11   23]
 [   8    5    7    1]]
Epoch: [32/200], cls_loss: 0.4124, transfer_loss: 0.0272,person_loss: -1.9548, total_Loss: 0.2305
trian begin
trian end
n_person 383
SAMPLE
F1_MI: 0.8735940010712373 F1_MA: 0.33247888879853205 ACC_MI: 0.8735940010712373 F1_MA: 0.30447171217842206
BEST_F1_MI: 0.9164434922335297 BEST_F1_MA: 0.35141397976517863 BEST_ACC_MI: 0.9164434922335297 BEST_F1_MA: 0.30558100973260616
[[1613   48   55   19]
 [  21   11    3    6]
 [  15   15    2   38]
 [   9    5    2    5]]
Epoch: [33/200], cls_loss: 0.4067, transfer_loss: 0.0232,person_loss: -1.9531, total_Loss: 0.2230
trian begin
trian end
n_person 383
SAMPLE
F1_MI: 0.08784145688269952 F1_MA: 0.166559754546367 ACC_MI: 0.08784145688269952 F1_MA: 0.2482003698078451
BEST_F1_MI: 0.9164434922335297 BEST_F1_MA: 0.35141397976517863 BEST_ACC_MI: 0.9164434922335297 BEST_F1_MA: 0.30558100973260616
[[ 147   37 1538   13]
 [  11    4   22    4]
 [   9    6    9   46]
 [   5    8    4    4]]
Epoch: [34/200], cls_loss: 0.4171, transfer_loss: 0.0274,person_loss: -1.9531, total_Loss: 0.2355
trian begin
trian end
n_person 383
SAMPLE
F1_MI: 0.8912694161756829 F1_MA: 0.2844528521069323 ACC_MI: 0.8912694161756829 F1_MA: 0.2731106011880625
BEST_F1_MI: 0.9164434922335297 BEST_F1_MA: 0.35141397976517863 BEST_ACC_MI: 0.9164434922335297 BEST_F1_MA: 0.30558100973260616
[[1654   53   28    0]
 [  27    9    5    0]
 [  21   23    1   25]
 [  16    4    1    0]]
Epoch: [35/200], cls_loss: 0.4074, transfer_loss: 0.0264,person_loss: -1.9540, total_Loss: 0.2252
trian begin
trian end
n_person 383
SAMPLE
F1_MI: 0.80878414568827 F1_MA: 0.2636942974254382 ACC_MI: 0.80878414568827 F1_MA: 0.2671443553932796
BEST_F1_MI: 0.9164434922335297 BEST_F1_MA: 0.35141397976517863 BEST_ACC_MI: 0.9164434922335297 BEST_F1_MA: 0.30558100973260616
[[1499   11  223    2]
 [  17    2   22    0]
 [  17   16    9   28]
 [   6    4   11    0]]
Epoch: [36/200], cls_loss: 0.3929, transfer_loss: 0.0257,person_loss: -1.9557, total_Loss: 0.2102
trian begin
trian end
n_person 383
SAMPLE
F1_MI: 0.8939475093733261 F1_MA: 0.2862520856670127 ACC_MI: 0.8939475093733262 F1_MA: 0.28673679668344304
BEST_F1_MI: 0.9164434922335297 BEST_F1_MA: 0.35141397976517863 BEST_ACC_MI: 0.9164434922335297 BEST_F1_MA: 0.30558100973260616
[[1658   21   55    1]
 [  34    3    4    0]
 [  21   14    8   27]
 [  15    3    3    0]]
Epoch: [37/200], cls_loss: 0.3832, transfer_loss: 0.0227,person_loss: -1.9573, total_Loss: 0.1988
trian begin
trian end
n_person 383
SAMPLE
F1_MI: 0.8918050348152116 F1_MA: 0.2954332200828335 ACC_MI: 0.8918050348152116 F1_MA: 0.2875357447485748
BEST_F1_MI: 0.9164434922335297 BEST_F1_MA: 0.35141397976517863 BEST_ACC_MI: 0.9164434922335297 BEST_F1_MA: 0.30558100973260616
[[1653   53   29    0]
 [  30    9    2    0]
 [  17   20    3   30]
 [  14    4    3    0]]
Epoch: [38/200], cls_loss: 0.3924, transfer_loss: 0.0257,person_loss: -1.9569, total_Loss: 0.2095
trian begin
trian end
n_person 383
SAMPLE
F1_MI: 0.1992501339046599 F1_MA: 0.2383047977150961 ACC_MI: 0.19925013390465987 F1_MA: 0.26847420277132694
BEST_F1_MI: 0.9164434922335297 BEST_F1_MA: 0.35141397976517863 BEST_ACC_MI: 0.9164434922335297 BEST_F1_MA: 0.30558100973260616
[[ 344 1310   75    6]
 [  13   19    9    0]
 [   8   26    7   29]
 [   4   11    4    2]]
Epoch: [39/200], cls_loss: 0.3713, transfer_loss: 0.0261,person_loss: -1.9566, total_Loss: 0.1887
trian begin
trian end
n_person 383
SAMPLE
F1_MI: 0.8618103910016068 F1_MA: 0.30416913140990465 ACC_MI: 0.8618103910016068 F1_MA: 0.2836751790424102
BEST_F1_MI: 0.9164434922335297 BEST_F1_MA: 0.35141397976517863 BEST_ACC_MI: 0.9164434922335297 BEST_F1_MA: 0.30558100973260616
[[1593   77   61    4]
 [  22   13    5    1]
 [  13   26    2   29]
 [   9    8    3    1]]
Epoch: [40/200], cls_loss: 0.3662, transfer_loss: 0.0271,person_loss: -1.9561, total_Loss: 0.1841
trian begin
trian end
n_person 383
SAMPLE
F1_MI: 0.029994643813604713 F1_MA: 0.16515450713527777 ACC_MI: 0.029994643813604713 F1_MA: 0.16081238449659505
BEST_F1_MI: 0.9164434922335297 BEST_F1_MA: 0.35141397976517863 BEST_ACC_MI: 0.9164434922335297 BEST_F1_MA: 0.30558100973260616
[[  33  165 1472   65]
 [   6   13    5   17]
 [  21   23    4   22]
 [   3    8    4    6]]
Epoch: [41/200], cls_loss: 0.3720, transfer_loss: 0.0285,person_loss: -1.9556, total_Loss: 0.1907
trian begin
trian end
n_person 383
SAMPLE
F1_MI: 0.8768077129084092 F1_MA: 0.31083564290442317 ACC_MI: 0.8768077129084092 F1_MA: 0.30489024399049747
BEST_F1_MI: 0.9164434922335297 BEST_F1_MA: 0.35141397976517863 BEST_ACC_MI: 0.9164434922335297 BEST_F1_MA: 0.30558100973260616
[[1626   21   85    3]
 [  21    4   14    2]
 [  20   30    3   17]
 [   8    5    4    4]]
Epoch: [42/200], cls_loss: 0.3468, transfer_loss: 0.0280,person_loss: -1.9536, total_Loss: 0.1655
trian begin
trian end
n_person 383
SAMPLE
F1_MI: 0.83663631494376 F1_MA: 0.2876111450816348 ACC_MI: 0.83663631494376 F1_MA: 0.2687482529699511
BEST_F1_MI: 0.9164434922335297 BEST_F1_MA: 0.35141397976517863 BEST_ACC_MI: 0.9164434922335297 BEST_F1_MA: 0.30558100973260616
[[1547  143   41    4]
 [  20   13    8    0]
 [  14   35    2   19]
 [   9    9    3    0]]
Epoch: [43/200], cls_loss: 0.3684, transfer_loss: 0.0295,person_loss: -1.9577, total_Loss: 0.1874
trian begin
trian end
n_person 383
SAMPLE
F1_MI: 0.046063202999464384 F1_MA: 0.1507562051364227 ACC_MI: 0.046063202999464384 F1_MA: 0.21276176712581402
BEST_F1_MI: 0.9164434922335297 BEST_F1_MA: 0.35141397976517863 BEST_ACC_MI: 0.9164434922335297 BEST_F1_MA: 0.30558100973260616
[[  70 1510   53  102]
 [  10   13    5   13]
 [   3   28    1   38]
 [   3   12    4    2]]
Epoch: [44/200], cls_loss: 0.3722, transfer_loss: 0.0266,person_loss: -1.9539, total_Loss: 0.1901
trian begin
trian end
n_person 383
SAMPLE
F1_MI: 0.2994108194965185 F1_MA: 0.24940410134732902 ACC_MI: 0.2994108194965185 F1_MA: 0.26932586940586006
BEST_F1_MI: 0.9164434922335297 BEST_F1_MA: 0.35141397976517863 BEST_ACC_MI: 0.9164434922335297 BEST_F1_MA: 0.30558100973260616
[[537 175  39 984]
 [  6  17   3  15]
 [  2  25   1  42]
 [  5  10   2   4]]
Epoch: [45/200], cls_loss: 0.3570, transfer_loss: 0.0290,person_loss: -1.9564, total_Loss: 0.1759
trian begin
trian end
n_person 383
SAMPLE
F1_MI: 0.7354043920728441 F1_MA: 0.30102276845902615 ACC_MI: 0.7354043920728441 F1_MA: 0.2697009792020717
BEST_F1_MI: 0.9164434922335297 BEST_F1_MA: 0.35141397976517863 BEST_ACC_MI: 0.9164434922335297 BEST_F1_MA: 0.30558100973260616
[[1350  323   58    4]
 [   8   22   11    0]
 [   7   43    0   20]
 [   8    8    4    1]]
Epoch: [46/200], cls_loss: 0.3594, transfer_loss: 0.0272,person_loss: -1.9570, total_Loss: 0.1773
trian begin
trian end
n_person 383
SAMPLE
F1_MI: 0.3942153186930905 F1_MA: 0.2548939550500383 ACC_MI: 0.3942153186930905 F1_MA: 0.27806407487184726
BEST_F1_MI: 0.9164434922335297 BEST_F1_MA: 0.35141397976517863 BEST_ACC_MI: 0.9164434922335297 BEST_F1_MA: 0.30558100973260616
[[712 142 879   2]
 [  6  12  21   2]
 [  5  26  10  29]
 [  3   9   7   2]]
Epoch: [47/200], cls_loss: 0.3422, transfer_loss: 0.0295,person_loss: -1.9561, total_Loss: 0.1614
trian begin
trian end
n_person 383
SAMPLE
F1_MI: 0.4161756829137654 F1_MA: 0.24048164571420963 ACC_MI: 0.4161756829137654 F1_MA: 0.2684163791246159
BEST_F1_MI: 0.9164434922335297 BEST_F1_MA: 0.35141397976517863 BEST_ACC_MI: 0.9164434922335297 BEST_F1_MA: 0.30558100973260616
[[761  86 102 786]
 [ 10   7  11  13]
 [  7  24   5  34]
 [  5   8   4   4]]
Epoch: [48/200], cls_loss: 0.3458, transfer_loss: 0.0261,person_loss: -1.9551, total_Loss: 0.1634
trian begin
trian end
n_person 383
SAMPLE
F1_MI: 0.8768077129084092 F1_MA: 0.314829689865487 ACC_MI: 0.8768077129084092 F1_MA: 0.29307242584852594
BEST_F1_MI: 0.9164434922335297 BEST_F1_MA: 0.35141397976517863 BEST_ACC_MI: 0.9164434922335297 BEST_F1_MA: 0.30558100973260616
[[1622   74   31    8]
 [  24   11    3    3]
 [  17   31    1   21]
 [   9    6    3    3]]
Epoch: [49/200], cls_loss: 0.3495, transfer_loss: 0.0282,person_loss: -1.9577, total_Loss: 0.1678
trian begin
trian end
n_person 383
SAMPLE
F1_MI: 0.17514729512587038 F1_MA: 0.2336743443637651 ACC_MI: 0.17514729512587038 F1_MA: 0.258658502493663
BEST_F1_MI: 0.9164434922335297 BEST_F1_MA: 0.35141397976517863 BEST_ACC_MI: 0.9164434922335297 BEST_F1_MA: 0.30558100973260616
[[ 297 1347   91    0]
 [   2   25   14    0]
 [   3   53    5    9]
 [   3   13    5    0]]
Epoch: [50/200], cls_loss: 0.3454, transfer_loss: 0.0283,person_loss: -1.9541, total_Loss: 0.1642
trian begin
trian end
n_person 383
SAMPLE
F1_MI: 0.7798607391537226 F1_MA: 0.3349373956871031 ACC_MI: 0.7798607391537226 F1_MA: 0.29682285566763633
BEST_F1_MI: 0.9164434922335297 BEST_F1_MA: 0.35141397976517863 BEST_ACC_MI: 0.9164434922335297 BEST_F1_MA: 0.30558100973260616
[[1423  111  181   20]
 [   2   21   13    5]
 [   3   31   11   25]
 [   3   10    7    1]]
Epoch: [51/200], cls_loss: 0.3318, transfer_loss: 0.0262,person_loss: -1.9550, total_Loss: 0.1494
trian begin
trian end
n_person 383
SAMPLE
F1_MI: 0.029994643813604713 F1_MA: 0.21974044543130156 ACC_MI: 0.029994643813604713 F1_MA: 0.26939442759785825
BEST_F1_MI: 0.9164434922335297 BEST_F1_MA: 0.35141397976517863 BEST_ACC_MI: 0.9164434922335297 BEST_F1_MA: 0.30558100973260616
[[  25   99 1560   51]
 [   1   15   12   13]
 [   0   20   12   38]
 [   1    7    9    4]]
Epoch: [52/200], cls_loss: 0.3090, transfer_loss: 0.0277,person_loss: -1.9530, total_Loss: 0.1276
trian begin
trian end
n_person 383
SAMPLE
F1_MI: 0.03320835565077665 F1_MA: 0.20151825667278725 ACC_MI: 0.03320835565077665 F1_MA: 0.24988488822248797
BEST_F1_MI: 0.9164434922335297 BEST_F1_MA: 0.35141397976517863 BEST_ACC_MI: 0.9164434922335297 BEST_F1_MA: 0.30558100973260616
[[  32  175 1522    6]
 [   2   16   21    2]
 [   2   31   12   25]
 [   1    7   11    2]]
Epoch: [53/200], cls_loss: 0.3368, transfer_loss: 0.0273,person_loss: -1.9545, total_Loss: 0.1550
trian begin
trian end
n_person 383
SAMPLE
F1_MI: 0.6480985538296733 F1_MA: 0.31169380616321374 ACC_MI: 0.6480985538296733 F1_MA: 0.27758045867658554
BEST_F1_MI: 0.9164434922335297 BEST_F1_MA: 0.35141397976517863 BEST_ACC_MI: 0.9164434922335297 BEST_F1_MA: 0.30558100973260616
[[1179  374  114   68]
 [   1   23   12    5]
 [   3   30    6   31]
 [   1   11    7    2]]
Epoch: [54/200], cls_loss: 0.3225, transfer_loss: 0.0295,person_loss: -1.9546, total_Loss: 0.1418
trian begin
trian end
n_person 383
SAMPLE
F1_MI: 0.8425281199785752 F1_MA: 0.3188367253832151 ACC_MI: 0.8425281199785752 F1_MA: 0.2859132454549542
BEST_F1_MI: 0.9164434922335297 BEST_F1_MA: 0.35141397976517863 BEST_ACC_MI: 0.9164434922335297 BEST_F1_MA: 0.30558100973260616
[[1555  102   48   30]
 [  12   12    6   11]
 [   9   18    1   42]
 [   5    7    4    5]]
Epoch: [55/200], cls_loss: 0.3066, transfer_loss: 0.0285,person_loss: -1.9567, total_Loss: 0.1252
trian begin
trian end
n_person 383
SAMPLE
F1_MI: 0.0192822710230316 F1_MA: 0.22143169878261554 ACC_MI: 0.0192822710230316 F1_MA: 0.27405172789788174
BEST_F1_MI: 0.9164434922335297 BEST_F1_MA: 0.35141397976517863 BEST_ACC_MI: 0.9164434922335297 BEST_F1_MA: 0.30558100973260616
[[   8  348 1327   52]
 [   0   17   12   12]
 [   0   33    6   31]
 [   0    9    7    5]]
Epoch: [56/200], cls_loss: 0.3224, transfer_loss: 0.0258,person_loss: -1.9565, total_Loss: 0.1396
[[1483   98   20  134]
 [  14    5    3   19]
 [  12    3    3   52]
 [   5    2    0   14]]
[[1708   13   13    1]
 [  40    1    0    0]
 [  27    7    1   35]
 [  17    1    2    1]]
ARG: Namespace(backbone='resnet50', batch_size=32, config='MEDA/MEDA.yaml', data_dir='data', device=device(type='cuda'), early_stop=50, epoch_based_training=False, lr=0.003, lr_decay=0.75, lr_gamma=0.0003, lr_scheduler=True, max_iter=20000, method='True', momentum=0.9, myweight=0.1, n_class=4, n_epoch=200, n_iter_per_epoch=100, num_workers=7, seed=1, src_domain='45', tgt_domain='63G', tname='transfer', transfer_loss='twommd', transfer_loss_weight=0.5, use_bottleneck=True, weight_decay=0.0005)
