lmmd 1 45 own DSAN/DSAN.yaml False
Namespace(backbone='resnet50', batch_size=32, config='DSAN/DSAN.yaml', data_dir='data', device=device(type='cuda'), early_stop=50, epoch_based_training=False, lr=0.003, lr_decay=0.75, lr_gamma=0.0003, lr_scheduler=True, method='False', momentum=0.9, myweight=0.1, n_epoch=200, n_iter_per_epoch=200, num_workers=3, seed=1, src_domain='45', tgt_domain='own', tname='transfer', transfer_loss='lmmd', transfer_loss_weight=0.5, use_bottleneck=True, weight_decay=0.0005)
JUST DO IT
run my Parkinson code
transfer
TRAIN Length: 56845 1995 TEST Length: 3299 578
YYY: 0 3
DATA_PROFILE   train: 56845 train2: 3299 test: 3299
DATASET.SHAPE: <data_loader.GetTrainLoader object at 0x7fd338d919a0> True
DATASET.SHAPE: <data_loader.GetTrainLoader object at 0x7fd338d91b50> True
DATASET.SHAPE: <data_loader.GetTestLoader object at 0x7fd330985430> False
CLASS: 4 578
LLL: {}
BOTTLENECK_LIST: [Linear(in_features=512, out_features=256, bias=True), ReLU()]
TYPE: {'loss_type': 'lmmd', 'max_iter': 20600, 'num_class': 4, 'my_person_item': <my_person_item.PersonItem object at 0x7fd3309858e0>}
KWARGS {'my_person_item': <my_person_item.PersonItem object at 0x7fd3309858e0>}
initial_lr 1.0
transfer_world
method False <class 'str'>
1.8.1+cu111
True
LEN: 0 0
LOADER: <data_loader.InfiniteDataLoader object at 0x7fd338d91370> <data_loader.InfiniteDataLoader object at 0x7fd330985880>
N_batch: 103
trian begin
trian end
n_person 578
SAMPLE
F1_MI: 0.9411943013034253 F1_MA: 0.3577914863526829 ACC_MI: 0.9411943013034253 F1_MA: 0.29135526983789656
BEST_F1_MI: 0.9411943013034253 BEST_F1_MA: 0.3577914863526829 BEST_ACC_MI: 0.9411943013034253 BEST_F1_MA: 0.29135526983789656
[[3075    0    0   10]
 [  24    0    0   51]
 [  33    0    0   71]
 [   5    0    0   30]]
Epoch: [ 1/200], cls_loss: 0.5679, transfer_loss: 0.0012,person_loss: 0.0000, total_Loss: 0.5685
trian begin
trian end
n_person 578
SAMPLE
F1_MI: 0.9481661109427099 F1_MA: 0.42728339337292665 ACC_MI: 0.9481661109427099 F1_MA: 0.5057301617907413
BEST_F1_MI: 0.9481661109427099 BEST_F1_MA: 0.42728339337292665 BEST_ACC_MI: 0.9481661109427099 BEST_F1_MA: 0.5057301617907413
[[3084    0    1    0]
 [  48    0   27    0]
 [  61    0   41    2]
 [  12    0   20    3]]
Epoch: [ 2/200], cls_loss: 0.4928, transfer_loss: 0.0027,person_loss: 0.0000, total_Loss: 0.4942
trian begin
trian end
n_person 578
SAMPLE
F1_MI: 0.9351318581388299 F1_MA: 0.24161967418546365 ACC_MI: 0.9351318581388299 F1_MA: 0.23378296453470748
BEST_F1_MI: 0.9481661109427099 BEST_F1_MA: 0.42728339337292665 BEST_ACC_MI: 0.9481661109427099 BEST_F1_MA: 0.5057301617907413
[[3085    0    0    0]
 [  75    0    0    0]
 [ 104    0    0    0]
 [  35    0    0    0]]
Epoch: [ 3/200], cls_loss: 0.4722, transfer_loss: 0.0043,person_loss: 0.0000, total_Loss: 0.4744
trian begin
trian end
n_person 578
SAMPLE
F1_MI: 0.9299787814489239 F1_MA: 0.34105927562181243 ACC_MI: 0.9299787814489239 F1_MA: 0.3134135193242031
BEST_F1_MI: 0.9481661109427099 BEST_F1_MA: 0.42728339337292665 BEST_ACC_MI: 0.9481661109427099 BEST_F1_MA: 0.5057301617907413
[[3014    0   71    0]
 [  29    0   46    0]
 [  50    0   54    0]
 [  16    0   19    0]]
Epoch: [ 4/200], cls_loss: 0.4145, transfer_loss: 0.0038,person_loss: 0.0000, total_Loss: 0.4164
trian begin
trian end
n_person 578
SAMPLE
F1_MI: 0.9536223097908457 F1_MA: 0.3767751455463992 ACC_MI: 0.9536223097908457 F1_MA: 0.3532915069581132
BEST_F1_MI: 0.9536223097908457 BEST_F1_MA: 0.42728339337292665 BEST_ACC_MI: 0.9536223097908457 BEST_F1_MA: 0.5057301617907413
[[3082    0    3    0]
 [  23    0   52    0]
 [  40    0   64    0]
 [   7    0   28    0]]
Epoch: [ 5/200], cls_loss: 0.4401, transfer_loss: 0.0051,person_loss: 0.0000, total_Loss: 0.4426
trian begin
trian end
n_person 578
SAMPLE
F1_MI: 0.9524098211579266 F1_MA: 0.3864917412085972 ACC_MI: 0.9524098211579266 F1_MA: 0.3486970564298269
BEST_F1_MI: 0.9536223097908457 BEST_F1_MA: 0.42728339337292665 BEST_ACC_MI: 0.9536223097908457 BEST_F1_MA: 0.5057301617907413
[[3065    0   20    0]
 [  16    0   59    0]
 [  27    0   77    0]
 [   3    0   32    0]]
Epoch: [ 6/200], cls_loss: 0.4267, transfer_loss: 0.0057,person_loss: 0.0000, total_Loss: 0.4295
trian begin
trian end
n_person 578
SAMPLE
F1_MI: 0.9548347984237647 F1_MA: 0.38551469624806145 ACC_MI: 0.9548347984237647 F1_MA: 0.3578141672822786
BEST_F1_MI: 0.9548347984237647 BEST_F1_MA: 0.42728339337292665 BEST_ACC_MI: 0.9548347984237647 BEST_F1_MA: 0.5057301617907413
[[3080    0    5    0]
 [  23    0   52    0]
 [  34    0   70    0]
 [   7    0   28    0]]
Epoch: [ 7/200], cls_loss: 0.4177, transfer_loss: 0.0079,person_loss: 0.0000, total_Loss: 0.4217
trian begin
trian end
n_person 578
SAMPLE
F1_MI: 0.9381630797211277 F1_MA: 0.3125595884630139 ACC_MI: 0.9381630797211277 F1_MA: 0.28256661986204146
BEST_F1_MI: 0.9548347984237647 BEST_F1_MA: 0.42728339337292665 BEST_ACC_MI: 0.9548347984237647 BEST_F1_MA: 0.5057301617907413
[[3081    0    0    4]
 [  47    0    0   28]
 [  69    0    0   35]
 [  21    0    0   14]]
Epoch: [ 8/200], cls_loss: 0.4069, transfer_loss: 0.0068,person_loss: 0.0000, total_Loss: 0.4103
trian begin
trian end
n_person 578
SAMPLE
F1_MI: 0.9536223097908457 F1_MA: 0.39361335813817516 ACC_MI: 0.9536223097908457 F1_MA: 0.3586551118911803
BEST_F1_MI: 0.9548347984237647 BEST_F1_MA: 0.42728339337292665 BEST_ACC_MI: 0.9548347984237647 BEST_F1_MA: 0.5057301617907413
[[3068    0   17    0]
 [  19    0   56    0]
 [  26    0   78    0]
 [  14    0   21    0]]
Epoch: [ 9/200], cls_loss: 0.3944, transfer_loss: 0.0097,person_loss: 0.0000, total_Loss: 0.3993
trian begin
trian end
n_person 578
SAMPLE
F1_MI: 0.019702940284934828 F1_MA: 0.2532143900859478 ACC_MI: 0.019702940284934828 F1_MA: 0.24540638873795256
BEST_F1_MI: 0.9548347984237647 BEST_F1_MA: 0.42728339337292665 BEST_ACC_MI: 0.9548347984237647 BEST_F1_MA: 0.5057301617907413
[[  22    0   31 3032]
 [   6    0    5   64]
 [   0    0   10   94]
 [   1    0    1   33]]
Epoch: [10/200], cls_loss: 0.3840, transfer_loss: 0.0104,person_loss: 0.0000, total_Loss: 0.3892
trian begin
trian end
n_person 578
SAMPLE
F1_MI: 0.9460442558351014 F1_MA: 0.3661116261487746 ACC_MI: 0.9460442558351015 F1_MA: 0.40138297276090124
BEST_F1_MI: 0.9548347984237647 BEST_F1_MA: 0.42728339337292665 BEST_ACC_MI: 0.9548347984237647 BEST_F1_MA: 0.5057301617907413
[[3085    0    0    0]
 [  70    0    5    0]
 [  68    0   36    0]
 [  21    0   14    0]]
Epoch: [11/200], cls_loss: 0.4041, transfer_loss: 0.0123,person_loss: 0.0000, total_Loss: 0.4102
trian begin
trian end
n_person 578
SAMPLE
F1_MI: 0.9460442558351014 F1_MA: 0.4379491305928685 ACC_MI: 0.9460442558351015 F1_MA: 0.3944238802506382
BEST_F1_MI: 0.9548347984237647 BEST_F1_MA: 0.4379491305928685 BEST_ACC_MI: 0.9548347984237647 BEST_F1_MA: 0.5057301617907413
[[3071    0   13    1]
 [  16    0   16   43]
 [  11    0   24   69]
 [   2    0    7   26]]
Epoch: [12/200], cls_loss: 0.4046, transfer_loss: 0.0110,person_loss: 0.0000, total_Loss: 0.4101
trian begin
trian end
n_person 578
SAMPLE
F1_MI: 0.9239163382843286 F1_MA: 0.3876496695790048 ACC_MI: 0.9239163382843286 F1_MA: 0.3243690129577968
BEST_F1_MI: 0.9548347984237647 BEST_F1_MA: 0.4379491305928685 BEST_ACC_MI: 0.9548347984237647 BEST_F1_MA: 0.5057301617907413
[[2947    0  138    0]
 [  13    0   62    0]
 [   3    0  101    0]
 [   4    0   31    0]]
Epoch: [13/200], cls_loss: 0.3693, transfer_loss: 0.0146,person_loss: 0.0000, total_Loss: 0.3766
trian begin
trian end
n_person 578
SAMPLE
F1_MI: 0.05334949984843892 F1_MA: 0.23007073731582497 ACC_MI: 0.05334949984843892 F1_MA: 0.21391490367487873
BEST_F1_MI: 0.9548347984237647 BEST_F1_MA: 0.4379491305928685 BEST_ACC_MI: 0.9548347984237647 BEST_F1_MA: 0.5057301617907413
[[  75    0 3010    0]
 [  11    0   64    0]
 [   3    0  101    0]
 [   2    0   33    0]]
Epoch: [14/200], cls_loss: 0.4041, transfer_loss: 0.0126,person_loss: 0.0000, total_Loss: 0.4104
trian begin
trian end
n_person 578
SAMPLE
F1_MI: 0.9533191876326159 F1_MA: 0.378304873735068 ACC_MI: 0.9533191876326159 F1_MA: 0.35788241200500664
BEST_F1_MI: 0.9548347984237647 BEST_F1_MA: 0.4379491305928685 BEST_ACC_MI: 0.9548347984237647 BEST_F1_MA: 0.5057301617907413
[[3082    0    3    0]
 [  25    0   50    0]
 [  41    0   63    0]
 [  13    0   22    0]]
Epoch: [15/200], cls_loss: 0.3969, transfer_loss: 0.0114,person_loss: 0.0000, total_Loss: 0.4026
trian begin
trian end
n_person 578
SAMPLE
F1_MI: 0.9451348893604122 F1_MA: 0.36353566192349074 ACC_MI: 0.9451348893604122 F1_MA: 0.4056750392464678
BEST_F1_MI: 0.9548347984237647 BEST_F1_MA: 0.4379491305928685 BEST_ACC_MI: 0.9548347984237647 BEST_F1_MA: 0.5057301617907413
[[3085    0    0    0]
 [  73    0    2    0]
 [  71    0   33    0]
 [  21    0   14    0]]
Epoch: [16/200], cls_loss: 0.3836, transfer_loss: 0.0147,person_loss: 0.0000, total_Loss: 0.3910
trian begin
trian end
n_person 578
SAMPLE
F1_MI: 0.9469536223097909 F1_MA: 0.3638836382677384 ACC_MI: 0.9469536223097909 F1_MA: 0.3836272266343609
BEST_F1_MI: 0.9548347984237647 BEST_F1_MA: 0.4379491305928685 BEST_ACC_MI: 0.9548347984237647 BEST_F1_MA: 0.5057301617907413
[[3084    0    1    0]
 [  63    0   12    0]
 [  64    0   40    0]
 [  19    0   16    0]]
Epoch: [17/200], cls_loss: 0.3754, transfer_loss: 0.0157,person_loss: 0.0000, total_Loss: 0.3833
trian begin
trian end
n_person 578
SAMPLE
F1_MI: 0.05607759927250682 F1_MA: 0.2143315193268595 ACC_MI: 0.05607759927250682 F1_MA: 0.19654418371122034
BEST_F1_MI: 0.9548347984237647 BEST_F1_MA: 0.4379491305928685 BEST_ACC_MI: 0.9548347984237647 BEST_F1_MA: 0.5057301617907413
[[  90    0 2995    0]
 [  17    0   58    0]
 [   9    0   95    0]
 [   3    0   32    0]]
Epoch: [18/200], cls_loss: 0.3973, transfer_loss: 0.0148,person_loss: 0.0000, total_Loss: 0.4047
trian begin
trian end
n_person 578
SAMPLE
F1_MI: 0.946650500151561 F1_MA: 0.35950993735982534 ACC_MI: 0.946650500151561 F1_MA: 0.37412738319715066
BEST_F1_MI: 0.9548347984237647 BEST_F1_MA: 0.4379491305928685 BEST_ACC_MI: 0.9548347984237647 BEST_F1_MA: 0.5057301617907413
[[3083    0    2    0]
 [  56    0   19    0]
 [  64    0   40    0]
 [  22    0   13    0]]
Epoch: [19/200], cls_loss: 0.3981, transfer_loss: 0.0212,person_loss: 0.0000, total_Loss: 0.4087
trian begin
trian end
n_person 578
SAMPLE
F1_MI: 0.9496817217338588 F1_MA: 0.38993979528075157 ACC_MI: 0.9496817217338588 F1_MA: 0.3502879749607498
BEST_F1_MI: 0.9548347984237647 BEST_F1_MA: 0.4379491305928685 BEST_ACC_MI: 0.9548347984237647 BEST_F1_MA: 0.5057301617907413
[[3053    0   32    0]
 [  24    0   51    0]
 [  24    0   80    0]
 [   7    0   28    0]]
Epoch: [20/200], cls_loss: 0.3832, transfer_loss: 0.0202,person_loss: 0.0000, total_Loss: 0.3933
trian begin
trian end
n_person 578
SAMPLE
F1_MI: 0.07941800545619884 F1_MA: 0.22946531787758054 ACC_MI: 0.07941800545619884 F1_MA: 0.22424891645346504
BEST_F1_MI: 0.9548347984237647 BEST_F1_MA: 0.4379491305928685 BEST_ACC_MI: 0.9548347984237647 BEST_F1_MA: 0.5057301617907413
[[ 170    0 2915    0]
 [  12    0   63    0]
 [  12    0   92    0]
 [   2    0   33    0]]
Epoch: [21/200], cls_loss: 0.3698, transfer_loss: 0.0202,person_loss: 0.0000, total_Loss: 0.3799
trian begin
trian end
n_person 578
SAMPLE
F1_MI: 0.2703849651409518 F1_MA: 0.2764405407773711 ACC_MI: 0.2703849651409518 F1_MA: 0.2546968389308017
BEST_F1_MI: 0.9548347984237647 BEST_F1_MA: 0.4379491305928685 BEST_ACC_MI: 0.9548347984237647 BEST_F1_MA: 0.5057301617907413
[[ 793    0 2292    0]
 [  10    0   65    0]
 [   5    0   99    0]
 [   2    0   33    0]]
Epoch: [22/200], cls_loss: 0.3833, transfer_loss: 0.0226,person_loss: 0.0000, total_Loss: 0.3946
trian begin
trian end
n_person 578
SAMPLE
F1_MI: 0.9317975143983025 F1_MA: 0.3913940454398422 ACC_MI: 0.9317975143983025 F1_MA: 0.3297479017137994
BEST_F1_MI: 0.9548347984237647 BEST_F1_MA: 0.4379491305928685 BEST_ACC_MI: 0.9548347984237647 BEST_F1_MA: 0.5057301617907413
[[2974    0  111    0]
 [  11    0   64    0]
 [   4    0  100    0]
 [   2    0   33    0]]
Epoch: [23/200], cls_loss: 0.3666, transfer_loss: 0.0180,person_loss: 0.0000, total_Loss: 0.3756
trian begin
trian end
n_person 578
SAMPLE
F1_MI: 0.9457411336768717 F1_MA: 0.3487595591733304 ACC_MI: 0.9457411336768717 F1_MA: 0.35934464356252066
BEST_F1_MI: 0.9548347984237647 BEST_F1_MA: 0.4379491305928685 BEST_ACC_MI: 0.9548347984237647 BEST_F1_MA: 0.5057301617907413
[[3083    0    2    0]
 [  47    0   28    0]
 [  67    0   37    0]
 [  25    0   10    0]]
Epoch: [24/200], cls_loss: 0.3713, transfer_loss: 0.0210,person_loss: 0.0000, total_Loss: 0.3818
trian begin
trian end
n_person 578
SAMPLE
F1_MI: 0.041830857835707794 F1_MA: 0.20904521796118428 ACC_MI: 0.041830857835707794 F1_MA: 0.1873045120512571
BEST_F1_MI: 0.9548347984237647 BEST_F1_MA: 0.4379491305928685 BEST_ACC_MI: 0.9548347984237647 BEST_F1_MA: 0.5057301617907413
[[  41    0 3044    0]
 [   7    0   68    0]
 [   7    0   97    0]
 [   2    0   33    0]]
Epoch: [25/200], cls_loss: 0.3895, transfer_loss: 0.0198,person_loss: 0.0000, total_Loss: 0.3994
trian begin
trian end
n_person 578
SAMPLE
F1_MI: 0.9478629887844802 F1_MA: 0.3731509378035102 ACC_MI: 0.9478629887844802 F1_MA: 0.34470863967012877
BEST_F1_MI: 0.9548347984237647 BEST_F1_MA: 0.4379491305928685 BEST_ACC_MI: 0.9548347984237647 BEST_F1_MA: 0.5057301617907413
[[3061    0   24    0]
 [  24    0   51    0]
 [  38    0   66    0]
 [  12    0   23    0]]
Epoch: [26/200], cls_loss: 0.3761, transfer_loss: 0.0270,person_loss: 0.0000, total_Loss: 0.3896
trian begin
trian end
n_person 578
SAMPLE
F1_MI: 0.9445286450439527 F1_MA: 0.344336429659672 ACC_MI: 0.9445286450439527 F1_MA: 0.3432551820060915
BEST_F1_MI: 0.9548347984237647 BEST_F1_MA: 0.4379491305928685 BEST_ACC_MI: 0.9548347984237647 BEST_F1_MA: 0.5057301617907413
[[3076    0    9    0]
 [  37    0   38    0]
 [  64    0   40    0]
 [  25    0   10    0]]
Epoch: [27/200], cls_loss: 0.3720, transfer_loss: 0.0295,person_loss: 0.0000, total_Loss: 0.3868
trian begin
trian end
n_person 578
SAMPLE
F1_MI: 0.9539254319490755 F1_MA: 0.3823018470114706 ACC_MI: 0.9539254319490755 F1_MA: 0.35416288854230893
BEST_F1_MI: 0.9548347984237647 BEST_F1_MA: 0.4379491305928685 BEST_ACC_MI: 0.9548347984237647 BEST_F1_MA: 0.5057301617907413
[[3078    0    7    0]
 [  20    0   55    0]
 [  35    0   69    0]
 [   8    0   27    0]]
Epoch: [28/200], cls_loss: 0.3470, transfer_loss: 0.0226,person_loss: 0.0000, total_Loss: 0.3583
trian begin
trian end
n_person 578
SAMPLE
F1_MI: 0.9263413155501666 F1_MA: 0.36586754402756255 ACC_MI: 0.9263413155501667 F1_MA: 0.31775380296950434
BEST_F1_MI: 0.9548347984237647 BEST_F1_MA: 0.4379491305928685 BEST_ACC_MI: 0.9548347984237647 BEST_F1_MA: 0.5057301617907413
[[2977    0  108    0]
 [  18    0   57    0]
 [  25    0   79    0]
 [   3    0   32    0]]
Epoch: [29/200], cls_loss: 0.3772, transfer_loss: 0.0256,person_loss: 0.0000, total_Loss: 0.3900
trian begin
trian end
n_person 578
SAMPLE
F1_MI: 0.42618975447105184 F1_MA: 0.29684806286072346 ACC_MI: 0.42618975447105184 F1_MA: 0.2598002708062725
BEST_F1_MI: 0.9548347984237647 BEST_F1_MA: 0.4379491305928685 BEST_ACC_MI: 0.9548347984237647 BEST_F1_MA: 0.5057301617907413
[[1306    0 1779    0]
 [   9    0   66    0]
 [   4    0  100    0]
 [   2    0   33    0]]
Epoch: [30/200], cls_loss: 0.3835, transfer_loss: 0.0244,person_loss: 0.0000, total_Loss: 0.3957
trian begin
trian end
n_person 578
SAMPLE
F1_MI: 0.9460442558351014 F1_MA: 0.3832703652370218 ACC_MI: 0.9460442558351015 F1_MA: 0.3402512178275964
BEST_F1_MI: 0.9548347984237647 BEST_F1_MA: 0.4379491305928685 BEST_ACC_MI: 0.9548347984237647 BEST_F1_MA: 0.5057301617907413
[[3041    0   44    0]
 [  18    0   57    0]
 [  24    0   80    0]
 [   3    0   32    0]]
Epoch: [31/200], cls_loss: 0.3625, transfer_loss: 0.0342,person_loss: 0.0000, total_Loss: 0.3796
trian begin
trian end
n_person 578
SAMPLE
F1_MI: 0.035162170354652925 F1_MA: 0.21437439337992334 ACC_MI: 0.035162170354652925 F1_MA: 0.1884037725625656
BEST_F1_MI: 0.9548347984237647 BEST_F1_MA: 0.4379491305928685 BEST_ACC_MI: 0.9548347984237647 BEST_F1_MA: 0.5057301617907413
[[  13    0 3072    0]
 [   3    0   72    0]
 [   1    0  103    0]
 [   1    0   34    0]]
Epoch: [32/200], cls_loss: 0.3748, transfer_loss: 0.0275,person_loss: 0.0000, total_Loss: 0.3885
trian begin
trian end
n_person 578
SAMPLE
F1_MI: 0.9508942103667778 F1_MA: 0.36829663848254796 ACC_MI: 0.9508942103667778 F1_MA: 0.3576064884204419
BEST_F1_MI: 0.9548347984237647 BEST_F1_MA: 0.4379491305928685 BEST_ACC_MI: 0.9548347984237647 BEST_F1_MA: 0.5057301617907413
[[3083    0    2    0]
 [  38    0   37    0]
 [  50    0   54    0]
 [  11    0   24    0]]
Epoch: [33/200], cls_loss: 0.3664, transfer_loss: 0.0236,person_loss: 0.0000, total_Loss: 0.3782
trian begin
trian end
n_person 578
SAMPLE
F1_MI: 0.941497423461655 F1_MA: 0.40725136861070216 ACC_MI: 0.941497423461655 F1_MA: 0.38124715777944573
BEST_F1_MI: 0.9548347984237647 BEST_F1_MA: 0.4379491305928685 BEST_ACC_MI: 0.9548347984237647 BEST_F1_MA: 0.5057301617907413
[[3027    6   52    0]
 [  19    2   54    0]
 [  25    2   77    0]
 [   2    1   32    0]]
Epoch: [34/200], cls_loss: 0.3521, transfer_loss: 0.0255,person_loss: 0.0000, total_Loss: 0.3648
trian begin
trian end
n_person 578
SAMPLE
F1_MI: 0.957259775689603 F1_MA: 0.4046847009927076 ACC_MI: 0.957259775689603 F1_MA: 0.36395617191719803
BEST_F1_MI: 0.957259775689603 BEST_F1_MA: 0.4379491305928685 BEST_ACC_MI: 0.957259775689603 BEST_F1_MA: 0.5057301617907413
[[3072    0   13    0]
 [  22    0   53    0]
 [  18    0   86    0]
 [   4    0   31    0]]
Epoch: [35/200], cls_loss: 0.3549, transfer_loss: 0.0310,person_loss: 0.0000, total_Loss: 0.3704
trian begin
trian end
n_person 578
SAMPLE
F1_MI: 0.9505910882085481 F1_MA: 0.37677524099614473 ACC_MI: 0.9505910882085481 F1_MA: 0.35214089128823967
BEST_F1_MI: 0.957259775689603 BEST_F1_MA: 0.4379491305928685 BEST_ACC_MI: 0.957259775689603 BEST_F1_MA: 0.5057301617907413
[[3071    0   14    0]
 [  30    0   45    0]
 [  39    0   65    0]
 [   9    0   26    0]]
Epoch: [36/200], cls_loss: 0.3491, transfer_loss: 0.0296,person_loss: 0.0000, total_Loss: 0.3638
trian begin
trian end
n_person 578
SAMPLE
F1_MI: 0.9590785086389816 F1_MA: 0.4085166719281215 ACC_MI: 0.9590785086389815 F1_MA: 0.369882040413852
BEST_F1_MI: 0.9590785086389816 BEST_F1_MA: 0.4379491305928685 BEST_ACC_MI: 0.9590785086389815 BEST_F1_MA: 0.5057301617907413
[[3078    0    7    0]
 [  24    0   51    0]
 [  18    0   86    0]
 [   4    1   30    0]]
Epoch: [37/200], cls_loss: 0.3408, transfer_loss: 0.0238,person_loss: 0.0000, total_Loss: 0.3527
trian begin
trian end
n_person 578
SAMPLE
F1_MI: 0.04819642315853289 F1_MA: 0.22140645019966168 ACC_MI: 0.04819642315853289 F1_MA: 0.20184533444515296
BEST_F1_MI: 0.9590785086389816 BEST_F1_MA: 0.4379491305928685 BEST_ACC_MI: 0.9590785086389815 BEST_F1_MA: 0.5057301617907413
[[  59    4 3022    0]
 [  11    0   64    0]
 [   4    0  100    0]
 [   2    0   33    0]]
Epoch: [38/200], cls_loss: 0.3472, transfer_loss: 0.0265,person_loss: 0.0000, total_Loss: 0.3605
trian begin
trian end
n_person 578
SAMPLE
F1_MI: 0.9536223097908457 F1_MA: 0.40247305355127394 ACC_MI: 0.9536223097908457 F1_MA: 0.35812902761277315
BEST_F1_MI: 0.9590785086389816 BEST_F1_MA: 0.4379491305928685 BEST_ACC_MI: 0.9590785086389815 BEST_F1_MA: 0.5057301617907413
[[3058    0   27    0]
 [  22    0   53    0]
 [  16    0   88    0]
 [   6    0   29    0]]
Epoch: [39/200], cls_loss: 0.3611, transfer_loss: 0.0449,person_loss: 0.0000, total_Loss: 0.3835
trian begin
trian end
n_person 578
SAMPLE
F1_MI: 0.9457411336768717 F1_MA: 0.3555171691684122 ACC_MI: 0.9457411336768717 F1_MA: 0.37686599115170544
BEST_F1_MI: 0.9590785086389816 BEST_F1_MA: 0.4379491305928685 BEST_ACC_MI: 0.9590785086389815 BEST_F1_MA: 0.5057301617907413
[[3084    0    1    0]
 [  63    0   12    0]
 [  68    0   36    0]
 [  19    0   16    0]]
Epoch: [40/200], cls_loss: 0.3656, transfer_loss: 0.0292,person_loss: 0.0000, total_Loss: 0.3802
trian begin
trian end
n_person 578
SAMPLE
F1_MI: 0.04213397999393756 F1_MA: 0.19074058706728386 ACC_MI: 0.04213397999393756 F1_MA: 0.16816528406029035
BEST_F1_MI: 0.9590785086389816 BEST_F1_MA: 0.4379491305928685 BEST_ACC_MI: 0.9590785086389815 BEST_F1_MA: 0.5057301617907413
[[  49    0 3036    0]
 [  11    0   64    0]
 [  14    0   90    0]
 [   2    0   33    0]]
Epoch: [41/200], cls_loss: 0.3471, transfer_loss: 0.0392,person_loss: 0.0000, total_Loss: 0.3667
trian begin
trian end
n_person 578
SAMPLE
F1_MI: 0.9436192785692634 F1_MA: 0.4001472645491889 ACC_MI: 0.9436192785692634 F1_MA: 0.3637767513594301
BEST_F1_MI: 0.9590785086389816 BEST_F1_MA: 0.4379491305928685 BEST_ACC_MI: 0.9590785086389815 BEST_F1_MA: 0.5057301617907413
[[3031   17   37    0]
 [  16    2   57    0]
 [  17    7   80    0]
 [   4    0   31    0]]
Epoch: [42/200], cls_loss: 0.3532, transfer_loss: 0.0421,person_loss: 0.0000, total_Loss: 0.3743
trian begin
trian end
n_person 578
SAMPLE
F1_MI: 0.9524098211579266 F1_MA: 0.3861146552500626 ACC_MI: 0.9524098211579266 F1_MA: 0.35932871726215376
BEST_F1_MI: 0.9590785086389816 BEST_F1_MA: 0.4379491305928685 BEST_ACC_MI: 0.9590785086389815 BEST_F1_MA: 0.5057301617907413
[[3072    2   11    0]
 [  29    0   46    0]
 [  34    0   70    0]
 [  10    0   25    0]]
Epoch: [43/200], cls_loss: 0.3633, transfer_loss: 0.0367,person_loss: 0.0000, total_Loss: 0.3816
trian begin
trian end
n_person 578
SAMPLE
F1_MI: 0.038799636253410125 F1_MA: 0.23900228921112018 ACC_MI: 0.038799636253410125 F1_MA: 0.2284708270550812
BEST_F1_MI: 0.9590785086389816 BEST_F1_MA: 0.4379491305928685 BEST_ACC_MI: 0.9590785086389815 BEST_F1_MA: 0.5057301617907413
[[  25    5 3055    0]
 [   6    1   68    0]
 [   1    1  102    0]
 [   1    1   33    0]]
Epoch: [44/200], cls_loss: 0.3398, transfer_loss: 0.0401,person_loss: 0.0000, total_Loss: 0.3599
trian begin
trian end
n_person 578
SAMPLE
F1_MI: 0.9030009093664747 F1_MA: 0.39769470929769996 ACC_MI: 0.9030009093664747 F1_MA: 0.3446828469420409
BEST_F1_MI: 0.9590785086389816 BEST_F1_MA: 0.4379491305928685 BEST_ACC_MI: 0.9590785086389815 BEST_F1_MA: 0.5057301617907413
[[2883  113   89    0]
 [  14    6   55    0]
 [   9    5   90    0]
 [   4    0   31    0]]
Epoch: [45/200], cls_loss: 0.3624, transfer_loss: 0.0544,person_loss: 0.0000, total_Loss: 0.3896
trian begin
trian end
n_person 578
SAMPLE
F1_MI: 0.035768414671112456 F1_MA: 0.19777889295088097 ACC_MI: 0.035768414671112456 F1_MA: 0.164117399938894
BEST_F1_MI: 0.9590785086389816 BEST_F1_MA: 0.4379491305928685 BEST_ACC_MI: 0.9590785086389815 BEST_F1_MA: 0.5057301617907413
[[  15    1 3069    0]
 [   6    0   69    0]
 [   1    0  103    0]
 [   2    1   32    0]]
Epoch: [46/200], cls_loss: 0.3491, transfer_loss: 0.0440,person_loss: 0.0000, total_Loss: 0.3711
trian begin
trian end
n_person 578
SAMPLE
F1_MI: 0.9511973325250076 F1_MA: 0.37533422839469743 ACC_MI: 0.9511973325250076 F1_MA: 0.3548652217466533
BEST_F1_MI: 0.9590785086389816 BEST_F1_MA: 0.4379491305928685 BEST_ACC_MI: 0.9590785086389815 BEST_F1_MA: 0.5057301617907413
[[3076    0    9    0]
 [  29    0   46    0]
 [  42    0   62    0]
 [  13    0   22    0]]
Epoch: [47/200], cls_loss: 0.3332, transfer_loss: 0.0467,person_loss: 0.0000, total_Loss: 0.3565
trian begin
trian end
n_person 578
SAMPLE
F1_MI: 0.949378599575629 F1_MA: 0.3595887826594418 ACC_MI: 0.949378599575629 F1_MA: 0.3477413155526892
BEST_F1_MI: 0.9590785086389816 BEST_F1_MA: 0.4379491305928685 BEST_ACC_MI: 0.9590785086389815 BEST_F1_MA: 0.5057301617907413
[[3081    0    4    0]
 [  26    0   49    0]
 [  53    0   51    0]
 [  18    0   17    0]]
Epoch: [48/200], cls_loss: 0.3690, transfer_loss: 0.0450,person_loss: 0.0000, total_Loss: 0.3915
trian begin
trian end
n_person 578
SAMPLE
F1_MI: 0.9569566535313732 F1_MA: 0.4008444760537838 ACC_MI: 0.9569566535313732 F1_MA: 0.36075964826575474
BEST_F1_MI: 0.9590785086389816 BEST_F1_MA: 0.4379491305928685 BEST_ACC_MI: 0.9590785086389815 BEST_F1_MA: 0.5057301617907413
[[3073    0   12    0]
 [  18    0   57    0]
 [  20    0   84    0]
 [   4    0   31    0]]
Epoch: [49/200], cls_loss: 0.3490, transfer_loss: 0.0516,person_loss: 0.0000, total_Loss: 0.3748
trian begin
trian end
n_person 578
SAMPLE
F1_MI: 0.21097302212791755 F1_MA: 0.2555113001754355 ACC_MI: 0.21097302212791755 F1_MA: 0.24628588648659488
BEST_F1_MI: 0.9590785086389816 BEST_F1_MA: 0.4379491305928685 BEST_ACC_MI: 0.9590785086389815 BEST_F1_MA: 0.5057301617907413
[[ 606    0 2479    0]
 [  13    0   62    0]
 [  14    0   90    0]
 [   4    0   31    0]]
Epoch: [50/200], cls_loss: 0.3639, transfer_loss: 0.0420,person_loss: 0.0000, total_Loss: 0.3849
trian begin
trian end
n_person 578
SAMPLE
F1_MI: 0.781752046074568 F1_MA: 0.32624772142737773 ACC_MI: 0.781752046074568 F1_MA: 0.273542137819222
BEST_F1_MI: 0.9590785086389816 BEST_F1_MA: 0.4379491305928685 BEST_ACC_MI: 0.9590785086389815 BEST_F1_MA: 0.5057301617907413
[[2495    0  590    0]
 [  16    0   59    0]
 [  20    0   84    0]
 [   4    0   31    0]]
Epoch: [51/200], cls_loss: 0.3381, transfer_loss: 0.0606,person_loss: 0.0000, total_Loss: 0.3684
trian begin
trian end
n_person 578
SAMPLE
F1_MI: 0.7441648984540771 F1_MA: 0.3300792691885682 ACC_MI: 0.744164898454077 F1_MA: 0.273019742274258
BEST_F1_MI: 0.9590785086389816 BEST_F1_MA: 0.4379491305928685 BEST_ACC_MI: 0.9590785086389815 BEST_F1_MA: 0.5057301617907413
[[2361    7  717    0]
 [  15    0   60    0]
 [  10    0   94    0]
 [   4    0   31    0]]
Epoch: [52/200], cls_loss: 0.3426, transfer_loss: 0.0473,person_loss: 0.0000, total_Loss: 0.3663
trian begin
trian end
n_person 578
SAMPLE
F1_MI: 0.9139133070627463 F1_MA: 0.26313861233507907 ACC_MI: 0.9139133070627463 F1_MA: 0.2588652063180661
BEST_F1_MI: 0.9590785086389816 BEST_F1_MA: 0.4379491305928685 BEST_ACC_MI: 0.9590785086389815 BEST_F1_MA: 0.5057301617907413
[[3005    0   80    0]
 [  63    0   12    0]
 [  94    0   10    0]
 [  31    0    4    0]]
Epoch: [53/200], cls_loss: 0.3695, transfer_loss: 0.0422,person_loss: 0.0000, total_Loss: 0.3906
trian begin
trian end
n_person 578
SAMPLE
F1_MI: 0.8438920885116702 F1_MA: 0.23893720382189526 ACC_MI: 0.8438920885116702 F1_MA: 0.23833284760817988
BEST_F1_MI: 0.9590785086389816 BEST_F1_MA: 0.4379491305928685 BEST_ACC_MI: 0.9590785086389815 BEST_F1_MA: 0.5057301617907413
[[2778    0  307    0]
 [  67    0    8    0]
 [  98    0    6    0]
 [  28    0    7    0]]
Epoch: [54/200], cls_loss: 0.3636, transfer_loss: 0.0343,person_loss: 0.0000, total_Loss: 0.3808
trian begin
trian end
n_person 578
SAMPLE
F1_MI: 0.949378599575629 F1_MA: 0.4214474388578243 ACC_MI: 0.949378599575629 F1_MA: 0.37790245436928166
BEST_F1_MI: 0.9590785086389816 BEST_F1_MA: 0.4379491305928685 BEST_ACC_MI: 0.9590785086389815 BEST_F1_MA: 0.5057301617907413
[[3037   25   23    0]
 [  15    2   58    0]
 [  10    1   93    0]
 [   2    1   32    0]]
Epoch: [55/200], cls_loss: 0.3363, transfer_loss: 0.0460,person_loss: 0.0000, total_Loss: 0.3593
trian begin
trian end
n_person 578
SAMPLE
F1_MI: 0.04274022431039709 F1_MA: 0.22251653711934896 ACC_MI: 0.04274022431039709 F1_MA: 0.20094125199528073
BEST_F1_MI: 0.9590785086389816 BEST_F1_MA: 0.4379491305928685 BEST_ACC_MI: 0.9590785086389815 BEST_F1_MA: 0.5057301617907413
[[  39   42 3004    0]
 [  10    1   64    0]
 [   2    1  101    0]
 [   1    1   33    0]]
Epoch: [56/200], cls_loss: 0.3367, transfer_loss: 0.0598,person_loss: 0.0000, total_Loss: 0.3666
trian begin
trian end
n_person 578
SAMPLE
F1_MI: 0.9596847529554411 F1_MA: 0.41332380505255056 ACC_MI: 0.9596847529554411 F1_MA: 0.367268871291731
BEST_F1_MI: 0.9596847529554411 BEST_F1_MA: 0.4379491305928685 BEST_ACC_MI: 0.9596847529554411 BEST_F1_MA: 0.5057301617907413
[[3073    0   12    0]
 [  17    0   58    0]
 [  11    0   93    0]
 [   4    0   31    0]]
Epoch: [57/200], cls_loss: 0.3626, transfer_loss: 0.0687,person_loss: 0.0000, total_Loss: 0.3970
trian begin
trian end
n_person 578
SAMPLE
F1_MI: 0.9551379205819945 F1_MA: 0.42998598142218963 ACC_MI: 0.9551379205819945 F1_MA: 0.41363936404956336
BEST_F1_MI: 0.9596847529554411 BEST_F1_MA: 0.4379491305928685 BEST_ACC_MI: 0.9596847529554411 BEST_F1_MA: 0.5057301617907413
[[3069    5   11    0]
 [  23    2   50    0]
 [  21    3   80    0]
 [   6    0   29    0]]
Epoch: [58/200], cls_loss: 0.3370, transfer_loss: 0.0659,person_loss: 0.0000, total_Loss: 0.3699
trian begin
trian end
n_person 578
SAMPLE
F1_MI: 0.04637769020915429 F1_MA: 0.19953672588762228 ACC_MI: 0.04637769020915429 F1_MA: 0.17856060686136685
BEST_F1_MI: 0.9596847529554411 BEST_F1_MA: 0.4379491305928685 BEST_ACC_MI: 0.9596847529554411 BEST_F1_MA: 0.5057301617907413
[[  61   21 3003    0]
 [  14    0   61    0]
 [  12    0   92    0]
 [   2    0   33    0]]
Epoch: [59/200], cls_loss: 0.3410, transfer_loss: 0.0606,person_loss: 0.0000, total_Loss: 0.3713
trian begin
trian end
n_person 578
SAMPLE
F1_MI: 0.04759017884207335 F1_MA: 0.21819990980455123 ACC_MI: 0.04759017884207335 F1_MA: 0.19323123513630666
BEST_F1_MI: 0.9596847529554411 BEST_F1_MA: 0.4379491305928685 BEST_ACC_MI: 0.9596847529554411 BEST_F1_MA: 0.5057301617907413
[[  55  147 2883    0]
 [  11    1   63    0]
 [   3    0  101    0]
 [   6    0   29    0]]
Epoch: [60/200], cls_loss: 0.3232, transfer_loss: 0.0596,person_loss: 0.0000, total_Loss: 0.3530
trian begin
trian end
n_person 578
SAMPLE
F1_MI: 0.9418005456198848 F1_MA: 0.3301049301838047 ACC_MI: 0.9418005456198848 F1_MA: 0.35942529638062337
BEST_F1_MI: 0.9596847529554411 BEST_F1_MA: 0.4379491305928685 BEST_ACC_MI: 0.9596847529554411 BEST_F1_MA: 0.5057301617907413
[[3084    0    1    0]
 [  57    0   18    0]
 [  81    0   23    0]
 [  30    0    5    0]]
Epoch: [61/200], cls_loss: 0.3540, transfer_loss: 0.0657,person_loss: 0.0000, total_Loss: 0.3868
trian begin
trian end
n_person 578
SAMPLE
F1_MI: 0.059108820854804484 F1_MA: 0.22658672461430757 ACC_MI: 0.059108820854804484 F1_MA: 0.21556852829627426
BEST_F1_MI: 0.9596847529554411 BEST_F1_MA: 0.4379491305928685 BEST_ACC_MI: 0.9596847529554411 BEST_F1_MA: 0.5057301617907413
[[  99   15 2971    0]
 [  11    0   64    0]
 [   7    1   96    0]
 [   2    0   33    0]]
Epoch: [62/200], cls_loss: 0.3363, transfer_loss: 0.0583,person_loss: 0.0000, total_Loss: 0.3654
[[3071    0   13    1]
 [  16    0   16   43]
 [  11    0   24   69]
 [   2    0    7   26]]
[[3073    0   12    0]
 [  17    0   58    0]
 [  11    0   93    0]
 [   4    0   31    0]]
ARG: Namespace(backbone='resnet50', batch_size=32, config='DSAN/DSAN.yaml', data_dir='data', device=device(type='cuda'), early_stop=50, epoch_based_training=False, lr=0.003, lr_decay=0.75, lr_gamma=0.0003, lr_scheduler=True, max_iter=20600, method='False', momentum=0.9, myweight=0.1, n_class=4, n_epoch=200, n_iter_per_epoch=103, num_workers=3, seed=1, src_domain='45', tgt_domain='own', tname='transfer', transfer_loss='lmmd', transfer_loss_weight=0.5, use_bottleneck=True, weight_decay=0.0005)
