twommd 1 45 own MEDA/MEDA.yaml True
Namespace(backbone='resnet50', batch_size=32, config='MEDA/MEDA.yaml', data_dir='data', device=device(type='cuda'), early_stop=50, epoch_based_training=False, lr=0.003, lr_decay=0.75, lr_gamma=0.0003, lr_scheduler=True, method='True', momentum=0.9, myweight=0.1, n_epoch=200, n_iter_per_epoch=500, num_workers=7, seed=1, src_domain='45', tgt_domain='own', tname='transfer', transfer_loss='twommd', transfer_loss_weight=0.5, use_bottleneck=True, weight_decay=0.0005)
JUST DO IT
run my Parkinson code
transfer
TRAIN Length: 56845 1995 TEST Length: 3299 578
YYY: 0 3
DATA_PROFILE   train: 56845 train2: 3299 test: 3299
DATASET.SHAPE: <data_loader.GetTrainLoader object at 0x7f7b8bd4e9a0> True
DATASET.SHAPE: <data_loader.GetTrainLoader object at 0x7f7b8bd4eb50> True
DATASET.SHAPE: <data_loader.GetTestLoader object at 0x7f7cd27b3520> False
CLASS: 4 578
LLL: {}
BOTTLENECK_LIST: [Linear(in_features=512, out_features=256, bias=True), ReLU()]
TYPE: {'loss_type': 'twommd', 'max_iter': 20600, 'num_class': 4, 'my_person_item': <my_person_item.PersonItem object at 0x7f7cd27b3550>}
initial_lr 1.0
transfer_world
method True <class 'str'>
1.8.1+cu111
True
LEN: 0 0
LOADER: <data_loader.InfiniteDataLoader object at 0x7f7b8bd4e370> <data_loader.InfiniteDataLoader object at 0x7f7cd27b3580>
N_batch: 103
trian begin
trian end
n_person 578
SAMPLE
F1_MI: 0.9387693240375872 F1_MA: 0.32781313480202723 ACC_MI: 0.9387693240375872 F1_MA: 0.3141018611927424
BEST_F1_MI: 0.9387693240375872 BEST_F1_MA: 0.32781313480202723 BEST_ACC_MI: 0.9387693240375872 BEST_F1_MA: 0.3141018611927424
[[3084    0    0    1]
 [  72    0    0    3]
 [  79    0    0   25]
 [  22    0    0   13]]
Epoch: [ 1/200], cls_loss: 0.5553, transfer_loss: 0.0006,person_loss: -1.9483, total_Loss: 0.3608
trian begin
trian end
n_person 578
SAMPLE
F1_MI: 0.9430130342528039 F1_MA: 0.412003301545241 ACC_MI: 0.9430130342528039 F1_MA: 0.4584424223073648
BEST_F1_MI: 0.9430130342528039 BEST_F1_MA: 0.412003301545241 BEST_ACC_MI: 0.9430130342528039 BEST_F1_MA: 0.4584424223073648
[[3085    0    0    0]
 [  60    0   13    2]
 [  76    0   13   15]
 [  19    0    3   13]]
Epoch: [ 2/200], cls_loss: 0.4880, transfer_loss: 0.0012,person_loss: -1.9569, total_Loss: 0.2929
trian begin
trian end
n_person 578
SAMPLE
F1_MI: 0.940284934828736 F1_MA: 0.33264997744514735 ACC_MI: 0.940284934828736 F1_MA: 0.3012031878675333
BEST_F1_MI: 0.9430130342528039 BEST_F1_MA: 0.412003301545241 BEST_ACC_MI: 0.9430130342528039 BEST_F1_MA: 0.4584424223073648
[[3085    0    0    0]
 [  67    0    0    8]
 [  61    0    0   43]
 [  18    0    0   17]]
Epoch: [ 3/200], cls_loss: 0.4564, transfer_loss: 0.0020,person_loss: -1.9640, total_Loss: 0.2610
trian begin
trian end
n_person 578
SAMPLE
F1_MI: 0.9569566535313732 F1_MA: 0.3992655164512338 ACC_MI: 0.9569566535313732 F1_MA: 0.3761565318258302
BEST_F1_MI: 0.9569566535313732 BEST_F1_MA: 0.412003301545241 BEST_ACC_MI: 0.9569566535313732 BEST_F1_MA: 0.4584424223073648
[[3084    0    1    0]
 [  39    0   36    0]
 [  31    0   73    0]
 [   7    0   28    0]]
Epoch: [ 4/200], cls_loss: 0.4028, transfer_loss: 0.0018,person_loss: -1.9752, total_Loss: 0.2062
trian begin
trian end
n_person 578
SAMPLE
F1_MI: 0.9511973325250076 F1_MA: 0.47030967553574987 ACC_MI: 0.9511973325250076 F1_MA: 0.5232213233768928
BEST_F1_MI: 0.9569566535313732 BEST_F1_MA: 0.47030967553574987 BEST_ACC_MI: 0.9569566535313732 BEST_F1_MA: 0.5232213233768928
[[3084    0    1    0]
 [  71    0    3    1]
 [  46    0   44   14]
 [  13    0   12   10]]
Epoch: [ 5/200], cls_loss: 0.4219, transfer_loss: 0.0025,person_loss: -1.9748, total_Loss: 0.2256
trian begin
trian end
n_person 578
SAMPLE
F1_MI: 0.9575628978478327 F1_MA: 0.39958335316605187 ACC_MI: 0.9575628978478327 F1_MA: 0.3679440572046629
BEST_F1_MI: 0.9575628978478327 BEST_F1_MA: 0.47030967553574987 BEST_ACC_MI: 0.9575628978478327 BEST_F1_MA: 0.5232213233768928
[[3081    0    4    0]
 [  26    0   49    0]
 [  26    0   78    0]
 [   7    0   28    0]]
Epoch: [ 6/200], cls_loss: 0.4198, transfer_loss: 0.0026,person_loss: -1.9719, total_Loss: 0.2239
trian begin
trian end
n_person 578
SAMPLE
F1_MI: 0.9505910882085481 F1_MA: 0.44582309781623913 ACC_MI: 0.9505910882085481 F1_MA: 0.4663249031670084
BEST_F1_MI: 0.9575628978478327 BEST_F1_MA: 0.47030967553574987 BEST_ACC_MI: 0.9575628978478327 BEST_F1_MA: 0.5232213233768928
[[3084    0    1    0]
 [  51    0   23    1]
 [  45    0   41   18]
 [  12    0   12   11]]
Epoch: [ 7/200], cls_loss: 0.4060, transfer_loss: 0.0031,person_loss: -1.9737, total_Loss: 0.2102
trian begin
trian end
n_person 578
SAMPLE
F1_MI: 0.9408911791451955 F1_MA: 0.401161750945815 ACC_MI: 0.9408911791451955 F1_MA: 0.3411424029071088
BEST_F1_MI: 0.9575628978478327 BEST_F1_MA: 0.47030967553574987 BEST_ACC_MI: 0.9575628978478327 BEST_F1_MA: 0.5232213233768928
[[3068    0   12    5]
 [  15    0    4   56]
 [   8    0    4   92]
 [   3    0    0   32]]
Epoch: [ 8/200], cls_loss: 0.3937, transfer_loss: 0.0043,person_loss: -1.9763, total_Loss: 0.1983
trian begin
trian end
n_person 578
SAMPLE
F1_MI: 0.9599878751136708 F1_MA: 0.4150063288550887 ACC_MI: 0.9599878751136708 F1_MA: 0.36708866915221267
BEST_F1_MI: 0.9599878751136708 BEST_F1_MA: 0.47030967553574987 BEST_ACC_MI: 0.9599878751136708 BEST_F1_MA: 0.5232213233768928
[[3072    0   13    0]
 [  16    0   59    0]
 [   9    0   95    0]
 [   3    0   32    0]]
Epoch: [ 9/200], cls_loss: 0.3707, transfer_loss: 0.0046,person_loss: -1.9762, total_Loss: 0.1754
trian begin
trian end
n_person 578
SAMPLE
F1_MI: 0.9560472870566838 F1_MA: 0.39139368300633165 ACC_MI: 0.9560472870566838 F1_MA: 0.3609260512902198
BEST_F1_MI: 0.9599878751136708 BEST_F1_MA: 0.47030967553574987 BEST_ACC_MI: 0.9599878751136708 BEST_F1_MA: 0.5232213233768928
[[3080    0    5    0]
 [  24    0   51    0]
 [  30    0   74    0]
 [   5    0   30    0]]
Epoch: [10/200], cls_loss: 0.3631, transfer_loss: 0.0049,person_loss: -1.9743, total_Loss: 0.1682
trian begin
trian end
n_person 578
SAMPLE
F1_MI: 0.9460442558351014 F1_MA: 0.43111684699421066 ACC_MI: 0.9460442558351015 F1_MA: 0.45459288617552607
BEST_F1_MI: 0.9599878751136708 BEST_F1_MA: 0.47030967553574987 BEST_ACC_MI: 0.9599878751136708 BEST_F1_MA: 0.5232213233768928
[[3084    0    1    0]
 [  64    0    8    3]
 [  46    0   22   36]
 [  13    0    7   15]]
Epoch: [11/200], cls_loss: 0.3854, transfer_loss: 0.0048,person_loss: -1.9709, total_Loss: 0.1907
trian begin
trian end
n_person 578
SAMPLE
F1_MI: 0.039405880569869656 F1_MA: 0.22608390545907162 ACC_MI: 0.039405880569869656 F1_MA: 0.20493050529792722
BEST_F1_MI: 0.9599878751136708 BEST_F1_MA: 0.47030967553574987 BEST_ACC_MI: 0.9599878751136708 BEST_F1_MA: 0.5232213233768928
[[  26    0 3059    0]
 [   5    0   70    0]
 [   0    0  104    0]
 [   2    0   33    0]]
Epoch: [12/200], cls_loss: 0.3924, transfer_loss: 0.0055,person_loss: -1.9717, total_Loss: 0.1980
trian begin
trian end
n_person 578
SAMPLE
F1_MI: 0.47226432252197637 F1_MA: 0.3028798994919192 ACC_MI: 0.47226432252197637 F1_MA: 0.26095230571922456
BEST_F1_MI: 0.9599878751136708 BEST_F1_MA: 0.47030967553574987 BEST_ACC_MI: 0.9599878751136708 BEST_F1_MA: 0.5232213233768928
[[1457    0 1628    0]
 [  12    0   63    0]
 [   3    0  101    0]
 [   2    0   33    0]]
Epoch: [13/200], cls_loss: 0.3605, transfer_loss: 0.0064,person_loss: -1.9727, total_Loss: 0.1664
trian begin
trian end
n_person 578
SAMPLE
F1_MI: 0.04152773567747802 F1_MA: 0.22024340735260334 ACC_MI: 0.04152773567747802 F1_MA: 0.19805630922626608
BEST_F1_MI: 0.9599878751136708 BEST_F1_MA: 0.47030967553574987 BEST_ACC_MI: 0.9599878751136708 BEST_F1_MA: 0.5232213233768928
[[  35    0 3050    0]
 [   7    0   68    0]
 [   2    0  102    0]
 [   2    0   33    0]]
Epoch: [14/200], cls_loss: 0.3699, transfer_loss: 0.0059,person_loss: -1.9752, total_Loss: 0.1754
trian begin
trian end
n_person 578
SAMPLE
F1_MI: 0.940284934828736 F1_MA: 0.4868479682991872 ACC_MI: 0.940284934828736 F1_MA: 0.5518694107313957
BEST_F1_MI: 0.9599878751136708 BEST_F1_MA: 0.4868479682991872 BEST_ACC_MI: 0.9599878751136708 BEST_F1_MA: 0.5518694107313957
[[3037    0   48    0]
 [  30    0   45    0]
 [  45    0   58    1]
 [  19    0    9    7]]
Epoch: [15/200], cls_loss: 0.3753, transfer_loss: 0.0058,person_loss: -1.9770, total_Loss: 0.1805
trian begin
trian end
n_person 578
SAMPLE
F1_MI: 0.9451348893604122 F1_MA: 0.35310964090320374 ACC_MI: 0.9451348893604122 F1_MA: 0.3688969317765328
BEST_F1_MI: 0.9599878751136708 BEST_F1_MA: 0.4868479682991872 BEST_ACC_MI: 0.9599878751136708 BEST_F1_MA: 0.5518694107313957
[[3081    0    4    0]
 [  57    0   18    0]
 [  67    0   37    0]
 [  23    0   12    0]]
Epoch: [16/200], cls_loss: 0.3772, transfer_loss: 0.0082,person_loss: -1.9791, total_Loss: 0.1834
trian begin
trian end
n_person 578
SAMPLE
F1_MI: 0.927250682024856 F1_MA: 0.36900423700675505 ACC_MI: 0.927250682024856 F1_MA: 0.3198334535834536
BEST_F1_MI: 0.9599878751136708 BEST_F1_MA: 0.4868479682991872 BEST_ACC_MI: 0.9599878751136708 BEST_F1_MA: 0.5518694107313957
[[2978    0  107    0]
 [  19    0   56    0]
 [  23    0   81    0]
 [   4    0   31    0]]
Epoch: [17/200], cls_loss: 0.3754, transfer_loss: 0.0094,person_loss: -1.9778, total_Loss: 0.1823
trian begin
trian end
n_person 578
SAMPLE
F1_MI: 0.9533191876326159 F1_MA: 0.40971787870848786 ACC_MI: 0.9533191876326159 F1_MA: 0.357291859613841
BEST_F1_MI: 0.9599878751136708 BEST_F1_MA: 0.4868479682991872 BEST_ACC_MI: 0.9599878751136708 BEST_F1_MA: 0.5518694107313957
[[3048    0   37    0]
 [  20    0   55    0]
 [   7    0   97    0]
 [   3    0   32    0]]
Epoch: [18/200], cls_loss: 0.3804, transfer_loss: 0.0086,person_loss: -1.9737, total_Loss: 0.1874
trian begin
trian end
n_person 578
SAMPLE
F1_MI: 0.9478629887844802 F1_MA: 0.37495531041692604 ACC_MI: 0.9478629887844802 F1_MA: 0.40247053709428127
BEST_F1_MI: 0.9599878751136708 BEST_F1_MA: 0.4868479682991872 BEST_ACC_MI: 0.9599878751136708 BEST_F1_MA: 0.5518694107313957
[[3085    0    0    0]
 [  69    0    6    0]
 [  62    0   42    0]
 [  19    0   16    0]]
Epoch: [19/200], cls_loss: 0.3828, transfer_loss: 0.0093,person_loss: -1.9806, total_Loss: 0.1894
trian begin
trian end
n_person 578
SAMPLE
F1_MI: 0.29251288269172476 F1_MA: 0.2666056944300806 ACC_MI: 0.29251288269172476 F1_MA: 0.25049515713293424
BEST_F1_MI: 0.9599878751136708 BEST_F1_MA: 0.4868479682991872 BEST_ACC_MI: 0.9599878751136708 BEST_F1_MA: 0.5518694107313957
[[ 876    0 2209    0]
 [  15    0   60    0]
 [  15    0   89    0]
 [   2    0   33    0]]
Epoch: [20/200], cls_loss: 0.3653, transfer_loss: 0.0099,person_loss: -1.9817, total_Loss: 0.1721
trian begin
trian end
n_person 578
SAMPLE
F1_MI: 0.1652015762352228 F1_MA: 0.2593250462377397 ACC_MI: 0.1652015762352228 F1_MA: 0.24794449182787115
BEST_F1_MI: 0.9599878751136708 BEST_F1_MA: 0.4868479682991872 BEST_ACC_MI: 0.9599878751136708 BEST_F1_MA: 0.5518694107313957
[[ 447    0 2638    0]
 [  12    0   63    0]
 [   6    0   98    0]
 [   2    0   33    0]]
Epoch: [21/200], cls_loss: 0.3541, transfer_loss: 0.0082,person_loss: -1.9779, total_Loss: 0.1604
trian begin
trian end
n_person 578
SAMPLE
F1_MI: 0.04031524704455896 F1_MA: 0.22544558664514078 ACC_MI: 0.04031524704455896 F1_MA: 0.20526477186526573
BEST_F1_MI: 0.9599878751136708 BEST_F1_MA: 0.4868479682991872 BEST_ACC_MI: 0.9599878751136708 BEST_F1_MA: 0.5518694107313957
[[  30    0 3055    0]
 [   5    0   70    0]
 [   1    0  103    0]
 [   2    0   33    0]]
Epoch: [22/200], cls_loss: 0.3644, transfer_loss: 0.0099,person_loss: -1.9802, total_Loss: 0.1713
trian begin
trian end
n_person 578
SAMPLE
F1_MI: 0.03546529251288269 F1_MA: 0.24365983581966566 ACC_MI: 0.03546529251288269 F1_MA: 0.209460002355618
BEST_F1_MI: 0.9599878751136708 BEST_F1_MA: 0.4868479682991872 BEST_ACC_MI: 0.9599878751136708 BEST_F1_MA: 0.5518694107313957
[[  61    0 1682 1342]
 [  10    0    7   58]
 [   3    0   24   77]
 [   2    0    1   32]]
Epoch: [23/200], cls_loss: 0.3405, transfer_loss: 0.0092,person_loss: -1.9794, total_Loss: 0.1471
trian begin
trian end
n_person 578
SAMPLE
F1_MI: 0.9172476508032738 F1_MA: 0.37005872502596115 ACC_MI: 0.9172476508032738 F1_MA: 0.3144182605438733
BEST_F1_MI: 0.9599878751136708 BEST_F1_MA: 0.4868479682991872 BEST_ACC_MI: 0.9599878751136708 BEST_F1_MA: 0.5518694107313957
[[2938    0  147    0]
 [  15    0   60    0]
 [  16    0   88    0]
 [   3    0   32    0]]
Epoch: [24/200], cls_loss: 0.3565, transfer_loss: 0.0087,person_loss: -1.9798, total_Loss: 0.1629
trian begin
trian end
n_person 578
SAMPLE
F1_MI: 0.7759927250682025 F1_MA: 0.3284289236111513 ACC_MI: 0.7759927250682025 F1_MA: 0.27413539157975464
BEST_F1_MI: 0.9599878751136708 BEST_F1_MA: 0.4868479682991872 BEST_ACC_MI: 0.9599878751136708 BEST_F1_MA: 0.5518694107313957
[[2473    0  612    0]
 [  14    0   61    0]
 [  17    0   87    0]
 [   2    0   33    0]]
Epoch: [25/200], cls_loss: 0.3644, transfer_loss: 0.0085,person_loss: -1.9795, total_Loss: 0.1707
trian begin
trian end
n_person 578
SAMPLE
F1_MI: 0.04607456805092453 F1_MA: 0.22387616898647572 ACC_MI: 0.046074568050924525 F1_MA: 0.2031950347758887
BEST_F1_MI: 0.9599878751136708 BEST_F1_MA: 0.4868479682991872 BEST_ACC_MI: 0.9599878751136708 BEST_F1_MA: 0.5518694107313957
[[  50    0 3035    0]
 [  10    0   65    0]
 [   2    0  102    0]
 [   2    0   33    0]]
Epoch: [26/200], cls_loss: 0.3619, transfer_loss: 0.0099,person_loss: -1.9791, total_Loss: 0.1689
trian begin
trian end
n_person 578
SAMPLE
F1_MI: 0.7684146711124583 F1_MA: 0.33668180059840036 ACC_MI: 0.7684146711124583 F1_MA: 0.27633840189511677
BEST_F1_MI: 0.9599878751136708 BEST_F1_MA: 0.4868479682991872 BEST_ACC_MI: 0.9599878751136708 BEST_F1_MA: 0.5518694107313957
[[2438    0  647    0]
 [  17    0   58    0]
 [   7    0   97    0]
 [   3    0   32    0]]
Epoch: [27/200], cls_loss: 0.3503, transfer_loss: 0.0086,person_loss: -1.9796, total_Loss: 0.1566
trian begin
trian end
n_person 578
SAMPLE
F1_MI: 0.9487723552591695 F1_MA: 0.3697049506480138 ACC_MI: 0.9487723552591695 F1_MA: 0.371973081386379
BEST_F1_MI: 0.9599878751136708 BEST_F1_MA: 0.4868479682991872 BEST_ACC_MI: 0.9599878751136708 BEST_F1_MA: 0.5518694107313957
[[3081    0    4    0]
 [  53    0   22    0]
 [  55    0   49    0]
 [  17    0   18    0]]
Epoch: [28/200], cls_loss: 0.3379, transfer_loss: 0.0117,person_loss: -1.9766, total_Loss: 0.1461
trian begin
trian end
n_person 578
SAMPLE
F1_MI: 0.9539254319490755 F1_MA: 0.38682624388541625 ACC_MI: 0.9539254319490755 F1_MA: 0.35523181138213883
BEST_F1_MI: 0.9599878751136708 BEST_F1_MA: 0.4868479682991872 BEST_ACC_MI: 0.9599878751136708 BEST_F1_MA: 0.5518694107313957
[[3074    0   11    0]
 [  21    0   54    0]
 [  31    0   73    0]
 [   7    0   28    0]]
Epoch: [29/200], cls_loss: 0.3606, transfer_loss: 0.0102,person_loss: -1.9783, total_Loss: 0.1678
trian begin
trian end
n_person 578
SAMPLE
F1_MI: 0.9533191876326159 F1_MA: 0.38944632058063167 ACC_MI: 0.9533191876326159 F1_MA: 0.3533752327746741
BEST_F1_MI: 0.9599878751136708 BEST_F1_MA: 0.4868479682991872 BEST_ACC_MI: 0.9599878751136708 BEST_F1_MA: 0.5518694107313957
[[3068    0   17    0]
 [  19    0   56    0]
 [  27    0   77    0]
 [   6    0   29    0]]
Epoch: [30/200], cls_loss: 0.3580, transfer_loss: 0.0119,person_loss: -1.9783, total_Loss: 0.1661
trian begin
trian end
n_person 578
SAMPLE
F1_MI: 0.9569566535313732 F1_MA: 0.39493749179051774 ACC_MI: 0.9569566535313732 F1_MA: 0.3634713133736328
BEST_F1_MI: 0.9599878751136708 BEST_F1_MA: 0.4868479682991872 BEST_ACC_MI: 0.9599878751136708 BEST_F1_MA: 0.5518694107313957
[[3081    0    4    0]
 [  22    0   53    0]
 [  28    0   76    0]
 [   7    0   28    0]]
Epoch: [31/200], cls_loss: 0.3392, transfer_loss: 0.0150,person_loss: -1.9761, total_Loss: 0.1491
trian begin
trian end
n_person 578
SAMPLE
F1_MI: 0.044862079418005456 F1_MA: 0.217353722532937 ACC_MI: 0.044862079418005456 F1_MA: 0.19431077952400574
BEST_F1_MI: 0.9599878751136708 BEST_F1_MA: 0.4868479682991872 BEST_ACC_MI: 0.9599878751136708 BEST_F1_MA: 0.5518694107313957
[[  47    0 3038    0]
 [  11    0   64    0]
 [   3    0  101    0]
 [   2    0   33    0]]
Epoch: [32/200], cls_loss: 0.3552, transfer_loss: 0.0104,person_loss: -1.9786, total_Loss: 0.1625
trian begin
trian end
n_person 578
SAMPLE
F1_MI: 0.3276750530463777 F1_MA: 0.28363887462247395 ACC_MI: 0.3276750530463777 F1_MA: 0.2562655502392345
BEST_F1_MI: 0.9599878751136708 BEST_F1_MA: 0.4868479682991872 BEST_ACC_MI: 0.9599878751136708 BEST_F1_MA: 0.5518694107313957
[[ 982    0 2103    0]
 [  11    0   64    0]
 [   5    0   99    0]
 [   2    0   33    0]]
Epoch: [33/200], cls_loss: 0.3482, transfer_loss: 0.0122,person_loss: -1.9793, total_Loss: 0.1564
trian begin
trian end
n_person 578
SAMPLE
F1_MI: 0.9481661109427099 F1_MA: 0.3522147642942888 ACC_MI: 0.9481661109427099 F1_MA: 0.34660321949734146
BEST_F1_MI: 0.9599878751136708 BEST_F1_MA: 0.4868479682991872 BEST_ACC_MI: 0.9599878751136708 BEST_F1_MA: 0.5518694107313957
[[3083    0    2    0]
 [  37    0   38    0]
 [  59    0   45    0]
 [  13    0   22    0]]
Epoch: [34/200], cls_loss: 0.3283, transfer_loss: 0.0120,person_loss: -1.9810, total_Loss: 0.1362
trian begin
trian end
n_person 578
SAMPLE
F1_MI: 0.9060321309487724 F1_MA: 0.37764726506545093 ACC_MI: 0.9060321309487723 F1_MA: 0.3126232995797548
BEST_F1_MI: 0.9599878751136708 BEST_F1_MA: 0.4868479682991872 BEST_ACC_MI: 0.9599878751136708 BEST_F1_MA: 0.5518694107313957
[[2888    0  197    0]
 [  12    0   63    0]
 [   3    0  101    0]
 [   2    0   33    0]]
Epoch: [35/200], cls_loss: 0.3367, transfer_loss: 0.0151,person_loss: -1.9797, total_Loss: 0.1463
trian begin
trian end
n_person 578
SAMPLE
F1_MI: 0.9599878751136708 F1_MA: 0.4094914779746151 ACC_MI: 0.9599878751136708 F1_MA: 0.3713223536936361
BEST_F1_MI: 0.9599878751136708 BEST_F1_MA: 0.4868479682991872 BEST_ACC_MI: 0.9599878751136708 BEST_F1_MA: 0.5518694107313957
[[3081    0    4    0]
 [  22    0   53    0]
 [  18    0   86    0]
 [   6    0   29    0]]
Epoch: [36/200], cls_loss: 0.3292, transfer_loss: 0.0115,person_loss: -1.9768, total_Loss: 0.1373
trian begin
trian end
n_person 578
SAMPLE
F1_MI: 0.9581691421642922 F1_MA: 0.47001584120977646 ACC_MI: 0.9581691421642922 F1_MA: 0.49484576444380063
BEST_F1_MI: 0.9599878751136708 BEST_F1_MA: 0.4868479682991872 BEST_ACC_MI: 0.9599878751136708 BEST_F1_MA: 0.5518694107313957
[[3079    0    6    0]
 [  26    1   48    0]
 [  23    0   81    0]
 [   6    1   28    0]]
Epoch: [37/200], cls_loss: 0.3213, transfer_loss: 0.0148,person_loss: -1.9762, total_Loss: 0.1311
trian begin
trian end
n_person 578
SAMPLE
F1_MI: 0.949378599575629 F1_MA: 0.37353870054018534 ACC_MI: 0.949378599575629 F1_MA: 0.38472922373378143
BEST_F1_MI: 0.9599878751136708 BEST_F1_MA: 0.4868479682991872 BEST_ACC_MI: 0.9599878751136708 BEST_F1_MA: 0.5518694107313957
[[3085    0    0    0]
 [  60    0   15    0]
 [  57    0   47    0]
 [  16    0   19    0]]
Epoch: [38/200], cls_loss: 0.3262, transfer_loss: 0.0125,person_loss: -1.9764, total_Loss: 0.1348
trian begin
trian end
n_person 578
SAMPLE
F1_MI: 0.905122764474083 F1_MA: 0.37527458027614957 ACC_MI: 0.905122764474083 F1_MA: 0.3124984179789908
BEST_F1_MI: 0.9599878751136708 BEST_F1_MA: 0.4868479682991872 BEST_ACC_MI: 0.9599878751136708 BEST_F1_MA: 0.5518694107313957
[[2888    7  190    0]
 [  15    0   60    0]
 [   6    0   98    0]
 [   2    1   32    0]]
Epoch: [39/200], cls_loss: 0.3236, transfer_loss: 0.0165,person_loss: -1.9772, total_Loss: 0.1341
trian begin
trian end
n_person 578
SAMPLE
F1_MI: 0.9515004546832373 F1_MA: 0.3731363842777133 ACC_MI: 0.9515004546832373 F1_MA: 0.3666953932936383
BEST_F1_MI: 0.9599878751136708 BEST_F1_MA: 0.4868479682991872 BEST_ACC_MI: 0.9599878751136708 BEST_F1_MA: 0.5518694107313957
[[3085    0    0    0]
 [  43    0   32    0]
 [  50    0   54    0]
 [  13    0   22    0]]
Epoch: [40/200], cls_loss: 0.3349, transfer_loss: 0.0149,person_loss: -1.9772, total_Loss: 0.1446
trian begin
trian end
n_person 578
SAMPLE
F1_MI: 0.9502879660503183 F1_MA: 0.3637024055761309 ACC_MI: 0.9502879660503183 F1_MA: 0.35743613403437907
BEST_F1_MI: 0.9599878751136708 BEST_F1_MA: 0.4868479682991872 BEST_ACC_MI: 0.9599878751136708 BEST_F1_MA: 0.5518694107313957
[[3085    0    0    0]
 [  43    0   32    0]
 [  54    0   50    0]
 [   9    0   26    0]]
Epoch: [41/200], cls_loss: 0.3339, transfer_loss: 0.0207,person_loss: -1.9745, total_Loss: 0.1467
trian begin
trian end
n_person 578
SAMPLE
F1_MI: 0.8581388299484692 F1_MA: 0.37800187608298136 ACC_MI: 0.8581388299484692 F1_MA: 0.33165931290931294
BEST_F1_MI: 0.9599878751136708 BEST_F1_MA: 0.4868479682991872 BEST_ACC_MI: 0.9599878751136708 BEST_F1_MA: 0.5518694107313957
[[2741    0  344    0]
 [  16    1   58    0]
 [  10    4   89    1]
 [   5    1   29    0]]
Epoch: [42/200], cls_loss: 0.3316, transfer_loss: 0.0233,person_loss: -1.9726, total_Loss: 0.1460
trian begin
trian end
n_person 578
SAMPLE
F1_MI: 0.9499848438920885 F1_MA: 0.4227635081969109 ACC_MI: 0.9499848438920885 F1_MA: 0.38141064444070744
BEST_F1_MI: 0.9599878751136708 BEST_F1_MA: 0.4868479682991872 BEST_ACC_MI: 0.9599878751136708 BEST_F1_MA: 0.5518694107313957
[[3040   18   27    0]
 [  17    2   56    0]
 [  11    1   92    0]
 [   3    2   30    0]]
Epoch: [43/200], cls_loss: 0.3286, transfer_loss: 0.0209,person_loss: -1.9768, total_Loss: 0.1414
trian begin
trian end
n_person 578
SAMPLE
F1_MI: 0.9327068808729918 F1_MA: 0.3937772946056022 ACC_MI: 0.9327068808729918 F1_MA: 0.3388179628180238
BEST_F1_MI: 0.9599878751136708 BEST_F1_MA: 0.4868479682991872 BEST_ACC_MI: 0.9599878751136708 BEST_F1_MA: 0.5518694107313957
[[2982   28   75    0]
 [  15    0   60    0]
 [   5    4   95    0]
 [   2    1   32    0]]
Epoch: [44/200], cls_loss: 0.3211, transfer_loss: 0.0225,person_loss: -1.9741, total_Loss: 0.1349
trian begin
trian end
n_person 578
SAMPLE
F1_MI: 0.9527129433161564 F1_MA: 0.43076106986790585 ACC_MI: 0.9527129433161564 F1_MA: 0.4627644046669166
BEST_F1_MI: 0.9599878751136708 BEST_F1_MA: 0.4868479682991872 BEST_ACC_MI: 0.9599878751136708 BEST_F1_MA: 0.5518694107313957
[[3082    1    2    0]
 [  33    7   35    0]
 [  40    9   54    1]
 [  10    0   25    0]]
Epoch: [45/200], cls_loss: 0.3238, transfer_loss: 0.0229,person_loss: -1.9744, total_Loss: 0.1378
trian begin
trian end
n_person 578
SAMPLE
F1_MI: 0.033343437405274325 F1_MA: 0.23957258439536927 ACC_MI: 0.033343437405274325 F1_MA: 0.27788722686742573
BEST_F1_MI: 0.9599878751136708 BEST_F1_MA: 0.4868479682991872 BEST_ACC_MI: 0.9599878751136708 BEST_F1_MA: 0.5518694107313957
[[  41 2973   23   48]
 [   6   19   38   12]
 [  10   13   45   36]
 [   1    6   23    5]]
Epoch: [46/200], cls_loss: 0.3202, transfer_loss: 0.0261,person_loss: -1.9761, total_Loss: 0.1357
trian begin
trian end
n_person 578
SAMPLE
F1_MI: 0.8957259775689603 F1_MA: 0.3670228568360515 ACC_MI: 0.8957259775689603 F1_MA: 0.3052538010165129
BEST_F1_MI: 0.9599878751136708 BEST_F1_MA: 0.4868479682991872 BEST_ACC_MI: 0.9599878751136708 BEST_F1_MA: 0.5518694107313957
[[2860    0  225    0]
 [  14    0   61    0]
 [   9    0   95    0]
 [   3    0   32    0]]
Epoch: [47/200], cls_loss: 0.3057, transfer_loss: 0.0284,person_loss: -1.9766, total_Loss: 0.1222
trian begin
trian end
n_person 578
SAMPLE
F1_MI: 0.9424067899363443 F1_MA: 0.4189092119308907 ACC_MI: 0.9424067899363443 F1_MA: 0.44933324899108784
BEST_F1_MI: 0.9599878751136708 BEST_F1_MA: 0.4868479682991872 BEST_ACC_MI: 0.9599878751136708 BEST_F1_MA: 0.5518694107313957
[[3082    0    1    2]
 [  36    2   16   21]
 [  49    3    9   43]
 [  14    1    4   16]]
Epoch: [48/200], cls_loss: 0.3208, transfer_loss: 0.0318,person_loss: -1.9734, total_Loss: 0.1394
trian begin
trian end
n_person 578
SAMPLE
F1_MI: 0.9602909972719006 F1_MA: 0.5706825939481098 ACC_MI: 0.9602909972719006 F1_MA: 0.6434441709782127
BEST_F1_MI: 0.9602909972719006 BEST_F1_MA: 0.5706825939481098 BEST_ACC_MI: 0.9602909972719006 BEST_F1_MA: 0.6434441709782127
[[3079    1    5    0]
 [  19    2   51    3]
 [  16    0   77   11]
 [   5    0   20   10]]
Epoch: [49/200], cls_loss: 0.2971, transfer_loss: 0.0325,person_loss: -1.9739, total_Loss: 0.1160
trian begin
trian end
n_person 578
SAMPLE
F1_MI: 0.931191270081843 F1_MA: 0.39687055781893577 ACC_MI: 0.931191270081843 F1_MA: 0.3751859609286301
BEST_F1_MI: 0.9602909972719006 BEST_F1_MA: 0.5706825939481098 BEST_ACC_MI: 0.9602909972719006 BEST_F1_MA: 0.6434441709782127
[[3037    6   39    3]
 [  21    1   21   32]
 [  48    0   15   41]
 [   9    0    7   19]]
Epoch: [50/200], cls_loss: 0.3278, transfer_loss: 0.0290,person_loss: -1.9738, total_Loss: 0.1449
trian begin
trian end
n_person 578
SAMPLE
F1_MI: 0.9451348893604122 F1_MA: 0.5521327549892046 ACC_MI: 0.9451348893604122 F1_MA: 0.7386067424678969
BEST_F1_MI: 0.9602909972719006 BEST_F1_MA: 0.5706825939481098 BEST_ACC_MI: 0.9602909972719006 BEST_F1_MA: 0.7386067424678969
[[3083    0    0    2]
 [  49   13    0   13]
 [  59    4    2   39]
 [  14    1    0   20]]
Epoch: [51/200], cls_loss: 0.3009, transfer_loss: 0.0302,person_loss: -1.9707, total_Loss: 0.1190
trian begin
trian end
n_person 578
SAMPLE
F1_MI: 0.8423764777205214 F1_MA: 0.4148408347975174 ACC_MI: 0.8423764777205214 F1_MA: 0.3735958378863122
BEST_F1_MI: 0.9602909972719006 BEST_F1_MA: 0.5706825939481098 BEST_ACC_MI: 0.9602909972719006 BEST_F1_MA: 0.7386067424678969
[[2727    3  354    1]
 [  20    2   13   40]
 [  14    3   25   62]
 [   4    0    6   25]]
Epoch: [52/200], cls_loss: 0.2998, transfer_loss: 0.0329,person_loss: -1.9704, total_Loss: 0.1192
trian begin
trian end
n_person 578
SAMPLE
F1_MI: 0.9366474689299787 F1_MA: 0.4929989900572396 ACC_MI: 0.9366474689299787 F1_MA: 0.5226502065191938
BEST_F1_MI: 0.9602909972719006 BEST_F1_MA: 0.5706825939481098 BEST_ACC_MI: 0.9602909972719006 BEST_F1_MA: 0.7386067424678969
[[3027    2   56    0]
 [  29   19   11   16]
 [  36    9   33   26]
 [  11    1   12   11]]
Epoch: [53/200], cls_loss: 0.3035, transfer_loss: 0.0375,person_loss: -1.9712, total_Loss: 0.1252
trian begin
trian end
n_person 578
SAMPLE
F1_MI: 0.810548651106396 F1_MA: 0.3676710496893341 ACC_MI: 0.8105486511063958 F1_MA: 0.30537068094712877
BEST_F1_MI: 0.9602909972719006 BEST_F1_MA: 0.5706825939481098 BEST_ACC_MI: 0.9602909972719006 BEST_F1_MA: 0.7386067424678969
[[2632  390   39   24]
 [  11   11    0   53]
 [  14    8    2   80]
 [   1    5    0   29]]
Epoch: [54/200], cls_loss: 0.3045, transfer_loss: 0.0381,person_loss: -1.9710, total_Loss: 0.1264
trian begin
trian end
n_person 578
SAMPLE
F1_MI: 0.9293725371324644 F1_MA: 0.44672905287162185 ACC_MI: 0.9293725371324644 F1_MA: 0.40876717149652925
BEST_F1_MI: 0.9602909972719006 BEST_F1_MA: 0.5706825939481098 BEST_ACC_MI: 0.9602909972719006 BEST_F1_MA: 0.7386067424678969
[[3025    7   18   35]
 [  15    2    0   58]
 [   9    1    8   86]
 [   3    0    1   31]]
Epoch: [55/200], cls_loss: 0.2784, transfer_loss: 0.0339,person_loss: -1.9754, total_Loss: 0.0978
trian begin
trian end
n_person 578
SAMPLE
F1_MI: 0.8548044862079418 F1_MA: 0.367382560100099 ACC_MI: 0.8548044862079418 F1_MA: 0.3043971893491124
BEST_F1_MI: 0.9602909972719006 BEST_F1_MA: 0.5706825939481098 BEST_ACC_MI: 0.9602909972719006 BEST_F1_MA: 0.7386067424678969
[[2772    1  300   12]
 [  16    0   10   49]
 [   9    0   22   73]
 [   3    0    6   26]]
Epoch: [56/200], cls_loss: 0.2684, transfer_loss: 0.0388,person_loss: -1.9752, total_Loss: 0.0902
trian begin
trian end
n_person 578
SAMPLE
F1_MI: 0.9387693240375872 F1_MA: 0.4202238772731201 ACC_MI: 0.9387693240375872 F1_MA: 0.37712729398908723
BEST_F1_MI: 0.9602909972719006 BEST_F1_MA: 0.5706825939481098 BEST_ACC_MI: 0.9602909972719006 BEST_F1_MA: 0.7386067424678969
[[3062    5    7   11]
 [  16    0    0   59]
 [   9    3    5   87]
 [   3    0    2   30]]
Epoch: [57/200], cls_loss: 0.2865, transfer_loss: 0.0368,person_loss: -1.9754, total_Loss: 0.1074
trian begin
trian end
n_person 578
SAMPLE
F1_MI: 0.9399818126705062 F1_MA: 0.4129731357360472 ACC_MI: 0.9399818126705062 F1_MA: 0.37135283850069767
BEST_F1_MI: 0.9602909972719006 BEST_F1_MA: 0.5706825939481098 BEST_ACC_MI: 0.9602909972719006 BEST_F1_MA: 0.7386067424678969
[[3062    1   16    6]
 [  16    0    3   56]
 [   8    0   13   83]
 [   3    0    6   26]]
Epoch: [58/200], cls_loss: 0.2677, transfer_loss: 0.0340,person_loss: -1.9700, total_Loss: 0.0877
trian begin
trian end
n_person 578
SAMPLE
F1_MI: 0.940284934828736 F1_MA: 0.4223809028265313 ACC_MI: 0.940284934828736 F1_MA: 0.3969877173003626
BEST_F1_MI: 0.9602909972719006 BEST_F1_MA: 0.5706825939481098 BEST_ACC_MI: 0.9602909972719006 BEST_F1_MA: 0.7386067424678969
[[3069    2    6    8]
 [  21    0    0   54]
 [  27    3    7   67]
 [   6    0    3   26]]
Epoch: [59/200], cls_loss: 0.2645, transfer_loss: 0.0349,person_loss: -1.9767, total_Loss: 0.0843
trian begin
trian end
n_person 578
SAMPLE
F1_MI: 0.06638375265231888 F1_MA: 0.2769454180929961 ACC_MI: 0.06638375265231888 F1_MA: 0.2735457547380654
BEST_F1_MI: 0.9602909972719006 BEST_F1_MA: 0.5706825939481098 BEST_ACC_MI: 0.9602909972719006 BEST_F1_MA: 0.7386067424678969
[[ 169 2818   59   39]
 [  11   20    0   44]
 [   6   13    3   82]
 [   2    5    1   27]]
Epoch: [60/200], cls_loss: 0.2601, transfer_loss: 0.0371,person_loss: -1.9760, total_Loss: 0.0810
trian begin
trian end
n_person 578
SAMPLE
F1_MI: 0.9430130342528039 F1_MA: 0.47521229671978793 ACC_MI: 0.9430130342528039 F1_MA: 0.5522490721216511
BEST_F1_MI: 0.9602909972719006 BEST_F1_MA: 0.5706825939481098 BEST_ACC_MI: 0.9602909972719006 BEST_F1_MA: 0.7386067424678969
[[3082    1    2    0]
 [  31    3   13   28]
 [  54    0    6   44]
 [  14    0    1   20]]
Epoch: [61/200], cls_loss: 0.2653, transfer_loss: 0.0390,person_loss: -1.9724, total_Loss: 0.0875
trian begin
trian end
n_person 578
SAMPLE
F1_MI: 0.018187329493785997 F1_MA: 0.21969042343662212 ACC_MI: 0.018187329493785997 F1_MA: 0.18114762370549786
BEST_F1_MI: 0.9602909972719006 BEST_F1_MA: 0.5706825939481098 BEST_ACC_MI: 0.9602909972719006 BEST_F1_MA: 0.7386067424678969
[[  12 3036    1   36]
 [   5   17    0   53]
 [   2   12    0   90]
 [   2    2    0   31]]
Epoch: [62/200], cls_loss: 0.2594, transfer_loss: 0.0298,person_loss: -1.9714, total_Loss: 0.0772
trian begin
trian end
n_person 578
SAMPLE
F1_MI: 0.040012124886329194 F1_MA: 0.26545618620949457 ACC_MI: 0.040012124886329194 F1_MA: 0.24265448603683898
BEST_F1_MI: 0.9602909972719006 BEST_F1_MA: 0.5706825939481098 BEST_ACC_MI: 0.9602909972719006 BEST_F1_MA: 0.7386067424678969
[[  78 3001    3    3]
 [  13   26    0   36]
 [  10   29    0   65]
 [   3    4    0   28]]
Epoch: [63/200], cls_loss: 0.2589, transfer_loss: 0.0408,person_loss: -1.9746, total_Loss: 0.0818
trian begin
trian end
n_person 578
SAMPLE
F1_MI: 0.9357381024552894 F1_MA: 0.41816688908139077 ACC_MI: 0.9357381024552894 F1_MA: 0.40502581477896094
BEST_F1_MI: 0.9602909972719006 BEST_F1_MA: 0.5706825939481098 BEST_ACC_MI: 0.9602909972719006 BEST_F1_MA: 0.7386067424678969
[[3058    3    8   16]
 [  21    1    1   52]
 [  12    0    4   88]
 [   8    0    3   24]]
Epoch: [64/200], cls_loss: 0.2671, transfer_loss: 0.0407,person_loss: -1.9747, total_Loss: 0.0899
trian begin
trian end
n_person 578
SAMPLE
F1_MI: 0.8993634434677175 F1_MA: 0.375127868027615 ACC_MI: 0.8993634434677175 F1_MA: 0.3087186663230543
BEST_F1_MI: 0.9602909972719006 BEST_F1_MA: 0.5706825939481098 BEST_ACC_MI: 0.9602909972719006 BEST_F1_MA: 0.7386067424678969
[[2930   44   27   84]
 [  14    5    0   56]
 [   7    7    1   89]
 [   3    0    1   31]]
Epoch: [65/200], cls_loss: 0.2338, transfer_loss: 0.0396,person_loss: -1.9747, total_Loss: 0.0561
trian begin
trian end
n_person 578
SAMPLE
F1_MI: 0.03213094877235526 F1_MA: 0.2628022774074166 ACC_MI: 0.03213094877235526 F1_MA: 0.2259990706856066
BEST_F1_MI: 0.9602909972719006 BEST_F1_MA: 0.5706825939481098 BEST_ACC_MI: 0.9602909972719006 BEST_F1_MA: 0.7386067424678969
[[  40 2384  657    4]
 [  11   31    5   28]
 [   7   29    9   59]
 [   3    4    2   26]]
Epoch: [66/200], cls_loss: 0.2539, transfer_loss: 0.0414,person_loss: -1.9736, total_Loss: 0.0773
trian begin
trian end
n_person 578
SAMPLE
F1_MI: 0.949378599575629 F1_MA: 0.601040979887722 ACC_MI: 0.949378599575629 F1_MA: 0.7280705322306081
BEST_F1_MI: 0.9602909972719006 BEST_F1_MA: 0.601040979887722 BEST_ACC_MI: 0.9602909972719006 BEST_F1_MA: 0.7386067424678969
[[3082    2    0    1]
 [  31   20    0   24]
 [  39    7    4   54]
 [   9    0    0   26]]
Epoch: [67/200], cls_loss: 0.2647, transfer_loss: 0.0383,person_loss: -1.9750, total_Loss: 0.0863
trian begin
trian end
n_person 578
SAMPLE
F1_MI: 0.859654440739618 F1_MA: 0.41301821690073437 ACC_MI: 0.859654440739618 F1_MA: 0.39935709473886816
BEST_F1_MI: 0.9602909972719006 BEST_F1_MA: 0.601040979887722 BEST_ACC_MI: 0.9602909972719006 BEST_F1_MA: 0.7386067424678969
[[2796  274    7    8]
 [  16   16    0   43]
 [  16   23    5   60]
 [  14    2    0   19]]
Epoch: [68/200], cls_loss: 0.2433, transfer_loss: 0.0346,person_loss: -1.9761, total_Loss: 0.0630
trian begin
trian end
n_person 578
SAMPLE
F1_MI: 0.024552894816611093 F1_MA: 0.2714326568188974 ACC_MI: 0.024552894816611093 F1_MA: 0.24367669684332532
BEST_F1_MI: 0.9602909972719006 BEST_F1_MA: 0.601040979887722 BEST_ACC_MI: 0.9602909972719006 BEST_F1_MA: 0.7386067424678969
[[  19 3053    8    5]
 [   6   35    0   34]
 [   1   33    1   69]
 [   2    5    2   26]]
Epoch: [69/200], cls_loss: 0.2635, transfer_loss: 0.0392,person_loss: -1.9756, total_Loss: 0.0856
trian begin
trian end
n_person 578
SAMPLE
F1_MI: 0.03031221582297666 F1_MA: 0.2798360238282553 ACC_MI: 0.03031221582297666 F1_MA: 0.23194303862908514
BEST_F1_MI: 0.9602909972719006 BEST_F1_MA: 0.601040979887722 BEST_ACC_MI: 0.9602909972719006 BEST_F1_MA: 0.7386067424678969
[[  21 3063    0    1]
 [   4   56    0   15]
 [   6   53    0   45]
 [   2   10    0   23]]
Epoch: [70/200], cls_loss: 0.2402, transfer_loss: 0.0484,person_loss: -1.9743, total_Loss: 0.0669
trian begin
trian end
n_person 578
SAMPLE
F1_MI: 0.5386480751742952 F1_MA: 0.3620590113120159 ACC_MI: 0.5386480751742952 F1_MA: 0.31309647336681873
BEST_F1_MI: 0.9602909972719006 BEST_F1_MA: 0.601040979887722 BEST_ACC_MI: 0.9602909972719006 BEST_F1_MA: 0.7386067424678969
[[1723 1342   17    3]
 [  15   24    0   36]
 [   8   16    1   79]
 [   3    2    1   29]]
Epoch: [71/200], cls_loss: 0.2508, transfer_loss: 0.0460,person_loss: -1.9784, total_Loss: 0.0760
trian begin
trian end
n_person 578
SAMPLE
F1_MI: 0.026371627765989693 F1_MA: 0.25679716874620256 ACC_MI: 0.026371627765989693 F1_MA: 0.21841273842984962
BEST_F1_MI: 0.9602909972719006 BEST_F1_MA: 0.601040979887722 BEST_ACC_MI: 0.9602909972719006 BEST_F1_MA: 0.7386067424678969
[[  25 3046    6    8]
 [   8   35    1   31]
 [   3   35    0   66]
 [   2    6    0   27]]
Epoch: [72/200], cls_loss: 0.2493, transfer_loss: 0.0534,person_loss: -1.9758, total_Loss: 0.0784
trian begin
trian end
n_person 578
SAMPLE
F1_MI: 0.12549257350712337 F1_MA: 0.3353706757198069 ACC_MI: 0.12549257350712337 F1_MA: 0.36074682554699145
BEST_F1_MI: 0.9602909972719006 BEST_F1_MA: 0.601040979887722 BEST_ACC_MI: 0.9602909972719006 BEST_F1_MA: 0.7386067424678969
[[ 364 2671    2   48]
 [  11   18    0   46]
 [   4   14    1   85]
 [   2    2    0   31]]
Epoch: [73/200], cls_loss: 0.2486, transfer_loss: 0.0435,person_loss: -1.9777, total_Loss: 0.0726
trian begin
trian end
n_person 578
SAMPLE
F1_MI: 0.9481661109427099 F1_MA: 0.6001484520278909 ACC_MI: 0.9481661109427099 F1_MA: 0.6611775048732943
BEST_F1_MI: 0.9602909972719006 BEST_F1_MA: 0.601040979887722 BEST_ACC_MI: 0.9602909972719006 BEST_F1_MA: 0.7386067424678969
[[3064    8    1   12]
 [  23   31    0   21]
 [  31   15    8   50]
 [   7    3    0   25]]
Epoch: [74/200], cls_loss: 0.2389, transfer_loss: 0.0481,person_loss: -1.9769, total_Loss: 0.0652
trian begin
trian end
n_person 578
SAMPLE
F1_MI: 0.8572294634737799 F1_MA: 0.39667991891059134 ACC_MI: 0.8572294634737799 F1_MA: 0.32540671054652665
BEST_F1_MI: 0.9602909972719006 BEST_F1_MA: 0.601040979887722 BEST_ACC_MI: 0.9602909972719006 BEST_F1_MA: 0.7386067424678969
[[2776   81   69  159]
 [  15   17    0   43]
 [   8   17    5   74]
 [   3    2    0   30]]
Epoch: [75/200], cls_loss: 0.2343, transfer_loss: 0.0552,person_loss: -1.9771, total_Loss: 0.0642
trian begin
trian end
n_person 578
SAMPLE
F1_MI: 0.9327068808729918 F1_MA: 0.5044495871405252 ACC_MI: 0.9327068808729918 F1_MA: 0.46603859784588575
BEST_F1_MI: 0.9602909972719006 BEST_F1_MA: 0.601040979887722 BEST_ACC_MI: 0.9602909972719006 BEST_F1_MA: 0.7386067424678969
[[3016   13   10   46]
 [  18   28    1   28]
 [  12   28    5   59]
 [   4    3    0   28]]
Epoch: [76/200], cls_loss: 0.2268, transfer_loss: 0.0514,person_loss: -1.9761, total_Loss: 0.0549
trian begin
trian end
n_person 578
SAMPLE
F1_MI: 0.2888754167929676 F1_MA: 0.3342347521818471 ACC_MI: 0.2888754167929676 F1_MA: 0.30030761489130686
BEST_F1_MI: 0.9602909972719006 BEST_F1_MA: 0.601040979887722 BEST_ACC_MI: 0.9602909972719006 BEST_F1_MA: 0.7386067424678969
[[ 889 2167   19   10]
 [  11   40    0   24]
 [   9   38    0   57]
 [   3    8    0   24]]
Epoch: [77/200], cls_loss: 0.2526, transfer_loss: 0.0511,person_loss: -1.9765, total_Loss: 0.0805
trian begin
trian end
n_person 578
SAMPLE
F1_MI: 0.9445286450439527 F1_MA: 0.4436060668204964 ACC_MI: 0.9445286450439527 F1_MA: 0.4206601731601732
BEST_F1_MI: 0.9602909972719006 BEST_F1_MA: 0.601040979887722 BEST_ACC_MI: 0.9602909972719006 BEST_F1_MA: 0.7386067424678969
[[3081    2    1    1]
 [  30    8    0   37]
 [  31    6    0   67]
 [   8    0    0   27]]
Epoch: [78/200], cls_loss: 0.2606, transfer_loss: 0.0495,person_loss: -1.9772, total_Loss: 0.0877
trian begin
trian end
n_person 578
SAMPLE
F1_MI: 0.5380418308578357 F1_MA: 0.37693739778788 ACC_MI: 0.5380418308578357 F1_MA: 0.3442616456354612
BEST_F1_MI: 0.9602909972719006 BEST_F1_MA: 0.601040979887722 BEST_ACC_MI: 0.9602909972719006 BEST_F1_MA: 0.7386067424678969
[[1724   48 1280   33]
 [  15   18    8   34]
 [  18   17    4   65]
 [   3    1    2   29]]
Epoch: [79/200], cls_loss: 0.2363, transfer_loss: 0.0597,person_loss: -1.9777, total_Loss: 0.0684
trian begin
trian end
n_person 578
SAMPLE
F1_MI: 0.9305850257653835 F1_MA: 0.47228820347751216 ACC_MI: 0.9305850257653835 F1_MA: 0.4146456678795041
BEST_F1_MI: 0.9602909972719006 BEST_F1_MA: 0.601040979887722 BEST_ACC_MI: 0.9602909972719006 BEST_F1_MA: 0.7386067424678969
[[3008    7   10   60]
 [  15   35    1   24]
 [   9   33    1   61]
 [   3    6    0   26]]
Epoch: [80/200], cls_loss: 0.2264, transfer_loss: 0.0519,person_loss: -1.9777, total_Loss: 0.0546
trian begin
trian end
n_person 578
SAMPLE
F1_MI: 0.9424067899363443 F1_MA: 0.41011326812766297 ACC_MI: 0.9424067899363443 F1_MA: 0.4366902807886859
BEST_F1_MI: 0.9602909972719006 BEST_F1_MA: 0.601040979887722 BEST_ACC_MI: 0.9602909972719006 BEST_F1_MA: 0.7386067424678969
[[3084    0    0    1]
 [  61   11    0    3]
 [  63   11    0   30]
 [  21    0    0   14]]
Epoch: [81/200], cls_loss: 0.2265, transfer_loss: 0.0540,person_loss: -1.9760, total_Loss: 0.0559
trian begin
trian end
n_person 578
SAMPLE
F1_MI: 0.06395877538648075 F1_MA: 0.3837110291064944 ACC_MI: 0.06395877538648075 F1_MA: 0.41625735767615735
BEST_F1_MI: 0.9602909972719006 BEST_F1_MA: 0.601040979887722 BEST_ACC_MI: 0.9602909972719006 BEST_F1_MA: 0.7386067424678969
[[ 135 2942    6    2]
 [  12   42    0   21]
 [   6   36    8   54]
 [   3    5    1   26]]
Epoch: [82/200], cls_loss: 0.2305, transfer_loss: 0.0529,person_loss: -1.9779, total_Loss: 0.0592
trian begin
trian end
n_person 578
SAMPLE
F1_MI: 0.025159139133070628 F1_MA: 0.28288582775207755 ACC_MI: 0.025159139133070628 F1_MA: 0.24391016723855452
BEST_F1_MI: 0.9602909972719006 BEST_F1_MA: 0.601040979887722 BEST_ACC_MI: 0.9602909972719006 BEST_F1_MA: 0.7386067424678969
[[  12 3056    3   14]
 [   2   45    1   27]
 [   1   47    0   56]
 [   1    8    0   26]]
Epoch: [83/200], cls_loss: 0.2292, transfer_loss: 0.0614,person_loss: -1.9779, total_Loss: 0.0621
trian begin
trian end
n_person 578
SAMPLE
F1_MI: 0.9436192785692634 F1_MA: 0.48601729262458854 ACC_MI: 0.9436192785692634 F1_MA: 0.5317998415071841
BEST_F1_MI: 0.9602909972719006 BEST_F1_MA: 0.601040979887722 BEST_ACC_MI: 0.9602909972719006 BEST_F1_MA: 0.7386067424678969
[[3077    1    4    3]
 [  45   13    0   17]
 [  46    8    2   48]
 [  14    0    0   21]]
Epoch: [84/200], cls_loss: 0.2271, transfer_loss: 0.0467,person_loss: -1.9786, total_Loss: 0.0525
trian begin
trian end
n_person 578
SAMPLE
F1_MI: 0.9381630797211277 F1_MA: 0.44816083740515034 ACC_MI: 0.9381630797211277 F1_MA: 0.3829378231510592
BEST_F1_MI: 0.9602909972719006 BEST_F1_MA: 0.601040979887722 BEST_ACC_MI: 0.9602909972719006 BEST_F1_MA: 0.7386067424678969
[[3040   26    1   18]
 [  17   26    0   32]
 [   8   18    0   78]
 [   3    3    0   29]]
Epoch: [85/200], cls_loss: 0.2337, transfer_loss: 0.0518,person_loss: -1.9758, total_Loss: 0.0620
trian begin
trian end
n_person 578
SAMPLE
F1_MI: 0.8878448014549863 F1_MA: 0.42505010283362504 ACC_MI: 0.8878448014549863 F1_MA: 0.3580041645305337
BEST_F1_MI: 0.9602909972719006 BEST_F1_MA: 0.601040979887722 BEST_ACC_MI: 0.9602909972719006 BEST_F1_MA: 0.7386067424678969
[[2869   73  129   14]
 [  15   35    0   25]
 [  12   35    1   56]
 [   4    7    0   24]]
Epoch: [86/200], cls_loss: 0.2418, transfer_loss: 0.0527,person_loss: -1.9773, total_Loss: 0.0704
trian begin
trian end
n_person 578
SAMPLE
F1_MI: 0.9342224916641406 F1_MA: 0.45596556897921625 ACC_MI: 0.9342224916641406 F1_MA: 0.4066758673388327
BEST_F1_MI: 0.9602909972719006 BEST_F1_MA: 0.601040979887722 BEST_ACC_MI: 0.9602909972719006 BEST_F1_MA: 0.7386067424678969
[[3035    3   21   26]
 [  16   14    2   43]
 [   8   19    2   75]
 [   3    1    0   31]]
Epoch: [87/200], cls_loss: 0.2177, transfer_loss: 0.0532,person_loss: -1.9755, total_Loss: 0.0468
trian begin
trian end
n_person 578
SAMPLE
F1_MI: 0.9487723552591695 F1_MA: 0.5992730960292261 ACC_MI: 0.9487723552591695 F1_MA: 0.6594917917723239
BEST_F1_MI: 0.9602909972719006 BEST_F1_MA: 0.601040979887722 BEST_ACC_MI: 0.9602909972719006 BEST_F1_MA: 0.7386067424678969
[[3074    9    0    2]
 [  17   25    0   33]
 [  14   25    1   64]
 [   4    1    0   30]]
Epoch: [88/200], cls_loss: 0.2192, transfer_loss: 0.0599,person_loss: -1.9757, total_Loss: 0.0516
trian begin
trian end
n_person 578
SAMPLE
F1_MI: 0.023340406183692028 F1_MA: 0.25499072265069844 ACC_MI: 0.023340406183692028 F1_MA: 0.22049489594930619
BEST_F1_MI: 0.9602909972719006 BEST_F1_MA: 0.601040979887722 BEST_ACC_MI: 0.9602909972719006 BEST_F1_MA: 0.7386067424678969
[[  22 2736  289   38]
 [   7   23    2   43]
 [   0   22    1   81]
 [   2    1    1   31]]
Epoch: [89/200], cls_loss: 0.2251, transfer_loss: 0.0576,person_loss: -1.9777, total_Loss: 0.0561
trian begin
trian end
n_person 578
SAMPLE
F1_MI: 0.03728402546226129 F1_MA: 0.2809247829431446 ACC_MI: 0.03728402546226129 F1_MA: 0.24998836736050728
BEST_F1_MI: 0.9602909972719006 BEST_F1_MA: 0.601040979887722 BEST_ACC_MI: 0.9602909972719006 BEST_F1_MA: 0.7386067424678969
[[  60 2538  452   35]
 [   9   34    2   30]
 [   3   32    1   68]
 [   2    5    0   28]]
Epoch: [90/200], cls_loss: 0.2249, transfer_loss: 0.0551,person_loss: -1.9785, total_Loss: 0.0546
trian begin
trian end
n_person 578
SAMPLE
F1_MI: 0.945438011518642 F1_MA: 0.4550394424538382 ACC_MI: 0.945438011518642 F1_MA: 0.4029509040582444
BEST_F1_MI: 0.9602909972719006 BEST_F1_MA: 0.601040979887722 BEST_ACC_MI: 0.9602909972719006 BEST_F1_MA: 0.7386067424678969
[[3070    7    0    8]
 [  19   20    0   36]
 [  18   20    0   66]
 [   5    1    0   29]]
Epoch: [91/200], cls_loss: 0.2301, transfer_loss: 0.0683,person_loss: -1.9772, total_Loss: 0.0665
trian begin
trian end
n_person 578
SAMPLE
F1_MI: 0.8739011821764171 F1_MA: 0.4184736091440107 ACC_MI: 0.8739011821764171 F1_MA: 0.3540079350211985
BEST_F1_MI: 0.9602909972719006 BEST_F1_MA: 0.601040979887722 BEST_ACC_MI: 0.9602909972719006 BEST_F1_MA: 0.7386067424678969
[[2835   14    6  230]
 [  10   16    1   48]
 [   4   16    0   84]
 [   2    1    0   32]]
Epoch: [92/200], cls_loss: 0.2180, transfer_loss: 0.0567,person_loss: -1.9810, total_Loss: 0.0482
trian begin
trian end
n_person 578
SAMPLE
F1_MI: 0.9296756592906942 F1_MA: 0.4518918407993285 ACC_MI: 0.9296756592906942 F1_MA: 0.3924775435035893
BEST_F1_MI: 0.9602909972719006 BEST_F1_MA: 0.601040979887722 BEST_ACC_MI: 0.9602909972719006 BEST_F1_MA: 0.7386067424678969
[[3016   15   24   30]
 [  16   20    0   39]
 [  10   13    0   81]
 [   3    1    0   31]]
Epoch: [93/200], cls_loss: 0.2330, transfer_loss: 0.0620,person_loss: -1.9785, total_Loss: 0.0661
trian begin
trian end
n_person 578
SAMPLE
F1_MI: 0.07578053955744164 F1_MA: 0.28566426492968405 ACC_MI: 0.07578053955744164 F1_MA: 0.27214485812398337
BEST_F1_MI: 0.9602909972719006 BEST_F1_MA: 0.601040979887722 BEST_ACC_MI: 0.9602909972719006 BEST_F1_MA: 0.7386067424678969
[[ 201  273 2510  101]
 [  11   16    4   44]
 [   6   10    1   87]
 [   2    1    0   32]]
Epoch: [94/200], cls_loss: 0.2314, transfer_loss: 0.0512,person_loss: -1.9781, total_Loss: 0.0591
trian begin
trian end
n_person 578
SAMPLE
F1_MI: 0.798726886935435 F1_MA: 0.42138035316413724 ACC_MI: 0.798726886935435 F1_MA: 0.35434165329485906
BEST_F1_MI: 0.9602909972719006 BEST_F1_MA: 0.601040979887722 BEST_ACC_MI: 0.9602909972719006 BEST_F1_MA: 0.7386067424678969
[[2576   31  329  149]
 [  11   29    1   34]
 [   5   29    0   70]
 [   3    2    0   30]]
Epoch: [95/200], cls_loss: 0.2182, transfer_loss: 0.0535,person_loss: -1.9774, total_Loss: 0.0472
trian begin
trian end
n_person 578
SAMPLE
F1_MI: 0.8629887844801455 F1_MA: 0.4155402155307572 ACC_MI: 0.8629887844801455 F1_MA: 0.33849291669182513
BEST_F1_MI: 0.9602909972719006 BEST_F1_MA: 0.601040979887722 BEST_ACC_MI: 0.9602909972719006 BEST_F1_MA: 0.7386067424678969
[[2790   43   81  171]
 [  11   25    1   38]
 [   2   28    0   74]
 [   2    1    0   32]]
Epoch: [96/200], cls_loss: 0.2224, transfer_loss: 0.0588,person_loss: -1.9789, total_Loss: 0.0539
trian begin
trian end
n_person 578
SAMPLE
F1_MI: 0.02667474992421946 F1_MA: 0.28663922030794237 ACC_MI: 0.02667474992421946 F1_MA: 0.25528250633003624
BEST_F1_MI: 0.9602909972719006 BEST_F1_MA: 0.601040979887722 BEST_ACC_MI: 0.9602909972719006 BEST_F1_MA: 0.7386067424678969
[[  19 3060    3    3]
 [   4   44    1   26]
 [   0   42    0   62]
 [   1    9    0   25]]
Epoch: [97/200], cls_loss: 0.2164, transfer_loss: 0.0672,person_loss: -1.9802, total_Loss: 0.0520
trian begin
trian end
n_person 578
SAMPLE
F1_MI: 0.9175507729615034 F1_MA: 0.4285770491646962 ACC_MI: 0.9175507729615034 F1_MA: 0.3507000665647315
BEST_F1_MI: 0.9602909972719006 BEST_F1_MA: 0.601040979887722 BEST_ACC_MI: 0.9602909972719006 BEST_F1_MA: 0.7386067424678969
[[2967   65    5   48]
 [  14   31    0   30]
 [  15   32    0   57]
 [   3    3    0   29]]
Epoch: [98/200], cls_loss: 0.2363, transfer_loss: 0.0712,person_loss: -1.9798, total_Loss: 0.0740
trian begin
trian end
n_person 578
SAMPLE
F1_MI: 0.023037284025462266 F1_MA: 0.24562597769275699 ACC_MI: 0.023037284025462262 F1_MA: 0.1914027253060248
BEST_F1_MI: 0.9602909972719006 BEST_F1_MA: 0.601040979887722 BEST_ACC_MI: 0.9602909972719006 BEST_F1_MA: 0.7386067424678969
[[  10 2864  150   61]
 [   3   34    1   37]
 [   3   38    0   63]
 [   1    2    0   32]]
Epoch: [99/200], cls_loss: 0.2293, transfer_loss: 0.0775,person_loss: -1.9762, total_Loss: 0.0705
trian begin
trian end
n_person 578
SAMPLE
F1_MI: 0.029705971506517128 F1_MA: 0.27388035690560036 ACC_MI: 0.029705971506517128 F1_MA: 0.23232702922378606
BEST_F1_MI: 0.9602909972719006 BEST_F1_MA: 0.601040979887722 BEST_ACC_MI: 0.9602909972719006 BEST_F1_MA: 0.7386067424678969
[[  26 3049    8    2]
 [   6   48    0   21]
 [   6   48    0   50]
 [   1    9    1   24]]
Epoch: [100/200], cls_loss: 0.2245, transfer_loss: 0.0621,person_loss: -1.9787, total_Loss: 0.0577
trian begin
trian end
n_person 578
SAMPLE
F1_MI: 0.8369202788723856 F1_MA: 0.40610264201162183 ACC_MI: 0.8369202788723856 F1_MA: 0.3282989465312532
BEST_F1_MI: 0.9602909972719006 BEST_F1_MA: 0.601040979887722 BEST_ACC_MI: 0.9602909972719006 BEST_F1_MA: 0.7386067424678969
[[2701  200  165   19]
 [  13   29    1   32]
 [   8   29    1   66]
 [   3    1    1   30]]
Epoch: [101/200], cls_loss: 0.2274, transfer_loss: 0.0597,person_loss: -1.9781, total_Loss: 0.0594
trian begin
trian end
n_person 578
SAMPLE
F1_MI: 0.44316459533191876 F1_MA: 0.3329609273981673 ACC_MI: 0.44316459533191876 F1_MA: 0.2733748095884835
BEST_F1_MI: 0.9602909972719006 BEST_F1_MA: 0.601040979887722 BEST_ACC_MI: 0.9602909972719006 BEST_F1_MA: 0.7386067424678969
[[1405 1459    9  212]
 [   9   25    0   41]
 [   3   17    0   84]
 [   2    1    0   32]]
Epoch: [102/200], cls_loss: 0.2276, transfer_loss: 0.0648,person_loss: -1.9779, total_Loss: 0.0622
trian begin
trian end
n_person 578
SAMPLE
F1_MI: 0.05304637769020915 F1_MA: 0.29500209704287367 ACC_MI: 0.05304637769020915 F1_MA: 0.269945894881484
BEST_F1_MI: 0.9602909972719006 BEST_F1_MA: 0.601040979887722 BEST_ACC_MI: 0.9602909972719006 BEST_F1_MA: 0.7386067424678969
[[ 111 2839   99   36]
 [   7   37    1   30]
 [   2   31    0   71]
 [   3    4    1   27]]
Epoch: [103/200], cls_loss: 0.2161, transfer_loss: 0.0630,person_loss: -1.9801, total_Loss: 0.0495
trian begin
trian end
n_person 578
SAMPLE
F1_MI: 0.032737193088814794 F1_MA: 0.2706610001444903 ACC_MI: 0.032737193088814794 F1_MA: 0.22987256900601707
BEST_F1_MI: 0.9602909972719006 BEST_F1_MA: 0.601040979887722 BEST_ACC_MI: 0.9602909972719006 BEST_F1_MA: 0.7386067424678969
[[  47  753 2174  111]
 [   9   29    1   36]
 [   4   24    0   76]
 [   2    1    0   32]]
Epoch: [104/200], cls_loss: 0.2129, transfer_loss: 0.0610,person_loss: -1.9798, total_Loss: 0.0455
trian begin
trian end
n_person 578
SAMPLE
F1_MI: 0.9451348893604122 F1_MA: 0.4421844583361687 ACC_MI: 0.9451348893604122 F1_MA: 0.4058788000059288
BEST_F1_MI: 0.9602909972719006 BEST_F1_MA: 0.601040979887722 BEST_ACC_MI: 0.9602909972719006 BEST_F1_MA: 0.7386067424678969
[[3078    4    2    1]
 [  21   13    0   41]
 [  31   13    0   60]
 [   8    0    0   27]]
Epoch: [105/200], cls_loss: 0.2195, transfer_loss: 0.0717,person_loss: -1.9803, total_Loss: 0.0573
trian begin
trian end
n_person 578
SAMPLE
F1_MI: 0.9421036677781146 F1_MA: 0.4186097297382956 ACC_MI: 0.9421036677781146 F1_MA: 0.365522889869234
BEST_F1_MI: 0.9602909972719006 BEST_F1_MA: 0.601040979887722 BEST_ACC_MI: 0.9602909972719006 BEST_F1_MA: 0.7386067424678969
[[3070    7    1    7]
 [  18    8    0   49]
 [  20   12    0   72]
 [   4    1    0   30]]
Epoch: [106/200], cls_loss: 0.2267, transfer_loss: 0.0647,person_loss: -1.9808, total_Loss: 0.0610
trian begin
trian end
n_person 578
SAMPLE
F1_MI: 0.9333131251894513 F1_MA: 0.5022383645050847 ACC_MI: 0.9333131251894513 F1_MA: 0.4452587252335511
BEST_F1_MI: 0.9602909972719006 BEST_F1_MA: 0.601040979887722 BEST_ACC_MI: 0.9602909972719006 BEST_F1_MA: 0.7386067424678969
[[3010   51   13   11]
 [  16   36    0   23]
 [   9   36    5   54]
 [   3    3    1   28]]
Epoch: [107/200], cls_loss: 0.2045, transfer_loss: 0.0784,person_loss: -1.9808, total_Loss: 0.0456
trian begin
trian end
n_person 578
SAMPLE
F1_MI: 0.03304031524704456 F1_MA: 0.28398375421284017 ACC_MI: 0.03304031524704456 F1_MA: 0.2447771467905696
BEST_F1_MI: 0.9602909972719006 BEST_F1_MA: 0.601040979887722 BEST_ACC_MI: 0.9602909972719006 BEST_F1_MA: 0.7386067424678969
[[  30 2845  206    4]
 [   8   60    2    5]
 [   4   63    0   37]
 [   3   12    1   19]]
Epoch: [108/200], cls_loss: 0.2059, transfer_loss: 0.0630,person_loss: -1.9814, total_Loss: 0.0392
trian begin
trian end
n_person 578
SAMPLE
F1_MI: 0.5110639587753865 F1_MA: 0.3905677257550617 ACC_MI: 0.5110639587753865 F1_MA: 0.35881074249827505
BEST_F1_MI: 0.9602909972719006 BEST_F1_MA: 0.601040979887722 BEST_ACC_MI: 0.9602909972719006 BEST_F1_MA: 0.7386067424678969
[[1620 1440   13   12]
 [  23   42    0   10]
 [  41   23    3   37]
 [   8    6    0   21]]
Epoch: [109/200], cls_loss: 0.2107, transfer_loss: 0.0681,person_loss: -1.9813, total_Loss: 0.0467
trian begin
trian end
n_person 578
SAMPLE
F1_MI: 0.07517429524098211 F1_MA: 0.31274616559617896 ACC_MI: 0.07517429524098211 F1_MA: 0.29767063564104124
BEST_F1_MI: 0.9602909972719006 BEST_F1_MA: 0.601040979887722 BEST_ACC_MI: 0.9602909972719006 BEST_F1_MA: 0.7386067424678969
[[ 174 2290  619    2]
 [  12   51    4    8]
 [   7   53    4   40]
 [   3   11    2   19]]
Epoch: [110/200], cls_loss: 0.2049, transfer_loss: 0.0649,person_loss: -1.9794, total_Loss: 0.0394
trian begin
trian end
n_person 578
SAMPLE
F1_MI: 0.9469536223097909 F1_MA: 0.5498858252636626 ACC_MI: 0.9469536223097909 F1_MA: 0.5774193074542676
BEST_F1_MI: 0.9602909972719006 BEST_F1_MA: 0.601040979887722 BEST_ACC_MI: 0.9602909972719006 BEST_F1_MA: 0.7386067424678969
[[3068    9    1    7]
 [  20   30    0   25]
 [  30   30    2   42]
 [   8    3    0   24]]
Epoch: [111/200], cls_loss: 0.2232, transfer_loss: 0.0741,person_loss: -1.9795, total_Loss: 0.0623
trian begin
trian end
n_person 578
SAMPLE
F1_MI: 0.5147014246741437 F1_MA: 0.353875176908936 ACC_MI: 0.5147014246741437 F1_MA: 0.2997398675769653
BEST_F1_MI: 0.9602909972719006 BEST_F1_MA: 0.601040979887722 BEST_ACC_MI: 0.9602909972719006 BEST_F1_MA: 0.7386067424678969
[[1627  262 1086  110]
 [  15   27   13   20]
 [  10   28   22   44]
 [   3    4    6   22]]
Epoch: [112/200], cls_loss: 0.2154, transfer_loss: 0.0725,person_loss: -1.9798, total_Loss: 0.0537
trian begin
trian end
n_person 578
SAMPLE
F1_MI: 0.04880266747499243 F1_MA: 0.3049253276026661 ACC_MI: 0.04880266747499242 F1_MA: 0.33352292443991366
BEST_F1_MI: 0.9602909972719006 BEST_F1_MA: 0.601040979887722 BEST_ACC_MI: 0.9602909972719006 BEST_F1_MA: 0.7386067424678969
[[  98 2771    2  214]
 [   8   44    1   22]
 [   6   62    2   34]
 [   2   16    0   17]]
Epoch: [113/200], cls_loss: 0.1986, transfer_loss: 0.0780,person_loss: -1.9801, total_Loss: 0.0396
trian begin
trian end
n_person 578
SAMPLE
F1_MI: 0.9305850257653835 F1_MA: 0.42042976751576844 ACC_MI: 0.9305850257653835 F1_MA: 0.36263839051608837
BEST_F1_MI: 0.9602909972719006 BEST_F1_MA: 0.601040979887722 BEST_ACC_MI: 0.9602909972719006 BEST_F1_MA: 0.7386067424678969
[[3022    8    2   53]
 [  13   23    0   39]
 [  20   36    0   48]
 [   3    7    0   25]]
Epoch: [114/200], cls_loss: 0.1979, transfer_loss: 0.0708,person_loss: -1.9779, total_Loss: 0.0355
trian begin
trian end
n_person 578
SAMPLE
F1_MI: 0.02849348287359806 F1_MA: 0.2704523764091071 ACC_MI: 0.02849348287359806 F1_MA: 0.2220844777273093
BEST_F1_MI: 0.9602909972719006 BEST_F1_MA: 0.601040979887722 BEST_ACC_MI: 0.9602909972719006 BEST_F1_MA: 0.7386067424678969
[[  24 3055    3    3]
 [   6   41    0   28]
 [   6   39    0   59]
 [   2    4    0   29]]
Epoch: [115/200], cls_loss: 0.2108, transfer_loss: 0.0669,person_loss: -1.9783, total_Loss: 0.0464
trian begin
trian end
n_person 578
SAMPLE
F1_MI: 0.7474992421946044 F1_MA: 0.4020730306863077 ACC_MI: 0.7474992421946044 F1_MA: 0.33498733364871724
BEST_F1_MI: 0.9602909972719006 BEST_F1_MA: 0.601040979887722 BEST_ACC_MI: 0.9602909972719006 BEST_F1_MA: 0.7386067424678969
[[2408   31  134  512]
 [  11   28    0   36]
 [  15   30    0   59]
 [   2    3    0   30]]
Epoch: [116/200], cls_loss: 0.2038, transfer_loss: 0.0716,person_loss: -1.9780, total_Loss: 0.0418
trian begin
trian end
n_person 578
SAMPLE
F1_MI: 0.9430130342528039 F1_MA: 0.38274412672990943 ACC_MI: 0.9430130342528039 F1_MA: 0.37429765141104543
BEST_F1_MI: 0.9602909972719006 BEST_F1_MA: 0.601040979887722 BEST_ACC_MI: 0.9602909972719006 BEST_F1_MA: 0.7386067424678969
[[3081    3    0    1]
 [  43   19    0   13]
 [  50   31    0   23]
 [  14   10    0   11]]
Epoch: [117/200], cls_loss: 0.2082, transfer_loss: 0.0736,person_loss: -1.9787, total_Loss: 0.0472
[[3082    2    0    1]
 [  31   20    0   24]
 [  39    7    4   54]
 [   9    0    0   26]]
[[3079    1    5    0]
 [  19    2   51    3]
 [  16    0   77   11]
 [   5    0   20   10]]
ARG: Namespace(backbone='resnet50', batch_size=32, config='MEDA/MEDA.yaml', data_dir='data', device=device(type='cuda'), early_stop=50, epoch_based_training=False, lr=0.003, lr_decay=0.75, lr_gamma=0.0003, lr_scheduler=True, max_iter=20600, method='True', momentum=0.9, myweight=0.1, n_class=4, n_epoch=200, n_iter_per_epoch=103, num_workers=7, seed=1, src_domain='45', tgt_domain='own', tname='transfer', transfer_loss='twommd', transfer_loss_weight=0.5, use_bottleneck=True, weight_decay=0.0005)
