daan 1 45 own DAAN/DAAN.yaml True
Namespace(backbone='resnet50', batch_size=32, config='DAAN/DAAN.yaml', data_dir='data', device=device(type='cuda'), early_stop=50, epoch_based_training=False, lr=0.003, lr_decay=0.75, lr_gamma=0.0003, lr_scheduler=True, method='True', momentum=0.9, myweight=0.1, n_epoch=200, n_iter_per_epoch=100, num_workers=3, seed=1, src_domain='45', tgt_domain='own', tname='transfer', transfer_loss='daan', transfer_loss_weight=0.5, use_bottleneck=True, weight_decay=0.0005)
JUST DO IT
run my Parkinson code
transfer
TRAIN Length: 56845 1995 TEST Length: 3299 578
YYY: 0 3
DATA_PROFILE   train: 56845 train2: 3299 test: 3299
DATASET.SHAPE: <data_loader.GetTrainLoader object at 0x7fde079cc2b0> True
DATASET.SHAPE: <data_loader.GetTrainLoader object at 0x7fde079ccb50> True
DATASET.SHAPE: <data_loader.GetTestLoader object at 0x7fddff5c13a0> False
CLASS: 4 578
LLL: {}
BOTTLENECK_LIST: [Linear(in_features=512, out_features=256, bias=True), ReLU()]
TYPE: {'loss_type': 'daan', 'max_iter': 20600, 'num_class': 4, 'my_person_item': <my_person_item.PersonItem object at 0x7fdf322eb1f0>}
initial_lr 1.0
transfer_world
method True <class 'str'>
1.8.1+cu111
True
LEN: 0 0
LOADER: <data_loader.InfiniteDataLoader object at 0x7fde079cc370> <data_loader.InfiniteDataLoader object at 0x7fddff5c1430>
N_batch: 103
trian begin
trian end
n_person 578
SAMPLE
F1_MI: 0.9418005456198848 F1_MA: 0.34567537053063263 ACC_MI: 0.9418005456198848 F1_MA: 0.29660301552907187
BEST_F1_MI: 0.9418005456198848 BEST_F1_MA: 0.34567537053063263 BEST_ACC_MI: 0.9418005456198848 BEST_F1_MA: 0.29660301552907187
[[3084    0    0    1]
 [  56    0    0   19]
 [  43    0    0   61]
 [  12    0    0   23]]
Epoch: [ 1/200], cls_loss: 0.5552, transfer_loss: 0.0192,person_loss: -1.9405, total_Loss: 0.3707
trian begin
trian end
n_person 578
SAMPLE
F1_MI: 0.941497423461655 F1_MA: 0.4676733412202174 ACC_MI: 0.941497423461655 F1_MA: 0.5583713123591101
BEST_F1_MI: 0.9418005456198848 BEST_F1_MA: 0.4676733412202174 BEST_ACC_MI: 0.9418005456198848 BEST_F1_MA: 0.5583713123591101
[[3084    0    0    1]
 [  70    0    0    5]
 [  54    0    1   49]
 [  14    0    0   21]]
Epoch: [ 2/200], cls_loss: 0.4851, transfer_loss: 0.0171,person_loss: -1.9645, total_Loss: 0.2972
trian begin
trian end
n_person 578
SAMPLE
F1_MI: 0.9390724461958169 F1_MA: 0.32134937506154326 ACC_MI: 0.9390724461958169 F1_MA: 0.3023807325330871
BEST_F1_MI: 0.9418005456198848 BEST_F1_MA: 0.4676733412202174 BEST_ACC_MI: 0.9418005456198848 BEST_F1_MA: 0.5583713123591101
[[3085    0    0    0]
 [  72    0    0    3]
 [  70    0    0   34]
 [  22    0    0   13]]
Epoch: [ 3/200], cls_loss: 0.4513, transfer_loss: 0.0173,person_loss: -1.9668, total_Loss: 0.2633
trian begin
trian end
n_person 578
SAMPLE
F1_MI: 0.9433161564110336 F1_MA: 0.3614347592053138 ACC_MI: 0.9433161564110336 F1_MA: 0.29051363502230554
BEST_F1_MI: 0.9433161564110336 BEST_F1_MA: 0.4676733412202174 BEST_ACC_MI: 0.9433161564110336 BEST_F1_MA: 0.5583713123591101
[[3080    0    0    5]
 [  17    0    0   58]
 [  14    0    0   90]
 [   3    0    0   32]]
Epoch: [ 4/200], cls_loss: 0.4024, transfer_loss: 0.0176,person_loss: -1.9728, total_Loss: 0.2139
trian begin
trian end
n_person 578
SAMPLE
F1_MI: 0.9578660200060625 F1_MA: 0.47409922558729445 ACC_MI: 0.9578660200060625 F1_MA: 0.45770733021945764
BEST_F1_MI: 0.9578660200060625 BEST_F1_MA: 0.47409922558729445 BEST_ACC_MI: 0.9578660200060625 BEST_F1_MA: 0.5583713123591101
[[3081    0    4    0]
 [  22    0   51    2]
 [  19    0   68   17]
 [   5    0   19   11]]
Epoch: [ 5/200], cls_loss: 0.4178, transfer_loss: 0.0181,person_loss: -1.9784, total_Loss: 0.2290
trian begin
trian end
n_person 578
SAMPLE
F1_MI: 0.932403758714762 F1_MA: 0.40089659116559817 ACC_MI: 0.932403758714762 F1_MA: 0.33628202549408714
BEST_F1_MI: 0.9578660200060625 BEST_F1_MA: 0.47409922558729445 BEST_ACC_MI: 0.9578660200060625 BEST_F1_MA: 0.5583713123591101
[[3037    0   23   25]
 [  15    0    2   58]
 [   7    0    6   91]
 [   2    0    0   33]]
Epoch: [ 6/200], cls_loss: 0.4180, transfer_loss: 0.0183,person_loss: -1.9764, total_Loss: 0.2295
trian begin
trian end
n_person 578
SAMPLE
F1_MI: 0.9160351621703546 F1_MA: 0.43394218158577513 ACC_MI: 0.9160351621703546 F1_MA: 0.3810180055681186
BEST_F1_MI: 0.9578660200060625 BEST_F1_MA: 0.47409922558729445 BEST_ACC_MI: 0.9578660200060625 BEST_F1_MA: 0.5583713123591101
[[2937    0  148    0]
 [  14    0   58    3]
 [   3    0   72   29]
 [   2    0   20   13]]
Epoch: [ 7/200], cls_loss: 0.4063, transfer_loss: 0.0183,person_loss: -1.9712, total_Loss: 0.2183
trian begin
trian end
n_person 578
SAMPLE
F1_MI: 0.9457411336768717 F1_MA: 0.4119599635286214 ACC_MI: 0.9457411336768717 F1_MA: 0.389048300232151
BEST_F1_MI: 0.9578660200060625 BEST_F1_MA: 0.47409922558729445 BEST_ACC_MI: 0.9578660200060625 BEST_F1_MA: 0.5583713123591101
[[3071    0   12    2]
 [  21    0   20   34]
 [  26    0   34   44]
 [   4    0   16   15]]
Epoch: [ 8/200], cls_loss: 0.3960, transfer_loss: 0.0183,person_loss: -1.9783, total_Loss: 0.2073
trian begin
trian end
n_person 578
SAMPLE
F1_MI: 0.7080933616247347 F1_MA: 0.33086448484520314 ACC_MI: 0.7080933616247348 F1_MA: 0.28720063846653143
BEST_F1_MI: 0.9578660200060625 BEST_F1_MA: 0.47409922558729445 BEST_ACC_MI: 0.9578660200060625 BEST_F1_MA: 0.5583713123591101
[[2274    0  759   52]
 [  19    0   42   14]
 [  29    0   50   25]
 [  12    0   11   12]]
Epoch: [ 9/200], cls_loss: 0.3701, transfer_loss: 0.0184,person_loss: -1.9802, total_Loss: 0.1813
trian begin
trian end
n_person 578
SAMPLE
F1_MI: 0.9608972415883601 F1_MA: 0.41324823087180695 ACC_MI: 0.9608972415883601 F1_MA: 0.37126256737744484
BEST_F1_MI: 0.9608972415883601 BEST_F1_MA: 0.47409922558729445 BEST_ACC_MI: 0.9608972415883601 BEST_F1_MA: 0.5583713123591101
[[3080    0    5    0]
 [  20    0   55    0]
 [  14    0   90    0]
 [   4    0   31    0]]
Epoch: [10/200], cls_loss: 0.3783, transfer_loss: 0.0185,person_loss: -1.9763, total_Loss: 0.1899
trian begin
trian end
n_person 578
SAMPLE
F1_MI: 0.9433161564110336 F1_MA: 0.40736942873794135 ACC_MI: 0.9433161564110336 F1_MA: 0.35356481871690054
BEST_F1_MI: 0.9608972415883601 BEST_F1_MA: 0.47409922558729445 BEST_ACC_MI: 0.9608972415883601 BEST_F1_MA: 0.5583713123591101
[[3079    0    2    4]
 [  18    0    1   56]
 [  12    0    1   91]
 [   3    0    0   32]]
Epoch: [11/200], cls_loss: 0.3913, transfer_loss: 0.0183,person_loss: -1.9759, total_Loss: 0.2029
trian begin
trian end
n_person 578
SAMPLE
F1_MI: 0.041830857835707794 F1_MA: 0.20519629547951146 ACC_MI: 0.041830857835707794 F1_MA: 0.1812133814605566
BEST_F1_MI: 0.9608972415883601 BEST_F1_MA: 0.47409922558729445 BEST_ACC_MI: 0.9608972415883601 BEST_F1_MA: 0.5583713123591101
[[  41    0 3044    0]
 [   9    0   66    0]
 [   7    0   97    0]
 [   2    0   33    0]]
Epoch: [12/200], cls_loss: 0.3960, transfer_loss: 0.0184,person_loss: -1.9766, total_Loss: 0.2076
trian begin
trian end
n_person 578
SAMPLE
F1_MI: 0.9481661109427099 F1_MA: 0.37187121115692084 ACC_MI: 0.9481661109427099 F1_MA: 0.3924224660443304
BEST_F1_MI: 0.9608972415883601 BEST_F1_MA: 0.47409922558729445 BEST_ACC_MI: 0.9608972415883601 BEST_F1_MA: 0.5583713123591101
[[3085    0    0    0]
 [  61    0   14    0]
 [  61    0   43    0]
 [  22    0   13    0]]
Epoch: [13/200], cls_loss: 0.3610, transfer_loss: 0.0183,person_loss: -1.9766, total_Loss: 0.1725
trian begin
trian end
n_person 578
SAMPLE
F1_MI: 0.040012124886329194 F1_MA: 0.22460739209318192 ACC_MI: 0.040012124886329194 F1_MA: 0.20241257193448428
BEST_F1_MI: 0.9608972415883601 BEST_F1_MA: 0.47409922558729445 BEST_ACC_MI: 0.9608972415883601 BEST_F1_MA: 0.5583713123591101
[[  28    0 3057    0]
 [   6    0   69    0]
 [   0    0  104    0]
 [   2    0   33    0]]
Epoch: [14/200], cls_loss: 0.3861, transfer_loss: 0.0184,person_loss: -1.9762, total_Loss: 0.1976
trian begin
trian end
n_person 578
SAMPLE
F1_MI: 0.9472567444680207 F1_MA: 0.3922455606544745 ACC_MI: 0.9472567444680207 F1_MA: 0.347224791502875
BEST_F1_MI: 0.9608972415883601 BEST_F1_MA: 0.47409922558729445 BEST_ACC_MI: 0.9608972415883601 BEST_F1_MA: 0.5583713123591101
[[3040    0   45    0]
 [  24    0   51    0]
 [  19    0   85    0]
 [   6    0   29    0]]
Epoch: [15/200], cls_loss: 0.3716, transfer_loss: 0.0184,person_loss: -1.9796, total_Loss: 0.1828
trian begin
trian end
n_person 578
SAMPLE
F1_MI: 0.9305850257653835 F1_MA: 0.3642823776262877 ACC_MI: 0.9305850257653835 F1_MA: 0.32122331027944756
BEST_F1_MI: 0.9608972415883601 BEST_F1_MA: 0.47409922558729445 BEST_ACC_MI: 0.9608972415883601 BEST_F1_MA: 0.5583713123591101
[[2996    0   89    0]
 [  21    0   54    0]
 [  30    0   74    0]
 [   9    0   26    0]]
Epoch: [16/200], cls_loss: 0.3656, transfer_loss: 0.0185,person_loss: -1.9822, total_Loss: 0.1766
trian begin
trian end
n_person 578
SAMPLE
F1_MI: 0.24431645953319187 F1_MA: 0.2688395255865865 ACC_MI: 0.24431645953319187 F1_MA: 0.25183577393610795
BEST_F1_MI: 0.9608972415883601 BEST_F1_MA: 0.47409922558729445 BEST_ACC_MI: 0.9608972415883601 BEST_F1_MA: 0.5583713123591101
[[ 710    0 2375    0]
 [  12    0   63    0]
 [   8    0   96    0]
 [   2    0   33    0]]
Epoch: [17/200], cls_loss: 0.3674, transfer_loss: 0.0185,person_loss: -1.9800, total_Loss: 0.1787
trian begin
trian end
n_person 578
SAMPLE
F1_MI: 0.8608669293725372 F1_MA: 0.35184628303051635 ACC_MI: 0.8608669293725372 F1_MA: 0.2914382944511443
BEST_F1_MI: 0.9608972415883601 BEST_F1_MA: 0.47409922558729445 BEST_ACC_MI: 0.9608972415883601 BEST_F1_MA: 0.5583713123591101
[[2748    0  337    0]
 [  18    0   57    0]
 [  12    0   92    0]
 [   2    0   33    0]]
Epoch: [18/200], cls_loss: 0.3774, transfer_loss: 0.0186,person_loss: -1.9812, total_Loss: 0.1886
trian begin
trian end
n_person 578
SAMPLE
F1_MI: 0.9496817217338588 F1_MA: 0.4097995375547255 ACC_MI: 0.9496817217338588 F1_MA: 0.416615177252834
BEST_F1_MI: 0.9608972415883601 BEST_F1_MA: 0.47409922558729445 BEST_ACC_MI: 0.9608972415883601 BEST_F1_MA: 0.5583713123591101
[[3083    0    1    1]
 [  33    0   29   13]
 [  45    3   43   13]
 [  11    2   15    7]]
Epoch: [19/200], cls_loss: 0.3612, transfer_loss: 0.0185,person_loss: -1.9808, total_Loss: 0.1724
trian begin
trian end
n_person 578
SAMPLE
F1_MI: 0.9518035768414671 F1_MA: 0.40393583684079365 ACC_MI: 0.9518035768414671 F1_MA: 0.3697957779841725
BEST_F1_MI: 0.9608972415883601 BEST_F1_MA: 0.47409922558729445 BEST_ACC_MI: 0.9608972415883601 BEST_F1_MA: 0.5583713123591101
[[3060    0    7   18]
 [  17    0   57    1]
 [  16    0   79    9]
 [   4    0   30    1]]
Epoch: [20/200], cls_loss: 0.3541, transfer_loss: 0.0185,person_loss: -1.9817, total_Loss: 0.1652
trian begin
trian end
n_person 578
SAMPLE
F1_MI: 0.9166414064868141 F1_MA: 0.4093875417906457 ACC_MI: 0.9166414064868141 F1_MA: 0.3712530313098874
BEST_F1_MI: 0.9608972415883601 BEST_F1_MA: 0.47409922558729445 BEST_ACC_MI: 0.9608972415883601 BEST_F1_MA: 0.5583713123591101
[[2960   11   51   63]
 [  19    1   47    8]
 [  24    1   50   29]
 [  11    1   10   13]]
Epoch: [21/200], cls_loss: 0.3684, transfer_loss: 0.0185,person_loss: -1.9794, total_Loss: 0.1797
trian begin
trian end
n_person 578
SAMPLE
F1_MI: 0.033949681721733856 F1_MA: 0.20591089468911486 ACC_MI: 0.033949681721733856 F1_MA: 0.17949123188262642
BEST_F1_MI: 0.9608972415883601 BEST_F1_MA: 0.47409922558729445 BEST_ACC_MI: 0.9608972415883601 BEST_F1_MA: 0.5583713123591101
[[  14    0 3039   32]
 [   6    0   62    7]
 [   0    0   97    7]
 [   1    0   33    1]]
Epoch: [22/200], cls_loss: 0.3504, transfer_loss: 0.0186,person_loss: -1.9770, total_Loss: 0.1620
trian begin
trian end
n_person 578
SAMPLE
F1_MI: 0.038193391936950594 F1_MA: 0.234479411979896 ACC_MI: 0.038193391936950594 F1_MA: 0.21494575911954578
BEST_F1_MI: 0.9608972415883601 BEST_F1_MA: 0.47409922558729445 BEST_ACC_MI: 0.9608972415883601 BEST_F1_MA: 0.5583713123591101
[[  32   14 2825  214]
 [   5    1   51   18]
 [   4    1   87   12]
 [   2    0   27    6]]
Epoch: [23/200], cls_loss: 0.3485, transfer_loss: 0.0188,person_loss: -1.9774, total_Loss: 0.1601
trian begin
trian end
n_person 578
SAMPLE
F1_MI: 0.9463473779933314 F1_MA: 0.39728691775901986 ACC_MI: 0.9463473779933314 F1_MA: 0.46641656353135313
BEST_F1_MI: 0.9608972415883601 BEST_F1_MA: 0.47409922558729445 BEST_ACC_MI: 0.9608972415883601 BEST_F1_MA: 0.5583713123591101
[[3084    0    1    0]
 [  62    0   11    2]
 [  67    0   37    0]
 [  19    0   15    1]]
Epoch: [24/200], cls_loss: 0.3387, transfer_loss: 0.0187,person_loss: -1.9763, total_Loss: 0.1504
trian begin
trian end
n_person 578
SAMPLE
F1_MI: 0.038193391936950594 F1_MA: 0.22963723266682923 ACC_MI: 0.038193391936950594 F1_MA: 0.21990214646464645
BEST_F1_MI: 0.9608972415883601 BEST_F1_MA: 0.47409922558729445 BEST_ACC_MI: 0.9608972415883601 BEST_F1_MA: 0.5583713123591101
[[  80    0  284 2721]
 [  12    0   10   53]
 [   4    0   20   80]
 [   3    0    6   26]]
Epoch: [25/200], cls_loss: 0.3441, transfer_loss: 0.0188,person_loss: -1.9768, total_Loss: 0.1558
trian begin
trian end
n_person 578
SAMPLE
F1_MI: 0.9475598666262504 F1_MA: 0.3992140180928474 ACC_MI: 0.9475598666262504 F1_MA: 0.4026311412263193
BEST_F1_MI: 0.9608972415883601 BEST_F1_MA: 0.47409922558729445 BEST_ACC_MI: 0.9608972415883601 BEST_F1_MA: 0.5583713123591101
[[3083    0    1    1]
 [  37    0   21   17]
 [  43    0   34   27]
 [  10    0   16    9]]
Epoch: [26/200], cls_loss: 0.3463, transfer_loss: 0.0188,person_loss: -1.9746, total_Loss: 0.1583
trian begin
trian end
n_person 578
SAMPLE
F1_MI: 0.9421036677781146 F1_MA: 0.4022876242380539 ACC_MI: 0.9421036677781146 F1_MA: 0.3834953086437584
BEST_F1_MI: 0.9608972415883601 BEST_F1_MA: 0.47409922558729445 BEST_ACC_MI: 0.9608972415883601 BEST_F1_MA: 0.5583713123591101
[[3069    0    8    8]
 [  18    0    8   49]
 [  19    0   22   63]
 [   4    0   14   17]]
Epoch: [27/200], cls_loss: 0.3344, transfer_loss: 0.0188,person_loss: -1.9759, total_Loss: 0.1462
trian begin
trian end
n_person 578
SAMPLE
F1_MI: 0.9442255228857229 F1_MA: 0.4596685391794373 ACC_MI: 0.9442255228857229 F1_MA: 0.5692013665730813
BEST_F1_MI: 0.9608972415883601 BEST_F1_MA: 0.47409922558729445 BEST_ACC_MI: 0.9608972415883601 BEST_F1_MA: 0.5692013665730813
[[3083    0    0    2]
 [  47    2    0   26]
 [  50    2   18   34]
 [  16    1    6   12]]
Epoch: [28/200], cls_loss: 0.3420, transfer_loss: 0.0189,person_loss: -1.9765, total_Loss: 0.1538
trian begin
trian end
n_person 578
SAMPLE
F1_MI: 0.5395574416489846 F1_MA: 0.3124490683261214 ACC_MI: 0.5395574416489846 F1_MA: 0.27867380191853564
BEST_F1_MI: 0.9608972415883601 BEST_F1_MA: 0.47409922558729445 BEST_ACC_MI: 0.9608972415883601 BEST_F1_MA: 0.5692013665730813
[[1738    3 1285   59]
 [   9    0   12   54]
 [   3    0   18   83]
 [   2    0    9   24]]
Epoch: [29/200], cls_loss: 0.3263, transfer_loss: 0.0188,person_loss: -1.9751, total_Loss: 0.1382
trian begin
trian end
n_person 578
SAMPLE
F1_MI: 0.9360412246135192 F1_MA: 0.36645360154882317 ACC_MI: 0.9360412246135192 F1_MA: 0.30261801979214303
BEST_F1_MI: 0.9608972415883601 BEST_F1_MA: 0.47409922558729445 BEST_ACC_MI: 0.9608972415883601 BEST_F1_MA: 0.5692013665730813
[[3057    2   22    4]
 [  23    0    0   52]
 [  19    5    1   79]
 [   4    1    0   30]]
Epoch: [30/200], cls_loss: 0.3247, transfer_loss: 0.0187,person_loss: -1.9786, total_Loss: 0.1362
trian begin
trian end
n_person 578
SAMPLE
F1_MI: 0.9451348893604122 F1_MA: 0.4435803868068056 ACC_MI: 0.9451348893604122 F1_MA: 0.5955696638367106
BEST_F1_MI: 0.9608972415883601 BEST_F1_MA: 0.47409922558729445 BEST_ACC_MI: 0.9608972415883601 BEST_F1_MA: 0.5955696638367106
[[3084    0    1    0]
 [  55    3    0   17]
 [  61    2   27   14]
 [  21    0   10    4]]
Epoch: [31/200], cls_loss: 0.3208, transfer_loss: 0.0189,person_loss: -1.9798, total_Loss: 0.1322
trian begin
trian end
n_person 578
SAMPLE
F1_MI: 0.04455895725977569 F1_MA: 0.2263944276953912 ACC_MI: 0.04455895725977569 F1_MA: 0.23578809679529103
BEST_F1_MI: 0.9608972415883601 BEST_F1_MA: 0.47409922558729445 BEST_ACC_MI: 0.9608972415883601 BEST_F1_MA: 0.5955696638367106
[[  89    4 2976   16]
 [  13    0   22   40]
 [   5    2   43   54]
 [   3    0   17   15]]
Epoch: [32/200], cls_loss: 0.3149, transfer_loss: 0.0189,person_loss: -1.9812, total_Loss: 0.1262
trian begin
trian end
n_person 578
SAMPLE
F1_MI: 0.04789330100030312 F1_MA: 0.27670958323861217 ACC_MI: 0.047893301000303125 F1_MA: 0.2793844331013511
BEST_F1_MI: 0.9608972415883601 BEST_F1_MA: 0.47409922558729445 BEST_ACC_MI: 0.9608972415883601 BEST_F1_MA: 0.5955696638367106
[[  92   54 2824  115]
 [   4    4   39   28]
 [   0    0   40   64]
 [   2    0   11   22]]
Epoch: [33/200], cls_loss: 0.3111, transfer_loss: 0.0188,person_loss: -1.9788, total_Loss: 0.1226
trian begin
trian end
n_person 578
SAMPLE
F1_MI: 0.9424067899363443 F1_MA: 0.4721250945399198 ACC_MI: 0.9424067899363443 F1_MA: 0.5487569673950574
BEST_F1_MI: 0.9608972415883601 BEST_F1_MA: 0.47409922558729445 BEST_ACC_MI: 0.9608972415883601 BEST_F1_MA: 0.5955696638367106
[[3084    0    0    1]
 [  43    0    0   32]
 [  61    0    3   40]
 [  13    0    0   22]]
Epoch: [34/200], cls_loss: 0.3140, transfer_loss: 0.0188,person_loss: -1.9806, total_Loss: 0.1254
trian begin
trian end
n_person 578
SAMPLE
F1_MI: 0.941497423461655 F1_MA: 0.350338987655304 ACC_MI: 0.941497423461655 F1_MA: 0.3074910419016489
BEST_F1_MI: 0.9608972415883601 BEST_F1_MA: 0.47409922558729445 BEST_ACC_MI: 0.9608972415883601 BEST_F1_MA: 0.5955696638367106
[[3084    0    0    1]
 [  66    0    0    9]
 [  55    0    0   49]
 [  13    0    0   22]]
Epoch: [35/200], cls_loss: 0.3114, transfer_loss: 0.0191,person_loss: -1.9756, total_Loss: 0.1234
trian begin
trian end
n_person 578
SAMPLE
F1_MI: 0.3546529251288269 F1_MA: 0.28300185771241926 ACC_MI: 0.3546529251288269 F1_MA: 0.25352520637908604
BEST_F1_MI: 0.9608972415883601 BEST_F1_MA: 0.47409922558729445 BEST_ACC_MI: 0.9608972415883601 BEST_F1_MA: 0.5955696638367106
[[1137 1298    0  650]
 [  13    2    0   60]
 [  13    4    0   87]
 [   3    1    0   31]]
Epoch: [36/200], cls_loss: 0.2928, transfer_loss: 0.0190,person_loss: -1.9786, total_Loss: 0.1044
trian begin
trian end
n_person 578
SAMPLE
F1_MI: 0.940284934828736 F1_MA: 0.39234509261782113 ACC_MI: 0.940284934828736 F1_MA: 0.4117572746388116
BEST_F1_MI: 0.9608972415883601 BEST_F1_MA: 0.47409922558729445 BEST_ACC_MI: 0.9608972415883601 BEST_F1_MA: 0.5955696638367106
[[3084    0    0    1]
 [  43    1    0   31]
 [  60    1    0   43]
 [  18    0    0   17]]
Epoch: [37/200], cls_loss: 0.3187, transfer_loss: 0.0192,person_loss: -1.9764, total_Loss: 0.1306
trian begin
trian end
n_person 578
SAMPLE
F1_MI: 0.9478629887844802 F1_MA: 0.468176340396004 ACC_MI: 0.9478629887844802 F1_MA: 0.49276223705005756
BEST_F1_MI: 0.9608972415883601 BEST_F1_MA: 0.47409922558729445 BEST_ACC_MI: 0.9608972415883601 BEST_F1_MA: 0.5955696638367106
[[3080    1    1    3]
 [  21    3    8   43]
 [  21    5   27   51]
 [   5    3   10   17]]
Epoch: [38/200], cls_loss: 0.3165, transfer_loss: 0.0193,person_loss: -1.9804, total_Loss: 0.1281
trian begin
trian end
n_person 578
SAMPLE
F1_MI: 0.9442255228857229 F1_MA: 0.4490204630244685 ACC_MI: 0.9442255228857229 F1_MA: 0.44853004148095804
BEST_F1_MI: 0.9608972415883601 BEST_F1_MA: 0.47409922558729445 BEST_ACC_MI: 0.9608972415883601 BEST_F1_MA: 0.5955696638367106
[[3077    1    6    1]
 [  31   10    7   27]
 [  35   22    7   40]
 [   7    5    2   21]]
Epoch: [39/200], cls_loss: 0.2983, transfer_loss: 0.0190,person_loss: -1.9779, total_Loss: 0.1100
trian begin
trian end
n_person 578
SAMPLE
F1_MI: 0.9405880569869658 F1_MA: 0.4005890291159359 ACC_MI: 0.9405880569869658 F1_MA: 0.3941097934518353
BEST_F1_MI: 0.9608972415883601 BEST_F1_MA: 0.47409922558729445 BEST_ACC_MI: 0.9608972415883601 BEST_F1_MA: 0.5955696638367106
[[3075    2    8    0]
 [  48   11    0   16]
 [  49   15    0   40]
 [  17    1    0   17]]
Epoch: [40/200], cls_loss: 0.2975, transfer_loss: 0.0192,person_loss: -1.9768, total_Loss: 0.1095
trian begin
trian end
n_person 578
SAMPLE
F1_MI: 0.940284934828736 F1_MA: 0.4348559038123932 ACC_MI: 0.940284934828736 F1_MA: 0.5333652120652046
BEST_F1_MI: 0.9608972415883601 BEST_F1_MA: 0.47409922558729445 BEST_ACC_MI: 0.9608972415883601 BEST_F1_MA: 0.5955696638367106
[[3084    0    0    1]
 [  43    3    0   29]
 [  62    0    0   42]
 [  20    0    0   15]]
Epoch: [41/200], cls_loss: 0.2974, transfer_loss: 0.0192,person_loss: -1.9752, total_Loss: 0.1095
trian begin
trian end
n_person 578
SAMPLE
F1_MI: 0.9439224007274932 F1_MA: 0.39284952771252946 ACC_MI: 0.9439224007274932 F1_MA: 0.37728213815170336
BEST_F1_MI: 0.9608972415883601 BEST_F1_MA: 0.47409922558729445 BEST_ACC_MI: 0.9608972415883601 BEST_F1_MA: 0.5955696638367106
[[3082    1    2    0]
 [  51   18    0    6]
 [  33   45    0   26]
 [   8   13    0   14]]
Epoch: [42/200], cls_loss: 0.2710, transfer_loss: 0.0190,person_loss: -1.9825, total_Loss: 0.0822
trian begin
trian end
n_person 578
SAMPLE
F1_MI: 0.949378599575629 F1_MA: 0.4344202065684134 ACC_MI: 0.949378599575629 F1_MA: 0.4016526305804768
BEST_F1_MI: 0.9608972415883601 BEST_F1_MA: 0.47409922558729445 BEST_ACC_MI: 0.9608972415883601 BEST_F1_MA: 0.5955696638367106
[[3081    4    0    0]
 [  26   37    0   12]
 [  29   33    0   42]
 [   7   14    0   14]]
Epoch: [43/200], cls_loss: 0.2767, transfer_loss: 0.0192,person_loss: -1.9796, total_Loss: 0.0884
trian begin
trian end
n_person 578
SAMPLE
F1_MI: 0.9396786905122765 F1_MA: 0.35625195785370173 ACC_MI: 0.9396786905122765 F1_MA: 0.35273675700993506
BEST_F1_MI: 0.9608972415883601 BEST_F1_MA: 0.47409922558729445 BEST_ACC_MI: 0.9608972415883601 BEST_F1_MA: 0.5955696638367106
[[3083    2    0    0]
 [  58    3    0   14]
 [  59    4    0   41]
 [  18    3    0   14]]
Epoch: [44/200], cls_loss: 0.2811, transfer_loss: 0.0191,person_loss: -1.9801, total_Loss: 0.0926
trian begin
trian end
n_person 578
SAMPLE
F1_MI: 0.7117308275234919 F1_MA: 0.3535190803148634 ACC_MI: 0.7117308275234919 F1_MA: 0.29782322291701
BEST_F1_MI: 0.9608972415883601 BEST_F1_MA: 0.47409922558729445 BEST_ACC_MI: 0.9608972415883601 BEST_F1_MA: 0.5955696638367106
[[2310  679   13   83]
 [  13    5    0   57]
 [   4    7    1   92]
 [   3    0    0   32]]
Epoch: [45/200], cls_loss: 0.2935, transfer_loss: 0.0192,person_loss: -1.9792, total_Loss: 0.1052
trian begin
trian end
n_person 578
SAMPLE
F1_MI: 0.9390724461958169 F1_MA: 0.32947803672142156 ACC_MI: 0.9390724461958169 F1_MA: 0.32194145556214526
BEST_F1_MI: 0.9608972415883601 BEST_F1_MA: 0.47409922558729445 BEST_ACC_MI: 0.9608972415883601 BEST_F1_MA: 0.5955696638367106
[[3082    2    0    1]
 [  38    7    0   30]
 [  54   16    0   34]
 [  16   10    0    9]]
Epoch: [46/200], cls_loss: 0.2928, transfer_loss: 0.0195,person_loss: -1.9782, total_Loss: 0.1048
trian begin
trian end
n_person 578
SAMPLE
F1_MI: 0.941497423461655 F1_MA: 0.4456655462373284 ACC_MI: 0.941497423461655 F1_MA: 0.5637064832186784
BEST_F1_MI: 0.9608972415883601 BEST_F1_MA: 0.47409922558729445 BEST_ACC_MI: 0.9608972415883601 BEST_F1_MA: 0.5955696638367106
[[3083    0    0    2]
 [  40    7    1   27]
 [  56    3    4   41]
 [  19    0    4   12]]
Epoch: [47/200], cls_loss: 0.2729, transfer_loss: 0.0193,person_loss: -1.9789, total_Loss: 0.0847
trian begin
trian end
n_person 578
SAMPLE
F1_MI: 0.9521066989996969 F1_MA: 0.5391676708393588 ACC_MI: 0.9521066989996969 F1_MA: 0.6586808403004017
BEST_F1_MI: 0.9608972415883601 BEST_F1_MA: 0.5391676708393588 BEST_ACC_MI: 0.9608972415883601 BEST_F1_MA: 0.6586808403004017
[[3079    6    0    0]
 [  22   52    0    1]
 [  30   64    8    2]
 [  12   20    1    2]]
Epoch: [48/200], cls_loss: 0.2858, transfer_loss: 0.0193,person_loss: -1.9809, total_Loss: 0.0973
trian begin
trian end
n_person 578
SAMPLE
F1_MI: 0.9430130342528039 F1_MA: 0.5053597192376635 ACC_MI: 0.9430130342528039 F1_MA: 0.6164618362101798
BEST_F1_MI: 0.9608972415883601 BEST_F1_MA: 0.5391676708393588 BEST_ACC_MI: 0.9608972415883601 BEST_F1_MA: 0.6586808403004017
[[3080    2    0    3]
 [  24   10    0   41]
 [  31   14    1   58]
 [  10    5    0   20]]
Epoch: [49/200], cls_loss: 0.2815, transfer_loss: 0.0195,person_loss: -1.9788, total_Loss: 0.0934
trian begin
trian end
n_person 578
SAMPLE
F1_MI: 0.9487723552591695 F1_MA: 0.4839673190699943 ACC_MI: 0.9487723552591695 F1_MA: 0.5047192162423875
BEST_F1_MI: 0.9608972415883601 BEST_F1_MA: 0.5391676708393588 BEST_ACC_MI: 0.9608972415883601 BEST_F1_MA: 0.6586808403004017
[[3071   11    2    1]
 [  30   39    2    4]
 [  18   56   12   18]
 [   5   11   11    8]]
Epoch: [50/200], cls_loss: 0.2790, transfer_loss: 0.0195,person_loss: -1.9819, total_Loss: 0.0905
trian begin
trian end
n_person 578
SAMPLE
F1_MI: 0.9502879660503183 F1_MA: 0.5108960368606644 ACC_MI: 0.9502879660503183 F1_MA: 0.5293409870541793
BEST_F1_MI: 0.9608972415883601 BEST_F1_MA: 0.5391676708393588 BEST_ACC_MI: 0.9608972415883601 BEST_F1_MA: 0.6586808403004017
[[3083    1    0    1]
 [  35   31    2    7]
 [  42   26    2   34]
 [  10    4    2   19]]
Epoch: [51/200], cls_loss: 0.2722, transfer_loss: 0.0192,person_loss: -1.9817, total_Loss: 0.0836
trian begin
trian end
n_person 578
SAMPLE
F1_MI: 0.9442255228857229 F1_MA: 0.5107772370835858 ACC_MI: 0.9442255228857229 F1_MA: 0.5538108834098266
BEST_F1_MI: 0.9608972415883601 BEST_F1_MA: 0.5391676708393588 BEST_ACC_MI: 0.9608972415883601 BEST_F1_MA: 0.6586808403004017
[[3080    2    1    2]
 [  19    3    0   53]
 [  18    5    3   78]
 [   6    0    0   29]]
Epoch: [52/200], cls_loss: 0.2636, transfer_loss: 0.0195,person_loss: -1.9779, total_Loss: 0.0755
trian begin
trian end
n_person 578
SAMPLE
F1_MI: 0.052137011215519856 F1_MA: 0.28877305457703034 ACC_MI: 0.052137011215519856 F1_MA: 0.2773707232028891
BEST_F1_MI: 0.9608972415883601 BEST_F1_MA: 0.5391676708393588 BEST_ACC_MI: 0.9608972415883601 BEST_F1_MA: 0.6586808403004017
[[ 120 2949    2   14]
 [   8   21    0   46]
 [   1   14    0   89]
 [   0    4    0   31]]
Epoch: [53/200], cls_loss: 0.2652, transfer_loss: 0.0195,person_loss: -1.9796, total_Loss: 0.0770
trian begin
trian end
n_person 578
SAMPLE
F1_MI: 0.9099727190057593 F1_MA: 0.42466507886862215 ACC_MI: 0.9099727190057593 F1_MA: 0.3871229958515529
BEST_F1_MI: 0.9608972415883601 BEST_F1_MA: 0.5391676708393588 BEST_ACC_MI: 0.9608972415883601 BEST_F1_MA: 0.6586808403004017
[[2952    3  127    3]
 [  14    2   19   40]
 [   4    3   25   72]
 [   3    0    9   23]]
Epoch: [54/200], cls_loss: 0.2795, transfer_loss: 0.0194,person_loss: -1.9784, total_Loss: 0.0914
trian begin
trian end
n_person 578
SAMPLE
F1_MI: 0.9378599575628979 F1_MA: 0.42783834150211697 ACC_MI: 0.9378599575628979 F1_MA: 0.4569840577947179
BEST_F1_MI: 0.9608972415883601 BEST_F1_MA: 0.5391676708393588 BEST_ACC_MI: 0.9608972415883601 BEST_F1_MA: 0.6586808403004017
[[3056   22    6    1]
 [  28   17    2   28]
 [  37   15   11   41]
 [  14    5    6   10]]
Epoch: [55/200], cls_loss: 0.2805, transfer_loss: 0.0196,person_loss: -1.9798, total_Loss: 0.0924
trian begin
trian end
n_person 578
SAMPLE
F1_MI: 0.6529251288269172 F1_MA: 0.346656474721707 ACC_MI: 0.6529251288269172 F1_MA: 0.31130867977086335
BEST_F1_MI: 0.9608972415883601 BEST_F1_MA: 0.5391676708393588 BEST_ACC_MI: 0.9608972415883601 BEST_F1_MA: 0.6586808403004017
[[2105  979    0    1]
 [  25   34    0   16]
 [  39   37    0   28]
 [  17    3    0   15]]
Epoch: [56/200], cls_loss: 0.2503, transfer_loss: 0.0193,person_loss: -1.9809, total_Loss: 0.0619
trian begin
trian end
n_person 578
SAMPLE
F1_MI: 0.9278569263413156 F1_MA: 0.4559633870408465 ACC_MI: 0.9278569263413156 F1_MA: 0.4319047500764018
BEST_F1_MI: 0.9608972415883601 BEST_F1_MA: 0.5391676708393588 BEST_ACC_MI: 0.9608972415883601 BEST_F1_MA: 0.6586808403004017
[[3003   10   61   11]
 [  17   21   16   21]
 [  13   19   20   52]
 [   4    5    9   17]]
Epoch: [57/200], cls_loss: 0.2481, transfer_loss: 0.0196,person_loss: -1.9794, total_Loss: 0.0600
trian begin
trian end
n_person 578
SAMPLE
F1_MI: 0.9442255228857229 F1_MA: 0.40888876153781367 ACC_MI: 0.9442255228857229 F1_MA: 0.49513601988792766
BEST_F1_MI: 0.9608972415883601 BEST_F1_MA: 0.5391676708393588 BEST_ACC_MI: 0.9608972415883601 BEST_F1_MA: 0.6586808403004017
[[3083    1    0    1]
 [  52   18    2    3]
 [  60   15   13   16]
 [  19    4   11    1]]
Epoch: [58/200], cls_loss: 0.2566, transfer_loss: 0.0197,person_loss: -1.9804, total_Loss: 0.0684
trian begin
trian end
n_person 578
SAMPLE
F1_MI: 0.9390724461958169 F1_MA: 0.34617720992422246 ACC_MI: 0.9390724461958169 F1_MA: 0.38604522718218437
BEST_F1_MI: 0.9608972415883601 BEST_F1_MA: 0.5391676708393588 BEST_ACC_MI: 0.9608972415883601 BEST_F1_MA: 0.6586808403004017
[[3075    6    2    2]
 [  39   10   12   14]
 [  57   20   13   14]
 [  19    2   14    0]]
Epoch: [59/200], cls_loss: 0.2418, transfer_loss: 0.0196,person_loss: -1.9804, total_Loss: 0.0535
trian begin
trian end
n_person 578
SAMPLE
F1_MI: 0.9448317672021824 F1_MA: 0.49483924358367437 ACC_MI: 0.9448317672021824 F1_MA: 0.4921807000706677
BEST_F1_MI: 0.9608972415883601 BEST_F1_MA: 0.5391676708393588 BEST_ACC_MI: 0.9608972415883601 BEST_F1_MA: 0.6586808403004017
[[3069    6    5    5]
 [  20   11    7   37]
 [  18   12   11   63]
 [   4    3    2   26]]
Epoch: [60/200], cls_loss: 0.2583, transfer_loss: 0.0195,person_loss: -1.9815, total_Loss: 0.0699
trian begin
trian end
n_person 578
SAMPLE
F1_MI: 0.941497423461655 F1_MA: 0.4320744198559696 ACC_MI: 0.941497423461655 F1_MA: 0.561770658695844
BEST_F1_MI: 0.9608972415883601 BEST_F1_MA: 0.5391676708393588 BEST_ACC_MI: 0.9608972415883601 BEST_F1_MA: 0.6586808403004017
[[3084    0    0    1]
 [  55    6    8    6]
 [  74    4    7   19]
 [  25    0    1    9]]
Epoch: [61/200], cls_loss: 0.2446, transfer_loss: 0.0196,person_loss: -1.9802, total_Loss: 0.0564
trian begin
trian end
n_person 578
SAMPLE
F1_MI: 0.02758411639890876 F1_MA: 0.2822770534377236 ACC_MI: 0.02758411639890876 F1_MA: 0.25712089077412514
BEST_F1_MI: 0.9608972415883601 BEST_F1_MA: 0.5391676708393588 BEST_ACC_MI: 0.9608972415883601 BEST_F1_MA: 0.6586808403004017
[[  23  266 2786   10]
 [   5   16   18   36]
 [   0   14   24   66]
 [   2    4    1   28]]
Epoch: [62/200], cls_loss: 0.2500, transfer_loss: 0.0198,person_loss: -1.9786, total_Loss: 0.0620
trian begin
trian end
n_person 578
SAMPLE
F1_MI: 0.9469536223097909 F1_MA: 0.45807396158779995 ACC_MI: 0.9469536223097909 F1_MA: 0.46930920394473574
BEST_F1_MI: 0.9608972415883601 BEST_F1_MA: 0.5391676708393588 BEST_ACC_MI: 0.9608972415883601 BEST_F1_MA: 0.6586808403004017
[[3074    8    2    1]
 [  19   33    8   15]
 [  27   39    7   31]
 [  16    5    4   10]]
Epoch: [63/200], cls_loss: 0.2430, transfer_loss: 0.0197,person_loss: -1.9779, total_Loss: 0.0550
trian begin
trian end
n_person 578
SAMPLE
F1_MI: 0.9405880569869658 F1_MA: 0.4077291149777001 ACC_MI: 0.9405880569869658 F1_MA: 0.48727510335802027
BEST_F1_MI: 0.9608972415883601 BEST_F1_MA: 0.5391676708393588 BEST_ACC_MI: 0.9608972415883601 BEST_F1_MA: 0.6586808403004017
[[3084    0    0    1]
 [  43    3    0   29]
 [  55   10    5   34]
 [  20    1    3   11]]
Epoch: [64/200], cls_loss: 0.2656, transfer_loss: 0.0197,person_loss: -1.9802, total_Loss: 0.0774
trian begin
trian end
n_person 578
SAMPLE
F1_MI: 0.9369505910882086 F1_MA: 0.44627402595993193 ACC_MI: 0.9369505910882086 F1_MA: 0.3756529239356962
BEST_F1_MI: 0.9608972415883601 BEST_F1_MA: 0.5391676708393588 BEST_ACC_MI: 0.9608972415883601 BEST_F1_MA: 0.6586808403004017
[[3033   30    1   21]
 [  16   29    0   30]
 [  10   34    0   60]
 [   4    2    0   29]]
Epoch: [65/200], cls_loss: 0.2407, transfer_loss: 0.0196,person_loss: -1.9786, total_Loss: 0.0527
trian begin
trian end
n_person 578
SAMPLE
F1_MI: 0.9411943013034253 F1_MA: 0.5028260894537596 ACC_MI: 0.9411943013034253 F1_MA: 0.5304035671893055
BEST_F1_MI: 0.9608972415883601 BEST_F1_MA: 0.5391676708393588 BEST_ACC_MI: 0.9608972415883601 BEST_F1_MA: 0.6586808403004017
[[3053   28    0    4]
 [  23   32    0   20]
 [  37   27    4   36]
 [  15    1    3   16]]
Epoch: [66/200], cls_loss: 0.2568, transfer_loss: 0.0199,person_loss: -1.9778, total_Loss: 0.0690
trian begin
trian end
n_person 578
SAMPLE
F1_MI: 0.9396786905122765 F1_MA: 0.37315272252235726 ACC_MI: 0.9396786905122765 F1_MA: 0.3651746132271781
BEST_F1_MI: 0.9608972415883601 BEST_F1_MA: 0.5391676708393588 BEST_ACC_MI: 0.9608972415883601 BEST_F1_MA: 0.6586808403004017
[[3079    0    0    6]
 [  31    1    2   41]
 [  40    6    3   55]
 [   8    0   10   17]]
Epoch: [67/200], cls_loss: 0.2325, transfer_loss: 0.0198,person_loss: -1.9804, total_Loss: 0.0444
trian begin
trian end
n_person 578
SAMPLE
F1_MI: 0.9439224007274932 F1_MA: 0.44043332077855496 ACC_MI: 0.9439224007274932 F1_MA: 0.4226001070403348
BEST_F1_MI: 0.9608972415883601 BEST_F1_MA: 0.5391676708393588 BEST_ACC_MI: 0.9608972415883601 BEST_F1_MA: 0.6586808403004017
[[3083    0    0    2]
 [  35    3    1   36]
 [  37    3    0   64]
 [   7    0    0   28]]
Epoch: [68/200], cls_loss: 0.2314, transfer_loss: 0.0200,person_loss: -1.9772, total_Loss: 0.0437
trian begin
trian end
n_person 578
SAMPLE
F1_MI: 0.9424067899363443 F1_MA: 0.5253081968902497 ACC_MI: 0.9424067899363443 F1_MA: 0.5972780867292673
BEST_F1_MI: 0.9608972415883601 BEST_F1_MA: 0.5391676708393588 BEST_ACC_MI: 0.9608972415883601 BEST_F1_MA: 0.6586808403004017
[[3076    1    0    8]
 [  30    3    0   42]
 [  23    9    1   71]
 [   5    1    0   29]]
Epoch: [69/200], cls_loss: 0.2504, transfer_loss: 0.0201,person_loss: -1.9816, total_Loss: 0.0623
trian begin
trian end
n_person 578
SAMPLE
F1_MI: 0.07759927250682025 F1_MA: 0.32525277506634837 ACC_MI: 0.07759927250682025 F1_MA: 0.34840013052988983
BEST_F1_MI: 0.9608972415883601 BEST_F1_MA: 0.5391676708393588 BEST_ACC_MI: 0.9608972415883601 BEST_F1_MA: 0.6586808403004017
[[ 190 2892    1    2]
 [  12   44    0   19]
 [  11   55    3   35]
 [   4    4    8   19]]
Epoch: [70/200], cls_loss: 0.2352, transfer_loss: 0.0197,person_loss: -1.9795, total_Loss: 0.0471
trian begin
trian end
n_person 578
SAMPLE
F1_MI: 0.9448317672021824 F1_MA: 0.46564011964172103 ACC_MI: 0.9448317672021824 F1_MA: 0.4809729797243328
BEST_F1_MI: 0.9608972415883601 BEST_F1_MA: 0.5391676708393588 BEST_ACC_MI: 0.9608972415883601 BEST_F1_MA: 0.6586808403004017
[[3075    5    1    4]
 [  19   17    3   36]
 [  22   18    7   57]
 [   8    1    8   18]]
Epoch: [71/200], cls_loss: 0.2268, transfer_loss: 0.0195,person_loss: -1.9810, total_Loss: 0.0384
trian begin
trian end
n_person 578
SAMPLE
F1_MI: 0.5598666262503789 F1_MA: 0.3249783452227475 ACC_MI: 0.5598666262503789 F1_MA: 0.2656240395232148
BEST_F1_MI: 0.9608972415883601 BEST_F1_MA: 0.5391676708393588 BEST_ACC_MI: 0.9608972415883601 BEST_F1_MA: 0.6586808403004017
[[1803  847    1  434]
 [   2   11    0   62]
 [   3    9    0   92]
 [   1    1    0   33]]
Epoch: [72/200], cls_loss: 0.2374, transfer_loss: 0.0198,person_loss: -1.9786, total_Loss: 0.0494
trian begin
trian end
n_person 578
SAMPLE
F1_MI: 0.9481661109427099 F1_MA: 0.4996070300090802 ACC_MI: 0.9481661109427099 F1_MA: 0.48326513813992616
BEST_F1_MI: 0.9608972415883601 BEST_F1_MA: 0.5391676708393588 BEST_ACC_MI: 0.9608972415883601 BEST_F1_MA: 0.6586808403004017
[[3035   26   23    1]
 [  14   41   13    7]
 [  10   25   50   19]
 [   3    6   24    2]]
Epoch: [73/200], cls_loss: 0.2341, transfer_loss: 0.0196,person_loss: -1.9789, total_Loss: 0.0460
trian begin
trian end
n_person 578
SAMPLE
F1_MI: 0.40375871476204916 F1_MA: 0.40656681279914136 ACC_MI: 0.4037587147620491 F1_MA: 0.45258551693101967
BEST_F1_MI: 0.9608972415883601 BEST_F1_MA: 0.5391676708393588 BEST_ACC_MI: 0.9608972415883601 BEST_F1_MA: 0.6586808403004017
[[1284 1671    2  128]
 [   8    8    0   59]
 [   2   13   10   79]
 [   3    0    2   30]]
Epoch: [74/200], cls_loss: 0.2357, transfer_loss: 0.0197,person_loss: -1.9809, total_Loss: 0.0475
trian begin
trian end
n_person 578
SAMPLE
F1_MI: 0.9475598666262504 F1_MA: 0.5002999232211861 ACC_MI: 0.9475598666262504 F1_MA: 0.5109574450947237
BEST_F1_MI: 0.9608972415883601 BEST_F1_MA: 0.5391676708393588 BEST_ACC_MI: 0.9608972415883601 BEST_F1_MA: 0.6586808403004017
[[3075    6    2    2]
 [  20   10    7   38]
 [  24   14   18   48]
 [   4    1    7   23]]
Epoch: [75/200], cls_loss: 0.2224, transfer_loss: 0.0200,person_loss: -1.9792, total_Loss: 0.0345
trian begin
trian end
n_person 578
SAMPLE
F1_MI: 0.9424067899363443 F1_MA: 0.39493747599975104 ACC_MI: 0.9424067899363443 F1_MA: 0.37377316944165856
BEST_F1_MI: 0.9608972415883601 BEST_F1_MA: 0.5391676708393588 BEST_ACC_MI: 0.9608972415883601 BEST_F1_MA: 0.6586808403004017
[[3080    4    0    1]
 [  32   10    0   33]
 [  47   16    0   41]
 [  15    1    0   19]]
Epoch: [76/200], cls_loss: 0.2397, transfer_loss: 0.0201,person_loss: -1.9808, total_Loss: 0.0517
trian begin
trian end
n_person 578
SAMPLE
F1_MI: 0.03213094877235526 F1_MA: 0.28307655325800263 ACC_MI: 0.03213094877235526 F1_MA: 0.23429740649309644
BEST_F1_MI: 0.9608972415883601 BEST_F1_MA: 0.5391676708393588 BEST_ACC_MI: 0.9608972415883601 BEST_F1_MA: 0.6586808403004017
[[  28 3054    0    3]
 [   6   53    0   16]
 [   8   52    0   44]
 [   2    8    0   25]]
Epoch: [77/200], cls_loss: 0.2270, transfer_loss: 0.0199,person_loss: -1.9820, total_Loss: 0.0388
trian begin
trian end
n_person 578
SAMPLE
F1_MI: 0.9299787814489239 F1_MA: 0.4684728164476905 ACC_MI: 0.9299787814489239 F1_MA: 0.4624163329067171
BEST_F1_MI: 0.9608972415883601 BEST_F1_MA: 0.5391676708393588 BEST_ACC_MI: 0.9608972415883601 BEST_F1_MA: 0.6586808403004017
[[3011    2   70    2]
 [  21    9   33   12]
 [  18   10   30   46]
 [   3    0   14   18]]
Epoch: [78/200], cls_loss: 0.2178, transfer_loss: 0.0198,person_loss: -1.9804, total_Loss: 0.0297
trian begin
trian end
n_person 578
SAMPLE
F1_MI: 0.9408911791451955 F1_MA: 0.4233343583221252 ACC_MI: 0.9408911791451955 F1_MA: 0.5543360323886639
BEST_F1_MI: 0.9608972415883601 BEST_F1_MA: 0.5391676708393588 BEST_ACC_MI: 0.9608972415883601 BEST_F1_MA: 0.6586808403004017
[[3084    0    0    1]
 [  67    7    0    1]
 [  77   12    5   10]
 [  22    0    5    8]]
Epoch: [79/200], cls_loss: 0.2245, transfer_loss: 0.0199,person_loss: -1.9819, total_Loss: 0.0363
trian begin
trian end
n_person 578
SAMPLE
F1_MI: 0.9418005456198848 F1_MA: 0.49939167799442186 ACC_MI: 0.9418005456198848 F1_MA: 0.6473326032540676
BEST_F1_MI: 0.9608972415883601 BEST_F1_MA: 0.5391676708393588 BEST_ACC_MI: 0.9608972415883601 BEST_F1_MA: 0.6586808403004017
[[3082    0    0    3]
 [  41    2    0   32]
 [  59    1    3   41]
 [  14    0    1   20]]
Epoch: [80/200], cls_loss: 0.2207, transfer_loss: 0.0200,person_loss: -1.9806, total_Loss: 0.0327
trian begin
trian end
n_person 578
SAMPLE
F1_MI: 0.9484692331009397 F1_MA: 0.47836641726925605 ACC_MI: 0.9484692331009397 F1_MA: 0.4741929199391818
BEST_F1_MI: 0.9608972415883601 BEST_F1_MA: 0.5391676708393588 BEST_ACC_MI: 0.9608972415883601 BEST_F1_MA: 0.6586808403004017
[[3082    3    0    0]
 [  35   27    0   13]
 [  52   11    0   41]
 [  15    0    0   20]]
Epoch: [81/200], cls_loss: 0.2316, transfer_loss: 0.0203,person_loss: -1.9781, total_Loss: 0.0439
trian begin
trian end
n_person 578
SAMPLE
F1_MI: 0.9439224007274932 F1_MA: 0.4525096447692255 ACC_MI: 0.9439224007274932 F1_MA: 0.5868443503883767
BEST_F1_MI: 0.9608972415883601 BEST_F1_MA: 0.5391676708393588 BEST_ACC_MI: 0.9608972415883601 BEST_F1_MA: 0.6586808403004017
[[3084    0    0    1]
 [  57   14    1    3]
 [  72   11    9   12]
 [  21    0    7    7]]
Epoch: [82/200], cls_loss: 0.2237, transfer_loss: 0.0198,person_loss: -1.9805, total_Loss: 0.0355
trian begin
trian end
n_person 578
SAMPLE
F1_MI: 0.9511973325250076 F1_MA: 0.47328369065531806 ACC_MI: 0.9511973325250076 F1_MA: 0.4947430117184912
BEST_F1_MI: 0.9608972415883601 BEST_F1_MA: 0.5391676708393588 BEST_ACC_MI: 0.9608972415883601 BEST_F1_MA: 0.6586808403004017
[[3078    5    2    0]
 [  23   39    7    6]
 [  35   31   16   22]
 [   6    3   21    5]]
Epoch: [83/200], cls_loss: 0.2151, transfer_loss: 0.0199,person_loss: -1.9796, total_Loss: 0.0271
trian begin
trian end
n_person 578
SAMPLE
F1_MI: 0.9433161564110336 F1_MA: 0.4420917456759474 ACC_MI: 0.9433161564110336 F1_MA: 0.3848528124568112
BEST_F1_MI: 0.9608972415883601 BEST_F1_MA: 0.5391676708393588 BEST_ACC_MI: 0.9608972415883601 BEST_F1_MA: 0.6586808403004017
[[3065    4    2   14]
 [  17   17    0   41]
 [  16   26    0   62]
 [   3    2    0   30]]
Epoch: [84/200], cls_loss: 0.2163, transfer_loss: 0.0197,person_loss: -1.9784, total_Loss: 0.0283
trian begin
trian end
n_person 578
SAMPLE
F1_MI: 0.9481661109427099 F1_MA: 0.5176378007491107 ACC_MI: 0.9481661109427099 F1_MA: 0.5358233163149666
BEST_F1_MI: 0.9608972415883601 BEST_F1_MA: 0.5391676708393588 BEST_ACC_MI: 0.9608972415883601 BEST_F1_MA: 0.6586808403004017
[[3068    3    7    7]
 [  23   14    5   33]
 [  16   14   26   48]
 [   3    0   12   20]]
Epoch: [85/200], cls_loss: 0.2237, transfer_loss: 0.0199,person_loss: -1.9817, total_Loss: 0.0354
trian begin
trian end
n_person 578
SAMPLE
F1_MI: 0.9521066989996969 F1_MA: 0.5661606038417589 ACC_MI: 0.9521066989996969 F1_MA: 0.5621916679741878
BEST_F1_MI: 0.9608972415883601 BEST_F1_MA: 0.5661606038417589 BEST_ACC_MI: 0.9608972415883601 BEST_F1_MA: 0.6586808403004017
[[3073    4    4    4]
 [  21   32    0   22]
 [  21   30    9   44]
 [   3    0    5   27]]
Epoch: [86/200], cls_loss: 0.2365, transfer_loss: 0.0198,person_loss: -1.9784, total_Loss: 0.0485
trian begin
trian end
n_person 578
SAMPLE
F1_MI: 0.036374658987571994 F1_MA: 0.3078933960138674 ACC_MI: 0.036374658987571994 F1_MA: 0.26899636613770805
BEST_F1_MI: 0.9608972415883601 BEST_F1_MA: 0.5661606038417589 BEST_ACC_MI: 0.9608972415883601 BEST_F1_MA: 0.6586808403004017
[[  46 3016   10   13]
 [   7   44    0   24]
 [   8   46    1   49]
 [   3    3    0   29]]
Epoch: [87/200], cls_loss: 0.2329, transfer_loss: 0.0202,person_loss: -1.9792, total_Loss: 0.0451
trian begin
trian end
n_person 578
SAMPLE
F1_MI: 0.9436192785692634 F1_MA: 0.4798017324952528 ACC_MI: 0.9436192785692634 F1_MA: 0.5976933830382105
BEST_F1_MI: 0.9608972415883601 BEST_F1_MA: 0.5661606038417589 BEST_ACC_MI: 0.9608972415883601 BEST_F1_MA: 0.6586808403004017
[[3082    2    0    1]
 [  51   16    0    8]
 [  66   16    2   20]
 [  20    1    1   13]]
Epoch: [88/200], cls_loss: 0.2103, transfer_loss: 0.0201,person_loss: -1.9801, total_Loss: 0.0223
trian begin
trian end
n_person 578
SAMPLE
F1_MI: 0.9463473779933314 F1_MA: 0.5238702907685036 ACC_MI: 0.9463473779933314 F1_MA: 0.5332168309362872
BEST_F1_MI: 0.9608972415883601 BEST_F1_MA: 0.5661606038417589 BEST_ACC_MI: 0.9608972415883601 BEST_F1_MA: 0.6586808403004017
[[3074    2    0    9]
 [  24   19    1   31]
 [  21   21    1   61]
 [   5    2    0   28]]
Epoch: [89/200], cls_loss: 0.2238, transfer_loss: 0.0200,person_loss: -1.9795, total_Loss: 0.0359
trian begin
trian end
n_person 578
SAMPLE
F1_MI: 0.07062746286753561 F1_MA: 0.3042395080129498 ACC_MI: 0.07062746286753561 F1_MA: 0.293128547025154
BEST_F1_MI: 0.9608972415883601 BEST_F1_MA: 0.5661606038417589 BEST_ACC_MI: 0.9608972415883601 BEST_F1_MA: 0.6586808403004017
[[ 170 2893   21    1]
 [  11   35    1   28]
 [  19   26    3   56]
 [   9    1    0   25]]
Epoch: [90/200], cls_loss: 0.2044, transfer_loss: 0.0199,person_loss: -1.9812, total_Loss: 0.0162
trian begin
trian end
n_person 578
SAMPLE
F1_MI: 0.370112155198545 F1_MA: 0.3149892549657128 ACC_MI: 0.370112155198545 F1_MA: 0.3078079060272922
BEST_F1_MI: 0.9608972415883601 BEST_F1_MA: 0.5661606038417589 BEST_ACC_MI: 0.9608972415883601 BEST_F1_MA: 0.6586808403004017
[[1171 1913    0    1]
 [  30   34    0   11]
 [  39   35    0   30]
 [   8   10    1   16]]
Epoch: [91/200], cls_loss: 0.2180, transfer_loss: 0.0200,person_loss: -1.9807, total_Loss: 0.0300
trian begin
trian end
n_person 578
SAMPLE
F1_MI: 0.9448317672021824 F1_MA: 0.5043107941366394 ACC_MI: 0.9448317672021824 F1_MA: 0.49093271986948295
BEST_F1_MI: 0.9608972415883601 BEST_F1_MA: 0.5661606038417589 BEST_ACC_MI: 0.9608972415883601 BEST_F1_MA: 0.6586808403004017
[[3052   29    2    2]
 [  21   42    3    9]
 [  29   39    7   29]
 [   4    6    9   16]]
Epoch: [92/200], cls_loss: 0.2034, transfer_loss: 0.0200,person_loss: -1.9807, total_Loss: 0.0154
trian begin
trian end
n_person 578
SAMPLE
F1_MI: 0.941497423461655 F1_MA: 0.5034654683169364 ACC_MI: 0.941497423461655 F1_MA: 0.5005767733390531
BEST_F1_MI: 0.9608972415883601 BEST_F1_MA: 0.5661606038417589 BEST_ACC_MI: 0.9608972415883601 BEST_F1_MA: 0.6586808403004017
[[3035   25    6   19]
 [  20   15   14   26]
 [  24    8   40   32]
 [   4    0   15   16]]
Epoch: [93/200], cls_loss: 0.1996, transfer_loss: 0.0201,person_loss: -1.9786, total_Loss: 0.0118
trian begin
trian end
n_person 578
SAMPLE
F1_MI: 0.9321006365565323 F1_MA: 0.4629224181117459 ACC_MI: 0.9321006365565323 F1_MA: 0.39820429400865565
BEST_F1_MI: 0.9608972415883601 BEST_F1_MA: 0.5661606038417589 BEST_ACC_MI: 0.9608972415883601 BEST_F1_MA: 0.6586808403004017
[[3013   19   29   24]
 [  18   34    0   23]
 [  16   41    1   46]
 [   4    4    0   27]]
Epoch: [94/200], cls_loss: 0.2050, transfer_loss: 0.0203,person_loss: -1.9792, total_Loss: 0.0172
trian begin
trian end
n_person 578
SAMPLE
F1_MI: 0.9421036677781146 F1_MA: 0.4795291157577402 ACC_MI: 0.9421036677781146 F1_MA: 0.564324879867982
BEST_F1_MI: 0.9608972415883601 BEST_F1_MA: 0.5661606038417589 BEST_ACC_MI: 0.9608972415883601 BEST_F1_MA: 0.6586808403004017
[[3081    1    0    3]
 [  49    3    0   23]
 [  57    5    3   39]
 [  12    1    1   21]]
Epoch: [95/200], cls_loss: 0.2091, transfer_loss: 0.0204,person_loss: -1.9791, total_Loss: 0.0214
trian begin
trian end
n_person 578
SAMPLE
F1_MI: 0.20642618975447105 F1_MA: 0.3617543804442333 ACC_MI: 0.20642618975447105 F1_MA: 0.333343556304894
BEST_F1_MI: 0.9608972415883601 BEST_F1_MA: 0.5661606038417589 BEST_ACC_MI: 0.9608972415883601 BEST_F1_MA: 0.6586808403004017
[[ 606 2377   89   13]
 [  12   41    2   20]
 [  11   52    7   34]
 [   3    4    1   27]]
Epoch: [96/200], cls_loss: 0.2033, transfer_loss: 0.0203,person_loss: -1.9790, total_Loss: 0.0156
trian begin
trian end
n_person 578
SAMPLE
F1_MI: 0.9472567444680207 F1_MA: 0.47057623556988865 ACC_MI: 0.9472567444680207 F1_MA: 0.5268792606412274
BEST_F1_MI: 0.9608972415883601 BEST_F1_MA: 0.5661606038417589 BEST_ACC_MI: 0.9608972415883601 BEST_F1_MA: 0.6586808403004017
[[3083    1    0    1]
 [  35   29    0   11]
 [  57   31    3   13]
 [  14    7    4   10]]
Epoch: [97/200], cls_loss: 0.2142, transfer_loss: 0.0204,person_loss: -1.9796, total_Loss: 0.0264
trian begin
trian end
n_person 578
SAMPLE
F1_MI: 0.9439224007274932 F1_MA: 0.51476194054702 ACC_MI: 0.9439224007274932 F1_MA: 0.5481453995870224
BEST_F1_MI: 0.9608972415883601 BEST_F1_MA: 0.5661606038417589 BEST_ACC_MI: 0.9608972415883601 BEST_F1_MA: 0.6586808403004017
[[3048   27   10    0]
 [  20   55    0    0]
 [  25   70    5    4]
 [   4   23    2    6]]
Epoch: [98/200], cls_loss: 0.2111, transfer_loss: 0.0203,person_loss: -1.9802, total_Loss: 0.0232
trian begin
trian end
n_person 578
SAMPLE
F1_MI: 0.9508942103667778 F1_MA: 0.47937204855482823 ACC_MI: 0.9508942103667778 F1_MA: 0.4655476498964212
BEST_F1_MI: 0.9608972415883601 BEST_F1_MA: 0.5661606038417589 BEST_ACC_MI: 0.9608972415883601 BEST_F1_MA: 0.6586808403004017
[[3082    2    0    1]
 [  30   39    0    6]
 [  53   31    0   20]
 [  12    3    4   16]]
Epoch: [99/200], cls_loss: 0.1990, transfer_loss: 0.0202,person_loss: -1.9803, total_Loss: 0.0111
trian begin
trian end
n_person 578
SAMPLE
F1_MI: 0.9190663837526524 F1_MA: 0.5669050306505504 ACC_MI: 0.9190663837526524 F1_MA: 0.5555537450740843
BEST_F1_MI: 0.9608972415883601 BEST_F1_MA: 0.5669050306505504 BEST_ACC_MI: 0.9608972415883601 BEST_F1_MA: 0.6586808403004017
[[2947  134    3    1]
 [  19   49    1    6]
 [  21   44   17   22]
 [   6    4    6   19]]
Epoch: [100/200], cls_loss: 0.2148, transfer_loss: 0.0201,person_loss: -1.9817, total_Loss: 0.0267
trian begin
trian end
n_person 578
SAMPLE
F1_MI: 0.9345256138223704 F1_MA: 0.5123549155766332 ACC_MI: 0.9345256138223704 F1_MA: 0.4667674364582084
BEST_F1_MI: 0.9608972415883601 BEST_F1_MA: 0.5669050306505504 BEST_ACC_MI: 0.9608972415883601 BEST_F1_MA: 0.6586808403004017
[[3009   55   18    3]
 [  18   45    1   11]
 [  30   35    7   32]
 [   4    6    3   22]]
Epoch: [101/200], cls_loss: 0.2253, transfer_loss: 0.0202,person_loss: -1.9812, total_Loss: 0.0373
trian begin
trian end
n_person 578
SAMPLE
F1_MI: 0.405274325553198 F1_MA: 0.35343472905498446 ACC_MI: 0.4052743255531979 F1_MA: 0.3141652193735494
BEST_F1_MI: 0.9608972415883601 BEST_F1_MA: 0.5669050306505504 BEST_ACC_MI: 0.9608972415883601 BEST_F1_MA: 0.6586808403004017
[[1274 1369  435    7]
 [  23   28    4   20]
 [  33   16    9   46]
 [   5    0    4   26]]
Epoch: [102/200], cls_loss: 0.2069, transfer_loss: 0.0203,person_loss: -1.9808, total_Loss: 0.0189
trian begin
trian end
n_person 578
SAMPLE
F1_MI: 0.9475598666262504 F1_MA: 0.47924709528813303 ACC_MI: 0.9475598666262504 F1_MA: 0.4124060419132142
BEST_F1_MI: 0.9608972415883601 BEST_F1_MA: 0.5669050306505504 BEST_ACC_MI: 0.9608972415883601 BEST_F1_MA: 0.6586808403004017
[[3062   16    0    7]
 [  19   35    0   21]
 [  19   41    0   44]
 [   5    1    0   29]]
Epoch: [103/200], cls_loss: 0.1839, transfer_loss: 0.0202,person_loss: -1.9814, total_Loss: -0.0042
trian begin
trian end
n_person 578
SAMPLE
F1_MI: 0.9496817217338588 F1_MA: 0.5457541767174664 ACC_MI: 0.9496817217338588 F1_MA: 0.5897865853658537
BEST_F1_MI: 0.9608972415883601 BEST_F1_MA: 0.5669050306505504 BEST_ACC_MI: 0.9608972415883601 BEST_F1_MA: 0.6586808403004017
[[3081    3    0    1]
 [  29   26    0   20]
 [  42   11    3   48]
 [   8    1    3   23]]
Epoch: [104/200], cls_loss: 0.1855, transfer_loss: 0.0203,person_loss: -1.9804, total_Loss: -0.0024
trian begin
trian end
n_person 578
SAMPLE
F1_MI: 0.9472567444680207 F1_MA: 0.44107679270496014 ACC_MI: 0.9472567444680207 F1_MA: 0.4250071753208293
BEST_F1_MI: 0.9608972415883601 BEST_F1_MA: 0.5669050306505504 BEST_ACC_MI: 0.9608972415883601 BEST_F1_MA: 0.6586808403004017
[[3083    2    0    0]
 [  35   24    0   16]
 [  53   24    0   27]
 [  12    5    0   18]]
Epoch: [105/200], cls_loss: 0.1925, transfer_loss: 0.0203,person_loss: -1.9820, total_Loss: 0.0045
trian begin
trian end
n_person 578
SAMPLE
F1_MI: 0.9424067899363443 F1_MA: 0.43587031319893077 ACC_MI: 0.9424067899363443 F1_MA: 0.4233812172246611
BEST_F1_MI: 0.9608972415883601 BEST_F1_MA: 0.5669050306505504 BEST_ACC_MI: 0.9608972415883601 BEST_F1_MA: 0.6586808403004017
[[3080    1    0    4]
 [  41    2    0   32]
 [  45    1    0   58]
 [   8    0    0   27]]
Epoch: [106/200], cls_loss: 0.2040, transfer_loss: 0.0205,person_loss: -1.9803, total_Loss: 0.0162
trian begin
trian end
n_person 578
SAMPLE
F1_MI: 0.9442255228857229 F1_MA: 0.4434033033010007 ACC_MI: 0.9442255228857229 F1_MA: 0.38701950939599
BEST_F1_MI: 0.9608972415883601 BEST_F1_MA: 0.5669050306505504 BEST_ACC_MI: 0.9608972415883601 BEST_F1_MA: 0.6586808403004017
[[3067   10    3    5]
 [  24   19    0   32]
 [  26   32    0   46]
 [   4    1    1   29]]
Epoch: [107/200], cls_loss: 0.2011, transfer_loss: 0.0203,person_loss: -1.9805, total_Loss: 0.0132
trian begin
trian end
n_person 578
SAMPLE
F1_MI: 0.940284934828736 F1_MA: 0.5091272338273609 ACC_MI: 0.940284934828736 F1_MA: 0.4875980598980032
BEST_F1_MI: 0.9608972415883601 BEST_F1_MA: 0.5669050306505504 BEST_ACC_MI: 0.9608972415883601 BEST_F1_MA: 0.6586808403004017
[[3046   20    4   15]
 [  23   25    0   27]
 [  24   18    4   58]
 [   4    1    3   27]]
Epoch: [108/200], cls_loss: 0.1852, transfer_loss: 0.0203,person_loss: -1.9804, total_Loss: -0.0027
trian begin
trian end
n_person 578
SAMPLE
F1_MI: 0.07911488329796908 F1_MA: 0.3376062883691599 ACC_MI: 0.07911488329796908 F1_MA: 0.35080247327560593
BEST_F1_MI: 0.9608972415883601 BEST_F1_MA: 0.5669050306505504 BEST_ACC_MI: 0.9608972415883601 BEST_F1_MA: 0.6586808403004017
[[ 182 2840   61    2]
 [  14   33   14   14]
 [  12   35   27   30]
 [   4    2   10   19]]
Epoch: [109/200], cls_loss: 0.1901, transfer_loss: 0.0204,person_loss: -1.9802, total_Loss: 0.0023
trian begin
trian end
n_person 578
SAMPLE
F1_MI: 0.9463473779933314 F1_MA: 0.43148137394047287 ACC_MI: 0.9463473779933314 F1_MA: 0.5185966354950496
BEST_F1_MI: 0.9608972415883601 BEST_F1_MA: 0.5669050306505504 BEST_ACC_MI: 0.9608972415883601 BEST_F1_MA: 0.6586808403004017
[[3084    1    0    0]
 [  51   15    6    3]
 [  57   14   20   13]
 [  14    0   18    3]]
Epoch: [110/200], cls_loss: 0.2030, transfer_loss: 0.0203,person_loss: -1.9817, total_Loss: 0.0150
trian begin
trian end
n_person 578
SAMPLE
F1_MI: 0.059411943013034256 F1_MA: 0.3758838084115206 ACC_MI: 0.059411943013034256 F1_MA: 0.3891461912627842
BEST_F1_MI: 0.9608972415883601 BEST_F1_MA: 0.5669050306505504 BEST_ACC_MI: 0.9608972415883601 BEST_F1_MA: 0.6586808403004017
[[ 108 2960   16    1]
 [   6   47    8   14]
 [  10   43   20   31]
 [   3    2    9   21]]
Epoch: [111/200], cls_loss: 0.2226, transfer_loss: 0.0203,person_loss: -1.9806, total_Loss: 0.0347
trian begin
trian end
n_person 578
SAMPLE
F1_MI: 0.9469536223097909 F1_MA: 0.5385473275585205 ACC_MI: 0.9469536223097909 F1_MA: 0.5128537132931033
BEST_F1_MI: 0.9608972415883601 BEST_F1_MA: 0.5669050306505504 BEST_ACC_MI: 0.9608972415883601 BEST_F1_MA: 0.6586808403004017
[[3058   13    5    9]
 [  21   35    0   19]
 [  25   24    4   51]
 [   4    1    3   27]]
Epoch: [112/200], cls_loss: 0.1939, transfer_loss: 0.0204,person_loss: -1.9816, total_Loss: 0.0060
trian begin
trian end
n_person 578
SAMPLE
F1_MI: 0.027280994240678993 F1_MA: 0.2516539019969434 ACC_MI: 0.027280994240678993 F1_MA: 0.19813596491228072
BEST_F1_MI: 0.9608972415883601 BEST_F1_MA: 0.5669050306505504 BEST_ACC_MI: 0.9608972415883601 BEST_F1_MA: 0.6586808403004017
[[  12 3072    0    1]
 [   1   56    0   18]
 [   9   56    0   39]
 [   2    8    3   22]]
Epoch: [113/200], cls_loss: 0.1906, transfer_loss: 0.0202,person_loss: -1.9820, total_Loss: 0.0025
trian begin
trian end
n_person 578
SAMPLE
F1_MI: 0.20976053349499849 F1_MA: 0.35776057652519677 ACC_MI: 0.20976053349499849 F1_MA: 0.363584450139123
BEST_F1_MI: 0.9608972415883601 BEST_F1_MA: 0.5669050306505504 BEST_ACC_MI: 0.9608972415883601 BEST_F1_MA: 0.6586808403004017
[[ 630 2442    9    4]
 [  17   31    2   25]
 [  24   30    5   45]
 [   5    0    4   26]]
Epoch: [114/200], cls_loss: 0.1777, transfer_loss: 0.0206,person_loss: -1.9815, total_Loss: -0.0102
trian begin
trian end
n_person 578
SAMPLE
F1_MI: 0.9418005456198848 F1_MA: 0.43131676965183335 ACC_MI: 0.9418005456198848 F1_MA: 0.5422071164265891
BEST_F1_MI: 0.9608972415883601 BEST_F1_MA: 0.5669050306505504 BEST_ACC_MI: 0.9608972415883601 BEST_F1_MA: 0.6586808403004017
[[3084    1    0    0]
 [  61   11    0    3]
 [  77   16    3    8]
 [  21    0    5    9]]
Epoch: [115/200], cls_loss: 0.2064, transfer_loss: 0.0204,person_loss: -1.9814, total_Loss: 0.0185
trian begin
trian end
n_person 578
SAMPLE
F1_MI: 0.9321006365565323 F1_MA: 0.45748483367136106 ACC_MI: 0.9321006365565323 F1_MA: 0.39219395587977707
BEST_F1_MI: 0.9608972415883601 BEST_F1_MA: 0.5669050306505504 BEST_ACC_MI: 0.9608972415883601 BEST_F1_MA: 0.6586808403004017
[[3018   10    0   57]
 [  17   27    0   31]
 [  21   28    0   55]
 [   4    1    0   30]]
Epoch: [116/200], cls_loss: 0.1971, transfer_loss: 0.0206,person_loss: -1.9810, total_Loss: 0.0093
trian begin
trian end
n_person 578
SAMPLE
F1_MI: 0.08214610488026675 F1_MA: 0.38387073829055507 ACC_MI: 0.08214610488026675 F1_MA: 0.44417928941797996
BEST_F1_MI: 0.9608972415883601 BEST_F1_MA: 0.5669050306505504 BEST_ACC_MI: 0.9608972415883601 BEST_F1_MA: 0.6586808403004017
[[ 202 2880    0    3]
 [  16   35    0   24]
 [  24   30    8   42]
 [   3    2    4   26]]
Epoch: [117/200], cls_loss: 0.1962, transfer_loss: 0.0204,person_loss: -1.9824, total_Loss: 0.0081
trian begin
trian end
n_person 578
SAMPLE
F1_MI: 0.9448317672021824 F1_MA: 0.47269114398324036 ACC_MI: 0.9448317672021824 F1_MA: 0.5796977124183007
BEST_F1_MI: 0.9608972415883601 BEST_F1_MA: 0.5669050306505504 BEST_ACC_MI: 0.9608972415883601 BEST_F1_MA: 0.6586808403004017
[[3082    2    0    1]
 [  54   14    0    7]
 [  63   14   10   17]
 [  17    0    7   11]]
Epoch: [118/200], cls_loss: 0.1877, transfer_loss: 0.0204,person_loss: -1.9803, total_Loss: -0.0001
trian begin
trian end
n_person 578
SAMPLE
F1_MI: 0.05122764474083056 F1_MA: 0.31996962902345183 ACC_MI: 0.05122764474083055 F1_MA: 0.3586344895542412
BEST_F1_MI: 0.9608972415883601 BEST_F1_MA: 0.5669050306505504 BEST_ACC_MI: 0.9608972415883601 BEST_F1_MA: 0.6586808403004017
[[  91 2990    3    1]
 [  18   45    3    9]
 [  21   34   22   27]
 [   4    5   15   11]]
Epoch: [119/200], cls_loss: 0.2020, transfer_loss: 0.0206,person_loss: -1.9821, total_Loss: 0.0141
trian begin
trian end
n_person 578
SAMPLE
F1_MI: 0.9490754774173992 F1_MA: 0.5699372780425267 ACC_MI: 0.9490754774173992 F1_MA: 0.5573322472958616
BEST_F1_MI: 0.9608972415883601 BEST_F1_MA: 0.5699372780425267 BEST_ACC_MI: 0.9608972415883601 BEST_F1_MA: 0.6586808403004017
[[3053   15   14    3]
 [  20   32    2   21]
 [  16   19   21   48]
 [   5    0    5   25]]
Epoch: [120/200], cls_loss: 0.1882, transfer_loss: 0.0205,person_loss: -1.9812, total_Loss: 0.0004
trian begin
trian end
n_person 578
SAMPLE
F1_MI: 0.9518035768414671 F1_MA: 0.5779142994397921 ACC_MI: 0.9518035768414671 F1_MA: 0.630273092359853
BEST_F1_MI: 0.9608972415883601 BEST_F1_MA: 0.5779142994397921 BEST_ACC_MI: 0.9608972415883601 BEST_F1_MA: 0.6586808403004017
[[3080    2    2    1]
 [  35   28    0   12]
 [  39   30    8   27]
 [   7    3    1   24]]
Epoch: [121/200], cls_loss: 0.1970, transfer_loss: 0.0205,person_loss: -1.9810, total_Loss: 0.0092
trian begin
trian end
n_person 578
SAMPLE
F1_MI: 0.9472567444680207 F1_MA: 0.502792146764635 ACC_MI: 0.9472567444680207 F1_MA: 0.6005796145506377
BEST_F1_MI: 0.9608972415883601 BEST_F1_MA: 0.5779142994397921 BEST_ACC_MI: 0.9608972415883601 BEST_F1_MA: 0.6586808403004017
[[3082    2    0    1]
 [  47   19    3    6]
 [  58   17   11   18]
 [  17    1    4   13]]
Epoch: [122/200], cls_loss: 0.1926, transfer_loss: 0.0205,person_loss: -1.9809, total_Loss: 0.0047
trian begin
trian end
n_person 578
SAMPLE
F1_MI: 0.9472567444680207 F1_MA: 0.5759358021309273 ACC_MI: 0.9472567444680207 F1_MA: 0.58335346215781
BEST_F1_MI: 0.9608972415883601 BEST_F1_MA: 0.5779142994397921 BEST_ACC_MI: 0.9608972415883601 BEST_F1_MA: 0.6586808403004017
[[3055   17    1   12]
 [  21   37    0   17]
 [  25   33    8   38]
 [   4    3    3   25]]
Epoch: [123/200], cls_loss: 0.1923, transfer_loss: 0.0205,person_loss: -1.9820, total_Loss: 0.0043
trian begin
trian end
n_person 578
SAMPLE
F1_MI: 0.9502879660503183 F1_MA: 0.5726391921276266 ACC_MI: 0.9502879660503183 F1_MA: 0.6438413912919809
BEST_F1_MI: 0.9608972415883601 BEST_F1_MA: 0.5779142994397921 BEST_ACC_MI: 0.9608972415883601 BEST_F1_MA: 0.6586808403004017
[[3079    1    1    4]
 [  28   14    0   33]
 [  28    7   17   52]
 [   5    0    5   25]]
Epoch: [124/200], cls_loss: 0.1763, transfer_loss: 0.0204,person_loss: -1.9809, total_Loss: -0.0116
trian begin
trian end
n_person 578
SAMPLE
F1_MI: 0.9508942103667778 F1_MA: 0.5572930867140096 ACC_MI: 0.9508942103667778 F1_MA: 0.5866391027002881
BEST_F1_MI: 0.9608972415883601 BEST_F1_MA: 0.5779142994397921 BEST_ACC_MI: 0.9608972415883601 BEST_F1_MA: 0.6586808403004017
[[3074    9    1    1]
 [  26   33    0   16]
 [  30   22    9   43]
 [   8    1    5   21]]
Epoch: [125/200], cls_loss: 0.1939, transfer_loss: 0.0204,person_loss: -1.9810, total_Loss: 0.0060
trian begin
trian end
n_person 578
SAMPLE
F1_MI: 0.9518035768414671 F1_MA: 0.5254905741068514 ACC_MI: 0.9518035768414671 F1_MA: 0.554927628763903
BEST_F1_MI: 0.9608972415883601 BEST_F1_MA: 0.5779142994397921 BEST_ACC_MI: 0.9608972415883601 BEST_F1_MA: 0.6586808403004017
[[3079    4    1    1]
 [  21   24    1   29]
 [  23   24   20   37]
 [   4    2   12   17]]
Epoch: [126/200], cls_loss: 0.1805, transfer_loss: 0.0207,person_loss: -1.9796, total_Loss: -0.0071
trian begin
trian end
n_person 578
SAMPLE
F1_MI: 0.8645043952712943 F1_MA: 0.5000652892920575 ACC_MI: 0.8645043952712943 F1_MA: 0.46717396471358247
BEST_F1_MI: 0.9608972415883601 BEST_F1_MA: 0.5779142994397921 BEST_ACC_MI: 0.9608972415883601 BEST_F1_MA: 0.6586808403004017
[[2787  281    3   14]
 [  15   30    0   30]
 [  12   33    8   51]
 [   4    1    3   27]]
Epoch: [127/200], cls_loss: 0.1735, transfer_loss: 0.0207,person_loss: -1.9813, total_Loss: -0.0142
trian begin
trian end
n_person 578
SAMPLE
F1_MI: 0.2021824795392543 F1_MA: 0.4005331888688246 ACC_MI: 0.2021824795392543 F1_MA: 0.4285851245306883
BEST_F1_MI: 0.9608972415883601 BEST_F1_MA: 0.5779142994397921 BEST_ACC_MI: 0.9608972415883601 BEST_F1_MA: 0.6586808403004017
[[ 595 2485    2    3]
 [  16   44    0   15]
 [   7   54    4   39]
 [   4    4    3   24]]
Epoch: [128/200], cls_loss: 0.1892, transfer_loss: 0.0208,person_loss: -1.9789, total_Loss: 0.0017
trian begin
trian end
n_person 578
SAMPLE
F1_MI: 0.9496817217338588 F1_MA: 0.5458131341962954 ACC_MI: 0.9496817217338588 F1_MA: 0.6196887455422697
BEST_F1_MI: 0.9608972415883601 BEST_F1_MA: 0.5779142994397921 BEST_ACC_MI: 0.9608972415883601 BEST_F1_MA: 0.6586808403004017
[[3084    1    0    0]
 [  35   22    0   18]
 [  49   16    6   33]
 [  10    1    3   21]]
Epoch: [129/200], cls_loss: 0.1910, transfer_loss: 0.0205,person_loss: -1.9808, total_Loss: 0.0032
trian begin
trian end
n_person 578
SAMPLE
F1_MI: 0.8451045771445893 F1_MA: 0.4696522504957575 ACC_MI: 0.8451045771445893 F1_MA: 0.45378802333711526
BEST_F1_MI: 0.9608972415883601 BEST_F1_MA: 0.5779142994397921 BEST_ACC_MI: 0.9608972415883601 BEST_F1_MA: 0.6586808403004017
[[2724  358    1    2]
 [  26   39    4    6]
 [  46   20    9   29]
 [  13    0    6   16]]
Epoch: [130/200], cls_loss: 0.1762, transfer_loss: 0.0203,person_loss: -1.9831, total_Loss: -0.0120
trian begin
trian end
n_person 578
SAMPLE
F1_MI: 0.7450742649287663 F1_MA: 0.40944237292183094 ACC_MI: 0.7450742649287663 F1_MA: 0.385537035977071
BEST_F1_MI: 0.9608972415883601 BEST_F1_MA: 0.5779142994397921 BEST_ACC_MI: 0.9608972415883601 BEST_F1_MA: 0.6586808403004017
[[2407  674    3    1]
 [  28   31    0   16]
 [  34   37    1   32]
 [   9    7    0   19]]
Epoch: [131/200], cls_loss: 0.1915, transfer_loss: 0.0206,person_loss: -1.9809, total_Loss: 0.0037
trian begin
trian end
n_person 578
SAMPLE
F1_MI: 0.9475598666262504 F1_MA: 0.511213549240926 ACC_MI: 0.9475598666262504 F1_MA: 0.5898856653286892
BEST_F1_MI: 0.9608972415883601 BEST_F1_MA: 0.5779142994397921 BEST_ACC_MI: 0.9608972415883601 BEST_F1_MA: 0.6586808403004017
[[3079    4    1    1]
 [  43   29    0    3]
 [  56   28    5   15]
 [  13    6    3   13]]
Epoch: [132/200], cls_loss: 0.1860, transfer_loss: 0.0206,person_loss: -1.9813, total_Loss: -0.0018
trian begin
trian end
n_person 578
SAMPLE
F1_MI: 0.9508942103667778 F1_MA: 0.5565739492392006 ACC_MI: 0.9508942103667778 F1_MA: 0.5878940505676616
BEST_F1_MI: 0.9608972415883601 BEST_F1_MA: 0.5779142994397921 BEST_ACC_MI: 0.9608972415883601 BEST_F1_MA: 0.6586808403004017
[[3077    5    1    2]
 [  25   38    0   12]
 [  48   16    1   39]
 [   9    5    0   21]]
Epoch: [133/200], cls_loss: 0.1710, transfer_loss: 0.0203,person_loss: -1.9826, total_Loss: -0.0171
trian begin
trian end
n_person 578
SAMPLE
F1_MI: 0.8335859351318582 F1_MA: 0.45885215082962105 ACC_MI: 0.8335859351318582 F1_MA: 0.42065408071372723
BEST_F1_MI: 0.9608972415883601 BEST_F1_MA: 0.5779142994397921 BEST_ACC_MI: 0.9608972415883601 BEST_F1_MA: 0.6586808403004017
[[2683   32  370    0]
 [  21   44    1    9]
 [  30   44    5   25]
 [   5    8    4   18]]
Epoch: [134/200], cls_loss: 0.1886, transfer_loss: 0.0205,person_loss: -1.9808, total_Loss: 0.0008
trian begin
trian end
n_person 578
SAMPLE
F1_MI: 0.9457411336768717 F1_MA: 0.46101154137786143 ACC_MI: 0.9457411336768717 F1_MA: 0.41583932438215226
BEST_F1_MI: 0.9608972415883601 BEST_F1_MA: 0.5779142994397921 BEST_ACC_MI: 0.9608972415883601 BEST_F1_MA: 0.6586808403004017
[[3068    8    0    9]
 [  22   27    0   26]
 [  33   20    0   51]
 [   6    4    0   25]]
Epoch: [135/200], cls_loss: 0.1895, transfer_loss: 0.0202,person_loss: -1.9818, total_Loss: 0.0014
trian begin
trian end
n_person 578
SAMPLE
F1_MI: 0.9499848438920885 F1_MA: 0.5093119226594846 ACC_MI: 0.9499848438920885 F1_MA: 0.5533337330986172
BEST_F1_MI: 0.9608972415883601 BEST_F1_MA: 0.5779142994397921 BEST_ACC_MI: 0.9608972415883601 BEST_F1_MA: 0.6586808403004017
[[3077    5    3    0]
 [  29   46    0    0]
 [  34   58    2   10]
 [   8   18    0    9]]
Epoch: [136/200], cls_loss: 0.1793, transfer_loss: 0.0207,person_loss: -1.9828, total_Loss: -0.0086
trian begin
trian end
n_person 578
SAMPLE
F1_MI: 0.9511973325250076 F1_MA: 0.5521866118015876 ACC_MI: 0.9511973325250076 F1_MA: 0.6458887095327773
BEST_F1_MI: 0.9608972415883601 BEST_F1_MA: 0.5779142994397921 BEST_ACC_MI: 0.9608972415883601 BEST_F1_MA: 0.6586808403004017
[[3080    4    1    0]
 [  36   34    1    4]
 [  56   29   11    8]
 [  14    3    5   13]]
Epoch: [137/200], cls_loss: 0.1840, transfer_loss: 0.0206,person_loss: -1.9809, total_Loss: -0.0038
trian begin
trian end
n_person 578
SAMPLE
F1_MI: 0.9487723552591695 F1_MA: 0.49575913756460416 ACC_MI: 0.9487723552591695 F1_MA: 0.5586101711223934
BEST_F1_MI: 0.9608972415883601 BEST_F1_MA: 0.5779142994397921 BEST_ACC_MI: 0.9608972415883601 BEST_F1_MA: 0.6586808403004017
[[3083    2    0    0]
 [  38   33    0    4]
 [  50   41    3   10]
 [  13    7    4   11]]
Epoch: [138/200], cls_loss: 0.2017, transfer_loss: 0.0208,person_loss: -1.9819, total_Loss: 0.0139
trian begin
trian end
n_person 578
SAMPLE
F1_MI: 0.9469536223097909 F1_MA: 0.45942411688193474 ACC_MI: 0.9469536223097909 F1_MA: 0.46385610378007325
BEST_F1_MI: 0.9608972415883601 BEST_F1_MA: 0.5779142994397921 BEST_ACC_MI: 0.9608972415883601 BEST_F1_MA: 0.6586808403004017
[[3083    2    0    0]
 [  47   23    0    5]
 [  63   17    0   24]
 [  14    3    0   18]]
Epoch: [139/200], cls_loss: 0.1565, transfer_loss: 0.0206,person_loss: -1.9828, total_Loss: -0.0314
trian begin
trian end
n_person 578
SAMPLE
F1_MI: 0.9496817217338588 F1_MA: 0.5684962670328247 ACC_MI: 0.9496817217338588 F1_MA: 0.542475984381896
BEST_F1_MI: 0.9608972415883601 BEST_F1_MA: 0.5779142994397921 BEST_ACC_MI: 0.9608972415883601 BEST_F1_MA: 0.6586808403004017
[[3055   28    2    0]
 [  18   52    0    5]
 [  22   48    2   32]
 [   5    5    1   24]]
Epoch: [140/200], cls_loss: 0.1856, transfer_loss: 0.0206,person_loss: -1.9810, total_Loss: -0.0022
trian begin
trian end
n_person 578
SAMPLE
F1_MI: 0.9399818126705062 F1_MA: 0.5434203600560057 ACC_MI: 0.9399818126705062 F1_MA: 0.4953103035016534
BEST_F1_MI: 0.9608972415883601 BEST_F1_MA: 0.5779142994397921 BEST_ACC_MI: 0.9608972415883601 BEST_F1_MA: 0.6586808403004017
[[3022   34   20    9]
 [  13   37    3   22]
 [  14   25   14   51]
 [   3    2    2   28]]
Epoch: [141/200], cls_loss: 0.1806, transfer_loss: 0.0207,person_loss: -1.9815, total_Loss: -0.0072
trian begin
trian end
n_person 578
SAMPLE
F1_MI: 0.29705971506517126 F1_MA: 0.3869447140211102 ACC_MI: 0.29705971506517126 F1_MA: 0.42228525899042235
BEST_F1_MI: 0.9608972415883601 BEST_F1_MA: 0.5779142994397921 BEST_ACC_MI: 0.9608972415883601 BEST_F1_MA: 0.6586808403004017
[[ 914 2166    4    1]
 [  24   42    0    9]
 [  40   29    6   29]
 [   9    4    4   18]]
Epoch: [142/200], cls_loss: 0.1658, transfer_loss: 0.0207,person_loss: -1.9818, total_Loss: -0.0220
trian begin
trian end
n_person 578
SAMPLE
F1_MI: 0.9499848438920885 F1_MA: 0.5443392265699117 ACC_MI: 0.9499848438920885 F1_MA: 0.6040432300307588
BEST_F1_MI: 0.9608972415883601 BEST_F1_MA: 0.5779142994397921 BEST_ACC_MI: 0.9608972415883601 BEST_F1_MA: 0.6586808403004017
[[3078    4    1    2]
 [  31   28    2   14]
 [  51   13   10   30]
 [  11    1    5   18]]
Epoch: [143/200], cls_loss: 0.1765, transfer_loss: 0.0208,person_loss: -1.9820, total_Loss: -0.0112
trian begin
trian end
n_person 578
SAMPLE
F1_MI: 0.9469536223097909 F1_MA: 0.5073164570667106 ACC_MI: 0.9469536223097909 F1_MA: 0.5281558218413889
BEST_F1_MI: 0.9608972415883601 BEST_F1_MA: 0.5779142994397921 BEST_ACC_MI: 0.9608972415883601 BEST_F1_MA: 0.6586808403004017
[[3068    4    6    7]
 [  20   21    0   34]
 [  27   22   17   38]
 [   5    2   10   18]]
Epoch: [144/200], cls_loss: 0.1807, transfer_loss: 0.0210,person_loss: -1.9814, total_Loss: -0.0070
trian begin
trian end
n_person 578
SAMPLE
F1_MI: 0.881782358290391 F1_MA: 0.41993426202919165 ACC_MI: 0.881782358290391 F1_MA: 0.3477555729710902
BEST_F1_MI: 0.9608972415883601 BEST_F1_MA: 0.5779142994397921 BEST_ACC_MI: 0.9608972415883601 BEST_F1_MA: 0.6586808403004017
[[2849  232    1    3]
 [  24   34    0   17]
 [  26   37    0   41]
 [   5    3    1   26]]
Epoch: [145/200], cls_loss: 0.1821, transfer_loss: 0.0209,person_loss: -1.9803, total_Loss: -0.0055
trian begin
trian end
n_person 578
SAMPLE
F1_MI: 0.9008790542588663 F1_MA: 0.4294431805781522 ACC_MI: 0.9008790542588663 F1_MA: 0.35672573839256166
BEST_F1_MI: 0.9608972415883601 BEST_F1_MA: 0.5779142994397921 BEST_ACC_MI: 0.9608972415883601 BEST_F1_MA: 0.6586808403004017
[[2901   90   11   83]
 [  11   52    0   12]
 [  13   67    1   23]
 [   4   10    3   18]]
Epoch: [146/200], cls_loss: 0.1639, transfer_loss: 0.0209,person_loss: -1.9823, total_Loss: -0.0239
trian begin
trian end
n_person 578
SAMPLE
F1_MI: 0.9433161564110336 F1_MA: 0.42713063345165364 ACC_MI: 0.9433161564110336 F1_MA: 0.4789402123602162
BEST_F1_MI: 0.9608972415883601 BEST_F1_MA: 0.5779142994397921 BEST_ACC_MI: 0.9608972415883601 BEST_F1_MA: 0.6586808403004017
[[3081    3    0    1]
 [  47   20    0    8]
 [  70   18    2   14]
 [  17    1    8    9]]
Epoch: [147/200], cls_loss: 0.1638, transfer_loss: 0.0207,person_loss: -1.9827, total_Loss: -0.0241
trian begin
trian end
n_person 578
SAMPLE
F1_MI: 0.4953016065474386 F1_MA: 0.4166885155616564 ACC_MI: 0.4953016065474386 F1_MA: 0.39856176321951753
BEST_F1_MI: 0.9608972415883601 BEST_F1_MA: 0.5779142994397921 BEST_ACC_MI: 0.9608972415883601 BEST_F1_MA: 0.6586808403004017
[[1566 1506    7    6]
 [  18   40    0   17]
 [  22   42    5   35]
 [   4    4    4   23]]
Epoch: [148/200], cls_loss: 0.1669, transfer_loss: 0.0209,person_loss: -1.9824, total_Loss: -0.0209
trian begin
trian end
n_person 578
SAMPLE
F1_MI: 0.5719915125795696 F1_MA: 0.35686615169376795 ACC_MI: 0.5719915125795696 F1_MA: 0.3713133742362268
BEST_F1_MI: 0.9608972415883601 BEST_F1_MA: 0.5779142994397921 BEST_ACC_MI: 0.9608972415883601 BEST_F1_MA: 0.6586808403004017
[[1829 1253    3    0]
 [  19   55    0    1]
 [  30   67    2    5]
 [   8   25    1    1]]
Epoch: [149/200], cls_loss: 0.1862, transfer_loss: 0.0207,person_loss: -1.9818, total_Loss: -0.0016
trian begin
trian end
n_person 578
SAMPLE
F1_MI: 0.6174598363140346 F1_MA: 0.4543916718907408 ACC_MI: 0.6174598363140346 F1_MA: 0.5176666058894637
BEST_F1_MI: 0.9608972415883601 BEST_F1_MA: 0.5779142994397921 BEST_ACC_MI: 0.9608972415883601 BEST_F1_MA: 0.6586808403004017
[[1973 1109    1    2]
 [  28   42    2    3]
 [  49   32   11   12]
 [  16    6    2   11]]
Epoch: [150/200], cls_loss: 0.1800, transfer_loss: 0.0207,person_loss: -1.9821, total_Loss: -0.0078
trian begin
trian end
n_person 578
SAMPLE
F1_MI: 0.9502879660503183 F1_MA: 0.5206655812560342 ACC_MI: 0.9502879660503183 F1_MA: 0.5705176767676768
BEST_F1_MI: 0.9608972415883601 BEST_F1_MA: 0.5779142994397921 BEST_ACC_MI: 0.9608972415883601 BEST_F1_MA: 0.6586808403004017
[[3080    4    0    1]
 [  35   33    0    7]
 [  41   33    8   22]
 [  12    2    7   14]]
Epoch: [151/200], cls_loss: 0.1628, transfer_loss: 0.0206,person_loss: -1.9813, total_Loss: -0.0251
trian begin
trian end
n_person 578
SAMPLE
F1_MI: 0.9451348893604122 F1_MA: 0.5662187388257565 ACC_MI: 0.9451348893604122 F1_MA: 0.5811221465826729
BEST_F1_MI: 0.9608972415883601 BEST_F1_MA: 0.5779142994397921 BEST_ACC_MI: 0.9608972415883601 BEST_F1_MA: 0.6586808403004017
[[3055    6    2   22]
 [  23   27    0   25]
 [  26   23    9   46]
 [   4    1    3   27]]
Epoch: [152/200], cls_loss: 0.1656, transfer_loss: 0.0205,person_loss: -1.9814, total_Loss: -0.0223
trian begin
trian end
n_person 578
SAMPLE
F1_MI: 0.9336162473476811 F1_MA: 0.42848849316750115 ACC_MI: 0.9336162473476811 F1_MA: 0.46686138039605596
BEST_F1_MI: 0.9608972415883601 BEST_F1_MA: 0.5779142994397921 BEST_ACC_MI: 0.9608972415883601 BEST_F1_MA: 0.6586808403004017
[[3031   16    4   34]
 [  28   35    3    9]
 [  45   29   14   16]
 [  25    1    9    0]]
Epoch: [153/200], cls_loss: 0.1636, transfer_loss: 0.0203,person_loss: -1.9827, total_Loss: -0.0245
trian begin
trian end
n_person 578
SAMPLE
F1_MI: 0.9408911791451955 F1_MA: 0.5220696556033255 ACC_MI: 0.9408911791451955 F1_MA: 0.4824576080984271
BEST_F1_MI: 0.9608972415883601 BEST_F1_MA: 0.5779142994397921 BEST_ACC_MI: 0.9608972415883601 BEST_F1_MA: 0.6586808403004017
[[3032   23   23    7]
 [  21   39    0   15]
 [  27   41    9   27]
 [   4    3    4   24]]
Epoch: [154/200], cls_loss: 0.1736, transfer_loss: 0.0207,person_loss: -1.9801, total_Loss: -0.0140
trian begin
trian end
n_person 578
SAMPLE
F1_MI: 0.048499545316762656 F1_MA: 0.3420564854780083 ACC_MI: 0.048499545316762656 F1_MA: 0.3452408848810194
BEST_F1_MI: 0.9608972415883601 BEST_F1_MA: 0.5779142994397921 BEST_ACC_MI: 0.9608972415883601 BEST_F1_MA: 0.6586808403004017
[[  85 2987    4    9]
 [   7   46    2   20]
 [  14   43    6   41]
 [   5    2    5   23]]
Epoch: [155/200], cls_loss: 0.1820, transfer_loss: 0.0206,person_loss: -1.9816, total_Loss: -0.0059
trian begin
trian end
n_person 578
SAMPLE
F1_MI: 0.9351318581388299 F1_MA: 0.5147638462465653 ACC_MI: 0.9351318581388299 F1_MA: 0.4881397031349265
BEST_F1_MI: 0.9608972415883601 BEST_F1_MA: 0.5779142994397921 BEST_ACC_MI: 0.9608972415883601 BEST_F1_MA: 0.6586808403004017
[[3002   66   16    1]
 [  17   38    9   11]
 [  16   27   31   30]
 [   4    0   17   14]]
Epoch: [156/200], cls_loss: 0.1712, transfer_loss: 0.0208,person_loss: -1.9819, total_Loss: -0.0166
trian begin
trian end
n_person 578
SAMPLE
F1_MI: 0.9469536223097909 F1_MA: 0.5682844706277634 ACC_MI: 0.9469536223097909 F1_MA: 0.5782258064516128
BEST_F1_MI: 0.9608972415883601 BEST_F1_MA: 0.5779142994397921 BEST_ACC_MI: 0.9608972415883601 BEST_F1_MA: 0.6586808403004017
[[3060   11    1   13]
 [  19   26    0   30]
 [  18   23   10   53]
 [   3    0    4   28]]
Epoch: [157/200], cls_loss: 0.1875, transfer_loss: 0.0208,person_loss: -1.9819, total_Loss: -0.0003
trian begin
trian end
n_person 578
SAMPLE
F1_MI: 0.5738102455289482 F1_MA: 0.436308562867109 ACC_MI: 0.5738102455289482 F1_MA: 0.3886430011573342
BEST_F1_MI: 0.9608972415883601 BEST_F1_MA: 0.5779142994397921 BEST_ACC_MI: 0.9608972415883601 BEST_F1_MA: 0.6586808403004017
[[1823 1155    3  104]
 [   6   37    0   32]
 [   4   30    2   68]
 [   4    0    0   31]]
Epoch: [158/200], cls_loss: 0.1719, transfer_loss: 0.0208,person_loss: -1.9811, total_Loss: -0.0159
trian begin
trian end
n_person 578
SAMPLE
F1_MI: 0.9521066989996969 F1_MA: 0.5510877742629312 ACC_MI: 0.9521066989996969 F1_MA: 0.5695770779393761
BEST_F1_MI: 0.9608972415883601 BEST_F1_MA: 0.5779142994397921 BEST_ACC_MI: 0.9608972415883601 BEST_F1_MA: 0.6586808403004017
[[3067   12    6    0]
 [  26   39    3    7]
 [  32   32   20   20]
 [   5    3   12   15]]
Epoch: [159/200], cls_loss: 0.1620, transfer_loss: 0.0208,person_loss: -1.9822, total_Loss: -0.0258
trian begin
trian end
n_person 578
SAMPLE
F1_MI: 0.9530160654743862 F1_MA: 0.5356883348939993 ACC_MI: 0.9530160654743862 F1_MA: 0.5699773331374507
BEST_F1_MI: 0.9608972415883601 BEST_F1_MA: 0.5779142994397921 BEST_ACC_MI: 0.9608972415883601 BEST_F1_MA: 0.6586808403004017
[[3080    3    2    0]
 [  28   28    6   13]
 [  35   22   20   27]
 [   6    0   13   16]]
Epoch: [160/200], cls_loss: 0.1681, transfer_loss: 0.0208,person_loss: -1.9809, total_Loss: -0.0196
trian begin
trian end
n_person 578
SAMPLE
F1_MI: 0.03485904819642316 F1_MA: 0.3226025350979342 ACC_MI: 0.03485904819642316 F1_MA: 0.3256842909218534
BEST_F1_MI: 0.9608972415883601 BEST_F1_MA: 0.5779142994397921 BEST_ACC_MI: 0.9608972415883601 BEST_F1_MA: 0.6586808403004017
[[  30 3049    3    3]
 [   7   50    5   13]
 [  14   41   21   28]
 [   4    4   13   14]]
Epoch: [161/200], cls_loss: 0.1537, transfer_loss: 0.0207,person_loss: -1.9817, total_Loss: -0.0341
trian begin
trian end
n_person 578
SAMPLE
F1_MI: 0.9433161564110336 F1_MA: 0.4936911943742435 ACC_MI: 0.9433161564110336 F1_MA: 0.4631598793363499
BEST_F1_MI: 0.9608972415883601 BEST_F1_MA: 0.5779142994397921 BEST_ACC_MI: 0.9608972415883601 BEST_F1_MA: 0.6586808403004017
[[3054   12    6   13]
 [  17   30    0   28]
 [  19   34    4   47]
 [   4    2    5   24]]
Epoch: [162/200], cls_loss: 0.1679, transfer_loss: 0.0208,person_loss: -1.9824, total_Loss: -0.0200
trian begin
trian end
n_person 578
SAMPLE
F1_MI: 0.9536223097908457 F1_MA: 0.5278052266056007 ACC_MI: 0.9536223097908457 F1_MA: 0.5486100637932869
BEST_F1_MI: 0.9608972415883601 BEST_F1_MA: 0.5779142994397921 BEST_ACC_MI: 0.9608972415883601 BEST_F1_MA: 0.6586808403004017
[[3072    6    7    0]
 [  24   42    3    6]
 [  27   38   23   16]
 [   6    0   20    9]]
Epoch: [163/200], cls_loss: 0.1554, transfer_loss: 0.0209,person_loss: -1.9821, total_Loss: -0.0324
trian begin
trian end
n_person 578
SAMPLE
F1_MI: 0.9499848438920885 F1_MA: 0.5303513736964349 ACC_MI: 0.9499848438920885 F1_MA: 0.5803047517770191
BEST_F1_MI: 0.9608972415883601 BEST_F1_MA: 0.5779142994397921 BEST_ACC_MI: 0.9608972415883601 BEST_F1_MA: 0.6586808403004017
[[3074    9    1    1]
 [  27   41    0    7]
 [  38   45    7   14]
 [  14    5    4   12]]
Epoch: [164/200], cls_loss: 0.1770, transfer_loss: 0.0209,person_loss: -1.9809, total_Loss: -0.0106
trian begin
trian end
n_person 578
SAMPLE
F1_MI: 0.9475598666262504 F1_MA: 0.4777570822811621 ACC_MI: 0.9475598666262504 F1_MA: 0.5044447133905621
BEST_F1_MI: 0.9608972415883601 BEST_F1_MA: 0.5779142994397921 BEST_ACC_MI: 0.9608972415883601 BEST_F1_MA: 0.6586808403004017
[[3084    1    0    0]
 [  36   24    0   15]
 [  49   19    1   35]
 [  15    0    3   17]]
Epoch: [165/200], cls_loss: 0.1651, transfer_loss: 0.0210,person_loss: -1.9824, total_Loss: -0.0227
trian begin
trian end
n_person 578
SAMPLE
F1_MI: 0.9399818126705062 F1_MA: 0.5234562809238227 ACC_MI: 0.9399818126705062 F1_MA: 0.4970535171360182
BEST_F1_MI: 0.9608972415883601 BEST_F1_MA: 0.5779142994397921 BEST_ACC_MI: 0.9608972415883601 BEST_F1_MA: 0.6586808403004017
[[3028   32   25    0]
 [  25   40    0   10]
 [  30   37   13   24]
 [   4    2    9   20]]
Epoch: [166/200], cls_loss: 0.1594, transfer_loss: 0.0208,person_loss: -1.9808, total_Loss: -0.0283
trian begin
trian end
n_person 578
SAMPLE
F1_MI: 0.9448317672021824 F1_MA: 0.46215431947685237 ACC_MI: 0.9448317672021824 F1_MA: 0.4762833110415001
BEST_F1_MI: 0.9608972415883601 BEST_F1_MA: 0.5779142994397921 BEST_ACC_MI: 0.9608972415883601 BEST_F1_MA: 0.6586808403004017
[[3060   15   10    0]
 [  24   33    2   16]
 [  35   31   17   21]
 [   7    4   17    7]]
Epoch: [167/200], cls_loss: 0.1694, transfer_loss: 0.0209,person_loss: -1.9831, total_Loss: -0.0184
trian begin
trian end
n_person 578
SAMPLE
F1_MI: 0.9439224007274932 F1_MA: 0.44565770995245335 ACC_MI: 0.9439224007274932 F1_MA: 0.4820121944641953
BEST_F1_MI: 0.9608972415883601 BEST_F1_MA: 0.5779142994397921 BEST_ACC_MI: 0.9608972415883601 BEST_F1_MA: 0.6586808403004017
[[3080    1    1    3]
 [  43   18    0   14]
 [  53   21    2   28]
 [  12    6    3   14]]
Epoch: [168/200], cls_loss: 0.1684, transfer_loss: 0.0205,person_loss: -1.9820, total_Loss: -0.0195
trian begin
trian end
n_person 578
SAMPLE
F1_MI: 0.9478629887844802 F1_MA: 0.6097618327217297 ACC_MI: 0.9478629887844802 F1_MA: 0.6808109760006057
BEST_F1_MI: 0.9608972415883601 BEST_F1_MA: 0.6097618327217297 BEST_ACC_MI: 0.9608972415883601 BEST_F1_MA: 0.6808109760006057
[[3070    8    0    7]
 [  28   26    0   21]
 [  34   23    1   46]
 [   5    0    0   30]]
Epoch: [169/200], cls_loss: 0.1658, transfer_loss: 0.0208,person_loss: -1.9813, total_Loss: -0.0219
trian begin
trian end
n_person 578
SAMPLE
F1_MI: 0.8408608669293726 F1_MA: 0.45769720147457016 ACC_MI: 0.8408608669293726 F1_MA: 0.4049606594910793
BEST_F1_MI: 0.9608972415883601 BEST_F1_MA: 0.6097618327217297 BEST_ACC_MI: 0.9608972415883601 BEST_F1_MA: 0.6808109760006057
[[2688   75  321    1]
 [  17   38   12    8]
 [  10   34   34   26]
 [   4    1   16   14]]
Epoch: [170/200], cls_loss: 0.1525, transfer_loss: 0.0211,person_loss: -1.9813, total_Loss: -0.0351
trian begin
trian end
n_person 578
SAMPLE
F1_MI: 0.29099727190057595 F1_MA: 0.38914135439666403 ACC_MI: 0.29099727190057595 F1_MA: 0.3948496897920348
BEST_F1_MI: 0.9608972415883601 BEST_F1_MA: 0.6097618327217297 BEST_ACC_MI: 0.9608972415883601 BEST_F1_MA: 0.6808109760006057
[[ 888 2180    7   10]
 [  11   42    2   20]
 [  12   36    9   47]
 [   3    5    6   21]]
Epoch: [171/200], cls_loss: 0.1715, transfer_loss: 0.0212,person_loss: -1.9802, total_Loss: -0.0160
trian begin
trian end
n_person 578
SAMPLE
F1_MI: 0.9442255228857229 F1_MA: 0.4464659654756396 ACC_MI: 0.9442255228857229 F1_MA: 0.531410695794942
BEST_F1_MI: 0.9608972415883601 BEST_F1_MA: 0.6097618327217297 BEST_ACC_MI: 0.9608972415883601 BEST_F1_MA: 0.6808109760006057
[[3079    4    1    1]
 [  46   22    0    7]
 [  56   28    8   12]
 [  17    7    5    6]]
Epoch: [172/200], cls_loss: 0.1657, transfer_loss: 0.0211,person_loss: -1.9808, total_Loss: -0.0219
trian begin
trian end
n_person 578
SAMPLE
F1_MI: 0.949378599575629 F1_MA: 0.47520438623191724 ACC_MI: 0.949378599575629 F1_MA: 0.5331976959631676
BEST_F1_MI: 0.9608972415883601 BEST_F1_MA: 0.6097618327217297 BEST_ACC_MI: 0.9608972415883601 BEST_F1_MA: 0.6808109760006057
[[3079    2    4    0]
 [  39   25    4    7]
 [  41   28   22   13]
 [  12    3   14    6]]
Epoch: [173/200], cls_loss: 0.1616, transfer_loss: 0.0208,person_loss: -1.9810, total_Loss: -0.0261
trian begin
trian end
n_person 578
SAMPLE
F1_MI: 0.9511973325250076 F1_MA: 0.5420525960541002 ACC_MI: 0.9511973325250076 F1_MA: 0.6057151065733646
BEST_F1_MI: 0.9608972415883601 BEST_F1_MA: 0.6097618327217297 BEST_ACC_MI: 0.9608972415883601 BEST_F1_MA: 0.6808109760006057
[[3078    5    1    1]
 [  30   43    0    2]
 [  49   36    5   14]
 [  15    5    3   12]]
Epoch: [174/200], cls_loss: 0.1543, transfer_loss: 0.0207,person_loss: -1.9817, total_Loss: -0.0335
trian begin
trian end
n_person 578
SAMPLE
F1_MI: 0.9478629887844802 F1_MA: 0.5233956445361677 ACC_MI: 0.9478629887844802 F1_MA: 0.5147362691303409
BEST_F1_MI: 0.9608972415883601 BEST_F1_MA: 0.6097618327217297 BEST_ACC_MI: 0.9608972415883601 BEST_F1_MA: 0.6808109760006057
[[3060   16    6    3]
 [  23   46    1    5]
 [  27   54    4   19]
 [   4   13    1   17]]
Epoch: [175/200], cls_loss: 0.1587, transfer_loss: 0.0206,person_loss: -1.9819, total_Loss: -0.0292
trian begin
trian end
n_person 578
SAMPLE
F1_MI: 0.14034555926038195 F1_MA: 0.3564432209485797 ACC_MI: 0.14034555926038195 F1_MA: 0.40859705788206546
BEST_F1_MI: 0.9608972415883601 BEST_F1_MA: 0.6097618327217297 BEST_ACC_MI: 0.9608972415883601 BEST_F1_MA: 0.6808109760006057
[[ 390 2679   15    1]
 [  17   51    2    5]
 [  23   56    9   16]
 [   4   18    0   13]]
Epoch: [176/200], cls_loss: 0.1619, transfer_loss: 0.0211,person_loss: -1.9823, total_Loss: -0.0258
trian begin
trian end
n_person 578
SAMPLE
F1_MI: 0.9445286450439527 F1_MA: 0.45364284897412765 ACC_MI: 0.9445286450439527 F1_MA: 0.5907303294531556
BEST_F1_MI: 0.9608972415883601 BEST_F1_MA: 0.6097618327217297 BEST_ACC_MI: 0.9608972415883601 BEST_F1_MA: 0.6808109760006057
[[3084    1    0    0]
 [  53   19    0    3]
 [  65   23    8    8]
 [  18    9    3    5]]
Epoch: [177/200], cls_loss: 0.1721, transfer_loss: 0.0211,person_loss: -1.9835, total_Loss: -0.0157
trian begin
trian end
n_person 578
SAMPLE
F1_MI: 0.9496817217338588 F1_MA: 0.5351034089997987 ACC_MI: 0.9496817217338588 F1_MA: 0.5746047951399925
BEST_F1_MI: 0.9608972415883601 BEST_F1_MA: 0.6097618327217297 BEST_ACC_MI: 0.9608972415883601 BEST_F1_MA: 0.6808109760006057
[[3064   12    9    0]
 [  29   37    5    4]
 [  32   42   21    9]
 [   8    8    8   11]]
Epoch: [178/200], cls_loss: 0.1584, transfer_loss: 0.0209,person_loss: -1.9846, total_Loss: -0.0296
trian begin
trian end
n_person 578
SAMPLE
F1_MI: 0.9418005456198848 F1_MA: 0.5104055007342694 ACC_MI: 0.9418005456198848 F1_MA: 0.4865875829208035
BEST_F1_MI: 0.9608972415883601 BEST_F1_MA: 0.6097618327217297 BEST_ACC_MI: 0.9608972415883601 BEST_F1_MA: 0.6808109760006057
[[3049   22    2   12]
 [  21   29    0   25]
 [  19   26    3   56]
 [   4    2    3   26]]
Epoch: [179/200], cls_loss: 0.1544, transfer_loss: 0.0208,person_loss: -1.9824, total_Loss: -0.0334
trian begin
trian end
n_person 578
SAMPLE
F1_MI: 0.9490754774173992 F1_MA: 0.5480471415641331 ACC_MI: 0.9490754774173992 F1_MA: 0.5062649230603391
BEST_F1_MI: 0.9608972415883601 BEST_F1_MA: 0.6097618327217297 BEST_ACC_MI: 0.9608972415883601 BEST_F1_MA: 0.6808109760006057
[[3057   15   10    3]
 [  18   42    0   15]
 [  21   35    4   44]
 [   4    3    0   28]]
Epoch: [180/200], cls_loss: 0.1657, transfer_loss: 0.0212,person_loss: -1.9805, total_Loss: -0.0217
trian begin
trian end
n_person 578
SAMPLE
F1_MI: 0.9527129433161564 F1_MA: 0.5873775578580166 ACC_MI: 0.9527129433161564 F1_MA: 0.6036847918662834
BEST_F1_MI: 0.9608972415883601 BEST_F1_MA: 0.6097618327217297 BEST_ACC_MI: 0.9608972415883601 BEST_F1_MA: 0.6808109760006057
[[3078    3    3    1]
 [  24   31    0   20]
 [  25   24    5   50]
 [   4    2    0   29]]
Epoch: [181/200], cls_loss: 0.1411, transfer_loss: 0.0211,person_loss: -1.9834, total_Loss: -0.0467
trian begin
trian end
n_person 578
SAMPLE
F1_MI: 0.9445286450439527 F1_MA: 0.5156274925436833 ACC_MI: 0.9445286450439527 F1_MA: 0.4825506674333166
BEST_F1_MI: 0.9608972415883601 BEST_F1_MA: 0.6097618327217297 BEST_ACC_MI: 0.9608972415883601 BEST_F1_MA: 0.6808109760006057
[[3051   20   12    2]
 [  20   34    2   19]
 [  28   35    6   35]
 [   4    4    2   25]]
Epoch: [182/200], cls_loss: 0.1580, transfer_loss: 0.0209,person_loss: -1.9816, total_Loss: -0.0297
trian begin
trian end
n_person 578
SAMPLE
F1_MI: 0.9505910882085481 F1_MA: 0.510166282546969 ACC_MI: 0.9505910882085481 F1_MA: 0.4983297562720518
BEST_F1_MI: 0.9608972415883601 BEST_F1_MA: 0.6097618327217297 BEST_ACC_MI: 0.9608972415883601 BEST_F1_MA: 0.6808109760006057
[[3081    1    3    0]
 [  29   29    0   17]
 [  39   26    2   37]
 [   5    1    5   24]]
Epoch: [183/200], cls_loss: 0.1535, transfer_loss: 0.0210,person_loss: -1.9835, total_Loss: -0.0343
trian begin
trian end
n_person 578
SAMPLE
F1_MI: 0.1642922097605335 F1_MA: 0.3272284582108681 ACC_MI: 0.1642922097605335 F1_MA: 0.32703593195125963
BEST_F1_MI: 0.9608972415883601 BEST_F1_MA: 0.6097618327217297 BEST_ACC_MI: 0.9608972415883601 BEST_F1_MA: 0.6808109760006057
[[ 485 2591    5    4]
 [  18   30    1   26]
 [  20   45    1   38]
 [   4    2    3   26]]
Epoch: [184/200], cls_loss: 0.1626, transfer_loss: 0.0211,person_loss: -1.9815, total_Loss: -0.0250
trian begin
trian end
n_person 578
SAMPLE
F1_MI: 0.6371627765989694 F1_MA: 0.4021026524990919 ACC_MI: 0.6371627765989694 F1_MA: 0.3916391334994997
BEST_F1_MI: 0.9608972415883601 BEST_F1_MA: 0.6097618327217297 BEST_ACC_MI: 0.9608972415883601 BEST_F1_MA: 0.6808109760006057
[[2047 1011   27    0]
 [  33   32    0   10]
 [  43   43    5   13]
 [  11    2    4   18]]
Epoch: [185/200], cls_loss: 0.1636, transfer_loss: 0.0211,person_loss: -1.9824, total_Loss: -0.0241
trian begin
trian end
n_person 578
SAMPLE
F1_MI: 0.9078508638981508 F1_MA: 0.4517867808520493 ACC_MI: 0.907850863898151 F1_MA: 0.3977762958989155
BEST_F1_MI: 0.9608972415883601 BEST_F1_MA: 0.6097618327217297 BEST_ACC_MI: 0.9608972415883601 BEST_F1_MA: 0.6808109760006057
[[2930  106   44    5]
 [  19   42    1   13]
 [  29   50    4   21]
 [   4   11    1   19]]
Epoch: [186/200], cls_loss: 0.1389, transfer_loss: 0.0209,person_loss: -1.9833, total_Loss: -0.0489
trian begin
trian end
n_person 578
SAMPLE
F1_MI: 0.9542285541073052 F1_MA: 0.5942167189398302 ACC_MI: 0.9542285541073052 F1_MA: 0.619689915071212
BEST_F1_MI: 0.9608972415883601 BEST_F1_MA: 0.6097618327217297 BEST_ACC_MI: 0.9608972415883601 BEST_F1_MA: 0.6808109760006057
[[3082    2    1    0]
 [  23   37    0   15]
 [  34   39    2   29]
 [   4    4    0   27]]
Epoch: [187/200], cls_loss: 0.1528, transfer_loss: 0.0209,person_loss: -1.9817, total_Loss: -0.0350
trian begin
trian end
n_person 578
SAMPLE
F1_MI: 0.9445286450439527 F1_MA: 0.5292279908002931 ACC_MI: 0.9445286450439527 F1_MA: 0.5186123082673584
BEST_F1_MI: 0.9608972415883601 BEST_F1_MA: 0.6097618327217297 BEST_ACC_MI: 0.9608972415883601 BEST_F1_MA: 0.6808109760006057
[[3046    7   32    0]
 [  23   48    2    2]
 [  35   53    5   11]
 [   6   11    1   17]]
Epoch: [188/200], cls_loss: 0.1588, transfer_loss: 0.0209,person_loss: -1.9816, total_Loss: -0.0290
trian begin
trian end
n_person 578
SAMPLE
F1_MI: 0.9487723552591695 F1_MA: 0.49141246741523165 ACC_MI: 0.9487723552591695 F1_MA: 0.5350549574711414
BEST_F1_MI: 0.9608972415883601 BEST_F1_MA: 0.6097618327217297 BEST_ACC_MI: 0.9608972415883601 BEST_F1_MA: 0.6808109760006057
[[3083    1    1    0]
 [  40   22    0   13]
 [  42   31   10   21]
 [   7    3   10   15]]
Epoch: [189/200], cls_loss: 0.1630, transfer_loss: 0.0214,person_loss: -1.9812, total_Loss: -0.0244
trian begin
trian end
n_person 578
SAMPLE
F1_MI: 0.7478023643528341 F1_MA: 0.40963565783059214 ACC_MI: 0.7478023643528342 F1_MA: 0.36455572805701963
BEST_F1_MI: 0.9608972415883601 BEST_F1_MA: 0.6097618327217297 BEST_ACC_MI: 0.9608972415883601 BEST_F1_MA: 0.6808109760006057
[[2407  674    4    0]
 [  25   41    0    9]
 [  34   54    0   16]
 [   6    9    1   19]]
Epoch: [190/200], cls_loss: 0.1739, transfer_loss: 0.0213,person_loss: -1.9797, total_Loss: -0.0134
trian begin
trian end
n_person 578
SAMPLE
F1_MI: 0.9499848438920885 F1_MA: 0.521828945799309 ACC_MI: 0.9499848438920885 F1_MA: 0.5248054145516075
BEST_F1_MI: 0.9608972415883601 BEST_F1_MA: 0.6097618327217297 BEST_ACC_MI: 0.9608972415883601 BEST_F1_MA: 0.6808109760006057
[[3076    3    5    1]
 [  31   33    0   11]
 [  40   33    4   27]
 [   5    6    3   21]]
Epoch: [191/200], cls_loss: 0.1596, transfer_loss: 0.0213,person_loss: -1.9807, total_Loss: -0.0278
trian begin
trian end
n_person 578
SAMPLE
F1_MI: 0.09912094574113367 F1_MA: 0.31380270861542164 ACC_MI: 0.09912094574113367 F1_MA: 0.3201759763851044
BEST_F1_MI: 0.9608972415883601 BEST_F1_MA: 0.6097618327217297 BEST_ACC_MI: 0.9608972415883601 BEST_F1_MA: 0.6808109760006057
[[ 259 2815    9    2]
 [  11   51    2   11]
 [  26   58    1   19]
 [   4   12    3   16]]
Epoch: [192/200], cls_loss: 0.1392, transfer_loss: 0.0211,person_loss: -1.9835, total_Loss: -0.0487
trian begin
trian end
n_person 578
SAMPLE
F1_MI: 0.945438011518642 F1_MA: 0.5627216207719266 ACC_MI: 0.945438011518642 F1_MA: 0.6076390562270482
BEST_F1_MI: 0.9608972415883601 BEST_F1_MA: 0.6097618327217297 BEST_ACC_MI: 0.9608972415883601 BEST_F1_MA: 0.6808109760006057
[[3062    8    1   14]
 [  24   27    0   24]
 [  21   32    6   45]
 [   4    7    0   24]]
Epoch: [193/200], cls_loss: 0.1553, transfer_loss: 0.0207,person_loss: -1.9821, total_Loss: -0.0326
trian begin
trian end
n_person 578
SAMPLE
F1_MI: 0.9469536223097909 F1_MA: 0.510186064510358 ACC_MI: 0.9469536223097909 F1_MA: 0.541493537548057
BEST_F1_MI: 0.9608972415883601 BEST_F1_MA: 0.6097618327217297 BEST_ACC_MI: 0.9608972415883601 BEST_F1_MA: 0.6808109760006057
[[3070   10    3    2]
 [  33   30    1   11]
 [  42   35    8   19]
 [  12    2    5   16]]
Epoch: [194/200], cls_loss: 0.1490, transfer_loss: 0.0210,person_loss: -1.9822, total_Loss: -0.0387
trian begin
trian end
n_person 578
SAMPLE
F1_MI: 0.9439224007274932 F1_MA: 0.49846977226730166 ACC_MI: 0.9439224007274932 F1_MA: 0.47534845399765974
BEST_F1_MI: 0.9608972415883601 BEST_F1_MA: 0.6097618327217297 BEST_ACC_MI: 0.9608972415883601 BEST_F1_MA: 0.6808109760006057
[[3049   14   21    1]
 [  21   38    5   11]
 [  29   37    9   29]
 [   4    1   12   18]]
Epoch: [195/200], cls_loss: 0.1485, transfer_loss: 0.0210,person_loss: -1.9832, total_Loss: -0.0393
trian begin
trian end
n_person 578
SAMPLE
F1_MI: 0.9390724461958169 F1_MA: 0.4547782303024668 ACC_MI: 0.9390724461958169 F1_MA: 0.42557777877545316
BEST_F1_MI: 0.9608972415883601 BEST_F1_MA: 0.6097618327217297 BEST_ACC_MI: 0.9608972415883601 BEST_F1_MA: 0.6808109760006057
[[3040   34    9    2]
 [  20   44    2    9]
 [  31   59    1   13]
 [   5   17    0   13]]
Epoch: [196/200], cls_loss: 0.1603, transfer_loss: 0.0211,person_loss: -1.9820, total_Loss: -0.0273
trian begin
trian end
n_person 578
SAMPLE
F1_MI: 0.946650500151561 F1_MA: 0.4829999885979593 ACC_MI: 0.946650500151561 F1_MA: 0.5122046514091969
BEST_F1_MI: 0.9608972415883601 BEST_F1_MA: 0.6097618327217297 BEST_ACC_MI: 0.9608972415883601 BEST_F1_MA: 0.6808109760006057
[[3075    6    4    0]
 [  32   28    0   15]
 [  35   48    6   15]
 [   4   14    3   14]]
Epoch: [197/200], cls_loss: 0.1397, transfer_loss: 0.0210,person_loss: -1.9837, total_Loss: -0.0481
trian begin
trian end
n_person 578
SAMPLE
F1_MI: 0.894816611094271 F1_MA: 0.4685334863276516 ACC_MI: 0.894816611094271 F1_MA: 0.41986199698175897
BEST_F1_MI: 0.9608972415883601 BEST_F1_MA: 0.6097618327217297 BEST_ACC_MI: 0.9608972415883601 BEST_F1_MA: 0.6808109760006057
[[2882  184   17    2]
 [  18   41    4   12]
 [  25   38   10   31]
 [   4    2   10   19]]
Epoch: [198/200], cls_loss: 0.1472, transfer_loss: 0.0210,person_loss: -1.9833, total_Loss: -0.0407
trian begin
trian end
n_person 578
SAMPLE
F1_MI: 0.9478629887844802 F1_MA: 0.49809695209825144 ACC_MI: 0.9478629887844802 F1_MA: 0.46049437018938366
BEST_F1_MI: 0.9608972415883601 BEST_F1_MA: 0.6097618327217297 BEST_ACC_MI: 0.9608972415883601 BEST_F1_MA: 0.6808109760006057
[[3061   16    7    1]
 [  18   44    1   12]
 [  23   53    2   26]
 [   4    8    3   20]]
Epoch: [199/200], cls_loss: 0.1565, transfer_loss: 0.0206,person_loss: -1.9822, total_Loss: -0.0314
trian begin
trian end
n_person 578
SAMPLE
F1_MI: 0.8569263413155501 F1_MA: 0.4384417265122633 ACC_MI: 0.8569263413155501 F1_MA: 0.3910318958132562
BEST_F1_MI: 0.9608972415883601 BEST_F1_MA: 0.6097618327217297 BEST_ACC_MI: 0.9608972415883601 BEST_F1_MA: 0.6808109760006057
[[2766  313    6    0]
 [  25   41    2    7]
 [  34   47    1   22]
 [   5    9    2   19]]
Epoch: [200/200], cls_loss: 0.1578, transfer_loss: 0.0208,person_loss: -1.9834, total_Loss: -0.0302
[[3070    8    0    7]
 [  28   26    0   21]
 [  34   23    1   46]
 [   5    0    0   30]]
[[3080    0    5    0]
 [  20    0   55    0]
 [  14    0   90    0]
 [   4    0   31    0]]
ARG: Namespace(backbone='resnet50', batch_size=32, config='DAAN/DAAN.yaml', data_dir='data', device=device(type='cuda'), early_stop=50, epoch_based_training=False, lr=0.003, lr_decay=0.75, lr_gamma=0.0003, lr_scheduler=True, max_iter=20600, method='True', momentum=0.9, myweight=0.1, n_class=4, n_epoch=200, n_iter_per_epoch=103, num_workers=3, seed=1, src_domain='45', tgt_domain='own', tname='transfer', transfer_loss='daan', transfer_loss_weight=0.5, use_bottleneck=True, weight_decay=0.0005)
