twommd 1 45 own MEDA/MEDA.yaml False
Namespace(backbone='resnet50', batch_size=32, config='MEDA/MEDA.yaml', data_dir='data', device=device(type='cuda'), early_stop=50, epoch_based_training=False, lr=0.003, lr_decay=0.75, lr_gamma=0.0003, lr_scheduler=True, method='False', momentum=0.9, myweight=0.1, n_epoch=200, n_iter_per_epoch=500, num_workers=7, seed=1, src_domain='45', tgt_domain='own', tname='transfer', transfer_loss='twommd', transfer_loss_weight=0.5, use_bottleneck=True, weight_decay=0.0005)
JUST DO IT
run my Parkinson code
transfer
TRAIN Length: 56845 1995 TEST Length: 3299 578
YYY: 0 3
DATA_PROFILE   train: 56845 train2: 3299 test: 3299
DATASET.SHAPE: <data_loader.GetTrainLoader object at 0x7f4b7c66d2b0> True
DATASET.SHAPE: <data_loader.GetTrainLoader object at 0x7f4b7c66db50> True
DATASET.SHAPE: <data_loader.GetTestLoader object at 0x7f4cc30d23d0> False
CLASS: 4 578
LLL: {}
BOTTLENECK_LIST: [Linear(in_features=512, out_features=256, bias=True), ReLU()]
TYPE: {'loss_type': 'twommd', 'max_iter': 20600, 'num_class': 4, 'my_person_item': <my_person_item.PersonItem object at 0x7f4cc2fc9f40>}
initial_lr 1.0
transfer_world
method False <class 'str'>
1.8.1+cu111
True
LEN: 0 0
LOADER: <data_loader.InfiniteDataLoader object at 0x7f4b7c66d370> <data_loader.InfiniteDataLoader object at 0x7f4cc30d20a0>
N_batch: 103
trian begin
trian end
n_person 578
SAMPLE
F1_MI: 0.9457411336768717 F1_MA: 0.3770801342408146 ACC_MI: 0.9457411336768717 F1_MA: 0.4143875926879015
BEST_F1_MI: 0.9457411336768717 BEST_F1_MA: 0.3770801342408146 BEST_ACC_MI: 0.9457411336768717 BEST_F1_MA: 0.4143875926879015
[[3084    0    1    0]
 [  56    0    5   14]
 [  57    0   34   13]
 [  19    0   14    2]]
Epoch: [ 1/200], cls_loss: 0.5626, transfer_loss: 0.0008,person_loss: 0.0000, total_Loss: 0.5630
trian begin
trian end
n_person 578
SAMPLE
F1_MI: 0.941497423461655 F1_MA: 0.3499239564504728 ACC_MI: 0.941497423461655 F1_MA: 0.3109909638298414
BEST_F1_MI: 0.9457411336768717 BEST_F1_MA: 0.3770801342408146 BEST_ACC_MI: 0.9457411336768717 BEST_F1_MA: 0.4143875926879015
[[3085    0    0    0]
 [  65    0    0   10]
 [  62    0    0   42]
 [  14    0    0   21]]
Epoch: [ 2/200], cls_loss: 0.4946, transfer_loss: 0.0021,person_loss: 0.0000, total_Loss: 0.4957
trian begin
trian end
n_person 578
SAMPLE
F1_MI: 0.9393755683540467 F1_MA: 0.3273088213949612 ACC_MI: 0.9393755683540467 F1_MA: 0.3073807325330871
BEST_F1_MI: 0.9457411336768717 BEST_F1_MA: 0.3770801342408146 BEST_ACC_MI: 0.9457411336768717 BEST_F1_MA: 0.4143875926879015
[[3085    0    0    0]
 [  68    0    0    7]
 [  75    0    0   29]
 [  21    0    0   14]]
Epoch: [ 3/200], cls_loss: 0.4683, transfer_loss: 0.0018,person_loss: 0.0000, total_Loss: 0.4692
trian begin
trian end
n_person 578
SAMPLE
F1_MI: 0.9405880569869658 F1_MA: 0.3930216217043713 ACC_MI: 0.9405880569869658 F1_MA: 0.41729586244130684
BEST_F1_MI: 0.9457411336768717 BEST_F1_MA: 0.3930216217043713 BEST_ACC_MI: 0.9457411336768717 BEST_F1_MA: 0.41729586244130684
[[3084    0    0    1]
 [  62    0    1   12]
 [  54    0    3   47]
 [  17    0    2   16]]
Epoch: [ 4/200], cls_loss: 0.4019, transfer_loss: 0.0029,person_loss: 0.0000, total_Loss: 0.4033
trian begin
trian end
n_person 578
SAMPLE
F1_MI: 0.9430130342528039 F1_MA: 0.41675637495359386 ACC_MI: 0.9430130342528039 F1_MA: 0.4630974167895513
BEST_F1_MI: 0.9457411336768717 BEST_F1_MA: 0.41675637495359386 BEST_ACC_MI: 0.9457411336768717 BEST_F1_MA: 0.4630974167895513
[[3085    0    0    0]
 [  66    0    7    2]
 [  61    0   12   31]
 [  20    0    1   14]]
Epoch: [ 5/200], cls_loss: 0.4341, transfer_loss: 0.0032,person_loss: 0.0000, total_Loss: 0.4357
trian begin
trian end
n_person 578
SAMPLE
F1_MI: 0.2458320703243407 F1_MA: 0.27843991031594384 ACC_MI: 0.2458320703243407 F1_MA: 0.256155863548641
BEST_F1_MI: 0.9457411336768717 BEST_F1_MA: 0.41675637495359386 BEST_ACC_MI: 0.9457411336768717 BEST_F1_MA: 0.4630974167895513
[[ 708    0 2377    0]
 [   8    0   67    0]
 [   1    0  103    0]
 [   2    0   33    0]]
Epoch: [ 6/200], cls_loss: 0.4224, transfer_loss: 0.0030,person_loss: 0.0000, total_Loss: 0.4239
trian begin
trian end
n_person 578
SAMPLE
F1_MI: 0.9475598666262504 F1_MA: 0.3763451654024876 ACC_MI: 0.9475598666262504 F1_MA: 0.40894694864670167
BEST_F1_MI: 0.9475598666262504 BEST_F1_MA: 0.41675637495359386 BEST_ACC_MI: 0.9475598666262504 BEST_F1_MA: 0.4630974167895513
[[3085    0    0    0]
 [  71    0    4    0]
 [  63    0   41    0]
 [  20    0   15    0]]
Epoch: [ 7/200], cls_loss: 0.4106, transfer_loss: 0.0055,person_loss: 0.0000, total_Loss: 0.4133
trian begin
trian end
n_person 578
SAMPLE
F1_MI: 0.9424067899363443 F1_MA: 0.3950615113045958 ACC_MI: 0.9424067899363443 F1_MA: 0.4047353790000849
BEST_F1_MI: 0.9475598666262504 BEST_F1_MA: 0.41675637495359386 BEST_ACC_MI: 0.9475598666262504 BEST_F1_MA: 0.4630974167895513
[[3084    0    1    0]
 [  56    0    9   10]
 [  57    0    9   38]
 [  16    0    3   16]]
Epoch: [ 8/200], cls_loss: 0.4068, transfer_loss: 0.0042,person_loss: 0.0000, total_Loss: 0.4089
trian begin
trian end
n_person 578
SAMPLE
F1_MI: 0.9524098211579266 F1_MA: 0.3799661248948813 ACC_MI: 0.9524098211579266 F1_MA: 0.3573784422168453
BEST_F1_MI: 0.9524098211579266 BEST_F1_MA: 0.41675637495359386 BEST_ACC_MI: 0.9524098211579266 BEST_F1_MA: 0.4630974167895513
[[3077    0    8    0]
 [  24    0   51    0]
 [  39    0   65    0]
 [  16    0   19    0]]
Epoch: [ 9/200], cls_loss: 0.3915, transfer_loss: 0.0070,person_loss: 0.0000, total_Loss: 0.3950
trian begin
trian end
n_person 578
SAMPLE
F1_MI: 0.02364352834192179 F1_MA: 0.2294513003802997 ACC_MI: 0.023643528341921793 F1_MA: 0.1997851559178491
BEST_F1_MI: 0.9524098211579266 BEST_F1_MA: 0.41675637495359386 BEST_ACC_MI: 0.9524098211579266 BEST_F1_MA: 0.4630974167895513
[[  30    0 1002 2053]
 [   7    0    7   61]
 [   1    0   16   87]
 [   1    0    2   32]]
Epoch: [10/200], cls_loss: 0.3888, transfer_loss: 0.0062,person_loss: 0.0000, total_Loss: 0.3919
trian begin
trian end
n_person 578
SAMPLE
F1_MI: 0.9563504092149137 F1_MA: 0.3940120995945398 ACC_MI: 0.9563504092149137 F1_MA: 0.3620204120758733
BEST_F1_MI: 0.9563504092149137 BEST_F1_MA: 0.41675637495359386 BEST_ACC_MI: 0.9563504092149137 BEST_F1_MA: 0.4630974167895513
[[3079    0    6    0]
 [  22    0   53    0]
 [  28    0   76    0]
 [   7    0   28    0]]
Epoch: [11/200], cls_loss: 0.4096, transfer_loss: 0.0080,person_loss: 0.0000, total_Loss: 0.4136
trian begin
trian end
n_person 578
SAMPLE
F1_MI: 0.8238860260685056 F1_MA: 0.47948447233627267 ACC_MI: 0.8238860260685056 F1_MA: 0.46088341574743247
BEST_F1_MI: 0.9563504092149137 BEST_F1_MA: 0.47948447233627267 BEST_ACC_MI: 0.9563504092149137 BEST_F1_MA: 0.4630974167895513
[[2612    0  473    0]
 [  12    0   62    1]
 [   3    0   99    2]
 [   2    0   26    7]]
Epoch: [12/200], cls_loss: 0.4156, transfer_loss: 0.0087,person_loss: 0.0000, total_Loss: 0.4200
trian begin
trian end
n_person 578
SAMPLE
F1_MI: 0.9490754774173992 F1_MA: 0.3825009692175715 ACC_MI: 0.9490754774173992 F1_MA: 0.4043405413896015
BEST_F1_MI: 0.9563504092149137 BEST_F1_MA: 0.47948447233627267 BEST_ACC_MI: 0.9563504092149137 BEST_F1_MA: 0.4630974167895513
[[3084    0    1    0]
 [  66    0    9    0]
 [  57    0   47    0]
 [  21    0   14    0]]
Epoch: [13/200], cls_loss: 0.3717, transfer_loss: 0.0085,person_loss: 0.0000, total_Loss: 0.3760
trian begin
trian end
n_person 578
SAMPLE
F1_MI: 0.9511973325250076 F1_MA: 0.37890196065465215 ACC_MI: 0.9511973325250076 F1_MA: 0.35755890200334645
BEST_F1_MI: 0.9563504092149137 BEST_F1_MA: 0.47948447233627267 BEST_ACC_MI: 0.9563504092149137 BEST_F1_MA: 0.4630974167895513
[[3074    0   11    0]
 [  31    0   44    0]
 [  40    0   64    0]
 [  14    0   21    0]]
Epoch: [14/200], cls_loss: 0.3995, transfer_loss: 0.0073,person_loss: 0.0000, total_Loss: 0.4032
trian begin
trian end
n_person 578
SAMPLE
F1_MI: 0.03970900272809942 F1_MA: 0.21152420109103234 ACC_MI: 0.03970900272809942 F1_MA: 0.18465615595382473
BEST_F1_MI: 0.9563504092149137 BEST_F1_MA: 0.47948447233627267 BEST_ACC_MI: 0.9563504092149137 BEST_F1_MA: 0.4630974167895513
[[  29    0 3056    0]
 [   8    0   67    0]
 [   2    0  102    0]
 [   2    0   33    0]]
Epoch: [15/200], cls_loss: 0.3885, transfer_loss: 0.0082,person_loss: 0.0000, total_Loss: 0.3926
trian begin
trian end
n_person 578
SAMPLE
F1_MI: 0.9442255228857229 F1_MA: 0.3612809437382491 ACC_MI: 0.9442255228857229 F1_MA: 0.4112889977715559
BEST_F1_MI: 0.9563504092149137 BEST_F1_MA: 0.47948447233627267 BEST_ACC_MI: 0.9563504092149137 BEST_F1_MA: 0.4630974167895513
[[3085    0    0    0]
 [  72    0    3    0]
 [  74    0   30    0]
 [  25    0   10    0]]
Epoch: [16/200], cls_loss: 0.3862, transfer_loss: 0.0102,person_loss: 0.0000, total_Loss: 0.3913
trian begin
trian end
n_person 578
SAMPLE
F1_MI: 0.954531676265535 F1_MA: 0.3836245101374821 ACC_MI: 0.954531676265535 F1_MA: 0.3598102026982704
BEST_F1_MI: 0.9563504092149137 BEST_F1_MA: 0.47948447233627267 BEST_ACC_MI: 0.9563504092149137 BEST_F1_MA: 0.4630974167895513
[[3082    0    3    0]
 [  28    0   47    0]
 [  37    0   67    0]
 [   7    0   28    0]]
Epoch: [17/200], cls_loss: 0.3816, transfer_loss: 0.0105,person_loss: 0.0000, total_Loss: 0.3868
trian begin
trian end
n_person 578
SAMPLE
F1_MI: 0.7180963928463171 F1_MA: 0.2782758656605735 ACC_MI: 0.7180963928463171 F1_MA: 0.25370406437972975
BEST_F1_MI: 0.9563504092149137 BEST_F1_MA: 0.47948447233627267 BEST_ACC_MI: 0.9563504092149137 BEST_F1_MA: 0.4630974167895513
[[2319    0  766    0]
 [  25    0   50    0]
 [  54    0   50    0]
 [  23    0   12    0]]
Epoch: [18/200], cls_loss: 0.3976, transfer_loss: 0.0119,person_loss: 0.0000, total_Loss: 0.4036
trian begin
trian end
n_person 578
SAMPLE
F1_MI: 0.9057290087905426 F1_MA: 0.35771550756049725 ACC_MI: 0.9057290087905426 F1_MA: 0.3049261250787192
BEST_F1_MI: 0.9563504092149137 BEST_F1_MA: 0.47948447233627267 BEST_ACC_MI: 0.9563504092149137 BEST_F1_MA: 0.4630974167895513
[[2906    0  179    0]
 [  18    0   57    0]
 [  22    0   82    0]
 [   3    0   32    0]]
Epoch: [19/200], cls_loss: 0.4003, transfer_loss: 0.0139,person_loss: 0.0000, total_Loss: 0.4073
trian begin
trian end
n_person 578
SAMPLE
F1_MI: 0.9342224916641406 F1_MA: 0.37367703222662535 ACC_MI: 0.9342224916641406 F1_MA: 0.32588022725515964
BEST_F1_MI: 0.9563504092149137 BEST_F1_MA: 0.47948447233627267 BEST_ACC_MI: 0.9563504092149137 BEST_F1_MA: 0.4630974167895513
[[3001    0   84    0]
 [  18    0   57    0]
 [  23    0   81    0]
 [   2    0   33    0]]
Epoch: [20/200], cls_loss: 0.3841, transfer_loss: 0.0116,person_loss: 0.0000, total_Loss: 0.3899
trian begin
trian end
n_person 578
SAMPLE
F1_MI: 0.04637769020915429 F1_MA: 0.22677102977525013 ACC_MI: 0.04637769020915429 F1_MA: 0.20637005317166007
BEST_F1_MI: 0.9563504092149137 BEST_F1_MA: 0.47948447233627267 BEST_ACC_MI: 0.9563504092149137 BEST_F1_MA: 0.4630974167895513
[[  50    0 3035    0]
 [  10    0   65    0]
 [   1    0  103    0]
 [   2    0   33    0]]
Epoch: [21/200], cls_loss: 0.3746, transfer_loss: 0.0142,person_loss: 0.0000, total_Loss: 0.3817
trian begin
trian end
n_person 578
SAMPLE
F1_MI: 0.2606850560775993 F1_MA: 0.2803444561525813 ACC_MI: 0.2606850560775993 F1_MA: 0.2565931151636376
BEST_F1_MI: 0.9563504092149137 BEST_F1_MA: 0.47948447233627267 BEST_ACC_MI: 0.9563504092149137 BEST_F1_MA: 0.4630974167895513
[[ 757    0 2328    0]
 [   8    0   67    0]
 [   1    0  103    0]
 [   2    0   33    0]]
Epoch: [22/200], cls_loss: 0.3730, transfer_loss: 0.0155,person_loss: 0.0000, total_Loss: 0.3808
trian begin
trian end
n_person 578
SAMPLE
F1_MI: 0.9105789633222189 F1_MA: 0.37988180456116977 ACC_MI: 0.9105789633222189 F1_MA: 0.3151672118408212
BEST_F1_MI: 0.9563504092149137 BEST_F1_MA: 0.47948447233627267 BEST_ACC_MI: 0.9563504092149137 BEST_F1_MA: 0.4630974167895513
[[2903    0  182    0]
 [  12    0   63    0]
 [   3    0  101    0]
 [   2    0   33    0]]
Epoch: [23/200], cls_loss: 0.3606, transfer_loss: 0.0122,person_loss: 0.0000, total_Loss: 0.3667
trian begin
trian end
n_person 578
SAMPLE
F1_MI: 0.9518035768414671 F1_MA: 0.37395378264757806 ACC_MI: 0.9518035768414671 F1_MA: 0.3559910515391448
BEST_F1_MI: 0.9563504092149137 BEST_F1_MA: 0.47948447233627267 BEST_ACC_MI: 0.9563504092149137 BEST_F1_MA: 0.4630974167895513
[[3080    0    5    0]
 [  29    0   46    0]
 [  44    0   60    0]
 [  13    0   22    0]]
Epoch: [24/200], cls_loss: 0.3707, transfer_loss: 0.0155,person_loss: 0.0000, total_Loss: 0.3784
trian begin
trian end
n_person 578
SAMPLE
F1_MI: 0.04577144589269476 F1_MA: 0.21505153381866135 ACC_MI: 0.04577144589269476 F1_MA: 0.1933791974516657
BEST_F1_MI: 0.9563504092149137 BEST_F1_MA: 0.47948447233627267 BEST_ACC_MI: 0.9563504092149137 BEST_F1_MA: 0.4630974167895513
[[  52    0 3033    0]
 [  11    0   64    0]
 [   5    0   99    0]
 [   2    0   33    0]]
Epoch: [25/200], cls_loss: 0.3799, transfer_loss: 0.0126,person_loss: 0.0000, total_Loss: 0.3862
trian begin
trian end
n_person 578
SAMPLE
F1_MI: 0.811458017581085 F1_MA: 0.343796452255487 ACC_MI: 0.8114580175810852 F1_MA: 0.28214408188541545
BEST_F1_MI: 0.9563504092149137 BEST_F1_MA: 0.47948447233627267 BEST_ACC_MI: 0.9563504092149137 BEST_F1_MA: 0.4630974167895513
[[2581    0  504    0]
 [  16    0   59    0]
 [   8    0   96    0]
 [   3    0   32    0]]
Epoch: [26/200], cls_loss: 0.3693, transfer_loss: 0.0143,person_loss: 0.0000, total_Loss: 0.3765
trian begin
trian end
n_person 578
SAMPLE
F1_MI: 0.15580478933010003 F1_MA: 0.23879267343950333 ACC_MI: 0.15580478933010003 F1_MA: 0.23622696821213246
BEST_F1_MI: 0.9563504092149137 BEST_F1_MA: 0.47948447233627267 BEST_ACC_MI: 0.9563504092149137 BEST_F1_MA: 0.4630974167895513
[[ 428    0 2657    0]
 [  17    0   58    0]
 [  18    0   86    0]
 [   5    0   30    0]]
Epoch: [27/200], cls_loss: 0.3677, transfer_loss: 0.0181,person_loss: 0.0000, total_Loss: 0.3768
trian begin
trian end
n_person 578
SAMPLE
F1_MI: 0.9575628978478327 F1_MA: 0.40286485094040475 ACC_MI: 0.9575628978478327 F1_MA: 0.37022140809174897
BEST_F1_MI: 0.9575628978478327 BEST_F1_MA: 0.47948447233627267 BEST_ACC_MI: 0.9575628978478327 BEST_F1_MA: 0.4630974167895513
[[3079    0    6    0]
 [  29    0   46    0]
 [  24    0   80    0]
 [   7    0   28    0]]
Epoch: [28/200], cls_loss: 0.3367, transfer_loss: 0.0151,person_loss: 0.0000, total_Loss: 0.3442
trian begin
trian end
n_person 578
SAMPLE
F1_MI: 0.9511973325250076 F1_MA: 0.3705276330623662 ACC_MI: 0.9511973325250076 F1_MA: 0.35181661583381374
BEST_F1_MI: 0.9575628978478327 BEST_F1_MA: 0.47948447233627267 BEST_ACC_MI: 0.9575628978478327 BEST_F1_MA: 0.4630974167895513
[[3079    0    6    0]
 [  28    0   47    0]
 [  45    0   59    0]
 [  11    0   24    0]]
Epoch: [29/200], cls_loss: 0.3732, transfer_loss: 0.0190,person_loss: 0.0000, total_Loss: 0.3827
trian begin
trian end
n_person 578
SAMPLE
F1_MI: 0.9263413155501666 F1_MA: 0.3868162850452309 ACC_MI: 0.9263413155501667 F1_MA: 0.3250292848463664
BEST_F1_MI: 0.9575628978478327 BEST_F1_MA: 0.47948447233627267 BEST_ACC_MI: 0.9575628978478327 BEST_F1_MA: 0.4630974167895513
[[2957    0  128    0]
 [  12    0   63    0]
 [   5    0   99    0]
 [   2    0   33    0]]
Epoch: [30/200], cls_loss: 0.3818, transfer_loss: 0.0200,person_loss: 0.0000, total_Loss: 0.3918
trian begin
trian end
n_person 578
SAMPLE
F1_MI: 0.9360412246135192 F1_MA: 0.41109313270642905 ACC_MI: 0.9360412246135192 F1_MA: 0.3620136058624935
BEST_F1_MI: 0.9575628978478327 BEST_F1_MA: 0.47948447233627267 BEST_ACC_MI: 0.9575628978478327 BEST_F1_MA: 0.4630974167895513
[[3042    0   38    5]
 [  18    0   15   42]
 [  27    0   21   56]
 [   6    0    4   25]]
Epoch: [31/200], cls_loss: 0.3651, transfer_loss: 0.0262,person_loss: 0.0000, total_Loss: 0.3782
trian begin
trian end
n_person 578
SAMPLE
F1_MI: 0.035162170354652925 F1_MA: 0.19663498196028995 ACC_MI: 0.035162170354652925 F1_MA: 0.1626173043958279
BEST_F1_MI: 0.9575628978478327 BEST_F1_MA: 0.47948447233627267 BEST_ACC_MI: 0.9575628978478327 BEST_F1_MA: 0.4630974167895513
[[  13    0 3072    0]
 [   5    0   70    0]
 [   1    0  103    0]
 [   2    0   33    0]]
Epoch: [32/200], cls_loss: 0.3676, transfer_loss: 0.0199,person_loss: 0.0000, total_Loss: 0.3776
trian begin
trian end
n_person 578
SAMPLE
F1_MI: 0.9502879660503183 F1_MA: 0.3991640570725978 ACC_MI: 0.9502879660503183 F1_MA: 0.3494171569856607
BEST_F1_MI: 0.9575628978478327 BEST_F1_MA: 0.47948447233627267 BEST_ACC_MI: 0.9575628978478327 BEST_F1_MA: 0.4630974167895513
[[3044    0   41    0]
 [  16    0   59    0]
 [  13    0   91    0]
 [   3    0   32    0]]
Epoch: [33/200], cls_loss: 0.3635, transfer_loss: 0.0188,person_loss: 0.0000, total_Loss: 0.3729
trian begin
trian end
n_person 578
SAMPLE
F1_MI: 0.12003637465898757 F1_MA: 0.23826171763601664 ACC_MI: 0.12003637465898757 F1_MA: 0.233274931106355
BEST_F1_MI: 0.9575628978478327 BEST_F1_MA: 0.47948447233627267 BEST_ACC_MI: 0.9575628978478327 BEST_F1_MA: 0.4630974167895513
[[ 305    0 2780    0]
 [  18    0   57    0]
 [  13    0   91    0]
 [   2    0   33    0]]
Epoch: [34/200], cls_loss: 0.3450, transfer_loss: 0.0171,person_loss: 0.0000, total_Loss: 0.3536
trian begin
trian end
n_person 578
SAMPLE
F1_MI: 0.04759017884207335 F1_MA: 0.22643467319754332 ACC_MI: 0.04759017884207335 F1_MA: 0.20717009916094584
BEST_F1_MI: 0.9575628978478327 BEST_F1_MA: 0.47948447233627267 BEST_ACC_MI: 0.9575628978478327 BEST_F1_MA: 0.4630974167895513
[[  55    0 3030    0]
 [  10    0   65    0]
 [   2    0  102    0]
 [   2    0   33    0]]
Epoch: [35/200], cls_loss: 0.3536, transfer_loss: 0.0248,person_loss: 0.0000, total_Loss: 0.3660
trian begin
trian end
n_person 578
SAMPLE
F1_MI: 0.9296756592906942 F1_MA: 0.38109224082635645 ACC_MI: 0.9296756592906942 F1_MA: 0.32533363931648074
BEST_F1_MI: 0.9575628978478327 BEST_F1_MA: 0.47948447233627267 BEST_ACC_MI: 0.9575628978478327 BEST_F1_MA: 0.4630974167895513
[[2976    0  109    0]
 [  15    0   60    0]
 [  13    0   91    0]
 [   3    0   32    0]]
Epoch: [36/200], cls_loss: 0.3492, transfer_loss: 0.0221,person_loss: 0.0000, total_Loss: 0.3602
trian begin
trian end
n_person 578
SAMPLE
F1_MI: 0.9587753864807518 F1_MA: 0.4072514378837215 ACC_MI: 0.9587753864807518 F1_MA: 0.36786546723272423
BEST_F1_MI: 0.9587753864807518 BEST_F1_MA: 0.47948447233627267 BEST_ACC_MI: 0.9587753864807518 BEST_F1_MA: 0.4630974167895513
[[3077    0    8    0]
 [  24    0   51    0]
 [  18    0   86    0]
 [   3    0   32    0]]
Epoch: [37/200], cls_loss: 0.3372, transfer_loss: 0.0170,person_loss: 0.0000, total_Loss: 0.3457
trian begin
trian end
n_person 578
SAMPLE
F1_MI: 0.940284934828736 F1_MA: 0.3973792500184327 ACC_MI: 0.940284934828736 F1_MA: 0.33951833991588143
BEST_F1_MI: 0.9587753864807518 BEST_F1_MA: 0.47948447233627267 BEST_ACC_MI: 0.9587753864807518 BEST_F1_MA: 0.4630974167895513
[[3004    4   77    0]
 [  15    0   60    0]
 [   6    0   98    0]
 [   2    0   33    0]]
Epoch: [38/200], cls_loss: 0.3457, transfer_loss: 0.0216,person_loss: 0.0000, total_Loss: 0.3564
trian begin
trian end
n_person 578
SAMPLE
F1_MI: 0.9551379205819945 F1_MA: 0.3937767722528151 ACC_MI: 0.9551379205819945 F1_MA: 0.36349737445544633
BEST_F1_MI: 0.9587753864807518 BEST_F1_MA: 0.47948447233627267 BEST_ACC_MI: 0.9587753864807518 BEST_F1_MA: 0.4630974167895513
[[3076    0    9    0]
 [  28    0   47    0]
 [  29    0   75    0]
 [   8    0   27    0]]
Epoch: [39/200], cls_loss: 0.3615, transfer_loss: 0.0287,person_loss: 0.0000, total_Loss: 0.3759
trian begin
trian end
n_person 578
SAMPLE
F1_MI: 0.9542285541073052 F1_MA: 0.3911270379028726 ACC_MI: 0.9542285541073052 F1_MA: 0.3642045093680534
BEST_F1_MI: 0.9587753864807518 BEST_F1_MA: 0.47948447233627267 BEST_ACC_MI: 0.9587753864807518 BEST_F1_MA: 0.4630974167895513
[[3076    0    9    0]
 [  32    0   43    0]
 [  32    0   72    0]
 [   9    0   26    0]]
Epoch: [40/200], cls_loss: 0.3522, transfer_loss: 0.0205,person_loss: 0.0000, total_Loss: 0.3624
trian begin
trian end
n_person 578
SAMPLE
F1_MI: 0.9524098211579266 F1_MA: 0.4377452204956063 ACC_MI: 0.9524098211579266 F1_MA: 0.43876748905265406
BEST_F1_MI: 0.9587753864807518 BEST_F1_MA: 0.47948447233627267 BEST_ACC_MI: 0.9587753864807518 BEST_F1_MA: 0.4630974167895513
[[3064    2   19    0]
 [  25    1   49    0]
 [  27    0   77    0]
 [   5    0   30    0]]
Epoch: [41/200], cls_loss: 0.3419, transfer_loss: 0.0272,person_loss: 0.0000, total_Loss: 0.3555
trian begin
trian end
n_person 578
SAMPLE
F1_MI: 0.04092149136101849 F1_MA: 0.19693324425460085 ACC_MI: 0.04092149136101849 F1_MA: 0.17128964456335768
BEST_F1_MI: 0.9587753864807518 BEST_F1_MA: 0.47948447233627267 BEST_ACC_MI: 0.9587753864807518 BEST_F1_MA: 0.4630974167895513
[[  40    7 3038    0]
 [  11    0   64    0]
 [   8    1   95    0]
 [   2    1   32    0]]
Epoch: [42/200], cls_loss: 0.3490, transfer_loss: 0.0284,person_loss: 0.0000, total_Loss: 0.3632
trian begin
trian end
n_person 578
SAMPLE
F1_MI: 0.9472567444680207 F1_MA: 0.4222413367750292 ACC_MI: 0.9472567444680207 F1_MA: 0.5312869515196063
BEST_F1_MI: 0.9587753864807518 BEST_F1_MA: 0.47948447233627267 BEST_ACC_MI: 0.9587753864807518 BEST_F1_MA: 0.5312869515196063
[[3084    0    1    0]
 [  68    2    5    0]
 [  64    1   39    0]
 [  21    1   13    0]]
Epoch: [43/200], cls_loss: 0.3556, transfer_loss: 0.0275,person_loss: 0.0000, total_Loss: 0.3694
trian begin
trian end
n_person 578
SAMPLE
F1_MI: 0.8614731736889967 F1_MA: 0.37086048107625147 ACC_MI: 0.8614731736889967 F1_MA: 0.31334980256680117
BEST_F1_MI: 0.9587753864807518 BEST_F1_MA: 0.47948447233627267 BEST_ACC_MI: 0.9587753864807518 BEST_F1_MA: 0.5312869515196063
[[2746  156  183    0]
 [  13    1   61    0]
 [   8    1   95    0]
 [   2    0   33    0]]
Epoch: [44/200], cls_loss: 0.3362, transfer_loss: 0.0298,person_loss: 0.0000, total_Loss: 0.3511
trian begin
trian end
n_person 578
SAMPLE
F1_MI: 0.9366474689299787 F1_MA: 0.4176502553530248 ACC_MI: 0.9366474689299787 F1_MA: 0.36566409271448197
BEST_F1_MI: 0.9587753864807518 BEST_F1_MA: 0.47948447233627267 BEST_ACC_MI: 0.9587753864807518 BEST_F1_MA: 0.5312869515196063
[[2989   60   36    0]
 [  14    2   59    0]
 [   4    1   99    0]
 [   2    1   32    0]]
Epoch: [45/200], cls_loss: 0.3581, transfer_loss: 0.0359,person_loss: 0.0000, total_Loss: 0.3761
trian begin
trian end
n_person 578
SAMPLE
F1_MI: 0.04334646862685662 F1_MA: 0.20569514917475307 ACC_MI: 0.04334646862685662 F1_MA: 0.18094098109732476
BEST_F1_MI: 0.9587753864807518 BEST_F1_MA: 0.47948447233627267 BEST_ACC_MI: 0.9587753864807518 BEST_F1_MA: 0.5312869515196063
[[  47 1358 1680    0]
 [  11    4   60    0]
 [   9    3   92    0]
 [   3    2   30    0]]
Epoch: [46/200], cls_loss: 0.3415, transfer_loss: 0.0336,person_loss: 0.0000, total_Loss: 0.3583
trian begin
trian end
n_person 578
SAMPLE
F1_MI: 0.9418005456198848 F1_MA: 0.39563281474984063 ACC_MI: 0.9418005456198848 F1_MA: 0.3703654981156226
BEST_F1_MI: 0.9587753864807518 BEST_F1_MA: 0.47948447233627267 BEST_ACC_MI: 0.9587753864807518 BEST_F1_MA: 0.5312869515196063
[[3033    3   49    0]
 [  20    1   54    0]
 [  29    2   73    0]
 [   5    1   29    0]]
Epoch: [47/200], cls_loss: 0.3191, transfer_loss: 0.0362,person_loss: 0.0000, total_Loss: 0.3372
trian begin
trian end
n_person 578
SAMPLE
F1_MI: 0.9424067899363443 F1_MA: 0.33550020002828074 ACC_MI: 0.9424067899363443 F1_MA: 0.3623729596550662
BEST_F1_MI: 0.9587753864807518 BEST_F1_MA: 0.47948447233627267 BEST_ACC_MI: 0.9587753864807518 BEST_F1_MA: 0.5312869515196063
[[3083    0    2    0]
 [  61    0   14    0]
 [  78    0   26    0]
 [  25    0   10    0]]
Epoch: [48/200], cls_loss: 0.3595, transfer_loss: 0.0345,person_loss: 0.0000, total_Loss: 0.3767
trian begin
trian end
n_person 578
SAMPLE
F1_MI: 0.9536223097908457 F1_MA: 0.3814060156106968 ACC_MI: 0.9536223097908457 F1_MA: 0.3561093468826082
BEST_F1_MI: 0.9587753864807518 BEST_F1_MA: 0.47948447233627267 BEST_ACC_MI: 0.9587753864807518 BEST_F1_MA: 0.5312869515196063
[[3079    0    6    0]
 [  26    0   49    0]
 [  37    0   67    0]
 [   7    0   28    0]]
Epoch: [49/200], cls_loss: 0.3426, transfer_loss: 0.0329,person_loss: 0.0000, total_Loss: 0.3590
trian begin
trian end
n_person 578
SAMPLE
F1_MI: 0.05183388905729009 F1_MA: 0.241679052933856 ACC_MI: 0.05183388905729009 F1_MA: 0.23652040064686886
BEST_F1_MI: 0.9587753864807518 BEST_F1_MA: 0.47948447233627267 BEST_ACC_MI: 0.9587753864807518 BEST_F1_MA: 0.5312869515196063
[[  71 2446  568    0]
 [  10    1   64    0]
 [   4    1   99    0]
 [   2    0   33    0]]
Epoch: [50/200], cls_loss: 0.3520, transfer_loss: 0.0335,person_loss: 0.0000, total_Loss: 0.3688
trian begin
trian end
n_person 578
SAMPLE
F1_MI: 0.9511973325250076 F1_MA: 0.4790947188517353 ACC_MI: 0.9511973325250076 F1_MA: 0.6246504368020135
BEST_F1_MI: 0.9587753864807518 BEST_F1_MA: 0.47948447233627267 BEST_ACC_MI: 0.9587753864807518 BEST_F1_MA: 0.6246504368020135
[[3081    0    4    0]
 [  51    2   22    0]
 [  49    0   55    0]
 [  13    0   22    0]]
Epoch: [51/200], cls_loss: 0.3382, transfer_loss: 0.0472,person_loss: 0.0000, total_Loss: 0.3618
trian begin
trian end
n_person 578
SAMPLE
F1_MI: 0.040618369202788725 F1_MA: 0.21487936282996903 ACC_MI: 0.040618369202788725 F1_MA: 0.18968855218855218
BEST_F1_MI: 0.9587753864807518 BEST_F1_MA: 0.47948447233627267 BEST_ACC_MI: 0.9587753864807518 BEST_F1_MA: 0.6246504368020135
[[  32   15 3038    0]
 [   8    0   67    0]
 [   2    0  102    0]
 [   2    0   33    0]]
Epoch: [52/200], cls_loss: 0.3422, transfer_loss: 0.0426,person_loss: 0.0000, total_Loss: 0.3636
trian begin
trian end
n_person 578
SAMPLE
F1_MI: 0.9554410427402243 F1_MA: 0.4011423759926272 ACC_MI: 0.9554410427402243 F1_MA: 0.3600213250759523
BEST_F1_MI: 0.9587753864807518 BEST_F1_MA: 0.47948447233627267 BEST_ACC_MI: 0.9587753864807518 BEST_F1_MA: 0.6246504368020135
[[3067    0   18    0]
 [  21    0   54    0]
 [  19    0   85    0]
 [   5    0   30    0]]
Epoch: [53/200], cls_loss: 0.3535, transfer_loss: 0.0373,person_loss: 0.0000, total_Loss: 0.3721
trian begin
trian end
n_person 578
SAMPLE
F1_MI: 0.9536223097908457 F1_MA: 0.4081958137382368 ACC_MI: 0.9536223097908457 F1_MA: 0.3601907140924564
BEST_F1_MI: 0.9587753864807518 BEST_F1_MA: 0.47948447233627267 BEST_ACC_MI: 0.9587753864807518 BEST_F1_MA: 0.6246504368020135
[[3053    5   27    0]
 [  19    0   56    0]
 [  10    1   93    0]
 [   4    1   30    0]]
Epoch: [54/200], cls_loss: 0.3422, transfer_loss: 0.0398,person_loss: 0.0000, total_Loss: 0.3622
trian begin
trian end
n_person 578
SAMPLE
F1_MI: 0.8936041224613519 F1_MA: 0.27743642067878604 ACC_MI: 0.8936041224613519 F1_MA: 0.2863121896231301
BEST_F1_MI: 0.9587753864807518 BEST_F1_MA: 0.47948447233627267 BEST_ACC_MI: 0.9587753864807518 BEST_F1_MA: 0.6246504368020135
[[2935  107   43    0]
 [  70    0    5    0]
 [  89    2   13    0]
 [  32    1    2    0]]
Epoch: [55/200], cls_loss: 0.3334, transfer_loss: 0.0419,person_loss: 0.0000, total_Loss: 0.3544
trian begin
trian end
n_person 578
SAMPLE
F1_MI: 0.12822067293119127 F1_MA: 0.2608324932783374 ACC_MI: 0.12822067293119127 F1_MA: 0.25122393845833624
BEST_F1_MI: 0.9587753864807518 BEST_F1_MA: 0.47948447233627267 BEST_ACC_MI: 0.9587753864807518 BEST_F1_MA: 0.6246504368020135
[[ 321  904 1860    0]
 [  11    0   64    0]
 [   2    0  102    0]
 [   2    0   33    0]]
Epoch: [56/200], cls_loss: 0.3348, transfer_loss: 0.0395,person_loss: 0.0000, total_Loss: 0.3545
trian begin
trian end
n_person 578
SAMPLE
F1_MI: 0.936344346771749 F1_MA: 0.39637201148063944 ACC_MI: 0.936344346771749 F1_MA: 0.3362839829675729
BEST_F1_MI: 0.9587753864807518 BEST_F1_MA: 0.47948447233627267 BEST_ACC_MI: 0.9587753864807518 BEST_F1_MA: 0.6246504368020135
[[2989    4   92    0]
 [  15    0   60    0]
 [   3    1  100    0]
 [   3    0   32    0]]
Epoch: [57/200], cls_loss: 0.3563, transfer_loss: 0.0427,person_loss: 0.0000, total_Loss: 0.3776
trian begin
trian end
n_person 578
SAMPLE
F1_MI: 0.9445286450439527 F1_MA: 0.40042642343880847 ACC_MI: 0.9445286450439527 F1_MA: 0.34582523751457245
BEST_F1_MI: 0.9587753864807518 BEST_F1_MA: 0.47948447233627267 BEST_ACC_MI: 0.9587753864807518 BEST_F1_MA: 0.6246504368020135
[[3020    7   58    0]
 [  16    0   59    0]
 [   7    1   96    0]
 [   3    0   32    0]]
Epoch: [58/200], cls_loss: 0.3251, transfer_loss: 0.0440,person_loss: 0.0000, total_Loss: 0.3471
trian begin
trian end
n_person 578
SAMPLE
F1_MI: 0.03849651409518036 F1_MA: 0.2495596462123178 ACC_MI: 0.03849651409518036 F1_MA: 0.23339852877946646
BEST_F1_MI: 0.9587753864807518 BEST_F1_MA: 0.47948447233627267 BEST_ACC_MI: 0.9587753864807518 BEST_F1_MA: 0.6246504368020135
[[  18   27 3040    0]
 [   5    5   65    0]
 [   0    0  104    0]
 [   1    1   33    0]]
Epoch: [59/200], cls_loss: 0.3317, transfer_loss: 0.0474,person_loss: 0.0000, total_Loss: 0.3554
trian begin
trian end
n_person 578
SAMPLE
F1_MI: 0.3085783570779024 F1_MA: 0.299936716338266 ACC_MI: 0.3085783570779024 F1_MA: 0.2726041024520387
BEST_F1_MI: 0.9587753864807518 BEST_F1_MA: 0.47948447233627267 BEST_ACC_MI: 0.9587753864807518 BEST_F1_MA: 0.6246504368020135
[[ 912 1377  796    0]
 [   8    5   62    0]
 [   3    0  101    0]
 [   3    0   32    0]]
Epoch: [60/200], cls_loss: 0.3201, transfer_loss: 0.0512,person_loss: 0.0000, total_Loss: 0.3457
trian begin
trian end
n_person 578
SAMPLE
F1_MI: 0.8648075174295241 F1_MA: 0.36238137456987496 ACC_MI: 0.8648075174295241 F1_MA: 0.2994358967026053
BEST_F1_MI: 0.9587753864807518 BEST_F1_MA: 0.47948447233627267 BEST_ACC_MI: 0.9587753864807518 BEST_F1_MA: 0.6246504368020135
[[2755   44  286    0]
 [  13    0   62    0]
 [   4    2   98    0]
 [   2    0   33    0]]
Epoch: [61/200], cls_loss: 0.3456, transfer_loss: 0.0555,person_loss: 0.0000, total_Loss: 0.3733
trian begin
trian end
n_person 578
SAMPLE
F1_MI: 0.9357381024552894 F1_MA: 0.3929362657398445 ACC_MI: 0.9357381024552894 F1_MA: 0.33367296493748533
BEST_F1_MI: 0.9587753864807518 BEST_F1_MA: 0.47948447233627267 BEST_ACC_MI: 0.9587753864807518 BEST_F1_MA: 0.6246504368020135
[[2989    0   96    0]
 [  15    0   60    0]
 [   6    0   98    0]
 [   3    0   32    0]]
Epoch: [62/200], cls_loss: 0.3315, transfer_loss: 0.0399,person_loss: 0.0000, total_Loss: 0.3514
[[2612    0  473    0]
 [  12    0   62    1]
 [   3    0   99    2]
 [   2    0   26    7]]
[[3077    0    8    0]
 [  24    0   51    0]
 [  18    0   86    0]
 [   3    0   32    0]]
ARG: Namespace(backbone='resnet50', batch_size=32, config='MEDA/MEDA.yaml', data_dir='data', device=device(type='cuda'), early_stop=50, epoch_based_training=False, lr=0.003, lr_decay=0.75, lr_gamma=0.0003, lr_scheduler=True, max_iter=20600, method='False', momentum=0.9, myweight=0.1, n_class=4, n_epoch=200, n_iter_per_epoch=103, num_workers=7, seed=1, src_domain='45', tgt_domain='own', tname='transfer', transfer_loss='twommd', transfer_loss_weight=0.5, use_bottleneck=True, weight_decay=0.0005)
