mmd 1 45 own DAN/DAN.yaml True
Namespace(backbone='resnet50', batch_size=32, config='DAN/DAN.yaml', data_dir='data', device=device(type='cuda'), early_stop=50, epoch_based_training=False, lr=0.003, lr_decay=0.75, lr_gamma=0.0003, lr_scheduler=True, method='True', momentum=0.9, myweight=0.1, n_epoch=200, n_iter_per_epoch=50, num_workers=3, seed=1, src_domain='45', tgt_domain='own', tname='transfer', transfer_loss='mmd', transfer_loss_weight=0.5, use_bottleneck=True, weight_decay=0.0005)
JUST DO IT
run my Parkinson code
transfer
TRAIN Length: 56845 1995 TEST Length: 3299 578
YYY: 0 3
DATA_PROFILE   train: 56845 train2: 3299 test: 3299
DATASET.SHAPE: <data_loader.GetTrainLoader object at 0x7fa307cd6400> True
DATASET.SHAPE: <data_loader.GetTrainLoader object at 0x7fa307cd6b50> True
DATASET.SHAPE: <data_loader.GetTestLoader object at 0x7fa307cd6b80> False
CLASS: 4 578
LLL: {}
BOTTLENECK_LIST: [Linear(in_features=512, out_features=256, bias=True), ReLU()]
TYPE: {'loss_type': 'mmd', 'max_iter': 20600, 'num_class': 4, 'my_person_item': <my_person_item.PersonItem object at 0x7fa3000cb3a0>}
initial_lr 1.0
transfer_world
method True <class 'str'>
1.8.1+cu111
True
LEN: 0 0
LOADER: <data_loader.InfiniteDataLoader object at 0x7fa307cd6370> <data_loader.InfiniteDataLoader object at 0x7fa3000cb430>
N_batch: 103
trian begin
trian end
n_person 578
SAMPLE
F1_MI: 0.9424067899363443 F1_MA: 0.36141766636871747 ACC_MI: 0.9424067899363443 F1_MA: 0.3163673488883051
BEST_F1_MI: 0.9424067899363443 BEST_F1_MA: 0.36141766636871747 BEST_ACC_MI: 0.9424067899363443 BEST_F1_MA: 0.3163673488883051
[[3085    0    0    0]
 [  67    0    0    8]
 [  58    0    0   46]
 [  11    0    0   24]]
Epoch: [ 1/200], cls_loss: 0.5522, transfer_loss: 0.0650,person_loss: -1.9542, total_Loss: 0.3893
trian begin
trian end
n_person 578
SAMPLE
F1_MI: 0.9408911791451955 F1_MA: 0.38433923733963044 ACC_MI: 0.9408911791451955 F1_MA: 0.398100860275085
BEST_F1_MI: 0.9424067899363443 BEST_F1_MA: 0.38433923733963044 BEST_ACC_MI: 0.9424067899363443 BEST_F1_MA: 0.398100860275085
[[3085    0    0    0]
 [  64    0    4    7]
 [  63    0    3   38]
 [  18    0    1   16]]
Epoch: [ 2/200], cls_loss: 0.4894, transfer_loss: 0.0212,person_loss: -1.9529, total_Loss: 0.3047
trian begin
trian end
n_person 578
SAMPLE
F1_MI: 0.9411943013034253 F1_MA: 0.30389579124649535 ACC_MI: 0.9411943013034253 F1_MA: 0.3074741831725072
BEST_F1_MI: 0.9424067899363443 BEST_F1_MA: 0.38433923733963044 BEST_ACC_MI: 0.9424067899363443 BEST_F1_MA: 0.398100860275085
[[3084    0    1    0]
 [  31    0   44    0]
 [  83    0   21    0]
 [  24    0   11    0]]
Epoch: [ 3/200], cls_loss: 0.4460, transfer_loss: 0.0181,person_loss: -1.9613, total_Loss: 0.2589
trian begin
trian end
n_person 578
SAMPLE
F1_MI: 0.9515004546832373 F1_MA: 0.43844965088088633 ACC_MI: 0.9515004546832373 F1_MA: 0.4379020400347414
BEST_F1_MI: 0.9515004546832373 BEST_F1_MA: 0.43844965088088633 BEST_ACC_MI: 0.9515004546832373 BEST_F1_MA: 0.4379020400347414
[[3084    0    1    0]
 [  32    0   42    1]
 [  39    0   43   22]
 [  10    0   13   12]]
Epoch: [ 4/200], cls_loss: 0.4034, transfer_loss: 0.0172,person_loss: -1.9602, total_Loss: 0.2160
trian begin
trian end
n_person 578
SAMPLE
F1_MI: 0.9505910882085481 F1_MA: 0.4273780615924106 ACC_MI: 0.9505910882085481 F1_MA: 0.4429877087929404
BEST_F1_MI: 0.9515004546832373 BEST_F1_MA: 0.43844965088088633 BEST_ACC_MI: 0.9515004546832373 BEST_F1_MA: 0.4429877087929404
[[3084    0    1    0]
 [  33    0   42    0]
 [  47    0   44   13]
 [   9    0   18    8]]
Epoch: [ 5/200], cls_loss: 0.4245, transfer_loss: 0.0155,person_loss: -1.9626, total_Loss: 0.2360
trian begin
trian end
n_person 578
SAMPLE
F1_MI: 0.9251288269172476 F1_MA: 0.38739336608407127 ACC_MI: 0.9251288269172476 F1_MA: 0.3249212235270812
BEST_F1_MI: 0.9515004546832373 BEST_F1_MA: 0.43844965088088633 BEST_ACC_MI: 0.9515004546832373 BEST_F1_MA: 0.4429877087929404
[[2952    0  133    0]
 [  15    0   60    0]
 [   4    0  100    0]
 [   2    0   33    0]]
Epoch: [ 6/200], cls_loss: 0.4274, transfer_loss: 0.0144,person_loss: -1.9633, total_Loss: 0.2383
trian begin
trian end
n_person 578
SAMPLE
F1_MI: 0.9424067899363443 F1_MA: 0.41190981366860935 ACC_MI: 0.9424067899363443 F1_MA: 0.42995619727449713
BEST_F1_MI: 0.9515004546832373 BEST_F1_MA: 0.43844965088088633 BEST_ACC_MI: 0.9515004546832373 BEST_F1_MA: 0.4429877087929404
[[3084    0    1    0]
 [  64    0    3    8]
 [  54    0    7   43]
 [  14    0    3   18]]
Epoch: [ 7/200], cls_loss: 0.4045, transfer_loss: 0.0175,person_loss: -1.9610, total_Loss: 0.2172
trian begin
trian end
n_person 578
SAMPLE
F1_MI: 0.6847529554410428 F1_MA: 0.32793221225846164 ACC_MI: 0.6847529554410428 F1_MA: 0.2650089843110382
BEST_F1_MI: 0.9515004546832373 BEST_F1_MA: 0.43844965088088633 BEST_ACC_MI: 0.9515004546832373 BEST_F1_MA: 0.4429877087929404
[[2220    0  456  409]
 [  11    0    0   64]
 [   5    0    6   93]
 [   2    0    0   33]]
Epoch: [ 8/200], cls_loss: 0.4010, transfer_loss: 0.0148,person_loss: -1.9659, total_Loss: 0.2118
trian begin
trian end
n_person 578
SAMPLE
F1_MI: 0.7220369809033039 F1_MA: 0.34889383320477724 ACC_MI: 0.722036980903304 F1_MA: 0.29574840107248257
BEST_F1_MI: 0.9515004546832373 BEST_F1_MA: 0.43844965088088633 BEST_ACC_MI: 0.9515004546832373 BEST_F1_MA: 0.4429877087929404
[[2333    0  746    6]
 [  12    0   11   52]
 [   9    0   24   71]
 [   2    0    8   25]]
Epoch: [ 9/200], cls_loss: 0.3703, transfer_loss: 0.0148,person_loss: -1.9656, total_Loss: 0.1812
trian begin
trian end
n_person 578
SAMPLE
F1_MI: 0.949378599575629 F1_MA: 0.3799356675707384 ACC_MI: 0.949378599575629 F1_MA: 0.37804688331028613
BEST_F1_MI: 0.9515004546832373 BEST_F1_MA: 0.43844965088088633 BEST_ACC_MI: 0.9515004546832373 BEST_F1_MA: 0.4429877087929404
[[3083    0    2    0]
 [  28    0   46    1]
 [  42    0   46   16]
 [   7    0   25    3]]
Epoch: [10/200], cls_loss: 0.3816, transfer_loss: 0.0139,person_loss: -1.9635, total_Loss: 0.1922
trian begin
trian end
n_person 578
SAMPLE
F1_MI: 0.03031221582297666 F1_MA: 0.22245357661199988 ACC_MI: 0.03031221582297666 F1_MA: 0.20477954682747318
BEST_F1_MI: 0.9515004546832373 BEST_F1_MA: 0.43844965088088633 BEST_ACC_MI: 0.9515004546832373 BEST_F1_MA: 0.4429877087929404
[[  66    0  579 2440]
 [  10    0    1   64]
 [   4    0    1   99]
 [   2    0    0   33]]
Epoch: [11/200], cls_loss: 0.3923, transfer_loss: 0.0172,person_loss: -1.9656, total_Loss: 0.2044
trian begin
trian end
n_person 578
SAMPLE
F1_MI: 0.9460442558351014 F1_MA: 0.41606169832653656 ACC_MI: 0.9460442558351015 F1_MA: 0.385526198234799
BEST_F1_MI: 0.9515004546832373 BEST_F1_MA: 0.43844965088088633 BEST_ACC_MI: 0.9515004546832373 BEST_F1_MA: 0.4429877087929404
[[3068    0   17    0]
 [  19    0   36   20]
 [  25    0   37   42]
 [   4    0   15   16]]
Epoch: [12/200], cls_loss: 0.3922, transfer_loss: 0.0155,person_loss: -1.9632, total_Loss: 0.2036
trian begin
trian end
n_person 578
SAMPLE
F1_MI: 0.9427099120945741 F1_MA: 0.35464937665122864 ACC_MI: 0.9427099120945741 F1_MA: 0.33263787608707396
BEST_F1_MI: 0.9515004546832373 BEST_F1_MA: 0.43844965088088633 BEST_ACC_MI: 0.9515004546832373 BEST_F1_MA: 0.4429877087929404
[[3055    0   30    0]
 [  25    0   50    0]
 [  49    0   55    0]
 [  17    0   18    0]]
Epoch: [13/200], cls_loss: 0.3621, transfer_loss: 0.0140,person_loss: -1.9680, total_Loss: 0.1723
trian begin
trian end
n_person 578
SAMPLE
F1_MI: 0.9496817217338588 F1_MA: 0.4815576007982295 ACC_MI: 0.9496817217338588 F1_MA: 0.6086552911709455
BEST_F1_MI: 0.9515004546832373 BEST_F1_MA: 0.4815576007982295 BEST_ACC_MI: 0.9515004546832373 BEST_F1_MA: 0.6086552911709455
[[3081    0    4    0]
 [  39    0   36    0]
 [  57    0   47    0]
 [  17    0   13    5]]
Epoch: [14/200], cls_loss: 0.3891, transfer_loss: 0.0139,person_loss: -1.9665, total_Loss: 0.1994
trian begin
trian end
n_person 578
SAMPLE
F1_MI: 0.9484692331009397 F1_MA: 0.36618525171111777 ACC_MI: 0.9484692331009397 F1_MA: 0.37214343482057227
BEST_F1_MI: 0.9515004546832373 BEST_F1_MA: 0.4815576007982295 BEST_ACC_MI: 0.9515004546832373 BEST_F1_MA: 0.6086552911709455
[[3083    0    2    0]
 [  58    0   17    0]
 [  58    0   46    0]
 [  13    0   22    0]]
Epoch: [15/200], cls_loss: 0.3774, transfer_loss: 0.0138,person_loss: -1.9654, total_Loss: 0.1878
trian begin
trian end
n_person 578
SAMPLE
F1_MI: 0.9481661109427099 F1_MA: 0.36236619641058665 ACC_MI: 0.9481661109427099 F1_MA: 0.36929975474944177
BEST_F1_MI: 0.9515004546832373 BEST_F1_MA: 0.4815576007982295 BEST_ACC_MI: 0.9515004546832373 BEST_F1_MA: 0.6086552911709455
[[3084    0    1    0]
 [  57    0   18    0]
 [  60    0   44    0]
 [  13    0   22    0]]
Epoch: [16/200], cls_loss: 0.3757, transfer_loss: 0.0133,person_loss: -1.9705, total_Loss: 0.1853
trian begin
trian end
n_person 578
SAMPLE
F1_MI: 0.041830857835707794 F1_MA: 0.21607485428209244 ACC_MI: 0.041830857835707794 F1_MA: 0.19277162203755002
BEST_F1_MI: 0.9515004546832373 BEST_F1_MA: 0.4815576007982295 BEST_ACC_MI: 0.9515004546832373 BEST_F1_MA: 0.6086552911709455
[[  37    0 3048    0]
 [   8    0   67    0]
 [   3    0  101    0]
 [   2    0   33    0]]
Epoch: [17/200], cls_loss: 0.3688, transfer_loss: 0.0129,person_loss: -1.9727, total_Loss: 0.1779
trian begin
trian end
n_person 578
SAMPLE
F1_MI: 0.9505910882085481 F1_MA: 0.37727431802254097 ACC_MI: 0.9505910882085481 F1_MA: 0.3773068700618814
BEST_F1_MI: 0.9515004546832373 BEST_F1_MA: 0.4815576007982295 BEST_ACC_MI: 0.9515004546832373 BEST_F1_MA: 0.6086552911709455
[[3083    0    2    0]
 [  52    0   23    0]
 [  51    0   53    0]
 [  16    0   19    0]]
Epoch: [18/200], cls_loss: 0.3851, transfer_loss: 0.0149,person_loss: -1.9638, total_Loss: 0.1961
trian begin
trian end
n_person 578
SAMPLE
F1_MI: 0.9499848438920885 F1_MA: 0.3964381129680954 ACC_MI: 0.9499848438920885 F1_MA: 0.3492451663499533
BEST_F1_MI: 0.9515004546832373 BEST_F1_MA: 0.4815576007982295 BEST_ACC_MI: 0.9515004546832373 BEST_F1_MA: 0.6086552911709455
[[3046    0   39    0]
 [  17    0   58    0]
 [  16    0   88    0]
 [   5    0   30    0]]
Epoch: [19/200], cls_loss: 0.3897, transfer_loss: 0.0142,person_loss: -1.9697, total_Loss: 0.1998
trian begin
trian end
n_person 578
SAMPLE
F1_MI: 0.958472264322522 F1_MA: 0.4031366135991404 ACC_MI: 0.958472264322522 F1_MA: 0.3673081649242868
BEST_F1_MI: 0.958472264322522 BEST_F1_MA: 0.4815576007982295 BEST_ACC_MI: 0.958472264322522 BEST_F1_MA: 0.6086552911709455
[[3080    0    5    0]
 [  21    0   54    0]
 [  22    0   82    0]
 [   7    0   28    0]]
Epoch: [20/200], cls_loss: 0.3734, transfer_loss: 0.0153,person_loss: -1.9683, total_Loss: 0.1842
trian begin
trian end
n_person 578
SAMPLE
F1_MI: 0.9518035768414671 F1_MA: 0.446264632773818 ACC_MI: 0.9518035768414671 F1_MA: 0.45378840651877284
BEST_F1_MI: 0.958472264322522 BEST_F1_MA: 0.4815576007982295 BEST_ACC_MI: 0.958472264322522 BEST_F1_MA: 0.6086552911709455
[[3083    0    2    0]
 [  28    0   46    1]
 [  43    0   46   15]
 [  12    0   12   11]]
Epoch: [21/200], cls_loss: 0.3556, transfer_loss: 0.0146,person_loss: -1.9701, total_Loss: 0.1659
trian begin
trian end
n_person 578
SAMPLE
F1_MI: 0.9581691421642922 F1_MA: 0.5383075542500191 ACC_MI: 0.9581691421642922 F1_MA: 0.6133673066843479
BEST_F1_MI: 0.958472264322522 BEST_F1_MA: 0.5383075542500191 BEST_ACC_MI: 0.958472264322522 BEST_F1_MA: 0.6133673066843479
[[3075    0   10    0]
 [  19    0   56    0]
 [  23    0   81    0]
 [   4    0   26    5]]
Epoch: [22/200], cls_loss: 0.3701, transfer_loss: 0.0151,person_loss: -1.9716, total_Loss: 0.1805
trian begin
trian end
n_person 578
SAMPLE
F1_MI: 0.9399818126705062 F1_MA: 0.4211547751485186 ACC_MI: 0.9399818126705062 F1_MA: 0.3647582502274964
BEST_F1_MI: 0.958472264322522 BEST_F1_MA: 0.5383075542500191 BEST_ACC_MI: 0.958472264322522 BEST_F1_MA: 0.6133673066843479
[[3060    0   16    9]
 [  16    0    5   54]
 [  10    0    9   85]
 [   2    0    1   32]]
Epoch: [23/200], cls_loss: 0.3496, transfer_loss: 0.0147,person_loss: -1.9729, total_Loss: 0.1596
trian begin
trian end
n_person 578
SAMPLE
F1_MI: 0.9524098211579266 F1_MA: 0.3791962155724888 ACC_MI: 0.9524098211579266 F1_MA: 0.3654752137545989
BEST_F1_MI: 0.958472264322522 BEST_F1_MA: 0.5383075542500191 BEST_ACC_MI: 0.958472264322522 BEST_F1_MA: 0.6133673066843479
[[3082    0    3    0]
 [  38    0   37    0]
 [  44    0   60    0]
 [  13    0   22    0]]
Epoch: [24/200], cls_loss: 0.3623, transfer_loss: 0.0128,person_loss: -1.9740, total_Loss: 0.1713
trian begin
trian end
n_person 578
SAMPLE
F1_MI: 0.04759017884207335 F1_MA: 0.1933650332380754 ACC_MI: 0.04759017884207335 F1_MA: 0.17740234139882027
BEST_F1_MI: 0.958472264322522 BEST_F1_MA: 0.5383075542500191 BEST_ACC_MI: 0.958472264322522 BEST_F1_MA: 0.6133673066843479
[[  71    0 3014    0]
 [  13    0   62    0]
 [  18    0   86    0]
 [   2    0   33    0]]
Epoch: [25/200], cls_loss: 0.3689, transfer_loss: 0.0170,person_loss: -1.9720, total_Loss: 0.1802
trian begin
trian end
n_person 578
SAMPLE
F1_MI: 0.674143679903001 F1_MA: 0.3183099785733313 ACC_MI: 0.674143679903001 F1_MA: 0.26704899116712577
BEST_F1_MI: 0.958472264322522 BEST_F1_MA: 0.5383075542500191 BEST_ACC_MI: 0.958472264322522 BEST_F1_MA: 0.6133673066843479
[[2132    0  953    0]
 [  13    0   62    0]
 [  12    0   92    0]
 [   2    0   33    0]]
Epoch: [26/200], cls_loss: 0.3652, transfer_loss: 0.0128,person_loss: -1.9700, total_Loss: 0.1746
trian begin
trian end
n_person 578
SAMPLE
F1_MI: 0.04546832373446499 F1_MA: 0.20712904209565064 ACC_MI: 0.04546832373446499 F1_MA: 0.18507805738360794
BEST_F1_MI: 0.958472264322522 BEST_F1_MA: 0.5383075542500191 BEST_ACC_MI: 0.958472264322522 BEST_F1_MA: 0.6133673066843479
[[  54    0 3031    0]
 [  12    0   63    0]
 [   8    0   96    0]
 [   2    0   33    0]]
Epoch: [27/200], cls_loss: 0.3447, transfer_loss: 0.0138,person_loss: -1.9741, total_Loss: 0.1542
trian begin
trian end
n_person 578
SAMPLE
F1_MI: 0.7080933616247347 F1_MA: 0.3125920084542364 ACC_MI: 0.7080933616247348 F1_MA: 0.26560656807307526
BEST_F1_MI: 0.958472264322522 BEST_F1_MA: 0.5383075542500191 BEST_ACC_MI: 0.958472264322522 BEST_F1_MA: 0.6133673066843479
[[2254    0  831    0]
 [  18    0   57    0]
 [  22    0   82    0]
 [   5    0   30    0]]
Epoch: [28/200], cls_loss: 0.3463, transfer_loss: 0.0124,person_loss: -1.9729, total_Loss: 0.1552
trian begin
trian end
n_person 578
SAMPLE
F1_MI: 0.9442255228857229 F1_MA: 0.3891619615588211 ACC_MI: 0.9442255228857229 F1_MA: 0.3415531794188032
BEST_F1_MI: 0.958472264322522 BEST_F1_MA: 0.5383075542500191 BEST_ACC_MI: 0.958472264322522 BEST_F1_MA: 0.6133673066843479
[[3029    0   56    0]
 [  21    0   54    0]
 [  18    0   86    0]
 [   5    0   30    0]]
Epoch: [29/200], cls_loss: 0.3525, transfer_loss: 0.0142,person_loss: -1.9757, total_Loss: 0.1620
trian begin
trian end
n_person 578
SAMPLE
F1_MI: 0.8842073355562292 F1_MA: 0.3655729328919273 ACC_MI: 0.8842073355562292 F1_MA: 0.30158728019993936
BEST_F1_MI: 0.958472264322522 BEST_F1_MA: 0.5383075542500191 BEST_ACC_MI: 0.958472264322522 BEST_F1_MA: 0.6133673066843479
[[2819    0  266    0]
 [  15    0   60    0]
 [   6    0   98    0]
 [   2    0   33    0]]
Epoch: [30/200], cls_loss: 0.3629, transfer_loss: 0.0147,person_loss: -1.9740, total_Loss: 0.1729
trian begin
trian end
n_person 578
SAMPLE
F1_MI: 0.9017884207335556 F1_MA: 0.35387399612250325 ACC_MI: 0.9017884207335556 F1_MA: 0.30217702273423147
BEST_F1_MI: 0.958472264322522 BEST_F1_MA: 0.5383075542500191 BEST_ACC_MI: 0.958472264322522 BEST_F1_MA: 0.6133673066843479
[[2895    0  190    0]
 [  21    0   54    0]
 [  24    0   80    0]
 [   4    0   31    0]]
Epoch: [31/200], cls_loss: 0.3366, transfer_loss: 0.0157,person_loss: -1.9710, total_Loss: 0.1474
trian begin
trian end
n_person 578
SAMPLE
F1_MI: 0.03667778114580176 F1_MA: 0.21817442020224054 ACC_MI: 0.03667778114580176 F1_MA: 0.1927191166321601
BEST_F1_MI: 0.958472264322522 BEST_F1_MA: 0.5383075542500191 BEST_ACC_MI: 0.958472264322522 BEST_F1_MA: 0.6133673066843479
[[  17    0 3068    0]
 [   5    0   70    0]
 [   0    0  104    0]
 [   1    0   34    0]]
Epoch: [32/200], cls_loss: 0.3560, transfer_loss: 0.0122,person_loss: -1.9746, total_Loss: 0.1647
trian begin
trian end
n_person 578
SAMPLE
F1_MI: 0.9521066989996969 F1_MA: 0.387074800153921 ACC_MI: 0.9521066989996969 F1_MA: 0.35122724519967224
BEST_F1_MI: 0.958472264322522 BEST_F1_MA: 0.5383075542500191 BEST_ACC_MI: 0.958472264322522 BEST_F1_MA: 0.6133673066843479
[[3065    0   20    0]
 [  20    0   55    0]
 [  28    0   76    0]
 [   6    0   29    0]]
Epoch: [33/200], cls_loss: 0.3442, transfer_loss: 0.0118,person_loss: -1.9774, total_Loss: 0.1524
trian begin
trian end
n_person 578
SAMPLE
F1_MI: 0.9487723552591695 F1_MA: 0.40372446930502354 ACC_MI: 0.9487723552591695 F1_MA: 0.3489167892557481
BEST_F1_MI: 0.958472264322522 BEST_F1_MA: 0.5383075542500191 BEST_ACC_MI: 0.958472264322522 BEST_F1_MA: 0.6133673066843479
[[3033    0   52    0]
 [  16    0   59    0]
 [   7    0   97    0]
 [   3    0   32    0]]
Epoch: [34/200], cls_loss: 0.3321, transfer_loss: 0.0135,person_loss: -1.9755, total_Loss: 0.1413
trian begin
trian end
n_person 578
SAMPLE
F1_MI: 0.9245225826007881 F1_MA: 0.38935220902604095 ACC_MI: 0.9245225826007881 F1_MA: 0.32458351426322374
BEST_F1_MI: 0.958472264322522 BEST_F1_MA: 0.5383075542500191 BEST_ACC_MI: 0.958472264322522 BEST_F1_MA: 0.6133673066843479
[[2947    0  138    0]
 [   8    0   67    0]
 [   1    0  103    0]
 [   2    0   33    0]]
Epoch: [35/200], cls_loss: 0.3397, transfer_loss: 0.0150,person_loss: -1.9751, total_Loss: 0.1496
trian begin
trian end
n_person 578
SAMPLE
F1_MI: 0.9502879660503183 F1_MA: 0.3710686462472892 ACC_MI: 0.9502879660503183 F1_MA: 0.3673744182655504
BEST_F1_MI: 0.958472264322522 BEST_F1_MA: 0.5383075542500191 BEST_ACC_MI: 0.958472264322522 BEST_F1_MA: 0.6133673066843479
[[3083    0    2    0]
 [  48    0   27    0]
 [  52    0   52    0]
 [  13    0   22    0]]
Epoch: [36/200], cls_loss: 0.3304, transfer_loss: 0.0131,person_loss: -1.9747, total_Loss: 0.1394
trian begin
trian end
n_person 578
SAMPLE
F1_MI: 0.9539254319490755 F1_MA: 0.4512579324537931 ACC_MI: 0.9539254319490755 F1_MA: 0.5028623701605288
BEST_F1_MI: 0.958472264322522 BEST_F1_MA: 0.5383075542500191 BEST_ACC_MI: 0.958472264322522 BEST_F1_MA: 0.6133673066843479
[[3081    0    4    0]
 [  45    1   29    0]
 [  38    1   65    0]
 [  13    0   22    0]]
Epoch: [37/200], cls_loss: 0.3222, transfer_loss: 0.0128,person_loss: -1.9771, total_Loss: 0.1309
trian begin
trian end
n_person 578
SAMPLE
F1_MI: 0.957259775689603 F1_MA: 0.40503462357454645 ACC_MI: 0.957259775689603 F1_MA: 0.36452262847835515
BEST_F1_MI: 0.958472264322522 BEST_F1_MA: 0.5383075542500191 BEST_ACC_MI: 0.958472264322522 BEST_F1_MA: 0.6133673066843479
[[3072    0   13    0]
 [  22    0   53    0]
 [  18    0   86    0]
 [   5    0   30    0]]
Epoch: [38/200], cls_loss: 0.3314, transfer_loss: 0.0134,person_loss: -1.9736, total_Loss: 0.1407
trian begin
trian end
n_person 578
SAMPLE
F1_MI: 0.9505910882085481 F1_MA: 0.3830236098658492 ACC_MI: 0.9505910882085481 F1_MA: 0.3889854387622948
BEST_F1_MI: 0.958472264322522 BEST_F1_MA: 0.5383075542500191 BEST_ACC_MI: 0.958472264322522 BEST_F1_MA: 0.6133673066843479
[[3083    0    2    0]
 [  57    0   18    0]
 [  51    0   53    0]
 [  19    0   16    0]]
Epoch: [39/200], cls_loss: 0.3379, transfer_loss: 0.0140,person_loss: -1.9744, total_Loss: 0.1475
trian begin
trian end
n_person 578
SAMPLE
F1_MI: 0.9587753864807518 F1_MA: 0.4081573593106997 ACC_MI: 0.9587753864807518 F1_MA: 0.3663549445181101
BEST_F1_MI: 0.9587753864807518 BEST_F1_MA: 0.5383075542500191 BEST_ACC_MI: 0.9587753864807518 BEST_F1_MA: 0.6133673066843479
[[3075    0   10    0]
 [  19    0   56    0]
 [  16    0   88    0]
 [   5    0   30    0]]
Epoch: [40/200], cls_loss: 0.3399, transfer_loss: 0.0143,person_loss: -1.9769, total_Loss: 0.1493
trian begin
trian end
n_person 578
SAMPLE
F1_MI: 0.9496817217338588 F1_MA: 0.35968600431083253 ACC_MI: 0.9496817217338588 F1_MA: 0.3499043951162967
BEST_F1_MI: 0.9587753864807518 BEST_F1_MA: 0.5383075542500191 BEST_ACC_MI: 0.9587753864807518 BEST_F1_MA: 0.6133673066843479
[[3083    0    2    0]
 [  36    0   39    0]
 [  54    0   50    0]
 [  10    0   25    0]]
Epoch: [41/200], cls_loss: 0.3321, transfer_loss: 0.0141,person_loss: -1.9777, total_Loss: 0.1414
trian begin
trian end
n_person 578
SAMPLE
F1_MI: 0.955744164898454 F1_MA: 0.4010813310558785 ACC_MI: 0.955744164898454 F1_MA: 0.35841893795737406
BEST_F1_MI: 0.9587753864807518 BEST_F1_MA: 0.5383075542500191 BEST_ACC_MI: 0.9587753864807518 BEST_F1_MA: 0.6133673066843479
[[3067    0   18    0]
 [  17    0   58    0]
 [  16    2   86    0]
 [   4    0   31    0]]
Epoch: [42/200], cls_loss: 0.3392, transfer_loss: 0.0127,person_loss: -1.9747, total_Loss: 0.1481
trian begin
trian end
n_person 578
SAMPLE
F1_MI: 0.9527129433161564 F1_MA: 0.4545502469282569 ACC_MI: 0.9527129433161564 F1_MA: 0.5253393426956282
BEST_F1_MI: 0.9587753864807518 BEST_F1_MA: 0.5383075542500191 BEST_ACC_MI: 0.9587753864807518 BEST_F1_MA: 0.6133673066843479
[[3081    1    3    0]
 [  28    2   45    0]
 [  44    0   60    0]
 [  13    0   22    0]]
Epoch: [43/200], cls_loss: 0.3410, transfer_loss: 0.0130,person_loss: -1.9759, total_Loss: 0.1500
trian begin
trian end
n_person 578
SAMPLE
F1_MI: 0.9299787814489239 F1_MA: 0.3880103356875726 ACC_MI: 0.9299787814489239 F1_MA: 0.32846039212909595
BEST_F1_MI: 0.9587753864807518 BEST_F1_MA: 0.5383075542500191 BEST_ACC_MI: 0.9587753864807518 BEST_F1_MA: 0.6133673066843479
[[2971    4  110    0]
 [  13    0   62    0]
 [   7    0   97    0]
 [   2    0   33    0]]
Epoch: [44/200], cls_loss: 0.3276, transfer_loss: 0.0183,person_loss: -1.9743, total_Loss: 0.1393
trian begin
trian end
n_person 578
SAMPLE
F1_MI: 0.9563504092149137 F1_MA: 0.428536706539324 ACC_MI: 0.9563504092149137 F1_MA: 0.3986024054333125
BEST_F1_MI: 0.9587753864807518 BEST_F1_MA: 0.5383075542500191 BEST_ACC_MI: 0.9587753864807518 BEST_F1_MA: 0.6133673066843479
[[3066    6   13    0]
 [  15    1   59    0]
 [  16    0   88    0]
 [   5    0   30    0]]
Epoch: [45/200], cls_loss: 0.3341, transfer_loss: 0.0134,person_loss: -1.9767, total_Loss: 0.1431
trian begin
trian end
n_person 578
SAMPLE
F1_MI: 0.03970900272809942 F1_MA: 0.2201461514846665 ACC_MI: 0.03970900272809942 F1_MA: 0.20225939217245031
BEST_F1_MI: 0.9587753864807518 BEST_F1_MA: 0.5383075542500191 BEST_ACC_MI: 0.9587753864807518 BEST_F1_MA: 0.6133673066843479
[[  32   23 3030    0]
 [   8    1   66    0]
 [   2    4   98    0]
 [   1    1   33    0]]
Epoch: [46/200], cls_loss: 0.3192, transfer_loss: 0.0133,person_loss: -1.9781, total_Loss: 0.1280
trian begin
trian end
n_person 578
SAMPLE
F1_MI: 0.9608972415883601 F1_MA: 0.4984710597536776 ACC_MI: 0.9608972415883601 F1_MA: 0.5396183809416281
BEST_F1_MI: 0.9608972415883601 BEST_F1_MA: 0.5383075542500191 BEST_ACC_MI: 0.9608972415883601 BEST_F1_MA: 0.6133673066843479
[[3082    1    2    0]
 [  21    2   52    0]
 [  18    0   86    0]
 [   5    0   30    0]]
Epoch: [47/200], cls_loss: 0.3158, transfer_loss: 0.0143,person_loss: -1.9818, total_Loss: 0.1248
trian begin
trian end
n_person 578
SAMPLE
F1_MI: 0.9524098211579266 F1_MA: 0.49797458312408965 ACC_MI: 0.9524098211579266 F1_MA: 0.6529736841277728
BEST_F1_MI: 0.9608972415883601 BEST_F1_MA: 0.5383075542500191 BEST_ACC_MI: 0.9608972415883601 BEST_F1_MA: 0.6529736841277728
[[3082    0    3    0]
 [  50    4   13    8]
 [  41    0   55    8]
 [  11    0   23    1]]
Epoch: [48/200], cls_loss: 0.3389, transfer_loss: 0.0158,person_loss: -1.9755, total_Loss: 0.1493
trian begin
trian end
n_person 578
SAMPLE
F1_MI: 0.9475598666262504 F1_MA: 0.430027570045249 ACC_MI: 0.9475598666262504 F1_MA: 0.38860700659512026
BEST_F1_MI: 0.9608972415883601 BEST_F1_MA: 0.5383075542500191 BEST_ACC_MI: 0.9608972415883601 BEST_F1_MA: 0.6529736841277728
[[3036    8   38    3]
 [  14    0   41   20]
 [  10    1   86    7]
 [   3    0   28    4]]
Epoch: [49/200], cls_loss: 0.3114, transfer_loss: 0.0143,person_loss: -1.9707, total_Loss: 0.1215
trian begin
trian end
n_person 578
SAMPLE
F1_MI: 0.9445286450439527 F1_MA: 0.5149834238518574 ACC_MI: 0.9445286450439527 F1_MA: 0.5388137045763535
BEST_F1_MI: 0.9608972415883601 BEST_F1_MA: 0.5383075542500191 BEST_ACC_MI: 0.9608972415883601 BEST_F1_MA: 0.6529736841277728
[[3076    5    0    4]
 [  17    6    1   51]
 [  15    7    4   78]
 [   3    1    1   30]]
Epoch: [50/200], cls_loss: 0.3222, transfer_loss: 0.0164,person_loss: -1.9742, total_Loss: 0.1330
trian begin
trian end
n_person 578
SAMPLE
F1_MI: 0.946650500151561 F1_MA: 0.5234657296827349 ACC_MI: 0.946650500151561 F1_MA: 0.5294430431356025
BEST_F1_MI: 0.9608972415883601 BEST_F1_MA: 0.5383075542500191 BEST_ACC_MI: 0.9608972415883601 BEST_F1_MA: 0.6529736841277728
[[3073   10    1    1]
 [  20   22    0   33]
 [  22   18    1   63]
 [   5    3    0   27]]
Epoch: [51/200], cls_loss: 0.2908, transfer_loss: 0.0147,person_loss: -1.9709, total_Loss: 0.1011
trian begin
trian end
n_person 578
SAMPLE
F1_MI: 0.9457411336768717 F1_MA: 0.40775488470293564 ACC_MI: 0.9457411336768717 F1_MA: 0.3962931792305115
BEST_F1_MI: 0.9608972415883601 BEST_F1_MA: 0.5383075542500191 BEST_ACC_MI: 0.9608972415883601 BEST_F1_MA: 0.6529736841277728
[[3075    3    6    1]
 [  21    1   34   19]
 [  20    8   31   45]
 [   5    1   16   13]]
Epoch: [52/200], cls_loss: 0.2893, transfer_loss: 0.0171,person_loss: -1.9679, total_Loss: 0.1011
trian begin
trian end
n_person 578
SAMPLE
F1_MI: 0.9433161564110336 F1_MA: 0.4832943344916213 ACC_MI: 0.9433161564110336 F1_MA: 0.4845252433851623
BEST_F1_MI: 0.9608972415883601 BEST_F1_MA: 0.5383075542500191 BEST_ACC_MI: 0.9608972415883601 BEST_F1_MA: 0.6529736841277728
[[3075    5    0    5]
 [  17    7    1   50]
 [  13   13    1   77]
 [   5    1    0   29]]
Epoch: [53/200], cls_loss: 0.2984, transfer_loss: 0.0184,person_loss: -1.9735, total_Loss: 0.1102
trian begin
trian end
n_person 578
SAMPLE
F1_MI: 0.946650500151561 F1_MA: 0.47670537581028877 ACC_MI: 0.946650500151561 F1_MA: 0.48395237696957866
BEST_F1_MI: 0.9608972415883601 BEST_F1_MA: 0.5383075542500191 BEST_ACC_MI: 0.9608972415883601 BEST_F1_MA: 0.6529736841277728
[[3077    3    4    1]
 [  19   11   10   35]
 [  18   14   14   58]
 [   5    2    7   21]]
Epoch: [54/200], cls_loss: 0.2966, transfer_loss: 0.0187,person_loss: -1.9714, total_Loss: 0.1088
trian begin
trian end
n_person 578
SAMPLE
F1_MI: 0.9439224007274932 F1_MA: 0.5168609397512002 ACC_MI: 0.9439224007274932 F1_MA: 0.5803709764774424
BEST_F1_MI: 0.9608972415883601 BEST_F1_MA: 0.5383075542500191 BEST_ACC_MI: 0.9608972415883601 BEST_F1_MA: 0.6529736841277728
[[3068   16    0    1]
 [  21   23    1   30]
 [  25   24    5   50]
 [   9    8    0   18]]
Epoch: [55/200], cls_loss: 0.2674, transfer_loss: 0.0212,person_loss: -1.9722, total_Loss: 0.0808
trian begin
trian end
n_person 578
SAMPLE
F1_MI: 0.022431039709002728 F1_MA: 0.2797904423540853 ACC_MI: 0.022431039709002728 F1_MA: 0.2901275156519912
BEST_F1_MI: 0.9608972415883601 BEST_F1_MA: 0.5383075542500191 BEST_ACC_MI: 0.9608972415883601 BEST_F1_MA: 0.6529736841277728
[[  30 2896   10  149]
 [   4    6    5   60]
 [   1    2    5   96]
 [   2    0    0   33]]
Epoch: [56/200], cls_loss: 0.2795, transfer_loss: 0.0219,person_loss: -1.9724, total_Loss: 0.0932
trian begin
trian end
n_person 578
SAMPLE
F1_MI: 0.9396786905122765 F1_MA: 0.4280204470508166 ACC_MI: 0.9396786905122765 F1_MA: 0.42160394130956413
BEST_F1_MI: 0.9608972415883601 BEST_F1_MA: 0.5383075542500191 BEST_ACC_MI: 0.9608972415883601 BEST_F1_MA: 0.6529736841277728
[[3054   21    9    1]
 [  14   11   14   36]
 [   7   18   21   58]
 [   3    4   14   14]]
Epoch: [57/200], cls_loss: 0.2954, transfer_loss: 0.0184,person_loss: -1.9767, total_Loss: 0.1069
trian begin
trian end
n_person 578
SAMPLE
F1_MI: 0.9469536223097909 F1_MA: 0.4656044003420919 ACC_MI: 0.9469536223097909 F1_MA: 0.4699033231323372
BEST_F1_MI: 0.9608972415883601 BEST_F1_MA: 0.5383075542500191 BEST_ACC_MI: 0.9608972415883601 BEST_F1_MA: 0.6529736841277728
[[3058    2   25    0]
 [  16    3   39   17]
 [  13    4   52   35]
 [   4    0   20   11]]
Epoch: [58/200], cls_loss: 0.2770, transfer_loss: 0.0215,person_loss: -1.9743, total_Loss: 0.0903
trian begin
trian end
n_person 578
SAMPLE
F1_MI: 0.040012124886329194 F1_MA: 0.2602474363244774 ACC_MI: 0.040012124886329194 F1_MA: 0.251146821916285
BEST_F1_MI: 0.9608972415883601 BEST_F1_MA: 0.5383075542500191 BEST_ACC_MI: 0.9608972415883601 BEST_F1_MA: 0.6529736841277728
[[  86  169 2775   55]
 [  11    6    3   55]
 [   4   15    9   76]
 [   3    0    1   31]]
Epoch: [59/200], cls_loss: 0.2685, transfer_loss: 0.0237,person_loss: -1.9739, total_Loss: 0.0829
trian begin
trian end
n_person 578
SAMPLE
F1_MI: 0.02940284934828736 F1_MA: 0.3679097354987349 ACC_MI: 0.02940284934828736 F1_MA: 0.4168224487318738
BEST_F1_MI: 0.9608972415883601 BEST_F1_MA: 0.5383075542500191 BEST_ACC_MI: 0.9608972415883601 BEST_F1_MA: 0.6529736841277728
[[  24 3061    0    0]
 [   7   41    2   25]
 [   0   44    8   52]
 [   1    8    2   24]]
Epoch: [60/200], cls_loss: 0.2712, transfer_loss: 0.0223,person_loss: -1.9737, total_Loss: 0.0850
trian begin
trian end
n_person 578
SAMPLE
F1_MI: 0.9515004546832373 F1_MA: 0.5006190213928337 ACC_MI: 0.9515004546832373 F1_MA: 0.5370323027351253
BEST_F1_MI: 0.9608972415883601 BEST_F1_MA: 0.5383075542500191 BEST_ACC_MI: 0.9608972415883601 BEST_F1_MA: 0.6529736841277728
[[3080    2    3    0]
 [  24   17   25    9]
 [  26   12   29   37]
 [   6    0   16   13]]
Epoch: [61/200], cls_loss: 0.2779, transfer_loss: 0.0231,person_loss: -1.9753, total_Loss: 0.0919
trian begin
trian end
n_person 578
SAMPLE
F1_MI: 0.017581085177326462 F1_MA: 0.22802994238935667 ACC_MI: 0.017581085177326462 F1_MA: 0.21768067795616863
BEST_F1_MI: 0.9608972415883601 BEST_F1_MA: 0.5383075542500191 BEST_ACC_MI: 0.9608972415883601 BEST_F1_MA: 0.6529736841277728
[[  21   23 2443  598]
 [   5    2    4   64]
 [   0    0    4  100]
 [   2    0    2   31]]
Epoch: [62/200], cls_loss: 0.2651, transfer_loss: 0.0208,person_loss: -1.9745, total_Loss: 0.0780
trian begin
trian end
n_person 578
SAMPLE
F1_MI: 0.877841770233404 F1_MA: 0.4171284916948792 ACC_MI: 0.877841770233404 F1_MA: 0.34726789646671596
BEST_F1_MI: 0.9608972415883601 BEST_F1_MA: 0.5383075542500191 BEST_ACC_MI: 0.9608972415883601 BEST_F1_MA: 0.6529736841277728
[[2839  107  136    3]
 [  14   19    4   38]
 [   4   23    9   68]
 [   3    1    2   29]]
Epoch: [63/200], cls_loss: 0.2579, transfer_loss: 0.0235,person_loss: -1.9768, total_Loss: 0.0719
trian begin
trian end
n_person 578
SAMPLE
F1_MI: 0.9481661109427099 F1_MA: 0.47528837328983575 ACC_MI: 0.9481661109427099 F1_MA: 0.558300663229737
BEST_F1_MI: 0.9608972415883601 BEST_F1_MA: 0.5383075542500191 BEST_ACC_MI: 0.9608972415883601 BEST_F1_MA: 0.6529736841277728
[[3083    1    1    0]
 [  36    9   23    7]
 [  44    4   26   30]
 [  11    0   14   10]]
Epoch: [64/200], cls_loss: 0.2629, transfer_loss: 0.0191,person_loss: -1.9741, total_Loss: 0.0750
trian begin
trian end
n_person 578
SAMPLE
F1_MI: 0.945438011518642 F1_MA: 0.45311511658692655 ACC_MI: 0.945438011518642 F1_MA: 0.48349664970821926
BEST_F1_MI: 0.9608972415883601 BEST_F1_MA: 0.5383075542500191 BEST_ACC_MI: 0.9608972415883601 BEST_F1_MA: 0.6529736841277728
[[3083    1    0    1]
 [  27    5   11   32]
 [  34    8   13   49]
 [  10    0    7   18]]
Epoch: [65/200], cls_loss: 0.2469, transfer_loss: 0.0206,person_loss: -1.9784, total_Loss: 0.0593
trian begin
trian end
n_person 578
SAMPLE
F1_MI: 0.9539254319490755 F1_MA: 0.509152807821165 ACC_MI: 0.9539254319490755 F1_MA: 0.5243112791213498
BEST_F1_MI: 0.9608972415883601 BEST_F1_MA: 0.5383075542500191 BEST_ACC_MI: 0.9608972415883601 BEST_F1_MA: 0.6529736841277728
[[3077    6    2    0]
 [  16   27   25    7]
 [  15   20   32   37]
 [   5    3   16   11]]
Epoch: [66/200], cls_loss: 0.2686, transfer_loss: 0.0204,person_loss: -1.9765, total_Loss: 0.0812
trian begin
trian end
n_person 578
SAMPLE
F1_MI: 0.9472567444680207 F1_MA: 0.5083354338013104 ACC_MI: 0.9472567444680207 F1_MA: 0.5057908163265307
BEST_F1_MI: 0.9608972415883601 BEST_F1_MA: 0.5383075542500191 BEST_ACC_MI: 0.9608972415883601 BEST_F1_MA: 0.6529736841277728
[[3069   10    3    3]
 [  15   20   10   30]
 [  13   14   13   64]
 [   3    5    4   23]]
Epoch: [67/200], cls_loss: 0.2645, transfer_loss: 0.0206,person_loss: -1.9766, total_Loss: 0.0772
trian begin
trian end
n_person 578
SAMPLE
F1_MI: 0.03091846013943619 F1_MA: 0.2888975613070284 ACC_MI: 0.030918460139436194 F1_MA: 0.35171266197336615
BEST_F1_MI: 0.9608972415883601 BEST_F1_MA: 0.5383075542500191 BEST_ACC_MI: 0.9608972415883601 BEST_F1_MA: 0.6529736841277728
[[  36 3046    3    0]
 [  10   44   14    7]
 [   0   80   13   11]
 [   3   13   10    9]]
Epoch: [68/200], cls_loss: 0.2581, transfer_loss: 0.0229,person_loss: -1.9777, total_Loss: 0.0718
trian begin
trian end
n_person 578
SAMPLE
F1_MI: 0.9305850257653835 F1_MA: 0.4640235298160094 ACC_MI: 0.9305850257653835 F1_MA: 0.4175402420552516
BEST_F1_MI: 0.9608972415883601 BEST_F1_MA: 0.5383075542500191 BEST_ACC_MI: 0.9608972415883601 BEST_F1_MA: 0.6529736841277728
[[3008   57   18    2]
 [   8   27   15   25]
 [   2   22   13   67]
 [   2    1   10   22]]
Epoch: [69/200], cls_loss: 0.2788, transfer_loss: 0.0247,person_loss: -1.9764, total_Loss: 0.0935
trian begin
trian end
n_person 578
SAMPLE
F1_MI: 0.9321006365565323 F1_MA: 0.4780344244973036 ACC_MI: 0.9321006365565323 F1_MA: 0.4585592588221368
BEST_F1_MI: 0.9608972415883601 BEST_F1_MA: 0.5383075542500191 BEST_ACC_MI: 0.9608972415883601 BEST_F1_MA: 0.6529736841277728
[[3014   70    1    0]
 [  15   35    3   22]
 [  12   34   10   48]
 [   3    6   10   16]]
Epoch: [70/200], cls_loss: 0.2477, transfer_loss: 0.0212,person_loss: -1.9741, total_Loss: 0.0609
trian begin
trian end
n_person 578
SAMPLE
F1_MI: 0.9457411336768717 F1_MA: 0.4857240765212399 ACC_MI: 0.9457411336768717 F1_MA: 0.6188390425309029
BEST_F1_MI: 0.9608972415883601 BEST_F1_MA: 0.5383075542500191 BEST_ACC_MI: 0.9608972415883601 BEST_F1_MA: 0.6529736841277728
[[3082    1    0    2]
 [  42    7   11   15]
 [  46    0   20   38]
 [  12    0   12   11]]
Epoch: [71/200], cls_loss: 0.2596, transfer_loss: 0.0254,person_loss: -1.9797, total_Loss: 0.0743
trian begin
trian end
n_person 578
SAMPLE
F1_MI: 0.9184601394361928 F1_MA: 0.44068658714237907 ACC_MI: 0.9184601394361928 F1_MA: 0.3851110343589126
BEST_F1_MI: 0.9608972415883601 BEST_F1_MA: 0.5383075542500191 BEST_ACC_MI: 0.9608972415883601 BEST_F1_MA: 0.6529736841277728
[[2980   30   35   40]
 [  12   12    5   46]
 [   3    8    8   85]
 [   2    0    3   30]]
Epoch: [72/200], cls_loss: 0.2567, transfer_loss: 0.0210,person_loss: -1.9776, total_Loss: 0.0694
[[3075    0   10    0]
 [  19    0   56    0]
 [  23    0   81    0]
 [   4    0   26    5]]
[[3082    1    2    0]
 [  21    2   52    0]
 [  18    0   86    0]
 [   5    0   30    0]]
ARG: Namespace(backbone='resnet50', batch_size=32, config='DAN/DAN.yaml', data_dir='data', device=device(type='cuda'), early_stop=50, epoch_based_training=False, lr=0.003, lr_decay=0.75, lr_gamma=0.0003, lr_scheduler=True, max_iter=20600, method='True', momentum=0.9, myweight=0.1, n_class=4, n_epoch=200, n_iter_per_epoch=103, num_workers=3, seed=1, src_domain='45', tgt_domain='own', tname='transfer', transfer_loss='mmd', transfer_loss_weight=0.5, use_bottleneck=True, weight_decay=0.0005)
