coral 1 45 own DeepCoral/DeepCoral.yaml False
Namespace(backbone='resnet50', batch_size=32, config='DeepCoral/DeepCoral.yaml', data_dir='data', device=device(type='cuda'), early_stop=50, epoch_based_training=False, lr=0.003, lr_decay=0.75, lr_gamma=0.0003, lr_scheduler=True, method='False', momentum=0.9, myweight=0.1, n_epoch=200, n_iter_per_epoch=100, num_workers=3, seed=1, src_domain='45', tgt_domain='own', tname='transfer', transfer_loss='coral', transfer_loss_weight=10.0, use_bottleneck=True, weight_decay=0.0005)
JUST DO IT
run my Parkinson code
transfer
TRAIN Length: 56845 1995 TEST Length: 3299 578
YYY: 0 3
DATA_PROFILE   train: 56845 train2: 3299 test: 3299
DATASET.SHAPE: <data_loader.GetTrainLoader object at 0x7fc21086e2b0> True
DATASET.SHAPE: <data_loader.GetTrainLoader object at 0x7fc21086eb50> True
DATASET.SHAPE: <data_loader.GetTestLoader object at 0x7fc208463430> False
CLASS: 4 578
LLL: {}
BOTTLENECK_LIST: [Linear(in_features=512, out_features=256, bias=True), ReLU()]
TYPE: {'loss_type': 'coral', 'max_iter': 20600, 'num_class': 4, 'my_person_item': <my_person_item.PersonItem object at 0x7fc3501b7700>}
initial_lr 1.0
transfer_world
method False <class 'str'>
1.8.1+cu111
True
LEN: 0 0
LOADER: <data_loader.InfiniteDataLoader object at 0x7fc21086e370> <data_loader.InfiniteDataLoader object at 0x7fc208463880>
N_batch: 103
trian begin
trian end
n_person 578
SAMPLE
F1_MI: 0.9569566535313732 F1_MA: 0.3956741160599315 ACC_MI: 0.9569566535313732 F1_MA: 0.36809357467979253
BEST_F1_MI: 0.9569566535313732 BEST_F1_MA: 0.3956741160599315 BEST_ACC_MI: 0.9569566535313732 BEST_F1_MA: 0.36809357467979253
[[3083    0    2    0]
 [  26    0   49    0]
 [  30    0   74    0]
 [  10    0   25    0]]
Epoch: [ 1/200], cls_loss: 0.5750, transfer_loss: 0.0013,person_loss: 0.0000, total_Loss: 0.5883
trian begin
trian end
n_person 578
SAMPLE
F1_MI: 0.9384662018793574 F1_MA: 0.3252578050936466 ACC_MI: 0.9384662018793574 F1_MA: 0.3220103497092134
BEST_F1_MI: 0.9569566535313732 BEST_F1_MA: 0.3956741160599315 BEST_ACC_MI: 0.9569566535313732 BEST_F1_MA: 0.36809357467979253
[[3085    0    0    0]
 [  74    0    0    1]
 [  84    0    0   20]
 [  24    0    0   11]]
Epoch: [ 2/200], cls_loss: 0.4950, transfer_loss: 0.0006,person_loss: 0.0000, total_Loss: 0.5007
trian begin
trian end
n_person 578
SAMPLE
F1_MI: 0.9381630797211277 F1_MA: 0.301936218179779 ACC_MI: 0.9381630797211277 F1_MA: 0.2744422853952849
BEST_F1_MI: 0.9569566535313732 BEST_F1_MA: 0.3956741160599315 BEST_ACC_MI: 0.9569566535313732 BEST_F1_MA: 0.36809357467979253
[[3083    0    0    2]
 [  33    0    0   42]
 [  73    0    0   31]
 [  23    0    0   12]]
Epoch: [ 3/200], cls_loss: 0.4595, transfer_loss: 0.0002,person_loss: 0.0000, total_Loss: 0.4617
trian begin
trian end
n_person 578
SAMPLE
F1_MI: 0.9508942103667778 F1_MA: 0.37836645580249684 ACC_MI: 0.9508942103667778 F1_MA: 0.3817939019264923
BEST_F1_MI: 0.9569566535313732 BEST_F1_MA: 0.3956741160599315 BEST_ACC_MI: 0.9569566535313732 BEST_F1_MA: 0.3817939019264923
[[3085    0    0    0]
 [  54    0   21    0]
 [  52    0   52    0]
 [  16    0   19    0]]
Epoch: [ 4/200], cls_loss: 0.4174, transfer_loss: 0.0002,person_loss: 0.0000, total_Loss: 0.4199
trian begin
trian end
n_person 578
SAMPLE
F1_MI: 0.9575628978478327 F1_MA: 0.4000710890506194 ACC_MI: 0.9575628978478327 F1_MA: 0.3655299554148408
BEST_F1_MI: 0.9575628978478327 BEST_F1_MA: 0.4000710890506194 BEST_ACC_MI: 0.9575628978478327 BEST_F1_MA: 0.3817939019264923
[[3079    0    6    0]
 [  22    0   53    0]
 [  24    0   80    0]
 [   7    0   28    0]]
Epoch: [ 5/200], cls_loss: 0.4330, transfer_loss: 0.0002,person_loss: 0.0000, total_Loss: 0.4354
trian begin
trian end
n_person 578
SAMPLE
F1_MI: 0.7678084267959988 F1_MA: 0.3426382789908319 ACC_MI: 0.7678084267959988 F1_MA: 0.27875144414137665
BEST_F1_MI: 0.9575628978478327 BEST_F1_MA: 0.4000710890506194 BEST_ACC_MI: 0.9575628978478327 BEST_F1_MA: 0.3817939019264923
[[2430    0  655    0]
 [  10    0   65    0]
 [   1    0  103    0]
 [   2    0   33    0]]
Epoch: [ 6/200], cls_loss: 0.4250, transfer_loss: 0.0001,person_loss: 0.0000, total_Loss: 0.4263
trian begin
trian end
n_person 578
SAMPLE
F1_MI: 0.9524098211579266 F1_MA: 0.438565721391275 ACC_MI: 0.9524098211579266 F1_MA: 0.4189955285851166
BEST_F1_MI: 0.9575628978478327 BEST_F1_MA: 0.438565721391275 BEST_ACC_MI: 0.9575628978478327 BEST_F1_MA: 0.4189955285851166
[[3076    0    9    0]
 [  25    0   42    8]
 [  24    0   55   25]
 [   6    0   18   11]]
Epoch: [ 7/200], cls_loss: 0.4121, transfer_loss: 0.0001,person_loss: 0.0000, total_Loss: 0.4132
trian begin
trian end
n_person 578
SAMPLE
F1_MI: 0.9408911791451955 F1_MA: 0.3787374975645738 ACC_MI: 0.9408911791451955 F1_MA: 0.31913439115225983
BEST_F1_MI: 0.9575628978478327 BEST_F1_MA: 0.438565721391275 BEST_ACC_MI: 0.9575628978478327 BEST_F1_MA: 0.4189955285851166
[[3073    0    3    9]
 [  19    0    3   53]
 [  10    0    1   93]
 [   4    0    1   30]]
Epoch: [ 8/200], cls_loss: 0.4059, transfer_loss: 0.0001,person_loss: 0.0000, total_Loss: 0.4072
trian begin
trian end
n_person 578
SAMPLE
F1_MI: 0.955744164898454 F1_MA: 0.40448916614730684 ACC_MI: 0.955744164898454 F1_MA: 0.35817270974147475
BEST_F1_MI: 0.9575628978478327 BEST_F1_MA: 0.438565721391275 BEST_ACC_MI: 0.9575628978478327 BEST_F1_MA: 0.4189955285851166
[[3063    0   22    0]
 [  16    0   59    0]
 [  14    0   90    0]
 [   3    0   32    0]]
Epoch: [ 9/200], cls_loss: 0.3858, transfer_loss: 0.0001,person_loss: 0.0000, total_Loss: 0.3869
trian begin
trian end
n_person 578
SAMPLE
F1_MI: 0.9424067899363443 F1_MA: 0.42249031261449826 ACC_MI: 0.9424067899363443 F1_MA: 0.3825234535681106
BEST_F1_MI: 0.9575628978478327 BEST_F1_MA: 0.438565721391275 BEST_ACC_MI: 0.9575628978478327 BEST_F1_MA: 0.4189955285851166
[[3047    0   37    1]
 [  16    0   23   36]
 [  11    0   46   47]
 [   4    0   15   16]]
Epoch: [10/200], cls_loss: 0.3798, transfer_loss: 0.0001,person_loss: 0.0000, total_Loss: 0.3807
trian begin
trian end
n_person 578
SAMPLE
F1_MI: 0.9563504092149137 F1_MA: 0.4862199433146376 ACC_MI: 0.9563504092149137 F1_MA: 0.45185728979286516
BEST_F1_MI: 0.9575628978478327 BEST_F1_MA: 0.4862199433146376 BEST_ACC_MI: 0.9575628978478327 BEST_F1_MA: 0.45185728979286516
[[3063    0   22    0]
 [  15    0   59    1]
 [   5    0   80   19]
 [   2    0   21   12]]
Epoch: [11/200], cls_loss: 0.4039, transfer_loss: 0.0001,person_loss: 0.0000, total_Loss: 0.4050
trian begin
trian end
n_person 578
SAMPLE
F1_MI: 0.9527129433161564 F1_MA: 0.45691911133417246 ACC_MI: 0.9527129433161564 F1_MA: 0.4208745402923074
BEST_F1_MI: 0.9575628978478327 BEST_F1_MA: 0.4862199433146376 BEST_ACC_MI: 0.9575628978478327 BEST_F1_MA: 0.45185728979286516
[[3062    0   23    0]
 [  15    0   58    2]
 [   7    0   69   28]
 [   3    0   20   12]]
Epoch: [12/200], cls_loss: 0.4106, transfer_loss: 0.0001,person_loss: 0.0000, total_Loss: 0.4116
trian begin
trian end
n_person 578
SAMPLE
F1_MI: 0.9515004546832373 F1_MA: 0.3871567206790662 ACC_MI: 0.9515004546832373 F1_MA: 0.38753807221002334
BEST_F1_MI: 0.9575628978478327 BEST_F1_MA: 0.4862199433146376 BEST_ACC_MI: 0.9575628978478327 BEST_F1_MA: 0.45185728979286516
[[3082    0    3    0]
 [  48    0   27    0]
 [  47    0   57    0]
 [  25    0   10    0]]
Epoch: [13/200], cls_loss: 0.3727, transfer_loss: 0.0001,person_loss: 0.0000, total_Loss: 0.3739
trian begin
trian end
n_person 578
SAMPLE
F1_MI: 0.9408911791451955 F1_MA: 0.38081867857036933 ACC_MI: 0.9408911791451955 F1_MA: 0.3358523096942095
BEST_F1_MI: 0.9575628978478327 BEST_F1_MA: 0.4862199433146376 BEST_ACC_MI: 0.9575628978478327 BEST_F1_MA: 0.45185728979286516
[[3023    0   62    0]
 [  19    0   56    0]
 [  23    0   81    0]
 [   9    0   26    0]]
Epoch: [14/200], cls_loss: 0.4050, transfer_loss: 0.0001,person_loss: 0.0000, total_Loss: 0.4058
trian begin
trian end
n_person 578
SAMPLE
F1_MI: 0.9478629887844802 F1_MA: 0.360921119248159 ACC_MI: 0.9478629887844802 F1_MA: 0.36639630838379067
BEST_F1_MI: 0.9575628978478327 BEST_F1_MA: 0.4862199433146376 BEST_ACC_MI: 0.9575628978478327 BEST_F1_MA: 0.45185728979286516
[[3083    0    2    0]
 [  51    0   24    0]
 [  60    0   44    0]
 [  18    0   17    0]]
Epoch: [15/200], cls_loss: 0.3874, transfer_loss: 0.0001,person_loss: 0.0000, total_Loss: 0.3882
trian begin
trian end
n_person 578
SAMPLE
F1_MI: 0.9411943013034253 F1_MA: 0.3370171061286683 ACC_MI: 0.9411943013034253 F1_MA: 0.3876602831746739
BEST_F1_MI: 0.9575628978478327 BEST_F1_MA: 0.4862199433146376 BEST_ACC_MI: 0.9575628978478327 BEST_F1_MA: 0.45185728979286516
[[3085    0    0    0]
 [  69    0    6    0]
 [  84    0   20    0]
 [  28    0    7    0]]
Epoch: [16/200], cls_loss: 0.3897, transfer_loss: 0.0001,person_loss: 0.0000, total_Loss: 0.3907
trian begin
trian end
n_person 578
SAMPLE
F1_MI: 0.941497423461655 F1_MA: 0.3745534663081754 ACC_MI: 0.941497423461655 F1_MA: 0.3342479219360067
BEST_F1_MI: 0.9575628978478327 BEST_F1_MA: 0.4862199433146376 BEST_ACC_MI: 0.9575628978478327 BEST_F1_MA: 0.45185728979286516
[[3031    0   54    0]
 [  19    0   56    0]
 [  29    0   75    0]
 [   9    0   26    0]]
Epoch: [17/200], cls_loss: 0.3804, transfer_loss: 0.0001,person_loss: 0.0000, total_Loss: 0.3815
trian begin
trian end
n_person 578
SAMPLE
F1_MI: 0.9287662928160049 F1_MA: 0.3658709969382232 ACC_MI: 0.9287662928160049 F1_MA: 0.31996577169274537
BEST_F1_MI: 0.9575628978478327 BEST_F1_MA: 0.4862199433146376 BEST_ACC_MI: 0.9575628978478327 BEST_F1_MA: 0.45185728979286516
[[2987    0   98    0]
 [  19    0   56    0]
 [  27    0   77    0]
 [   7    0   28    0]]
Epoch: [18/200], cls_loss: 0.4058, transfer_loss: 0.0001,person_loss: 0.0000, total_Loss: 0.4065
trian begin
trian end
n_person 578
SAMPLE
F1_MI: 0.17550772961503486 F1_MA: 0.23260580320906987 ACC_MI: 0.17550772961503486 F1_MA: 0.2324664799142517
BEST_F1_MI: 0.9575628978478327 BEST_F1_MA: 0.4862199433146376 BEST_ACC_MI: 0.9575628978478327 BEST_F1_MA: 0.45185728979286516
[[ 499    0 2586    0]
 [  24    0   51    0]
 [  24    0   80    0]
 [   7    0   28    0]]
Epoch: [19/200], cls_loss: 0.3998, transfer_loss: 0.0001,person_loss: 0.0000, total_Loss: 0.4008
trian begin
trian end
n_person 578
SAMPLE
F1_MI: 0.9411943013034253 F1_MA: 0.3425405976477503 ACC_MI: 0.9411943013034253 F1_MA: 0.40259508514326503
BEST_F1_MI: 0.9575628978478327 BEST_F1_MA: 0.4862199433146376 BEST_ACC_MI: 0.9575628978478327 BEST_F1_MA: 0.45185728979286516
[[3085    0    0    0]
 [  72    0    3    0]
 [  84    0   20    0]
 [  28    0    7    0]]
Epoch: [20/200], cls_loss: 0.3844, transfer_loss: 0.0001,person_loss: 0.0000, total_Loss: 0.3853
trian begin
trian end
n_person 578
SAMPLE
F1_MI: 0.8335859351318582 F1_MA: 0.34881259520606755 ACC_MI: 0.8335859351318582 F1_MA: 0.2864679680508269
BEST_F1_MI: 0.9575628978478327 BEST_F1_MA: 0.4862199433146376 BEST_ACC_MI: 0.9575628978478327 BEST_F1_MA: 0.45185728979286516
[[2654    0  431    0]
 [  12    0   63    0]
 [   8    0   96    0]
 [   2    0   33    0]]
Epoch: [21/200], cls_loss: 0.3641, transfer_loss: 0.0001,person_loss: 0.0000, total_Loss: 0.3650
trian begin
trian end
n_person 578
SAMPLE
F1_MI: 0.927250682024856 F1_MA: 0.3910227992002463 ACC_MI: 0.927250682024856 F1_MA: 0.358910729849656
BEST_F1_MI: 0.9575628978478327 BEST_F1_MA: 0.4862199433146376 BEST_ACC_MI: 0.9575628978478327 BEST_F1_MA: 0.45185728979286516
[[2989    0   81   15]
 [  22    0   51    2]
 [  34    0   66    4]
 [   6    0   25    4]]
Epoch: [22/200], cls_loss: 0.3782, transfer_loss: 0.0001,person_loss: 0.0000, total_Loss: 0.3790
trian begin
trian end
n_person 578
SAMPLE
F1_MI: 0.9390724461958169 F1_MA: 0.3979252124416507 ACC_MI: 0.9390724461958169 F1_MA: 0.35049591883720527
BEST_F1_MI: 0.9575628978478327 BEST_F1_MA: 0.4862199433146376 BEST_ACC_MI: 0.9575628978478327 BEST_F1_MA: 0.45185728979286516
[[3010    0   57   18]
 [  17    0   58    0]
 [  10    0   87    7]
 [   3    0   31    1]]
Epoch: [23/200], cls_loss: 0.3626, transfer_loss: 0.0001,person_loss: 0.0000, total_Loss: 0.3634
trian begin
trian end
n_person 578
SAMPLE
F1_MI: 0.9360412246135192 F1_MA: 0.29261963772499455 ACC_MI: 0.9360412246135192 F1_MA: 0.3314224775833551
BEST_F1_MI: 0.9575628978478327 BEST_F1_MA: 0.4862199433146376 BEST_ACC_MI: 0.9575628978478327 BEST_F1_MA: 0.45185728979286516
[[3085    0    0    0]
 [  73    0    0    2]
 [  95    0    2    7]
 [  29    0    5    1]]
Epoch: [24/200], cls_loss: 0.3757, transfer_loss: 0.0001,person_loss: 0.0000, total_Loss: 0.3767
trian begin
trian end
n_person 578
SAMPLE
F1_MI: 0.018490451652015762 F1_MA: 0.21236019537012196 ACC_MI: 0.018490451652015762 F1_MA: 0.19171831242646695
BEST_F1_MI: 0.9575628978478327 BEST_F1_MA: 0.4862199433146376 BEST_ACC_MI: 0.9575628978478327 BEST_F1_MA: 0.45185728979286516
[[  28    0    0 3057]
 [   6    0    0   69]
 [   1    0    0  103]
 [   2    0    0   33]]
Epoch: [25/200], cls_loss: 0.3882, transfer_loss: 0.0001,person_loss: 0.0000, total_Loss: 0.3893
trian begin
trian end
n_person 578
SAMPLE
F1_MI: 0.9460442558351014 F1_MA: 0.4065719513489027 ACC_MI: 0.9460442558351015 F1_MA: 0.3704837437731839
BEST_F1_MI: 0.9575628978478327 BEST_F1_MA: 0.4862199433146376 BEST_ACC_MI: 0.9575628978478327 BEST_F1_MA: 0.45185728979286516
[[3038    0   46    1]
 [  18    0   56    1]
 [  16    0   82    6]
 [   4    0   30    1]]
Epoch: [26/200], cls_loss: 0.3757, transfer_loss: 0.0001,person_loss: 0.0000, total_Loss: 0.3766
trian begin
trian end
n_person 578
SAMPLE
F1_MI: 0.9387693240375872 F1_MA: 0.344426094875957 ACC_MI: 0.9387693240375872 F1_MA: 0.38142786166902864
BEST_F1_MI: 0.9575628978478327 BEST_F1_MA: 0.4862199433146376 BEST_ACC_MI: 0.9575628978478327 BEST_F1_MA: 0.45185728979286516
[[3076    0    3    6]
 [  58    0    8    9]
 [  74    0   18   12]
 [  23    0    9    3]]
Epoch: [27/200], cls_loss: 0.3685, transfer_loss: 0.0001,person_loss: 0.0000, total_Loss: 0.3697
trian begin
trian end
n_person 578
SAMPLE
F1_MI: 0.5392543194907548 F1_MA: 0.34167626227823894 ACC_MI: 0.5392543194907548 F1_MA: 0.3064721887850889
BEST_F1_MI: 0.9575628978478327 BEST_F1_MA: 0.4862199433146376 BEST_ACC_MI: 0.9575628978478327 BEST_F1_MA: 0.45185728979286516
[[1681    0 1400    4]
 [  10    0   59    6]
 [   5    0   95    4]
 [   3    0   29    3]]
Epoch: [28/200], cls_loss: 0.3447, transfer_loss: 0.0001,person_loss: 0.0000, total_Loss: 0.3458
trian begin
trian end
n_person 578
SAMPLE
F1_MI: 0.9433161564110336 F1_MA: 0.3549896396064584 ACC_MI: 0.9433161564110336 F1_MA: 0.38876868063845776
BEST_F1_MI: 0.9575628978478327 BEST_F1_MA: 0.4862199433146376 BEST_ACC_MI: 0.9575628978478327 BEST_F1_MA: 0.45185728979286516
[[3082    0    2    1]
 [  57    0   12    6]
 [  71    0   29    4]
 [  21    0   13    1]]
Epoch: [29/200], cls_loss: 0.3732, transfer_loss: 0.0001,person_loss: 0.0000, total_Loss: 0.3742
trian begin
trian end
n_person 578
SAMPLE
F1_MI: 0.9278569263413156 F1_MA: 0.4222375178106523 ACC_MI: 0.9278569263413156 F1_MA: 0.44516645988420184
BEST_F1_MI: 0.9575628978478327 BEST_F1_MA: 0.4862199433146376 BEST_ACC_MI: 0.9575628978478327 BEST_F1_MA: 0.45185728979286516
[[3030    0   38   17]
 [  20    1   40   14]
 [  34    1   13   56]
 [  16    0    2   17]]
Epoch: [30/200], cls_loss: 0.3795, transfer_loss: 0.0001,person_loss: 0.0000, total_Loss: 0.3803
trian begin
trian end
n_person 578
SAMPLE
F1_MI: 0.03213094877235526 F1_MA: 0.19059301562013226 ACC_MI: 0.03213094877235526 F1_MA: 0.21628288050532143
BEST_F1_MI: 0.9575628978478327 BEST_F1_MA: 0.4862199433146376 BEST_ACC_MI: 0.9575628978478327 BEST_F1_MA: 0.45185728979286516
[[  69    0 2982   34]
 [  11    0   28   36]
 [   9    0   21   74]
 [   2    0   17   16]]
Epoch: [31/200], cls_loss: 0.3509, transfer_loss: 0.0001,person_loss: 0.0000, total_Loss: 0.3518
trian begin
trian end
n_person 578
SAMPLE
F1_MI: 0.8793573810245529 F1_MA: 0.3505085301573799 ACC_MI: 0.8793573810245529 F1_MA: 0.2935208730663276
BEST_F1_MI: 0.9575628978478327 BEST_F1_MA: 0.4862199433146376 BEST_ACC_MI: 0.9575628978478327 BEST_F1_MA: 0.45185728979286516
[[2868    0   42  175]
 [  15    0    9   51]
 [  19    0    7   78]
 [   2    0    7   26]]
Epoch: [32/200], cls_loss: 0.3675, transfer_loss: 0.0001,person_loss: 0.0000, total_Loss: 0.3687
trian begin
trian end
n_person 578
SAMPLE
F1_MI: 0.9554410427402243 F1_MA: 0.42309635366795906 ACC_MI: 0.9554410427402243 F1_MA: 0.40235967902368847
BEST_F1_MI: 0.9575628978478327 BEST_F1_MA: 0.4862199433146376 BEST_ACC_MI: 0.9575628978478327 BEST_F1_MA: 0.45185728979286516
[[3074    0   10    1]
 [  19    0   50    6]
 [  25    0   76    3]
 [   3    0   30    2]]
Epoch: [33/200], cls_loss: 0.3633, transfer_loss: 0.0001,person_loss: 0.0000, total_Loss: 0.3641
trian begin
trian end
n_person 578
SAMPLE
F1_MI: 0.9387693240375872 F1_MA: 0.32945353215557 ACC_MI: 0.9387693240375872 F1_MA: 0.33273488854636973
BEST_F1_MI: 0.9575628978478327 BEST_F1_MA: 0.4862199433146376 BEST_ACC_MI: 0.9575628978478327 BEST_F1_MA: 0.45185728979286516
[[3085    0    0    0]
 [  69    0    1    5]
 [  66    0    2   36]
 [  17    0    8   10]]
Epoch: [34/200], cls_loss: 0.3379, transfer_loss: 0.0001,person_loss: 0.0000, total_Loss: 0.3388
trian begin
trian end
n_person 578
SAMPLE
F1_MI: 0.9421036677781146 F1_MA: 0.3286161767005504 ACC_MI: 0.9421036677781146 F1_MA: 0.330786732054848
BEST_F1_MI: 0.9575628978478327 BEST_F1_MA: 0.4862199433146376 BEST_ACC_MI: 0.9575628978478327 BEST_F1_MA: 0.45185728979286516
[[3082    0    1    2]
 [  33    0   35    7]
 [  49    0   23   32]
 [  10    0   22    3]]
Epoch: [35/200], cls_loss: 0.3569, transfer_loss: 0.0001,person_loss: 0.0000, total_Loss: 0.3577
trian begin
trian end
n_person 578
SAMPLE
F1_MI: 0.940284934828736 F1_MA: 0.3302509790094052 ACC_MI: 0.940284934828736 F1_MA: 0.2972923336928551
BEST_F1_MI: 0.9575628978478327 BEST_F1_MA: 0.4862199433146376 BEST_ACC_MI: 0.9575628978478327 BEST_F1_MA: 0.45185728979286516
[[3085    0    0    0]
 [  61    0    0   14]
 [  62    0    0   42]
 [  18    0    0   17]]
Epoch: [36/200], cls_loss: 0.3451, transfer_loss: 0.0001,person_loss: 0.0000, total_Loss: 0.3463
trian begin
trian end
n_person 578
SAMPLE
F1_MI: 0.9393755683540467 F1_MA: 0.36669261267910536 ACC_MI: 0.9393755683540467 F1_MA: 0.3601212389868117
BEST_F1_MI: 0.9575628978478327 BEST_F1_MA: 0.4862199433146376 BEST_ACC_MI: 0.9575628978478327 BEST_F1_MA: 0.45185728979286516
[[3081    0    0    4]
 [  31    0    0   44]
 [  41    1    1   61]
 [  16    0    2   17]]
Epoch: [37/200], cls_loss: 0.3248, transfer_loss: 0.0001,person_loss: 0.0000, total_Loss: 0.3256
trian begin
trian end
n_person 578
SAMPLE
F1_MI: 0.18551076083661716 F1_MA: 0.2735508166537467 ACC_MI: 0.18551076083661716 F1_MA: 0.2698650746115771
BEST_F1_MI: 0.9575628978478327 BEST_F1_MA: 0.4862199433146376 BEST_ACC_MI: 0.9575628978478327 BEST_F1_MA: 0.45185728979286516
[[ 578  426 1955  126]
 [   6    2    0   67]
 [   5    0    1   98]
 [   2    0    2   31]]
Epoch: [38/200], cls_loss: 0.3356, transfer_loss: 0.0001,person_loss: 0.0000, total_Loss: 0.3368
trian begin
trian end
n_person 578
SAMPLE
F1_MI: 0.9405880569869658 F1_MA: 0.46384716774181534 ACC_MI: 0.9405880569869658 F1_MA: 0.5706005575303035
BEST_F1_MI: 0.9575628978478327 BEST_F1_MA: 0.4862199433146376 BEST_ACC_MI: 0.9575628978478327 BEST_F1_MA: 0.5706005575303035
[[3074    3    3    5]
 [  29    6    0   40]
 [  37    1    9   57]
 [  18    1    2   14]]
Epoch: [39/200], cls_loss: 0.3420, transfer_loss: 0.0001,person_loss: 0.0000, total_Loss: 0.3428
trian begin
trian end
n_person 578
SAMPLE
F1_MI: 0.945438011518642 F1_MA: 0.47550873668776006 ACC_MI: 0.945438011518642 F1_MA: 0.5512680551962879
BEST_F1_MI: 0.9575628978478327 BEST_F1_MA: 0.4862199433146376 BEST_ACC_MI: 0.9575628978478327 BEST_F1_MA: 0.5706005575303035
[[3080    1    1    3]
 [  32    9    0   34]
 [  39   10   16   39]
 [  12    2    7   14]]
Epoch: [40/200], cls_loss: 0.3400, transfer_loss: 0.0001,person_loss: 0.0000, total_Loss: 0.3407
trian begin
trian end
n_person 578
SAMPLE
F1_MI: 0.9496817217338588 F1_MA: 0.4702277031652298 ACC_MI: 0.9496817217338588 F1_MA: 0.49298571821992415
BEST_F1_MI: 0.9575628978478327 BEST_F1_MA: 0.4862199433146376 BEST_ACC_MI: 0.9575628978478327 BEST_F1_MA: 0.5706005575303035
[[3065   13    6    1]
 [  19   15   29   12]
 [  30   18   48    8]
 [  12    1   17    5]]
Epoch: [41/200], cls_loss: 0.3352, transfer_loss: 0.0001,person_loss: 0.0000, total_Loss: 0.3359
trian begin
trian end
n_person 578
SAMPLE
F1_MI: 0.9408911791451955 F1_MA: 0.4520506482866463 ACC_MI: 0.9408911791451955 F1_MA: 0.6274655659544411
BEST_F1_MI: 0.9575628978478327 BEST_F1_MA: 0.4862199433146376 BEST_ACC_MI: 0.9575628978478327 BEST_F1_MA: 0.6274655659544411
[[3083    2    0    0]
 [  64    6    0    5]
 [  66   20    5   13]
 [  23    2    0   10]]
Epoch: [42/200], cls_loss: 0.3275, transfer_loss: 0.0001,person_loss: 0.0000, total_Loss: 0.3283
trian begin
trian end
n_person 578
SAMPLE
F1_MI: 0.92209760533495 F1_MA: 0.37192438327305016 ACC_MI: 0.92209760533495 F1_MA: 0.3467516950839214
BEST_F1_MI: 0.9575628978478327 BEST_F1_MA: 0.4862199433146376 BEST_ACC_MI: 0.9575628978478327 BEST_F1_MA: 0.6274655659544411
[[3013   37   22   13]
 [  17    2    2   54]
 [  11    6    9   78]
 [   6    8    3   18]]
Epoch: [43/200], cls_loss: 0.3433, transfer_loss: 0.0001,person_loss: 0.0000, total_Loss: 0.3441
trian begin
trian end
n_person 578
SAMPLE
F1_MI: 0.9030009093664747 F1_MA: 0.35335213254452935 ACC_MI: 0.9030009093664747 F1_MA: 0.3031725882988632
BEST_F1_MI: 0.9575628978478327 BEST_F1_MA: 0.4862199433146376 BEST_ACC_MI: 0.9575628978478327 BEST_F1_MA: 0.6274655659544411
[[2950   67   32   36]
 [  15    1    4   55]
 [  10    2    4   88]
 [   7    0    4   24]]
Epoch: [44/200], cls_loss: 0.3251, transfer_loss: 0.0001,person_loss: 0.0000, total_Loss: 0.3262
trian begin
trian end
n_person 578
SAMPLE
F1_MI: 0.8735980600181873 F1_MA: 0.41916085706821204 ACC_MI: 0.8735980600181873 F1_MA: 0.44845172323072874
BEST_F1_MI: 0.9575628978478327 BEST_F1_MA: 0.4862199433146376 BEST_ACC_MI: 0.9575628978478327 BEST_F1_MA: 0.6274655659544411
[[2856  157    2   70]
 [  17    0    0   58]
 [  14    9    5   76]
 [   9    5    0   21]]
Epoch: [45/200], cls_loss: 0.3329, transfer_loss: 0.0001,person_loss: 0.0000, total_Loss: 0.3338
trian begin
trian end
n_person 578
SAMPLE
F1_MI: 0.02546226129130039 F1_MA: 0.2267791128067109 ACC_MI: 0.025462261291300393 F1_MA: 0.22141299602756365
BEST_F1_MI: 0.9575628978478327 BEST_F1_MA: 0.4862199433146376 BEST_ACC_MI: 0.9575628978478327 BEST_F1_MA: 0.6274655659544411
[[  44    7 3002   32]
 [  11    0    7   57]
 [   2    1   12   89]
 [   2    1    4   28]]
Epoch: [46/200], cls_loss: 0.3230, transfer_loss: 0.0001,person_loss: 0.0000, total_Loss: 0.3241
trian begin
trian end
n_person 578
SAMPLE
F1_MI: 0.9433161564110336 F1_MA: 0.34592926645866645 ACC_MI: 0.9433161564110336 F1_MA: 0.36196163649434676
BEST_F1_MI: 0.9575628978478327 BEST_F1_MA: 0.4862199433146376 BEST_ACC_MI: 0.9575628978478327 BEST_F1_MA: 0.6274655659544411
[[3080    0    5    0]
 [  41    0   30    4]
 [  67    0   31    6]
 [  22    0   12    1]]
Epoch: [47/200], cls_loss: 0.3087, transfer_loss: 0.0001,person_loss: 0.0000, total_Loss: 0.3096
trian begin
trian end
n_person 578
SAMPLE
F1_MI: 0.24189148226735374 F1_MA: 0.24370880261686356 ACC_MI: 0.24189148226735374 F1_MA: 0.2721083061769714
BEST_F1_MI: 0.9575628978478327 BEST_F1_MA: 0.4862199433146376 BEST_ACC_MI: 0.9575628978478327 BEST_F1_MA: 0.6274655659544411
[[ 770   83 2218   14]
 [  15    1    6   53]
 [  22    8    8   66]
 [   4    4    8   19]]
Epoch: [48/200], cls_loss: 0.3409, transfer_loss: 0.0001,person_loss: 0.0000, total_Loss: 0.3421
trian begin
trian end
n_person 578
SAMPLE
F1_MI: 0.9530160654743862 F1_MA: 0.4857376349343526 ACC_MI: 0.9530160654743862 F1_MA: 0.5535754378087113
BEST_F1_MI: 0.9575628978478327 BEST_F1_MA: 0.4862199433146376 BEST_ACC_MI: 0.9575628978478327 BEST_F1_MA: 0.6274655659544411
[[3078    0    6    1]
 [  22    1   46    6]
 [  38    1   60    5]
 [   6    0   24    5]]
Epoch: [49/200], cls_loss: 0.3218, transfer_loss: 0.0001,person_loss: 0.0000, total_Loss: 0.3227
trian begin
trian end
n_person 578
SAMPLE
F1_MI: 0.2594725674446802 F1_MA: 0.2860463996670796 ACC_MI: 0.2594725674446802 F1_MA: 0.27084225101784165
BEST_F1_MI: 0.9575628978478327 BEST_F1_MA: 0.4862199433146376 BEST_ACC_MI: 0.9575628978478327 BEST_F1_MA: 0.6274655659544411
[[ 819 2020  101  145]
 [  10    6    0   59]
 [   6    6    1   91]
 [   2    1    2   30]]
Epoch: [50/200], cls_loss: 0.3316, transfer_loss: 0.0001,person_loss: 0.0000, total_Loss: 0.3330
trian begin
trian end
n_person 578
SAMPLE
F1_MI: 0.9411943013034253 F1_MA: 0.42976009485364886 ACC_MI: 0.9411943013034253 F1_MA: 0.44309970857164166
BEST_F1_MI: 0.9575628978478327 BEST_F1_MA: 0.4862199433146376 BEST_ACC_MI: 0.9575628978478327 BEST_F1_MA: 0.6274655659544411
[[3070    7    4    4]
 [  18    4    4   49]
 [  34   12   14   44]
 [   9    2    7   17]]
Epoch: [51/200], cls_loss: 0.3109, transfer_loss: 0.0001,person_loss: 0.0000, total_Loss: 0.3120
trian begin
trian end
n_person 578
SAMPLE
F1_MI: 0.03182782661412549 F1_MA: 0.22130537112442475 ACC_MI: 0.03182782661412549 F1_MA: 0.21772280088039347
BEST_F1_MI: 0.9575628978478327 BEST_F1_MA: 0.4862199433146376 BEST_ACC_MI: 0.9575628978478327 BEST_F1_MA: 0.6274655659544411
[[  64  314 2672   35]
 [  11    3    3   58]
 [  10    6   13   75]
 [   3    1    6   25]]
Epoch: [52/200], cls_loss: 0.3059, transfer_loss: 0.0001,person_loss: 0.0000, total_Loss: 0.3073
trian begin
trian end
n_person 578
SAMPLE
F1_MI: 0.03243407093058503 F1_MA: 0.2595136524439929 ACC_MI: 0.03243407093058503 F1_MA: 0.27312881055315374
BEST_F1_MI: 0.9575628978478327 BEST_F1_MA: 0.4862199433146376 BEST_ACC_MI: 0.9575628978478327 BEST_F1_MA: 0.6274655659544411
[[  61   22 2980   22]
 [   7    4    7   57]
 [   5    4   15   80]
 [   2    1    5   27]]
Epoch: [53/200], cls_loss: 0.3338, transfer_loss: 0.0001,person_loss: 0.0000, total_Loss: 0.3346
trian begin
trian end
n_person 578
SAMPLE
F1_MI: 0.9399818126705062 F1_MA: 0.3660504515322987 ACC_MI: 0.9399818126705062 F1_MA: 0.372992881460848
BEST_F1_MI: 0.9575628978478327 BEST_F1_MA: 0.4862199433146376 BEST_ACC_MI: 0.9575628978478327 BEST_F1_MA: 0.6274655659544411
[[3083    2    0    0]
 [  61    5    0    9]
 [  66   10    0   28]
 [  21    1    0   13]]
Epoch: [54/200], cls_loss: 0.3117, transfer_loss: 0.0001,person_loss: 0.0000, total_Loss: 0.3129
trian begin
trian end
n_person 578
SAMPLE
F1_MI: 0.9339193695059109 F1_MA: 0.3779581519916359 ACC_MI: 0.9339193695059109 F1_MA: 0.34890937016718027
BEST_F1_MI: 0.9575628978478327 BEST_F1_MA: 0.4862199433146376 BEST_ACC_MI: 0.9575628978478327 BEST_F1_MA: 0.6274655659544411
[[3053   16   14    2]
 [  18    3    3   51]
 [  13   24    5   62]
 [   4    8    3   20]]
Epoch: [55/200], cls_loss: 0.2907, transfer_loss: 0.0002,person_loss: 0.0000, total_Loss: 0.2923
trian begin
trian end
n_person 578
SAMPLE
F1_MI: 0.8263110033343437 F1_MA: 0.33153345149422764 ACC_MI: 0.8263110033343437 F1_MA: 0.27609496368749403
BEST_F1_MI: 0.9575628978478327 BEST_F1_MA: 0.4862199433146376 BEST_ACC_MI: 0.9575628978478327 BEST_F1_MA: 0.6274655659544411
[[2698  263   51   73]
 [  13    1    1   60]
 [   7    9    0   88]
 [   2    5    1   27]]
Epoch: [56/200], cls_loss: 0.2955, transfer_loss: 0.0001,person_loss: 0.0000, total_Loss: 0.2969
trian begin
trian end
n_person 578
SAMPLE
F1_MI: 0.8902697787208246 F1_MA: 0.44650716602438323 ACC_MI: 0.8902697787208245 F1_MA: 0.4324796767559925
BEST_F1_MI: 0.9575628978478327 BEST_F1_MA: 0.4862199433146376 BEST_ACC_MI: 0.9575628978478327 BEST_F1_MA: 0.6274655659544411
[[2902   97    2   84]
 [  15    0    0   60]
 [   5    2    5   92]
 [   3    1    1   30]]
Epoch: [57/200], cls_loss: 0.3076, transfer_loss: 0.0001,person_loss: 0.0000, total_Loss: 0.3087
trian begin
trian end
n_person 578
SAMPLE
F1_MI: 0.9424067899363443 F1_MA: 0.4270326139945387 ACC_MI: 0.9424067899363443 F1_MA: 0.4547819971870604
BEST_F1_MI: 0.9575628978478327 BEST_F1_MA: 0.4862199433146376 BEST_ACC_MI: 0.9575628978478327 BEST_F1_MA: 0.6274655659544411
[[3080    2    1    2]
 [  27   13    0   35]
 [  37   18    1   48]
 [  16    3    1   15]]
Epoch: [58/200], cls_loss: 0.3037, transfer_loss: 0.0001,person_loss: 0.0000, total_Loss: 0.3048
trian begin
trian end
n_person 578
SAMPLE
F1_MI: 0.015762352227947862 F1_MA: 0.24095022570166286 ACC_MI: 0.015762352227947862 F1_MA: 0.22560649048308248
BEST_F1_MI: 0.9575628978478327 BEST_F1_MA: 0.4862199433146376 BEST_ACC_MI: 0.9575628978478327 BEST_F1_MA: 0.6274655659544411
[[  11  380 2559  135]
 [   2    8    1   64]
 [   0    0    1  103]
 [   1    2    0   32]]
Epoch: [59/200], cls_loss: 0.3009, transfer_loss: 0.0001,person_loss: 0.0000, total_Loss: 0.3020
trian begin
trian end
n_person 578
SAMPLE
F1_MI: 0.381933919369506 F1_MA: 0.3387038513785152 ACC_MI: 0.38193391936950594 F1_MA: 0.347838988778026
BEST_F1_MI: 0.9575628978478327 BEST_F1_MA: 0.4862199433146376 BEST_ACC_MI: 0.9575628978478327 BEST_F1_MA: 0.6274655659544411
[[1221 1822   15   27]
 [  11    5    0   59]
 [   3   10    6   85]
 [   2    3    2   28]]
Epoch: [60/200], cls_loss: 0.2864, transfer_loss: 0.0001,person_loss: 0.0000, total_Loss: 0.2877
trian begin
trian end
n_person 578
SAMPLE
F1_MI: 0.9436192785692634 F1_MA: 0.46838754440210745 ACC_MI: 0.9436192785692634 F1_MA: 0.5409013872090072
BEST_F1_MI: 0.9575628978478327 BEST_F1_MA: 0.4862199433146376 BEST_ACC_MI: 0.9575628978478327 BEST_F1_MA: 0.6274655659544411
[[3078    0    7    0]
 [  37    9   18   11]
 [  55    4   11   34]
 [  19    1    0   15]]
Epoch: [61/200], cls_loss: 0.3035, transfer_loss: 0.0001,person_loss: 0.0000, total_Loss: 0.3046
[[3063    0   22    0]
 [  15    0   59    1]
 [   5    0   80   19]
 [   2    0   21   12]]
[[3079    0    6    0]
 [  22    0   53    0]
 [  24    0   80    0]
 [   7    0   28    0]]
ARG: Namespace(backbone='resnet50', batch_size=32, config='DeepCoral/DeepCoral.yaml', data_dir='data', device=device(type='cuda'), early_stop=50, epoch_based_training=False, lr=0.003, lr_decay=0.75, lr_gamma=0.0003, lr_scheduler=True, max_iter=20600, method='False', momentum=0.9, myweight=0.1, n_class=4, n_epoch=200, n_iter_per_epoch=103, num_workers=3, seed=1, src_domain='45', tgt_domain='own', tname='transfer', transfer_loss='coral', transfer_loss_weight=10.0, use_bottleneck=True, weight_decay=0.0005)
