bnm 1 45 own BNM/BNM.yaml True
Namespace(backbone='resnet50', batch_size=32, config='BNM/BNM.yaml', data_dir='data', device=device(type='cuda'), early_stop=50, epoch_based_training=False, lr=0.003, lr_decay=0.75, lr_gamma=0.0003, lr_scheduler=True, method='True', momentum=0.9, myweight=0.1, n_epoch=200, n_iter_per_epoch=100, num_workers=3, seed=1, src_domain='45', tgt_domain='own', tname='transfer', transfer_loss='bnm', transfer_loss_weight=0.5, use_bottleneck=True, weight_decay=0.0005)
JUST DO IT
run my Parkinson code
transfer
TRAIN Length: 56845 1995 TEST Length: 3299 578
YYY: 0 3
DATA_PROFILE   train: 56845 train2: 3299 test: 3299
DATASET.SHAPE: <data_loader.GetTrainLoader object at 0x7fea753239a0> True
DATASET.SHAPE: <data_loader.GetTrainLoader object at 0x7fea75323b50> True
DATASET.SHAPE: <data_loader.GetTestLoader object at 0x7fea6cf17940> False
CLASS: 4 578
LLL: {}
BOTTLENECK_LIST: [Linear(in_features=512, out_features=256, bias=True), ReLU()]
TYPE: {'loss_type': 'bnm', 'max_iter': 20600, 'num_class': 4, 'my_person_item': <my_person_item.PersonItem object at 0x7febbbc7a700>}
initial_lr 1.0
transfer_world
method True <class 'str'>
1.8.1+cu111
True
LEN: 0 0
LOADER: <data_loader.InfiniteDataLoader object at 0x7fea75323370> <data_loader.InfiniteDataLoader object at 0x7fea6cf17430>
N_batch: 103
trian begin
trian end
n_person 578
SAMPLE
F1_MI: 0.9508942103667778 F1_MA: 0.427837353053328 ACC_MI: 0.9508942103667778 F1_MA: 0.39944597295444795
BEST_F1_MI: 0.9508942103667778 BEST_F1_MA: 0.427837353053328 BEST_ACC_MI: 0.9508942103667778 BEST_F1_MA: 0.39944597295444795
[[3051   20    4   10]
 [  15    2   49    9]
 [   8    4   83    9]
 [   2    2   30    1]]
Epoch: [ 1/200], cls_loss: 0.6452, transfer_loss: -2.5380,person_loss: -1.8495, total_Loss: -0.8087
trian begin
trian end
n_person 578
SAMPLE
F1_MI: 0.021218551076083662 F1_MA: 0.1432066275850761 ACC_MI: 0.021218551076083662 F1_MA: 0.09598011440496139
BEST_F1_MI: 0.9508942103667778 BEST_F1_MA: 0.427837353053328 BEST_ACC_MI: 0.9508942103667778 BEST_F1_MA: 0.39944597295444795
[[   0   75 2975   35]
 [   0   56    2   17]
 [   0   58    1   45]
 [   0   22    0   13]]
Epoch: [ 2/200], cls_loss: 0.5921, transfer_loss: -3.2025,person_loss: -1.6861, total_Loss: -1.1778
trian begin
trian end
n_person 578
SAMPLE
F1_MI: 0.11458017581085177 F1_MA: 0.26016864603495315 ACC_MI: 0.11458017581085177 F1_MA: 0.2798971330748498
BEST_F1_MI: 0.9508942103667778 BEST_F1_MA: 0.427837353053328 BEST_ACC_MI: 0.9508942103667778 BEST_F1_MA: 0.39944597295444795
[[ 320   15 2447  303]
 [   7    2   44   22]
 [   8    1   40   55]
 [   1    0   18   16]]
Epoch: [ 3/200], cls_loss: 0.5354, transfer_loss: -3.6314,person_loss: -1.5677, total_Loss: -1.4371
trian begin
trian end
n_person 578
SAMPLE
F1_MI: 0.9351318581388299 F1_MA: 0.24161967418546365 ACC_MI: 0.9351318581388299 F1_MA: 0.23378296453470748
BEST_F1_MI: 0.9508942103667778 BEST_F1_MA: 0.427837353053328 BEST_ACC_MI: 0.9508942103667778 BEST_F1_MA: 0.39944597295444795
[[3085    0    0    0]
 [  75    0    0    0]
 [ 104    0    0    0]
 [  35    0    0    0]]
Epoch: [ 4/200], cls_loss: 0.4898, transfer_loss: -3.8444,person_loss: -1.5452, total_Loss: -1.5870
trian begin
trian end
n_person 578
SAMPLE
F1_MI: 0.9369505910882086 F1_MA: 0.29562401411910344 ACC_MI: 0.9369505910882086 F1_MA: 0.29902786507437673
BEST_F1_MI: 0.9508942103667778 BEST_F1_MA: 0.427837353053328 BEST_ACC_MI: 0.9508942103667778 BEST_F1_MA: 0.39944597295444795
[[3073    0   12    0]
 [  38    0   37    0]
 [  86    0   18    0]
 [  28    0    7    0]]
Epoch: [ 5/200], cls_loss: 0.4738, transfer_loss: -3.8772,person_loss: -1.4951, total_Loss: -1.6143
trian begin
trian end
n_person 578
SAMPLE
F1_MI: 0.5738102455289482 F1_MA: 0.32690927191891533 ACC_MI: 0.5738102455289482 F1_MA: 0.38149224776613727
BEST_F1_MI: 0.9508942103667778 BEST_F1_MA: 0.427837353053328 BEST_ACC_MI: 0.9508942103667778 BEST_F1_MA: 0.39944597295444795
[[1840  558    7  680]
 [  54    0   14    7]
 [  52    0   51    1]
 [  18    0   15    2]]
Epoch: [ 6/200], cls_loss: 0.4594, transfer_loss: -3.8630,person_loss: -1.5131, total_Loss: -1.6234
trian begin
trian end
n_person 578
SAMPLE
F1_MI: 0.9475598666262504 F1_MA: 0.4034585361183672 ACC_MI: 0.9475598666262504 F1_MA: 0.34626666476348167
BEST_F1_MI: 0.9508942103667778 BEST_F1_MA: 0.427837353053328 BEST_ACC_MI: 0.9508942103667778 BEST_F1_MA: 0.39944597295444795
[[3027    0   58    0]
 [  11    0   64    0]
 [   5    0   99    0]
 [   3    0   32    0]]
Epoch: [ 7/200], cls_loss: 0.4232, transfer_loss: -3.8936,person_loss: -1.5369, total_Loss: -1.6773
trian begin
trian end
n_person 578
SAMPLE
F1_MI: 0.18672324946953622 F1_MA: 0.2973502256280368 ACC_MI: 0.18672324946953622 F1_MA: 0.27831207560112065
BEST_F1_MI: 0.9508942103667778 BEST_F1_MA: 0.427837353053328 BEST_ACC_MI: 0.9508942103667778 BEST_F1_MA: 0.39944597295444795
[[ 518 1024 1435  108]
 [   0    4   65    6]
 [   1    1   86   16]
 [   0    0   27    8]]
Epoch: [ 8/200], cls_loss: 0.4498, transfer_loss: -3.8986,person_loss: -1.5321, total_Loss: -1.6527
trian begin
trian end
n_person 578
SAMPLE
F1_MI: 0.018793573810245528 F1_MA: 0.25675333500747816 ACC_MI: 0.018793573810245528 F1_MA: 0.2711311258514585
BEST_F1_MI: 0.9508942103667778 BEST_F1_MA: 0.427837353053328 BEST_ACC_MI: 0.9508942103667778 BEST_F1_MA: 0.39944597295444795
[[  13   93 2967   12]
 [   1    7   18   49]
 [   1    5   17   81]
 [   0    7    3   25]]
Epoch: [ 9/200], cls_loss: 0.4083, transfer_loss: -3.9142,person_loss: -1.4904, total_Loss: -1.6978
trian begin
trian end
n_person 578
SAMPLE
F1_MI: 0.5474386177629584 F1_MA: 0.19964293725851054 ACC_MI: 0.5474386177629584 F1_MA: 0.23307154991960682
BEST_F1_MI: 0.9508942103667778 BEST_F1_MA: 0.427837353053328 BEST_ACC_MI: 0.9508942103667778 BEST_F1_MA: 0.39944597295444795
[[1802    0    0 1283]
 [  31    0    0   44]
 [  75    0    0   29]
 [  31    0    0    4]]
Epoch: [10/200], cls_loss: 0.4103, transfer_loss: -3.9098,person_loss: -1.5462, total_Loss: -1.6992
trian begin
trian end
n_person 578
SAMPLE
F1_MI: 0.6110942709912095 F1_MA: 0.31996539425810383 ACC_MI: 0.6110942709912095 F1_MA: 0.2650976044938893
BEST_F1_MI: 0.9508942103667778 BEST_F1_MA: 0.427837353053328 BEST_ACC_MI: 0.9508942103667778 BEST_F1_MA: 0.39944597295444795
[[1982  142  636  325]
 [   5    0    0   70]
 [   1    0    0  103]
 [   1    0    0   34]]
Epoch: [11/200], cls_loss: 0.4839, transfer_loss: -3.9019,person_loss: -1.5298, total_Loss: -1.6201
trian begin
trian end
n_person 578
SAMPLE
F1_MI: 0.9227038496514095 F1_MA: 0.3899461582603082 ACC_MI: 0.9227038496514095 F1_MA: 0.34558075458473253
BEST_F1_MI: 0.9508942103667778 BEST_F1_MA: 0.427837353053328 BEST_ACC_MI: 0.9508942103667778 BEST_F1_MA: 0.39944597295444795
[[3009   33   25   18]
 [  30    1    9   35]
 [  20    1    9   74]
 [   9    1    0   25]]
Epoch: [12/200], cls_loss: 0.4108, transfer_loss: -3.9322,person_loss: -1.5467, total_Loss: -1.7100
trian begin
trian end
n_person 578
SAMPLE
F1_MI: 0.6159442255228857 F1_MA: 0.32380359055495817 ACC_MI: 0.6159442255228857 F1_MA: 0.27306177630176887
BEST_F1_MI: 0.9508942103667778 BEST_F1_MA: 0.427837353053328 BEST_ACC_MI: 0.9508942103667778 BEST_F1_MA: 0.39944597295444795
[[1999    0  951  135]
 [   9    0    1   65]
 [   1    0    0  103]
 [   2    0    0   33]]
Epoch: [13/200], cls_loss: 0.3877, transfer_loss: -3.9353,person_loss: -1.4665, total_Loss: -1.7266
trian begin
trian end
n_person 578
SAMPLE
F1_MI: 0.932403758714762 F1_MA: 0.241330613525812 ACC_MI: 0.932403758714762 F1_MA: 0.2338807785888078
BEST_F1_MI: 0.9508942103667778 BEST_F1_MA: 0.427837353053328 BEST_ACC_MI: 0.9508942103667778 BEST_F1_MA: 0.39944597295444795
[[3076    0    1    8]
 [  74    0    0    1]
 [ 104    0    0    0]
 [  34    0    1    0]]
Epoch: [14/200], cls_loss: 0.4418, transfer_loss: -3.9010,person_loss: -1.4841, total_Loss: -1.6571
trian begin
trian end
n_person 578
SAMPLE
F1_MI: 0.9030009093664747 F1_MA: 0.4324670219179297 ACC_MI: 0.9030009093664747 F1_MA: 0.3977099843153517
BEST_F1_MI: 0.9508942103667778 BEST_F1_MA: 0.4324670219179297 BEST_ACC_MI: 0.9508942103667778 BEST_F1_MA: 0.39944597295444795
[[2894   86    0  105]
 [   1    2   40   32]
 [   0    1   76   27]
 [   0    0   28    7]]
Epoch: [15/200], cls_loss: 0.4255, transfer_loss: -3.8450,person_loss: -1.5479, total_Loss: -1.6517
trian begin
trian end
n_person 578
SAMPLE
F1_MI: 0.9175507729615034 F1_MA: 0.3072335397646631 ACC_MI: 0.9175507729615034 F1_MA: 0.2882291388826197
BEST_F1_MI: 0.9508942103667778 BEST_F1_MA: 0.4324670219179297 BEST_ACC_MI: 0.9508942103667778 BEST_F1_MA: 0.39944597295444795
[[2991    0   94    0]
 [  34    0   41    0]
 [  68    0   36    0]
 [  18    0   17    0]]
Epoch: [16/200], cls_loss: 0.4217, transfer_loss: -3.8934,person_loss: -1.4941, total_Loss: -1.6744
trian begin
trian end
n_person 578
SAMPLE
F1_MI: 0.8790542588663232 F1_MA: 0.34114223701833357 ACC_MI: 0.8790542588663232 F1_MA: 0.3055138354015119
BEST_F1_MI: 0.9508942103667778 BEST_F1_MA: 0.4324670219179297 BEST_ACC_MI: 0.9508942103667778 BEST_F1_MA: 0.39944597295444795
[[2839   51  162   33]
 [  13    0   57    5]
 [  44    0   59    1]
 [  11    0   22    2]]
Epoch: [17/200], cls_loss: 0.4211, transfer_loss: -3.9417,person_loss: -1.4816, total_Loss: -1.6979
trian begin
trian end
n_person 578
SAMPLE
F1_MI: 0.5471354956047287 F1_MA: 0.32131354339896245 ACC_MI: 0.5471354956047287 F1_MA: 0.26806345695845324
BEST_F1_MI: 0.9508942103667778 BEST_F1_MA: 0.4324670219179297 BEST_ACC_MI: 0.9508942103667778 BEST_F1_MA: 0.39944597295444795
[[1763  944   90  288]
 [   5   11    0   59]
 [   2   10    0   92]
 [   2    2    0   31]]
Epoch: [18/200], cls_loss: 0.4248, transfer_loss: -3.7984,person_loss: -1.5959, total_Loss: -1.6340
trian begin
trian end
n_person 578
SAMPLE
F1_MI: 0.9360412246135192 F1_MA: 0.34693920420711494 ACC_MI: 0.9360412246135192 F1_MA: 0.3874845340908837
BEST_F1_MI: 0.9508942103667778 BEST_F1_MA: 0.4324670219179297 BEST_ACC_MI: 0.9508942103667778 BEST_F1_MA: 0.39944597295444795
[[3065    8    9    3]
 [  56    1    4   14]
 [  61    3   20   20]
 [  22    1   10    2]]
Epoch: [19/200], cls_loss: 0.4254, transfer_loss: -3.8176,person_loss: -1.5843, total_Loss: -1.6418
trian begin
trian end
n_person 578
SAMPLE
F1_MI: 0.8163079721127614 F1_MA: 0.3959095521909445 ACC_MI: 0.8163079721127614 F1_MA: 0.31406580524422595
BEST_F1_MI: 0.9508942103667778 BEST_F1_MA: 0.4324670219179297 BEST_ACC_MI: 0.9508942103667778 BEST_F1_MA: 0.39944597295444795
[[2585    0  377  123]
 [   3    0   56   16]
 [   0    0   94   10]
 [   0    0   21   14]]
Epoch: [20/200], cls_loss: 0.4163, transfer_loss: -3.8710,person_loss: -1.5498, total_Loss: -1.6742
trian begin
trian end
n_person 578
SAMPLE
F1_MI: 0.6641406486814186 F1_MA: 0.3247405851940774 ACC_MI: 0.6641406486814186 F1_MA: 0.27169208903835373
BEST_F1_MI: 0.9508942103667778 BEST_F1_MA: 0.4324670219179297 BEST_ACC_MI: 0.9508942103667778 BEST_F1_MA: 0.39944597295444795
[[2159   10  769  147]
 [   7    0    3   65]
 [   3    0    0  101]
 [   3    0    0   32]]
Epoch: [21/200], cls_loss: 0.3970, transfer_loss: -3.9473,person_loss: -1.4634, total_Loss: -1.7230
trian begin
trian end
n_person 578
SAMPLE
F1_MI: 0.4962109730221279 F1_MA: 0.33067971020595377 ACC_MI: 0.4962109730221279 F1_MA: 0.28751297421937155
BEST_F1_MI: 0.9508942103667778 BEST_F1_MA: 0.4324670219179297 BEST_ACC_MI: 0.9508942103667778 BEST_F1_MA: 0.39944597295444795
[[1529   56 1477   23]
 [   5    6   64    0]
 [   1    1  102    0]
 [   1    1   33    0]]
Epoch: [22/200], cls_loss: 0.3968, transfer_loss: -3.9324,person_loss: -1.5041, total_Loss: -1.7198
trian begin
trian end
n_person 578
SAMPLE
F1_MI: 0.8229766595938162 F1_MA: 0.4605600246420051 ACC_MI: 0.8229766595938163 F1_MA: 0.4142918577076165
BEST_F1_MI: 0.9508942103667778 BEST_F1_MA: 0.4605600246420051 BEST_ACC_MI: 0.9508942103667778 BEST_F1_MA: 0.4142918577076165
[[2617  415   53    0]
 [   0   15   52    8]
 [   4    3   71   26]
 [   2    2   19   12]]
Epoch: [23/200], cls_loss: 0.3707, transfer_loss: -3.9305,person_loss: -1.4913, total_Loss: -1.7437
trian begin
trian end
n_person 578
SAMPLE
F1_MI: 0.042437102152167325 F1_MA: 0.27784877443954376 ACC_MI: 0.042437102152167325 F1_MA: 0.2982127323964127
BEST_F1_MI: 0.9508942103667778 BEST_F1_MA: 0.4605600246420051 BEST_ACC_MI: 0.9508942103667778 BEST_F1_MA: 0.4142918577076165
[[  92 2581   21  391]
 [   1   10   13   51]
 [   6    5   11   82]
 [   1    2    5   27]]
Epoch: [24/200], cls_loss: 0.3903, transfer_loss: -3.9242,person_loss: -1.5419, total_Loss: -1.7260
trian begin
trian end
n_person 578
SAMPLE
F1_MI: 0.6323128220672931 F1_MA: 0.2967687783077244 ACC_MI: 0.6323128220672931 F1_MA: 0.27327459039369345
BEST_F1_MI: 0.9508942103667778 BEST_F1_MA: 0.4605600246420051 BEST_ACC_MI: 0.9508942103667778 BEST_F1_MA: 0.4142918577076165
[[2061  652  335   37]
 [  22    3    4   46]
 [  23    1    2   78]
 [  14    1    0   20]]
Epoch: [25/200], cls_loss: 0.4322, transfer_loss: -3.8964,person_loss: -1.4904, total_Loss: -1.6651
trian begin
trian end
n_person 578
SAMPLE
F1_MI: 0.19399818126705062 F1_MA: 0.22791876150991744 ACC_MI: 0.19399818126705062 F1_MA: 0.26221880933298986
BEST_F1_MI: 0.9508942103667778 BEST_F1_MA: 0.4605600246420051 BEST_ACC_MI: 0.9508942103667778 BEST_F1_MA: 0.4142918577076165
[[ 609   91 2316   69]
 [  10    2   12   51]
 [  17    0   13   74]
 [   8    0   11   16]]
Epoch: [26/200], cls_loss: 0.3894, transfer_loss: -3.8958,person_loss: -1.4865, total_Loss: -1.7072
trian begin
trian end
n_person 578
SAMPLE
F1_MI: 0.5804789330100031 F1_MA: 0.34090198543176486 ACC_MI: 0.5804789330100031 F1_MA: 0.27854841150463633
BEST_F1_MI: 0.9508942103667778 BEST_F1_MA: 0.4605600246420051 BEST_ACC_MI: 0.9508942103667778 BEST_F1_MA: 0.4142918577076165
[[1807   69  998  211]
 [   2    0   65    8]
 [   0    0  101    3]
 [   0    0   28    7]]
Epoch: [27/200], cls_loss: 0.3803, transfer_loss: -3.9389,person_loss: -1.5016, total_Loss: -1.7393
trian begin
trian end
n_person 578
SAMPLE
F1_MI: 0.8872385571385268 F1_MA: 0.3823918067647185 ACC_MI: 0.8872385571385268 F1_MA: 0.3291922740768093
BEST_F1_MI: 0.9508942103667778 BEST_F1_MA: 0.4605600246420051 BEST_ACC_MI: 0.9508942103667778 BEST_F1_MA: 0.4142918577076165
[[2845    0  108  132]
 [  11    0   54   10]
 [   2    0   76   26]
 [   3    0   26    6]]
Epoch: [28/200], cls_loss: 0.3614, transfer_loss: -3.9457,person_loss: -1.5396, total_Loss: -1.7654
trian begin
trian end
n_person 578
SAMPLE
F1_MI: 0.946650500151561 F1_MA: 0.4035915702367823 ACC_MI: 0.946650500151561 F1_MA: 0.37802316598274066
BEST_F1_MI: 0.9508942103667778 BEST_F1_MA: 0.4605600246420051 BEST_ACC_MI: 0.9508942103667778 BEST_F1_MA: 0.4142918577076165
[[3066    0   15    4]
 [  19    0   44   12]
 [  13    0   47   44]
 [   8    0   17   10]]
Epoch: [29/200], cls_loss: 0.3846, transfer_loss: -3.9046,person_loss: -1.5482, total_Loss: -1.7226
trian begin
trian end
n_person 578
SAMPLE
F1_MI: 0.5231888451045772 F1_MA: 0.33608304692855007 ACC_MI: 0.5231888451045772 F1_MA: 0.33197653607049743
BEST_F1_MI: 0.9508942103667778 BEST_F1_MA: 0.4605600246420051 BEST_ACC_MI: 0.9508942103667778 BEST_F1_MA: 0.4142918577076165
[[1669 1324   86    6]
 [   5   12   37   21]
 [  11   13   33   47]
 [   3    3   17   12]]
Epoch: [30/200], cls_loss: 0.3874, transfer_loss: -3.9253,person_loss: -1.5532, total_Loss: -1.7305
trian begin
trian end
n_person 578
SAMPLE
F1_MI: 0.7093058502576538 F1_MA: 0.34381543765812406 ACC_MI: 0.7093058502576538 F1_MA: 0.29207573668181325
BEST_F1_MI: 0.9508942103667778 BEST_F1_MA: 0.4605600246420051 BEST_ACC_MI: 0.9508942103667778 BEST_F1_MA: 0.4142918577076165
[[2287  308  183  307]
 [  11    6   18   40]
 [   6    1   26   71]
 [   4    2    8   21]]
Epoch: [31/200], cls_loss: 0.3708, transfer_loss: -3.8760,person_loss: -1.5784, total_Loss: -1.7250
trian begin
trian end
n_person 578
SAMPLE
F1_MI: 0.7799333131251894 F1_MA: 0.35709995404503736 ACC_MI: 0.7799333131251894 F1_MA: 0.29841638891734423
BEST_F1_MI: 0.9508942103667778 BEST_F1_MA: 0.4605600246420051 BEST_ACC_MI: 0.9508942103667778 BEST_F1_MA: 0.4142918577076165
[[2502    0  537   46]
 [   4    0   44   27]
 [   0    0   56   48]
 [   1    0   19   15]]
Epoch: [32/200], cls_loss: 0.3793, transfer_loss: -3.8830,person_loss: -1.5821, total_Loss: -1.7205
trian begin
trian end
n_person 578
SAMPLE
F1_MI: 0.6432252197635647 F1_MA: 0.3416948477189161 ACC_MI: 0.6432252197635647 F1_MA: 0.3213003546469313
BEST_F1_MI: 0.9508942103667778 BEST_F1_MA: 0.4605600246420051 BEST_ACC_MI: 0.9508942103667778 BEST_F1_MA: 0.4142918577076165
[[2063  520   67  435]
 [   3    4   36   32]
 [   3    2   44   55]
 [   1    1   22   11]]
Epoch: [33/200], cls_loss: 0.3735, transfer_loss: -3.9412,person_loss: -1.5360, total_Loss: -1.7507
trian begin
trian end
n_person 578
SAMPLE
F1_MI: 0.036980903304031525 F1_MA: 0.24863049674036078 ACC_MI: 0.036980903304031525 F1_MA: 0.245055606967728
BEST_F1_MI: 0.9508942103667778 BEST_F1_MA: 0.4605600246420051 BEST_ACC_MI: 0.9508942103667778 BEST_F1_MA: 0.4142918577076165
[[  87    0 2433  565]
 [   5    0    5   65]
 [   0    0    1  103]
 [   1    0    0   34]]
Epoch: [34/200], cls_loss: 0.3663, transfer_loss: -3.9679,person_loss: -1.5071, total_Loss: -1.7683
trian begin
trian end
n_person 578
SAMPLE
F1_MI: 0.8360109123976963 F1_MA: 0.38306751869288164 ACC_MI: 0.8360109123976963 F1_MA: 0.32867450243154006
BEST_F1_MI: 0.9508942103667778 BEST_F1_MA: 0.4605600246420051 BEST_ACC_MI: 0.9508942103667778 BEST_F1_MA: 0.4142918577076165
[[2657  204  124  100]
 [  10    1   60    4]
 [   4    0  100    0]
 [   1    1   33    0]]
Epoch: [35/200], cls_loss: 0.3776, transfer_loss: -3.9500,person_loss: -1.5105, total_Loss: -1.7484
trian begin
trian end
n_person 578
SAMPLE
F1_MI: 0.8911791451955138 F1_MA: 0.3943468176651687 ACC_MI: 0.8911791451955138 F1_MA: 0.35167655698052647
BEST_F1_MI: 0.9508942103667778 BEST_F1_MA: 0.4605600246420051 BEST_ACC_MI: 0.9508942103667778 BEST_F1_MA: 0.4142918577076165
[[2895  134   34   22]
 [   5    7    6   57]
 [   2    1   17   84]
 [   0    2   12   21]]
Epoch: [36/200], cls_loss: 0.3639, transfer_loss: -3.9297,person_loss: -1.5457, total_Loss: -1.7555
trian begin
trian end
n_person 578
SAMPLE
F1_MI: 0.8053955744164899 F1_MA: 0.31522189767404424 ACC_MI: 0.8053955744164898 F1_MA: 0.27486540723917574
BEST_F1_MI: 0.9508942103667778 BEST_F1_MA: 0.4605600246420051 BEST_ACC_MI: 0.9508942103667778 BEST_F1_MA: 0.4142918577076165
[[2631   73  135  246]
 [   1    4    7   63]
 [   7   26    3   68]
 [   1   13    2   19]]
Epoch: [37/200], cls_loss: 0.3525, transfer_loss: -3.9342,person_loss: -1.5229, total_Loss: -1.7669
trian begin
trian end
n_person 578
SAMPLE
F1_MI: 0.57138526826311 F1_MA: 0.3684333749105731 ACC_MI: 0.57138526826311 F1_MA: 0.3391403354631287
BEST_F1_MI: 0.9508942103667778 BEST_F1_MA: 0.4605600246420051 BEST_ACC_MI: 0.9508942103667778 BEST_F1_MA: 0.4142918577076165
[[1844 1224    3   14]
 [   8    9    1   57]
 [   5    3    1   95]
 [   2    2    0   31]]
Epoch: [38/200], cls_loss: 0.3715, transfer_loss: -3.9397,person_loss: -1.5121, total_Loss: -1.7495
trian begin
trian end
n_person 578
SAMPLE
F1_MI: 0.9314943922400728 F1_MA: 0.34257463694262175 ACC_MI: 0.9314943922400728 F1_MA: 0.3104680390624522
BEST_F1_MI: 0.9508942103667778 BEST_F1_MA: 0.4605600246420051 BEST_ACC_MI: 0.9508942103667778 BEST_F1_MA: 0.4142918577076165
[[3052   30    1    2]
 [  27    4   18   26]
 [  44    6    0   54]
 [  15    1    2   17]]
Epoch: [39/200], cls_loss: 0.3661, transfer_loss: -3.8753,person_loss: -1.5658, total_Loss: -1.7281
trian begin
trian end
n_person 578
SAMPLE
F1_MI: 0.8529857532585632 F1_MA: 0.38538151394550774 ACC_MI: 0.8529857532585632 F1_MA: 0.32279138597644935
BEST_F1_MI: 0.9508942103667778 BEST_F1_MA: 0.4605600246420051 BEST_ACC_MI: 0.9508942103667778 BEST_F1_MA: 0.4142918577076165
[[2772  264   36   13]
 [  13    6    5   51]
 [  11    1    5   87]
 [   4    0    0   31]]
Epoch: [40/200], cls_loss: 0.3803, transfer_loss: -3.9246,person_loss: -1.5206, total_Loss: -1.7341
trian begin
trian end
n_person 578
SAMPLE
F1_MI: 0.44164898454076995 F1_MA: 0.29707751947693767 ACC_MI: 0.44164898454076995 F1_MA: 0.29919710363174573
BEST_F1_MI: 0.9508942103667778 BEST_F1_MA: 0.4605600246420051 BEST_ACC_MI: 0.9508942103667778 BEST_F1_MA: 0.4142918577076165
[[1422  821   15  827]
 [   6    6   22   41]
 [  31    6   10   57]
 [  14    0    2   19]]
Epoch: [41/200], cls_loss: 0.3690, transfer_loss: -3.8987,person_loss: -1.5485, total_Loss: -1.7352
trian begin
trian end
n_person 578
SAMPLE
F1_MI: 0.7972112761442861 F1_MA: 0.33760750860425176 ACC_MI: 0.7972112761442861 F1_MA: 0.30366474241297875
BEST_F1_MI: 0.9508942103667778 BEST_F1_MA: 0.4605600246420051 BEST_ACC_MI: 0.9508942103667778 BEST_F1_MA: 0.4142918577076165
[[2563   20  491   11]
 [  11    2   49   13]
 [  20    2   63   19]
 [   1    0   32    2]]
Epoch: [42/200], cls_loss: 0.3695, transfer_loss: -3.9412,person_loss: -1.5398, total_Loss: -1.7551
trian begin
trian end
n_person 578
SAMPLE
F1_MI: 0.8702637162776599 F1_MA: 0.45882301641981144 ACC_MI: 0.8702637162776599 F1_MA: 0.5558710189239219
BEST_F1_MI: 0.9508942103667778 BEST_F1_MA: 0.4605600246420051 BEST_ACC_MI: 0.9508942103667778 BEST_F1_MA: 0.5558710189239219
[[2828   59    0  198]
 [  35   37    0    3]
 [  47   56    1    0]
 [  25    5    0    5]]
Epoch: [43/200], cls_loss: 0.3849, transfer_loss: -3.8838,person_loss: -1.5707, total_Loss: -1.7141
trian begin
trian end
n_person 578
SAMPLE
F1_MI: 0.9014852985753259 F1_MA: 0.43370282357183665 ACC_MI: 0.9014852985753259 F1_MA: 0.38543375777172073
BEST_F1_MI: 0.9508942103667778 BEST_F1_MA: 0.4605600246420051 BEST_ACC_MI: 0.9508942103667778 BEST_F1_MA: 0.5558710189239219
[[2899   83   75   28]
 [   7   51   16    1]
 [   7   76   17    4]
 [   3   21    4    7]]
Epoch: [44/200], cls_loss: 0.3495, transfer_loss: -3.9583,person_loss: -1.5332, total_Loss: -1.7830
trian begin
trian end
n_person 578
SAMPLE
F1_MI: 0.8578357077902394 F1_MA: 0.39213448267424733 ACC_MI: 0.8578357077902394 F1_MA: 0.3349866030895915
BEST_F1_MI: 0.9508942103667778 BEST_F1_MA: 0.4605600246420051 BEST_ACC_MI: 0.9508942103667778 BEST_F1_MA: 0.5558710189239219
[[2761  323    1    0]
 [  10   64    0    1]
 [   6   81    0   17]
 [   2   28    0    5]]
Epoch: [45/200], cls_loss: 0.3619, transfer_loss: -3.9441,person_loss: -1.5525, total_Loss: -1.7654
trian begin
trian end
n_person 578
SAMPLE
F1_MI: 0.4110336465595635 F1_MA: 0.30432074736757325 ACC_MI: 0.4110336465595635 F1_MA: 0.27447546862453465
BEST_F1_MI: 0.9508942103667778 BEST_F1_MA: 0.4605600246420051 BEST_ACC_MI: 0.9508942103667778 BEST_F1_MA: 0.5558710189239219
[[1286  590 1080  129]
 [   3   64    6    2]
 [   0  100    4    0]
 [   0   31    2    2]]
Epoch: [46/200], cls_loss: 0.3447, transfer_loss: -3.9389,person_loss: -1.5483, total_Loss: -1.7796
trian begin
trian end
n_person 578
SAMPLE
F1_MI: 0.02576538344953016 F1_MA: 0.1864956096649015 ACC_MI: 0.02576538344953016 F1_MA: 0.26861217935142456
BEST_F1_MI: 0.9508942103667778 BEST_F1_MA: 0.4605600246420051 BEST_ACC_MI: 0.9508942103667778 BEST_F1_MA: 0.5558710189239219
[[  52    4    4 3025]
 [  27   23    1   24]
 [  38   19    2   45]
 [  20    6    1    8]]
Epoch: [47/200], cls_loss: 0.3418, transfer_loss: -3.9388,person_loss: -1.5466, total_Loss: -1.7823
trian begin
trian end
n_person 578
SAMPLE
F1_MI: 0.6944528645043953 F1_MA: 0.382800133349409 ACC_MI: 0.6944528645043953 F1_MA: 0.35457544883541775
BEST_F1_MI: 0.9508942103667778 BEST_F1_MA: 0.4605600246420051 BEST_ACC_MI: 0.9508942103667778 BEST_F1_MA: 0.5558710189239219
[[2219  768   48   50]
 [  14   27   23   11]
 [  19   39   37    9]
 [  12    1   14    8]]
Epoch: [48/200], cls_loss: 0.3637, transfer_loss: -3.9366,person_loss: -1.5020, total_Loss: -1.7548
trian begin
trian end
n_person 578
SAMPLE
F1_MI: 0.9008790542588663 F1_MA: 0.3894334571812336 ACC_MI: 0.9008790542588663 F1_MA: 0.3424783828127505
BEST_F1_MI: 0.9508942103667778 BEST_F1_MA: 0.4605600246420051 BEST_ACC_MI: 0.9508942103667778 BEST_F1_MA: 0.5558710189239219
[[2919  166    0    0]
 [  28   43    0    4]
 [  30   45    0   29]
 [  11   14    0   10]]
Epoch: [49/200], cls_loss: 0.3467, transfer_loss: -3.9403,person_loss: -1.5020, total_Loss: -1.7736
trian begin
trian end
n_person 578
SAMPLE
F1_MI: 0.16126098817823584 F1_MA: 0.2924235242341929 ACC_MI: 0.16126098817823584 F1_MA: 0.2675888932636343
BEST_F1_MI: 0.9508942103667778 BEST_F1_MA: 0.4605600246420051 BEST_ACC_MI: 0.9508942103667778 BEST_F1_MA: 0.5558710189239219
[[ 448  987 1492  158]
 [   5   65    0    5]
 [   5   79   14    6]
 [   1   23    6    5]]
Epoch: [50/200], cls_loss: 0.3673, transfer_loss: -3.9533,person_loss: -1.5251, total_Loss: -1.7619
trian begin
trian end
n_person 578
SAMPLE
F1_MI: 0.2461351924825705 F1_MA: 0.26893411663519595 ACC_MI: 0.2461351924825705 F1_MA: 0.26409933523461704
BEST_F1_MI: 0.9508942103667778 BEST_F1_MA: 0.4605600246420051 BEST_ACC_MI: 0.9508942103667778 BEST_F1_MA: 0.5558710189239219
[[ 748  842 1139  356]
 [   2   64    0    9]
 [   1   97    0    6]
 [   1   34    0    0]]
Epoch: [51/200], cls_loss: 0.3366, transfer_loss: -3.8835,person_loss: -1.5402, total_Loss: -1.7591
trian begin
trian end
n_person 578
SAMPLE
F1_MI: 0.8826917247650803 F1_MA: 0.4299123392618886 ACC_MI: 0.8826917247650803 F1_MA: 0.34420791076548307
BEST_F1_MI: 0.9508942103667778 BEST_F1_MA: 0.4605600246420051 BEST_ACC_MI: 0.9508942103667778 BEST_F1_MA: 0.5558710189239219
[[2839  202   26   18]
 [   2   47    0   26]
 [   1   60    0   43]
 [   0    9    0   26]]
Epoch: [52/200], cls_loss: 0.3279, transfer_loss: -3.9259,person_loss: -1.5417, total_Loss: -1.7892
trian begin
trian end
n_person 578
SAMPLE
F1_MI: 0.7781145801758107 F1_MA: 0.37371133922234395 ACC_MI: 0.7781145801758108 F1_MA: 0.31476314350757734
BEST_F1_MI: 0.9508942103667778 BEST_F1_MA: 0.4605600246420051 BEST_ACC_MI: 0.9508942103667778 BEST_F1_MA: 0.5558710189239219
[[2494  166  366   59]
 [   3   12   31   29]
 [   1    2   46   55]
 [   0    2   18   15]]
Epoch: [53/200], cls_loss: 0.3593, transfer_loss: -3.9048,person_loss: -1.5499, total_Loss: -1.7481
trian begin
trian end
n_person 578
SAMPLE
F1_MI: 0.49439224007274934 F1_MA: 0.40662180047122054 ACC_MI: 0.49439224007274934 F1_MA: 0.4397808417184534
BEST_F1_MI: 0.9508942103667778 BEST_F1_MA: 0.4605600246420051 BEST_ACC_MI: 0.9508942103667778 BEST_F1_MA: 0.5558710189239219
[[1530    1 1511   43]
 [   0    2   69    4]
 [   2    0   97    5]
 [   0    0   33    2]]
Epoch: [54/200], cls_loss: 0.3397, transfer_loss: -3.9438,person_loss: -1.5818, total_Loss: -1.7904
trian begin
trian end
n_person 578
SAMPLE
F1_MI: 0.8863291906638375 F1_MA: 0.37793099386695067 ACC_MI: 0.8863291906638375 F1_MA: 0.3313796589786252
BEST_F1_MI: 0.9508942103667778 BEST_F1_MA: 0.4605600246420051 BEST_ACC_MI: 0.9508942103667778 BEST_F1_MA: 0.5558710189239219
[[2882    7  115   81]
 [  14    1   10   50]
 [  19    1   19   65]
 [   8    0    5   22]]
Epoch: [55/200], cls_loss: 0.3356, transfer_loss: -3.9612,person_loss: -1.5573, total_Loss: -1.8007
trian begin
trian end
n_person 578
SAMPLE
F1_MI: 0.9308881479236132 F1_MA: 0.4681989354891594 ACC_MI: 0.9308881479236132 F1_MA: 0.4657628704394716
BEST_F1_MI: 0.9508942103667778 BEST_F1_MA: 0.4681989354891594 BEST_ACC_MI: 0.9508942103667778 BEST_F1_MA: 0.5558710189239219
[[3031    0   39   15]
 [  20    1    1   53]
 [  15    1   12   76]
 [   5    0    3   27]]
Epoch: [56/200], cls_loss: 0.3357, transfer_loss: -3.9435,person_loss: -1.5648, total_Loss: -1.7925
trian begin
trian end
n_person 578
SAMPLE
F1_MI: 0.9239163382843286 F1_MA: 0.36919944738599114 ACC_MI: 0.9239163382843286 F1_MA: 0.31453058820685076
BEST_F1_MI: 0.9508942103667778 BEST_F1_MA: 0.4681989354891594 BEST_ACC_MI: 0.9508942103667778 BEST_F1_MA: 0.5558710189239219
[[3017   62    0    6]
 [  45    5    1   24]
 [  36    4    0   64]
 [   9    0    0   26]]
Epoch: [57/200], cls_loss: 0.3568, transfer_loss: -3.9374,person_loss: -1.5418, total_Loss: -1.7661
trian begin
trian end
n_person 578
SAMPLE
F1_MI: 0.8326765686571689 F1_MA: 0.44853003826647114 ACC_MI: 0.8326765686571689 F1_MA: 0.4398133772186986
BEST_F1_MI: 0.9508942103667778 BEST_F1_MA: 0.4681989354891594 BEST_ACC_MI: 0.9508942103667778 BEST_F1_MA: 0.5558710189239219
[[2698  250    0  137]
 [   6    8    1   60]
 [   4    0   17   83]
 [   2    1    8   24]]
Epoch: [58/200], cls_loss: 0.3409, transfer_loss: -3.9468,person_loss: -1.5839, total_Loss: -1.7909
trian begin
trian end
n_person 578
SAMPLE
F1_MI: 0.018793573810245528 F1_MA: 0.1802235581787909 ACC_MI: 0.018793573810245528 F1_MA: 0.17214491758718006
BEST_F1_MI: 0.9508942103667778 BEST_F1_MA: 0.4681989354891594 BEST_ACC_MI: 0.9508942103667778 BEST_F1_MA: 0.5558710189239219
[[  30 1776  114 1165]
 [   5   11    1   58]
 [   5   18    0   81]
 [   5    9    0   21]]
Epoch: [59/200], cls_loss: 0.3452, transfer_loss: -3.9259,person_loss: -1.5890, total_Loss: -1.7767
trian begin
trian end
n_person 578
SAMPLE
F1_MI: 0.07032434070930585 F1_MA: 0.24207999172226427 ACC_MI: 0.07032434070930585 F1_MA: 0.22861463231990417
BEST_F1_MI: 0.9508942103667778 BEST_F1_MA: 0.4681989354891594 BEST_ACC_MI: 0.9508942103667778 BEST_F1_MA: 0.5558710189239219
[[ 195 1807    8 1075]
 [   9    6    0   60]
 [  13    7    0   84]
 [   3    1    0   31]]
Epoch: [60/200], cls_loss: 0.3321, transfer_loss: -3.9327,person_loss: -1.5604, total_Loss: -1.7903
trian begin
trian end
n_person 578
SAMPLE
F1_MI: 0.6268566232191574 F1_MA: 0.34061589155400923 ACC_MI: 0.6268566232191574 F1_MA: 0.3026481132937764
BEST_F1_MI: 0.9508942103667778 BEST_F1_MA: 0.4681989354891594 BEST_ACC_MI: 0.9508942103667778 BEST_F1_MA: 0.5558710189239219
[[2018  271  790    6]
 [   6   22    6   41]
 [  17   17   10   60]
 [   9    5    3   18]]
Epoch: [61/200], cls_loss: 0.3290, transfer_loss: -3.9086,person_loss: -1.5879, total_Loss: -1.7841
trian begin
trian end
n_person 578
SAMPLE
F1_MI: 0.9421036677781146 F1_MA: 0.453961514888481 ACC_MI: 0.9421036677781146 F1_MA: 0.4369417862838915
BEST_F1_MI: 0.9508942103667778 BEST_F1_MA: 0.4681989354891594 BEST_ACC_MI: 0.9508942103667778 BEST_F1_MA: 0.5558710189239219
[[3073    0    0   12]
 [  20    7    0   48]
 [  35    5    0   64]
 [   7    0    0   28]]
Epoch: [62/200], cls_loss: 0.3143, transfer_loss: -3.9032,person_loss: -1.5901, total_Loss: -1.7963
trian begin
trian end
n_person 578
SAMPLE
F1_MI: 0.8666262503789027 F1_MA: 0.4009389332392613 ACC_MI: 0.8666262503789027 F1_MA: 0.3659302219008727
BEST_F1_MI: 0.9508942103667778 BEST_F1_MA: 0.4681989354891594 BEST_ACC_MI: 0.9508942103667778 BEST_F1_MA: 0.5558710189239219
[[2804  225   36   20]
 [   0   24   11   40]
 [   0   46   18   40]
 [   0   21    1   13]]
Epoch: [63/200], cls_loss: 0.3253, transfer_loss: -3.9223,person_loss: -1.5528, total_Loss: -1.7912
trian begin
trian end
n_person 578
SAMPLE
F1_MI: 0.1724765080327372 F1_MA: 0.3522238908114912 ACC_MI: 0.1724765080327372 F1_MA: 0.3595256636077375
BEST_F1_MI: 0.9508942103667778 BEST_F1_MA: 0.4681989354891594 BEST_ACC_MI: 0.9508942103667778 BEST_F1_MA: 0.5558710189239219
[[ 496 2509   61   19]
 [   2   17   44   12]
 [   3   16   32   53]
 [   0    2    9   24]]
Epoch: [64/200], cls_loss: 0.3333, transfer_loss: -3.9479,person_loss: -1.5516, total_Loss: -1.7959
trian begin
trian end
n_person 578
SAMPLE
F1_MI: 0.657168839042134 F1_MA: 0.34946936733952677 ACC_MI: 0.657168839042134 F1_MA: 0.3054850999321707
BEST_F1_MI: 0.9508942103667778 BEST_F1_MA: 0.4681989354891594 BEST_ACC_MI: 0.9508942103667778 BEST_F1_MA: 0.5558710189239219
[[2074  301  231  479]
 [   6    0   62    7]
 [   0    0   91   13]
 [   2    0   30    3]]
Epoch: [65/200], cls_loss: 0.3160, transfer_loss: -3.9497,person_loss: -1.5436, total_Loss: -1.8132
trian begin
trian end
n_person 578
SAMPLE
F1_MI: 0.39375568354046686 F1_MA: 0.3030031742806821 ACC_MI: 0.3937556835404668 F1_MA: 0.2630522361229262
BEST_F1_MI: 0.9508942103667778 BEST_F1_MA: 0.4681989354891594 BEST_ACC_MI: 0.9508942103667778 BEST_F1_MA: 0.5558710189239219
[[1257  313  884  631]
 [   2    3    6   64]
 [   1    0    7   96]
 [   2    0    1   32]]
Epoch: [66/200], cls_loss: 0.3390, transfer_loss: -3.8441,person_loss: -1.5945, total_Loss: -1.7425
trian begin
trian end
n_person 578
SAMPLE
F1_MI: 0.8487420430433464 F1_MA: 0.40148111055278596 ACC_MI: 0.8487420430433464 F1_MA: 0.3314220080681309
BEST_F1_MI: 0.9508942103667778 BEST_F1_MA: 0.4681989354891594 BEST_ACC_MI: 0.9508942103667778 BEST_F1_MA: 0.5558710189239219
[[2749  275   38   23]
 [   1   13    4   57]
 [   9    1    6   88]
 [   1    2    0   32]]
Epoch: [67/200], cls_loss: 0.3121, transfer_loss: -3.9376,person_loss: -1.5610, total_Loss: -1.8128
trian begin
trian end
n_person 578
SAMPLE
F1_MI: 0.8914822673537436 F1_MA: 0.4126676115450289 ACC_MI: 0.8914822673537436 F1_MA: 0.35768044960932055
BEST_F1_MI: 0.9508942103667778 BEST_F1_MA: 0.4681989354891594 BEST_ACC_MI: 0.9508942103667778 BEST_F1_MA: 0.5558710189239219
[[2896  169   15    5]
 [  11   13    0   51]
 [  18    4    4   78]
 [   4    2    1   28]]
Epoch: [68/200], cls_loss: 0.3234, transfer_loss: -3.9591,person_loss: -1.5809, total_Loss: -1.8143
trian begin
trian end
n_person 578
SAMPLE
F1_MI: 0.6483782964534708 F1_MA: 0.37188154907306986 ACC_MI: 0.6483782964534708 F1_MA: 0.304539313251236
BEST_F1_MI: 0.9508942103667778 BEST_F1_MA: 0.4681989354891594 BEST_ACC_MI: 0.9508942103667778 BEST_F1_MA: 0.5558710189239219
[[2081   80  520  404]
 [   0   14    4   57]
 [   1    4   11   88]
 [   0    1    1   33]]
Epoch: [69/200], cls_loss: 0.3434, transfer_loss: -3.9391,person_loss: -1.5692, total_Loss: -1.7831
trian begin
trian end
n_person 578
SAMPLE
F1_MI: 0.01424674143679903 F1_MA: 0.20639669676811104 ACC_MI: 0.01424674143679903 F1_MA: 0.18581241607271975
BEST_F1_MI: 0.9508942103667778 BEST_F1_MA: 0.4681989354891594 BEST_ACC_MI: 0.9508942103667778 BEST_F1_MA: 0.5558710189239219
[[  14   18   25 3028]
 [   3    0    3   69]
 [   1    4    1   98]
 [   2    0    1   32]]
Epoch: [70/200], cls_loss: 0.3195, transfer_loss: -3.9397,person_loss: -1.5732, total_Loss: -1.8077
trian begin
trian end
n_person 578
SAMPLE
F1_MI: 0.7920581994543802 F1_MA: 0.3890991776465535 ACC_MI: 0.7920581994543802 F1_MA: 0.3227609180931627
BEST_F1_MI: 0.9508942103667778 BEST_F1_MA: 0.4681989354891594 BEST_ACC_MI: 0.9508942103667778 BEST_F1_MA: 0.5558710189239219
[[2561  392   75   57]
 [   8    6   10   51]
 [   1    2   14   87]
 [   0    1    2   32]]
Epoch: [71/200], cls_loss: 0.3357, transfer_loss: -3.9384,person_loss: -1.5916, total_Loss: -1.7927
trian begin
trian end
n_person 578
SAMPLE
F1_MI: 0.6938466201879357 F1_MA: 0.3621506663471032 ACC_MI: 0.6938466201879357 F1_MA: 0.29300679050888784
BEST_F1_MI: 0.9508942103667778 BEST_F1_MA: 0.4681989354891594 BEST_ACC_MI: 0.9508942103667778 BEST_F1_MA: 0.5558710189239219
[[2232  306  418  129]
 [   1   15    4   55]
 [   1    4   12   87]
 [   0    3    2   30]]
Epoch: [72/200], cls_loss: 0.3320, transfer_loss: -3.9445,person_loss: -1.5623, total_Loss: -1.7965
trian begin
trian end
n_person 578
SAMPLE
F1_MI: 0.8814792361321613 F1_MA: 0.35297716484984765 ACC_MI: 0.8814792361321613 F1_MA: 0.29799919967987193
BEST_F1_MI: 0.9508942103667778 BEST_F1_MA: 0.4681989354891594 BEST_ACC_MI: 0.9508942103667778 BEST_F1_MA: 0.5558710189239219
[[2879   13    3  190]
 [  21    2    1   51]
 [  32    0    0   72]
 [   8    0    0   27]]
Epoch: [73/200], cls_loss: 0.3384, transfer_loss: -3.9532,person_loss: -1.5803, total_Loss: -1.7963
trian begin
trian end
n_person 578
SAMPLE
F1_MI: 0.6223097908457108 F1_MA: 0.4276747482624886 ACC_MI: 0.6223097908457108 F1_MA: 0.48811983559637157
BEST_F1_MI: 0.9508942103667778 BEST_F1_MA: 0.4681989354891594 BEST_ACC_MI: 0.9508942103667778 BEST_F1_MA: 0.5558710189239219
[[2003 1014    0   68]
 [   4   29    1   41]
 [  12   22    6   64]
 [   7   13    0   15]]
Epoch: [74/200], cls_loss: 0.3271, transfer_loss: -3.9484,person_loss: -1.5662, total_Loss: -1.8037
trian begin
trian end
n_person 578
SAMPLE
F1_MI: 0.7190057593210065 F1_MA: 0.3181128074850673 ACC_MI: 0.7190057593210064 F1_MA: 0.25668208710396817
BEST_F1_MI: 0.9508942103667778 BEST_F1_MA: 0.4681989354891594 BEST_ACC_MI: 0.9508942103667778 BEST_F1_MA: 0.5558710189239219
[[2340    2   18  725]
 [   9    0    0   66]
 [   7    0    0   97]
 [   3    0    0   32]]
Epoch: [75/200], cls_loss: 0.3183, transfer_loss: -3.9262,person_loss: -1.5794, total_Loss: -1.8027
trian begin
trian end
n_person 578
SAMPLE
F1_MI: 0.27796301909669596 F1_MA: 0.3186411578722747 ACC_MI: 0.27796301909669596 F1_MA: 0.3264869615558845
BEST_F1_MI: 0.9508942103667778 BEST_F1_MA: 0.4681989354891594 BEST_ACC_MI: 0.9508942103667778 BEST_F1_MA: 0.5558710189239219
[[ 872 2209    0    4]
 [  10   20    6   39]
 [  12   27    1   64]
 [   4    7    0   24]]
Epoch: [76/200], cls_loss: 0.3124, transfer_loss: -3.9427,person_loss: -1.5510, total_Loss: -1.8141
trian begin
trian end
n_person 578
SAMPLE
F1_MI: 0.06214004243710215 F1_MA: 0.26803408703620457 ACC_MI: 0.06214004243710215 F1_MA: 0.26081119134504605
BEST_F1_MI: 0.9508942103667778 BEST_F1_MA: 0.4681989354891594 BEST_ACC_MI: 0.9508942103667778 BEST_F1_MA: 0.5558710189239219
[[ 146  404 1775  760]
 [   3   14   19   39]
 [   1   17   22   64]
 [   0    4    8   23]]
Epoch: [77/200], cls_loss: 0.3307, transfer_loss: -3.9520,person_loss: -1.5201, total_Loss: -1.7973
trian begin
trian end
n_person 578
SAMPLE
F1_MI: 0.8760230372840254 F1_MA: 0.33676083771429277 ACC_MI: 0.8760230372840254 F1_MA: 0.28915877445177296
BEST_F1_MI: 0.9508942103667778 BEST_F1_MA: 0.4681989354891594 BEST_ACC_MI: 0.9508942103667778 BEST_F1_MA: 0.5558710189239219
[[2865   16    0  204]
 [  13    2    0   60]
 [  26    0    0   78]
 [  12    0    0   23]]
Epoch: [78/200], cls_loss: 0.3324, transfer_loss: -3.8231,person_loss: -1.5684, total_Loss: -1.7359
trian begin
trian end
n_person 578
SAMPLE
F1_MI: 0.8602606850560774 F1_MA: 0.3509819932223807 ACC_MI: 0.8602606850560776 F1_MA: 0.2844299466136069
BEST_F1_MI: 0.9508942103667778 BEST_F1_MA: 0.4681989354891594 BEST_ACC_MI: 0.9508942103667778 BEST_F1_MA: 0.5558710189239219
[[2803   29  186   67]
 [   7    0    8   60]
 [   8    0    4   92]
 [   3    0    1   31]]
Epoch: [79/200], cls_loss: 0.3262, transfer_loss: -3.8453,person_loss: -1.5939, total_Loss: -1.7559
trian begin
trian end
n_person 578
SAMPLE
F1_MI: 0.5274325553197938 F1_MA: 0.35412843939422767 ACC_MI: 0.5274325553197938 F1_MA: 0.31748193698642635
BEST_F1_MI: 0.9508942103667778 BEST_F1_MA: 0.4681989354891594 BEST_ACC_MI: 0.9508942103667778 BEST_F1_MA: 0.5558710189239219
[[1685 1237  105   58]
 [   8    9   11   47]
 [   2    8   20   74]
 [   0    4    5   26]]
Epoch: [80/200], cls_loss: 0.3220, transfer_loss: -3.9183,person_loss: -1.5525, total_Loss: -1.7924
trian begin
trian end
n_person 578
SAMPLE
F1_MI: 0.40163685965444074 F1_MA: 0.33096194056495765 ACC_MI: 0.40163685965444074 F1_MA: 0.2995826951574771
BEST_F1_MI: 0.9508942103667778 BEST_F1_MA: 0.4681989354891594 BEST_ACC_MI: 0.9508942103667778 BEST_F1_MA: 0.5558710189239219
[[1274 1410  398    3]
 [  13   12    3   47]
 [   9    8   11   76]
 [   2    4    1   28]]
Epoch: [81/200], cls_loss: 0.3202, transfer_loss: -3.9550,person_loss: -1.5299, total_Loss: -1.8103
trian begin
trian end
n_person 578
SAMPLE
F1_MI: 0.8972415883601091 F1_MA: 0.3929820061262398 ACC_MI: 0.8972415883601091 F1_MA: 0.3411753084306015
BEST_F1_MI: 0.9508942103667778 BEST_F1_MA: 0.4681989354891594 BEST_ACC_MI: 0.9508942103667778 BEST_F1_MA: 0.5558710189239219
[[2925   83   11   66]
 [  15    0    3   57]
 [  13    0    5   86]
 [   4    0    1   30]]
Epoch: [82/200], cls_loss: 0.3222, transfer_loss: -3.9058,person_loss: -1.5380, total_Loss: -1.7845
trian begin
trian end
n_person 578
SAMPLE
F1_MI: 0.7687177932706882 F1_MA: 0.3988147675759875 ACC_MI: 0.7687177932706881 F1_MA: 0.36897399907046824
BEST_F1_MI: 0.9508942103667778 BEST_F1_MA: 0.4681989354891594 BEST_ACC_MI: 0.9508942103667778 BEST_F1_MA: 0.5558710189239219
[[2477  583   22    3]
 [  14   32    9   20]
 [  13   21   14   56]
 [   4   16    2   13]]
Epoch: [83/200], cls_loss: 0.3159, transfer_loss: -3.9234,person_loss: -1.5514, total_Loss: -1.8009
trian begin
trian end
n_person 578
SAMPLE
F1_MI: 0.7793270688087299 F1_MA: 0.3585066516948146 ACC_MI: 0.7793270688087299 F1_MA: 0.2958389091580261
BEST_F1_MI: 0.9508942103667778 BEST_F1_MA: 0.4681989354891594 BEST_ACC_MI: 0.9508942103667778 BEST_F1_MA: 0.5558710189239219
[[2533   14  251  287]
 [   2    2    3   68]
 [   2    2    3   97]
 [   0    1    1   33]]
Epoch: [84/200], cls_loss: 0.2974, transfer_loss: -3.9499,person_loss: -1.5147, total_Loss: -1.8290
trian begin
trian end
n_person 578
SAMPLE
F1_MI: 0.8608669293725372 F1_MA: 0.4021587088519545 ACC_MI: 0.8608669293725372 F1_MA: 0.3387913489553672
BEST_F1_MI: 0.9508942103667778 BEST_F1_MA: 0.4681989354891594 BEST_ACC_MI: 0.9508942103667778 BEST_F1_MA: 0.5558710189239219
[[2793   19  224   49]
 [   6    4    7   58]
 [   3    0   11   90]
 [   1    0    2   32]]
Epoch: [85/200], cls_loss: 0.3175, transfer_loss: -3.9280,person_loss: -1.5094, total_Loss: -1.7974
trian begin
trian end
n_person 578
SAMPLE
F1_MI: 0.800242497726584 F1_MA: 0.36050485313822117 ACC_MI: 0.8002424977265838 F1_MA: 0.298004697326637
BEST_F1_MI: 0.9508942103667778 BEST_F1_MA: 0.4681989354891594 BEST_ACC_MI: 0.9508942103667778 BEST_F1_MA: 0.5558710189239219
[[2596  312  136   41]
 [   3   13    6   53]
 [   6    8    4   86]
 [   1    4    3   27]]
Epoch: [86/200], cls_loss: 0.3257, transfer_loss: -3.9350,person_loss: -1.5196, total_Loss: -1.7938
trian begin
trian end
n_person 578
SAMPLE
F1_MI: 0.8878448014549863 F1_MA: 0.35826607838556546 ACC_MI: 0.8878448014549863 F1_MA: 0.2949954421343052
BEST_F1_MI: 0.9508942103667778 BEST_F1_MA: 0.4681989354891594 BEST_ACC_MI: 0.9508942103667778 BEST_F1_MA: 0.5558710189239219
[[2894    2   52  137]
 [  11    0    1   63]
 [  11    0    6   87]
 [   3    0    3   29]]
Epoch: [87/200], cls_loss: 0.2971, transfer_loss: -3.9637,person_loss: -1.5331, total_Loss: -1.8380
trian begin
trian end
n_person 578
SAMPLE
F1_MI: 0.7235525916944529 F1_MA: 0.36195492249071254 ACC_MI: 0.7235525916944529 F1_MA: 0.305882822271554
BEST_F1_MI: 0.9508942103667778 BEST_F1_MA: 0.4681989354891594 BEST_ACC_MI: 0.9508942103667778 BEST_F1_MA: 0.5558710189239219
[[2330  109  592   54]
 [   4    9   10   52]
 [   7    5   25   67]
 [   1    2    9   23]]
Epoch: [88/200], cls_loss: 0.2975, transfer_loss: -3.9370,person_loss: -1.5437, total_Loss: -1.8253
trian begin
trian end
n_person 578
SAMPLE
F1_MI: 0.6589875719915126 F1_MA: 0.3304448327950289 ACC_MI: 0.6589875719915126 F1_MA: 0.31466534567621013
BEST_F1_MI: 0.9508942103667778 BEST_F1_MA: 0.4681989354891594 BEST_ACC_MI: 0.9508942103667778 BEST_F1_MA: 0.5558710189239219
[[2142  931    3    9]
 [  11   13    2   49]
 [  28    6    1   69]
 [   9    7    1   18]]
Epoch: [89/200], cls_loss: 0.3099, transfer_loss: -3.9432,person_loss: -1.5422, total_Loss: -1.8159
trian begin
trian end
n_person 578
SAMPLE
F1_MI: 0.8157017277963019 F1_MA: 0.37486865285075943 ACC_MI: 0.8157017277963019 F1_MA: 0.32152217623400187
BEST_F1_MI: 0.9508942103667778 BEST_F1_MA: 0.4681989354891594 BEST_ACC_MI: 0.9508942103667778 BEST_F1_MA: 0.5558710189239219
[[2639  310  128    8]
 [   4   17   12   42]
 [   9   17   15   63]
 [   3    6    6   20]]
Epoch: [90/200], cls_loss: 0.3133, transfer_loss: -3.9208,person_loss: -1.5685, total_Loss: -1.8040
trian begin
trian end
n_person 578
SAMPLE
F1_MI: 0.8605638072143074 F1_MA: 0.370641281563934 ACC_MI: 0.8605638072143074 F1_MA: 0.34882559388343387
BEST_F1_MI: 0.9508942103667778 BEST_F1_MA: 0.4681989354891594 BEST_ACC_MI: 0.9508942103667778 BEST_F1_MA: 0.5558710189239219
[[2802  259   10   14]
 [   9   14   12   40]
 [  18   18    9   59]
 [   5   11    5   14]]
Epoch: [91/200], cls_loss: 0.2960, transfer_loss: -3.9662,person_loss: -1.5495, total_Loss: -1.8420
trian begin
trian end
n_person 578
SAMPLE
F1_MI: 0.9211882388602607 F1_MA: 0.3597935115318978 ACC_MI: 0.9211882388602607 F1_MA: 0.3361295824687166
BEST_F1_MI: 0.9508942103667778 BEST_F1_MA: 0.4681989354891594 BEST_ACC_MI: 0.9508942103667778 BEST_F1_MA: 0.5558710189239219
[[3009   38   16   22]
 [  19    0   25   31]
 [  37    0   15   52]
 [  13    1    6   15]]
Epoch: [92/200], cls_loss: 0.2830, transfer_loss: -3.9510,person_loss: -1.5404, total_Loss: -1.8466
trian begin
trian end
n_person 578
SAMPLE
F1_MI: 0.9381630797211277 F1_MA: 0.3433564194250832 ACC_MI: 0.9381630797211277 F1_MA: 0.36886167992695973
BEST_F1_MI: 0.9508942103667778 BEST_F1_MA: 0.4681989354891594 BEST_ACC_MI: 0.9508942103667778 BEST_F1_MA: 0.5558710189239219
[[3081    3    0    1]
 [  41    5    6   23]
 [  58    7    2   37]
 [  18    7    3    7]]
Epoch: [93/200], cls_loss: 0.3127, transfer_loss: -3.9243,person_loss: -1.5021, total_Loss: -1.7997
trian begin
trian end
n_person 578
SAMPLE
F1_MI: 0.8481357987268869 F1_MA: 0.4289937618573808 ACC_MI: 0.8481357987268869 F1_MA: 0.40466144569173385
BEST_F1_MI: 0.9508942103667778 BEST_F1_MA: 0.4681989354891594 BEST_ACC_MI: 0.9508942103667778 BEST_F1_MA: 0.5558710189239219
[[2752  329    0    4]
 [  11   20    5   39]
 [  20   22    4   58]
 [   6    6    1   22]]
Epoch: [94/200], cls_loss: 0.3221, transfer_loss: -3.9565,person_loss: -1.4936, total_Loss: -1.8055
trian begin
trian end
n_person 578
SAMPLE
F1_MI: 0.8993634434677175 F1_MA: 0.344739570435049 ACC_MI: 0.8993634434677175 F1_MA: 0.3019528516532511
BEST_F1_MI: 0.9508942103667778 BEST_F1_MA: 0.4681989354891594 BEST_ACC_MI: 0.9508942103667778 BEST_F1_MA: 0.5558710189239219
[[2935  142    0    8]
 [  19   17    2   37]
 [  36   20    0   48]
 [  14    6    0   15]]
Epoch: [95/200], cls_loss: 0.2875, transfer_loss: -3.9576,person_loss: -1.5046, total_Loss: -1.8417
trian begin
trian end
n_person 578
SAMPLE
F1_MI: 0.114277053652622 F1_MA: 0.2521071769554165 ACC_MI: 0.114277053652622 F1_MA: 0.2826257583685027
BEST_F1_MI: 0.9508942103667778 BEST_F1_MA: 0.4681989354891594 BEST_ACC_MI: 0.9508942103667778 BEST_F1_MA: 0.5558710189239219
[[ 328 1476 1279    2]
 [   8   13   28   26]
 [   5   21   21   57]
 [   2    4   14   15]]
Epoch: [96/200], cls_loss: 0.3182, transfer_loss: -3.9595,person_loss: -1.4992, total_Loss: -1.8114
trian begin
trian end
n_person 578
SAMPLE
F1_MI: 0.8526826311003335 F1_MA: 0.34437718023686886 ACC_MI: 0.8526826311003335 F1_MA: 0.2960471864637852
BEST_F1_MI: 0.9508942103667778 BEST_F1_MA: 0.4681989354891594 BEST_ACC_MI: 0.9508942103667778 BEST_F1_MA: 0.5558710189239219
[[2780  178   59   68]
 [  17    8    3   47]
 [  29    3    4   68]
 [  13    0    1   21]]
Epoch: [97/200], cls_loss: 0.2778, transfer_loss: -3.9524,person_loss: -1.5049, total_Loss: -1.8489
trian begin
trian end
n_person 578
SAMPLE
F1_MI: 0.7120339496817218 F1_MA: 0.38192157584064756 ACC_MI: 0.7120339496817217 F1_MA: 0.37717551370296654
BEST_F1_MI: 0.9508942103667778 BEST_F1_MA: 0.4681989354891594 BEST_ACC_MI: 0.9508942103667778 BEST_F1_MA: 0.5558710189239219
[[2310  750    2   23]
 [  25   17    2   31]
 [  39    3    3   59]
 [  13    2    1   19]]
Epoch: [98/200], cls_loss: 0.3198, transfer_loss: -3.9526,person_loss: -1.4929, total_Loss: -1.8058
trian begin
trian end
n_person 578
SAMPLE
F1_MI: 0.04395271294331616 F1_MA: 0.2993662434265836 ACC_MI: 0.04395271294331616 F1_MA: 0.30712097240310915
BEST_F1_MI: 0.9508942103667778 BEST_F1_MA: 0.4681989354891594 BEST_ACC_MI: 0.9508942103667778 BEST_F1_MA: 0.5558710189239219
[[  85 2902   91    7]
 [   4   19   18   34]
 [   3   10   15   76]
 [   0    4    5   26]]
Epoch: [99/200], cls_loss: 0.3173, transfer_loss: -3.9625,person_loss: -1.4975, total_Loss: -1.8137
trian begin
trian end
n_person 578
SAMPLE
F1_MI: 0.9136101849045165 F1_MA: 0.4900713859991195 ACC_MI: 0.9136101849045165 F1_MA: 0.5186623677248677
BEST_F1_MI: 0.9508942103667778 BEST_F1_MA: 0.4900713859991195 BEST_ACC_MI: 0.9508942103667778 BEST_F1_MA: 0.5558710189239219
[[2963  118    1    3]
 [  18   33    0   24]
 [  31   16    3   54]
 [  12    8    0   15]]
Epoch: [100/200], cls_loss: 0.3167, transfer_loss: -3.9669,person_loss: -1.5028, total_Loss: -1.8170
trian begin
trian end
n_person 578
SAMPLE
F1_MI: 0.6832373446498939 F1_MA: 0.3395432904709453 ACC_MI: 0.6832373446498939 F1_MA: 0.2749312106617489
BEST_F1_MI: 0.9508942103667778 BEST_F1_MA: 0.4900713859991195 BEST_ACC_MI: 0.9508942103667778 BEST_F1_MA: 0.5558710189239219
[[2210  681    8  186]
 [   3   13    0   59]
 [   4    9    0   91]
 [   0    3    1   31]]
Epoch: [101/200], cls_loss: 0.2965, transfer_loss: -3.9692,person_loss: -1.5299, total_Loss: -1.8410
trian begin
trian end
n_person 578
SAMPLE
F1_MI: 0.7296150348590482 F1_MA: 0.3529424836404443 ACC_MI: 0.7296150348590482 F1_MA: 0.29874303441237277
BEST_F1_MI: 0.9508942103667778 BEST_F1_MA: 0.4900713859991195 BEST_ACC_MI: 0.9508942103667778 BEST_F1_MA: 0.5558710189239219
[[2359  718    3    5]
 [  16   27    2   30]
 [  23   20    0   61]
 [   8    6    0   21]]
Epoch: [102/200], cls_loss: 0.3147, transfer_loss: -3.9611,person_loss: -1.5059, total_Loss: -1.8164
trian begin
trian end
n_person 578
SAMPLE
F1_MI: 0.2888754167929676 F1_MA: 0.3135161641260334 ACC_MI: 0.2888754167929676 F1_MA: 0.3067551853108337
BEST_F1_MI: 0.9508942103667778 BEST_F1_MA: 0.4900713859991195 BEST_ACC_MI: 0.9508942103667778 BEST_F1_MA: 0.5558710189239219
[[ 902  105 2050   28]
 [   6   12   14   43]
 [   8   10   15   71]
 [   3    1    7   24]]
Epoch: [103/200], cls_loss: 0.2990, transfer_loss: -3.9454,person_loss: -1.5332, total_Loss: -1.8270
trian begin
trian end
n_person 578
SAMPLE
F1_MI: 0.8902697787208246 F1_MA: 0.4021060699357355 ACC_MI: 0.8902697787208245 F1_MA: 0.3621307359606054
BEST_F1_MI: 0.9508942103667778 BEST_F1_MA: 0.4900713859991195 BEST_ACC_MI: 0.9508942103667778 BEST_F1_MA: 0.5558710189239219
[[2885  188    9    3]
 [   8   34   12   21]
 [  12   36    5   51]
 [   6   15    1   13]]
Epoch: [104/200], cls_loss: 0.3108, transfer_loss: -3.9515,person_loss: -1.5152, total_Loss: -1.8165
trian begin
trian end
n_person 578
SAMPLE
F1_MI: 0.8178235829039103 F1_MA: 0.34484767008003037 ACC_MI: 0.8178235829039103 F1_MA: 0.28057688017384347
BEST_F1_MI: 0.9508942103667778 BEST_F1_MA: 0.4900713859991195 BEST_ACC_MI: 0.9508942103667778 BEST_F1_MA: 0.5558710189239219
[[2664  306   32   83]
 [  10    3    5   57]
 [   9   10    0   85]
 [   3    0    1   31]]
Epoch: [105/200], cls_loss: 0.3108, transfer_loss: -3.9581,person_loss: -1.5182, total_Loss: -1.8201
trian begin
trian end
n_person 578
SAMPLE
F1_MI: 0.5738102455289482 F1_MA: 0.31175678288513387 ACC_MI: 0.5738102455289482 F1_MA: 0.28175738918811827
BEST_F1_MI: 0.9508942103667778 BEST_F1_MA: 0.4900713859991195 BEST_ACC_MI: 0.9508942103667778 BEST_F1_MA: 0.5558710189239219
[[1861 1199    6   19]
 [   9    8    1   57]
 [   9   12    0   83]
 [   2    9    0   24]]
Epoch: [106/200], cls_loss: 0.3139, transfer_loss: -3.9564,person_loss: -1.5310, total_Loss: -1.8174
trian begin
trian end
n_person 578
SAMPLE
F1_MI: 0.7526523188845105 F1_MA: 0.3303962148041637 ACC_MI: 0.7526523188845105 F1_MA: 0.2768022536093545
BEST_F1_MI: 0.9508942103667778 BEST_F1_MA: 0.4900713859991195 BEST_ACC_MI: 0.9508942103667778 BEST_F1_MA: 0.5558710189239219
[[2447  549    0   89]
 [   7   12    0   56]
 [   6   11    0   87]
 [   5    6    0   24]]
Epoch: [107/200], cls_loss: 0.2947, transfer_loss: -3.8505,person_loss: -1.5855, total_Loss: -1.7891
trian begin
trian end
n_person 578
SAMPLE
F1_MI: 0.3431342831160958 F1_MA: 0.3340732454256888 ACC_MI: 0.3431342831160958 F1_MA: 0.31332705933445554
BEST_F1_MI: 0.9508942103667778 BEST_F1_MA: 0.4900713859991195 BEST_ACC_MI: 0.9508942103667778 BEST_F1_MA: 0.5558710189239219
[[1081 1925   53   26]
 [   6   16    4   49]
 [  10    9    7   78]
 [   3    3    1   28]]
Epoch: [108/200], cls_loss: 0.2903, transfer_loss: -3.9523,person_loss: -1.5422, total_Loss: -1.8401
trian begin
trian end
n_person 578
SAMPLE
F1_MI: 0.9321006365565323 F1_MA: 0.4390706814320926 ACC_MI: 0.9321006365565323 F1_MA: 0.5188118829692312
BEST_F1_MI: 0.9508942103667778 BEST_F1_MA: 0.4900713859991195 BEST_ACC_MI: 0.9508942103667778 BEST_F1_MA: 0.5558710189239219
[[3049   24    1   11]
 [  28    5    0   42]
 [  42   11    7   44]
 [  11   10    0   14]]
Epoch: [109/200], cls_loss: 0.2902, transfer_loss: -3.9586,person_loss: -1.5289, total_Loss: -1.8420
trian begin
trian end
n_person 578
SAMPLE
F1_MI: 0.013943619278569264 F1_MA: 0.19814459006692264 ACC_MI: 0.013943619278569264 F1_MA: 0.16898668807193074
BEST_F1_MI: 0.9508942103667778 BEST_F1_MA: 0.4900713859991195 BEST_ACC_MI: 0.9508942103667778 BEST_F1_MA: 0.5558710189239219
[[  11  157   34 2883]
 [   2    3    0   70]
 [   3    0    0  101]
 [   1    2    0   32]]
Epoch: [110/200], cls_loss: 0.2985, transfer_loss: -3.9670,person_loss: -1.5298, total_Loss: -1.8380
trian begin
trian end
n_person 578
SAMPLE
F1_MI: 0.9387693240375872 F1_MA: 0.3614366262616037 ACC_MI: 0.9387693240375872 F1_MA: 0.31132761939182035
BEST_F1_MI: 0.9508942103667778 BEST_F1_MA: 0.4900713859991195 BEST_ACC_MI: 0.9508942103667778 BEST_F1_MA: 0.5558710189239219
[[3071    4    5    5]
 [  26    1    1   47]
 [  25    4    0   75]
 [   9    1    0   25]]
Epoch: [111/200], cls_loss: 0.3252, transfer_loss: -3.9743,person_loss: -1.5636, total_Loss: -1.8183
trian begin
trian end
n_person 578
SAMPLE
F1_MI: 0.8560169748408608 F1_MA: 0.3608658016613216 ACC_MI: 0.8560169748408608 F1_MA: 0.29040232194230853
BEST_F1_MI: 0.9508942103667778 BEST_F1_MA: 0.4900713859991195 BEST_ACC_MI: 0.9508942103667778 BEST_F1_MA: 0.5558710189239219
[[2783  210   22   70]
 [   4   11    0   60]
 [   2    5    0   97]
 [   4    1    0   30]]
Epoch: [112/200], cls_loss: 0.3048, transfer_loss: -3.9512,person_loss: -1.5623, total_Loss: -1.8270
trian begin
trian end
n_person 578
SAMPLE
F1_MI: 0.5810851773264626 F1_MA: 0.3045613551985168 ACC_MI: 0.5810851773264626 F1_MA: 0.2604064121950929
BEST_F1_MI: 0.9508942103667778 BEST_F1_MA: 0.4900713859991195 BEST_ACC_MI: 0.9508942103667778 BEST_F1_MA: 0.5558710189239219
[[1852 1208    0   25]
 [   5   65    0    5]
 [   2   93    0    9]
 [   2   33    0    0]]
Epoch: [113/200], cls_loss: 0.2740, transfer_loss: -3.9628,person_loss: -1.5243, total_Loss: -1.8598
trian begin
trian end
n_person 578
SAMPLE
F1_MI: 0.9351318581388299 F1_MA: 0.371580198564916 ACC_MI: 0.9351318581388299 F1_MA: 0.3343784881993463
BEST_F1_MI: 0.9508942103667778 BEST_F1_MA: 0.4900713859991195 BEST_ACC_MI: 0.9508942103667778 BEST_F1_MA: 0.5558710189239219
[[3038   31    2   14]
 [  15   43    0   17]
 [  26   61    0   17]
 [  11   20    0    4]]
Epoch: [114/200], cls_loss: 0.2957, transfer_loss: -3.9394,person_loss: -1.5222, total_Loss: -1.8262
trian begin
trian end
n_person 578
SAMPLE
F1_MI: 0.4637769020915429 F1_MA: 0.30909739039873924 ACC_MI: 0.4637769020915429 F1_MA: 0.2682296169601669
BEST_F1_MI: 0.9508942103667778 BEST_F1_MA: 0.4900713859991195 BEST_ACC_MI: 0.9508942103667778 BEST_F1_MA: 0.5558710189239219
[[1456  776  853    0]
 [   1   74    0    0]
 [   2  102    0    0]
 [   0   35    0    0]]
Epoch: [115/200], cls_loss: 0.3092, transfer_loss: -3.9257,person_loss: -1.5127, total_Loss: -1.8050
trian begin
trian end
n_person 578
SAMPLE
F1_MI: 0.8184298272203698 F1_MA: 0.3794926327234202 ACC_MI: 0.8184298272203698 F1_MA: 0.3019353184213495
BEST_F1_MI: 0.9508942103667778 BEST_F1_MA: 0.4900713859991195 BEST_ACC_MI: 0.9508942103667778 BEST_F1_MA: 0.5558710189239219
[[2629  227    1  228]
 [   1   55    0   19]
 [   0   47    0   57]
 [   1   18    0   16]]
Epoch: [116/200], cls_loss: 0.2870, transfer_loss: -3.9369,person_loss: -1.4964, total_Loss: -1.8311
trian begin
trian end
n_person 578
SAMPLE
F1_MI: 0.04516520157623522 F1_MA: 0.2586800925423376 ACC_MI: 0.04516520157623522 F1_MA: 0.24512023237336997
BEST_F1_MI: 0.9508942103667778 BEST_F1_MA: 0.4900713859991195 BEST_ACC_MI: 0.9508942103667778 BEST_F1_MA: 0.5558710189239219
[[ 106 1008    0 1971]
 [   2   11    0   62]
 [   2    4    0   98]
 [   1    2    0   32]]
Epoch: [117/200], cls_loss: 0.2882, transfer_loss: -3.9621,person_loss: -1.5239, total_Loss: -1.8452
trian begin
trian end
n_person 578
SAMPLE
F1_MI: 0.8587450742649289 F1_MA: 0.37703822658975716 ACC_MI: 0.8587450742649287 F1_MA: 0.3177396182869129
BEST_F1_MI: 0.9508942103667778 BEST_F1_MA: 0.4900713859991195 BEST_ACC_MI: 0.9508942103667778 BEST_F1_MA: 0.5558710189239219
[[2793  193   13   86]
 [   4    9    3   59]
 [   6    5    3   90]
 [   0    2    5   28]]
Epoch: [118/200], cls_loss: 0.3038, transfer_loss: -3.9476,person_loss: -1.5161, total_Loss: -1.8216
trian begin
trian end
n_person 578
SAMPLE
F1_MI: 0.7523491967262805 F1_MA: 0.378923851583817 ACC_MI: 0.7523491967262806 F1_MA: 0.3118444097893138
BEST_F1_MI: 0.9508942103667778 BEST_F1_MA: 0.4900713859991195 BEST_ACC_MI: 0.9508942103667778 BEST_F1_MA: 0.5558710189239219
[[2428  477  142   38]
 [   1   10    6   58]
 [   1    8   13   82]
 [   0    2    2   31]]
Epoch: [119/200], cls_loss: 0.2898, transfer_loss: -3.9479,person_loss: -1.5080, total_Loss: -1.8350
trian begin
trian end
n_person 578
SAMPLE
F1_MI: 0.34343740527432554 F1_MA: 0.32027069777954953 ACC_MI: 0.34343740527432554 F1_MA: 0.29213411148228435
BEST_F1_MI: 0.9508942103667778 BEST_F1_MA: 0.4900713859991195 BEST_ACC_MI: 0.9508942103667778 BEST_F1_MA: 0.5558710189239219
[[1088 1875   34   88]
 [   2   12    0   61]
 [   1    5    2   96]
 [   0    2    2   31]]
Epoch: [120/200], cls_loss: 0.3060, transfer_loss: -3.9520,person_loss: -1.4910, total_Loss: -1.8191
trian begin
trian end
n_person 578
SAMPLE
F1_MI: 0.8845104577144589 F1_MA: 0.40938457840003895 ACC_MI: 0.8845104577144589 F1_MA: 0.34996450186919675
BEST_F1_MI: 0.9508942103667778 BEST_F1_MA: 0.4900713859991195 BEST_ACC_MI: 0.9508942103667778 BEST_F1_MA: 0.5558710189239219
[[2876   64    7  138]
 [   4    8    0   63]
 [   2    2    2   98]
 [   0    2    1   32]]
Epoch: [121/200], cls_loss: 0.3021, transfer_loss: -3.9671,person_loss: -1.5198, total_Loss: -1.8335
trian begin
trian end
n_person 578
SAMPLE
F1_MI: 0.7368899666565626 F1_MA: 0.3597578821122172 ACC_MI: 0.7368899666565626 F1_MA: 0.30644704695807995
BEST_F1_MI: 0.9508942103667778 BEST_F1_MA: 0.4900713859991195 BEST_ACC_MI: 0.9508942103667778 BEST_F1_MA: 0.5558710189239219
[[2394  606   36   49]
 [  12    1    0   62]
 [   5    0    4   95]
 [   2    0    1   32]]
Epoch: [122/200], cls_loss: 0.2775, transfer_loss: -3.9467,person_loss: -1.5203, total_Loss: -1.8479
trian begin
trian end
n_person 578
SAMPLE
F1_MI: 0.05486511063958775 F1_MA: 0.24515041787063188 ACC_MI: 0.05486511063958775 F1_MA: 0.2473715767743215
BEST_F1_MI: 0.9508942103667778 BEST_F1_MA: 0.4900713859991195 BEST_ACC_MI: 0.9508942103667778 BEST_F1_MA: 0.5558710189239219
[[ 148   20 2782  135]
 [  10    0    1   64]
 [   6    0    1   97]
 [   2    0    1   32]]
Epoch: [123/200], cls_loss: 0.3102, transfer_loss: -3.9057,person_loss: -1.4818, total_Loss: -1.7909
trian begin
trian end
n_person 578
SAMPLE
F1_MI: 0.7662928160048499 F1_MA: 0.3515404506620044 ACC_MI: 0.76629281600485 F1_MA: 0.2856827952991808
BEST_F1_MI: 0.9508942103667778 BEST_F1_MA: 0.4900713859991195 BEST_ACC_MI: 0.9508942103667778 BEST_F1_MA: 0.5558710189239219
[[2488  128  299  170]
 [   3    8    0   64]
 [   1    2    0  101]
 [   0    2    1   32]]
Epoch: [124/200], cls_loss: 0.2935, transfer_loss: -3.9295,person_loss: -1.4645, total_Loss: -1.8177
trian begin
trian end
n_person 578
SAMPLE
F1_MI: 0.8354046680812366 F1_MA: 0.38214113258783433 ACC_MI: 0.8354046680812367 F1_MA: 0.32339441254572776
BEST_F1_MI: 0.9508942103667778 BEST_F1_MA: 0.4900713859991195 BEST_ACC_MI: 0.9508942103667778 BEST_F1_MA: 0.5558710189239219
[[2700   75  179  131]
 [   1   10   12   52]
 [   5    4   24   71]
 [   0    2   11   22]]
Epoch: [125/200], cls_loss: 0.2966, transfer_loss: -3.9406,person_loss: -1.4799, total_Loss: -1.8217
trian begin
trian end
n_person 578
SAMPLE
F1_MI: 0.8763261594422551 F1_MA: 0.382169376761634 ACC_MI: 0.8763261594422552 F1_MA: 0.3259441838991266
BEST_F1_MI: 0.9508942103667778 BEST_F1_MA: 0.4900713859991195 BEST_ACC_MI: 0.9508942103667778 BEST_F1_MA: 0.5558710189239219
[[2853   98   25  109]
 [  11    2    1   61]
 [   8    7    7   82]
 [   2    0    4   29]]
Epoch: [126/200], cls_loss: 0.2834, transfer_loss: -3.9681,person_loss: -1.4763, total_Loss: -1.8483
trian begin
trian end
n_person 578
SAMPLE
F1_MI: 0.3058502576538345 F1_MA: 0.2784724094158395 ACC_MI: 0.3058502576538345 F1_MA: 0.27175415907401673
BEST_F1_MI: 0.9508942103667778 BEST_F1_MA: 0.4900713859991195 BEST_ACC_MI: 0.9508942103667778 BEST_F1_MA: 0.5558710189239219
[[ 942  179 1806  158]
 [  15   11   10   39]
 [   6   16   48   34]
 [   2    6   19    8]]
Epoch: [127/200], cls_loss: 0.2801, transfer_loss: -3.9666,person_loss: -1.4975, total_Loss: -1.8530
trian begin
trian end
n_person 578
SAMPLE
F1_MI: 0.8135798726886936 F1_MA: 0.35724783827759765 ACC_MI: 0.8135798726886936 F1_MA: 0.31169566798910875
BEST_F1_MI: 0.9508942103667778 BEST_F1_MA: 0.4900713859991195 BEST_ACC_MI: 0.9508942103667778 BEST_F1_MA: 0.5558710189239219
[[2637  103  322   23]
 [   6   12   15   42]
 [   4    8   18   74]
 [   2    6   10   17]]
Epoch: [128/200], cls_loss: 0.2786, transfer_loss: -3.9671,person_loss: -1.5516, total_Loss: -1.8601
trian begin
trian end
n_person 578
SAMPLE
F1_MI: 0.8529857532585632 F1_MA: 0.3604917567447833 ACC_MI: 0.8529857532585632 F1_MA: 0.28861712975929854
BEST_F1_MI: 0.9508942103667778 BEST_F1_MA: 0.4900713859991195 BEST_ACC_MI: 0.9508942103667778 BEST_F1_MA: 0.5558710189239219
[[2774  234   10   67]
 [   7    8    0   60]
 [   5    7    0   92]
 [   2    1    0   32]]
Epoch: [129/200], cls_loss: 0.2988, transfer_loss: -3.9574,person_loss: -1.5490, total_Loss: -1.8348
trian begin
trian end
n_person 578
SAMPLE
F1_MI: 0.8360109123976963 F1_MA: 0.3966487802319736 ACC_MI: 0.8360109123976963 F1_MA: 0.3489140065835373
BEST_F1_MI: 0.9508942103667778 BEST_F1_MA: 0.4900713859991195 BEST_ACC_MI: 0.9508942103667778 BEST_F1_MA: 0.5558710189239219
[[2720   53    3  309]
 [   6    6    0   63]
 [   8    6    2   88]
 [   0    2    3   30]]
Epoch: [130/200], cls_loss: 0.2823, transfer_loss: -3.9651,person_loss: -1.5322, total_Loss: -1.8535
trian begin
trian end
n_person 578
SAMPLE
F1_MI: 0.7390118217641709 F1_MA: 0.34320359446031146 ACC_MI: 0.7390118217641709 F1_MA: 0.29427292194281107
BEST_F1_MI: 0.9508942103667778 BEST_F1_MA: 0.4900713859991195 BEST_ACC_MI: 0.9508942103667778 BEST_F1_MA: 0.5558710189239219
[[2396   26  404  259]
 [   7    3    6   59]
 [   4    3   15   82]
 [   1    1    9   24]]
Epoch: [131/200], cls_loss: 0.2741, transfer_loss: -3.9719,person_loss: -1.5112, total_Loss: -1.8630
trian begin
trian end
n_person 578
SAMPLE
F1_MI: 0.8717793270688088 F1_MA: 0.4118177268057007 ACC_MI: 0.8717793270688088 F1_MA: 0.36845127131182376
BEST_F1_MI: 0.9508942103667778 BEST_F1_MA: 0.4900713859991195 BEST_ACC_MI: 0.9508942103667778 BEST_F1_MA: 0.5558710189239219
[[2839   92    2  152]
 [   8    6    0   61]
 [   7    5    1   91]
 [   2    3    0   30]]
Epoch: [132/200], cls_loss: 0.2718, transfer_loss: -3.9619,person_loss: -1.5370, total_Loss: -1.8629
trian begin
trian end
n_person 578
SAMPLE
F1_MI: 0.48893604122461354 F1_MA: 0.3580696888725632 ACC_MI: 0.48893604122461354 F1_MA: 0.3464143465878741
BEST_F1_MI: 0.9508942103667778 BEST_F1_MA: 0.4900713859991195 BEST_ACC_MI: 0.9508942103667778 BEST_F1_MA: 0.5558710189239219
[[1575 1110    0  400]
 [   3    5    2   65]
 [   3    2    2   97]
 [   1    1    2   31]]
Epoch: [133/200], cls_loss: 0.2646, transfer_loss: -3.9558,person_loss: -1.5119, total_Loss: -1.8645
trian begin
trian end
n_person 578
SAMPLE
F1_MI: 0.8763261594422551 F1_MA: 0.3527301574416931 ACC_MI: 0.8763261594422552 F1_MA: 0.2822897056034887
BEST_F1_MI: 0.9508942103667778 BEST_F1_MA: 0.4900713859991195 BEST_ACC_MI: 0.9508942103667778 BEST_F1_MA: 0.5558710189239219
[[2856   62    0  167]
 [   5    3    0   67]
 [   3    0    0  101]
 [   2    1    0   32]]
Epoch: [134/200], cls_loss: 0.3206, transfer_loss: -3.9474,person_loss: -1.4763, total_Loss: -1.8007
trian begin
trian end
n_person 578
SAMPLE
F1_MI: 0.847832676568657 F1_MA: 0.36678520744390186 ACC_MI: 0.8478326765686571 F1_MA: 0.2980215268815023
BEST_F1_MI: 0.9508942103667778 BEST_F1_MA: 0.4900713859991195 BEST_ACC_MI: 0.9508942103667778 BEST_F1_MA: 0.5558710189239219
[[2757  205   37   86]
 [  11    6    1   57]
 [   8    8    2   86]
 [   3    0    0   32]]
Epoch: [135/200], cls_loss: 0.2756, transfer_loss: -3.9164,person_loss: -1.5157, total_Loss: -1.8342
trian begin
trian end
n_person 578
SAMPLE
F1_MI: 0.43983025159139133 F1_MA: 0.3102107715610155 ACC_MI: 0.43983025159139133 F1_MA: 0.2926608876090955
BEST_F1_MI: 0.9508942103667778 BEST_F1_MA: 0.4900713859991195 BEST_ACC_MI: 0.9508942103667778 BEST_F1_MA: 0.5558710189239219
[[1410 1529   10  136]
 [   5   19    0   51]
 [   1   21    1   81]
 [   1   13    0   21]]
Epoch: [136/200], cls_loss: 0.3178, transfer_loss: -3.9616,person_loss: -1.5035, total_Loss: -1.8134
trian begin
trian end
n_person 578
SAMPLE
F1_MI: 0.9145195513792058 F1_MA: 0.5060056610525517 ACC_MI: 0.9145195513792058 F1_MA: 0.47292259842983614
BEST_F1_MI: 0.9508942103667778 BEST_F1_MA: 0.5060056610525517 BEST_ACC_MI: 0.9508942103667778 BEST_F1_MA: 0.5558710189239219
[[2946  123    2   14]
 [  14   48    1   12]
 [   5   33    4   62]
 [   2   13    1   19]]
Epoch: [137/200], cls_loss: 0.2995, transfer_loss: -3.9322,person_loss: -1.5433, total_Loss: -1.8210
trian begin
trian end
n_person 578
SAMPLE
F1_MI: 0.6638375265231888 F1_MA: 0.3470274460158411 ACC_MI: 0.6638375265231888 F1_MA: 0.3329247530428111
BEST_F1_MI: 0.9508942103667778 BEST_F1_MA: 0.5060056610525517 BEST_ACC_MI: 0.9508942103667778 BEST_F1_MA: 0.5558710189239219
[[2122  924   26   13]
 [   9   29   34    3]
 [  13   46   39    6]
 [   3    7   25    0]]
Epoch: [138/200], cls_loss: 0.2956, transfer_loss: -3.9383,person_loss: -1.5189, total_Loss: -1.8255
trian begin
trian end
n_person 578
SAMPLE
F1_MI: 0.7514398302515914 F1_MA: 0.36581131388556987 ACC_MI: 0.7514398302515914 F1_MA: 0.30054370197649083
BEST_F1_MI: 0.9508942103667778 BEST_F1_MA: 0.5060056610525517 BEST_ACC_MI: 0.9508942103667778 BEST_F1_MA: 0.5558710189239219
[[2434  418   17  216]
 [   5   11    0   59]
 [   1    5    2   96]
 [   0    2    1   32]]
Epoch: [139/200], cls_loss: 0.3011, transfer_loss: -3.9492,person_loss: -1.5438, total_Loss: -1.8279
trian begin
trian end
n_person 578
SAMPLE
F1_MI: 0.7041527735677477 F1_MA: 0.4460065657471149 ACC_MI: 0.7041527735677477 F1_MA: 0.3980752619143827
BEST_F1_MI: 0.9508942103667778 BEST_F1_MA: 0.5060056610525517 BEST_ACC_MI: 0.9508942103667778 BEST_F1_MA: 0.5558710189239219
[[2249  784    2   50]
 [   9   51    0   15]
 [   9   33    2   60]
 [   4    9    1   21]]
Epoch: [140/200], cls_loss: 0.3075, transfer_loss: -3.9401,person_loss: -1.5585, total_Loss: -1.8184
trian begin
trian end
n_person 578
SAMPLE
F1_MI: 0.7823582903910276 F1_MA: 0.3817613743781994 ACC_MI: 0.7823582903910276 F1_MA: 0.34323945002412937
BEST_F1_MI: 0.9508942103667778 BEST_F1_MA: 0.5060056610525517 BEST_ACC_MI: 0.9508942103667778 BEST_F1_MA: 0.5558710189239219
[[2511  212   55  307]
 [   3   27   31   14]
 [   2   29   36   37]
 [   0   11   17    7]]
Epoch: [141/200], cls_loss: 0.2828, transfer_loss: -3.9361,person_loss: -1.5737, total_Loss: -1.8426
trian begin
trian end
n_person 578
SAMPLE
F1_MI: 0.8839042133979994 F1_MA: 0.40978294823571937 ACC_MI: 0.8839042133979994 F1_MA: 0.34246244202460174
BEST_F1_MI: 0.9508942103667778 BEST_F1_MA: 0.5060056610525517 BEST_ACC_MI: 0.9508942103667778 BEST_F1_MA: 0.5558710189239219
[[2862  155    8   60]
 [  15   27    0   33]
 [  17   15    1   71]
 [   6    3    0   26]]
Epoch: [142/200], cls_loss: 0.2775, transfer_loss: -3.9737,person_loss: -1.5163, total_Loss: -1.8610
trian begin
trian end
n_person 578
SAMPLE
F1_MI: 0.7699302819036071 F1_MA: 0.3790980442844649 ACC_MI: 0.7699302819036071 F1_MA: 0.3226863841983494
BEST_F1_MI: 0.9508942103667778 BEST_F1_MA: 0.5060056610525517 BEST_ACC_MI: 0.9508942103667778 BEST_F1_MA: 0.5558710189239219
[[2496   64  484   41]
 [  12   15    0   48]
 [   9   16    0   79]
 [   3    3    0   29]]
Epoch: [143/200], cls_loss: 0.2750, transfer_loss: -3.9676,person_loss: -1.5074, total_Loss: -1.8596
trian begin
trian end
n_person 578
SAMPLE
F1_MI: 0.7938769324037587 F1_MA: 0.3404669824212219 ACC_MI: 0.7938769324037587 F1_MA: 0.2721865963122824
BEST_F1_MI: 0.9508942103667778 BEST_F1_MA: 0.5060056610525517 BEST_ACC_MI: 0.9508942103667778 BEST_F1_MA: 0.5558710189239219
[[2582  187   23  293]
 [   3    5    0   67]
 [   0    4    0  100]
 [   1    2    0   32]]
Epoch: [144/200], cls_loss: 0.2988, transfer_loss: -3.9753,person_loss: -1.5575, total_Loss: -1.8446
trian begin
trian end
n_person 578
SAMPLE
F1_MI: 0.6735374355865413 F1_MA: 0.3231551482151953 ACC_MI: 0.6735374355865413 F1_MA: 0.26149679046029795
BEST_F1_MI: 0.9508942103667778 BEST_F1_MA: 0.5060056610525517 BEST_ACC_MI: 0.9508942103667778 BEST_F1_MA: 0.5558710189239219
[[2186  163   27  709]
 [   6    3    0   66]
 [  10    8    0   86]
 [   2    0    0   33]]
Epoch: [145/200], cls_loss: 0.2721, transfer_loss: -3.9738,person_loss: -1.5584, total_Loss: -1.8706
trian begin
trian end
n_person 578
SAMPLE
F1_MI: 0.7687177932706882 F1_MA: 0.3714625548585656 ACC_MI: 0.7687177932706881 F1_MA: 0.3101097764906847
BEST_F1_MI: 0.9508942103667778 BEST_F1_MA: 0.5060056610525517 BEST_ACC_MI: 0.9508942103667778 BEST_F1_MA: 0.5558710189239219
[[2483  104  454   44]
 [   4    7   28   36]
 [   3    4   19   78]
 [   0    2    6   27]]
Epoch: [146/200], cls_loss: 0.3034, transfer_loss: -3.9670,person_loss: -1.5716, total_Loss: -1.8373
trian begin
trian end
n_person 578
SAMPLE
F1_MI: 0.6177629584722644 F1_MA: 0.34778373578826993 ACC_MI: 0.6177629584722644 F1_MA: 0.28696716678688183
BEST_F1_MI: 0.9508942103667778 BEST_F1_MA: 0.5060056610525517 BEST_ACC_MI: 0.9508942103667778 BEST_F1_MA: 0.5558710189239219
[[1990  903   85  107]
 [   1   14    0   60]
 [   0   11    2   91]
 [   0    3    0   32]]
Epoch: [147/200], cls_loss: 0.2949, transfer_loss: -3.9717,person_loss: -1.5612, total_Loss: -1.8470
trian begin
trian end
n_person 578
SAMPLE
F1_MI: 0.8699605941194302 F1_MA: 0.3607121825122773 ACC_MI: 0.8699605941194302 F1_MA: 0.2924864197389615
BEST_F1_MI: 0.9508942103667778 BEST_F1_MA: 0.5060056610525517 BEST_ACC_MI: 0.9508942103667778 BEST_F1_MA: 0.5558710189239219
[[2832  176   25   52]
 [  11    8    0   56]
 [  14   13    0   77]
 [   3    2    0   30]]
Epoch: [148/200], cls_loss: 0.2805, transfer_loss: -3.9724,person_loss: -1.5834, total_Loss: -1.8641
trian begin
trian end
n_person 578
SAMPLE
F1_MI: 0.2643225219763565 F1_MA: 0.2954617534680043 ACC_MI: 0.2643225219763565 F1_MA: 0.27492249912775285
BEST_F1_MI: 0.9508942103667778 BEST_F1_MA: 0.5060056610525517 BEST_ACC_MI: 0.9508942103667778 BEST_F1_MA: 0.5558710189239219
[[ 826 2177   22   60]
 [  11   20    0   44]
 [  15   14    0   75]
 [   5    3    1   26]]
Epoch: [149/200], cls_loss: 0.2648, transfer_loss: -3.9548,person_loss: -1.5089, total_Loss: -1.8635
trian begin
trian end
n_person 578
SAMPLE
F1_MI: 0.8238860260685056 F1_MA: 0.3629344518815103 ACC_MI: 0.8238860260685056 F1_MA: 0.29507532572965595
BEST_F1_MI: 0.9508942103667778 BEST_F1_MA: 0.5060056610525517 BEST_ACC_MI: 0.9508942103667778 BEST_F1_MA: 0.5558710189239219
[[2678  201   13  193]
 [   2    7    0   66]
 [   2    3    1   98]
 [   0    2    1   32]]
Epoch: [150/200], cls_loss: 0.2619, transfer_loss: -3.9633,person_loss: -1.5348, total_Loss: -1.8733
trian begin
trian end
n_person 578
SAMPLE
F1_MI: 0.14458926947559866 F1_MA: 0.28953663800451246 ACC_MI: 0.14458926947559866 F1_MA: 0.29122992888926225
BEST_F1_MI: 0.9508942103667778 BEST_F1_MA: 0.5060056610525517 BEST_ACC_MI: 0.9508942103667778 BEST_F1_MA: 0.5558710189239219
[[ 437 2469   34  145]
 [   2    5    0   68]
 [   1    1    3   99]
 [   1    1    1   32]]
Epoch: [151/200], cls_loss: 0.2844, transfer_loss: -3.9515,person_loss: -1.5768, total_Loss: -1.8491
trian begin
trian end
n_person 578
SAMPLE
F1_MI: 0.4489239163382843 F1_MA: 0.30535719230864433 ACC_MI: 0.4489239163382843 F1_MA: 0.26799658948385896
BEST_F1_MI: 0.9508942103667778 BEST_F1_MA: 0.5060056610525517 BEST_ACC_MI: 0.9508942103667778 BEST_F1_MA: 0.5558710189239219
[[1446  521  883  235]
 [   3    2    2   68]
 [   5    0    1   98]
 [   2    0    1   32]]
Epoch: [152/200], cls_loss: 0.2645, transfer_loss: -3.9763,person_loss: -1.5749, total_Loss: -1.8812
trian begin
trian end
n_person 578
SAMPLE
F1_MI: 0.8163079721127614 F1_MA: 0.3480896765653207 ACC_MI: 0.8163079721127614 F1_MA: 0.28207962915746776
BEST_F1_MI: 0.9508942103667778 BEST_F1_MA: 0.5060056610525517 BEST_ACC_MI: 0.9508942103667778 BEST_F1_MA: 0.5558710189239219
[[2657  129   52  247]
 [   8    1    0   66]
 [   6    0    3   95]
 [   1    1    1   32]]
Epoch: [153/200], cls_loss: 0.2889, transfer_loss: -3.9751,person_loss: -1.5824, total_Loss: -1.8569
trian begin
trian end
n_person 578
SAMPLE
F1_MI: 0.8645043952712943 F1_MA: 0.3615034510711055 ACC_MI: 0.8645043952712943 F1_MA: 0.29348179732205326
BEST_F1_MI: 0.9508942103667778 BEST_F1_MA: 0.5060056610525517 BEST_ACC_MI: 0.9508942103667778 BEST_F1_MA: 0.5558710189239219
[[2815   39  126  105]
 [   8    2    0   65]
 [   3    0    3   98]
 [   2    0    1   32]]
Epoch: [154/200], cls_loss: 0.2949, transfer_loss: -3.9545,person_loss: -1.5951, total_Loss: -1.8419
trian begin
trian end
n_person 578
SAMPLE
F1_MI: 0.8920885116702031 F1_MA: 0.35568417263083596 ACC_MI: 0.8920885116702031 F1_MA: 0.28642629300524036
BEST_F1_MI: 0.9508942103667778 BEST_F1_MA: 0.5060056610525517 BEST_ACC_MI: 0.9508942103667778 BEST_F1_MA: 0.5558710189239219
[[2909   23   37  116]
 [  12    0    2   61]
 [   3    0    2   99]
 [   2    0    1   32]]
Epoch: [155/200], cls_loss: 0.2825, transfer_loss: -3.9658,person_loss: -1.5601, total_Loss: -1.8564
trian begin
trian end
n_person 578
SAMPLE
F1_MI: 0.8147923613216125 F1_MA: 0.37909129405841335 ACC_MI: 0.8147923613216126 F1_MA: 0.3238294829679118
BEST_F1_MI: 0.9508942103667778 BEST_F1_MA: 0.5060056610525517 BEST_ACC_MI: 0.9508942103667778 BEST_F1_MA: 0.5558710189239219
[[2642   75  346   22]
 [   4   15    9   47]
 [  10   18    6   70]
 [   3    5    2   25]]
Epoch: [156/200], cls_loss: 0.3090, transfer_loss: -3.9678,person_loss: -1.5567, total_Loss: -1.8305
trian begin
trian end
n_person 578
SAMPLE
F1_MI: 0.9287662928160049 F1_MA: 0.43988638686083187 ACC_MI: 0.9287662928160049 F1_MA: 0.39068319982954125
BEST_F1_MI: 0.9508942103667778 BEST_F1_MA: 0.5060056610525517 BEST_ACC_MI: 0.9508942103667778 BEST_F1_MA: 0.5558710189239219
[[3019   28    9   29]
 [  10   14    0   51]
 [   2   11    2   89]
 [   3    2    1   29]]
Epoch: [157/200], cls_loss: 0.2517, transfer_loss: -3.9734,person_loss: -1.5477, total_Loss: -1.8898
trian begin
trian end
n_person 578
SAMPLE
F1_MI: 0.3373749621097302 F1_MA: 0.28983483162754314 ACC_MI: 0.3373749621097302 F1_MA: 0.25680266203703705
BEST_F1_MI: 0.9508942103667778 BEST_F1_MA: 0.5060056610525517 BEST_ACC_MI: 0.9508942103667778 BEST_F1_MA: 0.5558710189239219
[[1078  539  398 1070]
 [   2    0    0   73]
 [   0    0    1  103]
 [   0    0    1   34]]
Epoch: [158/200], cls_loss: 0.2665, transfer_loss: -3.9682,person_loss: -1.5220, total_Loss: -1.8698
trian begin
trian end
n_person 578
SAMPLE
F1_MI: 0.9199757502273416 F1_MA: 0.4997457457879259 ACC_MI: 0.9199757502273416 F1_MA: 0.5281395634044641
BEST_F1_MI: 0.9508942103667778 BEST_F1_MA: 0.5060056610525517 BEST_ACC_MI: 0.9508942103667778 BEST_F1_MA: 0.5558710189239219
[[3002    8    0   75]
 [  12    0    0   63]
 [   3    0    1  100]
 [   3    0    0   32]]
Epoch: [159/200], cls_loss: 0.2596, transfer_loss: -3.9509,person_loss: -1.5122, total_Loss: -1.8671
trian begin
trian end
n_person 578
SAMPLE
F1_MI: 0.020915428917853897 F1_MA: 0.3132003981971483 ACC_MI: 0.020915428917853897 F1_MA: 0.33291999285118556
BEST_F1_MI: 0.9508942103667778 BEST_F1_MA: 0.5060056610525517 BEST_ACC_MI: 0.9508942103667778 BEST_F1_MA: 0.5558710189239219
[[  17 3015    1   52]
 [   6   19    0   50]
 [   2   15    1   86]
 [   0    3    0   32]]
Epoch: [160/200], cls_loss: 0.2879, transfer_loss: -3.9506,person_loss: -1.5545, total_Loss: -1.8428
trian begin
trian end
n_person 578
SAMPLE
F1_MI: 0.9102758411639892 F1_MA: 0.5263244474406342 ACC_MI: 0.9102758411639891 F1_MA: 0.557425567088517
BEST_F1_MI: 0.9508942103667778 BEST_F1_MA: 0.5263244474406342 BEST_ACC_MI: 0.9508942103667778 BEST_F1_MA: 0.557425567088517
[[2960   77    0   48]
 [   9    9    0   57]
 [   4    1    3   96]
 [   2    2    0   31]]
Epoch: [161/200], cls_loss: 0.2776, transfer_loss: -3.9669,person_loss: -1.5929, total_Loss: -1.8652
trian begin
trian end
n_person 578
SAMPLE
F1_MI: 0.5431949075477417 F1_MA: 0.32478675219965203 ACC_MI: 0.5431949075477417 F1_MA: 0.2690427212897295
BEST_F1_MI: 0.9508942103667778 BEST_F1_MA: 0.5263244474406342 BEST_ACC_MI: 0.9508942103667778 BEST_F1_MA: 0.557425567088517
[[1747 1084    2  252]
 [   8   14    0   53]
 [   5    8    0   91]
 [   3    1    0   31]]
Epoch: [162/200], cls_loss: 0.2761, transfer_loss: -3.9630,person_loss: -1.5698, total_Loss: -1.8624
trian begin
trian end
n_person 578
SAMPLE
F1_MI: 0.9242194604425583 F1_MA: 0.4508754031163076 ACC_MI: 0.9242194604425583 F1_MA: 0.42183407338209905
BEST_F1_MI: 0.9508942103667778 BEST_F1_MA: 0.5263244474406342 BEST_ACC_MI: 0.9508942103667778 BEST_F1_MA: 0.557425567088517
[[3013    2   54   16]
 [  17    2    1   55]
 [   6    0    2   96]
 [   3    0    0   32]]
Epoch: [163/200], cls_loss: 0.2935, transfer_loss: -3.9723,person_loss: -1.5590, total_Loss: -1.8486
trian begin
trian end
n_person 578
SAMPLE
F1_MI: 0.8878448014549863 F1_MA: 0.34157745581075205 ACC_MI: 0.8878448014549863 F1_MA: 0.2704948282135246
BEST_F1_MI: 0.9508942103667778 BEST_F1_MA: 0.5263244474406342 BEST_ACC_MI: 0.9508942103667778 BEST_F1_MA: 0.557425567088517
[[2897   11   10  167]
 [  12    0    0   63]
 [   3    0    0  101]
 [   3    0    0   32]]
Epoch: [164/200], cls_loss: 0.2600, transfer_loss: -3.9693,person_loss: -1.5675, total_Loss: -1.8814
trian begin
trian end
n_person 578
SAMPLE
F1_MI: 0.8020612306759625 F1_MA: 0.33426798562563415 ACC_MI: 0.8020612306759625 F1_MA: 0.2669782400895701
BEST_F1_MI: 0.9508942103667778 BEST_F1_MA: 0.5263244474406342 BEST_ACC_MI: 0.9508942103667778 BEST_F1_MA: 0.557425567088517
[[2612  125    7  341]
 [  10    2    0   63]
 [   9    0    0   95]
 [   2    1    0   32]]
Epoch: [165/200], cls_loss: 0.2618, transfer_loss: -3.9745,person_loss: -1.5745, total_Loss: -1.8829
trian begin
trian end
n_person 578
SAMPLE
F1_MI: 0.5143983025159139 F1_MA: 0.31002235237441267 ACC_MI: 0.5143983025159139 F1_MA: 0.25891652700319207
BEST_F1_MI: 0.9508942103667778 BEST_F1_MA: 0.5263244474406342 BEST_ACC_MI: 0.9508942103667778 BEST_F1_MA: 0.557425567088517
[[1658  627  109  691]
 [  12    7    0   56]
 [   6    3    0   95]
 [   2    1    0   32]]
Epoch: [166/200], cls_loss: 0.2667, transfer_loss: -3.9640,person_loss: -1.5737, total_Loss: -1.8727
trian begin
trian end
n_person 578
SAMPLE
F1_MI: 0.8047893301000303 F1_MA: 0.3353424228496697 ACC_MI: 0.8047893301000303 F1_MA: 0.27607686359257816
BEST_F1_MI: 0.9508942103667778 BEST_F1_MA: 0.5263244474406342 BEST_ACC_MI: 0.9508942103667778 BEST_F1_MA: 0.557425567088517
[[2625  383    0   77]
 [  15    0    0   60]
 [  18    0    0   86]
 [   5    0    0   30]]
Epoch: [167/200], cls_loss: 0.2971, transfer_loss: -3.9395,person_loss: -1.5725, total_Loss: -1.8299
trian begin
trian end
n_person 578
SAMPLE
F1_MI: 0.18975447105183388 F1_MA: 0.2843588880580617 ACC_MI: 0.18975447105183388 F1_MA: 0.25118429584541807
BEST_F1_MI: 0.9508942103667778 BEST_F1_MA: 0.5263244474406342 BEST_ACC_MI: 0.9508942103667778 BEST_F1_MA: 0.557425567088517
[[ 576 1154    4 1351]
 [   6   20    0   49]
 [  11   18    0   75]
 [   2    3    0   30]]
Epoch: [168/200], cls_loss: 0.2630, transfer_loss: -3.9255,person_loss: -1.5814, total_Loss: -1.8579
trian begin
trian end
n_person 578
SAMPLE
F1_MI: 0.8796605031827827 F1_MA: 0.38859820553813584 ACC_MI: 0.8796605031827827 F1_MA: 0.312893898219942
BEST_F1_MI: 0.9508942103667778 BEST_F1_MA: 0.5263244474406342 BEST_ACC_MI: 0.9508942103667778 BEST_F1_MA: 0.557425567088517
[[2853   81    6  145]
 [   9   18    0   48]
 [   6   15    0   83]
 [   2    1    1   31]]
Epoch: [169/200], cls_loss: 0.2631, transfer_loss: -3.9540,person_loss: -1.5837, total_Loss: -1.8723
trian begin
trian end
n_person 578
SAMPLE
F1_MI: 0.9269475598666262 F1_MA: 0.42640972729220644 ACC_MI: 0.9269475598666262 F1_MA: 0.3711423369957302
BEST_F1_MI: 0.9508942103667778 BEST_F1_MA: 0.5263244474406342 BEST_ACC_MI: 0.9508942103667778 BEST_F1_MA: 0.557425567088517
[[3015   25   10   35]
 [  16   12    0   47]
 [  15    9    1   79]
 [   3    1    1   30]]
Epoch: [170/200], cls_loss: 0.2805, transfer_loss: -3.9630,person_loss: -1.5765, total_Loss: -1.8586
trian begin
trian end
n_person 578
SAMPLE
F1_MI: 0.9330100030312216 F1_MA: 0.5343109246917026 ACC_MI: 0.9330100030312216 F1_MA: 0.5825665868350389
BEST_F1_MI: 0.9508942103667778 BEST_F1_MA: 0.5343109246917026 BEST_ACC_MI: 0.9508942103667778 BEST_F1_MA: 0.5825665868350389
[[3039    3    0   43]
 [  13    7    1   54]
 [   6    0    1   97]
 [   4    0    0   31]]
Epoch: [171/200], cls_loss: 0.2783, transfer_loss: -3.9576,person_loss: -1.5633, total_Loss: -1.8568
trian begin
trian end
n_person 578
SAMPLE
F1_MI: 0.816914216429221 F1_MA: 0.40577257504905156 ACC_MI: 0.816914216429221 F1_MA: 0.35336568982420824
BEST_F1_MI: 0.9508942103667778 BEST_F1_MA: 0.5343109246917026 BEST_ACC_MI: 0.9508942103667778 BEST_F1_MA: 0.5825665868350389
[[2652   16  319   98]
 [  13    7    6   49]
 [   4    1    4   95]
 [   2    0    1   32]]
Epoch: [172/200], cls_loss: 0.2857, transfer_loss: -3.9687,person_loss: -1.5846, total_Loss: -1.8571
trian begin
trian end
n_person 578
SAMPLE
F1_MI: 0.021824795392543193 F1_MA: 0.32038795236362605 ACC_MI: 0.021824795392543193 F1_MA: 0.3482217797034638
BEST_F1_MI: 0.9508942103667778 BEST_F1_MA: 0.5343109246917026 BEST_ACC_MI: 0.9508942103667778 BEST_F1_MA: 0.5825665868350389
[[  11 3058    1   15]
 [   5   33    0   37]
 [   1   31    3   69]
 [   1    8    1   25]]
Epoch: [173/200], cls_loss: 0.2505, transfer_loss: -3.9651,person_loss: -1.5864, total_Loss: -1.8907
trian begin
trian end
n_person 578
SAMPLE
F1_MI: 0.5601697484086087 F1_MA: 0.39959352629079414 ACC_MI: 0.5601697484086087 F1_MA: 0.3481647730472838
BEST_F1_MI: 0.9508942103667778 BEST_F1_MA: 0.5343109246917026 BEST_ACC_MI: 0.9508942103667778 BEST_F1_MA: 0.5825665868350389
[[1766 1115  204    0]
 [   5   67    0    3]
 [   4   75    1   24]
 [   2   19    0   14]]
Epoch: [174/200], cls_loss: 0.2592, transfer_loss: -3.9584,person_loss: -1.5858, total_Loss: -1.8786
trian begin
trian end
n_person 578
SAMPLE
F1_MI: 0.9393755683540467 F1_MA: 0.3448018242773601 ACC_MI: 0.9393755683540467 F1_MA: 0.3400202304369589
BEST_F1_MI: 0.9508942103667778 BEST_F1_MA: 0.5343109246917026 BEST_ACC_MI: 0.9508942103667778 BEST_F1_MA: 0.5825665868350389
[[3079    0    4    2]
 [  33    0   13   29]
 [  47    2    9   46]
 [  14    2    8   11]]
Epoch: [175/200], cls_loss: 0.2796, transfer_loss: -3.9416,person_loss: -1.6090, total_Loss: -1.8521
trian begin
trian end
n_person 578
SAMPLE
F1_MI: 0.04637769020915429 F1_MA: 0.3114278939919274 ACC_MI: 0.04637769020915429 F1_MA: 0.3327897138166278
BEST_F1_MI: 0.9508942103667778 BEST_F1_MA: 0.5343109246917026 BEST_ACC_MI: 0.9508942103667778 BEST_F1_MA: 0.5825665868350389
[[ 102 2924   12   47]
 [   2   16    0   57]
 [   2    7    4   91]
 [   1    2    1   31]]
Epoch: [176/200], cls_loss: 0.2739, transfer_loss: -3.9455,person_loss: -1.5861, total_Loss: -1.8574
trian begin
trian end
n_person 578
SAMPLE
F1_MI: 0.013640497120339497 F1_MA: 0.2150234912698326 ACC_MI: 0.013640497120339497 F1_MA: 0.19479568854568852
BEST_F1_MI: 0.9508942103667778 BEST_F1_MA: 0.5343109246917026 BEST_ACC_MI: 0.9508942103667778 BEST_F1_MA: 0.5825665868350389
[[  11   25    0 3049]
 [   4    1    0   70]
 [   0    0    0  104]
 [   0    2    0   33]]
Epoch: [177/200], cls_loss: 0.2763, transfer_loss: -3.9596,person_loss: -1.6093, total_Loss: -1.8644
trian begin
trian end
n_person 578
SAMPLE
F1_MI: 0.7490148529857532 F1_MA: 0.35304603374423293 ACC_MI: 0.7490148529857532 F1_MA: 0.2871166349613682
BEST_F1_MI: 0.9508942103667778 BEST_F1_MA: 0.5343109246917026 BEST_ACC_MI: 0.9508942103667778 BEST_F1_MA: 0.5825665868350389
[[2428  163  368  126]
 [  13    7    1   54]
 [   8    6    4   86]
 [   2    0    1   32]]
Epoch: [178/200], cls_loss: 0.2742, transfer_loss: -3.9653,person_loss: -1.5905, total_Loss: -1.8675
trian begin
trian end
n_person 578
SAMPLE
F1_MI: 0.7226432252197635 F1_MA: 0.34334991059524655 ACC_MI: 0.7226432252197635 F1_MA: 0.28016635557467423
BEST_F1_MI: 0.9508942103667778 BEST_F1_MA: 0.5343109246917026 BEST_ACC_MI: 0.9508942103667778 BEST_F1_MA: 0.5825665868350389
[[2344  200  385  156]
 [   9    6    0   60]
 [   4    2    2   96]
 [   2    0    1   32]]
Epoch: [179/200], cls_loss: 0.2485, transfer_loss: -3.9711,person_loss: -1.5977, total_Loss: -1.8968
trian begin
trian end
n_person 578
SAMPLE
F1_MI: 0.7505304637769021 F1_MA: 0.32184149578441656 ACC_MI: 0.7505304637769021 F1_MA: 0.25837999968091385
BEST_F1_MI: 0.9508942103667778 BEST_F1_MA: 0.5343109246917026 BEST_ACC_MI: 0.9508942103667778 BEST_F1_MA: 0.5825665868350389
[[2444   25    0  616]
 [   7    0    0   68]
 [   4    0    0  100]
 [   3    0    0   32]]
Epoch: [180/200], cls_loss: 0.2701, transfer_loss: -3.9604,person_loss: -1.5824, total_Loss: -1.8684
trian begin
trian end
n_person 578
SAMPLE
F1_MI: 0.2500757805395574 F1_MA: 0.2827820381910682 ACC_MI: 0.2500757805395574 F1_MA: 0.2654073828598741
BEST_F1_MI: 0.9508942103667778 BEST_F1_MA: 0.5343109246917026 BEST_ACC_MI: 0.9508942103667778 BEST_F1_MA: 0.5825665868350389
[[ 790 1316  769  210]
 [   9    3    0   63]
 [   5    0    0   99]
 [   2    1    0   32]]
Epoch: [181/200], cls_loss: 0.2546, transfer_loss: -3.9702,person_loss: -1.6019, total_Loss: -1.8907
trian begin
trian end
n_person 578
SAMPLE
F1_MI: 0.7423461655046983 F1_MA: 0.3245332284921912 ACC_MI: 0.7423461655046983 F1_MA: 0.26181663132420796
BEST_F1_MI: 0.9508942103667778 BEST_F1_MA: 0.5343109246917026 BEST_ACC_MI: 0.9508942103667778 BEST_F1_MA: 0.5825665868350389
[[2416    5  245  419]
 [  11    0    0   64]
 [   9    1    1   93]
 [   3    0    0   32]]
Epoch: [182/200], cls_loss: 0.2556, transfer_loss: -3.9659,person_loss: -1.6147, total_Loss: -1.8888
trian begin
trian end
n_person 578
SAMPLE
F1_MI: 0.7866020006062443 F1_MA: 0.3582231158595886 ACC_MI: 0.7866020006062443 F1_MA: 0.2862486689620597
BEST_F1_MI: 0.9508942103667778 BEST_F1_MA: 0.5343109246917026 BEST_ACC_MI: 0.9508942103667778 BEST_F1_MA: 0.5825665868350389
[[2550  190  157  188]
 [   3   13    0   59]
 [   0    5    0   99]
 [   1    2    0   32]]
Epoch: [183/200], cls_loss: 0.2710, transfer_loss: -3.9652,person_loss: -1.6019, total_Loss: -1.8717
trian begin
trian end
n_person 578
SAMPLE
F1_MI: 0.8344953016065474 F1_MA: 0.3645124478544275 ACC_MI: 0.8344953016065474 F1_MA: 0.3056762888852441
BEST_F1_MI: 0.9508942103667778 BEST_F1_MA: 0.5343109246917026 BEST_ACC_MI: 0.9508942103667778 BEST_F1_MA: 0.5825665868350389
[[2720   26    4  335]
 [   6    0    0   69]
 [   2    1    1  100]
 [   2    0    1   32]]
Epoch: [184/200], cls_loss: 0.2574, transfer_loss: -3.9606,person_loss: -1.5809, total_Loss: -1.8809
trian begin
trian end
n_person 578
SAMPLE
F1_MI: 0.9263413155501666 F1_MA: 0.5342203175473986 ACC_MI: 0.9263413155501667 F1_MA: 0.7704324883776171
BEST_F1_MI: 0.9508942103667778 BEST_F1_MA: 0.5343109246917026 BEST_ACC_MI: 0.9508942103667778 BEST_F1_MA: 0.7704324883776171
[[3029    0    0   56]
 [  19    4    0   52]
 [  39    0    3   62]
 [  15    0    0   20]]
Epoch: [185/200], cls_loss: 0.2666, transfer_loss: -3.9407,person_loss: -1.5835, total_Loss: -1.8621
trian begin
trian end
n_person 578
SAMPLE
F1_MI: 0.9096695968475296 F1_MA: 0.3699949366582404 ACC_MI: 0.9096695968475296 F1_MA: 0.32074430801952913
BEST_F1_MI: 0.9508942103667778 BEST_F1_MA: 0.5343109246917026 BEST_ACC_MI: 0.9508942103667778 BEST_F1_MA: 0.7704324883776171
[[2973    4    0  108]
 [  15    1    0   59]
 [  24    0    0   80]
 [   8    0    0   27]]
Epoch: [186/200], cls_loss: 0.2555, transfer_loss: -3.9458,person_loss: -1.5663, total_Loss: -1.8740
trian begin
trian end
n_person 578
SAMPLE
F1_MI: 0.8357077902394665 F1_MA: 0.38481096430815803 ACC_MI: 0.8357077902394665 F1_MA: 0.32552861842896785
BEST_F1_MI: 0.9508942103667778 BEST_F1_MA: 0.5343109246917026 BEST_ACC_MI: 0.9508942103667778 BEST_F1_MA: 0.7704324883776171
[[2708  112   33  232]
 [   0   21    0   54]
 [  14   15    4   71]
 [   8    3    0   24]]
Epoch: [187/200], cls_loss: 0.2540, transfer_loss: -3.9386,person_loss: -1.5741, total_Loss: -1.8727
trian begin
trian end
n_person 578
SAMPLE
F1_MI: 0.8357077902394665 F1_MA: 0.32793854770440184 ACC_MI: 0.8357077902394665 F1_MA: 0.29060850820697076
BEST_F1_MI: 0.9508942103667778 BEST_F1_MA: 0.5343109246917026 BEST_ACC_MI: 0.9508942103667778 BEST_F1_MA: 0.7704324883776171
[[2727  198   28  132]
 [   2   13    0   60]
 [  31   13    2   58]
 [  18    2    0   15]]
Epoch: [188/200], cls_loss: 0.2784, transfer_loss: -3.9636,person_loss: -1.5814, total_Loss: -1.8615
trian begin
trian end
n_person 578
SAMPLE
F1_MI: 0.8147923613216125 F1_MA: 0.3365336512938669 ACC_MI: 0.8147923613216126 F1_MA: 0.28203461461222185
BEST_F1_MI: 0.9508942103667778 BEST_F1_MA: 0.5343109246917026 BEST_ACC_MI: 0.9508942103667778 BEST_F1_MA: 0.7704324883776171
[[2656   78  131  220]
 [   5    7    0   63]
 [  13    9    0   82]
 [  10    0    0   25]]
Epoch: [189/200], cls_loss: 0.2557, transfer_loss: -3.9678,person_loss: -1.5724, total_Loss: -1.8854
trian begin
trian end
n_person 578
SAMPLE
F1_MI: 0.7869051227644741 F1_MA: 0.37188820881809365 ACC_MI: 0.7869051227644741 F1_MA: 0.29017599772658953
BEST_F1_MI: 0.9508942103667778 BEST_F1_MA: 0.5343109246917026 BEST_ACC_MI: 0.9508942103667778 BEST_F1_MA: 0.7704324883776171
[[2539  370   17  159]
 [   5   25    0   45]
 [   3   38    0   63]
 [   2    1    0   32]]
Epoch: [190/200], cls_loss: 0.2639, transfer_loss: -3.9713,person_loss: -1.6063, total_Loss: -1.8824
trian begin
trian end
n_person 578
SAMPLE
F1_MI: 0.7653834495301608 F1_MA: 0.37652878832786396 ACC_MI: 0.7653834495301607 F1_MA: 0.3192096024144972
BEST_F1_MI: 0.9508942103667778 BEST_F1_MA: 0.5343109246917026 BEST_ACC_MI: 0.9508942103667778 BEST_F1_MA: 0.7704324883776171
[[2484   43    7  551]
 [   4    8    0   63]
 [   2   12    1   89]
 [   1    1    1   32]]
Epoch: [191/200], cls_loss: 0.2928, transfer_loss: -3.9642,person_loss: -1.5925, total_Loss: -1.8486
trian begin
trian end
n_person 578
SAMPLE
F1_MI: 0.8769324037587147 F1_MA: 0.4039206636039064 ACC_MI: 0.8769324037587147 F1_MA: 0.33336400751601647
BEST_F1_MI: 0.9508942103667778 BEST_F1_MA: 0.5343109246917026 BEST_ACC_MI: 0.9508942103667778 BEST_F1_MA: 0.7704324883776171
[[2843   58  112   72]
 [  11   16    0   48]
 [  11   13    3   77]
 [   2    2    0   31]]
Epoch: [192/200], cls_loss: 0.2562, transfer_loss: -3.9451,person_loss: -1.5949, total_Loss: -1.8759
trian begin
trian end
n_person 578
SAMPLE
F1_MI: 0.9418005456198848 F1_MA: 0.46381493357237624 ACC_MI: 0.9418005456198848 F1_MA: 0.47603246352989526
BEST_F1_MI: 0.9508942103667778 BEST_F1_MA: 0.5343109246917026 BEST_ACC_MI: 0.9508942103667778 BEST_F1_MA: 0.7704324883776171
[[3077    1    0    7]
 [  19    3    0   53]
 [  36    0    0   68]
 [   8    0    0   27]]
Epoch: [193/200], cls_loss: 0.2535, transfer_loss: -3.9744,person_loss: -1.6016, total_Loss: -1.8939
trian begin
trian end
n_person 578
SAMPLE
F1_MI: 0.794786298878448 F1_MA: 0.3502228883277634 ACC_MI: 0.794786298878448 F1_MA: 0.2851451033482102
BEST_F1_MI: 0.9508942103667778 BEST_F1_MA: 0.5343109246917026 BEST_ACC_MI: 0.9508942103667778 BEST_F1_MA: 0.7704324883776171
[[2585  281   19  200]
 [  12    4    0   59]
 [   8   14    1   81]
 [   3    0    0   32]]
Epoch: [194/200], cls_loss: 0.2678, transfer_loss: -3.9807,person_loss: -1.5972, total_Loss: -1.8823
trian begin
trian end
n_person 578
SAMPLE
F1_MI: 0.8638981509548349 F1_MA: 0.4769331742427333 ACC_MI: 0.8638981509548348 F1_MA: 0.48266385112423976
BEST_F1_MI: 0.9508942103667778 BEST_F1_MA: 0.5343109246917026 BEST_ACC_MI: 0.9508942103667778 BEST_F1_MA: 0.7704324883776171
[[2813    8    1  263]
 [  12    3    0   60]
 [   7    4    2   91]
 [   3    0    0   32]]
Epoch: [195/200], cls_loss: 0.2464, transfer_loss: -3.9674,person_loss: -1.5816, total_Loss: -1.8955
trian begin
trian end
n_person 578
SAMPLE
F1_MI: 0.7256744468020613 F1_MA: 0.3459735377584364 ACC_MI: 0.7256744468020613 F1_MA: 0.28849189631822375
BEST_F1_MI: 0.9508942103667778 BEST_F1_MA: 0.5343109246917026 BEST_ACC_MI: 0.9508942103667778 BEST_F1_MA: 0.7704324883776171
[[2358  167    8  552]
 [  10    3    0   62]
 [   3    6    1   94]
 [   2    0    1   32]]
Epoch: [196/200], cls_loss: 0.2668, transfer_loss: -3.9723,person_loss: -1.5786, total_Loss: -1.8773
trian begin
trian end
n_person 578
SAMPLE
F1_MI: 0.7784177023340406 F1_MA: 0.41248709088106283 ACC_MI: 0.7784177023340406 F1_MA: 0.3551618884794572
BEST_F1_MI: 0.9508942103667778 BEST_F1_MA: 0.5343109246917026 BEST_ACC_MI: 0.9508942103667778 BEST_F1_MA: 0.7704324883776171
[[2513   54   25  493]
 [   8   20    2   45]
 [   3   21    6   74]
 [   2    3    1   29]]
Epoch: [197/200], cls_loss: 0.2497, transfer_loss: -3.9773,person_loss: -1.5791, total_Loss: -1.8968
trian begin
trian end
n_person 578
SAMPLE
F1_MI: 0.7920581994543802 F1_MA: 0.3543395221583704 ACC_MI: 0.7920581994543802 F1_MA: 0.2921051220782403
BEST_F1_MI: 0.9508942103667778 BEST_F1_MA: 0.5343109246917026 BEST_ACC_MI: 0.9508942103667778 BEST_F1_MA: 0.7704324883776171
[[2576   11  268  230]
 [  11    1    6   57]
 [   3    0    4   97]
 [   2    0    1   32]]
Epoch: [198/200], cls_loss: 0.2504, transfer_loss: -3.9639,person_loss: -1.5941, total_Loss: -1.8909
trian begin
trian end
n_person 578
SAMPLE
F1_MI: 0.8138829948469233 F1_MA: 0.37242054963234994 ACC_MI: 0.8138829948469233 F1_MA: 0.3060203144270776
BEST_F1_MI: 0.9508942103667778 BEST_F1_MA: 0.5343109246917026 BEST_ACC_MI: 0.9508942103667778 BEST_F1_MA: 0.7704324883776171
[[2642  153   29  261]
 [  10    7    1   57]
 [   2    1    4   97]
 [   2    0    1   32]]
Epoch: [199/200], cls_loss: 0.2559, transfer_loss: -3.9714,person_loss: -1.6194, total_Loss: -1.8917
trian begin
trian end
n_person 578
SAMPLE
F1_MI: 0.767505304637769 F1_MA: 0.37313423540083956 ACC_MI: 0.767505304637769 F1_MA: 0.3080959848183813
BEST_F1_MI: 0.9508942103667778 BEST_F1_MA: 0.5343109246917026 BEST_ACC_MI: 0.9508942103667778 BEST_F1_MA: 0.7704324883776171
[[2486   64  381  154]
 [  10   10    5   50]
 [   4    2    4   94]
 [   2    0    1   32]]
Epoch: [200/200], cls_loss: 0.2532, transfer_loss: -3.9696,person_loss: -1.6170, total_Loss: -1.8933
[[3039    3    0   43]
 [  13    7    1   54]
 [   6    0    1   97]
 [   4    0    0   31]]
[[3051   20    4   10]
 [  15    2   49    9]
 [   8    4   83    9]
 [   2    2   30    1]]
ARG: Namespace(backbone='resnet50', batch_size=32, config='BNM/BNM.yaml', data_dir='data', device=device(type='cuda'), early_stop=50, epoch_based_training=False, lr=0.003, lr_decay=0.75, lr_gamma=0.0003, lr_scheduler=True, max_iter=20600, method='True', momentum=0.9, myweight=0.1, n_class=4, n_epoch=200, n_iter_per_epoch=103, num_workers=3, seed=1, src_domain='45', tgt_domain='own', tname='transfer', transfer_loss='bnm', transfer_loss_weight=0.5, use_bottleneck=True, weight_decay=0.0005)
