coral 1 45 own DeepCoral/DeepCoral.yaml True
Namespace(backbone='resnet50', batch_size=32, config='DeepCoral/DeepCoral.yaml', data_dir='data', device=device(type='cuda'), early_stop=50, epoch_based_training=False, lr=0.003, lr_decay=0.75, lr_gamma=0.0003, lr_scheduler=True, method='True', momentum=0.9, myweight=0.1, n_epoch=200, n_iter_per_epoch=100, num_workers=3, seed=1, src_domain='45', tgt_domain='own', tname='transfer', transfer_loss='coral', transfer_loss_weight=10.0, use_bottleneck=True, weight_decay=0.0005)
JUST DO IT
run my Parkinson code
transfer
TRAIN Length: 56845 1995 TEST Length: 3299 578
YYY: 0 3
DATA_PROFILE   train: 56845 train2: 3299 test: 3299
DATASET.SHAPE: <data_loader.GetTrainLoader object at 0x7fade51a99a0> True
DATASET.SHAPE: <data_loader.GetTrainLoader object at 0x7fade51a9b50> True
DATASET.SHAPE: <data_loader.GetTestLoader object at 0x7fade51a9b80> False
CLASS: 4 578
LLL: {}
BOTTLENECK_LIST: [Linear(in_features=512, out_features=256, bias=True), ReLU()]
TYPE: {'loss_type': 'coral', 'max_iter': 20600, 'num_class': 4, 'my_person_item': <my_person_item.PersonItem object at 0x7faf2bb00700>}
initial_lr 1.0
transfer_world
method True <class 'str'>
1.8.1+cu111
True
LEN: 0 0
LOADER: <data_loader.InfiniteDataLoader object at 0x7fade51a9370> <data_loader.InfiniteDataLoader object at 0x7faddcd9d430>
N_batch: 103
trian begin
trian end
n_person 578
SAMPLE
F1_MI: 0.940284934828736 F1_MA: 0.33994523995701537 ACC_MI: 0.940284934828736 F1_MA: 0.30398665806079034
BEST_F1_MI: 0.940284934828736 BEST_F1_MA: 0.33994523995701537 BEST_ACC_MI: 0.940284934828736 BEST_F1_MA: 0.30398665806079034
[[3083    0    0    2]
 [  70    0    0    5]
 [  57    0    0   47]
 [  16    0    0   19]]
Epoch: [ 1/200], cls_loss: 0.5552, transfer_loss: 0.0006,person_loss: -1.9420, total_Loss: 0.3671
trian begin
trian end
n_person 578
SAMPLE
F1_MI: 0.9387693240375872 F1_MA: 0.3558236646632588 ACC_MI: 0.9387693240375872 F1_MA: 0.2863197437125202
BEST_F1_MI: 0.940284934828736 BEST_F1_MA: 0.3558236646632588 BEST_ACC_MI: 0.940284934828736 BEST_F1_MA: 0.30398665806079034
[[3066    0    0   19]
 [  15    0    0   60]
 [  16    0    0   88]
 [   4    0    0   31]]
Epoch: [ 2/200], cls_loss: 0.4853, transfer_loss: 0.0002,person_loss: -1.9578, total_Loss: 0.2920
trian begin
trian end
n_person 578
SAMPLE
F1_MI: 0.9396786905122765 F1_MA: 0.33589583794838523 ACC_MI: 0.9396786905122765 F1_MA: 0.31167037607715575
BEST_F1_MI: 0.940284934828736 BEST_F1_MA: 0.3558236646632588 BEST_ACC_MI: 0.940284934828736 BEST_F1_MA: 0.31167037607715575
[[3084    0    0    1]
 [  73    0    0    2]
 [  69    0    0   35]
 [  19    0    0   16]]
Epoch: [ 3/200], cls_loss: 0.4509, transfer_loss: 0.0002,person_loss: -1.9604, total_Loss: 0.2570
trian begin
trian end
n_person 578
SAMPLE
F1_MI: 0.945438011518642 F1_MA: 0.4325846178414668 ACC_MI: 0.945438011518642 F1_MA: 0.40857622802264326
BEST_F1_MI: 0.945438011518642 BEST_F1_MA: 0.4325846178414668 BEST_ACC_MI: 0.945438011518642 BEST_F1_MA: 0.40857622802264326
[[3083    0    0    2]
 [  21    0    8   46]
 [  17    0   10   77]
 [   6    0    3   26]]
Epoch: [ 4/200], cls_loss: 0.3977, transfer_loss: 0.0001,person_loss: -1.9697, total_Loss: 0.2019
trian begin
trian end
n_person 578
SAMPLE
F1_MI: 0.9551379205819945 F1_MA: 0.48032609786557695 ACC_MI: 0.9551379205819945 F1_MA: 0.504608533882204
BEST_F1_MI: 0.9551379205819945 BEST_F1_MA: 0.48032609786557695 BEST_ACC_MI: 0.9551379205819945 BEST_F1_MA: 0.504608533882204
[[3082    0    3    0]
 [  25    0   49    1]
 [  38    0   60    6]
 [  13    0   13    9]]
Epoch: [ 5/200], cls_loss: 0.4258, transfer_loss: 0.0001,person_loss: -1.9693, total_Loss: 0.2303
trian begin
trian end
n_person 578
SAMPLE
F1_MI: 0.9469536223097909 F1_MA: 0.3667707852266061 ACC_MI: 0.9469536223097909 F1_MA: 0.39309626817352405
BEST_F1_MI: 0.9551379205819945 BEST_F1_MA: 0.48032609786557695 BEST_ACC_MI: 0.9551379205819945 BEST_F1_MA: 0.504608533882204
[[3085    0    0    0]
 [  70    0    5    0]
 [  65    0   39    0]
 [  16    0   19    0]]
Epoch: [ 6/200], cls_loss: 0.4232, transfer_loss: 0.0001,person_loss: -1.9675, total_Loss: 0.2277
trian begin
trian end
n_person 578
SAMPLE
F1_MI: 0.9548347984237647 F1_MA: 0.4137828725725198 ACC_MI: 0.9548347984237647 F1_MA: 0.3581534135180699
BEST_F1_MI: 0.9551379205819945 BEST_F1_MA: 0.48032609786557695 BEST_ACC_MI: 0.9551379205819945 BEST_F1_MA: 0.504608533882204
[[3049    0   36    0]
 [  15    0   60    0]
 [   3    0  101    0]
 [   2    0   33    0]]
Epoch: [ 7/200], cls_loss: 0.4026, transfer_loss: 0.0001,person_loss: -1.9739, total_Loss: 0.2066
trian begin
trian end
n_person 578
SAMPLE
F1_MI: 0.9484692331009397 F1_MA: 0.4490461317087401 ACC_MI: 0.9484692331009397 F1_MA: 0.40765300763515167
BEST_F1_MI: 0.9551379205819945 BEST_F1_MA: 0.48032609786557695 BEST_ACC_MI: 0.9551379205819945 BEST_F1_MA: 0.504608533882204
[[3074    0   10    1]
 [  20    0   25   30]
 [  17    0   30   57]
 [   4    0    6   25]]
Epoch: [ 8/200], cls_loss: 0.3922, transfer_loss: 0.0001,person_loss: -1.9743, total_Loss: 0.1960
trian begin
trian end
n_person 578
SAMPLE
F1_MI: 0.23704152773567747 F1_MA: 0.2552695056876329 ACC_MI: 0.23704152773567747 F1_MA: 0.24583631357222077
BEST_F1_MI: 0.9551379205819945 BEST_F1_MA: 0.48032609786557695 BEST_ACC_MI: 0.9551379205819945 BEST_F1_MA: 0.504608533882204
[[ 695    0 2390    0]
 [  16    0   59    0]
 [  17    0   87    0]
 [   4    0   31    0]]
Epoch: [ 9/200], cls_loss: 0.3679, transfer_loss: 0.0001,person_loss: -1.9743, total_Loss: 0.1718
trian begin
trian end
n_person 578
SAMPLE
F1_MI: 0.9578660200060625 F1_MA: 0.4005369213444948 ACC_MI: 0.9578660200060625 F1_MA: 0.3662527543945331
BEST_F1_MI: 0.9578660200060625 BEST_F1_MA: 0.48032609786557695 BEST_ACC_MI: 0.9578660200060625 BEST_F1_MA: 0.504608533882204
[[3080    0    5    0]
 [  24    0   51    0]
 [  24    0   80    0]
 [   5    0   30    0]]
Epoch: [10/200], cls_loss: 0.3770, transfer_loss: 0.0001,person_loss: -1.9734, total_Loss: 0.1808
trian begin
trian end
n_person 578
SAMPLE
F1_MI: 0.9348287359806002 F1_MA: 0.42141498669438915 ACC_MI: 0.9348287359806002 F1_MA: 0.3970659446850337
BEST_F1_MI: 0.9578660200060625 BEST_F1_MA: 0.48032609786557695 BEST_ACC_MI: 0.9578660200060625 BEST_F1_MA: 0.504608533882204
[[3033    2    4   46]
 [  17    0   18   40]
 [  13    1   34   56]
 [   5    0   13   17]]
Epoch: [11/200], cls_loss: 0.3891, transfer_loss: 0.0001,person_loss: -1.9700, total_Loss: 0.1931
trian begin
trian end
n_person 578
SAMPLE
F1_MI: 0.945438011518642 F1_MA: 0.38098599846266556 ACC_MI: 0.945438011518642 F1_MA: 0.347021502224056
BEST_F1_MI: 0.9578660200060625 BEST_F1_MA: 0.48032609786557695 BEST_ACC_MI: 0.9578660200060625 BEST_F1_MA: 0.504608533882204
[[3046    0   39    0]
 [  36    0   39    0]
 [  31    0   73    0]
 [   9    0   26    0]]
Epoch: [12/200], cls_loss: 0.3856, transfer_loss: 0.0001,person_loss: -1.9735, total_Loss: 0.1894
trian begin
trian end
n_person 578
SAMPLE
F1_MI: 0.9511973325250076 F1_MA: 0.38742872799404116 ACC_MI: 0.9511973325250076 F1_MA: 0.39296163567743503
BEST_F1_MI: 0.9578660200060625 BEST_F1_MA: 0.48032609786557695 BEST_ACC_MI: 0.9578660200060625 BEST_F1_MA: 0.504608533882204
[[3083    0    2    0]
 [  61    0   14    0]
 [  49    0   55    0]
 [  16    0   19    0]]
Epoch: [13/200], cls_loss: 0.3573, transfer_loss: 0.0001,person_loss: -1.9747, total_Loss: 0.1610
trian begin
trian end
n_person 578
SAMPLE
F1_MI: 0.9499848438920885 F1_MA: 0.37782168942349426 ACC_MI: 0.9499848438920885 F1_MA: 0.3833674612342049
BEST_F1_MI: 0.9578660200060625 BEST_F1_MA: 0.48032609786557695 BEST_ACC_MI: 0.9578660200060625 BEST_F1_MA: 0.504608533882204
[[3083    0    2    0]
 [  58    0   17    0]
 [  53    0   51    0]
 [  16    0   19    0]]
Epoch: [14/200], cls_loss: 0.3860, transfer_loss: 0.0001,person_loss: -1.9756, total_Loss: 0.1895
trian begin
trian end
n_person 578
SAMPLE
F1_MI: 0.9475598666262504 F1_MA: 0.3720320422020201 ACC_MI: 0.9475598666262504 F1_MA: 0.38470005503577326
BEST_F1_MI: 0.9578660200060625 BEST_F1_MA: 0.48032609786557695 BEST_ACC_MI: 0.9578660200060625 BEST_F1_MA: 0.504608533882204
[[3080    0    5    0]
 [  65    0   10    0]
 [  58    0   46    0]
 [  17    0   18    0]]
Epoch: [15/200], cls_loss: 0.3686, transfer_loss: 0.0001,person_loss: -1.9767, total_Loss: 0.1719
trian begin
trian end
n_person 578
SAMPLE
F1_MI: 0.9439224007274932 F1_MA: 0.33875394142305976 ACC_MI: 0.9439224007274932 F1_MA: 0.3573047265877921
BEST_F1_MI: 0.9578660200060625 BEST_F1_MA: 0.48032609786557695 BEST_ACC_MI: 0.9578660200060625 BEST_F1_MA: 0.504608533882204
[[3084    0    1    0]
 [  59    0   16    0]
 [  74    0   30    0]
 [  19    0   16    0]]
Epoch: [16/200], cls_loss: 0.3637, transfer_loss: 0.0001,person_loss: -1.9751, total_Loss: 0.1672
trian begin
trian end
n_person 578
SAMPLE
F1_MI: 0.8508638981509549 F1_MA: 0.38947713840324155 ACC_MI: 0.8508638981509549 F1_MA: 0.3403381173699869
BEST_F1_MI: 0.9578660200060625 BEST_F1_MA: 0.48032609786557695 BEST_ACC_MI: 0.9578660200060625 BEST_F1_MA: 0.504608533882204
[[2711    0  374    0]
 [  13    0   61    1]
 [   6    0   95    3]
 [   2    0   32    1]]
Epoch: [17/200], cls_loss: 0.3694, transfer_loss: 0.0001,person_loss: -1.9785, total_Loss: 0.1726
trian begin
trian end
n_person 578
SAMPLE
F1_MI: 0.9381630797211277 F1_MA: 0.3139329759145104 ACC_MI: 0.9381630797211277 F1_MA: 0.2949309226263404
BEST_F1_MI: 0.9578660200060625 BEST_F1_MA: 0.48032609786557695 BEST_ACC_MI: 0.9578660200060625 BEST_F1_MA: 0.504608533882204
[[3083    0    1    1]
 [  68    0    5    2]
 [  66    0    0   38]
 [  17    0    6   12]]
Epoch: [18/200], cls_loss: 0.3716, transfer_loss: 0.0001,person_loss: -1.9754, total_Loss: 0.1753
trian begin
trian end
n_person 578
SAMPLE
F1_MI: 0.9433161564110336 F1_MA: 0.3802299833324025 ACC_MI: 0.9433161564110336 F1_MA: 0.41574334626484666
BEST_F1_MI: 0.9578660200060625 BEST_F1_MA: 0.48032609786557695 BEST_ACC_MI: 0.9578660200060625 BEST_F1_MA: 0.504608533882204
[[3082    0    1    2]
 [  51    0    2   22]
 [  56    2   24   22]
 [  14    1   14    6]]
Epoch: [19/200], cls_loss: 0.3864, transfer_loss: 0.0001,person_loss: -1.9711, total_Loss: 0.1899
trian begin
trian end
n_person 578
SAMPLE
F1_MI: 0.9487723552591695 F1_MA: 0.4594619693709427 ACC_MI: 0.9487723552591695 F1_MA: 0.518293315752003
BEST_F1_MI: 0.9578660200060625 BEST_F1_MA: 0.48032609786557695 BEST_ACC_MI: 0.9578660200060625 BEST_F1_MA: 0.518293315752003
[[3084    0    1    0]
 [  58    0   16    1]
 [  61    0   35    8]
 [  14    0   10   11]]
Epoch: [20/200], cls_loss: 0.3621, transfer_loss: 0.0001,person_loss: -1.9747, total_Loss: 0.1658
trian begin
trian end
n_person 578
SAMPLE
F1_MI: 0.26280691118520766 F1_MA: 0.32192158867634313 ACC_MI: 0.26280691118520766 F1_MA: 0.30866578471002193
BEST_F1_MI: 0.9578660200060625 BEST_F1_MA: 0.48032609786557695 BEST_ACC_MI: 0.9578660200060625 BEST_F1_MA: 0.518293315752003
[[ 781    0 2295    9]
 [  12    0   47   16]
 [  12    0   72   20]
 [   2    0   19   14]]
Epoch: [21/200], cls_loss: 0.3404, transfer_loss: 0.0001,person_loss: -1.9709, total_Loss: 0.1443
trian begin
trian end
n_person 578
SAMPLE
F1_MI: 0.940284934828736 F1_MA: 0.36083881982989296 ACC_MI: 0.940284934828736 F1_MA: 0.3510029877937207
BEST_F1_MI: 0.9578660200060625 BEST_F1_MA: 0.48032609786557695 BEST_ACC_MI: 0.9578660200060625 BEST_F1_MA: 0.518293315752003
[[3081    0    2    2]
 [  37    0    3   35]
 [  49    0    6   49]
 [  10    0   10   15]]
Epoch: [22/200], cls_loss: 0.3490, transfer_loss: 0.0001,person_loss: -1.9725, total_Loss: 0.1528
trian begin
trian end
n_person 578
SAMPLE
F1_MI: 0.03304031524704456 F1_MA: 0.25162292235045425 ACC_MI: 0.03304031524704456 F1_MA: 0.23536377466270958
BEST_F1_MI: 0.9578660200060625 BEST_F1_MA: 0.48032609786557695 BEST_ACC_MI: 0.9578660200060625 BEST_F1_MA: 0.518293315752003
[[  25    0 3045   15]
 [   7    0   54   14]
 [   1    0   70   33]
 [   1    0   20   14]]
Epoch: [23/200], cls_loss: 0.3317, transfer_loss: 0.0001,person_loss: -1.9755, total_Loss: 0.1352
trian begin
trian end
n_person 578
SAMPLE
F1_MI: 0.05668384358896635 F1_MA: 0.19859100540511196 ACC_MI: 0.05668384358896635 F1_MA: 0.20886147663184973
BEST_F1_MI: 0.9578660200060625 BEST_F1_MA: 0.48032609786557695 BEST_ACC_MI: 0.9578660200060625 BEST_F1_MA: 0.518293315752003
[[ 161    0 2922    2]
 [  36    0    2   37]
 [  47    0    2   55]
 [  11    0    0   24]]
Epoch: [24/200], cls_loss: 0.3340, transfer_loss: 0.0001,person_loss: -1.9746, total_Loss: 0.1378
trian begin
trian end
n_person 578
SAMPLE
F1_MI: 0.03910275841163989 F1_MA: 0.25821670867074903 ACC_MI: 0.03910275841163989 F1_MA: 0.24396348760755543
BEST_F1_MI: 0.9578660200060625 BEST_F1_MA: 0.48032609786557695 BEST_ACC_MI: 0.9578660200060625 BEST_F1_MA: 0.518293315752003
[[  44    0 3039    2]
 [  10    0   56    9]
 [  19    0   71   14]
 [   1    0   20   14]]
Epoch: [25/200], cls_loss: 0.3463, transfer_loss: 0.0001,person_loss: -1.9766, total_Loss: 0.1500
trian begin
trian end
n_person 578
SAMPLE
F1_MI: 0.9439224007274932 F1_MA: 0.44282970853932563 ACC_MI: 0.9439224007274932 F1_MA: 0.4555004542701393
BEST_F1_MI: 0.9578660200060625 BEST_F1_MA: 0.48032609786557695 BEST_ACC_MI: 0.9578660200060625 BEST_F1_MA: 0.518293315752003
[[3080    0    2    3]
 [  46    0    1   28]
 [  39    0   13   52]
 [  10    0    4   21]]
Epoch: [26/200], cls_loss: 0.3354, transfer_loss: 0.0001,person_loss: -1.9763, total_Loss: 0.1388
trian begin
trian end
n_person 578
SAMPLE
F1_MI: 0.9396786905122765 F1_MA: 0.5462537602207221 ACC_MI: 0.9396786905122765 F1_MA: 0.6725277645423889
BEST_F1_MI: 0.9578660200060625 BEST_F1_MA: 0.5462537602207221 BEST_ACC_MI: 0.9578660200060625 BEST_F1_MA: 0.6725277645423889
[[3033    0   52    0]
 [  21    1   50    3]
 [  35    0   55   14]
 [   8    0   16   11]]
Epoch: [27/200], cls_loss: 0.3261, transfer_loss: 0.0001,person_loss: -1.9766, total_Loss: 0.1297
trian begin
trian end
n_person 578
SAMPLE
F1_MI: 0.9484692331009397 F1_MA: 0.49628315729864336 ACC_MI: 0.9484692331009397 F1_MA: 0.5358481978150098
BEST_F1_MI: 0.9578660200060625 BEST_F1_MA: 0.5462537602207221 BEST_ACC_MI: 0.9578660200060625 BEST_F1_MA: 0.6725277645423889
[[3060    0   25    0]
 [  23    1   42    9]
 [  26    1   58   19]
 [   4    0   21   10]]
Epoch: [28/200], cls_loss: 0.3292, transfer_loss: 0.0001,person_loss: -1.9750, total_Loss: 0.1329
trian begin
trian end
n_person 578
SAMPLE
F1_MI: 0.9411943013034253 F1_MA: 0.3784841326898277 ACC_MI: 0.9411943013034253 F1_MA: 0.3394833643178014
BEST_F1_MI: 0.9578660200060625 BEST_F1_MA: 0.5462537602207221 BEST_ACC_MI: 0.9578660200060625 BEST_F1_MA: 0.6725277645423889
[[3079    1    0    5]
 [  40    2    0   33]
 [  43    6    0   55]
 [   9    2    0   24]]
Epoch: [29/200], cls_loss: 0.3356, transfer_loss: 0.0001,person_loss: -1.9774, total_Loss: 0.1389
trian begin
trian end
n_person 578
SAMPLE
F1_MI: 0.9405880569869658 F1_MA: 0.4111880754381051 ACC_MI: 0.9405880569869658 F1_MA: 0.48372030632652063
BEST_F1_MI: 0.9578660200060625 BEST_F1_MA: 0.5462537602207221 BEST_ACC_MI: 0.9578660200060625 BEST_F1_MA: 0.6725277645423889
[[3083    1    1    0]
 [  60    3    9    3]
 [  72    4    5   23]
 [  22    1    0   12]]
Epoch: [30/200], cls_loss: 0.3298, transfer_loss: 0.0001,person_loss: -1.9791, total_Loss: 0.1332
trian begin
trian end
n_person 578
SAMPLE
F1_MI: 0.03213094877235526 F1_MA: 0.22768570649640357 ACC_MI: 0.03213094877235526 F1_MA: 0.22504884654638313
BEST_F1_MI: 0.9578660200060625 BEST_F1_MA: 0.5462537602207221 BEST_ACC_MI: 0.9578660200060625 BEST_F1_MA: 0.6725277645423889
[[  66   13 2977   29]
 [  13    1   18   43]
 [  16    3   12   73]
 [   2    0    6   27]]
Epoch: [31/200], cls_loss: 0.3125, transfer_loss: 0.0002,person_loss: -1.9791, total_Loss: 0.1162
trian begin
trian end
n_person 578
SAMPLE
F1_MI: 0.027280994240678993 F1_MA: 0.2885961386149003 ACC_MI: 0.027280994240678993 F1_MA: 0.29783496732026143
BEST_F1_MI: 0.9578660200060625 BEST_F1_MA: 0.5462537602207221 BEST_ACC_MI: 0.9578660200060625 BEST_F1_MA: 0.6725277645423889
[[  33    3 3016   33]
 [   8    3   15   49]
 [   8    2   25   69]
 [   2    0    4   29]]
Epoch: [32/200], cls_loss: 0.3319, transfer_loss: 0.0001,person_loss: -1.9783, total_Loss: 0.1351
trian begin
trian end
n_person 578
SAMPLE
F1_MI: 0.027280994240678993 F1_MA: 0.25373692063901904 ACC_MI: 0.027280994240678993 F1_MA: 0.2454257736765395
BEST_F1_MI: 0.9578660200060625 BEST_F1_MA: 0.5462537602207221 BEST_ACC_MI: 0.9578660200060625 BEST_F1_MA: 0.6725277645423889
[[  38   15 2954   78]
 [   8    2   12   53]
 [   3    1   22   78]
 [   2    0    5   28]]
Epoch: [33/200], cls_loss: 0.3205, transfer_loss: 0.0002,person_loss: -1.9806, total_Loss: 0.1241
trian begin
trian end
n_person 578
SAMPLE
F1_MI: 0.9408911791451955 F1_MA: 0.4906662312795175 ACC_MI: 0.9408911791451955 F1_MA: 0.7280856186967227
BEST_F1_MI: 0.9578660200060625 BEST_F1_MA: 0.5462537602207221 BEST_ACC_MI: 0.9578660200060625 BEST_F1_MA: 0.7280856186967227
[[3084    0    1    0]
 [  69    1    0    5]
 [  69    0    4   31]
 [  19    0    1   15]]
Epoch: [34/200], cls_loss: 0.3014, transfer_loss: 0.0001,person_loss: -1.9787, total_Loss: 0.1049
trian begin
trian end
n_person 578
SAMPLE
F1_MI: 0.01333737496210973 F1_MA: 0.195491470757776 ACC_MI: 0.01333737496210973 F1_MA: 0.16528509864357935
BEST_F1_MI: 0.9578660200060625 BEST_F1_MA: 0.5462537602207221 BEST_ACC_MI: 0.9578660200060625 BEST_F1_MA: 0.7280856186967227
[[   7   69 2329  680]
 [   3    3    5   64]
 [   0    1    3  100]
 [   2    0    2   31]]
Epoch: [35/200], cls_loss: 0.3038, transfer_loss: 0.0001,person_loss: -1.9787, total_Loss: 0.1072
trian begin
trian end
n_person 578
SAMPLE
F1_MI: 0.8984540769930282 F1_MA: 0.3798052796309084 ACC_MI: 0.8984540769930282 F1_MA: 0.3143293514381622
BEST_F1_MI: 0.9578660200060625 BEST_F1_MA: 0.5462537602207221 BEST_ACC_MI: 0.9578660200060625 BEST_F1_MA: 0.7280856186967227
[[2918    4  108   55]
 [  18    0    1   56]
 [   8    0   18   78]
 [   4    0    3   28]]
Epoch: [36/200], cls_loss: 0.3059, transfer_loss: 0.0001,person_loss: -1.9778, total_Loss: 0.1093
trian begin
trian end
n_person 578
SAMPLE
F1_MI: 0.945438011518642 F1_MA: 0.48173653957209583 ACC_MI: 0.945438011518642 F1_MA: 0.5128278021114107
BEST_F1_MI: 0.9578660200060625 BEST_F1_MA: 0.5462537602207221 BEST_ACC_MI: 0.9578660200060625 BEST_F1_MA: 0.7280856186967227
[[3071    3    7    4]
 [  27    5   16   27]
 [  30    0   25   49]
 [   8    4    5   18]]
Epoch: [37/200], cls_loss: 0.2896, transfer_loss: 0.0001,person_loss: -1.9773, total_Loss: 0.0930
trian begin
trian end
n_person 578
SAMPLE
F1_MI: 0.9427099120945741 F1_MA: 0.4425706477853274 ACC_MI: 0.9427099120945741 F1_MA: 0.4235188990829942
BEST_F1_MI: 0.9578660200060625 BEST_F1_MA: 0.5462537602207221 BEST_ACC_MI: 0.9578660200060625 BEST_F1_MA: 0.7280856186967227
[[3074    0    7    4]
 [  37   10    1   27]
 [  24   13    1   66]
 [   8    2    0   25]]
Epoch: [38/200], cls_loss: 0.3016, transfer_loss: 0.0001,person_loss: -1.9771, total_Loss: 0.1050
trian begin
trian end
n_person 578
SAMPLE
F1_MI: 0.9533191876326159 F1_MA: 0.505677790463581 ACC_MI: 0.9533191876326159 F1_MA: 0.5725848337994209
BEST_F1_MI: 0.9578660200060625 BEST_F1_MA: 0.5462537602207221 BEST_ACC_MI: 0.9578660200060625 BEST_F1_MA: 0.7280856186967227
[[3081    1    2    1]
 [  33    2   38    2]
 [  41    1   52   10]
 [   8    1   16   10]]
Epoch: [39/200], cls_loss: 0.2964, transfer_loss: 0.0001,person_loss: -1.9808, total_Loss: 0.0994
trian begin
trian end
n_person 578
SAMPLE
F1_MI: 0.9451348893604122 F1_MA: 0.5111220493186063 ACC_MI: 0.9451348893604122 F1_MA: 0.5806818181818182
BEST_F1_MI: 0.9578660200060625 BEST_F1_MA: 0.5462537602207221 BEST_ACC_MI: 0.9578660200060625 BEST_F1_MA: 0.7280856186967227
[[3080    1    1    3]
 [  51    7    0   17]
 [  29   11    8   56]
 [   8    3    1   23]]
Epoch: [40/200], cls_loss: 0.3030, transfer_loss: 0.0001,person_loss: -1.9786, total_Loss: 0.1065
trian begin
trian end
n_person 578
SAMPLE
F1_MI: 0.941497423461655 F1_MA: 0.43732559202751575 ACC_MI: 0.941497423461655 F1_MA: 0.46515761492042323
BEST_F1_MI: 0.9578660200060625 BEST_F1_MA: 0.5462537602207221 BEST_ACC_MI: 0.9578660200060625 BEST_F1_MA: 0.7280856186967227
[[3066    2   15    2]
 [  40   12   21    2]
 [  47   17   16   24]
 [   9    6    8   12]]
Epoch: [41/200], cls_loss: 0.2932, transfer_loss: 0.0001,person_loss: -1.9796, total_Loss: 0.0967
trian begin
trian end
n_person 578
SAMPLE
F1_MI: 0.9511973325250076 F1_MA: 0.49390429340157804 ACC_MI: 0.9511973325250076 F1_MA: 0.5728420518975736
BEST_F1_MI: 0.9578660200060625 BEST_F1_MA: 0.5462537602207221 BEST_ACC_MI: 0.9578660200060625 BEST_F1_MA: 0.7280856186967227
[[3083    2    0    0]
 [  33    5   34    3]
 [  50    5   40    9]
 [  10    0   15   10]]
Epoch: [42/200], cls_loss: 0.2996, transfer_loss: 0.0001,person_loss: -1.9806, total_Loss: 0.1026
trian begin
trian end
n_person 578
SAMPLE
F1_MI: 0.2612913003940588 F1_MA: 0.26726722078213805 ACC_MI: 0.2612913003940588 F1_MA: 0.2744845964977195
BEST_F1_MI: 0.9578660200060625 BEST_F1_MA: 0.5462537602207221 BEST_ACC_MI: 0.9578660200060625 BEST_F1_MA: 0.7280856186967227
[[ 784 1564  736    1]
 [  18    5   45    7]
 [  12   10   72   10]
 [   2    0   32    1]]
Epoch: [43/200], cls_loss: 0.3047, transfer_loss: 0.0001,person_loss: -1.9810, total_Loss: 0.1077
trian begin
trian end
n_person 578
SAMPLE
F1_MI: 0.9130039405880569 F1_MA: 0.38156984476636047 ACC_MI: 0.913003940588057 F1_MA: 0.3171238872863299
BEST_F1_MI: 0.9578660200060625 BEST_F1_MA: 0.5462537602207221 BEST_ACC_MI: 0.9578660200060625 BEST_F1_MA: 0.7280856186967227
[[2977   76   10   22]
 [  14    2    0   59]
 [  10   11    1   82]
 [   3    0    0   32]]
Epoch: [44/200], cls_loss: 0.2787, transfer_loss: 0.0001,person_loss: -1.9801, total_Loss: 0.0819
trian begin
trian end
n_person 578
SAMPLE
F1_MI: 0.9384662018793574 F1_MA: 0.5055949116353154 ACC_MI: 0.9384662018793574 F1_MA: 0.5215083907788535
BEST_F1_MI: 0.9578660200060625 BEST_F1_MA: 0.5462537602207221 BEST_ACC_MI: 0.9578660200060625 BEST_F1_MA: 0.7280856186967227
[[3051   30    1    3]
 [  18   18    0   39]
 [  18   21    2   63]
 [   4    6    0   25]]
Epoch: [45/200], cls_loss: 0.2994, transfer_loss: 0.0001,person_loss: -1.9809, total_Loss: 0.1024
trian begin
trian end
n_person 578
SAMPLE
F1_MI: 0.017884207335556228 F1_MA: 0.287604249333744 ACC_MI: 0.017884207335556228 F1_MA: 0.32836039258115096
BEST_F1_MI: 0.9578660200060625 BEST_F1_MA: 0.5462537602207221 BEST_ACC_MI: 0.9578660200060625 BEST_F1_MA: 0.7280856186967227
[[  19 2959    1  106]
 [   5    7    0   63]
 [   2    4    1   97]
 [   1    2    0   32]]
Epoch: [46/200], cls_loss: 0.2723, transfer_loss: 0.0001,person_loss: -1.9807, total_Loss: 0.0754
trian begin
trian end
n_person 578
SAMPLE
F1_MI: 0.9445286450439527 F1_MA: 0.4614159731982753 ACC_MI: 0.9445286450439527 F1_MA: 0.46804380238555765
BEST_F1_MI: 0.9578660200060625 BEST_F1_MA: 0.5462537602207221 BEST_ACC_MI: 0.9578660200060625 BEST_F1_MA: 0.7280856186967227
[[3048    0   37    0]
 [  22    2   47    4]
 [  26    7   57   14]
 [   6    1   19    9]]
Epoch: [47/200], cls_loss: 0.2735, transfer_loss: 0.0001,person_loss: -1.9805, total_Loss: 0.0764
trian begin
trian end
n_person 578
SAMPLE
F1_MI: 0.03789026977872082 F1_MA: 0.22384615959966542 ACC_MI: 0.03789026977872082 F1_MA: 0.23681409072857545
BEST_F1_MI: 0.9578660200060625 BEST_F1_MA: 0.5462537602207221 BEST_ACC_MI: 0.9578660200060625 BEST_F1_MA: 0.7280856186967227
[[  80   35 2962    8]
 [  14    3    9   49]
 [  11   11   22   60]
 [   4    1   10   20]]
Epoch: [48/200], cls_loss: 0.2930, transfer_loss: 0.0001,person_loss: -1.9778, total_Loss: 0.0962
trian begin
trian end
n_person 578
SAMPLE
F1_MI: 0.9536223097908457 F1_MA: 0.49723820697146814 ACC_MI: 0.9536223097908457 F1_MA: 0.5380906971816063
BEST_F1_MI: 0.9578660200060625 BEST_F1_MA: 0.5462537602207221 BEST_ACC_MI: 0.9578660200060625 BEST_F1_MA: 0.7280856186967227
[[3079    6    0    0]
 [  23   30   16    6]
 [  36   25   32   11]
 [   8    4   18    5]]
Epoch: [49/200], cls_loss: 0.2731, transfer_loss: 0.0001,person_loss: -1.9804, total_Loss: 0.0760
trian begin
trian end
n_person 578
SAMPLE
F1_MI: 0.9169445286450439 F1_MA: 0.3353761674583644 ACC_MI: 0.9169445286450439 F1_MA: 0.34906347136288374
BEST_F1_MI: 0.9578660200060625 BEST_F1_MA: 0.5462537602207221 BEST_ACC_MI: 0.9578660200060625 BEST_F1_MA: 0.7280856186967227
[[2994    7   84    0]
 [  37    6   26    6]
 [  57    9   25   13]
 [  25    1    9    0]]
Epoch: [50/200], cls_loss: 0.2919, transfer_loss: 0.0001,person_loss: -1.9813, total_Loss: 0.0948
trian begin
trian end
n_person 578
SAMPLE
F1_MI: 0.4898454076993028 F1_MA: 0.37972589220883046 ACC_MI: 0.4898454076993028 F1_MA: 0.4047905037200643
BEST_F1_MI: 0.9578660200060625 BEST_F1_MA: 0.5462537602207221 BEST_ACC_MI: 0.9578660200060625 BEST_F1_MA: 0.7280856186967227
[[1571 1463    9   42]
 [  14    9    0   52]
 [  12   16   12   64]
 [   4    4    3   24]]
Epoch: [51/200], cls_loss: 0.2630, transfer_loss: 0.0001,person_loss: -1.9784, total_Loss: 0.0660
trian begin
trian end
n_person 578
SAMPLE
F1_MI: 0.07790239466505001 F1_MA: 0.28838737841643647 ACC_MI: 0.07790239466505001 F1_MA: 0.3548335555894624
BEST_F1_MI: 0.9578660200060625 BEST_F1_MA: 0.5462537602207221 BEST_ACC_MI: 0.9578660200060625 BEST_F1_MA: 0.7280856186967227
[[ 200 2855   20   10]
 [  20   20    0   35]
 [  26   26   22   30]
 [   5    8    7   15]]
Epoch: [52/200], cls_loss: 0.2678, transfer_loss: 0.0001,person_loss: -1.9794, total_Loss: 0.0707
trian begin
trian end
n_person 578
SAMPLE
F1_MI: 0.9551379205819945 F1_MA: 0.4872914909060516 ACC_MI: 0.9551379205819945 F1_MA: 0.5543991167142271
BEST_F1_MI: 0.9578660200060625 BEST_F1_MA: 0.5462537602207221 BEST_ACC_MI: 0.9578660200060625 BEST_F1_MA: 0.7280856186967227
[[3081    2    1    1]
 [  43   18    9    5]
 [  42    7   52    3]
 [  10    1   24    0]]
Epoch: [53/200], cls_loss: 0.2729, transfer_loss: 0.0001,person_loss: -1.9778, total_Loss: 0.0759
trian begin
trian end
n_person 578
SAMPLE
F1_MI: 0.9448317672021824 F1_MA: 0.42153826668798255 ACC_MI: 0.9448317672021824 F1_MA: 0.4708702706675021
BEST_F1_MI: 0.9578660200060625 BEST_F1_MA: 0.5462537602207221 BEST_ACC_MI: 0.9578660200060625 BEST_F1_MA: 0.7280856186967227
[[3074    9    0    2]
 [  35   16    1   23]
 [  33   34   24   13]
 [  11    5   16    3]]
Epoch: [54/200], cls_loss: 0.2717, transfer_loss: 0.0001,person_loss: -1.9755, total_Loss: 0.0749
trian begin
trian end
n_person 578
SAMPLE
F1_MI: 0.024856016974840862 F1_MA: 0.36328081322881883 ACC_MI: 0.024856016974840862 F1_MA: 0.4299893135573165
BEST_F1_MI: 0.9578660200060625 BEST_F1_MA: 0.5462537602207221 BEST_ACC_MI: 0.9578660200060625 BEST_F1_MA: 0.7280856186967227
[[  14 3071    0    0]
 [   4   44    0   27]
 [   8   42    1   53]
 [   3    9    0   23]]
Epoch: [55/200], cls_loss: 0.2552, transfer_loss: 0.0001,person_loss: -1.9776, total_Loss: 0.0586
trian begin
trian end
n_person 578
SAMPLE
F1_MI: 0.8508638981509549 F1_MA: 0.4602612092522382 ACC_MI: 0.8508638981509549 F1_MA: 0.4334452686241782
BEST_F1_MI: 0.9578660200060625 BEST_F1_MA: 0.5462537602207221 BEST_ACC_MI: 0.9578660200060625 BEST_F1_MA: 0.7280856186967227
[[2743  201    9  132]
 [  16   11    5   43]
 [  11    8   31   54]
 [   3    4    6   22]]
Epoch: [56/200], cls_loss: 0.2533, transfer_loss: 0.0001,person_loss: -1.9756, total_Loss: 0.0567
trian begin
trian end
n_person 578
SAMPLE
F1_MI: 0.940284934828736 F1_MA: 0.5145029876510107 ACC_MI: 0.940284934828736 F1_MA: 0.5101876933932067
BEST_F1_MI: 0.9578660200060625 BEST_F1_MA: 0.5462537602207221 BEST_ACC_MI: 0.9578660200060625 BEST_F1_MA: 0.7280856186967227
[[3022   53    6    4]
 [  17   42    0   16]
 [   7   30   29   38]
 [   3   10   13    9]]
Epoch: [57/200], cls_loss: 0.2714, transfer_loss: 0.0001,person_loss: -1.9777, total_Loss: 0.0745
trian begin
trian end
n_person 578
SAMPLE
F1_MI: 0.9451348893604122 F1_MA: 0.47815949979093325 ACC_MI: 0.9451348893604122 F1_MA: 0.5931639712265278
BEST_F1_MI: 0.9578660200060625 BEST_F1_MA: 0.5462537602207221 BEST_ACC_MI: 0.9578660200060625 BEST_F1_MA: 0.7280856186967227
[[3082    2    0    1]
 [  55   13    1    6]
 [  55   14   12   23]
 [  17    4    3   11]]
Epoch: [58/200], cls_loss: 0.2564, transfer_loss: 0.0001,person_loss: -1.9776, total_Loss: 0.0596
trian begin
trian end
n_person 578
SAMPLE
F1_MI: 0.7478023643528341 F1_MA: 0.3793878302082157 ACC_MI: 0.7478023643528342 F1_MA: 0.3288450396874647
BEST_F1_MI: 0.9578660200060625 BEST_F1_MA: 0.5462537602207221 BEST_ACC_MI: 0.9578660200060625 BEST_F1_MA: 0.7280856186967227
[[2404  478   89  114]
 [   8   18    1   48]
 [   7   16   27   54]
 [   3    3   11   18]]
Epoch: [59/200], cls_loss: 0.2508, transfer_loss: 0.0001,person_loss: -1.9775, total_Loss: 0.0540
trian begin
trian end
n_person 578
SAMPLE
F1_MI: 0.033343437405274325 F1_MA: 0.2045229807035224 ACC_MI: 0.033343437405274325 F1_MA: 0.194029907197686
BEST_F1_MI: 0.9578660200060625 BEST_F1_MA: 0.5462537602207221 BEST_ACC_MI: 0.9578660200060625 BEST_F1_MA: 0.7280856186967227
[[  38 2954   92    1]
 [   9   38   22    6]
 [  19   38   33   14]
 [   7    7   20    1]]
Epoch: [60/200], cls_loss: 0.2511, transfer_loss: 0.0001,person_loss: -1.9782, total_Loss: 0.0541
trian begin
trian end
n_person 578
SAMPLE
F1_MI: 0.8735980600181873 F1_MA: 0.35104376104098567 ACC_MI: 0.8735980600181873 F1_MA: 0.30738631473460043
BEST_F1_MI: 0.9578660200060625 BEST_F1_MA: 0.5462537602207221 BEST_ACC_MI: 0.9578660200060625 BEST_F1_MA: 0.7280856186967227
[[2808   80  197    0]
 [  18    4   50    3]
 [  21    8   70    5]
 [   4    0   31    0]]
Epoch: [61/200], cls_loss: 0.2574, transfer_loss: 0.0001,person_loss: -1.9787, total_Loss: 0.0603
trian begin
trian end
n_person 578
SAMPLE
F1_MI: 0.02940284934828736 F1_MA: 0.30233840288039054 ACC_MI: 0.02940284934828736 F1_MA: 0.30208078741939876
BEST_F1_MI: 0.9578660200060625 BEST_F1_MA: 0.5462537602207221 BEST_ACC_MI: 0.9578660200060625 BEST_F1_MA: 0.7280856186967227
[[  23 3012   40   10]
 [   4   20   17   34]
 [   5   14   32   53]
 [   2    6    5   22]]
Epoch: [62/200], cls_loss: 0.2541, transfer_loss: 0.0001,person_loss: -1.9789, total_Loss: 0.0571
trian begin
trian end
n_person 578
SAMPLE
F1_MI: 0.941497423461655 F1_MA: 0.45376042957646295 ACC_MI: 0.941497423461655 F1_MA: 0.6490797546012269
BEST_F1_MI: 0.9578660200060625 BEST_F1_MA: 0.5462537602207221 BEST_ACC_MI: 0.9578660200060625 BEST_F1_MA: 0.7280856186967227
[[3085    0    0    0]
 [  72    1    0    2]
 [  78    3   10   13]
 [  25    0    0   10]]
Epoch: [63/200], cls_loss: 0.2373, transfer_loss: 0.0001,person_loss: -1.9783, total_Loss: 0.0404
trian begin
trian end
n_person 578
SAMPLE
F1_MI: 0.9460442558351014 F1_MA: 0.4814355231482122 ACC_MI: 0.9460442558351015 F1_MA: 0.645854624384995
BEST_F1_MI: 0.9578660200060625 BEST_F1_MA: 0.5462537602207221 BEST_ACC_MI: 0.9578660200060625 BEST_F1_MA: 0.7280856186967227
[[3083    1    1    0]
 [  56    5   12    2]
 [  67    1   25   11]
 [  18    0    9    8]]
Epoch: [64/200], cls_loss: 0.2478, transfer_loss: 0.0001,person_loss: -1.9801, total_Loss: 0.0505
trian begin
trian end
n_person 578
SAMPLE
F1_MI: 0.9490754774173992 F1_MA: 0.4691047298848627 ACC_MI: 0.9490754774173992 F1_MA: 0.5188876921979474
BEST_F1_MI: 0.9578660200060625 BEST_F1_MA: 0.5462537602207221 BEST_ACC_MI: 0.9578660200060625 BEST_F1_MA: 0.7280856186967227
[[3080    1    4    0]
 [  29    4   34    8]
 [  46    4   36   18]
 [   8    1   15   11]]
Epoch: [65/200], cls_loss: 0.2185, transfer_loss: 0.0001,person_loss: -1.9784, total_Loss: 0.0217
trian begin
trian end
n_person 578
SAMPLE
F1_MI: 0.9090633525310701 F1_MA: 0.4728373352816705 ACC_MI: 0.9090633525310701 F1_MA: 0.44276743460398355
BEST_F1_MI: 0.9578660200060625 BEST_F1_MA: 0.5462537602207221 BEST_ACC_MI: 0.9578660200060625 BEST_F1_MA: 0.7280856186967227
[[2916  138   31    0]
 [  19   31   15   10]
 [  14   25   43   22]
 [   3    7   16    9]]
Epoch: [66/200], cls_loss: 0.2492, transfer_loss: 0.0001,person_loss: -1.9802, total_Loss: 0.0518
trian begin
trian end
n_person 578
SAMPLE
F1_MI: 0.9242194604425583 F1_MA: 0.4083754660857254 ACC_MI: 0.9242194604425583 F1_MA: 0.40598017511907936
BEST_F1_MI: 0.9578660200060625 BEST_F1_MA: 0.5462537602207221 BEST_ACC_MI: 0.9578660200060625 BEST_F1_MA: 0.7280856186967227
[[2987   83   15    0]
 [  24   11   37    3]
 [  36   11   49    8]
 [   6    2   25    2]]
Epoch: [67/200], cls_loss: 0.2518, transfer_loss: 0.0001,person_loss: -1.9819, total_Loss: 0.0544
trian begin
trian end
n_person 578
SAMPLE
F1_MI: 0.9511973325250076 F1_MA: 0.48636897242171345 ACC_MI: 0.9511973325250076 F1_MA: 0.5268642731035281
BEST_F1_MI: 0.9578660200060625 BEST_F1_MA: 0.5462537602207221 BEST_ACC_MI: 0.9578660200060625 BEST_F1_MA: 0.7280856186967227
[[3074    8    3    0]
 [  31   32    4    8]
 [  29   37   28   10]
 [   7   11   13    4]]
Epoch: [68/200], cls_loss: 0.2404, transfer_loss: 0.0001,person_loss: -1.9806, total_Loss: 0.0430
trian begin
trian end
n_person 578
SAMPLE
F1_MI: 0.9123976962715975 F1_MA: 0.4915474577664111 ACC_MI: 0.9123976962715975 F1_MA: 0.45392874327173316
BEST_F1_MI: 0.9578660200060625 BEST_F1_MA: 0.5462537602207221 BEST_ACC_MI: 0.9578660200060625 BEST_F1_MA: 0.7280856186967227
[[2940  128   16    1]
 [  20   22   14   19]
 [  16   22   25   41]
 [   4    5    3   23]]
Epoch: [69/200], cls_loss: 0.2479, transfer_loss: 0.0001,person_loss: -1.9807, total_Loss: 0.0505
trian begin
trian end
n_person 578
SAMPLE
F1_MI: 0.945438011518642 F1_MA: 0.4809280976762487 ACC_MI: 0.945438011518642 F1_MA: 0.5270660376475015
BEST_F1_MI: 0.9578660200060625 BEST_F1_MA: 0.5462537602207221 BEST_ACC_MI: 0.9578660200060625 BEST_F1_MA: 0.7280856186967227
[[3074    9    1    1]
 [  35   20    0   20]
 [  35   20   11   38]
 [  11    2    8   14]]
Epoch: [70/200], cls_loss: 0.2355, transfer_loss: 0.0001,person_loss: -1.9802, total_Loss: 0.0382
trian begin
trian end
n_person 578
SAMPLE
F1_MI: 0.9378599575628979 F1_MA: 0.3490145468407103 ACC_MI: 0.9378599575628979 F1_MA: 0.38348047778669564
BEST_F1_MI: 0.9578660200060625 BEST_F1_MA: 0.5462537602207221 BEST_ACC_MI: 0.9578660200060625 BEST_F1_MA: 0.7280856186967227
[[3082    3    0    0]
 [  50    4    0   21]
 [  72    2    0   30]
 [  27    0    0    8]]
Epoch: [71/200], cls_loss: 0.2378, transfer_loss: 0.0001,person_loss: -1.9793, total_Loss: 0.0406
trian begin
trian end
n_person 578
SAMPLE
F1_MI: 0.9515004546832373 F1_MA: 0.5315881608248593 ACC_MI: 0.9515004546832373 F1_MA: 0.5466486954206603
BEST_F1_MI: 0.9578660200060625 BEST_F1_MA: 0.5462537602207221 BEST_ACC_MI: 0.9578660200060625 BEST_F1_MA: 0.7280856186967227
[[3075    4    5    1]
 [  24   21   13   17]
 [  25   19   23   37]
 [   6    4    5   20]]
Epoch: [72/200], cls_loss: 0.2416, transfer_loss: 0.0001,person_loss: -1.9817, total_Loss: 0.0444
trian begin
trian end
n_person 578
SAMPLE
F1_MI: 0.9430130342528039 F1_MA: 0.4423103582373248 ACC_MI: 0.9430130342528039 F1_MA: 0.6432410813810132
BEST_F1_MI: 0.9578660200060625 BEST_F1_MA: 0.5462537602207221 BEST_ACC_MI: 0.9578660200060625 BEST_F1_MA: 0.7280856186967227
[[3083    0    1    1]
 [  55    1   15    4]
 [  69    0   23   12]
 [  16    0   15    4]]
Epoch: [73/200], cls_loss: 0.2406, transfer_loss: 0.0001,person_loss: -1.9817, total_Loss: 0.0432
trian begin
trian end
n_person 578
SAMPLE
F1_MI: 0.9505910882085481 F1_MA: 0.5100656481774293 ACC_MI: 0.9505910882085481 F1_MA: 0.5610586109432913
BEST_F1_MI: 0.9578660200060625 BEST_F1_MA: 0.5462537602207221 BEST_ACC_MI: 0.9578660200060625 BEST_F1_MA: 0.7280856186967227
[[3081    3    0    1]
 [  30   31    2   12]
 [  46   27   12   19]
 [  10    4    9   12]]
Epoch: [74/200], cls_loss: 0.2329, transfer_loss: 0.0001,person_loss: -1.9796, total_Loss: 0.0355
trian begin
trian end
n_person 578
SAMPLE
F1_MI: 0.9460442558351014 F1_MA: 0.4395307179604072 ACC_MI: 0.9460442558351015 F1_MA: 0.6042870171576209
BEST_F1_MI: 0.9578660200060625 BEST_F1_MA: 0.5462537602207221 BEST_ACC_MI: 0.9578660200060625 BEST_F1_MA: 0.7280856186967227
[[3084    1    0    0]
 [  59    7    6    3]
 [  70    0   30    4]
 [  20    0   15    0]]
Epoch: [75/200], cls_loss: 0.2284, transfer_loss: 0.0001,person_loss: -1.9813, total_Loss: 0.0310
trian begin
trian end
n_person 578
SAMPLE
F1_MI: 0.03789026977872082 F1_MA: 0.2618172400648845 ACC_MI: 0.03789026977872082 F1_MA: 0.31625321082163976
BEST_F1_MI: 0.9578660200060625 BEST_F1_MA: 0.5462537602207221 BEST_ACC_MI: 0.9578660200060625 BEST_F1_MA: 0.7280856186967227
[[  47    3 3035    0]
 [  15    9   50    1]
 [  14   19   64    7]
 [   4    2   24    5]]
Epoch: [76/200], cls_loss: 0.2150, transfer_loss: 0.0001,person_loss: -1.9826, total_Loss: 0.0175
trian begin
trian end
n_person 578
SAMPLE
F1_MI: 0.7478023643528341 F1_MA: 0.44946365837563024 ACC_MI: 0.7478023643528342 F1_MA: 0.4134575056950033
BEST_F1_MI: 0.9578660200060625 BEST_F1_MA: 0.5462537602207221 BEST_ACC_MI: 0.9578660200060625 BEST_F1_MA: 0.7280856186967227
[[2402  676    7    0]
 [  23   40    0   12]
 [  24   43    3   34]
 [   7    6    0   22]]
Epoch: [77/200], cls_loss: 0.2466, transfer_loss: 0.0001,person_loss: -1.9784, total_Loss: 0.0494
[[3033    0   52    0]
 [  21    1   50    3]
 [  35    0   55   14]
 [   8    0   16   11]]
[[3080    0    5    0]
 [  24    0   51    0]
 [  24    0   80    0]
 [   5    0   30    0]]
ARG: Namespace(backbone='resnet50', batch_size=32, config='DeepCoral/DeepCoral.yaml', data_dir='data', device=device(type='cuda'), early_stop=50, epoch_based_training=False, lr=0.003, lr_decay=0.75, lr_gamma=0.0003, lr_scheduler=True, max_iter=20600, method='True', momentum=0.9, myweight=0.1, n_class=4, n_epoch=200, n_iter_per_epoch=103, num_workers=3, seed=1, src_domain='45', tgt_domain='own', tname='transfer', transfer_loss='coral', transfer_loss_weight=10.0, use_bottleneck=True, weight_decay=0.0005)
