only 1 45 own ONLY/ONLY.yaml False
Namespace(backbone='resnet50', batch_size=32, config='ONLY/ONLY.yaml', data_dir='data', device=device(type='cuda'), early_stop=50, epoch_based_training=False, lr=0.003, lr_decay=0.75, lr_gamma=0.0003, lr_scheduler=True, method='False', momentum=0.9, myweight=0.1, n_epoch=200, n_iter_per_epoch=100, num_workers=3, seed=1, src_domain='45', tgt_domain='own', tname='transfer', transfer_loss='only', transfer_loss_weight=0.5, use_bottleneck=True, weight_decay=0.0005)
JUST DO IT
run my Parkinson code
transfer
TRAIN Length: 56845 1995 TEST Length: 3299 578
YYY: 0 3
DATA_PROFILE   train: 56845 train2: 3299 test: 3299
DATASET.SHAPE: <data_loader.GetTrainLoader object at 0x7f190b263400> True
DATASET.SHAPE: <data_loader.GetTrainLoader object at 0x7f190b263b50> True
DATASET.SHAPE: <data_loader.GetTestLoader object at 0x7f1902e58430> False
CLASS: 4 578
LLL: {}
BOTTLENECK_LIST: [Linear(in_features=512, out_features=256, bias=True), ReLU()]
TYPE: {'loss_type': 'only', 'max_iter': 20600, 'num_class': 4, 'my_person_item': <my_person_item.PersonItem object at 0x7f1a51bba700>}
initial_lr 1.0
transfer_world
method False <class 'str'>
1.8.1+cu111
True
LEN: 0 0
LOADER: <data_loader.InfiniteDataLoader object at 0x7f190b263370> <data_loader.InfiniteDataLoader object at 0x7f1902e58b20>
N_batch: 103
trian begin
trian end
n_person 578
SAMPLE
F1_MI: 0.9490754774173992 F1_MA: 0.3793519084787201 ACC_MI: 0.9490754774173992 F1_MA: 0.3843166787853606
BEST_F1_MI: 0.9490754774173992 BEST_F1_MA: 0.3793519084787201 BEST_ACC_MI: 0.9490754774173992 BEST_F1_MA: 0.3843166787853606
[[3079    0    6    0]
 [  67    0    8    0]
 [  52    0   52    0]
 [  11    0   24    0]]
Epoch: [ 1/200], cls_loss: 0.5695, transfer_loss: 0.0000,person_loss: 0.0000, total_Loss: 0.0000
trian begin
trian end
n_person 578
SAMPLE
F1_MI: 0.9393755683540467 F1_MA: 0.3343998411692387 ACC_MI: 0.9393755683540467 F1_MA: 0.3201309998976563
BEST_F1_MI: 0.9490754774173992 BEST_F1_MA: 0.3793519084787201 BEST_ACC_MI: 0.9490754774173992 BEST_F1_MA: 0.3843166787853606
[[3085    0    0    0]
 [  71    0    0    4]
 [  80    0    0   24]
 [  21    0    0   14]]
Epoch: [ 2/200], cls_loss: 0.4947, transfer_loss: 0.0000,person_loss: 0.0000, total_Loss: 0.0000
trian begin
trian end
n_person 578
SAMPLE
F1_MI: 0.9390724461958169 F1_MA: 0.3321192464344415 ACC_MI: 0.9390724461958169 F1_MA: 0.3220335221678852
BEST_F1_MI: 0.9490754774173992 BEST_F1_MA: 0.3793519084787201 BEST_ACC_MI: 0.9490754774173992 BEST_F1_MA: 0.3843166787853606
[[3085    0    0    0]
 [  73    0    0    2]
 [  81    0    0   23]
 [  22    0    0   13]]
Epoch: [ 3/200], cls_loss: 0.4737, transfer_loss: 0.0000,person_loss: 0.0000, total_Loss: 0.0000
trian begin
trian end
n_person 578
SAMPLE
F1_MI: 0.9569566535313732 F1_MA: 0.41612218794344935 ACC_MI: 0.9569566535313732 F1_MA: 0.36392887460863693
BEST_F1_MI: 0.9569566535313732 BEST_F1_MA: 0.41612218794344935 BEST_ACC_MI: 0.9569566535313732 BEST_F1_MA: 0.3843166787853606
[[3058    0   27    0]
 [  19    0   56    0]
 [   5    0   99    0]
 [   4    0   31    0]]
Epoch: [ 4/200], cls_loss: 0.4134, transfer_loss: 0.0000,person_loss: 0.0000, total_Loss: 0.0000
trian begin
trian end
n_person 578
SAMPLE
F1_MI: 0.9581691421642922 F1_MA: 0.40140145987586756 ACC_MI: 0.9581691421642922 F1_MA: 0.3676449994165013
BEST_F1_MI: 0.9581691421642922 BEST_F1_MA: 0.41612218794344935 BEST_ACC_MI: 0.9581691421642922 BEST_F1_MA: 0.3843166787853606
[[3081    0    4    0]
 [  24    0   51    0]
 [  24    0   80    0]
 [   6    0   29    0]]
Epoch: [ 5/200], cls_loss: 0.4372, transfer_loss: 0.0000,person_loss: 0.0000, total_Loss: 0.0000
trian begin
trian end
n_person 578
SAMPLE
F1_MI: 0.4310397090027281 F1_MA: 0.2994953272550569 ACC_MI: 0.4310397090027281 F1_MA: 0.26053238894667713
BEST_F1_MI: 0.9581691421642922 BEST_F1_MA: 0.41612218794344935 BEST_ACC_MI: 0.9581691421642922 BEST_F1_MA: 0.3843166787853606
[[1320    0 1765    0]
 [   9    0   66    0]
 [   2    0  102    0]
 [   2    0   33    0]]
Epoch: [ 6/200], cls_loss: 0.4296, transfer_loss: 0.0000,person_loss: 0.0000, total_Loss: 0.0000
trian begin
trian end
n_person 578
SAMPLE
F1_MI: 0.9411943013034253 F1_MA: 0.3664025232396953 ACC_MI: 0.9411943013034253 F1_MA: 0.34515240148270543
BEST_F1_MI: 0.9581691421642922 BEST_F1_MA: 0.41612218794344935 BEST_ACC_MI: 0.9581691421642922 BEST_F1_MA: 0.3843166787853606
[[3084    0    0    1]
 [  39    0    5   31]
 [  54    0    2   48]
 [  14    0    2   19]]
Epoch: [ 7/200], cls_loss: 0.4167, transfer_loss: 0.0000,person_loss: 0.0000, total_Loss: 0.0000
trian begin
trian end
n_person 578
SAMPLE
F1_MI: 0.9439224007274932 F1_MA: 0.3897375928544905 ACC_MI: 0.9439224007274932 F1_MA: 0.39358539255552083
BEST_F1_MI: 0.9581691421642922 BEST_F1_MA: 0.41612218794344935 BEST_ACC_MI: 0.9581691421642922 BEST_F1_MA: 0.39358539255552083
[[3083    0    2    0]
 [  46    0   25    4]
 [  51    0   18   35]
 [  17    0    5   13]]
Epoch: [ 8/200], cls_loss: 0.4065, transfer_loss: 0.0000,person_loss: 0.0000, total_Loss: 0.0000
trian begin
trian end
n_person 578
SAMPLE
F1_MI: 0.9530160654743862 F1_MA: 0.377808594662726 ACC_MI: 0.9530160654743862 F1_MA: 0.3570593525179856
BEST_F1_MI: 0.9581691421642922 BEST_F1_MA: 0.41612218794344935 BEST_ACC_MI: 0.9581691421642922 BEST_F1_MA: 0.39358539255552083
[[3081    0    4    0]
 [  26    0   49    0]
 [  41    0   63    0]
 [  12    0   23    0]]
Epoch: [ 9/200], cls_loss: 0.3863, transfer_loss: 0.0000,person_loss: 0.0000, total_Loss: 0.0000
trian begin
trian end
n_person 578
SAMPLE
F1_MI: 0.9433161564110336 F1_MA: 0.42978462462632305 ACC_MI: 0.9433161564110336 F1_MA: 0.38642324702752
BEST_F1_MI: 0.9581691421642922 BEST_F1_MA: 0.42978462462632305 BEST_ACC_MI: 0.9581691421642922 BEST_F1_MA: 0.39358539255552083
[[3055    0   28    2]
 [  15    0   16   44]
 [   5    0   36   63]
 [   2    0   12   21]]
Epoch: [10/200], cls_loss: 0.3828, transfer_loss: 0.0000,person_loss: 0.0000, total_Loss: 0.0000
trian begin
trian end
n_person 578
SAMPLE
F1_MI: 0.9405880569869658 F1_MA: 0.3640968363851683 ACC_MI: 0.9405880569869658 F1_MA: 0.3615525314603454
BEST_F1_MI: 0.9581691421642922 BEST_F1_MA: 0.42978462462632305 BEST_ACC_MI: 0.9581691421642922 BEST_F1_MA: 0.39358539255552083
[[3084    0    0    1]
 [  61    0    7    7]
 [  55    0    4   45]
 [  16    0    4   15]]
Epoch: [11/200], cls_loss: 0.4140, transfer_loss: 0.0000,person_loss: 0.0000, total_Loss: 0.0000
trian begin
trian end
n_person 578
SAMPLE
F1_MI: 0.9463473779933314 F1_MA: 0.44017025929279646 ACC_MI: 0.9463473779933314 F1_MA: 0.39976824452113285
BEST_F1_MI: 0.9581691421642922 BEST_F1_MA: 0.44017025929279646 BEST_ACC_MI: 0.9581691421642922 BEST_F1_MA: 0.39976824452113285
[[3065    0   19    1]
 [  25    0   38   12]
 [  20    0   35   49]
 [   6    0    7   22]]
Epoch: [12/200], cls_loss: 0.4122, transfer_loss: 0.0000,person_loss: 0.0000, total_Loss: 0.0000
trian begin
trian end
n_person 578
SAMPLE
F1_MI: 0.9105789633222189 F1_MA: 0.37361937126218975 ACC_MI: 0.9105789633222189 F1_MA: 0.3126615508136413
BEST_F1_MI: 0.9581691421642922 BEST_F1_MA: 0.44017025929279646 BEST_ACC_MI: 0.9581691421642922 BEST_F1_MA: 0.39976824452113285
[[2909    0  176    0]
 [  11    0   64    0]
 [   9    0   95    0]
 [   2    0   33    0]]
Epoch: [13/200], cls_loss: 0.3774, transfer_loss: 0.0000,person_loss: 0.0000, total_Loss: 0.0000
trian begin
trian end
n_person 578
SAMPLE
F1_MI: 0.039405880569869656 F1_MA: 0.19204390099457372 ACC_MI: 0.039405880569869656 F1_MA: 0.16665647043803
BEST_F1_MI: 0.9581691421642922 BEST_F1_MA: 0.44017025929279646 BEST_ACC_MI: 0.9581691421642922 BEST_F1_MA: 0.39976824452113285
[[  37    0 3048    0]
 [   8    0   67    0]
 [  11    0   93    0]
 [   2    0   33    0]]
Epoch: [14/200], cls_loss: 0.4022, transfer_loss: 0.0000,person_loss: 0.0000, total_Loss: 0.0000
trian begin
trian end
n_person 578
SAMPLE
F1_MI: 0.9560472870566838 F1_MA: 0.40819577192690126 ACC_MI: 0.9560472870566838 F1_MA: 0.3598123722744061
BEST_F1_MI: 0.9581691421642922 BEST_F1_MA: 0.44017025929279646 BEST_ACC_MI: 0.9581691421642922 BEST_F1_MA: 0.39976824452113285
[[3061    0   24    0]
 [  17    0   58    0]
 [  11    0   93    0]
 [   3    0   32    0]]
Epoch: [15/200], cls_loss: 0.3904, transfer_loss: 0.0000,person_loss: 0.0000, total_Loss: 0.0000
trian begin
trian end
n_person 578
SAMPLE
F1_MI: 0.9442255228857229 F1_MA: 0.3732143561987198 ACC_MI: 0.9442255228857229 F1_MA: 0.33905509555798574
BEST_F1_MI: 0.9581691421642922 BEST_F1_MA: 0.44017025929279646 BEST_ACC_MI: 0.9581691421642922 BEST_F1_MA: 0.39976824452113285
[[3045    0   40    0]
 [  23    0   52    0]
 [  34    0   70    0]
 [  12    0   23    0]]
Epoch: [16/200], cls_loss: 0.3867, transfer_loss: 0.0000,person_loss: 0.0000, total_Loss: 0.0000
trian begin
trian end
n_person 578
SAMPLE
F1_MI: 0.9442255228857229 F1_MA: 0.34084395584543425 ACC_MI: 0.9442255228857229 F1_MA: 0.35619549583993304
BEST_F1_MI: 0.9581691421642922 BEST_F1_MA: 0.44017025929279646 BEST_ACC_MI: 0.9581691421642922 BEST_F1_MA: 0.39976824452113285
[[3083    0    2    0]
 [  55    0   20    0]
 [  72    0   32    0]
 [  21    0   14    0]]
Epoch: [17/200], cls_loss: 0.3796, transfer_loss: 0.0000,person_loss: 0.0000, total_Loss: 0.0000
trian begin
trian end
n_person 578
SAMPLE
F1_MI: 0.9421036677781146 F1_MA: 0.338731235367696 ACC_MI: 0.9421036677781146 F1_MA: 0.3804023473458116
BEST_F1_MI: 0.9581691421642922 BEST_F1_MA: 0.44017025929279646 BEST_ACC_MI: 0.9581691421642922 BEST_F1_MA: 0.39976824452113285
[[3085    0    0    0]
 [  70    0    5    0]
 [  81    0   23    0]
 [  23    0   12    0]]
Epoch: [18/200], cls_loss: 0.4010, transfer_loss: 0.0000,person_loss: 0.0000, total_Loss: 0.0000
trian begin
trian end
n_person 578
SAMPLE
F1_MI: 0.9515004546832373 F1_MA: 0.3745015720011507 ACC_MI: 0.9515004546832373 F1_MA: 0.3629821397172832
BEST_F1_MI: 0.9581691421642922 BEST_F1_MA: 0.44017025929279646 BEST_ACC_MI: 0.9581691421642922 BEST_F1_MA: 0.39976824452113285
[[3082    0    3    0]
 [  39    0   36    0]
 [  47    0   57    0]
 [  13    0   22    0]]
Epoch: [19/200], cls_loss: 0.3951, transfer_loss: 0.0000,person_loss: 0.0000, total_Loss: 0.0000
trian begin
trian end
n_person 578
SAMPLE
F1_MI: 0.949378599575629 F1_MA: 0.37334231870923096 ACC_MI: 0.949378599575629 F1_MA: 0.37923880269528043
BEST_F1_MI: 0.9581691421642922 BEST_F1_MA: 0.44017025929279646 BEST_ACC_MI: 0.9581691421642922 BEST_F1_MA: 0.39976824452113285
[[3083    0    2    0]
 [  55    0   20    0]
 [  55    0   49    0]
 [  18    0   17    0]]
Epoch: [20/200], cls_loss: 0.3863, transfer_loss: 0.0000,person_loss: 0.0000, total_Loss: 0.0000
trian begin
trian end
n_person 578
SAMPLE
F1_MI: 0.0536526220066687 F1_MA: 0.21585152913869618 ACC_MI: 0.05365262200666869 F1_MA: 0.201287389033331
BEST_F1_MI: 0.9581691421642922 BEST_F1_MA: 0.44017025929279646 BEST_ACC_MI: 0.9581691421642922 BEST_F1_MA: 0.39976824452113285
[[  83    0 3002    0]
 [  11    0   64    0]
 [  10    0   94    0]
 [   3    0   32    0]]
Epoch: [21/200], cls_loss: 0.3670, transfer_loss: 0.0000,person_loss: 0.0000, total_Loss: 0.0000
trian begin
trian end
n_person 578
SAMPLE
F1_MI: 0.04516520157623522 F1_MA: 0.21381110744844808 ACC_MI: 0.04516520157623522 F1_MA: 0.19148369654268393
BEST_F1_MI: 0.9581691421642922 BEST_F1_MA: 0.44017025929279646 BEST_ACC_MI: 0.9581691421642922 BEST_F1_MA: 0.39976824452113285
[[  50    0 3035    0]
 [  11    0   64    0]
 [   5    0   99    0]
 [   2    0   33    0]]
Epoch: [22/200], cls_loss: 0.3743, transfer_loss: 0.0000,person_loss: 0.0000, total_Loss: 0.0000
trian begin
trian end
n_person 578
SAMPLE
F1_MI: 0.9148226735374356 F1_MA: 0.38186948620407374 ACC_MI: 0.9148226735374356 F1_MA: 0.31418866017775676
BEST_F1_MI: 0.9581691421642922 BEST_F1_MA: 0.44017025929279646 BEST_ACC_MI: 0.9581691421642922 BEST_F1_MA: 0.39976824452113285
[[2977    0   67   41]
 [  14    0    2   59]
 [   3    0   10   91]
 [   2    0    2   31]]
Epoch: [23/200], cls_loss: 0.3663, transfer_loss: 0.0000,person_loss: 0.0000, total_Loss: 0.0000
trian begin
trian end
n_person 578
SAMPLE
F1_MI: 0.9551379205819945 F1_MA: 0.3973606890859399 ACC_MI: 0.9551379205819945 F1_MA: 0.35691685987265503
BEST_F1_MI: 0.9581691421642922 BEST_F1_MA: 0.44017025929279646 BEST_ACC_MI: 0.9581691421642922 BEST_F1_MA: 0.39976824452113285
[[3068    0   17    0]
 [  19    0   56    0]
 [  21    0   83    0]
 [   3    0   32    0]]
Epoch: [24/200], cls_loss: 0.3735, transfer_loss: 0.0000,person_loss: 0.0000, total_Loss: 0.0000
trian begin
trian end
n_person 578
SAMPLE
F1_MI: 0.11730827523491967 F1_MA: 0.24687355933030677 ACC_MI: 0.11730827523491967 F1_MA: 0.24192548050097432
BEST_F1_MI: 0.9581691421642922 BEST_F1_MA: 0.44017025929279646 BEST_ACC_MI: 0.9581691421642922 BEST_F1_MA: 0.39976824452113285
[[ 292    0 2793    0]
 [   9    0   66    0]
 [   9    0   95    0]
 [   2    0   33    0]]
Epoch: [25/200], cls_loss: 0.3967, transfer_loss: 0.0000,person_loss: 0.0000, total_Loss: 0.0000
trian begin
trian end
n_person 578
SAMPLE
F1_MI: 0.9478629887844802 F1_MA: 0.4522647900510675 ACC_MI: 0.9478629887844802 F1_MA: 0.42593354223106683
BEST_F1_MI: 0.9581691421642922 BEST_F1_MA: 0.4522647900510675 BEST_ACC_MI: 0.9581691421642922 BEST_F1_MA: 0.42593354223106683
[[3051    0   34    0]
 [  19    0   54    2]
 [  20    0   65   19]
 [   3    0   21   11]]
Epoch: [26/200], cls_loss: 0.3810, transfer_loss: 0.0000,person_loss: 0.0000, total_Loss: 0.0000
trian begin
trian end
n_person 578
SAMPLE
F1_MI: 0.9333131251894513 F1_MA: 0.37649790650751536 ACC_MI: 0.9333131251894513 F1_MA: 0.3264717559125726
BEST_F1_MI: 0.9581691421642922 BEST_F1_MA: 0.4522647900510675 BEST_ACC_MI: 0.9581691421642922 BEST_F1_MA: 0.42593354223106683
[[2995    0   90    0]
 [  18    0   57    0]
 [  20    0   84    0]
 [   3    0   32    0]]
Epoch: [27/200], cls_loss: 0.3677, transfer_loss: 0.0000,person_loss: 0.0000, total_Loss: 0.0000
trian begin
trian end
n_person 578
SAMPLE
F1_MI: 0.9460442558351014 F1_MA: 0.39223286021778125 ACC_MI: 0.9460442558351015 F1_MA: 0.3460278858625162
BEST_F1_MI: 0.9581691421642922 BEST_F1_MA: 0.4522647900510675 BEST_ACC_MI: 0.9581691421642922 BEST_F1_MA: 0.42593354223106683
[[3035    0   50    0]
 [  23    0   52    0]
 [  18    0   86    0]
 [   8    0   27    0]]
Epoch: [28/200], cls_loss: 0.3454, transfer_loss: 0.0000,person_loss: 0.0000, total_Loss: 0.0000
trian begin
trian end
n_person 578
SAMPLE
F1_MI: 0.8884510457714458 F1_MA: 0.34187327613898105 ACC_MI: 0.8884510457714458 F1_MA: 0.29346422276925527
BEST_F1_MI: 0.9581691421642922 BEST_F1_MA: 0.4522647900510675 BEST_ACC_MI: 0.9581691421642922 BEST_F1_MA: 0.42593354223106683
[[2857    0  228    0]
 [  24    0   51    0]
 [  30    0   74    0]
 [  10    0   25    0]]
Epoch: [29/200], cls_loss: 0.3786, transfer_loss: 0.0000,person_loss: 0.0000, total_Loss: 0.0000
trian begin
trian end
n_person 578
SAMPLE
F1_MI: 0.9587753864807518 F1_MA: 0.4104911214620829 ACC_MI: 0.9587753864807518 F1_MA: 0.36718782219595014
BEST_F1_MI: 0.9587753864807518 BEST_F1_MA: 0.4522647900510675 BEST_ACC_MI: 0.9587753864807518 BEST_F1_MA: 0.42593354223106683
[[3073    0   12    0]
 [  21    0   54    0]
 [  14    0   90    0]
 [   4    0   31    0]]
Epoch: [30/200], cls_loss: 0.3846, transfer_loss: 0.0000,person_loss: 0.0000, total_Loss: 0.0000
trian begin
trian end
n_person 578
SAMPLE
F1_MI: 0.8708699605941195 F1_MA: 0.3579270079950725 ACC_MI: 0.8708699605941195 F1_MA: 0.2956309046664758
BEST_F1_MI: 0.9587753864807518 BEST_F1_MA: 0.4522647900510675 BEST_ACC_MI: 0.9587753864807518 BEST_F1_MA: 0.42593354223106683
[[2778    0  307    0]
 [  11    0   64    0]
 [   9    0   95    0]
 [   2    0   33    0]]
Epoch: [31/200], cls_loss: 0.3563, transfer_loss: 0.0000,person_loss: 0.0000, total_Loss: 0.0000
trian begin
trian end
n_person 578
SAMPLE
F1_MI: 0.05516823279781752 F1_MA: 0.20552993793185326 ACC_MI: 0.05516823279781752 F1_MA: 0.19534677512143633
BEST_F1_MI: 0.9587753864807518 BEST_F1_MA: 0.4522647900510675 BEST_ACC_MI: 0.9587753864807518 BEST_F1_MA: 0.42593354223106683
[[  95    0 2990    0]
 [   9    0   66    0]
 [  17    0   87    0]
 [   5    0   30    0]]
Epoch: [32/200], cls_loss: 0.3758, transfer_loss: 0.0000,person_loss: 0.0000, total_Loss: 0.0000
trian begin
trian end
n_person 578
SAMPLE
F1_MI: 0.9548347984237647 F1_MA: 0.39177263179929483 ACC_MI: 0.9548347984237647 F1_MA: 0.36874802152579933
BEST_F1_MI: 0.9587753864807518 BEST_F1_MA: 0.4522647900510675 BEST_ACC_MI: 0.9587753864807518 BEST_F1_MA: 0.42593354223106683
[[3080    0    5    0]
 [  35    0   40    0]
 [  34    0   70    0]
 [  10    0   25    0]]
Epoch: [33/200], cls_loss: 0.3608, transfer_loss: 0.0000,person_loss: 0.0000, total_Loss: 0.0000
trian begin
trian end
n_person 578
SAMPLE
F1_MI: 0.9508942103667778 F1_MA: 0.37525399727962166 ACC_MI: 0.9508942103667778 F1_MA: 0.35478610782260267
BEST_F1_MI: 0.9587753864807518 BEST_F1_MA: 0.4522647900510675 BEST_ACC_MI: 0.9587753864807518 BEST_F1_MA: 0.42593354223106683
[[3075    0   10    0]
 [  31    0   44    0]
 [  42    0   62    0]
 [  12    0   23    0]]
Epoch: [34/200], cls_loss: 0.3489, transfer_loss: 0.0000,person_loss: 0.0000, total_Loss: 0.0000
trian begin
trian end
n_person 578
SAMPLE
F1_MI: 0.9551379205819945 F1_MA: 0.3975962220155389 ACC_MI: 0.9551379205819945 F1_MA: 0.3587875070069488
BEST_F1_MI: 0.9587753864807518 BEST_F1_MA: 0.4522647900510675 BEST_ACC_MI: 0.9587753864807518 BEST_F1_MA: 0.42593354223106683
[[3069    0   16    0]
 [  21    0   54    0]
 [  22    0   82    0]
 [   5    0   30    0]]
Epoch: [35/200], cls_loss: 0.3625, transfer_loss: 0.0000,person_loss: 0.0000, total_Loss: 0.0000
trian begin
trian end
n_person 578
SAMPLE
F1_MI: 0.9478629887844802 F1_MA: 0.35534704946260204 ACC_MI: 0.9478629887844802 F1_MA: 0.3442167505768827
BEST_F1_MI: 0.9587753864807518 BEST_F1_MA: 0.4522647900510675 BEST_ACC_MI: 0.9587753864807518 BEST_F1_MA: 0.42593354223106683
[[3078    0    7    0]
 [  35    0   40    0]
 [  54    1   49    0]
 [  11    0   24    0]]
Epoch: [36/200], cls_loss: 0.3480, transfer_loss: 0.0000,person_loss: 0.0000, total_Loss: 0.0000
trian begin
trian end
n_person 578
SAMPLE
F1_MI: 0.9581691421642922 F1_MA: 0.5272718783046495 ACC_MI: 0.9581691421642922 F1_MA: 0.6149149353550585
BEST_F1_MI: 0.9587753864807518 BEST_F1_MA: 0.5272718783046495 BEST_ACC_MI: 0.9587753864807518 BEST_F1_MA: 0.6149149353550585
[[3073    0   12    0]
 [  19    1   55    0]
 [  17    0   87    0]
 [   5    0   30    0]]
Epoch: [37/200], cls_loss: 0.3397, transfer_loss: 0.0000,person_loss: 0.0000, total_Loss: 0.0000
trian begin
trian end
n_person 578
SAMPLE
F1_MI: 0.954531676265535 F1_MA: 0.46532966196797804 ACC_MI: 0.954531676265535 F1_MA: 0.5124479404967209
BEST_F1_MI: 0.9587753864807518 BEST_F1_MA: 0.5272718783046495 BEST_ACC_MI: 0.9587753864807518 BEST_F1_MA: 0.6149149353550585
[[3077    0    8    0]
 [  36    4   35    0]
 [  33    3   68    0]
 [  11    0   24    0]]
Epoch: [38/200], cls_loss: 0.3474, transfer_loss: 0.0000,person_loss: 0.0000, total_Loss: 0.0000
trian begin
trian end
n_person 578
SAMPLE
F1_MI: 0.9439224007274932 F1_MA: 0.4061948940252455 ACC_MI: 0.9439224007274932 F1_MA: 0.5188248607990733
BEST_F1_MI: 0.9587753864807518 BEST_F1_MA: 0.5272718783046495 BEST_ACC_MI: 0.9587753864807518 BEST_F1_MA: 0.6149149353550585
[[3083    1    1    0]
 [  66    5    1    3]
 [  67    8   25    4]
 [  22    0   12    1]]
Epoch: [39/200], cls_loss: 0.3614, transfer_loss: 0.0000,person_loss: 0.0000, total_Loss: 0.0000
trian begin
trian end
n_person 578
SAMPLE
F1_MI: 0.9563504092149137 F1_MA: 0.4909349792903886 ACC_MI: 0.9563504092149137 F1_MA: 0.5305366318837
BEST_F1_MI: 0.9587753864807518 BEST_F1_MA: 0.5272718783046495 BEST_ACC_MI: 0.9587753864807518 BEST_F1_MA: 0.6149149353550585
[[3076    3    4    2]
 [  35   19   18    3]
 [  33   10   60    1]
 [  11    1   23    0]]
Epoch: [40/200], cls_loss: 0.3531, transfer_loss: 0.0000,person_loss: 0.0000, total_Loss: 0.0000
trian begin
trian end
n_person 578
SAMPLE
F1_MI: 0.9060321309487724 F1_MA: 0.3657071120851201 ACC_MI: 0.9060321309487723 F1_MA: 0.3327973547911353
BEST_F1_MI: 0.9587753864807518 BEST_F1_MA: 0.5272718783046495 BEST_ACC_MI: 0.9587753864807518 BEST_F1_MA: 0.6149149353550585
[[2921   31  130    3]
 [  22    1   50    2]
 [  23    9   66    6]
 [   5    1   28    1]]
Epoch: [41/200], cls_loss: 0.3410, transfer_loss: 0.0000,person_loss: 0.0000, total_Loss: 0.0000
trian begin
trian end
n_person 578
SAMPLE
F1_MI: 0.6229160351621703 F1_MA: 0.3070429038795837 ACC_MI: 0.6229160351621703 F1_MA: 0.28481574229735473
BEST_F1_MI: 0.9587753864807518 BEST_F1_MA: 0.5272718783046495 BEST_ACC_MI: 0.9587753864807518 BEST_F1_MA: 0.6149149353550585
[[1989   75 1010   11]
 [  26    4   42    3]
 [  29    4   60   11]
 [  20    0   13    2]]
Epoch: [42/200], cls_loss: 0.3486, transfer_loss: 0.0000,person_loss: 0.0000, total_Loss: 0.0000
trian begin
trian end
n_person 578
SAMPLE
F1_MI: 0.937556835404668 F1_MA: 0.36787408236960434 ACC_MI: 0.937556835404668 F1_MA: 0.4308023405609945
BEST_F1_MI: 0.9587753864807518 BEST_F1_MA: 0.5272718783046495 BEST_ACC_MI: 0.9587753864807518 BEST_F1_MA: 0.6149149353550585
[[3070   11    0    4]
 [  26    8    1   40]
 [  42   12   13   37]
 [  14    8   11    2]]
Epoch: [43/200], cls_loss: 0.3543, transfer_loss: 0.0000,person_loss: 0.0000, total_Loss: 0.0000
trian begin
trian end
n_person 578
SAMPLE
F1_MI: 0.7296150348590482 F1_MA: 0.40319877332534537 ACC_MI: 0.7296150348590482 F1_MA: 0.40489393208683117
BEST_F1_MI: 0.9587753864807518 BEST_F1_MA: 0.5272718783046495 BEST_ACC_MI: 0.9587753864807518 BEST_F1_MA: 0.6149149353550585
[[2347  689    1   48]
 [  11   11   10   43]
 [   3    6   37   58]
 [   2    0   21   12]]
Epoch: [44/200], cls_loss: 0.3253, transfer_loss: 0.0000,person_loss: 0.0000, total_Loss: 0.0000
trian begin
trian end
n_person 578
SAMPLE
F1_MI: 0.9460442558351014 F1_MA: 0.4840693081764266 ACC_MI: 0.9460442558351015 F1_MA: 0.5596217683867009
BEST_F1_MI: 0.9587753864807518 BEST_F1_MA: 0.5272718783046495 BEST_ACC_MI: 0.9587753864807518 BEST_F1_MA: 0.6149149353550585
[[3080    2    2    1]
 [  44   18    3   10]
 [  41   17   10   36]
 [  16    5    1   13]]
Epoch: [45/200], cls_loss: 0.3497, transfer_loss: 0.0000,person_loss: 0.0000, total_Loss: 0.0000
trian begin
trian end
n_person 578
SAMPLE
F1_MI: 0.018490451652015762 F1_MA: 0.3058432538086202 ACC_MI: 0.018490451652015762 F1_MA: 0.351175225942884
BEST_F1_MI: 0.9587753864807518 BEST_F1_MA: 0.5272718783046495 BEST_ACC_MI: 0.9587753864807518 BEST_F1_MA: 0.6149149353550585
[[  15   14    7 3049]
 [   3    8    1   63]
 [   1   13    6   84]
 [   1    2    0   32]]
Epoch: [46/200], cls_loss: 0.3249, transfer_loss: 0.0000,person_loss: 0.0000, total_Loss: 0.0000
trian begin
trian end
n_person 578
SAMPLE
F1_MI: 0.9384662018793574 F1_MA: 0.3930002350444156 ACC_MI: 0.9384662018793574 F1_MA: 0.43229124220691906
BEST_F1_MI: 0.9587753864807518 BEST_F1_MA: 0.5272718783046495 BEST_ACC_MI: 0.9587753864807518 BEST_F1_MA: 0.6149149353550585
[[3075    1    9    0]
 [  48    4    7   16]
 [  58    5    5   36]
 [  20    1    2   12]]
Epoch: [47/200], cls_loss: 0.3088, transfer_loss: 0.0000,person_loss: 0.0000, total_Loss: 0.0000
trian begin
trian end
n_person 578
SAMPLE
F1_MI: 0.9396786905122765 F1_MA: 0.36686413789501754 ACC_MI: 0.9396786905122765 F1_MA: 0.3790115793792264
BEST_F1_MI: 0.9587753864807518 BEST_F1_MA: 0.5272718783046495 BEST_ACC_MI: 0.9587753864807518 BEST_F1_MA: 0.6149149353550585
[[3082    2    0    1]
 [  46    6    3   20]
 [  65    6    0   33]
 [  20    2    1   12]]
Epoch: [48/200], cls_loss: 0.3469, transfer_loss: 0.0000,person_loss: 0.0000, total_Loss: 0.0000
trian begin
trian end
n_person 578
SAMPLE
F1_MI: 0.9469536223097909 F1_MA: 0.4570289305135787 ACC_MI: 0.9469536223097909 F1_MA: 0.5370925587553222
BEST_F1_MI: 0.9587753864807518 BEST_F1_MA: 0.5272718783046495 BEST_ACC_MI: 0.9587753864807518 BEST_F1_MA: 0.6149149353550585
[[3078    0    5    2]
 [  37   10    9   19]
 [  45    7   30   22]
 [  12    1   16    6]]
Epoch: [49/200], cls_loss: 0.3113, transfer_loss: 0.0000,person_loss: 0.0000, total_Loss: 0.0000
trian begin
trian end
n_person 578
SAMPLE
F1_MI: 0.9254319490754774 F1_MA: 0.3957915805123318 ACC_MI: 0.9254319490754774 F1_MA: 0.37301271614869835
BEST_F1_MI: 0.9587753864807518 BEST_F1_MA: 0.5272718783046495 BEST_ACC_MI: 0.9587753864807518 BEST_F1_MA: 0.6149149353550585
[[3009   26   45    5]
 [  15    6   14   40]
 [  18   12   24   50]
 [   4    1   16   14]]
Epoch: [50/200], cls_loss: 0.3405, transfer_loss: 0.0000,person_loss: 0.0000, total_Loss: 0.0000
trian begin
trian end
n_person 578
SAMPLE
F1_MI: 0.9436192785692634 F1_MA: 0.42582175229246066 ACC_MI: 0.9436192785692634 F1_MA: 0.40989855401620107
BEST_F1_MI: 0.9587753864807518 BEST_F1_MA: 0.5272718783046495 BEST_ACC_MI: 0.9587753864807518 BEST_F1_MA: 0.6149149353550585
[[3081    1    0    3]
 [  26    8    4   37]
 [  30   17    1   56]
 [   8    4    0   23]]
Epoch: [51/200], cls_loss: 0.3210, transfer_loss: 0.0000,person_loss: 0.0000, total_Loss: 0.0000
trian begin
trian end
n_person 578
SAMPLE
F1_MI: 0.9451348893604122 F1_MA: 0.4475311754221144 ACC_MI: 0.9451348893604122 F1_MA: 0.45064442158501566
BEST_F1_MI: 0.9587753864807518 BEST_F1_MA: 0.5272718783046495 BEST_ACC_MI: 0.9587753864807518 BEST_F1_MA: 0.6149149353550585
[[3081    1    1    2]
 [  22   17    1   35]
 [  39   19    1   45]
 [   8    7    1   19]]
Epoch: [52/200], cls_loss: 0.3158, transfer_loss: 0.0000,person_loss: 0.0000, total_Loss: 0.0000
trian begin
trian end
n_person 578
SAMPLE
F1_MI: 0.9433161564110336 F1_MA: 0.45457569405628395 ACC_MI: 0.9433161564110336 F1_MA: 0.5331007886568897
BEST_F1_MI: 0.9587753864807518 BEST_F1_MA: 0.5272718783046495 BEST_ACC_MI: 0.9587753864807518 BEST_F1_MA: 0.6149149353550585
[[3078    6    0    1]
 [  43   19    0   13]
 [  49   15    5   35]
 [  18    3    4   10]]
Epoch: [53/200], cls_loss: 0.3267, transfer_loss: 0.0000,person_loss: 0.0000, total_Loss: 0.0000
trian begin
trian end
n_person 578
SAMPLE
F1_MI: 0.9442255228857229 F1_MA: 0.4807246455960052 ACC_MI: 0.9442255228857229 F1_MA: 0.5224857363357671
BEST_F1_MI: 0.9587753864807518 BEST_F1_MA: 0.5272718783046495 BEST_ACC_MI: 0.9587753864807518 BEST_F1_MA: 0.6149149353550585
[[3076    7    0    2]
 [  23   13    1   38]
 [  30   19    7   48]
 [   8    5    3   19]]
Epoch: [54/200], cls_loss: 0.3172, transfer_loss: 0.0000,person_loss: 0.0000, total_Loss: 0.0000
trian begin
trian end
n_person 578
SAMPLE
F1_MI: 0.5474386177629584 F1_MA: 0.31809644394149805 ACC_MI: 0.5474386177629584 F1_MA: 0.3203911522188956
BEST_F1_MI: 0.9587753864807518 BEST_F1_MA: 0.5272718783046495 BEST_ACC_MI: 0.9587753864807518 BEST_F1_MA: 0.6149149353550585
[[1764   12 1301    8]
 [  17    6   11   41]
 [  15   14   22   53]
 [   8    4    9   14]]
Epoch: [55/200], cls_loss: 0.2992, transfer_loss: 0.0000,person_loss: 0.0000, total_Loss: 0.0000
trian begin
trian end
n_person 578
SAMPLE
F1_MI: 0.46438314640800243 F1_MA: 0.3149591776662336 ACC_MI: 0.46438314640800243 F1_MA: 0.2750931743916105
BEST_F1_MI: 0.9587753864807518 BEST_F1_MA: 0.5272718783046495 BEST_ACC_MI: 0.9587753864807518 BEST_F1_MA: 0.6149149353550585
[[1486 1015  288  296]
 [   6    5    4   60]
 [   2    3   13   86]
 [   1    1    5   28]]
Epoch: [56/200], cls_loss: 0.2945, transfer_loss: 0.0000,person_loss: 0.0000, total_Loss: 0.0000
trian begin
trian end
n_person 578
SAMPLE
F1_MI: 0.9075477417399211 F1_MA: 0.3827975836666979 ACC_MI: 0.9075477417399211 F1_MA: 0.3275241440420012
BEST_F1_MI: 0.9587753864807518 BEST_F1_MA: 0.5272718783046495 BEST_ACC_MI: 0.9587753864807518 BEST_F1_MA: 0.6149149353550585
[[2941    3  130   11]
 [  14    0   21   40]
 [   3    4   33   64]
 [   2    1   12   20]]
Epoch: [57/200], cls_loss: 0.3208, transfer_loss: 0.0000,person_loss: 0.0000, total_Loss: 0.0000
trian begin
trian end
n_person 578
SAMPLE
F1_MI: 0.9490754774173992 F1_MA: 0.5538813265625416 ACC_MI: 0.9490754774173992 F1_MA: 0.6827032880459638
BEST_F1_MI: 0.9587753864807518 BEST_F1_MA: 0.5538813265625416 BEST_ACC_MI: 0.9587753864807518 BEST_F1_MA: 0.6827032880459638
[[3081    4    0    0]
 [  39   32    0    4]
 [  43   28    4   29]
 [  16    5    0   14]]
Epoch: [58/200], cls_loss: 0.3010, transfer_loss: 0.0000,person_loss: 0.0000, total_Loss: 0.0000
trian begin
trian end
n_person 578
SAMPLE
F1_MI: 0.9333131251894513 F1_MA: 0.44112933625804407 ACC_MI: 0.9333131251894513 F1_MA: 0.40612425226316573
BEST_F1_MI: 0.9587753864807518 BEST_F1_MA: 0.5538813265625416 BEST_ACC_MI: 0.9587753864807518 BEST_F1_MA: 0.6827032880459638
[[3032    9   31   13]
 [  16    6    8   45]
 [  21   15   16   52]
 [   3    4    3   25]]
Epoch: [59/200], cls_loss: 0.2976, transfer_loss: 0.0000,person_loss: 0.0000, total_Loss: 0.0000
trian begin
trian end
n_person 578
SAMPLE
F1_MI: 0.10791148832979691 F1_MA: 0.3709401806085267 ACC_MI: 0.10791148832979691 F1_MA: 0.4964578520801687
BEST_F1_MI: 0.9587753864807518 BEST_F1_MA: 0.5538813265625416 BEST_ACC_MI: 0.9587753864807518 BEST_F1_MA: 0.6827032880459638
[[ 307 2682    0   96]
 [   9    7    1   58]
 [   5    6   11   82]
 [   2    2    0   31]]
Epoch: [60/200], cls_loss: 0.2841, transfer_loss: 0.0000,person_loss: 0.0000, total_Loss: 0.0000
trian begin
trian end
n_person 578
SAMPLE
F1_MI: 0.9430130342528039 F1_MA: 0.486771675569595 ACC_MI: 0.9430130342528039 F1_MA: 0.4889736007077059
BEST_F1_MI: 0.9587753864807518 BEST_F1_MA: 0.5538813265625416 BEST_ACC_MI: 0.9587753864807518 BEST_F1_MA: 0.6827032880459638
[[3054    4   26    1]
 [  21   21    4   29]
 [  23   23   19   39]
 [  12    5    1   17]]
Epoch: [61/200], cls_loss: 0.3061, transfer_loss: 0.0000,person_loss: 0.0000, total_Loss: 0.0000
trian begin
trian end
n_person 578
SAMPLE
F1_MI: 0.015459230069718095 F1_MA: 0.24703855592881596 ACC_MI: 0.015459230069718097 F1_MA: 0.24913460994865413
BEST_F1_MI: 0.9587753864807518 BEST_F1_MA: 0.5538813265625416 BEST_ACC_MI: 0.9587753864807518 BEST_F1_MA: 0.6827032880459638
[[  13   15 2993   64]
 [   2    1    8   64]
 [   0    0    5   99]
 [   1    1    1   32]]
Epoch: [62/200], cls_loss: 0.2944, transfer_loss: 0.0000,person_loss: 0.0000, total_Loss: 0.0000
trian begin
trian end
n_person 578
SAMPLE
F1_MI: 0.9418005456198848 F1_MA: 0.4483795310645124 ACC_MI: 0.9418005456198848 F1_MA: 0.5536174889208374
BEST_F1_MI: 0.9587753864807518 BEST_F1_MA: 0.5538813265625416 BEST_ACC_MI: 0.9587753864807518 BEST_F1_MA: 0.6827032880459638
[[3080    4    1    0]
 [  58   16    0    1]
 [  68   19    1   16]
 [  23    2    0   10]]
Epoch: [63/200], cls_loss: 0.2847, transfer_loss: 0.0000,person_loss: 0.0000, total_Loss: 0.0000
trian begin
trian end
n_person 578
SAMPLE
F1_MI: 0.9484692331009397 F1_MA: 0.48558441526661766 ACC_MI: 0.9484692331009397 F1_MA: 0.5320960272399221
BEST_F1_MI: 0.9587753864807518 BEST_F1_MA: 0.5538813265625416 BEST_ACC_MI: 0.9587753864807518 BEST_F1_MA: 0.6827032880459638
[[3063    1   21    0]
 [  23    7   35   10]
 [  30    4   52   18]
 [   8    1   19    7]]
Epoch: [64/200], cls_loss: 0.2963, transfer_loss: 0.0000,person_loss: 0.0000, total_Loss: 0.0000
trian begin
trian end
n_person 578
SAMPLE
F1_MI: 0.9472567444680207 F1_MA: 0.5095098078784045 ACC_MI: 0.9472567444680207 F1_MA: 0.5438883821117723
BEST_F1_MI: 0.9587753864807518 BEST_F1_MA: 0.5538813265625416 BEST_ACC_MI: 0.9587753864807518 BEST_F1_MA: 0.6827032880459638
[[3077    0    7    1]
 [  31   11    4   29]
 [  30   12   15   47]
 [   9    1    3   22]]
Epoch: [65/200], cls_loss: 0.2691, transfer_loss: 0.0000,person_loss: 0.0000, total_Loss: 0.0000
trian begin
trian end
n_person 578
SAMPLE
F1_MI: 0.9360412246135192 F1_MA: 0.5267824192632302 ACC_MI: 0.9360412246135192 F1_MA: 0.5838960066897373
BEST_F1_MI: 0.9587753864807518 BEST_F1_MA: 0.5538813265625416 BEST_ACC_MI: 0.9587753864807518 BEST_F1_MA: 0.6827032880459638
[[3047   36    0    2]
 [  18   12    0   45]
 [  11   18    3   72]
 [   3    6    0   26]]
Epoch: [66/200], cls_loss: 0.3044, transfer_loss: 0.0000,person_loss: 0.0000, total_Loss: 0.0000
trian begin
trian end
n_person 578
SAMPLE
F1_MI: 0.9396786905122765 F1_MA: 0.35785289494932027 ACC_MI: 0.9396786905122765 F1_MA: 0.35224011130987876
BEST_F1_MI: 0.9587753864807518 BEST_F1_MA: 0.5538813265625416 BEST_ACC_MI: 0.9587753864807518 BEST_F1_MA: 0.6827032880459638
[[3083    2    0    0]
 [  56    2    0   17]
 [  67    4    0   33]
 [  19    1    0   15]]
Epoch: [67/200], cls_loss: 0.2891, transfer_loss: 0.0000,person_loss: 0.0000, total_Loss: 0.0000
trian begin
trian end
n_person 578
SAMPLE
F1_MI: 0.9357381024552894 F1_MA: 0.4396976258830677 ACC_MI: 0.9357381024552894 F1_MA: 0.4347742114198352
BEST_F1_MI: 0.9587753864807518 BEST_F1_MA: 0.5538813265625416 BEST_ACC_MI: 0.9587753864807518 BEST_F1_MA: 0.6827032880459638
[[3039   23   21    2]
 [  19   18    6   32]
 [  30   25   16   33]
 [   8   10    3   14]]
Epoch: [68/200], cls_loss: 0.2861, transfer_loss: 0.0000,person_loss: 0.0000, total_Loss: 0.0000
trian begin
trian end
n_person 578
SAMPLE
F1_MI: 0.9196726280691119 F1_MA: 0.3952080748788982 ACC_MI: 0.9196726280691119 F1_MA: 0.33659654901643793
BEST_F1_MI: 0.9587753864807518 BEST_F1_MA: 0.5538813265625416 BEST_ACC_MI: 0.9587753864807518 BEST_F1_MA: 0.6827032880459638
[[2995   44   44    2]
 [  15    5    1   54]
 [   8   21    5   70]
 [   2    4    0   29]]
Epoch: [69/200], cls_loss: 0.3090, transfer_loss: 0.0000,person_loss: 0.0000, total_Loss: 0.0000
trian begin
trian end
n_person 578
SAMPLE
F1_MI: 0.020915428917853897 F1_MA: 0.2110295347597373 ACC_MI: 0.020915428917853897 F1_MA: 0.17845796135240247
BEST_F1_MI: 0.9587753864807518 BEST_F1_MA: 0.5538813265625416 BEST_ACC_MI: 0.9587753864807518 BEST_F1_MA: 0.6827032880459638
[[  30  488 2235  332]
 [   9    6    0   60]
 [   7    2    0   95]
 [   1    1    0   33]]
Epoch: [70/200], cls_loss: 0.2887, transfer_loss: 0.0000,person_loss: 0.0000, total_Loss: 0.0000
trian begin
trian end
n_person 578
SAMPLE
F1_MI: 0.941497423461655 F1_MA: 0.3979105191612128 ACC_MI: 0.941497423461655 F1_MA: 0.40136106927710846
BEST_F1_MI: 0.9587753864807518 BEST_F1_MA: 0.5538813265625416 BEST_ACC_MI: 0.9587753864807518 BEST_F1_MA: 0.6827032880459638
[[3082    2    0    1]
 [  54    7    0   14]
 [  49    4    0   51]
 [  15    3    0   17]]
Epoch: [71/200], cls_loss: 0.2951, transfer_loss: 0.0000,person_loss: 0.0000, total_Loss: 0.0000
trian begin
trian end
n_person 578
SAMPLE
F1_MI: 0.8811761139739315 F1_MA: 0.37182672775250586 ACC_MI: 0.8811761139739315 F1_MA: 0.3084981946050479
BEST_F1_MI: 0.9587753864807518 BEST_F1_MA: 0.5538813265625416 BEST_ACC_MI: 0.9587753864807518 BEST_F1_MA: 0.6827032880459638
[[2869   35  167   14]
 [  12    2    4   57]
 [   7    2    6   89]
 [   3    1    1   30]]
Epoch: [72/200], cls_loss: 0.2986, transfer_loss: 0.0000,person_loss: 0.0000, total_Loss: 0.0000
trian begin
trian end
n_person 578
SAMPLE
F1_MI: 0.021824795392543193 F1_MA: 0.2539186846939681 ACC_MI: 0.021824795392543193 F1_MA: 0.2224078530795387
BEST_F1_MI: 0.9587753864807518 BEST_F1_MA: 0.5538813265625416 BEST_ACC_MI: 0.9587753864807518 BEST_F1_MA: 0.6827032880459638
[[  14 1910   65 1096]
 [   2    9    7   57]
 [   4   14   18   68]
 [   1    0    3   31]]
Epoch: [73/200], cls_loss: 0.3020, transfer_loss: 0.0000,person_loss: 0.0000, total_Loss: 0.0000
trian begin
trian end
n_person 578
SAMPLE
F1_MI: 0.9408911791451955 F1_MA: 0.4457980183650348 ACC_MI: 0.9408911791451955 F1_MA: 0.5853539043186337
BEST_F1_MI: 0.9587753864807518 BEST_F1_MA: 0.5538813265625416 BEST_ACC_MI: 0.9587753864807518 BEST_F1_MA: 0.6827032880459638
[[3083    2    0    0]
 [  60    3    0   12]
 [  55    9    6   34]
 [  20    3    0   12]]
Epoch: [74/200], cls_loss: 0.2906, transfer_loss: 0.0000,person_loss: 0.0000, total_Loss: 0.0000
trian begin
trian end
n_person 578
SAMPLE
F1_MI: 0.9424067899363443 F1_MA: 0.4924778560079201 ACC_MI: 0.9424067899363443 F1_MA: 0.5966162823397075
BEST_F1_MI: 0.9587753864807518 BEST_F1_MA: 0.5538813265625416 BEST_ACC_MI: 0.9587753864807518 BEST_F1_MA: 0.6827032880459638
[[3081    0    1    3]
 [  36    3    0   36]
 [  44    4    4   52]
 [  14    0    0   21]]
Epoch: [75/200], cls_loss: 0.2761, transfer_loss: 0.0000,person_loss: 0.0000, total_Loss: 0.0000
trian begin
trian end
n_person 578
SAMPLE
F1_MI: 0.8978478326765686 F1_MA: 0.42295104371233566 ACC_MI: 0.8978478326765686 F1_MA: 0.3559086553223141
BEST_F1_MI: 0.9587753864807518 BEST_F1_MA: 0.5538813265625416 BEST_ACC_MI: 0.9587753864807518 BEST_F1_MA: 0.6827032880459638
[[2909  131   34   11]
 [  10   17    2   46]
 [   6   18    6   74]
 [   2    3    0   30]]
Epoch: [76/200], cls_loss: 0.2666, transfer_loss: 0.0000,person_loss: 0.0000, total_Loss: 0.0000
trian begin
trian end
n_person 578
SAMPLE
F1_MI: 0.9481661109427099 F1_MA: 0.5749878887804625 ACC_MI: 0.9481661109427099 F1_MA: 0.6744028310092949
BEST_F1_MI: 0.9587753864807518 BEST_F1_MA: 0.5749878887804625 BEST_ACC_MI: 0.9587753864807518 BEST_F1_MA: 0.6827032880459638
[[3075    9    0    1]
 [  37   32    0    6]
 [  32   33    1   38]
 [  12    3    0   20]]
Epoch: [77/200], cls_loss: 0.2949, transfer_loss: 0.0000,person_loss: 0.0000, total_Loss: 0.0000
trian begin
trian end
n_person 578
SAMPLE
F1_MI: 0.09154289178538952 F1_MA: 0.31390750570586484 ACC_MI: 0.09154289178538952 F1_MA: 0.33497925520301136
BEST_F1_MI: 0.9587753864807518 BEST_F1_MA: 0.5749878887804625 BEST_ACC_MI: 0.9587753864807518 BEST_F1_MA: 0.6827032880459638
[[ 242 2750   53   40]
 [   8   14    8   45]
 [   5   17   21   61]
 [   2    5    3   25]]
Epoch: [78/200], cls_loss: 0.3204, transfer_loss: 0.0000,person_loss: 0.0000, total_Loss: 0.0000
trian begin
trian end
n_person 578
SAMPLE
F1_MI: 0.9196726280691119 F1_MA: 0.3716629239869429 ACC_MI: 0.9196726280691119 F1_MA: 0.3225137666940946
BEST_F1_MI: 0.9587753864807518 BEST_F1_MA: 0.5749878887804625 BEST_ACC_MI: 0.9587753864807518 BEST_F1_MA: 0.6827032880459638
[[2998    0   53   34]
 [  18    0    3   54]
 [  27    0   13   64]
 [   7    0    5   23]]
Epoch: [79/200], cls_loss: 0.2767, transfer_loss: 0.0000,person_loss: 0.0000, total_Loss: 0.0000
trian begin
trian end
n_person 578
SAMPLE
F1_MI: 0.9424067899363443 F1_MA: 0.3813058398255073 ACC_MI: 0.9424067899363443 F1_MA: 0.3221604629664567
BEST_F1_MI: 0.9587753864807518 BEST_F1_MA: 0.5749878887804625 BEST_ACC_MI: 0.9587753864807518 BEST_F1_MA: 0.6827032880459638
[[3078    1    2    4]
 [  19    1    1   54]
 [  17    5    0   82]
 [   4    1    0   30]]
Epoch: [80/200], cls_loss: 0.2815, transfer_loss: 0.0000,person_loss: 0.0000, total_Loss: 0.0000
trian begin
trian end
n_person 578
SAMPLE
F1_MI: 0.50651712640194 F1_MA: 0.35724059304308087 ACC_MI: 0.50651712640194 F1_MA: 0.33109155132178436
BEST_F1_MI: 0.9587753864807518 BEST_F1_MA: 0.5749878887804625 BEST_ACC_MI: 0.9587753864807518 BEST_F1_MA: 0.6827032880459638
[[1623   55 1399    8]
 [  12   14    5   44]
 [   9   18    7   70]
 [   2    5    1   27]]
Epoch: [81/200], cls_loss: 0.2824, transfer_loss: 0.0000,person_loss: 0.0000, total_Loss: 0.0000
trian begin
trian end
n_person 578
SAMPLE
F1_MI: 0.9308881479236132 F1_MA: 0.5094859594995004 ACC_MI: 0.9308881479236132 F1_MA: 0.5204206786032143
BEST_F1_MI: 0.9587753864807518 BEST_F1_MA: 0.5749878887804625 BEST_ACC_MI: 0.9587753864807518 BEST_F1_MA: 0.6827032880459638
[[3029   33    1   22]
 [  14    1    0   60]
 [  10    6    9   79]
 [   2    1    0   32]]
Epoch: [82/200], cls_loss: 0.2766, transfer_loss: 0.0000,person_loss: 0.0000, total_Loss: 0.0000
trian begin
trian end
n_person 578
SAMPLE
F1_MI: 0.9351318581388299 F1_MA: 0.5597875754770435 ACC_MI: 0.9351318581388299 F1_MA: 0.60550402640944
BEST_F1_MI: 0.9587753864807518 BEST_F1_MA: 0.5749878887804625 BEST_ACC_MI: 0.9587753864807518 BEST_F1_MA: 0.6827032880459638
[[3032   50    0    3]
 [  15   26    0   34]
 [   7   36    1   60]
 [   2    7    0   26]]
Epoch: [83/200], cls_loss: 0.2722, transfer_loss: 0.0000,person_loss: 0.0000, total_Loss: 0.0000
trian begin
trian end
n_person 578
SAMPLE
F1_MI: 0.9354349802970597 F1_MA: 0.42593087332598767 ACC_MI: 0.9354349802970597 F1_MA: 0.4163085457893267
BEST_F1_MI: 0.9587753864807518 BEST_F1_MA: 0.5749878887804625 BEST_ACC_MI: 0.9587753864807518 BEST_F1_MA: 0.6827032880459638
[[3041    6   37    1]
 [  28    6    6   35]
 [  28   18   23   35]
 [  10    2    7   16]]
Epoch: [84/200], cls_loss: 0.2653, transfer_loss: 0.0000,person_loss: 0.0000, total_Loss: 0.0000
trian begin
trian end
n_person 578
SAMPLE
F1_MI: 0.42709912094574115 F1_MA: 0.3483381451642808 ACC_MI: 0.42709912094574115 F1_MA: 0.3107973844833677
BEST_F1_MI: 0.9587753864807518 BEST_F1_MA: 0.5749878887804625 BEST_ACC_MI: 0.9587753864807518 BEST_F1_MA: 0.6827032880459638
[[1351 1671   60    3]
 [   9   31    2   33]
 [   6   36    2   60]
 [   2    8    0   25]]
Epoch: [85/200], cls_loss: 0.2708, transfer_loss: 0.0000,person_loss: 0.0000, total_Loss: 0.0000
trian begin
trian end
n_person 578
SAMPLE
F1_MI: 0.9433161564110336 F1_MA: 0.424495229556073 ACC_MI: 0.9433161564110336 F1_MA: 0.4005388615433471
BEST_F1_MI: 0.9587753864807518 BEST_F1_MA: 0.5749878887804625 BEST_ACC_MI: 0.9587753864807518 BEST_F1_MA: 0.6827032880459638
[[3080    2    0    3]
 [  27    7    0   41]
 [  33    6    0   65]
 [   9    1    0   25]]
Epoch: [86/200], cls_loss: 0.2715, transfer_loss: 0.0000,person_loss: 0.0000, total_Loss: 0.0000
trian begin
trian end
n_person 578
SAMPLE
F1_MI: 0.024249772658381328 F1_MA: 0.27948025166879925 ACC_MI: 0.024249772658381328 F1_MA: 0.24696601243591787
BEST_F1_MI: 0.9587753864807518 BEST_F1_MA: 0.5749878887804625 BEST_ACC_MI: 0.9587753864807518 BEST_F1_MA: 0.6827032880459638
[[  17 3048   16    4]
 [   2   34    3   36]
 [   2   29    0   73]
 [   1    5    0   29]]
Epoch: [87/200], cls_loss: 0.2486, transfer_loss: 0.0000,person_loss: 0.0000, total_Loss: 0.0000
trian begin
trian end
n_person 578
SAMPLE
F1_MI: 0.024552894816611093 F1_MA: 0.23889320675110254 ACC_MI: 0.024552894816611093 F1_MA: 0.20560370683833454
BEST_F1_MI: 0.9587753864807518 BEST_F1_MA: 0.5749878887804625 BEST_ACC_MI: 0.9587753864807518 BEST_F1_MA: 0.6827032880459638
[[  27  388 2645   25]
 [   8   27    5   35]
 [   8   29    0   67]
 [   3    5    0   27]]
Epoch: [88/200], cls_loss: 0.2377, transfer_loss: 0.0000,person_loss: 0.0000, total_Loss: 0.0000
trian begin
trian end
n_person 578
SAMPLE
F1_MI: 0.9430130342528039 F1_MA: 0.4825229974834308 ACC_MI: 0.9430130342528039 F1_MA: 0.528387884008039
BEST_F1_MI: 0.9587753864807518 BEST_F1_MA: 0.5749878887804625 BEST_ACC_MI: 0.9587753864807518 BEST_F1_MA: 0.6827032880459638
[[3081    0    1    3]
 [  28    4    0   43]
 [  41    4    1   58]
 [   9    1    0   25]]
Epoch: [89/200], cls_loss: 0.2596, transfer_loss: 0.0000,person_loss: 0.0000, total_Loss: 0.0000
trian begin
trian end
n_person 578
SAMPLE
F1_MI: 0.02394665050015156 F1_MA: 0.23810129686692055 ACC_MI: 0.023946650500151562 F1_MA: 0.20102594375098187
BEST_F1_MI: 0.9587753864807518 BEST_F1_MA: 0.5749878887804625 BEST_ACC_MI: 0.9587753864807518 BEST_F1_MA: 0.6827032880459638
[[  24 2992   22   47]
 [   7   27    1   40]
 [   4   24    0   76]
 [   2    5    0   28]]
Epoch: [90/200], cls_loss: 0.2635, transfer_loss: 0.0000,person_loss: 0.0000, total_Loss: 0.0000
trian begin
trian end
n_person 578
SAMPLE
F1_MI: 0.9372537132464384 F1_MA: 0.36706490719611784 ACC_MI: 0.9372537132464384 F1_MA: 0.3661177000512686
BEST_F1_MI: 0.9587753864807518 BEST_F1_MA: 0.5749878887804625 BEST_ACC_MI: 0.9587753864807518 BEST_F1_MA: 0.6827032880459638
[[3072    1   12    0]
 [  40    5    3   27]
 [  46   11    1   46]
 [  19    1    1   14]]
Epoch: [91/200], cls_loss: 0.2530, transfer_loss: 0.0000,person_loss: 0.0000, total_Loss: 0.0000
trian begin
trian end
n_person 578
SAMPLE
F1_MI: 0.9405880569869658 F1_MA: 0.422694128954842 ACC_MI: 0.9405880569869658 F1_MA: 0.4842199966450341
BEST_F1_MI: 0.9587753864807518 BEST_F1_MA: 0.5749878887804625 BEST_ACC_MI: 0.9587753864807518 BEST_F1_MA: 0.6827032880459638
[[3082    0    0    3]
 [  39    4    2   30]
 [  50    8    2   44]
 [  19    1    0   15]]
Epoch: [92/200], cls_loss: 0.2302, transfer_loss: 0.0000,person_loss: 0.0000, total_Loss: 0.0000
trian begin
trian end
n_person 578
SAMPLE
F1_MI: 0.06062443164595332 F1_MA: 0.2923940207736352 ACC_MI: 0.06062443164595332 F1_MA: 0.2847595228384514
BEST_F1_MI: 0.9587753864807518 BEST_F1_MA: 0.5749878887804625 BEST_ACC_MI: 0.9587753864807518 BEST_F1_MA: 0.6827032880459638
[[ 139  327 2616    3]
 [  14   31    2   28]
 [  15   43    6   40]
 [   4    7    0   24]]
Epoch: [93/200], cls_loss: 0.2672, transfer_loss: 0.0000,person_loss: 0.0000, total_Loss: 0.0000
trian begin
trian end
n_person 578
SAMPLE
F1_MI: 0.03031221582297666 F1_MA: 0.21849887195511525 ACC_MI: 0.03031221582297666 F1_MA: 0.20652475023710187
BEST_F1_MI: 0.9587753864807518 BEST_F1_MA: 0.5749878887804625 BEST_ACC_MI: 0.9587753864807518 BEST_F1_MA: 0.6827032880459638
[[  59  124 2842   60]
 [  13   16    3   43]
 [  19   25    1   59]
 [   7    4    0   24]]
Epoch: [94/200], cls_loss: 0.2725, transfer_loss: 0.0000,person_loss: 0.0000, total_Loss: 0.0000
trian begin
trian end
n_person 578
SAMPLE
F1_MI: 0.9436192785692634 F1_MA: 0.48571386504980757 ACC_MI: 0.9436192785692634 F1_MA: 0.500747161862984
BEST_F1_MI: 0.9587753864807518 BEST_F1_MA: 0.5749878887804625 BEST_ACC_MI: 0.9587753864807518 BEST_F1_MA: 0.6827032880459638
[[3065    7    3   10]
 [  17   14    3   41]
 [  21   19   14   50]
 [   6    2    7   20]]
Epoch: [95/200], cls_loss: 0.2495, transfer_loss: 0.0000,person_loss: 0.0000, total_Loss: 0.0000
trian begin
trian end
n_person 578
SAMPLE
F1_MI: 0.940284934828736 F1_MA: 0.3556398790146041 ACC_MI: 0.940284934828736 F1_MA: 0.2886067975887744
BEST_F1_MI: 0.9587753864807518 BEST_F1_MA: 0.5749878887804625 BEST_ACC_MI: 0.9587753864807518 BEST_F1_MA: 0.6827032880459638
[[3072    4    0    9]
 [  17    0    1   57]
 [  20    1    0   83]
 [   4    1    0   30]]
Epoch: [96/200], cls_loss: 0.2698, transfer_loss: 0.0000,person_loss: 0.0000, total_Loss: 0.0000
trian begin
trian end
n_person 578
SAMPLE
F1_MI: 0.023340406183692028 F1_MA: 0.3005533416976792 ACC_MI: 0.023340406183692028 F1_MA: 0.27594898578774596
BEST_F1_MI: 0.9587753864807518 BEST_F1_MA: 0.5749878887804625 BEST_ACC_MI: 0.9587753864807518 BEST_F1_MA: 0.6827032880459638
[[   5 3074    1    5]
 [   3   46    2   24]
 [   4   63    2   35]
 [   0   11    0   24]]
Epoch: [97/200], cls_loss: 0.2449, transfer_loss: 0.0000,person_loss: 0.0000, total_Loss: 0.0000
trian begin
trian end
n_person 578
SAMPLE
F1_MI: 0.9433161564110336 F1_MA: 0.4952091109602784 ACC_MI: 0.9433161564110336 F1_MA: 0.6510661888869024
BEST_F1_MI: 0.9587753864807518 BEST_F1_MA: 0.5749878887804625 BEST_ACC_MI: 0.9587753864807518 BEST_F1_MA: 0.6827032880459638
[[3079    5    0    1]
 [  37   20    0   18]
 [  59   17    2   26]
 [  21    3    0   11]]
Epoch: [98/200], cls_loss: 0.2686, transfer_loss: 0.0000,person_loss: 0.0000, total_Loss: 0.0000
trian begin
trian end
n_person 578
SAMPLE
F1_MI: 0.915428917853895 F1_MA: 0.37648956002573764 ACC_MI: 0.9154289178538951 F1_MA: 0.3118267197859885
BEST_F1_MI: 0.9587753864807518 BEST_F1_MA: 0.5749878887804625 BEST_ACC_MI: 0.9587753864807518 BEST_F1_MA: 0.6827032880459638
[[2982   85    0   18]
 [  16   10    0   49]
 [  19   19    0   66]
 [   6    1    0   28]]
Epoch: [99/200], cls_loss: 0.2758, transfer_loss: 0.0000,person_loss: 0.0000, total_Loss: 0.0000
trian begin
trian end
n_person 578
SAMPLE
F1_MI: 0.9505910882085481 F1_MA: 0.4438026913519999 ACC_MI: 0.9505910882085481 F1_MA: 0.45547323984044824
BEST_F1_MI: 0.9587753864807518 BEST_F1_MA: 0.5749878887804625 BEST_ACC_MI: 0.9587753864807518 BEST_F1_MA: 0.6827032880459638
[[3075    1    8    1]
 [  20    4   46    5]
 [  19    8   50   27]
 [   3    2   23    7]]
Epoch: [100/200], cls_loss: 0.2590, transfer_loss: 0.0000,person_loss: 0.0000, total_Loss: 0.0000
trian begin
trian end
n_person 578
SAMPLE
F1_MI: 0.9275538041830858 F1_MA: 0.4355122815833874 ACC_MI: 0.9275538041830858 F1_MA: 0.4122197536156272
BEST_F1_MI: 0.9587753864807518 BEST_F1_MA: 0.5749878887804625 BEST_ACC_MI: 0.9587753864807518 BEST_F1_MA: 0.6827032880459638
[[3021   16    9   39]
 [  18   10    0   47]
 [  35   12    5   52]
 [   5    1    5   24]]
Epoch: [101/200], cls_loss: 0.2732, transfer_loss: 0.0000,person_loss: 0.0000, total_Loss: 0.0000
trian begin
trian end
n_person 578
SAMPLE
F1_MI: 0.05425886632312822 F1_MA: 0.24371223509799544 ACC_MI: 0.05425886632312822 F1_MA: 0.23999471371301742
BEST_F1_MI: 0.9587753864807518 BEST_F1_MA: 0.5749878887804625 BEST_ACC_MI: 0.9587753864807518 BEST_F1_MA: 0.6827032880459638
[[ 132 2822   93   38]
 [  15   16    0   44]
 [  27   16    8   53]
 [   6    1    5   23]]
Epoch: [102/200], cls_loss: 0.2732, transfer_loss: 0.0000,person_loss: 0.0000, total_Loss: 0.0000
trian begin
trian end
n_person 578
SAMPLE
F1_MI: 0.8560169748408608 F1_MA: 0.3725739815873749 ACC_MI: 0.8560169748408608 F1_MA: 0.29813670431357653
BEST_F1_MI: 0.9587753864807518 BEST_F1_MA: 0.5749878887804625 BEST_ACC_MI: 0.9587753864807518 BEST_F1_MA: 0.6827032880459638
[[2778  250    1   56]
 [  12   15    0   48]
 [   7   23    0   74]
 [   2    2    0   31]]
Epoch: [103/200], cls_loss: 0.2658, transfer_loss: 0.0000,person_loss: 0.0000, total_Loss: 0.0000
trian begin
trian end
n_person 578
SAMPLE
F1_MI: 0.022431039709002728 F1_MA: 0.2782728459361767 ACC_MI: 0.022431039709002728 F1_MA: 0.2586574268535048
BEST_F1_MI: 0.9587753864807518 BEST_F1_MA: 0.5749878887804625 BEST_ACC_MI: 0.9587753864807518 BEST_F1_MA: 0.6827032880459638
[[  17 2852   12  204]
 [   7   17    2   49]
 [   4   19    9   72]
 [   2    1    1   31]]
Epoch: [104/200], cls_loss: 0.2485, transfer_loss: 0.0000,person_loss: 0.0000, total_Loss: 0.0000
trian begin
trian end
n_person 578
SAMPLE
F1_MI: 0.024552894816611093 F1_MA: 0.23037833447970035 ACC_MI: 0.024552894816611093 F1_MA: 0.1996358454998161
BEST_F1_MI: 0.9587753864807518 BEST_F1_MA: 0.5749878887804625 BEST_ACC_MI: 0.9587753864807518 BEST_F1_MA: 0.6827032880459638
[[  33 2688  289   75]
 [  10   13    2   50]
 [   5   18    5   76]
 [   3    1    1   30]]
Epoch: [105/200], cls_loss: 0.2518, transfer_loss: 0.0000,person_loss: 0.0000, total_Loss: 0.0000
trian begin
trian end
n_person 578
SAMPLE
F1_MI: 0.6023037284025462 F1_MA: 0.3300609537817631 ACC_MI: 0.6023037284025462 F1_MA: 0.28370340667138755
BEST_F1_MI: 0.9587753864807518 BEST_F1_MA: 0.5749878887804625 BEST_ACC_MI: 0.9587753864807518 BEST_F1_MA: 0.6827032880459638
[[1948 1092    2   43]
 [  14   11    0   50]
 [  20   12    0   72]
 [   6    1    0   28]]
Epoch: [106/200], cls_loss: 0.2702, transfer_loss: 0.0000,person_loss: 0.0000, total_Loss: 0.0000
trian begin
trian end
n_person 578
SAMPLE
F1_MI: 0.946650500151561 F1_MA: 0.4477997074032637 ACC_MI: 0.946650500151561 F1_MA: 0.4265673485806229
BEST_F1_MI: 0.9587753864807518 BEST_F1_MA: 0.5749878887804625 BEST_ACC_MI: 0.9587753864807518 BEST_F1_MA: 0.6827032880459638
[[3077    5    2    1]
 [  27   28    0   20]
 [  46   20    0   38]
 [  14    3    0   18]]
Epoch: [107/200], cls_loss: 0.2375, transfer_loss: 0.0000,person_loss: 0.0000, total_Loss: 0.0000
trian begin
trian end
n_person 578
SAMPLE
F1_MI: 0.028190360715368293 F1_MA: 0.21742354105889092 ACC_MI: 0.028190360715368293 F1_MA: 0.16964940462914063
BEST_F1_MI: 0.9587753864807518 BEST_F1_MA: 0.5749878887804625 BEST_ACC_MI: 0.9587753864807518 BEST_F1_MA: 0.6827032880459638
[[  26 2424  632    3]
 [  12   43    2   18]
 [  25   43    3   33]
 [   6    7    1   21]]
Epoch: [108/200], cls_loss: 0.2329, transfer_loss: 0.0000,person_loss: 0.0000, total_Loss: 0.0000
trian begin
trian end
n_person 578
SAMPLE
F1_MI: 0.9366474689299787 F1_MA: 0.3931287153684862 ACC_MI: 0.9366474689299787 F1_MA: 0.38459512208002344
BEST_F1_MI: 0.9587753864807518 BEST_F1_MA: 0.5749878887804625 BEST_ACC_MI: 0.9587753864807518 BEST_F1_MA: 0.6827032880459638
[[3063   10    9    3]
 [  29    9    0   37]
 [  44    7    1   52]
 [  15    3    0   17]]
Epoch: [109/200], cls_loss: 0.2421, transfer_loss: 0.0000,person_loss: 0.0000, total_Loss: 0.0000
trian begin
trian end
n_person 578
SAMPLE
F1_MI: 0.9396786905122765 F1_MA: 0.44228068440733215 ACC_MI: 0.9396786905122765 F1_MA: 0.4058266634143187
BEST_F1_MI: 0.9587753864807518 BEST_F1_MA: 0.5749878887804625 BEST_ACC_MI: 0.9587753864807518 BEST_F1_MA: 0.6827032880459638
[[3058   15    4    8]
 [  17   15    0   43]
 [  25   18    1   60]
 [   6    1    2   26]]
Epoch: [110/200], cls_loss: 0.2340, transfer_loss: 0.0000,person_loss: 0.0000, total_Loss: 0.0000
trian begin
trian end
n_person 578
SAMPLE
F1_MI: 0.9442255228857229 F1_MA: 0.47815405741013683 ACC_MI: 0.9442255228857229 F1_MA: 0.4675196410266994
BEST_F1_MI: 0.9587753864807518 BEST_F1_MA: 0.5749878887804625 BEST_ACC_MI: 0.9587753864807518 BEST_F1_MA: 0.6827032880459638
[[3070   13    0    2]
 [  19   20    0   36]
 [  31   10    1   62]
 [   6    2    3   24]]
Epoch: [111/200], cls_loss: 0.2621, transfer_loss: 0.0000,person_loss: 0.0000, total_Loss: 0.0000
trian begin
trian end
n_person 578
SAMPLE
F1_MI: 0.02394665050015156 F1_MA: 0.21518936073919634 ACC_MI: 0.023946650500151562 F1_MA: 0.1650083767684289
BEST_F1_MI: 0.9587753864807518 BEST_F1_MA: 0.5749878887804625 BEST_ACC_MI: 0.9587753864807518 BEST_F1_MA: 0.6827032880459638
[[  14 3066    1    4]
 [   4   41    0   30]
 [  16   44    0   44]
 [   0    9    2   24]]
Epoch: [112/200], cls_loss: 0.2521, transfer_loss: 0.0000,person_loss: 0.0000, total_Loss: 0.0000
trian begin
trian end
n_person 578
SAMPLE
F1_MI: 0.941497423461655 F1_MA: 0.37737308463034425 ACC_MI: 0.941497423461655 F1_MA: 0.32552021127837916
BEST_F1_MI: 0.9587753864807518 BEST_F1_MA: 0.5749878887804625 BEST_ACC_MI: 0.9587753864807518 BEST_F1_MA: 0.6827032880459638
[[3077    1    0    7]
 [  23    2    0   50]
 [  25   10    0   69]
 [   6    1    1   27]]
Epoch: [113/200], cls_loss: 0.2213, transfer_loss: 0.0000,person_loss: 0.0000, total_Loss: 0.0000
trian begin
trian end
n_person 578
SAMPLE
F1_MI: 0.9405880569869658 F1_MA: 0.4776623361225958 ACC_MI: 0.9405880569869658 F1_MA: 0.4332837020474432
BEST_F1_MI: 0.9587753864807518 BEST_F1_MA: 0.5749878887804625 BEST_ACC_MI: 0.9587753864807518 BEST_F1_MA: 0.6827032880459638
[[3046   14   19    6]
 [  19   27    0   29]
 [  19   36    4   45]
 [   5    2    2   26]]
Epoch: [114/200], cls_loss: 0.2248, transfer_loss: 0.0000,person_loss: 0.0000, total_Loss: 0.0000
trian begin
trian end
n_person 578
SAMPLE
F1_MI: 0.9214913610184905 F1_MA: 0.39863766569669573 ACC_MI: 0.9214913610184905 F1_MA: 0.33388893599147057
BEST_F1_MI: 0.9587753864807518 BEST_F1_MA: 0.5749878887804625 BEST_ACC_MI: 0.9587753864807518 BEST_F1_MA: 0.6827032880459638
[[3000   19    1   65]
 [  15    9    0   51]
 [  19   16    0   69]
 [   4    0    0   31]]
Epoch: [115/200], cls_loss: 0.2534, transfer_loss: 0.0000,person_loss: 0.0000, total_Loss: 0.0000
trian begin
trian end
n_person 578
SAMPLE
F1_MI: 0.7920581994543802 F1_MA: 0.4549385211845352 ACC_MI: 0.7920581994543802 F1_MA: 0.43145814627392337
BEST_F1_MI: 0.9587753864807518 BEST_F1_MA: 0.5749878887804625 BEST_ACC_MI: 0.9587753864807518 BEST_F1_MA: 0.6827032880459638
[[2561    4  514    6]
 [  15   12    6   42]
 [  17    6   11   70]
 [   4    1    1   29]]
Epoch: [116/200], cls_loss: 0.2463, transfer_loss: 0.0000,person_loss: 0.0000, total_Loss: 0.0000
trian begin
trian end
n_person 578
SAMPLE
F1_MI: 0.9381630797211277 F1_MA: 0.5029570737940118 ACC_MI: 0.9381630797211277 F1_MA: 0.4496258461788849
BEST_F1_MI: 0.9587753864807518 BEST_F1_MA: 0.5749878887804625 BEST_ACC_MI: 0.9587753864807518 BEST_F1_MA: 0.6827032880459638
[[3021   45   18    1]
 [  12   47    2   14]
 [  10   55    5   34]
 [   5    7    1   22]]
Epoch: [117/200], cls_loss: 0.2382, transfer_loss: 0.0000,person_loss: 0.0000, total_Loss: 0.0000
trian begin
trian end
n_person 578
SAMPLE
F1_MI: 0.9017884207335556 F1_MA: 0.45501794073903956 ACC_MI: 0.9017884207335556 F1_MA: 0.3816377933396067
BEST_F1_MI: 0.9587753864807518 BEST_F1_MA: 0.5749878887804625 BEST_ACC_MI: 0.9587753864807518 BEST_F1_MA: 0.6827032880459638
[[2902   91   86    6]
 [   8   47    1   19]
 [   4   60    3   37]
 [   2    8    2   23]]
Epoch: [118/200], cls_loss: 0.2460, transfer_loss: 0.0000,person_loss: 0.0000, total_Loss: 0.0000
trian begin
trian end
n_person 578
SAMPLE
F1_MI: 0.02364352834192179 F1_MA: 0.2754530809186397 ACC_MI: 0.023643528341921793 F1_MA: 0.25216502219371884
BEST_F1_MI: 0.9587753864807518 BEST_F1_MA: 0.5749878887804625 BEST_ACC_MI: 0.9587753864807518 BEST_F1_MA: 0.6827032880459638
[[  13 3039    0   33]
 [   6   40    0   29]
 [   8   52    2   42]
 [   0    8    4   23]]
Epoch: [119/200], cls_loss: 0.2400, transfer_loss: 0.0000,person_loss: 0.0000, total_Loss: 0.0000
trian begin
trian end
n_person 578
SAMPLE
F1_MI: 0.9433161564110336 F1_MA: 0.40685215534294894 ACC_MI: 0.9433161564110336 F1_MA: 0.3815838796364445
BEST_F1_MI: 0.9587753864807518 BEST_F1_MA: 0.5749878887804625 BEST_ACC_MI: 0.9587753864807518 BEST_F1_MA: 0.6827032880459638
[[3079    5    0    1]
 [  30   13    0   32]
 [  40   17    0   47]
 [   9    2    4   20]]
Epoch: [120/200], cls_loss: 0.2386, transfer_loss: 0.0000,person_loss: 0.0000, total_Loss: 0.0000
trian begin
trian end
n_person 578
SAMPLE
F1_MI: 0.08851167020309184 F1_MA: 0.2780071594396604 ACC_MI: 0.08851167020309185 F1_MA: 0.2667559347277596
BEST_F1_MI: 0.9587753864807518 BEST_F1_MA: 0.5749878887804625 BEST_ACC_MI: 0.9587753864807518 BEST_F1_MA: 0.6827032880459638
[[ 244 2811    6   24]
 [  11   19    1   44]
 [  22   28    0   54]
 [   4    2    0   29]]
Epoch: [121/200], cls_loss: 0.2499, transfer_loss: 0.0000,person_loss: 0.0000, total_Loss: 0.0000
trian begin
trian end
n_person 578
SAMPLE
F1_MI: 0.9433161564110336 F1_MA: 0.5279632454298935 ACC_MI: 0.9433161564110336 F1_MA: 0.6382041383264789
BEST_F1_MI: 0.9587753864807518 BEST_F1_MA: 0.5749878887804625 BEST_ACC_MI: 0.9587753864807518 BEST_F1_MA: 0.6827032880459638
[[3081    0    0    4]
 [  31    3    0   41]
 [  41    4    2   57]
 [   8    1    0   26]]
Epoch: [122/200], cls_loss: 0.2223, transfer_loss: 0.0000,person_loss: 0.0000, total_Loss: 0.0000
trian begin
trian end
n_person 578
SAMPLE
F1_MI: 0.4983328281297363 F1_MA: 0.3666921394518807 ACC_MI: 0.4983328281297363 F1_MA: 0.33550590596914226
BEST_F1_MI: 0.9587753864807518 BEST_F1_MA: 0.5749878887804625 BEST_ACC_MI: 0.9587753864807518 BEST_F1_MA: 0.6827032880459638
[[1567 1372  143    3]
 [  17   38    7   13]
 [  12   31   27   34]
 [   4    7   12   12]]
Epoch: [123/200], cls_loss: 0.2475, transfer_loss: 0.0000,person_loss: 0.0000, total_Loss: 0.0000
trian begin
trian end
n_person 578
SAMPLE
F1_MI: 0.4646862685662322 F1_MA: 0.3627962362816909 ACC_MI: 0.4646862685662322 F1_MA: 0.30747704318876834
BEST_F1_MI: 0.9587753864807518 BEST_F1_MA: 0.5749878887804625 BEST_ACC_MI: 0.9587753864807518 BEST_F1_MA: 0.6827032880459638
[[1468 1493   49   75]
 [  12   32    1   30]
 [  10   35    4   55]
 [   3    2    1   29]]
Epoch: [124/200], cls_loss: 0.2392, transfer_loss: 0.0000,person_loss: 0.0000, total_Loss: 0.0000
trian begin
trian end
n_person 578
SAMPLE
F1_MI: 0.4577144589269475 F1_MA: 0.38376184300913224 ACC_MI: 0.45771445892694756 F1_MA: 0.3997787480912963
BEST_F1_MI: 0.9587753864807518 BEST_F1_MA: 0.5749878887804625 BEST_ACC_MI: 0.9587753864807518 BEST_F1_MA: 0.6827032880459638
[[1443 1639    2    1]
 [  18   52    0    5]
 [  26   51    6   21]
 [   6   11    9    9]]
Epoch: [125/200], cls_loss: 0.2359, transfer_loss: 0.0000,person_loss: 0.0000, total_Loss: 0.0000
trian begin
trian end
n_person 578
SAMPLE
F1_MI: 0.798726886935435 F1_MA: 0.4099038487581526 ACC_MI: 0.798726886935435 F1_MA: 0.3544763461388062
BEST_F1_MI: 0.9587753864807518 BEST_F1_MA: 0.5749878887804625 BEST_ACC_MI: 0.9587753864807518 BEST_F1_MA: 0.6827032880459638
[[2585   18  449   33]
 [  16   10    1   48]
 [  15   13    9   67]
 [   3    1    0   31]]
Epoch: [126/200], cls_loss: 0.2305, transfer_loss: 0.0000,person_loss: 0.0000, total_Loss: 0.0000
trian begin
trian end
n_person 578
SAMPLE
F1_MI: 0.8693543498029705 F1_MA: 0.4154371630821717 ACC_MI: 0.8693543498029705 F1_MA: 0.394146533948349
BEST_F1_MI: 0.9587753864807518 BEST_F1_MA: 0.5749878887804625 BEST_ACC_MI: 0.9587753864807518 BEST_F1_MA: 0.6827032880459638
[[2825    7  248    5]
 [  26   13   13   23]
 [  37   15   10   42]
 [   6    3    6   20]]
Epoch: [127/200], cls_loss: 0.2198, transfer_loss: 0.0000,person_loss: 0.0000, total_Loss: 0.0000
[[3075    9    0    1]
 [  37   32    0    6]
 [  32   33    1   38]
 [  12    3    0   20]]
[[3073    0   12    0]
 [  21    0   54    0]
 [  14    0   90    0]
 [   4    0   31    0]]
ARG: Namespace(backbone='resnet50', batch_size=32, config='ONLY/ONLY.yaml', data_dir='data', device=device(type='cuda'), early_stop=50, epoch_based_training=False, lr=0.003, lr_decay=0.75, lr_gamma=0.0003, lr_scheduler=True, max_iter=20600, method='False', momentum=0.9, myweight=0.1, n_class=4, n_epoch=200, n_iter_per_epoch=103, num_workers=3, seed=1, src_domain='45', tgt_domain='own', tname='transfer', transfer_loss='only', transfer_loss_weight=0.5, use_bottleneck=True, weight_decay=0.0005)
