daan 1 77G own DAAN/DAAN.yaml True
Namespace(backbone='resnet50', batch_size=32, config='DAAN/DAAN.yaml', data_dir='data', device=device(type='cuda'), early_stop=50, epoch_based_training=False, lr=0.003, lr_decay=0.75, lr_gamma=0.0003, lr_scheduler=True, method='True', momentum=0.9, myweight=0.1, n_epoch=200, n_iter_per_epoch=100, num_workers=3, seed=1, src_domain='77G', tgt_domain='own', tname='transfer', transfer_loss='daan', transfer_loss_weight=0.5, use_bottleneck=True, weight_decay=0.0005)
JUST DO IT
run my Parkinson code
transfer
TRAIN Length: 2905 290 TEST Length: 3299 578
YYY: 0 3
DATA_PROFILE   train: 2905 train2: 3299 test: 3299
DATASET.SHAPE: <data_loader.GetTrainLoader object at 0x7f1dca82e400> True
DATASET.SHAPE: <data_loader.GetTrainLoader object at 0x7f1dc2501f70> True
DATASET.SHAPE: <data_loader.GetTestLoader object at 0x7f1dc24a6280> False
CLASS: 4 578
LLL: {}
BOTTLENECK_LIST: [Linear(in_features=512, out_features=256, bias=True), ReLU()]
TYPE: {'loss_type': 'daan', 'max_iter': 18000, 'num_class': 4, 'my_person_item': <my_person_item.PersonItem object at 0x7f1dc24a6880>}
initial_lr 1.0
transfer_world
method True <class 'str'>
1.8.1+cu111
True
LEN: 0 0
LOADER: <data_loader.InfiniteDataLoader object at 0x7f1dc2501130> <data_loader.InfiniteDataLoader object at 0x7f1dc24a6820>
N_batch: 90
trian begin
trian end
n_person 578
SAMPLE
F1_MI: 0.011215519854501364 F1_MA: 0.061103814928982356 ACC_MI: 0.011215519854501364 F1_MA: 0.0356422081427673
BEST_F1_MI: 0.011215519854501364 BEST_F1_MA: 0.061103814928982356 BEST_ACC_MI: 0.011215519854501364 BEST_F1_MA: 0.0356422081427673
[[   0 2875  164   46]
 [   0    7    9   59]
 [   0    8    5   91]
 [   0    3    7   25]]
Epoch: [ 1/200], cls_loss: 0.9193, transfer_loss: 0.0192,person_loss: -1.8613, total_Loss: 0.7428
trian begin
trian end
n_person 578
SAMPLE
F1_MI: 0.0500151561079115 F1_MA: 0.26751727246450235 ACC_MI: 0.05001515610791149 F1_MA: 0.3170778619777856
BEST_F1_MI: 0.0500151561079115 BEST_F1_MA: 0.26751727246450235 BEST_ACC_MI: 0.05001515610791149 BEST_F1_MA: 0.3170778619777856
[[ 116 2847  104   18]
 [   0    5   26   44]
 [   0    1   23   80]
 [   0    0   14   21]]
Epoch: [ 2/200], cls_loss: 0.6494, transfer_loss: 0.0157,person_loss: -1.8952, total_Loss: 0.4677
trian begin
trian end
n_person 578
SAMPLE
F1_MI: 0.010912397696271597 F1_MA: 0.23572857528955532 ACC_MI: 0.010912397696271597 F1_MA: 0.27296828330145906
BEST_F1_MI: 0.0500151561079115 BEST_F1_MA: 0.26751727246450235 BEST_ACC_MI: 0.05001515610791149 BEST_F1_MA: 0.3170778619777856
[[   1 2413  513  158]
 [   0    0    7   68]
 [   0    1    9   94]
 [   0    0    9   26]]
Epoch: [ 3/200], cls_loss: 0.6168, transfer_loss: 0.0135,person_loss: -1.9246, total_Loss: 0.4311
trian begin
trian end
n_person 578
SAMPLE
F1_MI: 0.019096695968475297 F1_MA: 0.10650171215406407 ACC_MI: 0.019096695968475297 F1_MA: 0.06973975480365589
BEST_F1_MI: 0.0500151561079115 BEST_F1_MA: 0.26751727246450235 BEST_ACC_MI: 0.05001515610791149 BEST_F1_MA: 0.3170778619777856
[[   0 2794  287    4]
 [   0    8   41   26]
 [   0   25   41   38]
 [   0    1   20   14]]
Epoch: [ 4/200], cls_loss: 0.5339, transfer_loss: 0.0135,person_loss: -1.9313, total_Loss: 0.3476
trian begin
trian end
n_person 578
SAMPLE
F1_MI: 0.01606547438617763 F1_MA: 0.05216928861821079 ACC_MI: 0.01606547438617763 F1_MA: 0.029456878455292018
BEST_F1_MI: 0.0500151561079115 BEST_F1_MA: 0.26751727246450235 BEST_ACC_MI: 0.05001515610791149 BEST_F1_MA: 0.3170778619777856
[[   0 2420  414  251]
 [   0    1   12   62]
 [   0    0   31   73]
 [   0    0   14   21]]
Epoch: [ 5/200], cls_loss: 0.5212, transfer_loss: 0.0148,person_loss: -1.9439, total_Loss: 0.3342
trian begin
trian end
n_person 578
SAMPLE
F1_MI: 0.5871476204910578 F1_MA: 0.340203114735595 ACC_MI: 0.5871476204910578 F1_MA: 0.3106458859178674
BEST_F1_MI: 0.5871476204910578 BEST_F1_MA: 0.340203114735595 BEST_ACC_MI: 0.5871476204910578 BEST_F1_MA: 0.3170778619777856
[[1890 1024  156   15]
 [   0    6   28   41]
 [   0   14   19   71]
 [   0    3   10   22]]
Epoch: [ 6/200], cls_loss: 0.4897, transfer_loss: 0.0165,person_loss: -1.9494, total_Loss: 0.3030
trian begin
trian end
n_person 578
SAMPLE
F1_MI: 0.011518642012731133 F1_MA: 0.15390475800323689 ACC_MI: 0.011518642012731131 F1_MA: 0.10980324023802285
BEST_F1_MI: 0.5871476204910578 BEST_F1_MA: 0.340203114735595 BEST_ACC_MI: 0.5871476204910578 BEST_F1_MA: 0.3170778619777856
[[   0    3    3 3079]
 [   0    0    1   74]
 [   0    0    3  101]
 [   0    0    0   35]]
Epoch: [ 7/200], cls_loss: 0.4793, transfer_loss: 0.0179,person_loss: -1.9553, total_Loss: 0.2927
trian begin
trian end
n_person 578
SAMPLE
F1_MI: 0.023340406183692028 F1_MA: 0.3132349166489709 ACC_MI: 0.023340406183692028 F1_MA: 0.3578809678445511
BEST_F1_MI: 0.5871476204910578 BEST_F1_MA: 0.340203114735595 BEST_ACC_MI: 0.5871476204910578 BEST_F1_MA: 0.3578809678445511
[[   4 3078    3    0]
 [   1   34   35    5]
 [   0   44   24   36]
 [   0   14    6   15]]
Epoch: [ 8/200], cls_loss: 0.4683, transfer_loss: 0.0182,person_loss: -1.9508, total_Loss: 0.2823
trian begin
trian end
n_person 578
SAMPLE
F1_MI: 0.9266444377083964 F1_MA: 0.5335892875695185 ACC_MI: 0.9266444377083964 F1_MA: 0.5223320981013289
BEST_F1_MI: 0.9266444377083964 BEST_F1_MA: 0.5335892875695185 BEST_ACC_MI: 0.9266444377083964 BEST_F1_MA: 0.5223320981013289
[[2963  108   14    0]
 [   4   19   50    2]
 [   2   30   62   10]
 [   1   12    9   13]]
Epoch: [ 9/200], cls_loss: 0.4550, transfer_loss: 0.0166,person_loss: -1.9537, total_Loss: 0.2679
trian begin
trian end
n_person 578
SAMPLE
F1_MI: 0.8914822673537436 F1_MA: 0.3501357205820573 ACC_MI: 0.8914822673537436 F1_MA: 0.29769447276734623
BEST_F1_MI: 0.9266444377083964 BEST_F1_MA: 0.5335892875695185 BEST_ACC_MI: 0.9266444377083964 BEST_F1_MA: 0.5223320981013289
[[2910   78   55   42]
 [   4    1   14   56]
 [   1    0    6   97]
 [   1    0   10   24]]
Epoch: [10/200], cls_loss: 0.4444, transfer_loss: 0.0163,person_loss: -1.9511, total_Loss: 0.2574
trian begin
trian end
n_person 578
SAMPLE
F1_MI: 0.9348287359806002 F1_MA: 0.4170774517747353 ACC_MI: 0.9348287359806002 F1_MA: 0.3868120433303237
BEST_F1_MI: 0.9348287359806002 BEST_F1_MA: 0.5335892875695185 BEST_ACC_MI: 0.9348287359806002 BEST_F1_MA: 0.5223320981013289
[[3049    8   14   14]
 [  15    3    9   48]
 [   5    1    7   91]
 [   3    2    5   25]]
Epoch: [11/200], cls_loss: 0.4223, transfer_loss: 0.0162,person_loss: -1.9570, total_Loss: 0.2348
trian begin
trian end
n_person 578
SAMPLE
F1_MI: 0.014852985753258564 F1_MA: 0.25476964442736777 ACC_MI: 0.014852985753258564 F1_MA: 0.2627818063921773
BEST_F1_MI: 0.9348287359806002 BEST_F1_MA: 0.5335892875695185 BEST_ACC_MI: 0.9348287359806002 BEST_F1_MA: 0.5223320981013289
[[  12 1296    9 1768]
 [   1    1    4   69]
 [   0    0    3  101]
 [   1    0    1   33]]
Epoch: [12/200], cls_loss: 0.3888, transfer_loss: 0.0160,person_loss: -1.9604, total_Loss: 0.2008
trian begin
trian end
n_person 578
SAMPLE
F1_MI: 0.2828129736283722 F1_MA: 0.4540784011451455 ACC_MI: 0.2828129736283722 F1_MA: 0.5145688147733785
BEST_F1_MI: 0.9348287359806002 BEST_F1_MA: 0.5335892875695185 BEST_ACC_MI: 0.9348287359806002 BEST_F1_MA: 0.5223320981013289
[[ 846 2238    1    0]
 [   3   67    2    3]
 [   1   76    6   21]
 [   0   21    0   14]]
Epoch: [13/200], cls_loss: 0.3826, transfer_loss: 0.0158,person_loss: -1.9559, total_Loss: 0.1949
trian begin
trian end
n_person 578
SAMPLE
F1_MI: 0.016671718702637162 F1_MA: 0.30795517374324705 ACC_MI: 0.016671718702637162 F1_MA: 0.39655551254610866
BEST_F1_MI: 0.9348287359806002 BEST_F1_MA: 0.5335892875695185 BEST_ACC_MI: 0.9348287359806002 BEST_F1_MA: 0.5223320981013289
[[   1 3068    3   13]
 [   0   24    9   42]
 [   0   31    9   64]
 [   0   14    0   21]]
Epoch: [14/200], cls_loss: 0.3718, transfer_loss: 0.0157,person_loss: -1.9537, total_Loss: 0.1843
trian begin
trian end
n_person 578
SAMPLE
F1_MI: 0.9290694149742346 F1_MA: 0.4360438525820141 ACC_MI: 0.9290694149742346 F1_MA: 0.3975383019100391
BEST_F1_MI: 0.9348287359806002 BEST_F1_MA: 0.5335892875695185 BEST_ACC_MI: 0.9348287359806002 BEST_F1_MA: 0.5223320981013289
[[3004   28   49    4]
 [   5    8   48   14]
 [   1   17   35   51]
 [   2    3   12   18]]
Epoch: [15/200], cls_loss: 0.3542, transfer_loss: 0.0156,person_loss: -1.9575, total_Loss: 0.1662
trian begin
trian end
n_person 578
SAMPLE
F1_MI: 0.029099727190057594 F1_MA: 0.314391348854428 ACC_MI: 0.029099727190057594 F1_MA: 0.2755446623093682
BEST_F1_MI: 0.9348287359806002 BEST_F1_MA: 0.5335892875695185 BEST_ACC_MI: 0.9348287359806002 BEST_F1_MA: 0.5223320981013289
[[   0 3081    4    0]
 [   1   69    1    4]
 [   1   70   12   21]
 [   0   20    0   15]]
Epoch: [16/200], cls_loss: 0.3324, transfer_loss: 0.0171,person_loss: -1.9542, total_Loss: 0.1455
trian begin
trian end
n_person 578
SAMPLE
F1_MI: 0.9087602303728403 F1_MA: 0.4630096587875915 ACC_MI: 0.9087602303728403 F1_MA: 0.4382302177729491
BEST_F1_MI: 0.9348287359806002 BEST_F1_MA: 0.5335892875695185 BEST_ACC_MI: 0.9348287359806002 BEST_F1_MA: 0.5223320981013289
[[2923   42  120    0]
 [   2   18   53    2]
 [   2   41   45   16]
 [   0   15    8   12]]
Epoch: [17/200], cls_loss: 0.3376, transfer_loss: 0.0171,person_loss: -1.9614, total_Loss: 0.1501
trian begin
trian end
n_person 578
SAMPLE
F1_MI: 0.9463473779933314 F1_MA: 0.48362188429764497 ACC_MI: 0.9463473779933314 F1_MA: 0.49936370766488414
BEST_F1_MI: 0.9463473779933314 BEST_F1_MA: 0.5335892875695185 BEST_ACC_MI: 0.9463473779933314 BEST_F1_MA: 0.5223320981013289
[[3058    6   21    0]
 [  32    6   36    1]
 [  27   16   45   16]
 [   8    6    8   13]]
Epoch: [18/200], cls_loss: 0.2980, transfer_loss: 0.0171,person_loss: -1.9578, total_Loss: 0.1107
trian begin
trian end
n_person 578
SAMPLE
F1_MI: 0.9351318581388299 F1_MA: 0.3533578960407327 ACC_MI: 0.9351318581388299 F1_MA: 0.3213517844392829
BEST_F1_MI: 0.9463473779933314 BEST_F1_MA: 0.5335892875695185 BEST_ACC_MI: 0.9463473779933314 BEST_F1_MA: 0.5223320981013289
[[3062   16    3    4]
 [  27    4    8   36]
 [  23   14    1   66]
 [   4   10    3   18]]
Epoch: [19/200], cls_loss: 0.2818, transfer_loss: 0.0179,person_loss: -1.9592, total_Loss: 0.0949
trian begin
trian end
n_person 578
SAMPLE
F1_MI: 0.029705971506517128 F1_MA: 0.33087140175135354 ACC_MI: 0.029705971506517128 F1_MA: 0.3193180884781297
BEST_F1_MI: 0.9463473779933314 BEST_F1_MA: 0.5335892875695185 BEST_ACC_MI: 0.9463473779933314 BEST_F1_MA: 0.5223320981013289
[[   0 3083    2    0]
 [   0   70    5    0]
 [   0   80   19    5]
 [   0   21    5    9]]
Epoch: [20/200], cls_loss: 0.2783, transfer_loss: 0.0183,person_loss: -1.9575, total_Loss: 0.0917
trian begin
trian end
n_person 578
SAMPLE
F1_MI: 0.012124886329190664 F1_MA: 0.2738142140391617 ACC_MI: 0.012124886329190664 F1_MA: 0.33555589617821374
BEST_F1_MI: 0.9463473779933314 BEST_F1_MA: 0.5335892875695185 BEST_ACC_MI: 0.9463473779933314 BEST_F1_MA: 0.5223320981013289
[[   1    2    9 3073]
 [   0    0    6   69]
 [   0    3   10   91]
 [   0    1    5   29]]
Epoch: [21/200], cls_loss: 0.2617, transfer_loss: 0.0173,person_loss: -1.9609, total_Loss: 0.0743
trian begin
trian end
n_person 578
SAMPLE
F1_MI: 0.9418005456198848 F1_MA: 0.5637756834273053 ACC_MI: 0.9418005456198848 F1_MA: 0.5764612654393199
BEST_F1_MI: 0.9463473779933314 BEST_F1_MA: 0.5637756834273053 BEST_ACC_MI: 0.9463473779933314 BEST_F1_MA: 0.5764612654393199
[[3024   58    3    0]
 [  14   54    5    2]
 [  13   58   17   16]
 [   2   19    2   12]]
Epoch: [22/200], cls_loss: 0.2434, transfer_loss: 0.0166,person_loss: -1.9587, total_Loss: 0.0558
trian begin
trian end
n_person 578
SAMPLE
F1_MI: 0.9411943013034253 F1_MA: 0.43833564448380774 ACC_MI: 0.9411943013034253 F1_MA: 0.6571754542663355
BEST_F1_MI: 0.9463473779933314 BEST_F1_MA: 0.5637756834273053 BEST_ACC_MI: 0.9463473779933314 BEST_F1_MA: 0.6571754542663355
[[3084    1    0    0]
 [  73    0    2    0]
 [  80    9   15    0]
 [  20    4    5    6]]
Epoch: [23/200], cls_loss: 0.2373, transfer_loss: 0.0164,person_loss: -1.9609, total_Loss: 0.0494
trian begin
trian end
n_person 578
SAMPLE
F1_MI: 0.7265838132767505 F1_MA: 0.40261982494725396 ACC_MI: 0.7265838132767505 F1_MA: 0.3551563942620188
BEST_F1_MI: 0.9463473779933314 BEST_F1_MA: 0.5637756834273053 BEST_ACC_MI: 0.9463473779933314 BEST_F1_MA: 0.6571754542663355
[[2318  184  581    2]
 [   1   12   51   11]
 [   0   28   51   25]
 [   0   12    7   16]]
Epoch: [24/200], cls_loss: 0.2170, transfer_loss: 0.0157,person_loss: -1.9586, total_Loss: 0.0290
trian begin
trian end
n_person 578
SAMPLE
F1_MI: 0.914216429220976 F1_MA: 0.37837207910555803 ACC_MI: 0.914216429220976 F1_MA: 0.3177419406386127
BEST_F1_MI: 0.9463473779933314 BEST_F1_MA: 0.5637756834273053 BEST_ACC_MI: 0.9463473779933314 BEST_F1_MA: 0.6571754542663355
[[2975    0   50   60]
 [   5    0   19   51]
 [   2    0   14   88]
 [   0    0    8   27]]
Epoch: [25/200], cls_loss: 0.2132, transfer_loss: 0.0157,person_loss: -1.9621, total_Loss: 0.0248
trian begin
trian end
n_person 578
SAMPLE
F1_MI: 0.9384662018793574 F1_MA: 0.5331929875488943 ACC_MI: 0.9384662018793574 F1_MA: 0.5242234456003645
BEST_F1_MI: 0.9463473779933314 BEST_F1_MA: 0.5637756834273053 BEST_ACC_MI: 0.9463473779933314 BEST_F1_MA: 0.6571754542663355
[[3017   52   16    0]
 [  17   50    7    1]
 [  10   61   16   17]
 [   5   17    0   13]]
Epoch: [26/200], cls_loss: 0.2256, transfer_loss: 0.0153,person_loss: -1.9606, total_Loss: 0.0372
trian begin
trian end
n_person 578
SAMPLE
F1_MI: 0.010912397696271597 F1_MA: 0.10713294435519329 ACC_MI: 0.010912397696271597 F1_MA: 0.07240853555922049
BEST_F1_MI: 0.9463473779933314 BEST_F1_MA: 0.5637756834273053 BEST_ACC_MI: 0.9463473779933314 BEST_F1_MA: 0.6571754542663355
[[   0   22   24 3039]
 [   0    6    7   62]
 [   0   11    6   87]
 [   0   11    0   24]]
Epoch: [27/200], cls_loss: 0.1804, transfer_loss: 0.0157,person_loss: -1.9667, total_Loss: -0.0084
trian begin
trian end
n_person 578
SAMPLE
F1_MI: 0.01424674143679903 F1_MA: 0.29198355765385203 ACC_MI: 0.01424674143679903 F1_MA: 0.4181520116500203
BEST_F1_MI: 0.9463473779933314 BEST_F1_MA: 0.5637756834273053 BEST_ACC_MI: 0.9463473779933314 BEST_F1_MA: 0.6571754542663355
[[   3 2142    3  937]
 [   0   10    3   62]
 [   0   18   11   75]
 [   0   12    0   23]]
Epoch: [28/200], cls_loss: 0.2094, transfer_loss: 0.0167,person_loss: -1.9642, total_Loss: 0.0213
trian begin
trian end
n_person 578
SAMPLE
F1_MI: 0.9427099120945741 F1_MA: 0.44054919697438155 ACC_MI: 0.9427099120945741 F1_MA: 0.4495381604537428
BEST_F1_MI: 0.9463473779933314 BEST_F1_MA: 0.5637756834273053 BEST_ACC_MI: 0.9463473779933314 BEST_F1_MA: 0.6571754542663355
[[3066    8    9    2]
 [  41    2   11   21]
 [  32    7   26   39]
 [  12    3    4   16]]
Epoch: [29/200], cls_loss: 0.1615, transfer_loss: 0.0160,person_loss: -1.9584, total_Loss: -0.0264
trian begin
trian end
n_person 578
SAMPLE
F1_MI: 0.017884207335556228 F1_MA: 0.2974194350138417 ACC_MI: 0.017884207335556228 F1_MA: 0.3411008430609598
BEST_F1_MI: 0.9463473779933314 BEST_F1_MA: 0.5637756834273053 BEST_ACC_MI: 0.9463473779933314 BEST_F1_MA: 0.6571754542663355
[[   2 3013    4   66]
 [   0   29    1   45]
 [   1   28    7   68]
 [   0   14    0   21]]
Epoch: [30/200], cls_loss: 0.1686, transfer_loss: 0.0162,person_loss: -1.9628, total_Loss: -0.0196
trian begin
trian end
n_person 578
SAMPLE
F1_MI: 0.8917853895119733 F1_MA: 0.39699862049245893 ACC_MI: 0.8917853895119733 F1_MA: 0.35374096356748447
BEST_F1_MI: 0.9463473779933314 BEST_F1_MA: 0.5637756834273053 BEST_ACC_MI: 0.9463473779933314 BEST_F1_MA: 0.6571754542663355
[[2891  138   50    6]
 [   2   16   25   32]
 [   0   29   18   57]
 [   0   12    6   17]]
Epoch: [31/200], cls_loss: 0.1776, transfer_loss: 0.0163,person_loss: -1.9621, total_Loss: -0.0105
trian begin
trian end
n_person 578
SAMPLE
F1_MI: 0.9427099120945741 F1_MA: 0.5075805517478704 ACC_MI: 0.9427099120945741 F1_MA: 0.48325200162156684
BEST_F1_MI: 0.9463473779933314 BEST_F1_MA: 0.5637756834273053 BEST_ACC_MI: 0.9463473779933314 BEST_F1_MA: 0.6571754542663355
[[3021   13   51    0]
 [   6    5   62    2]
 [   9    4   69   22]
 [   0    2   18   15]]
Epoch: [32/200], cls_loss: 0.1399, transfer_loss: 0.0161,person_loss: -1.9641, total_Loss: -0.0484
trian begin
trian end
n_person 578
SAMPLE
F1_MI: 0.020915428917853897 F1_MA: 0.3234409211897942 ACC_MI: 0.020915428917853897 F1_MA: 0.4007136812198697
BEST_F1_MI: 0.9463473779933314 BEST_F1_MA: 0.5637756834273053 BEST_ACC_MI: 0.9463473779933314 BEST_F1_MA: 0.6571754542663355
[[   1 3069   13    2]
 [   0   24   43    8]
 [   0   43   26   35]
 [   0   15    2   18]]
Epoch: [33/200], cls_loss: 0.1456, transfer_loss: 0.0158,person_loss: -1.9662, total_Loss: -0.0431
trian begin
trian end
n_person 578
SAMPLE
F1_MI: 0.022431039709002728 F1_MA: 0.2532254847272136 ACC_MI: 0.022431039709002728 F1_MA: 0.2760044890707782
BEST_F1_MI: 0.9463473779933314 BEST_F1_MA: 0.5637756834273053 BEST_ACC_MI: 0.9463473779933314 BEST_F1_MA: 0.6571754542663355
[[  13    9 3060    3]
 [   2    1   45   27]
 [   0    5   42   57]
 [   0    4   13   18]]
Epoch: [34/200], cls_loss: 0.1211, transfer_loss: 0.0159,person_loss: -1.9649, total_Loss: -0.0674
trian begin
trian end
n_person 578
SAMPLE
F1_MI: 0.945438011518642 F1_MA: 0.4698335294564812 ACC_MI: 0.945438011518642 F1_MA: 0.4994763848716012
BEST_F1_MI: 0.9463473779933314 BEST_F1_MA: 0.5637756834273053 BEST_ACC_MI: 0.9463473779933314 BEST_F1_MA: 0.6571754542663355
[[3065    9   11    0]
 [  46    4   23    2]
 [  40    8   37   19]
 [  13    4    5   13]]
Epoch: [35/200], cls_loss: 0.1459, transfer_loss: 0.0151,person_loss: -1.9623, total_Loss: -0.0428
trian begin
trian end
n_person 578
SAMPLE
F1_MI: 0.7102152167323431 F1_MA: 0.37825574942207385 ACC_MI: 0.7102152167323431 F1_MA: 0.33159832621941837
BEST_F1_MI: 0.9463473779933314 BEST_F1_MA: 0.5637756834273053 BEST_ACC_MI: 0.9463473779933314 BEST_F1_MA: 0.6571754542663355
[[2305    5    8  767]
 [   0    1    7   67]
 [   1    1    3   99]
 [   0    1    0   34]]
Epoch: [36/200], cls_loss: 0.1410, transfer_loss: 0.0155,person_loss: -1.9624, total_Loss: -0.0475
trian begin
trian end
n_person 578
SAMPLE
F1_MI: 0.9178538951197333 F1_MA: 0.4716433892509851 ACC_MI: 0.9178538951197333 F1_MA: 0.43388378720307724
BEST_F1_MI: 0.9463473779933314 BEST_F1_MA: 0.5637756834273053 BEST_ACC_MI: 0.9463473779933314 BEST_F1_MA: 0.6571754542663355
[[2943   53   89    0]
 [   2    8   62    3]
 [   0   20   63   21]
 [   1    5   15   14]]
Epoch: [37/200], cls_loss: 0.1217, transfer_loss: 0.0156,person_loss: -1.9547, total_Loss: -0.0659
trian begin
trian end
n_person 578
SAMPLE
F1_MI: 0.9333131251894513 F1_MA: 0.4490363100181209 ACC_MI: 0.9333131251894513 F1_MA: 0.39347432502614016
BEST_F1_MI: 0.9463473779933314 BEST_F1_MA: 0.5637756834273053 BEST_ACC_MI: 0.9463473779933314 BEST_F1_MA: 0.6571754542663355
[[2996   13   74    2]
 [   4    0   63    8]
 [   1    2   66   35]
 [   0    2   16   17]]
Epoch: [38/200], cls_loss: 0.0980, transfer_loss: 0.0151,person_loss: -1.9668, total_Loss: -0.0912
trian begin
trian end
n_person 578
SAMPLE
F1_MI: 0.09821157926644437 F1_MA: 0.3062051811913538 ACC_MI: 0.09821157926644437 F1_MA: 0.3339636511615448
BEST_F1_MI: 0.9463473779933314 BEST_F1_MA: 0.5637756834273053 BEST_ACC_MI: 0.9463473779933314 BEST_F1_MA: 0.6571754542663355
[[ 258   29 2795    3]
 [   0    9   30   36]
 [   2   17   37   48]
 [   1    6    8   20]]
Epoch: [39/200], cls_loss: 0.1280, transfer_loss: 0.0140,person_loss: -1.9686, total_Loss: -0.0619
trian begin
trian end
n_person 578
SAMPLE
F1_MI: 0.9087602303728403 F1_MA: 0.4357850503167545 ACC_MI: 0.9087602303728403 F1_MA: 0.39688459077271715
BEST_F1_MI: 0.9463473779933314 BEST_F1_MA: 0.5637756834273053 BEST_ACC_MI: 0.9463473779933314 BEST_F1_MA: 0.6571754542663355
[[2930   77   78    0]
 [   6   12   50    7]
 [   2   26   41   35]
 [   1   12    7   15]]
Epoch: [40/200], cls_loss: 0.1015, transfer_loss: 0.0132,person_loss: -1.9719, total_Loss: -0.0891
trian begin
trian end
n_person 578
SAMPLE
F1_MI: 0.914216429220976 F1_MA: 0.47990547380180537 ACC_MI: 0.914216429220976 F1_MA: 0.4454118760960901
BEST_F1_MI: 0.9463473779933314 BEST_F1_MA: 0.5637756834273053 BEST_ACC_MI: 0.9463473779933314 BEST_F1_MA: 0.6571754542663355
[[2944  120   17    4]
 [   7   25   12   31]
 [   2   27   29   46]
 [   0   13    4   18]]
Epoch: [41/200], cls_loss: 0.0991, transfer_loss: 0.0123,person_loss: -1.9715, total_Loss: -0.0919
trian begin
trian end
n_person 578
SAMPLE
F1_MI: 0.9445286450439527 F1_MA: 0.48375502277482973 ACC_MI: 0.9445286450439527 F1_MA: 0.46355048992813735
BEST_F1_MI: 0.9463473779933314 BEST_F1_MA: 0.5637756834273053 BEST_ACC_MI: 0.9463473779933314 BEST_F1_MA: 0.6571754542663355
[[3042   17   26    0]
 [  13    6   51    5]
 [  16    9   52   27]
 [   2    5   12   16]]
Epoch: [42/200], cls_loss: 0.1004, transfer_loss: 0.0122,person_loss: -1.9733, total_Loss: -0.0908
trian begin
trian end
n_person 578
SAMPLE
F1_MI: 0.9460442558351014 F1_MA: 0.4520236190201907 ACC_MI: 0.9460442558351015 F1_MA: 0.4778971887670972
BEST_F1_MI: 0.9463473779933314 BEST_F1_MA: 0.5637756834273053 BEST_ACC_MI: 0.9463473779933314 BEST_F1_MA: 0.6571754542663355
[[3073    5    7    0]
 [  46    3   19    7]
 [  37   16   32   19]
 [  11    6    5   13]]
Epoch: [43/200], cls_loss: 0.0905, transfer_loss: 0.0120,person_loss: -1.9693, total_Loss: -0.1004
trian begin
trian end
n_person 578
SAMPLE
F1_MI: 0.5110639587753865 F1_MA: 0.39173253651116446 ACC_MI: 0.5110639587753865 F1_MA: 0.38706456154481816
BEST_F1_MI: 0.9463473779933314 BEST_F1_MA: 0.5637756834273053 BEST_ACC_MI: 0.9463473779933314 BEST_F1_MA: 0.6571754542663355
[[1603  188 1294    0]
 [   1   11   62    1]
 [   0   31   60   13]
 [   0   13   10   12]]
Epoch: [44/200], cls_loss: 0.1068, transfer_loss: 0.0115,person_loss: -1.9741, total_Loss: -0.0848
trian begin
trian end
n_person 578
SAMPLE
F1_MI: 0.02364352834192179 F1_MA: 0.2148467135794629 ACC_MI: 0.023643528341921793 F1_MA: 0.1837167833049089
BEST_F1_MI: 0.9463473779933314 BEST_F1_MA: 0.5637756834273053 BEST_ACC_MI: 0.9463473779933314 BEST_F1_MA: 0.6571754542663355
[[   2    2 3079    2]
 [   0    0   62   13]
 [   0    1   60   43]
 [   2    1   16   16]]
Epoch: [45/200], cls_loss: 0.0811, transfer_loss: 0.0114,person_loss: -1.9714, total_Loss: -0.1103
trian begin
trian end
n_person 578
SAMPLE
F1_MI: 0.017277963019096697 F1_MA: 0.31198295633955664 ACC_MI: 0.017277963019096697 F1_MA: 0.40612504986173936
BEST_F1_MI: 0.9463473779933314 BEST_F1_MA: 0.5637756834273053 BEST_ACC_MI: 0.9463473779933314 BEST_F1_MA: 0.6571754542663355
[[   4 3067    0   14]
 [   0   28    2   45]
 [   1   38    4   61]
 [   0   14    0   21]]
Epoch: [46/200], cls_loss: 0.0670, transfer_loss: 0.0103,person_loss: -1.9763, total_Loss: -0.1255
trian begin
trian end
n_person 578
SAMPLE
F1_MI: 0.9399818126705062 F1_MA: 0.44132005750142195 ACC_MI: 0.9399818126705062 F1_MA: 0.5034920397323288
BEST_F1_MI: 0.9463473779933314 BEST_F1_MA: 0.5637756834273053 BEST_ACC_MI: 0.9463473779933314 BEST_F1_MA: 0.6571754542663355
[[3066   17    2    0]
 [  50   24    0    1]
 [  40   52    3    9]
 [  11   13    3    8]]
Epoch: [47/200], cls_loss: 0.0652, transfer_loss: 0.0117,person_loss: -1.9799, total_Loss: -0.1269
trian begin
trian end
n_person 578
SAMPLE
F1_MI: 0.03091846013943619 F1_MA: 0.30850695435807607 ACC_MI: 0.030918460139436194 F1_MA: 0.29565889154704944
BEST_F1_MI: 0.9463473779933314 BEST_F1_MA: 0.5637756834273053 BEST_ACC_MI: 0.9463473779933314 BEST_F1_MA: 0.6571754542663355
[[   7  490 2588    0]
 [   2   65    7    1]
 [   4   74   23    3]
 [   3   21    4    7]]
Epoch: [48/200], cls_loss: 0.0747, transfer_loss: 0.0118,person_loss: -1.9771, total_Loss: -0.1171
trian begin
trian end
n_person 578
SAMPLE
F1_MI: 0.02667474992421946 F1_MA: 0.3471642074979994 ACC_MI: 0.02667474992421946 F1_MA: 0.34481396981396983
BEST_F1_MI: 0.9463473779933314 BEST_F1_MA: 0.5637756834273053 BEST_ACC_MI: 0.9463473779933314 BEST_F1_MA: 0.6571754542663355
[[   0 3085    0    0]
 [   0   72    0    3]
 [   0   79    1   24]
 [   0   20    0   15]]
Epoch: [49/200], cls_loss: 0.0691, transfer_loss: 0.0149,person_loss: -1.9760, total_Loss: -0.1211
trian begin
trian end
n_person 578
SAMPLE
F1_MI: 0.8632919066383753 F1_MA: 0.40486084504080994 ACC_MI: 0.8632919066383753 F1_MA: 0.363840535848429
BEST_F1_MI: 0.9463473779933314 BEST_F1_MA: 0.5637756834273053 BEST_ACC_MI: 0.9463473779933314 BEST_F1_MA: 0.6571754542663355
[[2799  228   28   30]
 [   2    8   12   53]
 [   1   11   19   73]
 [   0    9    4   22]]
Epoch: [50/200], cls_loss: 0.0589, transfer_loss: 0.0120,person_loss: -1.9780, total_Loss: -0.1329
trian begin
trian end
n_person 578
SAMPLE
F1_MI: 0.7959987875113671 F1_MA: 0.44367825108784437 ACC_MI: 0.7959987875113671 F1_MA: 0.40072927237862016
BEST_F1_MI: 0.9463473779933314 BEST_F1_MA: 0.5637756834273053 BEST_ACC_MI: 0.9463473779933314 BEST_F1_MA: 0.6571754542663355
[[2533  154  398    0]
 [   1    7   66    1]
 [   2   13   73   16]
 [   1    7   14   13]]
Epoch: [51/200], cls_loss: 0.0521, transfer_loss: 0.0177,person_loss: -1.9801, total_Loss: -0.1371
trian begin
trian end
n_person 578
SAMPLE
F1_MI: 0.9342224916641406 F1_MA: 0.38819704150795864 ACC_MI: 0.9342224916641406 F1_MA: 0.4176083184951833
BEST_F1_MI: 0.9463473779933314 BEST_F1_MA: 0.5637756834273053 BEST_ACC_MI: 0.9463473779933314 BEST_F1_MA: 0.6571754542663355
[[3045   38    2    0]
 [  44   29    2    0]
 [  31   58    8    7]
 [   9   22    4    0]]
Epoch: [52/200], cls_loss: 0.0725, transfer_loss: 0.0133,person_loss: -1.9766, total_Loss: -0.1185
trian begin
trian end
n_person 578
SAMPLE
F1_MI: 0.02394665050015156 F1_MA: 0.26147559196217113 ACC_MI: 0.023946650500151562 F1_MA: 0.3439450884392925
BEST_F1_MI: 0.9463473779933314 BEST_F1_MA: 0.5637756834273053 BEST_ACC_MI: 0.9463473779933314 BEST_F1_MA: 0.6571754542663355
[[   4   15 3066    0]
 [   0    2   72    1]
 [   0   25   67   12]
 [   0    9   20    6]]
Epoch: [53/200], cls_loss: 0.0679, transfer_loss: 0.0169,person_loss: -1.9790, total_Loss: -0.1216
trian begin
trian end
n_person 578
SAMPLE
F1_MI: 0.9208851167020309 F1_MA: 0.42587166558634393 ACC_MI: 0.9208851167020309 F1_MA: 0.495829538286322
BEST_F1_MI: 0.9463473779933314 BEST_F1_MA: 0.5637756834273053 BEST_ACC_MI: 0.9463473779933314 BEST_F1_MA: 0.6571754542663355
[[2999   86    0    0]
 [  42   29    4    0]
 [  22   70    8    4]
 [   8   22    3    2]]
Epoch: [54/200], cls_loss: 0.0668, transfer_loss: 0.0177,person_loss: -1.9844, total_Loss: -0.1228
trian begin
trian end
n_person 578
SAMPLE
F1_MI: 0.02394665050015156 F1_MA: 0.21515066456968931 ACC_MI: 0.023946650500151562 F1_MA: 0.197951044200469
BEST_F1_MI: 0.9463473779933314 BEST_F1_MA: 0.5637756834273053 BEST_ACC_MI: 0.9463473779933314 BEST_F1_MA: 0.6571754542663355
[[   6   14 3065    0]
 [   1    3   65    6]
 [   4    7   58   35]
 [   2   11   10   12]]
Epoch: [55/200], cls_loss: 0.0565, transfer_loss: 0.0184,person_loss: -1.9851, total_Loss: -0.1328
trian begin
trian end
n_person 578
SAMPLE
F1_MI: 0.9281600484995454 F1_MA: 0.5017560740949952 ACC_MI: 0.9281600484995454 F1_MA: 0.5305062908848194
BEST_F1_MI: 0.9463473779933314 BEST_F1_MA: 0.5637756834273053 BEST_ACC_MI: 0.9463473779933314 BEST_F1_MA: 0.6571754542663355
[[2972   21   92    0]
 [   5   10   59    1]
 [   1   25   78    0]
 [   0   14   19    2]]
Epoch: [56/200], cls_loss: 0.0655, transfer_loss: 0.0190,person_loss: -1.9841, total_Loss: -0.1235
trian begin
trian end
n_person 578
SAMPLE
F1_MI: 0.9433161564110336 F1_MA: 0.45782354666142827 ACC_MI: 0.9433161564110336 F1_MA: 0.5178901383169675
BEST_F1_MI: 0.9463473779933314 BEST_F1_MA: 0.5637756834273053 BEST_ACC_MI: 0.9463473779933314 BEST_F1_MA: 0.6571754542663355
[[3072   13    0    0]
 [  36   14    4   21]
 [  36   25   15   28]
 [  13    8    3   11]]
Epoch: [57/200], cls_loss: 0.0577, transfer_loss: 0.0186,person_loss: -1.9851, total_Loss: -0.1315
trian begin
trian end
n_person 578
SAMPLE
F1_MI: 0.9169445286450439 F1_MA: 0.4621091366150346 ACC_MI: 0.9169445286450439 F1_MA: 0.44200864419940933
BEST_F1_MI: 0.9463473779933314 BEST_F1_MA: 0.5637756834273053 BEST_ACC_MI: 0.9463473779933314 BEST_F1_MA: 0.6571754542663355
[[2966  115    3    1]
 [   8   23   20   24]
 [  13   33   19   39]
 [   3   14    1   17]]
Epoch: [58/200], cls_loss: 0.0606, transfer_loss: 0.0184,person_loss: -1.9859, total_Loss: -0.1288
trian begin
trian end
n_person 578
SAMPLE
F1_MI: 0.9390724461958169 F1_MA: 0.41351038388512057 ACC_MI: 0.9390724461958169 F1_MA: 0.4263806465793221
BEST_F1_MI: 0.9463473779933314 BEST_F1_MA: 0.5637756834273053 BEST_ACC_MI: 0.9463473779933314 BEST_F1_MA: 0.6571754542663355
[[3070    3    1   11]
 [  41    0    5   29]
 [  49    4   10   41]
 [  11    4    2   18]]
Epoch: [59/200], cls_loss: 0.0472, transfer_loss: 0.0182,person_loss: -1.9859, total_Loss: -0.1423
trian begin
trian end
n_person 578
SAMPLE
F1_MI: 0.9336162473476811 F1_MA: 0.40262622016674776 ACC_MI: 0.9336162473476811 F1_MA: 0.44421410917733783
BEST_F1_MI: 0.9463473779933314 BEST_F1_MA: 0.5637756834273053 BEST_ACC_MI: 0.9463473779933314 BEST_F1_MA: 0.6571754542663355
[[3039   44    2    0]
 [  29   20   25    1]
 [  45   37   20    2]
 [  17   11    6    1]]
Epoch: [60/200], cls_loss: 0.0512, transfer_loss: 0.0180,person_loss: -1.9822, total_Loss: -0.1380
trian begin
trian end
n_person 578
SAMPLE
F1_MI: 0.9393755683540467 F1_MA: 0.46669086630895945 ACC_MI: 0.9393755683540467 F1_MA: 0.44540373700940245
BEST_F1_MI: 0.9463473779933314 BEST_F1_MA: 0.5637756834273053 BEST_ACC_MI: 0.9463473779933314 BEST_F1_MA: 0.6571754542663355
[[3025   26   33    1]
 [   9   11   49    6]
 [   5   22   51   26]
 [   5    5   13   12]]
Epoch: [61/200], cls_loss: 0.0543, transfer_loss: 0.0179,person_loss: -1.9861, total_Loss: -0.1354
trian begin
trian end
n_person 578
SAMPLE
F1_MI: 0.9451348893604122 F1_MA: 0.41498517963925324 ACC_MI: 0.9451348893604122 F1_MA: 0.451715673877246
BEST_F1_MI: 0.9463473779933314 BEST_F1_MA: 0.5637756834273053 BEST_ACC_MI: 0.9463473779933314 BEST_F1_MA: 0.6571754542663355
[[3084    0    1    0]
 [  49    0   14   12]
 [  56   11   23   14]
 [  17    3    4   11]]
Epoch: [62/200], cls_loss: 0.0471, transfer_loss: 0.0179,person_loss: -1.9869, total_Loss: -0.1427
trian begin
trian end
n_person 578
SAMPLE
F1_MI: 0.9333131251894513 F1_MA: 0.39597061681660534 ACC_MI: 0.9333131251894513 F1_MA: 0.39701608186135057
BEST_F1_MI: 0.9463473779933314 BEST_F1_MA: 0.5637756834273053 BEST_ACC_MI: 0.9463473779933314 BEST_F1_MA: 0.6571754542663355
[[3049   31    2    3]
 [  30    5   15   25]
 [  38    7   10   49]
 [  14    4    2   15]]
Epoch: [63/200], cls_loss: 0.0544, transfer_loss: 0.0181,person_loss: -1.9891, total_Loss: -0.1354
trian begin
trian end
n_person 578
SAMPLE
F1_MI: 0.03485904819642316 F1_MA: 0.23536171961968788 ACC_MI: 0.03485904819642316 F1_MA: 0.24359481664300658
BEST_F1_MI: 0.9463473779933314 BEST_F1_MA: 0.5637756834273053 BEST_ACC_MI: 0.9463473779933314 BEST_F1_MA: 0.6571754542663355
[[  25   40 3020    0]
 [   2   10   62    1]
 [   3   15   80    6]
 [   1    5   29    0]]
Epoch: [64/200], cls_loss: 0.0329, transfer_loss: 0.0181,person_loss: -1.9897, total_Loss: -0.1570
trian begin
trian end
n_person 578
SAMPLE
F1_MI: 0.9396786905122765 F1_MA: 0.4388077762025706 ACC_MI: 0.9396786905122765 F1_MA: 0.42519915483599346
BEST_F1_MI: 0.9463473779933314 BEST_F1_MA: 0.5637756834273053 BEST_ACC_MI: 0.9463473779933314 BEST_F1_MA: 0.6571754542663355
[[3031   52    2    0]
 [  19   45   10    1]
 [   6   74   24    0]
 [   3   17   15    0]]
Epoch: [65/200], cls_loss: 0.0665, transfer_loss: 0.0182,person_loss: -1.9864, total_Loss: -0.1231
trian begin
trian end
n_person 578
SAMPLE
F1_MI: 0.9396786905122765 F1_MA: 0.45694438005850596 ACC_MI: 0.9396786905122765 F1_MA: 0.46394548447717987
BEST_F1_MI: 0.9463473779933314 BEST_F1_MA: 0.5637756834273053 BEST_ACC_MI: 0.9463473779933314 BEST_F1_MA: 0.6571754542663355
[[3035   42    8    0]
 [  18   21   31    5]
 [  13   40   38   13]
 [   3   17    9    6]]
Epoch: [66/200], cls_loss: 0.0418, transfer_loss: 0.0174,person_loss: -1.9875, total_Loss: -0.1483
trian begin
trian end
n_person 578
SAMPLE
F1_MI: 0.9099727190057593 F1_MA: 0.42968477189170845 ACC_MI: 0.9099727190057593 F1_MA: 0.4081295568352233
BEST_F1_MI: 0.9463473779933314 BEST_F1_MA: 0.5637756834273053 BEST_ACC_MI: 0.9463473779933314 BEST_F1_MA: 0.6571754542663355
[[2943  121   21    0]
 [   6   33   31    5]
 [   4   64   17   19]
 [   1   18    7    9]]
Epoch: [67/200], cls_loss: 0.0566, transfer_loss: 0.0180,person_loss: -1.9892, total_Loss: -0.1333
trian begin
trian end
n_person 578
SAMPLE
F1_MI: 0.5671415580478933 F1_MA: 0.43258462192451486 ACC_MI: 0.5671415580478933 F1_MA: 0.4641865217358567
BEST_F1_MI: 0.9463473779933314 BEST_F1_MA: 0.5637756834273053 BEST_ACC_MI: 0.9463473779933314 BEST_F1_MA: 0.6571754542663355
[[1793 1290    2    0]
 [   1   42   29    3]
 [   1   66   29    8]
 [   0   22    6    7]]
Epoch: [68/200], cls_loss: 0.0402, transfer_loss: 0.0177,person_loss: -1.9898, total_Loss: -0.1499
trian begin
trian end
n_person 578
SAMPLE
F1_MI: 0.026068505607759928 F1_MA: 0.2921600739872929 ACC_MI: 0.026068505607759928 F1_MA: 0.3195430325387288
BEST_F1_MI: 0.9463473779933314 BEST_F1_MA: 0.5637756834273053 BEST_ACC_MI: 0.9463473779933314 BEST_F1_MA: 0.6571754542663355
[[   2 3080    3    0]
 [   1   67    5    2]
 [   0   80   16    8]
 [   0   26    8    1]]
Epoch: [69/200], cls_loss: 0.0335, transfer_loss: 0.0173,person_loss: -1.9866, total_Loss: -0.1565
trian begin
trian end
n_person 578
SAMPLE
F1_MI: 0.9451348893604122 F1_MA: 0.456280207594825 ACC_MI: 0.9451348893604122 F1_MA: 0.564156215226518
BEST_F1_MI: 0.9463473779933314 BEST_F1_MA: 0.5637756834273053 BEST_ACC_MI: 0.9463473779933314 BEST_F1_MA: 0.6571754542663355
[[3074    8    3    0]
 [  50   15   10    0]
 [  42   33   26    3]
 [  11   15    6    3]]
Epoch: [70/200], cls_loss: 0.0422, transfer_loss: 0.0179,person_loss: -1.9899, total_Loss: -0.1478
trian begin
trian end
n_person 578
SAMPLE
F1_MI: 0.020309184601394362 F1_MA: 0.2633303895859424 ACC_MI: 0.020309184601394362 F1_MA: 0.29953140262820005
BEST_F1_MI: 0.9463473779933314 BEST_F1_MA: 0.5637756834273053 BEST_ACC_MI: 0.9463473779933314 BEST_F1_MA: 0.6571754542663355
[[  13 2600  108  364]
 [   0   10   20   45]
 [   0   15   24   65]
 [   0   11    4   20]]
Epoch: [71/200], cls_loss: 0.0431, transfer_loss: 0.0179,person_loss: -1.9897, total_Loss: -0.1469
trian begin
trian end
n_person 578
SAMPLE
F1_MI: 0.9472567444680207 F1_MA: 0.4300285264947705 ACC_MI: 0.9472567444680207 F1_MA: 0.42661555108813964
BEST_F1_MI: 0.9472567444680207 BEST_F1_MA: 0.5637756834273053 BEST_ACC_MI: 0.9472567444680207 BEST_F1_MA: 0.6571754542663355
[[3053   22   10    0]
 [  29   14   27    5]
 [  24   20   58    2]
 [   6   13   16    0]]
Epoch: [72/200], cls_loss: 0.0384, transfer_loss: 0.0172,person_loss: -1.9878, total_Loss: -0.1518
[[3024   58    3    0]
 [  14   54    5    2]
 [  13   58   17   16]
 [   2   19    2   12]]
[[3053   22   10    0]
 [  29   14   27    5]
 [  24   20   58    2]
 [   6   13   16    0]]
ARG: Namespace(backbone='resnet50', batch_size=32, config='DAAN/DAAN.yaml', data_dir='data', device=device(type='cuda'), early_stop=50, epoch_based_training=False, lr=0.003, lr_decay=0.75, lr_gamma=0.0003, lr_scheduler=True, max_iter=18000, method='True', momentum=0.9, myweight=0.1, n_class=4, n_epoch=200, n_iter_per_epoch=90, num_workers=3, seed=1, src_domain='77G', tgt_domain='own', tname='transfer', transfer_loss='daan', transfer_loss_weight=0.5, use_bottleneck=True, weight_decay=0.0005)
