lmmd 1 77G own DSAN/DSAN.yaml True
Namespace(backbone='resnet50', batch_size=32, config='DSAN/DSAN.yaml', data_dir='data', device=device(type='cuda'), early_stop=50, epoch_based_training=False, lr=0.003, lr_decay=0.75, lr_gamma=0.0003, lr_scheduler=True, method='True', momentum=0.9, myweight=0.1, n_epoch=200, n_iter_per_epoch=200, num_workers=3, seed=1, src_domain='77G', tgt_domain='own', tname='transfer', transfer_loss='lmmd', transfer_loss_weight=0.5, use_bottleneck=True, weight_decay=0.0005)
JUST DO IT
run my Parkinson code
transfer
TRAIN Length: 2905 290 TEST Length: 3299 578
YYY: 0 3
DATA_PROFILE   train: 2905 train2: 3299 test: 3299
DATASET.SHAPE: <data_loader.GetTrainLoader object at 0x7f22d83dd9a0> True
DATASET.SHAPE: <data_loader.GetTrainLoader object at 0x7f22d00b0f70> True
DATASET.SHAPE: <data_loader.GetTestLoader object at 0x7f22d008f280> False
CLASS: 4 578
LLL: {}
BOTTLENECK_LIST: [Linear(in_features=512, out_features=256, bias=True), ReLU()]
TYPE: {'loss_type': 'lmmd', 'max_iter': 18000, 'num_class': 4, 'my_person_item': <my_person_item.PersonItem object at 0x7f22d0055880>}
KWARGS {'my_person_item': <my_person_item.PersonItem object at 0x7f22d0055880>}
initial_lr 1.0
transfer_world
method True <class 'str'>
1.8.1+cu111
True
LEN: 0 0
LOADER: <data_loader.InfiniteDataLoader object at 0x7f22d00b0130> <data_loader.InfiniteDataLoader object at 0x7f22d0055820>
N_batch: 90
trian begin
trian end
n_person 578
SAMPLE
F1_MI: 0.012124886329190664 F1_MA: 0.07002657711634737 ACC_MI: 0.012124886329190664 F1_MA: 0.04127788486361812
BEST_F1_MI: 0.012124886329190664 BEST_F1_MA: 0.07002657711634737 BEST_ACC_MI: 0.012124886329190664 BEST_F1_MA: 0.04127788486361812
[[   0 2516  548   21]
 [   0    2   25   48]
 [   0    1   10   93]
 [   0    0    7   28]]
Epoch: [ 1/200], cls_loss: 0.9310, transfer_loss: 0.0008,person_loss: -1.8637, total_Loss: 0.7450
trian begin
trian end
n_person 578
SAMPLE
F1_MI: 0.027280994240678993 F1_MA: 0.12397279819171345 ACC_MI: 0.027280994240678993 F1_MA: 0.07977761485826003
BEST_F1_MI: 0.027280994240678993 BEST_F1_MA: 0.12397279819171345 BEST_ACC_MI: 0.027280994240678993 BEST_F1_MA: 0.07977761485826003
[[   0    0 3083    2]
 [   0    0   73    2]
 [   0    0   77   27]
 [   0    0   22   13]]
Epoch: [ 2/200], cls_loss: 0.6739, transfer_loss: 0.0023,person_loss: -1.8850, total_Loss: 0.4866
trian begin
trian end
n_person 578
SAMPLE
F1_MI: 0.5568354046680812 F1_MA: 0.34707430889132 ACC_MI: 0.5568354046680812 F1_MA: 0.317428894634777
BEST_F1_MI: 0.5568354046680812 BEST_F1_MA: 0.34707430889132 BEST_ACC_MI: 0.5568354046680812 BEST_F1_MA: 0.317428894634777
[[1773  946  363    3]
 [   0    0   50   25]
 [   0    0   46   58]
 [   0    0   17   18]]
Epoch: [ 3/200], cls_loss: 0.6194, transfer_loss: 0.0041,person_loss: -1.9093, total_Loss: 0.4305
trian begin
trian end
n_person 578
SAMPLE
F1_MI: 0.010609275538041831 F1_MA: 0.005252100840336134 ACC_MI: 0.010609275538041831 F1_MA: 0.002653927813163482
BEST_F1_MI: 0.5568354046680812 BEST_F1_MA: 0.34707430889132 BEST_ACC_MI: 0.5568354046680812 BEST_F1_MA: 0.317428894634777
[[   0    2    0 3083]
 [   0    0    0   75]
 [   0    0    0  104]
 [   0    0    0   35]]
Epoch: [ 4/200], cls_loss: 0.6044, transfer_loss: 0.0061,person_loss: -1.9076, total_Loss: 0.4167
trian begin
trian end
n_person 578
SAMPLE
F1_MI: 0.6695968475295544 F1_MA: 0.5669955169726041 ACC_MI: 0.6695968475295544 F1_MA: 0.5840872489579385
BEST_F1_MI: 0.6695968475295544 BEST_F1_MA: 0.5669955169726041 BEST_ACC_MI: 0.6695968475295544 BEST_F1_MA: 0.5840872489579385
[[2099  984    2    0]
 [   0   64    9    2]
 [   0   63   34    7]
 [   0   20    3   12]]
Epoch: [ 5/200], cls_loss: 0.5762, transfer_loss: 0.0077,person_loss: -1.9205, total_Loss: 0.3880
trian begin
trian end
n_person 578
SAMPLE
F1_MI: 0.9299787814489239 F1_MA: 0.5578616934678604 ACC_MI: 0.9299787814489239 F1_MA: 0.6011159529306468
BEST_F1_MI: 0.9299787814489239 BEST_F1_MA: 0.5669955169726041 BEST_ACC_MI: 0.9299787814489239 BEST_F1_MA: 0.6011159529306468
[[3007   72    0    6]
 [   8   38    0   29]
 [   3   37    3   61]
 [   1   14    0   20]]
Epoch: [ 6/200], cls_loss: 0.5463, transfer_loss: 0.0084,person_loss: -1.9252, total_Loss: 0.3579
trian begin
trian end
n_person 578
SAMPLE
F1_MI: 0.9184601394361928 F1_MA: 0.39076553465878167 ACC_MI: 0.9184601394361928 F1_MA: 0.3488039245135859
BEST_F1_MI: 0.9299787814489239 BEST_F1_MA: 0.5669955169726041 BEST_ACC_MI: 0.9299787814489239 BEST_F1_MA: 0.6011159529306468
[[2995   43   11   36]
 [  13    9    1   52]
 [   3   20    3   78]
 [   1    8    3   23]]
Epoch: [ 7/200], cls_loss: 0.4618, transfer_loss: 0.0119,person_loss: -1.9340, total_Loss: 0.2744
trian begin
trian end
n_person 578
SAMPLE
F1_MI: 0.9408911791451955 F1_MA: 0.4601374671785069 ACC_MI: 0.9408911791451955 F1_MA: 0.49662645698223845
BEST_F1_MI: 0.9408911791451955 BEST_F1_MA: 0.5669955169726041 BEST_ACC_MI: 0.9408911791451955 BEST_F1_MA: 0.6011159529306468
[[3066   14    4    1]
 [  44   14    1   16]
 [  29   23    8   44]
 [   9    9    1   16]]
Epoch: [ 8/200], cls_loss: 0.4666, transfer_loss: 0.0153,person_loss: -1.9392, total_Loss: 0.2803
trian begin
trian end
n_person 578
SAMPLE
F1_MI: 0.941497423461655 F1_MA: 0.4994621729441653 ACC_MI: 0.941497423461655 F1_MA: 0.6070816905305387
BEST_F1_MI: 0.941497423461655 BEST_F1_MA: 0.5669955169726041 BEST_ACC_MI: 0.941497423461655 BEST_F1_MA: 0.6070816905305387
[[3072   11    0    2]
 [  41   14    0   20]
 [  38   27    3   36]
 [   9    9    0   17]]
Epoch: [ 9/200], cls_loss: 0.4417, transfer_loss: 0.0141,person_loss: -1.9460, total_Loss: 0.2542
trian begin
trian end
n_person 578
SAMPLE
F1_MI: 0.9399818126705062 F1_MA: 0.3916657610792873 ACC_MI: 0.9399818126705062 F1_MA: 0.44006594703805857
BEST_F1_MI: 0.941497423461655 BEST_F1_MA: 0.5669955169726041 BEST_ACC_MI: 0.941497423461655 BEST_F1_MA: 0.6070816905305387
[[3085    0    0    0]
 [  71    3    0    1]
 [  85    6    0   13]
 [  22    0    0   13]]
Epoch: [10/200], cls_loss: 0.4946, transfer_loss: 0.0157,person_loss: -1.9378, total_Loss: 0.3087
trian begin
trian end
n_person 578
SAMPLE
F1_MI: 0.940284934828736 F1_MA: 0.4730664487522689 ACC_MI: 0.940284934828736 F1_MA: 0.4834278910291265
BEST_F1_MI: 0.941497423461655 BEST_F1_MA: 0.5669955169726041 BEST_ACC_MI: 0.941497423461655 BEST_F1_MA: 0.6070816905305387
[[3056   18    7    4]
 [  22   16    3   34]
 [  19   17   11   57]
 [   5   11    0   19]]
Epoch: [11/200], cls_loss: 0.4193, transfer_loss: 0.0207,person_loss: -1.9411, total_Loss: 0.2356
trian begin
trian end
n_person 578
SAMPLE
F1_MI: 0.013943619278569264 F1_MA: 0.16423087480314777 ACC_MI: 0.013943619278569264 F1_MA: 0.11859359304712408
BEST_F1_MI: 0.941497423461655 BEST_F1_MA: 0.5669955169726041 BEST_ACC_MI: 0.941497423461655 BEST_F1_MA: 0.6070816905305387
[[   0    0   10 3075]
 [   0    0    3   72]
 [   0    0   13   91]
 [   0    0    2   33]]
Epoch: [12/200], cls_loss: 0.4080, transfer_loss: 0.0204,person_loss: -1.9458, total_Loss: 0.2237
trian begin
trian end
n_person 578
SAMPLE
F1_MI: 0.9457411336768717 F1_MA: 0.5172548022090784 ACC_MI: 0.9457411336768717 F1_MA: 0.6084746189445678
BEST_F1_MI: 0.9457411336768717 BEST_F1_MA: 0.5669955169726041 BEST_ACC_MI: 0.9457411336768717 BEST_F1_MA: 0.6084746189445678
[[3053   21   11    0]
 [  33   19   22    1]
 [  35   25   43    1]
 [   7   13   10    5]]
Epoch: [13/200], cls_loss: 0.3842, transfer_loss: 0.0211,person_loss: -1.9438, total_Loss: 0.2003
trian begin
trian end
n_person 578
SAMPLE
F1_MI: 0.9469536223097909 F1_MA: 0.5130158379814694 ACC_MI: 0.9469536223097909 F1_MA: 0.5010329206464709
BEST_F1_MI: 0.9469536223097909 BEST_F1_MA: 0.5669955169726041 BEST_ACC_MI: 0.9469536223097909 BEST_F1_MA: 0.6084746189445678
[[3032   13   40    0]
 [  11    2   61    1]
 [   7   10   78    9]
 [   1    4   18   12]]
Epoch: [14/200], cls_loss: 0.3681, transfer_loss: 0.0191,person_loss: -1.9436, total_Loss: 0.1832
trian begin
trian end
n_person 578
SAMPLE
F1_MI: 0.03091846013943619 F1_MA: 0.23927716750631728 ACC_MI: 0.030918460139436194 F1_MA: 0.18408164088730572
BEST_F1_MI: 0.9469536223097909 BEST_F1_MA: 0.5669955169726041 BEST_ACC_MI: 0.9469536223097909 BEST_F1_MA: 0.6084746189445678
[[   1  447 2637    0]
 [   2   35   36    2]
 [   2   35   52   15]
 [   0   16    5   14]]
Epoch: [15/200], cls_loss: 0.3470, transfer_loss: 0.0225,person_loss: -1.9453, total_Loss: 0.1637
trian begin
trian end
n_person 578
SAMPLE
F1_MI: 0.012731130645650195 F1_MA: 0.14968426189093365 ACC_MI: 0.012731130645650197 F1_MA: 0.11265597147950088
BEST_F1_MI: 0.9469536223097909 BEST_F1_MA: 0.5669955169726041 BEST_ACC_MI: 0.9469536223097909 BEST_F1_MA: 0.6084746189445678
[[   0 3034    8   43]
 [   0   14    2   59]
 [   0   20    5   79]
 [   0   12    0   23]]
Epoch: [16/200], cls_loss: 0.3540, transfer_loss: 0.0265,person_loss: -1.9413, total_Loss: 0.1731
trian begin
trian end
n_person 578
SAMPLE
F1_MI: 0.030615337981206425 F1_MA: 0.20120651909278667 ACC_MI: 0.030615337981206425 F1_MA: 0.17418946301925026
BEST_F1_MI: 0.9469536223097909 BEST_F1_MA: 0.5669955169726041 BEST_ACC_MI: 0.9469536223097909 BEST_F1_MA: 0.6084746189445678
[[   2    0 3083    0]
 [   1    0   74    0]
 [   0    5   99    0]
 [   0    1   34    0]]
Epoch: [17/200], cls_loss: 0.3649, transfer_loss: 0.0250,person_loss: -1.9421, total_Loss: 0.1832
trian begin
trian end
n_person 578
SAMPLE
F1_MI: 0.03425280387996363 F1_MA: 0.4661954160662873 ACC_MI: 0.03425280387996363 F1_MA: 0.5734692177271831
BEST_F1_MI: 0.9469536223097909 BEST_F1_MA: 0.5669955169726041 BEST_ACC_MI: 0.9469536223097909 BEST_F1_MA: 0.6084746189445678
[[   2 3078    5    0]
 [   0   69    5    1]
 [   0   66   29    9]
 [   0   20    2   13]]
Epoch: [18/200], cls_loss: 0.2965, transfer_loss: 0.0234,person_loss: -1.9321, total_Loss: 0.1150
trian begin
trian end
n_person 578
SAMPLE
F1_MI: 0.9202788723855714 F1_MA: 0.4999401778167348 ACC_MI: 0.9202788723855714 F1_MA: 0.46568350914161594
BEST_F1_MI: 0.9469536223097909 BEST_F1_MA: 0.5669955169726041 BEST_ACC_MI: 0.9469536223097909 BEST_F1_MA: 0.6084746189445678
[[2930    0  155    0]
 [   2    0   72    1]
 [   2    0   96    6]
 [   0    0   25   10]]
Epoch: [19/200], cls_loss: 0.3041, transfer_loss: 0.0250,person_loss: -1.9460, total_Loss: 0.1220
trian begin
trian end
n_person 578
SAMPLE
F1_MI: 0.03546529251288269 F1_MA: 0.30807786970302176 ACC_MI: 0.03546529251288269 F1_MA: 0.3544666369941768
BEST_F1_MI: 0.9469536223097909 BEST_F1_MA: 0.5669955169726041 BEST_ACC_MI: 0.9469536223097909 BEST_F1_MA: 0.6084746189445678
[[  14    0 3071    0]
 [   0    0   72    3]
 [   1    2   98    3]
 [   0    3   27    5]]
Epoch: [20/200], cls_loss: 0.2799, transfer_loss: 0.0212,person_loss: -1.9325, total_Loss: 0.0972
trian begin
trian end
n_person 578
SAMPLE
F1_MI: 0.033343437405274325 F1_MA: 0.22061644120805038 ACC_MI: 0.033343437405274325 F1_MA: 0.16930583933756319
BEST_F1_MI: 0.9469536223097909 BEST_F1_MA: 0.5669955169726041 BEST_ACC_MI: 0.9469536223097909 BEST_F1_MA: 0.6084746189445678
[[   0    0 3085    0]
 [   0    0   74    1]
 [   0    0   99    5]
 [   0    0   24   11]]
Epoch: [21/200], cls_loss: 0.2823, transfer_loss: 0.0295,person_loss: -1.9325, total_Loss: 0.1038
trian begin
trian end
n_person 578
SAMPLE
F1_MI: 0.9384662018793574 F1_MA: 0.5103444540622074 ACC_MI: 0.9384662018793574 F1_MA: 0.5343731446942457
BEST_F1_MI: 0.9469536223097909 BEST_F1_MA: 0.5669955169726041 BEST_ACC_MI: 0.9469536223097909 BEST_F1_MA: 0.6084746189445678
[[3012   48   25    0]
 [   6   15   53    1]
 [   5   33   63    3]
 [   1   13   15    6]]
Epoch: [22/200], cls_loss: 0.2603, transfer_loss: 0.0217,person_loss: -1.9361, total_Loss: 0.0776
trian begin
trian end
n_person 578
SAMPLE
F1_MI: 0.8957259775689603 F1_MA: 0.4264277696026968 ACC_MI: 0.8957259775689603 F1_MA: 0.376817303004165
BEST_F1_MI: 0.9469536223097909 BEST_F1_MA: 0.5669955169726041 BEST_ACC_MI: 0.9469536223097909 BEST_F1_MA: 0.6084746189445678
[[2885  137   58    5]
 [   2    4   39   30]
 [   0   10   48   46]
 [   0    2   15   18]]
Epoch: [23/200], cls_loss: 0.2518, transfer_loss: 0.0212,person_loss: -1.9321, total_Loss: 0.0692
trian begin
trian end
n_person 578
SAMPLE
F1_MI: 0.8575325856320097 F1_MA: 0.3526042659086214 ACC_MI: 0.8575325856320097 F1_MA: 0.2928682523528815
BEST_F1_MI: 0.9469536223097909 BEST_F1_MA: 0.5669955169726041 BEST_ACC_MI: 0.9469536223097909 BEST_F1_MA: 0.6084746189445678
[[2737   11  337    0]
 [   2    0   73    0]
 [   2    9   92    1]
 [   0    5   30    0]]
Epoch: [24/200], cls_loss: 0.2424, transfer_loss: 0.0198,person_loss: -1.9338, total_Loss: 0.0589
trian begin
trian end
n_person 578
SAMPLE
F1_MI: 0.9360412246135192 F1_MA: 0.4206859279407403 ACC_MI: 0.9360412246135192 F1_MA: 0.3975590372652378
BEST_F1_MI: 0.9469536223097909 BEST_F1_MA: 0.5669955169726041 BEST_ACC_MI: 0.9469536223097909 BEST_F1_MA: 0.6084746189445678
[[3043   12   18   12]
 [  19    2   14   40]
 [   7    7   24   66]
 [   6    2    8   19]]
Epoch: [25/200], cls_loss: 0.2512, transfer_loss: 0.0212,person_loss: -1.9294, total_Loss: 0.0689
trian begin
trian end
n_person 578
SAMPLE
F1_MI: 0.029099727190057594 F1_MA: 0.31317876008062806 ACC_MI: 0.029099727190057594 F1_MA: 0.3528837111262444
BEST_F1_MI: 0.9469536223097909 BEST_F1_MA: 0.5669955169726041 BEST_ACC_MI: 0.9469536223097909 BEST_F1_MA: 0.6084746189445678
[[   1    3 3081    0]
 [   0    1   68    6]
 [   0    5   83   16]
 [   0   10   14   11]]
Epoch: [26/200], cls_loss: 0.2375, transfer_loss: 0.0229,person_loss: -1.8937, total_Loss: 0.0596
trian begin
trian end
n_person 578
SAMPLE
F1_MI: 0.02394665050015156 F1_MA: 0.35608504663542 ACC_MI: 0.023946650500151562 F1_MA: 0.4200222868116945
BEST_F1_MI: 0.9469536223097909 BEST_F1_MA: 0.5669955169726041 BEST_ACC_MI: 0.9469536223097909 BEST_F1_MA: 0.6084746189445678
[[   1 3079    4    1]
 [   0   44   18   13]
 [   0   53   17   34]
 [   0   15    3   17]]
Epoch: [27/200], cls_loss: 0.2262, transfer_loss: 0.0237,person_loss: -1.9101, total_Loss: 0.0470
trian begin
trian end
n_person 578
SAMPLE
F1_MI: 0.031524704455895725 F1_MA: 0.3069188840362799 ACC_MI: 0.031524704455895725 F1_MA: 0.2851746665541902
BEST_F1_MI: 0.9469536223097909 BEST_F1_MA: 0.5669955169726041 BEST_ACC_MI: 0.9469536223097909 BEST_F1_MA: 0.6084746189445678
[[   0 3082    3    0]
 [   0   63    7    5]
 [   1   66   36    1]
 [   0   22    8    5]]
Epoch: [28/200], cls_loss: 0.1988, transfer_loss: 0.0233,person_loss: -1.9182, total_Loss: 0.0186
trian begin
trian end
n_person 578
SAMPLE
F1_MI: 0.811761139739315 F1_MA: 0.4147067926424768 ACC_MI: 0.811761139739315 F1_MA: 0.35876937919998914
BEST_F1_MI: 0.9469536223097909 BEST_F1_MA: 0.5669955169726041 BEST_ACC_MI: 0.9469536223097909 BEST_F1_MA: 0.6084746189445678
[[2601   95  389    0]
 [   1   16   39   19]
 [   1   22   44   37]
 [   0   11    7   17]]
Epoch: [29/200], cls_loss: 0.2087, transfer_loss: 0.0212,person_loss: -1.9220, total_Loss: 0.0272
trian begin
trian end
n_person 578
SAMPLE
F1_MI: 0.026371627765989693 F1_MA: 0.34099712831816636 ACC_MI: 0.026371627765989693 F1_MA: 0.34343428064679216
BEST_F1_MI: 0.9469536223097909 BEST_F1_MA: 0.5669955169726041 BEST_ACC_MI: 0.9469536223097909 BEST_F1_MA: 0.6084746189445678
[[   0 3085    0    0]
 [   0   73    0    2]
 [   0   81    1   22]
 [   0   22    0   13]]
Epoch: [30/200], cls_loss: 0.1938, transfer_loss: 0.0241,person_loss: -1.9275, total_Loss: 0.0131
trian begin
trian end
n_person 578
SAMPLE
F1_MI: 0.9184601394361928 F1_MA: 0.4657059977405524 ACC_MI: 0.9184601394361928 F1_MA: 0.45006559634219206
BEST_F1_MI: 0.9469536223097909 BEST_F1_MA: 0.5669955169726041 BEST_ACC_MI: 0.9469536223097909 BEST_F1_MA: 0.6084746189445678
[[2939    7  139    0]
 [  10    2   62    1]
 [   9    4   84    7]
 [   3    0   27    5]]
Epoch: [31/200], cls_loss: 0.1783, transfer_loss: 0.0226,person_loss: -1.9286, total_Loss: -0.0032
trian begin
trian end
n_person 578
SAMPLE
F1_MI: 0.29705971506517126 F1_MA: 0.34765795130850824 ACC_MI: 0.29705971506517126 F1_MA: 0.3620388773364889
BEST_F1_MI: 0.9469536223097909 BEST_F1_MA: 0.5669955169726041 BEST_ACC_MI: 0.9469536223097909 BEST_F1_MA: 0.6084746189445678
[[ 900    9 2175    1]
 [   1    3   67    4]
 [   1   19   63   21]
 [   0   10   11   14]]
Epoch: [32/200], cls_loss: 0.1849, transfer_loss: 0.0250,person_loss: -1.9273, total_Loss: 0.0047
trian begin
trian end
n_person 578
SAMPLE
F1_MI: 0.932403758714762 F1_MA: 0.5173005751140767 ACC_MI: 0.932403758714762 F1_MA: 0.5699335117497313
BEST_F1_MI: 0.9469536223097909 BEST_F1_MA: 0.5669955169726041 BEST_ACC_MI: 0.9469536223097909 BEST_F1_MA: 0.6084746189445678
[[2992   28   65    0]
 [  11   11   53    0]
 [  12   22   69    1]
 [   2   15   14    4]]
Epoch: [33/200], cls_loss: 0.1433, transfer_loss: 0.0192,person_loss: -1.9250, total_Loss: -0.0396
trian begin
trian end
n_person 578
SAMPLE
F1_MI: 0.03091846013943619 F1_MA: 0.34849906074967296 ACC_MI: 0.030918460139436194 F1_MA: 0.4217029803938769
BEST_F1_MI: 0.9469536223097909 BEST_F1_MA: 0.5669955169726041 BEST_ACC_MI: 0.9469536223097909 BEST_F1_MA: 0.6084746189445678
[[   3    2 3078    2]
 [   0    2   72    1]
 [   0    2   85   17]
 [   0    1   22   12]]
Epoch: [34/200], cls_loss: 0.1799, transfer_loss: 0.0226,person_loss: -1.9258, total_Loss: -0.0013
trian begin
trian end
n_person 578
SAMPLE
F1_MI: 0.027280994240678993 F1_MA: 0.3112391075466879 ACC_MI: 0.027280994240678993 F1_MA: 0.38250823588257615
BEST_F1_MI: 0.9469536223097909 BEST_F1_MA: 0.5669955169726041 BEST_ACC_MI: 0.9469536223097909 BEST_F1_MA: 0.6084746189445678
[[   1 3079    5    0]
 [   0   52   20    3]
 [   0   65   37    2]
 [   0   25   10    0]]
Epoch: [35/200], cls_loss: 0.1551, transfer_loss: 0.0198,person_loss: -1.9271, total_Loss: -0.0277
trian begin
trian end
n_person 578
SAMPLE
F1_MI: 0.9239163382843286 F1_MA: 0.3809153576733799 ACC_MI: 0.9239163382843286 F1_MA: 0.3224173516956692
BEST_F1_MI: 0.9469536223097909 BEST_F1_MA: 0.5669955169726041 BEST_ACC_MI: 0.9469536223097909 BEST_F1_MA: 0.6084746189445678
[[2954    5  126    0]
 [   4    0   71    0]
 [   0   10   94    0]
 [   0    3   32    0]]
Epoch: [36/200], cls_loss: 0.1623, transfer_loss: 0.0194,person_loss: -1.9283, total_Loss: -0.0208
trian begin
trian end
n_person 578
SAMPLE
F1_MI: 0.9505910882085481 F1_MA: 0.49850514176124555 ACC_MI: 0.9505910882085481 F1_MA: 0.5282591846044987
BEST_F1_MI: 0.9505910882085481 BEST_F1_MA: 0.5669955169726041 BEST_ACC_MI: 0.9505910882085481 BEST_F1_MA: 0.6084746189445678
[[3061    3   20    1]
 [  36    1   36    2]
 [  31    4   65    4]
 [   8    2   16    9]]
Epoch: [37/200], cls_loss: 0.1596, transfer_loss: 0.0255,person_loss: -1.9321, total_Loss: -0.0209
trian begin
trian end
n_person 578
SAMPLE
F1_MI: 0.800242497726584 F1_MA: 0.44009030408682415 ACC_MI: 0.8002424977265838 F1_MA: 0.4111191801192721
BEST_F1_MI: 0.9505910882085481 BEST_F1_MA: 0.5669955169726041 BEST_ACC_MI: 0.9505910882085481 BEST_F1_MA: 0.6084746189445678
[[2553   56  476    0]
 [   2   21   47    5]
 [   2   36   58    8]
 [   1   12   14    8]]
Epoch: [38/200], cls_loss: 0.1318, transfer_loss: 0.0223,person_loss: -1.9269, total_Loss: -0.0497
trian begin
trian end
n_person 578
SAMPLE
F1_MI: 0.02667474992421946 F1_MA: 0.24624418171897036 ACC_MI: 0.02667474992421946 F1_MA: 0.20744813817874677
BEST_F1_MI: 0.9505910882085481 BEST_F1_MA: 0.5669955169726041 BEST_ACC_MI: 0.9505910882085481 BEST_F1_MA: 0.6084746189445678
[[   0 3071   14    0]
 [   0   32   38    5]
 [   0   46   43   15]
 [   0   16    6   13]]
Epoch: [39/200], cls_loss: 0.1550, transfer_loss: 0.0256,person_loss: -1.9305, total_Loss: -0.0253
trian begin
trian end
n_person 578
SAMPLE
F1_MI: 0.017277963019096697 F1_MA: 0.1615027025333567 ACC_MI: 0.017277963019096697 F1_MA: 0.12265761591238655
BEST_F1_MI: 0.9505910882085481 BEST_F1_MA: 0.5669955169726041 BEST_ACC_MI: 0.9505910882085481 BEST_F1_MA: 0.6084746189445678
[[   0 2997    7   81]
 [   0   10   33   32]
 [   0   15   28   61]
 [   0   12    4   19]]
Epoch: [40/200], cls_loss: 0.1145, transfer_loss: 0.0164,person_loss: -1.9282, total_Loss: -0.0701
trian begin
trian end
n_person 578
SAMPLE
F1_MI: 0.932403758714762 F1_MA: 0.4305719849197751 ACC_MI: 0.932403758714762 F1_MA: 0.4436029513972828
BEST_F1_MI: 0.9505910882085481 BEST_F1_MA: 0.5669955169726041 BEST_ACC_MI: 0.9505910882085481 BEST_F1_MA: 0.6084746189445678
[[3024   48   10    3]
 [  34    6   13   22]
 [  24   12   37   31]
 [  14    8    4    9]]
Epoch: [41/200], cls_loss: 0.1136, transfer_loss: 0.0177,person_loss: -1.9384, total_Loss: -0.0714
trian begin
trian end
n_person 578
SAMPLE
F1_MI: 0.9396786905122765 F1_MA: 0.4763736610992209 ACC_MI: 0.9396786905122765 F1_MA: 0.4352670891366256
BEST_F1_MI: 0.9505910882085481 BEST_F1_MA: 0.5669955169726041 BEST_ACC_MI: 0.9505910882085481 BEST_F1_MA: 0.6084746189445678
[[2998    1   84    2]
 [   6    0   69    0]
 [   0    0   94   10]
 [   0    0   27    8]]
Epoch: [42/200], cls_loss: 0.1218, transfer_loss: 0.0230,person_loss: -1.9367, total_Loss: -0.0604
trian begin
trian end
n_person 578
SAMPLE
F1_MI: 0.9411943013034253 F1_MA: 0.47433086536269115 ACC_MI: 0.9411943013034253 F1_MA: 0.49231598072187477
BEST_F1_MI: 0.9505910882085481 BEST_F1_MA: 0.5669955169726041 BEST_ACC_MI: 0.9505910882085481 BEST_F1_MA: 0.6084746189445678
[[3026   43   16    0]
 [  11   14   49    1]
 [   7   32   63    2]
 [   4   14   15    2]]
Epoch: [43/200], cls_loss: 0.1088, transfer_loss: 0.0181,person_loss: -1.9353, total_Loss: -0.0757
trian begin
trian end
n_person 578
SAMPLE
F1_MI: 0.9366474689299787 F1_MA: 0.4113274327643046 ACC_MI: 0.9366474689299787 F1_MA: 0.4794710416837634
BEST_F1_MI: 0.9505910882085481 BEST_F1_MA: 0.5669955169726041 BEST_ACC_MI: 0.9505910882085481 BEST_F1_MA: 0.6084746189445678
[[3061   17    7    0]
 [  53   15    5    2]
 [  64   24    8    8]
 [  15   12    2    6]]
Epoch: [44/200], cls_loss: 0.1192, transfer_loss: 0.0210,person_loss: -1.9384, total_Loss: -0.0641
trian begin
trian end
n_person 578
SAMPLE
F1_MI: 0.13125189451348893 F1_MA: 0.2549345671378413 ACC_MI: 0.13125189451348893 F1_MA: 0.3057609788960027
BEST_F1_MI: 0.9505910882085481 BEST_F1_MA: 0.5669955169726041 BEST_ACC_MI: 0.9505910882085481 BEST_F1_MA: 0.6084746189445678
[[ 376   18 2691    0]
 [   3    4   49   19]
 [   2   24   43   35]
 [   0   16    9   10]]
Epoch: [45/200], cls_loss: 0.1432, transfer_loss: 0.0244,person_loss: -1.9412, total_Loss: -0.0387
trian begin
trian end
n_person 578
SAMPLE
F1_MI: 0.9290694149742346 F1_MA: 0.37042764054251753 ACC_MI: 0.9290694149742346 F1_MA: 0.33505716545503494
BEST_F1_MI: 0.9505910882085481 BEST_F1_MA: 0.5669955169726041 BEST_ACC_MI: 0.9505910882085481 BEST_F1_MA: 0.6084746189445678
[[3036   32    9    8]
 [  30    9    5   31]
 [  21   15    1   67]
 [   8    8    0   19]]
Epoch: [46/200], cls_loss: 0.0980, transfer_loss: 0.0222,person_loss: -1.9205, total_Loss: -0.0830
trian begin
trian end
n_person 578
SAMPLE
F1_MI: 0.026371627765989693 F1_MA: 0.114595489119748 ACC_MI: 0.026371627765989693 F1_MA: 0.07417812814491781
BEST_F1_MI: 0.9505910882085481 BEST_F1_MA: 0.5669955169726041 BEST_ACC_MI: 0.9505910882085481 BEST_F1_MA: 0.6084746189445678
[[   0    2 3079    4]
 [   0    0   73    2]
 [   0    8   78   18]
 [   0    4   22    9]]
Epoch: [47/200], cls_loss: 0.0982, transfer_loss: 0.0204,person_loss: -1.9370, total_Loss: -0.0853
trian begin
trian end
n_person 578
SAMPLE
F1_MI: 0.7802364352834192 F1_MA: 0.3928171567970883 ACC_MI: 0.7802364352834192 F1_MA: 0.34166891167458546
BEST_F1_MI: 0.9505910882085481 BEST_F1_MA: 0.5669955169726041 BEST_ACC_MI: 0.9505910882085481 BEST_F1_MA: 0.6084746189445678
[[2513  425   51   96]
 [   2    8   32   33]
 [   2    2   31   69]
 [   0    3   10   22]]
Epoch: [48/200], cls_loss: 0.0897, transfer_loss: 0.0207,person_loss: -1.9397, total_Loss: -0.0939
trian begin
trian end
n_person 578
SAMPLE
F1_MI: 0.9475598666262504 F1_MA: 0.54110309563542 ACC_MI: 0.9475598666262504 F1_MA: 0.6091682347852141
BEST_F1_MI: 0.9505910882085481 BEST_F1_MA: 0.5669955169726041 BEST_ACC_MI: 0.9505910882085481 BEST_F1_MA: 0.6091682347852141
[[3030    9   46    0]
 [   5    1   69    0]
 [   3    8   93    0]
 [   1    9   23    2]]
Epoch: [49/200], cls_loss: 0.0991, transfer_loss: 0.0184,person_loss: -1.9434, total_Loss: -0.0860
trian begin
trian end
n_person 578
SAMPLE
F1_MI: 0.9451348893604122 F1_MA: 0.4054346635493327 ACC_MI: 0.9451348893604122 F1_MA: 0.3764565319301527
BEST_F1_MI: 0.9505910882085481 BEST_F1_MA: 0.5669955169726041 BEST_ACC_MI: 0.9505910882085481 BEST_F1_MA: 0.6091682347852141
[[3054    1   24    6]
 [  13    0   39   23]
 [  12    2   56   34]
 [   5    2   20    8]]
Epoch: [50/200], cls_loss: 0.0822, transfer_loss: 0.0222,person_loss: -1.9456, total_Loss: -0.1012
trian begin
trian end
n_person 578
SAMPLE
F1_MI: 0.7235525916944529 F1_MA: 0.3569809688438409 ACC_MI: 0.7235525916944529 F1_MA: 0.30086760637996324
BEST_F1_MI: 0.9505910882085481 BEST_F1_MA: 0.5669955169726041 BEST_ACC_MI: 0.9505910882085481 BEST_F1_MA: 0.6091682347852141
[[2305  199  493   88]
 [   1    3   67    4]
 [   0    9   68   27]
 [   0    8   16   11]]
Epoch: [51/200], cls_loss: 0.0789, transfer_loss: 0.0174,person_loss: -1.9467, total_Loss: -0.1071
trian begin
trian end
n_person 578
SAMPLE
F1_MI: 0.014549863595028797 F1_MA: 0.26173617012821054 ACC_MI: 0.014549863595028797 F1_MA: 0.30130149932074357
BEST_F1_MI: 0.9505910882085481 BEST_F1_MA: 0.5669955169726041 BEST_ACC_MI: 0.9505910882085481 BEST_F1_MA: 0.6091682347852141
[[   3 3064    7   11]
 [   1   15    8   51]
 [   0    8    7   89]
 [   0   12    0   23]]
Epoch: [52/200], cls_loss: 0.0839, transfer_loss: 0.0206,person_loss: -1.9497, total_Loss: -0.1008
trian begin
trian end
n_person 578
SAMPLE
F1_MI: 0.9348287359806002 F1_MA: 0.3928817642927432 ACC_MI: 0.9348287359806002 F1_MA: 0.37200389230526837
BEST_F1_MI: 0.9505910882085481 BEST_F1_MA: 0.5669955169726041 BEST_ACC_MI: 0.9505910882085481 BEST_F1_MA: 0.6091682347852141
[[3054    9   12   10]
 [  28    2   12   33]
 [  27    1    8   68]
 [   8    3    4   20]]
Epoch: [53/200], cls_loss: 0.0772, transfer_loss: 0.0172,person_loss: -1.9506, total_Loss: -0.1092
trian begin
trian end
n_person 578
SAMPLE
F1_MI: 0.023340406183692028 F1_MA: 0.28687427636003776 ACC_MI: 0.023340406183692028 F1_MA: 0.325766028527059
BEST_F1_MI: 0.9505910882085481 BEST_F1_MA: 0.5669955169726041 BEST_ACC_MI: 0.9505910882085481 BEST_F1_MA: 0.6091682347852141
[[   6   57 3006   16]
 [   0   10   51   14]
 [   0    9   45   50]
 [   0    6   13   16]]
Epoch: [54/200], cls_loss: 0.0681, transfer_loss: 0.0167,person_loss: -1.9533, total_Loss: -0.1189
trian begin
trian end
n_person 578
SAMPLE
F1_MI: 0.021521673234313428 F1_MA: 0.25241391882968656 ACC_MI: 0.021521673234313428 F1_MA: 0.2161093259779528
BEST_F1_MI: 0.9505910882085481 BEST_F1_MA: 0.5669955169726041 BEST_ACC_MI: 0.9505910882085481 BEST_F1_MA: 0.6091682347852141
[[   0 3077    0    8]
 [   0   51    1   23]
 [   0   52    2   50]
 [   0   17    0   18]]
Epoch: [55/200], cls_loss: 0.0818, transfer_loss: 0.0236,person_loss: -1.9465, total_Loss: -0.1010
[[2099  984    2    0]
 [   0   64    9    2]
 [   0   63   34    7]
 [   0   20    3   12]]
[[3061    3   20    1]
 [  36    1   36    2]
 [  31    4   65    4]
 [   8    2   16    9]]
ARG: Namespace(backbone='resnet50', batch_size=32, config='DSAN/DSAN.yaml', data_dir='data', device=device(type='cuda'), early_stop=50, epoch_based_training=False, lr=0.003, lr_decay=0.75, lr_gamma=0.0003, lr_scheduler=True, max_iter=18000, method='True', momentum=0.9, myweight=0.1, n_class=4, n_epoch=200, n_iter_per_epoch=90, num_workers=3, seed=1, src_domain='77G', tgt_domain='own', tname='transfer', transfer_loss='lmmd', transfer_loss_weight=0.5, use_bottleneck=True, weight_decay=0.0005)
