bnm 1 77G own BNM/BNM.yaml True
Namespace(backbone='resnet50', batch_size=32, config='BNM/BNM.yaml', data_dir='data', device=device(type='cuda'), early_stop=50, epoch_based_training=False, lr=0.003, lr_decay=0.75, lr_gamma=0.0003, lr_scheduler=True, method='True', momentum=0.9, myweight=0.1, n_epoch=200, n_iter_per_epoch=100, num_workers=3, seed=1, src_domain='77G', tgt_domain='own', tname='transfer', transfer_loss='bnm', transfer_loss_weight=0.5, use_bottleneck=True, weight_decay=0.0005)
JUST DO IT
run my Parkinson code
transfer
TRAIN Length: 2905 290 TEST Length: 3299 578
YYY: 0 3
DATA_PROFILE   train: 2905 train2: 3299 test: 3299
DATASET.SHAPE: <data_loader.GetTrainLoader object at 0x7fc1ea7332b0> True
DATASET.SHAPE: <data_loader.GetTrainLoader object at 0x7fc1e2406f70> True
DATASET.SHAPE: <data_loader.GetTestLoader object at 0x7fc1e23ab700> False
CLASS: 4 578
LLL: {}
BOTTLENECK_LIST: [Linear(in_features=512, out_features=256, bias=True), ReLU()]
TYPE: {'loss_type': 'bnm', 'max_iter': 18000, 'num_class': 4, 'my_person_item': <my_person_item.PersonItem object at 0x7fc1e23ab850>}
initial_lr 1.0
transfer_world
method True <class 'str'>
1.8.1+cu111
True
LEN: 0 0
LOADER: <data_loader.InfiniteDataLoader object at 0x7fc1e2406130> <data_loader.InfiniteDataLoader object at 0x7fc1e23ab880>
N_batch: 90
trian begin
trian end
n_person 578
SAMPLE
F1_MI: 0.022734161867232493 F1_MA: 0.07769156153388176 ACC_MI: 0.022734161867232493 F1_MA: 0.04924112479858621
BEST_F1_MI: 0.022734161867232493 BEST_F1_MA: 0.07769156153388176 BEST_ACC_MI: 0.022734161867232493 BEST_F1_MA: 0.04924112479858621
[[   0 2880  204    1]
 [   0    4   65    6]
 [   0   19   71   14]
 [   0   12   23    0]]
Epoch: [ 1/200], cls_loss: 1.1346, transfer_loss: -3.1709,person_loss: -1.4723, total_Loss: -0.5981
trian begin
trian end
n_person 578
SAMPLE
F1_MI: 0.8829948469233101 F1_MA: 0.5269121223648204 ACC_MI: 0.8829948469233101 F1_MA: 0.5111125182391018
BEST_F1_MI: 0.8829948469233101 BEST_F1_MA: 0.5269121223648204 BEST_ACC_MI: 0.8829948469233101 BEST_F1_MA: 0.5111125182391018
[[2825  255    5    0]
 [   1   55   17    2]
 [   1   70   22   11]
 [   0   19    5   11]]
Epoch: [ 2/200], cls_loss: 0.7441, transfer_loss: -3.7646,person_loss: -1.3849, total_Loss: -1.2767
trian begin
trian end
n_person 578
SAMPLE
F1_MI: 0.8951197332525007 F1_MA: 0.4872762821952869 ACC_MI: 0.8951197332525007 F1_MA: 0.4474514762198586
BEST_F1_MI: 0.8951197332525007 BEST_F1_MA: 0.5269121223648204 BEST_ACC_MI: 0.8951197332525007 BEST_F1_MA: 0.5111125182391018
[[2878  202    5    0]
 [   2   49    4   20]
 [   0   39   10   55]
 [   0   16    3   16]]
Epoch: [ 3/200], cls_loss: 0.7605, transfer_loss: -3.8202,person_loss: -1.2940, total_Loss: -1.2790
trian begin
trian end
n_person 578
SAMPLE
F1_MI: 0.9227038496514095 F1_MA: 0.5523723910471497 ACC_MI: 0.9227038496514095 F1_MA: 0.5918633072452613
BEST_F1_MI: 0.9227038496514095 BEST_F1_MA: 0.5523723910471497 BEST_ACC_MI: 0.9227038496514095 BEST_F1_MA: 0.5918633072452613
[[2968  117    0    0]
 [   6   61    6    2]
 [   0   96    7    1]
 [   0   24    3    8]]
Epoch: [ 4/200], cls_loss: 0.7494, transfer_loss: -3.8885,person_loss: -1.3341, total_Loss: -1.3282
trian begin
trian end
n_person 578
SAMPLE
F1_MI: 0.023340406183692028 F1_MA: 0.1184088623507228 ACC_MI: 0.023340406183692028 F1_MA: 0.07712419718798819
BEST_F1_MI: 0.9227038496514095 BEST_F1_MA: 0.5523723910471497 BEST_ACC_MI: 0.9227038496514095 BEST_F1_MA: 0.5918633072452613
[[   0 3085    0    0]
 [   0   75    0    0]
 [   0  102    2    0]
 [   0   30    5    0]]
Epoch: [ 5/200], cls_loss: 0.6848, transfer_loss: -3.9056,person_loss: -1.3973, total_Loss: -1.4077
trian begin
trian end
n_person 578
SAMPLE
F1_MI: 0.7587147620491059 F1_MA: 0.4279588292998444 ACC_MI: 0.7587147620491058 F1_MA: 0.4075214743293726
BEST_F1_MI: 0.9227038496514095 BEST_F1_MA: 0.5523723910471497 BEST_ACC_MI: 0.9227038496514095 BEST_F1_MA: 0.5918633072452613
[[2428  641   14    2]
 [   1   23   24   27]
 [   5   19   41   39]
 [   1   13   10   11]]
Epoch: [ 6/200], cls_loss: 0.7521, transfer_loss: -3.8723,person_loss: -1.2973, total_Loss: -1.3137
trian begin
trian end
n_person 578
SAMPLE
F1_MI: 0.8933010003031222 F1_MA: 0.48183709650009304 ACC_MI: 0.8933010003031222 F1_MA: 0.44291641465837817
BEST_F1_MI: 0.9227038496514095 BEST_F1_MA: 0.5523723910471497 BEST_ACC_MI: 0.9227038496514095 BEST_F1_MA: 0.5918633072452613
[[2865  216    4    0]
 [   2   30   35    8]
 [   0   29   37   38]
 [   0    8   12   15]]
Epoch: [ 7/200], cls_loss: 0.6176, transfer_loss: -3.8524,person_loss: -1.2623, total_Loss: -1.4349
trian begin
trian end
n_person 578
SAMPLE
F1_MI: 0.013034252803879964 F1_MA: 0.22605606591918648 ACC_MI: 0.013034252803879964 F1_MA: 0.20184144227206427
BEST_F1_MI: 0.9227038496514095 BEST_F1_MA: 0.5523723910471497 BEST_ACC_MI: 0.9227038496514095 BEST_F1_MA: 0.5918633072452613
[[   0    9    2 3074]
 [   0    2    1   72]
 [   0    6    9   89]
 [   0    2    1   32]]
Epoch: [ 8/200], cls_loss: 0.6854, transfer_loss: -3.8846,person_loss: -1.2829, total_Loss: -1.3852
trian begin
trian end
n_person 578
SAMPLE
F1_MI: 0.9393755683540467 F1_MA: 0.6632701239550209 ACC_MI: 0.9393755683540467 F1_MA: 0.7148485418321703
BEST_F1_MI: 0.9393755683540467 BEST_F1_MA: 0.6632701239550209 BEST_ACC_MI: 0.9393755683540467 BEST_F1_MA: 0.7148485418321703
[[2990   95    0    0]
 [   2   72    0    1]
 [   0   74   27    3]
 [   0   21    4   10]]
Epoch: [ 9/200], cls_loss: 0.5725, transfer_loss: -3.9076,person_loss: -1.2312, total_Loss: -1.5044
trian begin
trian end
n_person 578
SAMPLE
F1_MI: 0.6938466201879357 F1_MA: 0.5616998467435663 ACC_MI: 0.6938466201879357 F1_MA: 0.5720795167240021
BEST_F1_MI: 0.9393755683540467 BEST_F1_MA: 0.6632701239550209 BEST_ACC_MI: 0.9393755683540467 BEST_F1_MA: 0.7148485418321703
[[2179  906    0    0]
 [   0   63    8    4]
 [   0   60   36    8]
 [   0   20    4   11]]
Epoch: [10/200], cls_loss: 0.7912, transfer_loss: -3.9057,person_loss: -1.2337, total_Loss: -1.2850
trian begin
trian end
n_person 578
SAMPLE
F1_MI: 0.03091846013943619 F1_MA: 0.36363520721112436 ACC_MI: 0.030918460139436194 F1_MA: 0.41832235102414206
BEST_F1_MI: 0.9393755683540467 BEST_F1_MA: 0.6632701239550209 BEST_ACC_MI: 0.9393755683540467 BEST_F1_MA: 0.7148485418321703
[[   0 3085    0    0]
 [   0   72    3    0]
 [   0   76   28    0]
 [   0   21   12    2]]
Epoch: [11/200], cls_loss: 0.5914, transfer_loss: -3.8710,person_loss: -1.2442, total_Loss: -1.4685
trian begin
trian end
n_person 578
SAMPLE
F1_MI: 0.02364352834192179 F1_MA: 0.11807718334013514 ACC_MI: 0.023643528341921793 F1_MA: 0.07824063547621289
BEST_F1_MI: 0.9393755683540467 BEST_F1_MA: 0.6632701239550209 BEST_ACC_MI: 0.9393755683540467 BEST_F1_MA: 0.7148485418321703
[[   0 2873  196   16]
 [   0    1   38   36]
 [   0    0   66   38]
 [   0    0   24   11]]
Epoch: [12/200], cls_loss: 0.7616, transfer_loss: -3.8990,person_loss: -1.2561, total_Loss: -1.3135
trian begin
trian end
n_person 578
SAMPLE
F1_MI: 0.09002728099424068 F1_MA: 0.37282056045739337 ACC_MI: 0.09002728099424068 F1_MA: 0.44491063554749766
BEST_F1_MI: 0.9393755683540467 BEST_F1_MA: 0.6632701239550209 BEST_ACC_MI: 0.9393755683540467 BEST_F1_MA: 0.7148485418321703
[[ 188 2369  528    0]
 [   0    1   74    0]
 [   0    0   99    5]
 [   0    1   25    9]]
Epoch: [13/200], cls_loss: 0.6585, transfer_loss: -3.9368,person_loss: -1.2403, total_Loss: -1.4340
trian begin
trian end
n_person 578
SAMPLE
F1_MI: 0.2476508032737193 F1_MA: 0.30492480169757413 ACC_MI: 0.2476508032737193 F1_MA: 0.33430812901615825
BEST_F1_MI: 0.9393755683540467 BEST_F1_MA: 0.6632701239550209 BEST_ACC_MI: 0.9393755683540467 BEST_F1_MA: 0.7148485418321703
[[ 759   38 2277   11]
 [   0   14   15   46]
 [   0    8   30   66]
 [   0    3   18   14]]
Epoch: [14/200], cls_loss: 0.5533, transfer_loss: -3.8965,person_loss: -1.2848, total_Loss: -1.5234
trian begin
trian end
n_person 578
SAMPLE
F1_MI: 0.02394665050015156 F1_MA: 0.266640968939563 ACC_MI: 0.023946650500151562 F1_MA: 0.255690440060698
BEST_F1_MI: 0.9393755683540467 BEST_F1_MA: 0.6632701239550209 BEST_ACC_MI: 0.9393755683540467 BEST_F1_MA: 0.7148485418321703
[[   0 3085    0    0]
 [   0   75    0    0]
 [   0  104    0    0]
 [   0   31    0    4]]
Epoch: [15/200], cls_loss: 0.6462, transfer_loss: -3.9330,person_loss: -1.2804, total_Loss: -1.4483
trian begin
trian end
n_person 578
SAMPLE
F1_MI: 0.10184904516520156 F1_MA: 0.23833744863574757 ACC_MI: 0.10184904516520157 F1_MA: 0.2562962997707878
BEST_F1_MI: 0.9393755683540467 BEST_F1_MA: 0.6632701239550209 BEST_ACC_MI: 0.9393755683540467 BEST_F1_MA: 0.7148485418321703
[[ 304  475    0 2306]
 [   0    8    0   67]
 [   0   22    0   82]
 [   0   11    0   24]]
Epoch: [16/200], cls_loss: 0.5381, transfer_loss: -3.9127,person_loss: -1.2902, total_Loss: -1.5472
trian begin
trian end
n_person 578
SAMPLE
F1_MI: 0.5689602909972719 F1_MA: 0.4491278480469482 ACC_MI: 0.5689602909972719 F1_MA: 0.43687008413736494
BEST_F1_MI: 0.9393755683540467 BEST_F1_MA: 0.6632701239550209 BEST_ACC_MI: 0.9393755683540467 BEST_F1_MA: 0.7148485418321703
[[1794 1291    0    0]
 [   1   70    4    0]
 [   0   90    2   12]
 [   0   21    3   11]]
Epoch: [17/200], cls_loss: 0.8020, transfer_loss: -3.8592,person_loss: -1.3090, total_Loss: -1.2585
trian begin
trian end
n_person 578
SAMPLE
F1_MI: 0.9387693240375872 F1_MA: 0.4157855696657476 ACC_MI: 0.9387693240375872 F1_MA: 0.44819648165121695
BEST_F1_MI: 0.9393755683540467 BEST_F1_MA: 0.6632701239550209 BEST_ACC_MI: 0.9393755683540467 BEST_F1_MA: 0.7148485418321703
[[3056   24    5    0]
 [  20    9   20   26]
 [  56    7   25   16]
 [  22    3    3    7]]
Epoch: [18/200], cls_loss: 0.5699, transfer_loss: -3.9099,person_loss: -1.2639, total_Loss: -1.5114
trian begin
trian end
n_person 578
SAMPLE
F1_MI: 0.8787511367080933 F1_MA: 0.39391576140359197 ACC_MI: 0.8787511367080933 F1_MA: 0.3939214817719491
BEST_F1_MI: 0.9393755683540467 BEST_F1_MA: 0.6632701239550209 BEST_ACC_MI: 0.9393755683540467 BEST_F1_MA: 0.7148485418321703
[[2843  239    1    2]
 [  11   26   29    9]
 [  23   49   29    3]
 [  12   16    6    1]]
Epoch: [19/200], cls_loss: 0.5031, transfer_loss: -3.8902,person_loss: -1.3341, total_Loss: -1.5754
trian begin
trian end
n_person 578
SAMPLE
F1_MI: 0.9117914519551379 F1_MA: 0.42601322660490365 ACC_MI: 0.9117914519551379 F1_MA: 0.37036558839255335
BEST_F1_MI: 0.9393755683540467 BEST_F1_MA: 0.6632701239550209 BEST_ACC_MI: 0.9393755683540467 BEST_F1_MA: 0.7148485418321703
[[2937  148    0    0]
 [   2   64    0    9]
 [   0   96    0    8]
 [   0   28    0    7]]
Epoch: [20/200], cls_loss: 0.5455, transfer_loss: -3.9056,person_loss: -1.3053, total_Loss: -1.5378
trian begin
trian end
n_person 578
SAMPLE
F1_MI: 0.025159139133070628 F1_MA: 0.11166977500844204 ACC_MI: 0.025159139133070628 F1_MA: 0.070226045246818
BEST_F1_MI: 0.9393755683540467 BEST_F1_MA: 0.6632701239550209 BEST_ACC_MI: 0.9393755683540467 BEST_F1_MA: 0.7148485418321703
[[   0 2543  521   21]
 [   0    2   58   15]
 [   0    6   66   32]
 [   0    1   19   15]]
Epoch: [21/200], cls_loss: 0.4855, transfer_loss: -3.8584,person_loss: -1.3545, total_Loss: -1.5792
trian begin
trian end
n_person 578
SAMPLE
F1_MI: 0.029099727190057594 F1_MA: 0.10206734095153733 ACC_MI: 0.029099727190057594 F1_MA: 0.06326631428148001
BEST_F1_MI: 0.9393755683540467 BEST_F1_MA: 0.6632701239550209 BEST_ACC_MI: 0.9393755683540467 BEST_F1_MA: 0.7148485418321703
[[   0    1 3084    0]
 [   0    0   66    9]
 [   0    0   89   15]
 [   0    2   26    7]]
Epoch: [22/200], cls_loss: 0.4809, transfer_loss: -3.9268,person_loss: -1.4134, total_Loss: -1.6238
trian begin
trian end
n_person 578
SAMPLE
F1_MI: 0.02758411639890876 F1_MA: 0.14433229506036765 ACC_MI: 0.02758411639890876 F1_MA: 0.1007540781779009
BEST_F1_MI: 0.9393755683540467 BEST_F1_MA: 0.6632701239550209 BEST_ACC_MI: 0.9393755683540467 BEST_F1_MA: 0.7148485418321703
[[   1    0 3076    8]
 [   0    0   65   10]
 [   3    0   82   19]
 [   1    0   26    8]]
Epoch: [23/200], cls_loss: 0.4385, transfer_loss: -3.9450,person_loss: -1.3350, total_Loss: -1.6675
trian begin
trian end
n_person 578
SAMPLE
F1_MI: 0.9496817217338588 F1_MA: 0.5252697495065052 ACC_MI: 0.9496817217338588 F1_MA: 0.6139827746482525
BEST_F1_MI: 0.9496817217338588 BEST_F1_MA: 0.6632701239550209 BEST_ACC_MI: 0.9496817217338588 BEST_F1_MA: 0.7148485418321703
[[3065   13    7    0]
 [  51   15    9    0]
 [  34   19   46    5]
 [   8   10   10    7]]
Epoch: [24/200], cls_loss: 0.4452, transfer_loss: -3.9362,person_loss: -1.3297, total_Loss: -1.6559
trian begin
trian end
n_person 578
SAMPLE
F1_MI: 0.9433161564110336 F1_MA: 0.43418689651137116 ACC_MI: 0.9433161564110336 F1_MA: 0.3840185311852411
BEST_F1_MI: 0.9496817217338588 BEST_F1_MA: 0.6632701239550209 BEST_ACC_MI: 0.9496817217338588 BEST_F1_MA: 0.7148485418321703
[[3028    0   57    0]
 [   5    0   46   24]
 [   2    0   73   29]
 [   1    0   23   11]]
Epoch: [25/200], cls_loss: 0.5639, transfer_loss: -3.8638,person_loss: -1.3503, total_Loss: -1.5030
trian begin
trian end
n_person 578
SAMPLE
F1_MI: 0.9366474689299787 F1_MA: 0.4605883403860116 ACC_MI: 0.9366474689299787 F1_MA: 0.422775028983107
BEST_F1_MI: 0.9496817217338588 BEST_F1_MA: 0.6632701239550209 BEST_ACC_MI: 0.9496817217338588 BEST_F1_MA: 0.7148485418321703
[[3011   24   49    1]
 [   4    6   34   31]
 [   3    8   59   34]
 [   1    2   18   14]]
Epoch: [26/200], cls_loss: 0.5431, transfer_loss: -3.9619,person_loss: -1.3080, total_Loss: -1.5686
trian begin
trian end
n_person 578
SAMPLE
F1_MI: 0.5819945438011519 F1_MA: 0.32957241607874777 ACC_MI: 0.5819945438011519 F1_MA: 0.3013444889474931
BEST_F1_MI: 0.9496817217338588 BEST_F1_MA: 0.6632701239550209 BEST_ACC_MI: 0.9496817217338588 BEST_F1_MA: 0.7148485418321703
[[1881   14 1103   87]
 [   0    4   12   59]
 [   0   12   11   81]
 [   0   10    1   24]]
Epoch: [27/200], cls_loss: 0.4486, transfer_loss: -3.9028,person_loss: -1.3653, total_Loss: -1.6393
trian begin
trian end
n_person 578
SAMPLE
F1_MI: 0.03970900272809942 F1_MA: 0.30172492753966984 ACC_MI: 0.03970900272809942 F1_MA: 0.3232773321932222
BEST_F1_MI: 0.9496817217338588 BEST_F1_MA: 0.6632701239550209 BEST_ACC_MI: 0.9496817217338588 BEST_F1_MA: 0.7148485418321703
[[  86 2675   24  300]
 [   0    2    4   69]
 [   0    1    8   95]
 [   0    0    0   35]]
Epoch: [28/200], cls_loss: 0.4042, transfer_loss: -3.9471,person_loss: -1.3847, total_Loss: -1.7078
trian begin
trian end
n_person 578
SAMPLE
F1_MI: 0.9205819945438012 F1_MA: 0.3728814188424757 ACC_MI: 0.9205819945438012 F1_MA: 0.31755493350957475
BEST_F1_MI: 0.9496817217338588 BEST_F1_MA: 0.6632701239550209 BEST_ACC_MI: 0.9496817217338588 BEST_F1_MA: 0.7148485418321703
[[3004   47   14   20]
 [  10    6    4   55]
 [   6   11    1   86]
 [   2    7    0   26]]
Epoch: [29/200], cls_loss: 0.5509, transfer_loss: -3.8821,person_loss: -1.3461, total_Loss: -1.5248
trian begin
trian end
n_person 578
SAMPLE
F1_MI: 0.8523795089421037 F1_MA: 0.5114324712312386 ACC_MI: 0.8523795089421037 F1_MA: 0.5424637079942902
BEST_F1_MI: 0.9496817217338588 BEST_F1_MA: 0.6632701239550209 BEST_ACC_MI: 0.9496817217338588 BEST_F1_MA: 0.7148485418321703
[[2710    3  372    0]
 [   0    0   75    0]
 [   2    4   98    0]
 [   2    2   27    4]]
Epoch: [30/200], cls_loss: 0.3827, transfer_loss: -3.9448,person_loss: -1.3227, total_Loss: -1.7220
trian begin
trian end
n_person 578
SAMPLE
F1_MI: 0.8347984237647772 F1_MA: 0.34704483549368503 ACC_MI: 0.8347984237647772 F1_MA: 0.31138976731615786
BEST_F1_MI: 0.9496817217338588 BEST_F1_MA: 0.6632701239550209 BEST_ACC_MI: 0.9496817217338588 BEST_F1_MA: 0.7148485418321703
[[2715  370    0    0]
 [  22   28    1   24]
 [  64   24    0   16]
 [  11   13    0   11]]
Epoch: [31/200], cls_loss: 0.3873, transfer_loss: -3.8981,person_loss: -1.3679, total_Loss: -1.6985
trian begin
trian end
n_person 578
SAMPLE
F1_MI: 0.9227038496514095 F1_MA: 0.37733107236991803 ACC_MI: 0.9227038496514095 F1_MA: 0.3934872372044105
BEST_F1_MI: 0.9496817217338588 BEST_F1_MA: 0.6632701239550209 BEST_ACC_MI: 0.9496817217338588 BEST_F1_MA: 0.7148485418321703
[[2999   31   18   37]
 [  32    7   14   22]
 [  39   18   37   10]
 [  20    5    9    1]]
Epoch: [32/200], cls_loss: 0.5211, transfer_loss: -3.9456,person_loss: -1.3010, total_Loss: -1.5817
trian begin
trian end
n_person 578
SAMPLE
F1_MI: 0.9396786905122765 F1_MA: 0.4180451042016997 ACC_MI: 0.9396786905122765 F1_MA: 0.4083433051055474
BEST_F1_MI: 0.9496817217338588 BEST_F1_MA: 0.6632701239550209 BEST_ACC_MI: 0.9496817217338588 BEST_F1_MA: 0.7148485418321703
[[3045   12   22    6]
 [  25    2   25   23]
 [  26    4   43   31]
 [   8    2   15   10]]
Epoch: [33/200], cls_loss: 0.3478, transfer_loss: -3.9506,person_loss: -1.3001, total_Loss: -1.7576
trian begin
trian end
n_person 578
SAMPLE
F1_MI: 0.028796605031827828 F1_MA: 0.2059276394141476 ACC_MI: 0.028796605031827828 F1_MA: 0.15882107093770162
BEST_F1_MI: 0.9496817217338588 BEST_F1_MA: 0.6632701239550209 BEST_ACC_MI: 0.9496817217338588 BEST_F1_MA: 0.7148485418321703
[[   0    9 3076    0]
 [   0    3   72    0]
 [   0   13   79   12]
 [   0    8   14   13]]
Epoch: [34/200], cls_loss: 0.3392, transfer_loss: -3.9403,person_loss: -1.2850, total_Loss: -1.7594
trian begin
trian end
n_person 578
SAMPLE
F1_MI: 0.03091846013943619 F1_MA: 0.12061831007593078 ACC_MI: 0.030918460139436194 F1_MA: 0.07902273910779378
BEST_F1_MI: 0.9496817217338588 BEST_F1_MA: 0.6632701239550209 BEST_ACC_MI: 0.9496817217338588 BEST_F1_MA: 0.7148485418321703
[[   0    0 3084    1]
 [   0    0   75    0]
 [   0    0  100    4]
 [   0    0   33    2]]
Epoch: [35/200], cls_loss: 0.4749, transfer_loss: -3.9270,person_loss: -1.3094, total_Loss: -1.6195
trian begin
trian end
n_person 578
SAMPLE
F1_MI: 0.24098211579266443 F1_MA: 0.4355175331113633 ACC_MI: 0.24098211579266443 F1_MA: 0.5807986216488289
BEST_F1_MI: 0.9496817217338588 BEST_F1_MA: 0.6632701239550209 BEST_ACC_MI: 0.9496817217338588 BEST_F1_MA: 0.7148485418321703
[[ 693 2377   15    0]
 [   0   20   55    0]
 [   0   27   76    1]
 [   0    9   20    6]]
Epoch: [36/200], cls_loss: 0.3688, transfer_loss: -3.9066,person_loss: -1.3020, total_Loss: -1.7147
trian begin
trian end
n_person 578
SAMPLE
F1_MI: 0.9372537132464384 F1_MA: 0.4933226252353896 ACC_MI: 0.9372537132464384 F1_MA: 0.4886339979832807
BEST_F1_MI: 0.9496817217338588 BEST_F1_MA: 0.6632701239550209 BEST_ACC_MI: 0.9496817217338588 BEST_F1_MA: 0.7148485418321703
[[3017   62    6    0]
 [   9   33    4   29]
 [   5   33   33   33]
 [   0   14   12    9]]
Epoch: [37/200], cls_loss: 0.4501, transfer_loss: -3.9100,person_loss: -1.3187, total_Loss: -1.6368
trian begin
trian end
n_person 578
SAMPLE
F1_MI: 0.02758411639890876 F1_MA: 0.25546171898048825 ACC_MI: 0.02758411639890876 F1_MA: 0.2911214381802617
BEST_F1_MI: 0.9496817217338588 BEST_F1_MA: 0.6632701239550209 BEST_ACC_MI: 0.9496817217338588 BEST_F1_MA: 0.7148485418321703
[[   5 2806  274    0]
 [   0   22   53    0]
 [   0   40   64    0]
 [   0   18   17    0]]
Epoch: [38/200], cls_loss: 0.4938, transfer_loss: -3.8995,person_loss: -1.3617, total_Loss: -1.5921
trian begin
trian end
n_person 578
SAMPLE
F1_MI: 0.027280994240678993 F1_MA: 0.35125639073453135 ACC_MI: 0.027280994240678993 F1_MA: 0.4517095063239494
BEST_F1_MI: 0.9496817217338588 BEST_F1_MA: 0.6632701239550209 BEST_ACC_MI: 0.9496817217338588 BEST_F1_MA: 0.7148485418321703
[[   0 3085    0    0]
 [  16   56    3    0]
 [  11   63   30    0]
 [   5   21    5    4]]
Epoch: [39/200], cls_loss: 0.6252, transfer_loss: -3.8851,person_loss: -1.4087, total_Loss: -1.4583
trian begin
trian end
n_person 578
SAMPLE
F1_MI: 0.024552894816611093 F1_MA: 0.04742072987916044 ACC_MI: 0.024552894816611093 F1_MA: 0.026032600094951733
BEST_F1_MI: 0.9496817217338588 BEST_F1_MA: 0.6632701239550209 BEST_ACC_MI: 0.9496817217338588 BEST_F1_MA: 0.7148485418321703
[[   0 1126 1810  149]
 [   0    0   63   12]
 [   0    1   66   37]
 [   0    1   19   15]]
Epoch: [40/200], cls_loss: 0.3251, transfer_loss: -3.9515,person_loss: -1.3897, total_Loss: -1.7896
trian begin
trian end
n_person 578
SAMPLE
F1_MI: 0.6862685662321916 F1_MA: 0.5790342374527451 ACC_MI: 0.6862685662321916 F1_MA: 0.7228408687768536
BEST_F1_MI: 0.9496817217338588 BEST_F1_MA: 0.6632701239550209 BEST_ACC_MI: 0.9496817217338588 BEST_F1_MA: 0.7228408687768536
[[2170  915    0    0]
 [   0   72    3    0]
 [   0   85   19    0]
 [   0   31    1    3]]
Epoch: [41/200], cls_loss: 0.2963, transfer_loss: -3.9544,person_loss: -1.3742, total_Loss: -1.8184
trian begin
trian end
n_person 578
SAMPLE
F1_MI: 0.9348287359806002 F1_MA: 0.43200456601606635 ACC_MI: 0.9348287359806002 F1_MA: 0.49326706292273004
BEST_F1_MI: 0.9496817217338588 BEST_F1_MA: 0.6632701239550209 BEST_ACC_MI: 0.9496817217338588 BEST_F1_MA: 0.7228408687768536
[[3044   39    2    0]
 [  47   14   11    3]
 [  48   23   20   13]
 [  18    9    2    6]]
Epoch: [42/200], cls_loss: 0.4577, transfer_loss: -3.9583,person_loss: -1.3359, total_Loss: -1.6551
trian begin
trian end
n_person 578
SAMPLE
F1_MI: 0.26886935434980297 F1_MA: 0.2465257514932161 ACC_MI: 0.26886935434980297 F1_MA: 0.2687362991464321
BEST_F1_MI: 0.9496817217338588 BEST_F1_MA: 0.6632701239550209 BEST_ACC_MI: 0.9496817217338588 BEST_F1_MA: 0.7228408687768536
[[ 859 2205    1   20]
 [   2   11    1   61]
 [  16   15    0   73]
 [   8   10    0   17]]
Epoch: [43/200], cls_loss: 0.3615, transfer_loss: -3.9391,person_loss: -1.3424, total_Loss: -1.7423
trian begin
trian end
n_person 578
SAMPLE
F1_MI: 0.9345256138223704 F1_MA: 0.4384196020310482 ACC_MI: 0.9345256138223704 F1_MA: 0.4024288545441093
BEST_F1_MI: 0.9496817217338588 BEST_F1_MA: 0.6632701239550209 BEST_ACC_MI: 0.9496817217338588 BEST_F1_MA: 0.7228408687768536
[[3031   20   25    9]
 [  25    2   24   24]
 [  24    0   27   53]
 [   5    0    7   23]]
Epoch: [44/200], cls_loss: 0.2986, transfer_loss: -3.9354,person_loss: -1.3805, total_Loss: -1.8071
trian begin
trian end
n_person 578
SAMPLE
F1_MI: 0.9111852076386785 F1_MA: 0.39670981089516394 ACC_MI: 0.9111852076386784 F1_MA: 0.33508951883625515
BEST_F1_MI: 0.9496817217338588 BEST_F1_MA: 0.6632701239550209 BEST_ACC_MI: 0.9496817217338588 BEST_F1_MA: 0.7228408687768536
[[2902   12  171    0]
 [   0    1   74    0]
 [   0    1  103    0]
 [   0    0   35    0]]
Epoch: [45/200], cls_loss: 0.5352, transfer_loss: -3.9228,person_loss: -1.3727, total_Loss: -1.5635
trian begin
trian end
n_person 578
SAMPLE
F1_MI: 0.03728402546226129 F1_MA: 0.2415554723424517 ACC_MI: 0.03728402546226129 F1_MA: 0.2481748302563753
BEST_F1_MI: 0.9496817217338588 BEST_F1_MA: 0.6632701239550209 BEST_ACC_MI: 0.9496817217338588 BEST_F1_MA: 0.7228408687768536
[[  26    0 3059    0]
 [   0    0   75    0]
 [   0    7   97    0]
 [   1    3   31    0]]
Epoch: [46/200], cls_loss: 0.2595, transfer_loss: -3.9305,person_loss: -1.4063, total_Loss: -1.8464
trian begin
trian end
n_person 578
SAMPLE
F1_MI: 0.42618975447105184 F1_MA: 0.3049097220860517 ACC_MI: 0.42618975447105184 F1_MA: 0.28103895665140105
BEST_F1_MI: 0.9496817217338588 BEST_F1_MA: 0.6632701239550209 BEST_ACC_MI: 0.9496817217338588 BEST_F1_MA: 0.7228408687768536
[[1312    5 1768    0]
 [   1    1   73    0]
 [   8    3   93    0]
 [  10    2   23    0]]
Epoch: [47/200], cls_loss: 0.2484, transfer_loss: -3.9240,person_loss: -1.3598, total_Loss: -1.8495
trian begin
trian end
n_person 578
SAMPLE
F1_MI: 0.029099727190057594 F1_MA: 0.04619211740064756 ACC_MI: 0.029099727190057594 F1_MA: 0.02561947560403874
BEST_F1_MI: 0.9496817217338588 BEST_F1_MA: 0.6632701239550209 BEST_ACC_MI: 0.9496817217338588 BEST_F1_MA: 0.7228408687768536
[[   0   33 3052    0]
 [   0    4   71    0]
 [   0   12   92    0]
 [   6    5   24    0]]
Epoch: [48/200], cls_loss: 0.2476, transfer_loss: -3.9498,person_loss: -1.2754, total_Loss: -1.8549
trian begin
trian end
n_person 578
SAMPLE
F1_MI: 0.8441952106699001 F1_MA: 0.4043864165086215 ACC_MI: 0.8441952106699 F1_MA: 0.3609288201810592
BEST_F1_MI: 0.9496817217338588 BEST_F1_MA: 0.6632701239550209 BEST_ACC_MI: 0.9496817217338588 BEST_F1_MA: 0.7228408687768536
[[2705   39  341    0]
 [   0    6   55   14]
 [   0   23   65   16]
 [   3   10   13    9]]
Epoch: [49/200], cls_loss: 0.2483, transfer_loss: -3.9529,person_loss: -1.2939, total_Loss: -1.8576
trian begin
trian end
n_person 578
SAMPLE
F1_MI: 0.946650500151561 F1_MA: 0.42195285306850566 ACC_MI: 0.946650500151561 F1_MA: 0.4035149388919149
BEST_F1_MI: 0.9496817217338588 BEST_F1_MA: 0.6632701239550209 BEST_ACC_MI: 0.9496817217338588 BEST_F1_MA: 0.7228408687768536
[[3042    1   42    0]
 [   6    1   68    0]
 [  23    1   80    0]
 [  12    1   22    0]]
Epoch: [50/200], cls_loss: 0.3109, transfer_loss: -3.9086,person_loss: -1.3677, total_Loss: -1.7801
trian begin
trian end
n_person 578
SAMPLE
F1_MI: 0.9487723552591695 F1_MA: 0.5204456676778502 ACC_MI: 0.9487723552591695 F1_MA: 0.6218761856244186
BEST_F1_MI: 0.9496817217338588 BEST_F1_MA: 0.6632701239550209 BEST_ACC_MI: 0.9496817217338588 BEST_F1_MA: 0.7228408687768536
[[3049    7   29    0]
 [   9    1   65    0]
 [  23    2   79    0]
 [  14    1   19    1]]
Epoch: [51/200], cls_loss: 0.2409, transfer_loss: -3.8525,person_loss: -1.4220, total_Loss: -1.8275
trian begin
trian end
n_person 578
SAMPLE
F1_MI: 0.7408305547135495 F1_MA: 0.48769993511206194 ACC_MI: 0.7408305547135495 F1_MA: 0.5271398747390397
BEST_F1_MI: 0.9496817217338588 BEST_F1_MA: 0.6632701239550209 BEST_ACC_MI: 0.9496817217338588 BEST_F1_MA: 0.7228408687768536
[[2338    0  747    0]
 [   0    0   75    0]
 [   0    0  104    0]
 [   0    1   32    2]]
Epoch: [52/200], cls_loss: 0.2425, transfer_loss: -3.9389,person_loss: -1.3837, total_Loss: -1.8654
trian begin
trian end
n_person 578
SAMPLE
F1_MI: 0.03182782661412549 F1_MA: 0.22541692564632926 ACC_MI: 0.03182782661412549 F1_MA: 0.19524369875493472
BEST_F1_MI: 0.9496817217338588 BEST_F1_MA: 0.6632701239550209 BEST_ACC_MI: 0.9496817217338588 BEST_F1_MA: 0.7228408687768536
[[   0    0 3085    0]
 [   0    0   75    0]
 [   0    1  102    1]
 [   0    1   31    3]]
Epoch: [53/200], cls_loss: 0.2317, transfer_loss: -3.9371,person_loss: -1.3729, total_Loss: -1.8742
trian begin
trian end
n_person 578
SAMPLE
F1_MI: 0.8745074264928767 F1_MA: 0.36708633573227323 ACC_MI: 0.8745074264928766 F1_MA: 0.2999101688825009
BEST_F1_MI: 0.9496817217338588 BEST_F1_MA: 0.6632701239550209 BEST_ACC_MI: 0.9496817217338588 BEST_F1_MA: 0.7228408687768536
[[2782    0  303    0]
 [   0    0   75    0]
 [   1    0  103    0]
 [   0    1   34    0]]
Epoch: [54/200], cls_loss: 0.2405, transfer_loss: -3.8595,person_loss: -1.4363, total_Loss: -1.8329
trian begin
trian end
n_person 578
SAMPLE
F1_MI: 0.9005759321006366 F1_MA: 0.36443201369434447 ACC_MI: 0.9005759321006366 F1_MA: 0.3758881485965971
BEST_F1_MI: 0.9496817217338588 BEST_F1_MA: 0.6632701239550209 BEST_ACC_MI: 0.9496817217338588 BEST_F1_MA: 0.7228408687768536
[[2926  146   13    0]
 [  53    9   13    0]
 [  58   10   36    0]
 [  19    5   11    0]]
Epoch: [55/200], cls_loss: 0.2161, transfer_loss: -3.9518,person_loss: -1.3723, total_Loss: -1.8970
trian begin
trian end
n_person 578
SAMPLE
F1_MI: 0.026371627765989693 F1_MA: 0.2519287796083049 ACC_MI: 0.026371627765989693 F1_MA: 0.26222699718865106
BEST_F1_MI: 0.9496817217338588 BEST_F1_MA: 0.6632701239550209 BEST_ACC_MI: 0.9496817217338588 BEST_F1_MA: 0.7228408687768536
[[   3  193 2889    0]
 [   0   28   47    0]
 [   1   48   53    2]
 [   5   17   10    3]]
Epoch: [56/200], cls_loss: 0.2127, transfer_loss: -3.9406,person_loss: -1.3675, total_Loss: -1.8944
trian begin
trian end
n_person 578
SAMPLE
F1_MI: 0.9424067899363443 F1_MA: 0.46570896844716775 ACC_MI: 0.9424067899363443 F1_MA: 0.5849358565878527
BEST_F1_MI: 0.9496817217338588 BEST_F1_MA: 0.6632701239550209 BEST_ACC_MI: 0.9496817217338588 BEST_F1_MA: 0.7228408687768536
[[3057   21    7    0]
 [  54    5   16    0]
 [  53    5   45    1]
 [  17    6   10    2]]
Epoch: [57/200], cls_loss: 0.4181, transfer_loss: -3.9574,person_loss: -1.3553, total_Loss: -1.6961
trian begin
trian end
n_person 578
SAMPLE
F1_MI: 0.03364655956350409 F1_MA: 0.189854144743352 ACC_MI: 0.03364655956350409 F1_MA: 0.15957849319615003
BEST_F1_MI: 0.9496817217338588 BEST_F1_MA: 0.6632701239550209 BEST_ACC_MI: 0.9496817217338588 BEST_F1_MA: 0.7228408687768536
[[  14    0 3071    0]
 [   1    0   74    0]
 [   6    1   97    0]
 [   2    0   33    0]]
Epoch: [58/200], cls_loss: 0.2090, transfer_loss: -3.9520,person_loss: -1.3614, total_Loss: -1.9032
trian begin
trian end
n_person 578
SAMPLE
F1_MI: 0.8566232191573204 F1_MA: 0.36101651686195324 ACC_MI: 0.8566232191573204 F1_MA: 0.2946633154079963
BEST_F1_MI: 0.9496817217338588 BEST_F1_MA: 0.6632701239550209 BEST_ACC_MI: 0.9496817217338588 BEST_F1_MA: 0.7228408687768536
[[2724    4  357    0]
 [   4    0   71    0]
 [   1    1  102    0]
 [   1    0   34    0]]
Epoch: [59/200], cls_loss: 0.2976, transfer_loss: -3.9170,person_loss: -1.3996, total_Loss: -1.8009
[[2990   95    0    0]
 [   2   72    0    1]
 [   0   74   27    3]
 [   0   21    4   10]]
[[3065   13    7    0]
 [  51   15    9    0]
 [  34   19   46    5]
 [   8   10   10    7]]
ARG: Namespace(backbone='resnet50', batch_size=32, config='BNM/BNM.yaml', data_dir='data', device=device(type='cuda'), early_stop=50, epoch_based_training=False, lr=0.003, lr_decay=0.75, lr_gamma=0.0003, lr_scheduler=True, max_iter=18000, method='True', momentum=0.9, myweight=0.1, n_class=4, n_epoch=200, n_iter_per_epoch=90, num_workers=3, seed=1, src_domain='77G', tgt_domain='own', tname='transfer', transfer_loss='bnm', transfer_loss_weight=0.5, use_bottleneck=True, weight_decay=0.0005)
