mmd 1 77G 63G DAN/DAN.yaml False
Namespace(backbone='resnet50', batch_size=32, config='DAN/DAN.yaml', data_dir='data', device=device(type='cuda'), early_stop=50, epoch_based_training=False, lr=0.003, lr_decay=0.75, lr_gamma=0.0003, lr_scheduler=True, method='False', momentum=0.9, myweight=0.0, n_epoch=200, n_iter_per_epoch=100, num_workers=3, seed=1, src_domain='77G', tgt_domain='63G', tname='transfer', transfer_loss='mmd', transfer_loss_weight=0.5, use_bottleneck=True, weight_decay=0.0005)
JUST DO IT
run my Parkinson code
transfer
TRAIN Length: 2905 290 TEST Length: 1867 383
YYY: 0 3
DATA_PROFILE   train: 2905 train2: 1867 test: 1867
DATASET.SHAPE: <data_loader.GetTrainLoader object at 0x7f8d75eb2760> True
DATASET.SHAPE: <data_loader.GetTrainLoader object at 0x7f8d6de1fc40> True
DATASET.SHAPE: <data_loader.GetTestLoader object at 0x7f8d6de1fd60> False
CLASS: 4 383
LLL: {}
BOTTLENECK_LIST: [Linear(in_features=512, out_features=256, bias=True), ReLU()]
TYPE: {'loss_type': 'mmd', 'max_iter': 20000, 'num_class': 4, 'my_person_item': <my_person_item.PersonItem object at 0x7f8d6de13340>}
initial_lr 1.0
transfer_world
method False <class 'str'>
1.8.1+cu111
True
LEN: 0 0
LOADER: <data_loader.InfiniteDataLoader object at 0x7f8d6de1fca0> <data_loader.InfiniteDataLoader object at 0x7f8d6de13d00>
N_batch: 100
trian begin
trian end
n_person 383
SAMPLE
F1_MI: 0.8805570433851098 F1_MA: 0.32814638038101857 ACC_MI: 0.8805570433851098 F1_MA: 0.29490821678321677
BEST_F1_MI: 0.8805570433851098 BEST_F1_MA: 0.32814638038101857 BEST_ACC_MI: 0.8805570433851098 BEST_F1_MA: 0.29490821678321677
[[1631   26   12   66]
 [  30    2    1    8]
 [  44    4    1   21]
 [  11    0    0   10]]
Epoch: [ 1/200], cls_loss: 0.9368, transfer_loss: 0.0993,person_loss: 0.0000, total_Loss: 0.9864
trian begin
trian end
n_person 383
SAMPLE
F1_MI: 0.02785216925549009 F1_MA: 0.08230293182604753 ACC_MI: 0.02785216925549009 F1_MA: 0.049304145955535665
BEST_F1_MI: 0.8805570433851098 BEST_F1_MA: 0.32814638038101857 BEST_ACC_MI: 0.8805570433851098 BEST_F1_MA: 0.29490821678321677
[[   0 1619  103   13]
 [   0   25   14    2]
 [   0   30   27   13]
 [   0   17    4    0]]
Epoch: [ 2/200], cls_loss: 0.6994, transfer_loss: 0.0594,person_loss: 0.0000, total_Loss: 0.7291
trian begin
trian end
n_person 383
SAMPLE
F1_MI: 0.035886448848419926 F1_MA: 0.03757796112582098 ACC_MI: 0.035886448848419926 F1_MA: 0.020277514586346183
BEST_F1_MI: 0.8805570433851098 BEST_F1_MA: 0.32814638038101857 BEST_ACC_MI: 0.8805570433851098 BEST_F1_MA: 0.29490821678321677
[[   0    0 1700   35]
 [   0    0   39    2]
 [   0    0   65    5]
 [   0    0   19    2]]
Epoch: [ 3/200], cls_loss: 0.6627, transfer_loss: 0.0539,person_loss: 0.0000, total_Loss: 0.6897
trian begin
trian end
n_person 383
SAMPLE
F1_MI: 0.022495982860203535 F1_MA: 0.04707062141439205 ACC_MI: 0.022495982860203535 F1_MA: 0.026804977877939253
BEST_F1_MI: 0.8805570433851098 BEST_F1_MA: 0.32814638038101857 BEST_ACC_MI: 0.8805570433851098 BEST_F1_MA: 0.29490821678321677
[[   0  145 1572   18]
 [   0   17   23    1]
 [   0   13   25   32]
 [   0   10   11    0]]
Epoch: [ 4/200], cls_loss: 0.6491, transfer_loss: 0.0515,person_loss: 0.0000, total_Loss: 0.6748
trian begin
trian end
n_person 383
SAMPLE
F1_MI: 0.7305838243170863 F1_MA: 0.38657883229131845 ACC_MI: 0.7305838243170862 F1_MA: 0.3210345332948803
BEST_F1_MI: 0.8805570433851098 BEST_F1_MA: 0.38657883229131845 BEST_ACC_MI: 0.8805570433851098 BEST_F1_MA: 0.3210345332948803
[[1299  259  158   19]
 [   1   23   13    4]
 [   0   14   41   15]
 [   0    9   11    1]]
Epoch: [ 5/200], cls_loss: 0.5812, transfer_loss: 0.0534,person_loss: 0.0000, total_Loss: 0.6079
trian begin
trian end
n_person 383
SAMPLE
F1_MI: 0.8291376539903589 F1_MA: 0.37186745320299475 ACC_MI: 0.8291376539903589 F1_MA: 0.34616705581080065
BEST_F1_MI: 0.8805570433851098 BEST_F1_MA: 0.38657883229131845 BEST_ACC_MI: 0.8805570433851098 BEST_F1_MA: 0.34616705581080065
[[1516  184   15   20]
 [  14   24    1    2]
 [  28   33    7    2]
 [   4   14    2    1]]
Epoch: [ 6/200], cls_loss: 0.5733, transfer_loss: 0.0493,person_loss: 0.0000, total_Loss: 0.5980
trian begin
trian end
n_person 383
SAMPLE
F1_MI: 0.02838778789501875 F1_MA: 0.23270941615382165 ACC_MI: 0.028387787895018748 F1_MA: 0.19305856832971802
BEST_F1_MI: 0.8805570433851098 BEST_F1_MA: 0.38657883229131845 BEST_ACC_MI: 0.8805570433851098 BEST_F1_MA: 0.34616705581080065
[[   0 1725    3    7]
 [   0   41    0    0]
 [   0   58   12    0]
 [   0   20    1    0]]
Epoch: [ 7/200], cls_loss: 0.5400, transfer_loss: 0.0589,person_loss: 0.0000, total_Loss: 0.5695
trian begin
trian end
n_person 383
SAMPLE
F1_MI: 0.8307445099089449 F1_MA: 0.3371375367772506 ACC_MI: 0.8307445099089449 F1_MA: 0.30790622081672814
BEST_F1_MI: 0.8805570433851098 BEST_F1_MA: 0.38657883229131845 BEST_ACC_MI: 0.8805570433851098 BEST_F1_MA: 0.34616705581080065
[[1523  183   27    2]
 [  17   21    3    0]
 [  41   22    7    0]
 [   5   15    1    0]]
Epoch: [ 8/200], cls_loss: 0.5277, transfer_loss: 0.0527,person_loss: 0.0000, total_Loss: 0.5541
trian begin
trian end
n_person 383
SAMPLE
F1_MI: 0.8114622388859132 F1_MA: 0.4229847142189004 ACC_MI: 0.8114622388859132 F1_MA: 0.4025457815032951
BEST_F1_MI: 0.8805570433851098 BEST_F1_MA: 0.4229847142189004 BEST_ACC_MI: 0.8805570433851098 BEST_F1_MA: 0.4025457815032951
[[1473  249    7    6]
 [   7   33    1    0]
 [  11   48    9    2]
 [   3   18    0    0]]
Epoch: [ 9/200], cls_loss: 0.4833, transfer_loss: 0.0550,person_loss: 0.0000, total_Loss: 0.5108
trian begin
trian end
n_person 383
SAMPLE
F1_MI: 0.031065881092662024 F1_MA: 0.17997108086183292 ACC_MI: 0.031065881092662024 F1_MA: 0.12709507537093745
BEST_F1_MI: 0.8805570433851098 BEST_F1_MA: 0.4229847142189004 BEST_ACC_MI: 0.8805570433851098 BEST_F1_MA: 0.4025457815032951
[[   0 1715   17    3]
 [   0   40    1    0]
 [   0   52   18    0]
 [   0   20    1    0]]
Epoch: [10/200], cls_loss: 0.4880, transfer_loss: 0.0529,person_loss: 0.0000, total_Loss: 0.5145
trian begin
trian end
n_person 383
SAMPLE
F1_MI: 0.027316550615961437 F1_MA: 0.2740428780644978 ACC_MI: 0.027316550615961437 F1_MA: 0.2961687614106434
BEST_F1_MI: 0.8805570433851098 BEST_F1_MA: 0.4229847142189004 BEST_ACC_MI: 0.8805570433851098 BEST_F1_MA: 0.4025457815032951
[[   1 1478  144  112]
 [   0   17   10   14]
 [   0    9   29   32]
 [   0    5   12    4]]
Epoch: [11/200], cls_loss: 0.5106, transfer_loss: 0.0475,person_loss: 0.0000, total_Loss: 0.5344
trian begin
trian end
n_person 383
SAMPLE
F1_MI: 0.0385645420460632 F1_MA: 0.12139049639505126 ACC_MI: 0.0385645420460632 F1_MA: 0.07825163598237875
BEST_F1_MI: 0.8805570433851098 BEST_F1_MA: 0.4229847142189004 BEST_ACC_MI: 0.8805570433851098 BEST_F1_MA: 0.4025457815032951
[[   0    7  404 1324]
 [   0    2   38    1]
 [   0    0   69    1]
 [   0    2   18    1]]
Epoch: [12/200], cls_loss: 0.4315, transfer_loss: 0.0568,person_loss: 0.0000, total_Loss: 0.4599
trian begin
trian end
n_person 383
SAMPLE
F1_MI: 0.7595072308516336 F1_MA: 0.4136901510693068 ACC_MI: 0.7595072308516336 F1_MA: 0.3429790662565707
BEST_F1_MI: 0.8805570433851098 BEST_F1_MA: 0.4229847142189004 BEST_ACC_MI: 0.8805570433851098 BEST_F1_MA: 0.4025457815032951
[[1342  149  235    9]
 [   1   19   21    0]
 [   1   13   56    0]
 [   0    5   15    1]]
Epoch: [13/200], cls_loss: 0.4281, transfer_loss: 0.0506,person_loss: 0.0000, total_Loss: 0.4533
trian begin
trian end
n_person 383
SAMPLE
F1_MI: 0.022495982860203535 F1_MA: 0.09880828430472571 ACC_MI: 0.022495982860203535 F1_MA: 0.06442688770274978
BEST_F1_MI: 0.8805570433851098 BEST_F1_MA: 0.4229847142189004 BEST_ACC_MI: 0.8805570433851098 BEST_F1_MA: 0.4025457815032951
[[   0   56  139 1540]
 [   0    8   16   17]
 [   0    8   29   33]
 [   0    2   14    5]]
Epoch: [14/200], cls_loss: 0.4225, transfer_loss: 0.0569,person_loss: 0.0000, total_Loss: 0.4509
trian begin
trian end
n_person 383
SAMPLE
F1_MI: 0.7991430101767542 F1_MA: 0.3632879753016078 ACC_MI: 0.7991430101767542 F1_MA: 0.30719605475040257
BEST_F1_MI: 0.8805570433851098 BEST_F1_MA: 0.4229847142189004 BEST_ACC_MI: 0.8805570433851098 BEST_F1_MA: 0.4025457815032951
[[1428   43  259    5]
 [   5    4   32    0]
 [   4    6   60    0]
 [   3    1   17    0]]
Epoch: [15/200], cls_loss: 0.3979, transfer_loss: 0.0481,person_loss: 0.0000, total_Loss: 0.4219
trian begin
trian end
n_person 383
SAMPLE
F1_MI: 0.029994643813604713 F1_MA: 0.0937645030999084 ACC_MI: 0.029994643813604713 F1_MA: 0.05596369552187687
BEST_F1_MI: 0.8805570433851098 BEST_F1_MA: 0.4229847142189004 BEST_ACC_MI: 0.8805570433851098 BEST_F1_MA: 0.4025457815032951
[[   0 1339  103  293]
 [   0   22    7   12]
 [   0    9   30   31]
 [   0    4   13    4]]
Epoch: [16/200], cls_loss: 0.3897, transfer_loss: 0.0542,person_loss: 0.0000, total_Loss: 0.4168
trian begin
trian end
n_person 383
SAMPLE
F1_MI: 0.791644349223353 F1_MA: 0.38590235521371397 ACC_MI: 0.791644349223353 F1_MA: 0.3217805580144029
BEST_F1_MI: 0.8805570433851098 BEST_F1_MA: 0.4229847142189004 BEST_ACC_MI: 0.8805570433851098 BEST_F1_MA: 0.4025457815032951
[[1415  188  132    0]
 [   3   21   17    0]
 [   2   26   42    0]
 [   3    4   14    0]]
Epoch: [17/200], cls_loss: 0.3665, transfer_loss: 0.0621,person_loss: 0.0000, total_Loss: 0.3976
trian begin
trian end
n_person 383
SAMPLE
F1_MI: 0.7289769683985001 F1_MA: 0.38193289576669154 ACC_MI: 0.7289769683985002 F1_MA: 0.32158431874751453
BEST_F1_MI: 0.8805570433851098 BEST_F1_MA: 0.4229847142189004 BEST_ACC_MI: 0.8805570433851098 BEST_F1_MA: 0.4025457815032951
[[1296  240  183   16]
 [   1   17   21    2]
 [   5   18   47    0]
 [   0    7   13    1]]
Epoch: [18/200], cls_loss: 0.4042, transfer_loss: 0.0551,person_loss: 0.0000, total_Loss: 0.4318
trian begin
trian end
n_person 383
SAMPLE
F1_MI: 0.04284949116229245 F1_MA: 0.2688926789086208 ACC_MI: 0.04284949116229245 F1_MA: 0.25225083558416894
BEST_F1_MI: 0.8805570433851098 BEST_F1_MA: 0.4229847142189004 BEST_ACC_MI: 0.8805570433851098 BEST_F1_MA: 0.4025457815032951
[[   6   61 1668    0]
 [   1    9   31    0]
 [   0    5   65    0]
 [   0    3   18    0]]
Epoch: [19/200], cls_loss: 0.3745, transfer_loss: 0.0528,person_loss: 0.0000, total_Loss: 0.4009
trian begin
trian end
n_person 383
SAMPLE
F1_MI: 0.7541510444563471 F1_MA: 0.38610006201333963 ACC_MI: 0.7541510444563471 F1_MA: 0.3198304362015717
BEST_F1_MI: 0.8805570433851098 BEST_F1_MA: 0.4229847142189004 BEST_ACC_MI: 0.8805570433851098 BEST_F1_MA: 0.4025457815032951
[[1345  270  120    0]
 [   1   27   13    0]
 [   0   34   36    0]
 [   0   11   10    0]]
Epoch: [20/200], cls_loss: 0.3747, transfer_loss: 0.0637,person_loss: 0.0000, total_Loss: 0.4066
trian begin
trian end
n_person 383
SAMPLE
F1_MI: 0.5543652919121586 F1_MA: 0.3821394252766605 ACC_MI: 0.5543652919121586 F1_MA: 0.3224178799061642
BEST_F1_MI: 0.8805570433851098 BEST_F1_MA: 0.4229847142189004 BEST_ACC_MI: 0.8805570433851098 BEST_F1_MA: 0.4025457815032951
[[964 617 123  31]
 [  0  27  11   3]
 [  0  16  43  11]
 [  0   8  12   1]]
Epoch: [21/200], cls_loss: 0.3383, transfer_loss: 0.0519,person_loss: 0.0000, total_Loss: 0.3643
trian begin
trian end
n_person 383
SAMPLE
F1_MI: 0.0385645420460632 F1_MA: 0.06306356473912847 ACC_MI: 0.0385645420460632 F1_MA: 0.035842191215654816
BEST_F1_MI: 0.8805570433851098 BEST_F1_MA: 0.4229847142189004 BEST_ACC_MI: 0.8805570433851098 BEST_F1_MA: 0.4025457815032951
[[   0   15 1709   11]
 [   0    2   39    0]
 [   0    0   70    0]
 [   0    2   19    0]]
Epoch: [22/200], cls_loss: 0.3162, transfer_loss: 0.0607,person_loss: 0.0000, total_Loss: 0.3465
trian begin
trian end
n_person 383
SAMPLE
F1_MI: 0.5747188002142475 F1_MA: 0.3421194145614643 ACC_MI: 0.5747188002142475 F1_MA: 0.2897275658513639
BEST_F1_MI: 0.8805570433851098 BEST_F1_MA: 0.4229847142189004 BEST_ACC_MI: 0.8805570433851098 BEST_F1_MA: 0.4025457815032951
[[1025  641   69    0]
 [   0   39    2    0]
 [   1   60    9    0]
 [   0   18    3    0]]
Epoch: [23/200], cls_loss: 0.3255, transfer_loss: 0.0575,person_loss: 0.0000, total_Loss: 0.3542
trian begin
trian end
n_person 383
SAMPLE
F1_MI: 0.03963577932512052 F1_MA: 0.20440018045809538 ACC_MI: 0.03963577932512052 F1_MA: 0.1584836204891489
BEST_F1_MI: 0.8805570433851098 BEST_F1_MA: 0.4229847142189004 BEST_ACC_MI: 0.8805570433851098 BEST_F1_MA: 0.4025457815032951
[[   0   51 1683    1]
 [   0    6   35    0]
 [   0    3   67    0]
 [   0    2   18    1]]
Epoch: [24/200], cls_loss: 0.3112, transfer_loss: 0.0561,person_loss: 0.0000, total_Loss: 0.3393
trian begin
trian end
n_person 383
SAMPLE
F1_MI: 0.7852169255490091 F1_MA: 0.36683756863643513 ACC_MI: 0.7852169255490091 F1_MA: 0.3068280726214507
BEST_F1_MI: 0.8805570433851098 BEST_F1_MA: 0.4229847142189004 BEST_ACC_MI: 0.8805570433851098 BEST_F1_MA: 0.4025457815032951
[[1399  102  228    6]
 [   4    6   30    1]
 [   2    7   61    0]
 [   1    2   18    0]]
Epoch: [25/200], cls_loss: 0.3035, transfer_loss: 0.0571,person_loss: 0.0000, total_Loss: 0.3320
trian begin
trian end
n_person 383
SAMPLE
F1_MI: 0.04713444027852169 F1_MA: 0.2424309218789826 ACC_MI: 0.04713444027852169 F1_MA: 0.24094373723086596
BEST_F1_MI: 0.8805570433851098 BEST_F1_MA: 0.4229847142189004 BEST_ACC_MI: 0.8805570433851098 BEST_F1_MA: 0.4025457815032951
[[  22   10 1700    3]
 [   1    2   38    0]
 [   2    0   64    4]
 [   3    2   16    0]]
Epoch: [26/200], cls_loss: 0.3067, transfer_loss: 0.0656,person_loss: 0.0000, total_Loss: 0.3395
trian begin
trian end
n_person 383
SAMPLE
F1_MI: 0.46277450455275837 F1_MA: 0.3086751662617956 ACC_MI: 0.4627745045527584 F1_MA: 0.31116926227861774
BEST_F1_MI: 0.8805570433851098 BEST_F1_MA: 0.4229847142189004 BEST_ACC_MI: 0.8805570433851098 BEST_F1_MA: 0.4025457815032951
[[821  36 181 697]
 [  6   7  23   5]
 [  6  12  34  18]
 [  5   0  14   2]]
Epoch: [27/200], cls_loss: 0.2974, transfer_loss: 0.0590,person_loss: 0.0000, total_Loss: 0.3269
trian begin
trian end
n_person 383
SAMPLE
F1_MI: 0.0385645420460632 F1_MA: 0.1931429888968483 ACC_MI: 0.0385645420460632 F1_MA: 0.15899983002536544
BEST_F1_MI: 0.8805570433851098 BEST_F1_MA: 0.4229847142189004 BEST_ACC_MI: 0.8805570433851098 BEST_F1_MA: 0.4025457815032951
[[   4   33 1695    3]
 [   1    1   39    0]
 [   1    2   67    0]
 [   1    0   20    0]]
Epoch: [28/200], cls_loss: 0.2835, transfer_loss: 0.0571,person_loss: 0.0000, total_Loss: 0.3121
trian begin
trian end
n_person 383
SAMPLE
F1_MI: 0.7718264595607928 F1_MA: 0.4303136366856765 ACC_MI: 0.7718264595607928 F1_MA: 0.3717734651641305
BEST_F1_MI: 0.8805570433851098 BEST_F1_MA: 0.4303136366856765 BEST_ACC_MI: 0.8805570433851098 BEST_F1_MA: 0.4025457815032951
[[1369  202  160    4]
 [   2   19   20    0]
 [   2   16   52    0]
 [   3    6   11    1]]
Epoch: [29/200], cls_loss: 0.2885, transfer_loss: 0.0583,person_loss: 0.0000, total_Loss: 0.3176
trian begin
trian end
n_person 383
SAMPLE
F1_MI: 0.03802892340653455 F1_MA: 0.2848300453227544 ACC_MI: 0.03802892340653455 F1_MA: 0.30048944860449284
BEST_F1_MI: 0.8805570433851098 BEST_F1_MA: 0.4303136366856765 BEST_ACC_MI: 0.8805570433851098 BEST_F1_MA: 0.4025457815032951
[[   9 1573  146    7]
 [   0   19   22    0]
 [   0   27   43    0]
 [   0    6   15    0]]
Epoch: [30/200], cls_loss: 0.2775, transfer_loss: 0.0628,person_loss: 0.0000, total_Loss: 0.3090
trian begin
trian end
n_person 383
SAMPLE
F1_MI: 0.7798607391537226 F1_MA: 0.4468027032180785 ACC_MI: 0.7798607391537226 F1_MA: 0.4043685834545225
BEST_F1_MI: 0.8805570433851098 BEST_F1_MA: 0.4468027032180785 BEST_ACC_MI: 0.8805570433851098 BEST_F1_MA: 0.4043685834545225
[[1388  197  148    2]
 [   1   19   21    0]
 [   3   19   48    0]
 [   2    6   12    1]]
Epoch: [31/200], cls_loss: 0.2653, transfer_loss: 0.0559,person_loss: 0.0000, total_Loss: 0.2933
trian begin
trian end
n_person 383
SAMPLE
F1_MI: 0.047670058918050345 F1_MA: 0.28247040094642495 ACC_MI: 0.047670058918050345 F1_MA: 0.2504638443188021
BEST_F1_MI: 0.8805570433851098 BEST_F1_MA: 0.4468027032180785 BEST_ACC_MI: 0.8805570433851098 BEST_F1_MA: 0.4043685834545225
[[  11   88 1621   15]
 [   3   14   23    1]
 [   0    7   63    0]
 [   0    7   13    1]]
Epoch: [32/200], cls_loss: 0.2561, transfer_loss: 0.0587,person_loss: 0.0000, total_Loss: 0.2854
trian begin
trian end
n_person 383
SAMPLE
F1_MI: 0.020353508302088912 F1_MA: 0.17559287207302182 ACC_MI: 0.020353508302088912 F1_MA: 0.17622032027280757
BEST_F1_MI: 0.8805570433851098 BEST_F1_MA: 0.4468027032180785 BEST_ACC_MI: 0.8805570433851098 BEST_F1_MA: 0.4043685834545225
[[   1   90  135 1509]
 [   1    7   18   15]
 [   0    9   27   34]
 [   0    5   13    3]]
Epoch: [33/200], cls_loss: 0.2553, transfer_loss: 0.0669,person_loss: 0.0000, total_Loss: 0.2888
trian begin
trian end
n_person 383
SAMPLE
F1_MI: 0.2179967862881628 F1_MA: 0.3638955921516339 ACC_MI: 0.21799678628816282 F1_MA: 0.4348544814126538
BEST_F1_MI: 0.8805570433851098 BEST_F1_MA: 0.4468027032180785 BEST_ACC_MI: 0.8805570433851098 BEST_F1_MA: 0.4348544814126538
[[ 336    1 1394    4]
 [   1    1   39    0]
 [   1    0   69    0]
 [   0    0   20    1]]
Epoch: [34/200], cls_loss: 0.2864, transfer_loss: 0.0555,person_loss: 0.0000, total_Loss: 0.3141
trian begin
trian end
n_person 383
SAMPLE
F1_MI: 0.7996786288162828 F1_MA: 0.4000332063602791 ACC_MI: 0.7996786288162828 F1_MA: 0.3277088599050484
BEST_F1_MI: 0.8805570433851098 BEST_F1_MA: 0.4468027032180785 BEST_ACC_MI: 0.8805570433851098 BEST_F1_MA: 0.4348544814126538
[[1420  144  170    1]
 [   4   19   18    0]
 [   1   15   54    0]
 [   1    9   11    0]]
Epoch: [35/200], cls_loss: 0.2571, transfer_loss: 0.0642,person_loss: 0.0000, total_Loss: 0.2892
trian begin
trian end
n_person 383
SAMPLE
F1_MI: 0.790037493304767 F1_MA: 0.3813686085598403 ACC_MI: 0.790037493304767 F1_MA: 0.3307193348716258
BEST_F1_MI: 0.8805570433851098 BEST_F1_MA: 0.4468027032180785 BEST_ACC_MI: 0.8805570433851098 BEST_F1_MA: 0.4348544814126538
[[1425  196  101   13]
 [   3   23   15    0]
 [   4   40   26    0]
 [   5    7    8    1]]
Epoch: [36/200], cls_loss: 0.2405, transfer_loss: 0.0581,person_loss: 0.0000, total_Loss: 0.2696
trian begin
trian end
n_person 383
SAMPLE
F1_MI: 0.7809319764327799 F1_MA: 0.3863544070178924 ACC_MI: 0.7809319764327799 F1_MA: 0.3288858731053265
BEST_F1_MI: 0.8805570433851098 BEST_F1_MA: 0.4468027032180785 BEST_ACC_MI: 0.8805570433851098 BEST_F1_MA: 0.4348544814126538
[[1404  161  141   29]
 [   3   19   17    2]
 [   3   28   32    7]
 [   2    4   12    3]]
Epoch: [37/200], cls_loss: 0.2601, transfer_loss: 0.0637,person_loss: 0.0000, total_Loss: 0.2920
trian begin
trian end
n_person 383
SAMPLE
F1_MI: 0.8184252811997857 F1_MA: 0.3634151648319655 ACC_MI: 0.8184252811997857 F1_MA: 0.3139347111758336
BEST_F1_MI: 0.8805570433851098 BEST_F1_MA: 0.4468027032180785 BEST_ACC_MI: 0.8805570433851098 BEST_F1_MA: 0.4348544814126538
[[1473   89  160   13]
 [  11    9   21    0]
 [   9   11   46    4]
 [   7    4   10    0]]
Epoch: [38/200], cls_loss: 0.2468, transfer_loss: 0.0534,person_loss: 0.0000, total_Loss: 0.2735
trian begin
trian end
n_person 383
SAMPLE
F1_MI: 0.6705945366898768 F1_MA: 0.3420182566835264 ACC_MI: 0.6705945366898768 F1_MA: 0.2908237218955463
BEST_F1_MI: 0.8805570433851098 BEST_F1_MA: 0.4468027032180785 BEST_ACC_MI: 0.8805570433851098 BEST_F1_MA: 0.4348544814126538
[[1185   23  525    2]
 [   0    2   39    0]
 [   1    4   65    0]
 [   1    2   18    0]]
Epoch: [39/200], cls_loss: 0.2206, transfer_loss: 0.0590,person_loss: 0.0000, total_Loss: 0.2501
trian begin
trian end
n_person 383
SAMPLE
F1_MI: 0.8007498660953402 F1_MA: 0.3527913359449728 ACC_MI: 0.8007498660953402 F1_MA: 0.2956585544820839
BEST_F1_MI: 0.8805570433851098 BEST_F1_MA: 0.4468027032180785 BEST_ACC_MI: 0.8805570433851098 BEST_F1_MA: 0.4348544814126538
[[1431   27  277    0]
 [   7    1   33    0]
 [   4    3   63    0]
 [   1    3   17    0]]
Epoch: [40/200], cls_loss: 0.2213, transfer_loss: 0.0633,person_loss: 0.0000, total_Loss: 0.2530
trian begin
trian end
n_person 383
SAMPLE
F1_MI: 0.6705945366898768 F1_MA: 0.38197155400745764 ACC_MI: 0.6705945366898768 F1_MA: 0.3151296347749988
BEST_F1_MI: 0.8805570433851098 BEST_F1_MA: 0.4468027032180785 BEST_ACC_MI: 0.8805570433851098 BEST_F1_MA: 0.4348544814126538
[[1185  257  266   27]
 [   5   23   12    1]
 [   1   27   42    0]
 [   3   10    6    2]]
Epoch: [41/200], cls_loss: 0.2529, transfer_loss: 0.0706,person_loss: 0.0000, total_Loss: 0.2882
trian begin
trian end
n_person 383
