bnm 1 77G own BNM/BNM.yaml False
Namespace(backbone='resnet50', batch_size=32, config='BNM/BNM.yaml', data_dir='data', device=device(type='cuda'), early_stop=50, epoch_based_training=False, lr=0.003, lr_decay=0.75, lr_gamma=0.0003, lr_scheduler=True, method='False', momentum=0.9, myweight=0.1, n_epoch=200, n_iter_per_epoch=100, num_workers=3, seed=1, src_domain='77G', tgt_domain='own', tname='transfer', transfer_loss='bnm', transfer_loss_weight=0.5, use_bottleneck=True, weight_decay=0.0005)
JUST DO IT
run my Parkinson code
transfer
TRAIN Length: 2905 290 TEST Length: 3299 578
YYY: 0 3
DATA_PROFILE   train: 2905 train2: 3299 test: 3299
DATASET.SHAPE: <data_loader.GetTrainLoader object at 0x7f2f87df62b0> True
DATASET.SHAPE: <data_loader.GetTrainLoader object at 0x7f2f802caf70> True
DATASET.SHAPE: <data_loader.GetTestLoader object at 0x7f2f8026f280> False
CLASS: 4 578
LLL: {}
BOTTLENECK_LIST: [Linear(in_features=512, out_features=256, bias=True), ReLU()]
TYPE: {'loss_type': 'bnm', 'max_iter': 18000, 'num_class': 4, 'my_person_item': <my_person_item.PersonItem object at 0x7f2f8026f880>}
initial_lr 1.0
transfer_world
method False <class 'str'>
1.8.1+cu111
True
LEN: 0 0
LOADER: <data_loader.InfiniteDataLoader object at 0x7f2f802ca130> <data_loader.InfiniteDataLoader object at 0x7f2f8026f820>
N_batch: 90
trian begin
trian end
n_person 578
SAMPLE
F1_MI: 0.027887238557138528 F1_MA: 0.1687452817127805 ACC_MI: 0.027887238557138528 F1_MA: 0.12464860463532282
BEST_F1_MI: 0.027887238557138528 BEST_F1_MA: 0.1687452817127805 BEST_ACC_MI: 0.027887238557138528 BEST_F1_MA: 0.12464860463532282
[[   0 3082    3    0]
 [   0   43   32    0]
 [   0   55   49    0]
 [   0   18   17    0]]
Epoch: [ 1/200], cls_loss: 1.0605, transfer_loss: -2.0567,person_loss: 0.0000, total_Loss: 0.0322
trian begin
trian end
n_person 578
SAMPLE
F1_MI: 0.02212791755077296 F1_MA: 0.0134289919058131 ACC_MI: 0.022127917550772962 F1_MA: 0.006905032160423761
BEST_F1_MI: 0.027887238557138528 BEST_F1_MA: 0.1687452817127805 BEST_ACC_MI: 0.027887238557138528 BEST_F1_MA: 0.12464860463532282
[[   0 2434  651    0]
 [   0   73    2    0]
 [   0  104    0    0]
 [   0   32    3    0]]
Epoch: [ 2/200], cls_loss: 0.8167, transfer_loss: -2.4731,person_loss: 0.0000, total_Loss: -0.4199
trian begin
trian end
n_person 578
SAMPLE
F1_MI: 0.02394665050015156 F1_MA: 0.1460873534377453 ACC_MI: 0.023946650500151562 F1_MA: 0.10178379137600076
BEST_F1_MI: 0.027887238557138528 BEST_F1_MA: 0.1687452817127805 BEST_ACC_MI: 0.027887238557138528 BEST_F1_MA: 0.12464860463532282
[[   0 3084    1    0]
 [   0   74    1    0]
 [   0   99    5    0]
 [   0   29    6    0]]
Epoch: [ 3/200], cls_loss: 0.7685, transfer_loss: -2.6523,person_loss: 0.0000, total_Loss: -0.5576
trian begin
trian end
n_person 578
SAMPLE
F1_MI: 0.013034252803879964 F1_MA: 0.06161916979266219 ACC_MI: 0.013034252803879964 F1_MA: 0.035134784423908015
BEST_F1_MI: 0.027887238557138528 BEST_F1_MA: 0.1687452817127805 BEST_ACC_MI: 0.027887238557138528 BEST_F1_MA: 0.12464860463532282
[[   0  748 2290   47]
 [   0    0   16   59]
 [   0    0   12   92]
 [   0    0    4   31]]
Epoch: [ 4/200], cls_loss: 0.7686, transfer_loss: -2.6476,person_loss: 0.0000, total_Loss: -0.5552
trian begin
trian end
n_person 578
SAMPLE
F1_MI: 0.9308881479236132 F1_MA: 0.47755544090108515 ACC_MI: 0.9308881479236132 F1_MA: 0.441050214229783
BEST_F1_MI: 0.9308881479236132 BEST_F1_MA: 0.47755544090108515 BEST_ACC_MI: 0.9308881479236132 BEST_F1_MA: 0.441050214229783
[[2993   78   14    0]
 [   2   21   32   20]
 [   1   14   42   47]
 [   1    2   17   15]]
Epoch: [ 5/200], cls_loss: 0.7553, transfer_loss: -2.6786,person_loss: 0.0000, total_Loss: -0.5840
trian begin
trian end
n_person 578
SAMPLE
F1_MI: 0.9130039405880569 F1_MA: 0.3969115263787885 ACC_MI: 0.913003940588057 F1_MA: 0.3597400259465873
BEST_F1_MI: 0.9308881479236132 BEST_F1_MA: 0.47755544090108515 BEST_ACC_MI: 0.9308881479236132 BEST_F1_MA: 0.441050214229783
[[2973   52   18   42]
 [   2    4    6   63]
 [   1    3   13   87]
 [   1    1   11   22]]
Epoch: [ 6/200], cls_loss: 0.7806, transfer_loss: -2.6884,person_loss: 0.0000, total_Loss: -0.5636
trian begin
trian end
n_person 578
SAMPLE
F1_MI: 0.028796605031827828 F1_MA: 0.25319453753381094 ACC_MI: 0.028796605031827828 F1_MA: 0.19970051704376007
BEST_F1_MI: 0.9308881479236132 BEST_F1_MA: 0.47755544090108515 BEST_ACC_MI: 0.9308881479236132 BEST_F1_MA: 0.441050214229783
[[   0 3077    6    2]
 [   0   55   19    1]
 [   0   53   26   25]
 [   0   14    7   14]]
Epoch: [ 7/200], cls_loss: 0.6455, transfer_loss: -2.6969,person_loss: 0.0000, total_Loss: -0.7030
trian begin
trian end
n_person 578
SAMPLE
F1_MI: 0.026977872082449228 F1_MA: 0.06929451793984895 ACC_MI: 0.026977872082449228 F1_MA: 0.040944377346612354
BEST_F1_MI: 0.9308881479236132 BEST_F1_MA: 0.47755544090108515 BEST_ACC_MI: 0.9308881479236132 BEST_F1_MA: 0.441050214229783
[[   0 2497  586    2]
 [   0    2   57   16]
 [   0    0   85   19]
 [   0    0   33    2]]
Epoch: [ 8/200], cls_loss: 0.5995, transfer_loss: -2.7273,person_loss: 0.0000, total_Loss: -0.7642
trian begin
trian end
n_person 578
SAMPLE
F1_MI: 0.03213094877235526 F1_MA: 0.21099611633242507 ACC_MI: 0.03213094877235526 F1_MA: 0.17688546253610368
BEST_F1_MI: 0.9308881479236132 BEST_F1_MA: 0.47755544090108515 BEST_ACC_MI: 0.9308881479236132 BEST_F1_MA: 0.441050214229783
[[   0 2797  288    0]
 [   0    2   73    0]
 [   0    0  103    1]
 [   0    0   34    1]]
Epoch: [ 9/200], cls_loss: 0.6161, transfer_loss: -2.6740,person_loss: 0.0000, total_Loss: -0.7209
trian begin
trian end
n_person 578
SAMPLE
F1_MI: 0.8360109123976963 F1_MA: 0.4311667979776074 ACC_MI: 0.8360109123976963 F1_MA: 0.3938843403909499
BEST_F1_MI: 0.9308881479236132 BEST_F1_MA: 0.47755544090108515 BEST_ACC_MI: 0.9308881479236132 BEST_F1_MA: 0.441050214229783
[[2674  411    0    0]
 [   1   62   12    0]
 [   0   80   22    2]
 [   0   22   13    0]]
Epoch: [10/200], cls_loss: 0.6443, transfer_loss: -2.7373,person_loss: 0.0000, total_Loss: -0.7243
trian begin
trian end
n_person 578
SAMPLE
F1_MI: 0.9072446195816914 F1_MA: 0.42123992406457367 ACC_MI: 0.9072446195816914 F1_MA: 0.37665163724959416
BEST_F1_MI: 0.9308881479236132 BEST_F1_MA: 0.47755544090108515 BEST_ACC_MI: 0.9308881479236132 BEST_F1_MA: 0.441050214229783
[[2899  135   51    0]
 [   2    8   57    8]
 [   0    4   84   16]
 [   0    2   31    2]]
Epoch: [11/200], cls_loss: 0.5459, transfer_loss: -2.7779,person_loss: 0.0000, total_Loss: -0.8431
trian begin
trian end
n_person 578
SAMPLE
F1_MI: 0.02849348287359806 F1_MA: 0.28202596500764854 ACC_MI: 0.02849348287359806 F1_MA: 0.2997387316934452
BEST_F1_MI: 0.9308881479236132 BEST_F1_MA: 0.47755544090108515 BEST_ACC_MI: 0.9308881479236132 BEST_F1_MA: 0.441050214229783
[[   1    0 3080    4]
 [   0    0   56   19]
 [   0    0   84   20]
 [   0    0   26    9]]
Epoch: [12/200], cls_loss: 0.6176, transfer_loss: -2.6634,person_loss: 0.0000, total_Loss: -0.7141
trian begin
trian end
n_person 578
SAMPLE
F1_MI: 0.02940284934828736 F1_MA: 0.08088167084497822 ACC_MI: 0.02940284934828736 F1_MA: 0.04876590330788804
BEST_F1_MI: 0.9308881479236132 BEST_F1_MA: 0.47755544090108515 BEST_ACC_MI: 0.9308881479236132 BEST_F1_MA: 0.441050214229783
[[   0    6 3079    0]
 [   0    4   71    0]
 [   0   11   93    0]
 [   0    3   32    0]]
Epoch: [13/200], cls_loss: 0.6324, transfer_loss: -2.7150,person_loss: 0.0000, total_Loss: -0.7251
trian begin
trian end
n_person 578
SAMPLE
F1_MI: 0.8284328584419521 F1_MA: 0.39214794881933657 ACC_MI: 0.8284328584419521 F1_MA: 0.3559297235783365
BEST_F1_MI: 0.9308881479236132 BEST_F1_MA: 0.47755544090108515 BEST_ACC_MI: 0.9308881479236132 BEST_F1_MA: 0.441050214229783
[[2646  335   42   62]
 [   3   14   50    8]
 [   0   22   73    9]
 [   0   12   23    0]]
Epoch: [14/200], cls_loss: 0.5176, transfer_loss: -2.7003,person_loss: 0.0000, total_Loss: -0.8326
trian begin
trian end
n_person 578
SAMPLE
F1_MI: 0.7823582903910276 F1_MA: 0.42686471083540817 ACC_MI: 0.7823582903910276 F1_MA: 0.4311292700538971
BEST_F1_MI: 0.9308881479236132 BEST_F1_MA: 0.47755544090108515 BEST_ACC_MI: 0.9308881479236132 BEST_F1_MA: 0.441050214229783
[[2524   69    5  487]
 [   9   21    5   40]
 [   4   29   23   48]
 [   1   12    9   13]]
Epoch: [15/200], cls_loss: 0.5225, transfer_loss: -2.6977,person_loss: 0.0000, total_Loss: -0.8263
trian begin
trian end
n_person 578
SAMPLE
F1_MI: 0.024249772658381328 F1_MA: 0.1680910244019897 ACC_MI: 0.024249772658381328 F1_MA: 0.12436969326785843
BEST_F1_MI: 0.9308881479236132 BEST_F1_MA: 0.47755544090108515 BEST_ACC_MI: 0.9308881479236132 BEST_F1_MA: 0.441050214229783
[[   0 3029   41   15]
 [   0   21   31   23]
 [   0   23   49   32]
 [   0   12   13   10]]
Epoch: [16/200], cls_loss: 0.5308, transfer_loss: -2.7544,person_loss: 0.0000, total_Loss: -0.8465
trian begin
trian end
n_person 578
SAMPLE
F1_MI: 0.02940284934828736 F1_MA: 0.2257201644762585 ACC_MI: 0.02940284934828736 F1_MA: 0.1821630953313051
BEST_F1_MI: 0.9308881479236132 BEST_F1_MA: 0.47755544090108515 BEST_ACC_MI: 0.9308881479236132 BEST_F1_MA: 0.441050214229783
[[   0 3075    7    3]
 [   0   53    3   19]
 [   0   46   41   17]
 [   0   19   13    3]]
Epoch: [17/200], cls_loss: 0.6419, transfer_loss: -2.7630,person_loss: 0.0000, total_Loss: -0.7397
trian begin
trian end
n_person 578
SAMPLE
F1_MI: 0.03213094877235526 F1_MA: 0.10375213097156268 ACC_MI: 0.03213094877235526 F1_MA: 0.06495755981982451
BEST_F1_MI: 0.9308881479236132 BEST_F1_MA: 0.47755544090108515 BEST_ACC_MI: 0.9308881479236132 BEST_F1_MA: 0.441050214229783
[[   0 2892  193    0]
 [   0    3   67    5]
 [   0    0  103    1]
 [   0    0   35    0]]
Epoch: [18/200], cls_loss: 0.4742, transfer_loss: -2.7886,person_loss: 0.0000, total_Loss: -0.9201
trian begin
trian end
n_person 578
SAMPLE
F1_MI: 0.16823279781752046 F1_MA: 0.36277295898355116 ACC_MI: 0.16823279781752046 F1_MA: 0.3840719095353128
BEST_F1_MI: 0.9308881479236132 BEST_F1_MA: 0.47755544090108515 BEST_ACC_MI: 0.9308881479236132 BEST_F1_MA: 0.441050214229783
[[ 452 2620   13    0]
 [   0   64    8    3]
 [   0   64   39    1]
 [   0   19   16    0]]
Epoch: [19/200], cls_loss: 0.4857, transfer_loss: -2.7022,person_loss: 0.0000, total_Loss: -0.8654
trian begin
trian end
n_person 578
SAMPLE
F1_MI: 0.9457411336768717 F1_MA: 0.45581248695582244 ACC_MI: 0.9457411336768717 F1_MA: 0.43938201708089436
BEST_F1_MI: 0.9457411336768717 BEST_F1_MA: 0.47755544090108515 BEST_ACC_MI: 0.9457411336768717 BEST_F1_MA: 0.441050214229783
[[3043   40    2    0]
 [  11   45   19    0]
 [   7   65   32    0]
 [   4   20   11    0]]
Epoch: [20/200], cls_loss: 0.5404, transfer_loss: -2.7568,person_loss: 0.0000, total_Loss: -0.8380
trian begin
trian end
n_person 578
SAMPLE
F1_MI: 0.030009093664746894 F1_MA: 0.1534562347921932 ACC_MI: 0.030009093664746894 F1_MA: 0.10958308558508961
BEST_F1_MI: 0.9457411336768717 BEST_F1_MA: 0.47755544090108515 BEST_ACC_MI: 0.9457411336768717 BEST_F1_MA: 0.441050214229783
[[   0 2990   92    3]
 [   0    4   59   12]
 [   0    0   92   12]
 [   2    0   30    3]]
Epoch: [21/200], cls_loss: 0.4696, transfer_loss: -2.7297,person_loss: 0.0000, total_Loss: -0.8953
trian begin
trian end
n_person 578
SAMPLE
F1_MI: 0.9469536223097909 F1_MA: 0.5358180389037018 ACC_MI: 0.9469536223097909 F1_MA: 0.6322155930970406
BEST_F1_MI: 0.9469536223097909 BEST_F1_MA: 0.5358180389037018 BEST_ACC_MI: 0.9469536223097909 BEST_F1_MA: 0.6322155930970406
[[3061   23    1    0]
 [  21   50    4    0]
 [  19   75    9    1]
 [   2   23    6    4]]
Epoch: [22/200], cls_loss: 0.4702, transfer_loss: -2.7634,person_loss: 0.0000, total_Loss: -0.9115
trian begin
trian end
n_person 578
SAMPLE
F1_MI: 0.8548044862079418 F1_MA: 0.43941612036647393 ACC_MI: 0.8548044862079418 F1_MA: 0.40625
BEST_F1_MI: 0.9469536223097909 BEST_F1_MA: 0.5358180389037018 BEST_ACC_MI: 0.9469536223097909 BEST_F1_MA: 0.6322155930970406
[[2734  347    4    0]
 [   0   54   14    7]
 [   0   72   32    0]
 [   0   23   12    0]]
Epoch: [23/200], cls_loss: 0.4424, transfer_loss: -2.7815,person_loss: 0.0000, total_Loss: -0.9483
trian begin
trian end
n_person 578
SAMPLE
F1_MI: 0.03031221582297666 F1_MA: 0.11968202497376937 ACC_MI: 0.03031221582297666 F1_MA: 0.07770741096596617
BEST_F1_MI: 0.9469536223097909 BEST_F1_MA: 0.5358180389037018 BEST_ACC_MI: 0.9469536223097909 BEST_F1_MA: 0.6322155930970406
[[   0 2008 1075    2]
 [   0    1   67    7]
 [   0    5   95    4]
 [   0    2   29    4]]
Epoch: [24/200], cls_loss: 0.4579, transfer_loss: -2.7747,person_loss: 0.0000, total_Loss: -0.9294
trian begin
trian end
n_person 578
SAMPLE
F1_MI: 0.8357077902394665 F1_MA: 0.4470851704805091 ACC_MI: 0.8357077902394665 F1_MA: 0.40939041151265265
BEST_F1_MI: 0.9469536223097909 BEST_F1_MA: 0.5358180389037018 BEST_ACC_MI: 0.9469536223097909 BEST_F1_MA: 0.6322155930970406
[[2668  417    0    0]
 [   0   67    8    0]
 [   0   82   22    0]
 [   0   23   12    0]]
Epoch: [25/200], cls_loss: 0.4474, transfer_loss: -2.7655,person_loss: 0.0000, total_Loss: -0.9354
trian begin
trian end
n_person 578
SAMPLE
F1_MI: 0.9451348893604122 F1_MA: 0.5358928993222346 ACC_MI: 0.9451348893604122 F1_MA: 0.5831043038640391
BEST_F1_MI: 0.9469536223097909 BEST_F1_MA: 0.5358928993222346 BEST_ACC_MI: 0.9469536223097909 BEST_F1_MA: 0.6322155930970406
[[3053   30    2    0]
 [  31   43    0    1]
 [  24   50   11   19]
 [   5   16    3   11]]
Epoch: [26/200], cls_loss: 0.4993, transfer_loss: -2.7178,person_loss: 0.0000, total_Loss: -0.8596
trian begin
trian end
n_person 578
SAMPLE
F1_MI: 0.8645043952712943 F1_MA: 0.4199111175398837 ACC_MI: 0.8645043952712943 F1_MA: 0.3742425620070378
BEST_F1_MI: 0.9469536223097909 BEST_F1_MA: 0.5358928993222346 BEST_ACC_MI: 0.9469536223097909 BEST_F1_MA: 0.6322155930970406
[[2756  300   29    0]
 [   3   26   46    0]
 [   1   33   70    0]
 [   1   16   18    0]]
Epoch: [27/200], cls_loss: 0.4641, transfer_loss: -2.7581,person_loss: 0.0000, total_Loss: -0.9150
trian begin
trian end
n_person 578
SAMPLE
F1_MI: 0.03091846013943619 F1_MA: 0.21848724084129836 ACC_MI: 0.030918460139436194 F1_MA: 0.2001338688085676
BEST_F1_MI: 0.9469536223097909 BEST_F1_MA: 0.5358928993222346 BEST_ACC_MI: 0.9469536223097909 BEST_F1_MA: 0.6322155930970406
[[   2 2493  551   39]
 [   1    0   64   10]
 [   0    3  100    1]
 [   0    3   32    0]]
Epoch: [28/200], cls_loss: 0.4334, transfer_loss: -2.7497,person_loss: 0.0000, total_Loss: -0.9414
trian begin
trian end
n_person 578
SAMPLE
F1_MI: 0.946650500151561 F1_MA: 0.45933312360407214 ACC_MI: 0.946650500151561 F1_MA: 0.5055024420510952
BEST_F1_MI: 0.9469536223097909 BEST_F1_MA: 0.5358928993222346 BEST_ACC_MI: 0.9469536223097909 BEST_F1_MA: 0.6322155930970406
[[3066   17    2    0]
 [  32   33    9    1]
 [  33   46   23    2]
 [   6   16   12    1]]
Epoch: [29/200], cls_loss: 0.4467, transfer_loss: -2.7514,person_loss: 0.0000, total_Loss: -0.9291
trian begin
trian end
n_person 578
SAMPLE
F1_MI: 0.8854198241891482 F1_MA: 0.4307540260043416 ACC_MI: 0.8854198241891482 F1_MA: 0.40010018227222716
BEST_F1_MI: 0.9469536223097909 BEST_F1_MA: 0.5358928993222346 BEST_ACC_MI: 0.9469536223097909 BEST_F1_MA: 0.6322155930970406
[[2848  208   21    8]
 [   3   24   21   27]
 [   0   28   41   35]
 [   0   10   17    8]]
Epoch: [30/200], cls_loss: 0.4229, transfer_loss: -2.7559,person_loss: 0.0000, total_Loss: -0.9551
trian begin
trian end
n_person 578
SAMPLE
F1_MI: 0.7693240375871476 F1_MA: 0.3739671042595531 ACC_MI: 0.7693240375871476 F1_MA: 0.3484037287285683
BEST_F1_MI: 0.9469536223097909 BEST_F1_MA: 0.5358928993222346 BEST_ACC_MI: 0.9469536223097909 BEST_F1_MA: 0.6322155930970406
[[2456  587   39    3]
 [   1    8   59    7]
 [   0   28   74    2]
 [   0   13   22    0]]
Epoch: [31/200], cls_loss: 0.4166, transfer_loss: -2.7738,person_loss: 0.0000, total_Loss: -0.9704
trian begin
trian end
n_person 578
SAMPLE
F1_MI: 0.8914822673537436 F1_MA: 0.41677254376587153 ACC_MI: 0.8914822673537436 F1_MA: 0.372530146271565
BEST_F1_MI: 0.9469536223097909 BEST_F1_MA: 0.5358928993222346 BEST_ACC_MI: 0.9469536223097909 BEST_F1_MA: 0.6322155930970406
[[2846  212   27    0]
 [   3   15   57    0]
 [   0   24   80    0]
 [   0   15   20    0]]
Epoch: [32/200], cls_loss: 0.5121, transfer_loss: -2.7488,person_loss: 0.0000, total_Loss: -0.8623
trian begin
trian end
n_person 578
SAMPLE
F1_MI: 0.02212791755077296 F1_MA: 0.28132928954804987 ACC_MI: 0.022127917550772962 F1_MA: 0.3694599674013482
BEST_F1_MI: 0.9469536223097909 BEST_F1_MA: 0.5358928993222346 BEST_ACC_MI: 0.9469536223097909 BEST_F1_MA: 0.6322155930970406
[[   1   21   27 3036]
 [   0    2   36   37]
 [   0    7   59   38]
 [   0    4   20   11]]
Epoch: [33/200], cls_loss: 0.3968, transfer_loss: -2.7674,person_loss: 0.0000, total_Loss: -0.9869
trian begin
trian end
n_person 578
SAMPLE
F1_MI: 0.8914822673537436 F1_MA: 0.49101829824752574 ACC_MI: 0.8914822673537436 F1_MA: 0.4753950007298668
BEST_F1_MI: 0.9469536223097909 BEST_F1_MA: 0.5358928993222346 BEST_ACC_MI: 0.9469536223097909 BEST_F1_MA: 0.6322155930970406
[[2868   85    0  132]
 [   1   36   11   27]
 [   1   43   23   37]
 [   0   19    2   14]]
Epoch: [34/200], cls_loss: 0.4068, transfer_loss: -2.7446,person_loss: 0.0000, total_Loss: -0.9655
trian begin
trian end
n_person 578
SAMPLE
F1_MI: 0.028190360715368293 F1_MA: 0.1586763214808364 ACC_MI: 0.028190360715368293 F1_MA: 0.12081867488448852
BEST_F1_MI: 0.9469536223097909 BEST_F1_MA: 0.5358928993222346 BEST_ACC_MI: 0.9469536223097909 BEST_F1_MA: 0.6322155930970406
[[   0 2669  415    1]
 [   0    3   72    0]
 [   0   14   89    1]
 [   0   12   22    1]]
Epoch: [35/200], cls_loss: 0.4300, transfer_loss: -2.7629,person_loss: 0.0000, total_Loss: -0.9515
trian begin
trian end
n_person 578
SAMPLE
F1_MI: 0.6265535010609276 F1_MA: 0.3463454841379591 ACC_MI: 0.6265535010609276 F1_MA: 0.3071556499645966
BEST_F1_MI: 0.9469536223097909 BEST_F1_MA: 0.5358928993222346 BEST_ACC_MI: 0.9469536223097909 BEST_F1_MA: 0.6322155930970406
[[1969  892  224    0]
 [   0    2   73    0]
 [   0    8   96    0]
 [   0    4   31    0]]
Epoch: [36/200], cls_loss: 0.4044, transfer_loss: -2.7269,person_loss: 0.0000, total_Loss: -0.9591
trian begin
trian end
n_person 578
SAMPLE
F1_MI: 0.020309184601394362 F1_MA: 0.19139318948782263 ACC_MI: 0.020309184601394362 F1_MA: 0.1626269897817877
BEST_F1_MI: 0.9469536223097909 BEST_F1_MA: 0.5358928993222346 BEST_ACC_MI: 0.9469536223097909 BEST_F1_MA: 0.6322155930970406
[[   0 2101    3  981]
 [   0   31    8   36]
 [   0   39   27   38]
 [   0   21    5    9]]
Epoch: [37/200], cls_loss: 0.4527, transfer_loss: -2.7450,person_loss: 0.0000, total_Loss: -0.9198
trian begin
trian end
n_person 578
SAMPLE
F1_MI: 0.8966353440436496 F1_MA: 0.3848744525814214 ACC_MI: 0.8966353440436496 F1_MA: 0.32579258596700456
BEST_F1_MI: 0.9469536223097909 BEST_F1_MA: 0.5358928993222346 BEST_ACC_MI: 0.9469536223097909 BEST_F1_MA: 0.6322155930970406
[[2860   35  190    0]
 [   0    3   72    0]
 [   0    9   95    0]
 [   0    5   30    0]]
Epoch: [38/200], cls_loss: 0.3739, transfer_loss: -2.7625,person_loss: 0.0000, total_Loss: -1.0073
trian begin
trian end
n_person 578
SAMPLE
F1_MI: 0.01333737496210973 F1_MA: 0.1377755584908552 ACC_MI: 0.01333737496210973 F1_MA: 0.10470318339903503
BEST_F1_MI: 0.9469536223097909 BEST_F1_MA: 0.5358928993222346 BEST_ACC_MI: 0.9469536223097909 BEST_F1_MA: 0.6322155930970406
[[   0 1390   13 1682]
 [   0    6    4   65]
 [   0    4   19   81]
 [   0    5   11   19]]
Epoch: [39/200], cls_loss: 0.4307, transfer_loss: -2.7775,person_loss: 0.0000, total_Loss: -0.9580
trian begin
trian end
n_person 578
SAMPLE
F1_MI: 0.14458926947559866 F1_MA: 0.3262996076093551 ACC_MI: 0.14458926947559866 F1_MA: 0.35514779079561987
BEST_F1_MI: 0.9469536223097909 BEST_F1_MA: 0.5358928993222346 BEST_ACC_MI: 0.9469536223097909 BEST_F1_MA: 0.6322155930970406
[[ 378    0 2707    0]
 [   0    0   75    0]
 [   0    1   92   11]
 [   0    0   28    7]]
Epoch: [40/200], cls_loss: 0.3612, transfer_loss: -2.7725,person_loss: 0.0000, total_Loss: -1.0251
trian begin
trian end
n_person 578
SAMPLE
F1_MI: 0.07850863898150955 F1_MA: 0.30447800073951126 ACC_MI: 0.07850863898150955 F1_MA: 0.3449448539020438
BEST_F1_MI: 0.9469536223097909 BEST_F1_MA: 0.5358928993222346 BEST_ACC_MI: 0.9469536223097909 BEST_F1_MA: 0.6322155930970406
[[ 176 2726  167   16]
 [   0    2   59   14]
 [   0    2   69   33]
 [   0    3   20   12]]
Epoch: [41/200], cls_loss: 0.3317, transfer_loss: -2.7898,person_loss: 0.0000, total_Loss: -1.0632
trian begin
trian end
n_person 578
SAMPLE
F1_MI: 0.8417702334040619 F1_MA: 0.4004439700250156 ACC_MI: 0.8417702334040619 F1_MA: 0.37231200136653203
BEST_F1_MI: 0.9469536223097909 BEST_F1_MA: 0.5358928993222346 BEST_ACC_MI: 0.9469536223097909 BEST_F1_MA: 0.6322155930970406
[[2699  379    7    0]
 [   1   29   45    0]
 [   0   55   49    0]
 [   0   22   13    0]]
Epoch: [42/200], cls_loss: 0.3648, transfer_loss: -2.7440,person_loss: 0.0000, total_Loss: -1.0072
trian begin
trian end
n_person 578
SAMPLE
F1_MI: 0.017277963019096697 F1_MA: 0.13920765447189137 ACC_MI: 0.017277963019096697 F1_MA: 0.10322943188306881
BEST_F1_MI: 0.9469536223097909 BEST_F1_MA: 0.5358928993222346 BEST_ACC_MI: 0.9469536223097909 BEST_F1_MA: 0.6322155930970406
[[   0 2995   28   62]
 [   0    6   26   43]
 [   0    2   36   66]
 [   0    1   19   15]]
Epoch: [43/200], cls_loss: 0.3412, transfer_loss: -2.7683,person_loss: 0.0000, total_Loss: -1.0430
trian begin
trian end
n_person 578
SAMPLE
F1_MI: 0.8099424067899363 F1_MA: 0.38656306510798055 ACC_MI: 0.8099424067899363 F1_MA: 0.33816011094038
BEST_F1_MI: 0.9469536223097909 BEST_F1_MA: 0.5358928993222346 BEST_ACC_MI: 0.9469536223097909 BEST_F1_MA: 0.6322155930970406
[[2573  430   80    2]
 [   1    5   69    0]
 [   0    8   94    2]
 [   0    3   32    0]]
Epoch: [44/200], cls_loss: 0.3734, transfer_loss: -2.7951,person_loss: 0.0000, total_Loss: -1.0242
trian begin
trian end
n_person 578
SAMPLE
F1_MI: 0.9193695059108821 F1_MA: 0.457730824264072 ACC_MI: 0.9193695059108821 F1_MA: 0.49702203764163627
BEST_F1_MI: 0.9469536223097909 BEST_F1_MA: 0.5358928993222346 BEST_ACC_MI: 0.9469536223097909 BEST_F1_MA: 0.6322155930970406
[[2977  108    0    0]
 [  22   52    1    0]
 [  38   62    4    0]
 [  11   24    0    0]]
Epoch: [45/200], cls_loss: 0.4062, transfer_loss: -2.7798,person_loss: 0.0000, total_Loss: -0.9837
trian begin
trian end
n_person 578
SAMPLE
F1_MI: 0.031524704455895725 F1_MA: 0.08287607067707903 ACC_MI: 0.031524704455895725 F1_MA: 0.04959839609309015
BEST_F1_MI: 0.9469536223097909 BEST_F1_MA: 0.5358928993222346 BEST_ACC_MI: 0.9469536223097909 BEST_F1_MA: 0.6322155930970406
[[   0 2778  307    0]
 [   0    2   72    1]
 [   0    1  102    1]
 [   0    0   35    0]]
Epoch: [46/200], cls_loss: 0.3114, transfer_loss: -2.7866,person_loss: 0.0000, total_Loss: -1.0819
trian begin
trian end
n_person 578
SAMPLE
F1_MI: 0.8417702334040619 F1_MA: 0.3930377599900564 ACC_MI: 0.8417702334040619 F1_MA: 0.3422611138648145
BEST_F1_MI: 0.9469536223097909 BEST_F1_MA: 0.5358928993222346 BEST_ACC_MI: 0.9469536223097909 BEST_F1_MA: 0.6322155930970406
[[2678  329   78    0]
 [   0    7   68    0]
 [   1   11   92    0]
 [   0   10   25    0]]
Epoch: [47/200], cls_loss: 0.3196, transfer_loss: -2.7754,person_loss: 0.0000, total_Loss: -1.0680
trian begin
trian end
n_person 578
SAMPLE
F1_MI: 0.829948469233101 F1_MA: 0.3500091792672654 ACC_MI: 0.829948469233101 F1_MA: 0.28752466240528546
BEST_F1_MI: 0.9469536223097909 BEST_F1_MA: 0.5358928993222346 BEST_ACC_MI: 0.9469536223097909 BEST_F1_MA: 0.6322155930970406
[[2641    1  443    0]
 [   2    0   73    0]
 [   0    7   97    0]
 [   0    5   30    0]]
Epoch: [48/200], cls_loss: 0.2914, transfer_loss: -2.7735,person_loss: 0.0000, total_Loss: -1.0954
trian begin
trian end
n_person 578
SAMPLE
F1_MI: 0.028796605031827828 F1_MA: 0.2517192983757679 ACC_MI: 0.028796605031827828 F1_MA: 0.2796951134623416
BEST_F1_MI: 0.9469536223097909 BEST_F1_MA: 0.5358928993222346 BEST_ACC_MI: 0.9469536223097909 BEST_F1_MA: 0.6322155930970406
[[   1    9 3075    0]
 [   0    3   72    0]
 [   0   13   91    0]
 [   0    8   27    0]]
Epoch: [49/200], cls_loss: 0.3105, transfer_loss: -2.7859,person_loss: 0.0000, total_Loss: -1.0824
trian begin
trian end
n_person 578
SAMPLE
F1_MI: 0.9336162473476811 F1_MA: 0.4090956598159187 ACC_MI: 0.9336162473476811 F1_MA: 0.3519580810321919
BEST_F1_MI: 0.9469536223097909 BEST_F1_MA: 0.5358928993222346 BEST_ACC_MI: 0.9469536223097909 BEST_F1_MA: 0.6322155930970406
[[2978   31   76    0]
 [   2    2   71    0]
 [   0    4  100    0]
 [   0    1   34    0]]
Epoch: [50/200], cls_loss: 0.2927, transfer_loss: -2.7942,person_loss: 0.0000, total_Loss: -1.1044
trian begin
trian end
n_person 578
SAMPLE
F1_MI: 0.9390724461958169 F1_MA: 0.3892149918406104 ACC_MI: 0.9390724461958169 F1_MA: 0.35086858702250906
BEST_F1_MI: 0.9469536223097909 BEST_F1_MA: 0.5358928993222346 BEST_ACC_MI: 0.9469536223097909 BEST_F1_MA: 0.6322155930970406
[[3020   21   42    2]
 [   6    0   64    5]
 [   6    8   77   13]
 [   0    3   31    1]]
Epoch: [51/200], cls_loss: 0.2949, transfer_loss: -2.7480,person_loss: 0.0000, total_Loss: -1.0791
trian begin
trian end
n_person 578
SAMPLE
F1_MI: 0.02849348287359806 F1_MA: 0.013872491145218416 ACC_MI: 0.02849348287359806 F1_MA: 0.007155907429963459
BEST_F1_MI: 0.9469536223097909 BEST_F1_MA: 0.5358928993222346 BEST_ACC_MI: 0.9469536223097909 BEST_F1_MA: 0.6322155930970406
[[   0    1 3084    0]
 [   0    0   75    0]
 [   0   10   94    0]
 [   0    4   31    0]]
Epoch: [52/200], cls_loss: 0.2999, transfer_loss: -2.7551,person_loss: 0.0000, total_Loss: -1.0777
trian begin
trian end
n_person 578
SAMPLE
F1_MI: 0.8681418611700515 F1_MA: 0.45734101405406724 ACC_MI: 0.8681418611700515 F1_MA: 0.4133706404632591
BEST_F1_MI: 0.9469536223097909 BEST_F1_MA: 0.5358928993222346 BEST_ACC_MI: 0.9469536223097909 BEST_F1_MA: 0.6322155930970406
[[2768  311    6    0]
 [   2   61   12    0]
 [   3   66   35    0]
 [   0   21   14    0]]
Epoch: [53/200], cls_loss: 0.2532, transfer_loss: -2.7884,person_loss: 0.0000, total_Loss: -1.1410
trian begin
trian end
n_person 578
SAMPLE
F1_MI: 0.05850257653834495 F1_MA: 0.25278065026405355 ACC_MI: 0.05850257653834495 F1_MA: 0.25783453462864303
BEST_F1_MI: 0.9469536223097909 BEST_F1_MA: 0.5358928993222346 BEST_ACC_MI: 0.9469536223097909 BEST_F1_MA: 0.6322155930970406
[[  93   10 2982    0]
 [   0    0   75    0]
 [   0    4  100    0]
 [   0    1   34    0]]
Epoch: [54/200], cls_loss: 0.2941, transfer_loss: -2.7778,person_loss: 0.0000, total_Loss: -1.0948
trian begin
trian end
n_person 578
SAMPLE
F1_MI: 0.8917853895119733 F1_MA: 0.39181421959130686 ACC_MI: 0.8917853895119733 F1_MA: 0.3528194639257205
BEST_F1_MI: 0.9469536223097909 BEST_F1_MA: 0.5358928993222346 BEST_ACC_MI: 0.9469536223097909 BEST_F1_MA: 0.6322155930970406
[[2859  185   39    2]
 [   2   10   60    3]
 [   0   27   73    4]
 [   0    9   26    0]]
Epoch: [55/200], cls_loss: 0.2700, transfer_loss: -2.7674,person_loss: 0.0000, total_Loss: -1.1137
trian begin
trian end
n_person 578
SAMPLE
F1_MI: 0.026371627765989693 F1_MA: 0.21348721661431944 ACC_MI: 0.026371627765989693 F1_MA: 0.20539704631160227
BEST_F1_MI: 0.9469536223097909 BEST_F1_MA: 0.5358928993222346 BEST_ACC_MI: 0.9469536223097909 BEST_F1_MA: 0.6322155930970406
[[   2 3064   17    2]
 [   1   14   59    1]
 [   4   27   70    3]
 [   1   14   19    1]]
Epoch: [56/200], cls_loss: 0.2679, transfer_loss: -2.7659,person_loss: 0.0000, total_Loss: -1.1150
trian begin
trian end
n_person 578
SAMPLE
F1_MI: 0.025159139133070628 F1_MA: 0.1219483246806717 ACC_MI: 0.025159139133070628 F1_MA: 0.08745380209488889
BEST_F1_MI: 0.9469536223097909 BEST_F1_MA: 0.5358928993222346 BEST_ACC_MI: 0.9469536223097909 BEST_F1_MA: 0.6322155930970406
[[   0 2935   61   89]
 [   0    2   60   13]
 [   0   11   81   12]
 [   0    5   30    0]]
Epoch: [57/200], cls_loss: 0.3341, transfer_loss: -2.7561,person_loss: 0.0000, total_Loss: -1.0440
trian begin
trian end
n_person 578
SAMPLE
F1_MI: 0.8811761139739315 F1_MA: 0.42133351114415857 ACC_MI: 0.8811761139739315 F1_MA: 0.39507407360101937
BEST_F1_MI: 0.9469536223097909 BEST_F1_MA: 0.5358928993222346 BEST_ACC_MI: 0.9469536223097909 BEST_F1_MA: 0.6322155930970406
[[2833  230   18    4]
 [   2   37   16   20]
 [   5   51   35   13]
 [   0   19   14    2]]
Epoch: [58/200], cls_loss: 0.2671, transfer_loss: -2.7776,person_loss: 0.0000, total_Loss: -1.1217
trian begin
trian end
n_person 578
SAMPLE
F1_MI: 0.71445892694756 F1_MA: 0.39799812393882356 ACC_MI: 0.7144589269475599 F1_MA: 0.4042949678816501
BEST_F1_MI: 0.9469536223097909 BEST_F1_MA: 0.5358928993222346 BEST_ACC_MI: 0.9469536223097909 BEST_F1_MA: 0.6322155930970406
[[2303  741   10   31]
 [   4   20    3   48]
 [   4   27   22   51]
 [   1   14    8   12]]
Epoch: [59/200], cls_loss: 0.3028, transfer_loss: -2.7894,person_loss: 0.0000, total_Loss: -1.0919
trian begin
trian end
n_person 578
SAMPLE
F1_MI: 0.022734161867232493 F1_MA: 0.21035027786925578 ACC_MI: 0.022734161867232493 F1_MA: 0.28194527524830876
BEST_F1_MI: 0.9469536223097909 BEST_F1_MA: 0.5358928993222346 BEST_ACC_MI: 0.9469536223097909 BEST_F1_MA: 0.6322155930970406
[[  36   70   32 2947]
 [   2    0   18   55]
 [   3    6   24   71]
 [   2    8   10   15]]
Epoch: [60/200], cls_loss: 0.2608, transfer_loss: -2.7767,person_loss: 0.0000, total_Loss: -1.1275
trian begin
trian end
n_person 578
SAMPLE
F1_MI: 0.611700515307669 F1_MA: 0.3340835139305708 ACC_MI: 0.611700515307669 F1_MA: 0.3307630813944319
BEST_F1_MI: 0.9469536223097909 BEST_F1_MA: 0.5358928993222346 BEST_ACC_MI: 0.9469536223097909 BEST_F1_MA: 0.6322155930970406
[[1968  885   46  186]
 [   2    1   27   45]
 [   2    3   37   62]
 [   0    3   20   12]]
Epoch: [61/200], cls_loss: 0.3082, transfer_loss: -2.7718,person_loss: 0.0000, total_Loss: -1.0777
trian begin
trian end
n_person 578
SAMPLE
F1_MI: 0.030009093664746894 F1_MA: 0.014588859416445624 ACC_MI: 0.030009093664746894 F1_MA: 0.007525083612040134
BEST_F1_MI: 0.9469536223097909 BEST_F1_MA: 0.5358928993222346 BEST_ACC_MI: 0.9469536223097909 BEST_F1_MA: 0.6322155930970406
[[   0    1 3084    0]
 [   0    0   74    1]
 [   0    4   99    1]
 [   0    3   32    0]]
Epoch: [62/200], cls_loss: 0.2690, transfer_loss: -2.7918,person_loss: 0.0000, total_Loss: -1.1269
trian begin
trian end
n_person 578
SAMPLE
F1_MI: 0.7911488329796909 F1_MA: 0.3566113783402365 ACC_MI: 0.7911488329796909 F1_MA: 0.2976431112548512
BEST_F1_MI: 0.9469536223097909 BEST_F1_MA: 0.5358928993222346 BEST_ACC_MI: 0.9469536223097909 BEST_F1_MA: 0.6322155930970406
[[2510    5  570    0]
 [   0    1   74    0]
 [   0    5   99    0]
 [   0    5   30    0]]
Epoch: [63/200], cls_loss: 0.2840, transfer_loss: -2.7776,person_loss: 0.0000, total_Loss: -1.1048
trian begin
trian end
n_person 578
SAMPLE
F1_MI: 0.9436192785692634 F1_MA: 0.47370243251922445 ACC_MI: 0.9436192785692634 F1_MA: 0.4623870331853705
BEST_F1_MI: 0.9469536223097909 BEST_F1_MA: 0.5358928993222346 BEST_ACC_MI: 0.9469536223097909 BEST_F1_MA: 0.6322155930970406
[[3029   42   12    2]
 [  14   36   10   15]
 [   5   42   47   10]
 [   1   18   15    1]]
Epoch: [64/200], cls_loss: 0.2696, transfer_loss: -2.7887,person_loss: 0.0000, total_Loss: -1.1247
trian begin
trian end
n_person 578
SAMPLE
F1_MI: 0.666262503789027 F1_MA: 0.3280966906330138 ACC_MI: 0.666262503789027 F1_MA: 0.2712677231025855
BEST_F1_MI: 0.9469536223097909 BEST_F1_MA: 0.5358928993222346 BEST_ACC_MI: 0.9469536223097909 BEST_F1_MA: 0.6322155930970406
[[2096    1  988    0]
 [   0    0   75    0]
 [   0    2  102    0]
 [   0    1   34    0]]
Epoch: [65/200], cls_loss: 0.2403, transfer_loss: -2.7763,person_loss: 0.0000, total_Loss: -1.1479
trian begin
trian end
n_person 578
SAMPLE
F1_MI: 0.8575325856320097 F1_MA: 0.37311703382886 ACC_MI: 0.8575325856320097 F1_MA: 0.32210535202461393
BEST_F1_MI: 0.9469536223097909 BEST_F1_MA: 0.5358928993222346 BEST_ACC_MI: 0.9469536223097909 BEST_F1_MA: 0.6322155930970406
[[2745    1  127  212]
 [   1    0   58   16]
 [   0    2   80   22]
 [   0    3   28    4]]
Epoch: [66/200], cls_loss: 0.2333, transfer_loss: -2.7782,person_loss: 0.0000, total_Loss: -1.1558
trian begin
trian end
n_person 578
SAMPLE
F1_MI: 0.029705971506517128 F1_MA: 0.01444149720011789 ACC_MI: 0.029705971506517128 F1_MA: 0.007449072666463971
BEST_F1_MI: 0.9469536223097909 BEST_F1_MA: 0.5358928993222346 BEST_ACC_MI: 0.9469536223097909 BEST_F1_MA: 0.6322155930970406
[[   0    1 3084    0]
 [   0    0   75    0]
 [   0    6   98    0]
 [   0    3   32    0]]
Epoch: [67/200], cls_loss: 0.2627, transfer_loss: -2.7865,person_loss: 0.0000, total_Loss: -1.1305
trian begin
trian end
n_person 578
SAMPLE
F1_MI: 0.02394665050015156 F1_MA: 0.283427852954846 ACC_MI: 0.023946650500151562 F1_MA: 0.3620857448381417
BEST_F1_MI: 0.9469536223097909 BEST_F1_MA: 0.5358928993222346 BEST_ACC_MI: 0.9469536223097909 BEST_F1_MA: 0.6322155930970406
[[  25 3026   11   23]
 [   0   22    8   45]
 [   2   31   15   56]
 [   0   14    4   17]]
Epoch: [68/200], cls_loss: 0.2968, transfer_loss: -2.7824,person_loss: 0.0000, total_Loss: -1.0944
trian begin
trian end
n_person 578
SAMPLE
F1_MI: 0.014549863595028797 F1_MA: 0.17837038697610882 ACC_MI: 0.014549863595028797 F1_MA: 0.14433825173261794
BEST_F1_MI: 0.9469536223097909 BEST_F1_MA: 0.5358928993222346 BEST_ACC_MI: 0.9469536223097909 BEST_F1_MA: 0.6322155930970406
[[   0 3071    1   13]
 [   0   25    3   47]
 [   0   39    3   62]
 [   0   15    0   20]]
Epoch: [69/200], cls_loss: 0.2751, transfer_loss: -2.7561,person_loss: 0.0000, total_Loss: -1.1030
trian begin
trian end
n_person 578
SAMPLE
F1_MI: 0.8708699605941195 F1_MA: 0.3851495463693591 ACC_MI: 0.8708699605941195 F1_MA: 0.34312252545248867
BEST_F1_MI: 0.9469536223097909 BEST_F1_MA: 0.5358928993222346 BEST_ACC_MI: 0.9469536223097909 BEST_F1_MA: 0.6322155930970406
[[2814  143  122    6]
 [   0    8   40   27]
 [   2   22   38   42]
 [   0   14    8   13]]
Epoch: [70/200], cls_loss: 0.2357, transfer_loss: -2.7296,person_loss: 0.0000, total_Loss: -1.1291
trian begin
trian end
n_person 578
SAMPLE
F1_MI: 0.030009093664746894 F1_MA: 0.3086411671318897 ACC_MI: 0.030009093664746894 F1_MA: 0.38451070685640676
BEST_F1_MI: 0.9469536223097909 BEST_F1_MA: 0.5358928993222346 BEST_ACC_MI: 0.9469536223097909 BEST_F1_MA: 0.6322155930970406
[[  11 3004   67    3]
 [   0    8   62    5]
 [   0    9   72   23]
 [   0   10   17    8]]
Epoch: [71/200], cls_loss: 0.2515, transfer_loss: -2.7595,person_loss: 0.0000, total_Loss: -1.1283
trian begin
trian end
n_person 578
SAMPLE
F1_MI: 0.2521976356471658 F1_MA: 0.26997340119907315 ACC_MI: 0.2521976356471658 F1_MA: 0.25284450784087187
BEST_F1_MI: 0.9469536223097909 BEST_F1_MA: 0.5358928993222346 BEST_ACC_MI: 0.9469536223097909 BEST_F1_MA: 0.6322155930970406
[[ 800  707    2 1576]
 [   3    1    0   71]
 [   2    0    0  102]
 [   1    3    0   31]]
Epoch: [72/200], cls_loss: 0.2245, transfer_loss: -2.7382,person_loss: 0.0000, total_Loss: -1.1446
trian begin
trian end
n_person 578
SAMPLE
F1_MI: 0.009699909063352531 F1_MA: 0.12229013034775613 ACC_MI: 0.009699909063352531 F1_MA: 0.08554774994909387
BEST_F1_MI: 0.9469536223097909 BEST_F1_MA: 0.5358928993222346 BEST_ACC_MI: 0.9469536223097909 BEST_F1_MA: 0.6322155930970406
[[   0    9    3 3073]
 [   0    0    2   73]
 [   0    2    3   99]
 [   0    5    1   29]]
Epoch: [73/200], cls_loss: 0.3193, transfer_loss: -2.7668,person_loss: 0.0000, total_Loss: -1.0641
trian begin
trian end
n_person 578
SAMPLE
F1_MI: 0.024856016974840862 F1_MA: 0.09653711632715846 ACC_MI: 0.024856016974840862 F1_MA: 0.06141071734292073
BEST_F1_MI: 0.9469536223097909 BEST_F1_MA: 0.5358928993222346 BEST_ACC_MI: 0.9469536223097909 BEST_F1_MA: 0.6322155930970406
[[   0    2 3077    6]
 [   0    0   74    1]
 [   0   14   76   14]
 [   0   11   18    6]]
Epoch: [74/200], cls_loss: 0.2041, transfer_loss: -2.7848,person_loss: 0.0000, total_Loss: -1.1883
trian begin
trian end
n_person 578
SAMPLE
F1_MI: 0.8984540769930282 F1_MA: 0.4547381439213614 ACC_MI: 0.8984540769930282 F1_MA: 0.4471843657254262
BEST_F1_MI: 0.9469536223097909 BEST_F1_MA: 0.5358928993222346 BEST_ACC_MI: 0.9469536223097909 BEST_F1_MA: 0.6322155930970406
[[2915  159    3    8]
 [   6   25    1   43]
 [   8   29    6   61]
 [   3   13    1   18]]
Epoch: [75/200], cls_loss: 0.2501, transfer_loss: -2.7491,person_loss: 0.0000, total_Loss: -1.1245
trian begin
trian end
n_person 578
SAMPLE
F1_MI: 0.9378599575628979 F1_MA: 0.47629321087692056 ACC_MI: 0.9378599575628979 F1_MA: 0.43956711464729575
BEST_F1_MI: 0.9469536223097909 BEST_F1_MA: 0.5358928993222346 BEST_ACC_MI: 0.9469536223097909 BEST_F1_MA: 0.6322155930970406
[[2999    4   76    6]
 [   7    1   66    1]
 [   3    4   84   13]
 [   0    2   23   10]]
Epoch: [76/200], cls_loss: 0.1970, transfer_loss: -2.7913,person_loss: 0.0000, total_Loss: -1.1987
[[3053   30    2    0]
 [  31   43    0    1]
 [  24   50   11   19]
 [   5   16    3   11]]
[[3061   23    1    0]
 [  21   50    4    0]
 [  19   75    9    1]
 [   2   23    6    4]]
ARG: Namespace(backbone='resnet50', batch_size=32, config='BNM/BNM.yaml', data_dir='data', device=device(type='cuda'), early_stop=50, epoch_based_training=False, lr=0.003, lr_decay=0.75, lr_gamma=0.0003, lr_scheduler=True, max_iter=18000, method='False', momentum=0.9, myweight=0.1, n_class=4, n_epoch=200, n_iter_per_epoch=90, num_workers=3, seed=1, src_domain='77G', tgt_domain='own', tname='transfer', transfer_loss='bnm', transfer_loss_weight=0.5, use_bottleneck=True, weight_decay=0.0005)
