adv 1 77G 63G DANN/DANN.yaml False
Namespace(backbone='resnet50', batch_size=32, config='DANN/DANN.yaml', data_dir='data', device=device(type='cuda'), early_stop=50, epoch_based_training=False, lr=0.003, lr_decay=0.75, lr_gamma=0.0003, lr_scheduler=True, method='False', momentum=0.9, myweight=0.0, n_epoch=200, n_iter_per_epoch=100, num_workers=3, seed=1, src_domain='77G', tgt_domain='63G', tname='transfer', transfer_loss='adv', transfer_loss_weight=0.5, use_bottleneck=True, weight_decay=0.0005)
JUST DO IT
run my Parkinson code
transfer
TRAIN Length: 2905 290 TEST Length: 1867 383
YYY: 0 3
DATA_PROFILE   train: 2905 train2: 1867 test: 1867
DATASET.SHAPE: <data_loader.GetTrainLoader object at 0x7f91d57ff760> True
DATASET.SHAPE: <data_loader.GetTrainLoader object at 0x7f91cd76cc40> True
DATASET.SHAPE: <data_loader.GetTestLoader object at 0x7f91cd76c7c0> False
CLASS: 4 383
LLL: {}
BOTTLENECK_LIST: [Linear(in_features=512, out_features=256, bias=True), ReLU()]
TYPE: {'loss_type': 'adv', 'max_iter': 20000, 'num_class': 4, 'my_person_item': <my_person_item.PersonItem object at 0x7f91cd76ce50>}
initial_lr 1.0
transfer_world
method False <class 'str'>
1.8.1+cu111
True
LEN: 0 0
LOADER: <data_loader.InfiniteDataLoader object at 0x7f91cd76cca0> <data_loader.InfiniteDataLoader object at 0x7f91cd76cd60>
N_batch: 100
trian begin
trian end
n_person 383
SAMPLE
F1_MI: 0.02088912694161757 F1_MA: 0.0765500361267595 ACC_MI: 0.02088912694161757 F1_MA: 0.04464238659890834
BEST_F1_MI: 0.02088912694161757 BEST_F1_MA: 0.0765500361267595 BEST_ACC_MI: 0.02088912694161757 BEST_F1_MA: 0.04464238659890834
[[   0 1639   31   65]
 [   0   28    6    7]
 [   0   47    4   19]
 [   0   11    3    7]]
Epoch: [ 1/200], cls_loss: 0.8760, transfer_loss: 0.6699,person_loss: 0.0000, total_Loss: 1.2110
trian begin
trian end
n_person 383
SAMPLE
F1_MI: 0.796464916979111 F1_MA: 0.366840019852807 ACC_MI: 0.7964649169791109 F1_MA: 0.322432346436566
BEST_F1_MI: 0.796464916979111 BEST_F1_MA: 0.366840019852807 BEST_ACC_MI: 0.7964649169791109 BEST_F1_MA: 0.322432346436566
[[1443  104  177   11]
 [   4   14   21    2]
 [   6   17   27   20]
 [   2    4   12    3]]
Epoch: [ 2/200], cls_loss: 0.7041, transfer_loss: 0.5785,person_loss: 0.0000, total_Loss: 0.9933
trian begin
trian end
n_person 383
SAMPLE
F1_MI: 0.6325656132833423 F1_MA: 0.3332900025556673 ACC_MI: 0.6325656132833423 F1_MA: 0.29644936387177395
BEST_F1_MI: 0.796464916979111 BEST_F1_MA: 0.366840019852807 BEST_ACC_MI: 0.7964649169791109 BEST_F1_MA: 0.322432346436566
[[1137  405  183   10]
 [   0   17   20    4]
 [   0   14   25   31]
 [   0    9   10    2]]
Epoch: [ 3/200], cls_loss: 0.6327, transfer_loss: 0.4218,person_loss: 0.0000, total_Loss: 0.8436
trian begin
trian end
n_person 383
SAMPLE
F1_MI: 0.8130690948044993 F1_MA: 0.3221328535853811 ACC_MI: 0.8130690948044992 F1_MA: 0.26816766765328504
BEST_F1_MI: 0.8130690948044993 BEST_F1_MA: 0.366840019852807 BEST_ACC_MI: 0.8130690948044992 BEST_F1_MA: 0.322432346436566
[[1487  248    0    0]
 [  10   31    0    0]
 [  13   48    0    9]
 [   3   18    0    0]]
Epoch: [ 4/200], cls_loss: 0.5695, transfer_loss: 0.3664,person_loss: 0.0000, total_Loss: 0.7527
trian begin
trian end
n_person 383
SAMPLE
F1_MI: 0.46384574183181576 F1_MA: 0.33799525886826254 ACC_MI: 0.46384574183181576 F1_MA: 0.2888528913086079
BEST_F1_MI: 0.8130690948044993 BEST_F1_MA: 0.366840019852807 BEST_ACC_MI: 0.8130690948044992 BEST_F1_MA: 0.322432346436566
[[802 668 264   1]
 [  0  25  16   0]
 [  0  18  39  13]
 [  0  18   3   0]]
Epoch: [ 5/200], cls_loss: 0.6001, transfer_loss: 0.3326,person_loss: 0.0000, total_Loss: 0.7664
trian begin
trian end
n_person 383
SAMPLE
F1_MI: 0.025174076057846818 F1_MA: 0.05447770816931775 ACC_MI: 0.025174076057846814 F1_MA: 0.03048206773306375
BEST_F1_MI: 0.8130690948044993 BEST_F1_MA: 0.366840019852807 BEST_ACC_MI: 0.8130690948044992 BEST_F1_MA: 0.322432346436566
[[   0 1443  203   89]
 [   0   25    8    8]
 [   0   21   19   30]
 [   0   17    1    3]]
Epoch: [ 6/200], cls_loss: 0.5278, transfer_loss: 0.3402,person_loss: 0.0000, total_Loss: 0.6979
trian begin
trian end
n_person 383
SAMPLE
F1_MI: 0.866095340117836 F1_MA: 0.34680210858334726 ACC_MI: 0.8660953401178361 F1_MA: 0.3456958872486483
BEST_F1_MI: 0.866095340117836 BEST_F1_MA: 0.366840019852807 BEST_ACC_MI: 0.8660953401178361 BEST_F1_MA: 0.3456958872486483
[[1596  132    7    0]
 [  23   17    1    0]
 [  46   16    4    4]
 [   9   12    0    0]]
Epoch: [ 7/200], cls_loss: 0.4883, transfer_loss: 0.3901,person_loss: 0.0000, total_Loss: 0.6834
trian begin
trian end
n_person 383
SAMPLE
F1_MI: 0.4161756829137654 F1_MA: 0.2765401993828963 ACC_MI: 0.4161756829137654 F1_MA: 0.27243094264833395
BEST_F1_MI: 0.866095340117836 BEST_F1_MA: 0.366840019852807 BEST_ACC_MI: 0.8660953401178361 BEST_F1_MA: 0.3456958872486483
[[750 661  94 230]
 [  0  17   8  16]
 [  0  14   6  50]
 [  0  10   7   4]]
Epoch: [ 8/200], cls_loss: 0.4856, transfer_loss: 0.3799,person_loss: 0.0000, total_Loss: 0.6755
trian begin
trian end
n_person 383
SAMPLE
F1_MI: 0.549009105516872 F1_MA: 0.2841547546443289 ACC_MI: 0.549009105516872 F1_MA: 0.27658539986915276
BEST_F1_MI: 0.866095340117836 BEST_F1_MA: 0.366840019852807 BEST_ACC_MI: 0.8660953401178361 BEST_F1_MA: 0.3456958872486483
[[997 419 198 121]
 [  2   6  19  14]
 [  0   7  18  45]
 [  0   5  12   4]]
Epoch: [ 9/200], cls_loss: 0.4535, transfer_loss: 0.5564,person_loss: 0.0000, total_Loss: 0.7317
trian begin
trian end
n_person 383
SAMPLE
F1_MI: 0.7782538832351366 F1_MA: 0.41556575926454026 ACC_MI: 0.7782538832351366 F1_MA: 0.3361921381154021
BEST_F1_MI: 0.866095340117836 BEST_F1_MA: 0.41556575926454026 BEST_ACC_MI: 0.8660953401178361 BEST_F1_MA: 0.3456958872486483
[[1376  234  125    0]
 [   1   28   12    0]
 [   1   18   49    2]
 [   0   11   10    0]]
Epoch: [10/200], cls_loss: 0.4601, transfer_loss: 0.6937,person_loss: 0.0000, total_Loss: 0.8070
trian begin
trian end
n_person 383
SAMPLE
F1_MI: 0.039100160685591856 F1_MA: 0.061620844961684254 ACC_MI: 0.039100160685591856 F1_MA: 0.03428958207321639
BEST_F1_MI: 0.866095340117836 BEST_F1_MA: 0.41556575926454026 BEST_ACC_MI: 0.8660953401178361 BEST_F1_MA: 0.3456958872486483
[[   0  124 1611    0]
 [   0   17   24    0]
 [   0   14   56    0]
 [   0    8   13    0]]
Epoch: [11/200], cls_loss: 0.4418, transfer_loss: 0.5161,person_loss: 0.0000, total_Loss: 0.6998
trian begin
trian end
n_person 383
SAMPLE
F1_MI: 0.7637921799678627 F1_MA: 0.4559153067998589 ACC_MI: 0.7637921799678629 F1_MA: 0.44777622224744706
BEST_F1_MI: 0.866095340117836 BEST_F1_MA: 0.4559153067998589 BEST_ACC_MI: 0.8660953401178361 BEST_F1_MA: 0.44777622224744706
[[1377  354    4    0]
 [   5   36    0    0]
 [   5   50   13    2]
 [   4   16    1    0]]
Epoch: [12/200], cls_loss: 0.4334, transfer_loss: 0.5863,person_loss: 0.0000, total_Loss: 0.7265
trian begin
trian end
n_person 383
SAMPLE
F1_MI: 0.883235136582753 F1_MA: 0.3675600000707919 ACC_MI: 0.8832351365827531 F1_MA: 0.33387989149250885
BEST_F1_MI: 0.883235136582753 BEST_F1_MA: 0.4559153067998589 BEST_ACC_MI: 0.8832351365827531 BEST_F1_MA: 0.44777622224744706
[[1602   54   79    0]
 [  29    4    8    0]
 [  23    4   43    0]
 [   9    4    8    0]]
Epoch: [13/200], cls_loss: 0.4415, transfer_loss: 0.6649,person_loss: 0.0000, total_Loss: 0.7740
trian begin
trian end
n_person 383
SAMPLE
F1_MI: 0.824317086234601 F1_MA: 0.34466089434550656 ACC_MI: 0.824317086234601 F1_MA: 0.3034058132309433
BEST_F1_MI: 0.883235136582753 BEST_F1_MA: 0.4559153067998589 BEST_ACC_MI: 0.8832351365827531 BEST_F1_MA: 0.44777622224744706
[[1491   43  201    0]
 [  12    5   24    0]
 [  18    9   43    0]
 [   3    3   15    0]]
Epoch: [14/200], cls_loss: 0.3763, transfer_loss: 0.5961,person_loss: 0.0000, total_Loss: 0.6743
trian begin
trian end
n_person 383
SAMPLE
F1_MI: 0.044456347080878415 F1_MA: 0.28419530239545643 ACC_MI: 0.044456347080878415 F1_MA: 0.25753923455254507
BEST_F1_MI: 0.883235136582753 BEST_F1_MA: 0.4559153067998589 BEST_ACC_MI: 0.8832351365827531 BEST_F1_MA: 0.44777622224744706
[[   8  131 1595    1]
 [   1   19   21    0]
 [   0   14   56    0]
 [   0   12    9    0]]
Epoch: [15/200], cls_loss: 0.4113, transfer_loss: 0.6564,person_loss: 0.0000, total_Loss: 0.7395
trian begin
trian end
n_person 383
SAMPLE
F1_MI: 0.8403856454204607 F1_MA: 0.491253358109364 ACC_MI: 0.8403856454204607 F1_MA: 0.5223220653259164
BEST_F1_MI: 0.883235136582753 BEST_F1_MA: 0.491253358109364 BEST_ACC_MI: 0.8832351365827531 BEST_F1_MA: 0.5223220653259164
[[1524  211    0    0]
 [   8   33    0    0]
 [  20   38   12    0]
 [   6   15    0    0]]
Epoch: [16/200], cls_loss: 0.3774, transfer_loss: 0.6363,person_loss: 0.0000, total_Loss: 0.6956
trian begin
trian end
n_person 383
SAMPLE
F1_MI: 0.5511515800749867 F1_MA: 0.32361807554670635 ACC_MI: 0.5511515800749867 F1_MA: 0.2761908175701279
BEST_F1_MI: 0.883235136582753 BEST_F1_MA: 0.491253358109364 BEST_ACC_MI: 0.8832351365827531 BEST_F1_MA: 0.5223220653259164
[[959  32 744   0]
 [  2   1  38   0]
 [  0   1  69   0]
 [  1   1  19   0]]
Epoch: [17/200], cls_loss: 0.3774, transfer_loss: 0.5999,person_loss: 0.0000, total_Loss: 0.6774
trian begin
trian end
n_person 383
SAMPLE
F1_MI: 0.03963577932512052 F1_MA: 0.25492089434808435 ACC_MI: 0.03963577932512052 F1_MA: 0.25941872981700753
BEST_F1_MI: 0.883235136582753 BEST_F1_MA: 0.491253358109364 BEST_ACC_MI: 0.8832351365827531 BEST_F1_MA: 0.5223220653259164
[[   4    4 1726    1]
 [   0    0   41    0]
 [   0    0   70    0]
 [   0    0   21    0]]
Epoch: [18/200], cls_loss: 0.3395, transfer_loss: 0.5775,person_loss: 0.0000, total_Loss: 0.6282
trian begin
trian end
n_person 383
SAMPLE
F1_MI: 0.7718264595607928 F1_MA: 0.39568278622913294 ACC_MI: 0.7718264595607928 F1_MA: 0.3211719472964038
BEST_F1_MI: 0.883235136582753 BEST_F1_MA: 0.491253358109364 BEST_ACC_MI: 0.8832351365827531 BEST_F1_MA: 0.5223220653259164
[[1366  169  200    0]
 [   1   20   20    0]
 [   1   14   55    0]
 [   1   10   10    0]]
Epoch: [19/200], cls_loss: 0.3312, transfer_loss: 0.6243,person_loss: 0.0000, total_Loss: 0.6434
trian begin
trian end
n_person 383
SAMPLE
F1_MI: 0.03802892340653455 F1_MA: 0.15894927195466274 ACC_MI: 0.03802892340653455 F1_MA: 0.10369881401329357
BEST_F1_MI: 0.883235136582753 BEST_F1_MA: 0.491253358109364 BEST_ACC_MI: 0.8832351365827531 BEST_F1_MA: 0.5223220653259164
[[   0  284   71 1380]
 [   0   31    4    6]
 [   0   19   39   12]
 [   0   14    6    1]]
Epoch: [20/200], cls_loss: 0.3421, transfer_loss: 0.6637,person_loss: 0.0000, total_Loss: 0.6739
trian begin
trian end
n_person 383
SAMPLE
F1_MI: 0.03802892340653455 F1_MA: 0.25976268545681536 ACC_MI: 0.03802892340653455 F1_MA: 0.2712096332785988
BEST_F1_MI: 0.883235136582753 BEST_F1_MA: 0.491253358109364 BEST_ACC_MI: 0.8832351365827531 BEST_F1_MA: 0.5223220653259164
[[   2   17 1701   15]
 [   0    1   38    2]
 [   0    2   68    0]
 [   0    1   20    0]]
Epoch: [21/200], cls_loss: 0.3132, transfer_loss: 0.6740,person_loss: 0.0000, total_Loss: 0.6502
trian begin
trian end
n_person 383
SAMPLE
F1_MI: 0.8307445099089449 F1_MA: 0.36954762700012034 ACC_MI: 0.8307445099089449 F1_MA: 0.319706956091827
BEST_F1_MI: 0.883235136582753 BEST_F1_MA: 0.491253358109364 BEST_ACC_MI: 0.8832351365827531 BEST_F1_MA: 0.5223220653259164
[[1501  113  118    3]
 [  11   17   13    0]
 [  22   14   33    1]
 [   3   10    8    0]]
Epoch: [22/200], cls_loss: 0.3245, transfer_loss: 0.6441,person_loss: 0.0000, total_Loss: 0.6466
trian begin
trian end
n_person 383
SAMPLE
F1_MI: 0.8302088912694163 F1_MA: 0.37670194284376873 ACC_MI: 0.8302088912694162 F1_MA: 0.33497840770928866
BEST_F1_MI: 0.883235136582753 BEST_F1_MA: 0.491253358109364 BEST_ACC_MI: 0.8832351365827531 BEST_F1_MA: 0.5223220653259164
[[1509  151   59   16]
 [  14   23    4    0]
 [  17   36   17    0]
 [   6    9    5    1]]
Epoch: [23/200], cls_loss: 0.3041, transfer_loss: 0.6487,person_loss: 0.0000, total_Loss: 0.6285
trian begin
trian end
n_person 383
SAMPLE
F1_MI: 0.8671665773968934 F1_MA: 0.3044144620686477 ACC_MI: 0.8671665773968934 F1_MA: 0.2949885037841645
BEST_F1_MI: 0.883235136582753 BEST_F1_MA: 0.491253358109364 BEST_ACC_MI: 0.8832351365827531 BEST_F1_MA: 0.5223220653259164
[[1599   27  106    3]
 [  25    5   10    1]
 [  51    4   15    0]
 [   8    5    8    0]]
Epoch: [24/200], cls_loss: 0.3299, transfer_loss: 0.5923,person_loss: 0.0000, total_Loss: 0.6261
trian begin
trian end
n_person 383
SAMPLE
F1_MI: 0.8237814675950723 F1_MA: 0.3456180251873097 ACC_MI: 0.8237814675950723 F1_MA: 0.3106729205506351
BEST_F1_MI: 0.883235136582753 BEST_F1_MA: 0.491253358109364 BEST_ACC_MI: 0.8832351365827531 BEST_F1_MA: 0.5223220653259164
[[1504  132   78   21]
 [  13   17    6    5]
 [  22   23   16    9]
 [   4    5   11    1]]
Epoch: [25/200], cls_loss: 0.2901, transfer_loss: 0.6439,person_loss: 0.0000, total_Loss: 0.6120
trian begin
trian end
n_person 383
SAMPLE
F1_MI: 0.8580610605249063 F1_MA: 0.3113016452742505 ACC_MI: 0.8580610605249063 F1_MA: 0.2914733642617181
BEST_F1_MI: 0.883235136582753 BEST_F1_MA: 0.491253358109364 BEST_ACC_MI: 0.8832351365827531 BEST_F1_MA: 0.5223220653259164
[[1580   65   90    0]
 [  23   11    7    0]
 [  48   11   11    0]
 [   8    7    6    0]]
Epoch: [26/200], cls_loss: 0.2834, transfer_loss: 0.6277,person_loss: 0.0000, total_Loss: 0.5973
trian begin
trian end
n_person 383
SAMPLE
F1_MI: 0.7943224424209963 F1_MA: 0.38238976582600054 ACC_MI: 0.7943224424209963 F1_MA: 0.32767627045486286
BEST_F1_MI: 0.883235136582753 BEST_F1_MA: 0.491253358109364 BEST_ACC_MI: 0.8832351365827531 BEST_F1_MA: 0.5223220653259164
[[1435  255   44    1]
 [   5   32    4    0]
 [   9   42   16    3]
 [   3   12    6    0]]
Epoch: [27/200], cls_loss: 0.2810, transfer_loss: 0.6594,person_loss: 0.0000, total_Loss: 0.6107
trian begin
trian end
n_person 383
SAMPLE
F1_MI: 0.8168184252811996 F1_MA: 0.39744232028543985 ACC_MI: 0.8168184252811997 F1_MA: 0.3387286306311072
BEST_F1_MI: 0.883235136582753 BEST_F1_MA: 0.491253358109364 BEST_ACC_MI: 0.8832351365827531 BEST_F1_MA: 0.5223220653259164
[[1468  195   69    3]
 [   7   26    8    0]
 [  13   26   31    0]
 [   3   11    7    0]]
Epoch: [28/200], cls_loss: 0.2649, transfer_loss: 0.6712,person_loss: 0.0000, total_Loss: 0.6005
trian begin
trian end
n_person 383
SAMPLE
F1_MI: 0.6925549009105517 F1_MA: 0.388103995184713 ACC_MI: 0.6925549009105517 F1_MA: 0.3219222852692479
BEST_F1_MI: 0.883235136582753 BEST_F1_MA: 0.491253358109364 BEST_ACC_MI: 0.8832351365827531 BEST_F1_MA: 0.5223220653259164
[[1220  264  224   27]
 [   0   14   26    1]
 [   0   11   57    2]
 [   0    5   14    2]]
Epoch: [29/200], cls_loss: 0.3144, transfer_loss: 0.6891,person_loss: 0.0000, total_Loss: 0.6589
trian begin
trian end
n_person 383
SAMPLE
F1_MI: 0.7986073915372255 F1_MA: 0.3804767805741244 ACC_MI: 0.7986073915372255 F1_MA: 0.3220156457302026
BEST_F1_MI: 0.883235136582753 BEST_F1_MA: 0.491253358109364 BEST_ACC_MI: 0.8832351365827531 BEST_F1_MA: 0.5223220653259164
[[1435  197  102    1]
 [   4   23   14    0]
 [   4   33   33    0]
 [   3    8   10    0]]
Epoch: [30/200], cls_loss: 0.2655, transfer_loss: 0.6633,person_loss: 0.0000, total_Loss: 0.5971
trian begin
trian end
n_person 383
SAMPLE
F1_MI: 0.8532404927691484 F1_MA: 0.3772984637987944 ACC_MI: 0.8532404927691484 F1_MA: 0.3802400487566234
BEST_F1_MI: 0.883235136582753 BEST_F1_MA: 0.491253358109364 BEST_ACC_MI: 0.8832351365827531 BEST_F1_MA: 0.5223220653259164
[[1564  164    7    0]
 [  19   18    4    0]
 [  44   15   11    0]
 [   8   12    1    0]]
Epoch: [31/200], cls_loss: 0.2554, transfer_loss: 0.6490,person_loss: 0.0000, total_Loss: 0.5799
trian begin
trian end
n_person 383
SAMPLE
F1_MI: 0.03802892340653455 F1_MA: 0.2624702445811705 ACC_MI: 0.03802892340653455 F1_MA: 0.26126195244863676
BEST_F1_MI: 0.883235136582753 BEST_F1_MA: 0.491253358109364 BEST_ACC_MI: 0.8832351365827531 BEST_F1_MA: 0.5223220653259164
[[  14 1568  153    0]
 [   1   23   17    0]
 [   0   36   34    0]
 [   1    6   14    0]]
Epoch: [32/200], cls_loss: 0.2751, transfer_loss: 0.6836,person_loss: 0.0000, total_Loss: 0.6169
trian begin
trian end
n_person 383
SAMPLE
F1_MI: 0.8516336368505624 F1_MA: 0.33681244491577783 ACC_MI: 0.8516336368505624 F1_MA: 0.3083423024952232
BEST_F1_MI: 0.883235136582753 BEST_F1_MA: 0.491253358109364 BEST_ACC_MI: 0.8832351365827531 BEST_F1_MA: 0.5223220653259164
[[1553   39  141    2]
 [  20    6   15    0]
 [  35    4   31    0]
 [   6    3   12    0]]
Epoch: [33/200], cls_loss: 0.2635, transfer_loss: 0.6775,person_loss: 0.0000, total_Loss: 0.6022
trian begin
trian end
n_person 383
SAMPLE
F1_MI: 0.8591322978039636 F1_MA: 0.2932768963642528 ACC_MI: 0.8591322978039636 F1_MA: 0.2812757058384076
BEST_F1_MI: 0.883235136582753 BEST_F1_MA: 0.491253358109364 BEST_ACC_MI: 0.8832351365827531 BEST_F1_MA: 0.5223220653259164
[[1585   46  103    1]
 [  28    4    9    0]
 [  47    8   15    0]
 [   9    5    7    0]]
Epoch: [34/200], cls_loss: 0.2226, transfer_loss: 0.6553,person_loss: 0.0000, total_Loss: 0.5502
trian begin
trian end
n_person 383
SAMPLE
F1_MI: 0.8596679164434923 F1_MA: 0.32702868402891666 ACC_MI: 0.8596679164434923 F1_MA: 0.3029987893290899
BEST_F1_MI: 0.883235136582753 BEST_F1_MA: 0.491253358109364 BEST_ACC_MI: 0.8832351365827531 BEST_F1_MA: 0.5223220653259164
[[1574   63   98    0]
 [  22    7   12    0]
 [  36   10   24    0]
 [   9    6    6    0]]
Epoch: [35/200], cls_loss: 0.2576, transfer_loss: 0.6318,person_loss: 0.0000, total_Loss: 0.5734
trian begin
trian end
n_person 383
SAMPLE
F1_MI: 0.8189608998393144 F1_MA: 0.37435966595418707 ACC_MI: 0.8189608998393144 F1_MA: 0.32457013616119545
BEST_F1_MI: 0.883235136582753 BEST_F1_MA: 0.491253358109364 BEST_ACC_MI: 0.8832351365827531 BEST_F1_MA: 0.5223220653259164
[[1465    6  264    0]
 [   6    1   34    0]
 [   7    0   63    0]
 [   3    0   18    0]]
Epoch: [36/200], cls_loss: 0.2305, transfer_loss: 0.7013,person_loss: 0.0000, total_Loss: 0.5811
trian begin
trian end
n_person 383
SAMPLE
F1_MI: 0.838243170862346 F1_MA: 0.3622232307872904 ACC_MI: 0.838243170862346 F1_MA: 0.31569563339529927
BEST_F1_MI: 0.883235136582753 BEST_F1_MA: 0.491253358109364 BEST_ACC_MI: 0.8832351365827531 BEST_F1_MA: 0.5223220653259164
[[1512   58  164    1]
 [  18    7   16    0]
 [  18    6   46    0]
 [   8    0   13    0]]
Epoch: [37/200], cls_loss: 0.2137, transfer_loss: 0.6701,person_loss: 0.0000, total_Loss: 0.5487
trian begin
trian end
n_person 383
SAMPLE
F1_MI: 0.048205677557579006 F1_MA: 0.2806527545632861 ACC_MI: 0.048205677557579006 F1_MA: 0.2573232437829007
BEST_F1_MI: 0.883235136582753 BEST_F1_MA: 0.491253358109364 BEST_ACC_MI: 0.8832351365827531 BEST_F1_MA: 0.5223220653259164
[[  17 1534  177    7]
 [   1   18   21    1]
 [   1   14   55    0]
 [   2    8   11    0]]
Epoch: [38/200], cls_loss: 0.2063, transfer_loss: 0.6349,person_loss: 0.0000, total_Loss: 0.5237
trian begin
trian end
n_person 383
