only 1 77G own ONLY/ONLY.yaml False
Namespace(backbone='resnet50', batch_size=32, config='ONLY/ONLY.yaml', data_dir='data', device=device(type='cuda'), early_stop=50, epoch_based_training=False, lr=0.003, lr_decay=0.75, lr_gamma=0.0003, lr_scheduler=True, method='False', momentum=0.9, myweight=0.1, n_epoch=200, n_iter_per_epoch=100, num_workers=3, seed=1, src_domain='77G', tgt_domain='own', tname='transfer', transfer_loss='only', transfer_loss_weight=0.5, use_bottleneck=True, weight_decay=0.0005)
JUST DO IT
run my Parkinson code
transfer
TRAIN Length: 2905 290 TEST Length: 3299 578
YYY: 0 3
DATA_PROFILE   train: 2905 train2: 3299 test: 3299
DATASET.SHAPE: <data_loader.GetTrainLoader object at 0x7fa9fc6cd2b0> True
DATASET.SHAPE: <data_loader.GetTrainLoader object at 0x7fa9f43a0f70> True
DATASET.SHAPE: <data_loader.GetTestLoader object at 0x7fa9f4345280> False
CLASS: 4 578
LLL: {}
BOTTLENECK_LIST: [Linear(in_features=512, out_features=256, bias=True), ReLU()]
TYPE: {'loss_type': 'only', 'max_iter': 18000, 'num_class': 4, 'my_person_item': <my_person_item.PersonItem object at 0x7fa9f4345880>}
initial_lr 1.0
transfer_world
method False <class 'str'>
1.8.1+cu111
True
LEN: 0 0
LOADER: <data_loader.InfiniteDataLoader object at 0x7fa9f43a0130> <data_loader.InfiniteDataLoader object at 0x7fa9f4345820>
N_batch: 90
trian begin
trian end
n_person 578
SAMPLE
F1_MI: 0.022734161867232493 F1_MA: 0.1804301682279706 ACC_MI: 0.022734161867232493 F1_MA: 0.12852171978377785
BEST_F1_MI: 0.022734161867232493 BEST_F1_MA: 0.1804301682279706 BEST_ACC_MI: 0.022734161867232493 BEST_F1_MA: 0.12852171978377785
[[   0 3075    9    1]
 [   0   45   11   19]
 [   0   35   13   56]
 [   0   10    8   17]]
Epoch: [ 1/200], cls_loss: 0.9470, transfer_loss: 0.0000,person_loss: 0.0000, total_Loss: 0.0000
trian begin
trian end
n_person 578
SAMPLE
F1_MI: 0.02576538344953016 F1_MA: 0.1115926489177711 ACC_MI: 0.02576538344953016 F1_MA: 0.07028476858985333
BEST_F1_MI: 0.02576538344953016 BEST_F1_MA: 0.1804301682279706 BEST_ACC_MI: 0.02576538344953016 BEST_F1_MA: 0.12852171978377785
[[   0    0 3080    5]
 [   0    0   73    2]
 [   0    0   71   33]
 [   0    0   21   14]]
Epoch: [ 2/200], cls_loss: 0.6962, transfer_loss: 0.0000,person_loss: 0.0000, total_Loss: 0.0000
trian begin
trian end
n_person 578
SAMPLE
F1_MI: 0.3722340103061534 F1_MA: 0.3586060200993671 ACC_MI: 0.3722340103061534 F1_MA: 0.37687687550048377
BEST_F1_MI: 0.3722340103061534 BEST_F1_MA: 0.3586060200993671 BEST_ACC_MI: 0.3722340103061534 BEST_F1_MA: 0.37687687550048377
[[1157 1879   47    2]
 [   0    7   59    9]
 [   0   13   49   42]
 [   0    2   18   15]]
Epoch: [ 3/200], cls_loss: 0.6550, transfer_loss: 0.0000,person_loss: 0.0000, total_Loss: 0.0000
trian begin
trian end
n_person 578
SAMPLE
F1_MI: 0.010912397696271597 F1_MA: 0.1282774281758543 ACC_MI: 0.010912397696271597 F1_MA: 0.08598967820279295
BEST_F1_MI: 0.3722340103061534 BEST_F1_MA: 0.3586060200993671 BEST_ACC_MI: 0.3722340103061534 BEST_F1_MA: 0.37687687550048377
[[   0    2    2 3081]
 [   0    0    0   75]
 [   0    0    1  103]
 [   0    0    0   35]]
Epoch: [ 4/200], cls_loss: 0.6395, transfer_loss: 0.0000,person_loss: 0.0000, total_Loss: 0.0000
trian begin
trian end
n_person 578
SAMPLE
F1_MI: 0.8860260685056077 F1_MA: 0.58563875329675 ACC_MI: 0.8860260685056077 F1_MA: 0.6395983849070013
BEST_F1_MI: 0.8860260685056077 BEST_F1_MA: 0.58563875329675 BEST_ACC_MI: 0.8860260685056077 BEST_F1_MA: 0.6395983849070013
[[2838  247    0    0]
 [   2   73    0    0]
 [   0   97    4    3]
 [   0   25    2    8]]
Epoch: [ 5/200], cls_loss: 0.6276, transfer_loss: 0.0000,person_loss: 0.0000, total_Loss: 0.0000
trian begin
trian end
n_person 578
SAMPLE
F1_MI: 0.9408911791451955 F1_MA: 0.49786831709803553 ACC_MI: 0.9408911791451955 F1_MA: 0.48626394117471167
BEST_F1_MI: 0.9408911791451955 BEST_F1_MA: 0.58563875329675 BEST_ACC_MI: 0.9408911791451955 BEST_F1_MA: 0.6395983849070013
[[3046   32    5    2]
 [  17   21    9   28]
 [   6   25   15   58]
 [   2   11    0   22]]
Epoch: [ 6/200], cls_loss: 0.5733, transfer_loss: 0.0000,person_loss: 0.0000, total_Loss: 0.0000
trian begin
trian end
n_person 578
SAMPLE
F1_MI: 0.021824795392543193 F1_MA: 0.309197722213156 ACC_MI: 0.021824795392543193 F1_MA: 0.30992495489053623
BEST_F1_MI: 0.9408911791451955 BEST_F1_MA: 0.58563875329675 BEST_ACC_MI: 0.9408911791451955 BEST_F1_MA: 0.6395983849070013
[[   1  133  148 2803]
 [   0   36   11   28]
 [   0   48   13   43]
 [   0   13    0   22]]
Epoch: [ 7/200], cls_loss: 0.5079, transfer_loss: 0.0000,person_loss: 0.0000, total_Loss: 0.0000
trian begin
trian end
n_person 578
SAMPLE
F1_MI: 0.9290694149742346 F1_MA: 0.4809385338760742 ACC_MI: 0.9290694149742346 F1_MA: 0.44776153103761146
BEST_F1_MI: 0.9408911791451955 BEST_F1_MA: 0.58563875329675 BEST_ACC_MI: 0.9408911791451955 BEST_F1_MA: 0.6395983849070013
[[2997   76    3    9]
 [   6   35   20   14]
 [   0   39   16   49]
 [   1   15    2   17]]
Epoch: [ 8/200], cls_loss: 0.5152, transfer_loss: 0.0000,person_loss: 0.0000, total_Loss: 0.0000
trian begin
trian end
n_person 578
SAMPLE
F1_MI: 0.9284631706577751 F1_MA: 0.46310601669899903 ACC_MI: 0.9284631706577751 F1_MA: 0.444686647346925
BEST_F1_MI: 0.9408911791451955 BEST_F1_MA: 0.58563875329675 BEST_ACC_MI: 0.9408911791451955 BEST_F1_MA: 0.6395983849070013
[[3016   55    0   14]
 [   7   18    2   48]
 [   2   25    6   71]
 [   1    6    5   23]]
Epoch: [ 9/200], cls_loss: 0.5254, transfer_loss: 0.0000,person_loss: 0.0000, total_Loss: 0.0000
trian begin
trian end
n_person 578
SAMPLE
F1_MI: 0.9372537132464384 F1_MA: 0.39588718473065293 ACC_MI: 0.9372537132464384 F1_MA: 0.3437831160883875
BEST_F1_MI: 0.9408911791451955 BEST_F1_MA: 0.58563875329675 BEST_ACC_MI: 0.9408911791451955 BEST_F1_MA: 0.6395983849070013
[[3049   35    0    1]
 [  14   23    2   36]
 [   5   33    0   66]
 [   1   14    0   20]]
Epoch: [10/200], cls_loss: 0.5397, transfer_loss: 0.0000,person_loss: 0.0000, total_Loss: 0.0000
trian begin
trian end
n_person 578
SAMPLE
F1_MI: 0.02364352834192179 F1_MA: 0.09535062518314438 ACC_MI: 0.023643528341921793 F1_MA: 0.0584521227145956
BEST_F1_MI: 0.9408911791451955 BEST_F1_MA: 0.58563875329675 BEST_ACC_MI: 0.9408911791451955 BEST_F1_MA: 0.6395983849070013
[[   0    2 3081    2]
 [   0    0   63   12]
 [   0    0   63   41]
 [   0    0   20   15]]
Epoch: [11/200], cls_loss: 0.4869, transfer_loss: 0.0000,person_loss: 0.0000, total_Loss: 0.0000
trian begin
trian end
n_person 578
SAMPLE
F1_MI: 0.012124886329190664 F1_MA: 0.3300436922953044 ACC_MI: 0.012124886329190664 F1_MA: 0.4526620018253727
BEST_F1_MI: 0.9408911791451955 BEST_F1_MA: 0.58563875329675 BEST_ACC_MI: 0.9408911791451955 BEST_F1_MA: 0.6395983849070013
[[   1    5    1 3078]
 [   0    0    0   75]
 [   0    1    4   99]
 [   0    0    0   35]]
Epoch: [12/200], cls_loss: 0.4693, transfer_loss: 0.0000,person_loss: 0.0000, total_Loss: 0.0000
trian begin
trian end
n_person 578
SAMPLE
F1_MI: 0.9411943013034253 F1_MA: 0.5277397471887992 ACC_MI: 0.9411943013034253 F1_MA: 0.5319472386490459
BEST_F1_MI: 0.9411943013034253 BEST_F1_MA: 0.58563875329675 BEST_ACC_MI: 0.9411943013034253 BEST_F1_MA: 0.6395983849070013
[[3039   43    3    0]
 [  16   41    2   16]
 [  13   44    8   39]
 [   3   15    0   17]]
Epoch: [13/200], cls_loss: 0.4674, transfer_loss: 0.0000,person_loss: 0.0000, total_Loss: 0.0000
trian begin
trian end
n_person 578
SAMPLE
F1_MI: 0.026068505607759928 F1_MA: 0.1829867544673597 ACC_MI: 0.026068505607759928 F1_MA: 0.1355633178088268
BEST_F1_MI: 0.9411943013034253 BEST_F1_MA: 0.58563875329675 BEST_ACC_MI: 0.9411943013034253 BEST_F1_MA: 0.6395983849070013
[[   0 2972  111    2]
 [   0    9   56   10]
 [   0   17   63   24]
 [   0    8   13   14]]
Epoch: [14/200], cls_loss: 0.4588, transfer_loss: 0.0000,person_loss: 0.0000, total_Loss: 0.0000
trian begin
trian end
n_person 578
SAMPLE
F1_MI: 0.02940284934828736 F1_MA: 0.3078903889784231 ACC_MI: 0.02940284934828736 F1_MA: 0.27116244986115395
BEST_F1_MI: 0.9411943013034253 BEST_F1_MA: 0.58563875329675 BEST_ACC_MI: 0.9411943013034253 BEST_F1_MA: 0.6395983849070013
[[   0 3084    1    0]
 [   0   66    8    1]
 [   0   72   18   14]
 [   0   19    3   13]]
Epoch: [15/200], cls_loss: 0.4446, transfer_loss: 0.0000,person_loss: 0.0000, total_Loss: 0.0000
trian begin
trian end
n_person 578
SAMPLE
F1_MI: 0.013640497120339497 F1_MA: 0.057970257187362595 ACC_MI: 0.013640497120339497 F1_MA: 0.033363054023730146
BEST_F1_MI: 0.9411943013034253 BEST_F1_MA: 0.58563875329675 BEST_ACC_MI: 0.9411943013034253 BEST_F1_MA: 0.6395983849070013
[[   0 2475  533   77]
 [   0    4   17   54]
 [   0   11   18   75]
 [   0    7    5   23]]
Epoch: [16/200], cls_loss: 0.4472, transfer_loss: 0.0000,person_loss: 0.0000, total_Loss: 0.0000
trian begin
trian end
n_person 578
SAMPLE
F1_MI: 0.914216429220976 F1_MA: 0.4934110107907389 ACC_MI: 0.914216429220976 F1_MA: 0.44884920379137494
BEST_F1_MI: 0.9411943013034253 BEST_F1_MA: 0.58563875329675 BEST_ACC_MI: 0.9411943013034253 BEST_F1_MA: 0.6395983849070013
[[2940  143    2    0]
 [   4   60    0   11]
 [   2   69    1   32]
 [   0   20    0   15]]
Epoch: [17/200], cls_loss: 0.4521, transfer_loss: 0.0000,person_loss: 0.0000, total_Loss: 0.0000
trian begin
trian end
n_person 578
SAMPLE
F1_MI: 0.9424067899363443 F1_MA: 0.4732958977674907 ACC_MI: 0.9424067899363443 F1_MA: 0.44357958141876835
BEST_F1_MI: 0.9424067899363443 BEST_F1_MA: 0.58563875329675 BEST_ACC_MI: 0.9424067899363443 BEST_F1_MA: 0.6395983849070013
[[3039   23   22    1]
 [  11    8   28   28]
 [   3   13   44   44]
 [   1    3   13   18]]
Epoch: [18/200], cls_loss: 0.4041, transfer_loss: 0.0000,person_loss: 0.0000, total_Loss: 0.0000
trian begin
trian end
n_person 578
SAMPLE
F1_MI: 0.8993634434677175 F1_MA: 0.403218672914835 ACC_MI: 0.8993634434677175 F1_MA: 0.3501561716066331
BEST_F1_MI: 0.9424067899363443 BEST_F1_MA: 0.58563875329675 BEST_ACC_MI: 0.9424067899363443 BEST_F1_MA: 0.6395983849070013
[[2901   12  171    1]
 [   2    1   49   23]
 [   0   10   48   46]
 [   0    6   12   17]]
Epoch: [19/200], cls_loss: 0.3874, transfer_loss: 0.0000,person_loss: 0.0000, total_Loss: 0.0000
trian begin
trian end
n_person 578
SAMPLE
F1_MI: 0.9484692331009397 F1_MA: 0.5730111427434847 ACC_MI: 0.9484692331009397 F1_MA: 0.6089804726918395
BEST_F1_MI: 0.9484692331009397 BEST_F1_MA: 0.58563875329675 BEST_ACC_MI: 0.9484692331009397 BEST_F1_MA: 0.6395983849070013
[[3038   45    2    0]
 [  11   36   28    0]
 [  13   40   46    5]
 [   2   14   10    9]]
Epoch: [20/200], cls_loss: 0.3958, transfer_loss: 0.0000,person_loss: 0.0000, total_Loss: 0.0000
trian begin
trian end
n_person 578
SAMPLE
F1_MI: 0.011215519854501364 F1_MA: 0.050024427703229755 ACC_MI: 0.011215519854501364 F1_MA: 0.0279794521352995
BEST_F1_MI: 0.9484692331009397 BEST_F1_MA: 0.58563875329675 BEST_ACC_MI: 0.9484692331009397 BEST_F1_MA: 0.6395983849070013
[[   0    0 2996   89]
 [   0    0   11   64]
 [   0    0    6   98]
 [   0    0    4   31]]
Epoch: [21/200], cls_loss: 0.3676, transfer_loss: 0.0000,person_loss: 0.0000, total_Loss: 0.0000
trian begin
trian end
n_person 578
SAMPLE
F1_MI: 0.9499848438920885 F1_MA: 0.5702464823394154 ACC_MI: 0.9499848438920885 F1_MA: 0.6538497630825909
BEST_F1_MI: 0.9499848438920885 BEST_F1_MA: 0.58563875329675 BEST_ACC_MI: 0.9499848438920885 BEST_F1_MA: 0.6538497630825909
[[3069   15    1    0]
 [  32   42    0    1]
 [  29   44   10   21]
 [   5   17    0   13]]
Epoch: [22/200], cls_loss: 0.3526, transfer_loss: 0.0000,person_loss: 0.0000, total_Loss: 0.0000
trian begin
trian end
n_person 578
SAMPLE
F1_MI: 0.8893604122461352 F1_MA: 0.5897262742607422 ACC_MI: 0.8893604122461352 F1_MA: 0.6500572780167796
BEST_F1_MI: 0.9499848438920885 BEST_F1_MA: 0.5897262742607422 BEST_ACC_MI: 0.9499848438920885 BEST_F1_MA: 0.6538497630825909
[[2833    0  252    0]
 [   2    1   69    3]
 [   0    0   86   18]
 [   0    0   21   14]]
Epoch: [23/200], cls_loss: 0.3461, transfer_loss: 0.0000,person_loss: 0.0000, total_Loss: 0.0000
trian begin
trian end
n_person 578
SAMPLE
F1_MI: 0.011518642012731133 F1_MA: 0.06224136443603332 ACC_MI: 0.011518642012731131 F1_MA: 0.03700878409616273
BEST_F1_MI: 0.9499848438920885 BEST_F1_MA: 0.5897262742607422 BEST_ACC_MI: 0.9499848438920885 BEST_F1_MA: 0.6538497630825909
[[   0   46 3031    8]
 [   0    0   33   42]
 [   0    6   16   82]
 [   0    3   10   22]]
Epoch: [24/200], cls_loss: 0.3447, transfer_loss: 0.0000,person_loss: 0.0000, total_Loss: 0.0000
trian begin
trian end
n_person 578
SAMPLE
F1_MI: 0.9499848438920885 F1_MA: 0.4589707603281867 ACC_MI: 0.9499848438920885 F1_MA: 0.4246936625696085
BEST_F1_MI: 0.9499848438920885 BEST_F1_MA: 0.5897262742607422 BEST_ACC_MI: 0.9499848438920885 BEST_F1_MA: 0.6538497630825909
[[3059    5   21    0]
 [  17    0   53    5]
 [  12    3   60   29]
 [   2    3   15   15]]
Epoch: [25/200], cls_loss: 0.3429, transfer_loss: 0.0000,person_loss: 0.0000, total_Loss: 0.0000
trian begin
trian end
n_person 578
SAMPLE
F1_MI: 0.9293725371324644 F1_MA: 0.5100295253320356 ACC_MI: 0.9293725371324644 F1_MA: 0.48611659108271177
BEST_F1_MI: 0.9499848438920885 BEST_F1_MA: 0.5897262742607422 BEST_ACC_MI: 0.9499848438920885 BEST_F1_MA: 0.6538497630825909
[[2994   80    9    2]
 [   8   33    8   26]
 [   2   38   20   44]
 [   1   15    0   19]]
Epoch: [26/200], cls_loss: 0.3336, transfer_loss: 0.0000,person_loss: 0.0000, total_Loss: 0.0000
trian begin
trian end
n_person 578
SAMPLE
F1_MI: 0.029705971506517128 F1_MA: 0.24829052357852863 ACC_MI: 0.029705971506517128 F1_MA: 0.22495761416381777
BEST_F1_MI: 0.9499848438920885 BEST_F1_MA: 0.5897262742607422 BEST_ACC_MI: 0.9499848438920885 BEST_F1_MA: 0.6538497630825909
[[   0   20 3065    0]
 [   0   14   61    0]
 [   1   22   78    3]
 [   0   11   18    6]]
Epoch: [27/200], cls_loss: 0.3226, transfer_loss: 0.0000,person_loss: 0.0000, total_Loss: 0.0000
trian begin
trian end
n_person 578
SAMPLE
F1_MI: 0.4625644134586238 F1_MA: 0.4135247099704936 ACC_MI: 0.4625644134586238 F1_MA: 0.4185227174624331
BEST_F1_MI: 0.9499848438920885 BEST_F1_MA: 0.5897262742607422 BEST_ACC_MI: 0.9499848438920885 BEST_F1_MA: 0.6538497630825909
[[1443  106 1536    0]
 [   0   38   37    0]
 [   1   57   33   13]
 [   0   17    6   12]]
Epoch: [28/200], cls_loss: 0.3170, transfer_loss: 0.0000,person_loss: 0.0000, total_Loss: 0.0000
trian begin
trian end
n_person 578
SAMPLE
F1_MI: 0.02940284934828736 F1_MA: 0.2704134022923389 ACC_MI: 0.02940284934828736 F1_MA: 0.22274343976890973
BEST_F1_MI: 0.9499848438920885 BEST_F1_MA: 0.5897262742607422 BEST_ACC_MI: 0.9499848438920885 BEST_F1_MA: 0.6538497630825909
[[   0 3078    7    0]
 [   1   53   20    1]
 [   0   53   31   20]
 [   0   17    5   13]]
Epoch: [29/200], cls_loss: 0.2999, transfer_loss: 0.0000,person_loss: 0.0000, total_Loss: 0.0000
trian begin
trian end
n_person 578
SAMPLE
F1_MI: 0.027280994240678993 F1_MA: 0.12256614655872343 ACC_MI: 0.027280994240678993 F1_MA: 0.07788994574873848
BEST_F1_MI: 0.9499848438920885 BEST_F1_MA: 0.5897262742607422 BEST_ACC_MI: 0.9499848438920885 BEST_F1_MA: 0.6538497630825909
[[   0    0 3085    0]
 [   0    0   67    8]
 [   0    0   75   29]
 [   0    0   20   15]]
Epoch: [30/200], cls_loss: 0.2949, transfer_loss: 0.0000,person_loss: 0.0000, total_Loss: 0.0000
trian begin
trian end
n_person 578
SAMPLE
F1_MI: 0.030615337981206425 F1_MA: 0.16329245640737458 ACC_MI: 0.030615337981206425 F1_MA: 0.11157271641142609
BEST_F1_MI: 0.9499848438920885 BEST_F1_MA: 0.5897262742607422 BEST_ACC_MI: 0.9499848438920885 BEST_F1_MA: 0.6538497630825909
[[   0    0 3085    0]
 [   0    0   72    3]
 [   0    1   88   15]
 [   0    0   22   13]]
Epoch: [31/200], cls_loss: 0.2806, transfer_loss: 0.0000,person_loss: 0.0000, total_Loss: 0.0000
trian begin
trian end
n_person 578
SAMPLE
F1_MI: 0.9418005456198848 F1_MA: 0.42686732273498035 ACC_MI: 0.9418005456198848 F1_MA: 0.41868288991496433
BEST_F1_MI: 0.9499848438920885 BEST_F1_MA: 0.5897262742607422 BEST_ACC_MI: 0.9499848438920885 BEST_F1_MA: 0.6538497630825909
[[3030    3   52    0]
 [  10    0   65    0]
 [  13   13   76    2]
 [   4    6   24    1]]
Epoch: [32/200], cls_loss: 0.3110, transfer_loss: 0.0000,person_loss: 0.0000, total_Loss: 0.0000
trian begin
trian end
n_person 578
SAMPLE
F1_MI: 0.932403758714762 F1_MA: 0.5348311722315052 ACC_MI: 0.932403758714762 F1_MA: 0.5475213348535496
BEST_F1_MI: 0.9499848438920885 BEST_F1_MA: 0.5897262742607422 BEST_ACC_MI: 0.9499848438920885 BEST_F1_MA: 0.6538497630825909
[[2975    1  109    0]
 [   2    1   68    4]
 [   3    0   92    9]
 [   0    0   27    8]]
Epoch: [33/200], cls_loss: 0.2762, transfer_loss: 0.0000,person_loss: 0.0000, total_Loss: 0.0000
trian begin
trian end
n_person 578
SAMPLE
F1_MI: 0.9445286450439527 F1_MA: 0.4794553277955994 ACC_MI: 0.9445286450439527 F1_MA: 0.4659889060194476
BEST_F1_MI: 0.9499848438920885 BEST_F1_MA: 0.5897262742607422 BEST_ACC_MI: 0.9499848438920885 BEST_F1_MA: 0.6538497630825909
[[3048   24   13    0]
 [  19    8   28   20]
 [  17   13   44   30]
 [   6    6    7   16]]
Epoch: [34/200], cls_loss: 0.2742, transfer_loss: 0.0000,person_loss: 0.0000, total_Loss: 0.0000
trian begin
trian end
n_person 578
SAMPLE
F1_MI: 0.9408911791451955 F1_MA: 0.4727710666722815 ACC_MI: 0.9408911791451955 F1_MA: 0.4854923413940039
BEST_F1_MI: 0.9499848438920885 BEST_F1_MA: 0.5897262742607422 BEST_ACC_MI: 0.9499848438920885 BEST_F1_MA: 0.6538497630825909
[[3046   34    4    1]
 [  22   24    9   20]
 [  12   39   23   30]
 [   5   14    5   11]]
Epoch: [35/200], cls_loss: 0.2719, transfer_loss: 0.0000,person_loss: 0.0000, total_Loss: 0.0000
trian begin
trian end
n_person 578
SAMPLE
F1_MI: 0.011518642012731133 F1_MA: 0.04992270079662256 ACC_MI: 0.011518642012731131 F1_MA: 0.028420518298257265
BEST_F1_MI: 0.9499848438920885 BEST_F1_MA: 0.5897262742607422 BEST_ACC_MI: 0.9499848438920885 BEST_F1_MA: 0.6538497630825909
[[   0   16   82 2987]
 [   0    0   26   49]
 [   0    1   14   89]
 [   0    1   10   24]]
Epoch: [36/200], cls_loss: 0.2671, transfer_loss: 0.0000,person_loss: 0.0000, total_Loss: 0.0000
trian begin
trian end
n_person 578
SAMPLE
F1_MI: 0.013034252803879964 F1_MA: 0.1752469636882069 ACC_MI: 0.013034252803879964 F1_MA: 0.14261826949520015
BEST_F1_MI: 0.9499848438920885 BEST_F1_MA: 0.5897262742607422 BEST_ACC_MI: 0.9499848438920885 BEST_F1_MA: 0.6538497630825909
[[   0   49    4 3032]
 [   0   16    2   57]
 [   0   21    4   79]
 [   0   12    0   23]]
Epoch: [37/200], cls_loss: 0.2919, transfer_loss: 0.0000,person_loss: 0.0000, total_Loss: 0.0000
trian begin
trian end
n_person 578
SAMPLE
F1_MI: 0.03182782661412549 F1_MA: 0.22541692564632926 ACC_MI: 0.03182782661412549 F1_MA: 0.19524369875493472
BEST_F1_MI: 0.9499848438920885 BEST_F1_MA: 0.5897262742607422 BEST_ACC_MI: 0.9499848438920885 BEST_F1_MA: 0.6538497630825909
[[   0    1 3084    0]
 [   0    0   75    0]
 [   0    1  102    1]
 [   0    0   32    3]]
Epoch: [38/200], cls_loss: 0.2602, transfer_loss: 0.0000,person_loss: 0.0000, total_Loss: 0.0000
trian begin
trian end
n_person 578
SAMPLE
F1_MI: 0.03607153682934223 F1_MA: 0.30117438243284267 ACC_MI: 0.03607153682934223 F1_MA: 0.32540347872907327
BEST_F1_MI: 0.9499848438920885 BEST_F1_MA: 0.5897262742607422 BEST_ACC_MI: 0.9499848438920885 BEST_F1_MA: 0.6538497630825909
[[  29    6 3050    0]
 [   0    0   71    4]
 [   3    6   77   18]
 [   0    3   19   13]]
Epoch: [39/200], cls_loss: 0.2462, transfer_loss: 0.0000,person_loss: 0.0000, total_Loss: 0.0000
trian begin
trian end
n_person 578
SAMPLE
F1_MI: 0.026977872082449228 F1_MA: 0.25731063884972827 ACC_MI: 0.026977872082449228 F1_MA: 0.2106677278313957
BEST_F1_MI: 0.9499848438920885 BEST_F1_MA: 0.5897262742607422 BEST_ACC_MI: 0.9499848438920885 BEST_F1_MA: 0.6538497630825909
[[   0 3077    7    1]
 [   0   54    5   16]
 [   0   52   21   31]
 [   0   19    2   14]]
Epoch: [40/200], cls_loss: 0.2545, transfer_loss: 0.0000,person_loss: 0.0000, total_Loss: 0.0000
trian begin
trian end
n_person 578
SAMPLE
F1_MI: 0.020612306759624128 F1_MA: 0.3450320300078716 ACC_MI: 0.020612306759624128 F1_MA: 0.42478338607357075
BEST_F1_MI: 0.9499848438920885 BEST_F1_MA: 0.5897262742607422 BEST_ACC_MI: 0.9499848438920885 BEST_F1_MA: 0.6538497630825909
[[   1 3032    9   43]
 [   0   27    4   44]
 [   0   23   18   63]
 [   0   12    1   22]]
Epoch: [41/200], cls_loss: 0.2416, transfer_loss: 0.0000,person_loss: 0.0000, total_Loss: 0.0000
trian begin
trian end
n_person 578
SAMPLE
F1_MI: 0.029099727190057594 F1_MA: 0.1756748439352113 ACC_MI: 0.029099727190057594 F1_MA: 0.12538777637502285
BEST_F1_MI: 0.9499848438920885 BEST_F1_MA: 0.5897262742607422 BEST_ACC_MI: 0.9499848438920885 BEST_F1_MA: 0.6538497630825909
[[   0    2 3083    0]
 [   0    1   70    4]
 [   0    2   82   20]
 [   0    3   19   13]]
Epoch: [42/200], cls_loss: 0.2725, transfer_loss: 0.0000,person_loss: 0.0000, total_Loss: 0.0000
trian begin
trian end
n_person 578
SAMPLE
F1_MI: 0.9496817217338588 F1_MA: 0.4761040950501196 ACC_MI: 0.9496817217338588 F1_MA: 0.4632359437021977
BEST_F1_MI: 0.9499848438920885 BEST_F1_MA: 0.5897262742607422 BEST_ACC_MI: 0.9499848438920885 BEST_F1_MA: 0.6538497630825909
[[3058    1   26    0]
 [  37    0   34    4]
 [  25    2   62   15]
 [  10    2   10   13]]
Epoch: [43/200], cls_loss: 0.2477, transfer_loss: 0.0000,person_loss: 0.0000, total_Loss: 0.0000
trian begin
trian end
n_person 578
SAMPLE
F1_MI: 0.9439224007274932 F1_MA: 0.47194415925789435 ACC_MI: 0.9439224007274932 F1_MA: 0.4544295730130232
BEST_F1_MI: 0.9499848438920885 BEST_F1_MA: 0.5897262742607422 BEST_ACC_MI: 0.9499848438920885 BEST_F1_MA: 0.6538497630825909
[[3037   28   18    2]
 [  18    3   47    7]
 [  12   14   62   16]
 [   2   10   11   12]]
Epoch: [44/200], cls_loss: 0.2329, transfer_loss: 0.0000,person_loss: 0.0000, total_Loss: 0.0000
trian begin
trian end
n_person 578
SAMPLE
F1_MI: 0.02364352834192179 F1_MA: 0.26646164658560967 ACC_MI: 0.023643528341921793 F1_MA: 0.27577817708304425
BEST_F1_MI: 0.9499848438920885 BEST_F1_MA: 0.5897262742607422 BEST_ACC_MI: 0.9499848438920885 BEST_F1_MA: 0.6538497630825909
[[  15   88 2966   16]
 [   2    6   28   39]
 [   0   10   36   58]
 [   0   11    3   21]]
Epoch: [45/200], cls_loss: 0.2755, transfer_loss: 0.0000,person_loss: 0.0000, total_Loss: 0.0000
trian begin
trian end
n_person 578
SAMPLE
F1_MI: 0.02576538344953016 F1_MA: 0.11509901817812965 ACC_MI: 0.02576538344953016 F1_MA: 0.07381279627499929
BEST_F1_MI: 0.9499848438920885 BEST_F1_MA: 0.5897262742607422 BEST_ACC_MI: 0.9499848438920885 BEST_F1_MA: 0.6538497630825909
[[   0    2 3082    1]
 [   1    0   67    7]
 [   0    7   73   24]
 [   0    4   19   12]]
Epoch: [46/200], cls_loss: 0.2469, transfer_loss: 0.0000,person_loss: 0.0000, total_Loss: 0.0000
trian begin
trian end
n_person 578
SAMPLE
F1_MI: 0.9381630797211277 F1_MA: 0.43990120339548544 ACC_MI: 0.9381630797211277 F1_MA: 0.40723173128382045
BEST_F1_MI: 0.9499848438920885 BEST_F1_MA: 0.5897262742607422 BEST_ACC_MI: 0.9499848438920885 BEST_F1_MA: 0.6538497630825909
[[3035    4   41    5]
 [  10    3   34   28]
 [   8    6   39   51]
 [   1    9    7   18]]
Epoch: [47/200], cls_loss: 0.2050, transfer_loss: 0.0000,person_loss: 0.0000, total_Loss: 0.0000
trian begin
trian end
n_person 578
SAMPLE
F1_MI: 0.023340406183692028 F1_MA: 0.14908549743893051 ACC_MI: 0.023340406183692028 F1_MA: 0.10139698455455216
BEST_F1_MI: 0.9499848438920885 BEST_F1_MA: 0.5897262742607422 BEST_ACC_MI: 0.9499848438920885 BEST_F1_MA: 0.6538497630825909
[[   0 1364   33 1688]
 [   0   17   29   29]
 [   0    7   43   54]
 [   0   11    7   17]]
Epoch: [48/200], cls_loss: 0.2176, transfer_loss: 0.0000,person_loss: 0.0000, total_Loss: 0.0000
trian begin
trian end
n_person 578
SAMPLE
F1_MI: 0.021824795392543193 F1_MA: 0.08813374437789444 ACC_MI: 0.021824795392543193 F1_MA: 0.05377169805146999
BEST_F1_MI: 0.9499848438920885 BEST_F1_MA: 0.5897262742607422 BEST_ACC_MI: 0.9499848438920885 BEST_F1_MA: 0.6538497630825909
[[   0    0 3084    1]
 [   0    0   61   14]
 [   0    1   57   46]
 [   0    5   15   15]]
Epoch: [49/200], cls_loss: 0.2088, transfer_loss: 0.0000,person_loss: 0.0000, total_Loss: 0.0000
trian begin
trian end
n_person 578
SAMPLE
F1_MI: 0.027280994240678993 F1_MA: 0.36365050899525475 ACC_MI: 0.027280994240678993 F1_MA: 0.43916292002178114
BEST_F1_MI: 0.9499848438920885 BEST_F1_MA: 0.5897262742607422 BEST_ACC_MI: 0.9499848438920885 BEST_F1_MA: 0.6538497630825909
[[   1 3067   16    1]
 [   0   22   44    9]
 [   0   28   51   25]
 [   0   13    6   16]]
Epoch: [50/200], cls_loss: 0.2278, transfer_loss: 0.0000,person_loss: 0.0000, total_Loss: 0.0000
trian begin
trian end
n_person 578
SAMPLE
F1_MI: 0.936344346771749 F1_MA: 0.45709504007973156 ACC_MI: 0.936344346771749 F1_MA: 0.43742854218328736
BEST_F1_MI: 0.9499848438920885 BEST_F1_MA: 0.5897262742607422 BEST_ACC_MI: 0.9499848438920885 BEST_F1_MA: 0.6538497630825909
[[3005   27   53    0]
 [  11    0   60    4]
 [   9   11   77    7]
 [   3    6   19    7]]
Epoch: [51/200], cls_loss: 0.1931, transfer_loss: 0.0000,person_loss: 0.0000, total_Loss: 0.0000
trian begin
trian end
n_person 578
SAMPLE
F1_MI: 0.9378599575628979 F1_MA: 0.4506463806466358 ACC_MI: 0.9378599575628979 F1_MA: 0.40695386361348307
BEST_F1_MI: 0.9499848438920885 BEST_F1_MA: 0.5897262742607422 BEST_ACC_MI: 0.9499848438920885 BEST_F1_MA: 0.6538497630825909
[[3005    6   73    1]
 [   3    0   68    4]
 [   1    6   79   18]
 [   1    2   22   10]]
Epoch: [52/200], cls_loss: 0.1967, transfer_loss: 0.0000,person_loss: 0.0000, total_Loss: 0.0000
trian begin
trian end
n_person 578
SAMPLE
F1_MI: 0.027887238557138528 F1_MA: 0.1521176123308457 ACC_MI: 0.027887238557138528 F1_MA: 0.1052530302048224
BEST_F1_MI: 0.9499848438920885 BEST_F1_MA: 0.5897262742607422 BEST_ACC_MI: 0.9499848438920885 BEST_F1_MA: 0.6538497630825909
[[   0    5 3080    0]
 [   0    1   72    2]
 [   0    5   80   19]
 [   0    8   16   11]]
Epoch: [53/200], cls_loss: 0.1837, transfer_loss: 0.0000,person_loss: 0.0000, total_Loss: 0.0000
trian begin
trian end
n_person 578
SAMPLE
F1_MI: 0.02849348287359806 F1_MA: 0.31389367609067936 ACC_MI: 0.02849348287359806 F1_MA: 0.34754926887094867
BEST_F1_MI: 0.9499848438920885 BEST_F1_MA: 0.5897262742607422 BEST_ACC_MI: 0.9499848438920885 BEST_F1_MA: 0.6538497630825909
[[   7   37 3041    0]
 [   1   16   51    7]
 [   0   25   58   21]
 [   0   11   11   13]]
Epoch: [54/200], cls_loss: 0.1715, transfer_loss: 0.0000,person_loss: 0.0000, total_Loss: 0.0000
trian begin
trian end
n_person 578
SAMPLE
F1_MI: 0.9442255228857229 F1_MA: 0.4692086837686025 ACC_MI: 0.9442255228857229 F1_MA: 0.42687610837149154
BEST_F1_MI: 0.9499848438920885 BEST_F1_MA: 0.5897262742607422 BEST_ACC_MI: 0.9499848438920885 BEST_F1_MA: 0.6538497630825909
[[3028    1   56    0]
 [   7    0   65    3]
 [   8    2   73   21]
 [   1    2   18   14]]
Epoch: [55/200], cls_loss: 0.1757, transfer_loss: 0.0000,person_loss: 0.0000, total_Loss: 0.0000
trian begin
trian end
n_person 578
SAMPLE
F1_MI: 0.028190360715368293 F1_MA: 0.3358805188877657 ACC_MI: 0.028190360715368293 F1_MA: 0.3431092633406799
BEST_F1_MI: 0.9499848438920885 BEST_F1_MA: 0.5897262742607422 BEST_ACC_MI: 0.9499848438920885 BEST_F1_MA: 0.6538497630825909
[[   1 3080    4    0]
 [   3   70    2    0]
 [   3   83   13    5]
 [   0   22    4    9]]
Epoch: [56/200], cls_loss: 0.1717, transfer_loss: 0.0000,person_loss: 0.0000, total_Loss: 0.0000
trian begin
trian end
n_person 578
SAMPLE
F1_MI: 0.018793573810245528 F1_MA: 0.09378109958001321 ACC_MI: 0.018793573810245528 F1_MA: 0.05856232156239676
BEST_F1_MI: 0.9499848438920885 BEST_F1_MA: 0.5897262742607422 BEST_ACC_MI: 0.9499848438920885 BEST_F1_MA: 0.6538497630825909
[[   0    4 3069   12]
 [   0    1   50   24]
 [   0    6   43   55]
 [   0    7   10   18]]
Epoch: [57/200], cls_loss: 0.2127, transfer_loss: 0.0000,person_loss: 0.0000, total_Loss: 0.0000
trian begin
trian end
n_person 578
SAMPLE
F1_MI: 0.03364655956350409 F1_MA: 0.370193484505332 ACC_MI: 0.03364655956350409 F1_MA: 0.40942323805227027
BEST_F1_MI: 0.9499848438920885 BEST_F1_MA: 0.5897262742607422 BEST_ACC_MI: 0.9499848438920885 BEST_F1_MA: 0.6538497630825909
[[   4 2973  105    3]
 [   0   15   54    6]
 [   0    5   78   21]
 [   0   10   11   14]]
Epoch: [58/200], cls_loss: 0.1648, transfer_loss: 0.0000,person_loss: 0.0000, total_Loss: 0.0000
trian begin
trian end
n_person 578
SAMPLE
F1_MI: 0.010609275538041831 F1_MA: 0.01879106467151095 ACC_MI: 0.010609275538041831 F1_MA: 0.009785465761125545
BEST_F1_MI: 0.9499848438920885 BEST_F1_MA: 0.5897262742607422 BEST_ACC_MI: 0.9499848438920885 BEST_F1_MA: 0.6538497630825909
[[   0    1   86 2998]
 [   0    0   11   64]
 [   0    0    3  101]
 [   0    0    3   32]]
Epoch: [59/200], cls_loss: 0.1813, transfer_loss: 0.0000,person_loss: 0.0000, total_Loss: 0.0000
trian begin
trian end
n_person 578
SAMPLE
F1_MI: 0.02394665050015156 F1_MA: 0.11573804448260072 ACC_MI: 0.023946650500151562 F1_MA: 0.0742882132677027
BEST_F1_MI: 0.9499848438920885 BEST_F1_MA: 0.5897262742607422 BEST_ACC_MI: 0.9499848438920885 BEST_F1_MA: 0.6538497630825909
[[   0   86 2998    1]
 [   0    6   59   10]
 [   0    7   59   38]
 [   0    8   13   14]]
Epoch: [60/200], cls_loss: 0.1601, transfer_loss: 0.0000,person_loss: 0.0000, total_Loss: 0.0000
trian begin
trian end
n_person 578
SAMPLE
F1_MI: 0.655956350409215 F1_MA: 0.4012479322092427 ACC_MI: 0.655956350409215 F1_MA: 0.37507279674668415
BEST_F1_MI: 0.9499848438920885 BEST_F1_MA: 0.5897262742607422 BEST_ACC_MI: 0.9499848438920885 BEST_F1_MA: 0.6538497630825909
[[2090  931   43   21]
 [   2   14   39   20]
 [   1   15   45   43]
 [   0   13    7   15]]
Epoch: [61/200], cls_loss: 0.1670, transfer_loss: 0.0000,person_loss: 0.0000, total_Loss: 0.0000
trian begin
trian end
n_person 578
SAMPLE
F1_MI: 0.02546226129130039 F1_MA: 0.1863097950626424 ACC_MI: 0.025462261291300393 F1_MA: 0.14337631299803372
BEST_F1_MI: 0.9499848438920885 BEST_F1_MA: 0.5897262742607422 BEST_ACC_MI: 0.9499848438920885 BEST_F1_MA: 0.6538497630825909
[[   1    4 3079    1]
 [   1    0   58   16]
 [   1    1   69   33]
 [   0    6   15   14]]
Epoch: [62/200], cls_loss: 0.1667, transfer_loss: 0.0000,person_loss: 0.0000, total_Loss: 0.0000
trian begin
trian end
n_person 578
SAMPLE
F1_MI: 0.9460442558351014 F1_MA: 0.4778536621031342 ACC_MI: 0.9460442558351015 F1_MA: 0.44638231796033506
BEST_F1_MI: 0.9499848438920885 BEST_F1_MA: 0.5897262742607422 BEST_ACC_MI: 0.9499848438920885 BEST_F1_MA: 0.6538497630825909
[[3031    2   52    0]
 [   6    0   68    1]
 [   3    8   79   14]
 [   1    6   17   11]]
Epoch: [63/200], cls_loss: 0.1885, transfer_loss: 0.0000,person_loss: 0.0000, total_Loss: 0.0000
trian begin
trian end
n_person 578
SAMPLE
F1_MI: 0.026068505607759928 F1_MA: 0.37019076262860434 ACC_MI: 0.026068505607759928 F1_MA: 0.4442021045428907
BEST_F1_MI: 0.9499848438920885 BEST_F1_MA: 0.5897262742607422 BEST_ACC_MI: 0.9499848438920885 BEST_F1_MA: 0.6538497630825909
[[   1 3075    8    1]
 [   0   45   11   19]
 [   0   49   25   30]
 [   0   17    3   15]]
Epoch: [64/200], cls_loss: 0.1674, transfer_loss: 0.0000,person_loss: 0.0000, total_Loss: 0.0000
trian begin
trian end
n_person 578
SAMPLE
F1_MI: 0.05547135495604729 F1_MA: 0.3109045880818279 ACC_MI: 0.05547135495604729 F1_MA: 0.3347522404869203
BEST_F1_MI: 0.9499848438920885 BEST_F1_MA: 0.5897262742607422 BEST_ACC_MI: 0.9499848438920885 BEST_F1_MA: 0.6538497630825909
[[  93    1 2991    0]
 [   0    0   70    5]
 [   1    3   76   24]
 [   0    0   21   14]]
Epoch: [65/200], cls_loss: 0.1597, transfer_loss: 0.0000,person_loss: 0.0000, total_Loss: 0.0000
trian begin
trian end
n_person 578
SAMPLE
F1_MI: 0.9411943013034253 F1_MA: 0.4797164402484593 ACC_MI: 0.9411943013034253 F1_MA: 0.4402053075129998
BEST_F1_MI: 0.9499848438920885 BEST_F1_MA: 0.5897262742607422 BEST_ACC_MI: 0.9499848438920885 BEST_F1_MA: 0.6538497630825909
[[3015    2   68    0]
 [  13    0   60    2]
 [  10    1   76   17]
 [   4    1   16   14]]
Epoch: [66/200], cls_loss: 0.1299, transfer_loss: 0.0000,person_loss: 0.0000, total_Loss: 0.0000
trian begin
trian end
n_person 578
SAMPLE
F1_MI: 0.014549863595028797 F1_MA: 0.0762065158090571 ACC_MI: 0.014549863595028797 F1_MA: 0.04627215255804263
BEST_F1_MI: 0.9499848438920885 BEST_F1_MA: 0.5897262742607422 BEST_ACC_MI: 0.9499848438920885 BEST_F1_MA: 0.6538497630825909
[[   0    5 2899  181]
 [   0    1   29   45]
 [   0    3   26   75]
 [   0    0   14   21]]
Epoch: [67/200], cls_loss: 0.1551, transfer_loss: 0.0000,person_loss: 0.0000, total_Loss: 0.0000
trian begin
trian end
n_person 578
SAMPLE
F1_MI: 0.9030009093664747 F1_MA: 0.5209620523933033 ACC_MI: 0.9030009093664747 F1_MA: 0.4775610550799525
BEST_F1_MI: 0.9499848438920885 BEST_F1_MA: 0.5897262742607422 BEST_ACC_MI: 0.9499848438920885 BEST_F1_MA: 0.6538497630825909
[[2886  180   19    0]
 [   2   53   19    1]
 [   1   53   26   24]
 [   0   16    5   14]]
Epoch: [68/200], cls_loss: 0.1717, transfer_loss: 0.0000,person_loss: 0.0000, total_Loss: 0.0000
trian begin
trian end
n_person 578
SAMPLE
F1_MI: 0.9387693240375872 F1_MA: 0.46938239267391535 ACC_MI: 0.9387693240375872 F1_MA: 0.43353403717145056
BEST_F1_MI: 0.9499848438920885 BEST_F1_MA: 0.5897262742607422 BEST_ACC_MI: 0.9499848438920885 BEST_F1_MA: 0.6538497630825909
[[3019   33   32    1]
 [   7    4   57    7]
 [   4   13   58   29]
 [   1    6   12   16]]
Epoch: [69/200], cls_loss: 0.1562, transfer_loss: 0.0000,person_loss: 0.0000, total_Loss: 0.0000
trian begin
trian end
n_person 578
SAMPLE
F1_MI: 0.9366474689299787 F1_MA: 0.5093119018390141 ACC_MI: 0.9366474689299787 F1_MA: 0.4945512481095092
BEST_F1_MI: 0.9499848438920885 BEST_F1_MA: 0.5897262742607422 BEST_ACC_MI: 0.9499848438920885 BEST_F1_MA: 0.6538497630825909
[[3016   55   14    0]
 [  21   34   14    6]
 [   6   44   25   29]
 [   6   12    2   15]]
Epoch: [70/200], cls_loss: 0.1460, transfer_loss: 0.0000,person_loss: 0.0000, total_Loss: 0.0000
trian begin
trian end
n_person 578
SAMPLE
F1_MI: 0.945438011518642 F1_MA: 0.4331661726563421 ACC_MI: 0.945438011518642 F1_MA: 0.4270873683488995
BEST_F1_MI: 0.9499848438920885 BEST_F1_MA: 0.5897262742607422 BEST_ACC_MI: 0.9499848438920885 BEST_F1_MA: 0.6538497630825909
[[3057    1   27    0]
 [  30    0   43    2]
 [  24   11   53   16]
 [  10    5   11    9]]
Epoch: [71/200], cls_loss: 0.1258, transfer_loss: 0.0000,person_loss: 0.0000, total_Loss: 0.0000
trian begin
trian end
n_person 578
SAMPLE
F1_MI: 0.030009093664746894 F1_MA: 0.31284486974895515 ACC_MI: 0.030009093664746894 F1_MA: 0.34978478645365185
BEST_F1_MI: 0.9499848438920885 BEST_F1_MA: 0.5897262742607422 BEST_ACC_MI: 0.9499848438920885 BEST_F1_MA: 0.6538497630825909
[[   7 1694 1384    0]
 [   0   20   54    1]
 [   0   25   63   16]
 [   0   11   15    9]]
Epoch: [72/200], cls_loss: 0.1209, transfer_loss: 0.0000,person_loss: 0.0000, total_Loss: 0.0000
trian begin
trian end
n_person 578
SAMPLE
F1_MI: 0.945438011518642 F1_MA: 0.47452505634329606 ACC_MI: 0.945438011518642 F1_MA: 0.478564444749037
BEST_F1_MI: 0.9499848438920885 BEST_F1_MA: 0.5897262742607422 BEST_ACC_MI: 0.9499848438920885 BEST_F1_MA: 0.6538497630825909
[[3059   11   15    0]
 [  30   13   26    6]
 [  21   18   33   32]
 [   5   11    5   14]]
Epoch: [73/200], cls_loss: 0.1375, transfer_loss: 0.0000,person_loss: 0.0000, total_Loss: 0.0000
[[2833    0  252    0]
 [   2    1   69    3]
 [   0    0   86   18]
 [   0    0   21   14]]
[[3069   15    1    0]
 [  32   42    0    1]
 [  29   44   10   21]
 [   5   17    0   13]]
ARG: Namespace(backbone='resnet50', batch_size=32, config='ONLY/ONLY.yaml', data_dir='data', device=device(type='cuda'), early_stop=50, epoch_based_training=False, lr=0.003, lr_decay=0.75, lr_gamma=0.0003, lr_scheduler=True, max_iter=18000, method='False', momentum=0.9, myweight=0.1, n_class=4, n_epoch=200, n_iter_per_epoch=90, num_workers=3, seed=1, src_domain='77G', tgt_domain='own', tname='transfer', transfer_loss='only', transfer_loss_weight=0.5, use_bottleneck=True, weight_decay=0.0005)
