adv 1 77G 63G DANN/DANN.yaml True
Namespace(backbone='resnet50', batch_size=32, config='DANN/DANN.yaml', data_dir='data', device=device(type='cuda'), early_stop=50, epoch_based_training=False, lr=0.003, lr_decay=0.75, lr_gamma=0.0003, lr_scheduler=True, method='True', momentum=0.9, myweight=0.1, n_epoch=200, n_iter_per_epoch=100, num_workers=3, seed=1, src_domain='77G', tgt_domain='63G', tname='transfer', transfer_loss='adv', transfer_loss_weight=0.5, use_bottleneck=True, weight_decay=0.0005)
JUST DO IT
run my Parkinson code
transfer
TRAIN Length: 2905 290 TEST Length: 1867 383
YYY: 0 3
DATA_PROFILE   train: 2905 train2: 1867 test: 1867
DATASET.SHAPE: <data_loader.GetTrainLoader object at 0x7fcdc4f169a0> True
DATASET.SHAPE: <data_loader.GetTrainLoader object at 0x7fcdbcbdfa00> True
DATASET.SHAPE: <data_loader.GetTestLoader object at 0x7fcdbcbdf520> False
CLASS: 4 383
LLL: {}
BOTTLENECK_LIST: [Linear(in_features=512, out_features=256, bias=True), ReLU()]
TYPE: {'loss_type': 'adv', 'max_iter': 20000, 'num_class': 4, 'my_person_item': <my_person_item.PersonItem object at 0x7fcdbcbdfa30>}
initial_lr 1.0
transfer_world
method True <class 'str'>
1.8.1+cu111
True
LEN: 0 0
LOADER: <data_loader.InfiniteDataLoader object at 0x7fcdbcbdf040> <data_loader.InfiniteDataLoader object at 0x7fcdbcbdfd00>
N_batch: 100
trian begin
trian end
n_person 383
SAMPLE
F1_MI: 0.026245313336904125 F1_MA: 0.10193534269289252 ACC_MI: 0.026245313336904125 F1_MA: 0.0633423533519553
BEST_F1_MI: 0.026245313336904125 BEST_F1_MA: 0.10193534269289252 BEST_ACC_MI: 0.026245313336904125 BEST_F1_MA: 0.0633423533519553
[[   0 1696   38    1]
 [   0   34    7    0]
 [   0   43   15   12]
 [   0   17    4    0]]
Epoch: [ 1/200], cls_loss: 0.8708, transfer_loss: 0.6402,person_loss: -1.8375, total_Loss: 1.0072
trian begin
trian end
n_person 383
SAMPLE
F1_MI: 0.6871987145152652 F1_MA: 0.33708911107032696 ACC_MI: 0.6871987145152652 F1_MA: 0.28849309952622304
BEST_F1_MI: 0.6871987145152652 BEST_F1_MA: 0.33708911107032696 BEST_ACC_MI: 0.6871987145152652 BEST_F1_MA: 0.28849309952622304
[[1253  222  133  127]
 [   0    7   13   21]
 [   0    7   11   52]
 [   0    5    4   12]]
Epoch: [ 2/200], cls_loss: 0.6683, transfer_loss: 0.5005,person_loss: -1.8975, total_Loss: 0.7288
trian begin
trian end
n_person 383
SAMPLE
F1_MI: 0.02785216925549009 F1_MA: 0.013555787278415016 ACC_MI: 0.02785216925549009 F1_MA: 0.007034632034632035
BEST_F1_MI: 0.6871987145152652 BEST_F1_MA: 0.33708911107032696 BEST_ACC_MI: 0.6871987145152652 BEST_F1_MA: 0.28849309952622304
[[   0    0 1734    1]
 [   0    0   41    0]
 [   0    0   52   18]
 [   0    0   21    0]]
Epoch: [ 3/200], cls_loss: 0.6004, transfer_loss: 0.3647,person_loss: -1.9263, total_Loss: 0.5901
trian begin
trian end
n_person 383
SAMPLE
F1_MI: 0.7809319764327799 F1_MA: 0.37371925398074435 ACC_MI: 0.7809319764327799 F1_MA: 0.31737514065589834
BEST_F1_MI: 0.7809319764327799 BEST_F1_MA: 0.37371925398074435 BEST_ACC_MI: 0.7809319764327799 BEST_F1_MA: 0.31737514065589834
[[1412  246   66   11]
 [   2   31    6    2]
 [   3   26   14   27]
 [   0   13    7    1]]
Epoch: [ 4/200], cls_loss: 0.5388, transfer_loss: 0.2152,person_loss: -1.9236, total_Loss: 0.4540
trian begin
trian end
n_person 383
SAMPLE
F1_MI: 0.8462774504552758 F1_MA: 0.30372540963008104 ACC_MI: 0.8462774504552758 F1_MA: 0.2755921846085707
BEST_F1_MI: 0.8462774504552758 BEST_F1_MA: 0.37371925398074435 BEST_ACC_MI: 0.8462774504552758 BEST_F1_MA: 0.31737514065589834
[[1561  155   14    5]
 [  22   18    1    0]
 [  37   21    1   11]
 [   7   12    2    0]]
Epoch: [ 5/200], cls_loss: 0.5207, transfer_loss: 0.2206,person_loss: -1.9337, total_Loss: 0.4376
trian begin
trian end
n_person 383
SAMPLE
F1_MI: 0.016068559185859668 F1_MA: 0.08831058412868828 ACC_MI: 0.016068559185859668 F1_MA: 0.058682137418428135
BEST_F1_MI: 0.8462774504552758 BEST_F1_MA: 0.37371925398074435 BEST_ACC_MI: 0.8462774504552758 BEST_F1_MA: 0.31737514065589834
[[   0   77  100 1558]
 [   0   15    5   21]
 [   0    3   11   56]
 [   0   10    7    4]]
Epoch: [ 6/200], cls_loss: 0.4863, transfer_loss: 0.2010,person_loss: -1.9362, total_Loss: 0.3932
trian begin
trian end
n_person 383
SAMPLE
F1_MI: 0.8698446705945367 F1_MA: 0.3040458759092355 ACC_MI: 0.8698446705945367 F1_MA: 0.28554502964113554
BEST_F1_MI: 0.8698446705945367 BEST_F1_MA: 0.37371925398074435 BEST_ACC_MI: 0.8698446705945367 BEST_F1_MA: 0.31737514065589834
[[1607   62   65    1]
 [  25   13    2    1]
 [  49   13    4    4]
 [  11    5    5    0]]
Epoch: [ 7/200], cls_loss: 0.4723, transfer_loss: 0.3099,person_loss: -1.9439, total_Loss: 0.4328
trian begin
trian end
n_person 383
SAMPLE
F1_MI: 0.8446705945366899 F1_MA: 0.3970289825742888 ACC_MI: 0.8446705945366899 F1_MA: 0.3772468605650777
BEST_F1_MI: 0.8698446705945367 BEST_F1_MA: 0.3970289825742888 BEST_ACC_MI: 0.8698446705945367 BEST_F1_MA: 0.3772468605650777
[[1538  174   19    4]
 [  18   23    0    0]
 [  29   25   16    0]
 [   4   16    1    0]]
Epoch: [ 8/200], cls_loss: 0.4295, transfer_loss: 0.2251,person_loss: -1.9476, total_Loss: 0.3473
trian begin
trian end
n_person 383
SAMPLE
F1_MI: 0.7166577396893412 F1_MA: 0.3787646828189195 ACC_MI: 0.7166577396893412 F1_MA: 0.30923161967938084
BEST_F1_MI: 0.8698446705945367 BEST_F1_MA: 0.3970289825742888 BEST_ACC_MI: 0.8698446705945367 BEST_F1_MA: 0.3772468605650777
[[1262  243  230    0]
 [   0   14   27    0]
 [   0    8   62    0]
 [   0    5   16    0]]
Epoch: [ 9/200], cls_loss: 0.3921, transfer_loss: 0.9222,person_loss: -1.9492, total_Loss: 0.6583
trian begin
trian end
n_person 383
SAMPLE
F1_MI: 0.8098553829673273 F1_MA: 0.32255687609636785 ACC_MI: 0.8098553829673273 F1_MA: 0.26654243991481597
BEST_F1_MI: 0.8698446705945367 BEST_F1_MA: 0.3970289825742888 BEST_ACC_MI: 0.8698446705945367 BEST_F1_MA: 0.3772468605650777
[[1480  255    0    0]
 [   9   32    0    0]
 [  28   41    0    1]
 [   3   18    0    0]]
Epoch: [10/200], cls_loss: 0.3682, transfer_loss: 0.4424,person_loss: -1.9516, total_Loss: 0.3942
trian begin
trian end
n_person 383
SAMPLE
F1_MI: 0.03642206748794858 F1_MA: 0.2889757318844007 ACC_MI: 0.03642206748794858 F1_MA: 0.30377604306224754
BEST_F1_MI: 0.8698446705945367 BEST_F1_MA: 0.3970289825742888 BEST_ACC_MI: 0.8698446705945367 BEST_F1_MA: 0.3772468605650777
[[   1  533  187 1014]
 [   0   11   26    4]
 [   0    7   55    8]
 [   0    5   15    1]]
Epoch: [11/200], cls_loss: 0.3660, transfer_loss: 0.5295,person_loss: -1.9507, total_Loss: 0.4357
trian begin
trian end
n_person 383
SAMPLE
F1_MI: 0.7391537225495447 F1_MA: 0.39520477034591867 ACC_MI: 0.7391537225495447 F1_MA: 0.3446433901776118
BEST_F1_MI: 0.8698446705945367 BEST_F1_MA: 0.3970289825742888 BEST_ACC_MI: 0.8698446705945367 BEST_F1_MA: 0.3772468605650777
[[1309   51  371    4]
 [   2    5   33    1]
 [   3    2   65    0]
 [   0    3   17    1]]
Epoch: [12/200], cls_loss: 0.3344, transfer_loss: 0.4761,person_loss: -1.9533, total_Loss: 0.3771
trian begin
trian end
n_person 383
SAMPLE
F1_MI: 0.05088377075522228 F1_MA: 0.26534849692904094 ACC_MI: 0.05088377075522228 F1_MA: 0.25535161432994247
BEST_F1_MI: 0.8698446705945367 BEST_F1_MA: 0.3970289825742888 BEST_ACC_MI: 0.8698446705945367 BEST_F1_MA: 0.3772468605650777
[[  28 1517  190    0]
 [   1   13   26    1]
 [   2   14   54    0]
 [   3    3   15    0]]
Epoch: [13/200], cls_loss: 0.3423, transfer_loss: 0.5339,person_loss: -1.9559, total_Loss: 0.4137
trian begin
trian end
n_person 383
SAMPLE
F1_MI: 0.04017139796464917 F1_MA: 0.11322871067060826 ACC_MI: 0.04017139796464917 F1_MA: 0.06758804725311902
BEST_F1_MI: 0.8698446705945367 BEST_F1_MA: 0.3970289825742888 BEST_ACC_MI: 0.8698446705945367 BEST_F1_MA: 0.3772468605650777
[[   0 1621  114    0]
 [   0   32    7    2]
 [   0   27   43    0]
 [   0   14    7    0]]
Epoch: [14/200], cls_loss: 0.2982, transfer_loss: 0.5586,person_loss: -1.9561, total_Loss: 0.3819
trian begin
trian end
n_person 383
SAMPLE
F1_MI: 0.6754151044456347 F1_MA: 0.39732315230975335 ACC_MI: 0.6754151044456347 F1_MA: 0.3180818395686299
BEST_F1_MI: 0.8698446705945367 BEST_F1_MA: 0.39732315230975335 BEST_ACC_MI: 0.8698446705945367 BEST_F1_MA: 0.3772468605650777
[[1181  380  172    2]
 [   1   29   11    0]
 [   3   15   51    1]
 [   1   11    9    0]]
Epoch: [15/200], cls_loss: 0.3313, transfer_loss: 0.6441,person_loss: -1.9507, total_Loss: 0.4583
trian begin
trian end
n_person 383
SAMPLE
F1_MI: 0.8034279592929834 F1_MA: 0.37003165775331404 ACC_MI: 0.8034279592929834 F1_MA: 0.3144886329903878
BEST_F1_MI: 0.8698446705945367 BEST_F1_MA: 0.39732315230975335 BEST_ACC_MI: 0.8698446705945367 BEST_F1_MA: 0.3772468605650777
[[1457  240   38    0]
 [   5   34    2    0]
 [  18   43    9    0]
 [   3   15    3    0]]
Epoch: [16/200], cls_loss: 0.2712, transfer_loss: 0.5183,person_loss: -1.9635, total_Loss: 0.3341
trian begin
trian end
n_person 383
SAMPLE
F1_MI: 0.8714515265131227 F1_MA: 0.3012229282633115 ACC_MI: 0.8714515265131226 F1_MA: 0.2886914488017429
BEST_F1_MI: 0.8714515265131227 BEST_F1_MA: 0.39732315230975335 BEST_ACC_MI: 0.8714515265131226 BEST_F1_MA: 0.3772468605650777
[[1605   29  101    0]
 [  31    2    8    0]
 [  49    1   20    0]
 [  15    0    6    0]]
Epoch: [17/200], cls_loss: 0.2551, transfer_loss: 0.5802,person_loss: -1.9604, total_Loss: 0.3492
trian begin
trian end
n_person 383
SAMPLE
F1_MI: 0.7632565613283342 F1_MA: 0.3631222186409799 ACC_MI: 0.7632565613283342 F1_MA: 0.3074365301737294
BEST_F1_MI: 0.8714515265131227 BEST_F1_MA: 0.39732315230975335 BEST_ACC_MI: 0.8714515265131226 BEST_F1_MA: 0.3772468605650777
[[1357   17  361    0]
 [   5    2   34    0]
 [   3    1   66    0]
 [   3    0   18    0]]
Epoch: [18/200], cls_loss: 0.2532, transfer_loss: 0.5703,person_loss: -1.9580, total_Loss: 0.3425
trian begin
trian end
n_person 383
SAMPLE
F1_MI: 0.03427959292983396 F1_MA: 0.2083942959919023 ACC_MI: 0.03427959292983396 F1_MA: 0.15099844743024024
BEST_F1_MI: 0.8714515265131227 BEST_F1_MA: 0.39732315230975335 BEST_ACC_MI: 0.8714515265131226 BEST_F1_MA: 0.3772468605650777
[[   0 1621   16   98]
 [   0   36    1    4]
 [   0   35   26    9]
 [   0   16    3    2]]
Epoch: [19/200], cls_loss: 0.2336, transfer_loss: 0.6080,person_loss: -1.9587, total_Loss: 0.3417
trian begin
trian end
n_person 383
SAMPLE
F1_MI: 0.8687734333154794 F1_MA: 0.26247998186145116 ACC_MI: 0.8687734333154794 F1_MA: 0.25072463768115943
BEST_F1_MI: 0.8714515265131227 BEST_F1_MA: 0.39732315230975335 BEST_ACC_MI: 0.8714515265131226 BEST_F1_MA: 0.3772468605650777
[[1615   87   33    0]
 [  33    7    1    0]
 [  62    8    0    0]
 [  15    3    3    0]]
Epoch: [20/200], cls_loss: 0.2505, transfer_loss: 0.6357,person_loss: -1.9605, total_Loss: 0.3723
trian begin
trian end
n_person 383
SAMPLE
F1_MI: 0.8141403320835565 F1_MA: 0.3831206352976948 ACC_MI: 0.8141403320835565 F1_MA: 0.3257209013027421
BEST_F1_MI: 0.8714515265131227 BEST_F1_MA: 0.39732315230975335 BEST_ACC_MI: 0.8714515265131226 BEST_F1_MA: 0.3772468605650777
[[1460  158  116    1]
 [   9   16   16    0]
 [   8   18   44    0]
 [   7    5    9    0]]
Epoch: [21/200], cls_loss: 0.2283, transfer_loss: 0.6430,person_loss: -1.9631, total_Loss: 0.3535
trian begin
trian end
n_person 383
SAMPLE
F1_MI: 0.8339582217461168 F1_MA: 0.3764488312829248 ACC_MI: 0.8339582217461168 F1_MA: 0.321713227173834
BEST_F1_MI: 0.8714515265131227 BEST_F1_MA: 0.39732315230975335 BEST_ACC_MI: 0.8714515265131226 BEST_F1_MA: 0.3772468605650777
[[1496   58  181    0]
 [  12    8   21    0]
 [  12    5   53    0]
 [   5    3   13    0]]
Epoch: [22/200], cls_loss: 0.2504, transfer_loss: 0.6485,person_loss: -1.9595, total_Loss: 0.3787
trian begin
trian end
n_person 383
SAMPLE
F1_MI: 0.7793251205141939 F1_MA: 0.3761715179893503 ACC_MI: 0.7793251205141939 F1_MA: 0.32819875760563705
BEST_F1_MI: 0.8714515265131227 BEST_F1_MA: 0.39732315230975335 BEST_ACC_MI: 0.8714515265131226 BEST_F1_MA: 0.3772468605650777
[[1409  282   44    0]
 [   9   29    3    0]
 [  23   30   17    0]
 [   7   12    2    0]]
Epoch: [23/200], cls_loss: 0.2223, transfer_loss: 0.5999,person_loss: -1.9506, total_Loss: 0.3271
trian begin
trian end
n_person 383
SAMPLE
F1_MI: 0.0385645420460632 F1_MA: 0.06065905780520776 ACC_MI: 0.0385645420460632 F1_MA: 0.034131156613171
BEST_F1_MI: 0.8714515265131227 BEST_F1_MA: 0.39732315230975335 BEST_ACC_MI: 0.8714515265131226 BEST_F1_MA: 0.3772468605650777
[[   0   46 1689    0]
 [   0    6   35    0]
 [   0    4   66    0]
 [   0    4   17    0]]
Epoch: [24/200], cls_loss: 0.2201, transfer_loss: 0.6344,person_loss: -1.9569, total_Loss: 0.3416
trian begin
trian end
n_person 383
SAMPLE
F1_MI: 0.07337975361542581 F1_MA: 0.25225353057310934 ACC_MI: 0.07337975361542581 F1_MA: 0.23914889429910574
BEST_F1_MI: 0.8714515265131227 BEST_F1_MA: 0.39732315230975335 BEST_ACC_MI: 0.8714515265131226 BEST_F1_MA: 0.3772468605650777
[[  73  112 1550    0]
 [   7   11   23    0]
 [   4   13   53    0]
 [   2   10    9    0]]
Epoch: [25/200], cls_loss: 0.1621, transfer_loss: 0.6115,person_loss: -1.9625, total_Loss: 0.2716
trian begin
trian end
n_person 383
SAMPLE
F1_MI: 0.8377075522228173 F1_MA: 0.32420380227979717 ACC_MI: 0.8377075522228173 F1_MA: 0.2927753105394267
BEST_F1_MI: 0.8714515265131227 BEST_F1_MA: 0.39732315230975335 BEST_ACC_MI: 0.8714515265131226 BEST_F1_MA: 0.3772468605650777
[[1540  183   12    0]
 [  18   22    1    0]
 [  23   45    2    0]
 [   8   11    2    0]]
Epoch: [26/200], cls_loss: 0.1589, transfer_loss: 0.6434,person_loss: -1.9646, total_Loss: 0.2842
trian begin
trian end
n_person 383
SAMPLE
F1_MI: 0.7627209426888055 F1_MA: 0.3751032636854326 ACC_MI: 0.7627209426888055 F1_MA: 0.310282955541004
BEST_F1_MI: 0.8714515265131227 BEST_F1_MA: 0.39732315230975335 BEST_ACC_MI: 0.8714515265131226 BEST_F1_MA: 0.3772468605650777
[[1361  173  198    3]
 [   8   21   12    0]
 [   7   21   42    0]
 [   4    7   10    0]]
Epoch: [27/200], cls_loss: 0.1560, transfer_loss: 0.6969,person_loss: -1.9649, total_Loss: 0.3080
trian begin
trian end
n_person 383
SAMPLE
F1_MI: 0.8618103910016068 F1_MA: 0.2737011286836441 ACC_MI: 0.8618103910016068 F1_MA: 0.2621418956505504
BEST_F1_MI: 0.8714515265131227 BEST_F1_MA: 0.39732315230975335 BEST_ACC_MI: 0.8714515265131226 BEST_F1_MA: 0.3772468605650777
[[1599   94   42    0]
 [  28    8    5    0]
 [  62    6    2    0]
 [  12    5    4    0]]
Epoch: [28/200], cls_loss: 0.1384, transfer_loss: 0.6684,person_loss: -1.9655, total_Loss: 0.2761
trian begin
trian end
n_person 383
SAMPLE
F1_MI: 0.7257632565613283 F1_MA: 0.37327362906088274 ACC_MI: 0.7257632565613283 F1_MA: 0.3111586522768836
BEST_F1_MI: 0.8714515265131227 BEST_F1_MA: 0.39732315230975335 BEST_ACC_MI: 0.8714515265131226 BEST_F1_MA: 0.3772468605650777
[[1284   64  387    0]
 [   7   11   23    0]
 [   2    8   60    0]
 [   1    2   18    0]]
Epoch: [29/200], cls_loss: 0.2447, transfer_loss: 0.6578,person_loss: -1.9518, total_Loss: 0.3784
trian begin
trian end
n_person 383
SAMPLE
F1_MI: 0.04231387252276379 F1_MA: 0.23971782777028175 ACC_MI: 0.04231387252276379 F1_MA: 0.2067316729323308
BEST_F1_MI: 0.8714515265131227 BEST_F1_MA: 0.39732315230975335 BEST_ACC_MI: 0.8714515265131226 BEST_F1_MA: 0.3772468605650777
[[  19 1614  101    1]
 [   3   27   10    1]
 [   9   27   33    1]
 [   1   12    8    0]]
Epoch: [30/200], cls_loss: 0.1252, transfer_loss: 0.4647,person_loss: -1.9383, total_Loss: 0.1637
trian begin
trian end
n_person 383
SAMPLE
F1_MI: 0.8018211033743974 F1_MA: 0.3625606340197671 ACC_MI: 0.8018211033743974 F1_MA: 0.31076798002488154
BEST_F1_MI: 0.8714515265131227 BEST_F1_MA: 0.39732315230975335 BEST_ACC_MI: 0.8714515265131226 BEST_F1_MA: 0.3772468605650777
[[1447  156  132    0]
 [   9   19   11    2]
 [  13   25   31    1]
 [   2    9   10    0]]
Epoch: [31/200], cls_loss: 0.1493, transfer_loss: 0.5727,person_loss: -1.9527, total_Loss: 0.2403
trian begin
trian end
n_person 383
SAMPLE
F1_MI: 0.7038028923406534 F1_MA: 0.3926502139906263 ACC_MI: 0.7038028923406534 F1_MA: 0.32806119124507893
BEST_F1_MI: 0.8714515265131227 BEST_F1_MA: 0.39732315230975335 BEST_ACC_MI: 0.8714515265131226 BEST_F1_MA: 0.3772468605650777
[[1256  210   94  175]
 [   3   30    5    3]
 [   3   20   25   22]
 [   1   11    6    3]]
Epoch: [32/200], cls_loss: 0.1298, transfer_loss: 0.5495,person_loss: -1.9548, total_Loss: 0.2090
trian begin
trian end
n_person 383
SAMPLE
F1_MI: 0.8826995179432244 F1_MA: 0.2560142068218739 ACC_MI: 0.8826995179432244 F1_MA: 0.2549112093259244
BEST_F1_MI: 0.8826995179432244 BEST_F1_MA: 0.39732315230975335 BEST_ACC_MI: 0.8826995179432244 BEST_F1_MA: 0.3772468605650777
[[1643   27   63    2]
 [  35    1    5    0]
 [  65    1    4    0]
 [  16    2    3    0]]
Epoch: [33/200], cls_loss: 0.1393, transfer_loss: 0.6648,person_loss: -1.9562, total_Loss: 0.2761
trian begin
trian end
n_person 383
SAMPLE
F1_MI: 0.056239957150508835 F1_MA: 0.22564680174431112 ACC_MI: 0.056239957150508835 F1_MA: 0.2074890697823577
BEST_F1_MI: 0.8826995179432244 BEST_F1_MA: 0.39732315230975335 BEST_ACC_MI: 0.8826995179432244 BEST_F1_MA: 0.3772468605650777
[[  38   15 1682    0]
 [   6    1   34    0]
 [   4    0   66    0]
 [   4    0   17    0]]
Epoch: [34/200], cls_loss: 0.0976, transfer_loss: 0.6498,person_loss: -1.9635, total_Loss: 0.2261
trian begin
trian end
n_person 383
SAMPLE
F1_MI: 0.8478843063738618 F1_MA: 0.3391635493591335 ACC_MI: 0.8478843063738618 F1_MA: 0.3208948218241898
BEST_F1_MI: 0.8826995179432244 BEST_F1_MA: 0.39732315230975335 BEST_ACC_MI: 0.8826995179432244 BEST_F1_MA: 0.3772468605650777
[[1550   35  142    8]
 [  18    4   18    1]
 [  38    3   28    1]
 [   8    2   10    1]]
Epoch: [35/200], cls_loss: 0.1061, transfer_loss: 0.7069,person_loss: -1.9628, total_Loss: 0.2633
trian begin
trian end
n_person 383
SAMPLE
F1_MI: 0.8698446705945367 F1_MA: 0.3230330148705231 ACC_MI: 0.8698446705945367 F1_MA: 0.3195537632551552
BEST_F1_MI: 0.8826995179432244 BEST_F1_MA: 0.39732315230975335 BEST_ACC_MI: 0.8826995179432244 BEST_F1_MA: 0.3772468605650777
[[1609   94   30    2]
 [  24   13    3    1]
 [  58   10    1    1]
 [  12    8    0    1]]
Epoch: [36/200], cls_loss: 0.1105, transfer_loss: 0.7093,person_loss: -1.9599, total_Loss: 0.2691
trian begin
trian end
n_person 383
SAMPLE
F1_MI: 0.07927155865024103 F1_MA: 0.272475174212379 ACC_MI: 0.07927155865024103 F1_MA: 0.26232543008581294
BEST_F1_MI: 0.8826995179432244 BEST_F1_MA: 0.39732315230975335 BEST_ACC_MI: 0.8826995179432244 BEST_F1_MA: 0.3772468605650777
[[  87 1561   86    1]
 [  11   21    9    0]
 [  11   19   40    0]
 [   6    7    8    0]]
Epoch: [37/200], cls_loss: 0.0844, transfer_loss: 0.7036,person_loss: -1.9693, total_Loss: 0.2393
trian begin
trian end
n_person 383
SAMPLE
F1_MI: 0.8468130690948045 F1_MA: 0.34571125296568256 ACC_MI: 0.8468130690948045 F1_MA: 0.293879855157405
BEST_F1_MI: 0.8826995179432244 BEST_F1_MA: 0.39732315230975335 BEST_ACC_MI: 0.8826995179432244 BEST_F1_MA: 0.3772468605650777
[[1525   24  186    0]
 [  15    0   26    0]
 [  14    0   56    0]
 [   7    0   14    0]]
Epoch: [38/200], cls_loss: 0.0778, transfer_loss: 0.7118,person_loss: -1.9702, total_Loss: 0.2367
trian begin
trian end
n_person 383
SAMPLE
F1_MI: 0.788430637386181 F1_MA: 0.3372624996108954 ACC_MI: 0.788430637386181 F1_MA: 0.3035919540229885
BEST_F1_MI: 0.8826995179432244 BEST_F1_MA: 0.39732315230975335 BEST_ACC_MI: 0.8826995179432244 BEST_F1_MA: 0.3772468605650777
[[1435  217   82    1]
 [  18   16    7    0]
 [   9   40   21    0]
 [   8    7    6    0]]
Epoch: [39/200], cls_loss: 0.1098, transfer_loss: 0.6793,person_loss: -1.9690, total_Loss: 0.2525
trian begin
trian end
n_person 383
SAMPLE
F1_MI: 0.05356186395286556 F1_MA: 0.2196257894743296 ACC_MI: 0.05356186395286556 F1_MA: 0.19857715008431706
BEST_F1_MI: 0.8826995179432244 BEST_F1_MA: 0.39732315230975335 BEST_ACC_MI: 0.8826995179432244 BEST_F1_MA: 0.3772468605650777
[[  34   36 1665    0]
 [   6    2   33    0]
 [   4    2   64    0]
 [   4    0   17    0]]
Epoch: [40/200], cls_loss: 0.0878, transfer_loss: 0.6979,person_loss: -1.9668, total_Loss: 0.2401
trian begin
trian end
n_person 383
SAMPLE
F1_MI: 0.8328869844670594 F1_MA: 0.3022445337970613 ACC_MI: 0.8328869844670594 F1_MA: 0.2823719005074394
BEST_F1_MI: 0.8826995179432244 BEST_F1_MA: 0.39732315230975335 BEST_ACC_MI: 0.8826995179432244 BEST_F1_MA: 0.3772468605650777
[[1539  165   23    8]
 [  26   15    0    0]
 [  48   22    0    0]
 [  14    5    1    1]]
Epoch: [41/200], cls_loss: 0.0726, transfer_loss: 0.6870,person_loss: -1.9699, total_Loss: 0.2191
trian begin
trian end
n_person 383
SAMPLE
F1_MI: 0.05088377075522228 F1_MA: 0.15800922969466227 ACC_MI: 0.05088377075522228 F1_MA: 0.18756210904389498
BEST_F1_MI: 0.8826995179432244 BEST_F1_MA: 0.39732315230975335 BEST_ACC_MI: 0.8826995179432244 BEST_F1_MA: 0.3772468605650777
[[  77   99   44 1515]
 [  15   11    2   13]
 [  28    9    3   30]
 [   8    7    2    4]]
Epoch: [42/200], cls_loss: 0.0704, transfer_loss: 0.6746,person_loss: -1.9721, total_Loss: 0.2105
trian begin
trian end
n_person 383
SAMPLE
F1_MI: 0.8264595607927155 F1_MA: 0.35893119907883636 ACC_MI: 0.8264595607927155 F1_MA: 0.31758524980174463
BEST_F1_MI: 0.8826995179432244 BEST_F1_MA: 0.39732315230975335 BEST_ACC_MI: 0.8826995179432244 BEST_F1_MA: 0.3772468605650777
[[1500  151   84    0]
 [  17   17    7    0]
 [  28   16   26    0]
 [   7   11    3    0]]
Epoch: [43/200], cls_loss: 0.0849, transfer_loss: 0.7040,person_loss: -1.9693, total_Loss: 0.2400
trian begin
trian end
n_person 383
SAMPLE
F1_MI: 0.8794858061060525 F1_MA: 0.2778376084904319 ACC_MI: 0.8794858061060525 F1_MA: 0.26866864521503697
BEST_F1_MI: 0.8826995179432244 BEST_F1_MA: 0.39732315230975335 BEST_ACC_MI: 0.8826995179432244 BEST_F1_MA: 0.3772468605650777
[[1633   54   48    0]
 [  29    8    4    0]
 [  67    2    1    0]
 [  17    2    2    0]]
Epoch: [44/200], cls_loss: 0.0682, transfer_loss: 0.7084,person_loss: -1.9696, total_Loss: 0.2254
trian begin
trian end
n_person 383
SAMPLE
F1_MI: 0.03427959292983396 F1_MA: 0.24326339284119722 ACC_MI: 0.03427959292983396 F1_MA: 0.23927045177045175
BEST_F1_MI: 0.8826995179432244 BEST_F1_MA: 0.39732315230975335 BEST_ACC_MI: 0.8826995179432244 BEST_F1_MA: 0.3772468605650777
[[  22 1682   23    8]
 [   2   34    3    2]
 [   8   53    7    2]
 [   1   16    3    1]]
Epoch: [45/200], cls_loss: 0.0597, transfer_loss: 0.7040,person_loss: -1.9743, total_Loss: 0.2143
trian begin
trian end
n_person 383
SAMPLE
F1_MI: 0.04499196572040707 F1_MA: 0.21837566547647286 ACC_MI: 0.04499196572040707 F1_MA: 0.18271799400950026
BEST_F1_MI: 0.8826995179432244 BEST_F1_MA: 0.39732315230975335 BEST_ACC_MI: 0.8826995179432244 BEST_F1_MA: 0.3772468605650777
[[  15  108 1610    2]
 [   3    9   29    0]
 [   4    6   60    0]
 [   2    4   15    0]]
Epoch: [46/200], cls_loss: 0.0778, transfer_loss: 0.6514,person_loss: -1.9733, total_Loss: 0.2062
trian begin
trian end
n_person 383
SAMPLE
F1_MI: 0.7782538832351366 F1_MA: 0.362984698042079 ACC_MI: 0.7782538832351366 F1_MA: 0.30583630685145863
BEST_F1_MI: 0.8826995179432244 BEST_F1_MA: 0.39732315230975335 BEST_ACC_MI: 0.8826995179432244 BEST_F1_MA: 0.3772468605650777
[[1389   68  278    0]
 [   3    7   31    0]
 [   8    5   57    0]
 [   5    3   13    0]]
Epoch: [47/200], cls_loss: 0.0748, transfer_loss: 0.7024,person_loss: -1.9739, total_Loss: 0.2287
trian begin
trian end
n_person 383
SAMPLE
F1_MI: 0.8157471880021425 F1_MA: 0.34076316234701964 ACC_MI: 0.8157471880021425 F1_MA: 0.29922435239278933
BEST_F1_MI: 0.8826995179432244 BEST_F1_MA: 0.39732315230975335 BEST_ACC_MI: 0.8826995179432244 BEST_F1_MA: 0.3772468605650777
[[1476   80  179    0]
 [  12    6   23    0]
 [  21    8   41    0]
 [   6    3   12    0]]
Epoch: [48/200], cls_loss: 0.0690, transfer_loss: 0.6871,person_loss: -1.9722, total_Loss: 0.2153
trian begin
trian end
n_person 383
SAMPLE
F1_MI: 0.8468130690948045 F1_MA: 0.3079507128838137 ACC_MI: 0.8468130690948045 F1_MA: 0.28735823989724957
BEST_F1_MI: 0.8826995179432244 BEST_F1_MA: 0.39732315230975335 BEST_ACC_MI: 0.8826995179432244 BEST_F1_MA: 0.3772468605650777
[[1561  139   35    0]
 [  20   14    7    0]
 [  48   16    6    0]
 [   8   10    3    0]]
Epoch: [49/200], cls_loss: 0.0685, transfer_loss: 0.7081,person_loss: -1.9749, total_Loss: 0.2251
trian begin
trian end
n_person 383
SAMPLE
F1_MI: 0.06052490626673808 F1_MA: 0.3224929132750187 ACC_MI: 0.06052490626673808 F1_MA: 0.29257849447586254
BEST_F1_MI: 0.8826995179432244 BEST_F1_MA: 0.39732315230975335 BEST_ACC_MI: 0.8826995179432244 BEST_F1_MA: 0.3772468605650777
[[  38 1588  109    0]
 [   4   34    3    0]
 [   1   28   41    0]
 [   0   20    1    0]]
Epoch: [50/200], cls_loss: 0.0621, transfer_loss: 0.6832,person_loss: -1.9760, total_Loss: 0.2060
trian begin
trian end
n_person 383
SAMPLE
F1_MI: 0.7991430101767542 F1_MA: 0.39878626386192895 ACC_MI: 0.7991430101767542 F1_MA: 0.3289263798136449
BEST_F1_MI: 0.8826995179432244 BEST_F1_MA: 0.39878626386192895 BEST_ACC_MI: 0.8826995179432244 BEST_F1_MA: 0.3772468605650777
[[1421  169  145    0]
 [   8   19   14    0]
 [   5   13   52    0]
 [   3    9    9    0]]
Epoch: [51/200], cls_loss: 0.0427, transfer_loss: 0.6864,person_loss: -1.9780, total_Loss: 0.1881
trian begin
trian end
n_person 383
SAMPLE
F1_MI: 0.8248527048741296 F1_MA: 0.3132122312237702 ACC_MI: 0.8248527048741296 F1_MA: 0.2842624148003895
BEST_F1_MI: 0.8826995179432244 BEST_F1_MA: 0.39878626386192895 BEST_ACC_MI: 0.8826995179432244 BEST_F1_MA: 0.3772468605650777
[[1517  188   30    0]
 [  18   19    4    0]
 [  35   31    4    0]
 [  10    9    2    0]]
Epoch: [52/200], cls_loss: 0.0483, transfer_loss: 0.6961,person_loss: -1.9785, total_Loss: 0.1985
trian begin
trian end
n_person 383
SAMPLE
F1_MI: 0.8543117300482057 F1_MA: 0.3694583714532954 ACC_MI: 0.8543117300482057 F1_MA: 0.40643950402014917
BEST_F1_MI: 0.8826995179432244 BEST_F1_MA: 0.39878626386192895 BEST_ACC_MI: 0.8826995179432244 BEST_F1_MA: 0.40643950402014917
[[1576  125   34    0]
 [  22   14    5    0]
 [  54   11    4    1]
 [  13    5    2    1]]
Epoch: [53/200], cls_loss: 0.0707, transfer_loss: 0.6931,person_loss: -1.9755, total_Loss: 0.2197
trian begin
trian end
n_person 383
SAMPLE
F1_MI: 0.32672737011247993 F1_MA: 0.3180435054243961 ACC_MI: 0.32672737011247993 F1_MA: 0.2794806259690456
BEST_F1_MI: 0.8826995179432244 BEST_F1_MA: 0.39878626386192895 BEST_ACC_MI: 0.8826995179432244 BEST_F1_MA: 0.40643950402014917
[[ 542  168 1025    0]
 [   2   19   20    0]
 [   3   18   49    0]
 [   3   11    7    0]]
Epoch: [54/200], cls_loss: 0.0493, transfer_loss: 0.7073,person_loss: -1.9826, total_Loss: 0.2047
trian begin
trian end
n_person 383
SAMPLE
F1_MI: 0.05249062667380825 F1_MA: 0.2672693009746386 ACC_MI: 0.05249062667380825 F1_MA: 0.225339204898124
BEST_F1_MI: 0.8826995179432244 BEST_F1_MA: 0.39878626386192895 BEST_ACC_MI: 0.8826995179432244 BEST_F1_MA: 0.40643950402014917
[[  24  198 1513    0]
 [   1   24   16    0]
 [   3   17   50    0]
 [   3   12    6    0]]
Epoch: [55/200], cls_loss: 0.0924, transfer_loss: 0.6957,person_loss: -1.9783, total_Loss: 0.2425
trian begin
trian end
n_person 383
SAMPLE
F1_MI: 0.03642206748794858 F1_MA: 0.052234770786270035 ACC_MI: 0.03642206748794858 F1_MA: 0.02837136465324385
BEST_F1_MI: 0.8826995179432244 BEST_F1_MA: 0.39878626386192895 BEST_ACC_MI: 0.8826995179432244 BEST_F1_MA: 0.40643950402014917
[[   0  286 1447    2]
 [   0   34    7    0]
 [   0   36   34    0]
 [   0   19    2    0]]
Epoch: [56/200], cls_loss: 0.0631, transfer_loss: 0.7012,person_loss: -1.9786, total_Loss: 0.2159
trian begin
trian end
n_person 383
SAMPLE
F1_MI: 0.8055704338510982 F1_MA: 0.3188633185524504 ACC_MI: 0.8055704338510981 F1_MA: 0.27969905439179615
BEST_F1_MI: 0.8826995179432244 BEST_F1_MA: 0.39878626386192895 BEST_ACC_MI: 0.8826995179432244 BEST_F1_MA: 0.40643950402014917
[[1476  186   68    5]
 [  10   23    8    0]
 [  32   33    5    0]
 [   4   13    4    0]]
Epoch: [57/200], cls_loss: 0.0657, transfer_loss: 0.7043,person_loss: -1.9731, total_Loss: 0.2206
trian begin
trian end
n_person 383
SAMPLE
F1_MI: 0.7798607391537226 F1_MA: 0.39491876702838535 ACC_MI: 0.7798607391537226 F1_MA: 0.33650718951040753
BEST_F1_MI: 0.8826995179432244 BEST_F1_MA: 0.39878626386192895 BEST_ACC_MI: 0.8826995179432244 BEST_F1_MA: 0.40643950402014917
[[1394  262   79    0]
 [   6   22   13    0]
 [   9   21   40    0]
 [   4   11    6    0]]
Epoch: [58/200], cls_loss: 0.0759, transfer_loss: 0.6949,person_loss: -1.9779, total_Loss: 0.2256
trian begin
trian end
n_person 383
SAMPLE
F1_MI: 0.039100160685591856 F1_MA: 0.21837037864618722 ACC_MI: 0.039100160685591856 F1_MA: 0.18748525297468566
BEST_F1_MI: 0.8826995179432244 BEST_F1_MA: 0.39878626386192895 BEST_ACC_MI: 0.8826995179432244 BEST_F1_MA: 0.40643950402014917
[[   2   59 1674    0]
 [   0    3   38    0]
 [   1    1   68    0]
 [   0    3   18    0]]
Epoch: [59/200], cls_loss: 0.0345, transfer_loss: 0.7082,person_loss: -1.9821, total_Loss: 0.1904
trian begin
trian end
n_person 383
SAMPLE
F1_MI: 0.8435993572576326 F1_MA: 0.3357499820484635 ACC_MI: 0.8435993572576326 F1_MA: 0.3215648471991285
BEST_F1_MI: 0.8826995179432244 BEST_F1_MA: 0.39878626386192895 BEST_ACC_MI: 0.8826995179432244 BEST_F1_MA: 0.40643950402014917
[[1552  167   13    3]
 [  22   18    1    0]
 [  47   18    5    0]
 [   9   11    1    0]]
Epoch: [60/200], cls_loss: 0.0664, transfer_loss: 0.6936,person_loss: -1.9836, total_Loss: 0.2148
trian begin
trian end
n_person 383
SAMPLE
F1_MI: 0.8655597214783073 F1_MA: 0.29851212931609156 ACC_MI: 0.8655597214783074 F1_MA: 0.29361917116735503
BEST_F1_MI: 0.8826995179432244 BEST_F1_MA: 0.39878626386192895 BEST_ACC_MI: 0.8826995179432244 BEST_F1_MA: 0.40643950402014917
[[1602  110   23    0]
 [  31    9    1    0]
 [  56    9    5    0]
 [  15    5    1    0]]
Epoch: [61/200], cls_loss: 0.0582, transfer_loss: 0.6771,person_loss: -1.9800, total_Loss: 0.1988
trian begin
trian end
n_person 383
SAMPLE
F1_MI: 0.5066952329941082 F1_MA: 0.34530983235497587 ACC_MI: 0.5066952329941082 F1_MA: 0.30705459679203034
BEST_F1_MI: 0.8826995179432244 BEST_F1_MA: 0.39878626386192895 BEST_ACC_MI: 0.8826995179432244 BEST_F1_MA: 0.40643950402014917
[[881 658 145  51]
 [  6  14  20   1]
 [  5  12  51   2]
 [  4   6  11   0]]
Epoch: [62/200], cls_loss: 0.0519, transfer_loss: 0.6636,person_loss: -1.9824, total_Loss: 0.1854
trian begin
trian end
n_person 383
SAMPLE
F1_MI: 0.044456347080878415 F1_MA: 0.26509890316976664 ACC_MI: 0.044456347080878415 F1_MA: 0.24340713018907628
BEST_F1_MI: 0.8826995179432244 BEST_F1_MA: 0.39878626386192895 BEST_ACC_MI: 0.8826995179432244 BEST_F1_MA: 0.40643950402014917
[[  20 1637   78    0]
 [   6   25    9    1]
 [   1   31   38    0]
 [   3   13    5    0]]
Epoch: [63/200], cls_loss: 0.0321, transfer_loss: 0.6844,person_loss: -1.9843, total_Loss: 0.1758
trian begin
trian end
n_person 383
SAMPLE
F1_MI: 0.6802356722013926 F1_MA: 0.4013912586947244 ACC_MI: 0.6802356722013926 F1_MA: 0.32917203564162345
BEST_F1_MI: 0.8826995179432244 BEST_F1_MA: 0.4013912586947244 BEST_ACC_MI: 0.8826995179432244 BEST_F1_MA: 0.40643950402014917
[[1194  426  115    0]
 [   0   28   12    1]
 [   2   20   48    0]
 [   2   11    8    0]]
Epoch: [64/200], cls_loss: 0.0699, transfer_loss: 0.6641,person_loss: -1.9786, total_Loss: 0.2041
trian begin
trian end
n_person 383
SAMPLE
F1_MI: 0.04552758435993572 F1_MA: 0.23108968900332127 ACC_MI: 0.04552758435993572 F1_MA: 0.20350898687542182
BEST_F1_MI: 0.8826995179432244 BEST_F1_MA: 0.4013912586947244 BEST_ACC_MI: 0.8826995179432244 BEST_F1_MA: 0.40643950402014917
[[  15   83 1635    2]
 [   1    6   34    0]
 [   2    4   64    0]
 [   3    2   16    0]]
Epoch: [65/200], cls_loss: 0.0370, transfer_loss: 0.6868,person_loss: -1.9791, total_Loss: 0.1825
trian begin
trian end
n_person 383
SAMPLE
F1_MI: 0.8339582217461168 F1_MA: 0.348386139240896 ACC_MI: 0.8339582217461168 F1_MA: 0.3125142020278224
BEST_F1_MI: 0.8826995179432244 BEST_F1_MA: 0.4013912586947244 BEST_ACC_MI: 0.8826995179432244 BEST_F1_MA: 0.40643950402014917
[[1515  125   93    2]
 [  14   10   17    0]
 [  28   10   32    0]
 [   8    7    6    0]]
Epoch: [66/200], cls_loss: 0.0374, transfer_loss: 0.7000,person_loss: -1.9839, total_Loss: 0.1890
trian begin
trian end
n_person 383
SAMPLE
F1_MI: 0.04499196572040707 F1_MA: 0.22985894429238932 ACC_MI: 0.04499196572040707 F1_MA: 0.1883709313941872
BEST_F1_MI: 0.8826995179432244 BEST_F1_MA: 0.4013912586947244 BEST_ACC_MI: 0.8826995179432244 BEST_F1_MA: 0.40643950402014917
[[  17  248 1470    0]
 [   2   21   18    0]
 [   5   19   46    0]
 [   2   13    6    0]]
Epoch: [67/200], cls_loss: 0.0281, transfer_loss: 0.6992,person_loss: -1.9854, total_Loss: 0.1792
trian begin
trian end
n_person 383
SAMPLE
F1_MI: 0.047670058918050345 F1_MA: 0.2339259236376868 ACC_MI: 0.047670058918050345 F1_MA: 0.25191880691411883
BEST_F1_MI: 0.8826995179432244 BEST_F1_MA: 0.4013912586947244 BEST_ACC_MI: 0.8826995179432244 BEST_F1_MA: 0.40643950402014917
[[  44  126  119 1446]
 [   2   17   16    6]
 [  10   14   27   19]
 [   3    9    8    1]]
Epoch: [68/200], cls_loss: 0.0362, transfer_loss: 0.6892,person_loss: -1.9829, total_Loss: 0.1825
trian begin
trian end
n_person 383
SAMPLE
F1_MI: 0.04177825388323514 F1_MA: 0.22087636582950176 ACC_MI: 0.04177825388323514 F1_MA: 0.17992090928137439
BEST_F1_MI: 0.8826995179432244 BEST_F1_MA: 0.4013912586947244 BEST_ACC_MI: 0.8826995179432244 BEST_F1_MA: 0.40643950402014917
[[   3   75 1657    0]
 [   1    7   33    0]
 [   0    2   68    0]
 [   1    2   18    0]]
Epoch: [69/200], cls_loss: 0.0365, transfer_loss: 0.6913,person_loss: -1.9775, total_Loss: 0.1844
trian begin
trian end
n_person 383
SAMPLE
F1_MI: 0.8237814675950723 F1_MA: 0.3353040709432748 ACC_MI: 0.8237814675950723 F1_MA: 0.30137766341223793
BEST_F1_MI: 0.8826995179432244 BEST_F1_MA: 0.4013912586947244 BEST_ACC_MI: 0.8826995179432244 BEST_F1_MA: 0.40643950402014917
[[1502  128  101    4]
 [  14   13   14    0]
 [  28   19   23    0]
 [   7    8    6    0]]
Epoch: [70/200], cls_loss: 0.0401, transfer_loss: 0.7096,person_loss: -1.9831, total_Loss: 0.1967
trian begin
trian end
n_person 383
SAMPLE
F1_MI: 0.03963577932512052 F1_MA: 0.20993127091503735 ACC_MI: 0.03963577932512052 F1_MA: 0.16944536836853483
BEST_F1_MI: 0.8826995179432244 BEST_F1_MA: 0.4013912586947244 BEST_ACC_MI: 0.8826995179432244 BEST_F1_MA: 0.40643950402014917
[[   4  113 1616    2]
 [   2   10   29    0]
 [   0   10   60    0]
 [   1    7   13    0]]
Epoch: [71/200], cls_loss: 0.0409, transfer_loss: 0.6887,person_loss: -1.9834, total_Loss: 0.1869
trian begin
trian end
n_person 383
SAMPLE
F1_MI: 0.07016604177825388 F1_MA: 0.2610417592421193 ACC_MI: 0.07016604177825388 F1_MA: 0.2657287939918356
BEST_F1_MI: 0.8826995179432244 BEST_F1_MA: 0.4013912586947244 BEST_ACC_MI: 0.8826995179432244 BEST_F1_MA: 0.40643950402014917
[[  68  171 1324  172]
 [   0    2   29   10]
 [   0    2   59    9]
 [   0    3   16    2]]
Epoch: [72/200], cls_loss: 0.0539, transfer_loss: 0.7002,person_loss: -1.9820, total_Loss: 0.2058
trian begin
trian end
n_person 383
SAMPLE
F1_MI: 0.039100160685591856 F1_MA: 0.2961013260843951 ACC_MI: 0.039100160685591856 F1_MA: 0.29963209074815206
BEST_F1_MI: 0.8826995179432244 BEST_F1_MA: 0.4013912586947244 BEST_ACC_MI: 0.8826995179432244 BEST_F1_MA: 0.40643950402014917
[[   1 1527  205    2]
 [   0   14   27    0]
 [   0   12   58    0]
 [   0    5   16    0]]
Epoch: [73/200], cls_loss: 0.0415, transfer_loss: 0.6989,person_loss: -1.9798, total_Loss: 0.1930
trian begin
trian end
n_person 383
SAMPLE
F1_MI: 0.8184252811997857 F1_MA: 0.3692853012977398 ACC_MI: 0.8184252811997857 F1_MA: 0.31736522034453696
BEST_F1_MI: 0.8826995179432244 BEST_F1_MA: 0.4013912586947244 BEST_ACC_MI: 0.8826995179432244 BEST_F1_MA: 0.40643950402014917
[[1473  125  134    3]
 [  12   13   16    0]
 [  18   10   42    0]
 [   2    9   10    0]]
Epoch: [74/200], cls_loss: 0.0283, transfer_loss: 0.6970,person_loss: -1.9835, total_Loss: 0.1785
trian begin
trian end
n_person 383
SAMPLE
F1_MI: 0.7487948580610605 F1_MA: 0.3614492079127102 ACC_MI: 0.7487948580610605 F1_MA: 0.3009643033917081
BEST_F1_MI: 0.8826995179432244 BEST_F1_MA: 0.4013912586947244 BEST_ACC_MI: 0.8826995179432244 BEST_F1_MA: 0.40643950402014917
[[1327   39  369    0]
 [   2    3   36    0]
 [   0    2   68    0]
 [   1    0   20    0]]
Epoch: [75/200], cls_loss: 0.0198, transfer_loss: 0.6949,person_loss: -1.9849, total_Loss: 0.1687
trian begin
trian end
n_person 383
SAMPLE
F1_MI: 0.815211569362614 F1_MA: 0.3481636484037222 ACC_MI: 0.8152115693626139 F1_MA: 0.3039349445188861
BEST_F1_MI: 0.8826995179432244 BEST_F1_MA: 0.4013912586947244 BEST_ACC_MI: 0.8826995179432244 BEST_F1_MA: 0.40643950402014917
[[1473   79  182    1]
 [  10    8   23    0]
 [  22    7   41    0]
 [   2    6   13    0]]
Epoch: [76/200], cls_loss: 0.0354, transfer_loss: 0.6966,person_loss: -1.9868, total_Loss: 0.1850
trian begin
trian end
n_person 383
SAMPLE
F1_MI: 0.07337975361542581 F1_MA: 0.2599289376662987 ACC_MI: 0.07337975361542581 F1_MA: 0.24970258862188796
BEST_F1_MI: 0.8826995179432244 BEST_F1_MA: 0.4013912586947244 BEST_ACC_MI: 0.8826995179432244 BEST_F1_MA: 0.40643950402014917
[[  74 1466  192    3]
 [   4   14   23    0]
 [  10   11   49    0]
 [   3    4   14    0]]
Epoch: [77/200], cls_loss: 0.0226, transfer_loss: 0.7090,person_loss: -1.9869, total_Loss: 0.1785
trian begin
trian end
n_person 383
SAMPLE
F1_MI: 0.04177825388323514 F1_MA: 0.25264728140498904 ACC_MI: 0.04177825388323514 F1_MA: 0.24602822423343995
BEST_F1_MI: 0.8826995179432244 BEST_F1_MA: 0.4013912586947244 BEST_ACC_MI: 0.8826995179432244 BEST_F1_MA: 0.40643950402014917
[[   7   25 1703    0]
 [   0    2   39    0]
 [   1    0   69    0]
 [   0    1   20    0]]
Epoch: [78/200], cls_loss: 0.0468, transfer_loss: 0.7057,person_loss: -1.9865, total_Loss: 0.2010
trian begin
trian end
n_person 383
SAMPLE
F1_MI: 0.8248527048741296 F1_MA: 0.35676629263922816 ACC_MI: 0.8248527048741296 F1_MA: 0.31259697232818995
BEST_F1_MI: 0.8826995179432244 BEST_F1_MA: 0.4013912586947244 BEST_ACC_MI: 0.8826995179432244 BEST_F1_MA: 0.40643950402014917
[[1499  156   78    2]
 [  11   21    9    0]
 [  27   22   20    1]
 [   7    9    5    0]]
Epoch: [79/200], cls_loss: 0.0273, transfer_loss: 0.6980,person_loss: -1.9836, total_Loss: 0.1780
trian begin
trian end
n_person 383
SAMPLE
F1_MI: 0.03535083020889127 F1_MA: 0.20269877154536448 ACC_MI: 0.03535083020889127 F1_MA: 0.1577852846988987
BEST_F1_MI: 0.8826995179432244 BEST_F1_MA: 0.4013912586947244 BEST_ACC_MI: 0.8826995179432244 BEST_F1_MA: 0.40643950402014917
[[   6 1605  123    1]
 [   4   27   10    0]
 [   3   33   33    1]
 [   1    9   11    0]]
Epoch: [80/200], cls_loss: 0.0210, transfer_loss: 0.6953,person_loss: -1.9887, total_Loss: 0.1698
trian begin
trian end
n_person 383
SAMPLE
F1_MI: 0.04552758435993572 F1_MA: 0.2685501875916265 ACC_MI: 0.04552758435993572 F1_MA: 0.2650036274345667
BEST_F1_MI: 0.8826995179432244 BEST_F1_MA: 0.4013912586947244 BEST_ACC_MI: 0.8826995179432244 BEST_F1_MA: 0.40643950402014917
[[  18 1453  264    0]
 [   1   12   28    0]
 [   1   14   55    0]
 [   0    6   15    0]]
Epoch: [81/200], cls_loss: 0.0299, transfer_loss: 0.7035,person_loss: -1.9890, total_Loss: 0.1828
trian begin
trian end
n_person 383
SAMPLE
F1_MI: 0.04392072844134976 F1_MA: 0.22841985195658798 ACC_MI: 0.04392072844134976 F1_MA: 0.19776937819420784
BEST_F1_MI: 0.8826995179432244 BEST_F1_MA: 0.4013912586947244 BEST_ACC_MI: 0.8826995179432244 BEST_F1_MA: 0.40643950402014917
[[  11   76 1648    0]
 [   2    6   33    0]
 [   3    2   65    0]
 [   0    6   15    0]]
Epoch: [82/200], cls_loss: 0.0291, transfer_loss: 0.7086,person_loss: -1.9890, total_Loss: 0.1845
trian begin
trian end
n_person 383
SAMPLE
F1_MI: 0.8162828066416712 F1_MA: 0.3580713251375196 ACC_MI: 0.8162828066416711 F1_MA: 0.3216357440344104
BEST_F1_MI: 0.8826995179432244 BEST_F1_MA: 0.4013912586947244 BEST_ACC_MI: 0.8826995179432244 BEST_F1_MA: 0.40643950402014917
[[1483   96  148    8]
 [   8   14   16    3]
 [  23   20   26    1]
 [   3    9    8    1]]
Epoch: [83/200], cls_loss: 0.0314, transfer_loss: 0.6955,person_loss: -1.9893, total_Loss: 0.1802
trian begin
trian end
n_person 383
SAMPLE
F1_MI: 0.7825388323513658 F1_MA: 0.3832507813570623 ACC_MI: 0.7825388323513658 F1_MA: 0.3168345769926777
BEST_F1_MI: 0.8826995179432244 BEST_F1_MA: 0.4013912586947244 BEST_ACC_MI: 0.8826995179432244 BEST_F1_MA: 0.40643950402014917
[[1392  154  189    0]
 [   4   15   22    0]
 [   4   12   54    0]
 [   1    6   14    0]]
Epoch: [84/200], cls_loss: 0.0348, transfer_loss: 0.6952,person_loss: -1.9876, total_Loss: 0.1837
trian begin
trian end
n_person 383
SAMPLE
F1_MI: 0.05463310123192287 F1_MA: 0.25782015760585086 ACC_MI: 0.05463310123192287 F1_MA: 0.22320968415464834
BEST_F1_MI: 0.8826995179432244 BEST_F1_MA: 0.4013912586947244 BEST_ACC_MI: 0.8826995179432244 BEST_F1_MA: 0.40643950402014917
[[  32  199 1504    0]
 [   3   20   17    1]
 [   4   16   50    0]
 [   2   13    6    0]]
Epoch: [85/200], cls_loss: 0.0234, transfer_loss: 0.6950,person_loss: -1.9885, total_Loss: 0.1721
trian begin
trian end
n_person 383
SAMPLE
F1_MI: 0.8446705945366899 F1_MA: 0.3387734353959683 ACC_MI: 0.8446705945366899 F1_MA: 0.30478995361969313
BEST_F1_MI: 0.8826995179432244 BEST_F1_MA: 0.4013912586947244 BEST_ACC_MI: 0.8826995179432244 BEST_F1_MA: 0.40643950402014917
[[1535   31  169    0]
 [  17    4   20    0]
 [  26    6   38    0]
 [   9    3    9    0]]
Epoch: [86/200], cls_loss: 0.0290, transfer_loss: 0.6990,person_loss: -1.9885, total_Loss: 0.1796
trian begin
trian end
n_person 383
SAMPLE
F1_MI: 0.8157471880021425 F1_MA: 0.34287634356558644 ACC_MI: 0.8157471880021425 F1_MA: 0.30463964419286366
BEST_F1_MI: 0.8826995179432244 BEST_F1_MA: 0.4013912586947244 BEST_ACC_MI: 0.8826995179432244 BEST_F1_MA: 0.40643950402014917
[[1480   81  160   14]
 [  11   10   18    2]
 [  21   11   33    5]
 [  10    2    9    0]]
Epoch: [87/200], cls_loss: 0.0243, transfer_loss: 0.6975,person_loss: -1.9909, total_Loss: 0.1740
trian begin
trian end
n_person 383
SAMPLE
F1_MI: 0.8569898232458489 F1_MA: 0.3327606897775642 ACC_MI: 0.8569898232458489 F1_MA: 0.30655984884871035
BEST_F1_MI: 0.8826995179432244 BEST_F1_MA: 0.4013912586947244 BEST_ACC_MI: 0.8826995179432244 BEST_F1_MA: 0.40643950402014917
[[1567   64  104    0]
 [  22    8   11    0]
 [  42    3   25    0]
 [  10    4    7    0]]
Epoch: [88/200], cls_loss: 0.0290, transfer_loss: 0.6969,person_loss: -1.9909, total_Loss: 0.1784
trian begin
trian end
n_person 383
SAMPLE
F1_MI: 0.7359400107123729 F1_MA: 0.39157346436816365 ACC_MI: 0.7359400107123728 F1_MA: 0.32062158673103247
BEST_F1_MI: 0.8826995179432244 BEST_F1_MA: 0.4013912586947244 BEST_ACC_MI: 0.8826995179432244 BEST_F1_MA: 0.40643950402014917
[[1302  281  152    0]
 [   2   23   16    0]
 [   3   18   49    0]
 [   3   12    6    0]]
Epoch: [89/200], cls_loss: 0.0219, transfer_loss: 0.6812,person_loss: -1.9904, total_Loss: 0.1634
trian begin
trian end
n_person 383
SAMPLE
F1_MI: 0.803963577932512 F1_MA: 0.3715820349803632 ACC_MI: 0.803963577932512 F1_MA: 0.32025551678155073
BEST_F1_MI: 0.8826995179432244 BEST_F1_MA: 0.4013912586947244 BEST_ACC_MI: 0.8826995179432244 BEST_F1_MA: 0.40643950402014917
[[1449  190   96    0]
 [   8   19   14    0]
 [  18   19   33    0]
 [   3   12    6    0]]
Epoch: [90/200], cls_loss: 0.0261, transfer_loss: 0.6945,person_loss: -1.9877, total_Loss: 0.1746
trian begin
trian end
n_person 383
SAMPLE
F1_MI: 0.8125334761649705 F1_MA: 0.351863769014749 ACC_MI: 0.8125334761649705 F1_MA: 0.3084841149898695
BEST_F1_MI: 0.8826995179432244 BEST_F1_MA: 0.4013912586947244 BEST_ACC_MI: 0.8826995179432244 BEST_F1_MA: 0.40643950402014917
[[1465   34  233    3]
 [  10    5   26    0]
 [  18    5   47    0]
 [   3    2   16    0]]
Epoch: [91/200], cls_loss: 0.0160, transfer_loss: 0.6962,person_loss: -1.9895, total_Loss: 0.1651
trian begin
trian end
n_person 383
SAMPLE
F1_MI: 0.7664702731655062 F1_MA: 0.39627541946996103 ACC_MI: 0.7664702731655062 F1_MA: 0.32223427862009635
BEST_F1_MI: 0.8826995179432244 BEST_F1_MA: 0.4013912586947244 BEST_ACC_MI: 0.8826995179432244 BEST_F1_MA: 0.40643950402014917
[[1358  213  164    0]
 [   0   23   18    0]
 [   6   14   50    0]
 [   1    8   12    0]]
Epoch: [92/200], cls_loss: 0.0346, transfer_loss: 0.6990,person_loss: -1.9897, total_Loss: 0.1851
trian begin
trian end
n_person 383
SAMPLE
F1_MI: 0.8028923406534547 F1_MA: 0.35388030981522023 ACC_MI: 0.8028923406534547 F1_MA: 0.30148818013004475
BEST_F1_MI: 0.8826995179432244 BEST_F1_MA: 0.4013912586947244 BEST_ACC_MI: 0.8826995179432244 BEST_F1_MA: 0.40643950402014917
[[1440   73  220    2]
 [   6    4   31    0]
 [   7    8   55    0]
 [   2    3   16    0]]
Epoch: [93/200], cls_loss: 0.0154, transfer_loss: 0.6971,person_loss: -1.9911, total_Loss: 0.1649
trian begin
trian end
n_person 383
SAMPLE
F1_MI: 0.788430637386181 F1_MA: 0.36079456694552525 ACC_MI: 0.788430637386181 F1_MA: 0.3055239759842922
BEST_F1_MI: 0.8826995179432244 BEST_F1_MA: 0.4013912586947244 BEST_ACC_MI: 0.8826995179432244 BEST_F1_MA: 0.40643950402014917
[[1412   98  225    0]
 [  10    9   22    0]
 [   9   10   51    0]
 [   4    8    9    0]]
Epoch: [94/200], cls_loss: 0.0139, transfer_loss: 0.6934,person_loss: -1.9895, total_Loss: 0.1617
trian begin
trian end
n_person 383
SAMPLE
F1_MI: 0.039100160685591856 F1_MA: 0.16585254872597835 ACC_MI: 0.039100160685591856 F1_MA: 0.1179770085955068
BEST_F1_MI: 0.8826995179432244 BEST_F1_MA: 0.4013912586947244 BEST_ACC_MI: 0.8826995179432244 BEST_F1_MA: 0.40643950402014917
[[   2  281 1451    1]
 [   2   10   29    0]
 [   1    8   61    0]
 [   0    7   14    0]]
Epoch: [95/200], cls_loss: 0.0303, transfer_loss: 0.6999,person_loss: -1.9894, total_Loss: 0.1813
trian begin
trian end
n_person 383
SAMPLE
F1_MI: 0.8221746116764863 F1_MA: 0.37374222912324123 ACC_MI: 0.8221746116764863 F1_MA: 0.31514134554233464
BEST_F1_MI: 0.8826995179432244 BEST_F1_MA: 0.4013912586947244 BEST_ACC_MI: 0.8826995179432244 BEST_F1_MA: 0.40643950402014917
[[1470   65  200    0]
 [  11    6   24    0]
 [   8    3   59    0]
 [   5    5   11    0]]
Epoch: [96/200], cls_loss: 0.0146, transfer_loss: 0.6979,person_loss: -1.9897, total_Loss: 0.1646
trian begin
trian end
n_person 383
SAMPLE
F1_MI: 0.7166577396893412 F1_MA: 0.34654002748302826 ACC_MI: 0.7166577396893412 F1_MA: 0.29597875724557476
BEST_F1_MI: 0.8826995179432244 BEST_F1_MA: 0.4013912586947244 BEST_ACC_MI: 0.8826995179432244 BEST_F1_MA: 0.40643950402014917
[[1290  307  132    6]
 [   3   24   14    0]
 [  12   34   24    0]
 [   3    8   10    0]]
Epoch: [97/200], cls_loss: 0.0166, transfer_loss: 0.6961,person_loss: -1.9912, total_Loss: 0.1655
trian begin
trian end
n_person 383
SAMPLE
F1_MI: 0.040707016604177824 F1_MA: 0.051942261752044167 ACC_MI: 0.040707016604177824 F1_MA: 0.02835158262789842
BEST_F1_MI: 0.8826995179432244 BEST_F1_MA: 0.4013912586947244 BEST_ACC_MI: 0.8826995179432244 BEST_F1_MA: 0.40643950402014917
[[   0  166 1569    0]
 [   0   15   26    0]
 [   0    9   61    0]
 [   0    5   16    0]]
Epoch: [98/200], cls_loss: 0.0475, transfer_loss: 0.6931,person_loss: -1.9848, total_Loss: 0.1956
trian begin
trian end
n_person 383
SAMPLE
F1_MI: 0.786823781467595 F1_MA: 0.3763584496053551 ACC_MI: 0.786823781467595 F1_MA: 0.3139936831281038
BEST_F1_MI: 0.8826995179432244 BEST_F1_MA: 0.4013912586947244 BEST_ACC_MI: 0.8826995179432244 BEST_F1_MA: 0.40643950402014917
[[1407  146  181    1]
 [   3   18   20    0]
 [  14   12   44    0]
 [   3    5   13    0]]
Epoch: [99/200], cls_loss: 0.0148, transfer_loss: 0.6964,person_loss: -1.9899, total_Loss: 0.1640
trian begin
trian end
n_person 383
SAMPLE
F1_MI: 0.04284949116229245 F1_MA: 0.23283689382618497 ACC_MI: 0.04284949116229245 F1_MA: 0.18686163375014608
BEST_F1_MI: 0.8826995179432244 BEST_F1_MA: 0.4013912586947244 BEST_ACC_MI: 0.8826995179432244 BEST_F1_MA: 0.40643950402014917
[[   8 1549  176    2]
 [   2   20   19    0]
 [   4   14   52    0]
 [   1    9   11    0]]
Epoch: [100/200], cls_loss: 0.0172, transfer_loss: 0.6881,person_loss: -1.9908, total_Loss: 0.1622
trian begin
trian end
n_person 383
SAMPLE
F1_MI: 0.037493304767005894 F1_MA: 0.2929348109664304 ACC_MI: 0.037493304767005894 F1_MA: 0.3039461049889823
BEST_F1_MI: 0.8826995179432244 BEST_F1_MA: 0.4013912586947244 BEST_ACC_MI: 0.8826995179432244 BEST_F1_MA: 0.40643950402014917
[[   1  269  219 1246]
 [   0   11   28    2]
 [   0   11   57    2]
 [   0    3   17    1]]
Epoch: [101/200], cls_loss: 0.0241, transfer_loss: 0.6919,person_loss: -1.9884, total_Loss: 0.1712
trian begin
trian end
n_person 383
SAMPLE
F1_MI: 0.039100160685591856 F1_MA: 0.07277797077282938 ACC_MI: 0.039100160685591856 F1_MA: 0.042098934263887576
BEST_F1_MI: 0.8826995179432244 BEST_F1_MA: 0.4013912586947244 BEST_ACC_MI: 0.8826995179432244 BEST_F1_MA: 0.40643950402014917
[[   0   20 1715    0]
 [   0    3   38    0]
 [   0    0   70    0]
 [   0    0   21    0]]
Epoch: [102/200], cls_loss: 0.0153, transfer_loss: 0.6879,person_loss: -1.9907, total_Loss: 0.1601
trian begin
trian end
n_person 383
SAMPLE
F1_MI: 0.7948580610605249 F1_MA: 0.35796428230447785 ACC_MI: 0.7948580610605249 F1_MA: 0.30746013084549256
BEST_F1_MI: 0.8826995179432244 BEST_F1_MA: 0.4013912586947244 BEST_ACC_MI: 0.8826995179432244 BEST_F1_MA: 0.40643950402014917
[[1431  153  151    0]
 [   9   13   19    0]
 [  20   10   40    0]
 [   9    4    8    0]]
Epoch: [103/200], cls_loss: 0.0167, transfer_loss: 0.6926,person_loss: -1.9908, total_Loss: 0.1640
trian begin
trian end
n_person 383
SAMPLE
F1_MI: 0.7568291376539905 F1_MA: 0.3430710502933522 ACC_MI: 0.7568291376539904 F1_MA: 0.28941532473642567
BEST_F1_MI: 0.8826995179432244 BEST_F1_MA: 0.4013912586947244 BEST_ACC_MI: 0.8826995179432244 BEST_F1_MA: 0.40643950402014917
[[1351   60  324    0]
 [   5    2   34    0]
 [   6    4   60    0]
 [   3    0   18    0]]
Epoch: [104/200], cls_loss: 0.0189, transfer_loss: 0.6890,person_loss: -1.9898, total_Loss: 0.1644
trian begin
trian end
n_person 383
SAMPLE
F1_MI: 0.04177825388323514 F1_MA: 0.23583272446450054 ACC_MI: 0.04177825388323514 F1_MA: 0.21859083627700648
BEST_F1_MI: 0.8826995179432244 BEST_F1_MA: 0.4013912586947244 BEST_ACC_MI: 0.8826995179432244 BEST_F1_MA: 0.40643950402014917
[[  11   95 1627    2]
 [   1    6   34    0]
 [   1    8   61    0]
 [   1    3   17    0]]
Epoch: [105/200], cls_loss: 0.0186, transfer_loss: 0.6882,person_loss: -1.9905, total_Loss: 0.1637
trian begin
trian end
n_person 383
SAMPLE
F1_MI: 0.8377075522228173 F1_MA: 0.3318442113201239 ACC_MI: 0.8377075522228173 F1_MA: 0.30151768191811146
BEST_F1_MI: 0.8826995179432244 BEST_F1_MA: 0.4013912586947244 BEST_ACC_MI: 0.8826995179432244 BEST_F1_MA: 0.40643950402014917
[[1528   98  109    0]
 [  19    8   14    0]
 [  33    9   28    0]
 [   9    6    6    0]]
Epoch: [106/200], cls_loss: 0.0226, transfer_loss: 0.6877,person_loss: -1.9881, total_Loss: 0.1677
trian begin
trian end
n_person 383
SAMPLE
F1_MI: 0.7337975361542582 F1_MA: 0.3775080755435053 ACC_MI: 0.7337975361542581 F1_MA: 0.30992307448298934
BEST_F1_MI: 0.8826995179432244 BEST_F1_MA: 0.4013912586947244 BEST_ACC_MI: 0.8826995179432244 BEST_F1_MA: 0.40643950402014917
[[1300  231  204    0]
 [   0   18   23    0]
 [   5   13   52    0]
 [   1    5   15    0]]
Epoch: [107/200], cls_loss: 0.0272, transfer_loss: 0.6892,person_loss: -1.9868, total_Loss: 0.1731
trian begin
trian end
n_person 383
SAMPLE
F1_MI: 0.7514729512587038 F1_MA: 0.34400451328522597 ACC_MI: 0.7514729512587038 F1_MA: 0.298331328940173
BEST_F1_MI: 0.8826995179432244 BEST_F1_MA: 0.4013912586947244 BEST_ACC_MI: 0.8826995179432244 BEST_F1_MA: 0.40643950402014917
[[1356  243  136    0]
 [   7   17   17    0]
 [  19   21   30    0]
 [   3    8   10    0]]
Epoch: [108/200], cls_loss: 0.0099, transfer_loss: 0.6885,person_loss: -1.9890, total_Loss: 0.1552
trian begin
trian end
n_person 383
SAMPLE
F1_MI: 0.6882699517943225 F1_MA: 0.36070274944440345 ACC_MI: 0.6882699517943225 F1_MA: 0.30123186635884713
BEST_F1_MI: 0.8826995179432244 BEST_F1_MA: 0.4013912586947244 BEST_ACC_MI: 0.8826995179432244 BEST_F1_MA: 0.40643950402014917
[[1216  284  234    1]
 [   2   11   28    0]
 [   2   10   58    0]
 [   1    6   14    0]]
Epoch: [109/200], cls_loss: 0.0200, transfer_loss: 0.6938,person_loss: -1.9879, total_Loss: 0.1681
trian begin
trian end
n_person 383
SAMPLE
F1_MI: 0.7889662560257097 F1_MA: 0.37301788760170995 ACC_MI: 0.7889662560257097 F1_MA: 0.31449255375316326
BEST_F1_MI: 0.8826995179432244 BEST_F1_MA: 0.4013912586947244 BEST_ACC_MI: 0.8826995179432244 BEST_F1_MA: 0.40643950402014917
[[1413  166  155    1]
 [   7   16   17    1]
 [  12   14   44    0]
 [   4    8    9    0]]
Epoch: [110/200], cls_loss: 0.0200, transfer_loss: 0.6910,person_loss: -1.9895, total_Loss: 0.1666
trian begin
trian end
n_person 383
SAMPLE
F1_MI: 0.7611140867702196 F1_MA: 0.36755848620501 ACC_MI: 0.7611140867702196 F1_MA: 0.3142962931820845
BEST_F1_MI: 0.8826995179432244 BEST_F1_MA: 0.4013912586947244 BEST_ACC_MI: 0.8826995179432244 BEST_F1_MA: 0.40643950402014917
[[1371  190  110   64]
 [   5   23   12    1]
 [  19   24   26    1]
 [   3   11    6    1]]
Epoch: [111/200], cls_loss: 0.0176, transfer_loss: 0.6904,person_loss: -1.9904, total_Loss: 0.1638
trian begin
trian end
n_person 383
SAMPLE
F1_MI: 0.7970005356186396 F1_MA: 0.3684246664700517 ACC_MI: 0.7970005356186395 F1_MA: 0.3138201139997487
BEST_F1_MI: 0.8826995179432244 BEST_F1_MA: 0.4013912586947244 BEST_ACC_MI: 0.8826995179432244 BEST_F1_MA: 0.40643950402014917
[[1430  163  142    0]
 [   9   13   19    0]
 [  17    8   45    0]
 [   2    7   12    0]]
Epoch: [112/200], cls_loss: 0.0284, transfer_loss: 0.6923,person_loss: -1.9895, total_Loss: 0.1756
trian begin
trian end
n_person 383
SAMPLE
F1_MI: 0.8494911622924478 F1_MA: 0.30608323068287735 ACC_MI: 0.8494911622924478 F1_MA: 0.28850449188538485
BEST_F1_MI: 0.8826995179432244 BEST_F1_MA: 0.4013912586947244 BEST_ACC_MI: 0.8826995179432244 BEST_F1_MA: 0.40643950402014917
[[1562   52  121    0]
 [  24    6   11    0]
 [  47    5   18    0]
 [   8    5    8    0]]
Epoch: [113/200], cls_loss: 0.0202, transfer_loss: 0.6929,person_loss: -1.9892, total_Loss: 0.1678
trian begin
trian end
n_person 383
SAMPLE
F1_MI: 0.03642206748794858 F1_MA: 0.16733337573450918 ACC_MI: 0.03642206748794858 F1_MA: 0.11789463868608677
BEST_F1_MI: 0.8826995179432244 BEST_F1_MA: 0.4013912586947244 BEST_ACC_MI: 0.8826995179432244 BEST_F1_MA: 0.40643950402014917
[[   1 1518  197   19]
 [   1   16   19    5]
 [   1   14   50    5]
 [   1    4   15    1]]
Epoch: [114/200], cls_loss: 0.0124, transfer_loss: 0.6795,person_loss: -1.9905, total_Loss: 0.1531
[[1194  426  115    0]
 [   0   28   12    1]
 [   2   20   48    0]
 [   2   11    8    0]]
[[1643   27   63    2]
 [  35    1    5    0]
 [  65    1    4    0]
 [  16    2    3    0]]
ARG: Namespace(backbone='resnet50', batch_size=32, config='DANN/DANN.yaml', data_dir='data', device=device(type='cuda'), early_stop=50, epoch_based_training=False, lr=0.003, lr_decay=0.75, lr_gamma=0.0003, lr_scheduler=True, max_iter=20000, method='True', momentum=0.9, myweight=0.1, n_class=4, n_epoch=200, n_iter_per_epoch=100, num_workers=3, seed=1, src_domain='77G', tgt_domain='63G', tname='transfer', transfer_loss='adv', transfer_loss_weight=0.5, use_bottleneck=True, weight_decay=0.0005)
