daan 1 77G 63G DAAN/DAAN.yaml True
Namespace(backbone='resnet50', batch_size=32, config='DAAN/DAAN.yaml', data_dir='data', device=device(type='cuda'), early_stop=50, epoch_based_training=False, lr=0.003, lr_decay=0.75, lr_gamma=0.0003, lr_scheduler=True, method='True', momentum=0.9, myweight=0.1, n_epoch=200, n_iter_per_epoch=100, num_workers=3, seed=1, src_domain='77G', tgt_domain='63G', tname='transfer', transfer_loss='daan', transfer_loss_weight=0.5, use_bottleneck=True, weight_decay=0.0005)
JUST DO IT
run my Parkinson code
transfer
TRAIN Length: 2905 290 TEST Length: 1867 383
YYY: 0 3
DATA_PROFILE   train: 2905 train2: 1867 test: 1867
DATASET.SHAPE: <data_loader.GetTrainLoader object at 0x7fde868709a0> True
DATASET.SHAPE: <data_loader.GetTrainLoader object at 0x7fde7e539a00> True
DATASET.SHAPE: <data_loader.GetTestLoader object at 0x7fde7e539d00> False
CLASS: 4 383
LLL: {}
BOTTLENECK_LIST: [Linear(in_features=512, out_features=256, bias=True), ReLU()]
TYPE: {'loss_type': 'daan', 'max_iter': 20000, 'num_class': 4, 'my_person_item': <my_person_item.PersonItem object at 0x7fde7e523910>}
initial_lr 1.0
transfer_world
method True <class 'str'>
1.8.1+cu111
True
LEN: 0 0
LOADER: <data_loader.InfiniteDataLoader object at 0x7fde7e539040> <data_loader.InfiniteDataLoader object at 0x7fde7e523df0>
N_batch: 100
trian begin
trian end
n_person 383
SAMPLE
F1_MI: 0.024638457418318157 F1_MA: 0.09426310369512134 ACC_MI: 0.024638457418318157 F1_MA: 0.056381507737635395
BEST_F1_MI: 0.024638457418318157 BEST_F1_MA: 0.09426310369512134 BEST_ACC_MI: 0.024638457418318157 BEST_F1_MA: 0.056381507737635395
[[   0 1561   87   87]
 [   0   19   10   12]
 [   0   24   18   28]
 [   0    5    7    9]]
Epoch: [ 1/200], cls_loss: 0.8694, transfer_loss: 0.0185,person_loss: -1.8185, total_Loss: 0.6968
trian begin
trian end
n_person 383
SAMPLE
F1_MI: 0.7895018746652382 F1_MA: 0.39638992488866154 ACC_MI: 0.7895018746652384 F1_MA: 0.3638135698558136
BEST_F1_MI: 0.7895018746652382 BEST_F1_MA: 0.39638992488866154 BEST_ACC_MI: 0.7895018746652384 BEST_F1_MA: 0.3638135698558136
[[1434  292    7    2]
 [   4   34    3    0]
 [   4   45    6   15]
 [   2   19    0    0]]
Epoch: [ 2/200], cls_loss: 0.6346, transfer_loss: 0.0151,person_loss: -1.8690, total_Loss: 0.4553
trian begin
trian end
n_person 383
SAMPLE
F1_MI: 0.02945902517407606 F1_MA: 0.3050574040841321 ACC_MI: 0.02945902517407606 F1_MA: 0.30312273969416825
BEST_F1_MI: 0.7895018746652382 BEST_F1_MA: 0.39638992488866154 BEST_ACC_MI: 0.7895018746652384 BEST_F1_MA: 0.3638135698558136
[[   9 1572  107   47]
 [   0   23   10    8]
 [   0   24   13   33]
 [   0    6    5   10]]
Epoch: [ 3/200], cls_loss: 0.6118, transfer_loss: 0.0144,person_loss: -1.9092, total_Loss: 0.4281
trian begin
trian end
n_person 383
SAMPLE
F1_MI: 0.8286020353508301 F1_MA: 0.3158657864613631 ACC_MI: 0.8286020353508302 F1_MA: 0.28303381256656013
BEST_F1_MI: 0.8286020353508301 BEST_F1_MA: 0.39638992488866154 BEST_ACC_MI: 0.8286020353508302 BEST_F1_MA: 0.3638135698558136
[[1524  183   12   16]
 [  15   22    1    3]
 [  20   21    1   28]
 [   6   14    1    0]]
Epoch: [ 4/200], cls_loss: 0.5542, transfer_loss: 0.0154,person_loss: -1.9224, total_Loss: 0.3697
trian begin
trian end
n_person 383
SAMPLE
F1_MI: 0.04017139796464917 F1_MA: 0.05829655259288819 ACC_MI: 0.04017139796464917 F1_MA: 0.03206035767511178
BEST_F1_MI: 0.8286020353508301 BEST_F1_MA: 0.39638992488866154 BEST_ACC_MI: 0.8286020353508302 BEST_F1_MA: 0.3638135698558136
[[   0  169 1566    0]
 [   0   21   20    0]
 [   0   16   54    0]
 [   0   14    7    0]]
Epoch: [ 5/200], cls_loss: 0.5577, transfer_loss: 0.0171,person_loss: -1.9371, total_Loss: 0.3725
trian begin
trian end
n_person 383
SAMPLE
F1_MI: 0.6464916979110873 F1_MA: 0.438743795849952 ACC_MI: 0.6464916979110873 F1_MA: 0.4536541743571499
BEST_F1_MI: 0.8286020353508301 BEST_F1_MA: 0.438743795849952 BEST_ACC_MI: 0.8286020353508302 BEST_F1_MA: 0.4536541743571499
[[1161  260    5  309]
 [   1   27    1   12]
 [   1   28   16   25]
 [   1   17    0    3]]
Epoch: [ 6/200], cls_loss: 0.4568, transfer_loss: 0.0182,person_loss: -1.9429, total_Loss: 0.2717
trian begin
trian end
n_person 383
SAMPLE
F1_MI: 0.04177825388323514 F1_MA: 0.12497591041515553 ACC_MI: 0.04177825388323514 F1_MA: 0.07586644125105663
BEST_F1_MI: 0.8286020353508301 BEST_F1_MA: 0.438743795849952 BEST_ACC_MI: 0.8286020353508302 BEST_F1_MA: 0.4536541743571499
[[   0 1625  102    8]
 [   0   30   10    1]
 [   0   22   48    0]
 [   0   13    8    0]]
Epoch: [ 7/200], cls_loss: 0.4449, transfer_loss: 0.0183,person_loss: -1.9481, total_Loss: 0.2593
trian begin
trian end
n_person 383
SAMPLE
F1_MI: 0.046063202999464384 F1_MA: 0.06885282017699886 ACC_MI: 0.046063202999464384 F1_MA: 0.03777860557521574
BEST_F1_MI: 0.8286020353508301 BEST_F1_MA: 0.438743795849952 BEST_ACC_MI: 0.8286020353508302 BEST_F1_MA: 0.4536541743571499
[[   0  212 1523    0]
 [   0   32    9    0]
 [   0   16   54    0]
 [   1   13    7    0]]
Epoch: [ 8/200], cls_loss: 0.4314, transfer_loss: 0.0179,person_loss: -1.9484, total_Loss: 0.2455
trian begin
trian end
n_person 383
SAMPLE
F1_MI: 0.7814675950723086 F1_MA: 0.4578585001207758 ACC_MI: 0.7814675950723086 F1_MA: 0.4098518687607807
BEST_F1_MI: 0.8286020353508301 BEST_F1_MA: 0.4578585001207758 BEST_ACC_MI: 0.8286020353508302 BEST_F1_MA: 0.4536541743571499
[[1396  228   26   85]
 [   3   30    0    8]
 [   3   22   31   14]
 [   3   14    2    2]]
Epoch: [ 9/200], cls_loss: 0.3964, transfer_loss: 0.0162,person_loss: -1.9598, total_Loss: 0.2085
trian begin
trian end
n_person 383
SAMPLE
F1_MI: 0.06909480449919657 F1_MA: 0.28172652686507565 ACC_MI: 0.06909480449919657 F1_MA: 0.30154344183216697
BEST_F1_MI: 0.8286020353508301 BEST_F1_MA: 0.4578585001207758 BEST_ACC_MI: 0.8286020353508302 BEST_F1_MA: 0.4536541743571499
[[  71   71  125 1468]
 [   6   12   13   10]
 [   3    4   44   19]
 [   4    5   10    2]]
Epoch: [10/200], cls_loss: 0.3961, transfer_loss: 0.0174,person_loss: -1.9569, total_Loss: 0.2091
trian begin
trian end
n_person 383
SAMPLE
F1_MI: 0.7471880021424747 F1_MA: 0.44419547301977724 ACC_MI: 0.7471880021424746 F1_MA: 0.3770960310471965
BEST_F1_MI: 0.8286020353508301 BEST_F1_MA: 0.4578585001207758 BEST_ACC_MI: 0.8286020353508302 BEST_F1_MA: 0.4536541743571499
[[1324  373   38    0]
 [   1   38    2    0]
 [   1   36   33    0]
 [   1   16    4    0]]
Epoch: [11/200], cls_loss: 0.3757, transfer_loss: 0.0194,person_loss: -1.9639, total_Loss: 0.1890
trian begin
trian end
n_person 383
SAMPLE
F1_MI: 0.04124263524370648 F1_MA: 0.3587144146617665 ACC_MI: 0.04124263524370648 F1_MA: 0.48822908020825473
BEST_F1_MI: 0.8286020353508301 BEST_F1_MA: 0.4578585001207758 BEST_ACC_MI: 0.8286020353508302 BEST_F1_MA: 0.48822908020825473
[[  27 1708    0    0]
 [   1   40    0    0]
 [   0   60   10    0]
 [   1   20    0    0]]
Epoch: [12/200], cls_loss: 0.3448, transfer_loss: 0.0204,person_loss: -1.9628, total_Loss: 0.1587
trian begin
trian end
n_person 383
SAMPLE
F1_MI: 0.8703802892340653 F1_MA: 0.3765978931694977 ACC_MI: 0.8703802892340653 F1_MA: 0.38190676331123713
BEST_F1_MI: 0.8703802892340653 BEST_F1_MA: 0.4578585001207758 BEST_ACC_MI: 0.8703802892340653 BEST_F1_MA: 0.48822908020825473
[[1596  126   13    0]
 [  25   15    1    0]
 [  44   12   14    0]
 [   9   11    1    0]]
Epoch: [13/200], cls_loss: 0.3168, transfer_loss: 0.0213,person_loss: -1.9629, total_Loss: 0.1312
trian begin
trian end
n_person 383
SAMPLE
F1_MI: 0.7852169255490091 F1_MA: 0.41658913629629657 ACC_MI: 0.7852169255490091 F1_MA: 0.37569178400590797
BEST_F1_MI: 0.8703802892340653 BEST_F1_MA: 0.4578585001207758 BEST_ACC_MI: 0.8703802892340653 BEST_F1_MA: 0.48822908020825473
[[1416  261   27   31]
 [   8   27    3    3]
 [  11   33   21    5]
 [   4   12    3    2]]
Epoch: [14/200], cls_loss: 0.3089, transfer_loss: 0.0223,person_loss: -1.9605, total_Loss: 0.1240
trian begin
trian end
n_person 383
SAMPLE
F1_MI: 0.8666309587573648 F1_MA: 0.339147794528769 ACC_MI: 0.8666309587573647 F1_MA: 0.31522590611364365
BEST_F1_MI: 0.8703802892340653 BEST_F1_MA: 0.4578585001207758 BEST_ACC_MI: 0.8703802892340653 BEST_F1_MA: 0.48822908020825473
[[1590  100   45    0]
 [  23   15    3    0]
 [  46   11   13    0]
 [   9    6    6    0]]
Epoch: [15/200], cls_loss: 0.2715, transfer_loss: 0.0221,person_loss: -1.9703, total_Loss: 0.0855
trian begin
trian end
n_person 383
SAMPLE
F1_MI: 0.8821638993036958 F1_MA: 0.3610961186286675 ACC_MI: 0.8821638993036958 F1_MA: 0.3720253062624839
BEST_F1_MI: 0.8821638993036958 BEST_F1_MA: 0.4578585001207758 BEST_ACC_MI: 0.8821638993036958 BEST_F1_MA: 0.48822908020825473
[[1622   97   16    0]
 [  29   11    1    0]
 [  46   10   14    0]
 [  17    4    0    0]]
Epoch: [16/200], cls_loss: 0.2694, transfer_loss: 0.0227,person_loss: -1.9717, total_Loss: 0.0836
trian begin
trian end
n_person 383
SAMPLE
F1_MI: 0.47455811462238884 F1_MA: 0.3044057401129902 ACC_MI: 0.47455811462238884 F1_MA: 0.27034565937587784
BEST_F1_MI: 0.8821638993036958 BEST_F1_MA: 0.4578585001207758 BEST_ACC_MI: 0.8821638993036958 BEST_F1_MA: 0.48822908020825473
[[829  97 809   0]
 [ 21  10  10   0]
 [ 12  11  47   0]
 [ 15   4   2   0]]
Epoch: [17/200], cls_loss: 0.2461, transfer_loss: 0.0231,person_loss: -1.9667, total_Loss: 0.0610
trian begin
trian end
n_person 383
SAMPLE
F1_MI: 0.8291376539903589 F1_MA: 0.3648325522154429 ACC_MI: 0.8291376539903589 F1_MA: 0.3149077803738455
BEST_F1_MI: 0.8821638993036958 BEST_F1_MA: 0.4578585001207758 BEST_ACC_MI: 0.8821638993036958 BEST_F1_MA: 0.48822908020825473
[[1491   46  198    0]
 [  12    6   23    0]
 [  15    4   51    0]
 [   5    3   13    0]]
Epoch: [18/200], cls_loss: 0.2517, transfer_loss: 0.0231,person_loss: -1.9705, total_Loss: 0.0662
trian begin
trian end
n_person 383
SAMPLE
F1_MI: 0.03535083020889127 F1_MA: 0.2689938095690909 ACC_MI: 0.03535083020889127 F1_MA: 0.283003300330033
BEST_F1_MI: 0.8821638993036958 BEST_F1_MA: 0.4578585001207758 BEST_ACC_MI: 0.8821638993036958 BEST_F1_MA: 0.48822908020825473
[[  22 1706    6    1]
 [   3   38    0    0]
 [   7   57    6    0]
 [   4   17    0    0]]
Epoch: [19/200], cls_loss: 0.2550, transfer_loss: 0.0233,person_loss: -1.9601, total_Loss: 0.0707
trian begin
trian end
n_person 383
SAMPLE
F1_MI: 0.8136047134440278 F1_MA: 0.40130814224776806 ACC_MI: 0.8136047134440278 F1_MA: 0.34032113291330784
BEST_F1_MI: 0.8821638993036958 BEST_F1_MA: 0.4578585001207758 BEST_ACC_MI: 0.8821638993036958 BEST_F1_MA: 0.48822908020825473
[[1452  144  105   34]
 [  12   16   11    2]
 [  11    6   51    2]
 [   4    6   11    0]]
Epoch: [20/200], cls_loss: 0.2297, transfer_loss: 0.0235,person_loss: -1.9677, total_Loss: 0.0447
trian begin
trian end
n_person 383
SAMPLE
F1_MI: 0.8269951794322442 F1_MA: 0.4935714602915629 ACC_MI: 0.8269951794322442 F1_MA: 0.5610157713884596
BEST_F1_MI: 0.8821638993036958 BEST_F1_MA: 0.4935714602915629 BEST_ACC_MI: 0.8821638993036958 BEST_F1_MA: 0.5610157713884596
[[1485   27  223    0]
 [  11    3   27    0]
 [  13    2   55    0]
 [   6    1   13    1]]
Epoch: [21/200], cls_loss: 0.1818, transfer_loss: 0.0234,person_loss: -1.9698, total_Loss: -0.0035
trian begin
trian end
n_person 383
SAMPLE
F1_MI: 0.06909480449919657 F1_MA: 0.2931501926528328 ACC_MI: 0.06909480449919657 F1_MA: 0.2460253478215489
BEST_F1_MI: 0.8821638993036958 BEST_F1_MA: 0.4935714602915629 BEST_ACC_MI: 0.8821638993036958 BEST_F1_MA: 0.5610157713884596
[[  50  222 1463    0]
 [   3   29    9    0]
 [   2   18   50    0]
 [   4   10    7    0]]
Epoch: [22/200], cls_loss: 0.2469, transfer_loss: 0.0233,person_loss: -1.9561, total_Loss: 0.0629
trian begin
trian end
n_person 383
SAMPLE
F1_MI: 0.06052490626673808 F1_MA: 0.26158200998923375 ACC_MI: 0.06052490626673808 F1_MA: 0.24051982316029663
BEST_F1_MI: 0.8821638993036958 BEST_F1_MA: 0.4935714602915629 BEST_ACC_MI: 0.8821638993036958 BEST_F1_MA: 0.5610157713884596
[[  40   51 1644    0]
 [   3    8   30    0]
 [   4    1   65    0]
 [   3    4   14    0]]
Epoch: [23/200], cls_loss: 0.2253, transfer_loss: 0.0233,person_loss: -1.9635, total_Loss: 0.0406
trian begin
trian end
n_person 383
SAMPLE
F1_MI: 0.8746652383502946 F1_MA: 0.3503225251427098 ACC_MI: 0.8746652383502946 F1_MA: 0.32778192867105
BEST_F1_MI: 0.8821638993036958 BEST_F1_MA: 0.4935714602915629 BEST_ACC_MI: 0.8821638993036958 BEST_F1_MA: 0.5610157713884596
[[1600   78   56    1]
 [  25   11    5    0]
 [  35   13   22    0]
 [  13    3    5    0]]
Epoch: [24/200], cls_loss: 0.1602, transfer_loss: 0.0233,person_loss: -1.9714, total_Loss: -0.0253
trian begin
trian end
n_person 383
SAMPLE
F1_MI: 0.8950187466523835 F1_MA: 0.2796107523412552 ACC_MI: 0.8950187466523835 F1_MA: 0.2854856451667285
BEST_F1_MI: 0.8950187466523835 BEST_F1_MA: 0.4935714602915629 BEST_ACC_MI: 0.8950187466523835 BEST_F1_MA: 0.5610157713884596
[[1665   65    5    0]
 [  35    5    1    0]
 [  67    2    1    0]
 [  17    4    0    0]]
Epoch: [25/200], cls_loss: 0.1751, transfer_loss: 0.0233,person_loss: -1.9698, total_Loss: -0.0102
trian begin
trian end
n_person 383
SAMPLE
F1_MI: 0.8478843063738618 F1_MA: 0.38218810034963024 ACC_MI: 0.8478843063738618 F1_MA: 0.3301131407103727
BEST_F1_MI: 0.8950187466523835 BEST_F1_MA: 0.4935714602915629 BEST_ACC_MI: 0.8950187466523835 BEST_F1_MA: 0.5610157713884596
[[1526   80  128    1]
 [  15   12   14    0]
 [  21    4   45    0]
 [   6    5   10    0]]
Epoch: [26/200], cls_loss: 0.1580, transfer_loss: 0.0233,person_loss: -1.9745, total_Loss: -0.0278
trian begin
trian end
n_person 383
SAMPLE
F1_MI: 0.8976968398500268 F1_MA: 0.35132868412338775 ACC_MI: 0.8976968398500268 F1_MA: 0.3570731745632776
BEST_F1_MI: 0.8976968398500268 BEST_F1_MA: 0.4935714602915629 BEST_ACC_MI: 0.8976968398500268 BEST_F1_MA: 0.5610157713884596
[[1650   58   27    0]
 [  33    6    2    0]
 [  45    5   20    0]
 [  16    4    1    0]]
Epoch: [27/200], cls_loss: 0.1655, transfer_loss: 0.0232,person_loss: -1.9711, total_Loss: -0.0200
trian begin
trian end
n_person 383
SAMPLE
F1_MI: 0.8618103910016068 F1_MA: 0.388744191692297 ACC_MI: 0.8618103910016068 F1_MA: 0.33784882701316027
BEST_F1_MI: 0.8976968398500268 BEST_F1_MA: 0.4935714602915629 BEST_ACC_MI: 0.8976968398500268 BEST_F1_MA: 0.5610157713884596
[[1549   46  140    0]
 [  16    8   17    0]
 [  16    2   52    0]
 [  10    1   10    0]]
Epoch: [28/200], cls_loss: 0.1336, transfer_loss: 0.0231,person_loss: -1.9739, total_Loss: -0.0523
trian begin
trian end
n_person 383
SAMPLE
F1_MI: 0.8602035350830209 F1_MA: 0.3607078398844185 ACC_MI: 0.8602035350830209 F1_MA: 0.3824834300729469
BEST_F1_MI: 0.8976968398500268 BEST_F1_MA: 0.4935714602915629 BEST_ACC_MI: 0.8976968398500268 BEST_F1_MA: 0.5610157713884596
[[1585  144    6    0]
 [  26   15    0    0]
 [  48   16    6    0]
 [  13    8    0    0]]
Epoch: [29/200], cls_loss: 0.1643, transfer_loss: 0.0230,person_loss: -1.9712, total_Loss: -0.0213
trian begin
trian end
n_person 383
SAMPLE
F1_MI: 0.8843063738618104 F1_MA: 0.29545987393865547 ACC_MI: 0.8843063738618104 F1_MA: 0.2942229748487036
BEST_F1_MI: 0.8976968398500268 BEST_F1_MA: 0.4935714602915629 BEST_ACC_MI: 0.8976968398500268 BEST_F1_MA: 0.5610157713884596
[[1639   74   22    0]
 [  32    7    2    0]
 [  54   11    5    0]
 [  18    1    2    0]]
Epoch: [30/200], cls_loss: 0.1135, transfer_loss: 0.0231,person_loss: -1.9724, total_Loss: -0.0722
trian begin
trian end
n_person 383
SAMPLE
F1_MI: 0.8146759507230852 F1_MA: 0.4144612396098931 ACC_MI: 0.8146759507230852 F1_MA: 0.3617929413241804
BEST_F1_MI: 0.8976968398500268 BEST_F1_MA: 0.4935714602915629 BEST_ACC_MI: 0.8976968398500268 BEST_F1_MA: 0.5610157713884596
[[1467  234   34    0]
 [   7   32    2    0]
 [   8   40   22    0]
 [   6   12    3    0]]
Epoch: [31/200], cls_loss: 0.1259, transfer_loss: 0.0231,person_loss: -1.9714, total_Loss: -0.0597
trian begin
trian end
n_person 383
SAMPLE
F1_MI: 0.8500267809319765 F1_MA: 0.43269446418046026 ACC_MI: 0.8500267809319765 F1_MA: 0.3856558237443544
BEST_F1_MI: 0.8976968398500268 BEST_F1_MA: 0.4935714602915629 BEST_ACC_MI: 0.8976968398500268 BEST_F1_MA: 0.5610157713884596
[[1519   61  152    3]
 [  10    9   21    1]
 [  11    1   58    0]
 [   6    5    9    1]]
Epoch: [32/200], cls_loss: 0.1050, transfer_loss: 0.0231,person_loss: -1.9726, total_Loss: -0.0807
trian begin
trian end
n_person 383
SAMPLE
F1_MI: 0.8596679164434923 F1_MA: 0.3528066240028171 ACC_MI: 0.8596679164434923 F1_MA: 0.33835084885644356
BEST_F1_MI: 0.8976968398500268 BEST_F1_MA: 0.4935714602915629 BEST_ACC_MI: 0.8976968398500268 BEST_F1_MA: 0.5610157713884596
[[1576  131   28    0]
 [  24   15    2    0]
 [  36   20   14    0]
 [  15    5    1    0]]
Epoch: [33/200], cls_loss: 0.1069, transfer_loss: 0.0230,person_loss: -1.9741, total_Loss: -0.0791
trian begin
trian end
n_person 383
SAMPLE
F1_MI: 0.05570433851098018 F1_MA: 0.22739701064320111 ACC_MI: 0.05570433851098018 F1_MA: 0.20274565753143942
BEST_F1_MI: 0.8976968398500268 BEST_F1_MA: 0.4935714602915629 BEST_ACC_MI: 0.8976968398500268 BEST_F1_MA: 0.5610157713884596
[[  38   77 1620    0]
 [   9    7   25    0]
 [   4    7   59    0]
 [   3    5   13    0]]
Epoch: [34/200], cls_loss: 0.0959, transfer_loss: 0.0230,person_loss: -1.9707, total_Loss: -0.0897
trian begin
trian end
n_person 383
SAMPLE
F1_MI: 0.0567755757900375 F1_MA: 0.3108713473059778 ACC_MI: 0.056775575790037495 F1_MA: 0.27670109838197593
BEST_F1_MI: 0.8976968398500268 BEST_F1_MA: 0.4935714602915629 BEST_ACC_MI: 0.8976968398500268 BEST_F1_MA: 0.5610157713884596
[[  31 1444  254    6]
 [   6   26    8    1]
 [   2   19   47    2]
 [   2   16    1    2]]
Epoch: [35/200], cls_loss: 0.1184, transfer_loss: 0.0228,person_loss: -1.9757, total_Loss: -0.0677
trian begin
trian end
n_person 383
SAMPLE
F1_MI: 0.04284949116229245 F1_MA: 0.3216396716123336 ACC_MI: 0.04284949116229245 F1_MA: 0.32782144701359806
BEST_F1_MI: 0.8976968398500268 BEST_F1_MA: 0.4935714602915629 BEST_ACC_MI: 0.8976968398500268 BEST_F1_MA: 0.5610157713884596
[[  20 1701   14    0]
 [   2   39    0    0]
 [   5   44   21    0]
 [   2   19    0    0]]
Epoch: [36/200], cls_loss: 0.0964, transfer_loss: 0.0222,person_loss: -1.9747, total_Loss: -0.0900
trian begin
trian end
n_person 383
SAMPLE
F1_MI: 0.8789501874665239 F1_MA: 0.3708225194529978 ACC_MI: 0.8789501874665239 F1_MA: 0.3613795520072319
BEST_F1_MI: 0.8976968398500268 BEST_F1_MA: 0.4935714602915629 BEST_ACC_MI: 0.8976968398500268 BEST_F1_MA: 0.5610157713884596
[[1607   99   29    0]
 [  28   11    2    0]
 [  39    8   23    0]
 [  13    5    3    0]]
Epoch: [37/200], cls_loss: 0.1149, transfer_loss: 0.0222,person_loss: -1.9735, total_Loss: -0.0713
trian begin
trian end
n_person 383
SAMPLE
F1_MI: 0.8162828066416712 F1_MA: 0.39871513304938516 ACC_MI: 0.8162828066416711 F1_MA: 0.33895325057321357
BEST_F1_MI: 0.8976968398500268 BEST_F1_MA: 0.4935714602915629 BEST_ACC_MI: 0.8976968398500268 BEST_F1_MA: 0.5610157713884596
[[1466  197   72    0]
 [   9   26    6    0]
 [  18   20   32    0]
 [   3   11    7    0]]
Epoch: [38/200], cls_loss: 0.0931, transfer_loss: 0.0218,person_loss: -1.9610, total_Loss: -0.0921
trian begin
trian end
n_person 383
SAMPLE
F1_MI: 0.05463310123192287 F1_MA: 0.29378569874434574 ACC_MI: 0.05463310123192287 F1_MA: 0.24450368022067961
BEST_F1_MI: 0.8976968398500268 BEST_F1_MA: 0.4935714602915629 BEST_ACC_MI: 0.8976968398500268 BEST_F1_MA: 0.5610157713884596
[[  22  373 1336    4]
 [   4   28    9    0]
 [   2   16   51    1]
 [   3   12    5    1]]
Epoch: [39/200], cls_loss: 0.0885, transfer_loss: 0.0218,person_loss: -1.9727, total_Loss: -0.0978
trian begin
trian end
n_person 383
SAMPLE
F1_MI: 0.8435993572576326 F1_MA: 0.40511414304380766 ACC_MI: 0.8435993572576326 F1_MA: 0.34156354761141305
BEST_F1_MI: 0.8976968398500268 BEST_F1_MA: 0.4935714602915629 BEST_ACC_MI: 0.8976968398500268 BEST_F1_MA: 0.5610157713884596
[[1510   93  131    1]
 [  16   19    6    0]
 [  12   11   46    1]
 [   8    7    6    0]]
Epoch: [40/200], cls_loss: 0.1397, transfer_loss: 0.0210,person_loss: -1.9673, total_Loss: -0.0465
trian begin
trian end
n_person 383
SAMPLE
F1_MI: 0.05516871987145153 F1_MA: 0.26858403097947975 ACC_MI: 0.05516871987145153 F1_MA: 0.23800886565150253
BEST_F1_MI: 0.8976968398500268 BEST_F1_MA: 0.4935714602915629 BEST_ACC_MI: 0.8976968398500268 BEST_F1_MA: 0.5610157713884596
[[  41 1609   85    0]
 [   4   32    5    0]
 [   9   31   30    0]
 [   5   10    6    0]]
Epoch: [41/200], cls_loss: 0.0869, transfer_loss: 0.0217,person_loss: -1.9804, total_Loss: -0.1003
trian begin
trian end
n_person 383
SAMPLE
F1_MI: 0.8339582217461168 F1_MA: 0.36249062049010844 ACC_MI: 0.8339582217461168 F1_MA: 0.31857637558728075
BEST_F1_MI: 0.8976968398500268 BEST_F1_MA: 0.4935714602915629 BEST_ACC_MI: 0.8976968398500268 BEST_F1_MA: 0.5610157713884596
[[1516  152   65    2]
 [  14   22    5    0]
 [  20   30   19    1]
 [   7    6    8    0]]
Epoch: [42/200], cls_loss: 0.0716, transfer_loss: 0.0201,person_loss: -1.9829, total_Loss: -0.1166
trian begin
trian end
n_person 383
SAMPLE
F1_MI: 0.3727905731119443 F1_MA: 0.3270962098433585 ACC_MI: 0.3727905731119443 F1_MA: 0.27696710311670886
BEST_F1_MI: 0.8976968398500268 BEST_F1_MA: 0.4935714602915629 BEST_ACC_MI: 0.8976968398500268 BEST_F1_MA: 0.5610157713884596
[[622 500 607   6]
 [  3  18  18   2]
 [  0  13  56   1]
 [  1   9  11   0]]
Epoch: [43/200], cls_loss: 0.0857, transfer_loss: 0.0211,person_loss: -1.9731, total_Loss: -0.1010
trian begin
trian end
n_person 383
SAMPLE
F1_MI: 0.8119978575254418 F1_MA: 0.40448697394034 ACC_MI: 0.8119978575254418 F1_MA: 0.3444151755427408
BEST_F1_MI: 0.8976968398500268 BEST_F1_MA: 0.4935714602915629 BEST_ACC_MI: 0.8976968398500268 BEST_F1_MA: 0.5610157713884596
[[1453  200   80    2]
 [  11   22    8    0]
 [   7   21   41    1]
 [   3   13    5    0]]
Epoch: [44/200], cls_loss: 0.0708, transfer_loss: 0.0202,person_loss: -1.9854, total_Loss: -0.1176
trian begin
trian end
n_person 383
SAMPLE
F1_MI: 0.8484199250133905 F1_MA: 0.36648871491299545 ACC_MI: 0.8484199250133905 F1_MA: 0.3222133182293025
BEST_F1_MI: 0.8976968398500268 BEST_F1_MA: 0.4935714602915629 BEST_ACC_MI: 0.8976968398500268 BEST_F1_MA: 0.5610157713884596
[[1534   84  117    0]
 [  18   10   13    0]
 [  21    8   40    1]
 [   8    6    7    0]]
Epoch: [45/200], cls_loss: 0.0737, transfer_loss: 0.0204,person_loss: -1.9783, total_Loss: -0.1140
trian begin
trian end
n_person 383
SAMPLE
F1_MI: 0.7541510444563471 F1_MA: 0.41515167726337987 ACC_MI: 0.7541510444563471 F1_MA: 0.3305679695348955
BEST_F1_MI: 0.8976968398500268 BEST_F1_MA: 0.4935714602915629 BEST_ACC_MI: 0.8976968398500268 BEST_F1_MA: 0.5610157713884596
[[1328  253  154    0]
 [   5   32    4    0]
 [   2   20   48    0]
 [   1   16    4    0]]
Epoch: [46/200], cls_loss: 0.0657, transfer_loss: 0.0201,person_loss: -1.9795, total_Loss: -0.1221
trian begin
trian end
n_person 383
SAMPLE
F1_MI: 0.7391537225495447 F1_MA: 0.5542833668948581 ACC_MI: 0.7391537225495447 F1_MA: 0.5671422244128504
BEST_F1_MI: 0.8976968398500268 BEST_F1_MA: 0.5542833668948581 BEST_ACC_MI: 0.8976968398500268 BEST_F1_MA: 0.5671422244128504
[[1300  197  238    0]
 [   1   24   16    0]
 [   1   14   55    0]
 [   0    8   12    1]]
Epoch: [47/200], cls_loss: 0.0785, transfer_loss: 0.0201,person_loss: -1.9744, total_Loss: -0.1089
trian begin
trian end
n_person 383
SAMPLE
F1_MI: 0.8419925013390466 F1_MA: 0.36463334288203636 ACC_MI: 0.8419925013390466 F1_MA: 0.3261548268711916
BEST_F1_MI: 0.8976968398500268 BEST_F1_MA: 0.5542833668948581 BEST_ACC_MI: 0.8976968398500268 BEST_F1_MA: 0.5671422244128504
[[1530  140   65    0]
 [  17   17    7    0]
 [  34   11   25    0]
 [   7    9    5    0]]
Epoch: [48/200], cls_loss: 0.0536, transfer_loss: 0.0201,person_loss: -1.9851, total_Loss: -0.1349
trian begin
trian end
n_person 383
SAMPLE
F1_MI: 0.8548473486877344 F1_MA: 0.36169540242347115 ACC_MI: 0.8548473486877344 F1_MA: 0.33380268153835624
BEST_F1_MI: 0.8976968398500268 BEST_F1_MA: 0.5542833668948581 BEST_ACC_MI: 0.8976968398500268 BEST_F1_MA: 0.5671422244128504
[[1559  124   49    3]
 [  23   15    3    0]
 [  33   14   22    1]
 [   8    9    4    0]]
Epoch: [49/200], cls_loss: 0.0483, transfer_loss: 0.0201,person_loss: -1.9873, total_Loss: -0.1403
trian begin
trian end
n_person 383
SAMPLE
F1_MI: 0.6722013926084628 F1_MA: 0.39293590851840526 ACC_MI: 0.6722013926084628 F1_MA: 0.3133701548346324
BEST_F1_MI: 0.8976968398500268 BEST_F1_MA: 0.5542833668948581 BEST_ACC_MI: 0.8976968398500268 BEST_F1_MA: 0.5671422244128504
[[1174  355  206    0]
 [   0   27   14    0]
 [   1   15   54    0]
 [   0    7   14    0]]
Epoch: [50/200], cls_loss: 0.0378, transfer_loss: 0.0189,person_loss: -1.9892, total_Loss: -0.1517
trian begin
trian end
n_person 383
SAMPLE
F1_MI: 0.8607391537225495 F1_MA: 0.34293344854446445 ACC_MI: 0.8607391537225495 F1_MA: 0.312809307612267
BEST_F1_MI: 0.8976968398500268 BEST_F1_MA: 0.5542833668948581 BEST_ACC_MI: 0.8976968398500268 BEST_F1_MA: 0.5671422244128504
[[1569   58  108    0]
 [  22    7   12    0]
 [  37    2   31    0]
 [   8    5    8    0]]
Epoch: [51/200], cls_loss: 0.0662, transfer_loss: 0.0195,person_loss: -1.9865, total_Loss: -0.1227
trian begin
trian end
n_person 383
SAMPLE
F1_MI: 0.6877343331547938 F1_MA: 0.4281222026656674 ACC_MI: 0.6877343331547938 F1_MA: 0.37124164919556457
BEST_F1_MI: 0.8976968398500268 BEST_F1_MA: 0.5542833668948581 BEST_ACC_MI: 0.8976968398500268 BEST_F1_MA: 0.5671422244128504
[[1217  473   36    9]
 [   0   36    2    3]
 [   3   35   31    1]
 [   2   15    4    0]]
Epoch: [52/200], cls_loss: 0.0568, transfer_loss: 0.0196,person_loss: -1.9826, total_Loss: -0.1316
trian begin
trian end
n_person 383
SAMPLE
F1_MI: 0.8162828066416712 F1_MA: 0.4384133272620025 ACC_MI: 0.8162828066416711 F1_MA: 0.4116212970537422
BEST_F1_MI: 0.8976968398500268 BEST_F1_MA: 0.5542833668948581 BEST_ACC_MI: 0.8976968398500268 BEST_F1_MA: 0.5671422244128504
[[1464  165  104    2]
 [  12   14   15    0]
 [  16    9   45    0]
 [   7    7    6    1]]
Epoch: [53/200], cls_loss: 0.0554, transfer_loss: 0.0189,person_loss: -1.9888, total_Loss: -0.1340
trian begin
trian end
n_person 383
SAMPLE
F1_MI: 0.05088377075522228 F1_MA: 0.29512005627333454 ACC_MI: 0.05088377075522228 F1_MA: 0.27395591325939583
BEST_F1_MI: 0.8976968398500268 BEST_F1_MA: 0.5542833668948581 BEST_ACC_MI: 0.8976968398500268 BEST_F1_MA: 0.5671422244128504
[[  30 1662   43    0]
 [   6   33    2    0]
 [   6   32   32    0]
 [   2   15    4    0]]
Epoch: [54/200], cls_loss: 0.0587, transfer_loss: 0.0192,person_loss: -1.9866, total_Loss: -0.1303
trian begin
trian end
n_person 383
SAMPLE
F1_MI: 0.04713444027852169 F1_MA: 0.26836119529846864 ACC_MI: 0.04713444027852169 F1_MA: 0.2214615076182839
BEST_F1_MI: 0.8976968398500268 BEST_F1_MA: 0.5542833668948581 BEST_ACC_MI: 0.8976968398500268 BEST_F1_MA: 0.5671422244128504
[[  13 1568  148    6]
 [   1   28   11    1]
 [   3   19   47    1]
 [   3    9    9    0]]
Epoch: [55/200], cls_loss: 0.0485, transfer_loss: 0.0192,person_loss: -1.9861, total_Loss: -0.1405
trian begin
trian end
n_person 383
SAMPLE
F1_MI: 0.8612747723620782 F1_MA: 0.35226830255906966 ACC_MI: 0.8612747723620782 F1_MA: 0.3189685920496908
BEST_F1_MI: 0.8976968398500268 BEST_F1_MA: 0.5542833668948581 BEST_ACC_MI: 0.8976968398500268 BEST_F1_MA: 0.5671422244128504
[[1566   71   98    0]
 [  23    7   11    0]
 [  30    5   35    0]
 [  11    6    4    0]]
Epoch: [56/200], cls_loss: 0.0475, transfer_loss: 0.0193,person_loss: -1.9881, total_Loss: -0.1417
trian begin
trian end
n_person 383
SAMPLE
F1_MI: 0.8752008569898232 F1_MA: 0.3167539722483999 ACC_MI: 0.8752008569898232 F1_MA: 0.31283237728842994
BEST_F1_MI: 0.8976968398500268 BEST_F1_MA: 0.5542833668948581 BEST_ACC_MI: 0.8976968398500268 BEST_F1_MA: 0.5671422244128504
[[1615   90   30    0]
 [  30    8    3    0]
 [  54    5   11    0]
 [  12    6    3    0]]
Epoch: [57/200], cls_loss: 0.0552, transfer_loss: 0.0196,person_loss: -1.9875, total_Loss: -0.1337
trian begin
trian end
n_person 383
SAMPLE
F1_MI: 0.853776111408677 F1_MA: 0.43696329254261074 ACC_MI: 0.853776111408677 F1_MA: 0.5558614317537465
BEST_F1_MI: 0.8976968398500268 BEST_F1_MA: 0.5542833668948581 BEST_ACC_MI: 0.8976968398500268 BEST_F1_MA: 0.5671422244128504
[[1568  120   47    0]
 [  24   13    4    0]
 [  45   13   12    0]
 [   9   10    1    1]]
Epoch: [58/200], cls_loss: 0.0411, transfer_loss: 0.0191,person_loss: -1.9891, total_Loss: -0.1483
trian begin
trian end
n_person 383
SAMPLE
F1_MI: 0.8200321371183718 F1_MA: 0.3607105475041418 ACC_MI: 0.8200321371183718 F1_MA: 0.32424408929100523
BEST_F1_MI: 0.8976968398500268 BEST_F1_MA: 0.5542833668948581 BEST_ACC_MI: 0.8976968398500268 BEST_F1_MA: 0.5671422244128504
[[1493  198   39    5]
 [  14   22    5    0]
 [  31   23   16    0]
 [   5   10    6    0]]
Epoch: [59/200], cls_loss: 0.0373, transfer_loss: 0.0184,person_loss: -1.9913, total_Loss: -0.1527
trian begin
trian end
n_person 383
SAMPLE
F1_MI: 0.8677021960364221 F1_MA: 0.31808147139579723 ACC_MI: 0.8677021960364221 F1_MA: 0.3006196777946708
BEST_F1_MI: 0.8976968398500268 BEST_F1_MA: 0.5542833668948581 BEST_ACC_MI: 0.8976968398500268 BEST_F1_MA: 0.5671422244128504
[[1594   54   86    1]
 [  25    6   10    0]
 [  45    5   20    0]
 [  11    3    7    0]]
Epoch: [60/200], cls_loss: 0.0402, transfer_loss: 0.0186,person_loss: -1.9895, total_Loss: -0.1494
trian begin
trian end
n_person 383
SAMPLE
F1_MI: 0.8409212640599892 F1_MA: 0.3649212777735779 ACC_MI: 0.8409212640599892 F1_MA: 0.3219966699988316
BEST_F1_MI: 0.8976968398500268 BEST_F1_MA: 0.5542833668948581 BEST_ACC_MI: 0.8976968398500268 BEST_F1_MA: 0.5671422244128504
[[1522  112  101    0]
 [  20   12    9    0]
 [  25    9   36    0]
 [   9    5    7    0]]
Epoch: [61/200], cls_loss: 0.0348, transfer_loss: 0.0184,person_loss: -1.9915, total_Loss: -0.1551
trian begin
trian end
n_person 383
SAMPLE
F1_MI: 0.8468130690948045 F1_MA: 0.35804457519944427 ACC_MI: 0.8468130690948045 F1_MA: 0.32567054063295486
BEST_F1_MI: 0.8976968398500268 BEST_F1_MA: 0.5542833668948581 BEST_ACC_MI: 0.8976968398500268 BEST_F1_MA: 0.5671422244128504
[[1544  136   55    0]
 [  22   17    2    0]
 [  35   15   20    0]
 [   6   11    4    0]]
Epoch: [62/200], cls_loss: 0.0529, transfer_loss: 0.0190,person_loss: -1.9680, total_Loss: -0.1344
trian begin
trian end
n_person 383
SAMPLE
F1_MI: 0.8371719335832887 F1_MA: 0.4162361624778162 ACC_MI: 0.8371719335832887 F1_MA: 0.3522539660482967
BEST_F1_MI: 0.8976968398500268 BEST_F1_MA: 0.5542833668948581 BEST_ACC_MI: 0.8976968398500268 BEST_F1_MA: 0.5671422244128504
[[1498  151   82    4]
 [  14   24    3    0]
 [  15   14   41    0]
 [   5   10    6    0]]
Epoch: [63/200], cls_loss: 0.0364, transfer_loss: 0.0187,person_loss: -1.9904, total_Loss: -0.1533
trian begin
trian end
n_person 383
SAMPLE
F1_MI: 0.048205677557579006 F1_MA: 0.24377505903297803 ACC_MI: 0.048205677557579006 F1_MA: 0.21032733827847008
BEST_F1_MI: 0.8976968398500268 BEST_F1_MA: 0.5542833668948581 BEST_ACC_MI: 0.8976968398500268 BEST_F1_MA: 0.5671422244128504
[[  21  152 1546   16]
 [   7   16   17    1]
 [   1   14   53    2]
 [   0    7   14    0]]
Epoch: [64/200], cls_loss: 0.0376, transfer_loss: 0.0186,person_loss: -1.9919, total_Loss: -0.1523
trian begin
trian end
n_person 383
SAMPLE
F1_MI: 0.8543117300482057 F1_MA: 0.37740756273311965 ACC_MI: 0.8543117300482057 F1_MA: 0.3318518772095802
BEST_F1_MI: 0.8976968398500268 BEST_F1_MA: 0.5542833668948581 BEST_ACC_MI: 0.8976968398500268 BEST_F1_MA: 0.5671422244128504
[[1544   93   98    0]
 [  22   13    6    0]
 [  25    7   38    0]
 [   5    7    9    0]]
Epoch: [65/200], cls_loss: 0.0423, transfer_loss: 0.0185,person_loss: -1.9905, total_Loss: -0.1475
trian begin
trian end
n_person 383
SAMPLE
F1_MI: 0.8082485270487413 F1_MA: 0.4402059158251132 ACC_MI: 0.8082485270487413 F1_MA: 0.38727491200145453
BEST_F1_MI: 0.8976968398500268 BEST_F1_MA: 0.5542833668948581 BEST_ACC_MI: 0.8976968398500268 BEST_F1_MA: 0.5671422244128504
[[1446  232   50    7]
 [   7   27    7    0]
 [  15   19   35    1]
 [   0   15    5    1]]
Epoch: [66/200], cls_loss: 0.0316, transfer_loss: 0.0186,person_loss: -1.9913, total_Loss: -0.1583
trian begin
trian end
n_person 383
SAMPLE
F1_MI: 0.03963577932512052 F1_MA: 0.23550911873177718 ACC_MI: 0.03963577932512052 F1_MA: 0.20868097882522915
BEST_F1_MI: 0.8976968398500268 BEST_F1_MA: 0.5542833668948581 BEST_ACC_MI: 0.8976968398500268 BEST_F1_MA: 0.5671422244128504
[[  13  180 1535    7]
 [   2   20   17    2]
 [   1   23   41    5]
 [   2    7   12    0]]
Epoch: [67/200], cls_loss: 0.0261, transfer_loss: 0.0183,person_loss: -1.9915, total_Loss: -0.1639
trian begin
trian end
n_person 383
SAMPLE
F1_MI: 0.7878950187466522 F1_MA: 0.4001732776501753 ACC_MI: 0.7878950187466524 F1_MA: 0.3267711723468389
BEST_F1_MI: 0.8976968398500268 BEST_F1_MA: 0.5542833668948581 BEST_ACC_MI: 0.8976968398500268 BEST_F1_MA: 0.5671422244128504
[[1397  166  167    5]
 [   4   20   17    0]
 [   4   12   54    0]
 [   1    9   11    0]]
Epoch: [68/200], cls_loss: 0.0687, transfer_loss: 0.0185,person_loss: -1.9730, total_Loss: -0.1194
trian begin
trian end
n_person 383
SAMPLE
F1_MI: 0.8205677557579004 F1_MA: 0.42968870649591373 ACC_MI: 0.8205677557579004 F1_MA: 0.35242877258461763
BEST_F1_MI: 0.8976968398500268 BEST_F1_MA: 0.5542833668948581 BEST_ACC_MI: 0.8976968398500268 BEST_F1_MA: 0.5671422244128504
[[1455  179  100    1]
 [   8   26    7    0]
 [   7   12   51    0]
 [   2   11    8    0]]
Epoch: [69/200], cls_loss: 0.0333, transfer_loss: 0.0187,person_loss: -1.9818, total_Loss: -0.1555
trian begin
trian end
n_person 383
SAMPLE
F1_MI: 0.8393144081414035 F1_MA: 0.3772427266392247 ACC_MI: 0.8393144081414033 F1_MA: 0.32538662585759237
BEST_F1_MI: 0.8976968398500268 BEST_F1_MA: 0.5542833668948581 BEST_ACC_MI: 0.8976968398500268 BEST_F1_MA: 0.5671422244128504
[[1513   96  126    0]
 [  13   15   13    0]
 [  24    7   39    0]
 [   5    7    9    0]]
Epoch: [70/200], cls_loss: 0.0371, transfer_loss: 0.0184,person_loss: -1.9825, total_Loss: -0.1520
trian begin
trian end
n_person 383
SAMPLE
F1_MI: 0.8141403320835565 F1_MA: 0.396511582165084 ACC_MI: 0.8141403320835565 F1_MA: 0.3381819135805378
BEST_F1_MI: 0.8976968398500268 BEST_F1_MA: 0.5542833668948581 BEST_ACC_MI: 0.8976968398500268 BEST_F1_MA: 0.5671422244128504
[[1464  205   66    0]
 [   7   27    7    0]
 [  18   23   29    0]
 [   4   12    5    0]]
Epoch: [71/200], cls_loss: 0.0289, transfer_loss: 0.0185,person_loss: -1.9866, total_Loss: -0.1605
trian begin
trian end
n_person 383
SAMPLE
F1_MI: 0.07445099089448312 F1_MA: 0.3224639673216053 ACC_MI: 0.07445099089448312 F1_MA: 0.31563461530952514
BEST_F1_MI: 0.8976968398500268 BEST_F1_MA: 0.5542833668948581 BEST_ACC_MI: 0.8976968398500268 BEST_F1_MA: 0.5671422244128504
[[  73 1582   68   12]
 [   1   33    5    2]
 [   3   33   33    1]
 [   0   15    6    0]]
Epoch: [72/200], cls_loss: 0.0323, transfer_loss: 0.0183,person_loss: -1.9930, total_Loss: -0.1579
trian begin
trian end
n_person 383
SAMPLE
F1_MI: 0.049276914836636314 F1_MA: 0.27623611788895763 ACC_MI: 0.049276914836636314 F1_MA: 0.2446278724830851
BEST_F1_MI: 0.8976968398500268 BEST_F1_MA: 0.5542833668948581 BEST_ACC_MI: 0.8976968398500268 BEST_F1_MA: 0.5671422244128504
[[  21 1609  105    0]
 [   1   24   16    0]
 [   5   18   47    0]
 [   3    8   10    0]]
Epoch: [73/200], cls_loss: 0.0240, transfer_loss: 0.0182,person_loss: -1.9907, total_Loss: -0.1660
trian begin
trian end
n_person 383
SAMPLE
F1_MI: 0.8119978575254418 F1_MA: 0.42071434744974434 ACC_MI: 0.8119978575254418 F1_MA: 0.34840836478787623
BEST_F1_MI: 0.8976968398500268 BEST_F1_MA: 0.5542833668948581 BEST_ACC_MI: 0.8976968398500268 BEST_F1_MA: 0.5671422244128504
[[1444  201   90    0]
 [   5   26   10    0]
 [   8   16   46    0]
 [   3   12    6    0]]
Epoch: [74/200], cls_loss: 0.0193, transfer_loss: 0.0181,person_loss: -1.9952, total_Loss: -0.1712
trian begin
trian end
n_person 383
SAMPLE
F1_MI: 0.04499196572040707 F1_MA: 0.25303713511478304 ACC_MI: 0.04499196572040707 F1_MA: 0.19701001382145394
BEST_F1_MI: 0.8976968398500268 BEST_F1_MA: 0.5542833668948581 BEST_ACC_MI: 0.8976968398500268 BEST_F1_MA: 0.5671422244128504
[[   5 1563  165    2]
 [   0   28   13    0]
 [   3   16   51    0]
 [   1   12    8    0]]
Epoch: [75/200], cls_loss: 0.0287, transfer_loss: 0.0181,person_loss: -1.9942, total_Loss: -0.1617
trian begin
trian end
n_person 383
SAMPLE
F1_MI: 0.8296732726298874 F1_MA: 0.3871947288201581 ACC_MI: 0.8296732726298875 F1_MA: 0.33492427979938033
BEST_F1_MI: 0.8976968398500268 BEST_F1_MA: 0.5542833668948581 BEST_ACC_MI: 0.8976968398500268 BEST_F1_MA: 0.5671422244128504
[[1495  161   78    1]
 [  13   20    8    0]
 [  24   12   34    0]
 [   3   11    7    0]]
Epoch: [76/200], cls_loss: 0.0226, transfer_loss: 0.0181,person_loss: -1.9938, total_Loss: -0.1677
trian begin
trian end
n_person 383
SAMPLE
F1_MI: 0.0567755757900375 F1_MA: 0.330414394398548 ACC_MI: 0.056775575790037495 F1_MA: 0.29724146663919504
BEST_F1_MI: 0.8976968398500268 BEST_F1_MA: 0.5542833668948581 BEST_ACC_MI: 0.8976968398500268 BEST_F1_MA: 0.5671422244128504
[[  27 1642   66    0]
 [   2   34    5    0]
 [   4   21   45    0]
 [   1   16    4    0]]
Epoch: [77/200], cls_loss: 0.0286, transfer_loss: 0.0184,person_loss: -1.9894, total_Loss: -0.1611
trian begin
trian end
n_person 383
SAMPLE
F1_MI: 0.054097482592394205 F1_MA: 0.29529614840090673 ACC_MI: 0.05409748259239421 F1_MA: 0.24484908063633812
BEST_F1_MI: 0.8976968398500268 BEST_F1_MA: 0.5542833668948581 BEST_ACC_MI: 0.8976968398500268 BEST_F1_MA: 0.5671422244128504
[[  24  309 1402    0]
 [   1   37    3    0]
 [   2   28   40    0]
 [   1   17    3    0]]
Epoch: [78/200], cls_loss: 0.0296, transfer_loss: 0.0182,person_loss: -1.9930, total_Loss: -0.1606
trian begin
trian end
n_person 383
SAMPLE
F1_MI: 0.8339582217461168 F1_MA: 0.3991671913584139 ACC_MI: 0.8339582217461168 F1_MA: 0.35840440573583804
BEST_F1_MI: 0.8976968398500268 BEST_F1_MA: 0.5542833668948581 BEST_ACC_MI: 0.8976968398500268 BEST_F1_MA: 0.5671422244128504
[[1508  188   39    0]
 [  16   23    2    0]
 [  17   27   26    0]
 [   5   12    4    0]]
Epoch: [79/200], cls_loss: 0.0338, transfer_loss: 0.0183,person_loss: -1.9930, total_Loss: -0.1563
trian begin
trian end
n_person 383
SAMPLE
F1_MI: 0.8344938403856454 F1_MA: 0.37308785127440325 ACC_MI: 0.8344938403856454 F1_MA: 0.3330800527065171
BEST_F1_MI: 0.8976968398500268 BEST_F1_MA: 0.5542833668948581 BEST_ACC_MI: 0.8976968398500268 BEST_F1_MA: 0.5671422244128504
[[1516  164   49    6]
 [  15   22    3    1]
 [  31   18   20    1]
 [   6   11    4    0]]
Epoch: [80/200], cls_loss: 0.0244, transfer_loss: 0.0180,person_loss: -1.9941, total_Loss: -0.1660
trian begin
trian end
n_person 383
SAMPLE
F1_MI: 0.06320299946438136 F1_MA: 0.32481339777832186 ACC_MI: 0.06320299946438136 F1_MA: 0.32150136649525096
BEST_F1_MI: 0.8976968398500268 BEST_F1_MA: 0.5542833668948581 BEST_ACC_MI: 0.8976968398500268 BEST_F1_MA: 0.5671422244128504
[[  53 1644   38    0]
 [   3   35    3    0]
 [   4   36   30    0]
 [   2   17    2    0]]
Epoch: [81/200], cls_loss: 0.0234, transfer_loss: 0.0182,person_loss: -1.9937, total_Loss: -0.1669
trian begin
trian end
n_person 383
SAMPLE
F1_MI: 0.03802892340653455 F1_MA: 0.22738082452731057 ACC_MI: 0.03802892340653455 F1_MA: 0.18513846271518652
BEST_F1_MI: 0.8976968398500268 BEST_F1_MA: 0.5542833668948581 BEST_ACC_MI: 0.8976968398500268 BEST_F1_MA: 0.5671422244128504
[[   1  121  257 1356]
 [   1   11   21    8]
 [   0    8   57    5]
 [   0    7   12    2]]
Epoch: [82/200], cls_loss: 0.0181, transfer_loss: 0.0181,person_loss: -1.9937, total_Loss: -0.1722
trian begin
trian end
n_person 383
SAMPLE
F1_MI: 0.48098553829673274 F1_MA: 0.42218925601953716 ACC_MI: 0.48098553829673274 F1_MA: 0.40912840771090503
BEST_F1_MI: 0.8976968398500268 BEST_F1_MA: 0.5542833668948581 BEST_ACC_MI: 0.8976968398500268 BEST_F1_MA: 0.5671422244128504
[[836 870  28   1]
 [  2  34   4   1]
 [  3  37  27   3]
 [  2  16   2   1]]
Epoch: [83/200], cls_loss: 0.0284, transfer_loss: 0.0182,person_loss: -1.9926, total_Loss: -0.1617
trian begin
trian end
n_person 383
SAMPLE
F1_MI: 0.7862881628280665 F1_MA: 0.37474342736730504 ACC_MI: 0.7862881628280665 F1_MA: 0.31165900360709636
BEST_F1_MI: 0.8976968398500268 BEST_F1_MA: 0.5542833668948581 BEST_ACC_MI: 0.8976968398500268 BEST_F1_MA: 0.5671422244128504
[[1400  109  226    0]
 [   6   10   25    0]
 [   4    8   58    0]
 [   4   10    7    0]]
Epoch: [84/200], cls_loss: 0.0294, transfer_loss: 0.0181,person_loss: -1.9909, total_Loss: -0.1606
trian begin
trian end
n_person 383
SAMPLE
F1_MI: 0.843063738618104 F1_MA: 0.36565339595768503 ACC_MI: 0.8430637386181039 F1_MA: 0.3379104668363462
BEST_F1_MI: 0.8976968398500268 BEST_F1_MA: 0.5542833668948581 BEST_ACC_MI: 0.8976968398500268 BEST_F1_MA: 0.5671422244128504
[[1535  157   43    0]
 [  19   15    7    0]
 [  31   15   24    0]
 [   7   11    3    0]]
Epoch: [85/200], cls_loss: 0.0263, transfer_loss: 0.0180,person_loss: -1.9937, total_Loss: -0.1641
trian begin
trian end
n_person 383
SAMPLE
F1_MI: 0.8157471880021425 F1_MA: 0.35377000596153874 ACC_MI: 0.8157471880021425 F1_MA: 0.3107167457983237
BEST_F1_MI: 0.8976968398500268 BEST_F1_MA: 0.5542833668948581 BEST_ACC_MI: 0.8976968398500268 BEST_F1_MA: 0.5671422244128504
[[1479  152   99    5]
 [   9   16   15    1]
 [  25   17   28    0]
 [   6    6    9    0]]
Epoch: [86/200], cls_loss: 0.0261, transfer_loss: 0.0180,person_loss: -1.9932, total_Loss: -0.1642
trian begin
trian end
n_person 383
SAMPLE
F1_MI: 0.03642206748794858 F1_MA: 0.27886020488174884 ACC_MI: 0.03642206748794858 F1_MA: 0.2570218096080165
BEST_F1_MI: 0.8976968398500268 BEST_F1_MA: 0.5542833668948581 BEST_ACC_MI: 0.8976968398500268 BEST_F1_MA: 0.5671422244128504
[[   7 1649   78    1]
 [   1   34    6    0]
 [   1   42   27    0]
 [   0   15    6    0]]
Epoch: [87/200], cls_loss: 0.0150, transfer_loss: 0.0179,person_loss: -1.9946, total_Loss: -0.1755
trian begin
trian end
n_person 383
SAMPLE
F1_MI: 0.6304231387252276 F1_MA: 0.37994295951451856 ACC_MI: 0.6304231387252276 F1_MA: 0.3211506496320754
BEST_F1_MI: 0.8976968398500268 BEST_F1_MA: 0.5542833668948581 BEST_ACC_MI: 0.8976968398500268 BEST_F1_MA: 0.5671422244128504
[[1107  510  118    0]
 [   5   22   14    0]
 [   1   21   48    0]
 [   2    9   10    0]]
Epoch: [88/200], cls_loss: 0.0169, transfer_loss: 0.0179,person_loss: -1.9953, total_Loss: -0.1737
trian begin
trian end
n_person 383
SAMPLE
F1_MI: 0.04284949116229245 F1_MA: 0.2235649802387353 ACC_MI: 0.04284949116229245 F1_MA: 0.19119787832139748
BEST_F1_MI: 0.8976968398500268 BEST_F1_MA: 0.5542833668948581 BEST_ACC_MI: 0.8976968398500268 BEST_F1_MA: 0.5671422244128504
[[  10   54 1671    0]
 [   2    7   32    0]
 [   3    4   63    0]
 [   1    2   18    0]]
Epoch: [89/200], cls_loss: 0.0182, transfer_loss: 0.0180,person_loss: -1.9948, total_Loss: -0.1723
trian begin
trian end
n_person 383
SAMPLE
F1_MI: 0.7889662560257097 F1_MA: 0.3823449200738858 ACC_MI: 0.7889662560257097 F1_MA: 0.31663279065096267
BEST_F1_MI: 0.8976968398500268 BEST_F1_MA: 0.5542833668948581 BEST_ACC_MI: 0.8976968398500268 BEST_F1_MA: 0.5671422244128504
[[1403  122  207    3]
 [   4   12   25    0]
 [   4    6   58    2]
 [   5    8    8    0]]
Epoch: [90/200], cls_loss: 0.0223, transfer_loss: 0.0181,person_loss: -1.9934, total_Loss: -0.1680
trian begin
trian end
n_person 383
SAMPLE
F1_MI: 0.05088377075522228 F1_MA: 0.3053226143135074 ACC_MI: 0.05088377075522228 F1_MA: 0.2820267042322533
BEST_F1_MI: 0.8976968398500268 BEST_F1_MA: 0.5542833668948581 BEST_ACC_MI: 0.8976968398500268 BEST_F1_MA: 0.5671422244128504
[[  24 1626   82    3]
 [   1   30   10    0]
 [   4   24   41    1]
 [   0    9   12    0]]
Epoch: [91/200], cls_loss: 0.0266, transfer_loss: 0.0182,person_loss: -1.9938, total_Loss: -0.1637
trian begin
trian end
n_person 383
SAMPLE
F1_MI: 0.7664702731655062 F1_MA: 0.4396978891488767 ACC_MI: 0.7664702731655062 F1_MA: 0.3692850068949633
BEST_F1_MI: 0.8976968398500268 BEST_F1_MA: 0.5542833668948581 BEST_ACC_MI: 0.8976968398500268 BEST_F1_MA: 0.5671422244128504
[[1365  283   72   15]
 [   1   34    5    1]
 [   4   33   29    4]
 [   1   10    7    3]]
Epoch: [92/200], cls_loss: 0.0180, transfer_loss: 0.0180,person_loss: -1.9951, total_Loss: -0.1726
trian begin
trian end
n_person 383
SAMPLE
F1_MI: 0.044456347080878415 F1_MA: 0.27091366678833007 ACC_MI: 0.044456347080878415 F1_MA: 0.22686032956471638
BEST_F1_MI: 0.8976968398500268 BEST_F1_MA: 0.5542833668948581 BEST_ACC_MI: 0.8976968398500268 BEST_F1_MA: 0.5671422244128504
[[   8  136  345 1246]
 [   3   20   13    5]
 [   1   11   53    5]
 [   0   10    9    2]]
Epoch: [93/200], cls_loss: 0.0349, transfer_loss: 0.0179,person_loss: -1.9889, total_Loss: -0.1550
trian begin
trian end
n_person 383
SAMPLE
F1_MI: 0.8034279592929834 F1_MA: 0.3941347869123283 ACC_MI: 0.8034279592929834 F1_MA: 0.33240026727255206
BEST_F1_MI: 0.8976968398500268 BEST_F1_MA: 0.5542833668948581 BEST_ACC_MI: 0.8976968398500268 BEST_F1_MA: 0.5671422244128504
[[1441  214   80    0]
 [   5   26   10    0]
 [  15   22   33    0]
 [   5    7    9    0]]
Epoch: [94/200], cls_loss: 0.0234, transfer_loss: 0.0179,person_loss: -1.9937, total_Loss: -0.1670
trian begin
trian end
n_person 383
SAMPLE
F1_MI: 0.839850026780932 F1_MA: 0.3491864678760424 ACC_MI: 0.839850026780932 F1_MA: 0.31113038803636006
BEST_F1_MI: 0.8976968398500268 BEST_F1_MA: 0.5542833668948581 BEST_ACC_MI: 0.8976968398500268 BEST_F1_MA: 0.5671422244128504
[[1523   74  129    9]
 [  20    7   13    1]
 [  24    6   38    2]
 [   7    4   10    0]]
Epoch: [95/200], cls_loss: 0.0173, transfer_loss: 0.0180,person_loss: -1.9944, total_Loss: -0.1731
trian begin
trian end
n_person 383
SAMPLE
F1_MI: 0.04177825388323514 F1_MA: 0.2884406356628176 ACC_MI: 0.04177825388323514 F1_MA: 0.28266985818911233
BEST_F1_MI: 0.8976968398500268 BEST_F1_MA: 0.5542833668948581 BEST_ACC_MI: 0.8976968398500268 BEST_F1_MA: 0.5671422244128504
[[   2   78 1655    0]
 [   0    9   32    0]
 [   0    3   67    0]
 [   0    7   14    0]]
Epoch: [96/200], cls_loss: 0.0211, transfer_loss: 0.0179,person_loss: -1.9947, total_Loss: -0.1694
trian begin
trian end
n_person 383
SAMPLE
F1_MI: 0.8591322978039636 F1_MA: 0.3502166530083155 ACC_MI: 0.8591322978039636 F1_MA: 0.3121324377050634
BEST_F1_MI: 0.8976968398500268 BEST_F1_MA: 0.5542833668948581 BEST_ACC_MI: 0.8976968398500268 BEST_F1_MA: 0.5671422244128504
[[1558   47  130    0]
 [  20    4   17    0]
 [  27    1   42    0]
 [   6    4   11    0]]
Epoch: [97/200], cls_loss: 0.0290, transfer_loss: 0.0182,person_loss: -1.9939, total_Loss: -0.1613
[[1300  197  238    0]
 [   1   24   16    0]
 [   1   14   55    0]
 [   0    8   12    1]]
[[1650   58   27    0]
 [  33    6    2    0]
 [  45    5   20    0]
 [  16    4    1    0]]
ARG: Namespace(backbone='resnet50', batch_size=32, config='DAAN/DAAN.yaml', data_dir='data', device=device(type='cuda'), early_stop=50, epoch_based_training=False, lr=0.003, lr_decay=0.75, lr_gamma=0.0003, lr_scheduler=True, max_iter=20000, method='True', momentum=0.9, myweight=0.1, n_class=4, n_epoch=200, n_iter_per_epoch=100, num_workers=3, seed=1, src_domain='77G', tgt_domain='63G', tname='transfer', transfer_loss='daan', transfer_loss_weight=0.5, use_bottleneck=True, weight_decay=0.0005)
