mmd 1 77G own DAN/DAN.yaml False
Namespace(backbone='resnet50', batch_size=32, config='DAN/DAN.yaml', data_dir='data', device=device(type='cuda'), early_stop=50, epoch_based_training=False, lr=0.003, lr_decay=0.75, lr_gamma=0.0003, lr_scheduler=True, method='False', momentum=0.9, myweight=0.1, n_epoch=200, n_iter_per_epoch=50, num_workers=3, seed=1, src_domain='77G', tgt_domain='own', tname='transfer', transfer_loss='mmd', transfer_loss_weight=0.5, use_bottleneck=True, weight_decay=0.0005)
JUST DO IT
run my Parkinson code
transfer
TRAIN Length: 2905 290 TEST Length: 3299 578
YYY: 0 3
DATA_PROFILE   train: 2905 train2: 3299 test: 3299
DATASET.SHAPE: <data_loader.GetTrainLoader object at 0x7f371a6c89a0> True
DATASET.SHAPE: <data_loader.GetTrainLoader object at 0x7f371239bf70> True
DATASET.SHAPE: <data_loader.GetTestLoader object at 0x7f3712340280> False
CLASS: 4 578
LLL: {}
BOTTLENECK_LIST: [Linear(in_features=512, out_features=256, bias=True), ReLU()]
TYPE: {'loss_type': 'mmd', 'max_iter': 18000, 'num_class': 4, 'my_person_item': <my_person_item.PersonItem object at 0x7f3712340880>}
initial_lr 1.0
transfer_world
method False <class 'str'>
1.8.1+cu111
True
LEN: 0 0
LOADER: <data_loader.InfiniteDataLoader object at 0x7f371239b130> <data_loader.InfiniteDataLoader object at 0x7f3712340820>
N_batch: 90
trian begin
trian end
n_person 578
SAMPLE
F1_MI: 0.014852985753258564 F1_MA: 0.2668073658457728 ACC_MI: 0.014852985753258564 F1_MA: 0.30895500360814937
BEST_F1_MI: 0.014852985753258564 BEST_F1_MA: 0.2668073658457728 BEST_ACC_MI: 0.014852985753258564 BEST_F1_MA: 0.30895500360814937
[[   1 2918  149   17]
 [   0    6   17   52]
 [   0    7   18   79]
 [   0    4    7   24]]
Epoch: [ 1/200], cls_loss: 1.0015, transfer_loss: 0.1072,person_loss: 0.0000, total_Loss: 1.0551
trian begin
trian end
n_person 578
SAMPLE
F1_MI: 0.016368596544407397 F1_MA: 0.06538313586901252 ACC_MI: 0.016368596544407397 F1_MA: 0.03810112664675466
BEST_F1_MI: 0.016368596544407397 BEST_F1_MA: 0.2668073658457728 BEST_ACC_MI: 0.016368596544407397 BEST_F1_MA: 0.30895500360814937
[[   0  109 2954   22]
 [   0    1   30   44]
 [   0    1   32   71]
 [   0    1   13   21]]
Epoch: [ 2/200], cls_loss: 0.7200, transfer_loss: 0.0566,person_loss: 0.0000, total_Loss: 0.7483
trian begin
trian end
n_person 578
SAMPLE
F1_MI: 0.7826614125492574 F1_MA: 0.379010058674961 ACC_MI: 0.7826614125492574 F1_MA: 0.32258130040015437
BEST_F1_MI: 0.7826614125492574 BEST_F1_MA: 0.379010058674961 BEST_ACC_MI: 0.7826614125492574 BEST_F1_MA: 0.32258130040015437
[[2509  158  418    0]
 [   0    0   49   26]
 [   0    0   56   48]
 [   0    0   18   17]]
Epoch: [ 3/200], cls_loss: 0.6771, transfer_loss: 0.0522,person_loss: 0.0000, total_Loss: 0.7032
trian begin
trian end
n_person 578
SAMPLE
F1_MI: 0.011215519854501364 F1_MA: 0.03620623383884268 ACC_MI: 0.011215519854501364 F1_MA: 0.019487639553429026
BEST_F1_MI: 0.7826614125492574 BEST_F1_MA: 0.379010058674961 BEST_ACC_MI: 0.7826614125492574 BEST_F1_MA: 0.32258130040015437
[[   0 1925  906  254]
 [   0    0    4   71]
 [   0    0    2  102]
 [   0    0    0   35]]
Epoch: [ 4/200], cls_loss: 0.6504, transfer_loss: 0.0543,person_loss: 0.0000, total_Loss: 0.6775
trian begin
trian end
n_person 578
SAMPLE
F1_MI: 0.015762352227947862 F1_MA: 0.10903365912773183 ACC_MI: 0.015762352227947862 F1_MA: 0.07271554983447626
BEST_F1_MI: 0.7826614125492574 BEST_F1_MA: 0.379010058674961 BEST_ACC_MI: 0.7826614125492574 BEST_F1_MA: 0.32258130040015437
[[   0 2927  152    6]
 [   0    3   43   29]
 [   0   12   30   62]
 [   0    3   13   19]]
Epoch: [ 5/200], cls_loss: 0.6480, transfer_loss: 0.0543,person_loss: 0.0000, total_Loss: 0.6752
trian begin
trian end
n_person 578
SAMPLE
F1_MI: 0.03031221582297666 F1_MA: 0.31205998248622 ACC_MI: 0.03031221582297666 F1_MA: 0.28031750924784216
BEST_F1_MI: 0.7826614125492574 BEST_F1_MA: 0.379010058674961 BEST_ACC_MI: 0.7826614125492574 BEST_F1_MA: 0.32258130040015437
[[   0 3079    5    1]
 [   0   69    5    1]
 [   0   75   21    8]
 [   0   21    4   10]]
Epoch: [ 6/200], cls_loss: 0.6154, transfer_loss: 0.0554,person_loss: 0.0000, total_Loss: 0.6431
trian begin
trian end
n_person 578
SAMPLE
F1_MI: 0.8626856623219157 F1_MA: 0.4222668852589638 ACC_MI: 0.8626856623219157 F1_MA: 0.36534948731363515
BEST_F1_MI: 0.8626856623219157 BEST_F1_MA: 0.4222668852589638 BEST_ACC_MI: 0.8626856623219157 BEST_F1_MA: 0.36534948731363515
[[2784  242   30   29]
 [   0   28   14   33]
 [   0   37   13   54]
 [   0   12    2   21]]
Epoch: [ 7/200], cls_loss: 0.5473, transfer_loss: 0.0521,person_loss: 0.0000, total_Loss: 0.5734
trian begin
trian end
n_person 578
SAMPLE
F1_MI: 0.021218551076083662 F1_MA: 0.20142934056009296 ACC_MI: 0.021218551076083662 F1_MA: 0.15464458108263418
BEST_F1_MI: 0.8626856623219157 BEST_F1_MA: 0.4222668852589638 BEST_ACC_MI: 0.8626856623219157 BEST_F1_MA: 0.36534948731363515
[[   0 3069    4   12]
 [   0   43    5   27]
 [   0   37   10   57]
 [   0   15    3   17]]
Epoch: [ 8/200], cls_loss: 0.5624, transfer_loss: 0.0511,person_loss: 0.0000, total_Loss: 0.5880
trian begin
trian end
n_person 578
SAMPLE
F1_MI: 0.010912397696271597 F1_MA: 0.14587056485004454 ACC_MI: 0.010912397696271597 F1_MA: 0.10476784387035745
BEST_F1_MI: 0.8626856623219157 BEST_F1_MA: 0.4222668852589638 BEST_ACC_MI: 0.8626856623219157 BEST_F1_MA: 0.36534948731363515
[[   0  222    1 2862]
 [   0    2    0   73]
 [   0    7    2   95]
 [   0    1    2   32]]
Epoch: [ 9/200], cls_loss: 0.5451, transfer_loss: 0.0569,person_loss: 0.0000, total_Loss: 0.5736
trian begin
trian end
n_person 578
SAMPLE
F1_MI: 0.9457411336768717 F1_MA: 0.6123186359832841 ACC_MI: 0.9457411336768717 F1_MA: 0.7493404038708025
BEST_F1_MI: 0.9457411336768717 BEST_F1_MA: 0.6123186359832841 BEST_ACC_MI: 0.9457411336768717 BEST_F1_MA: 0.7493404038708025
[[3048   36    1    0]
 [  21   54    0    0]
 [  15   81    8    0]
 [   3   20    2   10]]
Epoch: [10/200], cls_loss: 0.5405, transfer_loss: 0.0589,person_loss: 0.0000, total_Loss: 0.5699
trian begin
trian end
n_person 578
SAMPLE
F1_MI: 0.013034252803879964 F1_MA: 0.16083983358373677 ACC_MI: 0.013034252803879964 F1_MA: 0.12327886952810407
BEST_F1_MI: 0.9457411336768717 BEST_F1_MA: 0.6123186359832841 BEST_ACC_MI: 0.9457411336768717 BEST_F1_MA: 0.7493404038708025
[[   0    0    8 3077]
 [   0    0    1   74]
 [   0    0   16   88]
 [   0    0    8   27]]
Epoch: [11/200], cls_loss: 0.5268, transfer_loss: 0.0559,person_loss: 0.0000, total_Loss: 0.5548
trian begin
trian end
n_person 578
SAMPLE
F1_MI: 0.013943619278569264 F1_MA: 0.22368475908963942 ACC_MI: 0.013943619278569264 F1_MA: 0.1900898842169409
BEST_F1_MI: 0.9457411336768717 BEST_F1_MA: 0.6123186359832841 BEST_ACC_MI: 0.9457411336768717 BEST_F1_MA: 0.7493404038708025
[[   0    1    2 3082]
 [   0    0    1   74]
 [   0    0   12   92]
 [   0    0    1   34]]
Epoch: [12/200], cls_loss: 0.5108, transfer_loss: 0.0591,person_loss: 0.0000, total_Loss: 0.5404
trian begin
trian end
n_person 578
SAMPLE
F1_MI: 0.042437102152167325 F1_MA: 0.2963124578731345 ACC_MI: 0.042437102152167325 F1_MA: 0.4072916914299299
BEST_F1_MI: 0.9457411336768717 BEST_F1_MA: 0.6123186359832841 BEST_ACC_MI: 0.9457411336768717 BEST_F1_MA: 0.7493404038708025
[[  96 2790    6  193]
 [   0    6    4   65]
 [   0   14   14   76]
 [   0   10    1   24]]
Epoch: [13/200], cls_loss: 0.5073, transfer_loss: 0.0667,person_loss: 0.0000, total_Loss: 0.5407
trian begin
trian end
n_person 578
SAMPLE
F1_MI: 0.7896332221885419 F1_MA: 0.42267358501573843 ACC_MI: 0.7896332221885419 F1_MA: 0.36435095478151075
BEST_F1_MI: 0.9457411336768717 BEST_F1_MA: 0.6123186359832841 BEST_ACC_MI: 0.9457411336768717 BEST_F1_MA: 0.7493404038708025
[[2509  392  175    9]
 [   0    3   53   19]
 [   0    0   79   25]
 [   0    0   21   14]]
Epoch: [14/200], cls_loss: 0.4826, transfer_loss: 0.0530,person_loss: 0.0000, total_Loss: 0.5090
trian begin
trian end
n_person 578
SAMPLE
F1_MI: 0.8911791451955138 F1_MA: 0.6119256102631916 ACC_MI: 0.8911791451955138 F1_MA: 0.6303940720288854
BEST_F1_MI: 0.9457411336768717 BEST_F1_MA: 0.6123186359832841 BEST_ACC_MI: 0.9457411336768717 BEST_F1_MA: 0.7493404038708025
[[2844  240    1    0]
 [   2   72    0    1]
 [   1   76   10   17]
 [   0   21    0   14]]
Epoch: [15/200], cls_loss: 0.4583, transfer_loss: 0.0572,person_loss: 0.0000, total_Loss: 0.4869
trian begin
trian end
n_person 578
SAMPLE
F1_MI: 0.01515610791148833 F1_MA: 0.13357664852832432 ACC_MI: 0.01515610791148833 F1_MA: 0.09425535815543873
BEST_F1_MI: 0.9457411336768717 BEST_F1_MA: 0.6123186359832841 BEST_ACC_MI: 0.9457411336768717 BEST_F1_MA: 0.7493404038708025
[[   0    3   20 3062]
 [   0    0   19   56]
 [   0    5   27   72]
 [   0    5    7   23]]
Epoch: [16/200], cls_loss: 0.4901, transfer_loss: 0.0574,person_loss: 0.0000, total_Loss: 0.5188
trian begin
trian end
n_person 578
SAMPLE
F1_MI: 0.029705971506517128 F1_MA: 0.19399258588644983 ACC_MI: 0.029705971506517128 F1_MA: 0.14490526903375509
BEST_F1_MI: 0.9457411336768717 BEST_F1_MA: 0.6123186359832841 BEST_ACC_MI: 0.9457411336768717 BEST_F1_MA: 0.7493404038708025
[[   0    1 3084    0]
 [   0    1   72    2]
 [   0    5   85   14]
 [   0    1   22   12]]
Epoch: [17/200], cls_loss: 0.4746, transfer_loss: 0.0565,person_loss: 0.0000, total_Loss: 0.5028
trian begin
trian end
n_person 578
SAMPLE
F1_MI: 0.011821764170960895 F1_MA: 0.12523558342036295 ACC_MI: 0.011821764170960897 F1_MA: 0.08587897940074905
BEST_F1_MI: 0.9457411336768717 BEST_F1_MA: 0.6123186359832841 BEST_ACC_MI: 0.9457411336768717 BEST_F1_MA: 0.7493404038708025
[[   0  421   10 2654]
 [   0    0    4   71]
 [   0    0   10   94]
 [   0    0    6   29]]
Epoch: [18/200], cls_loss: 0.4474, transfer_loss: 0.0487,person_loss: 0.0000, total_Loss: 0.4717
trian begin
trian end
n_person 578
SAMPLE
F1_MI: 0.03091846013943619 F1_MA: 0.3493688723000064 ACC_MI: 0.030918460139436194 F1_MA: 0.384792479783679
BEST_F1_MI: 0.9457411336768717 BEST_F1_MA: 0.6123186359832841 BEST_ACC_MI: 0.9457411336768717 BEST_F1_MA: 0.7493404038708025
[[   0 3078    7    0]
 [   0   60   15    0]
 [   0   66   38    0]
 [   0   18   13    4]]
Epoch: [19/200], cls_loss: 0.4245, transfer_loss: 0.0507,person_loss: 0.0000, total_Loss: 0.4499
trian begin
trian end
n_person 578
SAMPLE
F1_MI: 0.028190360715368293 F1_MA: 0.32367829078653393 ACC_MI: 0.028190360715368293 F1_MA: 0.3139212084098796
BEST_F1_MI: 0.9457411336768717 BEST_F1_MA: 0.6123186359832841 BEST_ACC_MI: 0.9457411336768717 BEST_F1_MA: 0.7493404038708025
[[   0 3084    1    0]
 [   0   73    0    2]
 [   0   86   11    7]
 [   0   23    3    9]]
Epoch: [20/200], cls_loss: 0.4272, transfer_loss: 0.0521,person_loss: 0.0000, total_Loss: 0.4532
trian begin
trian end
n_person 578
SAMPLE
F1_MI: 0.020309184601394362 F1_MA: 0.07236645133165977 ACC_MI: 0.020309184601394362 F1_MA: 0.042556087687790414
BEST_F1_MI: 0.9457411336768717 BEST_F1_MA: 0.6123186359832841 BEST_ACC_MI: 0.9457411336768717 BEST_F1_MA: 0.7493404038708025
[[   0    0 3079    6]
 [   0    0   42   33]
 [   0    0   50   54]
 [   0    0   18   17]]
Epoch: [21/200], cls_loss: 0.4073, transfer_loss: 0.0550,person_loss: 0.0000, total_Loss: 0.4348
trian begin
trian end
n_person 578
SAMPLE
F1_MI: 0.8926947559866626 F1_MA: 0.47135107271108245 ACC_MI: 0.8926947559866626 F1_MA: 0.44024578822618793
BEST_F1_MI: 0.9457411336768717 BEST_F1_MA: 0.6123186359832841 BEST_ACC_MI: 0.9457411336768717 BEST_F1_MA: 0.7493404038708025
[[2868  201   14    2]
 [   1   20   22   32]
 [   0   33   42   29]
 [   0   13    7   15]]
Epoch: [22/200], cls_loss: 0.4020, transfer_loss: 0.0490,person_loss: 0.0000, total_Loss: 0.4265
trian begin
trian end
n_person 578
SAMPLE
F1_MI: 0.8942103667778114 F1_MA: 0.46261621384992296 ACC_MI: 0.8942103667778114 F1_MA: 0.43848233098393075
BEST_F1_MI: 0.9457411336768717 BEST_F1_MA: 0.6123186359832841 BEST_ACC_MI: 0.9457411336768717 BEST_F1_MA: 0.7493404038708025
[[2862  179   44    0]
 [   2   19   50    4]
 [   0   32   63    9]
 [   0   11   18    6]]
Epoch: [23/200], cls_loss: 0.3730, transfer_loss: 0.0544,person_loss: 0.0000, total_Loss: 0.4003
trian begin
trian end
n_person 578
SAMPLE
F1_MI: 0.9308881479236132 F1_MA: 0.49020163326982014 ACC_MI: 0.9308881479236132 F1_MA: 0.4837119791408355
BEST_F1_MI: 0.9457411336768717 BEST_F1_MA: 0.6123186359832841 BEST_ACC_MI: 0.9457411336768717 BEST_F1_MA: 0.7493404038708025
[[2999   79    6    1]
 [   6   41    2   26]
 [   2   62   22   18]
 [   1   16    9    9]]
Epoch: [24/200], cls_loss: 0.3807, transfer_loss: 0.0599,person_loss: 0.0000, total_Loss: 0.4106
trian begin
trian end
n_person 578
SAMPLE
F1_MI: 0.025159139133070628 F1_MA: 0.0968239703938673 ACC_MI: 0.025159139133070628 F1_MA: 0.05919002001715756
BEST_F1_MI: 0.9457411336768717 BEST_F1_MA: 0.6123186359832841 BEST_ACC_MI: 0.9457411336768717 BEST_F1_MA: 0.7493404038708025
[[   0    0 3079    6]
 [   0    0   60   15]
 [   0    5   69   30]
 [   0    1   20   14]]
Epoch: [25/200], cls_loss: 0.3814, transfer_loss: 0.0596,person_loss: 0.0000, total_Loss: 0.4112
trian begin
trian end
n_person 578
SAMPLE
F1_MI: 0.9230069718096393 F1_MA: 0.5417362717084028 ACC_MI: 0.9230069718096393 F1_MA: 0.5732385511542301
BEST_F1_MI: 0.9457411336768717 BEST_F1_MA: 0.6123186359832841 BEST_ACC_MI: 0.9457411336768717 BEST_F1_MA: 0.7493404038708025
[[2946   36  103    0]
 [   4    9   61    1]
 [   1   19   84    0]
 [   2   11   16    6]]
Epoch: [26/200], cls_loss: 0.3712, transfer_loss: 0.0550,person_loss: 0.0000, total_Loss: 0.3987
trian begin
trian end
n_person 578
SAMPLE
F1_MI: 0.6889966656562595 F1_MA: 0.4433700618245057 ACC_MI: 0.6889966656562595 F1_MA: 0.42011505418123735
BEST_F1_MI: 0.9457411336768717 BEST_F1_MA: 0.6123186359832841 BEST_ACC_MI: 0.9457411336768717 BEST_F1_MA: 0.7493404038708025
[[2169    1  915    0]
 [   0    1   70    4]
 [   0    2   94    8]
 [   0    2   24    9]]
Epoch: [27/200], cls_loss: 0.3601, transfer_loss: 0.0605,person_loss: 0.0000, total_Loss: 0.3904
trian begin
trian end
n_person 578
SAMPLE
F1_MI: 0.015459230069718095 F1_MA: 0.1536157157299584 ACC_MI: 0.015459230069718097 F1_MA: 0.1324107458852361
BEST_F1_MI: 0.9457411336768717 BEST_F1_MA: 0.6123186359832841 BEST_ACC_MI: 0.9457411336768717 BEST_F1_MA: 0.7493404038708025
[[   0 3052    9   24]
 [   0   19    7   49]
 [   0   39   23   42]
 [   0   14   12    9]]
Epoch: [28/200], cls_loss: 0.3341, transfer_loss: 0.0606,person_loss: 0.0000, total_Loss: 0.3644
trian begin
trian end
n_person 578
SAMPLE
F1_MI: 0.04364959078508639 F1_MA: 0.35278810438077446 ACC_MI: 0.04364959078508639 F1_MA: 0.4134988701026437
BEST_F1_MI: 0.9457411336768717 BEST_F1_MA: 0.6123186359832841 BEST_ACC_MI: 0.9457411336768717 BEST_F1_MA: 0.7493404038708025
[[  54 3026    5    0]
 [   0   68    4    3]
 [   1   66   17   20]
 [   0   20   10    5]]
Epoch: [29/200], cls_loss: 0.3354, transfer_loss: 0.0622,person_loss: 0.0000, total_Loss: 0.3665
trian begin
trian end
n_person 578
SAMPLE
F1_MI: 0.8696574719612004 F1_MA: 0.4027168293208169 ACC_MI: 0.8696574719612004 F1_MA: 0.38293686330642407
BEST_F1_MI: 0.9457411336768717 BEST_F1_MA: 0.6123186359832841 BEST_ACC_MI: 0.9457411336768717 BEST_F1_MA: 0.7493404038708025
[[2820  229   13   23]
 [   2   18    9   46]
 [   2   32   18   52]
 [   2   12    8   13]]
Epoch: [30/200], cls_loss: 0.3243, transfer_loss: 0.0582,person_loss: 0.0000, total_Loss: 0.3533
trian begin
trian end
n_person 578
SAMPLE
F1_MI: 0.9063352531070022 F1_MA: 0.38707522145900347 ACC_MI: 0.9063352531070021 F1_MA: 0.36123788832445913
BEST_F1_MI: 0.9457411336768717 BEST_F1_MA: 0.6123186359832841 BEST_ACC_MI: 0.9457411336768717 BEST_F1_MA: 0.7493404038708025
[[2954    7   15  109]
 [   3    1    9   62]
 [   1    6   16   81]
 [   1    6    9   19]]
Epoch: [31/200], cls_loss: 0.3155, transfer_loss: 0.0630,person_loss: 0.0000, total_Loss: 0.3470
trian begin
trian end
n_person 578
SAMPLE
F1_MI: 0.9063352531070022 F1_MA: 0.3921062094334771 ACC_MI: 0.9063352531070021 F1_MA: 0.37854683149121393
BEST_F1_MI: 0.9457411336768717 BEST_F1_MA: 0.6123186359832841 BEST_ACC_MI: 0.9457411336768717 BEST_F1_MA: 0.7493404038708025
[[2951   78   15   41]
 [   2    8    5   60]
 [   1   20   17   66]
 [   2   10    9   14]]
Epoch: [32/200], cls_loss: 0.3296, transfer_loss: 0.0532,person_loss: 0.0000, total_Loss: 0.3562
trian begin
trian end
n_person 578
SAMPLE
F1_MI: 0.9354349802970597 F1_MA: 0.492896127901606 ACC_MI: 0.9354349802970597 F1_MA: 0.5931888287151446
BEST_F1_MI: 0.9457411336768717 BEST_F1_MA: 0.6123186359832841 BEST_ACC_MI: 0.9457411336768717 BEST_F1_MA: 0.7493404038708025
[[3038   46    1    0]
 [  39   34    1    1]
 [  47   45    8    4]
 [  11   15    3    6]]
Epoch: [33/200], cls_loss: 0.3080, transfer_loss: 0.0604,person_loss: 0.0000, total_Loss: 0.3382
trian begin
trian end
n_person 578
SAMPLE
F1_MI: 0.030615337981206425 F1_MA: 0.16069443013350876 ACC_MI: 0.030615337981206425 F1_MA: 0.11111323155216285
BEST_F1_MI: 0.9457411336768717 BEST_F1_MA: 0.6123186359832841 BEST_ACC_MI: 0.9457411336768717 BEST_F1_MA: 0.7493404038708025
[[   0    0 3085    0]
 [   0    0   74    1]
 [   0    0   91   13]
 [   0    0   25   10]]
Epoch: [34/200], cls_loss: 0.3035, transfer_loss: 0.0548,person_loss: 0.0000, total_Loss: 0.3308
trian begin
trian end
n_person 578
SAMPLE
F1_MI: 0.5456198848135799 F1_MA: 0.3343614547450146 ACC_MI: 0.5456198848135799 F1_MA: 0.36460607860887595
BEST_F1_MI: 0.9457411336768717 BEST_F1_MA: 0.6123186359832841 BEST_ACC_MI: 0.9457411336768717 BEST_F1_MA: 0.7493404038708025
[[1758  172   12 1143]
 [   3    4    6   62]
 [   3    2   25   74]
 [   2    5   15   13]]
Epoch: [35/200], cls_loss: 0.3135, transfer_loss: 0.0602,person_loss: 0.0000, total_Loss: 0.3436
trian begin
trian end
n_person 578
SAMPLE
F1_MI: 0.04516520157623522 F1_MA: 0.2747246748733253 ACC_MI: 0.04516520157623522 F1_MA: 0.3009200207860922
BEST_F1_MI: 0.9457411336768717 BEST_F1_MA: 0.6123186359832841 BEST_ACC_MI: 0.9457411336768717 BEST_F1_MA: 0.7493404038708025
[[  76    1 3003    5]
 [   0    0   56   19]
 [   0    4   58   42]
 [   0    1   19   15]]
Epoch: [36/200], cls_loss: 0.2909, transfer_loss: 0.0556,person_loss: 0.0000, total_Loss: 0.3187
trian begin
trian end
n_person 578
SAMPLE
F1_MI: 0.9302819036071537 F1_MA: 0.5101584832275874 ACC_MI: 0.9302819036071537 F1_MA: 0.5164211442189172
BEST_F1_MI: 0.9457411336768717 BEST_F1_MA: 0.6123186359832841 BEST_ACC_MI: 0.9457411336768717 BEST_F1_MA: 0.7493404038708025
[[3000   77    3    5]
 [   9   36    3   27]
 [   7   51   20   26]
 [   2   17    3   13]]
Epoch: [37/200], cls_loss: 0.2910, transfer_loss: 0.0567,person_loss: 0.0000, total_Loss: 0.3194
trian begin
trian end
n_person 578
SAMPLE
F1_MI: 0.8945134889360412 F1_MA: 0.4012895785003679 ACC_MI: 0.8945134889360412 F1_MA: 0.3580142387425752
BEST_F1_MI: 0.9457411336768717 BEST_F1_MA: 0.6123186359832841 BEST_ACC_MI: 0.9457411336768717 BEST_F1_MA: 0.7493404038708025
[[2866    9  210    0]
 [   1    1   70    3]
 [   3    5   80   16]
 [   1    4   26    4]]
Epoch: [38/200], cls_loss: 0.2823, transfer_loss: 0.0639,person_loss: 0.0000, total_Loss: 0.3142
trian begin
trian end
n_person 578
SAMPLE
F1_MI: 0.03122158229766596 F1_MA: 0.268921662587717 ACC_MI: 0.03122158229766596 F1_MA: 0.2753982763123531
BEST_F1_MI: 0.9457411336768717 BEST_F1_MA: 0.6123186359832841 BEST_ACC_MI: 0.9457411336768717 BEST_F1_MA: 0.7493404038708025
[[   0    2 3083    0]
 [   0    1   74    0]
 [   0    5   99    0]
 [   0    6   26    3]]
Epoch: [39/200], cls_loss: 0.2827, transfer_loss: 0.0664,person_loss: 0.0000, total_Loss: 0.3159
trian begin
trian end
n_person 578
SAMPLE
F1_MI: 0.028190360715368293 F1_MA: 0.19859122079048144 ACC_MI: 0.028190360715368293 F1_MA: 0.15889402279115958
BEST_F1_MI: 0.9457411336768717 BEST_F1_MA: 0.6123186359832841 BEST_ACC_MI: 0.9457411336768717 BEST_F1_MA: 0.7493404038708025
[[   0 3070   13    2]
 [   0   29   36   10]
 [   2   33   61    8]
 [   1   18   13    3]]
Epoch: [40/200], cls_loss: 0.2745, transfer_loss: 0.0664,person_loss: 0.0000, total_Loss: 0.3078
trian begin
trian end
n_person 578
SAMPLE
F1_MI: 0.8341921794483177 F1_MA: 0.4652236512955018 ACC_MI: 0.8341921794483177 F1_MA: 0.43652796335820027
BEST_F1_MI: 0.9457411336768717 BEST_F1_MA: 0.6123186359832841 BEST_ACC_MI: 0.9457411336768717 BEST_F1_MA: 0.7493404038708025
[[2664  399   22    0]
 [   1   30   37    7]
 [   1   37   49   17]
 [   0   15   11    9]]
Epoch: [41/200], cls_loss: 0.2725, transfer_loss: 0.0543,person_loss: 0.0000, total_Loss: 0.2996
trian begin
trian end
n_person 578
SAMPLE
F1_MI: 0.9457411336768717 F1_MA: 0.45525566590814415 ACC_MI: 0.9457411336768717 F1_MA: 0.44266771942303285
BEST_F1_MI: 0.9457411336768717 BEST_F1_MA: 0.6123186359832841 BEST_ACC_MI: 0.9457411336768717 BEST_F1_MA: 0.7493404038708025
[[3032    3   48    2]
 [  11    2   54    8]
 [  17    0   84    3]
 [   5    3   25    2]]
Epoch: [42/200], cls_loss: 0.2557, transfer_loss: 0.0586,person_loss: 0.0000, total_Loss: 0.2850
trian begin
trian end
n_person 578
SAMPLE
F1_MI: 0.8366171567141558 F1_MA: 0.3831038062995287 ACC_MI: 0.8366171567141558 F1_MA: 0.36577490824510395
BEST_F1_MI: 0.9457411336768717 BEST_F1_MA: 0.6123186359832841 BEST_ACC_MI: 0.9457411336768717 BEST_F1_MA: 0.7493404038708025
[[2717  120   19  229]
 [   0    3    6   66]
 [   0    9   24   71]
 [   1    7   11   16]]
Epoch: [43/200], cls_loss: 0.2658, transfer_loss: 0.0589,person_loss: 0.0000, total_Loss: 0.2953
trian begin
trian end
n_person 578
SAMPLE
F1_MI: 0.9345256138223704 F1_MA: 0.48794143940933915 ACC_MI: 0.9345256138223704 F1_MA: 0.48679789272030655
BEST_F1_MI: 0.9457411336768717 BEST_F1_MA: 0.6123186359832841 BEST_ACC_MI: 0.9457411336768717 BEST_F1_MA: 0.7493404038708025
[[2991   12   82    0]
 [   3    2   70    0]
 [   6    9   85    4]
 [   0    6   24    5]]
Epoch: [44/200], cls_loss: 0.2556, transfer_loss: 0.0650,person_loss: 0.0000, total_Loss: 0.2881
trian begin
trian end
n_person 578
SAMPLE
F1_MI: 0.026371627765989693 F1_MA: 0.1624386389185857 ACC_MI: 0.026371627765989693 F1_MA: 0.12221598659143644
BEST_F1_MI: 0.9457411336768717 BEST_F1_MA: 0.6123186359832841 BEST_ACC_MI: 0.9457411336768717 BEST_F1_MA: 0.7493404038708025
[[   0   15 3070    0]
 [   0   10   63    2]
 [   0   22   72   10]
 [   0   11   19    5]]
Epoch: [45/200], cls_loss: 0.2661, transfer_loss: 0.0579,person_loss: 0.0000, total_Loss: 0.2950
trian begin
trian end
n_person 578
SAMPLE
F1_MI: 0.6307972112761443 F1_MA: 0.31591016810893796 ACC_MI: 0.6307972112761443 F1_MA: 0.268009295120062
BEST_F1_MI: 0.9457411336768717 BEST_F1_MA: 0.6123186359832841 BEST_ACC_MI: 0.9457411336768717 BEST_F1_MA: 0.7493404038708025
[[1988    2 1095    0]
 [   0    0   75    0]
 [   0   11   93    0]
 [   0    7   28    0]]
Epoch: [46/200], cls_loss: 0.2378, transfer_loss: 0.0536,person_loss: 0.0000, total_Loss: 0.2645
trian begin
trian end
n_person 578
SAMPLE
F1_MI: 0.024249772658381328 F1_MA: 0.2168693145908201 ACC_MI: 0.024249772658381328 F1_MA: 0.20170807453416145
BEST_F1_MI: 0.9457411336768717 BEST_F1_MA: 0.6123186359832841 BEST_ACC_MI: 0.9457411336768717 BEST_F1_MA: 0.7493404038708025
[[   1    4 3074    6]
 [   0    2   57   16]
 [   0    4   68   32]
 [   1    4   21    9]]
Epoch: [47/200], cls_loss: 0.2367, transfer_loss: 0.0580,person_loss: 0.0000, total_Loss: 0.2657
trian begin
trian end
n_person 578
SAMPLE
F1_MI: 0.02667474992421946 F1_MA: 0.23987328538565195 ACC_MI: 0.02667474992421946 F1_MA: 0.2761785598966742
BEST_F1_MI: 0.9457411336768717 BEST_F1_MA: 0.6123186359832841 BEST_ACC_MI: 0.9457411336768717 BEST_F1_MA: 0.7493404038708025
[[   1    4 3080    0]
 [   0    3   72    0]
 [   0   20   84    0]
 [   0   11   24    0]]
Epoch: [48/200], cls_loss: 0.2192, transfer_loss: 0.0605,person_loss: 0.0000, total_Loss: 0.2495
trian begin
trian end
n_person 578
SAMPLE
F1_MI: 0.945438011518642 F1_MA: 0.4349136528474707 ACC_MI: 0.945438011518642 F1_MA: 0.4137393934109845
BEST_F1_MI: 0.9457411336768717 BEST_F1_MA: 0.6123186359832841 BEST_ACC_MI: 0.9457411336768717 BEST_F1_MA: 0.7493404038708025
[[3037    4   44    0]
 [  12    1   59    3]
 [  12    7   78    7]
 [   1    8   23    3]]
Epoch: [49/200], cls_loss: 0.2272, transfer_loss: 0.0587,person_loss: 0.0000, total_Loss: 0.2565
trian begin
trian end
n_person 578
SAMPLE
F1_MI: 0.8796605031827827 F1_MA: 0.40511585986463117 ACC_MI: 0.8796605031827827 F1_MA: 0.37709897665318737
BEST_F1_MI: 0.9457411336768717 BEST_F1_MA: 0.6123186359832841 BEST_ACC_MI: 0.9457411336768717 BEST_F1_MA: 0.7493404038708025
[[2825  114  146    0]
 [   1    5   68    1]
 [   3   22   68   11]
 [   3   12   16    4]]
Epoch: [50/200], cls_loss: 0.2102, transfer_loss: 0.0587,person_loss: 0.0000, total_Loss: 0.2396
trian begin
trian end
n_person 578
SAMPLE
F1_MI: 0.46044255835101544 F1_MA: 0.38110995666517794 ACC_MI: 0.46044255835101544 F1_MA: 0.3587889400523164
BEST_F1_MI: 0.9457411336768717 BEST_F1_MA: 0.6123186359832841 BEST_ACC_MI: 0.9457411336768717 BEST_F1_MA: 0.7493404038708025
[[1426    4 1654    1]
 [   0    1   64   10]
 [   0    9   78   17]
 [   0    3   18   14]]
Epoch: [51/200], cls_loss: 0.2021, transfer_loss: 0.0560,person_loss: 0.0000, total_Loss: 0.2301
trian begin
trian end
n_person 578
SAMPLE
F1_MI: 0.8605638072143074 F1_MA: 0.37199146053265475 ACC_MI: 0.8605638072143074 F1_MA: 0.3192425788497217
BEST_F1_MI: 0.9457411336768717 BEST_F1_MA: 0.6123186359832841 BEST_ACC_MI: 0.9457411336768717 BEST_F1_MA: 0.7493404038708025
[[2747  191  142    5]
 [   0    2   72    1]
 [   2    1   90   11]
 [   1    2   32    0]]
Epoch: [52/200], cls_loss: 0.2085, transfer_loss: 0.0573,person_loss: 0.0000, total_Loss: 0.2371
trian begin
trian end
n_person 578
SAMPLE
F1_MI: 0.020006062443164597 F1_MA: 0.21776546107576744 ACC_MI: 0.020006062443164597 F1_MA: 0.29441868388426645
BEST_F1_MI: 0.9457411336768717 BEST_F1_MA: 0.6123186359832841 BEST_ACC_MI: 0.9457411336768717 BEST_F1_MA: 0.7493404038708025
[[   2   33 3048    2]
 [   0   10   51   14]
 [   0   28   52   24]
 [   0   17   16    2]]
Epoch: [53/200], cls_loss: 0.1903, transfer_loss: 0.0615,person_loss: 0.0000, total_Loss: 0.2211
trian begin
trian end
n_person 578
SAMPLE
F1_MI: 0.8129736283722341 F1_MA: 0.4003758097665057 ACC_MI: 0.812973628372234 F1_MA: 0.3949344647296916
BEST_F1_MI: 0.9457411336768717 BEST_F1_MA: 0.6123186359832841 BEST_ACC_MI: 0.9457411336768717 BEST_F1_MA: 0.7493404038708025
[[2625  447    8    5]
 [   0   35    6   34]
 [   0   60   17   27]
 [   0   23    7    5]]
Epoch: [54/200], cls_loss: 0.1975, transfer_loss: 0.0553,person_loss: 0.0000, total_Loss: 0.2252
trian begin
trian end
n_person 578
SAMPLE
F1_MI: 0.05122764474083056 F1_MA: 0.2500203833842088 ACC_MI: 0.05122764474083055 F1_MA: 0.25419978684666283
BEST_F1_MI: 0.9457411336768717 BEST_F1_MA: 0.6123186359832841 BEST_ACC_MI: 0.9457411336768717 BEST_F1_MA: 0.7493404038708025
[[  69    3 3013    0]
 [   0    0   74    1]
 [   0    3  100    1]
 [   1    4   30    0]]
Epoch: [55/200], cls_loss: 0.1746, transfer_loss: 0.0549,person_loss: 0.0000, total_Loss: 0.2021
trian begin
trian end
n_person 578
SAMPLE
F1_MI: 0.7138526826311004 F1_MA: 0.38804842674013806 ACC_MI: 0.7138526826311004 F1_MA: 0.3724424933970537
BEST_F1_MI: 0.9457411336768717 BEST_F1_MA: 0.6123186359832841 BEST_ACC_MI: 0.9457411336768717 BEST_F1_MA: 0.7493404038708025
[[2308  503    7  267]
 [   0   11   11   53]
 [   0   14   16   74]
 [   0   11    4   20]]
Epoch: [56/200], cls_loss: 0.1655, transfer_loss: 0.0581,person_loss: 0.0000, total_Loss: 0.1945
trian begin
trian end
n_person 578
SAMPLE
F1_MI: 0.8044862079418006 F1_MA: 0.3814404665278762 ACC_MI: 0.8044862079418006 F1_MA: 0.3433934282678456
BEST_F1_MI: 0.9457411336768717 BEST_F1_MA: 0.6123186359832841 BEST_ACC_MI: 0.9457411336768717 BEST_F1_MA: 0.7493404038708025
[[2578  228  279    0]
 [   0   30   44    1]
 [   0   51   44    9]
 [   0   17   16    2]]
Epoch: [57/200], cls_loss: 0.1923, transfer_loss: 0.0624,person_loss: 0.0000, total_Loss: 0.2235
trian begin
trian end
n_person 578
SAMPLE
F1_MI: 0.023340406183692028 F1_MA: 0.23620447538086856 ACC_MI: 0.023340406183692028 F1_MA: 0.25022169016582424
BEST_F1_MI: 0.9457411336768717 BEST_F1_MA: 0.6123186359832841 BEST_ACC_MI: 0.9457411336768717 BEST_F1_MA: 0.7493404038708025
[[   5 3070    8    2]
 [   1   54    6   14]
 [   3   73   18   10]
 [   0   25   10    0]]
Epoch: [58/200], cls_loss: 0.1722, transfer_loss: 0.0606,person_loss: 0.0000, total_Loss: 0.2025
trian begin
trian end
n_person 578
SAMPLE
F1_MI: 0.945438011518642 F1_MA: 0.4993706247799394 ACC_MI: 0.945438011518642 F1_MA: 0.5041203671598239
BEST_F1_MI: 0.9457411336768717 BEST_F1_MA: 0.6123186359832841 BEST_ACC_MI: 0.9457411336768717 BEST_F1_MA: 0.7493404038708025
[[3040   22   22    1]
 [  14   17   43    1]
 [  15   24   53   12]
 [   2   15    9    9]]
Epoch: [59/200], cls_loss: 0.1699, transfer_loss: 0.0618,person_loss: 0.0000, total_Loss: 0.2008
trian begin
trian end
n_person 578
SAMPLE
F1_MI: 0.862382540163686 F1_MA: 0.46094256899192826 ACC_MI: 0.862382540163686 F1_MA: 0.4418108826565159
BEST_F1_MI: 0.9457411336768717 BEST_F1_MA: 0.6123186359832841 BEST_ACC_MI: 0.9457411336768717 BEST_F1_MA: 0.7493404038708025
[[2765  312    7    1]
 [   2   50   12   11]
 [   1   66   26   11]
 [   0   25    6    4]]
Epoch: [60/200], cls_loss: 0.1885, transfer_loss: 0.0624,person_loss: 0.0000, total_Loss: 0.2197
[[3048   36    1    0]
 [  21   54    0    0]
 [  15   81    8    0]
 [   3   20    2   10]]
[[3048   36    1    0]
 [  21   54    0    0]
 [  15   81    8    0]
 [   3   20    2   10]]
ARG: Namespace(backbone='resnet50', batch_size=32, config='DAN/DAN.yaml', data_dir='data', device=device(type='cuda'), early_stop=50, epoch_based_training=False, lr=0.003, lr_decay=0.75, lr_gamma=0.0003, lr_scheduler=True, max_iter=18000, method='False', momentum=0.9, myweight=0.1, n_class=4, n_epoch=200, n_iter_per_epoch=90, num_workers=3, seed=1, src_domain='77G', tgt_domain='own', tname='transfer', transfer_loss='mmd', transfer_loss_weight=0.5, use_bottleneck=True, weight_decay=0.0005)
