mmd 1 77G own DAN/DAN.yaml True
Namespace(backbone='resnet50', batch_size=32, config='DAN/DAN.yaml', data_dir='data', device=device(type='cuda'), early_stop=50, epoch_based_training=False, lr=0.003, lr_decay=0.75, lr_gamma=0.0003, lr_scheduler=True, method='True', momentum=0.9, myweight=0.1, n_epoch=200, n_iter_per_epoch=50, num_workers=3, seed=1, src_domain='77G', tgt_domain='own', tname='transfer', transfer_loss='mmd', transfer_loss_weight=0.5, use_bottleneck=True, weight_decay=0.0005)
JUST DO IT
run my Parkinson code
transfer
TRAIN Length: 2905 290 TEST Length: 3299 578
YYY: 0 3
DATA_PROFILE   train: 2905 train2: 3299 test: 3299
DATASET.SHAPE: <data_loader.GetTrainLoader object at 0x7efb681179a0> True
DATASET.SHAPE: <data_loader.GetTrainLoader object at 0x7efb605eaf70> True
DATASET.SHAPE: <data_loader.GetTestLoader object at 0x7efb6058f820> False
CLASS: 4 578
LLL: {}
BOTTLENECK_LIST: [Linear(in_features=512, out_features=256, bias=True), ReLU()]
TYPE: {'loss_type': 'mmd', 'max_iter': 18000, 'num_class': 4, 'my_person_item': <my_person_item.PersonItem object at 0x7efb6058f880>}
initial_lr 1.0
transfer_world
method True <class 'str'>
1.8.1+cu111
True
LEN: 0 0
LOADER: <data_loader.InfiniteDataLoader object at 0x7efb605ea130> <data_loader.InfiniteDataLoader object at 0x7efb6058f700>
N_batch: 90
trian begin
trian end
n_person 578
SAMPLE
F1_MI: 0.9281600484995454 F1_MA: 0.546795674786369 ACC_MI: 0.9281600484995454 F1_MA: 0.5766997752412719
BEST_F1_MI: 0.9281600484995454 BEST_F1_MA: 0.546795674786369 BEST_ACC_MI: 0.9281600484995454 BEST_F1_MA: 0.5766997752412719
[[2982  103    0    0]
 [   2   72    1    0]
 [   0   98    4    2]
 [   0   26    5    4]]
Epoch: [ 1/200], cls_loss: 0.9399, transfer_loss: 0.0946,person_loss: -1.8178, total_Loss: 0.8054
trian begin
trian end
n_person 578
SAMPLE
F1_MI: 0.9136101849045165 F1_MA: 0.4261813398050468 ACC_MI: 0.9136101849045165 F1_MA: 0.364559318375738
BEST_F1_MI: 0.9281600484995454 BEST_F1_MA: 0.546795674786369 BEST_ACC_MI: 0.9281600484995454 BEST_F1_MA: 0.5766997752412719
[[2964   75   28   18]
 [   3    6   14   52]
 [   0    2   13   89]
 [   1    0    3   31]]
Epoch: [ 2/200], cls_loss: 0.6823, transfer_loss: 0.0422,person_loss: -1.8496, total_Loss: 0.5185
trian begin
trian end
n_person 578
SAMPLE
F1_MI: 0.030615337981206425 F1_MA: 0.15496467648144555 ACC_MI: 0.030615337981206425 F1_MA: 0.10509291610254619
BEST_F1_MI: 0.9281600484995454 BEST_F1_MA: 0.546795674786369 BEST_ACC_MI: 0.9281600484995454 BEST_F1_MA: 0.5766997752412719
[[   0    0 3085    0]
 [   0    0   72    3]
 [   0    0   90   14]
 [   0    0   24   11]]
Epoch: [ 3/200], cls_loss: 0.6388, transfer_loss: 0.0440,person_loss: -1.8712, total_Loss: 0.4737
trian begin
trian end
n_person 578
SAMPLE
F1_MI: 0.013640497120339497 F1_MA: 0.014871756266696382 ACC_MI: 0.013640497120339497 F1_MA: 0.007672747432552492
BEST_F1_MI: 0.9281600484995454 BEST_F1_MA: 0.546795674786369 BEST_ACC_MI: 0.9281600484995454 BEST_F1_MA: 0.5766997752412719
[[   0    1 2014 1070]
 [   0    0    8   67]
 [   0    1   17   86]
 [   0    0    7   28]]
Epoch: [ 4/200], cls_loss: 0.6114, transfer_loss: 0.0437,person_loss: -1.8785, total_Loss: 0.4454
trian begin
trian end
n_person 578
SAMPLE
F1_MI: 0.7905425886632313 F1_MA: 0.4511841772034765 ACC_MI: 0.7905425886632312 F1_MA: 0.40842568438860494
BEST_F1_MI: 0.9281600484995454 BEST_F1_MA: 0.546795674786369 BEST_ACC_MI: 0.9281600484995454 BEST_F1_MA: 0.5766997752412719
[[2521  522   40    2]
 [   0   26   31   18]
 [   0   28   47   29]
 [   0   11   10   14]]
Epoch: [ 5/200], cls_loss: 0.6125, transfer_loss: 0.0478,person_loss: -1.8972, total_Loss: 0.4466
trian begin
trian end
n_person 578
SAMPLE
F1_MI: 0.024249772658381328 F1_MA: 0.18749540921353583 ACC_MI: 0.024249772658381328 F1_MA: 0.13597629424924823
BEST_F1_MI: 0.9281600484995454 BEST_F1_MA: 0.546795674786369 BEST_ACC_MI: 0.9281600484995454 BEST_F1_MA: 0.5766997752412719
[[   0 3034   49    2]
 [   0   21   26   28]
 [   0   21   40   43]
 [   0   10    6   19]]
Epoch: [ 6/200], cls_loss: 0.5924, transfer_loss: 0.0443,person_loss: -1.9090, total_Loss: 0.4236
trian begin
trian end
n_person 578
SAMPLE
F1_MI: 0.02364352834192179 F1_MA: 0.10363471914846455 ACC_MI: 0.023643528341921793 F1_MA: 0.06451216913569953
BEST_F1_MI: 0.9281600484995454 BEST_F1_MA: 0.546795674786369 BEST_ACC_MI: 0.9281600484995454 BEST_F1_MA: 0.5766997752412719
[[   0    8 3076    1]
 [   0    0   66    9]
 [   0    1   62   41]
 [   0    1   18   16]]
Epoch: [ 7/200], cls_loss: 0.5147, transfer_loss: 0.0440,person_loss: -1.9268, total_Loss: 0.3441
trian begin
trian end
n_person 578
SAMPLE
F1_MI: 0.9342224916641406 F1_MA: 0.5537526737051961 ACC_MI: 0.9342224916641406 F1_MA: 0.5825329634587237
BEST_F1_MI: 0.9342224916641406 BEST_F1_MA: 0.5537526737051961 BEST_ACC_MI: 0.9342224916641406 BEST_F1_MA: 0.5825329634587237
[[3006   76    3    0]
 [  17   53    4    1]
 [  18   66   12    8]
 [   1   20    3   11]]
Epoch: [ 8/200], cls_loss: 0.5174, transfer_loss: 0.0421,person_loss: -1.9277, total_Loss: 0.3457
trian begin
trian end
n_person 578
SAMPLE
F1_MI: 0.8599575628978479 F1_MA: 0.4338480709173439 ACC_MI: 0.8599575628978479 F1_MA: 0.39345801376158124
BEST_F1_MI: 0.9342224916641406 BEST_F1_MA: 0.5537526737051961 BEST_ACC_MI: 0.9342224916641406 BEST_F1_MA: 0.5825329634587237
[[2777  293   13    2]
 [   2   26    8   39]
 [   0   31   15   58]
 [   0    8    8   19]]
Epoch: [ 9/200], cls_loss: 0.4979, transfer_loss: 0.0503,person_loss: -1.9301, total_Loss: 0.3301
trian begin
trian end
n_person 578
SAMPLE
F1_MI: 0.936344346771749 F1_MA: 0.4186033746816365 ACC_MI: 0.936344346771749 F1_MA: 0.5848181066556428
BEST_F1_MI: 0.936344346771749 BEST_F1_MA: 0.5537526737051961 BEST_ACC_MI: 0.936344346771749 BEST_F1_MA: 0.5848181066556428
[[3076    8    1    0]
 [  72    3    0    0]
 [  74   27    1    2]
 [  23    3    0    9]]
Epoch: [10/200], cls_loss: 0.5102, transfer_loss: 0.0463,person_loss: -1.9184, total_Loss: 0.3415
trian begin
trian end
n_person 578
SAMPLE
F1_MI: 0.940284934828736 F1_MA: 0.43296285861477307 ACC_MI: 0.940284934828736 F1_MA: 0.45499900318979264
BEST_F1_MI: 0.940284934828736 BEST_F1_MA: 0.5537526737051961 BEST_ACC_MI: 0.940284934828736 BEST_F1_MA: 0.5848181066556428
[[3065   12    6    2]
 [  32   10    4   29]
 [  28   12   13   51]
 [  10    4    7   14]]
Epoch: [11/200], cls_loss: 0.4774, transfer_loss: 0.0503,person_loss: -1.9333, total_Loss: 0.3092
trian begin
trian end
n_person 578
SAMPLE
F1_MI: 0.9230069718096393 F1_MA: 0.41254003313997356 ACC_MI: 0.9230069718096393 F1_MA: 0.35299822754058413
BEST_F1_MI: 0.940284934828736 BEST_F1_MA: 0.5537526737051961 BEST_ACC_MI: 0.940284934828736 BEST_F1_MA: 0.5848181066556428
[[3000   27   43   15]
 [   3    3   16   53]
 [   0    2   12   90]
 [   1    0    4   30]]
Epoch: [12/200], cls_loss: 0.4555, transfer_loss: 0.0481,person_loss: -1.9410, total_Loss: 0.2855
trian begin
trian end
n_person 578
SAMPLE
F1_MI: 0.015459230069718095 F1_MA: 0.12819687798164972 ACC_MI: 0.015459230069718097 F1_MA: 0.09075766948795096
BEST_F1_MI: 0.940284934828736 BEST_F1_MA: 0.5537526737051961 BEST_ACC_MI: 0.940284934828736 BEST_F1_MA: 0.5848181066556428
[[   0 3022   59    4]
 [   0    6   45   24]
 [   0   19   26   59]
 [   0    3   13   19]]
Epoch: [13/200], cls_loss: 0.4470, transfer_loss: 0.0521,person_loss: -1.9352, total_Loss: 0.2795
trian begin
trian end
n_person 578
SAMPLE
F1_MI: 0.034555926038193394 F1_MA: 0.4164098049199187 ACC_MI: 0.034555926038193394 F1_MA: 0.5461151125266325
BEST_F1_MI: 0.940284934828736 BEST_F1_MA: 0.5537526737051961 BEST_ACC_MI: 0.940284934828736 BEST_F1_MA: 0.5848181066556428
[[   1 3075    8    1]
 [   0   34   41    0]
 [   0   29   72    3]
 [   0   15   13    7]]
Epoch: [14/200], cls_loss: 0.4313, transfer_loss: 0.0456,person_loss: -1.9443, total_Loss: 0.2597
trian begin
trian end
n_person 578
SAMPLE
F1_MI: 0.9399818126705062 F1_MA: 0.4178415581973765 ACC_MI: 0.9399818126705062 F1_MA: 0.44168661491449307
BEST_F1_MI: 0.940284934828736 BEST_F1_MA: 0.5537526737051961 BEST_ACC_MI: 0.940284934828736 BEST_F1_MA: 0.5848181066556428
[[3064   19    2    0]
 [  42   28    0    5]
 [  40   47    2   15]
 [   7   18    3    7]]
Epoch: [15/200], cls_loss: 0.4078, transfer_loss: 0.0442,person_loss: -1.9417, total_Loss: 0.2357
trian begin
trian end
n_person 578
SAMPLE
F1_MI: 0.012731130645650195 F1_MA: 0.13883768195059337 ACC_MI: 0.012731130645650197 F1_MA: 0.09795333782204305
BEST_F1_MI: 0.940284934828736 BEST_F1_MA: 0.5537526737051961 BEST_ACC_MI: 0.940284934828736 BEST_F1_MA: 0.5848181066556428
[[   0 2762   10  313]
 [   0    5    5   65]
 [   0    7    9   88]
 [   0    4    3   28]]
Epoch: [16/200], cls_loss: 0.4226, transfer_loss: 0.0503,person_loss: -1.9386, total_Loss: 0.2539
trian begin
trian end
n_person 578
SAMPLE
F1_MI: 0.8936041224613519 F1_MA: 0.4978846839033694 ACC_MI: 0.8936041224613519 F1_MA: 0.4882661530394866
BEST_F1_MI: 0.940284934828736 BEST_F1_MA: 0.5537526737051961 BEST_ACC_MI: 0.940284934828736 BEST_F1_MA: 0.5848181066556428
[[2859  129   96    1]
 [   9   16   50    0]
 [   7   28   63    6]
 [   1   11   13   10]]
Epoch: [17/200], cls_loss: 0.3989, transfer_loss: 0.0509,person_loss: -1.9445, total_Loss: 0.2299
trian begin
trian end
n_person 578
SAMPLE
F1_MI: 0.024856016974840862 F1_MA: 0.20132922679567297 ACC_MI: 0.024856016974840862 F1_MA: 0.15481123805678215
BEST_F1_MI: 0.940284934828736 BEST_F1_MA: 0.5537526737051961 BEST_ACC_MI: 0.940284934828736 BEST_F1_MA: 0.5848181066556428
[[   0 3050   34    1]
 [   0   16   39   20]
 [   0   23   50   31]
 [   0   10    9   16]]
Epoch: [18/200], cls_loss: 0.3507, transfer_loss: 0.0440,person_loss: -1.9464, total_Loss: 0.1780
trian begin
trian end
n_person 578
SAMPLE
F1_MI: 0.9405880569869658 F1_MA: 0.5249088078359468 ACC_MI: 0.9405880569869658 F1_MA: 0.5114108028175658
BEST_F1_MI: 0.9405880569869658 BEST_F1_MA: 0.5537526737051961 BEST_ACC_MI: 0.9405880569869658 BEST_F1_MA: 0.5848181066556428
[[3029   50    6    0]
 [   7   43    6   19]
 [   8   38   15   43]
 [   2   17    0   16]]
Epoch: [19/200], cls_loss: 0.3392, transfer_loss: 0.0459,person_loss: -1.9513, total_Loss: 0.1670
trian begin
trian end
n_person 578
SAMPLE
F1_MI: 0.7656865716883903 F1_MA: 0.42401527844513215 ACC_MI: 0.7656865716883904 F1_MA: 0.3819005820793857
BEST_F1_MI: 0.9405880569869658 BEST_F1_MA: 0.5537526737051961 BEST_ACC_MI: 0.9405880569869658 BEST_F1_MA: 0.5848181066556428
[[2442    3  631    9]
 [   0    1   52   22]
 [   0    0   67   37]
 [   0    0   19   16]]
Epoch: [20/200], cls_loss: 0.3270, transfer_loss: 0.0448,person_loss: -1.9472, total_Loss: 0.1547
trian begin
trian end
n_person 578
SAMPLE
F1_MI: 0.024552894816611093 F1_MA: 0.10216046285873395 ACC_MI: 0.024552894816611093 F1_MA: 0.06350627959645871
BEST_F1_MI: 0.9405880569869658 BEST_F1_MA: 0.5537526737051961 BEST_ACC_MI: 0.9405880569869658 BEST_F1_MA: 0.5848181066556428
[[   0    1 3082    2]
 [   0    0   68    7]
 [   0    0   67   37]
 [   0    0   21   14]]
Epoch: [21/200], cls_loss: 0.3215, transfer_loss: 0.0459,person_loss: -1.9467, total_Loss: 0.1497
trian begin
trian end
n_person 578
SAMPLE
F1_MI: 0.9384662018793574 F1_MA: 0.4384804970174277 ACC_MI: 0.9384662018793574 F1_MA: 0.5904249259512417
BEST_F1_MI: 0.9405880569869658 BEST_F1_MA: 0.5537526737051961 BEST_ACC_MI: 0.9405880569869658 BEST_F1_MA: 0.5904249259512417
[[3073    9    3    0]
 [  64    7    4    0]
 [  76   17    8    3]
 [  21    5    1    8]]
Epoch: [22/200], cls_loss: 0.3218, transfer_loss: 0.0450,person_loss: -1.9537, total_Loss: 0.1490
trian begin
trian end
n_person 578
SAMPLE
F1_MI: 0.8884510457714458 F1_MA: 0.5674081980258685 ACC_MI: 0.8884510457714458 F1_MA: 0.6008812073742541
BEST_F1_MI: 0.9405880569869658 BEST_F1_MA: 0.5674081980258685 BEST_ACC_MI: 0.9405880569869658 BEST_F1_MA: 0.6008812073742541
[[2843  240    2    0]
 [  12   62    1    0]
 [  16   61   18    9]
 [   4   21    2    8]]
Epoch: [23/200], cls_loss: 0.2958, transfer_loss: 0.0441,person_loss: -1.9535, total_Loss: 0.1225
trian begin
trian end
n_person 578
SAMPLE
F1_MI: 0.019702940284934828 F1_MA: 0.18314796461431027 ACC_MI: 0.019702940284934828 F1_MA: 0.1399353698124166
BEST_F1_MI: 0.9405880569869658 BEST_F1_MA: 0.5674081980258685 BEST_ACC_MI: 0.9405880569869658 BEST_F1_MA: 0.6008812073742541
[[   0 3051   29    5]
 [   0   15   15   45]
 [   2   21   30   51]
 [   1   11    3   20]]
Epoch: [24/200], cls_loss: 0.3068, transfer_loss: 0.0468,person_loss: -1.9509, total_Loss: 0.1351
trian begin
trian end
n_person 578
SAMPLE
F1_MI: 0.8338890572900879 F1_MA: 0.4031474444093379 ACC_MI: 0.8338890572900879 F1_MA: 0.3492627498965552
BEST_F1_MI: 0.9405880569869658 BEST_F1_MA: 0.5674081980258685 BEST_ACC_MI: 0.9405880569869658 BEST_F1_MA: 0.6008812073742541
[[2705    3   18  359]
 [   2    0    7   66]
 [   0    0   15   89]
 [   0    0    4   31]]
Epoch: [25/200], cls_loss: 0.2906, transfer_loss: 0.0497,person_loss: -1.9535, total_Loss: 0.1201
trian begin
trian end
n_person 578
SAMPLE
F1_MI: 0.6617156714155805 F1_MA: 0.48838079667741346 ACC_MI: 0.6617156714155805 F1_MA: 0.46307187879891387
BEST_F1_MI: 0.9405880569869658 BEST_F1_MA: 0.5674081980258685 BEST_ACC_MI: 0.9405880569869658 BEST_F1_MA: 0.6008812073742541
[[2080  982   22    1]
 [   0   52   23    0]
 [   0   47   40   17]
 [   0   15    9   11]]
Epoch: [26/200], cls_loss: 0.2770, transfer_loss: 0.0533,person_loss: -1.9548, total_Loss: 0.1082
trian begin
trian end
n_person 578
SAMPLE
F1_MI: 0.025159139133070628 F1_MA: 0.14834130095166803 ACC_MI: 0.025159139133070628 F1_MA: 0.10259317688818773
BEST_F1_MI: 0.9405880569869658 BEST_F1_MA: 0.5674081980258685 BEST_ACC_MI: 0.9405880569869658 BEST_F1_MA: 0.6008812073742541
[[   0    5 3079    1]
 [   0    2   70    3]
 [   0   11   67   26]
 [   0   10   11   14]]
Epoch: [27/200], cls_loss: 0.2637, transfer_loss: 0.0479,person_loss: -1.9533, total_Loss: 0.0923
trian begin
trian end
n_person 578
SAMPLE
F1_MI: 0.9242194604425583 F1_MA: 0.45244098413910006 ACC_MI: 0.9242194604425583 F1_MA: 0.4490577531825738
BEST_F1_MI: 0.9405880569869658 BEST_F1_MA: 0.5674081980258685 BEST_ACC_MI: 0.9405880569869658 BEST_F1_MA: 0.6008812073742541
[[2998   86    1    0]
 [  26   36    5    8]
 [  29   51    3   21]
 [   7   16    0   12]]
Epoch: [28/200], cls_loss: 0.2602, transfer_loss: 0.0455,person_loss: -1.9550, total_Loss: 0.0875
trian begin
trian end
n_person 578
SAMPLE
F1_MI: 0.44164898454076995 F1_MA: 0.3596026709576613 ACC_MI: 0.44164898454076995 F1_MA: 0.3318878132956569
BEST_F1_MI: 0.9405880569869658 BEST_F1_MA: 0.5674081980258685 BEST_ACC_MI: 0.9405880569869658 BEST_F1_MA: 0.6008812073742541
[[1386  186 1503   10]
 [   0   31   31   13]
 [   0   34   23   47]
 [   0   13    5   17]]
Epoch: [29/200], cls_loss: 0.2534, transfer_loss: 0.0484,person_loss: -1.9559, total_Loss: 0.0821
trian begin
trian end
n_person 578
SAMPLE
F1_MI: 0.9111852076386785 F1_MA: 0.4295350082450506 ACC_MI: 0.9111852076386784 F1_MA: 0.3924182756052502
BEST_F1_MI: 0.9405880569869658 BEST_F1_MA: 0.5674081980258685 BEST_ACC_MI: 0.9405880569869658 BEST_F1_MA: 0.6008812073742541
[[2951  105   23    6]
 [   8   14   17   36]
 [   5   19   22   58]
 [   1    8    7   19]]
Epoch: [30/200], cls_loss: 0.2365, transfer_loss: 0.0539,person_loss: -1.9560, total_Loss: 0.0679
trian begin
trian end
n_person 578
SAMPLE
F1_MI: 0.02546226129130039 F1_MA: 0.15391039070673004 ACC_MI: 0.025462261291300393 F1_MA: 0.1060449241885809
BEST_F1_MI: 0.9405880569869658 BEST_F1_MA: 0.5674081980258685 BEST_ACC_MI: 0.9405880569869658 BEST_F1_MA: 0.6008812073742541
[[   0    7 3076    2]
 [   0    3   63    9]
 [   0    3   65   36]
 [   0    7   12   16]]
Epoch: [31/200], cls_loss: 0.2454, transfer_loss: 0.0503,person_loss: -1.9584, total_Loss: 0.0747
trian begin
trian end
n_person 578
SAMPLE
F1_MI: 0.894816611094271 F1_MA: 0.44158100803683326 ACC_MI: 0.894816611094271 F1_MA: 0.39078273676122177
BEST_F1_MI: 0.9405880569869658 BEST_F1_MA: 0.5674081980258685 BEST_ACC_MI: 0.9405880569869658 BEST_F1_MA: 0.6008812073742541
[[2863    0  222    0]
 [   2    0   69    4]
 [   9    1   76   18]
 [   1    0   21   13]]
Epoch: [32/200], cls_loss: 0.2307, transfer_loss: 0.0501,person_loss: -1.9570, total_Loss: 0.0600
trian begin
trian end
n_person 578
SAMPLE
F1_MI: 0.026371627765989693 F1_MA: 0.18998642134208427 ACC_MI: 0.026371627765989693 F1_MA: 0.1588663336048756
BEST_F1_MI: 0.9405880569869658 BEST_F1_MA: 0.5674081980258685 BEST_ACC_MI: 0.9405880569869658 BEST_F1_MA: 0.6008812073742541
[[   3    1 3081    0]
 [   0    1   72    2]
 [  11    0   76   17]
 [   1    5   22    7]]
Epoch: [33/200], cls_loss: 0.2119, transfer_loss: 0.0490,person_loss: -1.9605, total_Loss: 0.0404
trian begin
trian end
n_person 578
SAMPLE
F1_MI: 0.020915428917853897 F1_MA: 0.13875976119637087 ACC_MI: 0.020915428917853897 F1_MA: 0.0915324766561933
BEST_F1_MI: 0.9405880569869658 BEST_F1_MA: 0.5674081980258685 BEST_ACC_MI: 0.9405880569869658 BEST_F1_MA: 0.6008812073742541
[[   0 3000   70   15]
 [   1   28   19   27]
 [   4   23   21   56]
 [   0   13    2   20]]
Epoch: [34/200], cls_loss: 0.2190, transfer_loss: 0.0556,person_loss: -1.9581, total_Loss: 0.0510
trian begin
trian end
n_person 578
SAMPLE
F1_MI: 0.34161867232494697 F1_MA: 0.2934245859219988 ACC_MI: 0.34161867232494697 F1_MA: 0.28944922547332186
BEST_F1_MI: 0.9405880569869658 BEST_F1_MA: 0.5674081980258685 BEST_ACC_MI: 0.9405880569869658 BEST_F1_MA: 0.6008812073742541
[[1077    3 1987   18]
 [   0    0   45   30]
 [   0    7   31   66]
 [   0    4   12   19]]
Epoch: [35/200], cls_loss: 0.2135, transfer_loss: 0.0488,person_loss: -1.9607, total_Loss: 0.0419
trian begin
trian end
n_person 578
SAMPLE
F1_MI: 0.21279175507729614 F1_MA: 0.327907015612509 ACC_MI: 0.21279175507729614 F1_MA: 0.3936018583069272
BEST_F1_MI: 0.9405880569869658 BEST_F1_MA: 0.5674081980258685 BEST_ACC_MI: 0.9405880569869658 BEST_F1_MA: 0.6008812073742541
[[ 645   71   17 2352]
 [   0   12   13   50]
 [   1   27   28   48]
 [   0   17    1   17]]
Epoch: [36/200], cls_loss: 0.2039, transfer_loss: 0.0527,person_loss: -1.9629, total_Loss: 0.0340
trian begin
trian end
n_person 578
SAMPLE
F1_MI: 0.02849348287359806 F1_MA: 0.219538427326695 ACC_MI: 0.02849348287359806 F1_MA: 0.17902195322942105
BEST_F1_MI: 0.9405880569869658 BEST_F1_MA: 0.5674081980258685 BEST_ACC_MI: 0.9405880569869658 BEST_F1_MA: 0.6008812073742541
[[   0   14 3071    0]
 [   1    1   72    1]
 [   3   15   81    5]
 [   0   11   12   12]]
Epoch: [37/200], cls_loss: 0.1855, transfer_loss: 0.0518,person_loss: -1.9613, total_Loss: 0.0152
trian begin
trian end
n_person 578
SAMPLE
F1_MI: 0.9269475598666262 F1_MA: 0.4548325959276453 ACC_MI: 0.9269475598666262 F1_MA: 0.4248283323921955
BEST_F1_MI: 0.9405880569869658 BEST_F1_MA: 0.5674081980258685 BEST_ACC_MI: 0.9405880569869658 BEST_F1_MA: 0.6008812073742541
[[2991   72   18    4]
 [   6   16   37   16]
 [   4   28   36   36]
 [   0   13    7   15]]
Epoch: [38/200], cls_loss: 0.1603, transfer_loss: 0.0512,person_loss: -1.9617, total_Loss: -0.0103
trian begin
trian end
n_person 578
SAMPLE
F1_MI: 0.026371627765989693 F1_MA: 0.31150657240454804 ACC_MI: 0.026371627765989693 F1_MA: 0.3146905351347496
BEST_F1_MI: 0.9405880569869658 BEST_F1_MA: 0.5674081980258685 BEST_ACC_MI: 0.9405880569869658 BEST_F1_MA: 0.6008812073742541
[[   8 3062    5   10]
 [   2   35   27   11]
 [   3   42   26   33]
 [   1   13    3   18]]
Epoch: [39/200], cls_loss: 0.1815, transfer_loss: 0.0576,person_loss: -1.9584, total_Loss: 0.0144
trian begin
trian end
n_person 578
SAMPLE
F1_MI: 0.018490451652015762 F1_MA: 0.07232282932577518 ACC_MI: 0.018490451652015762 F1_MA: 0.04337104309931292
BEST_F1_MI: 0.9405880569869658 BEST_F1_MA: 0.5674081980258685 BEST_ACC_MI: 0.9405880569869658 BEST_F1_MA: 0.6008812073742541
[[   0  327 2725   33]
 [   0   10   47   18]
 [   0   33   38   33]
 [   0   15    7   13]]
Epoch: [40/200], cls_loss: 0.1659, transfer_loss: 0.0471,person_loss: -1.9615, total_Loss: -0.0067
trian begin
trian end
n_person 578
SAMPLE
F1_MI: 0.9366474689299787 F1_MA: 0.3891009046416177 ACC_MI: 0.9366474689299787 F1_MA: 0.38122362972903445
BEST_F1_MI: 0.9405880569869658 BEST_F1_MA: 0.5674081980258685 BEST_ACC_MI: 0.9405880569869658 BEST_F1_MA: 0.6008812073742541
[[3063   11    5    6]
 [  42    9    5   19]
 [  36   17    2   49]
 [  13    6    0   16]]
Epoch: [41/200], cls_loss: 0.1530, transfer_loss: 0.0500,person_loss: -1.9631, total_Loss: -0.0183
trian begin
trian end
n_person 578
SAMPLE
F1_MI: 0.9008790542588663 F1_MA: 0.4179569497732641 ACC_MI: 0.9008790542588663 F1_MA: 0.3682586282427013
BEST_F1_MI: 0.9405880569869658 BEST_F1_MA: 0.5674081980258685 BEST_ACC_MI: 0.9405880569869658 BEST_F1_MA: 0.6008812073742541
[[2884    0  198    3]
 [   0    0   68    7]
 [   7    4   80   13]
 [   0    5   22    8]]
Epoch: [42/200], cls_loss: 0.1550, transfer_loss: 0.0540,person_loss: -1.9633, total_Loss: -0.0144
trian begin
trian end
n_person 578
SAMPLE
F1_MI: 0.02364352834192179 F1_MA: 0.2075787742701845 ACC_MI: 0.023643528341921793 F1_MA: 0.16367109939026328
BEST_F1_MI: 0.9405880569869658 BEST_F1_MA: 0.5674081980258685 BEST_ACC_MI: 0.9405880569869658 BEST_F1_MA: 0.6008812073742541
[[   0 3044    6   35]
 [   0   27   28   20]
 [   0   44   36   24]
 [   0   16    4   15]]
Epoch: [43/200], cls_loss: 0.1437, transfer_loss: 0.0551,person_loss: -1.9634, total_Loss: -0.0251
trian begin
trian end
n_person 578
SAMPLE
F1_MI: 0.886935434980297 F1_MA: 0.4504720701287614 ACC_MI: 0.886935434980297 F1_MA: 0.4036648203959836
BEST_F1_MI: 0.9405880569869658 BEST_F1_MA: 0.5674081980258685 BEST_ACC_MI: 0.9405880569869658 BEST_F1_MA: 0.6008812073742541
[[2861  214    6    4]
 [   2   44    2   27]
 [   1   48    4   51]
 [   1   16    1   17]]
Epoch: [44/200], cls_loss: 0.1327, transfer_loss: 0.0594,person_loss: -1.9645, total_Loss: -0.0341
trian begin
trian end
n_person 578
SAMPLE
F1_MI: 0.1642922097605335 F1_MA: 0.283416090355887 ACC_MI: 0.1642922097605335 F1_MA: 0.3005555372897145
BEST_F1_MI: 0.9405880569869658 BEST_F1_MA: 0.5674081980258685 BEST_ACC_MI: 0.9405880569869658 BEST_F1_MA: 0.6008812073742541
[[ 472    3 2604    6]
 [   0    0   67    8]
 [   2    2   57   43]
 [   0    0   22   13]]
Epoch: [45/200], cls_loss: 0.1442, transfer_loss: 0.0575,person_loss: -1.9628, total_Loss: -0.0233
trian begin
trian end
n_person 578
SAMPLE
F1_MI: 0.9214913610184905 F1_MA: 0.4054585478764134 ACC_MI: 0.9214913610184905 F1_MA: 0.38607405706792075
BEST_F1_MI: 0.9405880569869658 BEST_F1_MA: 0.5674081980258685 BEST_ACC_MI: 0.9405880569869658 BEST_F1_MA: 0.6008812073742541
[[3001   53   14   17]
 [  10    5    9   51]
 [   8   16   16   64]
 [   2   11    4   18]]
Epoch: [46/200], cls_loss: 0.1427, transfer_loss: 0.0544,person_loss: -1.9650, total_Loss: -0.0265
trian begin
trian end
n_person 578
SAMPLE
F1_MI: 0.8517732646256442 F1_MA: 0.4364791921663365 ACC_MI: 0.8517732646256442 F1_MA: 0.40369645901182316
BEST_F1_MI: 0.9405880569869658 BEST_F1_MA: 0.5674081980258685 BEST_ACC_MI: 0.9405880569869658 BEST_F1_MA: 0.6008812073742541
[[2732   65  285    3]
 [  10   10   53    2]
 [  21   13   56   14]
 [   2   11   10   12]]
Epoch: [47/200], cls_loss: 0.1182, transfer_loss: 0.0536,person_loss: -1.9653, total_Loss: -0.0515
trian begin
trian end
n_person 578
SAMPLE
F1_MI: 0.9054258866323128 F1_MA: 0.34790092605212447 ACC_MI: 0.9054258866323128 F1_MA: 0.2955062323602348
BEST_F1_MI: 0.9405880569869658 BEST_F1_MA: 0.5674081980258685 BEST_ACC_MI: 0.9405880569869658 BEST_F1_MA: 0.6008812073742541
[[2956   90    7   32]
 [   5   10    2   58]
 [   3   15    0   86]
 [   0   13    1   21]]
Epoch: [48/200], cls_loss: 0.1194, transfer_loss: 0.0585,person_loss: -1.9675, total_Loss: -0.0481
trian begin
trian end
n_person 578
SAMPLE
F1_MI: 0.9160351621703546 F1_MA: 0.39293333482975207 ACC_MI: 0.9160351621703546 F1_MA: 0.3604565282131045
BEST_F1_MI: 0.9405880569869658 BEST_F1_MA: 0.5674081980258685 BEST_ACC_MI: 0.9405880569869658 BEST_F1_MA: 0.6008812073742541
[[2968   31   75   11]
 [   6    5   22   42]
 [   3   23   37   41]
 [   1   17    5   12]]
Epoch: [49/200], cls_loss: 0.1230, transfer_loss: 0.0557,person_loss: -1.9646, total_Loss: -0.0456
trian begin
trian end
n_person 578
SAMPLE
F1_MI: 0.75325856320097 F1_MA: 0.3860187685627269 ACC_MI: 0.75325856320097 F1_MA: 0.38556723504527207
BEST_F1_MI: 0.9405880569869658 BEST_F1_MA: 0.5674081980258685 BEST_ACC_MI: 0.9405880569869658 BEST_F1_MA: 0.6008812073742541
[[2437  633    8    7]
 [   2   18   18   37]
 [  11   33   18   42]
 [   1   21    1   12]]
Epoch: [50/200], cls_loss: 0.1033, transfer_loss: 0.0504,person_loss: -1.9649, total_Loss: -0.0680
trian begin
trian end
n_person 578
SAMPLE
F1_MI: 0.29645347074871176 F1_MA: 0.3122976451320013 ACC_MI: 0.29645347074871176 F1_MA: 0.30921594087022114
BEST_F1_MI: 0.9405880569869658 BEST_F1_MA: 0.5674081980258685 BEST_ACC_MI: 0.9405880569869658 BEST_F1_MA: 0.6008812073742541
[[ 891    1 2185    8]
 [   2    1   56   16]
 [   0    7   79   18]
 [   0    7   21    7]]
Epoch: [51/200], cls_loss: 0.1205, transfer_loss: 0.0496,person_loss: -1.9645, total_Loss: -0.0511
trian begin
trian end
n_person 578
SAMPLE
F1_MI: 0.9418005456198848 F1_MA: 0.4128138367371777 ACC_MI: 0.9418005456198848 F1_MA: 0.4119910936547778
BEST_F1_MI: 0.9418005456198848 BEST_F1_MA: 0.5674081980258685 BEST_ACC_MI: 0.9418005456198848 BEST_F1_MA: 0.6008812073742541
[[3052    4   27    2]
 [  30    1   43    1]
 [  29   10   47   18]
 [  12    9    7    7]]
Epoch: [52/200], cls_loss: 0.0961, transfer_loss: 0.0572,person_loss: -1.9652, total_Loss: -0.0719
trian begin
trian end
n_person 578
SAMPLE
F1_MI: 0.030615337981206425 F1_MA: 0.15228738882508955 ACC_MI: 0.030615337981206425 F1_MA: 0.1073820395738204
BEST_F1_MI: 0.9418005456198848 BEST_F1_MA: 0.5674081980258685 BEST_ACC_MI: 0.9418005456198848 BEST_F1_MA: 0.6008812073742541
[[   0    1 3083    1]
 [   0    0   75    0]
 [   2    0   97    5]
 [   0    1   30    4]]
Epoch: [53/200], cls_loss: 0.0812, transfer_loss: 0.0563,person_loss: -1.9677, total_Loss: -0.0874
trian begin
trian end
n_person 578
SAMPLE
F1_MI: 0.020612306759624128 F1_MA: 0.3363842905972873 ACC_MI: 0.020612306759624128 F1_MA: 0.37869735280022654
BEST_F1_MI: 0.9418005456198848 BEST_F1_MA: 0.5674081980258685 BEST_ACC_MI: 0.9418005456198848 BEST_F1_MA: 0.6008812073742541
[[   1 3075    5    4]
 [   0   40    6   29]
 [   0   38    5   61]
 [   0   13    0   22]]
Epoch: [54/200], cls_loss: 0.0962, transfer_loss: 0.0558,person_loss: -1.9684, total_Loss: -0.0728
trian begin
trian end
n_person 578
SAMPLE
F1_MI: 0.885722946347378 F1_MA: 0.44634166741213493 ACC_MI: 0.885722946347378 F1_MA: 0.40490117066070525
BEST_F1_MI: 0.9418005456198848 BEST_F1_MA: 0.5674081980258685 BEST_ACC_MI: 0.9418005456198848 BEST_F1_MA: 0.6008812073742541
[[2838    9  236    2]
 [   3    4   67    1]
 [   3   10   67   24]
 [   1   10   11   13]]
Epoch: [55/200], cls_loss: 0.0895, transfer_loss: 0.0478,person_loss: -1.9671, total_Loss: -0.0833
trian begin
trian end
n_person 578
SAMPLE
F1_MI: 0.021218551076083662 F1_MA: 0.17207833247311116 ACC_MI: 0.021218551076083662 F1_MA: 0.1212419093775026
BEST_F1_MI: 0.9418005456198848 BEST_F1_MA: 0.5674081980258685 BEST_ACC_MI: 0.9418005456198848 BEST_F1_MA: 0.6008812073742541
[[   0 3080    4    1]
 [   0   46   12   17]
 [   0   43    6   55]
 [   0   17    0   18]]
Epoch: [56/200], cls_loss: 0.0899, transfer_loss: 0.0542,person_loss: -1.9683, total_Loss: -0.0798
trian begin
trian end
n_person 578
SAMPLE
F1_MI: 0.9205819945438012 F1_MA: 0.4250663651884991 ACC_MI: 0.9205819945438012 F1_MA: 0.379572362510017
BEST_F1_MI: 0.9418005456198848 BEST_F1_MA: 0.5674081980258685 BEST_ACC_MI: 0.9418005456198848 BEST_F1_MA: 0.6008812073742541
[[2964    9  110    2]
 [   3    1   68    3]
 [   0    9   58   37]
 [   0   10   11   14]]
Epoch: [57/200], cls_loss: 0.1017, transfer_loss: 0.0644,person_loss: -1.9694, total_Loss: -0.0631
trian begin
trian end
n_person 578
SAMPLE
F1_MI: 0.012731130645650195 F1_MA: 0.11385115813003213 ACC_MI: 0.012731130645650197 F1_MA: 0.07702614399667453
BEST_F1_MI: 0.9418005456198848 BEST_F1_MA: 0.5674081980258685 BEST_ACC_MI: 0.9418005456198848 BEST_F1_MA: 0.6008812073742541
[[   0 3029    6   50]
 [   0   19    2   54]
 [   0   21    2   81]
 [   0   14    0   21]]
Epoch: [58/200], cls_loss: 0.0854, transfer_loss: 0.0521,person_loss: -1.9707, total_Loss: -0.0857
trian begin
trian end
n_person 578
SAMPLE
F1_MI: 0.9020915428917854 F1_MA: 0.42446625685824824 ACC_MI: 0.9020915428917854 F1_MA: 0.37326663922045644
BEST_F1_MI: 0.9418005456198848 BEST_F1_MA: 0.5674081980258685 BEST_ACC_MI: 0.9418005456198848 BEST_F1_MA: 0.6008812073742541
[[2897   14  171    3]
 [   2    1   68    4]
 [   0    4   64   36]
 [   0    1   20   14]]
Epoch: [59/200], cls_loss: 0.0784, transfer_loss: 0.0532,person_loss: -1.9702, total_Loss: -0.0920
trian begin
trian end
n_person 578
SAMPLE
F1_MI: 0.9269475598666262 F1_MA: 0.4028969657942006 ACC_MI: 0.9269475598666262 F1_MA: 0.36411387195648737
BEST_F1_MI: 0.9418005456198848 BEST_F1_MA: 0.5674081980258685 BEST_ACC_MI: 0.9418005456198848 BEST_F1_MA: 0.6008812073742541
[[3004   18   57    6]
 [   8    2   49   16]
 [   2    4   36   62]
 [   2   10    7   16]]
Epoch: [60/200], cls_loss: 0.0800, transfer_loss: 0.0607,person_loss: -1.9685, total_Loss: -0.0865
trian begin
trian end
n_person 578
SAMPLE
F1_MI: 0.9430130342528039 F1_MA: 0.39085217688321144 ACC_MI: 0.9430130342528039 F1_MA: 0.40063239229905895
BEST_F1_MI: 0.9430130342528039 BEST_F1_MA: 0.5674081980258685 BEST_ACC_MI: 0.9430130342528039 BEST_F1_MA: 0.6008812073742541
[[3072    1    8    4]
 [  35    1   35    4]
 [  40   10   30   24]
 [  12   10    5    8]]
Epoch: [61/200], cls_loss: 0.0715, transfer_loss: 0.0519,person_loss: -1.9705, total_Loss: -0.0996
trian begin
trian end
n_person 578
SAMPLE
F1_MI: 0.941497423461655 F1_MA: 0.43445976074246007 ACC_MI: 0.941497423461655 F1_MA: 0.41136787793856205
BEST_F1_MI: 0.9430130342528039 BEST_F1_MA: 0.5674081980258685 BEST_ACC_MI: 0.9430130342528039 BEST_F1_MA: 0.6008812073742541
[[3048   15   20    2]
 [  12    3   47   13]
 [  18    6   40   40]
 [   4   10    6   15]]
Epoch: [62/200], cls_loss: 0.0887, transfer_loss: 0.0550,person_loss: -1.9692, total_Loss: -0.0807
trian begin
trian end
n_person 578
SAMPLE
F1_MI: 0.027887238557138528 F1_MA: 0.1503279108966355 ACC_MI: 0.027887238557138528 F1_MA: 0.10288704900532822
BEST_F1_MI: 0.9430130342528039 BEST_F1_MA: 0.5674081980258685 BEST_ACC_MI: 0.9430130342528039 BEST_F1_MA: 0.6008812073742541
[[   0    3 3080    2]
 [   0    1   73    1]
 [   0    2   79   23]
 [   0    8   15   12]]
Epoch: [63/200], cls_loss: 0.1039, transfer_loss: 0.0624,person_loss: -1.9717, total_Loss: -0.0620
trian begin
trian end
n_person 578
SAMPLE
F1_MI: 0.015459230069718095 F1_MA: 0.11969219501121288 ACC_MI: 0.015459230069718097 F1_MA: 0.07956773586956008
BEST_F1_MI: 0.9430130342528039 BEST_F1_MA: 0.5674081980258685 BEST_ACC_MI: 0.9430130342528039 BEST_F1_MA: 0.6008812073742541
[[   0 3078    4    3]
 [   0   31    1   43]
 [   0   34    1   69]
 [   0   16    0   19]]
Epoch: [64/200], cls_loss: 0.0839, transfer_loss: 0.0505,person_loss: -1.9716, total_Loss: -0.0880
trian begin
trian end
n_person 578
SAMPLE
F1_MI: 0.04546832373446499 F1_MA: 0.2795507476924712 ACC_MI: 0.04546832373446499 F1_MA: 0.3430357998990643
BEST_F1_MI: 0.9430130342528039 BEST_F1_MA: 0.5674081980258685 BEST_ACC_MI: 0.9430130342528039 BEST_F1_MA: 0.6008812073742541
[[  72   11 2997    5]
 [   1    5   68    1]
 [   0   24   65   15]
 [   0   16   11    8]]
Epoch: [65/200], cls_loss: 0.0755, transfer_loss: 0.0504,person_loss: -1.9719, total_Loss: -0.0964
trian begin
trian end
n_person 578
SAMPLE
F1_MI: 0.941497423461655 F1_MA: 0.3623564650956448 ACC_MI: 0.941497423461655 F1_MA: 0.37976606544917324
BEST_F1_MI: 0.9430130342528039 BEST_F1_MA: 0.5674081980258685 BEST_ACC_MI: 0.9430130342528039 BEST_F1_MA: 0.6008812073742541
[[3066    0   17    2]
 [  56    2   16    1]
 [  51   14   38    1]
 [  17   10    8    0]]
Epoch: [66/200], cls_loss: 0.0545, transfer_loss: 0.0505,person_loss: -1.9732, total_Loss: -0.1175
trian begin
trian end
n_person 578
SAMPLE
F1_MI: 0.9020915428917854 F1_MA: 0.3763710589814961 ACC_MI: 0.9020915428917854 F1_MA: 0.34405294395954034
BEST_F1_MI: 0.9430130342528039 BEST_F1_MA: 0.5674081980258685 BEST_ACC_MI: 0.9430130342528039 BEST_F1_MA: 0.6008812073742541
[[2945   46    8   86]
 [   1    8    4   62]
 [   1   12    3   88]
 [   0   15    0   20]]
Epoch: [67/200], cls_loss: 0.0771, transfer_loss: 0.0523,person_loss: -1.9735, total_Loss: -0.0941
trian begin
trian end
n_person 578
SAMPLE
F1_MI: 0.3470748711730828 F1_MA: 0.3643843676197787 ACC_MI: 0.3470748711730828 F1_MA: 0.3726461073286252
BEST_F1_MI: 0.9430130342528039 BEST_F1_MA: 0.5674081980258685 BEST_ACC_MI: 0.9430130342528039 BEST_F1_MA: 0.6008812073742541
[[1060   31 1992    2]
 [   0    5   69    1]
 [   0   19   67   18]
 [   0   10   12   13]]
Epoch: [68/200], cls_loss: 0.0683, transfer_loss: 0.0579,person_loss: -1.9753, total_Loss: -0.1003
trian begin
trian end
n_person 578
SAMPLE
F1_MI: 0.012428008487420431 F1_MA: 0.0977311668180698 ACC_MI: 0.012428008487420431 F1_MA: 0.06156331396513725
BEST_F1_MI: 0.9430130342528039 BEST_F1_MA: 0.5674081980258685 BEST_ACC_MI: 0.9430130342528039 BEST_F1_MA: 0.6008812073742541
[[   0    2 2566  517]
 [   0    1   21   53]
 [   0    2   11   91]
 [   0    0    6   29]]
Epoch: [69/200], cls_loss: 0.0790, transfer_loss: 0.0530,person_loss: -1.9747, total_Loss: -0.0920
trian begin
trian end
n_person 578
SAMPLE
F1_MI: 0.8881479236132162 F1_MA: 0.3984538007765648 ACC_MI: 0.8881479236132162 F1_MA: 0.35460159554017684
BEST_F1_MI: 0.9430130342528039 BEST_F1_MA: 0.5674081980258685 BEST_ACC_MI: 0.9430130342528039 BEST_F1_MA: 0.6008812073742541
[[2887  150   18   30]
 [   3    9   12   51]
 [   0   13   11   80]
 [   0    8    4   23]]
Epoch: [70/200], cls_loss: 0.0552, transfer_loss: 0.0533,person_loss: -1.9759, total_Loss: -0.1157
trian begin
trian end
n_person 578
SAMPLE
F1_MI: 0.9130039405880569 F1_MA: 0.48211234442127027 ACC_MI: 0.913003940588057 F1_MA: 0.45087506057198395
BEST_F1_MI: 0.9430130342528039 BEST_F1_MA: 0.5674081980258685 BEST_ACC_MI: 0.9430130342528039 BEST_F1_MA: 0.6008812073742541
[[2925   45  113    2]
 [   2   11   62    0]
 [   0   26   63   15]
 [   0   13    9   13]]
Epoch: [71/200], cls_loss: 0.0595, transfer_loss: 0.0550,person_loss: -1.9757, total_Loss: -0.1106
trian begin
trian end
n_person 578
SAMPLE
F1_MI: 0.7923613216126099 F1_MA: 0.4070500017687624 ACC_MI: 0.7923613216126099 F1_MA: 0.3695939564826176
BEST_F1_MI: 0.9430130342528039 BEST_F1_MA: 0.5674081980258685 BEST_ACC_MI: 0.9430130342528039 BEST_F1_MA: 0.6008812073742541
[[2557  505   18    5]
 [   1   15   35   24]
 [   1   19   22   62]
 [   0    9    6   20]]
Epoch: [72/200], cls_loss: 0.0533, transfer_loss: 0.0519,person_loss: -1.9770, total_Loss: -0.1185
trian begin
trian end
n_person 578
SAMPLE
F1_MI: 0.9445286450439527 F1_MA: 0.4586999167600107 ACC_MI: 0.9445286450439527 F1_MA: 0.4406447955618099
BEST_F1_MI: 0.9445286450439527 BEST_F1_MA: 0.5674081980258685 BEST_ACC_MI: 0.9445286450439527 BEST_F1_MA: 0.6008812073742541
[[3051   12   17    5]
 [  20    4   49    2]
 [  16    8   46   34]
 [   4   12    4   15]]
Epoch: [73/200], cls_loss: 0.0755, transfer_loss: 0.0513,person_loss: -1.9792, total_Loss: -0.0968
[[2843  240    2    0]
 [  12   62    1    0]
 [  16   61   18    9]
 [   4   21    2    8]]
[[3051   12   17    5]
 [  20    4   49    2]
 [  16    8   46   34]
 [   4   12    4   15]]
ARG: Namespace(backbone='resnet50', batch_size=32, config='DAN/DAN.yaml', data_dir='data', device=device(type='cuda'), early_stop=50, epoch_based_training=False, lr=0.003, lr_decay=0.75, lr_gamma=0.0003, lr_scheduler=True, max_iter=18000, method='True', momentum=0.9, myweight=0.1, n_class=4, n_epoch=200, n_iter_per_epoch=90, num_workers=3, seed=1, src_domain='77G', tgt_domain='own', tname='transfer', transfer_loss='mmd', transfer_loss_weight=0.5, use_bottleneck=True, weight_decay=0.0005)
