coral 1 77G own DeepCoral/DeepCoral.yaml False
Namespace(backbone='resnet50', batch_size=32, config='DeepCoral/DeepCoral.yaml', data_dir='data', device=device(type='cuda'), early_stop=50, epoch_based_training=False, lr=0.003, lr_decay=0.75, lr_gamma=0.0003, lr_scheduler=True, method='False', momentum=0.9, myweight=0.1, n_epoch=200, n_iter_per_epoch=100, num_workers=3, seed=1, src_domain='77G', tgt_domain='own', tname='transfer', transfer_loss='coral', transfer_loss_weight=10.0, use_bottleneck=True, weight_decay=0.0005)
JUST DO IT
run my Parkinson code
transfer
TRAIN Length: 2905 290 TEST Length: 3299 578
YYY: 0 3
DATA_PROFILE   train: 2905 train2: 3299 test: 3299
DATASET.SHAPE: <data_loader.GetTrainLoader object at 0x7fe32d4269a0> True
DATASET.SHAPE: <data_loader.GetTrainLoader object at 0x7fe3250f9f70> True
DATASET.SHAPE: <data_loader.GetTestLoader object at 0x7fe32509e700> False
CLASS: 4 578
LLL: {}
BOTTLENECK_LIST: [Linear(in_features=512, out_features=256, bias=True), ReLU()]
TYPE: {'loss_type': 'coral', 'max_iter': 18000, 'num_class': 4, 'my_person_item': <my_person_item.PersonItem object at 0x7fe32509e850>}
initial_lr 1.0
transfer_world
method False <class 'str'>
1.8.1+cu111
True
LEN: 0 0
LOADER: <data_loader.InfiniteDataLoader object at 0x7fe3250f9130> <data_loader.InfiniteDataLoader object at 0x7fe32509e880>
N_batch: 90
trian begin
trian end
n_person 578
SAMPLE
F1_MI: 0.030615337981206425 F1_MA: 0.24738481449547658 ACC_MI: 0.030615337981206425 F1_MA: 0.19813512454837362
BEST_F1_MI: 0.030615337981206425 BEST_F1_MA: 0.24738481449547658 BEST_ACC_MI: 0.030615337981206425 BEST_F1_MA: 0.19813512454837362
[[   0 3066   17    2]
 [   0   42   26    7]
 [   0   40   49   15]
 [   0   16    9   10]]
Epoch: [ 1/200], cls_loss: 0.9281, transfer_loss: 0.0017,person_loss: 0.0000, total_Loss: 0.9454
trian begin
trian end
n_person 578
SAMPLE
F1_MI: 0.016671718702637162 F1_MA: 0.06383062447750908 ACC_MI: 0.016671718702637162 F1_MA: 0.03678210101932147
BEST_F1_MI: 0.030615337981206425 BEST_F1_MA: 0.24738481449547658 BEST_ACC_MI: 0.030615337981206425 BEST_F1_MA: 0.19813512454837362
[[   0    1 3045   39]
 [   0    0   41   34]
 [   0    0   32   72]
 [   0    0   12   23]]
Epoch: [ 2/200], cls_loss: 0.6977, transfer_loss: 0.0013,person_loss: 0.0000, total_Loss: 0.7108
trian begin
trian end
n_person 578
SAMPLE
F1_MI: 0.02758411639890876 F1_MA: 0.1060495644263595 ACC_MI: 0.02758411639890876 F1_MA: 0.06593077961480373
BEST_F1_MI: 0.030615337981206425 BEST_F1_MA: 0.24738481449547658 BEST_ACC_MI: 0.030615337981206425 BEST_F1_MA: 0.19813512454837362
[[   0    0 3081    4]
 [   0    0   68    7]
 [   0    0   80   24]
 [   0    0   24   11]]
Epoch: [ 3/200], cls_loss: 0.6383, transfer_loss: 0.0008,person_loss: 0.0000, total_Loss: 0.6460
trian begin
trian end
n_person 578
SAMPLE
F1_MI: 0.1479236132161261 F1_MA: 0.278658960368167 ACC_MI: 0.1479236132161261 F1_MA: 0.2711313521623083
BEST_F1_MI: 0.1479236132161261 BEST_F1_MA: 0.278658960368167 BEST_ACC_MI: 0.1479236132161261 BEST_F1_MA: 0.2711313521623083
[[ 451 1884  525  225]
 [   0    0    3   72]
 [   0    1    3  100]
 [   0    0    1   34]]
Epoch: [ 4/200], cls_loss: 0.6213, transfer_loss: 0.0007,person_loss: 0.0000, total_Loss: 0.6285
trian begin
trian end
n_person 578
SAMPLE
F1_MI: 0.1606547438617763 F1_MA: 0.33978667390815026 ACC_MI: 0.1606547438617763 F1_MA: 0.3666417485756392
BEST_F1_MI: 0.1606547438617763 BEST_F1_MA: 0.33978667390815026 BEST_ACC_MI: 0.1606547438617763 BEST_F1_MA: 0.3666417485756392
[[ 465 2566   18   36]
 [   0   30   11   34]
 [   0   32   15   57]
 [   0   12    3   20]]
Epoch: [ 5/200], cls_loss: 0.6215, transfer_loss: 0.0007,person_loss: 0.0000, total_Loss: 0.6282
trian begin
trian end
n_person 578
SAMPLE
F1_MI: 0.023037284025462266 F1_MA: 0.11121503650954802 ACC_MI: 0.023037284025462262 F1_MA: 0.07191472708714088
BEST_F1_MI: 0.1606547438617763 BEST_F1_MA: 0.33978667390815026 BEST_ACC_MI: 0.1606547438617763 BEST_F1_MA: 0.3666417485756392
[[   0    8 3074    3]
 [   0    1   61   13]
 [   0    5   62   37]
 [   0    0   22   13]]
Epoch: [ 6/200], cls_loss: 0.5623, transfer_loss: 0.0008,person_loss: 0.0000, total_Loss: 0.5699
trian begin
trian end
n_person 578
SAMPLE
F1_MI: 0.030009093664746894 F1_MA: 0.34970248911341273 ACC_MI: 0.030009093664746894 F1_MA: 0.46871641289744737
BEST_F1_MI: 0.1606547438617763 BEST_F1_MA: 0.34970248911341273 BEST_ACC_MI: 0.1606547438617763 BEST_F1_MA: 0.46871641289744737
[[  19 3066    0    0]
 [   1   66    8    0]
 [   0   89    9    6]
 [   0   27    3    5]]
Epoch: [ 7/200], cls_loss: 0.5128, transfer_loss: 0.0006,person_loss: 0.0000, total_Loss: 0.5186
trian begin
trian end
n_person 578
SAMPLE
F1_MI: 0.9033040315247045 F1_MA: 0.464588065111586 ACC_MI: 0.9033040315247045 F1_MA: 0.4243993542779681
BEST_F1_MI: 0.9033040315247045 BEST_F1_MA: 0.464588065111586 BEST_ACC_MI: 0.9033040315247045 BEST_F1_MA: 0.46871641289744737
[[2911  156   13    5]
 [   2   23   27   23]
 [   0   31   27   46]
 [   0   14    2   19]]
Epoch: [ 8/200], cls_loss: 0.5142, transfer_loss: 0.0006,person_loss: 0.0000, total_Loss: 0.5204
trian begin
trian end
n_person 578
SAMPLE
F1_MI: 0.8914822673537436 F1_MA: 0.3871857357977738 ACC_MI: 0.8914822673537436 F1_MA: 0.3450278241541796
BEST_F1_MI: 0.9033040315247045 BEST_F1_MA: 0.464588065111586 BEST_ACC_MI: 0.9033040315247045 BEST_F1_MA: 0.46871641289744737
[[2903  152   11   19]
 [   2   11    4   58]
 [   0   19    5   80]
 [   0    8    5   22]]
Epoch: [ 9/200], cls_loss: 0.5011, transfer_loss: 0.0005,person_loss: 0.0000, total_Loss: 0.5056
trian begin
trian end
n_person 578
SAMPLE
F1_MI: 0.9430130342528039 F1_MA: 0.5242808418316109 ACC_MI: 0.9430130342528039 F1_MA: 0.5791266086523329
BEST_F1_MI: 0.9430130342528039 BEST_F1_MA: 0.5242808418316109 BEST_ACC_MI: 0.9430130342528039 BEST_F1_MA: 0.5791266086523329
[[3058   23    1    3]
 [  21   30    0   24]
 [  11   40    7   46]
 [   2   17    0   16]]
Epoch: [10/200], cls_loss: 0.4918, transfer_loss: 0.0004,person_loss: 0.0000, total_Loss: 0.4959
trian begin
trian end
n_person 578
SAMPLE
F1_MI: 0.9411943013034253 F1_MA: 0.4846634059390687 ACC_MI: 0.9411943013034253 F1_MA: 0.4704120887296725
BEST_F1_MI: 0.9430130342528039 BEST_F1_MA: 0.5242808418316109 BEST_ACC_MI: 0.9430130342528039 BEST_F1_MA: 0.5791266086523329
[[3047   29    4    5]
 [  11   15   12   37]
 [   9   13   22   60]
 [   2    3    9   21]]
Epoch: [11/200], cls_loss: 0.4492, transfer_loss: 0.0004,person_loss: 0.0000, total_Loss: 0.4531
trian begin
trian end
n_person 578
SAMPLE
F1_MI: 0.255835101545923 F1_MA: 0.32459238943224616 ACC_MI: 0.255835101545923 F1_MA: 0.3574709976691646
BEST_F1_MI: 0.9430130342528039 BEST_F1_MA: 0.5242808418316109 BEST_ACC_MI: 0.9430130342528039 BEST_F1_MA: 0.5791266086523329
[[ 803 1801   10  471]
 [   0    1    2   72]
 [   0    0   12   92]
 [   0    0    7   28]]
Epoch: [12/200], cls_loss: 0.4458, transfer_loss: 0.0004,person_loss: 0.0000, total_Loss: 0.4494
trian begin
trian end
n_person 578
SAMPLE
F1_MI: 0.8954228554107305 F1_MA: 0.4211440365439364 ACC_MI: 0.8954228554107305 F1_MA: 0.37450527704485487
BEST_F1_MI: 0.9430130342528039 BEST_F1_MA: 0.5242808418316109 BEST_ACC_MI: 0.9430130342528039 BEST_F1_MA: 0.5791266086523329
[[2854   43  188    0]
 [   0    5   70    0]
 [   0    5   94    5]
 [   0    7   27    1]]
Epoch: [13/200], cls_loss: 0.4484, transfer_loss: 0.0004,person_loss: 0.0000, total_Loss: 0.4522
trian begin
trian end
n_person 578
SAMPLE
F1_MI: 0.8275234919672628 F1_MA: 0.459821264514817 ACC_MI: 0.8275234919672628 F1_MA: 0.4397037656122781
BEST_F1_MI: 0.9430130342528039 BEST_F1_MA: 0.5242808418316109 BEST_ACC_MI: 0.9430130342528039 BEST_F1_MA: 0.5791266086523329
[[2644  436    5    0]
 [   2   40   25    8]
 [   0   50   41   13]
 [   1   17   12    5]]
Epoch: [14/200], cls_loss: 0.4067, transfer_loss: 0.0004,person_loss: 0.0000, total_Loss: 0.4104
trian begin
trian end
n_person 578
SAMPLE
F1_MI: 0.9433161564110336 F1_MA: 0.527596357867649 ACC_MI: 0.9433161564110336 F1_MA: 0.6445295405723214
BEST_F1_MI: 0.9433161564110336 BEST_F1_MA: 0.527596357867649 BEST_ACC_MI: 0.9433161564110336 BEST_F1_MA: 0.6445295405723214
[[3064   21    0    0]
 [  46   28    0    1]
 [  30   54    8   12]
 [   6   16    1   12]]
Epoch: [15/200], cls_loss: 0.4140, transfer_loss: 0.0003,person_loss: 0.0000, total_Loss: 0.4175
trian begin
trian end
n_person 578
SAMPLE
F1_MI: 0.026371627765989693 F1_MA: 0.1061380701250908 ACC_MI: 0.026371627765989693 F1_MA: 0.06691147161240345
BEST_F1_MI: 0.9433161564110336 BEST_F1_MA: 0.527596357867649 BEST_ACC_MI: 0.9433161564110336 BEST_F1_MA: 0.6445295405723214
[[   0    2 3081    2]
 [   0    0   66    9]
 [   0    7   77   20]
 [   0    6   19   10]]
Epoch: [16/200], cls_loss: 0.4186, transfer_loss: 0.0003,person_loss: 0.0000, total_Loss: 0.4219
trian begin
trian end
n_person 578
SAMPLE
F1_MI: 0.021521673234313428 F1_MA: 0.17532628576275214 ACC_MI: 0.021521673234313428 F1_MA: 0.13789652613182024
BEST_F1_MI: 0.9433161564110336 BEST_F1_MA: 0.527596357867649 BEST_ACC_MI: 0.9433161564110336 BEST_F1_MA: 0.6445295405723214
[[   0 3044   32    9]
 [   0    9   43   23]
 [   0   30   49   25]
 [   0   11   11   13]]
Epoch: [17/200], cls_loss: 0.4173, transfer_loss: 0.0003,person_loss: 0.0000, total_Loss: 0.4207
trian begin
trian end
n_person 578
SAMPLE
F1_MI: 0.02212791755077296 F1_MA: 0.0865781087984829 ACC_MI: 0.022127917550772962 F1_MA: 0.05172138836772983
BEST_F1_MI: 0.9433161564110336 BEST_F1_MA: 0.527596357867649 BEST_ACC_MI: 0.9433161564110336 BEST_F1_MA: 0.6445295405723214
[[   0    1 3076    8]
 [   0    0   52   23]
 [   0    0   54   50]
 [   0    0   16   19]]
Epoch: [18/200], cls_loss: 0.3707, transfer_loss: 0.0003,person_loss: 0.0000, total_Loss: 0.3741
trian begin
trian end
n_person 578
SAMPLE
F1_MI: 0.7741739921188239 F1_MA: 0.4829724541299135 ACC_MI: 0.7741739921188239 F1_MA: 0.46305266139275186
BEST_F1_MI: 0.9433161564110336 BEST_F1_MA: 0.527596357867649 BEST_ACC_MI: 0.9433161564110336 BEST_F1_MA: 0.6445295405723214
[[2472  606    6    1]
 [   1   44    7   23]
 [   0   50   24   30]
 [   0   17    4   14]]
Epoch: [19/200], cls_loss: 0.3488, transfer_loss: 0.0003,person_loss: 0.0000, total_Loss: 0.3521
trian begin
trian end
n_person 578
SAMPLE
F1_MI: 0.7796301909669597 F1_MA: 0.4852761859653189 ACC_MI: 0.7796301909669597 F1_MA: 0.5438249698601432
BEST_F1_MI: 0.9433161564110336 BEST_F1_MA: 0.527596357867649 BEST_ACC_MI: 0.9433161564110336 BEST_F1_MA: 0.6445295405723214
[[2478  264  343    0]
 [   2    2   71    0]
 [   1   13   90    0]
 [   0    6   27    2]]
Epoch: [20/200], cls_loss: 0.3614, transfer_loss: 0.0003,person_loss: 0.0000, total_Loss: 0.3643
trian begin
trian end
n_person 578
SAMPLE
F1_MI: 0.02758411639890876 F1_MA: 0.13022038941497244 ACC_MI: 0.02758411639890876 F1_MA: 0.08397475369458128
BEST_F1_MI: 0.9433161564110336 BEST_F1_MA: 0.527596357867649 BEST_ACC_MI: 0.9433161564110336 BEST_F1_MA: 0.6445295405723214
[[   0    0 3083    2]
 [   0    0   69    6]
 [   0    3   76   25]
 [   0    0   20   15]]
Epoch: [21/200], cls_loss: 0.3491, transfer_loss: 0.0003,person_loss: 0.0000, total_Loss: 0.3521
trian begin
trian end
n_person 578
SAMPLE
F1_MI: 0.9411943013034253 F1_MA: 0.47765680575627506 ACC_MI: 0.9411943013034253 F1_MA: 0.6498038396645208
BEST_F1_MI: 0.9433161564110336 BEST_F1_MA: 0.527596357867649 BEST_ACC_MI: 0.9433161564110336 BEST_F1_MA: 0.6498038396645208
[[3076    8    1    0]
 [  68    7    0    0]
 [  53   36   11    4]
 [  16    6    2   11]]
Epoch: [22/200], cls_loss: 0.3455, transfer_loss: 0.0003,person_loss: 0.0000, total_Loss: 0.3481
trian begin
trian end
n_person 578
SAMPLE
F1_MI: 0.9060321309487724 F1_MA: 0.4503497803474215 ACC_MI: 0.9060321309487723 F1_MA: 0.3918801698904046
BEST_F1_MI: 0.9433161564110336 BEST_F1_MA: 0.527596357867649 BEST_ACC_MI: 0.9433161564110336 BEST_F1_MA: 0.6498038396645208
[[2896    0  189    0]
 [   2    0   69    4]
 [   0    2   78   24]
 [   1    0   19   15]]
Epoch: [23/200], cls_loss: 0.3089, transfer_loss: 0.0003,person_loss: 0.0000, total_Loss: 0.3116
trian begin
trian end
n_person 578
SAMPLE
F1_MI: 0.025159139133070628 F1_MA: 0.105776017357386 ACC_MI: 0.025159139133070628 F1_MA: 0.06573564730385562
BEST_F1_MI: 0.9433161564110336 BEST_F1_MA: 0.527596357867649 BEST_ACC_MI: 0.9433161564110336 BEST_F1_MA: 0.6498038396645208
[[   0    0 3083    2]
 [   0    0   66    9]
 [   0    0   68   36]
 [   0    0   20   15]]
Epoch: [24/200], cls_loss: 0.3169, transfer_loss: 0.0003,person_loss: 0.0000, total_Loss: 0.3201
trian begin
trian end
n_person 578
SAMPLE
F1_MI: 0.03031221582297666 F1_MA: 0.2181409592344551 ACC_MI: 0.03031221582297666 F1_MA: 0.18581670007844506
BEST_F1_MI: 0.9433161564110336 BEST_F1_MA: 0.527596357867649 BEST_ACC_MI: 0.9433161564110336 BEST_F1_MA: 0.6498038396645208
[[   0    2 3083    0]
 [   0    0   75    0]
 [   0    7   95    2]
 [   0    5   25    5]]
Epoch: [25/200], cls_loss: 0.3163, transfer_loss: 0.0002,person_loss: 0.0000, total_Loss: 0.3186
trian begin
trian end
n_person 578
SAMPLE
F1_MI: 0.9427099120945741 F1_MA: 0.4540709683366534 ACC_MI: 0.9427099120945741 F1_MA: 0.545129280474108
BEST_F1_MI: 0.9433161564110336 BEST_F1_MA: 0.527596357867649 BEST_ACC_MI: 0.9433161564110336 BEST_F1_MA: 0.6498038396645208
[[3082    2    1    0]
 [  66    1    2    6]
 [  56   18   12   18]
 [  15    5    0   15]]
Epoch: [26/200], cls_loss: 0.3090, transfer_loss: 0.0003,person_loss: 0.0000, total_Loss: 0.3117
trian begin
trian end
n_person 578
SAMPLE
F1_MI: 0.9487723552591695 F1_MA: 0.5377591831427574 ACC_MI: 0.9487723552591695 F1_MA: 0.592930078554946
BEST_F1_MI: 0.9487723552591695 BEST_F1_MA: 0.5377591831427574 BEST_ACC_MI: 0.9487723552591695 BEST_F1_MA: 0.6498038396645208
[[3066   16    3    0]
 [  42   20    7    6]
 [  27   32   29   16]
 [   7   13    0   15]]
Epoch: [27/200], cls_loss: 0.3073, transfer_loss: 0.0003,person_loss: 0.0000, total_Loss: 0.3106
trian begin
trian end
n_person 578
SAMPLE
F1_MI: 0.020309184601394362 F1_MA: 0.09572114458604676 ACC_MI: 0.020309184601394362 F1_MA: 0.05986094497607655
BEST_F1_MI: 0.9487723552591695 BEST_F1_MA: 0.5377591831427574 BEST_ACC_MI: 0.9487723552591695 BEST_F1_MA: 0.6498038396645208
[[   0    8 3060   17]
 [   0    2   50   23]
 [   0   16   49   39]
 [   0   10    9   16]]
Epoch: [28/200], cls_loss: 0.2858, transfer_loss: 0.0002,person_loss: 0.0000, total_Loss: 0.2882
trian begin
trian end
n_person 578
SAMPLE
F1_MI: 0.9387693240375872 F1_MA: 0.3784968366044318 ACC_MI: 0.9387693240375872 F1_MA: 0.38457906447273105
BEST_F1_MI: 0.9487723552591695 BEST_F1_MA: 0.5377591831427574 BEST_ACC_MI: 0.9487723552591695 BEST_F1_MA: 0.6498038396645208
[[3076    8    1    0]
 [  67    7    0    1]
 [  64   22    0   18]
 [  14    7    0   14]]
Epoch: [29/200], cls_loss: 0.2755, transfer_loss: 0.0002,person_loss: 0.0000, total_Loss: 0.2779
trian begin
trian end
n_person 578
SAMPLE
F1_MI: 0.026371627765989693 F1_MA: 0.2525409624023201 ACC_MI: 0.026371627765989693 F1_MA: 0.2940355805243446
BEST_F1_MI: 0.9487723552591695 BEST_F1_MA: 0.5377591831427574 BEST_ACC_MI: 0.9487723552591695 BEST_F1_MA: 0.6498038396645208
[[   0 2803  282    0]
 [   0    8   67    0]
 [   0   26   78    0]
 [   0   11   23    1]]
Epoch: [30/200], cls_loss: 0.2667, transfer_loss: 0.0003,person_loss: 0.0000, total_Loss: 0.2696
trian begin
trian end
n_person 578
SAMPLE
F1_MI: 0.028190360715368293 F1_MA: 0.19706981764471965 ACC_MI: 0.028190360715368293 F1_MA: 0.1564397424103036
BEST_F1_MI: 0.9487723552591695 BEST_F1_MA: 0.5377591831427574 BEST_ACC_MI: 0.9487723552591695 BEST_F1_MA: 0.6498038396645208
[[   0    3 3082    0]
 [   0    0   75    0]
 [   0   14   84    6]
 [   0    6   20    9]]
Epoch: [31/200], cls_loss: 0.2609, transfer_loss: 0.0003,person_loss: 0.0000, total_Loss: 0.2638
trian begin
trian end
n_person 578
SAMPLE
F1_MI: 0.013640497120339497 F1_MA: 0.08735318063608609 ACC_MI: 0.013640497120339497 F1_MA: 0.0543796992481203
BEST_F1_MI: 0.9487723552591695 BEST_F1_MA: 0.5377591831427574 BEST_ACC_MI: 0.9487723552591695 BEST_F1_MA: 0.6498038396645208
[[   0    3   51 3031]
 [   0    0   18   57]
 [   0    3   21   80]
 [   0    1   10   24]]
Epoch: [32/200], cls_loss: 0.2925, transfer_loss: 0.0002,person_loss: 0.0000, total_Loss: 0.2947
trian begin
trian end
n_person 578
SAMPLE
F1_MI: 0.932403758714762 F1_MA: 0.4127262511547168 ACC_MI: 0.932403758714762 F1_MA: 0.39616192261946803
BEST_F1_MI: 0.9487723552591695 BEST_F1_MA: 0.5377591831427574 BEST_ACC_MI: 0.9487723552591695 BEST_F1_MA: 0.6498038396645208
[[3026    8   38   13]
 [   8    4   19   44]
 [   9    5   33   57]
 [   1    6   15   13]]
Epoch: [33/200], cls_loss: 0.2410, transfer_loss: 0.0002,person_loss: 0.0000, total_Loss: 0.2433
trian begin
trian end
n_person 578
SAMPLE
F1_MI: 0.018490451652015762 F1_MA: 0.08068655505662674 ACC_MI: 0.018490451652015762 F1_MA: 0.04883824076458637
BEST_F1_MI: 0.9487723552591695 BEST_F1_MA: 0.5377591831427574 BEST_ACC_MI: 0.9487723552591695 BEST_F1_MA: 0.6498038396645208
[[   0    4 3068   13]
 [   0    0   55   20]
 [   0   13   43   48]
 [   0    6   11   18]]
Epoch: [34/200], cls_loss: 0.2432, transfer_loss: 0.0002,person_loss: 0.0000, total_Loss: 0.2455
trian begin
trian end
n_person 578
SAMPLE
F1_MI: 0.9060321309487724 F1_MA: 0.43783036078287524 ACC_MI: 0.9060321309487723 F1_MA: 0.39489824682970676
BEST_F1_MI: 0.9487723552591695 BEST_F1_MA: 0.5377591831427574 BEST_ACC_MI: 0.9487723552591695 BEST_F1_MA: 0.6498038396645208
[[2916   99   30   40]
 [   2    9   35   29]
 [   0   13   49   42]
 [   0    9   11   15]]
Epoch: [35/200], cls_loss: 0.2474, transfer_loss: 0.0002,person_loss: 0.0000, total_Loss: 0.2498
trian begin
trian end
n_person 578
SAMPLE
F1_MI: 0.30069718096392845 F1_MA: 0.4533070188053726 ACC_MI: 0.30069718096392845 F1_MA: 0.5409803611023123
BEST_F1_MI: 0.9487723552591695 BEST_F1_MA: 0.5377591831427574 BEST_ACC_MI: 0.9487723552591695 BEST_F1_MA: 0.6498038396645208
[[ 895 2183    7    0]
 [   0   50   25    0]
 [   0   61   39    4]
 [   0   16   11    8]]
Epoch: [36/200], cls_loss: 0.2440, transfer_loss: 0.0002,person_loss: 0.0000, total_Loss: 0.2463
trian begin
trian end
n_person 578
SAMPLE
F1_MI: 0.015459230069718095 F1_MA: 0.06831344275168615 ACC_MI: 0.015459230069718097 F1_MA: 0.039795187732147914
BEST_F1_MI: 0.9487723552591695 BEST_F1_MA: 0.5377591831427574 BEST_ACC_MI: 0.9487723552591695 BEST_F1_MA: 0.6498038396645208
[[   0    2   93 2990]
 [   0    0   43   32]
 [   0    7   26   71]
 [   0    0   10   25]]
Epoch: [37/200], cls_loss: 0.2332, transfer_loss: 0.0003,person_loss: 0.0000, total_Loss: 0.2358
trian begin
trian end
n_person 578
SAMPLE
F1_MI: 0.03213094877235526 F1_MA: 0.17444534860942276 ACC_MI: 0.03213094877235526 F1_MA: 0.12184855205465484
BEST_F1_MI: 0.9487723552591695 BEST_F1_MA: 0.5377591831427574 BEST_ACC_MI: 0.9487723552591695 BEST_F1_MA: 0.6498038396645208
[[   0    2 3081    2]
 [   0    0   72    3]
 [   0    1   95    8]
 [   0    3   21   11]]
Epoch: [38/200], cls_loss: 0.2337, transfer_loss: 0.0002,person_loss: 0.0000, total_Loss: 0.2360
trian begin
trian end
n_person 578
SAMPLE
F1_MI: 0.025159139133070628 F1_MA: 0.10809790050714327 ACC_MI: 0.025159139133070628 F1_MA: 0.0678405572755418
BEST_F1_MI: 0.9487723552591695 BEST_F1_MA: 0.5377591831427574 BEST_ACC_MI: 0.9487723552591695 BEST_F1_MA: 0.6498038396645208
[[   0    4 3079    2]
 [   0    0   62   13]
 [   0    8   69   27]
 [   0    1   20   14]]
Epoch: [39/200], cls_loss: 0.2253, transfer_loss: 0.0002,person_loss: 0.0000, total_Loss: 0.2272
trian begin
trian end
n_person 578
SAMPLE
F1_MI: 0.014852985753258564 F1_MA: 0.1948392731519451 ACC_MI: 0.014852985753258564 F1_MA: 0.15145285087719298
BEST_F1_MI: 0.9487723552591695 BEST_F1_MA: 0.5377591831427574 BEST_ACC_MI: 0.9487723552591695 BEST_F1_MA: 0.6498038396645208
[[   0 3021    9   55]
 [   0    9    1   65]
 [   0    6    9   89]
 [   0    4    0   31]]
Epoch: [40/200], cls_loss: 0.2144, transfer_loss: 0.0002,person_loss: 0.0000, total_Loss: 0.2167
trian begin
trian end
n_person 578
SAMPLE
F1_MI: 0.9399818126705062 F1_MA: 0.5373153433300634 ACC_MI: 0.9399818126705062 F1_MA: 0.5131481461875803
BEST_F1_MI: 0.9487723552591695 BEST_F1_MA: 0.5377591831427574 BEST_ACC_MI: 0.9487723552591695 BEST_F1_MA: 0.6498038396645208
[[3007   57   21    0]
 [   4   30   38    3]
 [   2   34   50   18]
 [   1   13    7   14]]
Epoch: [41/200], cls_loss: 0.2044, transfer_loss: 0.0002,person_loss: 0.0000, total_Loss: 0.2064
trian begin
trian end
n_person 578
SAMPLE
F1_MI: 0.9427099120945741 F1_MA: 0.4599641522025755 ACC_MI: 0.9427099120945741 F1_MA: 0.47198036462742343
BEST_F1_MI: 0.9487723552591695 BEST_F1_MA: 0.5377591831427574 BEST_ACC_MI: 0.9487723552591695 BEST_F1_MA: 0.6498038396645208
[[3058   10   16    1]
 [  46    5   13   11]
 [  32   12   32   28]
 [   9    8    3   15]]
Epoch: [42/200], cls_loss: 0.2212, transfer_loss: 0.0002,person_loss: 0.0000, total_Loss: 0.2232
trian begin
trian end
n_person 578
SAMPLE
F1_MI: 0.9396786905122765 F1_MA: 0.4494396554494631 ACC_MI: 0.9396786905122765 F1_MA: 0.4347090959777771
BEST_F1_MI: 0.9487723552591695 BEST_F1_MA: 0.5377591831427574 BEST_ACC_MI: 0.9487723552591695 BEST_F1_MA: 0.6498038396645208
[[3047   24   13    1]
 [  20    6   19   30]
 [  17   18   29   40]
 [   6    6    5   18]]
Epoch: [43/200], cls_loss: 0.2066, transfer_loss: 0.0002,person_loss: 0.0000, total_Loss: 0.2089
trian begin
trian end
n_person 578
SAMPLE
F1_MI: 0.946650500151561 F1_MA: 0.4990806753851155 ACC_MI: 0.946650500151561 F1_MA: 0.6237174868425763
BEST_F1_MI: 0.9487723552591695 BEST_F1_MA: 0.5377591831427574 BEST_ACC_MI: 0.9487723552591695 BEST_F1_MA: 0.6498038396645208
[[3063   16    6    0]
 [  51   10   14    0]
 [  38   18   47    1]
 [  10    9   13    3]]
Epoch: [44/200], cls_loss: 0.2174, transfer_loss: 0.0002,person_loss: 0.0000, total_Loss: 0.2194
trian begin
trian end
n_person 578
SAMPLE
F1_MI: 0.9511973325250076 F1_MA: 0.5325425739949993 ACC_MI: 0.9511973325250076 F1_MA: 0.5481414196220786
BEST_F1_MI: 0.9511973325250076 BEST_F1_MA: 0.5377591831427574 BEST_ACC_MI: 0.9511973325250076 BEST_F1_MA: 0.6498038396645208
[[3055   25    5    0]
 [  18   20   34    3]
 [  18   23   52   11]
 [   2   12   10   11]]
Epoch: [45/200], cls_loss: 0.2295, transfer_loss: 0.0002,person_loss: 0.0000, total_Loss: 0.2310
trian begin
trian end
n_person 578
SAMPLE
F1_MI: 0.9496817217338588 F1_MA: 0.450657238962786 ACC_MI: 0.9496817217338588 F1_MA: 0.45615257183119656
BEST_F1_MI: 0.9511973325250076 BEST_F1_MA: 0.5377591831427574 BEST_ACC_MI: 0.9511973325250076 BEST_F1_MA: 0.6498038396645208
[[3062   11   11    1]
 [  22    3   45    5]
 [  27    5   63    9]
 [   8    3   19    5]]
Epoch: [46/200], cls_loss: 0.1868, transfer_loss: 0.0002,person_loss: 0.0000, total_Loss: 0.1885
trian begin
trian end
n_person 578
SAMPLE
F1_MI: 0.7535616853591998 F1_MA: 0.4733210999122217 ACC_MI: 0.7535616853591998 F1_MA: 0.45070453393444915
BEST_F1_MI: 0.9511973325250076 BEST_F1_MA: 0.5377591831427574 BEST_ACC_MI: 0.9511973325250076 BEST_F1_MA: 0.6498038396645208
[[2396  656   33    0]
 [   1   18   53    3]
 [   0   28   57   19]
 [   0   10   10   15]]
Epoch: [47/200], cls_loss: 0.1730, transfer_loss: 0.0002,person_loss: 0.0000, total_Loss: 0.1750
trian begin
trian end
n_person 578
SAMPLE
F1_MI: 0.029099727190057594 F1_MA: 0.25521098195973113 ACC_MI: 0.029099727190057594 F1_MA: 0.27097946528413136
BEST_F1_MI: 0.9511973325250076 BEST_F1_MA: 0.5377591831427574 BEST_ACC_MI: 0.9511973325250076 BEST_F1_MA: 0.6498038396645208
[[   0    1 3084    0]
 [   0    1   74    0]
 [   0   11   93    0]
 [   0    5   28    2]]
Epoch: [48/200], cls_loss: 0.1801, transfer_loss: 0.0002,person_loss: 0.0000, total_Loss: 0.1822
trian begin
trian end
n_person 578
SAMPLE
F1_MI: 0.031524704455895725 F1_MA: 0.18462232609838136 ACC_MI: 0.031524704455895725 F1_MA: 0.13202719217842956
BEST_F1_MI: 0.9511973325250076 BEST_F1_MA: 0.5377591831427574 BEST_ACC_MI: 0.9511973325250076 BEST_F1_MA: 0.6498038396645208
[[   0    1 3084    0]
 [   0    0   75    0]
 [   0    0   92   12]
 [   0    1   22   12]]
Epoch: [49/200], cls_loss: 0.1864, transfer_loss: 0.0002,person_loss: 0.0000, total_Loss: 0.1888
trian begin
trian end
n_person 578
SAMPLE
F1_MI: 0.029705971506517128 F1_MA: 0.1594359734159263 ACC_MI: 0.029705971506517128 F1_MA: 0.10772028935012361
BEST_F1_MI: 0.9511973325250076 BEST_F1_MA: 0.5377591831427574 BEST_ACC_MI: 0.9511973325250076 BEST_F1_MA: 0.6498038396645208
[[   0    1 3084    0]
 [   0    0   71    4]
 [   0    3   83   18]
 [   0    0   20   15]]
Epoch: [50/200], cls_loss: 0.1751, transfer_loss: 0.0002,person_loss: 0.0000, total_Loss: 0.1774
trian begin
trian end
n_person 578
SAMPLE
F1_MI: 0.026068505607759928 F1_MA: 0.30222255027413536 ACC_MI: 0.026068505607759928 F1_MA: 0.3216972552910053
BEST_F1_MI: 0.9511973325250076 BEST_F1_MA: 0.5377591831427574 BEST_ACC_MI: 0.9511973325250076 BEST_F1_MA: 0.6498038396645208
[[   1   16 3064    4]
 [   0    0   63   12]
 [   0    5   68   31]
 [   0    0   18   17]]
Epoch: [51/200], cls_loss: 0.1766, transfer_loss: 0.0002,person_loss: 0.0000, total_Loss: 0.1785
trian begin
trian end
n_person 578
SAMPLE
F1_MI: 0.8699605941194302 F1_MA: 0.47301111532580326 ACC_MI: 0.8699605941194302 F1_MA: 0.4313387347588854
BEST_F1_MI: 0.9511973325250076 BEST_F1_MA: 0.5377591831427574 BEST_ACC_MI: 0.9511973325250076 BEST_F1_MA: 0.6498038396645208
[[2798  264   16    7]
 [   2   21   11   41]
 [   1   19   29   55]
 [   0    9    4   22]]
Epoch: [52/200], cls_loss: 0.1593, transfer_loss: 0.0002,person_loss: 0.0000, total_Loss: 0.1609
trian begin
trian end
n_person 578
SAMPLE
F1_MI: 0.028190360715368293 F1_MA: 0.1326116251620408 ACC_MI: 0.028190360715368293 F1_MA: 0.08998267604198512
BEST_F1_MI: 0.9511973325250076 BEST_F1_MA: 0.5377591831427574 BEST_ACC_MI: 0.9511973325250076 BEST_F1_MA: 0.6498038396645208
[[   0    1 3084    0]
 [   0    0   74    1]
 [   0    6   87   11]
 [   0    3   26    6]]
Epoch: [53/200], cls_loss: 0.1491, transfer_loss: 0.0001,person_loss: 0.0000, total_Loss: 0.1506
trian begin
trian end
n_person 578
SAMPLE
F1_MI: 0.08729918157017277 F1_MA: 0.2714339524686239 ACC_MI: 0.08729918157017277 F1_MA: 0.29149025514145627
BEST_F1_MI: 0.9511973325250076 BEST_F1_MA: 0.5377591831427574 BEST_ACC_MI: 0.9511973325250076 BEST_F1_MA: 0.6498038396645208
[[ 236  175 2637   37]
 [   0    6   24   45]
 [   0   10   24   70]
 [   0    5    8   22]]
Epoch: [54/200], cls_loss: 0.1656, transfer_loss: 0.0001,person_loss: 0.0000, total_Loss: 0.1670
trian begin
trian end
n_person 578
SAMPLE
F1_MI: 0.6495907850863898 F1_MA: 0.40534559500285877 ACC_MI: 0.6495907850863898 F1_MA: 0.37646652864044167
BEST_F1_MI: 0.9511973325250076 BEST_F1_MA: 0.5377591831427574 BEST_ACC_MI: 0.9511973325250076 BEST_F1_MA: 0.6498038396645208
[[2041    1 1043    0]
 [   0    0   74    1]
 [   0    1   96    7]
 [   0    0   29    6]]
Epoch: [55/200], cls_loss: 0.1431, transfer_loss: 0.0002,person_loss: 0.0000, total_Loss: 0.1447
trian begin
trian end
n_person 578
SAMPLE
F1_MI: 0.03667778114580176 F1_MA: 0.35338363766015546 ACC_MI: 0.03667778114580176 F1_MA: 0.44678244353979885
BEST_F1_MI: 0.9511973325250076 BEST_F1_MA: 0.5377591831427574 BEST_ACC_MI: 0.9511973325250076 BEST_F1_MA: 0.6498038396645208
[[  48 3033    3    1]
 [   3   45    5   22]
 [   1   63   13   27]
 [   0   20    0   15]]
Epoch: [56/200], cls_loss: 0.1404, transfer_loss: 0.0001,person_loss: 0.0000, total_Loss: 0.1418
trian begin
trian end
n_person 578
SAMPLE
F1_MI: 0.019702940284934828 F1_MA: 0.31339923802583713 ACC_MI: 0.019702940284934828 F1_MA: 0.4078287695715482
BEST_F1_MI: 0.9511973325250076 BEST_F1_MA: 0.5377591831427574 BEST_ACC_MI: 0.9511973325250076 BEST_F1_MA: 0.6498038396645208
[[   4 3062    9   10]
 [   0   29    6   40]
 [   0   33   15   56]
 [   0   17    1   17]]
Epoch: [57/200], cls_loss: 0.1704, transfer_loss: 0.0002,person_loss: 0.0000, total_Loss: 0.1719
trian begin
trian end
n_person 578
SAMPLE
F1_MI: 0.9208851167020309 F1_MA: 0.47754557973549744 ACC_MI: 0.9208851167020309 F1_MA: 0.4509479004156525
BEST_F1_MI: 0.9511973325250076 BEST_F1_MA: 0.5377591831427574 BEST_ACC_MI: 0.9511973325250076 BEST_F1_MA: 0.6498038396645208
[[2962  106   15    2]
 [   5   30   29   11]
 [   1   44   34   25]
 [   1   18    4   12]]
Epoch: [58/200], cls_loss: 0.1391, transfer_loss: 0.0002,person_loss: 0.0000, total_Loss: 0.1406
trian begin
trian end
n_person 578
SAMPLE
F1_MI: 0.028190360715368293 F1_MA: 0.12804373129088711 ACC_MI: 0.028190360715368293 F1_MA: 0.08216762154636968
BEST_F1_MI: 0.9511973325250076 BEST_F1_MA: 0.5377591831427574 BEST_ACC_MI: 0.9511973325250076 BEST_F1_MA: 0.6498038396645208
[[   0    1 3082    2]
 [   0    0   69    6]
 [   0    1   79   24]
 [   0    3   18   14]]
Epoch: [59/200], cls_loss: 0.1462, transfer_loss: 0.0002,person_loss: 0.0000, total_Loss: 0.1480
trian begin
trian end
n_person 578
SAMPLE
F1_MI: 0.02576538344953016 F1_MA: 0.29331893560055156 ACC_MI: 0.02576538344953016 F1_MA: 0.3291227066254184
BEST_F1_MI: 0.9511973325250076 BEST_F1_MA: 0.5377591831427574 BEST_ACC_MI: 0.9511973325250076 BEST_F1_MA: 0.6498038396645208
[[   1   21 3063    0]
 [   0    1   64   10]
 [   0    8   70   26]
 [   0    4   18   13]]
Epoch: [60/200], cls_loss: 0.1463, transfer_loss: 0.0002,person_loss: 0.0000, total_Loss: 0.1478
trian begin
trian end
n_person 578
SAMPLE
F1_MI: 0.03849651409518036 F1_MA: 0.27713546915681514 ACC_MI: 0.03849651409518036 F1_MA: 0.2995793426266651
BEST_F1_MI: 0.9511973325250076 BEST_F1_MA: 0.5377591831427574 BEST_ACC_MI: 0.9511973325250076 BEST_F1_MA: 0.6498038396645208
[[  60    8 2977   40]
 [   2    2   43   28]
 [   1    3   46   54]
 [   1    5   10   19]]
Epoch: [61/200], cls_loss: 0.1394, transfer_loss: 0.0001,person_loss: 0.0000, total_Loss: 0.1409
trian begin
trian end
n_person 578
SAMPLE
F1_MI: 0.8387390118217641 F1_MA: 0.5531168947755358 ACC_MI: 0.8387390118217641 F1_MA: 0.5528777916072998
BEST_F1_MI: 0.9511973325250076 BEST_F1_MA: 0.5531168947755358 BEST_ACC_MI: 0.9511973325250076 BEST_F1_MA: 0.6498038396645208
[[2677  406    2    0]
 [   5   68    2    0]
 [   1   77   10   16]
 [   1   21    1   12]]
Epoch: [62/200], cls_loss: 0.1378, transfer_loss: 0.0001,person_loss: 0.0000, total_Loss: 0.1391
trian begin
trian end
n_person 578
SAMPLE
F1_MI: 0.4419521066989997 F1_MA: 0.3566476665311916 ACC_MI: 0.4419521066989997 F1_MA: 0.33578952648475124
BEST_F1_MI: 0.9511973325250076 BEST_F1_MA: 0.5531168947755358 BEST_ACC_MI: 0.9511973325250076 BEST_F1_MA: 0.6498038396645208
[[1381  145 1558    1]
 [   0    8   58    9]
 [   0   17   53   34]
 [   0    8   11   16]]
Epoch: [63/200], cls_loss: 0.1503, transfer_loss: 0.0001,person_loss: 0.0000, total_Loss: 0.1518
trian begin
trian end
n_person 578
SAMPLE
F1_MI: 0.9242194604425583 F1_MA: 0.46168774574719224 ACC_MI: 0.9242194604425583 F1_MA: 0.431666352365505
BEST_F1_MI: 0.9511973325250076 BEST_F1_MA: 0.5531168947755358 BEST_ACC_MI: 0.9511973325250076 BEST_F1_MA: 0.6498038396645208
[[2984   84   14    3]
 [   6   24   28   17]
 [   3   43   25   33]
 [   2   13    4   16]]
Epoch: [64/200], cls_loss: 0.1377, transfer_loss: 0.0002,person_loss: 0.0000, total_Loss: 0.1395
trian begin
trian end
n_person 578
SAMPLE
F1_MI: 0.019399818126705062 F1_MA: 0.2660751732002693 ACC_MI: 0.019399818126705062 F1_MA: 0.3214460919034794
BEST_F1_MI: 0.9511973325250076 BEST_F1_MA: 0.5531168947755358 BEST_ACC_MI: 0.9511973325250076 BEST_F1_MA: 0.6498038396645208
[[   4    5 3057   19]
 [   0    2   53   20]
 [   0    4   41   59]
 [   0    5   13   17]]
Epoch: [65/200], cls_loss: 0.1135, transfer_loss: 0.0001,person_loss: 0.0000, total_Loss: 0.1149
trian begin
trian end
n_person 578
SAMPLE
F1_MI: 0.9424067899363443 F1_MA: 0.49525203790592764 ACC_MI: 0.9424067899363443 F1_MA: 0.4839482942800364
BEST_F1_MI: 0.9511973325250076 BEST_F1_MA: 0.5531168947755358 BEST_ACC_MI: 0.9511973325250076 BEST_F1_MA: 0.6498038396645208
[[3039   29   12    5]
 [  19   18   27   11]
 [  18   23   36   27]
 [   4   11    4   16]]
Epoch: [66/200], cls_loss: 0.0975, transfer_loss: 0.0001,person_loss: 0.0000, total_Loss: 0.0989
trian begin
trian end
n_person 578
SAMPLE
F1_MI: 0.030615337981206425 F1_MA: 0.19906543995468068 ACC_MI: 0.030615337981206425 F1_MA: 0.15723423697837344
BEST_F1_MI: 0.9511973325250076 BEST_F1_MA: 0.5531168947755358 BEST_ACC_MI: 0.9511973325250076 BEST_F1_MA: 0.6498038396645208
[[   0    1 3084    0]
 [   0    0   75    0]
 [   0    5   95    4]
 [   0    0   29    6]]
Epoch: [67/200], cls_loss: 0.1410, transfer_loss: 0.0001,person_loss: 0.0000, total_Loss: 0.1421
trian begin
trian end
n_person 578
SAMPLE
F1_MI: 0.8666262503789027 F1_MA: 0.5727587529284032 ACC_MI: 0.8666262503789027 F1_MA: 0.5582535455736009
BEST_F1_MI: 0.9511973325250076 BEST_F1_MA: 0.5727587529284032 BEST_ACC_MI: 0.9511973325250076 BEST_F1_MA: 0.6498038396645208
[[2765  317    3    0]
 [   1   72    0    2]
 [   0   75    7   22]
 [   0   20    0   15]]
Epoch: [68/200], cls_loss: 0.1302, transfer_loss: 0.0001,person_loss: 0.0000, total_Loss: 0.1313
trian begin
trian end
n_person 578
SAMPLE
F1_MI: 0.028796605031827828 F1_MA: 0.22863210579430765 ACC_MI: 0.028796605031827828 F1_MA: 0.20730612687063776
BEST_F1_MI: 0.9511973325250076 BEST_F1_MA: 0.5727587529284032 BEST_ACC_MI: 0.9511973325250076 BEST_F1_MA: 0.6498038396645208
[[   0   11 3074    0]
 [   0    3   72    0]
 [   0   15   87    2]
 [   0    5   25    5]]
Epoch: [69/200], cls_loss: 0.1295, transfer_loss: 0.0002,person_loss: 0.0000, total_Loss: 0.1312
trian begin
trian end
n_person 578
SAMPLE
F1_MI: 0.8087299181570172 F1_MA: 0.41532848569911857 ACC_MI: 0.8087299181570172 F1_MA: 0.37619784174309107
BEST_F1_MI: 0.9511973325250076 BEST_F1_MA: 0.5727587529284032 BEST_ACC_MI: 0.9511973325250076 BEST_F1_MA: 0.6498038396645208
[[2577   47  460    1]
 [   1    3   68    3]
 [   0   13   81   10]
 [   0    6   22    7]]
Epoch: [70/200], cls_loss: 0.1191, transfer_loss: 0.0001,person_loss: 0.0000, total_Loss: 0.1205
trian begin
trian end
n_person 578
SAMPLE
F1_MI: 0.9478629887844802 F1_MA: 0.5158201280984278 ACC_MI: 0.9478629887844802 F1_MA: 0.5199996394315325
BEST_F1_MI: 0.9511973325250076 BEST_F1_MA: 0.5727587529284032 BEST_ACC_MI: 0.9511973325250076 BEST_F1_MA: 0.6498038396645208
[[3039   14   32    0]
 [   9    7   59    0]
 [  10   14   71    9]
 [   1    9   15   10]]
Epoch: [71/200], cls_loss: 0.0915, transfer_loss: 0.0001,person_loss: 0.0000, total_Loss: 0.0927
trian begin
trian end
n_person 578
SAMPLE
F1_MI: 0.707790239466505 F1_MA: 0.34812530184332063 ACC_MI: 0.707790239466505 F1_MA: 0.29420146150585813
BEST_F1_MI: 0.9511973325250076 BEST_F1_MA: 0.5727587529284032 BEST_ACC_MI: 0.9511973325250076 BEST_F1_MA: 0.6498038396645208
[[2277   36  547  225]
 [   0    3   34   38]
 [   1    5   34   64]
 [   0    4   10   21]]
Epoch: [72/200], cls_loss: 0.1214, transfer_loss: 0.0001,person_loss: 0.0000, total_Loss: 0.1225
trian begin
trian end
n_person 578
SAMPLE
F1_MI: 0.9202788723855714 F1_MA: 0.4944834124384205 ACC_MI: 0.9202788723855714 F1_MA: 0.46350891666569155
BEST_F1_MI: 0.9511973325250076 BEST_F1_MA: 0.5727587529284032 BEST_ACC_MI: 0.9511973325250076 BEST_F1_MA: 0.6498038396645208
[[2956  117   12    0]
 [   3   29   25   18]
 [   4   38   36   26]
 [   0   14    6   15]]
Epoch: [73/200], cls_loss: 0.1169, transfer_loss: 0.0001,person_loss: 0.0000, total_Loss: 0.1180
trian begin
trian end
n_person 578
SAMPLE
F1_MI: 0.9378599575628979 F1_MA: 0.48327944468018424 ACC_MI: 0.9378599575628979 F1_MA: 0.6036529871892383
BEST_F1_MI: 0.9511973325250076 BEST_F1_MA: 0.5727587529284032 BEST_ACC_MI: 0.9511973325250076 BEST_F1_MA: 0.6498038396645208
[[3061   22    2    0]
 [  60   15    0    0]
 [  59   29    5   11]
 [  13    9    0   13]]
Epoch: [74/200], cls_loss: 0.0751, transfer_loss: 0.0001,person_loss: 0.0000, total_Loss: 0.0763
trian begin
trian end
n_person 578
SAMPLE
F1_MI: 0.8790542588663232 F1_MA: 0.46882765965306794 ACC_MI: 0.8790542588663232 F1_MA: 0.45350049352989974
BEST_F1_MI: 0.9511973325250076 BEST_F1_MA: 0.5727587529284032 BEST_ACC_MI: 0.9511973325250076 BEST_F1_MA: 0.6498038396645208
[[2811   26  248    0]
 [   2    6   67    0]
 [   1   21   75    7]
 [   0    8   19    8]]
Epoch: [75/200], cls_loss: 0.0955, transfer_loss: 0.0001,person_loss: 0.0000, total_Loss: 0.0965
trian begin
trian end
n_person 578
SAMPLE
F1_MI: 0.02758411639890876 F1_MA: 0.18765201361839653 ACC_MI: 0.02758411639890876 F1_MA: 0.13607228427045412
BEST_F1_MI: 0.9511973325250076 BEST_F1_MA: 0.5727587529284032 BEST_ACC_MI: 0.9511973325250076 BEST_F1_MA: 0.6498038396645208
[[   0  687 2398    0]
 [   0   49   25    1]
 [   0   62   34    8]
 [   0   20    7    8]]
Epoch: [76/200], cls_loss: 0.0742, transfer_loss: 0.0001,person_loss: 0.0000, total_Loss: 0.0752
trian begin
trian end
n_person 578
SAMPLE
F1_MI: 0.9433161564110336 F1_MA: 0.47115142822546824 ACC_MI: 0.9433161564110336 F1_MA: 0.4484507634354492
BEST_F1_MI: 0.9511973325250076 BEST_F1_MA: 0.5727587529284032 BEST_ACC_MI: 0.9511973325250076 BEST_F1_MA: 0.6498038396645208
[[3022   15   47    1]
 [   7    2   63    3]
 [   7    7   81    9]
 [   1    6   21    7]]
Epoch: [77/200], cls_loss: 0.0811, transfer_loss: 0.0001,person_loss: 0.0000, total_Loss: 0.0821
trian begin
trian end
n_person 578
SAMPLE
F1_MI: 0.875416792967566 F1_MA: 0.4448650716888381 ACC_MI: 0.8754167929675659 F1_MA: 0.3950440470727697
BEST_F1_MI: 0.9511973325250076 BEST_F1_MA: 0.5727587529284032 BEST_ACC_MI: 0.9511973325250076 BEST_F1_MA: 0.6498038396645208
[[2803   33  247    2]
 [   0    7   60    8]
 [   0   18   63   23]
 [   0   11    9   15]]
Epoch: [78/200], cls_loss: 0.1065, transfer_loss: 0.0001,person_loss: 0.0000, total_Loss: 0.1074
trian begin
trian end
n_person 578
SAMPLE
F1_MI: 0.026371627765989693 F1_MA: 0.13532889224651268 ACC_MI: 0.026371627765989693 F1_MA: 0.0925310860006619
BEST_F1_MI: 0.9511973325250076 BEST_F1_MA: 0.5727587529284032 BEST_ACC_MI: 0.9511973325250076 BEST_F1_MA: 0.6498038396645208
[[   0    5 3080    0]
 [   0    0   73    2]
 [   0   11   78   15]
 [   0    3   23    9]]
Epoch: [79/200], cls_loss: 0.0912, transfer_loss: 0.0001,person_loss: 0.0000, total_Loss: 0.0923
trian begin
trian end
n_person 578
SAMPLE
F1_MI: 0.7523491967262805 F1_MA: 0.4739938626417571 ACC_MI: 0.7523491967262806 F1_MA: 0.4601439101439101
BEST_F1_MI: 0.9511973325250076 BEST_F1_MA: 0.5727587529284032 BEST_ACC_MI: 0.9511973325250076 BEST_F1_MA: 0.6498038396645208
[[2379   42  664    0]
 [   0    1   74    0]
 [   0    8   92    4]
 [   0    4   21   10]]
Epoch: [80/200], cls_loss: 0.0934, transfer_loss: 0.0001,person_loss: 0.0000, total_Loss: 0.0943
trian begin
trian end
n_person 578
SAMPLE
F1_MI: 0.8099424067899363 F1_MA: 0.4298248728497296 ACC_MI: 0.8099424067899363 F1_MA: 0.388809451548611
BEST_F1_MI: 0.9511973325250076 BEST_F1_MA: 0.5727587529284032 BEST_ACC_MI: 0.9511973325250076 BEST_F1_MA: 0.6498038396645208
[[2603  433   47    2]
 [   0   30   29   16]
 [   0   57   23   24]
 [   0   15    4   16]]
Epoch: [81/200], cls_loss: 0.0856, transfer_loss: 0.0001,person_loss: 0.0000, total_Loss: 0.0865
trian begin
trian end
n_person 578
SAMPLE
F1_MI: 0.5277356774780236 F1_MA: 0.40253931851276525 ACC_MI: 0.5277356774780236 F1_MA: 0.3730286414397044
BEST_F1_MI: 0.9511973325250076 BEST_F1_MA: 0.5727587529284032 BEST_ACC_MI: 0.9511973325250076 BEST_F1_MA: 0.6498038396645208
[[1655  148 1280    2]
 [   0   22   50    3]
 [   0   32   48   24]
 [   0   14    5   16]]
Epoch: [82/200], cls_loss: 0.1105, transfer_loss: 0.0001,person_loss: 0.0000, total_Loss: 0.1113
trian begin
trian end
n_person 578
SAMPLE
F1_MI: 0.019702940284934828 F1_MA: 0.2864920739407155 ACC_MI: 0.019702940284934828 F1_MA: 0.31616480864268476
BEST_F1_MI: 0.9511973325250076 BEST_F1_MA: 0.5727587529284032 BEST_ACC_MI: 0.9511973325250076 BEST_F1_MA: 0.6498038396645208
[[   2 3076    2    5]
 [   2   32    4   37]
 [   0   39   14   51]
 [   1   17    0   17]]
Epoch: [83/200], cls_loss: 0.0827, transfer_loss: 0.0001,person_loss: 0.0000, total_Loss: 0.0835
trian begin
trian end
n_person 578
SAMPLE
F1_MI: 0.8693543498029705 F1_MA: 0.4169448316765182 ACC_MI: 0.8693543498029705 F1_MA: 0.3598566466591791
BEST_F1_MI: 0.9511973325250076 BEST_F1_MA: 0.5727587529284032 BEST_ACC_MI: 0.9511973325250076 BEST_F1_MA: 0.6498038396645208
[[2801  147  132    5]
 [   0   29   24   22]
 [   1   40   21   42]
 [   0   14    4   17]]
Epoch: [84/200], cls_loss: 0.0891, transfer_loss: 0.0001,person_loss: 0.0000, total_Loss: 0.0902
trian begin
trian end
n_person 578
SAMPLE
F1_MI: 0.798726886935435 F1_MA: 0.5159429998299087 ACC_MI: 0.798726886935435 F1_MA: 0.5161870240223634
BEST_F1_MI: 0.9511973325250076 BEST_F1_MA: 0.5727587529284032 BEST_ACC_MI: 0.9511973325250076 BEST_F1_MA: 0.6498038396645208
[[2532  520   32    1]
 [   1   32   42    0]
 [   2   34   64    4]
 [   0   17   11    7]]
Epoch: [85/200], cls_loss: 0.0568, transfer_loss: 0.0001,person_loss: 0.0000, total_Loss: 0.0577
trian begin
trian end
n_person 578
SAMPLE
F1_MI: 0.9217944831767202 F1_MA: 0.4842909076316942 ACC_MI: 0.9217944831767202 F1_MA: 0.4443304674552487
BEST_F1_MI: 0.9511973325250076 BEST_F1_MA: 0.5727587529284032 BEST_ACC_MI: 0.9511973325250076 BEST_F1_MA: 0.6498038396645208
[[2951   74   60    0]
 [   3    6   60    6]
 [   0   16   69   19]
 [   0   10   10   15]]
Epoch: [86/200], cls_loss: 0.0667, transfer_loss: 0.0001,person_loss: 0.0000, total_Loss: 0.0675
trian begin
trian end
n_person 578
SAMPLE
F1_MI: 0.9069414974234616 F1_MA: 0.5348636275297031 ACC_MI: 0.9069414974234616 F1_MA: 0.5176337439228937
BEST_F1_MI: 0.9511973325250076 BEST_F1_MA: 0.5727587529284032 BEST_ACC_MI: 0.9511973325250076 BEST_F1_MA: 0.6498038396645208
[[2908  167    7    3]
 [   5   48    3   19]
 [   5   49   21   29]
 [   1   19    0   15]]
Epoch: [87/200], cls_loss: 0.1172, transfer_loss: 0.0001,person_loss: 0.0000, total_Loss: 0.1180
trian begin
trian end
n_person 578
SAMPLE
F1_MI: 0.9275538041830858 F1_MA: 0.4912764049517916 ACC_MI: 0.9275538041830858 F1_MA: 0.4628886619056898
BEST_F1_MI: 0.9511973325250076 BEST_F1_MA: 0.5727587529284032 BEST_ACC_MI: 0.9511973325250076 BEST_F1_MA: 0.6498038396645208
[[2963   45   77    0]
 [   1    8   66    0]
 [   0   11   80   13]
 [   0   11   15    9]]
Epoch: [88/200], cls_loss: 0.0889, transfer_loss: 0.0001,person_loss: 0.0000, total_Loss: 0.0897
trian begin
trian end
n_person 578
SAMPLE
F1_MI: 0.019702940284934828 F1_MA: 0.282411187240362 ACC_MI: 0.019702940284934828 F1_MA: 0.326998244688174
BEST_F1_MI: 0.9511973325250076 BEST_F1_MA: 0.5727587529284032 BEST_ACC_MI: 0.9511973325250076 BEST_F1_MA: 0.6498038396645208
[[   1   47 3032    5]
 [   0   10   39   26]
 [   0   12   36   56]
 [   0   11    6   18]]
Epoch: [89/200], cls_loss: 0.0647, transfer_loss: 0.0001,person_loss: 0.0000, total_Loss: 0.0655
trian begin
trian end
n_person 578
SAMPLE
F1_MI: 0.016368596544407397 F1_MA: 0.31869981078856296 ACC_MI: 0.016368596544407397 F1_MA: 0.3804201998891008
BEST_F1_MI: 0.9511973325250076 BEST_F1_MA: 0.5727587529284032 BEST_ACC_MI: 0.9511973325250076 BEST_F1_MA: 0.6498038396645208
[[   1 3003   12   69]
 [   0   10    5   60]
 [   0    3   14   87]
 [   0    2    4   29]]
Epoch: [90/200], cls_loss: 0.0519, transfer_loss: 0.0001,person_loss: 0.0000, total_Loss: 0.0527
trian begin
trian end
n_person 578
SAMPLE
F1_MI: 0.020309184601394362 F1_MA: 0.030890171426426735 ACC_MI: 0.020309184601394362 F1_MA: 0.016482741938575792
BEST_F1_MI: 0.9511973325250076 BEST_F1_MA: 0.5727587529284032 BEST_ACC_MI: 0.9511973325250076 BEST_F1_MA: 0.6498038396645208
[[   0  905  806 1374]
 [   0    4   53   18]
 [   0    2   46   56]
 [   0    2   16   17]]
Epoch: [91/200], cls_loss: 0.0870, transfer_loss: 0.0001,person_loss: 0.0000, total_Loss: 0.0877
trian begin
trian end
n_person 578
SAMPLE
F1_MI: 0.9281600484995454 F1_MA: 0.5302880832018525 ACC_MI: 0.9281600484995454 F1_MA: 0.5223123319561939
BEST_F1_MI: 0.9511973325250076 BEST_F1_MA: 0.5727587529284032 BEST_ACC_MI: 0.9511973325250076 BEST_F1_MA: 0.6498038396645208
[[2986   92    6    1]
 [   6   46    2   21]
 [   5   53   15   31]
 [   3   17    0   15]]
Epoch: [92/200], cls_loss: 0.0738, transfer_loss: 0.0001,person_loss: 0.0000, total_Loss: 0.0746
trian begin
trian end
n_person 578
SAMPLE
F1_MI: 0.9187632615944226 F1_MA: 0.41628363310355615 ACC_MI: 0.9187632615944226 F1_MA: 0.3644263538748833
BEST_F1_MI: 0.9511973325250076 BEST_F1_MA: 0.5727587529284032 BEST_ACC_MI: 0.9511973325250076 BEST_F1_MA: 0.6498038396645208
[[2969   14   61   41]
 [   3    1   31   40]
 [   1    3   41   59]
 [   2    2   11   20]]
Epoch: [93/200], cls_loss: 0.0632, transfer_loss: 0.0001,person_loss: 0.0000, total_Loss: 0.0639
trian begin
trian end
n_person 578
SAMPLE
F1_MI: 0.941497423461655 F1_MA: 0.5050240416126807 ACC_MI: 0.941497423461655 F1_MA: 0.5018402495131447
BEST_F1_MI: 0.9511973325250076 BEST_F1_MA: 0.5727587529284032 BEST_ACC_MI: 0.9511973325250076 BEST_F1_MA: 0.6498038396645208
[[3037   35    9    4]
 [  17   22   13   23]
 [  15   18   31   40]
 [   6   12    1   16]]
Epoch: [94/200], cls_loss: 0.0731, transfer_loss: 0.0001,person_loss: 0.0000, total_Loss: 0.0738
trian begin
trian end
n_person 578
SAMPLE
F1_MI: 0.9190663837526524 F1_MA: 0.5016890127336171 ACC_MI: 0.9190663837526524 F1_MA: 0.5034642053171782
BEST_F1_MI: 0.9511973325250076 BEST_F1_MA: 0.5727587529284032 BEST_ACC_MI: 0.9511973325250076 BEST_F1_MA: 0.6498038396645208
[[2946  125   14    0]
 [   2   28   45    0]
 [   0   45   52    7]
 [   0   17   12    6]]
Epoch: [95/200], cls_loss: 0.0589, transfer_loss: 0.0001,person_loss: 0.0000, total_Loss: 0.0594
trian begin
trian end
n_person 578
SAMPLE
F1_MI: 0.3767808426795999 F1_MA: 0.36926499981965666 ACC_MI: 0.3767808426795999 F1_MA: 0.34682925481964316
BEST_F1_MI: 0.9511973325250076 BEST_F1_MA: 0.5727587529284032 BEST_ACC_MI: 0.9511973325250076 BEST_F1_MA: 0.6498038396645208
[[1147    2 1936    0]
 [   0    0   68    7]
 [   0    2   81   21]
 [   0    0   20   15]]
Epoch: [96/200], cls_loss: 0.0412, transfer_loss: 0.0001,person_loss: 0.0000, total_Loss: 0.0419
trian begin
trian end
n_person 578
SAMPLE
F1_MI: 0.8387390118217641 F1_MA: 0.461806084164201 ACC_MI: 0.8387390118217641 F1_MA: 0.4140448349597985
BEST_F1_MI: 0.9511973325250076 BEST_F1_MA: 0.5727587529284032 BEST_ACC_MI: 0.9511973325250076 BEST_F1_MA: 0.6498038396645208
[[2671   24  390    0]
 [   1    4   65    5]
 [   0   12   77   15]
 [   0    6   14   15]]
Epoch: [97/200], cls_loss: 0.0645, transfer_loss: 0.0001,person_loss: 0.0000, total_Loss: 0.0651
trian begin
trian end
n_person 578
SAMPLE
F1_MI: 0.840254622612913 F1_MA: 0.46460146427310345 ACC_MI: 0.840254622612913 F1_MA: 0.41913295240909143
BEST_F1_MI: 0.9511973325250076 BEST_F1_MA: 0.5727587529284032 BEST_ACC_MI: 0.9511973325250076 BEST_F1_MA: 0.6498038396645208
[[2687  360   36    2]
 [   0   25   30   20]
 [   1   31   44   28]
 [   0   12    7   16]]
Epoch: [98/200], cls_loss: 0.0544, transfer_loss: 0.0000,person_loss: 0.0000, total_Loss: 0.0548
trian begin
trian end
n_person 578
SAMPLE
F1_MI: 0.8584419521066992 F1_MA: 0.5186198337981569 ACC_MI: 0.858441952106699 F1_MA: 0.49656308587992287
BEST_F1_MI: 0.9511973325250076 BEST_F1_MA: 0.5727587529284032 BEST_ACC_MI: 0.9511973325250076 BEST_F1_MA: 0.6498038396645208
[[2738  335   11    1]
 [   2   46   27    0]
 [   1   52   37   14]
 [   0   19    5   11]]
Epoch: [99/200], cls_loss: 0.0494, transfer_loss: 0.0001,person_loss: 0.0000, total_Loss: 0.0500
trian begin
trian end
n_person 578
SAMPLE
F1_MI: 0.02940284934828736 F1_MA: 0.2727561830062588 ACC_MI: 0.02940284934828736 F1_MA: 0.26807910973285526
BEST_F1_MI: 0.9511973325250076 BEST_F1_MA: 0.5727587529284032 BEST_ACC_MI: 0.9511973325250076 BEST_F1_MA: 0.6498038396645208
[[   1 2939  144    1]
 [   1   35   39    0]
 [   0   44   58    2]
 [   1   17   14    3]]
Epoch: [100/200], cls_loss: 0.0617, transfer_loss: 0.0001,person_loss: 0.0000, total_Loss: 0.0622
trian begin
trian end
n_person 578
SAMPLE
F1_MI: 0.021521673234313428 F1_MA: 0.11108103323737313 ACC_MI: 0.021521673234313428 F1_MA: 0.0707196334128129
BEST_F1_MI: 0.9511973325250076 BEST_F1_MA: 0.5727587529284032 BEST_ACC_MI: 0.9511973325250076 BEST_F1_MA: 0.6498038396645208
[[   0   23 3047   15]
 [   0    3   57   15]
 [   0   10   50   44]
 [   0    6   11   18]]
Epoch: [101/200], cls_loss: 0.0748, transfer_loss: 0.0001,person_loss: 0.0000, total_Loss: 0.0753
trian begin
trian end
n_person 578
SAMPLE
F1_MI: 0.020915428917853897 F1_MA: 0.22287608803106543 ACC_MI: 0.020915428917853897 F1_MA: 0.1766992696093998
BEST_F1_MI: 0.9511973325250076 BEST_F1_MA: 0.5727587529284032 BEST_ACC_MI: 0.9511973325250076 BEST_F1_MA: 0.6498038396645208
[[   0 3070    6    9]
 [   0   34    6   35]
 [   0   32   13   59]
 [   0   13    0   22]]
Epoch: [102/200], cls_loss: 0.0552, transfer_loss: 0.0001,person_loss: 0.0000, total_Loss: 0.0557
trian begin
trian end
n_person 578
SAMPLE
F1_MI: 0.016974840860866928 F1_MA: 0.17557654546202758 ACC_MI: 0.016974840860866928 F1_MA: 0.1332090855362132
BEST_F1_MI: 0.9511973325250076 BEST_F1_MA: 0.5727587529284032 BEST_ACC_MI: 0.9511973325250076 BEST_F1_MA: 0.6498038396645208
[[   0 3049   11   25]
 [   0   20   11   44]
 [   1   20   14   69]
 [   0   13    0   22]]
Epoch: [103/200], cls_loss: 0.0695, transfer_loss: 0.0001,person_loss: 0.0000, total_Loss: 0.0700
trian begin
trian end
n_person 578
SAMPLE
F1_MI: 0.024856016974840862 F1_MA: 0.2176800744267917 ACC_MI: 0.024856016974840862 F1_MA: 0.17850014952603238
BEST_F1_MI: 0.9511973325250076 BEST_F1_MA: 0.5727587529284032 BEST_ACC_MI: 0.9511973325250076 BEST_F1_MA: 0.6498038396645208
[[   0 3073    9    3]
 [   0   37   29    9]
 [   0   54   35   15]
 [   0   17    8   10]]
Epoch: [104/200], cls_loss: 0.0483, transfer_loss: 0.0000,person_loss: 0.0000, total_Loss: 0.0487
trian begin
trian end
n_person 578
SAMPLE
F1_MI: 0.9393755683540467 F1_MA: 0.45698315668980904 ACC_MI: 0.9393755683540467 F1_MA: 0.5707485325642974
BEST_F1_MI: 0.9511973325250076 BEST_F1_MA: 0.5727587529284032 BEST_ACC_MI: 0.9511973325250076 BEST_F1_MA: 0.6498038396645208
[[3063   16    6    0]
 [  59    9    7    0]
 [  60   20   19    5]
 [  15    9    3    8]]
Epoch: [105/200], cls_loss: 0.0489, transfer_loss: 0.0001,person_loss: 0.0000, total_Loss: 0.0494
trian begin
trian end
n_person 578
SAMPLE
F1_MI: 0.6541376174598363 F1_MA: 0.49174833827412573 ACC_MI: 0.6541376174598363 F1_MA: 0.5152780689511463
BEST_F1_MI: 0.9511973325250076 BEST_F1_MA: 0.5727587529284032 BEST_ACC_MI: 0.9511973325250076 BEST_F1_MA: 0.6498038396645208
[[2074 1008    2    1]
 [   4   62    2    7]
 [   7   65   13   19]
 [   4   22    0    9]]
Epoch: [106/200], cls_loss: 0.0558, transfer_loss: 0.0001,person_loss: 0.0000, total_Loss: 0.0563
trian begin
trian end
n_person 578
SAMPLE
F1_MI: 0.02576538344953016 F1_MA: 0.083652718882999 ACC_MI: 0.02576538344953016 F1_MA: 0.05035773366418528
BEST_F1_MI: 0.9511973325250076 BEST_F1_MA: 0.5727587529284032 BEST_ACC_MI: 0.9511973325250076 BEST_F1_MA: 0.6498038396645208
[[   0   22 2952  111]
 [   0    5   54   16]
 [   0    7   72   25]
 [   0    5   22    8]]
Epoch: [107/200], cls_loss: 0.0621, transfer_loss: 0.0000,person_loss: 0.0000, total_Loss: 0.0626
trian begin
trian end
n_person 578
SAMPLE
F1_MI: 0.8920885116702031 F1_MA: 0.50712218577464 ACC_MI: 0.8920885116702031 F1_MA: 0.48916622801620213
BEST_F1_MI: 0.9511973325250076 BEST_F1_MA: 0.5727587529284032 BEST_ACC_MI: 0.9511973325250076 BEST_F1_MA: 0.6498038396645208
[[2853  222    8    2]
 [   1   39   34    1]
 [   0   51   42   11]
 [   0   16   10    9]]
Epoch: [108/200], cls_loss: 0.0677, transfer_loss: 0.0000,person_loss: 0.0000, total_Loss: 0.0682
trian begin
trian end
n_person 578
SAMPLE
F1_MI: 0.9360412246135192 F1_MA: 0.47880118459920123 ACC_MI: 0.9360412246135192 F1_MA: 0.4488717552318066
BEST_F1_MI: 0.9511973325250076 BEST_F1_MA: 0.5727587529284032 BEST_ACC_MI: 0.9511973325250076 BEST_F1_MA: 0.6498038396645208
[[3003   41   39    2]
 [   6    4   64    1]
 [   7   10   68   19]
 [   0    5   17   13]]
Epoch: [109/200], cls_loss: 0.0471, transfer_loss: 0.0000,person_loss: 0.0000, total_Loss: 0.0475
trian begin
trian end
n_person 578
SAMPLE
F1_MI: 0.02940284934828736 F1_MA: 0.2094839743009272 ACC_MI: 0.02940284934828736 F1_MA: 0.16681181029079375
BEST_F1_MI: 0.9511973325250076 BEST_F1_MA: 0.5727587529284032 BEST_ACC_MI: 0.9511973325250076 BEST_F1_MA: 0.6498038396645208
[[   0    5 3080    0]
 [   0    1   74    0]
 [   1   10   86    7]
 [   2    3   20   10]]
Epoch: [110/200], cls_loss: 0.0629, transfer_loss: 0.0000,person_loss: 0.0000, total_Loss: 0.0634
trian begin
trian end
n_person 578
SAMPLE
F1_MI: 0.9390724461958169 F1_MA: 0.4959835532218314 ACC_MI: 0.9390724461958169 F1_MA: 0.4920524145742473
BEST_F1_MI: 0.9511973325250076 BEST_F1_MA: 0.5727587529284032 BEST_ACC_MI: 0.9511973325250076 BEST_F1_MA: 0.6498038396645208
[[3018   52   14    1]
 [  11   22   40    2]
 [   9   33   49   13]
 [   2   14   10    9]]
Epoch: [111/200], cls_loss: 0.0666, transfer_loss: 0.0001,person_loss: 0.0000, total_Loss: 0.0672
trian begin
trian end
n_person 578
SAMPLE
F1_MI: 0.8972415883601091 F1_MA: 0.44026555254649585 ACC_MI: 0.8972415883601091 F1_MA: 0.3928576969003662
BEST_F1_MI: 0.9511973325250076 BEST_F1_MA: 0.5727587529284032 BEST_ACC_MI: 0.9511973325250076 BEST_F1_MA: 0.6498038396645208
[[2877   64  141    3]
 [   1   12   48   14]
 [   0   23   59   22]
 [   0    8   15   12]]
Epoch: [112/200], cls_loss: 0.0460, transfer_loss: 0.0000,person_loss: 0.0000, total_Loss: 0.0464
trian begin
trian end
n_person 578
SAMPLE
F1_MI: 0.7644740830554714 F1_MA: 0.4030832158422154 ACC_MI: 0.7644740830554714 F1_MA: 0.36111967194097455
BEST_F1_MI: 0.9511973325250076 BEST_F1_MA: 0.5727587529284032 BEST_ACC_MI: 0.9511973325250076 BEST_F1_MA: 0.6498038396645208
[[2434  213  436    2]
 [   1    5   64    5]
 [   0   16   74   14]
 [   2    5   19    9]]
Epoch: [113/200], cls_loss: 0.0497, transfer_loss: 0.0000,person_loss: 0.0000, total_Loss: 0.0501
trian begin
trian end
n_person 578
SAMPLE
F1_MI: 0.8972415883601091 F1_MA: 0.4504280008766779 ACC_MI: 0.8972415883601091 F1_MA: 0.42562348507341496
BEST_F1_MI: 0.9511973325250076 BEST_F1_MA: 0.5727587529284032 BEST_ACC_MI: 0.9511973325250076 BEST_F1_MA: 0.6498038396645208
[[2895  182    7    1]
 [   1   38   17   19]
 [   5   55   16   28]
 [   4   19    1   11]]
Epoch: [114/200], cls_loss: 0.0659, transfer_loss: 0.0000,person_loss: 0.0000, total_Loss: 0.0664
trian begin
trian end
n_person 578
SAMPLE
F1_MI: 0.8842073355562292 F1_MA: 0.49884349025136665 ACC_MI: 0.8842073355562292 F1_MA: 0.46266655206765495
BEST_F1_MI: 0.9511973325250076 BEST_F1_MA: 0.5727587529284032 BEST_ACC_MI: 0.9511973325250076 BEST_F1_MA: 0.6498038396645208
[[2830  244   10    1]
 [   0   34   28   13]
 [   0   39   38   27]
 [   0   17    3   15]]
Epoch: [115/200], cls_loss: 0.0509, transfer_loss: 0.0000,person_loss: 0.0000, total_Loss: 0.0513
trian begin
trian end
n_person 578
SAMPLE
F1_MI: 0.044862079418005456 F1_MA: 0.3307005329914293 ACC_MI: 0.044862079418005456 F1_MA: 0.5284164260506898
BEST_F1_MI: 0.9511973325250076 BEST_F1_MA: 0.5727587529284032 BEST_ACC_MI: 0.9511973325250076 BEST_F1_MA: 0.6498038396645208
[[  56   76 2953    0]
 [   0   11   64    0]
 [   0   24   80    0]
 [   0   14   20    1]]
Epoch: [116/200], cls_loss: 0.0462, transfer_loss: 0.0000,person_loss: 0.0000, total_Loss: 0.0467
trian begin
trian end
n_person 578
SAMPLE
F1_MI: 0.9275538041830858 F1_MA: 0.5315335705825938 ACC_MI: 0.9275538041830858 F1_MA: 0.5235689453021665
BEST_F1_MI: 0.9511973325250076 BEST_F1_MA: 0.5727587529284032 BEST_ACC_MI: 0.9511973325250076 BEST_F1_MA: 0.6498038396645208
[[2985   97    3    0]
 [  12   50    4    9]
 [   7   59   10   28]
 [   4   16    0   15]]
Epoch: [117/200], cls_loss: 0.0643, transfer_loss: 0.0000,person_loss: 0.0000, total_Loss: 0.0647
trian begin
trian end
n_person 578
SAMPLE
F1_MI: 0.8699605941194302 F1_MA: 0.5030266883718376 ACC_MI: 0.8699605941194302 F1_MA: 0.4922455916719779
BEST_F1_MI: 0.9511973325250076 BEST_F1_MA: 0.5727587529284032 BEST_ACC_MI: 0.9511973325250076 BEST_F1_MA: 0.6498038396645208
[[2763    2  320    0]
 [   0    0   75    0]
 [   0    2  100    2]
 [   0    0   28    7]]
Epoch: [118/200], cls_loss: 0.0604, transfer_loss: 0.0001,person_loss: 0.0000, total_Loss: 0.0609
[[2765  317    3    0]
 [   1   72    0    2]
 [   0   75    7   22]
 [   0   20    0   15]]
[[3055   25    5    0]
 [  18   20   34    3]
 [  18   23   52   11]
 [   2   12   10   11]]
ARG: Namespace(backbone='resnet50', batch_size=32, config='DeepCoral/DeepCoral.yaml', data_dir='data', device=device(type='cuda'), early_stop=50, epoch_based_training=False, lr=0.003, lr_decay=0.75, lr_gamma=0.0003, lr_scheduler=True, max_iter=18000, method='False', momentum=0.9, myweight=0.1, n_class=4, n_epoch=200, n_iter_per_epoch=90, num_workers=3, seed=1, src_domain='77G', tgt_domain='own', tname='transfer', transfer_loss='coral', transfer_loss_weight=10.0, use_bottleneck=True, weight_decay=0.0005)
