lmmd 1 77G 63G DSAN/DSAN.yaml True
Namespace(backbone='resnet50', batch_size=32, config='DSAN/DSAN.yaml', data_dir='data', device=device(type='cuda'), early_stop=50, epoch_based_training=False, lr=0.003, lr_decay=0.75, lr_gamma=0.0003, lr_scheduler=True, method='True', momentum=0.9, myweight=0.1, n_epoch=200, n_iter_per_epoch=200, num_workers=3, seed=1, src_domain='77G', tgt_domain='63G', tname='transfer', transfer_loss='lmmd', transfer_loss_weight=0.5, use_bottleneck=True, weight_decay=0.0005)
JUST DO IT
run my Parkinson code
transfer
TRAIN Length: 2905 290 TEST Length: 1867 383
YYY: 0 3
DATA_PROFILE   train: 2905 train2: 1867 test: 1867
DATASET.SHAPE: <data_loader.GetTrainLoader object at 0x7f441529f9a0> True
DATASET.SHAPE: <data_loader.GetTrainLoader object at 0x7f440cf68a00> True
DATASET.SHAPE: <data_loader.GetTestLoader object at 0x7f440cf68d00> False
CLASS: 4 383
LLL: {}
BOTTLENECK_LIST: [Linear(in_features=512, out_features=256, bias=True), ReLU()]
TYPE: {'loss_type': 'lmmd', 'max_iter': 40000, 'num_class': 4, 'my_person_item': <my_person_item.PersonItem object at 0x7f440cf52910>}
KWARGS {'my_person_item': <my_person_item.PersonItem object at 0x7f440cf52910>}
initial_lr 1.0
transfer_world
method True <class 'str'>
1.8.1+cu111
True
LEN: 0 0
LOADER: <data_loader.InfiniteDataLoader object at 0x7f440cf68040> <data_loader.InfiniteDataLoader object at 0x7f440cf52df0>
N_batch: 200
trian begin
trian end
n_person 383
SAMPLE
F1_MI: 0.03053026245313337 F1_MA: 0.28565563777556163 ACC_MI: 0.03053026245313337 F1_MA: 0.29546771065203525
BEST_F1_MI: 0.03053026245313337 BEST_F1_MA: 0.28565563777556163 BEST_ACC_MI: 0.03053026245313337 BEST_F1_MA: 0.29546771065203525
[[   6 1665   64    0]
 [   0   37    4    0]
 [   0   48   14    8]
 [   0   16    5    0]]
Epoch: [ 1/200], cls_loss: 0.7618, transfer_loss: 0.0009,person_loss: -1.8635, total_Loss: 0.5759
trian begin
trian end
n_person 383
SAMPLE
F1_MI: 0.7734333154793787 F1_MA: 0.40985498010486643 ACC_MI: 0.7734333154793787 F1_MA: 0.332525700593203
BEST_F1_MI: 0.7734333154793787 BEST_F1_MA: 0.40985498010486643 BEST_ACC_MI: 0.7734333154793787 BEST_F1_MA: 0.332525700593203
[[1371  238  126    0]
 [   1   30    9    1]
 [   2   23   43    2]
 [   1   15    5    0]]
Epoch: [ 2/200], cls_loss: 0.5727, transfer_loss: 0.0028,person_loss: -1.9305, total_Loss: 0.3810
trian begin
trian end
n_person 383
SAMPLE
F1_MI: 0.824317086234601 F1_MA: 0.39773959454752417 ACC_MI: 0.824317086234601 F1_MA: 0.35913640144294995
BEST_F1_MI: 0.824317086234601 BEST_F1_MA: 0.40985498010486643 BEST_ACC_MI: 0.824317086234601 BEST_F1_MA: 0.35913640144294995
[[1498  218   14    5]
 [   8   33    0    0]
 [  20   34    8    8]
 [   4   16    1    0]]
Epoch: [ 3/200], cls_loss: 0.5014, transfer_loss: 0.0049,person_loss: -1.9452, total_Loss: 0.3093
trian begin
trian end
n_person 383
SAMPLE
F1_MI: 0.8693090519550081 F1_MA: 0.391713362301953 ACC_MI: 0.8693090519550081 F1_MA: 0.40176528833658853
BEST_F1_MI: 0.8693090519550081 BEST_F1_MA: 0.40985498010486643 BEST_ACC_MI: 0.8693090519550081 BEST_F1_MA: 0.40176528833658853
[[1593  127   10    5]
 [  23   18    0    0]
 [  44   11   12    3]
 [   9   12    0    0]]
Epoch: [ 4/200], cls_loss: 0.4366, transfer_loss: 0.0057,person_loss: -1.9468, total_Loss: 0.2447
trian begin
trian end
n_person 383
SAMPLE
F1_MI: 0.0385645420460632 F1_MA: 0.05256337159508695 ACC_MI: 0.0385645420460632 F1_MA: 0.029178549822832946
BEST_F1_MI: 0.8693090519550081 BEST_F1_MA: 0.40985498010486643 BEST_ACC_MI: 0.8693090519550081 BEST_F1_MA: 0.40176528833658853
[[   0   32 1701    2]
 [   0    3   38    0]
 [   0    1   69    0]
 [   0    2   19    0]]
Epoch: [ 5/200], cls_loss: 0.3902, transfer_loss: 0.0067,person_loss: -1.9488, total_Loss: 0.1986
trian begin
trian end
n_person 383
SAMPLE
F1_MI: 0.807177289769684 F1_MA: 0.4058457166392181 ACC_MI: 0.807177289769684 F1_MA: 0.3545668320386768
BEST_F1_MI: 0.8693090519550081 BEST_F1_MA: 0.40985498010486643 BEST_ACC_MI: 0.8693090519550081 BEST_F1_MA: 0.40176528833658853
[[1453  190   71   21]
 [  12   22    7    0]
 [  11   28   30    1]
 [   5    9    5    2]]
Epoch: [ 6/200], cls_loss: 0.3386, transfer_loss: 0.0072,person_loss: -1.9512, total_Loss: 0.1471
trian begin
trian end
n_person 383
SAMPLE
F1_MI: 0.7878950187466522 F1_MA: 0.4002298467531292 ACC_MI: 0.7878950187466524 F1_MA: 0.3254867935912488
BEST_F1_MI: 0.8693090519550081 BEST_F1_MA: 0.40985498010486643 BEST_ACC_MI: 0.8693090519550081 BEST_F1_MA: 0.40176528833658853
[[1396  140  196    3]
 [   1   20   20    0]
 [   4   11   55    0]
 [   1   10   10    0]]
Epoch: [ 7/200], cls_loss: 0.2999, transfer_loss: 0.0093,person_loss: -1.9528, total_Loss: 0.1093
trian begin
trian end
n_person 383
SAMPLE
F1_MI: 0.8644884841992501 F1_MA: 0.29938310985689576 ACC_MI: 0.8644884841992502 F1_MA: 0.2870353132909729
BEST_F1_MI: 0.8693090519550081 BEST_F1_MA: 0.40985498010486643 BEST_ACC_MI: 0.8693090519550081 BEST_F1_MA: 0.40176528833658853
[[1595   54   86    0]
 [  26    6    9    0]
 [  51    6   13    0]
 [  12    3    6    0]]
Epoch: [ 8/200], cls_loss: 0.2839, transfer_loss: 0.0111,person_loss: -1.9516, total_Loss: 0.0942
trian begin
trian end
n_person 383
SAMPLE
F1_MI: 0.04552758435993572 F1_MA: 0.25999309436410195 ACC_MI: 0.04552758435993572 F1_MA: 0.23924799388354373
BEST_F1_MI: 0.8693090519550081 BEST_F1_MA: 0.40985498010486643 BEST_ACC_MI: 0.8693090519550081 BEST_F1_MA: 0.40176528833658853
[[  19 1534  169   13]
 [   4   15   21    1]
 [   2   12   50    6]
 [   2    3   15    1]]
Epoch: [ 9/200], cls_loss: 0.2788, transfer_loss: 0.0126,person_loss: -1.9441, total_Loss: 0.0907
trian begin
trian end
n_person 383
SAMPLE
F1_MI: 0.7734333154793787 F1_MA: 0.36376423040882855 ACC_MI: 0.7734333154793787 F1_MA: 0.3127655565510986
BEST_F1_MI: 0.8693090519550081 BEST_F1_MA: 0.40985498010486643 BEST_ACC_MI: 0.8693090519550081 BEST_F1_MA: 0.40176528833658853
[[1393   73  169  100]
 [   3    4   20   14]
 [   2    5   42   21]
 [   0    1   15    5]]
Epoch: [10/200], cls_loss: 0.2509, transfer_loss: 0.0171,person_loss: -1.9449, total_Loss: 0.0650
trian begin
trian end
n_person 383
SAMPLE
F1_MI: 0.7712908409212641 F1_MA: 0.3410825154152443 ACC_MI: 0.7712908409212641 F1_MA: 0.3048486305877635
BEST_F1_MI: 0.8693090519550081 BEST_F1_MA: 0.40985498010486643 BEST_ACC_MI: 0.8693090519550081 BEST_F1_MA: 0.40176528833658853
[[1403  157  112   63]
 [   5   11   18    7]
 [  10    7   23   30]
 [   1    7   10    3]]
Epoch: [11/200], cls_loss: 0.2092, transfer_loss: 0.0199,person_loss: -1.9477, total_Loss: 0.0243
trian begin
trian end
n_person 383
SAMPLE
F1_MI: 0.7723620782003213 F1_MA: 0.37110799882674755 ACC_MI: 0.7723620782003213 F1_MA: 0.3126915021849269
BEST_F1_MI: 0.8693090519550081 BEST_F1_MA: 0.40985498010486643 BEST_ACC_MI: 0.8693090519550081 BEST_F1_MA: 0.40176528833658853
[[1382  194  155    4]
 [   1   17   23    0]
 [   3   23   43    1]
 [   2    7   12    0]]
Epoch: [12/200], cls_loss: 0.2109, transfer_loss: 0.0208,person_loss: -1.9446, total_Loss: 0.0268
trian begin
trian end
n_person 383
SAMPLE
F1_MI: 0.8575254418853777 F1_MA: 0.29493670646061976 ACC_MI: 0.8575254418853776 F1_MA: 0.2810688139863054
BEST_F1_MI: 0.8693090519550081 BEST_F1_MA: 0.40985498010486643 BEST_ACC_MI: 0.8693090519550081 BEST_F1_MA: 0.40176528833658853
[[1580   51  104    0]
 [  22    3   16    0]
 [  43    8   18    1]
 [  10    4    7    0]]
Epoch: [13/200], cls_loss: 0.1884, transfer_loss: 0.0230,person_loss: -1.9390, total_Loss: 0.0060
trian begin
trian end
n_person 383
SAMPLE
F1_MI: 0.8286020353508301 F1_MA: 0.3424411139544742 ACC_MI: 0.8286020353508302 F1_MA: 0.3061362894545734
BEST_F1_MI: 0.8693090519550081 BEST_F1_MA: 0.40985498010486643 BEST_ACC_MI: 0.8693090519550081 BEST_F1_MA: 0.40176528833658853
[[1509  123   95    8]
 [  11   14   15    1]
 [  32   13   24    1]
 [   3    6   12    0]]
Epoch: [14/200], cls_loss: 0.1624, transfer_loss: 0.0192,person_loss: -1.9363, total_Loss: -0.0216
trian begin
trian end
n_person 383
SAMPLE
F1_MI: 0.8184252811997857 F1_MA: 0.35613650782416917 ACC_MI: 0.8184252811997857 F1_MA: 0.3092961864627031
BEST_F1_MI: 0.8693090519550081 BEST_F1_MA: 0.40985498010486643 BEST_ACC_MI: 0.8693090519550081 BEST_F1_MA: 0.40176528833658853
[[1486  160   89    0]
 [   9   22   10    0]
 [  21   29   20    0]
 [   6   10    5    0]]
Epoch: [15/200], cls_loss: 0.1633, transfer_loss: 0.0204,person_loss: -1.9354, total_Loss: -0.0200
trian begin
trian end
n_person 383
SAMPLE
F1_MI: 0.8350294590251741 F1_MA: 0.32974561829180243 ACC_MI: 0.8350294590251741 F1_MA: 0.290416120943438
BEST_F1_MI: 0.8693090519550081 BEST_F1_MA: 0.40985498010486643 BEST_ACC_MI: 0.8693090519550081 BEST_F1_MA: 0.40176528833658853
[[1514   30  190    1]
 [  16    1   24    0]
 [  25    1   44    0]
 [   6    2   13    0]]
Epoch: [16/200], cls_loss: 0.1421, transfer_loss: 0.0216,person_loss: -1.9382, total_Loss: -0.0410
trian begin
trian end
n_person 383
SAMPLE
F1_MI: 0.5120514193893948 F1_MA: 0.3111544690355675 ACC_MI: 0.5120514193893948 F1_MA: 0.2662703207861352
BEST_F1_MI: 0.8693090519550081 BEST_F1_MA: 0.40985498010486643 BEST_ACC_MI: 0.8693090519550081 BEST_F1_MA: 0.40176528833658853
[[887  13 835   0]
 [  3   0  38   0]
 [  1   0  69   0]
 [  2   0  19   0]]
Epoch: [17/200], cls_loss: 0.1300, transfer_loss: 0.0213,person_loss: -1.9356, total_Loss: -0.0529
trian begin
trian end
n_person 383
SAMPLE
F1_MI: 0.7134440278521692 F1_MA: 0.3780843468197447 ACC_MI: 0.7134440278521692 F1_MA: 0.30838179861257187
BEST_F1_MI: 0.8693090519550081 BEST_F1_MA: 0.40985498010486643 BEST_ACC_MI: 0.8693090519550081 BEST_F1_MA: 0.40176528833658853
[[1258  240  237    0]
 [   0   17   23    1]
 [   0   12   57    1]
 [   1    7   13    0]]
Epoch: [18/200], cls_loss: 0.1177, transfer_loss: 0.0197,person_loss: -1.9367, total_Loss: -0.0661
trian begin
trian end
n_person 383
SAMPLE
F1_MI: 0.0385645420460632 F1_MA: 0.06853786215061405 ACC_MI: 0.0385645420460632 F1_MA: 0.03936482084690554
BEST_F1_MI: 0.8693090519550081 BEST_F1_MA: 0.40985498010486643 BEST_ACC_MI: 0.8693090519550081 BEST_F1_MA: 0.40176528833658853
[[   0   20 1715    0]
 [   0    3   38    0]
 [   0    1   69    0]
 [   0    1   20    0]]
Epoch: [19/200], cls_loss: 0.1054, transfer_loss: 0.0202,person_loss: -1.9339, total_Loss: -0.0779
trian begin
trian end
n_person 383
SAMPLE
F1_MI: 0.7600428494911623 F1_MA: 0.37428366061182844 ACC_MI: 0.7600428494911623 F1_MA: 0.31279612843375754
BEST_F1_MI: 0.8693090519550081 BEST_F1_MA: 0.40985498010486643 BEST_ACC_MI: 0.8693090519550081 BEST_F1_MA: 0.40176528833658853
[[1356  215  162    2]
 [   4   18   19    0]
 [   3   22   45    0]
 [   2    7   12    0]]
Epoch: [20/200], cls_loss: 0.1005, transfer_loss: 0.0186,person_loss: -1.9374, total_Loss: -0.0840
trian begin
trian end
n_person 383
SAMPLE
F1_MI: 0.8173540439207283 F1_MA: 0.35276036912443176 ACC_MI: 0.8173540439207284 F1_MA: 0.30790789768467414
BEST_F1_MI: 0.8693090519550081 BEST_F1_MA: 0.40985498010486643 BEST_ACC_MI: 0.8693090519550081 BEST_F1_MA: 0.40176528833658853
[[1480  120  134    1]
 [  10   14   17    0]
 [  23   14   32    1]
 [   6    5   10    0]]
Epoch: [21/200], cls_loss: 0.0838, transfer_loss: 0.0151,person_loss: -1.9421, total_Loss: -0.1029
trian begin
trian end
n_person 383
SAMPLE
F1_MI: 0.8286020353508301 F1_MA: 0.36244134603945727 ACC_MI: 0.8286020353508302 F1_MA: 0.31134435706760966
BEST_F1_MI: 0.8693090519550081 BEST_F1_MA: 0.40985498010486643 BEST_ACC_MI: 0.8693090519550081 BEST_F1_MA: 0.40176528833658853
[[1487   19  229    0]
 [   9    2   30    0]
 [  11    1   58    0]
 [   3    1   17    0]]
Epoch: [22/200], cls_loss: 0.0895, transfer_loss: 0.0177,person_loss: -1.9503, total_Loss: -0.0967
trian begin
trian end
n_person 383
SAMPLE
F1_MI: 0.8473486877343331 F1_MA: 0.32170188285163626 ACC_MI: 0.8473486877343331 F1_MA: 0.2969301490470937
BEST_F1_MI: 0.8693090519550081 BEST_F1_MA: 0.40985498010486643 BEST_ACC_MI: 0.8693090519550081 BEST_F1_MA: 0.40176528833658853
[[1552   76  107    0]
 [  19    8   14    0]
 [  42    6   22    0]
 [   9    5    7    0]]
Epoch: [23/200], cls_loss: 0.0842, transfer_loss: 0.0128,person_loss: -1.9452, total_Loss: -0.1039
trian begin
trian end
n_person 383
SAMPLE
F1_MI: 0.8339582217461168 F1_MA: 0.32263605676196977 ACC_MI: 0.8339582217461168 F1_MA: 0.2968457059539986
BEST_F1_MI: 0.8693090519550081 BEST_F1_MA: 0.40985498010486643 BEST_ACC_MI: 0.8693090519550081 BEST_F1_MA: 0.40176528833658853
[[1526  118   91    0]
 [  18    9   14    0]
 [  36   11   22    1]
 [   5    8    8    0]]
Epoch: [24/200], cls_loss: 0.0795, transfer_loss: 0.0140,person_loss: -1.9575, total_Loss: -0.1093
trian begin
trian end
n_person 383
SAMPLE
F1_MI: 0.7150508837707552 F1_MA: 0.3202316608065863 ACC_MI: 0.7150508837707552 F1_MA: 0.2844746802229231
BEST_F1_MI: 0.8693090519550081 BEST_F1_MA: 0.40985498010486643 BEST_ACC_MI: 0.8693090519550081 BEST_F1_MA: 0.40176528833658853
[[1299  316  120    0]
 [   7   20   14    0]
 [   6   48   16    0]
 [   7    7    7    0]]
Epoch: [25/200], cls_loss: 0.0544, transfer_loss: 0.0106,person_loss: -1.9589, total_Loss: -0.1362
trian begin
trian end
n_person 383
SAMPLE
F1_MI: 0.033743974290305304 F1_MA: 0.20797646702862332 ACC_MI: 0.033743974290305304 F1_MA: 0.21332753173575658
BEST_F1_MI: 0.8693090519550081 BEST_F1_MA: 0.40985498010486643 BEST_ACC_MI: 0.8693090519550081 BEST_F1_MA: 0.40176528833658853
[[  15   81 1592   47]
 [   2    5   29    5]
 [   0    5   41   24]
 [   3    3   13    2]]
Epoch: [26/200], cls_loss: 0.0699, transfer_loss: 0.0114,person_loss: -1.9624, total_Loss: -0.1207
trian begin
trian end
n_person 383
SAMPLE
F1_MI: 0.03160149973219068 F1_MA: 0.2397757360589881 ACC_MI: 0.03160149973219068 F1_MA: 0.2317051820728291
BEST_F1_MI: 0.8693090519550081 BEST_F1_MA: 0.40985498010486643 BEST_ACC_MI: 0.8693090519550081 BEST_F1_MA: 0.40176528833658853
[[   3 1574  153    5]
 [   0   19   21    1]
 [   1   31   37    1]
 [   0    8   13    0]]
Epoch: [27/200], cls_loss: 0.0603, transfer_loss: 0.0101,person_loss: -1.9631, total_Loss: -0.1310
trian begin
trian end
n_person 383
SAMPLE
F1_MI: 0.7728976968398501 F1_MA: 0.3766936103748851 ACC_MI: 0.77289769683985 F1_MA: 0.31509033173450024
BEST_F1_MI: 0.8693090519550081 BEST_F1_MA: 0.40985498010486643 BEST_ACC_MI: 0.8693090519550081 BEST_F1_MA: 0.40176528833658853
[[1384  217  134    0]
 [   1   23   17    0]
 [   4   30   36    0]
 [   0   10   11    0]]
Epoch: [28/200], cls_loss: 0.0491, transfer_loss: 0.0098,person_loss: -1.9675, total_Loss: -0.1427
trian begin
trian end
n_person 383
SAMPLE
F1_MI: 0.040707016604177824 F1_MA: 0.0855959664334841 ACC_MI: 0.040707016604177824 F1_MA: 0.04960592290183309
BEST_F1_MI: 0.8693090519550081 BEST_F1_MA: 0.40985498010486643 BEST_ACC_MI: 0.8693090519550081 BEST_F1_MA: 0.40176528833658853
[[   0 1519  216    0]
 [   0   16   25    0]
 [   0   10   60    0]
 [   0    3   18    0]]
Epoch: [29/200], cls_loss: 0.0658, transfer_loss: 0.0095,person_loss: -1.9709, total_Loss: -0.1266
trian begin
trian end
n_person 383
SAMPLE
F1_MI: 0.04124263524370648 F1_MA: 0.26505959716604216 ACC_MI: 0.04124263524370648 F1_MA: 0.26851643687645166
BEST_F1_MI: 0.8693090519550081 BEST_F1_MA: 0.40985498010486643 BEST_ACC_MI: 0.8693090519550081 BEST_F1_MA: 0.40176528833658853
[[ 10  43 763 919]
 [  0   5  34   2]
 [  1   4  61   4]
 [  0   1  19   1]]
Epoch: [30/200], cls_loss: 0.0535, transfer_loss: 0.0084,person_loss: -1.9704, total_Loss: -0.1393
trian begin
trian end
n_person 383
SAMPLE
F1_MI: 0.807177289769684 F1_MA: 0.3575598038279994 ACC_MI: 0.807177289769684 F1_MA: 0.3095711860569833
BEST_F1_MI: 0.8693090519550081 BEST_F1_MA: 0.40985498010486643 BEST_ACC_MI: 0.8693090519550081 BEST_F1_MA: 0.40176528833658853
[[1455   75  205    0]
 [   5   11   25    0]
 [  22    7   41    0]
 [   4    2   15    0]]
Epoch: [31/200], cls_loss: 0.0452, transfer_loss: 0.0059,person_loss: -1.9723, total_Loss: -0.1490
trian begin
trian end
n_person 383
SAMPLE
F1_MI: 0.6218532404927691 F1_MA: 0.3572308270054879 ACC_MI: 0.6218532404927691 F1_MA: 0.3021864952143126
BEST_F1_MI: 0.8693090519550081 BEST_F1_MA: 0.40985498010486643 BEST_ACC_MI: 0.8693090519550081 BEST_F1_MA: 0.40176528833658853
[[1089   57  589    0]
 [   1    9   31    0]
 [   2    5   63    0]
 [   0    3   18    0]]
Epoch: [32/200], cls_loss: 0.0707, transfer_loss: 0.0065,person_loss: -1.9753, total_Loss: -0.1236
trian begin
trian end
n_person 383
SAMPLE
F1_MI: 0.8248527048741296 F1_MA: 0.33826333944226605 ACC_MI: 0.8248527048741296 F1_MA: 0.30066716736764887
BEST_F1_MI: 0.8693090519550081 BEST_F1_MA: 0.40985498010486643 BEST_ACC_MI: 0.8693090519550081 BEST_F1_MA: 0.40176528833658853
[[1503  117  115    0]
 [  10   15   16    0]
 [  20   28   22    0]
 [   4    7   10    0]]
Epoch: [33/200], cls_loss: 0.0458, transfer_loss: 0.0050,person_loss: -1.9768, total_Loss: -0.1494
trian begin
trian end
n_person 383
SAMPLE
F1_MI: 0.7359400107123729 F1_MA: 0.4004512785391607 ACC_MI: 0.7359400107123728 F1_MA: 0.32695907290218873
BEST_F1_MI: 0.8693090519550081 BEST_F1_MA: 0.40985498010486643 BEST_ACC_MI: 0.8693090519550081 BEST_F1_MA: 0.40176528833658853
[[1298  305  132    0]
 [   0   23   18    0]
 [   3   14   53    0]
 [   0    7   14    0]]
Epoch: [34/200], cls_loss: 0.0605, transfer_loss: 0.0063,person_loss: -1.9770, total_Loss: -0.1341
trian begin
trian end
n_person 383
SAMPLE
F1_MI: 0.03320835565077665 F1_MA: 0.21384327228472602 ACC_MI: 0.03320835565077665 F1_MA: 0.17159858947987072
BEST_F1_MI: 0.8693090519550081 BEST_F1_MA: 0.40985498010486643 BEST_ACC_MI: 0.8693090519550081 BEST_F1_MA: 0.40176528833658853
[[   1 1592  142    0]
 [   0   26   15    0]
 [   1   34   35    0]
 [   0    8   13    0]]
Epoch: [35/200], cls_loss: 0.0399, transfer_loss: 0.0055,person_loss: -1.9784, total_Loss: -0.1552
trian begin
trian end
n_person 383
SAMPLE
F1_MI: 0.8462774504552758 F1_MA: 0.34695717565088174 ACC_MI: 0.8462774504552758 F1_MA: 0.31257179391611334
BEST_F1_MI: 0.8693090519550081 BEST_F1_MA: 0.40985498010486643 BEST_ACC_MI: 0.8693090519550081 BEST_F1_MA: 0.40176528833658853
[[1543  111   81    0]
 [  16   14   11    0]
 [  36   10   23    1]
 [   7    7    7    0]]
Epoch: [36/200], cls_loss: 0.0507, transfer_loss: 0.0053,person_loss: -1.9790, total_Loss: -0.1446
trian begin
trian end
n_person 383
SAMPLE
F1_MI: 0.647027316550616 F1_MA: 0.37216654344255656 ACC_MI: 0.647027316550616 F1_MA: 0.30595133544702124
BEST_F1_MI: 0.8693090519550081 BEST_F1_MA: 0.40985498010486643 BEST_ACC_MI: 0.8693090519550081 BEST_F1_MA: 0.40176528833658853
[[1132  383  220    0]
 [   0   16   25    0]
 [   0   10   60    0]
 [   1    2   18    0]]
Epoch: [37/200], cls_loss: 0.0332, transfer_loss: 0.0054,person_loss: -1.9786, total_Loss: -0.1620
trian begin
trian end
n_person 383
SAMPLE
F1_MI: 0.03802892340653455 F1_MA: 0.06119707680917675 ACC_MI: 0.03802892340653455 F1_MA: 0.03453030589548946
BEST_F1_MI: 0.8693090519550081 BEST_F1_MA: 0.40985498010486643 BEST_ACC_MI: 0.8693090519550081 BEST_F1_MA: 0.40176528833658853
[[   0 1360  367    8]
 [   0    6   35    0]
 [   0    3   65    2]
 [   0    2   19    0]]
Epoch: [38/200], cls_loss: 0.0489, transfer_loss: 0.0047,person_loss: -1.9803, total_Loss: -0.1468
trian begin
trian end
n_person 383
SAMPLE
F1_MI: 0.7118371719335834 F1_MA: 0.37169855438324056 ACC_MI: 0.7118371719335833 F1_MA: 0.3068575282492514
BEST_F1_MI: 0.8693090519550081 BEST_F1_MA: 0.40985498010486643 BEST_ACC_MI: 0.8693090519550081 BEST_F1_MA: 0.40176528833658853
[[1254   74  407    0]
 [   0    9   32    0]
 [   1    3   66    0]
 [   0    2   19    0]]
Epoch: [39/200], cls_loss: 0.0354, transfer_loss: 0.0044,person_loss: -1.9806, total_Loss: -0.1605
trian begin
trian end
n_person 383
SAMPLE
F1_MI: 0.8269951794322442 F1_MA: 0.35126969384358936 ACC_MI: 0.8269951794322442 F1_MA: 0.3096864814870925
BEST_F1_MI: 0.8693090519550081 BEST_F1_MA: 0.40985498010486643 BEST_ACC_MI: 0.8693090519550081 BEST_F1_MA: 0.40176528833658853
[[1492   16  227    0]
 [  10    2   29    0]
 [  18    1   50    1]
 [   6    0   15    0]]
Epoch: [40/200], cls_loss: 0.0319, transfer_loss: 0.0049,person_loss: -1.9809, total_Loss: -0.1638
trian begin
trian end
n_person 383
SAMPLE
F1_MI: 0.03963577932512052 F1_MA: 0.2751239261481585 ACC_MI: 0.03963577932512052 F1_MA: 0.2831553182020472
BEST_F1_MI: 0.8693090519550081 BEST_F1_MA: 0.40985498010486643 BEST_ACC_MI: 0.8693090519550081 BEST_F1_MA: 0.40176528833658853
[[   2   37 1693    3]
 [   0    4   37    0]
 [   0    1   68    1]
 [   0    0   21    0]]
Epoch: [41/200], cls_loss: 0.0342, transfer_loss: 0.0043,person_loss: -1.9820, total_Loss: -0.1619
trian begin
trian end
n_person 383
SAMPLE
F1_MI: 0.8178896625602572 F1_MA: 0.35069441812825963 ACC_MI: 0.8178896625602571 F1_MA: 0.30863837290620316
BEST_F1_MI: 0.8693090519550081 BEST_F1_MA: 0.40985498010486643 BEST_ACC_MI: 0.8693090519550081 BEST_F1_MA: 0.40176528833658853
[[1486  161   88    0]
 [  11   18   12    0]
 [  33   13   23    1]
 [   5    9    7    0]]
Epoch: [42/200], cls_loss: 0.0352, transfer_loss: 0.0046,person_loss: -1.9812, total_Loss: -0.1606
trian begin
trian end
n_person 383
SAMPLE
F1_MI: 0.7696839850026781 F1_MA: 0.403964463366193 ACC_MI: 0.7696839850026781 F1_MA: 0.3241507523447187
BEST_F1_MI: 0.8693090519550081 BEST_F1_MA: 0.40985498010486643 BEST_ACC_MI: 0.8693090519550081 BEST_F1_MA: 0.40176528833658853
[[1358  169  208    0]
 [   1   23   17    0]
 [   3   11   56    0]
 [   1    9   11    0]]
Epoch: [43/200], cls_loss: 0.0429, transfer_loss: 0.0041,person_loss: -1.9817, total_Loss: -0.1532
trian begin
trian end
n_person 383
SAMPLE
F1_MI: 0.7391537225495447 F1_MA: 0.37168773957917 ACC_MI: 0.7391537225495447 F1_MA: 0.30841313232581435
BEST_F1_MI: 0.8693090519550081 BEST_F1_MA: 0.40985498010486643 BEST_ACC_MI: 0.8693090519550081 BEST_F1_MA: 0.40176528833658853
[[1306   52  376    1]
 [   1    6   34    0]
 [   1    1   68    0]
 [   0    2   19    0]]
Epoch: [44/200], cls_loss: 0.0335, transfer_loss: 0.0034,person_loss: -1.9819, total_Loss: -0.1630
trian begin
trian end
n_person 383
SAMPLE
F1_MI: 0.7380824852704875 F1_MA: 0.3626940631913726 ACC_MI: 0.7380824852704874 F1_MA: 0.30694724509501364
BEST_F1_MI: 0.8693090519550081 BEST_F1_MA: 0.40985498010486643 BEST_ACC_MI: 0.8693090519550081 BEST_F1_MA: 0.40176528833658853
[[1328  317   90    0]
 [   1   29   11    0]
 [   7   42   21    0]
 [   4   11    6    0]]
Epoch: [45/200], cls_loss: 0.0182, transfer_loss: 0.0039,person_loss: -1.9836, total_Loss: -0.1782
trian begin
trian end
n_person 383
SAMPLE
F1_MI: 0.8414568826995179 F1_MA: 0.33879917420597044 ACC_MI: 0.8414568826995179 F1_MA: 0.30561561499340867
BEST_F1_MI: 0.8693090519550081 BEST_F1_MA: 0.40985498010486643 BEST_ACC_MI: 0.8693090519550081 BEST_F1_MA: 0.40176528833658853
[[1535   98  101    1]
 [  17   12   12    0]
 [  36   10   24    0]
 [   5    7    9    0]]
Epoch: [46/200], cls_loss: 0.0381, transfer_loss: 0.0048,person_loss: -1.9821, total_Loss: -0.1577
trian begin
trian end
n_person 383
SAMPLE
F1_MI: 0.6829137653990359 F1_MA: 0.3657959982254044 ACC_MI: 0.6829137653990359 F1_MA: 0.3018790773748676
BEST_F1_MI: 0.8693090519550081 BEST_F1_MA: 0.40985498010486643 BEST_ACC_MI: 0.8693090519550081 BEST_F1_MA: 0.40176528833658853
[[1205  274  252    4]
 [   0   16   25    0]
 [   0   15   54    1]
 [   0    6   15    0]]
Epoch: [47/200], cls_loss: 0.0466, transfer_loss: 0.0042,person_loss: -1.9835, total_Loss: -0.1497
trian begin
trian end
n_person 383
SAMPLE
F1_MI: 0.044456347080878415 F1_MA: 0.2652993917126196 ACC_MI: 0.044456347080878415 F1_MA: 0.24274881236906554
BEST_F1_MI: 0.8693090519550081 BEST_F1_MA: 0.40985498010486643 BEST_ACC_MI: 0.8693090519550081 BEST_F1_MA: 0.40176528833658853
[[  10   93 1632    0]
 [   0   12   29    0]
 [   2    7   61    0]
 [   0    5   16    0]]
Epoch: [48/200], cls_loss: 0.0271, transfer_loss: 0.0041,person_loss: -1.9828, total_Loss: -0.1691
trian begin
trian end
n_person 383
SAMPLE
F1_MI: 0.7996786288162828 F1_MA: 0.36467160291545675 ACC_MI: 0.7996786288162828 F1_MA: 0.3125058248062738
BEST_F1_MI: 0.8693090519550081 BEST_F1_MA: 0.40985498010486643 BEST_ACC_MI: 0.8693090519550081 BEST_F1_MA: 0.40176528833658853
[[1445  190   98    2]
 [   8   23   10    0]
 [  20   24   25    1]
 [   4   10    7    0]]
Epoch: [49/200], cls_loss: 0.0231, transfer_loss: 0.0038,person_loss: -1.9843, total_Loss: -0.1734
trian begin
trian end
n_person 383
SAMPLE
F1_MI: 0.8286020353508301 F1_MA: 0.33357868670309526 ACC_MI: 0.8286020353508302 F1_MA: 0.29926148229629984
BEST_F1_MI: 0.8693090519550081 BEST_F1_MA: 0.40985498010486643 BEST_ACC_MI: 0.8693090519550081 BEST_F1_MA: 0.40176528833658853
[[1508   84  143    0]
 [  15    8   18    0]
 [  32    6   31    1]
 [   5    5   11    0]]
Epoch: [50/200], cls_loss: 0.0452, transfer_loss: 0.0039,person_loss: -1.9832, total_Loss: -0.1512
trian begin
trian end
n_person 383
SAMPLE
F1_MI: 0.83663631494376 F1_MA: 0.32106102742933146 ACC_MI: 0.83663631494376 F1_MA: 0.2935704152404972
BEST_F1_MI: 0.8693090519550081 BEST_F1_MA: 0.40985498010486643 BEST_ACC_MI: 0.8693090519550081 BEST_F1_MA: 0.40176528833658853
[[1528   58  147    2]
 [  17    5   19    0]
 [  36    4   29    1]
 [   5    3   13    0]]
Epoch: [51/200], cls_loss: 0.0298, transfer_loss: 0.0034,person_loss: -1.9841, total_Loss: -0.1669
trian begin
trian end
n_person 383
SAMPLE
F1_MI: 0.7911087305838244 F1_MA: 0.3898368453896935 ACC_MI: 0.7911087305838244 F1_MA: 0.32262073863636365
BEST_F1_MI: 0.8693090519550081 BEST_F1_MA: 0.40985498010486643 BEST_ACC_MI: 0.8693090519550081 BEST_F1_MA: 0.40176528833658853
[[1405   79  250    1]
 [   1   13   26    1]
 [   2    8   59    1]
 [   0    4   17    0]]
Epoch: [52/200], cls_loss: 0.0327, transfer_loss: 0.0033,person_loss: -1.9845, total_Loss: -0.1641
[[1371  238  126    0]
 [   1   30    9    1]
 [   2   23   43    2]
 [   1   15    5    0]]
[[1593  127   10    5]
 [  23   18    0    0]
 [  44   11   12    3]
 [   9   12    0    0]]
ARG: Namespace(backbone='resnet50', batch_size=32, config='DSAN/DSAN.yaml', data_dir='data', device=device(type='cuda'), early_stop=50, epoch_based_training=False, lr=0.003, lr_decay=0.75, lr_gamma=0.0003, lr_scheduler=True, max_iter=40000, method='True', momentum=0.9, myweight=0.1, n_class=4, n_epoch=200, n_iter_per_epoch=200, num_workers=3, seed=1, src_domain='77G', tgt_domain='63G', tname='transfer', transfer_loss='lmmd', transfer_loss_weight=0.5, use_bottleneck=True, weight_decay=0.0005)
