only 1 77G 63G ONLY/ONLY.yaml False
Namespace(backbone='resnet50', batch_size=32, config='ONLY/ONLY.yaml', data_dir='data', device=device(type='cuda'), early_stop=50, epoch_based_training=False, lr=0.003, lr_decay=0.75, lr_gamma=0.0003, lr_scheduler=True, method='False', momentum=0.9, myweight=0.0, n_epoch=200, n_iter_per_epoch=100, num_workers=3, seed=1, src_domain='77G', tgt_domain='63G', tname='transfer', transfer_loss='only', transfer_loss_weight=0.5, use_bottleneck=True, weight_decay=0.0005)
JUST DO IT
run my Parkinson code
transfer
TRAIN Length: 2905 290 TEST Length: 1867 383
YYY: 0 3
DATA_PROFILE   train: 2905 train2: 1867 test: 1867
DATASET.SHAPE: <data_loader.GetTrainLoader object at 0x7f73631ba6d0> True
DATASET.SHAPE: <data_loader.GetTrainLoader object at 0x7f735b127c40> True
DATASET.SHAPE: <data_loader.GetTestLoader object at 0x7f735b1277c0> False
CLASS: 4 383
LLL: {}
BOTTLENECK_LIST: [Linear(in_features=512, out_features=256, bias=True), ReLU()]
TYPE: {'loss_type': 'only', 'max_iter': 20000, 'num_class': 4, 'my_person_item': <my_person_item.PersonItem object at 0x7f735b127e50>}
initial_lr 1.0
transfer_world
method False <class 'str'>
1.8.1+cu111
True
LEN: 0 0
LOADER: <data_loader.InfiniteDataLoader object at 0x7f735b127ca0> <data_loader.InfiniteDataLoader object at 0x7f735b127d60>
N_batch: 100
trian begin
trian end
n_person 383
SAMPLE
F1_MI: 0.8023567220139259 F1_MA: 0.36692390409482417 ACC_MI: 0.802356722013926 F1_MA: 0.3018109706381081
BEST_F1_MI: 0.8023567220139259 BEST_F1_MA: 0.36692390409482417 BEST_ACC_MI: 0.802356722013926 BEST_F1_MA: 0.3018109706381081
[[1465  154   17   99]
 [   6   22    2   11]
 [   7   18    1   44]
 [   3    7    1   10]]
Epoch: [ 1/200], cls_loss: 0.8812, transfer_loss: 0.0000,person_loss: 0.0000, total_Loss: 0.0000
trian begin
trian end
n_person 383
SAMPLE
F1_MI: 0.040707016604177824 F1_MA: 0.2593279546855042 ACC_MI: 0.040707016604177824 F1_MA: 0.26838235294117646
BEST_F1_MI: 0.8023567220139259 BEST_F1_MA: 0.36692390409482417 BEST_ACC_MI: 0.802356722013926 BEST_F1_MA: 0.3018109706381081
[[  6 909 820   0]
 [  0   0  41   0]
 [  0   0  70   0]
 [  0   0  21   0]]
Epoch: [ 2/200], cls_loss: 0.6793, transfer_loss: 0.0000,person_loss: 0.0000, total_Loss: 0.0000
trian begin
trian end
n_person 383
SAMPLE
F1_MI: 0.6422067487948581 F1_MA: 0.35401482451335364 ACC_MI: 0.6422067487948581 F1_MA: 0.30263750331067363
BEST_F1_MI: 0.8023567220139259 BEST_F1_MA: 0.36692390409482417 BEST_ACC_MI: 0.802356722013926 BEST_F1_MA: 0.30263750331067363
[[1139  426  165    5]
 [   0   19   22    0]
 [   0   17   41   12]
 [   0    8   13    0]]
Epoch: [ 3/200], cls_loss: 0.6440, transfer_loss: 0.0000,person_loss: 0.0000, total_Loss: 0.0000
trian begin
trian end
n_person 383
SAMPLE
F1_MI: 0.3620782003213712 F1_MA: 0.35265273560555616 ACC_MI: 0.36207820032137117 F1_MA: 0.33335306186868685
BEST_F1_MI: 0.8023567220139259 BEST_F1_MA: 0.36692390409482417 BEST_ACC_MI: 0.802356722013926 BEST_F1_MA: 0.33335306186868685
[[ 621 1076   36    2]
 [   0   35    6    0]
 [   0   24   20   26]
 [   0   17    4    0]]
Epoch: [ 4/200], cls_loss: 0.6215, transfer_loss: 0.0000,person_loss: 0.0000, total_Loss: 0.0000
trian begin
trian end
n_person 383
SAMPLE
F1_MI: 0.015532940546331012 F1_MA: 0.1983367405891891 ACC_MI: 0.015532940546331012 F1_MA: 0.2376663195059145
BEST_F1_MI: 0.8023567220139259 BEST_F1_MA: 0.36692390409482417 BEST_ACC_MI: 0.802356722013926 BEST_F1_MA: 0.33335306186868685
[[   4  107   98 1526]
 [   0   12    9   20]
 [   0    9    7   54]
 [   1    6    8    6]]
Epoch: [ 5/200], cls_loss: 0.5692, transfer_loss: 0.0000,person_loss: 0.0000, total_Loss: 0.0000
trian begin
trian end
n_person 383
SAMPLE
F1_MI: 0.022495982860203535 F1_MA: 0.25454920796054575 ACC_MI: 0.022495982860203535 F1_MA: 0.2555345572354212
BEST_F1_MI: 0.8023567220139259 BEST_F1_MA: 0.36692390409482417 BEST_ACC_MI: 0.802356722013926 BEST_F1_MA: 0.33335306186868685
[[   0 1734    0    1]
 [   0   41    0    0]
 [   0   56    1   13]
 [   0   21    0    0]]
Epoch: [ 6/200], cls_loss: 0.5577, transfer_loss: 0.0000,person_loss: 0.0000, total_Loss: 0.0000
trian begin
trian end
n_person 383
SAMPLE
F1_MI: 0.0385645420460632 F1_MA: 0.0575536939434291 ACC_MI: 0.0385645420460632 F1_MA: 0.03154553049289891
BEST_F1_MI: 0.8023567220139259 BEST_F1_MA: 0.36692390409482417 BEST_ACC_MI: 0.802356722013926 BEST_F1_MA: 0.33335306186868685
[[   0  222 1513    0]
 [   0   28   13    0]
 [   0   19   44    7]
 [   0   16    5    0]]
Epoch: [ 7/200], cls_loss: 0.5179, transfer_loss: 0.0000,person_loss: 0.0000, total_Loss: 0.0000
trian begin
trian end
n_person 383
SAMPLE
F1_MI: 0.8682378146759507 F1_MA: 0.2999763365793894 ACC_MI: 0.8682378146759507 F1_MA: 0.2643568033273916
BEST_F1_MI: 0.8682378146759507 BEST_F1_MA: 0.36692390409482417 BEST_ACC_MI: 0.8682378146759507 BEST_F1_MA: 0.33335306186868685
[[1602  133    0    0]
 [  22   19    0    0]
 [  49   17    0    4]
 [  10   11    0    0]]
Epoch: [ 8/200], cls_loss: 0.5090, transfer_loss: 0.0000,person_loss: 0.0000, total_Loss: 0.0000
trian begin
trian end
n_person 383
SAMPLE
F1_MI: 0.013926084627745045 F1_MA: 0.05561502702249404 ACC_MI: 0.013926084627745045 F1_MA: 0.032299687897272826
BEST_F1_MI: 0.8682378146759507 BEST_F1_MA: 0.36692390409482417 BEST_ACC_MI: 0.8682378146759507 BEST_F1_MA: 0.33335306186868685
[[   0  138   51 1546]
 [   0   16    4   21]
 [   0   12    2   56]
 [   0   11    2    8]]
Epoch: [ 9/200], cls_loss: 0.4571, transfer_loss: 0.0000,person_loss: 0.0000, total_Loss: 0.0000
trian begin
trian end
n_person 383
SAMPLE
F1_MI: 0.7450455275843599 F1_MA: 0.354284830061301 ACC_MI: 0.7450455275843599 F1_MA: 0.3050720026788053
BEST_F1_MI: 0.8682378146759507 BEST_F1_MA: 0.36692390409482417 BEST_ACC_MI: 0.8682378146759507 BEST_F1_MA: 0.33335306186868685
[[1349  214  132   40]
 [   5   21    9    6]
 [   0   20   18   32]
 [   1   10    7    3]]
Epoch: [10/200], cls_loss: 0.4622, transfer_loss: 0.0000,person_loss: 0.0000, total_Loss: 0.0000
trian begin
trian end
n_person 383
SAMPLE
F1_MI: 0.8055704338510982 F1_MA: 0.4170835039195768 ACC_MI: 0.8055704338510981 F1_MA: 0.36145976033722427
BEST_F1_MI: 0.8682378146759507 BEST_F1_MA: 0.4170835039195768 BEST_ACC_MI: 0.8682378146759507 BEST_F1_MA: 0.36145976033722427
[[1445  196   89    5]
 [   5   26    9    1]
 [   4   33   32    1]
 [   3    8    9    1]]
Epoch: [11/200], cls_loss: 0.4623, transfer_loss: 0.0000,person_loss: 0.0000, total_Loss: 0.0000
trian begin
trian end
n_person 383
SAMPLE
F1_MI: 0.7595072308516336 F1_MA: 0.31203716839135937 ACC_MI: 0.7595072308516336 F1_MA: 0.2861416027691798
BEST_F1_MI: 0.8682378146759507 BEST_F1_MA: 0.4170835039195768 BEST_ACC_MI: 0.8682378146759507 BEST_F1_MA: 0.36145976033722427
[[1391  145  153   46]
 [   4   15   14    8]
 [   2   19   11   38]
 [   0    8   12    1]]
Epoch: [12/200], cls_loss: 0.4050, transfer_loss: 0.0000,person_loss: 0.0000, total_Loss: 0.0000
trian begin
trian end
n_person 383
SAMPLE
F1_MI: 0.7841456882699518 F1_MA: 0.4256595238980813 ACC_MI: 0.7841456882699518 F1_MA: 0.38969995397824686
BEST_F1_MI: 0.8682378146759507 BEST_F1_MA: 0.4256595238980813 BEST_ACC_MI: 0.8682378146759507 BEST_F1_MA: 0.38969995397824686
[[1416  307   12    0]
 [   4   37    0    0]
 [   5   54   11    0]
 [   3   18    0    0]]
Epoch: [13/200], cls_loss: 0.4104, transfer_loss: 0.0000,person_loss: 0.0000, total_Loss: 0.0000
trian begin
trian end
n_person 383
SAMPLE
F1_MI: 0.03642206748794858 F1_MA: 0.018114011720831116 ACC_MI: 0.03642206748794858 F1_MA: 0.009407858328721638
BEST_F1_MI: 0.8682378146759507 BEST_F1_MA: 0.4256595238980813 BEST_ACC_MI: 0.8682378146759507 BEST_F1_MA: 0.38969995397824686
[[   0    9 1681   45]
 [   0    0   39    2]
 [   0    0   68    2]
 [   0    2   19    0]]
Epoch: [14/200], cls_loss: 0.3898, transfer_loss: 0.0000,person_loss: 0.0000, total_Loss: 0.0000
trian begin
trian end
n_person 383
SAMPLE
F1_MI: 0.8532404927691484 F1_MA: 0.3551107820259505 ACC_MI: 0.8532404927691484 F1_MA: 0.3224434147031445
BEST_F1_MI: 0.8682378146759507 BEST_F1_MA: 0.4256595238980813 BEST_ACC_MI: 0.8682378146759507 BEST_F1_MA: 0.38969995397824686
[[1555   98   71   11]
 [  20   14    7    0]
 [  37    9   24    0]
 [   6    8    7    0]]
Epoch: [15/200], cls_loss: 0.3588, transfer_loss: 0.0000,person_loss: 0.0000, total_Loss: 0.0000
trian begin
trian end
n_person 383
SAMPLE
F1_MI: 0.08784145688269952 F1_MA: 0.16273124208375858 ACC_MI: 0.08784145688269952 F1_MA: 0.24479292644378037
BEST_F1_MI: 0.8682378146759507 BEST_F1_MA: 0.4256595238980813 BEST_ACC_MI: 0.8682378146759507 BEST_F1_MA: 0.38969995397824686
[[ 150   55   18 1512]
 [  12   10    5   14]
 [  12    5    1   52]
 [  13    4    1    3]]
Epoch: [16/200], cls_loss: 0.3580, transfer_loss: 0.0000,person_loss: 0.0000, total_Loss: 0.0000
trian begin
trian end
n_person 383
SAMPLE
F1_MI: 0.8334226031065881 F1_MA: 0.3786141925001039 ACC_MI: 0.8334226031065881 F1_MA: 0.32655202552600343
BEST_F1_MI: 0.8682378146759507 BEST_F1_MA: 0.4256595238980813 BEST_ACC_MI: 0.8682378146759507 BEST_F1_MA: 0.38969995397824686
[[1504  115  108    8]
 [  12   19   10    0]
 [  27    7   33    3]
 [   3   10    8    0]]
Epoch: [17/200], cls_loss: 0.3390, transfer_loss: 0.0000,person_loss: 0.0000, total_Loss: 0.0000
trian begin
trian end
n_person 383
SAMPLE
F1_MI: 0.7809319764327799 F1_MA: 0.40885282936591133 ACC_MI: 0.7809319764327799 F1_MA: 0.34293010766308857
BEST_F1_MI: 0.8682378146759507 BEST_F1_MA: 0.4256595238980813 BEST_ACC_MI: 0.8682378146759507 BEST_F1_MA: 0.38969995397824686
[[1391  204  129   11]
 [   3   23   14    1]
 [   1   24   43    2]
 [   1   10    9    1]]
Epoch: [18/200], cls_loss: 0.3629, transfer_loss: 0.0000,person_loss: 0.0000, total_Loss: 0.0000
trian begin
trian end
n_person 383
SAMPLE
F1_MI: 0.0712372790573112 F1_MA: 0.2448230282150903 ACC_MI: 0.0712372790573112 F1_MA: 0.2635238135708865
BEST_F1_MI: 0.8682378146759507 BEST_F1_MA: 0.4256595238980813 BEST_ACC_MI: 0.8682378146759507 BEST_F1_MA: 0.38969995397824686
[[  80   71 1572   12]
 [   3   11   25    2]
 [   2    4   42   22]
 [   3    6   12    0]]
Epoch: [19/200], cls_loss: 0.3243, transfer_loss: 0.0000,person_loss: 0.0000, total_Loss: 0.0000
trian begin
trian end
n_person 383
SAMPLE
F1_MI: 0.8473486877343331 F1_MA: 0.42125681934018055 ACC_MI: 0.8473486877343331 F1_MA: 0.3648532526630628
BEST_F1_MI: 0.8682378146759507 BEST_F1_MA: 0.4256595238980813 BEST_ACC_MI: 0.8682378146759507 BEST_F1_MA: 0.38969995397824686
[[1520   74  112   29]
 [  16   13   11    1]
 [  20    2   46    2]
 [   7    6    5    3]]
Epoch: [20/200], cls_loss: 0.3521, transfer_loss: 0.0000,person_loss: 0.0000, total_Loss: 0.0000
trian begin
trian end
n_person 383
SAMPLE
F1_MI: 0.6850562399571505 F1_MA: 0.34160265747592583 ACC_MI: 0.6850562399571505 F1_MA: 0.28800935197471095
BEST_F1_MI: 0.8682378146759507 BEST_F1_MA: 0.4256595238980813 BEST_ACC_MI: 0.8682378146759507 BEST_F1_MA: 0.38969995397824686
[[1214  100  419    2]
 [   3    5   33    0]
 [   2    6   60    2]
 [   1    5   15    0]]
Epoch: [21/200], cls_loss: 0.3202, transfer_loss: 0.0000,person_loss: 0.0000, total_Loss: 0.0000
trian begin
trian end
n_person 383
SAMPLE
F1_MI: 0.035886448848419926 F1_MA: 0.017511761630946157 ACC_MI: 0.035886448848419926 F1_MA: 0.009088442756375475
BEST_F1_MI: 0.8682378146759507 BEST_F1_MA: 0.4256595238980813 BEST_ACC_MI: 0.8682378146759507 BEST_F1_MA: 0.38969995397824686
[[   0   19 1714    2]
 [   0    0   41    0]
 [   0    0   67    3]
 [   0    0   21    0]]
Epoch: [22/200], cls_loss: 0.3148, transfer_loss: 0.0000,person_loss: 0.0000, total_Loss: 0.0000
trian begin
trian end
n_person 383
SAMPLE
F1_MI: 0.8103910016068561 F1_MA: 0.4051611296964387 ACC_MI: 0.810391001606856 F1_MA: 0.3554055279817214
BEST_F1_MI: 0.8682378146759507 BEST_F1_MA: 0.4256595238980813 BEST_ACC_MI: 0.8682378146759507 BEST_F1_MA: 0.38969995397824686
[[1462  238   35    0]
 [   8   31    2    0]
 [   6   43   20    1]
 [   4   15    2    0]]
Epoch: [23/200], cls_loss: 0.2997, transfer_loss: 0.0000,person_loss: 0.0000, total_Loss: 0.0000
trian begin
trian end
n_person 383
SAMPLE
F1_MI: 0.8361006963042313 F1_MA: 0.3888619542158844 ACC_MI: 0.8361006963042313 F1_MA: 0.34086361099343004
BEST_F1_MI: 0.8682378146759507 BEST_F1_MA: 0.4256595238980813 BEST_ACC_MI: 0.8682378146759507 BEST_F1_MA: 0.38969995397824686
[[1513  172   50    0]
 [  12   25    4    0]
 [  21   25   23    1]
 [   4   12    5    0]]
Epoch: [24/200], cls_loss: 0.2875, transfer_loss: 0.0000,person_loss: 0.0000, total_Loss: 0.0000
trian begin
trian end
n_person 383
SAMPLE
F1_MI: 0.6347080878414569 F1_MA: 0.3507148080867143 ACC_MI: 0.6347080878414569 F1_MA: 0.2922371141633437
BEST_F1_MI: 0.8682378146759507 BEST_F1_MA: 0.4256595238980813 BEST_ACC_MI: 0.8682378146759507 BEST_F1_MA: 0.38969995397824686
[[1115  281  339    0]
 [   0   11   30    0]
 [   0    8   59    3]
 [   0    5   16    0]]
Epoch: [25/200], cls_loss: 0.2879, transfer_loss: 0.0000,person_loss: 0.0000, total_Loss: 0.0000
trian begin
trian end
n_person 383
SAMPLE
F1_MI: 0.8912694161756829 F1_MA: 0.3841681504153327 ACC_MI: 0.8912694161756829 F1_MA: 0.4022124220918065
BEST_F1_MI: 0.8912694161756829 BEST_F1_MA: 0.4256595238980813 BEST_ACC_MI: 0.8912694161756829 BEST_F1_MA: 0.4022124220918065
[[1637   89    9    0]
 [  26   14    1    0]
 [  48    9   13    0]
 [  13    7    1    0]]
Epoch: [26/200], cls_loss: 0.2983, transfer_loss: 0.0000,person_loss: 0.0000, total_Loss: 0.0000
trian begin
trian end
n_person 383
SAMPLE
F1_MI: 0.822710230316015 F1_MA: 0.33422404789604326 ACC_MI: 0.822710230316015 F1_MA: 0.29140667965051126
BEST_F1_MI: 0.8912694161756829 BEST_F1_MA: 0.4256595238980813 BEST_ACC_MI: 0.8912694161756829 BEST_F1_MA: 0.4022124220918065
[[1487   20  228    0]
 [  11    1   29    0]
 [  18    3   48    1]
 [   5    3   13    0]]
Epoch: [27/200], cls_loss: 0.2802, transfer_loss: 0.0000,person_loss: 0.0000, total_Loss: 0.0000
trian begin
trian end
n_person 383
SAMPLE
F1_MI: 0.8543117300482057 F1_MA: 0.3786625366021571 ACC_MI: 0.8543117300482057 F1_MA: 0.36940176896274457
BEST_F1_MI: 0.8912694161756829 BEST_F1_MA: 0.4256595238980813 BEST_ACC_MI: 0.8912694161756829 BEST_F1_MA: 0.4022124220918065
[[1562  155   17    1]
 [  20   18    3    0]
 [  38   16   15    1]
 [   5   16    0    0]]
Epoch: [28/200], cls_loss: 0.2757, transfer_loss: 0.0000,person_loss: 0.0000, total_Loss: 0.0000
trian begin
trian end
n_person 383
SAMPLE
F1_MI: 0.017675415104445636 F1_MA: 0.15863565202198515 ACC_MI: 0.017675415104445636 F1_MA: 0.21822126863062413
BEST_F1_MI: 0.8912694161756829 BEST_F1_MA: 0.4256595238980813 BEST_ACC_MI: 0.8912694161756829 BEST_F1_MA: 0.4022124220918065
[[  11  101  133 1490]
 [   1   11   21    8]
 [   1    8    9   52]
 [   2    8    9    2]]
Epoch: [29/200], cls_loss: 0.2724, transfer_loss: 0.0000,person_loss: 0.0000, total_Loss: 0.0000
trian begin
trian end
n_person 383
SAMPLE
F1_MI: 0.023567220139260846 F1_MA: 0.2620388324582272 ACC_MI: 0.023567220139260846 F1_MA: 0.2985181648347019
BEST_F1_MI: 0.8912694161756829 BEST_F1_MA: 0.4256595238980813 BEST_ACC_MI: 0.8912694161756829 BEST_F1_MA: 0.4022124220918065
[[   3 1675   39   18]
 [   0   31    8    2]
 [   0   35    9   26]
 [   0   18    2    1]]
Epoch: [30/200], cls_loss: 0.2482, transfer_loss: 0.0000,person_loss: 0.0000, total_Loss: 0.0000
trian begin
trian end
n_person 383
SAMPLE
F1_MI: 0.032137118371719335 F1_MA: 0.2737040803641304 ACC_MI: 0.032137118371719335 F1_MA: 0.294797637751169
BEST_F1_MI: 0.8912694161756829 BEST_F1_MA: 0.4256595238980813 BEST_ACC_MI: 0.8912694161756829 BEST_F1_MA: 0.4022124220918065
[[   2 1566  160    7]
 [   0   19   20    2]
 [   0   17   39   14]
 [   0    7   14    0]]
Epoch: [31/200], cls_loss: 0.2426, transfer_loss: 0.0000,person_loss: 0.0000, total_Loss: 0.0000
trian begin
trian end
n_person 383
SAMPLE
F1_MI: 0.7809319764327799 F1_MA: 0.3676229386336689 ACC_MI: 0.7809319764327799 F1_MA: 0.3103948524149607
BEST_F1_MI: 0.8912694161756829 BEST_F1_MA: 0.4256595238980813 BEST_ACC_MI: 0.8912694161756829 BEST_F1_MA: 0.4022124220918065
[[1390   35  269   41]
 [   1    3   35    2]
 [   2    0   65    3]
 [   1    1   19    0]]
Epoch: [32/200], cls_loss: 0.2328, transfer_loss: 0.0000,person_loss: 0.0000, total_Loss: 0.0000
trian begin
trian end
n_person 383
SAMPLE
F1_MI: 0.01981788966256026 F1_MA: 0.07127478975163397 ACC_MI: 0.01981788966256026 F1_MA: 0.04339588257271184
BEST_F1_MI: 0.8912694161756829 BEST_F1_MA: 0.4256595238980813 BEST_ACC_MI: 0.8912694161756829 BEST_F1_MA: 0.4022124220918065
[[   0  201  129 1405]
 [   0   20   14    7]
 [   0   13   15   42]
 [   0   12    7    2]]
Epoch: [33/200], cls_loss: 0.2416, transfer_loss: 0.0000,person_loss: 0.0000, total_Loss: 0.0000
trian begin
trian end
n_person 383
SAMPLE
F1_MI: 0.26941617568291376 F1_MA: 0.3073178583994865 ACC_MI: 0.26941617568291376 F1_MA: 0.2808605313880461
BEST_F1_MI: 0.8912694161756829 BEST_F1_MA: 0.4256595238980813 BEST_ACC_MI: 0.8912694161756829 BEST_F1_MA: 0.4022124220918065
[[ 434   69 1232    0]
 [  11   12   18    0]
 [   7    6   57    0]
 [   3    8   10    0]]
Epoch: [34/200], cls_loss: 0.2575, transfer_loss: 0.0000,person_loss: 0.0000, total_Loss: 0.0000
trian begin
trian end
n_person 383
SAMPLE
F1_MI: 0.8500267809319765 F1_MA: 0.3133718808348314 ACC_MI: 0.8500267809319765 F1_MA: 0.28754045047361876
BEST_F1_MI: 0.8912694161756829 BEST_F1_MA: 0.4256595238980813 BEST_ACC_MI: 0.8912694161756829 BEST_F1_MA: 0.4022124220918065
[[1554   15  166    0]
 [  20    1   20    0]
 [  36    2   32    0]
 [   6    2   13    0]]
Epoch: [35/200], cls_loss: 0.2332, transfer_loss: 0.0000,person_loss: 0.0000, total_Loss: 0.0000
trian begin
trian end
n_person 383
SAMPLE
F1_MI: 0.853776111408677 F1_MA: 0.35281725871306596 ACC_MI: 0.853776111408677 F1_MA: 0.32742466484810073
BEST_F1_MI: 0.8912694161756829 BEST_F1_MA: 0.4256595238980813 BEST_ACC_MI: 0.8912694161756829 BEST_F1_MA: 0.4022124220918065
[[1559  129   47    0]
 [  22   13    6    0]
 [  32   15   22    1]
 [   9    5    7    0]]
Epoch: [36/200], cls_loss: 0.2283, transfer_loss: 0.0000,person_loss: 0.0000, total_Loss: 0.0000
trian begin
trian end
n_person 383
SAMPLE
F1_MI: 0.03963577932512052 F1_MA: 0.057692046648452296 ACC_MI: 0.03963577932512052 F1_MA: 0.032166473171470394
BEST_F1_MI: 0.8912694161756829 BEST_F1_MA: 0.4256595238980813 BEST_ACC_MI: 0.8912694161756829 BEST_F1_MA: 0.4022124220918065
[[   0   54 1681    0]
 [   0    6   35    0]
 [   0    2   68    0]
 [   0    4   17    0]]
Epoch: [37/200], cls_loss: 0.2118, transfer_loss: 0.0000,person_loss: 0.0000, total_Loss: 0.0000
trian begin
trian end
n_person 383
SAMPLE
F1_MI: 0.06748794858061061 F1_MA: 0.27033464401426505 ACC_MI: 0.06748794858061061 F1_MA: 0.2669526637268573
BEST_F1_MI: 0.8912694161756829 BEST_F1_MA: 0.4256595238980813 BEST_ACC_MI: 0.8912694161756829 BEST_F1_MA: 0.4022124220918065
[[  59   49  269 1358]
 [   8    7   24    2]
 [   3    5   59    3]
 [   4    4   12    1]]
Epoch: [38/200], cls_loss: 0.2290, transfer_loss: 0.0000,person_loss: 0.0000, total_Loss: 0.0000
trian begin
trian end
n_person 383
SAMPLE
F1_MI: 0.8002142474558114 F1_MA: 0.42366541336815666 ACC_MI: 0.8002142474558115 F1_MA: 0.391780784598005
BEST_F1_MI: 0.8912694161756829 BEST_F1_MA: 0.4256595238980813 BEST_ACC_MI: 0.8912694161756829 BEST_F1_MA: 0.4022124220918065
[[1449  269   17    0]
 [   6   33    2    0]
 [  13   41   11    5]
 [   5   11    4    1]]
Epoch: [39/200], cls_loss: 0.2092, transfer_loss: 0.0000,person_loss: 0.0000, total_Loss: 0.0000
trian begin
trian end
n_person 383
SAMPLE
F1_MI: 0.825923942153187 F1_MA: 0.37291410859201185 ACC_MI: 0.825923942153187 F1_MA: 0.33089830830469197
BEST_F1_MI: 0.8912694161756829 BEST_F1_MA: 0.4256595238980813 BEST_ACC_MI: 0.8912694161756829 BEST_F1_MA: 0.4022124220918065
[[1492   71  166    6]
 [   9   10   22    0]
 [  18    6   39    7]
 [   3    5   12    1]]
Epoch: [40/200], cls_loss: 0.2064, transfer_loss: 0.0000,person_loss: 0.0000, total_Loss: 0.0000
trian begin
trian end
n_person 383
SAMPLE
F1_MI: 0.049276914836636314 F1_MA: 0.2707882479139106 ACC_MI: 0.049276914836636314 F1_MA: 0.2405955937766443
BEST_F1_MI: 0.8912694161756829 BEST_F1_MA: 0.4256595238980813 BEST_ACC_MI: 0.8912694161756829 BEST_F1_MA: 0.4022124220918065
[[  21 1565  146    3]
 [   4   21   16    0]
 [   2   18   50    0]
 [   2    9   10    0]]
Epoch: [41/200], cls_loss: 0.2170, transfer_loss: 0.0000,person_loss: 0.0000, total_Loss: 0.0000
trian begin
trian end
n_person 383
SAMPLE
F1_MI: 0.7755757900374932 F1_MA: 0.3653055025170536 ACC_MI: 0.7755757900374933 F1_MA: 0.322847595795536
BEST_F1_MI: 0.8912694161756829 BEST_F1_MA: 0.4256595238980813 BEST_ACC_MI: 0.8912694161756829 BEST_F1_MA: 0.4022124220918065
[[1409  303   23    0]
 [   9   31    1    0]
 [  10   45    8    7]
 [   4   14    3    0]]
Epoch: [42/200], cls_loss: 0.1862, transfer_loss: 0.0000,person_loss: 0.0000, total_Loss: 0.0000
trian begin
trian end
n_person 383
SAMPLE
F1_MI: 0.7878950187466522 F1_MA: 0.3767508235779837 ACC_MI: 0.7878950187466524 F1_MA: 0.3294506084653879
BEST_F1_MI: 0.8912694161756829 BEST_F1_MA: 0.4256595238980813 BEST_ACC_MI: 0.8912694161756829 BEST_F1_MA: 0.4022124220918065
[[1428  207   59   41]
 [   6   22    7    6]
 [  12   33   18    7]
 [   2    9    7    3]]
Epoch: [43/200], cls_loss: 0.1989, transfer_loss: 0.0000,person_loss: 0.0000, total_Loss: 0.0000
trian begin
trian end
n_person 383
SAMPLE
F1_MI: 0.03642206748794858 F1_MA: 0.3061035693003713 ACC_MI: 0.03642206748794858 F1_MA: 0.30388078995576007
BEST_F1_MI: 0.8912694161756829 BEST_F1_MA: 0.4256595238980813 BEST_ACC_MI: 0.8912694161756829 BEST_F1_MA: 0.4022124220918065
[[   3 1612  120    0]
 [   0   30   11    0]
 [   0   35   35    0]
 [   0   10   11    0]]
Epoch: [44/200], cls_loss: 0.1922, transfer_loss: 0.0000,person_loss: 0.0000, total_Loss: 0.0000
trian begin
trian end
n_person 383
SAMPLE
F1_MI: 0.8564542046063202 F1_MA: 0.35046312750672387 ACC_MI: 0.8564542046063203 F1_MA: 0.3182864580010677
BEST_F1_MI: 0.8912694161756829 BEST_F1_MA: 0.4256595238980813 BEST_ACC_MI: 0.8912694161756829 BEST_F1_MA: 0.4022124220918065
[[1565  115   55    0]
 [  18   17    6    0]
 [  38   15   17    0]
 [   5   10    6    0]]
Epoch: [45/200], cls_loss: 0.1697, transfer_loss: 0.0000,person_loss: 0.0000, total_Loss: 0.0000
trian begin
trian end
n_person 383
SAMPLE
F1_MI: 0.7841456882699518 F1_MA: 0.3748025646508618 ACC_MI: 0.7841456882699518 F1_MA: 0.3119950677405257
BEST_F1_MI: 0.8912694161756829 BEST_F1_MA: 0.4256595238980813 BEST_ACC_MI: 0.8912694161756829 BEST_F1_MA: 0.4022124220918065
[[1396   87  252    0]
 [   5   10   26    0]
 [   2   10   58    0]
 [   2    7   12    0]]
Epoch: [46/200], cls_loss: 0.1730, transfer_loss: 0.0000,person_loss: 0.0000, total_Loss: 0.0000
trian begin
trian end
n_person 383
SAMPLE
F1_MI: 0.8393144081414035 F1_MA: 0.3822984618428802 ACC_MI: 0.8393144081414033 F1_MA: 0.32790885270661463
BEST_F1_MI: 0.8912694161756829 BEST_F1_MA: 0.4256595238980813 BEST_ACC_MI: 0.8912694161756829 BEST_F1_MA: 0.4022124220918065
[[1508  103  124    0]
 [  14   12   15    0]
 [  11   12   47    0]
 [   4    9    8    0]]
Epoch: [47/200], cls_loss: 0.1764, transfer_loss: 0.0000,person_loss: 0.0000, total_Loss: 0.0000
trian begin
trian end
n_person 383
