lmmd 1 77G own DSAN/DSAN.yaml False
Namespace(backbone='resnet50', batch_size=32, config='DSAN/DSAN.yaml', data_dir='data', device=device(type='cuda'), early_stop=50, epoch_based_training=False, lr=0.003, lr_decay=0.75, lr_gamma=0.0003, lr_scheduler=True, method='False', momentum=0.9, myweight=0.1, n_epoch=200, n_iter_per_epoch=200, num_workers=3, seed=1, src_domain='77G', tgt_domain='own', tname='transfer', transfer_loss='lmmd', transfer_loss_weight=0.5, use_bottleneck=True, weight_decay=0.0005)
JUST DO IT
run my Parkinson code
transfer
TRAIN Length: 2905 290 TEST Length: 3299 578
YYY: 0 3
DATA_PROFILE   train: 2905 train2: 3299 test: 3299
DATASET.SHAPE: <data_loader.GetTrainLoader object at 0x7efdf59cf2b0> True
DATASET.SHAPE: <data_loader.GetTrainLoader object at 0x7efded6a2f70> True
DATASET.SHAPE: <data_loader.GetTestLoader object at 0x7efded647700> False
CLASS: 4 578
LLL: {}
BOTTLENECK_LIST: [Linear(in_features=512, out_features=256, bias=True), ReLU()]
TYPE: {'loss_type': 'lmmd', 'max_iter': 18000, 'num_class': 4, 'my_person_item': <my_person_item.PersonItem object at 0x7efded647850>}
KWARGS {'my_person_item': <my_person_item.PersonItem object at 0x7efded647850>}
initial_lr 1.0
transfer_world
method False <class 'str'>
1.8.1+cu111
True
LEN: 0 0
LOADER: <data_loader.InfiniteDataLoader object at 0x7efded6a2130> <data_loader.InfiniteDataLoader object at 0x7efded647880>
N_batch: 90
trian begin
trian end
n_person 578
SAMPLE
F1_MI: 0.022431039709002728 F1_MA: 0.15132082938248775 ACC_MI: 0.022431039709002728 F1_MA: 0.10606576433623847
BEST_F1_MI: 0.022431039709002728 BEST_F1_MA: 0.15132082938248775 BEST_ACC_MI: 0.022431039709002728 BEST_F1_MA: 0.10606576433623847
[[   0 2994   89    2]
 [   0   11   41   23]
 [   0    7   47   50]
 [   0    4   15   16]]
Epoch: [ 1/200], cls_loss: 0.9449, transfer_loss: 0.0008,person_loss: 0.0000, total_Loss: 0.9453
trian begin
trian end
n_person 578
SAMPLE
F1_MI: 0.026977872082449228 F1_MA: 0.1216576396259031 ACC_MI: 0.026977872082449228 F1_MA: 0.07806118964693026
BEST_F1_MI: 0.026977872082449228 BEST_F1_MA: 0.15132082938248775 BEST_ACC_MI: 0.026977872082449228 BEST_F1_MA: 0.10606576433623847
[[   0    0 3084    1]
 [   0    0   72    3]
 [   0    0   76   28]
 [   0    0   22   13]]
Epoch: [ 2/200], cls_loss: 0.6967, transfer_loss: 0.0023,person_loss: 0.0000, total_Loss: 0.6978
trian begin
trian end
n_person 578
SAMPLE
F1_MI: 0.030009093664746894 F1_MA: 0.1404761454988934 ACC_MI: 0.030009093664746894 F1_MA: 0.09267563169984686
BEST_F1_MI: 0.030009093664746894 BEST_F1_MA: 0.15132082938248775 BEST_ACC_MI: 0.030009093664746894 BEST_F1_MA: 0.10606576433623847
[[   0    2 3083    0]
 [   0    0   70    5]
 [   0    0   88   16]
 [   0    0   24   11]]
Epoch: [ 3/200], cls_loss: 0.6491, transfer_loss: 0.0037,person_loss: 0.0000, total_Loss: 0.6510
trian begin
trian end
n_person 578
SAMPLE
F1_MI: 0.010609275538041831 F1_MA: 0.014705882352941178 ACC_MI: 0.010609275538041831 F1_MA: 0.007575757575757576
BEST_F1_MI: 0.030009093664746894 BEST_F1_MA: 0.15132082938248775 BEST_ACC_MI: 0.030009093664746894 BEST_F1_MA: 0.10606576433623847
[[   0    0 2144  941]
 [   0    0    0   75]
 [   0    0    0  104]
 [   0    0    0   35]]
Epoch: [ 4/200], cls_loss: 0.6307, transfer_loss: 0.0064,person_loss: 0.0000, total_Loss: 0.6339
trian begin
trian end
n_person 578
SAMPLE
F1_MI: 0.9357381024552894 F1_MA: 0.3976215187006126 ACC_MI: 0.9357381024552894 F1_MA: 0.5458711851324071
BEST_F1_MI: 0.9357381024552894 BEST_F1_MA: 0.3976215187006126 BEST_ACC_MI: 0.9357381024552894 BEST_F1_MA: 0.5458711851324071
[[3071   14    0    0]
 [  62   12    1    0]
 [  57   45    1    1]
 [  18   13    1    3]]
Epoch: [ 5/200], cls_loss: 0.6027, transfer_loss: 0.0088,person_loss: 0.0000, total_Loss: 0.6071
trian begin
trian end
n_person 578
SAMPLE
F1_MI: 0.7584116398908759 F1_MA: 0.36124521585822966 ACC_MI: 0.758411639890876 F1_MA: 0.31261017727131957
BEST_F1_MI: 0.9357381024552894 BEST_F1_MA: 0.3976215187006126 BEST_ACC_MI: 0.9357381024552894 BEST_F1_MA: 0.5458711851324071
[[2452  419  198   16]
 [   0    5   31   39]
 [   0   11   23   70]
 [   0    8    5   22]]
Epoch: [ 6/200], cls_loss: 0.5815, transfer_loss: 0.0098,person_loss: 0.0000, total_Loss: 0.5864
trian begin
trian end
n_person 578
SAMPLE
F1_MI: 0.15822976659593815 F1_MA: 0.26420661341770696 ACC_MI: 0.15822976659593815 F1_MA: 0.280741712311586
BEST_F1_MI: 0.9357381024552894 BEST_F1_MA: 0.3976215187006126 BEST_ACC_MI: 0.9357381024552894 BEST_F1_MA: 0.5458711851324071
[[ 487 2398   32  168]
 [   0    8    3   64]
 [   0   12    2   90]
 [   0    5    5   25]]
Epoch: [ 7/200], cls_loss: 0.5177, transfer_loss: 0.0121,person_loss: 0.0000, total_Loss: 0.5238
trian begin
trian end
n_person 578
SAMPLE
F1_MI: 0.9418005456198848 F1_MA: 0.47324047199652497 ACC_MI: 0.9418005456198848 F1_MA: 0.46916342769483055
BEST_F1_MI: 0.9418005456198848 BEST_F1_MA: 0.47324047199652497 BEST_ACC_MI: 0.9418005456198848 BEST_F1_MA: 0.5458711851324071
[[3046   31    8    0]
 [  17   24   10   24]
 [  12   26   24   42]
 [   3    8   11   13]]
Epoch: [ 8/200], cls_loss: 0.5118, transfer_loss: 0.0138,person_loss: 0.0000, total_Loss: 0.5187
trian begin
trian end
n_person 578
SAMPLE
F1_MI: 0.8111548954228555 F1_MA: 0.35026803273067636 ACC_MI: 0.8111548954228555 F1_MA: 0.2904692213192758
BEST_F1_MI: 0.9418005456198848 BEST_F1_MA: 0.47324047199652497 BEST_ACC_MI: 0.9418005456198848 BEST_F1_MA: 0.5458711851324071
[[2634  417    0   34]
 [   1   19    0   55]
 [   0   28    0   76]
 [   0   12    0   23]]
Epoch: [ 9/200], cls_loss: 0.5139, transfer_loss: 0.0132,person_loss: 0.0000, total_Loss: 0.5205
trian begin
trian end
n_person 578
SAMPLE
F1_MI: 0.9366474689299787 F1_MA: 0.3455142885612646 ACC_MI: 0.9366474689299787 F1_MA: 0.3298454631787965
BEST_F1_MI: 0.9418005456198848 BEST_F1_MA: 0.47324047199652497 BEST_ACC_MI: 0.9418005456198848 BEST_F1_MA: 0.5458711851324071
[[3066   18    0    1]
 [  44   15    2   14]
 [  39   34    0   31]
 [  10   14    2    9]]
Epoch: [10/200], cls_loss: 0.5046, transfer_loss: 0.0151,person_loss: 0.0000, total_Loss: 0.5122
trian begin
trian end
n_person 578
SAMPLE
F1_MI: 0.9169445286450439 F1_MA: 0.4137796822326949 ACC_MI: 0.9169445286450439 F1_MA: 0.36526701534137107
BEST_F1_MI: 0.9418005456198848 BEST_F1_MA: 0.47324047199652497 BEST_ACC_MI: 0.9418005456198848 BEST_F1_MA: 0.5458711851324071
[[2972   58   45   10]
 [   2    5   28   40]
 [   0   11   26   67]
 [   0    3   10   22]]
Epoch: [11/200], cls_loss: 0.4819, transfer_loss: 0.0188,person_loss: 0.0000, total_Loss: 0.4914
trian begin
trian end
n_person 578
SAMPLE
F1_MI: 0.8617762958472265 F1_MA: 0.3859061669585448 ACC_MI: 0.8617762958472265 F1_MA: 0.3263420407454235
BEST_F1_MI: 0.9418005456198848 BEST_F1_MA: 0.47324047199652497 BEST_ACC_MI: 0.9418005456198848 BEST_F1_MA: 0.5458711851324071
[[2794  174   78   39]
 [   0    5   20   50]
 [   0    2   18   84]
 [   0    3    6   26]]
Epoch: [12/200], cls_loss: 0.4695, transfer_loss: 0.0175,person_loss: 0.0000, total_Loss: 0.4782
trian begin
trian end
n_person 578
SAMPLE
F1_MI: 0.9399818126705062 F1_MA: 0.49794088124735575 ACC_MI: 0.9399818126705062 F1_MA: 0.4735854316354174
BEST_F1_MI: 0.9418005456198848 BEST_F1_MA: 0.49794088124735575 BEST_ACC_MI: 0.9418005456198848 BEST_F1_MA: 0.5458711851324071
[[3021   47   14    3]
 [   8   18   28   21]
 [   2   31   47   24]
 [   1   13    6   15]]
Epoch: [13/200], cls_loss: 0.4627, transfer_loss: 0.0219,person_loss: 0.0000, total_Loss: 0.4736
trian begin
trian end
n_person 578
SAMPLE
F1_MI: 0.9460442558351014 F1_MA: 0.5503469015590369 ACC_MI: 0.9460442558351015 F1_MA: 0.5419676030660546
BEST_F1_MI: 0.9460442558351014 BEST_F1_MA: 0.5503469015590369 BEST_ACC_MI: 0.9460442558351015 BEST_F1_MA: 0.5458711851324071
[[3031   49    5    0]
 [  11   33   16   15]
 [   4   37   43   20]
 [   3   15    3   14]]
Epoch: [14/200], cls_loss: 0.4484, transfer_loss: 0.0190,person_loss: 0.0000, total_Loss: 0.4579
trian begin
trian end
n_person 578
SAMPLE
F1_MI: 0.936344346771749 F1_MA: 0.5342906098508982 ACC_MI: 0.936344346771749 F1_MA: 0.5670485968280087
BEST_F1_MI: 0.9460442558351014 BEST_F1_MA: 0.5503469015590369 BEST_ACC_MI: 0.9460442558351015 BEST_F1_MA: 0.5670485968280087
[[3028   55    2    0]
 [  23   35    0   17]
 [   8   49    9   38]
 [   1   17    0   17]]
Epoch: [15/200], cls_loss: 0.4393, transfer_loss: 0.0170,person_loss: 0.0000, total_Loss: 0.4478
trian begin
trian end
n_person 578
SAMPLE
F1_MI: 0.018490451652015762 F1_MA: 0.09725207623667596 ACC_MI: 0.018490451652015762 F1_MA: 0.06005343631271521
BEST_F1_MI: 0.9460442558351014 BEST_F1_MA: 0.5503469015590369 BEST_ACC_MI: 0.9460442558351015 BEST_F1_MA: 0.5670485968280087
[[   0 2798  214   73]
 [   0    5   36   34]
 [   0   15   34   55]
 [   0   11    2   22]]
Epoch: [16/200], cls_loss: 0.4500, transfer_loss: 0.0186,person_loss: 0.0000, total_Loss: 0.4593
trian begin
trian end
n_person 578
SAMPLE
F1_MI: 0.949378599575629 F1_MA: 0.4535158879553391 ACC_MI: 0.949378599575629 F1_MA: 0.46455809474683885
BEST_F1_MI: 0.949378599575629 BEST_F1_MA: 0.5503469015590369 BEST_ACC_MI: 0.949378599575629 BEST_F1_MA: 0.5670485968280087
[[3061   21    3    0]
 [  25   21   25    4]
 [  19   31   49    5]
 [   5   14   15    1]]
Epoch: [17/200], cls_loss: 0.4562, transfer_loss: 0.0180,person_loss: 0.0000, total_Loss: 0.4652
trian begin
trian end
n_person 578
SAMPLE
F1_MI: 0.9360412246135192 F1_MA: 0.45685076080593906 ACC_MI: 0.9360412246135192 F1_MA: 0.40671008277433074
BEST_F1_MI: 0.949378599575629 BEST_F1_MA: 0.5503469015590369 BEST_ACC_MI: 0.949378599575629 BEST_F1_MA: 0.5670485968280087
[[3013   26   39    7]
 [   5    2   35   33]
 [   1    6   53   44]
 [   1    2   12   20]]
Epoch: [18/200], cls_loss: 0.4012, transfer_loss: 0.0179,person_loss: 0.0000, total_Loss: 0.4102
trian begin
trian end
n_person 578
SAMPLE
F1_MI: 0.914216429220976 F1_MA: 0.4692959302344754 ACC_MI: 0.914216429220976 F1_MA: 0.443745736011923
BEST_F1_MI: 0.949378599575629 BEST_F1_MA: 0.5503469015590369 BEST_ACC_MI: 0.949378599575629 BEST_F1_MA: 0.5670485968280087
[[2915   15  155    0]
 [   2    0   73    0]
 [   1    2   97    4]
 [   1    4   26    4]]
Epoch: [19/200], cls_loss: 0.4145, transfer_loss: 0.0162,person_loss: 0.0000, total_Loss: 0.4226
trian begin
trian end
n_person 578
SAMPLE
F1_MI: 0.9472567444680207 F1_MA: 0.4312313097683338 ACC_MI: 0.9472567444680207 F1_MA: 0.4451410188988865
BEST_F1_MI: 0.949378599575629 BEST_F1_MA: 0.5503469015590369 BEST_ACC_MI: 0.949378599575629 BEST_F1_MA: 0.5670485968280087
[[3058    6   20    1]
 [  39   10   18    8]
 [  25   11   57   11]
 [   9    5   21    0]]
Epoch: [20/200], cls_loss: 0.4078, transfer_loss: 0.0165,person_loss: 0.0000, total_Loss: 0.4161
trian begin
trian end
n_person 578
SAMPLE
F1_MI: 0.01424674143679903 F1_MA: 0.057174412713535114 ACC_MI: 0.01424674143679903 F1_MA: 0.03327221473831263
BEST_F1_MI: 0.949378599575629 BEST_F1_MA: 0.5503469015590369 BEST_ACC_MI: 0.949378599575629 BEST_F1_MA: 0.5670485968280087
[[   0    0 3071   14]
 [   0    0   30   45]
 [   0    1   28   75]
 [   0    1   15   19]]
Epoch: [21/200], cls_loss: 0.3879, transfer_loss: 0.0202,person_loss: 0.0000, total_Loss: 0.3980
trian begin
trian end
n_person 578
SAMPLE
F1_MI: 0.9378599575628979 F1_MA: 0.46402712214144826 ACC_MI: 0.9378599575628979 F1_MA: 0.4472612401249174
BEST_F1_MI: 0.949378599575629 BEST_F1_MA: 0.5503469015590369 BEST_ACC_MI: 0.949378599575629 BEST_F1_MA: 0.5670485968280087
[[3014   66    5    0]
 [  12   49    7    7]
 [  11   55   31    7]
 [   4   16   15    0]]
Epoch: [22/200], cls_loss: 0.3724, transfer_loss: 0.0177,person_loss: 0.0000, total_Loss: 0.3813
trian begin
trian end
n_person 578
SAMPLE
F1_MI: 0.017884207335556228 F1_MA: 0.24940993652913543 ACC_MI: 0.017884207335556228 F1_MA: 0.2877811919851482
BEST_F1_MI: 0.949378599575629 BEST_F1_MA: 0.5503469015590369 BEST_ACC_MI: 0.949378599575629 BEST_F1_MA: 0.5670485968280087
[[   1    0 3076    8]
 [   0    0   40   35]
 [   0    0   41   63]
 [   0    0   18   17]]
Epoch: [23/200], cls_loss: 0.3590, transfer_loss: 0.0163,person_loss: 0.0000, total_Loss: 0.3671
trian begin
trian end
n_person 578
SAMPLE
F1_MI: 0.022431039709002728 F1_MA: 0.07947085511193355 ACC_MI: 0.022431039709002728 F1_MA: 0.04695451703657393
BEST_F1_MI: 0.949378599575629 BEST_F1_MA: 0.5503469015590369 BEST_ACC_MI: 0.949378599575629 BEST_F1_MA: 0.5670485968280087
[[   0    0 3080    5]
 [   0    0   44   31]
 [   0    0   57   47]
 [   0    0   18   17]]
Epoch: [24/200], cls_loss: 0.3592, transfer_loss: 0.0197,person_loss: 0.0000, total_Loss: 0.3691
trian begin
trian end
n_person 578
SAMPLE
F1_MI: 0.02849348287359806 F1_MA: 0.0720453665437283 ACC_MI: 0.02849348287359806 F1_MA: 0.041344144980668705
BEST_F1_MI: 0.949378599575629 BEST_F1_MA: 0.5503469015590369 BEST_ACC_MI: 0.949378599575629 BEST_F1_MA: 0.5670485968280087
[[   0 2902  181    2]
 [   0   58   16    1]
 [   0   65   36    3]
 [   0   22   13    0]]
Epoch: [25/200], cls_loss: 0.3412, transfer_loss: 0.0172,person_loss: 0.0000, total_Loss: 0.3498
trian begin
trian end
n_person 578
SAMPLE
F1_MI: 0.9451348893604122 F1_MA: 0.3780755308904097 ACC_MI: 0.9451348893604122 F1_MA: 0.3438172066530759
BEST_F1_MI: 0.949378599575629 BEST_F1_MA: 0.5503469015590369 BEST_ACC_MI: 0.949378599575629 BEST_F1_MA: 0.5670485968280087
[[3046    5   33    1]
 [  19    0   56    0]
 [  20   12   72    0]
 [   4    7   24    0]]
Epoch: [26/200], cls_loss: 0.3598, transfer_loss: 0.0173,person_loss: 0.0000, total_Loss: 0.3684
trian begin
trian end
n_person 578
SAMPLE
F1_MI: 0.9369505910882086 F1_MA: 0.3916441442386041 ACC_MI: 0.9369505910882086 F1_MA: 0.4744176029442614
BEST_F1_MI: 0.949378599575629 BEST_F1_MA: 0.5503469015590369 BEST_ACC_MI: 0.949378599575629 BEST_F1_MA: 0.5670485968280087
[[3067   16    2    0]
 [  54   14    3    4]
 [  45   51    7    1]
 [  12   15    5    3]]
Epoch: [27/200], cls_loss: 0.3123, transfer_loss: 0.0174,person_loss: 0.0000, total_Loss: 0.3210
trian begin
trian end
n_person 578
SAMPLE
F1_MI: 0.8263110033343437 F1_MA: 0.3917014232038594 ACC_MI: 0.8263110033343437 F1_MA: 0.354895205822457
BEST_F1_MI: 0.949378599575629 BEST_F1_MA: 0.5503469015590369 BEST_ACC_MI: 0.949378599575629 BEST_F1_MA: 0.5670485968280087
[[2646   19  416    4]
 [   2    2   65    6]
 [   0   25   72    7]
 [   0   16   13    6]]
Epoch: [28/200], cls_loss: 0.3067, transfer_loss: 0.0239,person_loss: 0.0000, total_Loss: 0.3187
trian begin
trian end
n_person 578
SAMPLE
F1_MI: 0.023037284025462266 F1_MA: 0.1179583292815107 ACC_MI: 0.023037284025462262 F1_MA: 0.07704996310283457
BEST_F1_MI: 0.949378599575629 BEST_F1_MA: 0.5503469015590369 BEST_ACC_MI: 0.949378599575629 BEST_F1_MA: 0.5670485968280087
[[   0 3084    0    1]
 [   0   74    1    0]
 [   0  102    2    0]
 [   0   31    4    0]]
Epoch: [29/200], cls_loss: 0.3131, transfer_loss: 0.0220,person_loss: 0.0000, total_Loss: 0.3241
trian begin
trian end
n_person 578
SAMPLE
F1_MI: 0.8923916338284329 F1_MA: 0.40703829187651086 ACC_MI: 0.8923916338284329 F1_MA: 0.3813130698885369
BEST_F1_MI: 0.949378599575629 BEST_F1_MA: 0.5503469015590369 BEST_ACC_MI: 0.949378599575629 BEST_F1_MA: 0.5670485968280087
[[2891   94   26   74]
 [   2    4    8   61]
 [   0    2   34   68]
 [   0    7   13   15]]
Epoch: [30/200], cls_loss: 0.3080, transfer_loss: 0.0222,person_loss: 0.0000, total_Loss: 0.3191
trian begin
trian end
n_person 578
SAMPLE
F1_MI: 0.9405880569869658 F1_MA: 0.4117019539296039 ACC_MI: 0.9405880569869658 F1_MA: 0.42344847131677776
BEST_F1_MI: 0.949378599575629 BEST_F1_MA: 0.5503469015590369 BEST_ACC_MI: 0.949378599575629 BEST_F1_MA: 0.5670485968280087
[[3046   31    7    1]
 [  42   18   14    1]
 [  28   36   39    1]
 [   6   17   12    0]]
Epoch: [31/200], cls_loss: 0.2836, transfer_loss: 0.0190,person_loss: 0.0000, total_Loss: 0.2932
trian begin
trian end
n_person 578
SAMPLE
F1_MI: 0.02546226129130039 F1_MA: 0.22776965740633343 ACC_MI: 0.025462261291300393 F1_MA: 0.226402984355037
BEST_F1_MI: 0.949378599575629 BEST_F1_MA: 0.5503469015590369 BEST_ACC_MI: 0.949378599575629 BEST_F1_MA: 0.5670485968280087
[[   0   37 3047    1]
 [   0   14   61    0]
 [   0   37   67    0]
 [   0   16   16    3]]
Epoch: [32/200], cls_loss: 0.3112, transfer_loss: 0.0223,person_loss: 0.0000, total_Loss: 0.3223
trian begin
trian end
n_person 578
SAMPLE
F1_MI: 0.9484692331009397 F1_MA: 0.484362098721447 ACC_MI: 0.9484692331009397 F1_MA: 0.45411487398513206
BEST_F1_MI: 0.949378599575629 BEST_F1_MA: 0.5503469015590369 BEST_ACC_MI: 0.949378599575629 BEST_F1_MA: 0.5670485968280087
[[3027    1   56    1]
 [   8    0   65    2]
 [   3    0   96    5]
 [   1    0   28    6]]
Epoch: [33/200], cls_loss: 0.2796, transfer_loss: 0.0207,person_loss: 0.0000, total_Loss: 0.2900
trian begin
trian end
n_person 578
SAMPLE
F1_MI: 0.9002728099424068 F1_MA: 0.4787561106714769 ACC_MI: 0.9002728099424068 F1_MA: 0.467369767609659
BEST_F1_MI: 0.949378599575629 BEST_F1_MA: 0.5503469015590369 BEST_ACC_MI: 0.949378599575629 BEST_F1_MA: 0.5670485968280087
[[2875    5  205    0]
 [   1    1   73    0]
 [   3    9   88    4]
 [   0    8   21    6]]
Epoch: [34/200], cls_loss: 0.2778, transfer_loss: 0.0237,person_loss: 0.0000, total_Loss: 0.2896
trian begin
trian end
n_person 578
SAMPLE
F1_MI: 0.9457411336768717 F1_MA: 0.4563763778021213 ACC_MI: 0.9457411336768717 F1_MA: 0.45143378254097
BEST_F1_MI: 0.949378599575629 BEST_F1_MA: 0.5503469015590369 BEST_ACC_MI: 0.949378599575629 BEST_F1_MA: 0.5670485968280087
[[3042   32   10    1]
 [  17    4   47    7]
 [  10   20   69    5]
 [   2    9   19    5]]
Epoch: [35/200], cls_loss: 0.2873, transfer_loss: 0.0301,person_loss: 0.0000, total_Loss: 0.3023
trian begin
trian end
n_person 578
SAMPLE
F1_MI: 0.9230069718096393 F1_MA: 0.4262394650562041 ACC_MI: 0.9230069718096393 F1_MA: 0.3957211505869224
BEST_F1_MI: 0.949378599575629 BEST_F1_MA: 0.5503469015590369 BEST_ACC_MI: 0.949378599575629 BEST_F1_MA: 0.5670485968280087
[[2976   66   32   11]
 [   4    8   30   33]
 [   0   17   51   36]
 [   0    8   17   10]]
Epoch: [36/200], cls_loss: 0.2695, transfer_loss: 0.0310,person_loss: 0.0000, total_Loss: 0.2850
trian begin
trian end
n_person 578
SAMPLE
F1_MI: 0.9278569263413156 F1_MA: 0.44402854800222863 ACC_MI: 0.9278569263413156 F1_MA: 0.44830014690616304
BEST_F1_MI: 0.949378599575629 BEST_F1_MA: 0.5503469015590369 BEST_ACC_MI: 0.949378599575629 BEST_F1_MA: 0.5670485968280087
[[2997   78    9    1]
 [  14   26   10   25]
 [   4   49   34   17]
 [   1   23    7    4]]
Epoch: [37/200], cls_loss: 0.2685, transfer_loss: 0.0232,person_loss: 0.0000, total_Loss: 0.2802
trian begin
trian end
n_person 578
SAMPLE
F1_MI: 0.9436192785692634 F1_MA: 0.36187734711402 ACC_MI: 0.9436192785692634 F1_MA: 0.3860727395672334
BEST_F1_MI: 0.949378599575629 BEST_F1_MA: 0.5503469015590369 BEST_ACC_MI: 0.949378599575629 BEST_F1_MA: 0.5670485968280087
[[3075    0   10    0]
 [  72    0    3    0]
 [  66    0   38    0]
 [  22    0   13    0]]
Epoch: [38/200], cls_loss: 0.2523, transfer_loss: 0.0202,person_loss: 0.0000, total_Loss: 0.2624
trian begin
trian end
n_person 578
SAMPLE
F1_MI: 0.027280994240678993 F1_MA: 0.15785310236088554 ACC_MI: 0.027280994240678993 F1_MA: 0.11008037117920352
BEST_F1_MI: 0.949378599575629 BEST_F1_MA: 0.5503469015590369 BEST_ACC_MI: 0.949378599575629 BEST_F1_MA: 0.5670485968280087
[[   0    9 3076    0]
 [   0    1   71    3]
 [   0   10   76   18]
 [   0    9   13   13]]
Epoch: [39/200], cls_loss: 0.2461, transfer_loss: 0.0249,person_loss: 0.0000, total_Loss: 0.2586
trian begin
trian end
n_person 578
SAMPLE
F1_MI: 0.9436192785692634 F1_MA: 0.45358192643715106 ACC_MI: 0.9436192785692634 F1_MA: 0.511655288627722
BEST_F1_MI: 0.949378599575629 BEST_F1_MA: 0.5503469015590369 BEST_ACC_MI: 0.949378599575629 BEST_F1_MA: 0.5670485968280087
[[3076    1    8    0]
 [  36    3    1   35]
 [  31    3   20   50]
 [  13    1    7   14]]
Epoch: [40/200], cls_loss: 0.2367, transfer_loss: 0.0236,person_loss: 0.0000, total_Loss: 0.2485
trian begin
trian end
n_person 578
SAMPLE
F1_MI: 0.024552894816611093 F1_MA: 0.3305338565861123 ACC_MI: 0.024552894816611093 F1_MA: 0.4251610244524489
BEST_F1_MI: 0.949378599575629 BEST_F1_MA: 0.5503469015590369 BEST_ACC_MI: 0.949378599575629 BEST_F1_MA: 0.5670485968280087
[[   1 3074   10    0]
 [   0   38   15   22]
 [   0   50   33   21]
 [   0   20    6    9]]
Epoch: [41/200], cls_loss: 0.2162, transfer_loss: 0.0179,person_loss: 0.0000, total_Loss: 0.2251
trian begin
trian end
n_person 578
SAMPLE
F1_MI: 0.07062746286753561 F1_MA: 0.338242749766621 ACC_MI: 0.07062746286753561 F1_MA: 0.5077777777777778
BEST_F1_MI: 0.949378599575629 BEST_F1_MA: 0.5503469015590369 BEST_ACC_MI: 0.949378599575629 BEST_F1_MA: 0.5670485968280087
[[ 134    1 2950    0]
 [   0    0   75    0]
 [   0    6   98    0]
 [   0    7   27    1]]
Epoch: [42/200], cls_loss: 0.2256, transfer_loss: 0.0213,person_loss: 0.0000, total_Loss: 0.2363
trian begin
trian end
n_person 578
SAMPLE
F1_MI: 0.029099727190057594 F1_MA: 0.24741644304035243 ACC_MI: 0.029099727190057594 F1_MA: 0.2685370185370185
BEST_F1_MI: 0.949378599575629 BEST_F1_MA: 0.5503469015590369 BEST_ACC_MI: 0.949378599575629 BEST_F1_MA: 0.5670485968280087
[[   1    4 3080    0]
 [   0    1   74    0]
 [   0   10   94    0]
 [   0    7   28    0]]
Epoch: [43/200], cls_loss: 0.2256, transfer_loss: 0.0195,person_loss: 0.0000, total_Loss: 0.2353
trian begin
trian end
n_person 578
SAMPLE
F1_MI: 0.9026977872082449 F1_MA: 0.4221408377582187 ACC_MI: 0.9026977872082449 F1_MA: 0.3905384549157651
BEST_F1_MI: 0.949378599575629 BEST_F1_MA: 0.5503469015590369 BEST_ACC_MI: 0.949378599575629 BEST_F1_MA: 0.5670485968280087
[[2893  166   19    7]
 [   2   17   51    5]
 [   0   34   67    3]
 [   0   14   20    1]]
Epoch: [44/200], cls_loss: 0.2257, transfer_loss: 0.0239,person_loss: 0.0000, total_Loss: 0.2376
trian begin
trian end
n_person 578
SAMPLE
F1_MI: 0.8626856623219157 F1_MA: 0.563743804719084 ACC_MI: 0.8626856623219157 F1_MA: 0.5781961703214896
BEST_F1_MI: 0.949378599575629 BEST_F1_MA: 0.563743804719084 BEST_ACC_MI: 0.949378599575629 BEST_F1_MA: 0.5781961703214896
[[2746  332    7    0]
 [   1   58   16    0]
 [   0   65   35    4]
 [   1   22    5    7]]
Epoch: [45/200], cls_loss: 0.2674, transfer_loss: 0.0249,person_loss: 0.0000, total_Loss: 0.2799
trian begin
trian end
n_person 578
SAMPLE
F1_MI: 0.946650500151561 F1_MA: 0.4746237522295612 ACC_MI: 0.946650500151561 F1_MA: 0.663649165902118
BEST_F1_MI: 0.949378599575629 BEST_F1_MA: 0.563743804719084 BEST_ACC_MI: 0.949378599575629 BEST_F1_MA: 0.663649165902118
[[3077    1    7    0]
 [  70    0    5    0]
 [  52    8   44    0]
 [  19    7    7    2]]
Epoch: [46/200], cls_loss: 0.2035, transfer_loss: 0.0254,person_loss: 0.0000, total_Loss: 0.2162
trian begin
trian end
n_person 578
SAMPLE
F1_MI: 0.028190360715368293 F1_MA: 0.2416066552540939 ACC_MI: 0.028190360715368293 F1_MA: 0.2647782072872015
BEST_F1_MI: 0.949378599575629 BEST_F1_MA: 0.563743804719084 BEST_ACC_MI: 0.949378599575629 BEST_F1_MA: 0.663649165902118
[[   1    7 3077    0]
 [   0    1   74    0]
 [   0   13   91    0]
 [   0   11   24    0]]
Epoch: [47/200], cls_loss: 0.1892, transfer_loss: 0.0230,person_loss: 0.0000, total_Loss: 0.2007
trian begin
trian end
n_person 578
SAMPLE
F1_MI: 0.5577447711427705 F1_MA: 0.3842421923338456 ACC_MI: 0.5577447711427705 F1_MA: 0.34420362625650724
BEST_F1_MI: 0.949378599575629 BEST_F1_MA: 0.563743804719084 BEST_ACC_MI: 0.949378599575629 BEST_F1_MA: 0.663649165902118
[[1748   14 1321    2]
 [   0    1   63   11]
 [   0    1   76   27]
 [   0    3   17   15]]
Epoch: [48/200], cls_loss: 0.1953, transfer_loss: 0.0199,person_loss: 0.0000, total_Loss: 0.2052
trian begin
trian end
n_person 578
SAMPLE
F1_MI: 0.9342224916641406 F1_MA: 0.41362270630066245 ACC_MI: 0.9342224916641406 F1_MA: 0.38506916282556636
BEST_F1_MI: 0.949378599575629 BEST_F1_MA: 0.563743804719084 BEST_ACC_MI: 0.949378599575629 BEST_F1_MA: 0.663649165902118
[[3018   54   13    0]
 [  12   52   11    0]
 [   3   89   12    0]
 [   2   31    2    0]]
Epoch: [49/200], cls_loss: 0.2080, transfer_loss: 0.0217,person_loss: 0.0000, total_Loss: 0.2188
trian begin
trian end
n_person 578
SAMPLE
F1_MI: 0.8969384662018794 F1_MA: 0.42113178832057185 ACC_MI: 0.8969384662018793 F1_MA: 0.3761113853767648
BEST_F1_MI: 0.949378599575629 BEST_F1_MA: 0.563743804719084 BEST_ACC_MI: 0.949378599575629 BEST_F1_MA: 0.663649165902118
[[2884    4  188    9]
 [   3    3   42   27]
 [   1    3   59   41]
 [   0    8   14   13]]
Epoch: [50/200], cls_loss: 0.1985, transfer_loss: 0.0258,person_loss: 0.0000, total_Loss: 0.2114
trian begin
trian end
n_person 578
SAMPLE
F1_MI: 0.553197938769324 F1_MA: 0.3083457725487091 ACC_MI: 0.553197938769324 F1_MA: 0.26504378896017244
BEST_F1_MI: 0.949378599575629 BEST_F1_MA: 0.563743804719084 BEST_ACC_MI: 0.949378599575629 BEST_F1_MA: 0.663649165902118
[[1730    3 1352    0]
 [   1    0   74    0]
 [   0    9   95    0]
 [   1    6   28    0]]
Epoch: [51/200], cls_loss: 0.1755, transfer_loss: 0.0272,person_loss: 0.0000, total_Loss: 0.1891
trian begin
trian end
n_person 578
SAMPLE
F1_MI: 0.9084571082146105 F1_MA: 0.43760969046256204 ACC_MI: 0.9084571082146105 F1_MA: 0.4032880563877442
BEST_F1_MI: 0.949378599575629 BEST_F1_MA: 0.563743804719084 BEST_ACC_MI: 0.949378599575629 BEST_F1_MA: 0.663649165902118
[[2918  131   24   12]
 [   3   10   40   22]
 [   0   11   60   33]
 [   0   12   14    9]]
Epoch: [52/200], cls_loss: 0.1850, transfer_loss: 0.0226,person_loss: 0.0000, total_Loss: 0.1963
trian begin
trian end
n_person 578
SAMPLE
F1_MI: 0.02576538344953016 F1_MA: 0.27593853838577964 ACC_MI: 0.02576538344953016 F1_MA: 0.38122885266071976
BEST_F1_MI: 0.949378599575629 BEST_F1_MA: 0.563743804719084 BEST_ACC_MI: 0.949378599575629 BEST_F1_MA: 0.663649165902118
[[   1    7 3077    0]
 [   0    0   75    0]
 [   0   20   81    3]
 [   0   14   18    3]]
Epoch: [53/200], cls_loss: 0.1653, transfer_loss: 0.0237,person_loss: 0.0000, total_Loss: 0.1772
trian begin
trian end
n_person 578
SAMPLE
F1_MI: 0.025159139133070628 F1_MA: 0.2332083719142261 ACC_MI: 0.025159139133070628 F1_MA: 0.27611367127496156
BEST_F1_MI: 0.949378599575629 BEST_F1_MA: 0.563743804719084 BEST_ACC_MI: 0.949378599575629 BEST_F1_MA: 0.663649165902118
[[   1   15 3069    0]
 [   0    5   70    0]
 [   0   25   77    2]
 [   0   17   18    0]]
Epoch: [54/200], cls_loss: 0.1734, transfer_loss: 0.0287,person_loss: 0.0000, total_Loss: 0.1878
trian begin
trian end
n_person 578
SAMPLE
F1_MI: 0.7578053955744165 F1_MA: 0.33404315363170806 ACC_MI: 0.7578053955744165 F1_MA: 0.2904825169152425
BEST_F1_MI: 0.949378599575629 BEST_F1_MA: 0.563743804719084 BEST_ACC_MI: 0.949378599575629 BEST_F1_MA: 0.663649165902118
[[2427   25  509  124]
 [   0    2   62   11]
 [   0   17   67   20]
 [   0   14   17    4]]
Epoch: [55/200], cls_loss: 0.1762, transfer_loss: 0.0197,person_loss: 0.0000, total_Loss: 0.1861
trian begin
trian end
n_person 578
SAMPLE
F1_MI: 0.89602909972719 F1_MA: 0.3616352219179363 ACC_MI: 0.89602909972719 F1_MA: 0.2936985244793505
BEST_F1_MI: 0.949378599575629 BEST_F1_MA: 0.563743804719084 BEST_ACC_MI: 0.949378599575629 BEST_F1_MA: 0.663649165902118
[[2885  197    3    0]
 [   2   71    2    0]
 [   2  100    0    2]
 [   0   35    0    0]]
Epoch: [56/200], cls_loss: 0.1663, transfer_loss: 0.0213,person_loss: 0.0000, total_Loss: 0.1769
trian begin
trian end
n_person 578
SAMPLE
F1_MI: 0.030615337981206425 F1_MA: 0.28444292177461794 ACC_MI: 0.030615337981206425 F1_MA: 0.3007115173817726
BEST_F1_MI: 0.949378599575629 BEST_F1_MA: 0.563743804719084 BEST_ACC_MI: 0.949378599575629 BEST_F1_MA: 0.663649165902118
[[  10 3067    8    0]
 [   5   49   11   10]
 [   1   57   41    5]
 [   2   20   12    1]]
Epoch: [57/200], cls_loss: 0.2307, transfer_loss: 0.0297,person_loss: 0.0000, total_Loss: 0.2455
trian begin
trian end
n_person 578
SAMPLE
F1_MI: 0.7556835404668081 F1_MA: 0.4686541097467802 ACC_MI: 0.7556835404668081 F1_MA: 0.4615754934885627
BEST_F1_MI: 0.949378599575629 BEST_F1_MA: 0.563743804719084 BEST_ACC_MI: 0.949378599575629 BEST_F1_MA: 0.663649165902118
[[2411  669    5    0]
 [   3   49    8   15]
 [   0   63   25   16]
 [   0   22    5    8]]
Epoch: [58/200], cls_loss: 0.1391, transfer_loss: 0.0186,person_loss: 0.0000, total_Loss: 0.1484
trian begin
trian end
n_person 578
SAMPLE
F1_MI: 0.024552894816611093 F1_MA: 0.260421650349717 ACC_MI: 0.024552894816611093 F1_MA: 0.2677850296365802
BEST_F1_MI: 0.949378599575629 BEST_F1_MA: 0.563743804719084 BEST_ACC_MI: 0.949378599575629 BEST_F1_MA: 0.663649165902118
[[   0 3077    8    0]
 [   0   53   22    0]
 [   0   77   26    1]
 [   0   22   11    2]]
Epoch: [59/200], cls_loss: 0.1658, transfer_loss: 0.0229,person_loss: 0.0000, total_Loss: 0.1772
trian begin
trian end
n_person 578
SAMPLE
F1_MI: 0.026371627765989693 F1_MA: 0.29690206690820803 ACC_MI: 0.026371627765989693 F1_MA: 0.37047101449275366
BEST_F1_MI: 0.949378599575629 BEST_F1_MA: 0.563743804719084 BEST_ACC_MI: 0.949378599575629 BEST_F1_MA: 0.663649165902118
[[   3 3076    5    1]
 [   0   49   26    0]
 [   0   69   35    0]
 [   0   26    9    0]]
Epoch: [60/200], cls_loss: 0.1652, transfer_loss: 0.0249,person_loss: 0.0000, total_Loss: 0.1777
trian begin
trian end
n_person 578
SAMPLE
F1_MI: 0.945438011518642 F1_MA: 0.42581915429521955 ACC_MI: 0.945438011518642 F1_MA: 0.4162061391040429
BEST_F1_MI: 0.949378599575629 BEST_F1_MA: 0.563743804719084 BEST_ACC_MI: 0.949378599575629 BEST_F1_MA: 0.663649165902118
[[3043    6   35    1]
 [  21    2   49    3]
 [  19   12   73    0]
 [   4    9   21    1]]
Epoch: [61/200], cls_loss: 0.1770, transfer_loss: 0.0247,person_loss: 0.0000, total_Loss: 0.1894
trian begin
trian end
n_person 578
SAMPLE
F1_MI: 0.9472567444680207 F1_MA: 0.47525788733790864 ACC_MI: 0.9472567444680207 F1_MA: 0.47530125643500587
BEST_F1_MI: 0.949378599575629 BEST_F1_MA: 0.563743804719084 BEST_ACC_MI: 0.949378599575629 BEST_F1_MA: 0.663649165902118
[[3049    7   29    0]
 [  20    3   52    0]
 [  17   10   64   13]
 [   3   10   13    9]]
Epoch: [62/200], cls_loss: 0.1795, transfer_loss: 0.0258,person_loss: 0.0000, total_Loss: 0.1924
trian begin
trian end
n_person 578
SAMPLE
F1_MI: 0.11397393149439224 F1_MA: 0.4027525550881948 ACC_MI: 0.11397393149439224 F1_MA: 0.6370333772047482
BEST_F1_MI: 0.949378599575629 BEST_F1_MA: 0.563743804719084 BEST_ACC_MI: 0.949378599575629 BEST_F1_MA: 0.663649165902118
[[ 292 2788    5    0]
 [   2   69    4    0]
 [   1   89   14    0]
 [   1   30    3    1]]
Epoch: [63/200], cls_loss: 0.1853, transfer_loss: 0.0314,person_loss: 0.0000, total_Loss: 0.2010
trian begin
trian end
n_person 578
SAMPLE
F1_MI: 0.9393755683540467 F1_MA: 0.4383397500208115 ACC_MI: 0.9393755683540467 F1_MA: 0.45046709334491536
BEST_F1_MI: 0.949378599575629 BEST_F1_MA: 0.563743804719084 BEST_ACC_MI: 0.949378599575629 BEST_F1_MA: 0.663649165902118
[[3043   37    4    1]
 [  23   44    3    5]
 [  12   74   11    7]
 [   4   26    4    1]]
Epoch: [64/200], cls_loss: 0.1651, transfer_loss: 0.0250,person_loss: 0.0000, total_Loss: 0.1776
trian begin
trian end
n_person 578
SAMPLE
F1_MI: 0.029099727190057594 F1_MA: 0.2379348422038211 ACC_MI: 0.029099727190057594 F1_MA: 0.2570336391437309
BEST_F1_MI: 0.949378599575629 BEST_F1_MA: 0.563743804719084 BEST_ACC_MI: 0.949378599575629 BEST_F1_MA: 0.663649165902118
[[   4    5 3076    0]
 [   0    0   75    0]
 [   0   12   92    0]
 [   0    8   27    0]]
Epoch: [65/200], cls_loss: 0.1403, transfer_loss: 0.0224,person_loss: 0.0000, total_Loss: 0.1515
trian begin
trian end
n_person 578
SAMPLE
F1_MI: 0.4762049105789633 F1_MA: 0.3116891268400822 ACC_MI: 0.4762049105789633 F1_MA: 0.2750484973848924
BEST_F1_MI: 0.949378599575629 BEST_F1_MA: 0.563743804719084 BEST_ACC_MI: 0.949378599575629 BEST_F1_MA: 0.663649165902118
[[1473   84 1526    2]
 [   0    5   67    3]
 [   0   11   93    0]
 [   0    9   26    0]]
Epoch: [66/200], cls_loss: 0.1125, transfer_loss: 0.0178,person_loss: 0.0000, total_Loss: 0.1214
trian begin
trian end
n_person 578
SAMPLE
F1_MI: 0.025159139133070628 F1_MA: 0.028787148189354014 ACC_MI: 0.025159139133070628 F1_MA: 0.015501552724117459
BEST_F1_MI: 0.949378599575629 BEST_F1_MA: 0.563743804719084 BEST_ACC_MI: 0.949378599575629 BEST_F1_MA: 0.663649165902118
[[   0   14 3071    0]
 [   0    2   73    0]
 [   0   22   81    1]
 [   0   16   19    0]]
Epoch: [67/200], cls_loss: 0.1472, transfer_loss: 0.0243,person_loss: 0.0000, total_Loss: 0.1594
trian begin
trian end
n_person 578
SAMPLE
F1_MI: 0.8575325856320097 F1_MA: 0.40787492304029577 ACC_MI: 0.8575325856320097 F1_MA: 0.40081245510109004
BEST_F1_MI: 0.949378599575629 BEST_F1_MA: 0.563743804719084 BEST_ACC_MI: 0.949378599575629 BEST_F1_MA: 0.663649165902118
[[2771  313    1    0]
 [  10   50    5   10]
 [   4   76    7   17]
 [   2   30    2    1]]
Epoch: [68/200], cls_loss: 0.1704, transfer_loss: 0.0245,person_loss: 0.0000, total_Loss: 0.1826
trian begin
trian end
n_person 578
SAMPLE
F1_MI: 0.8269172476508033 F1_MA: 0.3652493932747179 ACC_MI: 0.8269172476508033 F1_MA: 0.3239557347684538
BEST_F1_MI: 0.949378599575629 BEST_F1_MA: 0.563743804719084 BEST_ACC_MI: 0.949378599575629 BEST_F1_MA: 0.663649165902118
[[2667   25  372   21]
 [   9    4   45   17]
 [  10   13   46   35]
 [   1   11   12   11]]
Epoch: [69/200], cls_loss: 0.1406, transfer_loss: 0.0236,person_loss: 0.0000, total_Loss: 0.1524
trian begin
trian end
n_person 578
SAMPLE
F1_MI: 0.7635647165807821 F1_MA: 0.3442004334828451 ACC_MI: 0.7635647165807821 F1_MA: 0.2966339646421767
BEST_F1_MI: 0.949378599575629 BEST_F1_MA: 0.563743804719084 BEST_ACC_MI: 0.949378599575629 BEST_F1_MA: 0.663649165902118
[[2432   13  640    0]
 [   0    4   69    2]
 [   1   18   83    2]
 [   0   12   23    0]]
Epoch: [70/200], cls_loss: 0.1164, transfer_loss: 0.0227,person_loss: 0.0000, total_Loss: 0.1278
trian begin
trian end
n_person 578
SAMPLE
F1_MI: 0.025159139133070628 F1_MA: 0.193725621676136 ACC_MI: 0.025159139133070628 F1_MA: 0.17637639227032686
BEST_F1_MI: 0.949378599575629 BEST_F1_MA: 0.563743804719084 BEST_ACC_MI: 0.949378599575629 BEST_F1_MA: 0.663649165902118
[[   5 3047   33    0]
 [   5   29   41    0]
 [   5   50   49    0]
 [   0   23   12    0]]
Epoch: [71/200], cls_loss: 0.1243, transfer_loss: 0.0251,person_loss: 0.0000, total_Loss: 0.1368
trian begin
trian end
n_person 578
SAMPLE
F1_MI: 0.020309184601394362 F1_MA: 0.1837849431228704 ACC_MI: 0.020309184601394362 F1_MA: 0.1416465585443038
BEST_F1_MI: 0.949378599575629 BEST_F1_MA: 0.563743804719084 BEST_ACC_MI: 0.949378599575629 BEST_F1_MA: 0.663649165902118
[[   0 3075    6    4]
 [   0   47    2   26]
 [   0   59    8   37]
 [   0   19    4   12]]
Epoch: [72/200], cls_loss: 0.1361, transfer_loss: 0.0235,person_loss: 0.0000, total_Loss: 0.1479
trian begin
trian end
n_person 578
SAMPLE
F1_MI: 0.9475598666262504 F1_MA: 0.4861406403910977 ACC_MI: 0.9475598666262504 F1_MA: 0.5351184978895728
BEST_F1_MI: 0.949378599575629 BEST_F1_MA: 0.563743804719084 BEST_ACC_MI: 0.949378599575629 BEST_F1_MA: 0.663649165902118
[[3051    9   25    0]
 [  33    9   33    0]
 [  21   17   64    2]
 [   6   20    7    2]]
Epoch: [73/200], cls_loss: 0.1703, transfer_loss: 0.0243,person_loss: 0.0000, total_Loss: 0.1825
trian begin
trian end
n_person 578
SAMPLE
F1_MI: 0.9451348893604122 F1_MA: 0.44956945716429836 ACC_MI: 0.9451348893604122 F1_MA: 0.4566624329396599
BEST_F1_MI: 0.949378599575629 BEST_F1_MA: 0.563743804719084 BEST_ACC_MI: 0.949378599575629 BEST_F1_MA: 0.663649165902118
[[3051   29    5    0]
 [  32   37    6    0]
 [  13   61   30    0]
 [   7   18   10    0]]
Epoch: [74/200], cls_loss: 0.1123, transfer_loss: 0.0208,person_loss: 0.0000, total_Loss: 0.1227
trian begin
trian end
n_person 578
SAMPLE
F1_MI: 0.9427099120945741 F1_MA: 0.3871277033897841 ACC_MI: 0.9427099120945741 F1_MA: 0.36412766424961546
BEST_F1_MI: 0.949378599575629 BEST_F1_MA: 0.563743804719084 BEST_ACC_MI: 0.949378599575629 BEST_F1_MA: 0.663649165902118
[[3041    6   38    0]
 [  15    1   48   11]
 [  16    2   68   18]
 [   3    1   31    0]]
Epoch: [75/200], cls_loss: 0.1251, transfer_loss: 0.0204,person_loss: 0.0000, total_Loss: 0.1353
trian begin
trian end
n_person 578
SAMPLE
F1_MI: 0.9214913610184905 F1_MA: 0.46122489562225377 ACC_MI: 0.9214913610184905 F1_MA: 0.41091411999069644
BEST_F1_MI: 0.949378599575629 BEST_F1_MA: 0.563743804719084 BEST_ACC_MI: 0.949378599575629 BEST_F1_MA: 0.663649165902118
[[2941  116   28    0]
 [   2   53   20    0]
 [   2   56   46    0]
 [   1   21   13    0]]
Epoch: [76/200], cls_loss: 0.1023, transfer_loss: 0.0184,person_loss: 0.0000, total_Loss: 0.1115
trian begin
trian end
n_person 578
SAMPLE
F1_MI: 0.8951197332525007 F1_MA: 0.4662689419415769 ACC_MI: 0.8951197332525007 F1_MA: 0.4592007271299022
BEST_F1_MI: 0.949378599575629 BEST_F1_MA: 0.563743804719084 BEST_ACC_MI: 0.949378599575629 BEST_F1_MA: 0.663649165902118
[[2879  202    4    0]
 [   4   62    8    1]
 [   2   88   11    3]
 [   0   34    0    1]]
Epoch: [77/200], cls_loss: 0.1065, transfer_loss: 0.0187,person_loss: 0.0000, total_Loss: 0.1158
trian begin
trian end
n_person 578
SAMPLE
F1_MI: 0.029099727190057594 F1_MA: 0.24730546780466697 ACC_MI: 0.029099727190057594 F1_MA: 0.2610290600906813
BEST_F1_MI: 0.949378599575629 BEST_F1_MA: 0.563743804719084 BEST_ACC_MI: 0.949378599575629 BEST_F1_MA: 0.663649165902118
[[   1  592 2492    0]
 [   0    7   68    0]
 [   0   16   88    0]
 [   0   11   24    0]]
Epoch: [78/200], cls_loss: 0.1059, transfer_loss: 0.0240,person_loss: 0.0000, total_Loss: 0.1179
trian begin
trian end
n_person 578
SAMPLE
F1_MI: 0.041830857835707794 F1_MA: 0.22516341470636353 ACC_MI: 0.041830857835707794 F1_MA: 0.2534090909090909
BEST_F1_MI: 0.949378599575629 BEST_F1_MA: 0.563743804719084 BEST_ACC_MI: 0.949378599575629 BEST_F1_MA: 0.663649165902118
[[  56   14 3015    0]
 [   1    1   73    0]
 [   1   15   81    7]
 [   0   14   21    0]]
Epoch: [79/200], cls_loss: 0.1097, transfer_loss: 0.0231,person_loss: 0.0000, total_Loss: 0.1213
trian begin
trian end
n_person 578
SAMPLE
F1_MI: 0.9430130342528039 F1_MA: 0.4040594588792765 ACC_MI: 0.9430130342528039 F1_MA: 0.41746483375959076
BEST_F1_MI: 0.949378599575629 BEST_F1_MA: 0.563743804719084 BEST_ACC_MI: 0.949378599575629 BEST_F1_MA: 0.663649165902118
[[3065   14    6    0]
 [  31   35    6    3]
 [  25   65   11    3]
 [   7   26    2    0]]
Epoch: [80/200], cls_loss: 0.1310, transfer_loss: 0.0192,person_loss: 0.0000, total_Loss: 0.1406
trian begin
trian end
n_person 578
SAMPLE
F1_MI: 0.024856016974840862 F1_MA: 0.2814640460638812 ACC_MI: 0.024856016974840862 F1_MA: 0.3821543606117962
BEST_F1_MI: 0.949378599575629 BEST_F1_MA: 0.563743804719084 BEST_ACC_MI: 0.949378599575629 BEST_F1_MA: 0.663649165902118
[[   1 3058   25    1]
 [   0   25   46    4]
 [   0   47   55    2]
 [   0   21   13    1]]
Epoch: [81/200], cls_loss: 0.0858, transfer_loss: 0.0182,person_loss: 0.0000, total_Loss: 0.0949
trian begin
trian end
n_person 578
SAMPLE
F1_MI: 0.9157320400121249 F1_MA: 0.4243446578032012 ACC_MI: 0.9157320400121249 F1_MA: 0.40349081973152606
BEST_F1_MI: 0.949378599575629 BEST_F1_MA: 0.563743804719084 BEST_ACC_MI: 0.949378599575629 BEST_F1_MA: 0.663649165902118
[[2953  114   17    1]
 [   4   43   27    1]
 [   2   73   24    5]
 [   0   28    6    1]]
Epoch: [82/200], cls_loss: 0.1347, transfer_loss: 0.0189,person_loss: 0.0000, total_Loss: 0.1442
trian begin
trian end
n_person 578
SAMPLE
F1_MI: 0.020006062443164597 F1_MA: 0.19738846925243958 ACC_MI: 0.020006062443164597 F1_MA: 0.26768772916358374
BEST_F1_MI: 0.949378599575629 BEST_F1_MA: 0.563743804719084 BEST_ACC_MI: 0.949378599575629 BEST_F1_MA: 0.663649165902118
[[   3   21 3061    0]
 [   0    5   70    0]
 [   0   46   58    0]
 [   0   23   12    0]]
Epoch: [83/200], cls_loss: 0.1076, transfer_loss: 0.0178,person_loss: 0.0000, total_Loss: 0.1165
trian begin
trian end
n_person 578
SAMPLE
F1_MI: 0.9408911791451955 F1_MA: 0.48404402706718125 ACC_MI: 0.9408911791451955 F1_MA: 0.5204059976535708
BEST_F1_MI: 0.949378599575629 BEST_F1_MA: 0.563743804719084 BEST_ACC_MI: 0.949378599575629 BEST_F1_MA: 0.663649165902118
[[3045   37    2    1]
 [  28   33    5    9]
 [  12   52   19   21]
 [   7   19    2    7]]
Epoch: [84/200], cls_loss: 0.0799, transfer_loss: 0.0145,person_loss: 0.0000, total_Loss: 0.0871
trian begin
trian end
n_person 578
SAMPLE
F1_MI: 0.030615337981206425 F1_MA: 0.2975738479548569 ACC_MI: 0.030615337981206425 F1_MA: 0.3291838392644844
BEST_F1_MI: 0.949378599575629 BEST_F1_MA: 0.563743804719084 BEST_ACC_MI: 0.949378599575629 BEST_F1_MA: 0.663649165902118
[[   6    4 3075    0]
 [   0    0   70    5]
 [   0    1   86   17]
 [   0    1   25    9]]
Epoch: [85/200], cls_loss: 0.0888, transfer_loss: 0.0174,person_loss: 0.0000, total_Loss: 0.0975
trian begin
trian end
n_person 578
SAMPLE
F1_MI: 0.8796605031827827 F1_MA: 0.40890487869537623 ACC_MI: 0.8796605031827827 F1_MA: 0.38595599969270783
BEST_F1_MI: 0.949378599575629 BEST_F1_MA: 0.563743804719084 BEST_ACC_MI: 0.949378599575629 BEST_F1_MA: 0.663649165902118
[[2831  231   20    3]
 [   2   22   42    9]
 [   0   40   46   18]
 [   0   20   12    3]]
Epoch: [86/200], cls_loss: 0.0821, transfer_loss: 0.0149,person_loss: 0.0000, total_Loss: 0.0895
trian begin
trian end
n_person 578
SAMPLE
F1_MI: 0.25037890269778723 F1_MA: 0.3115716139935271 ACC_MI: 0.25037890269778723 F1_MA: 0.36409484090206984
BEST_F1_MI: 0.949378599575629 BEST_F1_MA: 0.563743804719084 BEST_ACC_MI: 0.949378599575629 BEST_F1_MA: 0.663649165902118
[[ 758 2323    3    1]
 [   0   51   16    8]
 [   0   84   17    3]
 [   0   32    3    0]]
Epoch: [87/200], cls_loss: 0.1534, transfer_loss: 0.0236,person_loss: 0.0000, total_Loss: 0.1652
trian begin
trian end
n_person 578
SAMPLE
F1_MI: 0.8235829039102759 F1_MA: 0.3701642639670185 ACC_MI: 0.8235829039102759 F1_MA: 0.31862452324070584
BEST_F1_MI: 0.949378599575629 BEST_F1_MA: 0.563743804719084 BEST_ACC_MI: 0.949378599575629 BEST_F1_MA: 0.663649165902118
[[2649  177  213   46]
 [   2    2   42   29]
 [   0    7   53   44]
 [   0   12   10   13]]
Epoch: [88/200], cls_loss: 0.1297, transfer_loss: 0.0200,person_loss: 0.0000, total_Loss: 0.1397
trian begin
trian end
n_person 578
SAMPLE
F1_MI: 0.025159139133070628 F1_MA: 0.1873485035035858 ACC_MI: 0.025159139133070628 F1_MA: 0.15004724714240175
BEST_F1_MI: 0.949378599575629 BEST_F1_MA: 0.563743804719084 BEST_ACC_MI: 0.949378599575629 BEST_F1_MA: 0.663649165902118
[[   0 3063   16    6]
 [   0   23   39   13]
 [   0   33   54   17]
 [   0   18   11    6]]
Epoch: [89/200], cls_loss: 0.0904, transfer_loss: 0.0262,person_loss: 0.0000, total_Loss: 0.1035
trian begin
trian end
n_person 578
SAMPLE
F1_MI: 0.5598666262503789 F1_MA: 0.3006388956688414 ACC_MI: 0.5598666262503789 F1_MA: 0.2612123558348456
BEST_F1_MI: 0.949378599575629 BEST_F1_MA: 0.563743804719084 BEST_ACC_MI: 0.949378599575629 BEST_F1_MA: 0.663649165902118
[[1759    4 1322    0]
 [  11    0   64    0]
 [   9    7   88    0]
 [   5    9   21    0]]
Epoch: [90/200], cls_loss: 0.1086, transfer_loss: 0.0195,person_loss: 0.0000, total_Loss: 0.1184
trian begin
trian end
n_person 578
SAMPLE
F1_MI: 0.027280994240678993 F1_MA: 0.2121422767885999 ACC_MI: 0.027280994240678993 F1_MA: 0.17159386031141172
BEST_F1_MI: 0.949378599575629 BEST_F1_MA: 0.563743804719084 BEST_ACC_MI: 0.949378599575629 BEST_F1_MA: 0.663649165902118
[[   0 3080    4    1]
 [   0   61    7    7]
 [   1   67   28    8]
 [   0   27    7    1]]
Epoch: [91/200], cls_loss: 0.0853, transfer_loss: 0.0191,person_loss: 0.0000, total_Loss: 0.0949
trian begin
trian end
n_person 578
SAMPLE
F1_MI: 0.02546226129130039 F1_MA: 0.261170880074045 ACC_MI: 0.025462261291300393 F1_MA: 0.3506779022492951
BEST_F1_MI: 0.949378599575629 BEST_F1_MA: 0.563743804719084 BEST_ACC_MI: 0.949378599575629 BEST_F1_MA: 0.663649165902118
[[   9 3063    8    5]
 [   1   24   45    5]
 [   0   46   50    8]
 [   0   24   10    1]]
Epoch: [92/200], cls_loss: 0.0992, transfer_loss: 0.0196,person_loss: 0.0000, total_Loss: 0.1090
trian begin
trian end
n_person 578
SAMPLE
F1_MI: 0.9157320400121249 F1_MA: 0.4506114826075401 ACC_MI: 0.9157320400121249 F1_MA: 0.462727832785265
BEST_F1_MI: 0.949378599575629 BEST_F1_MA: 0.563743804719084 BEST_ACC_MI: 0.949378599575629 BEST_F1_MA: 0.663649165902118
[[2961  121    1    2]
 [  12   54    2    7]
 [   8   78    5   13]
 [   3   31    0    1]]
Epoch: [93/200], cls_loss: 0.0908, transfer_loss: 0.0216,person_loss: 0.0000, total_Loss: 0.1016
trian begin
trian end
n_person 578
SAMPLE
F1_MI: 0.8996665656259473 F1_MA: 0.40637318933887295 ACC_MI: 0.8996665656259473 F1_MA: 0.3647166544362806
BEST_F1_MI: 0.949378599575629 BEST_F1_MA: 0.563743804719084 BEST_ACC_MI: 0.949378599575629 BEST_F1_MA: 0.663649165902118
[[2883    8  193    1]
 [   5    2   61    7]
 [   0   15   79   10]
 [   1   12   18    4]]
Epoch: [94/200], cls_loss: 0.0732, transfer_loss: 0.0160,person_loss: 0.0000, total_Loss: 0.0812
trian begin
trian end
n_person 578
SAMPLE
F1_MI: 0.02546226129130039 F1_MA: 0.22232639075259883 ACC_MI: 0.025462261291300393 F1_MA: 0.24004050133206778
BEST_F1_MI: 0.949378599575629 BEST_F1_MA: 0.563743804719084 BEST_ACC_MI: 0.949378599575629 BEST_F1_MA: 0.663649165902118
[[  13 3065    5    2]
 [   9   38   24    4]
 [   5   65   33    1]
 [   2   29    4    0]]
Epoch: [95/200], cls_loss: 0.0659, transfer_loss: 0.0219,person_loss: 0.0000, total_Loss: 0.0769
[[2746  332    7    0]
 [   1   58   16    0]
 [   0   65   35    4]
 [   1   22    5    7]]
[[3061   21    3    0]
 [  25   21   25    4]
 [  19   31   49    5]
 [   5   14   15    1]]
ARG: Namespace(backbone='resnet50', batch_size=32, config='DSAN/DSAN.yaml', data_dir='data', device=device(type='cuda'), early_stop=50, epoch_based_training=False, lr=0.003, lr_decay=0.75, lr_gamma=0.0003, lr_scheduler=True, max_iter=18000, method='False', momentum=0.9, myweight=0.1, n_class=4, n_epoch=200, n_iter_per_epoch=90, num_workers=3, seed=1, src_domain='77G', tgt_domain='own', tname='transfer', transfer_loss='lmmd', transfer_loss_weight=0.5, use_bottleneck=True, weight_decay=0.0005)
