bnm 1 77G 63G BNM/BNM.yaml False
Namespace(backbone='resnet50', batch_size=32, config='BNM/BNM.yaml', data_dir='data', device=device(type='cuda'), early_stop=50, epoch_based_training=False, lr=0.003, lr_decay=0.75, lr_gamma=0.0003, lr_scheduler=True, method='False', momentum=0.9, myweight=0.0, n_epoch=200, n_iter_per_epoch=100, num_workers=3, seed=1, src_domain='77G', tgt_domain='63G', tname='transfer', transfer_loss='bnm', transfer_loss_weight=0.5, use_bottleneck=True, weight_decay=0.0005)
JUST DO IT
run my Parkinson code
transfer
TRAIN Length: 2905 290 TEST Length: 1867 383
YYY: 0 3
DATA_PROFILE   train: 2905 train2: 1867 test: 1867
DATASET.SHAPE: <data_loader.GetTrainLoader object at 0x7f504a72ffd0> True
DATASET.SHAPE: <data_loader.GetTrainLoader object at 0x7f504269cc40> True
DATASET.SHAPE: <data_loader.GetTestLoader object at 0x7f504269c7c0> False
CLASS: 4 383
LLL: {}
BOTTLENECK_LIST: [Linear(in_features=512, out_features=256, bias=True), ReLU()]
TYPE: {'loss_type': 'bnm', 'max_iter': 20000, 'num_class': 4, 'my_person_item': <my_person_item.PersonItem object at 0x7f504269ce50>}
initial_lr 1.0
transfer_world
method False <class 'str'>
1.8.1+cu111
True
LEN: 0 0
LOADER: <data_loader.InfiniteDataLoader object at 0x7f504269cca0> <data_loader.InfiniteDataLoader object at 0x7f504269cd60>
N_batch: 100
trian begin
trian end
n_person 383
SAMPLE
F1_MI: 0.7611140867702196 F1_MA: 0.3932556468027625 ACC_MI: 0.7611140867702196 F1_MA: 0.32866755582451035
BEST_F1_MI: 0.7611140867702196 BEST_F1_MA: 0.3932556468027625 BEST_ACC_MI: 0.7611140867702196 BEST_F1_MA: 0.32866755582451035
[[1382   39  104  210]
 [   2    7    5   27]
 [   1    3   16   50]
 [   0    1    4   16]]
Epoch: [ 1/200], cls_loss: 1.0353, transfer_loss: -2.0388,person_loss: 0.0000, total_Loss: 0.0159
trian begin
trian end
n_person 383
SAMPLE
F1_MI: 0.01339046598821639 F1_MA: 0.03707263305827375 ACC_MI: 0.01339046598821639 F1_MA: 0.020132921589688508
BEST_F1_MI: 0.7611140867702196 BEST_F1_MA: 0.3932556468027625 BEST_ACC_MI: 0.7611140867702196 BEST_F1_MA: 0.32866755582451035
[[   0  122    0 1613]
 [   0   11    0   30]
 [   0   12    0   58]
 [   0    7    0   14]]
Epoch: [ 2/200], cls_loss: 0.8232, transfer_loss: -2.5215,person_loss: 0.0000, total_Loss: -0.4375
trian begin
trian end
n_person 383
SAMPLE
F1_MI: 0.03053026245313337 F1_MA: 0.29182250404913623 ACC_MI: 0.03053026245313337 F1_MA: 0.28558413112030057
BEST_F1_MI: 0.7611140867702196 BEST_F1_MA: 0.3932556468027625 BEST_ACC_MI: 0.7611140867702196 BEST_F1_MA: 0.32866755582451035
[[   5  713 1006   11]
 [   0   41    0    0]
 [   0   60   10    0]
 [   0   20    0    1]]
Epoch: [ 3/200], cls_loss: 0.6923, transfer_loss: -2.6807,person_loss: 0.0000, total_Loss: -0.6480
trian begin
trian end
n_person 383
SAMPLE
F1_MI: 0.012854847348687734 F1_MA: 0.08333212452981911 ACC_MI: 0.012854847348687734 F1_MA: 0.0519198298190026
BEST_F1_MI: 0.7611140867702196 BEST_F1_MA: 0.3932556468027625 BEST_ACC_MI: 0.7611140867702196 BEST_F1_MA: 0.32866755582451035
[[   0  183    9 1543]
 [   0   10    2   29]
 [   0   13    2   55]
 [   0    9    0   12]]
Epoch: [ 4/200], cls_loss: 0.7111, transfer_loss: -2.7153,person_loss: 0.0000, total_Loss: -0.6466
trian begin
trian end
n_person 383
SAMPLE
F1_MI: 0.755757900374933 F1_MA: 0.4000228208140255 ACC_MI: 0.7557579003749331 F1_MA: 0.3465087614818195
BEST_F1_MI: 0.7611140867702196 BEST_F1_MA: 0.4000228208140255 BEST_ACC_MI: 0.7611140867702196 BEST_F1_MA: 0.3465087614818195
[[1360  303   45   27]
 [   2   31    3    5]
 [   2   34   18   16]
 [   0   18    1    2]]
Epoch: [ 5/200], cls_loss: 0.6585, transfer_loss: -2.7026,person_loss: 0.0000, total_Loss: -0.6928
trian begin
trian end
n_person 383
SAMPLE
F1_MI: 0.7970005356186396 F1_MA: 0.3805221456714811 ACC_MI: 0.7970005356186395 F1_MA: 0.3209927787729512
BEST_F1_MI: 0.7970005356186396 BEST_F1_MA: 0.4000228208140255 BEST_ACC_MI: 0.7970005356186395 BEST_F1_MA: 0.3465087614818195
[[1443  267   25    0]
 [   2   39    0    0]
 [   4   60    6    0]
 [   1   19    1    0]]
Epoch: [ 6/200], cls_loss: 0.6396, transfer_loss: -2.7224,person_loss: 0.0000, total_Loss: -0.7216
trian begin
trian end
n_person 383
SAMPLE
F1_MI: 0.01713979646491698 F1_MA: 0.24528895785014862 ACC_MI: 0.01713979646491698 F1_MA: 0.25864294821846
BEST_F1_MI: 0.7970005356186396 BEST_F1_MA: 0.4000228208140255 BEST_ACC_MI: 0.7970005356186395 BEST_F1_MA: 0.3465087614818195
[[   0 1403    0  332]
 [   0   24    0   17]
 [   0   45    1   24]
 [   0   14    0    7]]
Epoch: [ 7/200], cls_loss: 0.5760, transfer_loss: -2.7395,person_loss: 0.0000, total_Loss: -0.7938
trian begin
trian end
n_person 383
SAMPLE
F1_MI: 0.7830744509908946 F1_MA: 0.3648997574173404 ACC_MI: 0.7830744509908945 F1_MA: 0.3023913966553436
BEST_F1_MI: 0.7970005356186396 BEST_F1_MA: 0.4000228208140255 BEST_ACC_MI: 0.7970005356186395 BEST_F1_MA: 0.3465087614818195
[[1418  280   37    0]
 [   2   39    0    0]
 [   3   62    5    0]
 [   1   19    1    0]]
Epoch: [ 8/200], cls_loss: 0.6365, transfer_loss: -2.7445,person_loss: 0.0000, total_Loss: -0.7358
trian begin
trian end
n_person 383
SAMPLE
F1_MI: 0.023031601499732192 F1_MA: 0.25631677250653717 ACC_MI: 0.023031601499732192 F1_MA: 0.25549597855227885
BEST_F1_MI: 0.7970005356186396 BEST_F1_MA: 0.4000228208140255 BEST_ACC_MI: 0.7970005356186395 BEST_F1_MA: 0.3465087614818195
[[   0 1735    0    0]
 [   0   41    0    0]
 [   0   68    2    0]
 [   0   21    0    0]]
Epoch: [ 9/200], cls_loss: 0.4931, transfer_loss: -2.7739,person_loss: 0.0000, total_Loss: -0.8939
trian begin
trian end
n_person 383
SAMPLE
F1_MI: 0.040707016604177824 F1_MA: 0.053260244479220016 ACC_MI: 0.040707016604177824 F1_MA: 0.028842231710831112
BEST_F1_MI: 0.7970005356186396 BEST_F1_MA: 0.4000228208140255 BEST_ACC_MI: 0.7970005356186395 BEST_F1_MA: 0.3465087614818195
[[   0  285 1450    0]
 [   0   30   11    0]
 [   0   24   46    0]
 [   0   14    7    0]]
Epoch: [10/200], cls_loss: 0.5485, transfer_loss: -2.7590,person_loss: 0.0000, total_Loss: -0.8310
trian begin
trian end
n_person 383
SAMPLE
F1_MI: 0.7878950187466522 F1_MA: 0.398691525023711 ACC_MI: 0.7878950187466524 F1_MA: 0.32787477574137264
BEST_F1_MI: 0.7970005356186396 BEST_F1_MA: 0.4000228208140255 BEST_ACC_MI: 0.7970005356186395 BEST_F1_MA: 0.3465087614818195
[[1397  102  221   15]
 [   1   17   18    5]
 [   1    6   57    6]
 [   1    6   14    0]]
Epoch: [11/200], cls_loss: 0.5520, transfer_loss: -2.7389,person_loss: 0.0000, total_Loss: -0.8175
trian begin
trian end
n_person 383
SAMPLE
F1_MI: 0.0385645420460632 F1_MA: 0.05621060425259865 ACC_MI: 0.0385645420460632 F1_MA: 0.030613535378702938
BEST_F1_MI: 0.7970005356186396 BEST_F1_MA: 0.4000228208140255 BEST_ACC_MI: 0.7970005356186395 BEST_F1_MA: 0.3465087614818195
[[   0  264 1471    0]
 [   0   34    7    0]
 [   0   32   38    0]
 [   0   19    2    0]]
Epoch: [12/200], cls_loss: 0.4448, transfer_loss: -2.7623,person_loss: 0.0000, total_Loss: -0.9364
trian begin
trian end
n_person 383
SAMPLE
F1_MI: 0.0433851098018211 F1_MA: 0.14753746396270231 ACC_MI: 0.0433851098018211 F1_MA: 0.09133781119515433
BEST_F1_MI: 0.7970005356186396 BEST_F1_MA: 0.4000228208140255 BEST_ACC_MI: 0.7970005356186395 BEST_F1_MA: 0.3465087614818195
[[   0 1605  124    6]
 [   0   34    5    2]
 [   0   22   46    2]
 [   0   14    6    1]]
Epoch: [13/200], cls_loss: 0.4840, transfer_loss: -2.7783,person_loss: 0.0000, total_Loss: -0.9052
trian begin
trian end
n_person 383
SAMPLE
F1_MI: 0.040707016604177824 F1_MA: 0.049663661696858846 ACC_MI: 0.040707016604177824 F1_MA: 0.02675964386490702
BEST_F1_MI: 0.7970005356186396 BEST_F1_MA: 0.4000228208140255 BEST_ACC_MI: 0.7970005356186395 BEST_F1_MA: 0.3465087614818195
[[   0  318 1417    0]
 [   0   29   12    0]
 [   0   23   47    0]
 [   0   15    6    0]]
Epoch: [14/200], cls_loss: 0.4499, transfer_loss: -2.7713,person_loss: 0.0000, total_Loss: -0.9357
trian begin
trian end
n_person 383
SAMPLE
F1_MI: 0.7643277986073915 F1_MA: 0.36918095151138486 ACC_MI: 0.7643277986073915 F1_MA: 0.3140698483466882
BEST_F1_MI: 0.7970005356186396 BEST_F1_MA: 0.4000228208140255 BEST_ACC_MI: 0.7970005356186395 BEST_F1_MA: 0.3465087614818195
[[1375  152  161   47]
 [   2   22   11    6]
 [   1   21   29   19]
 [   0   10   10    1]]
Epoch: [15/200], cls_loss: 0.4444, transfer_loss: -2.7795,person_loss: 0.0000, total_Loss: -0.9454
trian begin
trian end
n_person 383
SAMPLE
F1_MI: 0.022495982860203535 F1_MA: 0.10725855289156971 ACC_MI: 0.022495982860203535 F1_MA: 0.0680874209523469
BEST_F1_MI: 0.7970005356186396 BEST_F1_MA: 0.4000228208140255 BEST_ACC_MI: 0.7970005356186395 BEST_F1_MA: 0.3465087614818195
[[   0 1685   22   28]
 [   0   34    0    7]
 [   0   58    6    6]
 [   0   18    1    2]]
Epoch: [16/200], cls_loss: 0.4397, transfer_loss: -2.7514,person_loss: 0.0000, total_Loss: -0.9359
trian begin
trian end
n_person 383
SAMPLE
F1_MI: 0.014997321906802356 F1_MA: 0.3200870384346184 ACC_MI: 0.014997321906802356 F1_MA: 0.5054317998666148
BEST_F1_MI: 0.7970005356186396 BEST_F1_MA: 0.4000228208140255 BEST_ACC_MI: 0.7970005356186395 BEST_F1_MA: 0.5054317998666148
[[  1 932   0 802]
 [  0   5   0  36]
 [  0   4   7  59]
 [  0   6   0  15]]
Epoch: [17/200], cls_loss: 0.4159, transfer_loss: -2.7621,person_loss: 0.0000, total_Loss: -0.9651
trian begin
trian end
n_person 383
SAMPLE
F1_MI: 0.7616497054097483 F1_MA: 0.3605098820941179 ACC_MI: 0.7616497054097483 F1_MA: 0.3015802666150846
BEST_F1_MI: 0.7970005356186396 BEST_F1_MA: 0.4000228208140255 BEST_ACC_MI: 0.7970005356186395 BEST_F1_MA: 0.5054317998666148
[[1354   48  333    0]
 [   1    4   36    0]
 [   1    5   64    0]
 [   0    4   17    0]]
Epoch: [18/200], cls_loss: 0.4687, transfer_loss: -2.7419,person_loss: 0.0000, total_Loss: -0.9022
trian begin
trian end
n_person 383
SAMPLE
F1_MI: 0.02196036422067488 F1_MA: 0.010744234800838574 ACC_MI: 0.02196036422067488 F1_MA: 0.00549009105516872
BEST_F1_MI: 0.7970005356186396 BEST_F1_MA: 0.4000228208140255 BEST_ACC_MI: 0.7970005356186395 BEST_F1_MA: 0.5054317998666148
[[   0 1735    0    0]
 [   0   41    0    0]
 [   0   70    0    0]
 [   0   21    0    0]]
Epoch: [19/200], cls_loss: 0.4312, transfer_loss: -2.7617,person_loss: 0.0000, total_Loss: -0.9496
trian begin
trian end
n_person 383
SAMPLE
F1_MI: 0.03160149973219068 F1_MA: 0.04964373405814362 ACC_MI: 0.03160149973219068 F1_MA: 0.02708885869956902
BEST_F1_MI: 0.7970005356186396 BEST_F1_MA: 0.4000228208140255 BEST_ACC_MI: 0.7970005356186395 BEST_F1_MA: 0.5054317998666148
[[   0  274 1461    0]
 [   0   34    7    0]
 [   0   45   25    0]
 [   0   18    3    0]]
Epoch: [20/200], cls_loss: 0.4495, transfer_loss: -2.7600,person_loss: 0.0000, total_Loss: -0.9305
trian begin
trian end
n_person 383
SAMPLE
F1_MI: 0.7782538832351366 F1_MA: 0.35814406479230915 ACC_MI: 0.7782538832351366 F1_MA: 0.3067114267402676
BEST_F1_MI: 0.7970005356186396 BEST_F1_MA: 0.4000228208140255 BEST_ACC_MI: 0.7970005356186395 BEST_F1_MA: 0.5054317998666148
[[1399   18  231   87]
 [   2    1   25   13]
 [   1    4   49   16]
 [   0    0   17    4]]
Epoch: [21/200], cls_loss: 0.4652, transfer_loss: -2.7700,person_loss: 0.0000, total_Loss: -0.9198
trian begin
trian end
n_person 383
SAMPLE
F1_MI: 0.8050348152115693 F1_MA: 0.4730618222442936 ACC_MI: 0.8050348152115694 F1_MA: 0.5337949178644764
BEST_F1_MI: 0.8050348152115693 BEST_F1_MA: 0.4730618222442936 BEST_ACC_MI: 0.8050348152115694 BEST_F1_MA: 0.5337949178644764
[[1443    0  287    5]
 [   4    1   36    0]
 [  11    0   59    0]
 [   3    0   18    0]]
Epoch: [22/200], cls_loss: 0.4369, transfer_loss: -2.7617,person_loss: 0.0000, total_Loss: -0.9439
trian begin
trian end
n_person 383
SAMPLE
F1_MI: 0.7696839850026781 F1_MA: 0.38439612840498416 ACC_MI: 0.7696839850026781 F1_MA: 0.3176439383602316
BEST_F1_MI: 0.8050348152115693 BEST_F1_MA: 0.4730618222442936 BEST_ACC_MI: 0.8050348152115694 BEST_F1_MA: 0.5337949178644764
[[1365   80  290    0]
 [   1   13   27    0]
 [   1   10   59    0]
 [   1    3   17    0]]
Epoch: [23/200], cls_loss: 0.4255, transfer_loss: -2.7394,person_loss: 0.0000, total_Loss: -0.9442
trian begin
trian end
n_person 383
SAMPLE
F1_MI: 0.04284949116229245 F1_MA: 0.19286808593181923 ACC_MI: 0.04284949116229245 F1_MA: 0.1592041147807255
BEST_F1_MI: 0.8050348152115693 BEST_F1_MA: 0.4730618222442936 BEST_ACC_MI: 0.8050348152115694 BEST_F1_MA: 0.5337949178644764
[[  12    0 1723    0]
 [   5    0   36    0]
 [   2    0   68    0]
 [   1    0   20    0]]
Epoch: [24/200], cls_loss: 0.3764, transfer_loss: -2.7582,person_loss: 0.0000, total_Loss: -1.0027
trian begin
trian end
n_person 383
SAMPLE
F1_MI: 0.039100160685591856 F1_MA: 0.04565701470170365 ACC_MI: 0.039100160685591856 F1_MA: 0.024888005648410774
BEST_F1_MI: 0.8050348152115693 BEST_F1_MA: 0.4730618222442936 BEST_ACC_MI: 0.8050348152115694 BEST_F1_MA: 0.5337949178644764
[[   0 1146  589    0]
 [   0    6   35    0]
 [   0    3   67    0]
 [   0    2   19    0]]
Epoch: [25/200], cls_loss: 0.3982, transfer_loss: -2.7660,person_loss: 0.0000, total_Loss: -0.9847
trian begin
trian end
n_person 383
SAMPLE
F1_MI: 0.037493304767005894 F1_MA: 0.018144116122343183 ACC_MI: 0.037493304767005894 F1_MA: 0.009413663259817106
BEST_F1_MI: 0.8050348152115693 BEST_F1_MA: 0.4730618222442936 BEST_ACC_MI: 0.8050348152115694 BEST_F1_MA: 0.5337949178644764
[[   0    7 1727    1]
 [   0    0   41    0]
 [   0    0   70    0]
 [   0    0   21    0]]
Epoch: [26/200], cls_loss: 0.3721, transfer_loss: -2.7615,person_loss: 0.0000, total_Loss: -1.0087
trian begin
trian end
n_person 383
SAMPLE
F1_MI: 0.7579003749330475 F1_MA: 0.34229512535887857 ACC_MI: 0.7579003749330476 F1_MA: 0.3044040895832343
BEST_F1_MI: 0.8050348152115693 BEST_F1_MA: 0.4730618222442936 BEST_ACC_MI: 0.8050348152115694 BEST_F1_MA: 0.5337949178644764
[[1370  134  162   69]
 [   2   13   19    7]
 [   1   10   32   27]
 [   3    6   12    0]]
Epoch: [27/200], cls_loss: 0.3664, transfer_loss: -2.7646,person_loss: 0.0000, total_Loss: -1.0159
trian begin
trian end
n_person 383
SAMPLE
F1_MI: 0.027316550615961437 F1_MA: 0.07124191817071972 ACC_MI: 0.027316550615961437 F1_MA: 0.04102179102179102
BEST_F1_MI: 0.8050348152115693 BEST_F1_MA: 0.4730618222442936 BEST_ACC_MI: 0.8050348152115694 BEST_F1_MA: 0.5337949178644764
[[   0 1651   83    1]
 [   0   35    6    0]
 [   0   54   16    0]
 [   0   15    6    0]]
Epoch: [28/200], cls_loss: 0.3473, transfer_loss: -2.7711,person_loss: 0.0000, total_Loss: -1.0383
trian begin
trian end
n_person 383
SAMPLE
F1_MI: 0.6898768077129084 F1_MA: 0.34569084461485355 ACC_MI: 0.6898768077129084 F1_MA: 0.297866847299902
BEST_F1_MI: 0.8050348152115693 BEST_F1_MA: 0.4730618222442936 BEST_ACC_MI: 0.8050348152115694 BEST_F1_MA: 0.5337949178644764
[[1236  336  158    5]
 [   1   19   21    0]
 [   1   33   33    3]
 [   0    5   16    0]]
Epoch: [29/200], cls_loss: 0.4486, transfer_loss: -2.7392,person_loss: 0.0000, total_Loss: -0.9210
trian begin
trian end
n_person 383
SAMPLE
F1_MI: 0.02678093197643278 F1_MA: 0.06474021553879125 ACC_MI: 0.02678093197643278 F1_MA: 0.03743625621890547
BEST_F1_MI: 0.8050348152115693 BEST_F1_MA: 0.4730618222442936 BEST_ACC_MI: 0.8050348152115694 BEST_F1_MA: 0.5337949178644764
[[   0 1597  138    0]
 [   0   24   17    0]
 [   0   44   26    0]
 [   0   10   11    0]]
Epoch: [30/200], cls_loss: 0.3167, transfer_loss: -2.7624,person_loss: 0.0000, total_Loss: -1.0645
trian begin
trian end
n_person 383
SAMPLE
F1_MI: 0.03642206748794858 F1_MA: 0.05326758750309628 ACC_MI: 0.03642206748794858 F1_MA: 0.029602337865492375
BEST_F1_MI: 0.8050348152115693 BEST_F1_MA: 0.4730618222442936 BEST_ACC_MI: 0.8050348152115694 BEST_F1_MA: 0.5337949178644764
[[   0   83 1652    0]
 [   0    9   32    0]
 [   0   11   59    0]
 [   0    3   18    0]]
Epoch: [31/200], cls_loss: 0.3599, transfer_loss: -2.7560,person_loss: 0.0000, total_Loss: -1.0181
trian begin
trian end
n_person 383
SAMPLE
F1_MI: 0.023031601499732192 F1_MA: 0.10952247167348433 ACC_MI: 0.023031601499732192 F1_MA: 0.07198859735975136
BEST_F1_MI: 0.8050348152115693 BEST_F1_MA: 0.4730618222442936 BEST_ACC_MI: 0.8050348152115694 BEST_F1_MA: 0.5337949178644764
[[   0   51  140 1544]
 [   0   10   13   18]
 [   0    5   27   38]
 [   0    4   11    6]]
Epoch: [32/200], cls_loss: 0.3373, transfer_loss: -2.7397,person_loss: 0.0000, total_Loss: -1.0325
trian begin
trian end
n_person 383
SAMPLE
F1_MI: 0.7787895018746653 F1_MA: 0.3432638366862693 ACC_MI: 0.7787895018746652 F1_MA: 0.3019595047368979
BEST_F1_MI: 0.8050348152115693 BEST_F1_MA: 0.4730618222442936 BEST_ACC_MI: 0.8050348152115694 BEST_F1_MA: 0.5337949178644764
[[1405   75  238   17]
 [   4    8   26    3]
 [   3    8   41   18]
 [   1    1   19    0]]
Epoch: [33/200], cls_loss: 0.3512, transfer_loss: -2.7385,person_loss: 0.0000, total_Loss: -1.0181
trian begin
trian end
n_person 383
SAMPLE
F1_MI: 0.7680771290840921 F1_MA: 0.38271506125943805 ACC_MI: 0.7680771290840921 F1_MA: 0.33283876655688627
BEST_F1_MI: 0.8050348152115693 BEST_F1_MA: 0.4730618222442936 BEST_ACC_MI: 0.8050348152115694 BEST_F1_MA: 0.5337949178644764
[[1388  315   32    0]
 [   4   34    3    0]
 [   1   57   12    0]
 [   0   21    0    0]]
Epoch: [34/200], cls_loss: 0.4356, transfer_loss: -2.7508,person_loss: 0.0000, total_Loss: -0.9398
trian begin
trian end
n_person 383
