mmd 1 77G 63G DAN/DAN.yaml True
Namespace(backbone='resnet50', batch_size=32, config='DAN/DAN.yaml', data_dir='data', device=device(type='cuda'), early_stop=50, epoch_based_training=False, lr=0.003, lr_decay=0.75, lr_gamma=0.0003, lr_scheduler=True, method='True', momentum=0.9, myweight=0.1, n_epoch=200, n_iter_per_epoch=100, num_workers=3, seed=1, src_domain='77G', tgt_domain='63G', tname='transfer', transfer_loss='mmd', transfer_loss_weight=0.5, use_bottleneck=True, weight_decay=0.0005)
JUST DO IT
run my Parkinson code
transfer
TRAIN Length: 2905 290 TEST Length: 1867 383
YYY: 0 3
DATA_PROFILE   train: 2905 train2: 1867 test: 1867
DATASET.SHAPE: <data_loader.GetTrainLoader object at 0x7f3430830400> True
DATASET.SHAPE: <data_loader.GetTrainLoader object at 0x7f34284f9a00> True
DATASET.SHAPE: <data_loader.GetTestLoader object at 0x7f34284f9520> False
CLASS: 4 383
LLL: {}
BOTTLENECK_LIST: [Linear(in_features=512, out_features=256, bias=True), ReLU()]
TYPE: {'loss_type': 'mmd', 'max_iter': 20000, 'num_class': 4, 'my_person_item': <my_person_item.PersonItem object at 0x7f34284f9a30>}
initial_lr 1.0
transfer_world
method True <class 'str'>
1.8.1+cu111
True
LEN: 0 0
LOADER: <data_loader.InfiniteDataLoader object at 0x7f34284f9040> <data_loader.InfiniteDataLoader object at 0x7f34284f9d00>
N_batch: 100
trian begin
trian end
n_person 383
SAMPLE
F1_MI: 0.01713979646491698 F1_MA: 0.014673402664299546 ACC_MI: 0.01713979646491698 F1_MA: 0.00760664757310823
BEST_F1_MI: 0.01713979646491698 BEST_F1_MA: 0.014673402664299546 BEST_ACC_MI: 0.01713979646491698 BEST_F1_MA: 0.00760664757310823
[[   0 1640    0   95]
 [   0   30    0   11]
 [   0   23    0   47]
 [   0   19    0    2]]
Epoch: [ 1/200], cls_loss: 0.9021, transfer_loss: 0.0741,person_loss: -1.7889, total_Loss: 0.7602
trian begin
trian end
n_person 383
SAMPLE
F1_MI: 0.8484199250133905 F1_MA: 0.3494472741391444 ACC_MI: 0.8484199250133905 F1_MA: 0.32546690094795105
BEST_F1_MI: 0.8484199250133905 BEST_F1_MA: 0.3494472741391444 BEST_ACC_MI: 0.8484199250133905 BEST_F1_MA: 0.32546690094795105
[[1542    8  185    0]
 [  18    2   21    0]
 [  29    1   40    0]
 [   5    0   16    0]]
Epoch: [ 2/200], cls_loss: 0.6960, transfer_loss: 0.0442,person_loss: -1.7847, total_Loss: 0.5396
trian begin
trian end
n_person 383
SAMPLE
F1_MI: 0.023031601499732192 F1_MA: 0.030090759176518093 ACC_MI: 0.023031601499732192 F1_MA: 0.016362522963870176
BEST_F1_MI: 0.8484199250133905 BEST_F1_MA: 0.3494472741391444 BEST_ACC_MI: 0.8484199250133905 BEST_F1_MA: 0.32546690094795105
[[   0    0 1684   51]
 [   0    0   35    6]
 [   0    0   39   31]
 [   0    0   17    4]]
Epoch: [ 3/200], cls_loss: 0.6351, transfer_loss: 0.0437,person_loss: -1.8095, total_Loss: 0.4760
trian begin
trian end
n_person 383
SAMPLE
F1_MI: 0.02196036422067488 F1_MA: 0.05621447859418336 ACC_MI: 0.02196036422067488 F1_MA: 0.03225294054555178
BEST_F1_MI: 0.8484199250133905 BEST_F1_MA: 0.3494472741391444 BEST_ACC_MI: 0.8484199250133905 BEST_F1_MA: 0.32546690094795105
[[   0 1550  161   24]
 [   0   22   14    5]
 [   0   16   17   37]
 [   0   13    6    2]]
Epoch: [ 4/200], cls_loss: 0.6045, transfer_loss: 0.0303,person_loss: -1.8398, total_Loss: 0.4357
trian begin
trian end
n_person 383
SAMPLE
F1_MI: 0.7471880021424747 F1_MA: 0.43154377587620696 ACC_MI: 0.7471880021424746 F1_MA: 0.3596007732028639
BEST_F1_MI: 0.8484199250133905 BEST_F1_MA: 0.43154377587620696 BEST_ACC_MI: 0.8484199250133905 BEST_F1_MA: 0.3596007732028639
[[1323  324   78   10]
 [   0   33    6    2]
 [   1   24   38    7]
 [   0   18    2    1]]
Epoch: [ 5/200], cls_loss: 0.5346, transfer_loss: 0.0341,person_loss: -1.8413, total_Loss: 0.3675
trian begin
trian end
n_person 383
SAMPLE
F1_MI: 0.02196036422067488 F1_MA: 0.04733935280232527 ACC_MI: 0.02196036422067488 F1_MA: 0.025716076778680156
BEST_F1_MI: 0.8484199250133905 BEST_F1_MA: 0.43154377587620696 BEST_ACC_MI: 0.8484199250133905 BEST_F1_MA: 0.3596007732028639
[[  0 830 213 692]
 [  0   7  10  24]
 [  0   3  18  49]
 [  0   3   2  16]]
Epoch: [ 6/200], cls_loss: 0.5257, transfer_loss: 0.0458,person_loss: -1.8463, total_Loss: 0.3640
trian begin
trian end
n_person 383
SAMPLE
F1_MI: 0.02945902517407606 F1_MA: 0.0676020196401984 ACC_MI: 0.02945902517407606 F1_MA: 0.039123416550622334
BEST_F1_MI: 0.8484199250133905 BEST_F1_MA: 0.43154377587620696 BEST_ACC_MI: 0.8484199250133905 BEST_F1_MA: 0.3596007732028639
[[   0   86 1562   87]
 [   0   14   20    7]
 [   0   15   39   16]
 [   0    7   12    2]]
Epoch: [ 7/200], cls_loss: 0.4841, transfer_loss: 0.0460,person_loss: -1.8480, total_Loss: 0.3223
trian begin
trian end
n_person 383
SAMPLE
F1_MI: 0.8280664167113015 F1_MA: 0.46412120438261284 ACC_MI: 0.8280664167113015 F1_MA: 0.4229657448503471
BEST_F1_MI: 0.8484199250133905 BEST_F1_MA: 0.46412120438261284 BEST_ACC_MI: 0.8484199250133905 BEST_F1_MA: 0.4229657448503471
[[1487  215   24    9]
 [   8   32    1    0]
 [  17   27   26    0]
 [   3   16    1    1]]
Epoch: [ 8/200], cls_loss: 0.4799, transfer_loss: 0.0309,person_loss: -1.8617, total_Loss: 0.3091
trian begin
trian end
n_person 383
SAMPLE
F1_MI: 0.7787895018746653 F1_MA: 0.47729512219238956 ACC_MI: 0.7787895018746652 F1_MA: 0.4469624677661641
BEST_F1_MI: 0.8484199250133905 BEST_F1_MA: 0.47729512219238956 BEST_ACC_MI: 0.8484199250133905 BEST_F1_MA: 0.4469624677661641
[[1393  325    8    9]
 [   2   37    1    1]
 [   4   42   24    0]
 [   2   18    1    0]]
Epoch: [ 9/200], cls_loss: 0.4019, transfer_loss: 0.0481,person_loss: -1.8801, total_Loss: 0.2380
trian begin
trian end
n_person 383
SAMPLE
F1_MI: 0.83663631494376 F1_MA: 0.4209169988087971 ACC_MI: 0.83663631494376 F1_MA: 0.37849007540869456
BEST_F1_MI: 0.8484199250133905 BEST_F1_MA: 0.47729512219238956 BEST_ACC_MI: 0.8484199250133905 BEST_F1_MA: 0.4469624677661641
[[1508  177   38   12]
 [  10   22    8    1]
 [   8   24   31    7]
 [   4   13    3    1]]
Epoch: [10/200], cls_loss: 0.3831, transfer_loss: 0.0470,person_loss: -1.8772, total_Loss: 0.2189
trian begin
trian end
n_person 383
SAMPLE
F1_MI: 0.8703802892340653 F1_MA: 0.384802298078054 ACC_MI: 0.8703802892340653 F1_MA: 0.3747345479956604
BEST_F1_MI: 0.8703802892340653 BEST_F1_MA: 0.47729512219238956 BEST_ACC_MI: 0.8703802892340653 BEST_F1_MA: 0.4469624677661641
[[1589  124   22    0]
 [  24   15    2    0]
 [  35   12   21    2]
 [   9   10    2    0]]
Epoch: [11/200], cls_loss: 0.4254, transfer_loss: 0.0268,person_loss: -1.8615, total_Loss: 0.2526
trian begin
trian end
n_person 383
SAMPLE
F1_MI: 0.8168184252811996 F1_MA: 0.3664295873170438 ACC_MI: 0.8168184252811997 F1_MA: 0.31589629616910947
BEST_F1_MI: 0.8703802892340653 BEST_F1_MA: 0.47729512219238956 BEST_ACC_MI: 0.8703802892340653 BEST_F1_MA: 0.4469624677661641
[[1467   44  224    0]
 [   7    7   27    0]
 [  13    6   51    0]
 [   3    2   16    0]]
Epoch: [12/200], cls_loss: 0.3466, transfer_loss: 0.0467,person_loss: -1.8879, total_Loss: 0.1811
trian begin
trian end
n_person 383
SAMPLE
F1_MI: 0.8307445099089449 F1_MA: 0.44441688328577533 ACC_MI: 0.8307445099089449 F1_MA: 0.40547527756610535
BEST_F1_MI: 0.8703802892340653 BEST_F1_MA: 0.47729512219238956 BEST_ACC_MI: 0.8703802892340653 BEST_F1_MA: 0.4469624677661641
[[1499  196   31    9]
 [  11   29    1    0]
 [  20   28   21    1]
 [   5   10    4    2]]
Epoch: [13/200], cls_loss: 0.3374, transfer_loss: 0.0342,person_loss: -1.9017, total_Loss: 0.1644
trian begin
trian end
n_person 383
SAMPLE
F1_MI: 0.7611140867702196 F1_MA: 0.36143111860707605 ACC_MI: 0.7611140867702196 F1_MA: 0.3021989463580478
BEST_F1_MI: 0.8703802892340653 BEST_F1_MA: 0.47729512219238956 BEST_ACC_MI: 0.8703802892340653 BEST_F1_MA: 0.4469624677661641
[[1354   82  294    5]
 [   3    6   30    2]
 [   0    9   61    0]
 [   1    3   17    0]]
Epoch: [14/200], cls_loss: 0.3163, transfer_loss: 0.0520,person_loss: -1.9028, total_Loss: 0.1520
trian begin
trian end
n_person 383
SAMPLE
F1_MI: 0.8371719335832887 F1_MA: 0.3996107795883924 ACC_MI: 0.8371719335832887 F1_MA: 0.3538717847852995
BEST_F1_MI: 0.8703802892340653 BEST_F1_MA: 0.47729512219238956 BEST_ACC_MI: 0.8703802892340653 BEST_F1_MA: 0.4469624677661641
[[1508   39  166   22]
 [  13    8   19    1]
 [  20    2   44    4]
 [   4    2   12    3]]
Epoch: [15/200], cls_loss: 0.3065, transfer_loss: 0.0515,person_loss: -1.9009, total_Loss: 0.1422
trian begin
trian end
n_person 383
SAMPLE
F1_MI: 0.8344938403856454 F1_MA: 0.3911223226080915 ACC_MI: 0.8344938403856454 F1_MA: 0.3428220144305183
BEST_F1_MI: 0.8703802892340653 BEST_F1_MA: 0.47729512219238956 BEST_ACC_MI: 0.8703802892340653 BEST_F1_MA: 0.4469624677661641
[[1513  152   62    8]
 [  12   27    1    1]
 [  19   31   17    3]
 [   5    7    8    1]]
Epoch: [16/200], cls_loss: 0.2817, transfer_loss: 0.0496,person_loss: -1.9080, total_Loss: 0.1157
trian begin
trian end
n_person 383
SAMPLE
F1_MI: 0.024638457418318157 F1_MA: 0.09130680515132929 ACC_MI: 0.024638457418318157 F1_MA: 0.0558067361821485
BEST_F1_MI: 0.8703802892340653 BEST_F1_MA: 0.47729512219238956 BEST_ACC_MI: 0.8703802892340653 BEST_F1_MA: 0.4469624677661641
[[   0 1649   46   40]
 [   0   31    6    4]
 [   0   39   14   17]
 [   0   12    8    1]]
Epoch: [17/200], cls_loss: 0.2797, transfer_loss: 0.0449,person_loss: -1.9154, total_Loss: 0.1106
trian begin
trian end
n_person 383
SAMPLE
F1_MI: 0.03802892340653455 F1_MA: 0.1389959504219297 ACC_MI: 0.03802892340653455 F1_MA: 0.09305449422103353
BEST_F1_MI: 0.8703802892340653 BEST_F1_MA: 0.47729512219238956 BEST_ACC_MI: 0.8703802892340653 BEST_F1_MA: 0.4469624677661641
[[   0   45 1687    3]
 [   0    5   36    0]
 [   0    5   65    0]
 [   0    3   17    1]]
Epoch: [18/200], cls_loss: 0.2788, transfer_loss: 0.0461,person_loss: -1.9101, total_Loss: 0.1109
trian begin
trian end
n_person 383
SAMPLE
F1_MI: 0.815211569362614 F1_MA: 0.4215128190632203 ACC_MI: 0.8152115693626139 F1_MA: 0.36316554558887726
BEST_F1_MI: 0.8703802892340653 BEST_F1_MA: 0.47729512219238956 BEST_ACC_MI: 0.8703802892340653 BEST_F1_MA: 0.4469624677661641
[[1450   55  224    6]
 [   5   11   25    0]
 [   6    3   60    1]
 [   1    4   15    1]]
Epoch: [19/200], cls_loss: 0.2519, transfer_loss: 0.0137,person_loss: -1.9175, total_Loss: 0.0670
trian begin
trian end
n_person 383
SAMPLE
F1_MI: 0.037493304767005894 F1_MA: 0.2874485598430558 ACC_MI: 0.037493304767005894 F1_MA: 0.3176603590975838
BEST_F1_MI: 0.8703802892340653 BEST_F1_MA: 0.47729512219238956 BEST_ACC_MI: 0.8703802892340653 BEST_F1_MA: 0.4469624677661641
[[   1   33 1696    5]
 [   0    3   38    0]
 [   0    5   65    0]
 [   0    3   17    1]]
Epoch: [20/200], cls_loss: 0.2837, transfer_loss: 0.0169,person_loss: -1.9232, total_Loss: 0.0998
trian begin
trian end
n_person 383
SAMPLE
F1_MI: 0.8002142474558114 F1_MA: 0.37548818590160526 ACC_MI: 0.8002142474558115 F1_MA: 0.31607362432605146
BEST_F1_MI: 0.8703802892340653 BEST_F1_MA: 0.47729512219238956 BEST_ACC_MI: 0.8703802892340653 BEST_F1_MA: 0.4469624677661641
[[1430   99  195   11]
 [   5   11   25    0]
 [   6    9   53    2]
 [   1    7   13    0]]
Epoch: [21/200], cls_loss: 0.2351, transfer_loss: 0.0348,person_loss: -1.9284, total_Loss: 0.0596
trian begin
trian end
n_person 383
SAMPLE
F1_MI: 0.02945902517407606 F1_MA: 0.2647040050161363 ACC_MI: 0.02945902517407606 F1_MA: 0.27673748136455323
BEST_F1_MI: 0.8703802892340653 BEST_F1_MA: 0.47729512219238956 BEST_ACC_MI: 0.8703802892340653 BEST_F1_MA: 0.4469624677661641
[[  13 1693   26    3]
 [   1   37    3    0]
 [   2   64    4    0]
 [   2   16    2    1]]
Epoch: [22/200], cls_loss: 0.2243, transfer_loss: 0.0098,person_loss: -1.9295, total_Loss: 0.0363
trian begin
trian end
n_person 383
SAMPLE
F1_MI: 0.8596679164434923 F1_MA: 0.313878658857543 ACC_MI: 0.8596679164434923 F1_MA: 0.302619090069138
BEST_F1_MI: 0.8703802892340653 BEST_F1_MA: 0.47729512219238956 BEST_ACC_MI: 0.8703802892340653 BEST_F1_MA: 0.4469624677661641
[[1582   32  108   13]
 [  27    3    9    2]
 [  45    5   19    1]
 [  10    6    4    1]]
Epoch: [23/200], cls_loss: 0.1921, transfer_loss: 0.0110,person_loss: -1.9342, total_Loss: 0.0042
trian begin
trian end
n_person 383
SAMPLE
F1_MI: 0.5870380289234065 F1_MA: 0.4128575273096242 ACC_MI: 0.5870380289234065 F1_MA: 0.37768005588546444
BEST_F1_MI: 0.8703802892340653 BEST_F1_MA: 0.47729512219238956 BEST_ACC_MI: 0.8703802892340653 BEST_F1_MA: 0.4469624677661641
[[1036  616   80    3]
 [   0   33    8    0]
 [   1   43   26    0]
 [   0   13    7    1]]
Epoch: [24/200], cls_loss: 0.1953, transfer_loss: 0.0114,person_loss: -1.9362, total_Loss: 0.0073
trian begin
trian end
n_person 383
SAMPLE
F1_MI: 0.7611140867702196 F1_MA: 0.36020144374521884 ACC_MI: 0.7611140867702196 F1_MA: 0.29748371286832825
BEST_F1_MI: 0.8703802892340653 BEST_F1_MA: 0.47729512219238956 BEST_ACC_MI: 0.8703802892340653 BEST_F1_MA: 0.4469624677661641
[[1350    0  368   17]
 [   1    0   38    2]
 [   0    0   70    0]
 [   1    0   19    1]]
Epoch: [25/200], cls_loss: 0.1926, transfer_loss: 0.0128,person_loss: -1.9382, total_Loss: 0.0052
trian begin
trian end
n_person 383
SAMPLE
F1_MI: 0.7739689341189073 F1_MA: 0.4343514679830617 ACC_MI: 0.7739689341189073 F1_MA: 0.3652135024575959
BEST_F1_MI: 0.8703802892340653 BEST_F1_MA: 0.47729512219238956 BEST_ACC_MI: 0.8703802892340653 BEST_F1_MA: 0.4469624677661641
[[1382  259   65   29]
 [   1   31    5    4]
 [   4   35   28    3]
 [   4    9    4    4]]
Epoch: [26/200], cls_loss: 0.2060, transfer_loss: 0.0136,person_loss: -1.9390, total_Loss: 0.0189
trian begin
trian end
n_person 383
SAMPLE
F1_MI: 0.033743974290305304 F1_MA: 0.1146270413630791 ACC_MI: 0.033743974290305304 F1_MA: 0.07001457869217666
BEST_F1_MI: 0.8703802892340653 BEST_F1_MA: 0.47729512219238956 BEST_ACC_MI: 0.8703802892340653 BEST_F1_MA: 0.4469624677661641
[[   0 1668   65    2]
 [   0   36    5    0]
 [   0   43   27    0]
 [   0   14    7    0]]
Epoch: [27/200], cls_loss: 0.1770, transfer_loss: 0.0124,person_loss: -1.9424, total_Loss: -0.0110
trian begin
trian end
n_person 383
SAMPLE
F1_MI: 0.04231387252276379 F1_MA: 0.28410386061971143 ACC_MI: 0.04231387252276379 F1_MA: 0.2677341878535338
BEST_F1_MI: 0.8703802892340653 BEST_F1_MA: 0.47729512219238956 BEST_ACC_MI: 0.8703802892340653 BEST_F1_MA: 0.4469624677661641
[[   7   96 1611   21]
 [   1   11   27    2]
 [   0    6   59    5]
 [   0    3   16    2]]
Epoch: [28/200], cls_loss: 0.1559, transfer_loss: 0.0116,person_loss: -1.9431, total_Loss: -0.0326
trian begin
trian end
n_person 383
SAMPLE
F1_MI: 0.035886448848419926 F1_MA: 0.2976443517358805 ACC_MI: 0.035886448848419926 F1_MA: 0.2993769463523776
BEST_F1_MI: 0.8703802892340653 BEST_F1_MA: 0.47729512219238956 BEST_ACC_MI: 0.8703802892340653 BEST_F1_MA: 0.4469624677661641
[[   3 1394  250   88]
 [   0   10   25    6]
 [   0    9   49   12]
 [   0    3   13    5]]
Epoch: [29/200], cls_loss: 0.1541, transfer_loss: 0.0144,person_loss: -1.9395, total_Loss: -0.0326
trian begin
trian end
n_person 383
SAMPLE
F1_MI: 0.037493304767005894 F1_MA: 0.041425687327942655 ACC_MI: 0.037493304767005894 F1_MA: 0.022563565402054755
BEST_F1_MI: 0.8703802892340653 BEST_F1_MA: 0.47729512219238956 BEST_ACC_MI: 0.8703802892340653 BEST_F1_MA: 0.4469624677661641
[[   0   17 1706   12]
 [   0    1   38    2]
 [   0    1   69    0]
 [   0    0   21    0]]
Epoch: [30/200], cls_loss: 0.1411, transfer_loss: 0.0166,person_loss: -1.9414, total_Loss: -0.0448
trian begin
trian end
n_person 383
SAMPLE
F1_MI: 0.7825388323513658 F1_MA: 0.3779052056772265 ACC_MI: 0.7825388323513658 F1_MA: 0.32481185462643775
BEST_F1_MI: 0.8703802892340653 BEST_F1_MA: 0.47729512219238956 BEST_ACC_MI: 0.8703802892340653 BEST_F1_MA: 0.4469624677661641
[[1410  205   94   26]
 [   3   23   12    3]
 [   5   36   27    2]
 [   3    9    8    1]]
Epoch: [31/200], cls_loss: 0.1427, transfer_loss: 0.0164,person_loss: -1.9437, total_Loss: -0.0435
trian begin
trian end
n_person 383
SAMPLE
F1_MI: 0.8194965184788431 F1_MA: 0.38452961063389046 ACC_MI: 0.8194965184788431 F1_MA: 0.3346185919354407
BEST_F1_MI: 0.8703802892340653 BEST_F1_MA: 0.47729512219238956 BEST_ACC_MI: 0.8703802892340653 BEST_F1_MA: 0.4469624677661641
[[1473   95  157   10]
 [  10   11   18    2]
 [  15    9   45    1]
 [   4    3   13    1]]
Epoch: [32/200], cls_loss: 0.1252, transfer_loss: 0.0171,person_loss: -1.9397, total_Loss: -0.0603
trian begin
trian end
n_person 383
SAMPLE
F1_MI: 0.039100160685591856 F1_MA: 0.23301925639107307 ACC_MI: 0.039100160685591856 F1_MA: 0.20809955995599558
BEST_F1_MI: 0.8703802892340653 BEST_F1_MA: 0.47729512219238956 BEST_ACC_MI: 0.8703802892340653 BEST_F1_MA: 0.4469624677661641
[[   2    9 1692   32]
 [   0    1   37    3]
 [   1    0   69    0]
 [   0    0   20    1]]
Epoch: [33/200], cls_loss: 0.1291, transfer_loss: 0.0167,person_loss: -1.9427, total_Loss: -0.0568
trian begin
trian end
n_person 383
SAMPLE
F1_MI: 0.803963577932512 F1_MA: 0.4248629328871085 ACC_MI: 0.803963577932512 F1_MA: 0.35079804564577344
BEST_F1_MI: 0.8703802892340653 BEST_F1_MA: 0.47729512219238956 BEST_ACC_MI: 0.8703802892340653 BEST_F1_MA: 0.4469624677661641
[[1429  124  142   40]
 [   2   20   17    2]
 [   6   12   49    3]
 [   1    5   12    3]]
Epoch: [34/200], cls_loss: 0.1394, transfer_loss: 0.0176,person_loss: -1.9410, total_Loss: -0.0459
trian begin
trian end
n_person 383
SAMPLE
F1_MI: 0.8034279592929834 F1_MA: 0.4016539626574272 ACC_MI: 0.8034279592929834 F1_MA: 0.34685558094010427
BEST_F1_MI: 0.8703802892340653 BEST_F1_MA: 0.47729512219238956 BEST_ACC_MI: 0.8703802892340653 BEST_F1_MA: 0.4469624677661641
[[1430   29  267    9]
 [   4    5   30    2]
 [   5    1   64    0]
 [   2    0   18    1]]
Epoch: [35/200], cls_loss: 0.1316, transfer_loss: 0.0163,person_loss: -1.9443, total_Loss: -0.0547
trian begin
trian end
n_person 383
SAMPLE
F1_MI: 0.8023567220139259 F1_MA: 0.3885775350670695 ACC_MI: 0.802356722013926 F1_MA: 0.32980938605083593
BEST_F1_MI: 0.8703802892340653 BEST_F1_MA: 0.47729512219238956 BEST_ACC_MI: 0.8703802892340653 BEST_F1_MA: 0.4469624677661641
[[1434   56  213   32]
 [   8    5   27    1]
 [   6    4   56    4]
 [   2    2   14    3]]
Epoch: [36/200], cls_loss: 0.1136, transfer_loss: 0.0229,person_loss: -1.9426, total_Loss: -0.0692
trian begin
trian end
n_person 383
SAMPLE
F1_MI: 0.803963577932512 F1_MA: 0.39601838355434615 ACC_MI: 0.803963577932512 F1_MA: 0.3328666405964213
BEST_F1_MI: 0.8703802892340653 BEST_F1_MA: 0.47729512219238956 BEST_ACC_MI: 0.8703802892340653 BEST_F1_MA: 0.4469624677661641
[[1433   82  175   45]
 [   5    9   25    2]
 [   7    4   57    2]
 [   1    4   14    2]]
Epoch: [37/200], cls_loss: 0.1164, transfer_loss: 0.0202,person_loss: -1.9391, total_Loss: -0.0674
trian begin
trian end
n_person 383
SAMPLE
F1_MI: 0.8098553829673273 F1_MA: 0.4030754315119574 ACC_MI: 0.8098553829673273 F1_MA: 0.3410498956886111
BEST_F1_MI: 0.8703802892340653 BEST_F1_MA: 0.47729512219238956 BEST_ACC_MI: 0.8703802892340653 BEST_F1_MA: 0.4469624677661641
[[1447   71  169   48]
 [   6   14   17    4]
 [   9    7   49    5]
 [   1    6   12    2]]
Epoch: [38/200], cls_loss: 0.1089, transfer_loss: 0.0253,person_loss: -1.9373, total_Loss: -0.0722
trian begin
trian end
n_person 383
SAMPLE
F1_MI: 0.03802892340653455 F1_MA: 0.2217215680694508 ACC_MI: 0.03802892340653455 F1_MA: 0.24614831598810033
BEST_F1_MI: 0.8703802892340653 BEST_F1_MA: 0.47729512219238956 BEST_ACC_MI: 0.8703802892340653 BEST_F1_MA: 0.4469624677661641
[[  34  176   65 1460]
 [   5   19   11    6]
 [   3   35   16   16]
 [   4   10    5    2]]
Epoch: [39/200], cls_loss: 0.1061, transfer_loss: 0.0249,person_loss: -1.9409, total_Loss: -0.0756
trian begin
trian end
n_person 383
SAMPLE
F1_MI: 0.8136047134440278 F1_MA: 0.3816804153315516 ACC_MI: 0.8136047134440278 F1_MA: 0.3218154262251466
BEST_F1_MI: 0.8703802892340653 BEST_F1_MA: 0.47729512219238956 BEST_ACC_MI: 0.8703802892340653 BEST_F1_MA: 0.4469624677661641
[[1463  156  116    0]
 [   6   23   12    0]
 [  22   15   33    0]
 [   3   10    8    0]]
Epoch: [40/200], cls_loss: 0.1018, transfer_loss: 0.0296,person_loss: -1.9420, total_Loss: -0.0776
trian begin
trian end
n_person 383
SAMPLE
F1_MI: 0.8559185859667916 F1_MA: 0.3724892290641907 ACC_MI: 0.8559185859667916 F1_MA: 0.34022467540827683
BEST_F1_MI: 0.8703802892340653 BEST_F1_MA: 0.47729512219238956 BEST_ACC_MI: 0.8703802892340653 BEST_F1_MA: 0.4469624677661641
[[1560   51   91   33]
 [  20    7   12    2]
 [  35    5   27    3]
 [   8    4    5    4]]
Epoch: [41/200], cls_loss: 0.1028, transfer_loss: 0.0291,person_loss: -1.9451, total_Loss: -0.0772
trian begin
trian end
n_person 383
SAMPLE
F1_MI: 0.039100160685591856 F1_MA: 0.22322969948527244 ACC_MI: 0.039100160685591856 F1_MA: 0.1755285372777529
BEST_F1_MI: 0.8703802892340653 BEST_F1_MA: 0.47729512219238956 BEST_ACC_MI: 0.8703802892340653 BEST_F1_MA: 0.4469624677661641
[[   1   21 1636   77]
 [   1    3   31    6]
 [   0    2   64    4]
 [   0    1   15    5]]
Epoch: [42/200], cls_loss: 0.0953, transfer_loss: 0.0276,person_loss: -1.9476, total_Loss: -0.0856
trian begin
trian end
n_person 383
SAMPLE
F1_MI: 0.8264595607927155 F1_MA: 0.3606645702117 ACC_MI: 0.8264595607927155 F1_MA: 0.32406388030059396
BEST_F1_MI: 0.8703802892340653 BEST_F1_MA: 0.47729512219238956 BEST_ACC_MI: 0.8703802892340653 BEST_F1_MA: 0.4469624677661641
[[1500   60  155   20]
 [  12    8   20    1]
 [  26    5   33    6]
 [   3    4   12    2]]
Epoch: [43/200], cls_loss: 0.0862, transfer_loss: 0.0239,person_loss: -1.9507, total_Loss: -0.0969
trian begin
trian end
n_person 383
SAMPLE
F1_MI: 0.822710230316015 F1_MA: 0.36009355966257905 ACC_MI: 0.822710230316015 F1_MA: 0.31258535943853344
BEST_F1_MI: 0.8703802892340653 BEST_F1_MA: 0.47729512219238956 BEST_ACC_MI: 0.8703802892340653 BEST_F1_MA: 0.4469624677661641
[[1487  105  142    1]
 [   9   14   18    0]
 [  17   15   35    3]
 [   3    9    9    0]]
Epoch: [44/200], cls_loss: 0.1033, transfer_loss: 0.0257,person_loss: -1.9500, total_Loss: -0.0788
trian begin
trian end
n_person 383
SAMPLE
F1_MI: 0.8050348152115693 F1_MA: 0.33188608900808464 ACC_MI: 0.8050348152115694 F1_MA: 0.2980304400449496
BEST_F1_MI: 0.8703802892340653 BEST_F1_MA: 0.47729512219238956 BEST_ACC_MI: 0.8703802892340653 BEST_F1_MA: 0.4469624677661641
[[1468  179   85    3]
 [   8   15   18    0]
 [  28   22   20    0]
 [   6    7    8    0]]
Epoch: [45/200], cls_loss: 0.0771, transfer_loss: 0.0217,person_loss: -1.9520, total_Loss: -0.1072
trian begin
trian end
n_person 383
SAMPLE
F1_MI: 0.8018211033743974 F1_MA: 0.37291136761996135 ACC_MI: 0.8018211033743974 F1_MA: 0.31501103245380163
BEST_F1_MI: 0.8703802892340653 BEST_F1_MA: 0.47729512219238956 BEST_ACC_MI: 0.8703802892340653 BEST_F1_MA: 0.4469624677661641
[[1434   83  210    8]
 [   9   10   22    0]
 [  12    4   53    1]
 [   5    3   13    0]]
Epoch: [46/200], cls_loss: 0.0681, transfer_loss: 0.0195,person_loss: -1.9546, total_Loss: -0.1176
trian begin
trian end
n_person 383
SAMPLE
F1_MI: 0.8286020353508301 F1_MA: 0.3414791038746366 ACC_MI: 0.8286020353508302 F1_MA: 0.30231678759874697
BEST_F1_MI: 0.8703802892340653 BEST_F1_MA: 0.47729512219238956 BEST_ACC_MI: 0.8703802892340653 BEST_F1_MA: 0.4469624677661641
[[1502   67  164    2]
 [  12    6   23    0]
 [  27    4   39    0]
 [   5    5   11    0]]
Epoch: [47/200], cls_loss: 0.0763, transfer_loss: 0.0207,person_loss: -1.9574, total_Loss: -0.1091
trian begin
trian end
n_person 383
SAMPLE
F1_MI: 0.7857525441885378 F1_MA: 0.36375514460763003 ACC_MI: 0.7857525441885378 F1_MA: 0.305567107117859
BEST_F1_MI: 0.8703802892340653 BEST_F1_MA: 0.47729512219238956 BEST_ACC_MI: 0.8703802892340653 BEST_F1_MA: 0.4469624677661641
[[1402   76  254    3]
 [   2    6   33    0]
 [   2    9   59    0]
 [   0    7   14    0]]
Epoch: [48/200], cls_loss: 0.0783, transfer_loss: 0.0200,person_loss: -1.9580, total_Loss: -0.1075
trian begin
trian end
n_person 383
SAMPLE
F1_MI: 0.7771826459560792 F1_MA: 0.3892192719528092 ACC_MI: 0.7771826459560792 F1_MA: 0.33321093021688586
BEST_F1_MI: 0.8703802892340653 BEST_F1_MA: 0.47729512219238956 BEST_ACC_MI: 0.8703802892340653 BEST_F1_MA: 0.4469624677661641
[[1385   41  291   18]
 [   4    3   33    1]
 [   6    3   60    1]
 [   5    2   11    3]]
Epoch: [49/200], cls_loss: 0.0773, transfer_loss: 0.0174,person_loss: -1.9596, total_Loss: -0.1099
trian begin
trian end
n_person 383
SAMPLE
F1_MI: 0.03963577932512052 F1_MA: 0.2797921563369669 ACC_MI: 0.03963577932512052 F1_MA: 0.2921506803849983
BEST_F1_MI: 0.8703802892340653 BEST_F1_MA: 0.47729512219238956 BEST_ACC_MI: 0.8703802892340653 BEST_F1_MA: 0.4469624677661641
[[   1   19 1706    9]
 [   0    3   38    0]
 [   0    0   70    0]
 [   0    1   20    0]]
Epoch: [50/200], cls_loss: 0.0597, transfer_loss: 0.0115,person_loss: -1.9645, total_Loss: -0.1310
trian begin
trian end
n_person 383
SAMPLE
F1_MI: 0.8318157471880021 F1_MA: 0.40655022406237934 ACC_MI: 0.8318157471880021 F1_MA: 0.3509559762602359
BEST_F1_MI: 0.8703802892340653 BEST_F1_MA: 0.47729512219238956 BEST_ACC_MI: 0.8703802892340653 BEST_F1_MA: 0.4469624677661641
[[1494  105  112   24]
 [  10   16   15    0]
 [  23    5   41    1]
 [   3   10    6    2]]
Epoch: [51/200], cls_loss: 0.0725, transfer_loss: 0.0114,person_loss: -1.9645, total_Loss: -0.1183
trian begin
trian end
n_person 383
SAMPLE
F1_MI: 0.7027316550615962 F1_MA: 0.39448881920633 ACC_MI: 0.7027316550615962 F1_MA: 0.33197145220371027
BEST_F1_MI: 0.8703802892340653 BEST_F1_MA: 0.47729512219238956 BEST_ACC_MI: 0.8703802892340653 BEST_F1_MA: 0.4469624677661641
[[1244  353  120   18]
 [   2   22   16    1]
 [   3   17   45    5]
 [   1   11    8    1]]
Epoch: [52/200], cls_loss: 0.0637, transfer_loss: 0.0112,person_loss: -1.9665, total_Loss: -0.1273
trian begin
trian end
n_person 383
SAMPLE
F1_MI: 0.7846813069094805 F1_MA: 0.4206387075478241 ACC_MI: 0.7846813069094805 F1_MA: 0.34831824412334544
BEST_F1_MI: 0.8703802892340653 BEST_F1_MA: 0.47729512219238956 BEST_ACC_MI: 0.8703802892340653 BEST_F1_MA: 0.4469624677661641
[[1393  166  144   32]
 [   1   19   19    2]
 [   2   17   50    1]
 [   0   11    7    3]]
Epoch: [53/200], cls_loss: 0.0677, transfer_loss: 0.0102,person_loss: -1.9660, total_Loss: -0.1238
trian begin
trian end
n_person 383
SAMPLE
F1_MI: 0.03802892340653455 F1_MA: 0.18658780211742956 ACC_MI: 0.03802892340653455 F1_MA: 0.14716084952451808
BEST_F1_MI: 0.8703802892340653 BEST_F1_MA: 0.47729512219238956 BEST_ACC_MI: 0.8703802892340653 BEST_F1_MA: 0.4469624677661641
[[   5   52 1656   22]
 [   3    4   32    2]
 [   3    4   61    2]
 [   0    4   16    1]]
Epoch: [54/200], cls_loss: 0.0609, transfer_loss: 0.0105,person_loss: -1.9674, total_Loss: -0.1305
trian begin
trian end
n_person 383
SAMPLE
F1_MI: 0.7423674343867167 F1_MA: 0.3719554311991368 ACC_MI: 0.7423674343867167 F1_MA: 0.3188184030633328
BEST_F1_MI: 0.8703802892340653 BEST_F1_MA: 0.47729512219238956 BEST_ACC_MI: 0.8703802892340653 BEST_F1_MA: 0.4469624677661641
[[1329  243  129   34]
 [   2   17   20    2]
 [   4   24   39    3]
 [   3    9    8    1]]
Epoch: [55/200], cls_loss: 0.0559, transfer_loss: 0.0094,person_loss: -1.9693, total_Loss: -0.1363
trian begin
trian end
n_person 383
SAMPLE
F1_MI: 0.6502410283877879 F1_MA: 0.36304488999310147 ACC_MI: 0.6502410283877879 F1_MA: 0.30103045844065296
BEST_F1_MI: 0.8703802892340653 BEST_F1_MA: 0.47729512219238956 BEST_ACC_MI: 0.8703802892340653 BEST_F1_MA: 0.4469624677661641
[[1139   79  516    1]
 [   1   10   29    1]
 [   1    4   65    0]
 [   0    5   16    0]]
Epoch: [56/200], cls_loss: 0.0549, transfer_loss: 0.0118,person_loss: -1.9690, total_Loss: -0.1361
trian begin
trian end
n_person 383
SAMPLE
F1_MI: 0.8173540439207283 F1_MA: 0.33615319476226474 ACC_MI: 0.8173540439207284 F1_MA: 0.30178305240224745
BEST_F1_MI: 0.8703802892340653 BEST_F1_MA: 0.47729512219238956 BEST_ACC_MI: 0.8703802892340653 BEST_F1_MA: 0.4469624677661641
[[1492  168   74    1]
 [  11   17   13    0]
 [  21   32   17    0]
 [   6   11    4    0]]
Epoch: [57/200], cls_loss: 0.0524, transfer_loss: 0.0106,person_loss: -1.9713, total_Loss: -0.1395
trian begin
trian end
n_person 383
SAMPLE
F1_MI: 0.8248527048741296 F1_MA: 0.35444467788009243 ACC_MI: 0.8248527048741296 F1_MA: 0.31159890583963057
BEST_F1_MI: 0.8703802892340653 BEST_F1_MA: 0.47729512219238956 BEST_ACC_MI: 0.8703802892340653 BEST_F1_MA: 0.4469624677661641
[[1490   47  189    9]
 [  10    7   23    1]
 [  21    5   43    1]
 [   4    6   11    0]]
Epoch: [58/200], cls_loss: 0.0517, transfer_loss: 0.0100,person_loss: -1.9717, total_Loss: -0.1404
trian begin
trian end
n_person 383
SAMPLE
F1_MI: 0.821103374397429 F1_MA: 0.3362584248640632 ACC_MI: 0.821103374397429 F1_MA: 0.3016604055666556
BEST_F1_MI: 0.8703802892340653 BEST_F1_MA: 0.47729512219238956 BEST_ACC_MI: 0.8703802892340653 BEST_F1_MA: 0.4469624677661641
[[1494   93  135   13]
 [  10   10   20    1]
 [  32    5   29    4]
 [   4    9    8    0]]
Epoch: [59/200], cls_loss: 0.0615, transfer_loss: 0.0109,person_loss: -1.9723, total_Loss: -0.1303
[[1393  325    8    9]
 [   2   37    1    1]
 [   4   42   24    0]
 [   2   18    1    0]]
[[1589  124   22    0]
 [  24   15    2    0]
 [  35   12   21    2]
 [   9   10    2    0]]
ARG: Namespace(backbone='resnet50', batch_size=32, config='DAN/DAN.yaml', data_dir='data', device=device(type='cuda'), early_stop=50, epoch_based_training=False, lr=0.003, lr_decay=0.75, lr_gamma=0.0003, lr_scheduler=True, max_iter=20000, method='True', momentum=0.9, myweight=0.1, n_class=4, n_epoch=200, n_iter_per_epoch=100, num_workers=3, seed=1, src_domain='77G', tgt_domain='63G', tname='transfer', transfer_loss='mmd', transfer_loss_weight=0.5, use_bottleneck=True, weight_decay=0.0005)
