bnm 1 77G 63G BNM/BNM.yaml True
Namespace(backbone='resnet50', batch_size=32, config='BNM/BNM.yaml', data_dir='data', device=device(type='cuda'), early_stop=50, epoch_based_training=False, lr=0.003, lr_decay=0.75, lr_gamma=0.0003, lr_scheduler=True, method='True', momentum=0.9, myweight=0.1, n_epoch=200, n_iter_per_epoch=100, num_workers=3, seed=1, src_domain='77G', tgt_domain='63G', tname='transfer', transfer_loss='bnm', transfer_loss_weight=0.5, use_bottleneck=True, weight_decay=0.0005)
JUST DO IT
run my Parkinson code
transfer
TRAIN Length: 2905 290 TEST Length: 1867 383
YYY: 0 3
DATA_PROFILE   train: 2905 train2: 1867 test: 1867
DATASET.SHAPE: <data_loader.GetTrainLoader object at 0x7f999eb4b400> True
DATASET.SHAPE: <data_loader.GetTrainLoader object at 0x7f9996814a00> True
DATASET.SHAPE: <data_loader.GetTestLoader object at 0x7f9996814520> False
CLASS: 4 383
LLL: {}
BOTTLENECK_LIST: [Linear(in_features=512, out_features=256, bias=True), ReLU()]
TYPE: {'loss_type': 'bnm', 'max_iter': 20000, 'num_class': 4, 'my_person_item': <my_person_item.PersonItem object at 0x7f9996814a30>}
initial_lr 1.0
transfer_world
method True <class 'str'>
1.8.1+cu111
True
LEN: 0 0
LOADER: <data_loader.InfiniteDataLoader object at 0x7f9996814040> <data_loader.InfiniteDataLoader object at 0x7f9996814d00>
N_batch: 100
trian begin
trian end
n_person 383
SAMPLE
F1_MI: 0.014997321906802356 F1_MA: 0.08086725750076264 ACC_MI: 0.014997321906802356 F1_MA: 0.04883179368745188
BEST_F1_MI: 0.014997321906802356 BEST_F1_MA: 0.08086725750076264 BEST_ACC_MI: 0.014997321906802356 BEST_F1_MA: 0.04883179368745188
[[   0   46   61 1628]
 [   0    4    3   34]
 [   0    6    9   55]
 [   0    4    2   15]]
Epoch: [ 1/200], cls_loss: 0.9962, transfer_loss: -3.2314,person_loss: -1.5512, total_Loss: -0.7746
trian begin
trian end
n_person 383
SAMPLE
F1_MI: 0.03802892340653455 F1_MA: 0.08515839308222502 ACC_MI: 0.03802892340653455 F1_MA: 0.05107021314705355
BEST_F1_MI: 0.03802892340653455 BEST_F1_MA: 0.08515839308222502 BEST_ACC_MI: 0.03802892340653455 BEST_F1_MA: 0.05107021314705355
[[   0    5 1730    0]
 [   0    1   40    0]
 [   0    0   70    0]
 [   0    0   21    0]]
Epoch: [ 2/200], cls_loss: 0.8070, transfer_loss: -3.8278,person_loss: -1.3704, total_Loss: -1.2440
trian begin
trian end
n_person 383
SAMPLE
F1_MI: 0.8216389930369576 F1_MA: 0.3884330238833682 ACC_MI: 0.8216389930369576 F1_MA: 0.33534173204116047
BEST_F1_MI: 0.8216389930369576 BEST_F1_MA: 0.3884330238833682 BEST_ACC_MI: 0.8216389930369576 BEST_F1_MA: 0.33534173204116047
[[1469   24  242    0]
 [   8    7   26    0]
 [   9    3   58    0]
 [   3    4   14    0]]
Epoch: [ 3/200], cls_loss: 0.7204, transfer_loss: -3.8734,person_loss: -1.3492, total_Loss: -1.3512
trian begin
trian end
n_person 383
SAMPLE
F1_MI: 0.08302088912694162 F1_MA: 0.2262056826451961 ACC_MI: 0.08302088912694162 F1_MA: 0.22463644815744052
BEST_F1_MI: 0.8216389930369576 BEST_F1_MA: 0.3884330238833682 BEST_ACC_MI: 0.8216389930369576 BEST_F1_MA: 0.33534173204116047
[[  98   23 1614    0]
 [  11    4   26    0]
 [  12    5   53    0]
 [  11    0   10    0]]
Epoch: [ 4/200], cls_loss: 0.7721, transfer_loss: -3.9065,person_loss: -1.3412, total_Loss: -1.3153
trian begin
trian end
n_person 383
SAMPLE
F1_MI: 0.7600428494911623 F1_MA: 0.4051928124648984 ACC_MI: 0.7600428494911623 F1_MA: 0.32975128400570874
BEST_F1_MI: 0.8216389930369576 BEST_F1_MA: 0.4051928124648984 BEST_ACC_MI: 0.8216389930369576 BEST_F1_MA: 0.33534173204116047
[[1346  266  123    0]
 [   1   28   12    0]
 [   0   25   45    0]
 [   2    8   11    0]]
Epoch: [ 5/200], cls_loss: 0.7679, transfer_loss: -3.9088,person_loss: -1.3318, total_Loss: -1.3197
trian begin
trian end
n_person 383
SAMPLE
F1_MI: 0.7562935190144616 F1_MA: 0.4693951056989886 ACC_MI: 0.7562935190144617 F1_MA: 0.4196559730843956
BEST_F1_MI: 0.8216389930369576 BEST_F1_MA: 0.4693951056989886 BEST_ACC_MI: 0.8216389930369576 BEST_F1_MA: 0.4196559730843956
[[1344  373   18    0]
 [   1   38    2    0]
 [   1   39   30    0]
 [   1   20    0    0]]
Epoch: [ 6/200], cls_loss: 0.6542, transfer_loss: -3.9402,person_loss: -1.3496, total_Loss: -1.4508
trian begin
trian end
n_person 383
SAMPLE
F1_MI: 0.04177825388323514 F1_MA: 0.30577523287481156 ACC_MI: 0.04177825388323514 F1_MA: 0.29224885763244324
BEST_F1_MI: 0.8216389930369576 BEST_F1_MA: 0.4693951056989886 BEST_ACC_MI: 0.8216389930369576 BEST_F1_MA: 0.4196559730843956
[[   1 1450  284    0]
 [   0   18   23    0]
 [   0   11   59    0]
 [   0   11   10    0]]
Epoch: [ 7/200], cls_loss: 0.6234, transfer_loss: -3.9201,person_loss: -1.3527, total_Loss: -1.4719
trian begin
trian end
n_person 383
SAMPLE
F1_MI: 0.025174076057846818 F1_MA: 0.06341593141806419 ACC_MI: 0.025174076057846814 F1_MA: 0.038107143278883
BEST_F1_MI: 0.8216389930369576 BEST_F1_MA: 0.4693951056989886 BEST_ACC_MI: 0.8216389930369576 BEST_F1_MA: 0.4196559730843956
[[   0  386  211 1138]
 [   0    5   27    9]
 [   0    2   41   27]
 [   0    4   16    1]]
Epoch: [ 8/200], cls_loss: 0.6054, transfer_loss: -3.9396,person_loss: -1.3106, total_Loss: -1.4954
trian begin
trian end
n_person 383
SAMPLE
F1_MI: 0.8339582217461168 F1_MA: 0.3812978442349585 ACC_MI: 0.8339582217461168 F1_MA: 0.3254389996794962
BEST_F1_MI: 0.8339582217461168 BEST_F1_MA: 0.4693951056989886 BEST_ACC_MI: 0.8339582217461168 BEST_F1_MA: 0.4196559730843956
[[1497   79  159    0]
 [  12   12   17    0]
 [  19    3   48    0]
 [   4    5   12    0]]
Epoch: [ 9/200], cls_loss: 0.5334, transfer_loss: -3.9460,person_loss: -1.3488, total_Loss: -1.5745
trian begin
trian end
n_person 383
SAMPLE
F1_MI: 0.03963577932512052 F1_MA: 0.24977397562922815 ACC_MI: 0.03963577932512052 F1_MA: 0.21300518202672097
BEST_F1_MI: 0.8339582217461168 BEST_F1_MA: 0.4693951056989886 BEST_ACC_MI: 0.8339582217461168 BEST_F1_MA: 0.4196559730843956
[[   2  162  371 1200]
 [   1   11   27    2]
 [   0   10   59    1]
 [   0    7   12    2]]
Epoch: [10/200], cls_loss: 0.5555, transfer_loss: -3.9442,person_loss: -1.3464, total_Loss: -1.5513
trian begin
trian end
n_person 383
SAMPLE
F1_MI: 0.822710230316015 F1_MA: 0.41424448662228947 ACC_MI: 0.822710230316015 F1_MA: 0.36156679641718303
BEST_F1_MI: 0.8339582217461168 BEST_F1_MA: 0.4693951056989886 BEST_ACC_MI: 0.8339582217461168 BEST_F1_MA: 0.4196559730843956
[[1479  212   44    0]
 [   8   27    6    0]
 [  11   29   30    0]
 [   3   16    2    0]]
Epoch: [11/200], cls_loss: 0.5768, transfer_loss: -3.9002,person_loss: -1.3656, total_Loss: -1.5098
trian begin
trian end
n_person 383
SAMPLE
F1_MI: 0.8157471880021425 F1_MA: 0.36544609408009854 ACC_MI: 0.8157471880021425 F1_MA: 0.3175367469393417
BEST_F1_MI: 0.8339582217461168 BEST_F1_MA: 0.4693951056989886 BEST_ACC_MI: 0.8339582217461168 BEST_F1_MA: 0.4196559730843956
[[1486  212   30    7]
 [  10   30    1    0]
 [  14   27    6   23]
 [   4   13    3    1]]
Epoch: [12/200], cls_loss: 0.4803, transfer_loss: -3.9445,person_loss: -1.3468, total_Loss: -1.6266
trian begin
trian end
n_person 383
SAMPLE
F1_MI: 0.6202463845741831 F1_MA: 0.45137934040100414 ACC_MI: 0.6202463845741831 F1_MA: 0.4415673246042603
BEST_F1_MI: 0.8339582217461168 BEST_F1_MA: 0.4693951056989886 BEST_ACC_MI: 0.8339582217461168 BEST_F1_MA: 0.4415673246042603
[[1100  623    7    5]
 [   0   38    0    3]
 [   0   50   20    0]
 [   0   20    1    0]]
Epoch: [13/200], cls_loss: 0.5045, transfer_loss: -3.9619,person_loss: -1.3345, total_Loss: -1.6099
trian begin
trian end
n_person 383
SAMPLE
F1_MI: 0.0433851098018211 F1_MA: 0.2185671449304484 ACC_MI: 0.0433851098018211 F1_MA: 0.15255570318107542
BEST_F1_MI: 0.8339582217461168 BEST_F1_MA: 0.4693951056989886 BEST_ACC_MI: 0.8339582217461168 BEST_F1_MA: 0.4415673246042603
[[   0 1710   25    0]
 [   0   38    3    0]
 [   0   27   43    0]
 [   0   19    2    0]]
Epoch: [14/200], cls_loss: 0.4894, transfer_loss: -3.9331,person_loss: -1.3423, total_Loss: -1.6114
trian begin
trian end
n_person 383
SAMPLE
F1_MI: 0.7466523835029459 F1_MA: 0.373931317725639 ACC_MI: 0.7466523835029459 F1_MA: 0.3082245411966774
BEST_F1_MI: 0.8339582217461168 BEST_F1_MA: 0.4693951056989886 BEST_ACC_MI: 0.8339582217461168 BEST_F1_MA: 0.4415673246042603
[[1325  161  248    1]
 [   0   15   26    0]
 [   1   15   54    0]
 [   0    7   14    0]]
Epoch: [15/200], cls_loss: 0.4653, transfer_loss: -3.9409,person_loss: -1.3574, total_Loss: -1.6409
trian begin
trian end
n_person 383
SAMPLE
F1_MI: 0.037493304767005894 F1_MA: 0.16665823906851984 ACC_MI: 0.037493304767005894 F1_MA: 0.12787734227264913
BEST_F1_MI: 0.8339582217461168 BEST_F1_MA: 0.4693951056989886 BEST_ACC_MI: 0.8339582217461168 BEST_F1_MA: 0.4415673246042603
[[  26 1600  109    0]
 [   2   31    8    0]
 [  37   20   13    0]
 [   0   11   10    0]]
Epoch: [16/200], cls_loss: 0.4903, transfer_loss: -3.9172,person_loss: -1.3858, total_Loss: -1.6069
trian begin
trian end
n_person 383
SAMPLE
F1_MI: 0.02945902517407606 F1_MA: 0.061253412921669706 ACC_MI: 0.02945902517407606 F1_MA: 0.03554277554012165
BEST_F1_MI: 0.8339582217461168 BEST_F1_MA: 0.4693951056989886 BEST_ACC_MI: 0.8339582217461168 BEST_F1_MA: 0.4415673246042603
[[   0    2  270 1463]
 [   0    0   32    9]
 [   0    0   52   18]
 [   0    1   17    3]]
Epoch: [17/200], cls_loss: 0.4518, transfer_loss: -3.9364,person_loss: -1.3670, total_Loss: -1.6531
trian begin
trian end
n_person 383
SAMPLE
F1_MI: 0.7712908409212641 F1_MA: 0.38094632095206615 ACC_MI: 0.7712908409212641 F1_MA: 0.3404927743385847
BEST_F1_MI: 0.8339582217461168 BEST_F1_MA: 0.4693951056989886 BEST_ACC_MI: 0.8339582217461168 BEST_F1_MA: 0.4415673246042603
[[1396  244   39   56]
 [   4   26    3    8]
 [   4   30   17   19]
 [   1   16    3    1]]
Epoch: [18/200], cls_loss: 0.4550, transfer_loss: -3.9225,person_loss: -1.3599, total_Loss: -1.6422
trian begin
trian end
n_person 383
SAMPLE
F1_MI: 0.8082485270487413 F1_MA: 0.3687529260459269 ACC_MI: 0.8082485270487413 F1_MA: 0.3150358288153579
BEST_F1_MI: 0.8339582217461168 BEST_F1_MA: 0.4693951056989886 BEST_ACC_MI: 0.8339582217461168 BEST_F1_MA: 0.4415673246042603
[[1456  146  133    0]
 [   4   18   19    0]
 [  12   23   35    0]
 [   2   15    4    0]]
Epoch: [19/200], cls_loss: 0.4375, transfer_loss: -3.9364,person_loss: -1.3585, total_Loss: -1.6666
trian begin
trian end
n_person 383
SAMPLE
F1_MI: 0.04017139796464917 F1_MA: 0.033379050904536536 ACC_MI: 0.04017139796464917 F1_MA: 0.01767027567209312
BEST_F1_MI: 0.8339582217461168 BEST_F1_MA: 0.4693951056989886 BEST_ACC_MI: 0.8339582217461168 BEST_F1_MA: 0.4415673246042603
[[   0  593 1142    0]
 [   0   13   28    0]
 [   0    8   62    0]
 [   0    5   16    0]]
Epoch: [20/200], cls_loss: 0.4477, transfer_loss: -3.9480,person_loss: -1.3494, total_Loss: -1.6613
trian begin
trian end
n_person 383
SAMPLE
F1_MI: 0.04017139796464917 F1_MA: 0.06545464867744662 ACC_MI: 0.04017139796464917 F1_MA: 0.03676237561006528
BEST_F1_MI: 0.8339582217461168 BEST_F1_MA: 0.4693951056989886 BEST_ACC_MI: 0.8339582217461168 BEST_F1_MA: 0.4415673246042603
[[   0   84 1648    3]
 [   0   12   28    1]
 [   0    5   63    2]
 [   0    7   14    0]]
Epoch: [21/200], cls_loss: 0.4675, transfer_loss: -3.9170,person_loss: -1.3443, total_Loss: -1.6254
trian begin
trian end
n_person 383
SAMPLE
F1_MI: 0.031065881092662024 F1_MA: 0.051585919748253745 ACC_MI: 0.031065881092662024 F1_MA: 0.02819171142103066
BEST_F1_MI: 0.8339582217461168 BEST_F1_MA: 0.4693951056989886 BEST_ACC_MI: 0.8339582217461168 BEST_F1_MA: 0.4415673246042603
[[   0  283 1449    3]
 [   0   38    3    0]
 [   0   45   20    5]
 [   0   17    4    0]]
Epoch: [22/200], cls_loss: 0.4211, transfer_loss: -3.9032,person_loss: -1.3400, total_Loss: -1.6645
trian begin
trian end
n_person 383
SAMPLE
F1_MI: 0.03481521156936261 F1_MA: 0.05311595362061581 ACC_MI: 0.03481521156936261 F1_MA: 0.029232848935451167
BEST_F1_MI: 0.8339582217461168 BEST_F1_MA: 0.4693951056989886 BEST_ACC_MI: 0.8339582217461168 BEST_F1_MA: 0.4415673246042603
[[   0  196 1539    0]
 [   0   23   18    0]
 [   0   28   42    0]
 [   0    6   15    0]]
Epoch: [23/200], cls_loss: 0.4846, transfer_loss: -3.9253,person_loss: -1.3272, total_Loss: -1.6108
trian begin
trian end
n_person 383
SAMPLE
F1_MI: 0.035886448848419926 F1_MA: 0.017502612330198536 ACC_MI: 0.035886448848419926 F1_MA: 0.00908351409978308
BEST_F1_MI: 0.8339582217461168 BEST_F1_MA: 0.4693951056989886 BEST_ACC_MI: 0.8339582217461168 BEST_F1_MA: 0.4415673246042603
[[   0   18 1717    0]
 [   0    0   41    0]
 [   0    3   67    0]
 [   0    2   19    0]]
Epoch: [24/200], cls_loss: 0.3989, transfer_loss: -3.9479,person_loss: -1.3420, total_Loss: -1.7093
trian begin
trian end
n_person 383
SAMPLE
F1_MI: 0.023567220139260846 F1_MA: 0.1320652387254201 ACC_MI: 0.023567220139260846 F1_MA: 0.08872416891284815
BEST_F1_MI: 0.8339582217461168 BEST_F1_MA: 0.4693951056989886 BEST_ACC_MI: 0.8339582217461168 BEST_F1_MA: 0.4415673246042603
[[   0 1728    7    0]
 [   0   40    1    0]
 [   0   66    4    0]
 [   0   21    0    0]]
Epoch: [25/200], cls_loss: 0.4483, transfer_loss: -3.9232,person_loss: -1.3456, total_Loss: -1.6479
trian begin
trian end
n_person 383
SAMPLE
F1_MI: 0.6164970540974826 F1_MA: 0.36731492735241394 ACC_MI: 0.6164970540974826 F1_MA: 0.2994130078244015
BEST_F1_MI: 0.8339582217461168 BEST_F1_MA: 0.4693951056989886 BEST_ACC_MI: 0.8339582217461168 BEST_F1_MA: 0.4415673246042603
[[1077  381  277    0]
 [   0   22   19    0]
 [   0   18   52    0]
 [   0   16    5    0]]
Epoch: [26/200], cls_loss: 0.3943, transfer_loss: -3.7931,person_loss: -1.3835, total_Loss: -1.6406
trian begin
trian end
n_person 383
SAMPLE
F1_MI: 0.8286020353508301 F1_MA: 0.48112857567103434 ACC_MI: 0.8286020353508302 F1_MA: 0.5199587270115524
BEST_F1_MI: 0.8339582217461168 BEST_F1_MA: 0.48112857567103434 BEST_ACC_MI: 0.8339582217461168 BEST_F1_MA: 0.5199587270115524
[[1505  230    0    0]
 [   9   32    0    0]
 [  17   43   10    0]
 [   4   17    0    0]]
Epoch: [27/200], cls_loss: 0.3795, transfer_loss: -3.8759,person_loss: -1.3444, total_Loss: -1.6929
trian begin
trian end
n_person 383
SAMPLE
F1_MI: 0.028923406534547398 F1_MA: 0.29312011016252415 ACC_MI: 0.0289234065345474 F1_MA: 0.2932390817469205
BEST_F1_MI: 0.8339582217461168 BEST_F1_MA: 0.48112857567103434 BEST_ACC_MI: 0.8339582217461168 BEST_F1_MA: 0.5199587270115524
[[   1 1666   68    0]
 [   0   41    0    0]
 [   0   58   12    0]
 [   0   21    0    0]]
Epoch: [28/200], cls_loss: 0.3630, transfer_loss: -3.9317,person_loss: -1.3506, total_Loss: -1.7379
trian begin
trian end
n_person 383
SAMPLE
F1_MI: 0.7793251205141939 F1_MA: 0.4860167373572601 ACC_MI: 0.7793251205141939 F1_MA: 0.5208522844328933
BEST_F1_MI: 0.8339582217461168 BEST_F1_MA: 0.4860167373572601 BEST_ACC_MI: 0.8339582217461168 BEST_F1_MA: 0.5208522844328933
[[1412  323    0    0]
 [   2   39    0    0]
 [   2   64    4    0]
 [   2   19    0    0]]
Epoch: [29/200], cls_loss: 0.3653, transfer_loss: -3.9390,person_loss: -1.3556, total_Loss: -1.7397
trian begin
trian end
n_person 383
SAMPLE
F1_MI: 0.035886448848419926 F1_MA: 0.04037534164164123 ACC_MI: 0.035886448848419926 F1_MA: 0.022026558891454967
BEST_F1_MI: 0.8339582217461168 BEST_F1_MA: 0.4860167373572601 BEST_ACC_MI: 0.8339582217461168 BEST_F1_MA: 0.5208522844328933
[[   0   17 1609  109]
 [   0    1   37    3]
 [   0    1   66    3]
 [   0    1   20    0]]
Epoch: [30/200], cls_loss: 0.3422, transfer_loss: -3.9388,person_loss: -1.3667, total_Loss: -1.7639
trian begin
trian end
n_person 383
SAMPLE
F1_MI: 0.788430637386181 F1_MA: 0.3786327311611687 ACC_MI: 0.788430637386181 F1_MA: 0.3130053157626687
BEST_F1_MI: 0.8339582217461168 BEST_F1_MA: 0.4860167373572601 BEST_ACC_MI: 0.8339582217461168 BEST_F1_MA: 0.5208522844328933
[[1400   84  251    0]
 [   3    8   30    0]
 [   2    4   64    0]
 [   3    6   12    0]]
Epoch: [31/200], cls_loss: 0.3293, transfer_loss: -3.9195,person_loss: -1.3662, total_Loss: -1.7671
trian begin
trian end
n_person 383
SAMPLE
F1_MI: 0.5511515800749867 F1_MA: 0.3290904144327337 ACC_MI: 0.5511515800749867 F1_MA: 0.2913319756064261
BEST_F1_MI: 0.8339582217461168 BEST_F1_MA: 0.4860167373572601 BEST_ACC_MI: 0.8339582217461168 BEST_F1_MA: 0.5208522844328933
[[973 553 209   0]
 [  0  15  26   0]
 [  0  29  41   0]
 [  0   5  16   0]]
Epoch: [32/200], cls_loss: 0.3345, transfer_loss: -3.9426,person_loss: -1.3231, total_Loss: -1.7691
trian begin
trian end
n_person 383
SAMPLE
F1_MI: 0.033743974290305304 F1_MA: 0.28662039332974404 ACC_MI: 0.033743974290305304 F1_MA: 0.3018543093150628
BEST_F1_MI: 0.8339582217461168 BEST_F1_MA: 0.4860167373572601 BEST_ACC_MI: 0.8339582217461168 BEST_F1_MA: 0.5208522844328933
[[   1 1532  170   32]
 [   0   17   22    2]
 [   0   14   44   12]
 [   0    5   15    1]]
Epoch: [33/200], cls_loss: 0.3588, transfer_loss: -3.9117,person_loss: -1.3716, total_Loss: -1.7342
trian begin
trian end
n_person 383
SAMPLE
F1_MI: 0.776111408677022 F1_MA: 0.35256340904724814 ACC_MI: 0.776111408677022 F1_MA: 0.30136119782304904
BEST_F1_MI: 0.8339582217461168 BEST_F1_MA: 0.4860167373572601 BEST_ACC_MI: 0.8339582217461168 BEST_F1_MA: 0.5208522844328933
[[1400  135  200    0]
 [   2   19   20    0]
 [   3   37   30    0]
 [   2    8   11    0]]
Epoch: [34/200], cls_loss: 0.3238, transfer_loss: -3.8785,person_loss: -1.3998, total_Loss: -1.7555
trian begin
trian end
n_person 383
SAMPLE
F1_MI: 0.7616497054097483 F1_MA: 0.3593340119775545 ACC_MI: 0.7616497054097483 F1_MA: 0.298029249858486
BEST_F1_MI: 0.8339582217461168 BEST_F1_MA: 0.4860167373572601 BEST_ACC_MI: 0.8339582217461168 BEST_F1_MA: 0.5208522844328933
[[1352   65  318    0]
 [   1    3   37    0]
 [   1    2   67    0]
 [   0    2   19    0]]
Epoch: [35/200], cls_loss: 0.3189, transfer_loss: -3.9325,person_loss: -1.3446, total_Loss: -1.7818
trian begin
trian end
n_person 383
SAMPLE
F1_MI: 0.0385645420460632 F1_MA: 0.061727110404534186 ACC_MI: 0.0385645420460632 F1_MA: 0.0347680901154236
BEST_F1_MI: 0.8339582217461168 BEST_F1_MA: 0.4860167373572601 BEST_ACC_MI: 0.8339582217461168 BEST_F1_MA: 0.5208522844328933
[[   0   54 1681    0]
 [   0    7   34    0]
 [   0    5   65    0]
 [   0    2   19    0]]
Epoch: [36/200], cls_loss: 0.2916, transfer_loss: -3.9141,person_loss: -1.3812, total_Loss: -1.8036
trian begin
trian end
n_person 383
SAMPLE
F1_MI: 0.8050348152115693 F1_MA: 0.37123530994587833 ACC_MI: 0.8050348152115694 F1_MA: 0.3134091738483564
BEST_F1_MI: 0.8339582217461168 BEST_F1_MA: 0.4860167373572601 BEST_ACC_MI: 0.8339582217461168 BEST_F1_MA: 0.5208522844328933
[[1440   78  217    0]
 [   4    9   28    0]
 [   9    7   54    0]
 [   1    4   16    0]]
Epoch: [37/200], cls_loss: 0.3164, transfer_loss: -3.8965,person_loss: -1.3687, total_Loss: -1.7687
trian begin
trian end
n_person 383
SAMPLE
F1_MI: 0.04231387252276379 F1_MA: 0.10443296196074592 ACC_MI: 0.04231387252276379 F1_MA: 0.06151961938857224
BEST_F1_MI: 0.8339582217461168 BEST_F1_MA: 0.4860167373572601 BEST_ACC_MI: 0.8339582217461168 BEST_F1_MA: 0.5208522844328933
[[   0 1582  153    0]
 [   0   25   16    0]
 [   0   16   54    0]
 [   0   10   11    0]]
Epoch: [38/200], cls_loss: 0.3046, transfer_loss: -3.9170,person_loss: -1.3549, total_Loss: -1.7894
trian begin
trian end
n_person 383
SAMPLE
F1_MI: 0.037493304767005894 F1_MA: 0.01808785529715762 ACC_MI: 0.037493304767005894 F1_MA: 0.00938337801608579
BEST_F1_MI: 0.8339582217461168 BEST_F1_MA: 0.4860167373572601 BEST_ACC_MI: 0.8339582217461168 BEST_F1_MA: 0.5208522844328933
[[   0    2 1733    0]
 [   0    0   41    0]
 [   0    0   70    0]
 [   0    0   21    0]]
Epoch: [39/200], cls_loss: 0.2774, transfer_loss: -3.9576,person_loss: -1.3567, total_Loss: -1.8371
trian begin
trian end
n_person 383
SAMPLE
F1_MI: 0.8114622388859132 F1_MA: 0.39065315519770694 ACC_MI: 0.8114622388859132 F1_MA: 0.3274006724065135
BEST_F1_MI: 0.8339582217461168 BEST_F1_MA: 0.4860167373572601 BEST_ACC_MI: 0.8339582217461168 BEST_F1_MA: 0.5208522844328933
[[1447   66  222    0]
 [   2   13   26    0]
 [   6    9   55    0]
 [   1    2   18    0]]
Epoch: [40/200], cls_loss: 0.2631, transfer_loss: -3.9663,person_loss: -1.3693, total_Loss: -1.8570
trian begin
trian end
n_person 383
SAMPLE
F1_MI: 0.6845206213176218 F1_MA: 0.35395718972409657 ACC_MI: 0.6845206213176218 F1_MA: 0.29337345499255807
BEST_F1_MI: 0.8339582217461168 BEST_F1_MA: 0.4860167373572601 BEST_ACC_MI: 0.8339582217461168 BEST_F1_MA: 0.5208522844328933
[[1206  190  339    0]
 [   0    6   35    0]
 [   0    4   66    0]
 [   0    2   19    0]]
Epoch: [41/200], cls_loss: 0.2735, transfer_loss: -3.9028,person_loss: -1.3769, total_Loss: -1.8156
trian begin
trian end
n_person 383
SAMPLE
F1_MI: 0.029994643813604713 F1_MA: 0.18678099880803206 ACC_MI: 0.029994643813604713 F1_MA: 0.1348870586469551
BEST_F1_MI: 0.8339582217461168 BEST_F1_MA: 0.4860167373572601 BEST_ACC_MI: 0.8339582217461168 BEST_F1_MA: 0.5208522844328933
[[   0 1723   12    0]
 [   0   41    0    0]
 [   0   55   15    0]
 [   0   19    2    0]]
Epoch: [42/200], cls_loss: 0.2534, transfer_loss: -3.9591,person_loss: -1.3372, total_Loss: -1.8599
trian begin
trian end
n_person 383
SAMPLE
F1_MI: 0.027316550615961437 F1_MA: 0.3389845526741583 ACC_MI: 0.027316550615961437 F1_MA: 0.4698083435960591
BEST_F1_MI: 0.8339582217461168 BEST_F1_MA: 0.4860167373572601 BEST_ACC_MI: 0.8339582217461168 BEST_F1_MA: 0.5208522844328933
[[   6 1729    0    0]
 [   0   41    0    0]
 [   0   66    4    0]
 [   1   20    0    0]]
Epoch: [43/200], cls_loss: 0.2487, transfer_loss: -3.9063,person_loss: -1.3751, total_Loss: -1.8420
trian begin
trian end
n_person 383
SAMPLE
F1_MI: 0.040707016604177824 F1_MA: 0.0696320407058977 ACC_MI: 0.040707016604177824 F1_MA: 0.0394005711802322
BEST_F1_MI: 0.8339582217461168 BEST_F1_MA: 0.4860167373572601 BEST_ACC_MI: 0.8339582217461168 BEST_F1_MA: 0.5208522844328933
[[   0   73 1656    6]
 [   0   11   30    0]
 [   0    5   65    0]
 [   0    2   19    0]]
Epoch: [44/200], cls_loss: 0.2747, transfer_loss: -3.9230,person_loss: -1.3757, total_Loss: -1.8244
trian begin
trian end
n_person 383
SAMPLE
F1_MI: 0.037493304767005894 F1_MA: 0.09344030283639455 ACC_MI: 0.037493304767005894 F1_MA: 0.054991142074602206
BEST_F1_MI: 0.8339582217461168 BEST_F1_MA: 0.4860167373572601 BEST_ACC_MI: 0.8339582217461168 BEST_F1_MA: 0.5208522844328933
[[   0 1586  149    0]
 [   0   24   17    0]
 [   0   24   46    0]
 [   0    9   12    0]]
Epoch: [45/200], cls_loss: 0.2796, transfer_loss: -3.9364,person_loss: -1.3571, total_Loss: -1.8243
trian begin
trian end
n_person 383
SAMPLE
F1_MI: 0.03963577932512052 F1_MA: 0.06874727468602881 ACC_MI: 0.03963577932512052 F1_MA: 0.03924513730725935
BEST_F1_MI: 0.8339582217461168 BEST_F1_MA: 0.4860167373572601 BEST_ACC_MI: 0.8339582217461168 BEST_F1_MA: 0.5208522844328933
[[   0   34 1695    6]
 [   0    5   36    0]
 [   0    1   69    0]
 [   0    2   19    0]]
Epoch: [46/200], cls_loss: 0.2334, transfer_loss: -3.9206,person_loss: -1.3505, total_Loss: -1.8620
trian begin
trian end
n_person 383
SAMPLE
F1_MI: 0.037493304767005894 F1_MA: 0.058869757002651533 ACC_MI: 0.037493304767005894 F1_MA: 0.03240920567100408
BEST_F1_MI: 0.8339582217461168 BEST_F1_MA: 0.4860167373572601 BEST_ACC_MI: 0.8339582217461168 BEST_F1_MA: 0.5208522844328933
[[   0  203 1532    0]
 [   0   28   13    0]
 [   0   28   42    0]
 [   0   12    9    0]]
Epoch: [47/200], cls_loss: 0.2642, transfer_loss: -3.9114,person_loss: -1.3722, total_Loss: -1.8286
trian begin
trian end
n_person 383
SAMPLE
F1_MI: 0.776111408677022 F1_MA: 0.36585261602983404 ACC_MI: 0.776111408677022 F1_MA: 0.30899086119530605
BEST_F1_MI: 0.8339582217461168 BEST_F1_MA: 0.4860167373572601 BEST_ACC_MI: 0.8339582217461168 BEST_F1_MA: 0.5208522844328933
[[1399  220  107    9]
 [   3   27   10    1]
 [   7   38   23    2]
 [   2    8   11    0]]
Epoch: [48/200], cls_loss: 0.2361, transfer_loss: -3.9402,person_loss: -1.3269, total_Loss: -1.8667
trian begin
trian end
n_person 383
SAMPLE
F1_MI: 0.04177825388323514 F1_MA: 0.3205345367493796 ACC_MI: 0.04177825388323514 F1_MA: 0.3128903021610463
BEST_F1_MI: 0.8339582217461168 BEST_F1_MA: 0.4860167373572601 BEST_ACC_MI: 0.8339582217461168 BEST_F1_MA: 0.5208522844328933
[[   9 1620  104    2]
 [   0   32    9    0]
 [   0   33   37    0]
 [   0   12    9    0]]
Epoch: [49/200], cls_loss: 0.2490, transfer_loss: -3.9620,person_loss: -1.3159, total_Loss: -1.8636
trian begin
trian end
n_person 383
SAMPLE
F1_MI: 0.8050348152115693 F1_MA: 0.35536213611793327 ACC_MI: 0.8050348152115694 F1_MA: 0.3071642432581423
BEST_F1_MI: 0.8339582217461168 BEST_F1_MA: 0.4860167373572601 BEST_ACC_MI: 0.8339582217461168 BEST_F1_MA: 0.5208522844328933
[[1455  119  155    6]
 [   7   16   17    1]
 [  15   23   32    0]
 [   2    4   15    0]]
Epoch: [50/200], cls_loss: 0.2002, transfer_loss: -3.9326,person_loss: -1.3716, total_Loss: -1.9033
trian begin
trian end
n_person 383
SAMPLE
F1_MI: 0.032137118371719335 F1_MA: 0.08484961698170523 ACC_MI: 0.032137118371719335 F1_MA: 0.04954742315934601
BEST_F1_MI: 0.8339582217461168 BEST_F1_MA: 0.4860167373572601 BEST_ACC_MI: 0.8339582217461168 BEST_F1_MA: 0.5208522844328933
[[   0 1624  111    0]
 [   0   32    9    0]
 [   0   42   28    0]
 [   0   13    8    0]]
Epoch: [51/200], cls_loss: 0.2430, transfer_loss: -3.9640,person_loss: -1.3625, total_Loss: -1.8753
trian begin
trian end
n_person 383
SAMPLE
F1_MI: 0.04177825388323514 F1_MA: 0.29114177585097056 ACC_MI: 0.04177825388323514 F1_MA: 0.27604623857832294
BEST_F1_MI: 0.8339582217461168 BEST_F1_MA: 0.4860167373572601 BEST_ACC_MI: 0.8339582217461168 BEST_F1_MA: 0.5208522844328933
[[   1 1153  581    0]
 [   0   13   28    0]
 [   0    6   64    0]
 [   0    7   14    0]]
Epoch: [52/200], cls_loss: 0.2016, transfer_loss: -3.9504,person_loss: -1.3942, total_Loss: -1.9130
trian begin
trian end
n_person 383
SAMPLE
F1_MI: 0.8034279592929834 F1_MA: 0.3734516590952959 ACC_MI: 0.8034279592929834 F1_MA: 0.31396511581241665
BEST_F1_MI: 0.8339582217461168 BEST_F1_MA: 0.4860167373572601 BEST_ACC_MI: 0.8339582217461168 BEST_F1_MA: 0.5208522844328933
[[1436   92  207    0]
 [   4   10   27    0]
 [   5   11   54    0]
 [   3    5   13    0]]
Epoch: [53/200], cls_loss: 0.2728, transfer_loss: -3.9194,person_loss: -1.3900, total_Loss: -1.8259
trian begin
trian end
n_person 383
SAMPLE
F1_MI: 0.7857525441885378 F1_MA: 0.3665910610620153 ACC_MI: 0.7857525441885378 F1_MA: 0.311239207160353
BEST_F1_MI: 0.8339582217461168 BEST_F1_MA: 0.4860167373572601 BEST_ACC_MI: 0.8339582217461168 BEST_F1_MA: 0.5208522844328933
[[1403   44  288    0]
 [   2    6   33    0]
 [   5    7   58    0]
 [   1    0   20    0]]
Epoch: [54/200], cls_loss: 0.2007, transfer_loss: -3.9611,person_loss: -1.3709, total_Loss: -1.9169
trian begin
trian end
n_person 383
SAMPLE
F1_MI: 0.0385645420460632 F1_MA: 0.06297577572350546 ACC_MI: 0.0385645420460632 F1_MA: 0.03578548644338118
BEST_F1_MI: 0.8339582217461168 BEST_F1_MA: 0.4860167373572601 BEST_ACC_MI: 0.8339582217461168 BEST_F1_MA: 0.5208522844328933
[[   0   16 1719    0]
 [   0    2   39    0]
 [   0    0   70    0]
 [   0    1   20    0]]
Epoch: [55/200], cls_loss: 0.1890, transfer_loss: -3.9657,person_loss: -1.3747, total_Loss: -1.9313
trian begin
trian end
n_person 383
SAMPLE
F1_MI: 0.035886448848419926 F1_MA: 0.09051427633111041 ACC_MI: 0.035886448848419926 F1_MA: 0.053809194341943416
BEST_F1_MI: 0.8339582217461168 BEST_F1_MA: 0.4860167373572601 BEST_ACC_MI: 0.8339582217461168 BEST_F1_MA: 0.5208522844328933
[[   0 1580  154    1]
 [   0   18   23    0]
 [   0   21   49    0]
 [   0    7   14    0]]
Epoch: [56/200], cls_loss: 0.2339, transfer_loss: -3.9714,person_loss: -1.3574, total_Loss: -1.8876
trian begin
trian end
n_person 383
SAMPLE
F1_MI: 0.039100160685591856 F1_MA: 0.06868189100051326 ACC_MI: 0.039100160685591856 F1_MA: 0.03922356828193833
BEST_F1_MI: 0.8339582217461168 BEST_F1_MA: 0.4860167373572601 BEST_ACC_MI: 0.8339582217461168 BEST_F1_MA: 0.5208522844328933
[[   0   39 1695    1]
 [   0    6   35    0]
 [   0    3   67    0]
 [   0    2   19    0]]
Epoch: [57/200], cls_loss: 0.1789, transfer_loss: -3.9565,person_loss: -1.3919, total_Loss: -1.9385
trian begin
trian end
n_person 383
SAMPLE
F1_MI: 0.03963577932512052 F1_MA: 0.10442735180753739 ACC_MI: 0.03963577932512052 F1_MA: 0.06194070304423426
BEST_F1_MI: 0.8339582217461168 BEST_F1_MA: 0.4860167373572601 BEST_ACC_MI: 0.8339582217461168 BEST_F1_MA: 0.5208522844328933
[[   0 1602  132    1]
 [   0   27   14    0]
 [   0   23   47    0]
 [   0   11   10    0]]
Epoch: [58/200], cls_loss: 0.2134, transfer_loss: -3.9608,person_loss: -1.3891, total_Loss: -1.9059
trian begin
trian end
n_person 383
SAMPLE
F1_MI: 0.6930905195500804 F1_MA: 0.3713346281145413 ACC_MI: 0.6930905195500804 F1_MA: 0.3028782291480799
BEST_F1_MI: 0.8339582217461168 BEST_F1_MA: 0.4860167373572601 BEST_ACC_MI: 0.8339582217461168 BEST_F1_MA: 0.5208522844328933
[[1218  230  287    0]
 [   0   13   28    0]
 [   0    7   63    0]
 [   0    8   13    0]]
Epoch: [59/200], cls_loss: 0.1869, transfer_loss: -3.9584,person_loss: -1.3735, total_Loss: -1.9296
trian begin
trian end
n_person 383
SAMPLE
F1_MI: 0.0433851098018211 F1_MA: 0.3250265350915273 ACC_MI: 0.0433851098018211 F1_MA: 0.30620917671080183
BEST_F1_MI: 0.8339582217461168 BEST_F1_MA: 0.4860167373572601 BEST_ACC_MI: 0.8339582217461168 BEST_F1_MA: 0.5208522844328933
[[   4 1568  163    0]
 [   0   28   13    0]
 [   0   21   49    0]
 [   0   10   11    0]]
Epoch: [60/200], cls_loss: 0.2211, transfer_loss: -3.9499,person_loss: -1.3814, total_Loss: -1.8920
trian begin
trian end
n_person 383
SAMPLE
F1_MI: 0.7723620782003213 F1_MA: 0.3758268997762285 ACC_MI: 0.7723620782003213 F1_MA: 0.32123421409000724
BEST_F1_MI: 0.8339582217461168 BEST_F1_MA: 0.4860167373572601 BEST_ACC_MI: 0.8339582217461168 BEST_F1_MA: 0.5208522844328933
[[1400  327    8    0]
 [   1   40    0    0]
 [   4   64    2    0]
 [   0   21    0    0]]
Epoch: [61/200], cls_loss: 0.1399, transfer_loss: -3.9466,person_loss: -1.4044, total_Loss: -1.9738
trian begin
trian end
n_person 383
SAMPLE
F1_MI: 0.760578468130691 F1_MA: 0.47492603601021577 ACC_MI: 0.760578468130691 F1_MA: 0.4312584851526654
BEST_F1_MI: 0.8339582217461168 BEST_F1_MA: 0.4860167373572601 BEST_ACC_MI: 0.8339582217461168 BEST_F1_MA: 0.5208522844328933
[[1355  367   13    0]
 [   0   40    1    0]
 [   1   44   25    0]
 [   0   21    0    0]]
Epoch: [62/200], cls_loss: 0.1474, transfer_loss: -3.9473,person_loss: -1.4012, total_Loss: -1.9664
trian begin
trian end
n_person 383
SAMPLE
F1_MI: 0.03642206748794858 F1_MA: 0.3032877482841265 ACC_MI: 0.03642206748794858 F1_MA: 0.2922312556458898
BEST_F1_MI: 0.8339582217461168 BEST_F1_MA: 0.4860167373572601 BEST_ACC_MI: 0.8339582217461168 BEST_F1_MA: 0.5208522844328933
[[   1 1544  190    0]
 [   0   30   11    0]
 [   0   33   37    0]
 [   0   13    8    0]]
Epoch: [63/200], cls_loss: 0.1482, transfer_loss: -3.9560,person_loss: -1.3699, total_Loss: -1.9667
trian begin
trian end
n_person 383
SAMPLE
F1_MI: 0.8355650776647028 F1_MA: 0.3515032073208993 ACC_MI: 0.8355650776647028 F1_MA: 0.3083038972020667
BEST_F1_MI: 0.8355650776647028 BEST_F1_MA: 0.4860167373572601 BEST_ACC_MI: 0.8355650776647028 BEST_F1_MA: 0.5208522844328933
[[1510   44  181    0]
 [  15    5   21    0]
 [  15   10   45    0]
 [   6    0   15    0]]
Epoch: [64/200], cls_loss: 0.1581, transfer_loss: -3.9088,person_loss: -1.3915, total_Loss: -1.9355
trian begin
trian end
n_person 383
SAMPLE
F1_MI: 0.036957686127477234 F1_MA: 0.27359951031004154 ACC_MI: 0.036957686127477234 F1_MA: 0.28590558046836073
BEST_F1_MI: 0.8355650776647028 BEST_F1_MA: 0.4860167373572601 BEST_ACC_MI: 0.8355650776647028 BEST_F1_MA: 0.5208522844328933
[[   2   57 1676    0]
 [   0    9   32    0]
 [   0   12   58    0]
 [   0    3   18    0]]
Epoch: [65/200], cls_loss: 0.1939, transfer_loss: -3.9525,person_loss: -1.3885, total_Loss: -1.9211
trian begin
trian end
n_person 383
SAMPLE
F1_MI: 0.8328869844670594 F1_MA: 0.3420390830373012 ACC_MI: 0.8328869844670594 F1_MA: 0.30578685811583867
BEST_F1_MI: 0.8355650776647028 BEST_F1_MA: 0.4860167373572601 BEST_ACC_MI: 0.8355650776647028 BEST_F1_MA: 0.5208522844328933
[[1516   99  116    4]
 [  19   12   10    0]
 [  19   24   27    0]
 [   7    4   10    0]]
Epoch: [66/200], cls_loss: 0.1355, transfer_loss: -3.9404,person_loss: -1.3923, total_Loss: -1.9739
trian begin
trian end
n_person 383
SAMPLE
F1_MI: 0.03802892340653455 F1_MA: 0.26425729875459214 ACC_MI: 0.03802892340653455 F1_MA: 0.27398535833547394
BEST_F1_MI: 0.8355650776647028 BEST_F1_MA: 0.4860167373572601 BEST_ACC_MI: 0.8355650776647028 BEST_F1_MA: 0.5208522844328933
[[   1   28 1706    0]
 [   0    2   39    0]
 [   0    2   68    0]
 [   0    2   19    0]]
Epoch: [67/200], cls_loss: 0.1825, transfer_loss: -3.9635,person_loss: -1.3781, total_Loss: -1.9370
trian begin
trian end
n_person 383
SAMPLE
F1_MI: 0.033743974290305304 F1_MA: 0.297892386196304 ACC_MI: 0.033743974290305304 F1_MA: 0.29453211373687116
BEST_F1_MI: 0.8355650776647028 BEST_F1_MA: 0.4860167373572601 BEST_ACC_MI: 0.8355650776647028 BEST_F1_MA: 0.5208522844328933
[[   5 1627  103    0]
 [   0   37    4    0]
 [   0   49   21    0]
 [   0   15    6    0]]
Epoch: [68/200], cls_loss: 0.1478, transfer_loss: -3.9444,person_loss: -1.3678, total_Loss: -1.9612
trian begin
trian end
n_person 383
SAMPLE
F1_MI: 0.037493304767005894 F1_MA: 0.19430240462167125 ACC_MI: 0.037493304767005894 F1_MA: 0.15761524752994208
BEST_F1_MI: 0.8355650776647028 BEST_F1_MA: 0.4860167373572601 BEST_ACC_MI: 0.8355650776647028 BEST_F1_MA: 0.5208522844328933
[[   2   30 1700    3]
 [   2    4   34    1]
 [   0    6   64    0]
 [   0    2   19    0]]
Epoch: [69/200], cls_loss: 0.1344, transfer_loss: -3.9653,person_loss: -1.3711, total_Loss: -1.9854
trian begin
trian end
n_person 383
SAMPLE
F1_MI: 0.7980717728976968 F1_MA: 0.3988080717745928 ACC_MI: 0.7980717728976968 F1_MA: 0.3361393067047679
BEST_F1_MI: 0.8355650776647028 BEST_F1_MA: 0.4860167373572601 BEST_ACC_MI: 0.8355650776647028 BEST_F1_MA: 0.5208522844328933
[[1429  179  110   17]
 [   4   23   10    4]
 [   5   18   37   10]
 [   1    7   12    1]]
Epoch: [70/200], cls_loss: 0.1289, transfer_loss: -3.9541,person_loss: -1.3973, total_Loss: -1.9879
trian begin
trian end
n_person 383
SAMPLE
F1_MI: 0.8200321371183718 F1_MA: 0.3689950361862032 ACC_MI: 0.8200321371183718 F1_MA: 0.3163436884278669
BEST_F1_MI: 0.8355650776647028 BEST_F1_MA: 0.4860167373572601 BEST_ACC_MI: 0.8355650776647028 BEST_F1_MA: 0.5208522844328933
[[1478  112  144    1]
 [  12   16   13    0]
 [  15   18   37    0]
 [   3    8   10    0]]
Epoch: [71/200], cls_loss: 0.1577, transfer_loss: -3.9587,person_loss: -1.3814, total_Loss: -1.9598
trian begin
trian end
n_person 383
SAMPLE
F1_MI: 0.06748794858061061 F1_MA: 0.27225002884866634 ACC_MI: 0.06748794858061061 F1_MA: 0.26581718437417107
BEST_F1_MI: 0.8355650776647028 BEST_F1_MA: 0.4860167373572601 BEST_ACC_MI: 0.8355650776647028 BEST_F1_MA: 0.5208522844328933
[[  58   87 1590    0]
 [   4   11   26    0]
 [   0   13   57    0]
 [   0    6   15    0]]
Epoch: [72/200], cls_loss: 0.1965, transfer_loss: -3.9704,person_loss: -1.3645, total_Loss: -1.9251
trian begin
trian end
n_person 383
SAMPLE
F1_MI: 0.7321906802356722 F1_MA: 0.35186416405029325 ACC_MI: 0.7321906802356722 F1_MA: 0.2970524228785446
BEST_F1_MI: 0.8355650776647028 BEST_F1_MA: 0.4860167373572601 BEST_ACC_MI: 0.8355650776647028 BEST_F1_MA: 0.5208522844328933
[[1303  163  255   14]
 [   5    6   29    1]
 [   3    6   58    3]
 [   0    1   20    0]]
Epoch: [73/200], cls_loss: 0.1871, transfer_loss: -3.9259,person_loss: -1.4102, total_Loss: -1.9169
trian begin
trian end
n_person 383
SAMPLE
F1_MI: 0.41885377611140867 F1_MA: 0.3241088454895516 ACC_MI: 0.41885377611140867 F1_MA: 0.2876340563621514
BEST_F1_MI: 0.8355650776647028 BEST_F1_MA: 0.4860167373572601 BEST_ACC_MI: 0.8355650776647028 BEST_F1_MA: 0.5208522844328933
[[711  52 972   0]
 [  1   6  34   0]
 [  0   5  65   0]
 [  0   2  19   0]]
Epoch: [74/200], cls_loss: 0.1165, transfer_loss: -3.9163,person_loss: -1.3866, total_Loss: -1.9803
trian begin
trian end
n_person 383
SAMPLE
F1_MI: 0.04552758435993572 F1_MA: 0.2063720395234468 ACC_MI: 0.04552758435993572 F1_MA: 0.1750915750915751
BEST_F1_MI: 0.8355650776647028 BEST_F1_MA: 0.4860167373572601 BEST_ACC_MI: 0.8355650776647028 BEST_F1_MA: 0.5208522844328933
[[  16   19 1700    0]
 [   6    1   34    0]
 [   1    1   68    0]
 [   3    0   18    0]]
Epoch: [75/200], cls_loss: 0.1220, transfer_loss: -3.9154,person_loss: -1.4077, total_Loss: -1.9764
trian begin
trian end
n_person 383
SAMPLE
F1_MI: 0.1242635243706481 F1_MA: 0.2789622168133627 ACC_MI: 0.1242635243706481 F1_MA: 0.28965799368503753
BEST_F1_MI: 0.8355650776647028 BEST_F1_MA: 0.4860167373572601 BEST_ACC_MI: 0.8355650776647028 BEST_F1_MA: 0.5208522844328933
[[ 178  127  134 1296]
 [   8   20   12    1]
 [  14   21   34    1]
 [   6    5   10    0]]
Epoch: [76/200], cls_loss: 0.1162, transfer_loss: -3.9423,person_loss: -1.3745, total_Loss: -1.9924
trian begin
trian end
n_person 383
SAMPLE
F1_MI: 0.03053026245313337 F1_MA: 0.2511095435086495 ACC_MI: 0.03053026245313337 F1_MA: 0.23954803865832858
BEST_F1_MI: 0.8355650776647028 BEST_F1_MA: 0.4860167373572601 BEST_ACC_MI: 0.8355650776647028 BEST_F1_MA: 0.5208522844328933
[[   6 1659   70    0]
 [   2   32    7    0]
 [   0   51   19    0]
 [   0   17    4    0]]
Epoch: [77/200], cls_loss: 0.1098, transfer_loss: -3.9365,person_loss: -1.3990, total_Loss: -1.9984
trian begin
trian end
n_person 383
SAMPLE
F1_MI: 0.05249062667380825 F1_MA: 0.2686023917972976 ACC_MI: 0.05249062667380825 F1_MA: 0.2638585650188286
BEST_F1_MI: 0.8355650776647028 BEST_F1_MA: 0.4860167373572601 BEST_ACC_MI: 0.8355650776647028 BEST_F1_MA: 0.5208522844328933
[[  26   45 1664    0]
 [   2    5   34    0]
 [   0    3   67    0]
 [   0    3   18    0]]
Epoch: [78/200], cls_loss: 0.0973, transfer_loss: -3.9239,person_loss: -1.3943, total_Loss: -2.0041
trian begin
trian end
n_person 383
SAMPLE
F1_MI: 0.10873058382431709 F1_MA: 0.30235850848672785 ACC_MI: 0.10873058382431709 F1_MA: 0.29847317144103536
BEST_F1_MI: 0.8355650776647028 BEST_F1_MA: 0.4860167373572601 BEST_ACC_MI: 0.8355650776647028 BEST_F1_MA: 0.5208522844328933
[[ 145 1500   90    0]
 [   4   31    6    0]
 [   1   42   27    0]
 [   0   14    7    0]]
Epoch: [79/200], cls_loss: 0.0974, transfer_loss: -3.9551,person_loss: -1.3888, total_Loss: -2.0191
[[1412  323    0    0]
 [   2   39    0    0]
 [   2   64    4    0]
 [   2   19    0    0]]
[[1510   44  181    0]
 [  15    5   21    0]
 [  15   10   45    0]
 [   6    0   15    0]]
ARG: Namespace(backbone='resnet50', batch_size=32, config='BNM/BNM.yaml', data_dir='data', device=device(type='cuda'), early_stop=50, epoch_based_training=False, lr=0.003, lr_decay=0.75, lr_gamma=0.0003, lr_scheduler=True, max_iter=20000, method='True', momentum=0.9, myweight=0.1, n_class=4, n_epoch=200, n_iter_per_epoch=100, num_workers=3, seed=1, src_domain='77G', tgt_domain='63G', tname='transfer', transfer_loss='bnm', transfer_loss_weight=0.5, use_bottleneck=True, weight_decay=0.0005)
