adv 1 77G own DANN/DANN.yaml False
Namespace(backbone='resnet50', batch_size=32, config='DANN/DANN.yaml', data_dir='data', device=device(type='cuda'), early_stop=50, epoch_based_training=False, lr=0.003, lr_decay=0.75, lr_gamma=0.0003, lr_scheduler=True, method='False', momentum=0.9, myweight=0.1, n_epoch=200, n_iter_per_epoch=100, num_workers=3, seed=1, src_domain='77G', tgt_domain='own', tname='transfer', transfer_loss='adv', transfer_loss_weight=0.5, use_bottleneck=True, weight_decay=0.0005)
JUST DO IT
run my Parkinson code
transfer
TRAIN Length: 2905 290 TEST Length: 3299 578
YYY: 0 3
DATA_PROFILE   train: 2905 train2: 3299 test: 3299
DATASET.SHAPE: <data_loader.GetTrainLoader object at 0x7f4db51899a0> True
DATASET.SHAPE: <data_loader.GetTrainLoader object at 0x7f4dace5cf70> True
DATASET.SHAPE: <data_loader.GetTestLoader object at 0x7f4dace01700> False
CLASS: 4 578
LLL: {}
BOTTLENECK_LIST: [Linear(in_features=512, out_features=256, bias=True), ReLU()]
TYPE: {'loss_type': 'adv', 'max_iter': 18000, 'num_class': 4, 'my_person_item': <my_person_item.PersonItem object at 0x7f4dace01850>}
initial_lr 1.0
transfer_world
method False <class 'str'>
1.8.1+cu111
True
LEN: 0 0
LOADER: <data_loader.InfiniteDataLoader object at 0x7f4dace5c130> <data_loader.InfiniteDataLoader object at 0x7f4dace01880>
N_batch: 90
trian begin
trian end
n_person 578
SAMPLE
F1_MI: 0.057290087905425884 F1_MA: 0.27099992304109566 ACC_MI: 0.057290087905425884 F1_MA: 0.2770867066085402
BEST_F1_MI: 0.057290087905425884 BEST_F1_MA: 0.27099992304109566 BEST_ACC_MI: 0.057290087905425884 BEST_F1_MA: 0.2770867066085402
[[ 152 2745   78  110]
 [   0    3    2   70]
 [   0    1    0  103]
 [   0    0    1   34]]
Epoch: [ 1/200], cls_loss: 0.9422, transfer_loss: 0.6577,person_loss: 0.0000, total_Loss: 1.2711
trian begin
trian end
n_person 578
SAMPLE
F1_MI: 0.9321006365565323 F1_MA: 0.4925233673675538 ACC_MI: 0.9321006365565323 F1_MA: 0.4492398264379124
BEST_F1_MI: 0.9321006365565323 BEST_F1_MA: 0.4925233673675538 BEST_ACC_MI: 0.9321006365565323 BEST_F1_MA: 0.4492398264379124
[[2992   68   24    1]
 [   4   14   24   33]
 [   1    8   50   45]
 [   1    3   12   19]]
Epoch: [ 2/200], cls_loss: 0.7285, transfer_loss: 0.5359,person_loss: 0.0000, total_Loss: 0.9964
trian begin
trian end
n_person 578
SAMPLE
F1_MI: 0.9333131251894513 F1_MA: 0.4185688556462747 ACC_MI: 0.9333131251894513 F1_MA: 0.38975378537162936
BEST_F1_MI: 0.9333131251894513 BEST_F1_MA: 0.4925233673675538 BEST_ACC_MI: 0.9333131251894513 BEST_F1_MA: 0.4492398264379124
[[3037   35    6    7]
 [  13   16   11   35]
 [   9   22    7   66]
 [   2    5    9   19]]
Epoch: [ 3/200], cls_loss: 0.6677, transfer_loss: 0.4667,person_loss: 0.0000, total_Loss: 0.9010
trian begin
trian end
n_person 578
SAMPLE
F1_MI: 0.3682934222491664 F1_MA: 0.35710282746997474 ACC_MI: 0.3682934222491664 F1_MA: 0.36843020891480993
BEST_F1_MI: 0.9333131251894513 BEST_F1_MA: 0.4925233673675538 BEST_ACC_MI: 0.9333131251894513 BEST_F1_MA: 0.4492398264379124
[[1138 1855   91    1]
 [   0    3   57   15]
 [   0    7   60   37]
 [   0    1   20   14]]
Epoch: [ 4/200], cls_loss: 0.6266, transfer_loss: 0.3631,person_loss: 0.0000, total_Loss: 0.8082
trian begin
trian end
n_person 578
SAMPLE
F1_MI: 0.013640497120339497 F1_MA: 0.2375628863200961 ACC_MI: 0.013640497120339497 F1_MA: 0.25364414127667045
BEST_F1_MI: 0.9333131251894513 BEST_F1_MA: 0.4925233673675538 BEST_ACC_MI: 0.9333131251894513 BEST_F1_MA: 0.4492398264379124
[[  12    9    8 3056]
 [   2    1    2   70]
 [   1    3    2   98]
 [   0    3    2   30]]
Epoch: [ 5/200], cls_loss: 0.5976, transfer_loss: 0.3601,person_loss: 0.0000, total_Loss: 0.7776
trian begin
trian end
n_person 578
SAMPLE
F1_MI: 0.011215519854501364 F1_MA: 0.01566907006325548 ACC_MI: 0.011215519854501364 F1_MA: 0.008128133162300934
BEST_F1_MI: 0.9333131251894513 BEST_F1_MA: 0.4925233673675538 BEST_ACC_MI: 0.9333131251894513 BEST_F1_MA: 0.4492398264379124
[[   0    1 2299  785]
 [   0    0   25   50]
 [   0    0   10   94]
 [   0    0    8   27]]
Epoch: [ 6/200], cls_loss: 0.5672, transfer_loss: 0.3105,person_loss: 0.0000, total_Loss: 0.7225
trian begin
trian end
n_person 578
SAMPLE
F1_MI: 0.03364655956350409 F1_MA: 0.30448432118972335 ACC_MI: 0.03364655956350409 F1_MA: 0.2576977012212085
BEST_F1_MI: 0.9333131251894513 BEST_F1_MA: 0.4925233673675538 BEST_ACC_MI: 0.9333131251894513 BEST_F1_MA: 0.4492398264379124
[[   0 3072   12    1]
 [   0   52   19    4]
 [   0   48   47    9]
 [   0   16    7   12]]
Epoch: [ 7/200], cls_loss: 0.5217, transfer_loss: 0.4246,person_loss: 0.0000, total_Loss: 0.7339
trian begin
trian end
n_person 578
SAMPLE
F1_MI: 0.023037284025462266 F1_MA: 0.11153269171531573 ACC_MI: 0.023037284025462262 F1_MA: 0.07104172834786096
BEST_F1_MI: 0.9333131251894513 BEST_F1_MA: 0.4925233673675538 BEST_ACC_MI: 0.9333131251894513 BEST_F1_MA: 0.4492398264379124
[[   0 1367 1716    2]
 [   0    6   55   14]
 [   0   20   55   29]
 [   0    5   15   15]]
Epoch: [ 8/200], cls_loss: 0.5060, transfer_loss: 0.4024,person_loss: 0.0000, total_Loss: 0.7073
trian begin
trian end
n_person 578
SAMPLE
F1_MI: 0.9381630797211277 F1_MA: 0.45398357863428707 ACC_MI: 0.9381630797211277 F1_MA: 0.6866629844019265
BEST_F1_MI: 0.9381630797211277 BEST_F1_MA: 0.4925233673675538 BEST_ACC_MI: 0.9381630797211277 BEST_F1_MA: 0.6866629844019265
[[3079    6    0    0]
 [  71    4    0    0]
 [  63   35    2    4]
 [  20    5    0   10]]
Epoch: [ 9/200], cls_loss: 0.5058, transfer_loss: 0.3939,person_loss: 0.0000, total_Loss: 0.7027
trian begin
trian end
n_person 578
SAMPLE
F1_MI: 0.02940284934828736 F1_MA: 0.17309890646639536 ACC_MI: 0.02940284934828736 F1_MA: 0.12252304147465438
BEST_F1_MI: 0.9381630797211277 BEST_F1_MA: 0.4925233673675538 BEST_ACC_MI: 0.9381630797211277 BEST_F1_MA: 0.6866629844019265
[[   0    5 3080    0]
 [   0    0   73    2]
 [   0    7   84   13]
 [   0    4   18   13]]
Epoch: [10/200], cls_loss: 0.4972, transfer_loss: 0.5255,person_loss: 0.0000, total_Loss: 0.7599
trian begin
trian end
n_person 578
SAMPLE
F1_MI: 0.9269475598666262 F1_MA: 0.6026673543820562 ACC_MI: 0.9269475598666262 F1_MA: 0.6771933543511415
BEST_F1_MI: 0.9381630797211277 BEST_F1_MA: 0.6026673543820562 BEST_ACC_MI: 0.9381630797211277 BEST_F1_MA: 0.6866629844019265
[[2951  119   15    0]
 [   2   45   28    0]
 [   1   42   61    0]
 [   1   17   16    1]]
Epoch: [11/200], cls_loss: 0.5018, transfer_loss: 0.5207,person_loss: 0.0000, total_Loss: 0.7622
trian begin
trian end
n_person 578
SAMPLE
F1_MI: 0.9120945741133678 F1_MA: 0.4388376968385255 ACC_MI: 0.9120945741133677 F1_MA: 0.39220742385182794
BEST_F1_MI: 0.9381630797211277 BEST_F1_MA: 0.6026673543820562 BEST_ACC_MI: 0.9381630797211277 BEST_F1_MA: 0.6866629844019265
[[2904   79  102    0]
 [   3    6   61    5]
 [   1    5   98    0]
 [   1    8   25    1]]
Epoch: [12/200], cls_loss: 0.4624, transfer_loss: 0.5879,person_loss: 0.0000, total_Loss: 0.7564
trian begin
trian end
n_person 578
SAMPLE
F1_MI: 0.026371627765989693 F1_MA: 0.3528314667681184 ACC_MI: 0.026371627765989693 F1_MA: 0.385444499132799
BEST_F1_MI: 0.9381630797211277 BEST_F1_MA: 0.6026673543820562 BEST_ACC_MI: 0.9381630797211277 BEST_F1_MA: 0.6866629844019265
[[   0 3085    0    0]
 [   0   74    1    0]
 [   0   98    3    3]
 [   0   25    0   10]]
Epoch: [13/200], cls_loss: 0.4637, transfer_loss: 0.5798,person_loss: 0.0000, total_Loss: 0.7536
trian begin
trian end
n_person 578
SAMPLE
F1_MI: 0.4443770839648378 F1_MA: 0.3361668450455811 ACC_MI: 0.4443770839648378 F1_MA: 0.3311495750542401
BEST_F1_MI: 0.9381630797211277 BEST_F1_MA: 0.6026673543820562 BEST_ACC_MI: 0.9381630797211277 BEST_F1_MA: 0.6866629844019265
[[1422 1404   31  228]
 [   1    2    9   63]
 [   0    2   17   85]
 [   0    2    8   25]]
Epoch: [14/200], cls_loss: 0.4707, transfer_loss: 0.6304,person_loss: 0.0000, total_Loss: 0.7859
trian begin
trian end
n_person 578
SAMPLE
F1_MI: 0.9436192785692634 F1_MA: 0.5052225550828188 ACC_MI: 0.9436192785692634 F1_MA: 0.6136200808607868
BEST_F1_MI: 0.9436192785692634 BEST_F1_MA: 0.6026673543820562 BEST_ACC_MI: 0.9436192785692634 BEST_F1_MA: 0.6866629844019265
[[3075    9    0    1]
 [  40   14    0   21]
 [  34   23    8   39]
 [  14    5    0   16]]
Epoch: [15/200], cls_loss: 0.4698, transfer_loss: 0.5601,person_loss: 0.0000, total_Loss: 0.7498
trian begin
trian end
n_person 578
SAMPLE
F1_MI: 0.03091846013943619 F1_MA: 0.12063446251650031 ACC_MI: 0.030918460139436194 F1_MA: 0.07903660551256413
BEST_F1_MI: 0.9436192785692634 BEST_F1_MA: 0.6026673543820562 BEST_ACC_MI: 0.9436192785692634 BEST_F1_MA: 0.6866629844019265
[[   0    1 3082    2]
 [   0    0   72    3]
 [   0    4  100    0]
 [   0    1   32    2]]
Epoch: [16/200], cls_loss: 0.4374, transfer_loss: 0.5858,person_loss: 0.0000, total_Loss: 0.7303
trian begin
trian end
n_person 578
SAMPLE
F1_MI: 0.4395271294331616 F1_MA: 0.38976927087361535 ACC_MI: 0.4395271294331616 F1_MA: 0.3932975786585762
BEST_F1_MI: 0.9436192785692634 BEST_F1_MA: 0.6026673543820562 BEST_ACC_MI: 0.9436192785692634 BEST_F1_MA: 0.6866629844019265
[[1351    4 1730    0]
 [   0    1   72    2]
 [   0    7   90    7]
 [   0    6   21    8]]
Epoch: [17/200], cls_loss: 0.4362, transfer_loss: 0.6513,person_loss: 0.0000, total_Loss: 0.7618
trian begin
trian end
n_person 578
SAMPLE
F1_MI: 0.8669293725371324 F1_MA: 0.4631963183643321 ACC_MI: 0.8669293725371324 F1_MA: 0.42118529469947047
BEST_F1_MI: 0.9436192785692634 BEST_F1_MA: 0.6026673543820562 BEST_ACC_MI: 0.9436192785692634 BEST_F1_MA: 0.6866629844019265
[[2785  282   12    6]
 [   3   25   33   14]
 [   4   24   32   44]
 [   0   13    4   18]]
Epoch: [18/200], cls_loss: 0.4422, transfer_loss: 0.6174,person_loss: 0.0000, total_Loss: 0.7509
trian begin
trian end
n_person 578
SAMPLE
F1_MI: 0.92209760533495 F1_MA: 0.4587234063948307 ACC_MI: 0.92209760533495 F1_MA: 0.4423958555875156
BEST_F1_MI: 0.9436192785692634 BEST_F1_MA: 0.6026673543820562 BEST_ACC_MI: 0.9436192785692634 BEST_F1_MA: 0.6866629844019265
[[2994   57    6   28]
 [   8   10    5   52]
 [   2    5   15   82]
 [   6    3    3   23]]
Epoch: [19/200], cls_loss: 0.4124, transfer_loss: 0.6695,person_loss: 0.0000, total_Loss: 0.7472
trian begin
trian end
n_person 578
SAMPLE
F1_MI: 0.9372537132464384 F1_MA: 0.647718302509564 ACC_MI: 0.9372537132464384 F1_MA: 0.6904300139496543
BEST_F1_MI: 0.9436192785692634 BEST_F1_MA: 0.647718302509564 BEST_ACC_MI: 0.9436192785692634 BEST_F1_MA: 0.6904300139496543
[[2991   94    0    0]
 [   6   68    0    1]
 [   5   69   20   10]
 [   2   19    1   13]]
Epoch: [20/200], cls_loss: 0.4093, transfer_loss: 0.6983,person_loss: 0.0000, total_Loss: 0.7585
trian begin
trian end
n_person 578
SAMPLE
F1_MI: 0.9430130342528039 F1_MA: 0.4576774390802243 ACC_MI: 0.9430130342528039 F1_MA: 0.5227720238634141
BEST_F1_MI: 0.9436192785692634 BEST_F1_MA: 0.647718302509564 BEST_ACC_MI: 0.9436192785692634 BEST_F1_MA: 0.6904300139496543
[[3070    3   12    0]
 [  38    3   33    1]
 [  64    4   26   10]
 [  15    1    7   12]]
Epoch: [21/200], cls_loss: 0.4240, transfer_loss: 0.6155,person_loss: 0.0000, total_Loss: 0.7317
trian begin
trian end
n_person 578
SAMPLE
F1_MI: 0.940284934828736 F1_MA: 0.45302455336632874 ACC_MI: 0.940284934828736 F1_MA: 0.46778990158322636
BEST_F1_MI: 0.9436192785692634 BEST_F1_MA: 0.647718302509564 BEST_ACC_MI: 0.9436192785692634 BEST_F1_MA: 0.6904300139496543
[[3048   27    7    3]
 [  27   11   18   19]
 [  29   19   32   24]
 [  12    9    3   11]]
Epoch: [22/200], cls_loss: 0.4092, transfer_loss: 0.6525,person_loss: 0.0000, total_Loss: 0.7354
trian begin
trian end
n_person 578
SAMPLE
F1_MI: 0.018793573810245528 F1_MA: 0.06885119099534986 ACC_MI: 0.018793573810245528 F1_MA: 0.0400853889943074
BEST_F1_MI: 0.9436192785692634 BEST_F1_MA: 0.647718302509564 BEST_ACC_MI: 0.9436192785692634 BEST_F1_MA: 0.6904300139496543
[[   0    0 3067   18]
 [   0    0   38   37]
 [   0    1   42   61]
 [   0    0   15   20]]
Epoch: [23/200], cls_loss: 0.3584, transfer_loss: 0.6459,person_loss: 0.0000, total_Loss: 0.6813
trian begin
trian end
n_person 578
SAMPLE
F1_MI: 0.9096695968475296 F1_MA: 0.53902740020044 ACC_MI: 0.9096695968475296 F1_MA: 0.5130718172802933
BEST_F1_MI: 0.9436192785692634 BEST_F1_MA: 0.647718302509564 BEST_ACC_MI: 0.9436192785692634 BEST_F1_MA: 0.6904300139496543
[[2888  169   28    0]
 [   3   26   46    0]
 [   1   15   79    9]
 [   1    9   17    8]]
Epoch: [24/200], cls_loss: 0.3513, transfer_loss: 0.6557,person_loss: 0.0000, total_Loss: 0.6791
trian begin
trian end
n_person 578
SAMPLE
F1_MI: 0.9336162473476811 F1_MA: 0.4735040201152176 ACC_MI: 0.9336162473476811 F1_MA: 0.45999281389690483
BEST_F1_MI: 0.9436192785692634 BEST_F1_MA: 0.647718302509564 BEST_ACC_MI: 0.9436192785692634 BEST_F1_MA: 0.6904300139496543
[[3003   54   28    0]
 [   5   18   47    5]
 [   1   40   50   13]
 [   1   13   12    9]]
Epoch: [25/200], cls_loss: 0.3610, transfer_loss: 0.6594,person_loss: 0.0000, total_Loss: 0.6907
trian begin
trian end
n_person 578
SAMPLE
F1_MI: 0.9457411336768717 F1_MA: 0.4264531040166824 ACC_MI: 0.9457411336768717 F1_MA: 0.43086697396469
BEST_F1_MI: 0.9457411336768717 BEST_F1_MA: 0.647718302509564 BEST_ACC_MI: 0.9457411336768717 BEST_F1_MA: 0.6904300139496543
[[3072    4    8    1]
 [  36    1   20   18]
 [  36    6   35   27]
 [   8    5   10   12]]
Epoch: [26/200], cls_loss: 0.3777, transfer_loss: 0.6818,person_loss: 0.0000, total_Loss: 0.7186
trian begin
trian end
n_person 578
SAMPLE
F1_MI: 0.030009093664746894 F1_MA: 0.32709150977616497 ACC_MI: 0.030009093664746894 F1_MA: 0.4142685527803474
BEST_F1_MI: 0.9457411336768717 BEST_F1_MA: 0.647718302509564 BEST_ACC_MI: 0.9457411336768717 BEST_F1_MA: 0.6904300139496543
[[   2   13 3070    0]
 [   1    4   70    0]
 [   0   17   86    1]
 [   0   11   17    7]]
Epoch: [27/200], cls_loss: 0.3719, transfer_loss: 0.6666,person_loss: 0.0000, total_Loss: 0.7052
trian begin
trian end
n_person 578
SAMPLE
F1_MI: 0.7869051227644741 F1_MA: 0.46586888852109154 ACC_MI: 0.7869051227644741 F1_MA: 0.44595843013762865
BEST_F1_MI: 0.9457411336768717 BEST_F1_MA: 0.647718302509564 BEST_ACC_MI: 0.9457411336768717 BEST_F1_MA: 0.6904300139496543
[[2509  566    8    2]
 [   1   35   18   21]
 [   0   43   43   18]
 [   0   17    9    9]]
Epoch: [28/200], cls_loss: 0.3444, transfer_loss: 0.6707,person_loss: 0.0000, total_Loss: 0.6798
trian begin
trian end
n_person 578
SAMPLE
F1_MI: 0.9418005456198848 F1_MA: 0.42612281661320073 ACC_MI: 0.9418005456198848 F1_MA: 0.5239004971893134
BEST_F1_MI: 0.9457411336768717 BEST_F1_MA: 0.647718302509564 BEST_ACC_MI: 0.9457411336768717 BEST_F1_MA: 0.6904300139496543
[[3082    3    0    0]
 [  66    2    1    6]
 [  60   10   13   21]
 [  18    4    3   10]]
Epoch: [29/200], cls_loss: 0.3355, transfer_loss: 0.6739,person_loss: 0.0000, total_Loss: 0.6724
trian begin
trian end
n_person 578
SAMPLE
F1_MI: 0.585632009699909 F1_MA: 0.46212484278485977 ACC_MI: 0.585632009699909 F1_MA: 0.485860281458193
BEST_F1_MI: 0.9457411336768717 BEST_F1_MA: 0.647718302509564 BEST_ACC_MI: 0.9457411336768717 BEST_F1_MA: 0.6904300139496543
[[1824    1 1260    0]
 [   0    0   75    0]
 [   1    1  101    1]
 [   0    0   28    7]]
Epoch: [30/200], cls_loss: 0.3245, transfer_loss: 0.6405,person_loss: 0.0000, total_Loss: 0.6448
trian begin
trian end
n_person 578
SAMPLE
F1_MI: 0.7978175204607457 F1_MA: 0.40347780285823753 ACC_MI: 0.7978175204607457 F1_MA: 0.36998886346924603
BEST_F1_MI: 0.9457411336768717 BEST_F1_MA: 0.647718302509564 BEST_ACC_MI: 0.9457411336768717 BEST_F1_MA: 0.6904300139496543
[[2583  317   20  165]
 [   1    3    7   64]
 [   0    1   22   81]
 [   2    3    6   24]]
Epoch: [31/200], cls_loss: 0.3235, transfer_loss: 0.6689,person_loss: 0.0000, total_Loss: 0.6580
trian begin
trian end
n_person 578
SAMPLE
F1_MI: 0.02394665050015156 F1_MA: 0.25721804740249 ACC_MI: 0.023946650500151562 F1_MA: 0.33141527179647934
BEST_F1_MI: 0.9457411336768717 BEST_F1_MA: 0.647718302509564 BEST_ACC_MI: 0.9457411336768717 BEST_F1_MA: 0.6904300139496543
[[  19 2941   18  107]
 [   2    3   21   49]
 [   1    6   44   53]
 [   1    4   17   13]]
Epoch: [32/200], cls_loss: 0.2892, transfer_loss: 0.6584,person_loss: 0.0000, total_Loss: 0.6184
trian begin
trian end
n_person 578
SAMPLE
F1_MI: 0.013943619278569264 F1_MA: 0.1257218757588786 ACC_MI: 0.013943619278569264 F1_MA: 0.09059148348731018
BEST_F1_MI: 0.9457411336768717 BEST_F1_MA: 0.647718302509564 BEST_ACC_MI: 0.9457411336768717 BEST_F1_MA: 0.6904300139496543
[[   0    0   17 3068]
 [   0    0   15   60]
 [   0    1   26   77]
 [   0    0   15   20]]
Epoch: [33/200], cls_loss: 0.3186, transfer_loss: 0.6664,person_loss: 0.0000, total_Loss: 0.6518
trian begin
trian end
n_person 578
SAMPLE
F1_MI: 0.9372537132464384 F1_MA: 0.4289907230187054 ACC_MI: 0.9372537132464384 F1_MA: 0.3906997721860076
BEST_F1_MI: 0.9457411336768717 BEST_F1_MA: 0.647718302509564 BEST_ACC_MI: 0.9457411336768717 BEST_F1_MA: 0.6904300139496543
[[3000   13   65    7]
 [   7    2   62    4]
 [   6    8   88    2]
 [   1    6   26    2]]
Epoch: [34/200], cls_loss: 0.2743, transfer_loss: 0.7060,person_loss: 0.0000, total_Loss: 0.6272
trian begin
trian end
n_person 578
SAMPLE
F1_MI: 0.026371627765989693 F1_MA: 0.26337677009111293 ACC_MI: 0.026371627765989693 F1_MA: 0.29884404429266276
BEST_F1_MI: 0.9457411336768717 BEST_F1_MA: 0.647718302509564 BEST_ACC_MI: 0.9457411336768717 BEST_F1_MA: 0.6904300139496543
[[   0   15 3070    0]
 [   0   13   62    0]
 [   0   33   71    0]
 [   0   14   18    3]]
Epoch: [35/200], cls_loss: 0.2642, transfer_loss: 0.6819,person_loss: 0.0000, total_Loss: 0.6051
trian begin
trian end
n_person 578
SAMPLE
F1_MI: 0.028190360715368293 F1_MA: 0.214543871980184 ACC_MI: 0.028190360715368293 F1_MA: 0.1694505958030159
BEST_F1_MI: 0.9457411336768717 BEST_F1_MA: 0.647718302509564 BEST_ACC_MI: 0.9457411336768717 BEST_F1_MA: 0.6904300139496543
[[   0 3085    0    0]
 [   0   74    1    0]
 [   0   85   19    0]
 [   0   26    9    0]]
Epoch: [36/200], cls_loss: 0.2934, transfer_loss: 0.6487,person_loss: 0.0000, total_Loss: 0.6178
trian begin
trian end
n_person 578
SAMPLE
F1_MI: 0.7032434070930585 F1_MA: 0.46227610558759646 ACC_MI: 0.7032434070930585 F1_MA: 0.4339581826128305
BEST_F1_MI: 0.9457411336768717 BEST_F1_MA: 0.647718302509564 BEST_ACC_MI: 0.9457411336768717 BEST_F1_MA: 0.6904300139496543
[[2235  839   10    1]
 [   1   46   16   12]
 [   0   48   25   31]
 [   0   16    5   14]]
Epoch: [37/200], cls_loss: 0.2709, transfer_loss: 0.6650,person_loss: 0.0000, total_Loss: 0.6034
trian begin
trian end
n_person 578
SAMPLE
F1_MI: 0.9339193695059109 F1_MA: 0.45918207441296566 ACC_MI: 0.9339193695059109 F1_MA: 0.42602017867043446
BEST_F1_MI: 0.9457411336768717 BEST_F1_MA: 0.647718302509564 BEST_ACC_MI: 0.9457411336768717 BEST_F1_MA: 0.6904300139496543
[[2990   29   64    2]
 [   2    4   67    2]
 [   0   10   80   14]
 [   0    9   19    7]]
Epoch: [38/200], cls_loss: 0.2291, transfer_loss: 0.6855,person_loss: 0.0000, total_Loss: 0.5718
trian begin
trian end
n_person 578
SAMPLE
F1_MI: 0.2476508032737193 F1_MA: 0.39142417802995927 ACC_MI: 0.2476508032737193 F1_MA: 0.4425089509929886
BEST_F1_MI: 0.9457411336768717 BEST_F1_MA: 0.647718302509564 BEST_ACC_MI: 0.9457411336768717 BEST_F1_MA: 0.6904300139496543
[[ 748 2323    6    8]
 [   0   37    1   37]
 [   0   39   13   52]
 [   0   14    2   19]]
Epoch: [39/200], cls_loss: 0.2533, transfer_loss: 0.7005,person_loss: 0.0000, total_Loss: 0.6035
trian begin
trian end
n_person 578
SAMPLE
F1_MI: 0.9408911791451955 F1_MA: 0.44878195875138555 ACC_MI: 0.9408911791451955 F1_MA: 0.46467968112183644
BEST_F1_MI: 0.9457411336768717 BEST_F1_MA: 0.647718302509564 BEST_ACC_MI: 0.9457411336768717 BEST_F1_MA: 0.6904300139496543
[[3063    7    9    6]
 [  44    2    5   24]
 [  35    8   21   40]
 [  13    3    1   18]]
Epoch: [40/200], cls_loss: 0.2440, transfer_loss: 0.6814,person_loss: 0.0000, total_Loss: 0.5847
trian begin
trian end
n_person 578
SAMPLE
F1_MI: 0.9451348893604122 F1_MA: 0.4524981291364446 ACC_MI: 0.9451348893604122 F1_MA: 0.4119083007109843
BEST_F1_MI: 0.9457411336768717 BEST_F1_MA: 0.647718302509564 BEST_ACC_MI: 0.9457411336768717 BEST_F1_MA: 0.6904300139496543
[[3027    6   51    1]
 [   7    0   59    9]
 [   2    7   83   12]
 [   1    3   23    8]]
Epoch: [41/200], cls_loss: 0.2445, transfer_loss: 0.6695,person_loss: 0.0000, total_Loss: 0.5793
trian begin
trian end
n_person 578
SAMPLE
F1_MI: 0.9451348893604122 F1_MA: 0.4371203091492819 ACC_MI: 0.9451348893604122 F1_MA: 0.5453630734590487
BEST_F1_MI: 0.9457411336768717 BEST_F1_MA: 0.647718302509564 BEST_ACC_MI: 0.9457411336768717 BEST_F1_MA: 0.6904300139496543
[[3082    3    0    0]
 [  67    0    6    2]
 [  64    7   30    3]
 [  17    4    8    6]]
Epoch: [42/200], cls_loss: 0.2416, transfer_loss: 0.6822,person_loss: 0.0000, total_Loss: 0.5827
trian begin
trian end
n_person 578
SAMPLE
F1_MI: 0.9163382843285844 F1_MA: 0.4396830187239755 ACC_MI: 0.9163382843285844 F1_MA: 0.4051814067701702
BEST_F1_MI: 0.9457411336768717 BEST_F1_MA: 0.647718302509564 BEST_ACC_MI: 0.9457411336768717 BEST_F1_MA: 0.6904300139496543
[[2937  106   36    6]
 [   3    8   52   12]
 [   2   19   72   11]
 [   0    6   23    6]]
Epoch: [43/200], cls_loss: 0.2198, transfer_loss: 0.6893,person_loss: 0.0000, total_Loss: 0.5644
trian begin
trian end
n_person 578
SAMPLE
F1_MI: 0.8305547135495605 F1_MA: 0.4259323087937935 ACC_MI: 0.8305547135495605 F1_MA: 0.3902982633579361
BEST_F1_MI: 0.9457411336768717 BEST_F1_MA: 0.647718302509564 BEST_ACC_MI: 0.9457411336768717 BEST_F1_MA: 0.6904300139496543
[[2644    5  436    0]
 [   0    0   75    0]
 [   1    5   91    7]
 [   0    4   26    5]]
Epoch: [44/200], cls_loss: 0.2353, transfer_loss: 0.6691,person_loss: 0.0000, total_Loss: 0.5699
trian begin
trian end
n_person 578
SAMPLE
F1_MI: 0.9348287359806002 F1_MA: 0.48246502612300424 ACC_MI: 0.9348287359806002 F1_MA: 0.4686944075689383
BEST_F1_MI: 0.9457411336768717 BEST_F1_MA: 0.647718302509564 BEST_ACC_MI: 0.9457411336768717 BEST_F1_MA: 0.6904300139496543
[[2989   17   79    0]
 [   2    3   70    0]
 [   2    9   87    6]
 [   0    5   25    5]]
Epoch: [45/200], cls_loss: 0.2462, transfer_loss: 0.6698,person_loss: 0.0000, total_Loss: 0.5812
trian begin
trian end
n_person 578
SAMPLE
F1_MI: 0.8372234010306153 F1_MA: 0.3708800645689192 ACC_MI: 0.8372234010306153 F1_MA: 0.32821715240847615
BEST_F1_MI: 0.9457411336768717 BEST_F1_MA: 0.647718302509564 BEST_ACC_MI: 0.9457411336768717 BEST_F1_MA: 0.6904300139496543
[[2707  158  216    4]
 [   0    9   40   26]
 [   0   30   32   42]
 [   0    7   14   14]]
Epoch: [46/200], cls_loss: 0.2109, transfer_loss: 0.6858,person_loss: 0.0000, total_Loss: 0.5538
trian begin
trian end
n_person 578
SAMPLE
F1_MI: 0.03031221582297666 F1_MA: 0.29785882061460556 ACC_MI: 0.03031221582297666 F1_MA: 0.3593715247990341
BEST_F1_MI: 0.9457411336768717 BEST_F1_MA: 0.647718302509564 BEST_ACC_MI: 0.9457411336768717 BEST_F1_MA: 0.6904300139496543
[[   7   18 3060    0]
 [   1    7   67    0]
 [   1   17   81    5]
 [   0   10   20    5]]
Epoch: [47/200], cls_loss: 0.1912, transfer_loss: 0.6808,person_loss: 0.0000, total_Loss: 0.5316
trian begin
trian end
n_person 578
SAMPLE
F1_MI: 0.9123976962715975 F1_MA: 0.5468754191007341 ACC_MI: 0.9123976962715975 F1_MA: 0.5302430213042811
BEST_F1_MI: 0.9457411336768717 BEST_F1_MA: 0.647718302509564 BEST_ACC_MI: 0.9457411336768717 BEST_F1_MA: 0.6904300139496543
[[2898  181    6    0]
 [   3   60   12    0]
 [   2   49   51    2]
 [   3   14   17    1]]
Epoch: [48/200], cls_loss: 0.2206, transfer_loss: 0.6901,person_loss: 0.0000, total_Loss: 0.5656
trian begin
trian end
n_person 578
SAMPLE
F1_MI: 0.835101545923007 F1_MA: 0.4143070767683086 ACC_MI: 0.835101545923007 F1_MA: 0.36557648401826487
BEST_F1_MI: 0.9457411336768717 BEST_F1_MA: 0.647718302509564 BEST_ACC_MI: 0.9457411336768717 BEST_F1_MA: 0.6904300139496543
[[2660   18  404    3]
 [   0    1   71    3]
 [   0    5   87   12]
 [   0    6   22    7]]
Epoch: [49/200], cls_loss: 0.2056, transfer_loss: 0.7042,person_loss: 0.0000, total_Loss: 0.5577
trian begin
trian end
n_person 578
SAMPLE
F1_MI: 0.9399818126705062 F1_MA: 0.3940810143139455 ACC_MI: 0.9399818126705062 F1_MA: 0.5095891640400066
BEST_F1_MI: 0.9457411336768717 BEST_F1_MA: 0.647718302509564 BEST_ACC_MI: 0.9457411336768717 BEST_F1_MA: 0.6904300139496543
[[3077    5    3    0]
 [  67    0    8    0]
 [  76    5   21    2]
 [  19    2   11    3]]
Epoch: [50/200], cls_loss: 0.1873, transfer_loss: 0.6799,person_loss: 0.0000, total_Loss: 0.5272
trian begin
trian end
n_person 578
SAMPLE
F1_MI: 0.46983934525613824 F1_MA: 0.3939524866700429 ACC_MI: 0.46983934525613824 F1_MA: 0.38126960375241
BEST_F1_MI: 0.9457411336768717 BEST_F1_MA: 0.647718302509564 BEST_ACC_MI: 0.9457411336768717 BEST_F1_MA: 0.6904300139496543
[[1447    3 1635    0]
 [   0    0   74    1]
 [   0    1   94    9]
 [   0    0   26    9]]
Epoch: [51/200], cls_loss: 0.2111, transfer_loss: 0.6794,person_loss: 0.0000, total_Loss: 0.5508
trian begin
trian end
n_person 578
SAMPLE
F1_MI: 0.03182782661412549 F1_MA: 0.3059095000085112 ACC_MI: 0.03182782661412549 F1_MA: 0.4201508320870089
BEST_F1_MI: 0.9457411336768717 BEST_F1_MA: 0.647718302509564 BEST_ACC_MI: 0.9457411336768717 BEST_F1_MA: 0.6904300139496543
[[  10    5 3070    0]
 [   0    2   73    0]
 [   0   12   91    1]
 [   1    7   25    2]]
Epoch: [52/200], cls_loss: 0.1963, transfer_loss: 0.6723,person_loss: 0.0000, total_Loss: 0.5324
trian begin
trian end
n_person 578
SAMPLE
F1_MI: 0.7984237647772053 F1_MA: 0.47044922176953097 ACC_MI: 0.7984237647772052 F1_MA: 0.44544234856597187
BEST_F1_MI: 0.9457411336768717 BEST_F1_MA: 0.647718302509564 BEST_ACC_MI: 0.9457411336768717 BEST_F1_MA: 0.6904300139496543
[[2540  507   37    1]
 [   1   36   36    2]
 [   0   43   51   10]
 [   0   15   13    7]]
Epoch: [53/200], cls_loss: 0.1789, transfer_loss: 0.6679,person_loss: 0.0000, total_Loss: 0.5128
trian begin
trian end
n_person 578
SAMPLE
F1_MI: 0.7917550772961502 F1_MA: 0.5456409993779177 ACC_MI: 0.7917550772961504 F1_MA: 0.628229298007991
BEST_F1_MI: 0.9457411336768717 BEST_F1_MA: 0.647718302509564 BEST_ACC_MI: 0.9457411336768717 BEST_F1_MA: 0.6904300139496543
[[2514  557   14    0]
 [   1   36   38    0]
 [   0   44   60    0]
 [   0   14   19    2]]
Epoch: [54/200], cls_loss: 0.1740, transfer_loss: 0.6807,person_loss: 0.0000, total_Loss: 0.5143
trian begin
trian end
n_person 578
SAMPLE
F1_MI: 0.6398908760230373 F1_MA: 0.3442774300664374 ACC_MI: 0.6398908760230373 F1_MA: 0.3112508693423008
BEST_F1_MI: 0.9457411336768717 BEST_F1_MA: 0.647718302509564 BEST_ACC_MI: 0.9457411336768717 BEST_F1_MA: 0.6904300139496543
[[2038   23 1020    4]
 [   0    2   58   15]
 [   1    5   62   36]
 [   0    9   17    9]]
Epoch: [55/200], cls_loss: 0.1850, transfer_loss: 0.6744,person_loss: 0.0000, total_Loss: 0.5222
trian begin
trian end
n_person 578
SAMPLE
F1_MI: 0.9445286450439527 F1_MA: 0.454484160133915 ACC_MI: 0.9445286450439527 F1_MA: 0.4685664056572538
BEST_F1_MI: 0.9457411336768717 BEST_F1_MA: 0.647718302509564 BEST_ACC_MI: 0.9457411336768717 BEST_F1_MA: 0.6904300139496543
[[3051   22   12    0]
 [  27   10   18   20]
 [  30    9   49   16]
 [  10   10    9    6]]
Epoch: [56/200], cls_loss: 0.2172, transfer_loss: 0.6934,person_loss: 0.0000, total_Loss: 0.5640
trian begin
trian end
n_person 578
SAMPLE
F1_MI: 0.7814489239163382 F1_MA: 0.41579277280241295 ACC_MI: 0.7814489239163382 F1_MA: 0.40058942856382995
BEST_F1_MI: 0.9457411336768717 BEST_F1_MA: 0.647718302509564 BEST_ACC_MI: 0.9457411336768717 BEST_F1_MA: 0.6904300139496543
[[2516  533   11   25]
 [   1   19   11   44]
 [   1   17   30   56]
 [   0   11   11   13]]
Epoch: [57/200], cls_loss: 0.1660, transfer_loss: 0.6617,person_loss: 0.0000, total_Loss: 0.4969
trian begin
trian end
n_person 578
SAMPLE
F1_MI: 0.351924825704759 F1_MA: 0.3490207299735645 ACC_MI: 0.351924825704759 F1_MA: 0.3956062296851007
BEST_F1_MI: 0.9457411336768717 BEST_F1_MA: 0.647718302509564 BEST_ACC_MI: 0.9457411336768717 BEST_F1_MA: 0.6904300139496543
[[1096   59   13 1917]
 [   1    6   20   48]
 [   0    9   46   49]
 [   0   10   12   13]]
Epoch: [58/200], cls_loss: 0.1767, transfer_loss: 0.6580,person_loss: 0.0000, total_Loss: 0.5057
trian begin
trian end
n_person 578
SAMPLE
F1_MI: 0.9387693240375872 F1_MA: 0.48791447235885244 ACC_MI: 0.9387693240375872 F1_MA: 0.5058689424832737
BEST_F1_MI: 0.9457411336768717 BEST_F1_MA: 0.647718302509564 BEST_ACC_MI: 0.9457411336768717 BEST_F1_MA: 0.6904300139496543
[[3035   44    4    2]
 [  20   31    5   19]
 [  17   41   21   25]
 [   9   12    4   10]]
Epoch: [59/200], cls_loss: 0.1857, transfer_loss: 0.6875,person_loss: 0.0000, total_Loss: 0.5294
trian begin
trian end
n_person 578
SAMPLE
F1_MI: 0.3022127917550773 F1_MA: 0.3165184959662091 ACC_MI: 0.3022127917550773 F1_MA: 0.32230185497470487
BEST_F1_MI: 0.9457411336768717 BEST_F1_MA: 0.647718302509564 BEST_ACC_MI: 0.9457411336768717 BEST_F1_MA: 0.6904300139496543
[[ 902    4 2179    0]
 [   0    0   74    1]
 [   0    6   93    5]
 [   0    7   26    2]]
Epoch: [60/200], cls_loss: 0.1673, transfer_loss: 0.6799,person_loss: 0.0000, total_Loss: 0.5072
trian begin
trian end
n_person 578
SAMPLE
F1_MI: 0.030615337981206425 F1_MA: 0.2884161441788157 ACC_MI: 0.030615337981206425 F1_MA: 0.3388323388323389
BEST_F1_MI: 0.9457411336768717 BEST_F1_MA: 0.647718302509564 BEST_ACC_MI: 0.9457411336768717 BEST_F1_MA: 0.6904300139496543
[[   5    8 3070    2]
 [   0    1   72    2]
 [   0    7   91    6]
 [   0    8   23    4]]
Epoch: [61/200], cls_loss: 0.1693, transfer_loss: 0.6995,person_loss: 0.0000, total_Loss: 0.5191
trian begin
trian end
n_person 578
SAMPLE
F1_MI: 0.022734161867232493 F1_MA: 0.3209624677532869 ACC_MI: 0.022734161867232493 F1_MA: 0.4033386626528954
BEST_F1_MI: 0.9457411336768717 BEST_F1_MA: 0.647718302509564 BEST_ACC_MI: 0.9457411336768717 BEST_F1_MA: 0.6904300139496543
[[   1 3074    7    3]
 [   0   29   27   19]
 [   0   36   32   36]
 [   0   12   10   13]]
Epoch: [62/200], cls_loss: 0.1611, transfer_loss: 0.6759,person_loss: 0.0000, total_Loss: 0.4990
trian begin
trian end
n_person 578
SAMPLE
F1_MI: 0.026977872082449228 F1_MA: 0.23179681060538665 ACC_MI: 0.026977872082449228 F1_MA: 0.1832505928383505
BEST_F1_MI: 0.9457411336768717 BEST_F1_MA: 0.647718302509564 BEST_ACC_MI: 0.9457411336768717 BEST_F1_MA: 0.6904300139496543
[[   0 3078    6    1]
 [   0   53   19    3]
 [   0   52   25   27]
 [   0   19    5   11]]
Epoch: [63/200], cls_loss: 0.1765, transfer_loss: 0.6538,person_loss: 0.0000, total_Loss: 0.5034
trian begin
trian end
n_person 578
SAMPLE
F1_MI: 0.9284631706577751 F1_MA: 0.4270600882203406 ACC_MI: 0.9284631706577751 F1_MA: 0.3962663046253575
BEST_F1_MI: 0.9457411336768717 BEST_F1_MA: 0.647718302509564 BEST_ACC_MI: 0.9457411336768717 BEST_F1_MA: 0.6904300139496543
[[3010   45   23    7]
 [   4   12   22   37]
 [   3   27   24   50]
 [   0    8   10   17]]
Epoch: [64/200], cls_loss: 0.1461, transfer_loss: 0.6810,person_loss: 0.0000, total_Loss: 0.4866
trian begin
trian end
n_person 578
SAMPLE
F1_MI: 0.25280387996362536 F1_MA: 0.3302119774361707 ACC_MI: 0.25280387996362536 F1_MA: 0.3608951431760111
BEST_F1_MI: 0.9457411336768717 BEST_F1_MA: 0.647718302509564 BEST_ACC_MI: 0.9457411336768717 BEST_F1_MA: 0.6904300139496543
[[ 772 2222   29   62]
 [   0    8   35   32]
 [   0   16   36   52]
 [   0    8    9   18]]
Epoch: [65/200], cls_loss: 0.1986, transfer_loss: 0.7036,person_loss: 0.0000, total_Loss: 0.5504
trian begin
trian end
n_person 578
SAMPLE
F1_MI: 0.03364655956350409 F1_MA: 0.2731850660552581 ACC_MI: 0.03364655956350409 F1_MA: 0.2890888047138047
BEST_F1_MI: 0.9457411336768717 BEST_F1_MA: 0.647718302509564 BEST_ACC_MI: 0.9457411336768717 BEST_F1_MA: 0.6904300139496543
[[  15 3058   12    0]
 [   3   29   43    0]
 [   2   34   67    1]
 [   2   11   22    0]]
Epoch: [66/200], cls_loss: 0.1381, transfer_loss: 0.6845,person_loss: 0.0000, total_Loss: 0.4803
trian begin
trian end
n_person 578
SAMPLE
F1_MI: 0.036980903304031525 F1_MA: 0.29573092227206577 ACC_MI: 0.036980903304031525 F1_MA: 0.3553806056008827
BEST_F1_MI: 0.9457411336768717 BEST_F1_MA: 0.647718302509564 BEST_ACC_MI: 0.9457411336768717 BEST_F1_MA: 0.6904300139496543
[[  27    5 3053    0]
 [   2    4   67    2]
 [   2   10   87    5]
 [   0    6   25    4]]
Epoch: [67/200], cls_loss: 0.1909, transfer_loss: 0.6807,person_loss: 0.0000, total_Loss: 0.5313
trian begin
trian end
n_person 578
SAMPLE
F1_MI: 0.6223097908457108 F1_MA: 0.33287837956653116 ACC_MI: 0.6223097908457108 F1_MA: 0.3318634602670338
BEST_F1_MI: 0.9457411336768717 BEST_F1_MA: 0.647718302509564 BEST_ACC_MI: 0.9457411336768717 BEST_F1_MA: 0.6904300139496543
[[2018   26   17 1024]
 [   4    1   17   53]
 [   0    4   16   84]
 [   0   12    5   18]]
Epoch: [68/200], cls_loss: 0.1195, transfer_loss: 0.6726,person_loss: 0.0000, total_Loss: 0.4558
trian begin
trian end
n_person 578
SAMPLE
F1_MI: 0.025159139133070628 F1_MA: 0.34005578898945765 ACC_MI: 0.025159139133070628 F1_MA: 0.4168392717335776
BEST_F1_MI: 0.9457411336768717 BEST_F1_MA: 0.647718302509564 BEST_ACC_MI: 0.9457411336768717 BEST_F1_MA: 0.6904300139496543
[[   1 3076    7    1]
 [   0   56    2   17]
 [   0   53   18   33]
 [   0   19    8    8]]
Epoch: [69/200], cls_loss: 0.1706, transfer_loss: 0.6936,person_loss: 0.0000, total_Loss: 0.5174
trian begin
trian end
n_person 578
SAMPLE
F1_MI: 0.9208851167020309 F1_MA: 0.40460089955206074 ACC_MI: 0.9208851167020309 F1_MA: 0.3613503403711793
BEST_F1_MI: 0.9457411336768717 BEST_F1_MA: 0.647718302509564 BEST_ACC_MI: 0.9457411336768717 BEST_F1_MA: 0.6904300139496543
[[2951   20  107    7]
 [   3    2   68    2]
 [   1   12   83    8]
 [   0    5   28    2]]
Epoch: [70/200], cls_loss: 0.1604, transfer_loss: 0.6926,person_loss: 0.0000, total_Loss: 0.5067
[[2991   94    0    0]
 [   6   68    0    1]
 [   5   69   20   10]
 [   2   19    1   13]]
[[3072    4    8    1]
 [  36    1   20   18]
 [  36    6   35   27]
 [   8    5   10   12]]
ARG: Namespace(backbone='resnet50', batch_size=32, config='DANN/DANN.yaml', data_dir='data', device=device(type='cuda'), early_stop=50, epoch_based_training=False, lr=0.003, lr_decay=0.75, lr_gamma=0.0003, lr_scheduler=True, max_iter=18000, method='False', momentum=0.9, myweight=0.1, n_class=4, n_epoch=200, n_iter_per_epoch=90, num_workers=3, seed=1, src_domain='77G', tgt_domain='own', tname='transfer', transfer_loss='adv', transfer_loss_weight=0.5, use_bottleneck=True, weight_decay=0.0005)
