lmmd 2 PAMAP2 UCI DSAN/DSAN.yaml True
Namespace(backbone='resnet50', batch_size=32, config='DSAN/DSAN.yaml', data_dir='data', device=device(type='cuda'), early_stop=50, epoch_based_training=False, lr=0.003, lr_decay=0.75, lr_gamma=0.0003, lr_scheduler=True, method='True', momentum=0.9, myweight=0.1, n_epoch=200, n_iter_per_epoch=200, num_workers=3, seed=2, src_domain='PAMAP2', tgt_domain='UCI', tname='transfer', transfer_loss='lmmd', transfer_loss_weight=0.5, use_bottleneck=True, weight_decay=0.0005)
JUST DO IT
run my Parkinson code
transfer
TRAIN Length: 4725 360 TEST Length: 3369 615
YYY: 0 3
DATA_PROFILE   train: 4725 train2: 3369 test: 3369
DATASET.SHAPE: <data_loader.GetTrainLoader object at 0x7efeb5d34ef0> True
DATASET.SHAPE: <data_loader.GetTrainLoader object at 0x7efeb5cd1160> True
DATASET.SHAPE: <data_loader.GetTestLoader object at 0x7efeb5cd6fd0> False
CLASS: 4 615
LLL: {}
BOTTLENECK_LIST: [Linear(in_features=512, out_features=256, bias=True), ReLU()]
TYPE: {'loss_type': 'lmmd', 'max_iter': 40000, 'num_class': 4, 'my_person_item': <my_person_item.PersonItem object at 0x7eff75840198>}
KWARGS {'my_person_item': <my_person_item.PersonItem object at 0x7eff75840198>}
initial_lr 1.0
transfer_world
method True <class 'str'>
1.10.1+cu102
True
LEN: 0 0
LOADER: <data_loader.InfiniteDataLoader object at 0x7efeb5cd1fd0> <data_loader.InfiniteDataLoader object at 0x7efeb5cd6ef0>
N_batch: 200
trian begin
trian end
n_person 615
SAMPLE
F1_MI: 0.6936776491540516 F1_MA: 0.6841872408426587 ACC_MI: 0.6936776491540516 F1_MA: 0.685233939282226
BEST_F1_MI: 0.6936776491540516 BEST_F1_MA: 0.6841872408426587 BEST_ACC_MI: 0.6936776491540516 BEST_F1_MA: 0.685233939282226
[[711   1 181   0]
 [292  31 481   0]
 [ 52  21 673   0]
 [  0   2   2 922]]
Epoch: [ 1/200], cls_loss: 0.5991, transfer_loss: 0.0004,person_loss: -1.8553, total_Loss: 0.4138
trian begin
trian end
n_person 615
SAMPLE
F1_MI: 0.7999406352033245 F1_MA: 0.8030325516380425 ACC_MI: 0.7999406352033245 F1_MA: 0.8167752010893816
BEST_F1_MI: 0.7999406352033245 BEST_F1_MA: 0.8030325516380425 BEST_ACC_MI: 0.7999406352033245 BEST_F1_MA: 0.8167752010893816
[[730 153   7   3]
 [244 530  30   0]
 [151  86 509   0]
 [  0   0   0 926]]
Epoch: [ 2/200], cls_loss: 0.3486, transfer_loss: 0.0012,person_loss: -1.9045, total_Loss: 0.1588
trian begin
trian end
n_person 615
SAMPLE
F1_MI: 0.7951914514692786 F1_MA: 0.8044553248515603 ACC_MI: 0.7951914514692787 F1_MA: 0.8206437175677617
BEST_F1_MI: 0.7999406352033245 BEST_F1_MA: 0.8044553248515603 BEST_ACC_MI: 0.7999406352033245 BEST_F1_MA: 0.8206437175677617
[[773  31  89   0]
 [434 248 122   0]
 [  7   6 733   0]
 [  0   0   1 925]]
Epoch: [ 3/200], cls_loss: 0.2875, transfer_loss: 0.0018,person_loss: -1.9389, total_Loss: 0.0945
trian begin
trian end
n_person 615
SAMPLE
F1_MI: 0.7877708518848323 F1_MA: 0.8071653528114275 ACC_MI: 0.7877708518848323 F1_MA: 0.8400941420300914
BEST_F1_MI: 0.7999406352033245 BEST_F1_MA: 0.8071653528114275 BEST_ACC_MI: 0.7999406352033245 BEST_F1_MA: 0.8400941420300914
[[852  30  11   0]
 [562 222  20   0]
 [ 78  14 654   0]
 [  0   0   0 926]]
Epoch: [ 4/200], cls_loss: 0.2421, transfer_loss: 0.0024,person_loss: -1.9504, total_Loss: 0.0483
trian begin
trian end
n_person 615
SAMPLE
F1_MI: 0.8521816562778273 F1_MA: 0.8494543822871091 ACC_MI: 0.8521816562778273 F1_MA: 0.8464813429499977
BEST_F1_MI: 0.8521816562778273 BEST_F1_MA: 0.8494543822871091 BEST_ACC_MI: 0.8521816562778273 BEST_F1_MA: 0.8464813429499977
[[648 184  61   0]
 [158 582  62   2]
 [  0  24 722   0]
 [  0   0   7 919]]
Epoch: [ 5/200], cls_loss: 0.2781, transfer_loss: 0.0032,person_loss: -1.9528, total_Loss: 0.0844
trian begin
trian end
n_person 615
SAMPLE
F1_MI: 0.5102404274265361 F1_MA: 0.5806013485304516 ACC_MI: 0.5102404274265361 F1_MA: 0.6524922327121554
BEST_F1_MI: 0.8521816562778273 BEST_F1_MA: 0.8494543822871091 BEST_ACC_MI: 0.8521816562778273 BEST_F1_MA: 0.8464813429499977
[[878  12   3   0]
 [630 163  11   0]
 [ 56  23 667   0]
 [  0 849  66  11]]
Epoch: [ 6/200], cls_loss: 0.2402, transfer_loss: 0.0043,person_loss: -1.9597, total_Loss: 0.0464
trian begin
trian end
n_person 615
SAMPLE
F1_MI: 0.8504007123775601 F1_MA: 0.851154449676174 ACC_MI: 0.8504007123775601 F1_MA: 0.856730337714466
BEST_F1_MI: 0.8521816562778273 BEST_F1_MA: 0.851154449676174 BEST_ACC_MI: 0.8521816562778273 BEST_F1_MA: 0.856730337714466
[[779 102  12   0]
 [297 473  32   2]
 [ 32  23 691   0]
 [  0   0   4 922]]
Epoch: [ 7/200], cls_loss: 0.2023, transfer_loss: 0.0045,person_loss: -1.9601, total_Loss: 0.0086
trian begin
trian end
n_person 615
SAMPLE
F1_MI: 0.7263282873256159 F1_MA: 0.7605836329578163 ACC_MI: 0.7263282873256159 F1_MA: 0.8223074527656644
BEST_F1_MI: 0.8521816562778273 BEST_F1_MA: 0.851154449676174 BEST_ACC_MI: 0.8521816562778273 BEST_F1_MA: 0.856730337714466
[[864  29   0   0]
 [611 192   1   0]
 [260  20 466   0]
 [  0   1   0 925]]
Epoch: [ 8/200], cls_loss: 0.1836, transfer_loss: 0.0060,person_loss: -1.9641, total_Loss: -0.0098
trian begin
trian end
n_person 615
SAMPLE
F1_MI: 0.8106262986049273 F1_MA: 0.8199297753776182 ACC_MI: 0.8106262986049273 F1_MA: 0.8367876798421005
BEST_F1_MI: 0.8521816562778273 BEST_F1_MA: 0.851154449676174 BEST_ACC_MI: 0.8521816562778273 BEST_F1_MA: 0.856730337714466
[[825  30  38   0]
 [480 255  67   2]
 [  4   9 733   0]
 [  0   8   0 918]]
Epoch: [ 9/200], cls_loss: 0.1829, transfer_loss: 0.0070,person_loss: -1.9635, total_Loss: -0.0100
trian begin
trian end
n_person 615
SAMPLE
F1_MI: 0.815375482338973 F1_MA: 0.8360820343881141 ACC_MI: 0.815375482338973 F1_MA: 0.8675913587266499
BEST_F1_MI: 0.8521816562778273 BEST_F1_MA: 0.851154449676174 BEST_ACC_MI: 0.8521816562778273 BEST_F1_MA: 0.8675913587266499
[[868  10  15   0]
 [531 242  31   0]
 [ 22   9 715   0]
 [  0   1   3 922]]
Epoch: [10/200], cls_loss: 0.1625, transfer_loss: 0.0088,person_loss: -1.9627, total_Loss: -0.0294
trian begin
trian end
n_person 615
SAMPLE
F1_MI: 0.8115167705550609 F1_MA: 0.8291980922334997 ACC_MI: 0.8115167705550609 F1_MA: 0.8587920951357672
BEST_F1_MI: 0.8521816562778273 BEST_F1_MA: 0.851154449676174 BEST_ACC_MI: 0.8521816562778273 BEST_F1_MA: 0.8675913587266499
[[855  34   4   0]
 [488 296  18   2]
 [ 78  11 657   0]
 [  0   0   0 926]]
Epoch: [11/200], cls_loss: 0.1670, transfer_loss: 0.0063,person_loss: -1.9624, total_Loss: -0.0260
trian begin
trian end
n_person 615
SAMPLE
F1_MI: 0.7622439893143366 F1_MA: 0.7844094196164167 ACC_MI: 0.7622439893143366 F1_MA: 0.8262535195588059
BEST_F1_MI: 0.8521816562778273 BEST_F1_MA: 0.851154449676174 BEST_ACC_MI: 0.8521816562778273 BEST_F1_MA: 0.8675913587266499
[[861  32   0   0]
 [505 293   2   4]
 [198  46 502   0]
 [  0   0  14 912]]
Epoch: [12/200], cls_loss: 0.1611, transfer_loss: 0.0079,person_loss: -1.9640, total_Loss: -0.0313
trian begin
trian end
n_person 615
SAMPLE
F1_MI: 0.8040961709706145 F1_MA: 0.8159457173332767 ACC_MI: 0.8040961709706145 F1_MA: 0.840215666073669
BEST_F1_MI: 0.8521816562778273 BEST_F1_MA: 0.851154449676174 BEST_ACC_MI: 0.8521816562778273 BEST_F1_MA: 0.8675913587266499
[[856  36   1   0]
 [481 303  20   0]
 [ 76  45 625   0]
 [  0   0   1 925]]
Epoch: [13/200], cls_loss: 0.1495, transfer_loss: 0.0095,person_loss: -1.9639, total_Loss: -0.0422
trian begin
trian end
n_person 615
SAMPLE
F1_MI: 0.761353517364203 F1_MA: 0.7869389579947144 ACC_MI: 0.761353517364203 F1_MA: 0.8323049768743921
BEST_F1_MI: 0.8521816562778273 BEST_F1_MA: 0.851154449676174 BEST_ACC_MI: 0.8521816562778273 BEST_F1_MA: 0.8675913587266499
[[867  25   1   0]
 [579 222   3   0]
 [164  29 553   0]
 [  0   1   2 923]]
Epoch: [14/200], cls_loss: 0.1635, transfer_loss: 0.0085,person_loss: -1.9620, total_Loss: -0.0285
trian begin
trian end
n_person 615
SAMPLE
F1_MI: 0.8168596022558623 F1_MA: 0.8315524143992662 ACC_MI: 0.8168596022558623 F1_MA: 0.857182191855752
BEST_F1_MI: 0.8521816562778273 BEST_F1_MA: 0.851154449676174 BEST_ACC_MI: 0.8521816562778273 BEST_F1_MA: 0.8675913587266499
[[852  35   6   0]
 [482 311  10   1]
 [ 59  23 663   1]
 [  0   0   0 926]]
Epoch: [15/200], cls_loss: 0.1373, transfer_loss: 0.0093,person_loss: -1.9678, total_Loss: -0.0549
trian begin
trian end
n_person 615
SAMPLE
F1_MI: 0.8480261205105373 F1_MA: 0.8584493934075034 ACC_MI: 0.8480261205105373 F1_MA: 0.8754836066337572
BEST_F1_MI: 0.8521816562778273 BEST_F1_MA: 0.8584493934075034 BEST_ACC_MI: 0.8521816562778273 BEST_F1_MA: 0.8754836066337572
[[844  41   8   0]
 [432 354  17   1]
 [  3   8 734   1]
 [  0   0   1 925]]
Epoch: [16/200], cls_loss: 0.1400, transfer_loss: 0.0089,person_loss: -1.9657, total_Loss: -0.0522
trian begin
trian end
n_person 615
SAMPLE
F1_MI: 0.7809439002671417 F1_MA: 0.8092998954934443 ACC_MI: 0.7809439002671416 F1_MA: 0.8565735989791328
BEST_F1_MI: 0.8521816562778273 BEST_F1_MA: 0.8584493934075034 BEST_ACC_MI: 0.8521816562778273 BEST_F1_MA: 0.8754836066337572
[[873  19   1   0]
 [519 272  12   1]
 [170  11 565   0]
 [  0   1   4 921]]
Epoch: [17/200], cls_loss: 0.1370, transfer_loss: 0.0093,person_loss: -1.9698, total_Loss: -0.0553
trian begin
trian end
n_person 615
SAMPLE
F1_MI: 0.8269516176907095 F1_MA: 0.8393431598808639 ACC_MI: 0.8269516176907095 F1_MA: 0.8624731364537065
BEST_F1_MI: 0.8521816562778273 BEST_F1_MA: 0.8584493934075034 BEST_ACC_MI: 0.8521816562778273 BEST_F1_MA: 0.8754836066337572
[[867  20   6   0]
 [456 334  11   3]
 [ 45  41 659   1]
 [  0   0   0 926]]
Epoch: [18/200], cls_loss: 0.1257, transfer_loss: 0.0082,person_loss: -1.9705, total_Loss: -0.0673
trian begin
trian end
n_person 615
SAMPLE
F1_MI: 0.8504007123775601 F1_MA: 0.8572038664166691 ACC_MI: 0.8504007123775601 F1_MA: 0.8701054681023259
BEST_F1_MI: 0.8521816562778273 BEST_F1_MA: 0.8584493934075034 BEST_ACC_MI: 0.8521816562778273 BEST_F1_MA: 0.8754836066337572
[[823  59   8   3]
 [366 402  17  19]
 [ 17   2 714  13]
 [  0   0   0 926]]
Epoch: [19/200], cls_loss: 0.1201, transfer_loss: 0.0078,person_loss: -1.9691, total_Loss: -0.0729
trian begin
trian end
n_person 615
SAMPLE
F1_MI: 0.8872068863164143 F1_MA: 0.8877041312739912 ACC_MI: 0.8872068863164143 F1_MA: 0.8912553337822241
BEST_F1_MI: 0.8872068863164143 BEST_F1_MA: 0.8877041312739912 BEST_ACC_MI: 0.8872068863164143 BEST_F1_MA: 0.8912553337822241
[[805  65  23   0]
 [244 528  29   3]
 [  0  15 730   1]
 [  0   0   0 926]]
Epoch: [20/200], cls_loss: 0.1162, transfer_loss: 0.0091,person_loss: -1.9710, total_Loss: -0.0763
trian begin
trian end
n_person 615
SAMPLE
F1_MI: 0.8774116948649451 F1_MA: 0.8846499963082061 ACC_MI: 0.8774116948649451 F1_MA: 0.8973313639559772
BEST_F1_MI: 0.8872068863164143 BEST_F1_MA: 0.8877041312739912 BEST_ACC_MI: 0.8872068863164143 BEST_F1_MA: 0.8973313639559772
[[855  31   7   0]
 [330 447  27   0]
 [  9   9 728   0]
 [  0   0   0 926]]
Epoch: [21/200], cls_loss: 0.1159, transfer_loss: 0.0095,person_loss: -1.9706, total_Loss: -0.0764
trian begin
trian end
n_person 615
SAMPLE
F1_MI: 0.8331849213416445 F1_MA: 0.8395484607734834 ACC_MI: 0.8331849213416445 F1_MA: 0.8489249284535193
BEST_F1_MI: 0.8872068863164143 BEST_F1_MA: 0.8877041312739912 BEST_ACC_MI: 0.8872068863164143 BEST_F1_MA: 0.8973313639559772
[[867  17   9   0]
 [381 391  32   0]
 [  3   8 735   0]
 [  4  75  33 814]]
Epoch: [22/200], cls_loss: 0.1145, transfer_loss: 0.0082,person_loss: -1.9708, total_Loss: -0.0785
trian begin
trian end
n_person 615
SAMPLE
F1_MI: 0.8729593351142773 F1_MA: 0.878415173918769 ACC_MI: 0.8729593351142773 F1_MA: 0.8881791122520752
BEST_F1_MI: 0.8872068863164143 BEST_F1_MA: 0.8877041312739912 BEST_ACC_MI: 0.8872068863164143 BEST_F1_MA: 0.8973313639559772
[[832  42  19   0]
 [320 440  44   0]
 [  0   1 745   0]
 [  1   1   0 924]]
Epoch: [23/200], cls_loss: 0.1068, transfer_loss: 0.0084,person_loss: -1.9722, total_Loss: -0.0862
trian begin
trian end
n_person 615
SAMPLE
F1_MI: 0.86702285544672 F1_MA: 0.8732619613778061 ACC_MI: 0.8670228554467201 F1_MA: 0.8855920686942045
BEST_F1_MI: 0.8872068863164143 BEST_F1_MA: 0.8877041312739912 BEST_ACC_MI: 0.8872068863164143 BEST_F1_MA: 0.8973313639559772
[[841  49   3   0]
 [328 459  16   1]
 [ 30  17 698   1]
 [  0   2   1 923]]
Epoch: [24/200], cls_loss: 0.0990, transfer_loss: 0.0077,person_loss: -1.9743, total_Loss: -0.0945
trian begin
trian end
n_person 615
SAMPLE
F1_MI: 0.622439893143366 F1_MA: 0.6962828316018697 ACC_MI: 0.622439893143366 F1_MA: 0.7610541405279038
BEST_F1_MI: 0.8872068863164143 BEST_F1_MA: 0.8877041312739912 BEST_ACC_MI: 0.8872068863164143 BEST_F1_MA: 0.8973313639559772
[[835  40  18   0]
 [254 524  26   0]
 [  3  41 702   0]
 [  2  13 875  36]]
Epoch: [25/200], cls_loss: 0.1057, transfer_loss: 0.0093,person_loss: -1.9710, total_Loss: -0.0867
trian begin
trian end
n_person 615
SAMPLE
F1_MI: 0.8711783912140101 F1_MA: 0.8811118194735419 ACC_MI: 0.8711783912140101 F1_MA: 0.8966288582481955
BEST_F1_MI: 0.8872068863164143 BEST_F1_MA: 0.8877041312739912 BEST_ACC_MI: 0.8872068863164143 BEST_F1_MA: 0.8973313639559772
[[854  21  18   0]
 [359 420  25   0]
 [  4   5 737   0]
 [  1   0   1 924]]
Epoch: [26/200], cls_loss: 0.0939, transfer_loss: 0.0080,person_loss: -1.9731, total_Loss: -0.0994
trian begin
trian end
n_person 615
SAMPLE
F1_MI: 0.8702879192638765 F1_MA: 0.878973413374232 ACC_MI: 0.8702879192638765 F1_MA: 0.8945159044293882
BEST_F1_MI: 0.8872068863164143 BEST_F1_MA: 0.8877041312739912 BEST_ACC_MI: 0.8872068863164143 BEST_F1_MA: 0.8973313639559772
[[859  27   7   0]
 [344 451   9   0]
 [ 28  21 696   1]
 [  0   0   0 926]]
Epoch: [27/200], cls_loss: 0.0977, transfer_loss: 0.0085,person_loss: -1.9742, total_Loss: -0.0955
trian begin
trian end
n_person 615
SAMPLE
F1_MI: 0.8797862867319679 F1_MA: 0.8893972047908337 ACC_MI: 0.8797862867319679 F1_MA: 0.9041398323627499
BEST_F1_MI: 0.8872068863164143 BEST_F1_MA: 0.8893972047908337 BEST_ACC_MI: 0.8872068863164143 BEST_F1_MA: 0.9041398323627499
[[858  31   4   0]
 [354 435  12   3]
 [  1   0 745   0]
 [  0   0   0 926]]
Epoch: [28/200], cls_loss: 0.0922, transfer_loss: 0.0084,person_loss: -1.9754, total_Loss: -0.1012
trian begin
trian end
n_person 615
SAMPLE
F1_MI: 0.6233303650934996 F1_MA: 0.7020751721221254 ACC_MI: 0.6233303650934996 F1_MA: 0.7716496702342933
BEST_F1_MI: 0.8872068863164143 BEST_F1_MA: 0.8893972047908337 BEST_ACC_MI: 0.8872068863164143 BEST_F1_MA: 0.9041398323627499
[[846  41   6   0]
 [289 495  20   0]
 [  3   1 742   0]
 [  0  15 894  17]]
Epoch: [29/200], cls_loss: 0.0803, transfer_loss: 0.0088,person_loss: -1.9770, total_Loss: -0.1129
trian begin
trian end
n_person 615
SAMPLE
F1_MI: 0.6254081329771446 F1_MA: 0.7012579592474935 ACC_MI: 0.6254081329771446 F1_MA: 0.7677741591074553
BEST_F1_MI: 0.8872068863164143 BEST_F1_MA: 0.8893972047908337 BEST_ACC_MI: 0.8872068863164143 BEST_F1_MA: 0.9041398323627499
[[862  31   0   0]
 [277 519   8   0]
 [  6  24 716   0]
 [  6  16 894  10]]
Epoch: [30/200], cls_loss: 0.0867, transfer_loss: 0.0082,person_loss: -1.9764, total_Loss: -0.1069
trian begin
trian end
n_person 615
SAMPLE
F1_MI: 0.5972098545562482 F1_MA: 0.6502674677950384 ACC_MI: 0.5972098545562482 F1_MA: 0.689598668005355
BEST_F1_MI: 0.8872068863164143 BEST_F1_MA: 0.8893972047908337 BEST_ACC_MI: 0.8872068863164143 BEST_F1_MA: 0.9041398323627499
[[873  19   1   0]
 [392 406   6   0]
 [ 14  16 716   0]
 [  5 568 336  17]]
Epoch: [31/200], cls_loss: 0.0786, transfer_loss: 0.0088,person_loss: -1.9784, total_Loss: -0.1148
trian begin
trian end
n_person 615
SAMPLE
F1_MI: 0.918967052537845 F1_MA: 0.9200895473236397 ACC_MI: 0.918967052537845 F1_MA: 0.9229433502455033
BEST_F1_MI: 0.918967052537845 BEST_F1_MA: 0.9200895473236397 BEST_ACC_MI: 0.918967052537845 BEST_F1_MA: 0.9229433502455033
[[820  68   5   0]
 [187 609   7   1]
 [  3   2 741   0]
 [  0   0   0 926]]
Epoch: [32/200], cls_loss: 0.0783, transfer_loss: 0.0080,person_loss: -1.9786, total_Loss: -0.1156
trian begin
trian end
n_person 615
SAMPLE
F1_MI: 0.5921638468388246 F1_MA: 0.5463341109702027 ACC_MI: 0.5921638468388246 F1_MA: 0.4951359273005115
BEST_F1_MI: 0.918967052537845 BEST_F1_MA: 0.9200895473236397 BEST_ACC_MI: 0.918967052537845 BEST_F1_MA: 0.9229433502455033
[[879  14   0   0]
 [355 444   5   0]
 [ 26  48 672   0]
 [  1 909  16   0]]
Epoch: [33/200], cls_loss: 0.0635, transfer_loss: 0.0073,person_loss: -1.9800, total_Loss: -0.1309
trian begin
trian end
n_person 615
SAMPLE
F1_MI: 0.5856337192045117 F1_MA: 0.6383905755450157 ACC_MI: 0.5856337192045117 F1_MA: 0.6806895830599218
BEST_F1_MI: 0.918967052537845 BEST_F1_MA: 0.9200895473236397 BEST_ACC_MI: 0.918967052537845 BEST_F1_MA: 0.9229433502455033
[[861  32   0   0]
 [354 448   2   0]
 [101   9 636   0]
 [ 58 364 476  28]]
Epoch: [34/200], cls_loss: 0.0682, transfer_loss: 0.0071,person_loss: -1.9811, total_Loss: -0.1264
trian begin
trian end
n_person 615
SAMPLE
F1_MI: 0.772039180765806 F1_MA: 0.7965806175076316 ACC_MI: 0.7720391807658059 F1_MA: 0.8141375211474604
BEST_F1_MI: 0.918967052537845 BEST_F1_MA: 0.9200895473236397 BEST_ACC_MI: 0.918967052537845 BEST_F1_MA: 0.9229433502455033
[[850  42   1   0]
 [266 530   8   0]
 [  3  16 727   0]
 [  0 419  13 494]]
Epoch: [35/200], cls_loss: 0.0714, transfer_loss: 0.0073,person_loss: -1.9800, total_Loss: -0.1229
trian begin
trian end
n_person 615
SAMPLE
F1_MI: 0.9073909171861086 F1_MA: 0.9103466765580551 ACC_MI: 0.9073909171861086 F1_MA: 0.9163413539007478
BEST_F1_MI: 0.918967052537845 BEST_F1_MA: 0.9200895473236397 BEST_ACC_MI: 0.918967052537845 BEST_F1_MA: 0.9229433502455033
[[842  50   1   0]
 [240 554  10   0]
 [  1   8 737   0]
 [  0   0   2 924]]
Epoch: [36/200], cls_loss: 0.0709, transfer_loss: 0.0072,person_loss: -1.9803, total_Loss: -0.1236
trian begin
trian end
n_person 615
SAMPLE
F1_MI: 0.8696942712971208 F1_MA: 0.8766720073580314 ACC_MI: 0.8696942712971208 F1_MA: 0.8848212935853675
BEST_F1_MI: 0.918967052537845 BEST_F1_MA: 0.9200895473236397 BEST_ACC_MI: 0.918967052537845 BEST_F1_MA: 0.9229433502455033
[[854  39   0   0]
 [225 574   5   0]
 [  6  40 700   0]
 [ 68  36  20 802]]
Epoch: [37/200], cls_loss: 0.0630, transfer_loss: 0.0072,person_loss: -1.9819, total_Loss: -0.1316
trian begin
trian end
n_person 615
SAMPLE
F1_MI: 0.6363906203621252 F1_MA: 0.6883342152012629 ACC_MI: 0.6363906203621252 F1_MA: 0.7234686719944244
BEST_F1_MI: 0.918967052537845 BEST_F1_MA: 0.9200895473236397 BEST_ACC_MI: 0.918967052537845 BEST_F1_MA: 0.9229433502455033
[[855  38   0   0]
 [222 575   6   1]
 [  9  38 699   0]
 [  4 658 249  15]]
Epoch: [38/200], cls_loss: 0.0656, transfer_loss: 0.0072,person_loss: -1.9818, total_Loss: -0.1290
trian begin
trian end
n_person 615
SAMPLE
F1_MI: 0.8729593351142773 F1_MA: 0.8769454471569893 ACC_MI: 0.8729593351142773 F1_MA: 0.8787030996451994
BEST_F1_MI: 0.918967052537845 BEST_F1_MA: 0.9200895473236397 BEST_ACC_MI: 0.918967052537845 BEST_F1_MA: 0.9229433502455033
[[865  27   1   0]
 [182 604  18   0]
 [  6   6 734   0]
 [  5 107  76 738]]
Epoch: [39/200], cls_loss: 0.0557, transfer_loss: 0.0083,person_loss: -1.9809, total_Loss: -0.1382
trian begin
trian end
n_person 615
SAMPLE
F1_MI: 0.9249035322054022 F1_MA: 0.9266170756283114 ACC_MI: 0.9249035322054022 F1_MA: 0.9303431313628066
BEST_F1_MI: 0.9249035322054022 BEST_F1_MA: 0.9266170756283114 BEST_ACC_MI: 0.9249035322054022 BEST_F1_MA: 0.9303431313628066
[[842  48   3   0]
 [187 607  10   0]
 [  1   2 743   0]
 [  0   2   0 924]]
Epoch: [40/200], cls_loss: 0.0512, transfer_loss: 0.0069,person_loss: -1.9830, total_Loss: -0.1437
trian begin
trian end
n_person 615
SAMPLE
F1_MI: 0.6194716533095874 F1_MA: 0.6844895816617422 ACC_MI: 0.6194716533095874 F1_MA: 0.7369253789402693
BEST_F1_MI: 0.9249035322054022 BEST_F1_MA: 0.9266170756283114 BEST_ACC_MI: 0.9249035322054022 BEST_F1_MA: 0.9303431313628066
[[878  15   0   0]
 [331 467   6   0]
 [  7   7 732   0]
 [  1 140 775  10]]
Epoch: [41/200], cls_loss: 0.0448, transfer_loss: 0.0063,person_loss: -1.9840, total_Loss: -0.1504
trian begin
trian end
n_person 615
SAMPLE
F1_MI: 0.9112496289700208 F1_MA: 0.9164985566564275 ACC_MI: 0.9112496289700208 F1_MA: 0.9248857026197309
BEST_F1_MI: 0.9249035322054022 BEST_F1_MA: 0.9266170756283114 BEST_ACC_MI: 0.9249035322054022 BEST_F1_MA: 0.9303431313628066
[[868  20   5   0]
 [246 546  12   0]
 [  1   2 743   0]
 [  2   6   5 913]]
Epoch: [42/200], cls_loss: 0.0437, transfer_loss: 0.0063,person_loss: -1.9842, total_Loss: -0.1516
trian begin
trian end
n_person 615
SAMPLE
F1_MI: 0.8967052537845058 F1_MA: 0.9035438929070612 ACC_MI: 0.8967052537845058 F1_MA: 0.9144018627887054
BEST_F1_MI: 0.9249035322054022 BEST_F1_MA: 0.9266170756283114 BEST_ACC_MI: 0.9249035322054022 BEST_F1_MA: 0.9303431313628066
[[852  32   9   0]
 [297 502   5   0]
 [  3   2 741   0]
 [  0   0   0 926]]
Epoch: [43/200], cls_loss: 0.0447, transfer_loss: 0.0056,person_loss: -1.9850, total_Loss: -0.1509
trian begin
trian end
n_person 615
SAMPLE
F1_MI: 0.9082813891362422 F1_MA: 0.912759900519345 ACC_MI: 0.9082813891362422 F1_MA: 0.9202896461227287
BEST_F1_MI: 0.9249035322054022 BEST_F1_MA: 0.9266170756283114 BEST_ACC_MI: 0.9249035322054022 BEST_F1_MA: 0.9303431313628066
[[852  36   5   0]
 [252 540  12   0]
 [  0   0 746   0]
 [  0   2   2 922]]
Epoch: [44/200], cls_loss: 0.0420, transfer_loss: 0.0062,person_loss: -1.9849, total_Loss: -0.1534
trian begin
trian end
n_person 615
SAMPLE
F1_MI: 0.6444048679133274 F1_MA: 0.7067157871784152 ACC_MI: 0.6444048679133274 F1_MA: 0.7557208870558837
BEST_F1_MI: 0.9249035322054022 BEST_F1_MA: 0.9266170756283114 BEST_ACC_MI: 0.9249035322054022 BEST_F1_MA: 0.9303431313628066
[[875  17   1   0]
 [301 497   6   0]
 [  2   0 744   0]
 [ 36 774  61  55]]
Epoch: [45/200], cls_loss: 0.0386, transfer_loss: 0.0058,person_loss: -1.9846, total_Loss: -0.1569
trian begin
trian end
n_person 615
SAMPLE
F1_MI: 0.9026417334520629 F1_MA: 0.9097738292024428 ACC_MI: 0.9026417334520629 F1_MA: 0.9208978138471617
BEST_F1_MI: 0.9249035322054022 BEST_F1_MA: 0.9266170756283114 BEST_ACC_MI: 0.9249035322054022 BEST_F1_MA: 0.9303431313628066
[[871  21   1   0]
 [282 513   9   0]
 [  5   1 740   0]
 [  0   5   4 917]]
Epoch: [46/200], cls_loss: 0.0386, transfer_loss: 0.0062,person_loss: -1.9861, total_Loss: -0.1569
trian begin
trian end
n_person 615
SAMPLE
F1_MI: 0.9192638765212229 F1_MA: 0.9238254330828648 ACC_MI: 0.9192638765212229 F1_MA: 0.9314250177032208
BEST_F1_MI: 0.9249035322054022 BEST_F1_MA: 0.9266170756283114 BEST_ACC_MI: 0.9249035322054022 BEST_F1_MA: 0.9314250177032208
[[860  30   3   0]
 [232 569   3   0]
 [  3   1 742   0]
 [  0   0   0 926]]
Epoch: [47/200], cls_loss: 0.0376, transfer_loss: 0.0051,person_loss: -1.9865, total_Loss: -0.1586
trian begin
trian end
n_person 615
SAMPLE
F1_MI: 0.9278717720391808 F1_MA: 0.9287360193761325 ACC_MI: 0.9278717720391808 F1_MA: 0.9309041494571515
BEST_F1_MI: 0.9278717720391808 BEST_F1_MA: 0.9287360193761325 BEST_ACC_MI: 0.9278717720391808 BEST_F1_MA: 0.9314250177032208
[[817  76   0   0]
 [156 646   2   0]
 [  8   1 737   0]
 [  0   0   0 926]]
Epoch: [48/200], cls_loss: 0.0296, transfer_loss: 0.0046,person_loss: -1.9871, total_Loss: -0.1668
trian begin
trian end
n_person 615
SAMPLE
F1_MI: 0.9349955476402493 F1_MA: 0.9358775016387838 ACC_MI: 0.9349955476402493 F1_MA: 0.9381746133703321
BEST_F1_MI: 0.9349955476402493 BEST_F1_MA: 0.9358775016387838 BEST_ACC_MI: 0.9349955476402493 BEST_F1_MA: 0.9381746133703321
[[842  46   5   0]
 [149 645  10   0]
 [  2   2 742   0]
 [  1   3   1 921]]
Epoch: [49/200], cls_loss: 0.0357, transfer_loss: 0.0058,person_loss: -1.9850, total_Loss: -0.1599
trian begin
trian end
n_person 615
SAMPLE
F1_MI: 0.9142178688037993 F1_MA: 0.91810985325457 ACC_MI: 0.9142178688037993 F1_MA: 0.9242021884302718
BEST_F1_MI: 0.9349955476402493 BEST_F1_MA: 0.9358775016387838 BEST_ACC_MI: 0.9349955476402493 BEST_F1_MA: 0.9381746133703321
[[878  15   0   0]
 [218 584   2   0]
 [  3   8 735   0]
 [  3  37   3 883]]
Epoch: [50/200], cls_loss: 0.0328, transfer_loss: 0.0063,person_loss: -1.9851, total_Loss: -0.1626
trian begin
trian end
n_person 615
SAMPLE
F1_MI: 0.7462154942119325 F1_MA: 0.7752912383826865 ACC_MI: 0.7462154942119323 F1_MA: 0.7947261896220545
BEST_F1_MI: 0.9349955476402493 BEST_F1_MA: 0.9358775016387838 BEST_ACC_MI: 0.9349955476402493 BEST_F1_MA: 0.9381746133703321
[[868  25   0   0]
 [264 538   2   0]
 [ 14   5 727   0]
 [134 339  72 381]]
Epoch: [51/200], cls_loss: 0.0295, transfer_loss: 0.0052,person_loss: -1.9871, total_Loss: -0.1666
trian begin
trian end
n_person 615
SAMPLE
F1_MI: 0.9394479073909172 F1_MA: 0.9393359352714589 ACC_MI: 0.9394479073909172 F1_MA: 0.9392709899040124
BEST_F1_MI: 0.9394479073909172 BEST_F1_MA: 0.9393359352714589 BEST_ACC_MI: 0.9394479073909172 BEST_F1_MA: 0.9392709899040124
[[800  90   3   0]
 [103 695   6   0]
 [  0   2 744   0]
 [  0   0   0 926]]
Epoch: [52/200], cls_loss: 0.0326, transfer_loss: 0.0053,person_loss: -1.9873, total_Loss: -0.1635
trian begin
trian end
n_person 615
SAMPLE
F1_MI: 0.7877708518848323 F1_MA: 0.8156160204509587 ACC_MI: 0.7877708518848323 F1_MA: 0.832278951985794
BEST_F1_MI: 0.9394479073909172 BEST_F1_MA: 0.9393359352714589 BEST_ACC_MI: 0.9394479073909172 BEST_F1_MA: 0.9392709899040124
[[841  49   3   0]
 [154 645   5   0]
 [  0   5 741   0]
 [101 377  21 427]]
Epoch: [53/200], cls_loss: 0.0273, transfer_loss: 0.0042,person_loss: -1.9883, total_Loss: -0.1694
trian begin
trian end
n_person 615
SAMPLE
F1_MI: 0.9367764915405165 F1_MA: 0.9365233234514795 ACC_MI: 0.9367764915405165 F1_MA: 0.9367132755611876
BEST_F1_MI: 0.9394479073909172 BEST_F1_MA: 0.9393359352714589 BEST_ACC_MI: 0.9394479073909172 BEST_F1_MA: 0.9392709899040124
[[810  75   8   0]
 [117 677  10   0]
 [  0   2 744   0]
 [  0   1   0 925]]
Epoch: [54/200], cls_loss: 0.0238, transfer_loss: 0.0038,person_loss: -1.9888, total_Loss: -0.1732
trian begin
trian end
n_person 615
SAMPLE
F1_MI: 0.9358860195903829 F1_MA: 0.9354598380367823 ACC_MI: 0.9358860195903829 F1_MA: 0.9351763209909569
BEST_F1_MI: 0.9394479073909172 BEST_F1_MA: 0.9393359352714589 BEST_ACC_MI: 0.9394479073909172 BEST_F1_MA: 0.9392709899040124
[[799  86   8   0]
 [100 693  11   0]
 [  0   7 739   0]
 [  1   1   2 922]]
Epoch: [55/200], cls_loss: 0.0202, transfer_loss: 0.0033,person_loss: -1.9904, total_Loss: -0.1772
trian begin
trian end
n_person 615
SAMPLE
F1_MI: 0.7652122291481152 F1_MA: 0.7880068913920533 ACC_MI: 0.7652122291481152 F1_MA: 0.7994552517210579
BEST_F1_MI: 0.9394479073909172 BEST_F1_MA: 0.9393359352714589 BEST_ACC_MI: 0.9394479073909172 BEST_F1_MA: 0.9392709899040124
[[871  20   2   0]
 [210 587   7   0]
 [  5   2 739   0]
 [ 64 294 187 381]]
Epoch: [56/200], cls_loss: 0.0243, transfer_loss: 0.0039,person_loss: -1.9902, total_Loss: -0.1727
trian begin
trian end
n_person 615
SAMPLE
F1_MI: 0.9415256752745622 F1_MA: 0.9414054716919529 ACC_MI: 0.9415256752745622 F1_MA: 0.9413591091936717
BEST_F1_MI: 0.9415256752745622 BEST_F1_MA: 0.9414054716919529 BEST_ACC_MI: 0.9415256752745622 BEST_F1_MA: 0.9413591091936717
[[801  91   1   0]
 [ 83 713   8   0]
 [  1  10 735   0]
 [  0   2   1 923]]
Epoch: [57/200], cls_loss: 0.0235, transfer_loss: 0.0040,person_loss: -1.9900, total_Loss: -0.1735
trian begin
trian end
n_person 615
SAMPLE
F1_MI: 0.696942712971208 F1_MA: 0.7451708812090115 ACC_MI: 0.696942712971208 F1_MA: 0.7751338090499414
BEST_F1_MI: 0.9415256752745622 BEST_F1_MA: 0.9414054716919529 BEST_ACC_MI: 0.9415256752745622 BEST_F1_MA: 0.9413591091936717
[[857  26  10   0]
 [148 644  12   0]
 [  0   0 746   0]
 [ 37 576 212 101]]
Epoch: [58/200], cls_loss: 0.0179, transfer_loss: 0.0027,person_loss: -1.9913, total_Loss: -0.1799
trian begin
trian end
n_person 615
SAMPLE
F1_MI: 0.9492430988423864 F1_MA: 0.9495823529431668 ACC_MI: 0.9492430988423864 F1_MA: 0.950821057725682
BEST_F1_MI: 0.9492430988423864 BEST_F1_MA: 0.9495823529431668 BEST_ACC_MI: 0.9492430988423864 BEST_F1_MA: 0.950821057725682
[[844  46   3   0]
 [114 682   8   0]
 [  0   0 746   0]
 [  0   0   0 926]]
Epoch: [59/200], cls_loss: 0.0200, transfer_loss: 0.0035,person_loss: -1.9915, total_Loss: -0.1774
trian begin
trian end
n_person 615
SAMPLE
F1_MI: 0.9453843870584743 F1_MA: 0.9450546499379185 ACC_MI: 0.9453843870584743 F1_MA: 0.9445887067742755
BEST_F1_MI: 0.9492430988423864 BEST_F1_MA: 0.9495823529431668 BEST_ACC_MI: 0.9492430988423864 BEST_F1_MA: 0.950821057725682
[[814  70   9   0]
 [ 85 706  13   0]
 [  0   0 746   0]
 [  0   6   1 919]]
Epoch: [60/200], cls_loss: 0.0214, transfer_loss: 0.0032,person_loss: -1.9916, total_Loss: -0.1762
trian begin
trian end
n_person 615
SAMPLE
F1_MI: 0.9474621549421193 F1_MA: 0.9472121120130796 ACC_MI: 0.9474621549421193 F1_MA: 0.947044371705511
BEST_F1_MI: 0.9492430988423864 BEST_F1_MA: 0.9495823529431668 BEST_ACC_MI: 0.9492430988423864 BEST_F1_MA: 0.950821057725682
[[815  72   6   0]
 [ 90 705   9   0]
 [  0   0 746   0]
 [  0   0   0 926]]
Epoch: [61/200], cls_loss: 0.0122, transfer_loss: 0.0029,person_loss: -1.9929, total_Loss: -0.1856
trian begin
trian end
n_person 615
SAMPLE
F1_MI: 0.7536360937963787 F1_MA: 0.7974088158647414 ACC_MI: 0.7536360937963787 F1_MA: 0.8264979828104467
BEST_F1_MI: 0.9492430988423864 BEST_F1_MA: 0.9495823529431668 BEST_ACC_MI: 0.9492430988423864 BEST_F1_MA: 0.950821057725682
[[842  45   6   0]
 [110 684  10   0]
 [  0   3 743   0]
 [ 11 592  53 270]]
Epoch: [62/200], cls_loss: 0.0199, transfer_loss: 0.0035,person_loss: -1.9923, total_Loss: -0.1776
trian begin
trian end
n_person 615
SAMPLE
F1_MI: 0.948055802908875 F1_MA: 0.9480654102843751 ACC_MI: 0.948055802908875 F1_MA: 0.9488741573181746
BEST_F1_MI: 0.9492430988423864 BEST_F1_MA: 0.9495823529431668 BEST_ACC_MI: 0.9492430988423864 BEST_F1_MA: 0.950821057725682
[[839  45   9   0]
 [108 683  13   0]
 [  0   0 746   0]
 [  0   0   0 926]]
Epoch: [63/200], cls_loss: 0.0219, transfer_loss: 0.0035,person_loss: -1.9914, total_Loss: -0.1755
trian begin
trian end
n_person 615
SAMPLE
F1_MI: 0.9406352033244286 F1_MA: 0.9415924642909551 ACC_MI: 0.9406352033244286 F1_MA: 0.9441312057372857
BEST_F1_MI: 0.9492430988423864 BEST_F1_MA: 0.9495823529431668 BEST_ACC_MI: 0.9492430988423864 BEST_F1_MA: 0.950821057725682
[[853  36   4   0]
 [144 646  14   0]
 [  0   1 745   0]
 [  0   0   1 925]]
Epoch: [64/200], cls_loss: 0.0151, transfer_loss: 0.0041,person_loss: -1.9918, total_Loss: -0.1820
trian begin
trian end
n_person 615
SAMPLE
F1_MI: 0.9545859305431879 F1_MA: 0.9542163179288794 ACC_MI: 0.9545859305431879 F1_MA: 0.9538382578828688
BEST_F1_MI: 0.9545859305431879 BEST_F1_MA: 0.9542163179288794 BEST_ACC_MI: 0.9545859305431879 BEST_F1_MA: 0.9538382578828688
[[823  57  13   0]
 [ 73 721  10   0]
 [  0   0 746   0]
 [  0   0   0 926]]
Epoch: [65/200], cls_loss: 0.0201, transfer_loss: 0.0035,person_loss: -1.9919, total_Loss: -0.1774
trian begin
trian end
n_person 615
SAMPLE
F1_MI: 0.7560106856634016 F1_MA: 0.7955046463551981 ACC_MI: 0.7560106856634016 F1_MA: 0.8184338055505997
BEST_F1_MI: 0.9545859305431879 BEST_F1_MA: 0.9542163179288794 BEST_ACC_MI: 0.9545859305431879 BEST_F1_MA: 0.9538382578828688
[[824  63   6   0]
 [ 74 717  13   0]
 [  0   0 746   0]
 [452  97 117 260]]
Epoch: [66/200], cls_loss: 0.0185, transfer_loss: 0.0034,person_loss: -1.9909, total_Loss: -0.1789
trian begin
trian end
n_person 615
SAMPLE
F1_MI: 0.9441970911249629 F1_MA: 0.943841554598355 ACC_MI: 0.9441970911249629 F1_MA: 0.9438844002572536
BEST_F1_MI: 0.9545859305431879 BEST_F1_MA: 0.9542163179288794 BEST_ACC_MI: 0.9545859305431879 BEST_F1_MA: 0.9538382578828688
[[825  54  14   0]
 [ 98 694  12   0]
 [  0   4 742   0]
 [  0   6   0 920]]
Epoch: [67/200], cls_loss: 0.0127, transfer_loss: 0.0025,person_loss: -1.9927, total_Loss: -0.1854
trian begin
trian end
n_person 615
SAMPLE
F1_MI: 0.9483526268922529 F1_MA: 0.9481721956281779 ACC_MI: 0.9483526268922529 F1_MA: 0.9477473758954745
BEST_F1_MI: 0.9545859305431879 BEST_F1_MA: 0.9542163179288794 BEST_ACC_MI: 0.9545859305431879 BEST_F1_MA: 0.9538382578828688
[[823  57  13   0]
 [ 79 713  12   0]
 [  0   0 746   0]
 [  3   9   1 913]]
Epoch: [68/200], cls_loss: 0.0116, transfer_loss: 0.0029,person_loss: -1.9937, total_Loss: -0.1863
trian begin
trian end
n_person 615
SAMPLE
F1_MI: 0.8788958147818343 F1_MA: 0.88833291148518 ACC_MI: 0.8788958147818343 F1_MA: 0.8940644623940872
BEST_F1_MI: 0.9545859305431879 BEST_F1_MA: 0.9542163179288794 BEST_ACC_MI: 0.9545859305431879 BEST_F1_MA: 0.9538382578828688
[[857  25  11   0]
 [149 644  11   0]
 [  0   4 742   0]
 [118  79  11 718]]
Epoch: [69/200], cls_loss: 0.0189, transfer_loss: 0.0027,person_loss: -1.9924, total_Loss: -0.1790
trian begin
trian end
n_person 615
SAMPLE
F1_MI: 0.9436034431582072 F1_MA: 0.9433965401939679 ACC_MI: 0.9436034431582072 F1_MA: 0.943717794934584
BEST_F1_MI: 0.9545859305431879 BEST_F1_MA: 0.9542163179288794 BEST_ACC_MI: 0.9545859305431879 BEST_F1_MA: 0.9538382578828688
[[824  57  12   0]
 [108 685  11   0]
 [  0   1 745   0]
 [  0   1   0 925]]
Epoch: [70/200], cls_loss: 0.0142, transfer_loss: 0.0027,person_loss: -1.9938, total_Loss: -0.1839
trian begin
trian end
n_person 615
SAMPLE
F1_MI: 0.9471653309587414 F1_MA: 0.9468630669641619 ACC_MI: 0.9471653309587414 F1_MA: 0.9465444582011683
BEST_F1_MI: 0.9545859305431879 BEST_F1_MA: 0.9542163179288794 BEST_ACC_MI: 0.9545859305431879 BEST_F1_MA: 0.9538382578828688
[[814  71   8   0]
 [ 87 707  10   0]
 [  0   0 746   0]
 [  0   1   1 924]]
Epoch: [71/200], cls_loss: 0.0121, transfer_loss: 0.0023,person_loss: -1.9931, total_Loss: -0.1861
trian begin
trian end
n_person 615
SAMPLE
F1_MI: 0.95013357079252 F1_MA: 0.9497137535376174 ACC_MI: 0.95013357079252 F1_MA: 0.9489613943805192
BEST_F1_MI: 0.9545859305431879 BEST_F1_MA: 0.9542163179288794 BEST_ACC_MI: 0.9545859305431879 BEST_F1_MA: 0.9538382578828688
[[807  72  14   0]
 [ 69 723  12   0]
 [  0   0 746   0]
 [  0   1   0 925]]
Epoch: [72/200], cls_loss: 0.0150, transfer_loss: 0.0022,person_loss: -1.9937, total_Loss: -0.1833
trian begin
trian end
n_person 615
SAMPLE
F1_MI: 0.9412288512911843 F1_MA: 0.9413439323801468 ACC_MI: 0.9412288512911843 F1_MA: 0.9403398909135547
BEST_F1_MI: 0.9545859305431879 BEST_F1_MA: 0.9542163179288794 BEST_ACC_MI: 0.9545859305431879 BEST_F1_MA: 0.9538382578828688
[[797  82  14   0]
 [ 65 725  14   0]
 [  0   0 746   0]
 [  0  20   3 903]]
Epoch: [73/200], cls_loss: 0.0079, transfer_loss: 0.0019,person_loss: -1.9944, total_Loss: -0.1906
trian begin
trian end
n_person 615
SAMPLE
F1_MI: 0.92935589195607 F1_MA: 0.9304241324061835 ACC_MI: 0.92935589195607 F1_MA: 0.9307882675632901
BEST_F1_MI: 0.9545859305431879 BEST_F1_MA: 0.9542163179288794 BEST_ACC_MI: 0.9545859305431879 BEST_F1_MA: 0.9538382578828688
[[857  19  17   0]
 [116 674  14   0]
 [  0   0 746   0]
 [  6  55  11 854]]
Epoch: [74/200], cls_loss: 0.0181, transfer_loss: 0.0048,person_loss: -1.9894, total_Loss: -0.1784
trian begin
trian end
n_person 615
SAMPLE
F1_MI: 0.9465716829919858 F1_MA: 0.9480544158015491 ACC_MI: 0.9465716829919858 F1_MA: 0.9512367019272198
BEST_F1_MI: 0.9545859305431879 BEST_F1_MA: 0.9542163179288794 BEST_ACC_MI: 0.9545859305431879 BEST_F1_MA: 0.9538382578828688
[[867  19   7   0]
 [139 653  12   0]
 [  1   0 745   0]
 [  0   2   0 924]]
Epoch: [75/200], cls_loss: 0.0142, transfer_loss: 0.0026,person_loss: -1.9940, total_Loss: -0.1839
trian begin
trian end
n_person 615
SAMPLE
F1_MI: 0.9302463639062036 F1_MA: 0.9326393064677307 ACC_MI: 0.9302463639062036 F1_MA: 0.9371689235134614
BEST_F1_MI: 0.9545859305431879 BEST_F1_MA: 0.9542163179288794 BEST_ACC_MI: 0.9545859305431879 BEST_F1_MA: 0.9538382578828688
[[854  26  13   0]
 [182 610  12   0]
 [  1   0 745   0]
 [  0   1   0 925]]
Epoch: [76/200], cls_loss: 0.0183, transfer_loss: 0.0023,person_loss: -1.9937, total_Loss: -0.1800
trian begin
trian end
n_person 615
SAMPLE
F1_MI: 0.9320273078064708 F1_MA: 0.9345988229166636 ACC_MI: 0.9320273078064708 F1_MA: 0.9394770280982646
BEST_F1_MI: 0.9545859305431879 BEST_F1_MA: 0.9542163179288794 BEST_ACC_MI: 0.9545859305431879 BEST_F1_MA: 0.9538382578828688
[[862  14  17   0]
 [177 608  19   0]
 [  0   1 745   0]
 [  0   1   0 925]]
Epoch: [77/200], cls_loss: 0.0127, transfer_loss: 0.0026,person_loss: -1.9941, total_Loss: -0.1854
trian begin
trian end
n_person 615
SAMPLE
F1_MI: 0.94597803502523 F1_MA: 0.9462667041699075 ACC_MI: 0.94597803502523 F1_MA: 0.9463040296581127
BEST_F1_MI: 0.9545859305431879 BEST_F1_MA: 0.9542163179288794 BEST_ACC_MI: 0.9545859305431879 BEST_F1_MA: 0.9538382578828688
[[837  54   2   0]
 [ 81 722   1   0]
 [  4   7 735   0]
 [  5   7  21 893]]
Epoch: [78/200], cls_loss: 0.0096, transfer_loss: 0.0024,person_loss: -1.9934, total_Loss: -0.1885
trian begin
trian end
n_person 615
SAMPLE
F1_MI: 0.9525081626595429 F1_MA: 0.9521716654706125 ACC_MI: 0.9525081626595429 F1_MA: 0.9519563575524383
BEST_F1_MI: 0.9545859305431879 BEST_F1_MA: 0.9542163179288794 BEST_ACC_MI: 0.9545859305431879 BEST_F1_MA: 0.9538382578828688
[[824  57  12   0]
 [ 81 713  10   0]
 [  0   0 746   0]
 [  0   0   0 926]]
Epoch: [79/200], cls_loss: 0.0171, transfer_loss: 0.0029,person_loss: -1.9936, total_Loss: -0.1808
trian begin
trian end
n_person 615
SAMPLE
F1_MI: 0.9456812110418522 F1_MA: 0.9452401667181713 ACC_MI: 0.9456812110418522 F1_MA: 0.9446490753424056
BEST_F1_MI: 0.9545859305431879 BEST_F1_MA: 0.9542163179288794 BEST_ACC_MI: 0.9545859305431879 BEST_F1_MA: 0.9538382578828688
[[814  65  14   0]
 [ 82 707  15   0]
 [  0   0 746   0]
 [  1   3   3 919]]
Epoch: [80/200], cls_loss: 0.0118, transfer_loss: 0.0026,person_loss: -1.9941, total_Loss: -0.1863
trian begin
trian end
n_person 615
SAMPLE
F1_MI: 0.9275749480558029 F1_MA: 0.9286456063076426 ACC_MI: 0.9275749480558029 F1_MA: 0.9280600141248017
BEST_F1_MI: 0.9545859305431879 BEST_F1_MA: 0.9542163179288794 BEST_ACC_MI: 0.9545859305431879 BEST_F1_MA: 0.9538382578828688
[[846  33  14   0]
 [ 92 696  16   0]
 [  0   0 746   0]
 [  5  67  17 837]]
Epoch: [81/200], cls_loss: 0.0118, transfer_loss: 0.0026,person_loss: -1.9944, total_Loss: -0.1864
trian begin
trian end
n_person 615
SAMPLE
F1_MI: 0.9519145146927872 F1_MA: 0.9517488215165106 ACC_MI: 0.9519145146927872 F1_MA: 0.9515156466200041
BEST_F1_MI: 0.9545859305431879 BEST_F1_MA: 0.9542163179288794 BEST_ACC_MI: 0.9545859305431879 BEST_F1_MA: 0.9538382578828688
[[817  65  11   0]
 [ 82 718   4   0]
 [  0   0 746   0]
 [  0   0   0 926]]
Epoch: [82/200], cls_loss: 0.0121, transfer_loss: 0.0018,person_loss: -1.9946, total_Loss: -0.1865
trian begin
trian end
n_person 615
SAMPLE
F1_MI: 0.9528049866429209 F1_MA: 0.9535463645754089 ACC_MI: 0.9528049866429208 F1_MA: 0.9554559934927516
BEST_F1_MI: 0.9545859305431879 BEST_F1_MA: 0.9542163179288794 BEST_ACC_MI: 0.9545859305431879 BEST_F1_MA: 0.9554559934927516
[[858  22  13   0]
 [115 680   9   0]
 [  0   0 746   0]
 [  0   0   0 926]]
Epoch: [83/200], cls_loss: 0.0076, transfer_loss: 0.0016,person_loss: -1.9957, total_Loss: -0.1911
trian begin
trian end
n_person 615
SAMPLE
F1_MI: 0.9450875630750964 F1_MA: 0.9456772040766551 ACC_MI: 0.9450875630750964 F1_MA: 0.9458161494677584
BEST_F1_MI: 0.9545859305431879 BEST_F1_MA: 0.9542163179288794 BEST_ACC_MI: 0.9545859305431879 BEST_F1_MA: 0.9554559934927516
[[837  49   7   0]
 [ 93 709   2   0]
 [  1   0 745   0]
 [  1  30   2 893]]
Epoch: [84/200], cls_loss: 0.0121, transfer_loss: 0.0021,person_loss: -1.9948, total_Loss: -0.1863
trian begin
trian end
n_person 615
SAMPLE
F1_MI: 0.94182249925794 F1_MA: 0.9414591748220315 ACC_MI: 0.94182249925794 F1_MA: 0.9405494476976881
BEST_F1_MI: 0.9545859305431879 BEST_F1_MA: 0.9542163179288794 BEST_ACC_MI: 0.9545859305431879 BEST_F1_MA: 0.9554559934927516
[[786  93  14   0]
 [ 78 715  11   0]
 [  0   0 746   0]
 [  0   0   0 926]]
Epoch: [85/200], cls_loss: 0.0075, transfer_loss: 0.0017,person_loss: -1.9950, total_Loss: -0.1912
trian begin
trian end
n_person 615
SAMPLE
F1_MI: 0.9450875630750964 F1_MA: 0.9452065539816595 ACC_MI: 0.9450875630750964 F1_MA: 0.9443447104122642
BEST_F1_MI: 0.9545859305431879 BEST_F1_MA: 0.9542163179288794 BEST_ACC_MI: 0.9545859305431879 BEST_F1_MA: 0.9554559934927516
[[777 102  14   0]
 [ 65 735   4   0]
 [  0   0 746   0]
 [  0   0   0 926]]
Epoch: [86/200], cls_loss: 0.0158, transfer_loss: 0.0021,person_loss: -1.9937, total_Loss: -0.1825
trian begin
trian end
n_person 615
SAMPLE
F1_MI: 0.94597803502523 F1_MA: 0.9459339967536482 ACC_MI: 0.94597803502523 F1_MA: 0.9454256730064118
BEST_F1_MI: 0.9545859305431879 BEST_F1_MA: 0.9542163179288794 BEST_ACC_MI: 0.9545859305431879 BEST_F1_MA: 0.9554559934927516
[[803  79  11   0]
 [ 81 718   5   0]
 [  0   0 746   0]
 [  2   4   0 920]]
Epoch: [87/200], cls_loss: 0.0062, transfer_loss: 0.0014,person_loss: -1.9957, total_Loss: -0.1927
trian begin
trian end
n_person 615
SAMPLE
F1_MI: 0.9427129712080735 F1_MA: 0.9426568980482705 ACC_MI: 0.9427129712080736 F1_MA: 0.9417640707373273
BEST_F1_MI: 0.9545859305431879 BEST_F1_MA: 0.9542163179288794 BEST_ACC_MI: 0.9545859305431879 BEST_F1_MA: 0.9554559934927516
[[778 101  14   0]
 [ 72 726   6   0]
 [  0   0 746   0]
 [  0   0   0 926]]
Epoch: [88/200], cls_loss: 0.0147, transfer_loss: 0.0018,person_loss: -1.9930, total_Loss: -0.1836
trian begin
trian end
n_person 615
SAMPLE
F1_MI: 0.9516176907094093 F1_MA: 0.9512278680390162 ACC_MI: 0.9516176907094093 F1_MA: 0.951094508696994
BEST_F1_MI: 0.9545859305431879 BEST_F1_MA: 0.9542163179288794 BEST_ACC_MI: 0.9545859305431879 BEST_F1_MA: 0.9554559934927516
[[827  53  13   0]
 [ 84 707  13   0]
 [  0   0 746   0]
 [  0   0   0 926]]
Epoch: [89/200], cls_loss: 0.0115, transfer_loss: 0.0019,person_loss: -1.9950, total_Loss: -0.1870
trian begin
trian end
n_person 615
SAMPLE
F1_MI: 0.9433066191748293 F1_MA: 0.9455195310340935 ACC_MI: 0.9433066191748293 F1_MA: 0.9496390092538333
BEST_F1_MI: 0.9545859305431879 BEST_F1_MA: 0.9542163179288794 BEST_ACC_MI: 0.9545859305431879 BEST_F1_MA: 0.9554559934927516
[[864  29   0   0]
 [158 645   1   0]
 [  3   0 743   0]
 [  0   0   0 926]]
Epoch: [90/200], cls_loss: 0.0094, transfer_loss: 0.0016,person_loss: -1.9955, total_Loss: -0.1893
trian begin
trian end
n_person 615
SAMPLE
F1_MI: 0.9489462748590086 F1_MA: 0.9490860629019725 ACC_MI: 0.9489462748590086 F1_MA: 0.9492238983149677
BEST_F1_MI: 0.9545859305431879 BEST_F1_MA: 0.9542163179288794 BEST_ACC_MI: 0.9545859305431879 BEST_F1_MA: 0.9554559934927516
[[813  80   0   0]
 [ 88 714   2   0]
 [  2   0 744   0]
 [  0   0   0 926]]
Epoch: [91/200], cls_loss: 0.0112, transfer_loss: 0.0017,person_loss: -1.9949, total_Loss: -0.1874
trian begin
trian end
n_person 615
SAMPLE
F1_MI: 0.9323241317898486 F1_MA: 0.9327778959313866 ACC_MI: 0.9323241317898486 F1_MA: 0.93279828594584
BEST_F1_MI: 0.9545859305431879 BEST_F1_MA: 0.9542163179288794 BEST_ACC_MI: 0.9545859305431879 BEST_F1_MA: 0.9554559934927516
[[828  51  14   0]
 [111 681  12   0]
 [  0   0 746   0]
 [  7  22  11 886]]
Epoch: [92/200], cls_loss: 0.0106, transfer_loss: 0.0017,person_loss: -1.9960, total_Loss: -0.1881
trian begin
trian end
n_person 615
SAMPLE
F1_MI: 0.713861680023746 F1_MA: 0.7584138339993474 ACC_MI: 0.713861680023746 F1_MA: 0.7849589607174834
BEST_F1_MI: 0.9545859305431879 BEST_F1_MA: 0.9542163179288794 BEST_ACC_MI: 0.9545859305431879 BEST_F1_MA: 0.9554559934927516
[[843  50   0   0]
 [132 668   4   0]
 [  1   0 745   0]
 [ 69 165 543 149]]
Epoch: [93/200], cls_loss: 0.0061, transfer_loss: 0.0017,person_loss: -1.9959, total_Loss: -0.1927
trian begin
trian end
n_person 615
SAMPLE
F1_MI: 0.9483526268922529 F1_MA: 0.9478638638005142 ACC_MI: 0.9483526268922529 F1_MA: 0.9470963475406713
BEST_F1_MI: 0.9545859305431879 BEST_F1_MA: 0.9542163179288794 BEST_ACC_MI: 0.9545859305431879 BEST_F1_MA: 0.9554559934927516
[[806  73  14   0]
 [ 72 718  14   0]
 [  0   0 746   0]
 [  0   1   0 925]]
Epoch: [94/200], cls_loss: 0.0155, transfer_loss: 0.0025,person_loss: -1.9938, total_Loss: -0.1826
trian begin
trian end
n_person 615
SAMPLE
F1_MI: 0.9278717720391808 F1_MA: 0.9269256268980233 ACC_MI: 0.9278717720391808 F1_MA: 0.9254025435346117
BEST_F1_MI: 0.9545859305431879 BEST_F1_MA: 0.9542163179288794 BEST_ACC_MI: 0.9545859305431879 BEST_F1_MA: 0.9554559934927516
[[782  97  14   0]
 [ 70 686  48   0]
 [  0   0 746   0]
 [  1   8   5 912]]
Epoch: [95/200], cls_loss: 0.0069, transfer_loss: 0.0016,person_loss: -1.9953, total_Loss: -0.1918
trian begin
trian end
n_person 615
SAMPLE
F1_MI: 0.9382606114574058 F1_MA: 0.9373342197715623 ACC_MI: 0.9382606114574058 F1_MA: 0.9359611966824645
BEST_F1_MI: 0.9545859305431879 BEST_F1_MA: 0.9542163179288794 BEST_ACC_MI: 0.9545859305431879 BEST_F1_MA: 0.9554559934927516
[[785  94  14   0]
 [ 59 705  40   0]
 [  0   0 746   0]
 [  0   1   0 925]]
Epoch: [96/200], cls_loss: 0.0056, transfer_loss: 0.0017,person_loss: -1.9946, total_Loss: -0.1931
trian begin
trian end
n_person 615
SAMPLE
F1_MI: 0.9436034431582072 F1_MA: 0.943209696911498 ACC_MI: 0.9436034431582072 F1_MA: 0.9421235856685873
BEST_F1_MI: 0.9545859305431879 BEST_F1_MA: 0.9542163179288794 BEST_ACC_MI: 0.9545859305431879 BEST_F1_MA: 0.9554559934927516
[[784  95  14   0]
 [ 64 723  17   0]
 [  0   0 746   0]
 [  0   0   0 926]]
Epoch: [97/200], cls_loss: 0.0106, transfer_loss: 0.0016,person_loss: -1.9946, total_Loss: -0.1880
trian begin
trian end
n_person 615
SAMPLE
F1_MI: 0.9462748590086079 F1_MA: 0.9456459185063396 ACC_MI: 0.9462748590086079 F1_MA: 0.9446321133013079
BEST_F1_MI: 0.9545859305431879 BEST_F1_MA: 0.9542163179288794 BEST_ACC_MI: 0.9545859305431879 BEST_F1_MA: 0.9554559934927516
[[802  77  14   0]
 [ 65 717  22   0]
 [  0   0 746   0]
 [  0   2   1 923]]
Epoch: [98/200], cls_loss: 0.0152, transfer_loss: 0.0022,person_loss: -1.9943, total_Loss: -0.1831
trian begin
trian end
n_person 615
SAMPLE
F1_MI: 0.9412288512911843 F1_MA: 0.9401583375578618 ACC_MI: 0.9412288512911843 F1_MA: 0.9389121055954924
BEST_F1_MI: 0.9545859305431879 BEST_F1_MA: 0.9542163179288794 BEST_ACC_MI: 0.9545859305431879 BEST_F1_MA: 0.9554559934927516
[[797  82  14   0]
 [ 61 702  41   0]
 [  0   0 746   0]
 [  0   0   0 926]]
Epoch: [99/200], cls_loss: 0.0155, transfer_loss: 0.0022,person_loss: -1.9946, total_Loss: -0.1828
trian begin
trian end
n_person 615
SAMPLE
F1_MI: 0.9441970911249629 F1_MA: 0.944383042826234 ACC_MI: 0.9441970911249629 F1_MA: 0.9444210647814442
BEST_F1_MI: 0.9545859305431879 BEST_F1_MA: 0.9542163179288794 BEST_ACC_MI: 0.9545859305431879 BEST_F1_MA: 0.9554559934927516
[[801  91   1   0]
 [ 93 710   1   0]
 [  2   0 744   0]
 [  0   0   0 926]]
Epoch: [100/200], cls_loss: 0.0049, transfer_loss: 0.0018,person_loss: -1.9949, total_Loss: -0.1937
trian begin
trian end
n_person 615
SAMPLE
F1_MI: 0.9403383793410508 F1_MA: 0.9407280699961914 ACC_MI: 0.9403383793410508 F1_MA: 0.9411692336037699
BEST_F1_MI: 0.9545859305431879 BEST_F1_MA: 0.9542163179288794 BEST_ACC_MI: 0.9545859305431879 BEST_F1_MA: 0.9554559934927516
[[794  99   0   0]
 [ 85 719   0   0]
 [ 15   0 731   0]
 [  0   1   1 924]]
Epoch: [101/200], cls_loss: 0.0096, transfer_loss: 0.0017,person_loss: -1.9944, total_Loss: -0.1890
trian begin
trian end
n_person 615
SAMPLE
F1_MI: 0.9412288512911843 F1_MA: 0.9413651249444284 ACC_MI: 0.9412288512911843 F1_MA: 0.9408476358239888
BEST_F1_MI: 0.9545859305431879 BEST_F1_MA: 0.9542163179288794 BEST_ACC_MI: 0.9545859305431879 BEST_F1_MA: 0.9554559934927516
[[792  92   9   0]
 [ 82 718   4   0]
 [  0   2 744   0]
 [  2   6   1 917]]
Epoch: [102/200], cls_loss: 0.0098, transfer_loss: 0.0018,person_loss: -1.9948, total_Loss: -0.1887
trian begin
trian end
n_person 615
SAMPLE
F1_MI: 0.9474621549421193 F1_MA: 0.9479629629397556 ACC_MI: 0.9474621549421193 F1_MA: 0.94781284606866
BEST_F1_MI: 0.9545859305431879 BEST_F1_MA: 0.9542163179288794 BEST_ACC_MI: 0.9545859305431879 BEST_F1_MA: 0.9554559934927516
[[789 104   0   0]
 [ 70 734   0   0]
 [  1   2 743   0]
 [  0   0   0 926]]
Epoch: [103/200], cls_loss: 0.0061, transfer_loss: 0.0015,person_loss: -1.9949, total_Loss: -0.1926
trian begin
trian end
n_person 615
SAMPLE
F1_MI: 0.9528049866429209 F1_MA: 0.952949803609992 ACC_MI: 0.9528049866429208 F1_MA: 0.9529226820870553
BEST_F1_MI: 0.9545859305431879 BEST_F1_MA: 0.9542163179288794 BEST_ACC_MI: 0.9545859305431879 BEST_F1_MA: 0.9554559934927516
[[815  77   1   0]
 [ 80 723   1   0]
 [  0   0 746   0]
 [  0   0   0 926]]
Epoch: [104/200], cls_loss: 0.0107, transfer_loss: 0.0019,person_loss: -1.9953, total_Loss: -0.1878
trian begin
trian end
n_person 615
SAMPLE
F1_MI: 0.9465716829919858 F1_MA: 0.9468457492923771 ACC_MI: 0.9465716829919858 F1_MA: 0.9467182737210373
BEST_F1_MI: 0.9545859305431879 BEST_F1_MA: 0.9542163179288794 BEST_ACC_MI: 0.9545859305431879 BEST_F1_MA: 0.9554559934927516
[[791 100   2   0]
 [ 65 735   3   1]
 [  9   0 737   0]
 [  0   0   0 926]]
Epoch: [105/200], cls_loss: 0.0094, transfer_loss: 0.0018,person_loss: -1.9952, total_Loss: -0.1892
trian begin
trian end
n_person 615
SAMPLE
F1_MI: 0.9560700504600772 F1_MA: 0.9561390272598091 ACC_MI: 0.9560700504600772 F1_MA: 0.9562216348356096
BEST_F1_MI: 0.9560700504600772 BEST_F1_MA: 0.9561390272598091 BEST_ACC_MI: 0.9560700504600772 BEST_F1_MA: 0.9562216348356096
[[826  65   2   0]
 [ 79 723   2   0]
 [  0   0 746   0]
 [  0   0   0 926]]
Epoch: [106/200], cls_loss: 0.0079, transfer_loss: 0.0017,person_loss: -1.9952, total_Loss: -0.1908
trian begin
trian end
n_person 615
SAMPLE
F1_MI: 0.9504303947758979 F1_MA: 0.9505407543915784 ACC_MI: 0.9504303947758979 F1_MA: 0.9505144337682441
BEST_F1_MI: 0.9560700504600772 BEST_F1_MA: 0.9561390272598091 BEST_ACC_MI: 0.9560700504600772 BEST_F1_MA: 0.9562216348356096
[[817  75   1   0]
 [ 82 718   4   0]
 [  1   0 745   0]
 [  2   1   1 922]]
Epoch: [107/200], cls_loss: 0.0086, transfer_loss: 0.0016,person_loss: -1.9954, total_Loss: -0.1901
trian begin
trian end
n_person 615
SAMPLE
F1_MI: 0.9183734045710893 F1_MA: 0.9211892402419565 ACC_MI: 0.9183734045710893 F1_MA: 0.9213178555383318
BEST_F1_MI: 0.9560700504600772 BEST_F1_MA: 0.9561390272598091 BEST_ACC_MI: 0.9560700504600772 BEST_F1_MA: 0.9562216348356096
[[819  74   0   0]
 [ 84 709  11   0]
 [  1   0 745   0]
 [  7  87  11 821]]
Epoch: [108/200], cls_loss: 0.0065, transfer_loss: 0.0014,person_loss: -1.9952, total_Loss: -0.1924
trian begin
trian end
n_person 615
SAMPLE
F1_MI: 0.6933808251706738 F1_MA: 0.7419571780887146 ACC_MI: 0.6933808251706738 F1_MA: 0.7698810654042084
BEST_F1_MI: 0.9560700504600772 BEST_F1_MA: 0.9561390272598091 BEST_ACC_MI: 0.9560700504600772 BEST_F1_MA: 0.9562216348356096
[[790  89  14   0]
 [ 70 704  30   0]
 [  0   0 746   0]
 [113 255 462  96]]
Epoch: [109/200], cls_loss: 0.0102, transfer_loss: 0.0017,person_loss: -1.9940, total_Loss: -0.1883
trian begin
trian end
n_person 615
SAMPLE
F1_MI: 0.9504303947758979 F1_MA: 0.9501997131344936 ACC_MI: 0.9504303947758979 F1_MA: 0.9503892037312456
BEST_F1_MI: 0.9560700504600772 BEST_F1_MA: 0.9561390272598091 BEST_ACC_MI: 0.9560700504600772 BEST_F1_MA: 0.9562216348356096
[[845  39   9   0]
 [ 89 696  19   0]
 [  0   0 746   0]
 [  0   8   3 915]]
Epoch: [110/200], cls_loss: 0.0094, transfer_loss: 0.0020,person_loss: -1.9946, total_Loss: -0.1891
trian begin
trian end
n_person 615
SAMPLE
F1_MI: 0.943900267141585 F1_MA: 0.9434791126854042 ACC_MI: 0.943900267141585 F1_MA: 0.943062105322693
BEST_F1_MI: 0.9560700504600772 BEST_F1_MA: 0.9561390272598091 BEST_ACC_MI: 0.9560700504600772 BEST_F1_MA: 0.9562216348356096
[[807  83   3   0]
 [ 88 701  15   0]
 [  0   0 746   0]
 [  0   0   0 926]]
Epoch: [111/200], cls_loss: 0.0081, transfer_loss: 0.0019,person_loss: -1.9944, total_Loss: -0.1904
trian begin
trian end
n_person 615
SAMPLE
F1_MI: 0.9453843870584743 F1_MA: 0.9447229535128362 ACC_MI: 0.9453843870584743 F1_MA: 0.9443810187202258
BEST_F1_MI: 0.9560700504600772 BEST_F1_MA: 0.9561390272598091 BEST_ACC_MI: 0.9560700504600772 BEST_F1_MA: 0.9562216348356096
[[820  59  14   0]
 [ 88 695  21   0]
 [  0   1 745   0]
 [  0   1   0 925]]
Epoch: [112/200], cls_loss: 0.0064, transfer_loss: 0.0015,person_loss: -1.9957, total_Loss: -0.1925
trian begin
trian end
n_person 615
SAMPLE
F1_MI: 0.9406352033244286 F1_MA: 0.9396759073701196 ACC_MI: 0.9406352033244286 F1_MA: 0.9387535776535824
BEST_F1_MI: 0.9560700504600772 BEST_F1_MA: 0.9561390272598091 BEST_ACC_MI: 0.9560700504600772 BEST_F1_MA: 0.9562216348356096
[[803  64  26   0]
 [ 79 694  31   0]
 [  0   0 746   0]
 [  0   0   0 926]]
Epoch: [113/200], cls_loss: 0.0096, transfer_loss: 0.0017,person_loss: -1.9951, total_Loss: -0.1890
trian begin
trian end
n_person 615
SAMPLE
F1_MI: 0.9525081626595429 F1_MA: 0.9524056146688028 ACC_MI: 0.9525081626595429 F1_MA: 0.9526282114697793
BEST_F1_MI: 0.9560700504600772 BEST_F1_MA: 0.9561390272598091 BEST_ACC_MI: 0.9560700504600772 BEST_F1_MA: 0.9562216348356096
[[822  71   0   0]
 [ 74 726   4   0]
 [  0  11 735   0]
 [  0   0   0 926]]
Epoch: [114/200], cls_loss: 0.0078, transfer_loss: 0.0016,person_loss: -1.9948, total_Loss: -0.1909
trian begin
trian end
n_person 615
SAMPLE
F1_MI: 0.9453843870584743 F1_MA: 0.9442968182908945 ACC_MI: 0.9453843870584743 F1_MA: 0.9439385369105078
BEST_F1_MI: 0.9560700504600772 BEST_F1_MA: 0.9561390272598091 BEST_ACC_MI: 0.9560700504600772 BEST_F1_MA: 0.9562216348356096
[[828  65   0   0]
 [ 78 691  35   0]
 [  1   5 740   0]
 [  0   0   0 926]]
Epoch: [115/200], cls_loss: 0.0103, transfer_loss: 0.0017,person_loss: -1.9940, total_Loss: -0.1882
trian begin
trian end
n_person 615
SAMPLE
F1_MI: 0.9548827545265658 F1_MA: 0.9545223277766833 ACC_MI: 0.9548827545265658 F1_MA: 0.9542872839410532
BEST_F1_MI: 0.9560700504600772 BEST_F1_MA: 0.9561390272598091 BEST_ACC_MI: 0.9560700504600772 BEST_F1_MA: 0.9562216348356096
[[827  64   2   0]
 [ 71 719  14   0]
 [  1   0 745   0]
 [  0   0   0 926]]
Epoch: [116/200], cls_loss: 0.0084, transfer_loss: 0.0019,person_loss: -1.9943, total_Loss: -0.1901
trian begin
trian end
n_person 615
SAMPLE
F1_MI: 0.9507272187592758 F1_MA: 0.9502004689828185 ACC_MI: 0.9507272187592758 F1_MA: 0.9501274705519801
BEST_F1_MI: 0.9560700504600772 BEST_F1_MA: 0.9561390272598091 BEST_ACC_MI: 0.9560700504600772 BEST_F1_MA: 0.9562216348356096
[[832  58   3   0]
 [ 84 699  21   0]
 [  0   0 746   0]
 [  0   0   0 926]]
Epoch: [117/200], cls_loss: 0.0088, transfer_loss: 0.0017,person_loss: -1.9951, total_Loss: -0.1898
trian begin
trian end
n_person 615
SAMPLE
F1_MI: 0.9531018106262986 F1_MA: 0.9523819742816195 ACC_MI: 0.9531018106262986 F1_MA: 0.9519413357278897
BEST_F1_MI: 0.9560700504600772 BEST_F1_MA: 0.9561390272598091 BEST_ACC_MI: 0.9560700504600772 BEST_F1_MA: 0.9562216348356096
[[830  59   4   0]
 [ 69 709  26   0]
 [  0   0 746   0]
 [  0   0   0 926]]
Epoch: [118/200], cls_loss: 0.0089, transfer_loss: 0.0017,person_loss: -1.9941, total_Loss: -0.1896
trian begin
trian end
n_person 615
SAMPLE
F1_MI: 0.95428910655981 F1_MA: 0.9538953594560305 ACC_MI: 0.95428910655981 F1_MA: 0.9536620509145568
BEST_F1_MI: 0.9560700504600772 BEST_F1_MA: 0.9561390272598091 BEST_ACC_MI: 0.9560700504600772 BEST_F1_MA: 0.9562216348356096
[[828  65   0   0]
 [ 73 715  16   0]
 [  0   0 746   0]
 [  0   0   0 926]]
Epoch: [119/200], cls_loss: 0.0043, transfer_loss: 0.0015,person_loss: -1.9952, total_Loss: -0.1945
trian begin
trian end
n_person 615
SAMPLE
F1_MI: 0.9590382902938558 F1_MA: 0.9589505343147816 ACC_MI: 0.9590382902938558 F1_MA: 0.9587662428656949
BEST_F1_MI: 0.9590382902938558 BEST_F1_MA: 0.9589505343147816 BEST_ACC_MI: 0.9590382902938558 BEST_F1_MA: 0.9587662428656949
[[827  56  10   0]
 [ 70 732   2   0]
 [  0   0 746   0]
 [  0   0   0 926]]
Epoch: [120/200], cls_loss: 0.0044, transfer_loss: 0.0015,person_loss: -1.9955, total_Loss: -0.1944
trian begin
trian end
n_person 615
SAMPLE
F1_MI: 0.9575541703769664 F1_MA: 0.9577334159574037 ACC_MI: 0.9575541703769664 F1_MA: 0.957941917837388
BEST_F1_MI: 0.9590382902938558 BEST_F1_MA: 0.9589505343147816 BEST_ACC_MI: 0.9590382902938558 BEST_F1_MA: 0.9587662428656949
[[828  65   0   0]
 [ 76 727   0   1]
 [  1   0 745   0]
 [  0   0   0 926]]
Epoch: [121/200], cls_loss: 0.0113, transfer_loss: 0.0026,person_loss: -1.9947, total_Loss: -0.1869
trian begin
trian end
n_person 615
SAMPLE
F1_MI: 0.9477589789254972 F1_MA: 0.9469223707746721 ACC_MI: 0.9477589789254972 F1_MA: 0.9464951610799492
BEST_F1_MI: 0.9590382902938558 BEST_F1_MA: 0.9589505343147816 BEST_ACC_MI: 0.9590382902938558 BEST_F1_MA: 0.9587662428656949
[[826  65   2   0]
 [ 78 695  30   1]
 [  0   0 746   0]
 [  0   0   0 926]]
Epoch: [122/200], cls_loss: 0.0097, transfer_loss: 0.0022,person_loss: -1.9947, total_Loss: -0.1887
trian begin
trian end
n_person 615
SAMPLE
F1_MI: 0.9486494508756308 F1_MA: 0.9478900689961723 ACC_MI: 0.9486494508756308 F1_MA: 0.947425834108655
BEST_F1_MI: 0.9590382902938558 BEST_F1_MA: 0.9589505343147816 BEST_ACC_MI: 0.9590382902938558 BEST_F1_MA: 0.9587662428656949
[[825  62   6   0]
 [ 77 700  27   0]
 [  0   0 746   0]
 [  0   1   0 925]]
Epoch: [123/200], cls_loss: 0.0092, transfer_loss: 0.0017,person_loss: -1.9952, total_Loss: -0.1895
trian begin
trian end
n_person 615
SAMPLE
F1_MI: 0.9349955476402493 F1_MA: 0.9339391032453138 ACC_MI: 0.9349955476402493 F1_MA: 0.9332732386089366
BEST_F1_MI: 0.9590382902938558 BEST_F1_MA: 0.9589505343147816 BEST_ACC_MI: 0.9590382902938558 BEST_F1_MA: 0.9587662428656949
[[819  51  19   4]
 [ 48 669  79   8]
 [  0   0 746   0]
 [  1   5   4 916]]
Epoch: [124/200], cls_loss: 0.0099, transfer_loss: 0.0018,person_loss: -1.9939, total_Loss: -0.1887
trian begin
trian end
n_person 615
SAMPLE
F1_MI: 0.9323241317898486 F1_MA: 0.9326138712287355 ACC_MI: 0.9323241317898486 F1_MA: 0.9314775307812801
BEST_F1_MI: 0.9590382902938558 BEST_F1_MA: 0.9589505343147816 BEST_ACC_MI: 0.9590382902938558 BEST_F1_MA: 0.9587662428656949
[[743 136  14   0]
 [ 42 726  36   0]
 [  0   0 746   0]
 [  0   0   0 926]]
Epoch: [125/200], cls_loss: 0.0104, transfer_loss: 0.0017,person_loss: -1.9952, total_Loss: -0.1882
trian begin
trian end
n_person 615
SAMPLE
F1_MI: 0.9284654200059365 F1_MA: 0.9268864022927187 ACC_MI: 0.9284654200059365 F1_MA: 0.9263460244935157
BEST_F1_MI: 0.9590382902938558 BEST_F1_MA: 0.9589505343147816 BEST_ACC_MI: 0.9590382902938558 BEST_F1_MA: 0.9587662428656949
[[818  61  14   0]
 [ 65 639 100   0]
 [  0   0 746   0]
 [  0   1   0 925]]
Epoch: [126/200], cls_loss: 0.0076, transfer_loss: 0.0018,person_loss: -1.9926, total_Loss: -0.1908
trian begin
trian end
n_person 615
SAMPLE
F1_MI: 0.9403383793410508 F1_MA: 0.9394777316841587 ACC_MI: 0.9403383793410508 F1_MA: 0.9391624102577804
BEST_F1_MI: 0.9590382902938558 BEST_F1_MA: 0.9589505343147816 BEST_ACC_MI: 0.9590382902938558 BEST_F1_MA: 0.9587662428656949
[[819  74   0   0]
 [ 96 677  31   0]
 [  0   0 746   0]
 [  0   0   0 926]]
Epoch: [127/200], cls_loss: 0.0025, transfer_loss: 0.0014,person_loss: -1.9941, total_Loss: -0.1963
trian begin
trian end
n_person 615
SAMPLE
F1_MI: 0.9370733155238943 F1_MA: 0.9361885283996049 ACC_MI: 0.9370733155238943 F1_MA: 0.935274313409759
BEST_F1_MI: 0.9590382902938558 BEST_F1_MA: 0.9589505343147816 BEST_ACC_MI: 0.9590382902938558 BEST_F1_MA: 0.9587662428656949
[[802  91   0   0]
 [ 81 688  35   0]
 [  0   0 746   0]
 [  1   4   0 921]]
Epoch: [128/200], cls_loss: 0.0076, transfer_loss: 0.0017,person_loss: -1.9941, total_Loss: -0.1910
trian begin
trian end
n_person 615
SAMPLE
F1_MI: 0.9427129712080735 F1_MA: 0.9414606188515229 ACC_MI: 0.9427129712080736 F1_MA: 0.9404775408247211
BEST_F1_MI: 0.9590382902938558 BEST_F1_MA: 0.9589505343147816 BEST_ACC_MI: 0.9590382902938558 BEST_F1_MA: 0.9587662428656949
[[815  72   6   0]
 [ 66 690  48   0]
 [  0   0 746   0]
 [  0   1   0 925]]
Epoch: [129/200], cls_loss: 0.0120, transfer_loss: 0.0021,person_loss: -1.9948, total_Loss: -0.1864
trian begin
trian end
n_person 615
SAMPLE
F1_MI: 0.9554764024933214 F1_MA: 0.9554097608748763 ACC_MI: 0.9554764024933214 F1_MA: 0.9549735889359786
BEST_F1_MI: 0.9590382902938558 BEST_F1_MA: 0.9589505343147816 BEST_ACC_MI: 0.9590382902938558 BEST_F1_MA: 0.9587662428656949
[[818  75   0   0]
 [ 61 733  10   0]
 [  0   0 746   0]
 [  0   3   1 922]]
Epoch: [130/200], cls_loss: 0.0080, transfer_loss: 0.0016,person_loss: -1.9946, total_Loss: -0.1907
trian begin
trian end
n_person 615
SAMPLE
F1_MI: 0.9536954585930543 F1_MA: 0.9531676750652187 ACC_MI: 0.9536954585930543 F1_MA: 0.9530559611310192
BEST_F1_MI: 0.9590382902938558 BEST_F1_MA: 0.9589505343147816 BEST_ACC_MI: 0.9590382902938558 BEST_F1_MA: 0.9587662428656949
[[833  60   0   0]
 [ 71 711  20   2]
 [  3   0 743   0]
 [  0   0   0 926]]
Epoch: [131/200], cls_loss: 0.0086, transfer_loss: 0.0018,person_loss: -1.9935, total_Loss: -0.1898
trian begin
trian end
n_person 615
SAMPLE
F1_MI: 0.9456812110418522 F1_MA: 0.9455629918747631 ACC_MI: 0.9456812110418522 F1_MA: 0.9459329700625263
BEST_F1_MI: 0.9590382902938558 BEST_F1_MA: 0.9589505343147816 BEST_ACC_MI: 0.9590382902938558 BEST_F1_MA: 0.9587662428656949
[[828  63   2   0]
 [104 688  11   1]
 [  0   0 746   0]
 [  0   0   2 924]]
Epoch: [132/200], cls_loss: 0.0064, transfer_loss: 0.0015,person_loss: -1.9953, total_Loss: -0.1924
trian begin
trian end
n_person 615
SAMPLE
F1_MI: 0.9566636984268329 F1_MA: 0.9567700479967672 ACC_MI: 0.9566636984268329 F1_MA: 0.9567861625071715
BEST_F1_MI: 0.9590382902938558 BEST_F1_MA: 0.9589505343147816 BEST_ACC_MI: 0.9590382902938558 BEST_F1_MA: 0.9587662428656949
[[822  68   3   0]
 [ 73 731   0   0]
 [  1   1 744   0]
 [  0   0   0 926]]
Epoch: [133/200], cls_loss: 0.0081, transfer_loss: 0.0016,person_loss: -1.9950, total_Loss: -0.1906
trian begin
trian end
n_person 615
SAMPLE
F1_MI: 0.9436034431582072 F1_MA: 0.9435461551294348 ACC_MI: 0.9436034431582072 F1_MA: 0.9440775965855766
BEST_F1_MI: 0.9590382902938558 BEST_F1_MA: 0.9589505343147816 BEST_ACC_MI: 0.9590382902938558 BEST_F1_MA: 0.9587662428656949
[[808  85   0   0]
 [ 71 724   9   0]
 [ 24   0 722   0]
 [  0   1   0 925]]
Epoch: [134/200], cls_loss: 0.0079, transfer_loss: 0.0021,person_loss: -1.9957, total_Loss: -0.1906
trian begin
trian end
n_person 615
SAMPLE
F1_MI: 0.9412288512911843 F1_MA: 0.9414774651914172 ACC_MI: 0.9412288512911843 F1_MA: 0.9421821801768067
BEST_F1_MI: 0.9590382902938558 BEST_F1_MA: 0.9589505343147816 BEST_ACC_MI: 0.9590382902938558 BEST_F1_MA: 0.9587662428656949
[[812  81   0   0]
 [108 694   2   0]
 [  7   0 739   0]
 [  0   0   0 926]]
Epoch: [135/200], cls_loss: 0.0090, transfer_loss: 0.0018,person_loss: -1.9919, total_Loss: -0.1893
trian begin
trian end
n_person 615
SAMPLE
F1_MI: 0.9536954585930543 F1_MA: 0.9534590413369206 ACC_MI: 0.9536954585930543 F1_MA: 0.9532253652373979
BEST_F1_MI: 0.9590382902938558 BEST_F1_MA: 0.9589505343147816 BEST_ACC_MI: 0.9590382902938558 BEST_F1_MA: 0.9587662428656949
[[822  64   7   0]
 [ 77 719   8   0]
 [  0   0 746   0]
 [  0   0   0 926]]
Epoch: [136/200], cls_loss: 0.0055, transfer_loss: 0.0013,person_loss: -1.9956, total_Loss: -0.1934
trian begin
trian end
n_person 615
SAMPLE
F1_MI: 0.9447907390917186 F1_MA: 0.9443898467104419 ACC_MI: 0.9447907390917186 F1_MA: 0.9437584588853946
BEST_F1_MI: 0.9590382902938558 BEST_F1_MA: 0.9589505343147816 BEST_ACC_MI: 0.9590382902938558 BEST_F1_MA: 0.9587662428656949
[[800  78  15   0]
 [ 83 712   9   0]
 [  1   0 745   0]
 [  0   0   0 926]]
Epoch: [137/200], cls_loss: 0.0040, transfer_loss: 0.0013,person_loss: -1.9957, total_Loss: -0.1949
trian begin
trian end
n_person 615
SAMPLE
F1_MI: 0.9415256752745622 F1_MA: 0.9413434891869191 ACC_MI: 0.9415256752745622 F1_MA: 0.9414047082620822
BEST_F1_MI: 0.9590382902938558 BEST_F1_MA: 0.9589505343147816 BEST_ACC_MI: 0.9590382902938558 BEST_F1_MA: 0.9587662428656949
[[818  63  12   0]
 [103 692   9   0]
 [  1   2 743   0]
 [  1   5   1 919]]
Epoch: [138/200], cls_loss: 0.0126, transfer_loss: 0.0019,person_loss: -1.9939, total_Loss: -0.1858
trian begin
trian end
n_person 615
SAMPLE
F1_MI: 0.9456812110418522 F1_MA: 0.9456993255533243 ACC_MI: 0.9456812110418522 F1_MA: 0.9455048482469248
BEST_F1_MI: 0.9590382902938558 BEST_F1_MA: 0.9589505343147816 BEST_ACC_MI: 0.9590382902938558 BEST_F1_MA: 0.9587662428656949
[[820  59  14   0]
 [ 86 715   3   0]
 [  1   4 741   0]
 [  2  11   3 910]]
Epoch: [139/200], cls_loss: 0.0046, transfer_loss: 0.0015,person_loss: -1.9944, total_Loss: -0.1941
trian begin
trian end
n_person 615
SAMPLE
F1_MI: 0.9513208667260314 F1_MA: 0.9508169254766611 ACC_MI: 0.9513208667260314 F1_MA: 0.9501197044722807
BEST_F1_MI: 0.9590382902938558 BEST_F1_MA: 0.9589505343147816 BEST_ACC_MI: 0.9590382902938558 BEST_F1_MA: 0.9587662428656949
[[812  67  14   0]
 [ 69 721  14   0]
 [  0   0 746   0]
 [  0   0   0 926]]
Epoch: [140/200], cls_loss: 0.0048, transfer_loss: 0.0016,person_loss: -1.9953, total_Loss: -0.1939
trian begin
trian end
n_person 615
SAMPLE
F1_MI: 0.9456812110418522 F1_MA: 0.9454779902606534 ACC_MI: 0.9456812110418522 F1_MA: 0.9454659160898573
BEST_F1_MI: 0.9590382902938558 BEST_F1_MA: 0.9589505343147816 BEST_ACC_MI: 0.9590382902938558 BEST_F1_MA: 0.9587662428656949
[[815  73   5   0]
 [ 96 700   8   0]
 [  0   1 745   0]
 [  0   0   0 926]]
Epoch: [141/200], cls_loss: 0.0062, transfer_loss: 0.0016,person_loss: -1.9953, total_Loss: -0.1926
trian begin
trian end
n_person 615
SAMPLE
F1_MI: 0.9379637874740279 F1_MA: 0.9386139883289316 ACC_MI: 0.9379637874740279 F1_MA: 0.9401680351585449
BEST_F1_MI: 0.9590382902938558 BEST_F1_MA: 0.9589505343147816 BEST_ACC_MI: 0.9590382902938558 BEST_F1_MA: 0.9587662428656949
[[835  58   0   0]
 [134 664   6   0]
 [  3   0 743   0]
 [  1   1   6 918]]
Epoch: [142/200], cls_loss: 0.0069, transfer_loss: 0.0017,person_loss: -1.9947, total_Loss: -0.1917
trian begin
trian end
n_person 615
SAMPLE
F1_MI: 0.92520035618878 F1_MA: 0.926633971984388 ACC_MI: 0.92520035618878 F1_MA: 0.9301798381688638
BEST_F1_MI: 0.9590382902938558 BEST_F1_MA: 0.9589505343147816 BEST_ACC_MI: 0.9590382902938558 BEST_F1_MA: 0.9587662428656949
[[840  53   0   0]
 [177 612  15   0]
 [  7   0 739   0]
 [  0   0   0 926]]
Epoch: [143/200], cls_loss: 0.0057, transfer_loss: 0.0021,person_loss: -1.9940, total_Loss: -0.1927
trian begin
trian end
n_person 615
SAMPLE
F1_MI: 0.9308400118729593 F1_MA: 0.9303921044939797 ACC_MI: 0.9308400118729593 F1_MA: 0.9303090276593435
BEST_F1_MI: 0.9590382902938558 BEST_F1_MA: 0.9589505343147816 BEST_ACC_MI: 0.9590382902938558 BEST_F1_MA: 0.9587662428656949
[[817  76   0   0]
 [100 680  24   0]
 [  6   6 734   0]
 [  3   9   9 905]]
Epoch: [144/200], cls_loss: 0.0084, transfer_loss: 0.0016,person_loss: -1.9938, total_Loss: -0.1902
trian begin
trian end
n_person 615
SAMPLE
F1_MI: 0.9510240427426536 F1_MA: 0.9508897319930937 ACC_MI: 0.9510240427426536 F1_MA: 0.9505135564873745
BEST_F1_MI: 0.9590382902938558 BEST_F1_MA: 0.9589505343147816 BEST_ACC_MI: 0.9590382902938558 BEST_F1_MA: 0.9587662428656949
[[810  81   2   0]
 [ 70 722   8   4]
 [  0   0 746   0]
 [  0   0   0 926]]
Epoch: [145/200], cls_loss: 0.0080, transfer_loss: 0.0021,person_loss: -1.9952, total_Loss: -0.1905
trian begin
trian end
n_person 615
SAMPLE
F1_MI: 0.9421193232413179 F1_MA: 0.9411559617008168 ACC_MI: 0.9421193232413179 F1_MA: 0.9408391406866308
BEST_F1_MI: 0.9590382902938558 BEST_F1_MA: 0.9589505343147816 BEST_ACC_MI: 0.9590382902938558 BEST_F1_MA: 0.9587662428656949
[[825  66   2   0]
 [ 91 677  36   0]
 [  0   0 746   0]
 [  0   0   0 926]]
Epoch: [146/200], cls_loss: 0.0037, transfer_loss: 0.0018,person_loss: -1.9955, total_Loss: -0.1949
trian begin
trian end
n_person 615
SAMPLE
F1_MI: 0.9462748590086079 F1_MA: 0.945813972614269 ACC_MI: 0.9462748590086079 F1_MA: 0.9452603870546001
BEST_F1_MI: 0.9590382902938558 BEST_F1_MA: 0.9589505343147816 BEST_ACC_MI: 0.9590382902938558 BEST_F1_MA: 0.9587662428656949
[[825  68   0   0]
 [ 72 709  23   0]
 [  3   0 743   0]
 [  0   8   7 911]]
Epoch: [147/200], cls_loss: 0.0041, transfer_loss: 0.0012,person_loss: -1.9945, total_Loss: -0.1948
trian begin
trian end
n_person 615
SAMPLE
F1_MI: 0.952211338676165 F1_MA: 0.9519515196173408 ACC_MI: 0.952211338676165 F1_MA: 0.9520128620067261
BEST_F1_MI: 0.9590382902938558 BEST_F1_MA: 0.9589505343147816 BEST_ACC_MI: 0.9590382902938558 BEST_F1_MA: 0.9587662428656949
[[830  63   0   0]
 [ 85 706  13   0]
 [  0   0 746   0]
 [  0   0   0 926]]
Epoch: [148/200], cls_loss: 0.0054, transfer_loss: 0.0011,person_loss: -1.9940, total_Loss: -0.1934
trian begin
trian end
n_person 615
SAMPLE
F1_MI: 0.9489462748590086 F1_MA: 0.948839903479088 ACC_MI: 0.9489462748590086 F1_MA: 0.9498512768967314
BEST_F1_MI: 0.9590382902938558 BEST_F1_MA: 0.9589505343147816 BEST_ACC_MI: 0.9590382902938558 BEST_F1_MA: 0.9587662428656949
[[828  65   0   0]
 [ 69 726   9   0]
 [ 28   1 717   0]
 [  0   0   0 926]]
Epoch: [149/200], cls_loss: 0.0069, transfer_loss: 0.0013,person_loss: -1.9956, total_Loss: -0.1920
trian begin
trian end
n_person 615
SAMPLE
F1_MI: 0.9394479073909172 F1_MA: 0.9384699771624121 ACC_MI: 0.9394479073909172 F1_MA: 0.9374791810774084
BEST_F1_MI: 0.9590382902938558 BEST_F1_MA: 0.9589505343147816 BEST_ACC_MI: 0.9590382902938558 BEST_F1_MA: 0.9587662428656949
[[798  95   0   0]
 [ 70 697  37   0]
 [  2   0 744   0]
 [  0   0   0 926]]
Epoch: [150/200], cls_loss: 0.0052, transfer_loss: 0.0015,person_loss: -1.9934, total_Loss: -0.1934
trian begin
trian end
n_person 615
SAMPLE
F1_MI: 0.9504303947758979 F1_MA: 0.950326074535899 ACC_MI: 0.9504303947758979 F1_MA: 0.950535405423719
BEST_F1_MI: 0.9590382902938558 BEST_F1_MA: 0.9589505343147816 BEST_ACC_MI: 0.9590382902938558 BEST_F1_MA: 0.9587662428656949
[[820  71   2   0]
 [ 78 719   7   0]
 [  9   0 737   0]
 [  0   0   0 926]]
Epoch: [151/200], cls_loss: 0.0088, transfer_loss: 0.0019,person_loss: -1.9941, total_Loss: -0.1896
trian begin
trian end
n_person 615
SAMPLE
F1_MI: 0.9394479073909172 F1_MA: 0.9422385937664108 ACC_MI: 0.9394479073909172 F1_MA: 0.9473809577551813
BEST_F1_MI: 0.9590382902938558 BEST_F1_MA: 0.9589505343147816 BEST_ACC_MI: 0.9590382902938558 BEST_F1_MA: 0.9587662428656949
[[876  12   5   0]
 [169 620  15   0]
 [  1   0 745   0]
 [  0   1   1 924]]
Epoch: [152/200], cls_loss: 0.0072, transfer_loss: 0.0018,person_loss: -1.9938, total_Loss: -0.1913
trian begin
trian end
n_person 615
SAMPLE
F1_MI: 0.9207479964381123 F1_MA: 0.9210801711052342 ACC_MI: 0.9207479964381122 F1_MA: 0.9200376778367846
BEST_F1_MI: 0.9590382902938558 BEST_F1_MA: 0.9589505343147816 BEST_ACC_MI: 0.9590382902938558 BEST_F1_MA: 0.9587662428656949
[[737 150   6   0]
 [ 46 707  51   0]
 [  2   2 742   0]
 [  2   6   2 916]]
Epoch: [153/200], cls_loss: 0.0062, transfer_loss: 0.0014,person_loss: -1.9939, total_Loss: -0.1925
trian begin
trian end
n_person 615
SAMPLE
F1_MI: 0.9133273968536658 F1_MA: 0.916273863012001 ACC_MI: 0.9133273968536658 F1_MA: 0.9221907807539799
BEST_F1_MI: 0.9590382902938558 BEST_F1_MA: 0.9589505343147816 BEST_ACC_MI: 0.9590382902938558 BEST_F1_MA: 0.9587662428656949
[[844  49   0   0]
 [219 573  12   0]
 [ 10   2 734   0]
 [  0   0   0 926]]
Epoch: [154/200], cls_loss: 0.0050, transfer_loss: 0.0012,person_loss: -1.9944, total_Loss: -0.1938
trian begin
trian end
n_person 615
SAMPLE
F1_MI: 0.8791926387652123 F1_MA: 0.8777349027008458 ACC_MI: 0.8791926387652123 F1_MA: 0.8789842369731482
BEST_F1_MI: 0.9590382902938558 BEST_F1_MA: 0.9589505343147816 BEST_ACC_MI: 0.9590382902938558 BEST_F1_MA: 0.9587662428656949
[[794  79  20   0]
 [204 497 103   0]
 [  1   0 745   0]
 [  0   0   0 926]]
Epoch: [155/200], cls_loss: 0.0084, transfer_loss: 0.0016,person_loss: -1.9940, total_Loss: -0.1902
trian begin
trian end
n_person 615
SAMPLE
F1_MI: 0.8993766696349065 F1_MA: 0.8991907525649745 ACC_MI: 0.8993766696349065 F1_MA: 0.9016153655512379
BEST_F1_MI: 0.9590382902938558 BEST_F1_MA: 0.9589505343147816 BEST_ACC_MI: 0.9590382902938558 BEST_F1_MA: 0.9587662428656949
[[781 111   1   0]
 [145 630  29   0]
 [ 53   0 693   0]
 [  0   0   0 926]]
Epoch: [156/200], cls_loss: 0.0080, transfer_loss: 0.0017,person_loss: -1.9926, total_Loss: -0.1904
trian begin
trian end
n_person 615
SAMPLE
F1_MI: 0.9290590679726922 F1_MA: 0.9280454973539107 ACC_MI: 0.9290590679726922 F1_MA: 0.9278532396033625
BEST_F1_MI: 0.9590382902938558 BEST_F1_MA: 0.9589505343147816 BEST_ACC_MI: 0.9590382902938558 BEST_F1_MA: 0.9587662428656949
[[813  68  12   0]
 [114 650  40   0]
 [  2   0 744   0]
 [  0   2   1 923]]
Epoch: [157/200], cls_loss: 0.0063, transfer_loss: 0.0014,person_loss: -1.9935, total_Loss: -0.1923
trian begin
trian end
n_person 615
SAMPLE
F1_MI: 0.9130305728702879 F1_MA: 0.9131693150702588 ACC_MI: 0.9130305728702879 F1_MA: 0.9150816132626193
BEST_F1_MI: 0.9590382902938558 BEST_F1_MA: 0.9589505343147816 BEST_ACC_MI: 0.9590382902938558 BEST_F1_MA: 0.9587662428656949
[[811  71  11   0]
 [183 600  21   0]
 [  2   5 739   0]
 [  0   0   0 926]]
Epoch: [158/200], cls_loss: 0.0075, transfer_loss: 0.0018,person_loss: -1.9933, total_Loss: -0.1909
trian begin
trian end
n_person 615
SAMPLE
F1_MI: 0.914811516770555 F1_MA: 0.9144540305168765 ACC_MI: 0.914811516770555 F1_MA: 0.9139746422623222
BEST_F1_MI: 0.9590382902938558 BEST_F1_MA: 0.9589505343147816 BEST_ACC_MI: 0.9590382902938558 BEST_F1_MA: 0.9587662428656949
[[762 120  11   0]
 [140 654  10   0]
 [  2   0 744   0]
 [  0   3   1 922]]
Epoch: [159/200], cls_loss: 0.0040, transfer_loss: 0.0014,person_loss: -1.9933, total_Loss: -0.1946
trian begin
trian end
n_person 615
SAMPLE
F1_MI: 0.8774116948649451 F1_MA: 0.8864299195277185 ACC_MI: 0.8774116948649451 F1_MA: 0.9015796006633539
BEST_F1_MI: 0.9590382902938558 BEST_F1_MA: 0.9589505343147816 BEST_ACC_MI: 0.9590382902938558 BEST_F1_MA: 0.9587662428656949
[[867  26   0   0]
 [350 442   4   8]
 [  9  16 721   0]
 [  0   0   0 926]]
Epoch: [160/200], cls_loss: 0.0067, transfer_loss: 0.0016,person_loss: -1.9926, total_Loss: -0.1918
trian begin
trian end
n_person 615
SAMPLE
F1_MI: 0.8999703176016622 F1_MA: 0.9025603812297558 ACC_MI: 0.8999703176016622 F1_MA: 0.9082883423570675
BEST_F1_MI: 0.9590382902938558 BEST_F1_MA: 0.9589505343147816 BEST_ACC_MI: 0.9590382902938558 BEST_F1_MA: 0.9587662428656949
[[834  59   0   0]
 [239 537  16  12]
 [  7   2 737   0]
 [  0   2   0 924]]
Epoch: [161/200], cls_loss: 0.0034, transfer_loss: 0.0016,person_loss: -1.9918, total_Loss: -0.1950
trian begin
trian end
n_person 615
SAMPLE
F1_MI: 0.9002671415850402 F1_MA: 0.9024654558695366 ACC_MI: 0.9002671415850401 F1_MA: 0.9084054275979783
BEST_F1_MI: 0.9590382902938558 BEST_F1_MA: 0.9589505343147816 BEST_ACC_MI: 0.9590382902938558 BEST_F1_MA: 0.9587662428656949
[[848  37   8   0]
 [233 526  33  12]
 [  2  11 733   0]
 [  0   0   0 926]]
Epoch: [162/200], cls_loss: 0.0060, transfer_loss: 0.0018,person_loss: -1.9932, total_Loss: -0.1924
trian begin
trian end
n_person 615
SAMPLE
F1_MI: 0.8785989907984565 F1_MA: 0.8840779223093804 ACC_MI: 0.8785989907984565 F1_MA: 0.8939256879222277
BEST_F1_MI: 0.9590382902938558 BEST_F1_MA: 0.9589505343147816 BEST_ACC_MI: 0.9590382902938558 BEST_F1_MA: 0.9587662428656949
[[836  12  45   0]
 [264 458  82   0]
 [  0   6 740   0]
 [  0   0   0 926]]
Epoch: [163/200], cls_loss: 0.0048, transfer_loss: 0.0015,person_loss: -1.9933, total_Loss: -0.1937
trian begin
trian end
n_person 615
SAMPLE
F1_MI: 0.8999703176016622 F1_MA: 0.9046384237145091 ACC_MI: 0.8999703176016622 F1_MA: 0.9132018449389979
BEST_F1_MI: 0.9590382902938558 BEST_F1_MA: 0.9589505343147816 BEST_ACC_MI: 0.9590382902938558 BEST_F1_MA: 0.9587662428656949
[[860  23  10   0]
 [252 500  50   2]
 [  0   0 746   0]
 [  0   0   0 926]]
Epoch: [164/200], cls_loss: 0.0052, transfer_loss: 0.0016,person_loss: -1.9931, total_Loss: -0.1933
trian begin
trian end
n_person 615
SAMPLE
F1_MI: 0.9213416444048679 F1_MA: 0.9209040089860125 ACC_MI: 0.9213416444048679 F1_MA: 0.9210176263170747
BEST_F1_MI: 0.9590382902938558 BEST_F1_MA: 0.9589505343147816 BEST_ACC_MI: 0.9590382902938558 BEST_F1_MA: 0.9587662428656949
[[794  87  12   0]
 [146 641  17   0]
 [  0   0 746   0]
 [  0   1   2 923]]
Epoch: [165/200], cls_loss: 0.0078, transfer_loss: 0.0019,person_loss: -1.9937, total_Loss: -0.1906
trian begin
trian end
n_person 615
SAMPLE
F1_MI: 0.9257940041555359 F1_MA: 0.9243966984070092 ACC_MI: 0.9257940041555358 F1_MA: 0.9233710096649334
BEST_F1_MI: 0.9590382902938558 BEST_F1_MA: 0.9589505343147816 BEST_ACC_MI: 0.9590382902938558 BEST_F1_MA: 0.9587662428656949
[[791  93   9   0]
 [105 656  43   0]
 [  0   0 746   0]
 [  0   0   0 926]]
Epoch: [166/200], cls_loss: 0.0037, transfer_loss: 0.0019,person_loss: -1.9940, total_Loss: -0.1948
trian begin
trian end
n_person 615
SAMPLE
F1_MI: 0.9180765805877115 F1_MA: 0.9177454663262298 ACC_MI: 0.9180765805877115 F1_MA: 0.9181108130379212
BEST_F1_MI: 0.9590382902938558 BEST_F1_MA: 0.9589505343147816 BEST_ACC_MI: 0.9590382902938558 BEST_F1_MA: 0.9587662428656949
[[784 109   0   0]
 [140 647  17   0]
 [  9   0 737   0]
 [  0   1   0 925]]
Epoch: [167/200], cls_loss: 0.0064, transfer_loss: 0.0014,person_loss: -1.9948, total_Loss: -0.1924
trian begin
trian end
n_person 615
SAMPLE
F1_MI: 0.9234194122885129 F1_MA: 0.9225544220986721 ACC_MI: 0.9234194122885129 F1_MA: 0.921523901879302
BEST_F1_MI: 0.9590382902938558 BEST_F1_MA: 0.9589505343147816 BEST_ACC_MI: 0.9590382902938558 BEST_F1_MA: 0.9587662428656949
[[763 110   0  20]
 [ 68 685  40  11]
 [  9   0 737   0]
 [  0   0   0 926]]
Epoch: [168/200], cls_loss: 0.0066, transfer_loss: 0.0016,person_loss: -1.9939, total_Loss: -0.1920
trian begin
trian end
n_person 615
SAMPLE
F1_MI: 0.8922528940338379 F1_MA: 0.8917428453796375 ACC_MI: 0.8922528940338379 F1_MA: 0.8927046366343663
BEST_F1_MI: 0.9590382902938558 BEST_F1_MA: 0.9589505343147816 BEST_ACC_MI: 0.9590382902938558 BEST_F1_MA: 0.9587662428656949
[[774  80   3  36]
 [168 564  38  34]
 [  3   0 743   0]
 [  0   1   0 925]]
Epoch: [169/200], cls_loss: 0.0057, transfer_loss: 0.0022,person_loss: -1.9935, total_Loss: -0.1925
trian begin
trian end
n_person 615
SAMPLE
F1_MI: 0.9296527159394479 F1_MA: 0.9299601324765152 ACC_MI: 0.9296527159394479 F1_MA: 0.9320963001980289
BEST_F1_MI: 0.9590382902938558 BEST_F1_MA: 0.9589505343147816 BEST_ACC_MI: 0.9590382902938558 BEST_F1_MA: 0.9587662428656949
[[832  61   0   0]
 [140 643  21   0]
 [ 15   0 731   0]
 [  0   0   0 926]]
Epoch: [170/200], cls_loss: 0.0027, transfer_loss: 0.0015,person_loss: -1.9944, total_Loss: -0.1960
[[827  56  10   0]
 [ 70 732   2   0]
 [  0   0 746   0]
 [  0   0   0 926]]
[[827  56  10   0]
 [ 70 732   2   0]
 [  0   0 746   0]
 [  0   0   0 926]]
WHAT: True
SVAE_RESULT
JSON: {'best_f1': 0.9589505343147816, 'best_matrix': [[827, 56, 10, 0], [70, 732, 2, 0], [0, 0, 746, 0], [0, 0, 0, 926]], 'args': 0.1}
ARG: Namespace(backbone='resnet50', batch_size=32, config='DSAN/DSAN.yaml', data_dir='data', device=device(type='cuda'), early_stop=50, epoch_based_training=False, lr=0.003, lr_decay=0.75, lr_gamma=0.0003, lr_scheduler=True, max_iter=40000, method='True', momentum=0.9, myweight=0.1, n_class=4, n_epoch=200, n_iter_per_epoch=200, num_workers=3, seed=2, src_domain='PAMAP2', tgt_domain='UCI', tname='transfer', transfer_loss='lmmd', transfer_loss_weight=0.5, use_bottleneck=True, weight_decay=0.0005)
