bnm 3 PAMAP2 UCI BNM/BNM.yaml False
Namespace(backbone='resnet50', batch_size=32, config='BNM/BNM.yaml', data_dir='data', device=device(type='cuda'), early_stop=50, epoch_based_training=False, lr=0.003, lr_decay=0.75, lr_gamma=0.0003, lr_scheduler=True, method='False', momentum=0.9, myweight=0.1, n_epoch=200, n_iter_per_epoch=100, num_workers=3, seed=3, src_domain='PAMAP2', tgt_domain='UCI', tname='transfer', transfer_loss='bnm', transfer_loss_weight=0.5, use_bottleneck=True, weight_decay=0.0005)
JUST DO IT
run my Parkinson code
transfer
TRAIN Length: 4725 360 TEST Length: 3369 615
YYY: 0 3
DATA_PROFILE   train: 4725 train2: 3369 test: 3369
DATASET.SHAPE: <data_loader.GetTrainLoader object at 0x7f522d92cef0> True
DATASET.SHAPE: <data_loader.GetTrainLoader object at 0x7f522d8cb160> True
DATASET.SHAPE: <data_loader.GetTestLoader object at 0x7f522d8befd0> False
CLASS: 4 615
LLL: {}
BOTTLENECK_LIST: [Linear(in_features=512, out_features=256, bias=True), ReLU()]
TYPE: {'loss_type': 'bnm', 'max_iter': 21000, 'num_class': 4, 'my_person_item': <my_person_item.PersonItem object at 0x7f52ef1b3198>}
initial_lr 1.0
transfer_world
method False <class 'str'>
1.10.1+cu102
True
LEN: 0 0
LOADER: <data_loader.InfiniteDataLoader object at 0x7f522d8cbfd0> <data_loader.InfiniteDataLoader object at 0x7f522d8beef0>
N_batch: 105
trian begin
trian end
n_person 615
SAMPLE
F1_MI: 0.5669338082517067 F1_MA: 0.49836177328552916 ACC_MI: 0.5669338082517067 F1_MA: 0.4615614002872151
BEST_F1_MI: 0.5669338082517067 BEST_F1_MA: 0.49836177328552916 BEST_ACC_MI: 0.5669338082517067 BEST_F1_MA: 0.4615614002872151
[[467 423   2   1]
 [259 518  22   5]
 [703  43   0   0]
 [  0   1   0 925]]
Epoch: [ 1/200], cls_loss: 0.9018, transfer_loss: -2.4143,person_loss: 0.0000, total_Loss: -0.3053
trian begin
trian end
n_person 615
SAMPLE
F1_MI: 0.4410804392994954 F1_MA: 0.40786430770395604 ACC_MI: 0.4410804392994954 F1_MA: 0.39529443767202366
BEST_F1_MI: 0.5669338082517067 BEST_F1_MA: 0.49836177328552916 BEST_ACC_MI: 0.5669338082517067 BEST_F1_MA: 0.4615614002872151
[[122 583 187   1]
 [ 99 403 300   2]
 [334 376  36   0]
 [  0   0   1 925]]
Epoch: [ 2/200], cls_loss: 0.6105, transfer_loss: -2.6804,person_loss: 0.0000, total_Loss: -0.7297
trian begin
trian end
n_person 615
SAMPLE
F1_MI: 0.39180765805877116 F1_MA: 0.3801232498023517 ACC_MI: 0.39180765805877116 F1_MA: 0.39152337644571933
BEST_F1_MI: 0.5669338082517067 BEST_F1_MA: 0.49836177328552916 BEST_ACC_MI: 0.5669338082517067 BEST_F1_MA: 0.4615614002872151
[[170 239 484   0]
 [ 62 155 587   0]
 [406 264  76   0]
 [  0   6   1 919]]
Epoch: [ 3/200], cls_loss: 0.5624, transfer_loss: -2.7404,person_loss: 0.0000, total_Loss: -0.8078
trian begin
trian end
n_person 615
SAMPLE
F1_MI: 0.5179578509943603 F1_MA: 0.48705864205124233 ACC_MI: 0.5179578509943603 F1_MA: 0.4784880636000561
BEST_F1_MI: 0.5669338082517067 BEST_F1_MA: 0.49836177328552916 BEST_ACC_MI: 0.5669338082517067 BEST_F1_MA: 0.4784880636000561
[[315 245 333   0]
 [232 461 111   0]
 [555 148  43   0]
 [  0   0   0 926]]
Epoch: [ 4/200], cls_loss: 0.4958, transfer_loss: -2.7593,person_loss: 0.0000, total_Loss: -0.8838
trian begin
trian end
n_person 615
SAMPLE
F1_MI: 0.4719501335707925 F1_MA: 0.42542147171638317 ACC_MI: 0.4719501335707925 F1_MA: 0.3959988639060062
BEST_F1_MI: 0.5669338082517067 BEST_F1_MA: 0.49836177328552916 BEST_ACC_MI: 0.5669338082517067 BEST_F1_MA: 0.4784880636000561
[[130 753  10   0]
 [ 95 708   1   0]
 [313 433   0   0]
 [  0 174   0 752]]
Epoch: [ 5/200], cls_loss: 0.4781, transfer_loss: -2.7404,person_loss: 0.0000, total_Loss: -0.8921
trian begin
trian end
n_person 615
SAMPLE
F1_MI: 0.5203324428613832 F1_MA: 0.47033676788679496 ACC_MI: 0.5203324428613832 F1_MA: 0.4476957426444088
BEST_F1_MI: 0.5669338082517067 BEST_F1_MA: 0.49836177328552916 BEST_ACC_MI: 0.5669338082517067 BEST_F1_MA: 0.4784880636000561
[[385 441  67   0]
 [348 435  20   1]
 [600 139   7   0]
 [  0   0   0 926]]
Epoch: [ 6/200], cls_loss: 0.4157, transfer_loss: -2.7406,person_loss: 0.0000, total_Loss: -0.9546
trian begin
trian end
n_person 615
SAMPLE
F1_MI: 0.21133867616503413 F1_MA: 0.26661717283209946 ACC_MI: 0.21133867616503413 F1_MA: 0.3786623922187913
BEST_F1_MI: 0.5669338082517067 BEST_F1_MA: 0.49836177328552916 BEST_ACC_MI: 0.5669338082517067 BEST_F1_MA: 0.4784880636000561
[[521 179 193   0]
 [414 141 249   0]
 [678  29  39   0]
 [  4 904   7  11]]
Epoch: [ 7/200], cls_loss: 0.4281, transfer_loss: -2.7624,person_loss: 0.0000, total_Loss: -0.9531
trian begin
trian end
n_person 615
SAMPLE
F1_MI: 0.4609676461858118 F1_MA: 0.4244733195504755 ACC_MI: 0.4609676461858118 F1_MA: 0.411315586048822
BEST_F1_MI: 0.5669338082517067 BEST_F1_MA: 0.49836177328552916 BEST_ACC_MI: 0.5669338082517067 BEST_F1_MA: 0.4784880636000561
[[221 422 240  10]
 [116 390 286  12]
 [558 165  16   7]
 [  0   0   0 926]]
Epoch: [ 8/200], cls_loss: 0.3606, transfer_loss: -2.7795,person_loss: 0.0000, total_Loss: -1.0292
trian begin
trian end
n_person 615
SAMPLE
F1_MI: 0.5325022261798753 F1_MA: 0.5282422052372437 ACC_MI: 0.5325022261798753 F1_MA: 0.5603831527142573
BEST_F1_MI: 0.5669338082517067 BEST_F1_MA: 0.5282422052372437 BEST_ACC_MI: 0.5669338082517067 BEST_F1_MA: 0.5603831527142573
[[825  42  26   0]
 [589 149  66   0]
 [725   7  14   0]
 [117   2   1 806]]
Epoch: [ 9/200], cls_loss: 0.3925, transfer_loss: -2.7674,person_loss: 0.0000, total_Loss: -0.9912
trian begin
trian end
n_person 615
SAMPLE
F1_MI: 0.5247848026120511 F1_MA: 0.4924100281988012 ACC_MI: 0.5247848026120511 F1_MA: 0.4907703379147368
BEST_F1_MI: 0.5669338082517067 BEST_F1_MA: 0.5282422052372437 BEST_ACC_MI: 0.5669338082517067 BEST_F1_MA: 0.5603831527142573
[[633 108 152   0]
 [416 132 256   0]
 [594  75  77   0]
 [  0   0   0 926]]
Epoch: [10/200], cls_loss: 0.3354, transfer_loss: -2.7879,person_loss: 0.0000, total_Loss: -1.0585
trian begin
trian end
n_person 615
SAMPLE
F1_MI: 0.5701988720688632 F1_MA: 0.5723986613910238 ACC_MI: 0.5701988720688632 F1_MA: 0.5862708087085733
BEST_F1_MI: 0.5701988720688632 BEST_F1_MA: 0.5723986613910238 BEST_ACC_MI: 0.5701988720688632 BEST_F1_MA: 0.5862708087085733
[[248 589  50   6]
 [259 441 103   1]
 [286 153 307   0]
 [  0   1   0 925]]
Epoch: [11/200], cls_loss: 0.3879, transfer_loss: -2.7715,person_loss: 0.0000, total_Loss: -0.9979
trian begin
trian end
n_person 615
SAMPLE
F1_MI: 0.4894627485900861 F1_MA: 0.4818365137946761 ACC_MI: 0.4894627485900861 F1_MA: 0.4942487875072223
BEST_F1_MI: 0.5701988720688632 BEST_F1_MA: 0.5723986613910238 BEST_ACC_MI: 0.5701988720688632 BEST_F1_MA: 0.5862708087085733
[[369 121 403   0]
 [275 103 426   0]
 [465  21 260   0]
 [  0   9   0 917]]
Epoch: [12/200], cls_loss: 0.3041, transfer_loss: -2.7572,person_loss: 0.0000, total_Loss: -1.0745
trian begin
trian end
n_person 615
SAMPLE
F1_MI: 0.5129118432769367 F1_MA: 0.46103541781110363 ACC_MI: 0.5129118432769367 F1_MA: 0.4405301107779057
BEST_F1_MI: 0.5701988720688632 BEST_F1_MA: 0.5723986613910238 BEST_ACC_MI: 0.5701988720688632 BEST_F1_MA: 0.5862708087085733
[[518 275 100   0]
 [313 275 216   0]
 [320 417   9   0]
 [  0   0   0 926]]
Epoch: [13/200], cls_loss: 0.3335, transfer_loss: -2.7487,person_loss: 0.0000, total_Loss: -1.0409
trian begin
trian end
n_person 615
SAMPLE
F1_MI: 0.7162362718907688 F1_MA: 0.7169670872303054 ACC_MI: 0.7162362718907688 F1_MA: 0.7296876679089268
BEST_F1_MI: 0.7162362718907688 BEST_F1_MA: 0.7169670872303054 BEST_ACC_MI: 0.7162362718907688 BEST_F1_MA: 0.7296876679089268
[[725 154  14   0]
 [498 229  77   0]
 [168  16 562   0]
 [  0   2  27 897]]
Epoch: [14/200], cls_loss: 0.3152, transfer_loss: -2.7680,person_loss: 0.0000, total_Loss: -1.0688
trian begin
trian end
n_person 615
SAMPLE
F1_MI: 0.45592163846838824 F1_MA: 0.46484454881682996 ACC_MI: 0.45592163846838824 F1_MA: 0.49608612735287017
BEST_F1_MI: 0.7162362718907688 BEST_F1_MA: 0.7169670872303054 BEST_ACC_MI: 0.7162362718907688 BEST_F1_MA: 0.7296876679089268
[[270  59 564   0]
 [226  92 483   3]
 [471  27 248   0]
 [  0   0   0 926]]
Epoch: [15/200], cls_loss: 0.3581, transfer_loss: -2.7599,person_loss: 0.0000, total_Loss: -1.0218
trian begin
trian end
n_person 615
SAMPLE
F1_MI: 0.3404571089344019 F1_MA: 0.4047813817923926 ACC_MI: 0.3404571089344019 F1_MA: 0.49408531514810544
BEST_F1_MI: 0.7162362718907688 BEST_F1_MA: 0.7169670872303054 BEST_ACC_MI: 0.7162362718907688 BEST_F1_MA: 0.7296876679089268
[[555 228 110   0]
 [168 337 299   0]
 [ 62 471 212   1]
 [880   3   0  43]]
Epoch: [16/200], cls_loss: 0.3263, transfer_loss: -2.7712,person_loss: 0.0000, total_Loss: -1.0593
trian begin
trian end
n_person 615
SAMPLE
F1_MI: 0.6114574057583853 F1_MA: 0.5563059630868283 ACC_MI: 0.6114574057583853 F1_MA: 0.5353802086634898
BEST_F1_MI: 0.7162362718907688 BEST_F1_MA: 0.7169670872303054 BEST_ACC_MI: 0.7162362718907688 BEST_F1_MA: 0.7296876679089268
[[860   2  31   0]
 [334 151 318   1]
 [245 378 123   0]
 [  0   0   0 926]]
Epoch: [17/200], cls_loss: 0.3139, transfer_loss: -2.7844,person_loss: 0.0000, total_Loss: -1.0783
trian begin
trian end
n_person 615
SAMPLE
F1_MI: 0.25675274562184625 F1_MA: 0.28095000660472413 ACC_MI: 0.25675274562184625 F1_MA: 0.29871895543166654
BEST_F1_MI: 0.7162362718907688 BEST_F1_MA: 0.7169670872303054 BEST_ACC_MI: 0.7162362718907688 BEST_F1_MA: 0.7296876679089268
[[269 584  40   0]
 [152 408 244   0]
 [  5 553 188   0]
 [  0 926   0   0]]
Epoch: [18/200], cls_loss: 0.3660, transfer_loss: -2.7642,person_loss: 0.0000, total_Loss: -1.0161
trian begin
trian end
n_person 615
SAMPLE
F1_MI: 0.4956960522410211 F1_MA: 0.39299092461485674 ACC_MI: 0.4956960522410211 F1_MA: 0.3432168875699301
BEST_F1_MI: 0.7162362718907688 BEST_F1_MA: 0.7169670872303054 BEST_ACC_MI: 0.7162362718907688 BEST_F1_MA: 0.7296876679089268
[[712   2  50 129]
 [214  22  90 478]
 [ 35 381  12 318]
 [  0   0   2 924]]
Epoch: [19/200], cls_loss: 0.3568, transfer_loss: -2.7540,person_loss: 0.0000, total_Loss: -1.0202
trian begin
trian end
n_person 615
SAMPLE
F1_MI: 0.3389729890175126 F1_MA: 0.26496743399336237 ACC_MI: 0.3389729890175126 F1_MA: 0.22999394731576475
BEST_F1_MI: 0.7162362718907688 BEST_F1_MA: 0.7169670872303054 BEST_ACC_MI: 0.7162362718907688 BEST_F1_MA: 0.7296876679089268
[[151  87   0 655]
 [136  65   0 603]
 [335  56   0 355]
 [  0   0   0 926]]
Epoch: [20/200], cls_loss: 0.2796, transfer_loss: -2.7565,person_loss: 0.0000, total_Loss: -1.0986
trian begin
trian end
n_person 615
SAMPLE
F1_MI: 0.5215197387948947 F1_MA: 0.5444764314474333 ACC_MI: 0.5215197387948947 F1_MA: 0.589260607119169
BEST_F1_MI: 0.7162362718907688 BEST_F1_MA: 0.7169670872303054 BEST_ACC_MI: 0.7162362718907688 BEST_F1_MA: 0.7296876679089268
[[104 782   3   4]
 [ 95 692   5  12]
 [516 195  35   0]
 [  0   0   0 926]]
Epoch: [21/200], cls_loss: 0.4447, transfer_loss: -2.7650,person_loss: 0.0000, total_Loss: -0.9378
trian begin
trian end
n_person 615
SAMPLE
F1_MI: 0.44612644701691895 F1_MA: 0.48963486976389514 ACC_MI: 0.44612644701691895 F1_MA: 0.5642842366719406
BEST_F1_MI: 0.7162362718907688 BEST_F1_MA: 0.7169670872303054 BEST_ACC_MI: 0.7162362718907688 BEST_F1_MA: 0.7296876679089268
[[168  10 713   2]
 [230  69 494  11]
 [403   3 340   0]
 [  0   0   0 926]]
Epoch: [22/200], cls_loss: 0.2636, transfer_loss: -2.7648,person_loss: 0.0000, total_Loss: -1.1188
trian begin
trian end
n_person 615
SAMPLE
F1_MI: 0.4657168299198575 F1_MA: 0.4661173961724043 ACC_MI: 0.4657168299198575 F1_MA: 0.4761334510647543
BEST_F1_MI: 0.7162362718907688 BEST_F1_MA: 0.7169670872303054 BEST_ACC_MI: 0.7162362718907688 BEST_F1_MA: 0.7296876679089268
[[ 96  16 781   0]
 [129 160 515   0]
 [ 59 297 390   0]
 [  2   1   0 923]]
Epoch: [23/200], cls_loss: 0.3971, transfer_loss: -2.7820,person_loss: 0.0000, total_Loss: -0.9940
trian begin
trian end
n_person 615
SAMPLE
F1_MI: 0.36865538735529824 F1_MA: 0.3394471301994442 ACC_MI: 0.3686553873552983 F1_MA: 0.327072822753773
BEST_F1_MI: 0.7162362718907688 BEST_F1_MA: 0.7169670872303054 BEST_ACC_MI: 0.7162362718907688 BEST_F1_MA: 0.7296876679089268
[[ 51   7 834   1]
 [ 62  12 720  10]
 [313 180 253   0]
 [  0   0   0 926]]
Epoch: [24/200], cls_loss: 0.2482, transfer_loss: -2.7740,person_loss: 0.0000, total_Loss: -1.1388
trian begin
trian end
n_person 615
SAMPLE
F1_MI: 0.3977441377263283 F1_MA: 0.4029079112820255 ACC_MI: 0.3977441377263283 F1_MA: 0.4242687764124365
BEST_F1_MI: 0.7162362718907688 BEST_F1_MA: 0.7169670872303054 BEST_ACC_MI: 0.7162362718907688 BEST_F1_MA: 0.7296876679089268
[[ 45  71 777   0]
 [ 99 129 576   0]
 [428  71 247   0]
 [  0   7   0 919]]
Epoch: [25/200], cls_loss: 0.2839, transfer_loss: -2.7811,person_loss: 0.0000, total_Loss: -1.1067
trian begin
trian end
n_person 615
SAMPLE
F1_MI: 0.4951024042742654 F1_MA: 0.5110927434028867 ACC_MI: 0.4951024042742654 F1_MA: 0.5435124128103588
BEST_F1_MI: 0.7162362718907688 BEST_F1_MA: 0.7169670872303054 BEST_ACC_MI: 0.7162362718907688 BEST_F1_MA: 0.7296876679089268
[[224  43 626   0]
 [486 170 148   0]
 [350  46 350   0]
 [  0   2   0 924]]
Epoch: [26/200], cls_loss: 0.2372, transfer_loss: -2.7810,person_loss: 0.0000, total_Loss: -1.1533
trian begin
trian end
n_person 615
SAMPLE
F1_MI: 0.5123181953101811 F1_MA: 0.46070981315911674 ACC_MI: 0.5123181953101811 F1_MA: 0.4344016096587166
BEST_F1_MI: 0.7162362718907688 BEST_F1_MA: 0.7169670872303054 BEST_ACC_MI: 0.7162362718907688 BEST_F1_MA: 0.7296876679089268
[[274 555  64   0]
 [221 520  62   1]
 [689  51   6   0]
 [  0   0   0 926]]
Epoch: [27/200], cls_loss: 0.3624, transfer_loss: -2.7717,person_loss: 0.0000, total_Loss: -1.0235
trian begin
trian end
n_person 615
SAMPLE
F1_MI: 0.5598100326506382 F1_MA: 0.47726481548260374 ACC_MI: 0.5598100326506382 F1_MA: 0.4254216196378565
BEST_F1_MI: 0.7162362718907688 BEST_F1_MA: 0.7169670872303054 BEST_ACC_MI: 0.7162362718907688 BEST_F1_MA: 0.7296876679089268
[[163 730   0   0]
 [  5 798   0   1]
 [441 305   0   0]
 [  0   1   0 925]]
Epoch: [28/200], cls_loss: 0.2723, transfer_loss: -2.7622,person_loss: 0.0000, total_Loss: -1.1088
trian begin
trian end
n_person 615
SAMPLE
F1_MI: 0.45235975066785394 F1_MA: 0.4513680299476036 ACC_MI: 0.45235975066785394 F1_MA: 0.461298659416296
BEST_F1_MI: 0.7162362718907688 BEST_F1_MA: 0.7169670872303054 BEST_ACC_MI: 0.7162362718907688 BEST_F1_MA: 0.7296876679089268
[[178 201 514   0]
 [154 559  91   0]
 [571  87  88   0]
 [  0 225   2 699]]
Epoch: [29/200], cls_loss: 0.2287, transfer_loss: -2.7841,person_loss: 0.0000, total_Loss: -1.1634
trian begin
trian end
n_person 615
SAMPLE
F1_MI: 0.3128524784802612 F1_MA: 0.36362629350271125 ACC_MI: 0.3128524784802612 F1_MA: 0.4296150866629213
BEST_F1_MI: 0.7162362718907688 BEST_F1_MA: 0.7169670872303054 BEST_ACC_MI: 0.7162362718907688 BEST_F1_MA: 0.7296876679089268
[[406 448  39   0]
 [147 643  14   0]
 [611 131   4   0]
 [  0 925   0   1]]
Epoch: [30/200], cls_loss: 0.2258, transfer_loss: -2.8016,person_loss: 0.0000, total_Loss: -1.1750
trian begin
trian end
n_person 615
SAMPLE
F1_MI: 0.4784802612051054 F1_MA: 0.46443312359137884 ACC_MI: 0.4784802612051054 F1_MA: 0.4670596851660925
BEST_F1_MI: 0.7162362718907688 BEST_F1_MA: 0.7169670872303054 BEST_ACC_MI: 0.7162362718907688 BEST_F1_MA: 0.7296876679089268
[[ 66 823   4   0]
 [179 599  26   0]
 [398 326  22   0]
 [  1   0   0 925]]
Epoch: [31/200], cls_loss: 0.2472, transfer_loss: -2.7839,person_loss: 0.0000, total_Loss: -1.1448
trian begin
trian end
n_person 615
SAMPLE
F1_MI: 0.5256752745621847 F1_MA: 0.48372214464463925 ACC_MI: 0.5256752745621847 F1_MA: 0.4573480449213385
BEST_F1_MI: 0.7162362718907688 BEST_F1_MA: 0.7169670872303054 BEST_ACC_MI: 0.7162362718907688 BEST_F1_MA: 0.7296876679089268
[[ 61 655 168   9]
 [ 37 682  71  14]
 [417 227 102   0]
 [  0   0   0 926]]
Epoch: [32/200], cls_loss: 0.3001, transfer_loss: -2.7928,person_loss: 0.0000, total_Loss: -1.0963
trian begin
trian end
n_person 615
SAMPLE
F1_MI: 0.5877114870881567 F1_MA: 0.557318552866845 ACC_MI: 0.5877114870881567 F1_MA: 0.5568412007156145
BEST_F1_MI: 0.7162362718907688 BEST_F1_MA: 0.7169670872303054 BEST_ACC_MI: 0.7162362718907688 BEST_F1_MA: 0.7296876679089268
[[652 222  14   5]
 [354 391  14  45]
 [715  20  11   0]
 [  0   0   0 926]]
Epoch: [33/200], cls_loss: 0.2288, transfer_loss: -2.7225,person_loss: 0.0000, total_Loss: -1.1325
trian begin
trian end
n_person 615
SAMPLE
F1_MI: 0.5259720985455625 F1_MA: 0.443979548733524 ACC_MI: 0.5259720985455625 F1_MA: 0.4055408622150404
BEST_F1_MI: 0.7162362718907688 BEST_F1_MA: 0.7169670872303054 BEST_ACC_MI: 0.7162362718907688 BEST_F1_MA: 0.7296876679089268
[[729  80  10  74]
 [406 117   0 281]
 [505  10   0 231]
 [  0   0   0 926]]
Epoch: [34/200], cls_loss: 0.2486, transfer_loss: -2.7435,person_loss: 0.0000, total_Loss: -1.1232
trian begin
trian end
n_person 615
SAMPLE
F1_MI: 0.5529830810329475 F1_MA: 0.5088264322078669 ACC_MI: 0.5529830810329475 F1_MA: 0.4849687904241934
BEST_F1_MI: 0.7162362718907688 BEST_F1_MA: 0.7169670872303054 BEST_ACC_MI: 0.7162362718907688 BEST_F1_MA: 0.7296876679089268
[[222 638  30   3]
 [ 27 687  62  28]
 [633  85  28   0]
 [  0   0   0 926]]
Epoch: [35/200], cls_loss: 0.2458, transfer_loss: -2.7322,person_loss: 0.0000, total_Loss: -1.1204
trian begin
trian end
n_person 615
SAMPLE
F1_MI: 0.5167705550608489 F1_MA: 0.5200980515504048 ACC_MI: 0.5167705550608489 F1_MA: 0.5261059652712494
BEST_F1_MI: 0.7162362718907688 BEST_F1_MA: 0.7169670872303054 BEST_ACC_MI: 0.7162362718907688 BEST_F1_MA: 0.7296876679089268
[[ 64 109 713   7]
 [ 21 222 525  36]
 [186  31 529   0]
 [  0   0   0 926]]
Epoch: [36/200], cls_loss: 0.2461, transfer_loss: -2.7639,person_loss: 0.0000, total_Loss: -1.1358
trian begin
trian end
n_person 615
SAMPLE
F1_MI: 0.5906797269219353 F1_MA: 0.5742853897823013 ACC_MI: 0.5906797269219353 F1_MA: 0.5870419636284776
BEST_F1_MI: 0.7162362718907688 BEST_F1_MA: 0.7169670872303054 BEST_ACC_MI: 0.7162362718907688 BEST_F1_MA: 0.7296876679089268
[[658 219  16   0]
 [374 393  37   0]
 [663  50  33   0]
 [  0  20   0 906]]
Epoch: [37/200], cls_loss: 0.2163, transfer_loss: -2.7250,person_loss: 0.0000, total_Loss: -1.1462
trian begin
trian end
n_person 615
SAMPLE
F1_MI: 0.23122588305135056 F1_MA: 0.263160779533765 ACC_MI: 0.23122588305135056 F1_MA: 0.3290324118948097
BEST_F1_MI: 0.7162362718907688 BEST_F1_MA: 0.7169670872303054 BEST_ACC_MI: 0.7162362718907688 BEST_F1_MA: 0.7296876679089268
[[716   2 175   0]
 [416  33 355   0]
 [736   0   7   3]
 [  0 903   0  23]]
Epoch: [38/200], cls_loss: 0.2191, transfer_loss: -2.7962,person_loss: 0.0000, total_Loss: -1.1790
trian begin
trian end
n_person 615
SAMPLE
F1_MI: 0.5449688334817453 F1_MA: 0.5221650324715619 ACC_MI: 0.5449688334817453 F1_MA: 0.5387693422410232
BEST_F1_MI: 0.7162362718907688 BEST_F1_MA: 0.7169670872303054 BEST_ACC_MI: 0.7162362718907688 BEST_F1_MA: 0.7296876679089268
[[856  17  19   1]
 [667  49  73  15]
 [741   0   5   0]
 [  0   0   0 926]]
Epoch: [39/200], cls_loss: 0.2230, transfer_loss: -2.7907,person_loss: 0.0000, total_Loss: -1.1723
trian begin
trian end
n_person 615
SAMPLE
F1_MI: 0.5004452359750667 F1_MA: 0.4876604470092029 ACC_MI: 0.5004452359750667 F1_MA: 0.4923983080093437
BEST_F1_MI: 0.7162362718907688 BEST_F1_MA: 0.7169670872303054 BEST_ACC_MI: 0.7162362718907688 BEST_F1_MA: 0.7296876679089268
[[347 181 365   0]
 [299 113 390   2]
 [425  18 303   0]
 [  0   0   3 923]]
Epoch: [40/200], cls_loss: 0.3454, transfer_loss: -2.7917,person_loss: 0.0000, total_Loss: -1.0504
trian begin
trian end
n_person 615
SAMPLE
F1_MI: 0.4651231819531018 F1_MA: 0.4340414100377276 ACC_MI: 0.4651231819531018 F1_MA: 0.40597349424196577
BEST_F1_MI: 0.7162362718907688 BEST_F1_MA: 0.7169670872303054 BEST_ACC_MI: 0.7162362718907688 BEST_F1_MA: 0.7296876679089268
[[  0 234 659   0]
 [  2 260 542   0]
 [ 71 175 500   0]
 [  0 119   0 807]]
Epoch: [41/200], cls_loss: 0.2723, transfer_loss: -2.7608,person_loss: 0.0000, total_Loss: -1.1082
trian begin
trian end
n_person 615
SAMPLE
F1_MI: 0.4793707331552389 F1_MA: 0.46649220055689367 ACC_MI: 0.4793707331552389 F1_MA: 0.4684867470185018
BEST_F1_MI: 0.7162362718907688 BEST_F1_MA: 0.7169670872303054 BEST_ACC_MI: 0.7162362718907688 BEST_F1_MA: 0.7296876679089268
[[163 304 426   0]
 [147 330 327   0]
 [184 357 205   0]
 [  0   9   0 917]]
Epoch: [42/200], cls_loss: 0.2176, transfer_loss: -2.7800,person_loss: 0.0000, total_Loss: -1.1724
trian begin
trian end
n_person 615
SAMPLE
F1_MI: 0.47521519738794893 F1_MA: 0.4185745872177664 ACC_MI: 0.47521519738794893 F1_MA: 0.3733107973579477
BEST_F1_MI: 0.7162362718907688 BEST_F1_MA: 0.7169670872303054 BEST_ACC_MI: 0.7162362718907688 BEST_F1_MA: 0.7296876679089268
[[  0   0 702 191]
 [  4   3 544 253]
 [  0   0 675  71]
 [  0   3   0 923]]
Epoch: [43/200], cls_loss: 0.2347, transfer_loss: -2.7041,person_loss: 0.0000, total_Loss: -1.1174
trian begin
trian end
n_person 615
SAMPLE
F1_MI: 0.2487384980706441 F1_MA: 0.27134666210242275 ACC_MI: 0.2487384980706441 F1_MA: 0.26842313258067557
BEST_F1_MI: 0.7162362718907688 BEST_F1_MA: 0.7169670872303054 BEST_ACC_MI: 0.7162362718907688 BEST_F1_MA: 0.7296876679089268
[[ 95   2 584 212]
 [ 54  25 466 259]
 [  3   7 708  28]
 [  0 916   0  10]]
Epoch: [44/200], cls_loss: 0.2337, transfer_loss: -2.7783,person_loss: 0.0000, total_Loss: -1.1554
trian begin
trian end
n_person 615
SAMPLE
F1_MI: 0.5120213713268033 F1_MA: 0.5433417666374647 ACC_MI: 0.5120213713268033 F1_MA: 0.5760398420698273
BEST_F1_MI: 0.7162362718907688 BEST_F1_MA: 0.7169670872303054 BEST_ACC_MI: 0.7162362718907688 BEST_F1_MA: 0.7296876679089268
[[ 49   3 763  78]
 [ 85  40 543 136]
 [  3   6 711  26]
 [  0   1   0 925]]
Epoch: [45/200], cls_loss: 0.2292, transfer_loss: -2.7966,person_loss: 0.0000, total_Loss: -1.1691
trian begin
trian end
n_person 615
SAMPLE
F1_MI: 0.23894330661917482 F1_MA: 0.17824589190622372 ACC_MI: 0.23894330661917482 F1_MA: 0.13443848886102744
BEST_F1_MI: 0.7162362718907688 BEST_F1_MA: 0.7169670872303054 BEST_ACC_MI: 0.7162362718907688 BEST_F1_MA: 0.7296876679089268
[[ 11  72 810   0]
 [ 82 197 525   0]
 [ 51  98 597   0]
 [  0 926   0   0]]
Epoch: [46/200], cls_loss: 0.2030, transfer_loss: -2.7578,person_loss: 0.0000, total_Loss: -1.1759
trian begin
trian end
n_person 615
SAMPLE
F1_MI: 0.4951024042742654 F1_MA: 0.43196716582915273 ACC_MI: 0.4951024042742654 F1_MA: 0.39081849592328655
BEST_F1_MI: 0.7162362718907688 BEST_F1_MA: 0.7169670872303054 BEST_ACC_MI: 0.7162362718907688 BEST_F1_MA: 0.7296876679089268
[[  0 765 128   0]
 [ 11 656 134   3]
 [ 27 633  86   0]
 [  0   0   0 926]]
Epoch: [47/200], cls_loss: 0.2405, transfer_loss: -2.7767,person_loss: 0.0000, total_Loss: -1.1479
trian begin
trian end
n_person 615
SAMPLE
F1_MI: 0.3143365983971505 F1_MA: 0.3856296512596896 ACC_MI: 0.3143365983971505 F1_MA: 0.4456729519485405
BEST_F1_MI: 0.7162362718907688 BEST_F1_MA: 0.7169670872303054 BEST_ACC_MI: 0.7162362718907688 BEST_F1_MA: 0.7296876679089268
[[  0 230 663   0]
 [  1 512 287   4]
 [  9 231 506   0]
 [881   4   0  41]]
Epoch: [48/200], cls_loss: 0.1938, transfer_loss: -2.7838,person_loss: 0.0000, total_Loss: -1.1981
trian begin
trian end
n_person 615
SAMPLE
F1_MI: 0.5612941525675275 F1_MA: 0.5130331821104224 ACC_MI: 0.5612941525675275 F1_MA: 0.47085154707737187
BEST_F1_MI: 0.7162362718907688 BEST_F1_MA: 0.7169670872303054 BEST_ACC_MI: 0.7162362718907688 BEST_F1_MA: 0.7296876679089268
[[  2 196 691   4]
 [ 17 412 339  36]
 [ 23 167 554   2]
 [  0   3   0 923]]
Epoch: [49/200], cls_loss: 0.1946, transfer_loss: -2.8049,person_loss: 0.0000, total_Loss: -1.2079
trian begin
trian end
n_person 615
SAMPLE
F1_MI: 0.5233006826951617 F1_MA: 0.48955625096611183 ACC_MI: 0.5233006826951617 F1_MA: 0.4625799013200542
BEST_F1_MI: 0.7162362718907688 BEST_F1_MA: 0.7169670872303054 BEST_ACC_MI: 0.7162362718907688 BEST_F1_MA: 0.7296876679089268
[[ 18 212 662   1]
 [ 96 401 296  11]
 [ 80 247 419   0]
 [  0   0   1 925]]
Epoch: [50/200], cls_loss: 0.2759, transfer_loss: -2.7614,person_loss: 0.0000, total_Loss: -1.1048
trian begin
trian end
n_person 615
SAMPLE
F1_MI: 0.4915405164737311 F1_MA: 0.431723514446096 ACC_MI: 0.4915405164737311 F1_MA: 0.394231444383798
BEST_F1_MI: 0.7162362718907688 BEST_F1_MA: 0.7169670872303054 BEST_ACC_MI: 0.7162362718907688 BEST_F1_MA: 0.7296876679089268
[[ 27 678 188   0]
 [ 72 664  65   3]
 [280 427  39   0]
 [  0   0   0 926]]
Epoch: [51/200], cls_loss: 0.2011, transfer_loss: -2.7889,person_loss: 0.0000, total_Loss: -1.1934
trian begin
trian end
n_person 615
SAMPLE
F1_MI: 0.1641436628079549 F1_MA: 0.23189439160757772 ACC_MI: 0.1641436628079549 F1_MA: 0.34131787330316743
BEST_F1_MI: 0.7162362718907688 BEST_F1_MA: 0.7169670872303054 BEST_ACC_MI: 0.7162362718907688 BEST_F1_MA: 0.7296876679089268
[[  9 113 771   0]
 [ 64 352 387   1]
 [110 455 181   0]
 [ 12 202 701  11]]
Epoch: [52/200], cls_loss: 0.2158, transfer_loss: -2.7814,person_loss: 0.0000, total_Loss: -1.1749
trian begin
trian end
n_person 615
SAMPLE
F1_MI: 0.4283170080142475 F1_MA: 0.4049394305896926 ACC_MI: 0.42831700801424755 F1_MA: 0.39228359807466845
BEST_F1_MI: 0.7162362718907688 BEST_F1_MA: 0.7169670872303054 BEST_ACC_MI: 0.7162362718907688 BEST_F1_MA: 0.7296876679089268
[[  0  84 808   1]
 [ 12 202 576  14]
 [211 219 316   0]
 [  0   1   0 925]]
Epoch: [53/200], cls_loss: 0.1807, transfer_loss: -2.7917,person_loss: 0.0000, total_Loss: -1.2152
trian begin
trian end
n_person 615
SAMPLE
F1_MI: 0.43158207183140396 F1_MA: 0.40204438467443726 ACC_MI: 0.43158207183140396 F1_MA: 0.38811778362742544
BEST_F1_MI: 0.7162362718907688 BEST_F1_MA: 0.7169670872303054 BEST_ACC_MI: 0.7162362718907688 BEST_F1_MA: 0.7296876679089268
[[  0 174 718   1]
 [ 13 411 357  23]
 [357 272 117   0]
 [  0   0   0 926]]
Epoch: [54/200], cls_loss: 0.1855, transfer_loss: -2.8044,person_loss: 0.0000, total_Loss: -1.2167
trian begin
trian end
n_person 615
SAMPLE
F1_MI: 0.23745918670228555 F1_MA: 0.2860092981003228 ACC_MI: 0.23745918670228555 F1_MA: 0.30988732001305197
BEST_F1_MI: 0.7162362718907688 BEST_F1_MA: 0.7169670872303054 BEST_ACC_MI: 0.7162362718907688 BEST_F1_MA: 0.7296876679089268
[[  2  49 841   1]
 [ 10  82 701  11]
 [ 20  17 709   0]
 [919   0   0   7]]
Epoch: [55/200], cls_loss: 0.2067, transfer_loss: -2.7572,person_loss: 0.0000, total_Loss: -1.1719
trian begin
trian end
n_person 615
SAMPLE
F1_MI: 0.4728406055209261 F1_MA: 0.4529175328147819 ACC_MI: 0.4728406055209261 F1_MA: 0.4381396764091902
BEST_F1_MI: 0.7162362718907688 BEST_F1_MA: 0.7169670872303054 BEST_ACC_MI: 0.7162362718907688 BEST_F1_MA: 0.7296876679089268
[[ 23 106 203 561]
 [121 146  81 456]
 [ 38  10 498 200]
 [  0   0   0 926]]
Epoch: [56/200], cls_loss: 0.1947, transfer_loss: -2.7376,person_loss: 0.0000, total_Loss: -1.1741
trian begin
trian end
n_person 615
SAMPLE
F1_MI: 0.41644404867913326 F1_MA: 0.42196100605941383 ACC_MI: 0.41644404867913326 F1_MA: 0.42899451783138526
BEST_F1_MI: 0.7162362718907688 BEST_F1_MA: 0.7169670872303054 BEST_ACC_MI: 0.7162362718907688 BEST_F1_MA: 0.7296876679089268
[[  3 782  95  13]
 [ 31 690  81   2]
 [ 36 584 124   2]
 [  0 340   0 586]]
Epoch: [57/200], cls_loss: 0.2628, transfer_loss: -2.7822,person_loss: 0.0000, total_Loss: -1.1283
trian begin
trian end
n_person 615
SAMPLE
F1_MI: 0.46482635796972394 F1_MA: 0.4273868421902585 ACC_MI: 0.46482635796972394 F1_MA: 0.4065707531502569
BEST_F1_MI: 0.7162362718907688 BEST_F1_MA: 0.7169670872303054 BEST_ACC_MI: 0.7162362718907688 BEST_F1_MA: 0.7296876679089268
[[ 47 650 149  47]
 [ 79 473 148 104]
 [ 99 499 120  28]
 [  0   0   0 926]]
Epoch: [58/200], cls_loss: 0.3726, transfer_loss: -2.7350,person_loss: 0.0000, total_Loss: -0.9949
trian begin
trian end
n_person 615
SAMPLE
F1_MI: 0.6188780053428317 F1_MA: 0.5956615972805716 ACC_MI: 0.6188780053428317 F1_MA: 0.5765078273416828
BEST_F1_MI: 0.7162362718907688 BEST_F1_MA: 0.7169670872303054 BEST_ACC_MI: 0.7162362718907688 BEST_F1_MA: 0.7296876679089268
[[ 89 653 148   3]
 [  8 729  44  23]
 [359  19 345  23]
 [  0   4   0 922]]
Epoch: [59/200], cls_loss: 0.2074, transfer_loss: -2.7821,person_loss: 0.0000, total_Loss: -1.1836
trian begin
trian end
n_person 615
SAMPLE
F1_MI: 0.5571386168002375 F1_MA: 0.5362115115585647 ACC_MI: 0.5571386168002375 F1_MA: 0.5230869049497385
BEST_F1_MI: 0.7162362718907688 BEST_F1_MA: 0.7169670872303054 BEST_ACC_MI: 0.7162362718907688 BEST_F1_MA: 0.7296876679089268
[[ 32 811  34  16]
 [  4 700  53  47]
 [390  35 219 102]
 [  0   0   0 926]]
Epoch: [60/200], cls_loss: 0.1589, transfer_loss: -2.7504,person_loss: 0.0000, total_Loss: -1.2163
trian begin
trian end
n_person 615
SAMPLE
F1_MI: 0.4499851588008311 F1_MA: 0.42406468559971944 ACC_MI: 0.4499851588008311 F1_MA: 0.4077552697169922
BEST_F1_MI: 0.7162362718907688 BEST_F1_MA: 0.7169670872303054 BEST_ACC_MI: 0.7162362718907688 BEST_F1_MA: 0.7296876679089268
[[  6  91 793   3]
 [  2 234 529  39]
 [181 215 350   0]
 [  0   0   0 926]]
Epoch: [61/200], cls_loss: 0.2120, transfer_loss: -2.7801,person_loss: 0.0000, total_Loss: -1.1781
trian begin
trian end
n_person 615
SAMPLE
F1_MI: 0.4784802612051054 F1_MA: 0.4304449504009266 ACC_MI: 0.4784802612051054 F1_MA: 0.3968033755216084
BEST_F1_MI: 0.7162362718907688 BEST_F1_MA: 0.7169670872303054 BEST_ACC_MI: 0.7162362718907688 BEST_F1_MA: 0.7296876679089268
[[  0 178 711   4]
 [  1 396 367  40]
 [ 92 361 290   3]
 [  0   0   0 926]]
Epoch: [62/200], cls_loss: 0.2170, transfer_loss: -2.7706,person_loss: 0.0000, total_Loss: -1.1683
trian begin
trian end
n_person 615
SAMPLE
F1_MI: 0.4666073018699911 F1_MA: 0.4394948128436359 ACC_MI: 0.4666073018699911 F1_MA: 0.4187102308818278
BEST_F1_MI: 0.7162362718907688 BEST_F1_MA: 0.7169670872303054 BEST_ACC_MI: 0.7162362718907688 BEST_F1_MA: 0.7296876679089268
[[  0  57 763  73]
 [  0 167 449 188]
 [166  31 479  70]
 [  0   0   0 926]]
Epoch: [63/200], cls_loss: 0.1722, transfer_loss: -2.7905,person_loss: 0.0000, total_Loss: -1.2230
trian begin
trian end
n_person 615
SAMPLE
F1_MI: 0.4980706441080439 F1_MA: 0.46643668525113235 ACC_MI: 0.4980706441080439 F1_MA: 0.44051685335249324
BEST_F1_MI: 0.7162362718907688 BEST_F1_MA: 0.7169670872303054 BEST_ACC_MI: 0.7162362718907688 BEST_F1_MA: 0.7296876679089268
[[  1 137 752   3]
 [  1 263 486  54]
 [143  41 488  74]
 [  0   0   0 926]]
Epoch: [64/200], cls_loss: 0.2086, transfer_loss: -2.7868,person_loss: 0.0000, total_Loss: -1.1848
[[725 154  14   0]
 [498 229  77   0]
 [168  16 562   0]
 [  0   2  27 897]]
[[725 154  14   0]
 [498 229  77   0]
 [168  16 562   0]
 [  0   2  27 897]]
WHAT: False
{'best_f1': 0.7169670872303054, 'best_matrix': [[725, 154, 14, 0], [498, 229, 77, 0], [168, 16, 562, 0], [0, 2, 27, 897]], 'args': 0.1}
{"best_f1": 0.7169670872303054, "best_matrix": [[725, 154, 14, 0], [498, 229, 77, 0], [168, 16, 562, 0], [0, 2, 27, 897]], "args": 0.1}
ARG: Namespace(backbone='resnet50', batch_size=32, config='BNM/BNM.yaml', data_dir='data', device=device(type='cuda'), early_stop=50, epoch_based_training=False, lr=0.003, lr_decay=0.75, lr_gamma=0.0003, lr_scheduler=True, max_iter=21000, method='False', momentum=0.9, myweight=0.1, n_class=4, n_epoch=200, n_iter_per_epoch=105, num_workers=3, seed=3, src_domain='PAMAP2', tgt_domain='UCI', tname='transfer', transfer_loss='bnm', transfer_loss_weight=0.5, use_bottleneck=True, weight_decay=0.0005)
