daan 3 PAMAP2 UCI DAAN/DAAN.yaml False
Namespace(backbone='resnet50', batch_size=32, config='DAAN/DAAN.yaml', data_dir='data', device=device(type='cuda'), early_stop=50, epoch_based_training=False, lr=0.003, lr_decay=0.75, lr_gamma=0.0003, lr_scheduler=True, method='False', momentum=0.9, myweight=0.1, n_epoch=200, n_iter_per_epoch=100, num_workers=3, seed=3, src_domain='PAMAP2', tgt_domain='UCI', tname='transfer', transfer_loss='daan', transfer_loss_weight=0.5, use_bottleneck=True, weight_decay=0.0005)
JUST DO IT
run my Parkinson code
transfer
TRAIN Length: 4725 360 TEST Length: 3369 615
YYY: 0 3
DATA_PROFILE   train: 4725 train2: 3369 test: 3369
DATASET.SHAPE: <data_loader.GetTrainLoader object at 0x7f8fb30f1ef0> True
DATASET.SHAPE: <data_loader.GetTrainLoader object at 0x7f8fb3090160> True
DATASET.SHAPE: <data_loader.GetTestLoader object at 0x7f8fb3085fd0> False
CLASS: 4 615
LLL: {}
BOTTLENECK_LIST: [Linear(in_features=512, out_features=256, bias=True), ReLU()]
TYPE: {'loss_type': 'daan', 'max_iter': 21000, 'num_class': 4, 'my_person_item': <my_person_item.PersonItem object at 0x7f9072bfd198>}
initial_lr 1.0
transfer_world
method False <class 'str'>
1.10.1+cu102
True
LEN: 0 0
LOADER: <data_loader.InfiniteDataLoader object at 0x7f8fb3090fd0> <data_loader.InfiniteDataLoader object at 0x7f8fb3085ef0>
N_batch: 105
trian begin
trian end
n_person 615
SAMPLE
F1_MI: 0.5752448797862867 F1_MA: 0.49969510586608273 ACC_MI: 0.5752448797862867 F1_MA: 0.45735861352358853
BEST_F1_MI: 0.5752448797862867 BEST_F1_MA: 0.49969510586608273 BEST_ACC_MI: 0.5752448797862867 BEST_F1_MA: 0.45735861352358853
[[452 439   0   2]
 [233 560   8   3]
 [552 194   0   0]
 [  0   0   0 926]]
Epoch: [ 1/200], cls_loss: 0.7987, transfer_loss: 0.0189,person_loss: 0.0000, total_Loss: 0.8081
trian begin
trian end
n_person 615
SAMPLE
F1_MI: 0.5811813594538439 F1_MA: 0.5946182926038152 ACC_MI: 0.5811813594538439 F1_MA: 0.6548853287303
BEST_F1_MI: 0.5811813594538439 BEST_F1_MA: 0.5946182926038152 BEST_ACC_MI: 0.5811813594538439 BEST_F1_MA: 0.6548853287303
[[858  35   0   0]
 [629 171   4   0]
 [694  47   5   0]
 [  0   2   0 924]]
Epoch: [ 2/200], cls_loss: 0.5684, transfer_loss: 0.0175,person_loss: 0.0000, total_Loss: 0.5772
trian begin
trian end
n_person 615
SAMPLE
F1_MI: 0.593351142772336 F1_MA: 0.5590661676583385 ACC_MI: 0.593351142772336 F1_MA: 0.5569337162914032
BEST_F1_MI: 0.593351142772336 BEST_F1_MA: 0.5946182926038152 BEST_ACC_MI: 0.593351142772336 BEST_F1_MA: 0.6548853287303
[[736 148   0   9]
 [441 324  37   2]
 [628 104  14   0]
 [  0   0   1 925]]
Epoch: [ 3/200], cls_loss: 0.4769, transfer_loss: 0.0179,person_loss: 0.0000, total_Loss: 0.4858
trian begin
trian end
n_person 615
SAMPLE
F1_MI: 0.6096764618581182 F1_MA: 0.6005869101743149 ACC_MI: 0.6096764618581182 F1_MA: 0.613749218140352
BEST_F1_MI: 0.6096764618581182 BEST_F1_MA: 0.6005869101743149 BEST_ACC_MI: 0.6096764618581182 BEST_F1_MA: 0.6548853287303
[[443 438  11   1]
 [129 648  27   0]
 [256 452  38   0]
 [  0   1   0 925]]
Epoch: [ 4/200], cls_loss: 0.4356, transfer_loss: 0.0185,person_loss: 0.0000, total_Loss: 0.4448
trian begin
trian end
n_person 615
SAMPLE
F1_MI: 0.5651528643514396 F1_MA: 0.5201073850532387 ACC_MI: 0.5651528643514396 F1_MA: 0.5072486192636861
BEST_F1_MI: 0.6096764618581182 BEST_F1_MA: 0.6005869101743149 BEST_ACC_MI: 0.6096764618581182 BEST_F1_MA: 0.6548853287303
[[679 132  46  36]
 [422 278  90  14]
 [628  96  22   0]
 [  0   1   0 925]]
Epoch: [ 5/200], cls_loss: 0.3862, transfer_loss: 0.0190,person_loss: 0.0000, total_Loss: 0.3957
trian begin
trian end
n_person 615
SAMPLE
F1_MI: 0.568417928168596 F1_MA: 0.5340860696023971 ACC_MI: 0.568417928168596 F1_MA: 0.532363762141405
BEST_F1_MI: 0.6096764618581182 BEST_F1_MA: 0.6005869101743149 BEST_ACC_MI: 0.6096764618581182 BEST_F1_MA: 0.6548853287303
[[736 116  41   0]
 [445 237 122   0]
 [683  36  27   0]
 [  0  11   0 915]]
Epoch: [ 6/200], cls_loss: 0.3512, transfer_loss: 0.0196,person_loss: 0.0000, total_Loss: 0.3610
trian begin
trian end
n_person 615
SAMPLE
F1_MI: 0.5034134758088453 F1_MA: 0.523348189812628 ACC_MI: 0.5034134758088453 F1_MA: 0.5698382573045676
BEST_F1_MI: 0.6096764618581182 BEST_F1_MA: 0.6005869101743149 BEST_ACC_MI: 0.6096764618581182 BEST_F1_MA: 0.6548853287303
[[391  13 488   1]
 [330 113 360   1]
 [445  33 268   0]
 [  0   1   1 924]]
Epoch: [ 7/200], cls_loss: 0.3499, transfer_loss: 0.0196,person_loss: 0.0000, total_Loss: 0.3597
trian begin
trian end
n_person 615
SAMPLE
F1_MI: 0.607895517957851 F1_MA: 0.5602594026287789 ACC_MI: 0.607895517957851 F1_MA: 0.5450109912553114
BEST_F1_MI: 0.6096764618581182 BEST_F1_MA: 0.6005869101743149 BEST_ACC_MI: 0.6096764618581182 BEST_F1_MA: 0.6548853287303
[[735 126  31   1]
 [410 378  15   1]
 [589 147  10   0]
 [  0   1   0 925]]
Epoch: [ 8/200], cls_loss: 0.3712, transfer_loss: 0.0198,person_loss: 0.0000, total_Loss: 0.3811
trian begin
trian end
n_person 615
SAMPLE
F1_MI: 0.564262392401306 F1_MA: 0.5169023242760344 ACC_MI: 0.564262392401306 F1_MA: 0.5045814052805073
BEST_F1_MI: 0.6096764618581182 BEST_F1_MA: 0.6005869101743149 BEST_ACC_MI: 0.6096764618581182 BEST_F1_MA: 0.6548853287303
[[768  46  75   4]
 [500 193 105   6]
 [613 117  16   0]
 [  0   2   0 924]]
Epoch: [ 9/200], cls_loss: 0.3292, transfer_loss: 0.0191,person_loss: 0.0000, total_Loss: 0.3388
trian begin
trian end
n_person 615
SAMPLE
F1_MI: 0.2986049272781241 F1_MA: 0.3397683557304587 ACC_MI: 0.2986049272781241 F1_MA: 0.41440028818055724
BEST_F1_MI: 0.6096764618581182 BEST_F1_MA: 0.6005869101743149 BEST_ACC_MI: 0.6096764618581182 BEST_F1_MA: 0.6548853287303
[[803  27  63   0]
 [512 163 129   0]
 [692  29  25   0]
 [  0 906   5  15]]
Epoch: [10/200], cls_loss: 0.2922, transfer_loss: 0.0194,person_loss: 0.0000, total_Loss: 0.3019
trian begin
trian end
n_person 615
SAMPLE
F1_MI: 0.555951320866726 F1_MA: 0.5078932461853349 ACC_MI: 0.555951320866726 F1_MA: 0.49150991447224424
BEST_F1_MI: 0.6096764618581182 BEST_F1_MA: 0.6005869101743149 BEST_ACC_MI: 0.6096764618581182 BEST_F1_MA: 0.6548853287303
[[654  81 152   6]
 [295 243 258   8]
 [382 314  50   0]
 [  0   0   0 926]]
Epoch: [11/200], cls_loss: 0.2742, transfer_loss: 0.0191,person_loss: 0.0000, total_Loss: 0.2838
trian begin
trian end
n_person 615
SAMPLE
F1_MI: 0.5648560403680617 F1_MA: 0.5437959808889387 ACC_MI: 0.5648560403680617 F1_MA: 0.5524793257528324
BEST_F1_MI: 0.6096764618581182 BEST_F1_MA: 0.6005869101743149 BEST_ACC_MI: 0.6096764618581182 BEST_F1_MA: 0.6548853287303
[[662  61 167   3]
 [356 228 220   0]
 [577  82  87   0]
 [  0   0   0 926]]
Epoch: [12/200], cls_loss: 0.2971, transfer_loss: 0.0189,person_loss: 0.0000, total_Loss: 0.3065
trian begin
trian end
n_person 615
SAMPLE
F1_MI: 0.5796972395369546 F1_MA: 0.5201779637056078 ACC_MI: 0.5796972395369546 F1_MA: 0.49228862427867826
BEST_F1_MI: 0.6096764618581182 BEST_F1_MA: 0.6005869101743149 BEST_ACC_MI: 0.6096764618581182 BEST_F1_MA: 0.6548853287303
[[606 229  57   1]
 [332 426  44   2]
 [470 266  10   0]
 [  0   1  14 911]]
Epoch: [13/200], cls_loss: 0.2650, transfer_loss: 0.0189,person_loss: 0.0000, total_Loss: 0.2744
trian begin
trian end
n_person 615
SAMPLE
F1_MI: 0.5604036806173939 F1_MA: 0.5064852735213845 ACC_MI: 0.5604036806173939 F1_MA: 0.4901130701618474
BEST_F1_MI: 0.6096764618581182 BEST_F1_MA: 0.6005869101743149 BEST_ACC_MI: 0.6096764618581182 BEST_F1_MA: 0.6548853287303
[[817  38  15  23]
 [618 143  20  23]
 [644  94   4   4]
 [  0   2   0 924]]
Epoch: [14/200], cls_loss: 0.2600, transfer_loss: 0.0190,person_loss: 0.0000, total_Loss: 0.2695
trian begin
trian end
n_person 615
SAMPLE
F1_MI: 0.593351142772336 F1_MA: 0.5419305854160281 ACC_MI: 0.593351142772336 F1_MA: 0.5250429447032638
BEST_F1_MI: 0.6096764618581182 BEST_F1_MA: 0.6005869101743149 BEST_ACC_MI: 0.6096764618581182 BEST_F1_MA: 0.6548853287303
[[774 104  15   0]
 [473 290  41   0]
 [580 156  10   0]
 [  0   0   1 925]]
Epoch: [15/200], cls_loss: 0.2813, transfer_loss: 0.0188,person_loss: 0.0000, total_Loss: 0.2907
trian begin
trian end
n_person 615
SAMPLE
F1_MI: 0.6087859899079846 F1_MA: 0.5575632144687602 ACC_MI: 0.6087859899079846 F1_MA: 0.5413759656387447
BEST_F1_MI: 0.6096764618581182 BEST_F1_MA: 0.6005869101743149 BEST_ACC_MI: 0.6096764618581182 BEST_F1_MA: 0.6548853287303
[[818  65   9   1]
 [476 306  22   0]
 [603 138   5   0]
 [  0   4   0 922]]
Epoch: [16/200], cls_loss: 0.2796, transfer_loss: 0.0192,person_loss: 0.0000, total_Loss: 0.2892
trian begin
trian end
n_person 615
SAMPLE
F1_MI: 0.6138319976254082 F1_MA: 0.5557635573831463 ACC_MI: 0.6138319976254082 F1_MA: 0.5316315657664261
BEST_F1_MI: 0.6138319976254082 BEST_F1_MA: 0.6005869101743149 BEST_ACC_MI: 0.6138319976254082 BEST_F1_MA: 0.6548853287303
[[745 118  21   9]
 [385 395  11  13]
 [610 132   4   0]
 [  0   2   0 924]]
Epoch: [17/200], cls_loss: 0.2289, transfer_loss: 0.0189,person_loss: 0.0000, total_Loss: 0.2383
trian begin
trian end
n_person 615
SAMPLE
F1_MI: 0.5883051350549124 F1_MA: 0.5555021881252225 ACC_MI: 0.5883051350549124 F1_MA: 0.5530975752105525
BEST_F1_MI: 0.6138319976254082 BEST_F1_MA: 0.6005869101743149 BEST_ACC_MI: 0.6138319976254082 BEST_F1_MA: 0.6548853287303
[[685  90 114   4]
 [362 338 102   2]
 [645  68  33   0]
 [  0   0   0 926]]
Epoch: [18/200], cls_loss: 0.2527, transfer_loss: 0.0188,person_loss: 0.0000, total_Loss: 0.2621
trian begin
trian end
n_person 615
SAMPLE
F1_MI: 0.3440189967349362 F1_MA: 0.3780071874073342 ACC_MI: 0.3440189967349362 F1_MA: 0.4278246818292861
BEST_F1_MI: 0.6138319976254082 BEST_F1_MA: 0.6005869101743149 BEST_ACC_MI: 0.6138319976254082 BEST_F1_MA: 0.6548853287303
[[688  97 101   7]
 [278 429  93   4]
 [499 227  19   1]
 [  0   3 900  23]]
Epoch: [19/200], cls_loss: 0.2439, transfer_loss: 0.0186,person_loss: 0.0000, total_Loss: 0.2532
trian begin
trian end
n_person 615
SAMPLE
F1_MI: 0.5167705550608489 F1_MA: 0.5100979027764498 ACC_MI: 0.5167705550608489 F1_MA: 0.5340858156762912
BEST_F1_MI: 0.6138319976254082 BEST_F1_MA: 0.6005869101743149 BEST_ACC_MI: 0.6138319976254082 BEST_F1_MA: 0.6548853287303
[[815  44  33   1]
 [512 230  60   2]
 [689  48   9   0]
 [  0   2 237 687]]
Epoch: [20/200], cls_loss: 0.2244, transfer_loss: 0.0189,person_loss: 0.0000, total_Loss: 0.2339
trian begin
trian end
n_person 615
SAMPLE
F1_MI: 0.578806767586821 F1_MA: 0.5350486847075546 ACC_MI: 0.578806767586821 F1_MA: 0.5255175565578729
BEST_F1_MI: 0.6138319976254082 BEST_F1_MA: 0.6005869101743149 BEST_ACC_MI: 0.6138319976254082 BEST_F1_MA: 0.6548853287303
[[775  75  38   5]
 [450 232 117   5]
 [640  86  19   1]
 [  0   0   2 924]]
Epoch: [21/200], cls_loss: 0.2258, transfer_loss: 0.0186,person_loss: 0.0000, total_Loss: 0.2351
trian begin
trian end
n_person 615
SAMPLE
F1_MI: 0.5835559513208667 F1_MA: 0.5513759544267476 ACC_MI: 0.5835559513208667 F1_MA: 0.55019858594836
BEST_F1_MI: 0.6138319976254082 BEST_F1_MA: 0.6005869101743149 BEST_ACC_MI: 0.6138319976254082 BEST_F1_MA: 0.6548853287303
[[734  84  39  36]
 [409 275  75  45]
 [587 106  49   4]
 [  0   0  18 908]]
Epoch: [22/200], cls_loss: 0.2369, transfer_loss: 0.0187,person_loss: 0.0000, total_Loss: 0.2463
trian begin
trian end
n_person 615
SAMPLE
F1_MI: 0.599584446423271 F1_MA: 0.5649857400101655 ACC_MI: 0.599584446423271 F1_MA: 0.5648187667231898
BEST_F1_MI: 0.6138319976254082 BEST_F1_MA: 0.6005869101743149 BEST_ACC_MI: 0.6138319976254082 BEST_F1_MA: 0.6548853287303
[[823  37  23  10]
 [493 251  52   8]
 [624 102  20   0]
 [  0   0   0 926]]
Epoch: [23/200], cls_loss: 0.2517, transfer_loss: 0.0188,person_loss: 0.0000, total_Loss: 0.2611
trian begin
trian end
n_person 615
SAMPLE
F1_MI: 0.5782131196200653 F1_MA: 0.5594400109763175 ACC_MI: 0.5782131196200653 F1_MA: 0.578380688116002
BEST_F1_MI: 0.6138319976254082 BEST_F1_MA: 0.6005869101743149 BEST_ACC_MI: 0.6138319976254082 BEST_F1_MA: 0.6548853287303
[[869  15   7   2]
 [631 145  28   0]
 [656  72  18   0]
 [  0   1   9 916]]
Epoch: [24/200], cls_loss: 0.1985, transfer_loss: 0.0188,person_loss: 0.0000, total_Loss: 0.2079
trian begin
trian end
n_person 615
SAMPLE
F1_MI: 0.3033541110121698 F1_MA: 0.3700590434633518 ACC_MI: 0.3033541110121698 F1_MA: 0.5027212419031742
BEST_F1_MI: 0.6138319976254082 BEST_F1_MA: 0.6005869101743149 BEST_ACC_MI: 0.6138319976254082 BEST_F1_MA: 0.6548853287303
[[811  52  30   0]
 [551 189  64   0]
 [661  69  16   0]
 [  0   8 912   6]]
Epoch: [25/200], cls_loss: 0.2144, transfer_loss: 0.0187,person_loss: 0.0000, total_Loss: 0.2238
trian begin
trian end
n_person 615
SAMPLE
F1_MI: 0.3262095577322648 F1_MA: 0.38485356551173205 ACC_MI: 0.3262095577322648 F1_MA: 0.48494937416371686
BEST_F1_MI: 0.6138319976254082 BEST_F1_MA: 0.6005869101743149 BEST_ACC_MI: 0.6138319976254082 BEST_F1_MA: 0.6548853287303
[[619 149 123   2]
 [241 338 223   2]
 [519 192  35   0]
 [  0   0 819 107]]
Epoch: [26/200], cls_loss: 0.2220, transfer_loss: 0.0188,person_loss: 0.0000, total_Loss: 0.2314
trian begin
trian end
n_person 615
SAMPLE
F1_MI: 0.3149302463639062 F1_MA: 0.37286450489586853 ACC_MI: 0.3149302463639062 F1_MA: 0.4814475230398735
BEST_F1_MI: 0.6138319976254082 BEST_F1_MA: 0.6005869101743149 BEST_ACC_MI: 0.6138319976254082 BEST_F1_MA: 0.6548853287303
[[821  59  13   0]
 [527 225  51   1]
 [663  77   6   0]
 [  0   7 910   9]]
Epoch: [27/200], cls_loss: 0.2498, transfer_loss: 0.0189,person_loss: 0.0000, total_Loss: 0.2592
trian begin
trian end
n_person 615
SAMPLE
F1_MI: 0.5363609379637875 F1_MA: 0.5268235362189619 ACC_MI: 0.5363609379637875 F1_MA: 0.5551475243259113
BEST_F1_MI: 0.6138319976254082 BEST_F1_MA: 0.6005869101743149 BEST_ACC_MI: 0.6138319976254082 BEST_F1_MA: 0.6548853287303
[[862  13   8  10]
 [684 106  14   0]
 [724  14   7   1]
 [  0   0  94 832]]
Epoch: [28/200], cls_loss: 0.2206, transfer_loss: 0.0189,person_loss: 0.0000, total_Loss: 0.2301
trian begin
trian end
n_person 615
SAMPLE
F1_MI: 0.595428910655981 F1_MA: 0.5676581583728209 ACC_MI: 0.595428910655981 F1_MA: 0.5695969728401646
BEST_F1_MI: 0.6138319976254082 BEST_F1_MA: 0.6005869101743149 BEST_ACC_MI: 0.6138319976254082 BEST_F1_MA: 0.6548853287303
[[717  95  72   9]
 [350 291 156   7]
 [577  90  78   1]
 [  0   2   4 920]]
Epoch: [29/200], cls_loss: 0.2307, transfer_loss: 0.0189,person_loss: 0.0000, total_Loss: 0.2402
trian begin
trian end
n_person 615
SAMPLE
F1_MI: 0.5604036806173939 F1_MA: 0.551790117620834 ACC_MI: 0.5604036806173939 F1_MA: 0.5732177680546926
BEST_F1_MI: 0.6138319976254082 BEST_F1_MA: 0.6005869101743149 BEST_ACC_MI: 0.6138319976254082 BEST_F1_MA: 0.6548853287303
[[646  54 181  12]
 [403 203 190   8]
 [590  37 114   5]
 [  0   0   1 925]]
Epoch: [30/200], cls_loss: 0.2026, transfer_loss: 0.0188,person_loss: 0.0000, total_Loss: 0.2120
trian begin
trian end
n_person 615
SAMPLE
F1_MI: 0.5773226476699317 F1_MA: 0.5471953738452774 ACC_MI: 0.5773226476699317 F1_MA: 0.5499021943119493
BEST_F1_MI: 0.6138319976254082 BEST_F1_MA: 0.6005869101743149 BEST_ACC_MI: 0.6138319976254082 BEST_F1_MA: 0.6548853287303
[[745  88  53   7]
 [483 243  78   0]
 [654  61  31   0]
 [  0   0   0 926]]
Epoch: [31/200], cls_loss: 0.2193, transfer_loss: 0.0187,person_loss: 0.0000, total_Loss: 0.2286
trian begin
trian end
n_person 615
SAMPLE
F1_MI: 0.2861383199762541 F1_MA: 0.3567171002704032 ACC_MI: 0.2861383199762541 F1_MA: 0.5160434665226782
BEST_F1_MI: 0.6138319976254082 BEST_F1_MA: 0.6005869101743149 BEST_ACC_MI: 0.6138319976254082 BEST_F1_MA: 0.6548853287303
[[872  18   3   0]
 [709  88   7   0]
 [734  12   0   0]
 [  0  10 912   4]]
Epoch: [32/200], cls_loss: 0.2230, transfer_loss: 0.0188,person_loss: 0.0000, total_Loss: 0.2324
trian begin
trian end
n_person 615
SAMPLE
F1_MI: 0.5779162956366874 F1_MA: 0.5574354046429626 ACC_MI: 0.5779162956366874 F1_MA: 0.5718818213714484
BEST_F1_MI: 0.6138319976254082 BEST_F1_MA: 0.6005869101743149 BEST_ACC_MI: 0.6138319976254082 BEST_F1_MA: 0.6548853287303
[[789  52  21  31]
 [516 204  56  28]
 [675  43  28   0]
 [  0   0   0 926]]
Epoch: [33/200], cls_loss: 0.1806, transfer_loss: 0.0188,person_loss: 0.0000, total_Loss: 0.1900
trian begin
trian end
n_person 615
SAMPLE
F1_MI: 0.607895517957851 F1_MA: 0.574171541210735 ACC_MI: 0.607895517957851 F1_MA: 0.5719829574951503
BEST_F1_MI: 0.6138319976254082 BEST_F1_MA: 0.6005869101743149 BEST_ACC_MI: 0.6138319976254082 BEST_F1_MA: 0.6548853287303
[[748 114  30   1]
 [409 346  48   1]
 [602 116  28   0]
 [  0   0   0 926]]
Epoch: [34/200], cls_loss: 0.2188, transfer_loss: 0.0187,person_loss: 0.0000, total_Loss: 0.2281
trian begin
trian end
n_person 615
SAMPLE
F1_MI: 0.3196794300979519 F1_MA: 0.31111326870617834 ACC_MI: 0.3196794300979519 F1_MA: 0.31069256266187
BEST_F1_MI: 0.6138319976254082 BEST_F1_MA: 0.6005869101743149 BEST_ACC_MI: 0.6138319976254082 BEST_F1_MA: 0.6548853287303
[[759  96  37   1]
 [452 276  63  13]
 [591 122  29   4]
 [  0 900  13  13]]
Epoch: [35/200], cls_loss: 0.2159, transfer_loss: 0.0189,person_loss: 0.0000, total_Loss: 0.2253
trian begin
trian end
n_person 615
SAMPLE
F1_MI: 0.3392698130008905 F1_MA: 0.39066542954155126 ACC_MI: 0.3392698130008905 F1_MA: 0.481814813733613
BEST_F1_MI: 0.6138319976254082 BEST_F1_MA: 0.6005869101743149 BEST_ACC_MI: 0.6138319976254082 BEST_F1_MA: 0.6548853287303
[[808  62  20   3]
 [532 250  18   4]
 [613 108  25   0]
 [  0   3 863  60]]
Epoch: [36/200], cls_loss: 0.1758, transfer_loss: 0.0189,person_loss: 0.0000, total_Loss: 0.1852
trian begin
trian end
n_person 615
SAMPLE
F1_MI: 0.5734639358860196 F1_MA: 0.5575144659048633 ACC_MI: 0.5734639358860196 F1_MA: 0.57810941904051
BEST_F1_MI: 0.6138319976254082 BEST_F1_MA: 0.6005869101743149 BEST_ACC_MI: 0.6138319976254082 BEST_F1_MA: 0.6548853287303
[[808  78   6   1]
 [596 180  28   0]
 [666  60  20   0]
 [  0   0   2 924]]
Epoch: [37/200], cls_loss: 0.1926, transfer_loss: 0.0185,person_loss: 0.0000, total_Loss: 0.2018
trian begin
trian end
n_person 615
SAMPLE
F1_MI: 0.5624814485010389 F1_MA: 0.5573349053884205 ACC_MI: 0.5624814485010389 F1_MA: 0.5923765953533942
BEST_F1_MI: 0.6138319976254082 BEST_F1_MA: 0.6005869101743149 BEST_ACC_MI: 0.6138319976254082 BEST_F1_MA: 0.6548853287303
[[830  26  36   1]
 [666 124  14   0]
 [708  19  19   0]
 [  0   0   4 922]]
Epoch: [38/200], cls_loss: 0.1857, transfer_loss: 0.0191,person_loss: 0.0000, total_Loss: 0.1952
trian begin
trian end
n_person 615
SAMPLE
F1_MI: 0.3128524784802612 F1_MA: 0.3793826592939747 ACC_MI: 0.3128524784802612 F1_MA: 0.5060950337277118
BEST_F1_MI: 0.6138319976254082 BEST_F1_MA: 0.6005869101743149 BEST_ACC_MI: 0.6138319976254082 BEST_F1_MA: 0.6548853287303
[[772  51  70   0]
 [554 196  54   0]
 [608  90  48   0]
 [  0   1 887  38]]
Epoch: [39/200], cls_loss: 0.1797, transfer_loss: 0.0187,person_loss: 0.0000, total_Loss: 0.1891
trian begin
trian end
n_person 615
SAMPLE
F1_MI: 0.3285841495992876 F1_MA: 0.3696983295517797 ACC_MI: 0.3285841495992876 F1_MA: 0.4423542370304477
BEST_F1_MI: 0.6138319976254082 BEST_F1_MA: 0.6005869101743149 BEST_ACC_MI: 0.6138319976254082 BEST_F1_MA: 0.6548853287303
[[835  50   3   5]
 [543 243  15   3]
 [634 106   6   0]
 [  0   2 901  23]]
Epoch: [40/200], cls_loss: 0.1774, transfer_loss: 0.0186,person_loss: 0.0000, total_Loss: 0.1867
trian begin
trian end
n_person 615
SAMPLE
F1_MI: 0.5660433363015732 F1_MA: 0.5642171788909547 ACC_MI: 0.5660433363015732 F1_MA: 0.603766406225262
BEST_F1_MI: 0.6138319976254082 BEST_F1_MA: 0.6005869101743149 BEST_ACC_MI: 0.6138319976254082 BEST_F1_MA: 0.6548853287303
[[841  22  10  20]
 [651 117  25  11]
 [686  37  23   0]
 [  0   0   0 926]]
Epoch: [41/200], cls_loss: 0.1798, transfer_loss: 0.0187,person_loss: 0.0000, total_Loss: 0.1892
trian begin
trian end
n_person 615
SAMPLE
F1_MI: 0.560106856634016 F1_MA: 0.5444336265126506 ACC_MI: 0.560106856634016 F1_MA: 0.5644866872191743
BEST_F1_MI: 0.6138319976254082 BEST_F1_MA: 0.6005869101743149 BEST_ACC_MI: 0.6138319976254082 BEST_F1_MA: 0.6548853287303
[[798  19  70   6]
 [539  94 169   2]
 [643  34  69   0]
 [  0   0   0 926]]
Epoch: [42/200], cls_loss: 0.1807, transfer_loss: 0.0188,person_loss: 0.0000, total_Loss: 0.1900
trian begin
trian end
n_person 615
SAMPLE
F1_MI: 0.3285841495992876 F1_MA: 0.36710783290429166 ACC_MI: 0.3285841495992876 F1_MA: 0.43092250515131714
BEST_F1_MI: 0.6138319976254082 BEST_F1_MA: 0.6005869101743149 BEST_ACC_MI: 0.6138319976254082 BEST_F1_MA: 0.6548853287303
[[804  79   9   1]
 [500 268  34   2]
 [637  80  29   0]
 [  0  10 910   6]]
Epoch: [43/200], cls_loss: 0.1785, transfer_loss: 0.0191,person_loss: 0.0000, total_Loss: 0.1880
trian begin
trian end
n_person 615
SAMPLE
F1_MI: 0.3119620065301276 F1_MA: 0.3625063357144815 ACC_MI: 0.3119620065301276 F1_MA: 0.4581382946276069
BEST_F1_MI: 0.6138319976254082 BEST_F1_MA: 0.6005869101743149 BEST_ACC_MI: 0.6138319976254082 BEST_F1_MA: 0.6548853287303
[[846  47   0   0]
 [617 182   5   0]
 [689  53   4   0]
 [  0 902   5  19]]
Epoch: [44/200], cls_loss: 0.1837, transfer_loss: 0.0189,person_loss: 0.0000, total_Loss: 0.1932
trian begin
trian end
n_person 615
SAMPLE
F1_MI: 0.576728999703176 F1_MA: 0.5405642603598731 ACC_MI: 0.576728999703176 F1_MA: 0.5405946819641095
BEST_F1_MI: 0.6138319976254082 BEST_F1_MA: 0.6005869101743149 BEST_ACC_MI: 0.6138319976254082 BEST_F1_MA: 0.6548853287303
[[836  43  11   3]
 [602 175  27   0]
 [673  66   7   0]
 [  0   1   0 925]]
Epoch: [45/200], cls_loss: 0.1718, transfer_loss: 0.0189,person_loss: 0.0000, total_Loss: 0.1812
trian begin
trian end
n_person 615
SAMPLE
F1_MI: 0.338082517067379 F1_MA: 0.39810383581293163 ACC_MI: 0.338082517067379 F1_MA: 0.5065786578725091
BEST_F1_MI: 0.6138319976254082 BEST_F1_MA: 0.6005869101743149 BEST_ACC_MI: 0.6138319976254082 BEST_F1_MA: 0.6548853287303
[[842  48   3   0]
 [533 256  15   0]
 [600 123  23   0]
 [  0  18 890  18]]
Epoch: [46/200], cls_loss: 0.1706, transfer_loss: 0.0189,person_loss: 0.0000, total_Loss: 0.1801
trian begin
trian end
n_person 615
SAMPLE
F1_MI: 0.6034431582071832 F1_MA: 0.5684026809917947 ACC_MI: 0.6034431582071832 F1_MA: 0.5675582602294633
BEST_F1_MI: 0.6138319976254082 BEST_F1_MA: 0.6005869101743149 BEST_ACC_MI: 0.6138319976254082 BEST_F1_MA: 0.6548853287303
[[815  68   7   3]
 [492 280  31   1]
 [625 109  12   0]
 [  0   0   0 926]]
Epoch: [47/200], cls_loss: 0.1733, transfer_loss: 0.0187,person_loss: 0.0000, total_Loss: 0.1826
trian begin
trian end
n_person 615
SAMPLE
F1_MI: 0.3452062926684476 F1_MA: 0.40857144114682387 ACC_MI: 0.3452062926684476 F1_MA: 0.5071066251167553
BEST_F1_MI: 0.6138319976254082 BEST_F1_MA: 0.6005869101743149 BEST_ACC_MI: 0.6138319976254082 BEST_F1_MA: 0.6548853287303
[[679 153  61   0]
 [320 408  76   0]
 [390 285  71   0]
 [  0  11 910   5]]
Epoch: [48/200], cls_loss: 0.1714, transfer_loss: 0.0187,person_loss: 0.0000, total_Loss: 0.1807
trian begin
trian end
n_person 615
SAMPLE
F1_MI: 0.5761353517364203 F1_MA: 0.5518003563599826 ACC_MI: 0.5761353517364203 F1_MA: 0.5618270146285106
BEST_F1_MI: 0.6138319976254082 BEST_F1_MA: 0.6005869101743149 BEST_ACC_MI: 0.6138319976254082 BEST_F1_MA: 0.6548853287303
[[789  44  53   7]
 [551 186  67   0]
 [628  78  40   0]
 [  0   0   0 926]]
Epoch: [49/200], cls_loss: 0.1713, transfer_loss: 0.0187,person_loss: 0.0000, total_Loss: 0.1806
trian begin
trian end
n_person 615
SAMPLE
F1_MI: 0.2778272484416741 F1_MA: 0.3432477166230552 ACC_MI: 0.2778272484416741 F1_MA: 0.46768118334620007
BEST_F1_MI: 0.6138319976254082 BEST_F1_MA: 0.6005869101743149 BEST_ACC_MI: 0.6138319976254082 BEST_F1_MA: 0.6548853287303
[[679  31 182   1]
 [534 176  93   1]
 [582  96  68   0]
 [  0   5 908  13]]
Epoch: [50/200], cls_loss: 0.1476, transfer_loss: 0.0187,person_loss: 0.0000, total_Loss: 0.1569
trian begin
trian end
n_person 615
SAMPLE
F1_MI: 0.5719798159691303 F1_MA: 0.5471060956510881 ACC_MI: 0.5719798159691303 F1_MA: 0.5577223011274927
BEST_F1_MI: 0.6138319976254082 BEST_F1_MA: 0.6005869101743149 BEST_ACC_MI: 0.6138319976254082 BEST_F1_MA: 0.6548853287303
[[821  31  35   6]
 [582 141  75   6]
 [631  74  41   0]
 [  0   2   0 924]]
Epoch: [51/200], cls_loss: 0.1554, transfer_loss: 0.0187,person_loss: 0.0000, total_Loss: 0.1647
trian begin
trian end
n_person 615
SAMPLE
F1_MI: 0.591273374888691 F1_MA: 0.5892392947161814 ACC_MI: 0.591273374888691 F1_MA: 0.6262642084071002
BEST_F1_MI: 0.6138319976254082 BEST_F1_MA: 0.6005869101743149 BEST_ACC_MI: 0.6138319976254082 BEST_F1_MA: 0.6548853287303
[[841  42   7   3]
 [574 186  44   0]
 [657  50  39   0]
 [  0   0   0 926]]
Epoch: [52/200], cls_loss: 0.1561, transfer_loss: 0.0189,person_loss: 0.0000, total_Loss: 0.1656
trian begin
trian end
n_person 615
SAMPLE
F1_MI: 0.3659839715048976 F1_MA: 0.4300370036757393 ACC_MI: 0.3659839715048976 F1_MA: 0.5422630710859946
BEST_F1_MI: 0.6138319976254082 BEST_F1_MA: 0.6005869101743149 BEST_ACC_MI: 0.6138319976254082 BEST_F1_MA: 0.6548853287303
[[769  44  79   1]
 [529 203  72   0]
 [569  63 114   0]
 [  1   0 778 147]]
Epoch: [53/200], cls_loss: 0.1634, transfer_loss: 0.0185,person_loss: 0.0000, total_Loss: 0.1727
trian begin
trian end
n_person 615
SAMPLE
F1_MI: 0.562184624517661 F1_MA: 0.5325789807622355 ACC_MI: 0.562184624517661 F1_MA: 0.5360982166185808
BEST_F1_MI: 0.6138319976254082 BEST_F1_MA: 0.6005869101743149 BEST_ACC_MI: 0.6138319976254082 BEST_F1_MA: 0.6548853287303
[[743  78  64   8]
 [542 178  84   0]
 [613  86  47   0]
 [  0   0   0 926]]
Epoch: [54/200], cls_loss: 0.1572, transfer_loss: 0.0188,person_loss: 0.0000, total_Loss: 0.1665
[[443 438  11   1]
 [129 648  27   0]
 [256 452  38   0]
 [  0   1   0 925]]
[[443 438  11   1]
 [129 648  27   0]
 [256 452  38   0]
 [  0   1   0 925]]
WHAT: False
{'best_f1': 0.6005869101743149, 'best_matrix': [[443, 438, 11, 1], [129, 648, 27, 0], [256, 452, 38, 0], [0, 1, 0, 925]], 'args': 0.1}
{"best_f1": 0.6005869101743149, "best_matrix": [[443, 438, 11, 1], [129, 648, 27, 0], [256, 452, 38, 0], [0, 1, 0, 925]], "args": 0.1}
ARG: Namespace(backbone='resnet50', batch_size=32, config='DAAN/DAAN.yaml', data_dir='data', device=device(type='cuda'), early_stop=50, epoch_based_training=False, lr=0.003, lr_decay=0.75, lr_gamma=0.0003, lr_scheduler=True, max_iter=21000, method='False', momentum=0.9, myweight=0.1, n_class=4, n_epoch=200, n_iter_per_epoch=105, num_workers=3, seed=3, src_domain='PAMAP2', tgt_domain='UCI', tname='transfer', transfer_loss='daan', transfer_loss_weight=0.5, use_bottleneck=True, weight_decay=0.0005)
