adv 1 PAMAP2 WISDM DANN/DANN.yaml True
Namespace(backbone='resnet50', batch_size=32, config='DANN/DANN.yaml', data_dir='data', device=device(type='cuda'), early_stop=50, epoch_based_training=False, lr=0.003, lr_decay=0.75, lr_gamma=0.0003, lr_scheduler=True, method='True', momentum=0.9, myweight=0.1, n_epoch=200, n_iter_per_epoch=100, num_workers=3, seed=1, src_domain='PAMAP2', tgt_domain='WISDM', tname='transfer', transfer_loss='adv', transfer_loss_weight=0.5, use_bottleneck=True, weight_decay=0.0005)
JUST DO IT
run my Parkinson code
transfer
TRAIN Length: 4727 361 TEST Length: 13609 322
YYY: 0 3
DATA_PROFILE   train: 4727 train2: 13609 test: 13609
DATASET.SHAPE: <data_loader.GetTrainLoader object at 0x7fae5b7ea130> True
DATASET.SHAPE: <data_loader.GetTrainLoader object at 0x7fae5b85e280> True
DATASET.SHAPE: <data_loader.GetTestLoader object at 0x7fae5b65f3d0> False
CLASS: 4 322
LLL: {}
BOTTLENECK_LIST: [Linear(in_features=512, out_features=256, bias=True), ReLU()]
TYPE: {'loss_type': 'adv', 'max_iter': 29400, 'num_class': 4, 'my_person_item': <my_person_item.PersonItem object at 0x7fae5b65f970>}
initial_lr 1.0
transfer_world
method True <class 'str'>
1.8.1+cu111
True
LEN: 0 0
LOADER: <data_loader.InfiniteDataLoader object at 0x7fae5b85ed60> <data_loader.InfiniteDataLoader object at 0x7fae5b65f430>
N_batch: 147
trian begin
trian end
n_person 322
SAMPLE
F1_MI: 0.6957160702476303 F1_MA: 0.6510734195825733 ACC_MI: 0.6957160702476303 F1_MA: 0.6380364730466148
BEST_F1_MI: 0.6957160702476303 BEST_F1_MA: 0.6510734195825733 BEST_ACC_MI: 0.6957160702476303 BEST_F1_MA: 0.6380364730466148
[[6523  810  920    5]
 [ 309  963  976   93]
 [ 735  267  878   21]
 [   0    5    0 1104]]
Epoch: [ 1/200], cls_loss: 0.6684, transfer_loss: 0.6110,person_loss: -1.8458, total_Loss: 0.7893
trian begin
trian end
n_person 322
SAMPLE
F1_MI: 0.6639723712249247 F1_MA: 0.6658331138298431 ACC_MI: 0.6639723712249247 F1_MA: 0.6396928677090371
BEST_F1_MI: 0.6957160702476303 BEST_F1_MA: 0.6658331138298431 BEST_ACC_MI: 0.6957160702476303 BEST_F1_MA: 0.6396928677090371
[[5572 1576 1100   10]
 [ 182 1368  699   92]
 [ 355  532  991   23]
 [   0    4    0 1105]]
Epoch: [ 2/200], cls_loss: 0.3943, transfer_loss: 0.4474,person_loss: -1.9264, total_Loss: 0.4253
trian begin
trian end
n_person 322
SAMPLE
F1_MI: 0.6597839664927622 F1_MA: 0.6146432914184241 ACC_MI: 0.6597839664927622 F1_MA: 0.5937667998710138
BEST_F1_MI: 0.6957160702476303 BEST_F1_MA: 0.6658331138298431 BEST_ACC_MI: 0.6957160702476303 BEST_F1_MA: 0.6396928677090371
[[6239  506 1337  176]
 [ 633  653  864  191]
 [ 789   96  980   36]
 [   0    2    0 1107]]
Epoch: [ 3/200], cls_loss: 0.3296, transfer_loss: 0.4013,person_loss: -1.9398, total_Loss: 0.3362
trian begin
trian end
n_person 322
SAMPLE
F1_MI: 0.6451612903225806 F1_MA: 0.6521122085050701 ACC_MI: 0.6451612903225806 F1_MA: 0.6310681634662032
BEST_F1_MI: 0.6957160702476303 BEST_F1_MA: 0.6658331138298431 BEST_ACC_MI: 0.6957160702476303 BEST_F1_MA: 0.6396928677090371
[[5591  923 1732   12]
 [ 325  698 1243   75]
 [ 377  122 1392   10]
 [   0   10    0 1099]]
Epoch: [ 4/200], cls_loss: 0.2850, transfer_loss: 0.3183,person_loss: -1.9554, total_Loss: 0.2486
trian begin
trian end
n_person 322
SAMPLE
F1_MI: 0.6805790285840253 F1_MA: 0.6394711536607992 ACC_MI: 0.6805790285840253 F1_MA: 0.6144924663721609
BEST_F1_MI: 0.6957160702476303 BEST_F1_MA: 0.6658331138298431 BEST_ACC_MI: 0.6957160702476303 BEST_F1_MA: 0.6396928677090371
[[6287  785 1114   72]
 [ 601  741  823  176]
 [ 651   80 1134   36]
 [   0    2    7 1100]]
Epoch: [ 5/200], cls_loss: 0.2869, transfer_loss: 0.3706,person_loss: -1.9542, total_Loss: 0.2768
trian begin
trian end
n_person 322
SAMPLE
F1_MI: 0.6292159600264531 F1_MA: 0.590105915803755 ACC_MI: 0.6292159600264531 F1_MA: 0.5489463001337016
BEST_F1_MI: 0.6957160702476303 BEST_F1_MA: 0.6658331138298431 BEST_ACC_MI: 0.6957160702476303 BEST_F1_MA: 0.6396928677090371
[[5681 1383 1050  144]
 [ 547  685  851  258]
 [ 541  163 1091  106]
 [   0    3    0 1106]]
Epoch: [ 6/200], cls_loss: 0.2403, transfer_loss: 0.3475,person_loss: -1.9551, total_Loss: 0.2186
trian begin
trian end
n_person 322
SAMPLE
F1_MI: 0.652435888015284 F1_MA: 0.61589523720546 ACC_MI: 0.652435888015284 F1_MA: 0.5730618755551634
BEST_F1_MI: 0.6957160702476303 BEST_F1_MA: 0.6658331138298431 BEST_ACC_MI: 0.6957160702476303 BEST_F1_MA: 0.6396928677090371
[[5850  891 1370  147]
 [ 530  553  969  289]
 [ 415   74 1370   42]
 [   0    2    1 1106]]
Epoch: [ 7/200], cls_loss: 0.2639, transfer_loss: 0.3639,person_loss: -1.9589, total_Loss: 0.2499
trian begin
trian end
n_person 322
SAMPLE
F1_MI: 0.5373649790579763 F1_MA: 0.5493753714572942 ACC_MI: 0.5373649790579763 F1_MA: 0.4907273420284113
BEST_F1_MI: 0.6957160702476303 BEST_F1_MA: 0.6658331138298431 BEST_ACC_MI: 0.6957160702476303 BEST_F1_MA: 0.6396928677090371
[[4161 2177 1026  894]
 [ 299  826  812  404]
 [ 318  251 1220  112]
 [   0    1    2 1106]]
Epoch: [ 8/200], cls_loss: 0.2155, transfer_loss: 0.4689,person_loss: -1.9585, total_Loss: 0.2541
trian begin
trian end
n_person 322
SAMPLE
F1_MI: 0.5585274450731134 F1_MA: 0.5791177508939089 ACC_MI: 0.5585274450731134 F1_MA: 0.51979836758619
BEST_F1_MI: 0.6957160702476303 BEST_F1_MA: 0.6658331138298431 BEST_ACC_MI: 0.6957160702476303 BEST_F1_MA: 0.6396928677090371
[[4216 2134 1238  670]
 [ 356  898  868  219]
 [ 273  160 1389   79]
 [   0    2    9 1098]]
Epoch: [ 9/200], cls_loss: 0.2289, transfer_loss: 0.5925,person_loss: -1.9638, total_Loss: 0.3288
trian begin
trian end
n_person 322
SAMPLE
F1_MI: 0.5137041663604968 F1_MA: 0.5097815511218897 ACC_MI: 0.5137041663604968 F1_MA: 0.461140458130342
BEST_F1_MI: 0.6957160702476303 BEST_F1_MA: 0.6658331138298431 BEST_ACC_MI: 0.6957160702476303 BEST_F1_MA: 0.6396928677090371
[[4221 2396  623 1018]
 [ 382  860  594  505]
 [ 574  320  855  152]
 [   0    1   53 1055]]
Epoch: [10/200], cls_loss: 0.2112, transfer_loss: 0.5632,person_loss: -1.9636, total_Loss: 0.2964
trian begin
trian end
n_person 322
SAMPLE
F1_MI: 0.5680799470938349 F1_MA: 0.5705788752819763 ACC_MI: 0.5680799470938349 F1_MA: 0.5173561167840863
BEST_F1_MI: 0.6957160702476303 BEST_F1_MA: 0.6658331138298431 BEST_ACC_MI: 0.6957160702476303 BEST_F1_MA: 0.6396928677090371
[[4553 2258  744  703]
 [ 429  945  694  273]
 [ 391  313 1130   67]
 [   0    3    3 1103]]
Epoch: [11/200], cls_loss: 0.1992, transfer_loss: 0.5577,person_loss: -1.9635, total_Loss: 0.2817
trian begin
trian end
n_person 322
SAMPLE
F1_MI: 0.48805937247409803 F1_MA: 0.5029814819436901 ACC_MI: 0.48805937247409803 F1_MA: 0.44703162832280424
BEST_F1_MI: 0.6957160702476303 BEST_F1_MA: 0.6658331138298431 BEST_ACC_MI: 0.6957160702476303 BEST_F1_MA: 0.6396928677090371
[[3807 1933  967 1551]
 [ 283  696  786  576]
 [ 325  167 1031  378]
 [   0    1    0 1108]]
Epoch: [12/200], cls_loss: 0.2044, transfer_loss: 0.6630,person_loss: -1.9612, total_Loss: 0.3398
trian begin
trian end
n_person 322
SAMPLE
F1_MI: 0.555294290543023 F1_MA: 0.5514804788261856 ACC_MI: 0.555294290543023 F1_MA: 0.4931463837206222
BEST_F1_MI: 0.6957160702476303 BEST_F1_MA: 0.6658331138298431 BEST_ACC_MI: 0.6957160702476303 BEST_F1_MA: 0.6396928677090371
[[4460 1981  797 1020]
 [ 338  838  852  313]
 [ 484  170 1153   94]
 [   0    3    0 1106]]
Epoch: [13/200], cls_loss: 0.1959, transfer_loss: 0.6026,person_loss: -1.9670, total_Loss: 0.3006
trian begin
trian end
n_person 322
SAMPLE
F1_MI: 0.5477992504959953 F1_MA: 0.5306845148962984 ACC_MI: 0.5477992504959953 F1_MA: 0.47099651072829435
BEST_F1_MI: 0.6957160702476303 BEST_F1_MA: 0.6658331138298431 BEST_ACC_MI: 0.6957160702476303 BEST_F1_MA: 0.6396928677090371
[[4563 1280  966 1449]
 [ 446  600  893  402]
 [ 385  128 1184  204]
 [   0    1    0 1108]]
Epoch: [14/200], cls_loss: 0.2000, transfer_loss: 0.6089,person_loss: -1.9703, total_Loss: 0.3074
trian begin
trian end
n_person 322
SAMPLE
F1_MI: 0.5032698949224778 F1_MA: 0.5085573036686258 ACC_MI: 0.5032698949224778 F1_MA: 0.45813314080352846
BEST_F1_MI: 0.6957160702476303 BEST_F1_MA: 0.6658331138298431 BEST_ACC_MI: 0.6957160702476303 BEST_F1_MA: 0.6396928677090371
[[4045 2305  483 1425]
 [ 458  956  505  422]
 [ 620  279  742  260]
 [   0    3    0 1106]]
Epoch: [15/200], cls_loss: 0.1993, transfer_loss: 0.6296,person_loss: -1.9699, total_Loss: 0.3171
trian begin
trian end
n_person 322
SAMPLE
F1_MI: 0.5043721066940995 F1_MA: 0.5051180315351975 ACC_MI: 0.5043721066940995 F1_MA: 0.4535255579900921
BEST_F1_MI: 0.6957160702476303 BEST_F1_MA: 0.6658331138298431 BEST_ACC_MI: 0.6957160702476303 BEST_F1_MA: 0.6396928677090371
[[4106 2002  571 1579]
 [ 501  858  493  489]
 [ 589  235  791  286]
 [   0    0    0 1109]]
Epoch: [16/200], cls_loss: 0.1644, transfer_loss: 0.6268,person_loss: -1.9696, total_Loss: 0.2809
trian begin
trian end
n_person 322
SAMPLE
F1_MI: 0.5577926372253655 F1_MA: 0.5585631003444199 ACC_MI: 0.5577926372253655 F1_MA: 0.5094300755528796
BEST_F1_MI: 0.6957160702476303 BEST_F1_MA: 0.6658331138298431 BEST_ACC_MI: 0.6957160702476303 BEST_F1_MA: 0.6396928677090371
[[4534 2434  673  617]
 [ 460  999  674  208]
 [ 393  351  955  202]
 [   0    4    2 1103]]
Epoch: [17/200], cls_loss: 0.1580, transfer_loss: 0.6351,person_loss: -1.9693, total_Loss: 0.2787
trian begin
trian end
n_person 322
SAMPLE
F1_MI: 0.5477257697112206 F1_MA: 0.5237297712794704 ACC_MI: 0.5477257697112206 F1_MA: 0.472885736242554
BEST_F1_MI: 0.6957160702476303 BEST_F1_MA: 0.6658331138298431 BEST_ACC_MI: 0.6957160702476303 BEST_F1_MA: 0.6396928677090371
[[4706 1474  515 1563]
 [ 577  842  569  353]
 [ 561  251  801  288]
 [   0    3    1 1105]]
Epoch: [18/200], cls_loss: 0.1709, transfer_loss: 0.6224,person_loss: -1.9720, total_Loss: 0.2849
trian begin
trian end
n_person 322
SAMPLE
F1_MI: 0.5733705635976192 F1_MA: 0.57868400238811 ACC_MI: 0.5733705635976192 F1_MA: 0.522889343730509
BEST_F1_MI: 0.6957160702476303 BEST_F1_MA: 0.6658331138298431 BEST_ACC_MI: 0.6957160702476303 BEST_F1_MA: 0.6396928677090371
[[4489 2127  736  906]
 [ 466 1109  600  166]
 [ 338  353 1103  107]
 [   0    4    3 1102]]
Epoch: [19/200], cls_loss: 0.1640, transfer_loss: 0.6596,person_loss: -1.9717, total_Loss: 0.2966
trian begin
trian end
n_person 322
SAMPLE
F1_MI: 0.562348445881402 F1_MA: 0.5450445896177538 ACC_MI: 0.562348445881402 F1_MA: 0.48943447458868633
BEST_F1_MI: 0.6957160702476303 BEST_F1_MA: 0.6658331138298431 BEST_ACC_MI: 0.6957160702476303 BEST_F1_MA: 0.6396928677090371
[[4694 1893  755  916]
 [ 512  825  712  292]
 [ 437  170 1026  268]
 [   0    1    0 1108]]
Epoch: [20/200], cls_loss: 0.1733, transfer_loss: 0.6408,person_loss: -1.9714, total_Loss: 0.2966
trian begin
trian end
n_person 322
SAMPLE
F1_MI: 0.5286207656697773 F1_MA: 0.5396977711447694 ACC_MI: 0.5286207656697773 F1_MA: 0.48713221361427106
BEST_F1_MI: 0.6957160702476303 BEST_F1_MA: 0.6658331138298431 BEST_ACC_MI: 0.6957160702476303 BEST_F1_MA: 0.6396928677090371
[[4183 2575  662  838]
 [ 336  870  765  370]
 [ 335  299 1035  232]
 [   0    1    2 1106]]
Epoch: [21/200], cls_loss: 0.1358, transfer_loss: 0.6437,person_loss: -1.9760, total_Loss: 0.2601
trian begin
trian end
n_person 322
SAMPLE
F1_MI: 0.5467705195091483 F1_MA: 0.5673118180082065 ACC_MI: 0.5467705195091483 F1_MA: 0.5292837227105986
BEST_F1_MI: 0.6957160702476303 BEST_F1_MA: 0.6658331138298431 BEST_ACC_MI: 0.6957160702476303 BEST_F1_MA: 0.6396928677090371
[[4390 3024  489  355]
 [ 469 1076  601  195]
 [ 533  366  871  131]
 [   0    3    2 1104]]
Epoch: [22/200], cls_loss: 0.1450, transfer_loss: 0.6826,person_loss: -1.9759, total_Loss: 0.2887
trian begin
trian end
n_person 322
SAMPLE
F1_MI: 0.5453009038136527 F1_MA: 0.5351834078467939 ACC_MI: 0.5453009038136527 F1_MA: 0.49230167478993425
BEST_F1_MI: 0.6957160702476303 BEST_F1_MA: 0.6658331138298431 BEST_ACC_MI: 0.6957160702476303 BEST_F1_MA: 0.6396928677090371
[[4630 2476  298  854]
 [ 541 1001  475  324]
 [ 659  352  685  205]
 [   1    3    0 1105]]
Epoch: [23/200], cls_loss: 0.1483, transfer_loss: 0.6950,person_loss: -1.9761, total_Loss: 0.2982
trian begin
trian end
n_person 322
SAMPLE
F1_MI: 0.5464765963700492 F1_MA: 0.5214817721911071 ACC_MI: 0.5464765963700492 F1_MA: 0.4691423616311846
BEST_F1_MI: 0.6957160702476303 BEST_F1_MA: 0.6658331138298431 BEST_ACC_MI: 0.6957160702476303 BEST_F1_MA: 0.6396928677090371
[[4725 1919  524 1090]
 [ 728  668  626  319]
 [ 590  111  939  261]
 [   0    2    2 1105]]
Epoch: [24/200], cls_loss: 0.1316, transfer_loss: 0.6920,person_loss: -1.9774, total_Loss: 0.2799
trian begin
trian end
n_person 322
SAMPLE
F1_MI: 0.5333235358953634 F1_MA: 0.5208731082711077 ACC_MI: 0.5333235358953634 F1_MA: 0.46921913537154947
BEST_F1_MI: 0.6957160702476303 BEST_F1_MA: 0.6658331138298431 BEST_ACC_MI: 0.6957160702476303 BEST_F1_MA: 0.6396928677090371
[[4499 2082  544 1133]
 [ 490  716  597  538]
 [ 372  179  936  414]
 [   0    1    1 1107]]
Epoch: [25/200], cls_loss: 0.1438, transfer_loss: 0.6760,person_loss: -1.9805, total_Loss: 0.2838
trian begin
trian end
n_person 322
SAMPLE
F1_MI: 0.5212726871922992 F1_MA: 0.516520513377507 ACC_MI: 0.5212726871922992 F1_MA: 0.47084130965561916
BEST_F1_MI: 0.6957160702476303 BEST_F1_MA: 0.6658331138298431 BEST_ACC_MI: 0.6957160702476303 BEST_F1_MA: 0.6396928677090371
[[4367 2659  343  889]
 [ 410  918  601  412]
 [ 449  259  703  490]
 [   0    3    0 1106]]
Epoch: [26/200], cls_loss: 0.1253, transfer_loss: 0.7037,person_loss: -1.9785, total_Loss: 0.2794
trian begin
trian end
n_person 322
SAMPLE
F1_MI: 0.49827320155779264 F1_MA: 0.3949251119941415 ACC_MI: 0.49827320155779264 F1_MA: 0.3847724204560591
BEST_F1_MI: 0.6957160702476303 BEST_F1_MA: 0.6658331138298431 BEST_ACC_MI: 0.6957160702476303 BEST_F1_MA: 0.6396928677090371
[[4655 1456  832 1315]
 [ 442  815  824  260]
 [ 315  190 1255  141]
 [   1    6 1046   56]]
Epoch: [27/200], cls_loss: 0.1320, transfer_loss: 0.6845,person_loss: -1.9772, total_Loss: 0.2765
trian begin
trian end
n_person 322
SAMPLE
F1_MI: 0.524726284076714 F1_MA: 0.5331524367930869 ACC_MI: 0.524726284076714 F1_MA: 0.4761041936629429
BEST_F1_MI: 0.6957160702476303 BEST_F1_MA: 0.6658331138298431 BEST_ACC_MI: 0.6957160702476303 BEST_F1_MA: 0.6396928677090371
[[4126 2234 1149  749]
 [ 410  791  771  369]
 [ 230  160 1118  393]
 [   0    2    1 1106]]
Epoch: [28/200], cls_loss: 0.1313, transfer_loss: 0.6792,person_loss: -1.9779, total_Loss: 0.2731
trian begin
trian end
n_person 322
SAMPLE
F1_MI: 0.5536777132779778 F1_MA: 0.5320647813507968 ACC_MI: 0.5536777132779778 F1_MA: 0.4916190289667104
BEST_F1_MI: 0.6957160702476303 BEST_F1_MA: 0.6658331138298431 BEST_ACC_MI: 0.6957160702476303 BEST_F1_MA: 0.6396928677090371
[[4676 2315  510  757]
 [ 534 1066  481  260]
 [ 377  410  850  264]
 [   2    5  159  943]]
Epoch: [29/200], cls_loss: 0.1208, transfer_loss: 0.6895,person_loss: -1.9785, total_Loss: 0.2677
trian begin
trian end
n_person 322
SAMPLE
F1_MI: 0.49900800940554046 F1_MA: 0.33459259590976964 ACC_MI: 0.49900800940554046 F1_MA: 0.3251926091164524
BEST_F1_MI: 0.6957160702476303 BEST_F1_MA: 0.6658331138298431 BEST_ACC_MI: 0.6957160702476303 BEST_F1_MA: 0.6396928677090371
[[5198 2183  476  401]
 [ 799  929  442  171]
 [ 722  291  657  231]
 [   0    7 1095    7]]
Epoch: [30/200], cls_loss: 0.1142, transfer_loss: 0.6959,person_loss: -1.9764, total_Loss: 0.2645
trian begin
trian end
n_person 322
SAMPLE
F1_MI: 0.5379528253361746 F1_MA: 0.5383191519510773 ACC_MI: 0.5379528253361746 F1_MA: 0.483685864059329
BEST_F1_MI: 0.6957160702476303 BEST_F1_MA: 0.6658331138298431 BEST_ACC_MI: 0.6957160702476303 BEST_F1_MA: 0.6396928677090371
[[4367 2414  752  725]
 [ 410  712  976  243]
 [ 456   91 1137  217]
 [   0    1    3 1105]]
Epoch: [31/200], cls_loss: 0.1240, transfer_loss: 0.6743,person_loss: -1.9788, total_Loss: 0.2633
trian begin
trian end
n_person 322
SAMPLE
F1_MI: 0.567418620030862 F1_MA: 0.532526565915419 ACC_MI: 0.567418620030862 F1_MA: 0.4846326897417226
BEST_F1_MI: 0.6957160702476303 BEST_F1_MA: 0.6658331138298431 BEST_ACC_MI: 0.6957160702476303 BEST_F1_MA: 0.6396928677090371
[[5032 1556  435 1235]
 [ 703  763  467  408]
 [ 620  153  823  305]
 [   1    3    1 1104]]
Epoch: [32/200], cls_loss: 0.1235, transfer_loss: 0.6941,person_loss: -1.9794, total_Loss: 0.2726
trian begin
trian end
n_person 322
SAMPLE
F1_MI: 0.5557351752516717 F1_MA: 0.5449924899455248 ACC_MI: 0.5557351752516717 F1_MA: 0.4867745859049858
BEST_F1_MI: 0.6957160702476303 BEST_F1_MA: 0.6658331138298431 BEST_ACC_MI: 0.6957160702476303 BEST_F1_MA: 0.6396928677090371
[[4548 1723  781 1206]
 [ 472  770  694  405]
 [ 291  147 1139  324]
 [   0    3    0 1106]]
Epoch: [33/200], cls_loss: 0.1210, transfer_loss: 0.6831,person_loss: -1.9790, total_Loss: 0.2647
trian begin
trian end
n_person 322
SAMPLE
F1_MI: 0.5380997869057241 F1_MA: 0.5443689207900263 ACC_MI: 0.5380997869057241 F1_MA: 0.4911959103796254
BEST_F1_MI: 0.6957160702476303 BEST_F1_MA: 0.6658331138298431 BEST_ACC_MI: 0.6957160702476303 BEST_F1_MA: 0.6396928677090371
[[4304 1610  645 1699]
 [ 423  847  520  551]
 [ 186  160 1064  491]
 [   0    1    0 1108]]
Epoch: [34/200], cls_loss: 0.1031, transfer_loss: 0.6693,person_loss: -1.9816, total_Loss: 0.2396
trian begin
trian end
n_person 322
SAMPLE
F1_MI: 0.5078257035785142 F1_MA: 0.5008832341745942 ACC_MI: 0.5078257035785142 F1_MA: 0.4554922073826391
BEST_F1_MI: 0.6957160702476303 BEST_F1_MA: 0.6658331138298431 BEST_ACC_MI: 0.6957160702476303 BEST_F1_MA: 0.6396928677090371
[[4334 1588  611 1725]
 [ 390  722  516  713]
 [ 235  163  747  756]
 [   0    1    0 1108]]
Epoch: [35/200], cls_loss: 0.1219, transfer_loss: 0.6764,person_loss: -1.9799, total_Loss: 0.2621
trian begin
trian end
n_person 322
SAMPLE
F1_MI: 0.5539716364170769 F1_MA: 0.544325365183685 ACC_MI: 0.5539716364170769 F1_MA: 0.49142009209349763
BEST_F1_MI: 0.6957160702476303 BEST_F1_MA: 0.6658331138298431 BEST_ACC_MI: 0.6957160702476303 BEST_F1_MA: 0.6396928677090371
[[4547 1759  593 1359]
 [ 464  894  584  399]
 [ 254  284 1023  340]
 [  17    2   15 1075]]
Epoch: [36/200], cls_loss: 0.1103, transfer_loss: 0.6793,person_loss: -1.9808, total_Loss: 0.2519
trian begin
trian end
n_person 322
SAMPLE
F1_MI: 0.5082665882871629 F1_MA: 0.5027198569685014 ACC_MI: 0.5082665882871629 F1_MA: 0.4589376628959094
BEST_F1_MI: 0.6957160702476303 BEST_F1_MA: 0.6658331138298431 BEST_ACC_MI: 0.6957160702476303 BEST_F1_MA: 0.6396928677090371
[[4330 1745  439 1744]
 [ 350  794  495  702]
 [ 376  150  685  690]
 [   0    1    0 1108]]
Epoch: [37/200], cls_loss: 0.0937, transfer_loss: 0.6683,person_loss: -1.9814, total_Loss: 0.2297
trian begin
trian end
n_person 322
SAMPLE
F1_MI: 0.5251671687853626 F1_MA: 0.49993580915130453 ACC_MI: 0.5251671687853626 F1_MA: 0.4605200782889342
BEST_F1_MI: 0.6957160702476303 BEST_F1_MA: 0.6658331138298431 BEST_ACC_MI: 0.6957160702476303 BEST_F1_MA: 0.6396928677090371
[[4707 1642  257 1652]
 [ 443  838  398  662]
 [ 530  189  494  688]
 [   0    1    0 1108]]
Epoch: [38/200], cls_loss: 0.1060, transfer_loss: 0.6722,person_loss: -1.9794, total_Loss: 0.2442
trian begin
trian end
n_person 322
SAMPLE
F1_MI: 0.5580130795796899 F1_MA: 0.5423467552403078 ACC_MI: 0.5580130795796899 F1_MA: 0.4940292322256316
BEST_F1_MI: 0.6957160702476303 BEST_F1_MA: 0.6658331138298431 BEST_ACC_MI: 0.6957160702476303 BEST_F1_MA: 0.6396928677090371
[[4730 1599  436 1493]
 [ 393  917  515  516]
 [ 318  257  840  486]
 [   0    2    0 1107]]
Epoch: [39/200], cls_loss: 0.1014, transfer_loss: 0.6796,person_loss: -1.9817, total_Loss: 0.2430
trian begin
trian end
n_person 322
SAMPLE
F1_MI: 0.5416268645749137 F1_MA: 0.5204786422115503 ACC_MI: 0.5416268645749137 F1_MA: 0.47585244219303224
BEST_F1_MI: 0.6957160702476303 BEST_F1_MA: 0.6658331138298431 BEST_ACC_MI: 0.6957160702476303 BEST_F1_MA: 0.6396928677090371
[[4677 1603  352 1626]
 [ 490 1028  376  447]
 [ 576  284  560  481]
 [   1    1    1 1106]]
Epoch: [40/200], cls_loss: 0.0895, transfer_loss: 0.6831,person_loss: -1.9807, total_Loss: 0.2330
trian begin
trian end
n_person 322
SAMPLE
F1_MI: 0.5323682856932912 F1_MA: 0.5020522036307821 ACC_MI: 0.5323682856932912 F1_MA: 0.4597139214831734
BEST_F1_MI: 0.6957160702476303 BEST_F1_MA: 0.6658331138298431 BEST_ACC_MI: 0.6957160702476303 BEST_F1_MA: 0.6396928677090371
[[4786 1521  305 1646]
 [ 487  783  472  599]
 [ 574  160  568  599]
 [   0    1    0 1108]]
Epoch: [41/200], cls_loss: 0.0961, transfer_loss: 0.6931,person_loss: -1.9827, total_Loss: 0.2444
trian begin
trian end
n_person 322
SAMPLE
F1_MI: 0.5523550591520318 F1_MA: 0.5507618807149162 ACC_MI: 0.5523550591520318 F1_MA: 0.4962138253270546
BEST_F1_MI: 0.6957160702476303 BEST_F1_MA: 0.6658331138298431 BEST_ACC_MI: 0.6957160702476303 BEST_F1_MA: 0.6396928677090371
[[4426 2050  626 1156]
 [ 265 1031  695  350]
 [ 254  217  955  475]
 [   0    3    1 1105]]
Epoch: [42/200], cls_loss: 0.0858, transfer_loss: 0.6856,person_loss: -1.9823, total_Loss: 0.2303
trian begin
trian end
n_person 322
SAMPLE
F1_MI: 0.5590418105665369 F1_MA: 0.5551688336789259 ACC_MI: 0.5590418105665369 F1_MA: 0.5012674650478746
BEST_F1_MI: 0.6957160702476303 BEST_F1_MA: 0.6658331138298431 BEST_ACC_MI: 0.6957160702476303 BEST_F1_MA: 0.6396928677090371
[[4527 1483  703 1545]
 [ 241  969  697  434]
 [ 159  243 1007  492]
 [   1    1    2 1105]]
Epoch: [43/200], cls_loss: 0.0841, transfer_loss: 0.6923,person_loss: -1.9834, total_Loss: 0.2320
trian begin
trian end
n_person 322
SAMPLE
F1_MI: 0.5335439782496877 F1_MA: 0.5395715961272152 ACC_MI: 0.5335439782496877 F1_MA: 0.4869605460788934
BEST_F1_MI: 0.6957160702476303 BEST_F1_MA: 0.6658331138298431 BEST_ACC_MI: 0.6957160702476303 BEST_F1_MA: 0.6396928677090371
[[4279 1363  936 1680]
 [ 233  843  691  574]
 [ 119  166 1031  585]
 [   0    1    0 1108]]
Epoch: [44/200], cls_loss: 0.0819, transfer_loss: 0.6791,person_loss: -1.9815, total_Loss: 0.2233
trian begin
trian end
n_person 322
SAMPLE
F1_MI: 0.5574252333014916 F1_MA: 0.5534808336429825 ACC_MI: 0.5574252333014916 F1_MA: 0.5014630473179615
BEST_F1_MI: 0.6957160702476303 BEST_F1_MA: 0.6658331138298431 BEST_ACC_MI: 0.6957160702476303 BEST_F1_MA: 0.6396928677090371
[[4552 1369  610 1727]
 [ 284  940  630  487]
 [ 196  267  987  451]
 [   0    1    1 1107]]
Epoch: [45/200], cls_loss: 0.0780, transfer_loss: 0.6877,person_loss: -1.9832, total_Loss: 0.2235
trian begin
trian end
n_person 322
SAMPLE
F1_MI: 0.5735175251671688 F1_MA: 0.5701406878567347 ACC_MI: 0.5735175251671688 F1_MA: 0.5173235584648721
BEST_F1_MI: 0.6957160702476303 BEST_F1_MA: 0.6658331138298431 BEST_ACC_MI: 0.6957160702476303 BEST_F1_MA: 0.6396928677090371
[[4613 2139  574  932]
 [ 368 1135  590  248]
 [ 326  410  954  211]
 [   1    4    1 1103]]
Epoch: [46/200], cls_loss: 0.0790, transfer_loss: 0.6816,person_loss: -1.9823, total_Loss: 0.2216
trian begin
trian end
n_person 322
SAMPLE
F1_MI: 0.537144536703652 F1_MA: 0.52551911504684 ACC_MI: 0.537144536703652 F1_MA: 0.4783719083497102
BEST_F1_MI: 0.6957160702476303 BEST_F1_MA: 0.6658331138298431 BEST_ACC_MI: 0.6957160702476303 BEST_F1_MA: 0.6396928677090371
[[4532 1543  497 1686]
 [ 419  948  465  509]
 [ 402  196  724  579]
 [   1    2    0 1106]]
Epoch: [47/200], cls_loss: 0.0840, transfer_loss: 0.6942,person_loss: -1.9835, total_Loss: 0.2328
trian begin
trian end
n_person 322
SAMPLE
F1_MI: 0.5214196487618488 F1_MA: 0.49023476237420227 ACC_MI: 0.5214196487618488 F1_MA: 0.4518573858163272
BEST_F1_MI: 0.6957160702476303 BEST_F1_MA: 0.6658331138298431 BEST_ACC_MI: 0.6957160702476303 BEST_F1_MA: 0.6396928677090371
[[4716 1508  327 1707]
 [ 694  758  348  541]
 [ 638  141  571  551]
 [   8    1   49 1051]]
Epoch: [48/200], cls_loss: 0.0670, transfer_loss: 0.6857,person_loss: -1.9839, total_Loss: 0.2115
trian begin
trian end
n_person 322
SAMPLE
F1_MI: 0.5537511940627526 F1_MA: 0.5488860707633632 ACC_MI: 0.5537511940627526 F1_MA: 0.5031193590655128
BEST_F1_MI: 0.6957160702476303 BEST_F1_MA: 0.6658331138298431 BEST_ACC_MI: 0.6957160702476303 BEST_F1_MA: 0.6396928677090371
[[4568 2573  475  642]
 [ 492 1141  475  233]
 [ 522  335  726  318]
 [   3    5    0 1101]]
Epoch: [49/200], cls_loss: 0.0739, transfer_loss: 0.6812,person_loss: -1.9823, total_Loss: 0.2163
trian begin
trian end
n_person 322
SAMPLE
F1_MI: 0.5411124990814902 F1_MA: 0.5148883317103399 ACC_MI: 0.5411124990814902 F1_MA: 0.47678606473480917
BEST_F1_MI: 0.6957160702476303 BEST_F1_MA: 0.6658331138298431 BEST_ACC_MI: 0.6957160702476303 BEST_F1_MA: 0.6396928677090371
[[4848 1453  295 1662]
 [ 784  875  263  419]
 [ 666  153  538  544]
 [   1    1    4 1103]]
Epoch: [50/200], cls_loss: 0.0712, transfer_loss: 0.6842,person_loss: -1.9836, total_Loss: 0.2150
trian begin
trian end
n_person 322
SAMPLE
F1_MI: 0.5402307296641928 F1_MA: 0.5434884684703623 ACC_MI: 0.5402307296641928 F1_MA: 0.4973984958721739
BEST_F1_MI: 0.6957160702476303 BEST_F1_MA: 0.6658331138298431 BEST_ACC_MI: 0.6957160702476303 BEST_F1_MA: 0.6396928677090371
[[4397 1756  412 1693]
 [ 340 1084  404  513]
 [ 291  306  763  541]
 [   0    1    0 1108]]
Epoch: [51/200], cls_loss: 0.0639, transfer_loss: 0.6925,person_loss: -1.9818, total_Loss: 0.2120
trian begin
trian end
n_person 322
SAMPLE
F1_MI: 0.5335439782496877 F1_MA: 0.5386386389141107 ACC_MI: 0.5335439782496877 F1_MA: 0.4877710333358423
BEST_F1_MI: 0.6957160702476303 BEST_F1_MA: 0.6658331138298431 BEST_ACC_MI: 0.6957160702476303 BEST_F1_MA: 0.6396928677090371
[[4278 2088  559 1333]
 [ 231  988  601  521]
 [ 220  206  888  587]
 [   0    2    0 1107]]
Epoch: [52/200], cls_loss: 0.0706, transfer_loss: 0.6957,person_loss: -1.9831, total_Loss: 0.2201
[[5572 1576 1100   10]
 [ 182 1368  699   92]
 [ 355  532  991   23]
 [   0    4    0 1105]]
[[6523  810  920    5]
 [ 309  963  976   93]
 [ 735  267  878   21]
 [   0    5    0 1104]]
ARG: Namespace(backbone='resnet50', batch_size=32, config='DANN/DANN.yaml', data_dir='data', device=device(type='cuda'), early_stop=50, epoch_based_training=False, lr=0.003, lr_decay=0.75, lr_gamma=0.0003, lr_scheduler=True, max_iter=29400, method='True', momentum=0.9, myweight=0.1, n_class=4, n_epoch=200, n_iter_per_epoch=147, num_workers=3, seed=1, src_domain='PAMAP2', tgt_domain='WISDM', tname='transfer', transfer_loss='adv', transfer_loss_weight=0.5, use_bottleneck=True, weight_decay=0.0005)
