coral 2 PAMAP2 UCI DeepCoral/DeepCoral.yaml True
Namespace(backbone='resnet50', batch_size=32, config='DeepCoral/DeepCoral.yaml', data_dir='data', device=device(type='cuda'), early_stop=50, epoch_based_training=False, lr=0.003, lr_decay=0.75, lr_gamma=0.0003, lr_scheduler=True, method='True', momentum=0.9, myweight=0.1, n_epoch=200, n_iter_per_epoch=100, num_workers=3, seed=2, src_domain='PAMAP2', tgt_domain='UCI', tname='transfer', transfer_loss='coral', transfer_loss_weight=10.0, use_bottleneck=True, weight_decay=0.0005)
JUST DO IT
run my Parkinson code
transfer
TRAIN Length: 4725 360 TEST Length: 3369 615
YYY: 0 3
DATA_PROFILE   train: 4725 train2: 3369 test: 3369
DATASET.SHAPE: <data_loader.GetTrainLoader object at 0x7fd0045b8ef0> True
DATASET.SHAPE: <data_loader.GetTrainLoader object at 0x7fd004552160> True
DATASET.SHAPE: <data_loader.GetTestLoader object at 0x7fd00453bfd0> False
CLASS: 4 615
LLL: {}
BOTTLENECK_LIST: [Linear(in_features=512, out_features=256, bias=True), ReLU()]
TYPE: {'loss_type': 'coral', 'max_iter': 21000, 'num_class': 4, 'my_person_item': <my_person_item.PersonItem object at 0x7fd0c40c3198>}
initial_lr 1.0
transfer_world
method True <class 'str'>
1.10.1+cu102
True
LEN: 0 0
LOADER: <data_loader.InfiniteDataLoader object at 0x7fd004552fd0> <data_loader.InfiniteDataLoader object at 0x7fd00453bef0>
N_batch: 105
trian begin
trian end
n_person 615
SAMPLE
F1_MI: 0.6883348174532502 F1_MA: 0.7316964753735262 ACC_MI: 0.6883348174532502 F1_MA: 0.7864227294900521
BEST_F1_MI: 0.6883348174532502 BEST_F1_MA: 0.7316964753735262 BEST_ACC_MI: 0.6883348174532502 BEST_F1_MA: 0.7864227294900521
[[280 566  27  20]
 [ 51 715   9  29]
 [  2 344 398   2]
 [  0   0   0 926]]
Epoch: [ 1/200], cls_loss: 0.7212, transfer_loss: 0.0017,person_loss: -1.8287, total_Loss: 0.5553
trian begin
trian end
n_person 615
SAMPLE
F1_MI: 0.7295933511427724 F1_MA: 0.7377907098465019 ACC_MI: 0.7295933511427724 F1_MA: 0.7641785301669131
BEST_F1_MI: 0.7295933511427724 BEST_F1_MA: 0.7377907098465019 BEST_ACC_MI: 0.7295933511427724 BEST_F1_MA: 0.7864227294900521
[[831   8  48   6]
 [564 190  45   5]
 [156  76 514   0]
 [  0   3   0 923]]
Epoch: [ 2/200], cls_loss: 0.4675, transfer_loss: 0.0011,person_loss: -1.8288, total_Loss: 0.2955
trian begin
trian end
n_person 615
SAMPLE
F1_MI: 0.6731967943009796 F1_MA: 0.7218032069791268 ACC_MI: 0.6731967943009796 F1_MA: 0.8129386920457383
BEST_F1_MI: 0.7295933511427724 BEST_F1_MA: 0.7377907098465019 BEST_ACC_MI: 0.7295933511427724 BEST_F1_MA: 0.8129386920457383
[[885   0   0   8]
 [680  80  29  15]
 [347   9 378  12]
 [  0   0   1 925]]
Epoch: [ 3/200], cls_loss: 0.3532, transfer_loss: 0.0008,person_loss: -1.8550, total_Loss: 0.1756
trian begin
trian end
n_person 615
SAMPLE
F1_MI: 0.5048975957257347 F1_MA: 0.4947875386906005 ACC_MI: 0.5048975957257347 F1_MA: 0.47423629301221515
BEST_F1_MI: 0.7295933511427724 BEST_F1_MA: 0.7377907098465019 BEST_ACC_MI: 0.7295933511427724 BEST_F1_MA: 0.8129386920457383
[[868   3  22   0]
 [569 205  30   0]
 [111   7 628   0]
 [  0   2 924   0]]
Epoch: [ 4/200], cls_loss: 0.3225, transfer_loss: 0.0007,person_loss: -1.8846, total_Loss: 0.1406
trian begin
trian end
n_person 615
SAMPLE
F1_MI: 0.7352330068269516 F1_MA: 0.7649902143111128 ACC_MI: 0.7352330068269516 F1_MA: 0.8240942367063679
BEST_F1_MI: 0.7352330068269516 BEST_F1_MA: 0.7649902143111128 BEST_ACC_MI: 0.7352330068269516 BEST_F1_MA: 0.8240942367063679
[[866  25   2   0]
 [422 377   5   0]
 [366  58 322   0]
 [  0  13   1 912]]
Epoch: [ 5/200], cls_loss: 0.3246, transfer_loss: 0.0006,person_loss: -1.8991, total_Loss: 0.1402
trian begin
trian end
n_person 615
SAMPLE
F1_MI: 0.5188483229444939 F1_MA: 0.5907448236782793 ACC_MI: 0.5188483229444939 F1_MA: 0.6610230824938162
BEST_F1_MI: 0.7352330068269516 BEST_F1_MA: 0.7649902143111128 BEST_ACC_MI: 0.7352330068269516 BEST_F1_MA: 0.8240942367063679
[[868   4  21   0]
 [599 160  45   0]
 [ 26   1 719   0]
 [  0 925   0   1]]
Epoch: [ 6/200], cls_loss: 0.2713, transfer_loss: 0.0005,person_loss: -1.9263, total_Loss: 0.0833
trian begin
trian end
n_person 615
SAMPLE
F1_MI: 0.8471356485604037 F1_MA: 0.8481926168405888 ACC_MI: 0.8471356485604037 F1_MA: 0.8555161126829922
BEST_F1_MI: 0.8471356485604037 BEST_F1_MA: 0.8481926168405888 BEST_ACC_MI: 0.8471356485604037 BEST_F1_MA: 0.8555161126829922
[[791  76  19   7]
 [276 475  50   3]
 [ 59  25 662   0]
 [  0   0   0 926]]
Epoch: [ 7/200], cls_loss: 0.2700, transfer_loss: 0.0004,person_loss: -1.9330, total_Loss: 0.0808
trian begin
trian end
n_person 615
SAMPLE
F1_MI: 0.4784802612051054 F1_MA: 0.45708233474478555 ACC_MI: 0.4784802612051054 F1_MA: 0.43110056481521963
BEST_F1_MI: 0.8471356485604037 BEST_F1_MA: 0.8481926168405888 BEST_ACC_MI: 0.8471356485604037 BEST_F1_MA: 0.8555161126829922
[[859   8  26   0]
 [525 266  13   0]
 [234  25 487   0]
 [  0  12 914   0]]
Epoch: [ 8/200], cls_loss: 0.2453, transfer_loss: 0.0003,person_loss: -1.9363, total_Loss: 0.0552
trian begin
trian end
n_person 615
SAMPLE
F1_MI: 0.5535767289997032 F1_MA: 0.6323947231999586 ACC_MI: 0.5535767289997032 F1_MA: 0.725308085653693
BEST_F1_MI: 0.8471356485604037 BEST_F1_MA: 0.8481926168405888 BEST_ACC_MI: 0.8471356485604037 BEST_F1_MA: 0.8555161126829922
[[878   7   8   0]
 [571 203  27   3]
 [123   9 614   0]
 [  0   1 755 170]]
Epoch: [ 9/200], cls_loss: 0.2245, transfer_loss: 0.0004,person_loss: -1.9405, total_Loss: 0.0343
trian begin
trian end
n_person 615
SAMPLE
F1_MI: 0.5488275452656575 F1_MA: 0.637131036357014 ACC_MI: 0.5488275452656575 F1_MA: 0.7276223114033875
BEST_F1_MI: 0.8471356485604037 BEST_F1_MA: 0.8481926168405888 BEST_ACC_MI: 0.8471356485604037 BEST_F1_MA: 0.8555161126829922
[[834  29  30   0]
 [422 283  99   0]
 [  1  15 730   0]
 [  0  12 912   2]]
Epoch: [10/200], cls_loss: 0.2164, transfer_loss: 0.0003,person_loss: -1.9498, total_Loss: 0.0247
trian begin
trian end
n_person 615
SAMPLE
F1_MI: 0.5152864351439597 F1_MA: 0.5899873104986161 ACC_MI: 0.5152864351439597 F1_MA: 0.6733075003694483
BEST_F1_MI: 0.8471356485604037 BEST_F1_MA: 0.8481926168405888 BEST_ACC_MI: 0.8471356485604037 BEST_F1_MA: 0.8555161126829922
[[873  19   1   0]
 [483 315   6   0]
 [156  57 533   0]
 [  0  35 876  15]]
Epoch: [11/200], cls_loss: 0.2208, transfer_loss: 0.0003,person_loss: -1.9476, total_Loss: 0.0287
trian begin
trian end
n_person 615
SAMPLE
F1_MI: 0.8055802908875036 F1_MA: 0.8217735433903796 ACC_MI: 0.8055802908875037 F1_MA: 0.8509461064381373
BEST_F1_MI: 0.8471356485604037 BEST_F1_MA: 0.8481926168405888 BEST_ACC_MI: 0.8471356485604037 BEST_F1_MA: 0.8555161126829922
[[855  36   0   2]
 [469 310  20   5]
 [101  22 623   0]
 [  0   0   0 926]]
Epoch: [12/200], cls_loss: 0.2028, transfer_loss: 0.0003,person_loss: -1.9566, total_Loss: 0.0098
trian begin
trian end
n_person 615
SAMPLE
F1_MI: 0.8224992579400414 F1_MA: 0.8279129480472415 ACC_MI: 0.8224992579400415 F1_MA: 0.8399979655961307
BEST_F1_MI: 0.8471356485604037 BEST_F1_MA: 0.8481926168405888 BEST_ACC_MI: 0.8471356485604037 BEST_F1_MA: 0.8555161126829922
[[812  18  53  10]
 [329 306 165   4]
 [  0  17 728   1]
 [  0   1   0 925]]
Epoch: [13/200], cls_loss: 0.1928, transfer_loss: 0.0003,person_loss: -1.9624, total_Loss: -0.0007
trian begin
trian end
n_person 615
SAMPLE
F1_MI: 0.8109231225883051 F1_MA: 0.8242406804469985 ACC_MI: 0.8109231225883051 F1_MA: 0.8488982368304177
BEST_F1_MI: 0.8471356485604037 BEST_F1_MA: 0.8481926168405888 BEST_ACC_MI: 0.8471356485604037 BEST_F1_MA: 0.8555161126829922
[[871  21   1   0]
 [506 262  35   1]
 [ 41  30 675   0]
 [  0   1   1 924]]
Epoch: [14/200], cls_loss: 0.2016, transfer_loss: 0.0002,person_loss: -1.9626, total_Loss: 0.0079
trian begin
trian end
n_person 615
SAMPLE
F1_MI: 0.7993469872365687 F1_MA: 0.8266827571519693 ACC_MI: 0.7993469872365687 F1_MA: 0.8695100507938563
BEST_F1_MI: 0.8471356485604037 BEST_F1_MA: 0.8481926168405888 BEST_ACC_MI: 0.8471356485604037 BEST_F1_MA: 0.8695100507938563
[[887   4   2   0]
 [559 224  21   0]
 [ 77  12 657   0]
 [  0   1   0 925]]
Epoch: [15/200], cls_loss: 0.1926, transfer_loss: 0.0003,person_loss: -1.9604, total_Loss: -0.0007
trian begin
trian end
n_person 615
SAMPLE
F1_MI: 0.7785693084001187 F1_MA: 0.8005572259982181 ACC_MI: 0.7785693084001187 F1_MA: 0.8413729066937226
BEST_F1_MI: 0.8471356485604037 BEST_F1_MA: 0.8481926168405888 BEST_ACC_MI: 0.8471356485604037 BEST_F1_MA: 0.8695100507938563
[[870  18   4   1]
 [480 300  22   2]
 [183  35 528   0]
 [  0   0   1 925]]
Epoch: [16/200], cls_loss: 0.1899, transfer_loss: 0.0002,person_loss: -1.9607, total_Loss: -0.0041
trian begin
trian end
n_person 615
SAMPLE
F1_MI: 0.5072721875927575 F1_MA: 0.5000007493759929 ACC_MI: 0.5072721875927575 F1_MA: 0.4770373735914987
BEST_F1_MI: 0.8471356485604037 BEST_F1_MA: 0.8481926168405888 BEST_ACC_MI: 0.8471356485604037 BEST_F1_MA: 0.8695100507938563
[[646 238   9   0]
 [306 488  10   0]
 [ 11 160 575   0]
 [  0 926   0   0]]
Epoch: [17/200], cls_loss: 0.1829, transfer_loss: 0.0002,person_loss: -1.9652, total_Loss: -0.0116
trian begin
trian end
n_person 615
SAMPLE
F1_MI: 0.5529830810329475 F1_MA: 0.6312703674878574 ACC_MI: 0.5529830810329475 F1_MA: 0.7114844012472111
BEST_F1_MI: 0.8471356485604037 BEST_F1_MA: 0.8481926168405888 BEST_ACC_MI: 0.8471356485604037 BEST_F1_MA: 0.8695100507938563
[[859  30   4   0]
 [416 358  30   0]
 [ 66  49 631   0]
 [  0   9 902  15]]
Epoch: [18/200], cls_loss: 0.1708, transfer_loss: 0.0002,person_loss: -1.9683, total_Loss: -0.0240
trian begin
trian end
n_person 615
SAMPLE
F1_MI: 0.5924606708222024 F1_MA: 0.6517223825711497 ACC_MI: 0.5924606708222024 F1_MA: 0.7060150863300028
BEST_F1_MI: 0.8471356485604037 BEST_F1_MA: 0.8481926168405888 BEST_ACC_MI: 0.8471356485604037 BEST_F1_MA: 0.8695100507938563
[[865  26   2   0]
 [354 360  87   3]
 [ 62  25 659   0]
 [  0 814   0 112]]
Epoch: [19/200], cls_loss: 0.1673, transfer_loss: 0.0002,person_loss: -1.9723, total_Loss: -0.0284
trian begin
trian end
n_person 615
SAMPLE
F1_MI: 0.5176610270109825 F1_MA: 0.612021648059457 ACC_MI: 0.5176610270109825 F1_MA: 0.7240356618119981
BEST_F1_MI: 0.8471356485604037 BEST_F1_MA: 0.8481926168405888 BEST_ACC_MI: 0.8471356485604037 BEST_F1_MA: 0.8695100507938563
[[885   5   3   0]
 [553 178  73   0]
 [ 75  10 661   0]
 [  0   3 903  20]]
Epoch: [20/200], cls_loss: 0.1788, transfer_loss: 0.0002,person_loss: -1.9682, total_Loss: -0.0161
trian begin
trian end
n_person 615
SAMPLE
F1_MI: 0.8331849213416445 F1_MA: 0.8315949886861792 ACC_MI: 0.8331849213416445 F1_MA: 0.8339550347908703
BEST_F1_MI: 0.8471356485604037 BEST_F1_MA: 0.8481926168405888 BEST_ACC_MI: 0.8471356485604037 BEST_F1_MA: 0.8695100507938563
[[746  75  72   0]
 [171 412 217   4]
 [  6  17 723   0]
 [  0   0   0 926]]
Epoch: [21/200], cls_loss: 0.1666, transfer_loss: 0.0002,person_loss: -1.9692, total_Loss: -0.0287
trian begin
trian end
n_person 615
SAMPLE
F1_MI: 0.5339863460967647 F1_MA: 0.6068963541859747 ACC_MI: 0.5339863460967647 F1_MA: 0.6802798435206381
BEST_F1_MI: 0.8471356485604037 BEST_F1_MA: 0.8481926168405888 BEST_ACC_MI: 0.8471356485604037 BEST_F1_MA: 0.8695100507938563
[[883   8   2   0]
 [492 258  54   0]
 [ 78  12 656   0]
 [  0 903  21   2]]
Epoch: [22/200], cls_loss: 0.1690, transfer_loss: 0.0001,person_loss: -1.9712, total_Loss: -0.0267
trian begin
trian end
n_person 615
SAMPLE
F1_MI: 0.8465420005936479 F1_MA: 0.8484735413308913 ACC_MI: 0.8465420005936479 F1_MA: 0.8582256553765232
BEST_F1_MI: 0.8471356485604037 BEST_F1_MA: 0.8484735413308913 BEST_ACC_MI: 0.8471356485604037 BEST_F1_MA: 0.8695100507938563
[[858  26   9   0]
 [343 382  77   2]
 [ 13  46 687   0]
 [  0   1   0 925]]
Epoch: [23/200], cls_loss: 0.1657, transfer_loss: 0.0001,person_loss: -1.9711, total_Loss: -0.0301
trian begin
trian end
n_person 615
SAMPLE
F1_MI: 0.5289403383793411 F1_MA: 0.5951821399099562 ACC_MI: 0.5289403383793411 F1_MA: 0.6581898487764348
BEST_F1_MI: 0.8471356485604037 BEST_F1_MA: 0.8484735413308913 BEST_ACC_MI: 0.8471356485604037 BEST_F1_MA: 0.8695100507938563
[[873   9  11   0]
 [509 212  83   0]
 [ 57   3 686   0]
 [  1 138 776  11]]
Epoch: [24/200], cls_loss: 0.1590, transfer_loss: 0.0002,person_loss: -1.9731, total_Loss: -0.0366
trian begin
trian end
n_person 615
SAMPLE
F1_MI: 0.8260611457405759 F1_MA: 0.8370808726688534 ACC_MI: 0.8260611457405759 F1_MA: 0.8590653868802295
BEST_F1_MI: 0.8471356485604037 BEST_F1_MA: 0.8484735413308913 BEST_ACC_MI: 0.8471356485604037 BEST_F1_MA: 0.8695100507938563
[[856  33   4   0]
 [378 371  46   9]
 [ 96  19 631   0]
 [  0   0   1 925]]
Epoch: [25/200], cls_loss: 0.1443, transfer_loss: 0.0002,person_loss: -1.9720, total_Loss: -0.0513
trian begin
trian end
n_person 615
SAMPLE
F1_MI: 0.8711783912140101 F1_MA: 0.8666837373323595 ACC_MI: 0.8711783912140101 F1_MA: 0.8659483115005027
BEST_F1_MI: 0.8711783912140101 BEST_F1_MA: 0.8666837373323595 BEST_ACC_MI: 0.8711783912140101 BEST_F1_MA: 0.8695100507938563
[[797  87   8   1]
 [152 491 154   7]
 [  3  21 721   1]
 [  0   0   0 926]]
Epoch: [26/200], cls_loss: 0.1487, transfer_loss: 0.0001,person_loss: -1.9727, total_Loss: -0.0471
trian begin
trian end
n_person 615
SAMPLE
F1_MI: 0.8658355595132087 F1_MA: 0.8642031678577636 ACC_MI: 0.8658355595132087 F1_MA: 0.8632530290462294
BEST_F1_MI: 0.8711783912140101 BEST_F1_MA: 0.8666837373323595 BEST_ACC_MI: 0.8711783912140101 BEST_F1_MA: 0.8695100507938563
[[677 204  12   0]
 [ 81 609 111   3]
 [  3  36 705   2]
 [  0   0   0 926]]
Epoch: [27/200], cls_loss: 0.1428, transfer_loss: 0.0001,person_loss: -1.9762, total_Loss: -0.0537
trian begin
trian end
n_person 615
SAMPLE
F1_MI: 0.5565449688334817 F1_MA: 0.6337516268982664 ACC_MI: 0.5565449688334817 F1_MA: 0.7114010280861431
BEST_F1_MI: 0.8711783912140101 BEST_F1_MA: 0.8666837373323595 BEST_ACC_MI: 0.8711783912140101 BEST_F1_MA: 0.8695100507938563
[[862  28   3   0]
 [358 384  62   0]
 [ 82  37 627   0]
 [  0 922   2   2]]
Epoch: [28/200], cls_loss: 0.1491, transfer_loss: 0.0001,person_loss: -1.9728, total_Loss: -0.0471
trian begin
trian end
n_person 615
SAMPLE
F1_MI: 0.5342831700801425 F1_MA: 0.6212515187666746 ACC_MI: 0.5342831700801425 F1_MA: 0.7175497645200593
BEST_F1_MI: 0.8711783912140101 BEST_F1_MA: 0.8666837373323595 BEST_ACC_MI: 0.8711783912140101 BEST_F1_MA: 0.8695100507938563
[[871  22   0   0]
 [459 291  54   0]
 [104  10 632   0]
 [  0  13 907   6]]
Epoch: [29/200], cls_loss: 0.1395, transfer_loss: 0.0002,person_loss: -1.9713, total_Loss: -0.0553
trian begin
trian end
n_person 615
SAMPLE
F1_MI: 0.8337785693084001 F1_MA: 0.8379398269588012 ACC_MI: 0.8337785693084001 F1_MA: 0.8512429631323974
BEST_F1_MI: 0.8711783912140101 BEST_F1_MA: 0.8666837373323595 BEST_ACC_MI: 0.8711783912140101 BEST_F1_MA: 0.8695100507938563
[[865  25   3   0]
 [374 342  86   2]
 [ 31  39 676   0]
 [  0   0   0 926]]
Epoch: [30/200], cls_loss: 0.1344, transfer_loss: 0.0002,person_loss: -1.9734, total_Loss: -0.0614
trian begin
trian end
n_person 615
SAMPLE
F1_MI: 0.8281389136242209 F1_MA: 0.8391608494961545 ACC_MI: 0.8281389136242209 F1_MA: 0.8611588372337137
BEST_F1_MI: 0.8711783912140101 BEST_F1_MA: 0.8666837373323595 BEST_ACC_MI: 0.8711783912140101 BEST_F1_MA: 0.8695100507938563
[[835  58   0   0]
 [341 444  19   0]
 [133  22 591   0]
 [  0   0   6 920]]
Epoch: [31/200], cls_loss: 0.1361, transfer_loss: 0.0001,person_loss: -1.9747, total_Loss: -0.0602
trian begin
trian end
n_person 615
SAMPLE
F1_MI: 0.8590086078955179 F1_MA: 0.8572472469517023 ACC_MI: 0.8590086078955179 F1_MA: 0.8622045748699039
BEST_F1_MI: 0.8711783912140101 BEST_F1_MA: 0.8666837373323595 BEST_ACC_MI: 0.8711783912140101 BEST_F1_MA: 0.8695100507938563
[[826  59   8   0]
 [249 480  66   9]
 [ 32  50 662   2]
 [  0   0   0 926]]
Epoch: [32/200], cls_loss: 0.1374, transfer_loss: 0.0001,person_loss: -1.9766, total_Loss: -0.0592
trian begin
trian end
n_person 615
SAMPLE
F1_MI: 0.6788364499851588 F1_MA: 0.7214420253286588 ACC_MI: 0.6788364499851588 F1_MA: 0.766342694631029
BEST_F1_MI: 0.8711783912140101 BEST_F1_MA: 0.8666837373323595 BEST_ACC_MI: 0.8711783912140101 BEST_F1_MA: 0.8695100507938563
[[865  25   3   0]
 [389 342  73   0]
 [ 94  16 636   0]
 [  2   1 479 444]]
Epoch: [33/200], cls_loss: 0.1333, transfer_loss: 0.0001,person_loss: -1.9760, total_Loss: -0.0631
trian begin
trian end
n_person 615
SAMPLE
F1_MI: 0.5883051350549124 F1_MA: 0.6562685183840512 ACC_MI: 0.5883051350549124 F1_MA: 0.7224140493400838
BEST_F1_MI: 0.8711783912140101 BEST_F1_MA: 0.8666837373323595 BEST_ACC_MI: 0.8711783912140101 BEST_F1_MA: 0.8695100507938563
[[854  37   2   0]
 [288 452  64   0]
 [ 77  69 600   0]
 [  0 819  31  76]]
Epoch: [34/200], cls_loss: 0.1336, transfer_loss: 0.0001,person_loss: -1.9770, total_Loss: -0.0631
trian begin
trian end
n_person 615
SAMPLE
F1_MI: 0.5624814485010389 F1_MA: 0.629721857325299 ACC_MI: 0.5624814485010389 F1_MA: 0.6933817640117207
BEST_F1_MI: 0.8711783912140101 BEST_F1_MA: 0.8666837373323595 BEST_ACC_MI: 0.8711783912140101 BEST_F1_MA: 0.8695100507938563
[[863  28   2   0]
 [347 377  80   0]
 [ 98  17 631   0]
 [  0 841  61  24]]
Epoch: [35/200], cls_loss: 0.1323, transfer_loss: 0.0001,person_loss: -1.9783, total_Loss: -0.0644
trian begin
trian end
n_person 615
SAMPLE
F1_MI: 0.8797862867319679 F1_MA: 0.8772249923006171 ACC_MI: 0.8797862867319679 F1_MA: 0.879586800753731
BEST_F1_MI: 0.8797862867319679 BEST_F1_MA: 0.8772249923006171 BEST_ACC_MI: 0.8797862867319679 BEST_F1_MA: 0.879586800753731
[[824  65   4   0]
 [206 523  57  18]
 [ 10  45 691   0]
 [  0   0   0 926]]
Epoch: [36/200], cls_loss: 0.1270, transfer_loss: 0.0001,person_loss: -1.9757, total_Loss: -0.0695
trian begin
trian end
n_person 615
SAMPLE
F1_MI: 0.8658355595132087 F1_MA: 0.8620487689186144 ACC_MI: 0.8658355595132087 F1_MA: 0.8629621527551087
BEST_F1_MI: 0.8797862867319679 BEST_F1_MA: 0.8772249923006171 BEST_ACC_MI: 0.8797862867319679 BEST_F1_MA: 0.879586800753731
[[815  72   5   1]
 [192 463 134  15]
 [  7  20 714   5]
 [  0   0   1 925]]
Epoch: [37/200], cls_loss: 0.1387, transfer_loss: 0.0001,person_loss: -1.9770, total_Loss: -0.0580
trian begin
trian end
n_person 615
SAMPLE
F1_MI: 0.6271890768774117 F1_MA: 0.7049581912790507 ACC_MI: 0.6271890768774117 F1_MA: 0.7911983072472417
BEST_F1_MI: 0.8797862867319679 BEST_F1_MA: 0.8772249923006171 BEST_ACC_MI: 0.8797862867319679 BEST_F1_MA: 0.879586800753731
[[864  26   3   0]
 [377 362  61   4]
 [ 88  15 641   2]
 [635   4  41 246]]
Epoch: [38/200], cls_loss: 0.1227, transfer_loss: 0.0001,person_loss: -1.9748, total_Loss: -0.0736
trian begin
trian end
n_person 615
SAMPLE
F1_MI: 0.6960522410210745 F1_MA: 0.7406653400153883 ACC_MI: 0.6960522410210745 F1_MA: 0.7771966399346906
BEST_F1_MI: 0.8797862867319679 BEST_F1_MA: 0.8772249923006171 BEST_ACC_MI: 0.8797862867319679 BEST_F1_MA: 0.879586800753731
[[788  77  28   0]
 [157 482 156   9]
 [  2  25 717   2]
 [  1   6 561 358]]
Epoch: [39/200], cls_loss: 0.1250, transfer_loss: 0.0001,person_loss: -1.9733, total_Loss: -0.0708
trian begin
trian end
n_person 615
SAMPLE
F1_MI: 0.5906797269219353 F1_MA: 0.662494660598299 ACC_MI: 0.5906797269219353 F1_MA: 0.7260877792530163
BEST_F1_MI: 0.8797862867319679 BEST_F1_MA: 0.8772249923006171 BEST_ACC_MI: 0.8797862867319679 BEST_F1_MA: 0.879586800753731
[[797  66  30   0]
 [181 508 113   2]
 [ 41  43 662   0]
 [  0   8 895  23]]
Epoch: [40/200], cls_loss: 0.1141, transfer_loss: 0.0001,person_loss: -1.9756, total_Loss: -0.0823
trian begin
trian end
n_person 615
SAMPLE
F1_MI: 0.5773226476699317 F1_MA: 0.6690627409791442 ACC_MI: 0.5773226476699317 F1_MA: 0.7620488456047878
BEST_F1_MI: 0.8797862867319679 BEST_F1_MA: 0.8772249923006171 BEST_ACC_MI: 0.8797862867319679 BEST_F1_MA: 0.879586800753731
[[821  25  47   0]
 [217 393 194   0]
 [  2  24 720   0]
 [  0   8 907  11]]
Epoch: [41/200], cls_loss: 0.1079, transfer_loss: 0.0001,person_loss: -1.9783, total_Loss: -0.0888
trian begin
trian end
n_person 615
SAMPLE
F1_MI: 0.5773226476699317 F1_MA: 0.661850895977371 ACC_MI: 0.5773226476699317 F1_MA: 0.7451534819353243
BEST_F1_MI: 0.8797862867319679 BEST_F1_MA: 0.8772249923006171 BEST_ACC_MI: 0.8797862867319679 BEST_F1_MA: 0.879586800753731
[[862  26   5   0]
 [310 357 137   0]
 [  7  18 721   0]
 [  5  23 893   5]]
Epoch: [42/200], cls_loss: 0.1074, transfer_loss: 0.0001,person_loss: -1.9804, total_Loss: -0.0897
trian begin
trian end
n_person 615
SAMPLE
F1_MI: 0.8839418224992579 F1_MA: 0.8801641648625358 ACC_MI: 0.8839418224992579 F1_MA: 0.8795702792047101
BEST_F1_MI: 0.8839418224992579 BEST_F1_MA: 0.8801641648625358 BEST_ACC_MI: 0.8839418224992579 BEST_F1_MA: 0.879586800753731
[[790  91  12   0]
 [165 554  79   6]
 [  0  36 709   1]
 [  0   1   0 925]]
Epoch: [43/200], cls_loss: 0.1091, transfer_loss: 0.0001,person_loss: -1.9789, total_Loss: -0.0878
trian begin
trian end
n_person 615
SAMPLE
F1_MI: 0.6019590382902938 F1_MA: 0.6729575086381264 ACC_MI: 0.6019590382902938 F1_MA: 0.7371732139396742
BEST_F1_MI: 0.8839418224992579 BEST_F1_MA: 0.8801641648625358 BEST_ACC_MI: 0.8839418224992579 BEST_F1_MA: 0.879586800753731
[[831  58   4   0]
 [241 505  58   0]
 [ 25  68 653   0]
 [  7  14 866  39]]
Epoch: [44/200], cls_loss: 0.1024, transfer_loss: 0.0001,person_loss: -1.9791, total_Loss: -0.0943
trian begin
trian end
n_person 615
SAMPLE
F1_MI: 0.8729593351142773 F1_MA: 0.8698805202048594 ACC_MI: 0.8729593351142773 F1_MA: 0.8708719692181845
BEST_F1_MI: 0.8839418224992579 BEST_F1_MA: 0.8801641648625358 BEST_ACC_MI: 0.8839418224992579 BEST_F1_MA: 0.879586800753731
[[796  91   6   0]
 [206 521  73   4]
 [ 12  34 700   0]
 [  0   0   2 924]]
Epoch: [45/200], cls_loss: 0.1050, transfer_loss: 0.0001,person_loss: -1.9800, total_Loss: -0.0921
trian begin
trian end
n_person 615
SAMPLE
F1_MI: 0.5918670228554467 F1_MA: 0.6664007032447198 ACC_MI: 0.5918670228554467 F1_MA: 0.7348630012556144
BEST_F1_MI: 0.8839418224992579 BEST_F1_MA: 0.8801641648625358 BEST_ACC_MI: 0.8839418224992579 BEST_F1_MA: 0.879586800753731
[[828  63   2   0]
 [279 487  38   0]
 [ 43  42 661   0]
 [  5  11 892  18]]
Epoch: [46/200], cls_loss: 0.1060, transfer_loss: 0.0001,person_loss: -1.9789, total_Loss: -0.0909
trian begin
trian end
n_person 615
SAMPLE
F1_MI: 0.5936479667557139 F1_MA: 0.6399955967075577 ACC_MI: 0.5936479667557139 F1_MA: 0.6712159804814791
BEST_F1_MI: 0.8839418224992579 BEST_F1_MA: 0.8801641648625358 BEST_ACC_MI: 0.8839418224992579 BEST_F1_MA: 0.879586800753731
[[842  45   6   0]
 [323 439  35   7]
 [ 11  38 694   3]
 [  0   8 893  25]]
Epoch: [47/200], cls_loss: 0.0985, transfer_loss: 0.0001,person_loss: -1.9797, total_Loss: -0.0985
trian begin
trian end
n_person 615
SAMPLE
F1_MI: 0.8625704956960523 F1_MA: 0.864140686916869 ACC_MI: 0.8625704956960523 F1_MA: 0.870906799687248
BEST_F1_MI: 0.8839418224992579 BEST_F1_MA: 0.8801641648625358 BEST_ACC_MI: 0.8839418224992579 BEST_F1_MA: 0.879586800753731
[[818  64   8   3]
 [285 455  34  30]
 [ 12  15 708  11]
 [  1   0   0 925]]
Epoch: [48/200], cls_loss: 0.1052, transfer_loss: 0.0001,person_loss: -1.9824, total_Loss: -0.0922
trian begin
trian end
n_person 615
SAMPLE
F1_MI: 0.8878005342831701 F1_MA: 0.8841395260017173 ACC_MI: 0.8878005342831701 F1_MA: 0.8826659035267559
BEST_F1_MI: 0.8878005342831701 BEST_F1_MA: 0.8841395260017173 BEST_ACC_MI: 0.8878005342831701 BEST_F1_MA: 0.8826659035267559
[[773 100  17   3]
 [124 572  94  14]
 [  1  21 721   3]
 [  1   0   0 925]]
Epoch: [49/200], cls_loss: 0.1034, transfer_loss: 0.0001,person_loss: -1.9818, total_Loss: -0.0940
trian begin
trian end
n_person 615
SAMPLE
F1_MI: 0.8667260314633423 F1_MA: 0.8631164127436161 ACC_MI: 0.8667260314633423 F1_MA: 0.8647297424168322
BEST_F1_MI: 0.8878005342831701 BEST_F1_MA: 0.8841395260017173 BEST_ACC_MI: 0.8878005342831701 BEST_F1_MA: 0.8826659035267559
[[798  82  13   0]
 [222 528  53   1]
 [  0  77 669   0]
 [  0   1   0 925]]
Epoch: [50/200], cls_loss: 0.0892, transfer_loss: 0.0001,person_loss: -1.9823, total_Loss: -0.1082
trian begin
trian end
n_person 615
SAMPLE
F1_MI: 0.5960225586227367 F1_MA: 0.6745301442551667 ACC_MI: 0.5960225586227367 F1_MA: 0.7459647636823225
BEST_F1_MI: 0.8878005342831701 BEST_F1_MA: 0.8841395260017173 BEST_ACC_MI: 0.8878005342831701 BEST_F1_MA: 0.8826659035267559
[[822  54  17   0]
 [254 480  70   0]
 [ 10  36 700   0]
 [  6  19 895   6]]
Epoch: [51/200], cls_loss: 0.0964, transfer_loss: 0.0001,person_loss: -1.9805, total_Loss: -0.1006
trian begin
trian end
n_person 615
SAMPLE
F1_MI: 0.8800831107153458 F1_MA: 0.8769983493488097 ACC_MI: 0.8800831107153458 F1_MA: 0.8771412954083075
BEST_F1_MI: 0.8878005342831701 BEST_F1_MA: 0.8841395260017173 BEST_ACC_MI: 0.8878005342831701 BEST_F1_MA: 0.8826659035267559
[[798  71  23   1]
 [165 517 116   6]
 [  0  20 725   1]
 [  0   0   1 925]]
Epoch: [52/200], cls_loss: 0.1079, transfer_loss: 0.0001,person_loss: -1.9799, total_Loss: -0.0892
trian begin
trian end
n_person 615
SAMPLE
F1_MI: 0.5420005936479667 F1_MA: 0.6309656426048972 ACC_MI: 0.5420005936479667 F1_MA: 0.7269356822312832
BEST_F1_MI: 0.8878005342831701 BEST_F1_MA: 0.8841395260017173 BEST_ACC_MI: 0.8878005342831701 BEST_F1_MA: 0.8826659035267559
[[875  10   8   0]
 [505 249  50   0]
 [ 36  12 698   0]
 [  3  15 904   4]]
Epoch: [53/200], cls_loss: 0.0931, transfer_loss: 0.0001,person_loss: -1.9795, total_Loss: -0.1040
trian begin
trian end
n_person 615
SAMPLE
F1_MI: 0.8685069753636094 F1_MA: 0.8704046665675201 ACC_MI: 0.8685069753636094 F1_MA: 0.8777144937392144
BEST_F1_MI: 0.8878005342831701 BEST_F1_MA: 0.8841395260017173 BEST_ACC_MI: 0.8878005342831701 BEST_F1_MA: 0.8826659035267559
[[832  55   6   0]
 [291 463  48   2]
 [ 16  24 706   0]
 [  1   0   0 925]]
Epoch: [54/200], cls_loss: 0.0925, transfer_loss: 0.0001,person_loss: -1.9819, total_Loss: -0.1048
trian begin
trian end
n_person 615
SAMPLE
F1_MI: 0.5948352626892253 F1_MA: 0.6668152065236728 ACC_MI: 0.5948352626892253 F1_MA: 0.735537226747085
BEST_F1_MI: 0.8878005342831701 BEST_F1_MA: 0.8841395260017173 BEST_ACC_MI: 0.8878005342831701 BEST_F1_MA: 0.8826659035267559
[[847  41   5   0]
 [361 403  40   0]
 [ 45  28 673   0]
 [ 13  10 822  81]]
Epoch: [55/200], cls_loss: 0.0856, transfer_loss: 0.0001,person_loss: -1.9824, total_Loss: -0.1119
trian begin
trian end
n_person 615
SAMPLE
F1_MI: 0.661917482932621 F1_MA: 0.7169833786625903 ACC_MI: 0.661917482932621 F1_MA: 0.7636279242194524
BEST_F1_MI: 0.8878005342831701 BEST_F1_MA: 0.8841395260017173 BEST_ACC_MI: 0.8878005342831701 BEST_F1_MA: 0.8826659035267559
[[843  37  13   0]
 [286 478  34   6]
 [ 12  32 701   1]
 [  8   1 709 208]]
Epoch: [56/200], cls_loss: 0.0935, transfer_loss: 0.0001,person_loss: -1.9824, total_Loss: -0.1039
trian begin
trian end
n_person 615
SAMPLE
F1_MI: 0.8498070644108044 F1_MA: 0.8584957908805487 ACC_MI: 0.8498070644108044 F1_MA: 0.8756559795211712
BEST_F1_MI: 0.8878005342831701 BEST_F1_MA: 0.8841395260017173 BEST_ACC_MI: 0.8878005342831701 BEST_F1_MA: 0.8826659035267559
[[862  30   1   0]
 [380 399  21   4]
 [ 37  31 677   1]
 [  0   1   0 925]]
Epoch: [57/200], cls_loss: 0.0764, transfer_loss: 0.0001,person_loss: -1.9829, total_Loss: -0.1211
trian begin
trian end
n_person 615
SAMPLE
F1_MI: 0.8949243098842387 F1_MA: 0.8930270238010778 ACC_MI: 0.8949243098842387 F1_MA: 0.8942958224921661
BEST_F1_MI: 0.8949243098842387 BEST_F1_MA: 0.8930270238010778 BEST_ACC_MI: 0.8949243098842387 BEST_F1_MA: 0.8942958224921661
[[814  67  11   1]
 [182 557  58   7]
 [  3  23 719   1]
 [  0   1   0 925]]
Epoch: [58/200], cls_loss: 0.0822, transfer_loss: 0.0001,person_loss: -1.9825, total_Loss: -0.1153
trian begin
trian end
n_person 615
SAMPLE
F1_MI: 0.8875037102997922 F1_MA: 0.8875723010048343 ACC_MI: 0.8875037102997922 F1_MA: 0.8929779208591648
BEST_F1_MI: 0.8949243098842387 BEST_F1_MA: 0.8930270238010778 BEST_ACC_MI: 0.8949243098842387 BEST_F1_MA: 0.8942958224921661
[[845  46   2   0]
 [235 542  23   4]
 [  7  58 681   0]
 [  1   1   2 922]]
Epoch: [59/200], cls_loss: 0.0731, transfer_loss: 0.0001,person_loss: -1.9831, total_Loss: -0.1245
trian begin
trian end
n_person 615
SAMPLE
F1_MI: 0.8711783912140101 F1_MA: 0.8737076283376358 ACC_MI: 0.8711783912140101 F1_MA: 0.8825331200258099
BEST_F1_MI: 0.8949243098842387 BEST_F1_MA: 0.8930270238010778 BEST_ACC_MI: 0.8949243098842387 BEST_F1_MA: 0.8942958224921661
[[821  70   0   2]
 [247 534  19   4]
 [ 56  36 654   0]
 [  0   0   0 926]]
Epoch: [60/200], cls_loss: 0.0765, transfer_loss: 0.0001,person_loss: -1.9835, total_Loss: -0.1212
trian begin
trian end
n_person 615
SAMPLE
F1_MI: 0.6096764618581182 F1_MA: 0.682213201583727 ACC_MI: 0.6096764618581182 F1_MA: 0.7486290805874185
BEST_F1_MI: 0.8949243098842387 BEST_F1_MA: 0.8930270238010778 BEST_ACC_MI: 0.8949243098842387 BEST_F1_MA: 0.8942958224921661
[[857  32   4   0]
 [310 441  53   0]
 [ 18  30 698   0]
 [ 66  11 791  58]]
Epoch: [61/200], cls_loss: 0.0776, transfer_loss: 0.0001,person_loss: -1.9845, total_Loss: -0.1201
trian begin
trian end
n_person 615
SAMPLE
F1_MI: 0.8889878302166815 F1_MA: 0.8866153827685412 ACC_MI: 0.8889878302166815 F1_MA: 0.8883256717905564
BEST_F1_MI: 0.8949243098842387 BEST_F1_MA: 0.8930270238010778 BEST_ACC_MI: 0.8949243098842387 BEST_F1_MA: 0.8942958224921661
[[821  65   6   1]
 [167 566  71   0]
 [ 19  37 690   0]
 [  5   3   0 918]]
Epoch: [62/200], cls_loss: 0.0763, transfer_loss: 0.0001,person_loss: -1.9829, total_Loss: -0.1214
trian begin
trian end
n_person 615
SAMPLE
F1_MI: 0.8898783021668151 F1_MA: 0.8868396048117122 ACC_MI: 0.8898783021668151 F1_MA: 0.886707009737951
BEST_F1_MI: 0.8949243098842387 BEST_F1_MA: 0.8930270238010778 BEST_ACC_MI: 0.8949243098842387 BEST_F1_MA: 0.8942958224921661
[[805  73  14   1]
 [152 540 110   2]
 [  0  18 728   0]
 [  0   1   0 925]]
Epoch: [63/200], cls_loss: 0.0732, transfer_loss: 0.0001,person_loss: -1.9842, total_Loss: -0.1245
trian begin
trian end
n_person 615
SAMPLE
F1_MI: 0.8848322944493915 F1_MA: 0.8863126919692377 ACC_MI: 0.8848322944493915 F1_MA: 0.8944190133425156
BEST_F1_MI: 0.8949243098842387 BEST_F1_MA: 0.8930270238010778 BEST_ACC_MI: 0.8949243098842387 BEST_F1_MA: 0.8944190133425156
[[859  32   2   0]
 [251 535  17   1]
 [ 20  65 661   0]
 [  0   0   0 926]]
Epoch: [64/200], cls_loss: 0.0636, transfer_loss: 0.0001,person_loss: -1.9851, total_Loss: -0.1342
trian begin
trian end
n_person 615
SAMPLE
F1_MI: 0.8931433659839716 F1_MA: 0.8924151416495616 ACC_MI: 0.8931433659839715 F1_MA: 0.8958039506842417
BEST_F1_MI: 0.8949243098842387 BEST_F1_MA: 0.8930270238010778 BEST_ACC_MI: 0.8949243098842387 BEST_F1_MA: 0.8958039506842417
[[829  52  10   2]
 [210 549  41   4]
 [  5  32 705   4]
 [  0   0   0 926]]
Epoch: [65/200], cls_loss: 0.0611, transfer_loss: 0.0001,person_loss: -1.9862, total_Loss: -0.1368
trian begin
trian end
n_person 615
SAMPLE
F1_MI: 0.8818640546156129 F1_MA: 0.8809240375848301 ACC_MI: 0.8818640546156129 F1_MA: 0.8814583309861643
BEST_F1_MI: 0.8949243098842387 BEST_F1_MA: 0.8930270238010778 BEST_ACC_MI: 0.8949243098842387 BEST_F1_MA: 0.8958039506842417
[[794  78  21   0]
 [163 552  85   4]
 [  0  13 733   0]
 [ 24   3   7 892]]
Epoch: [66/200], cls_loss: 0.0660, transfer_loss: 0.0001,person_loss: -1.9858, total_Loss: -0.1320
trian begin
trian end
n_person 615
SAMPLE
F1_MI: 0.6081923419412288 F1_MA: 0.6813664255317143 ACC_MI: 0.6081923419412288 F1_MA: 0.7438452978516283
BEST_F1_MI: 0.8949243098842387 BEST_F1_MA: 0.8930270238010778 BEST_ACC_MI: 0.8949243098842387 BEST_F1_MA: 0.8958039506842417
[[819  61  13   0]
 [241 526  37   0]
 [  5  40 701   0]
 [  3  51 869   3]]
Epoch: [67/200], cls_loss: 0.0636, transfer_loss: 0.0001,person_loss: -1.9871, total_Loss: -0.1345
trian begin
trian end
n_person 615
SAMPLE
F1_MI: 0.8958147818343722 F1_MA: 0.8939289839509158 ACC_MI: 0.8958147818343722 F1_MA: 0.8946581122505695
BEST_F1_MI: 0.8958147818343722 BEST_F1_MA: 0.8939289839509158 BEST_ACC_MI: 0.8958147818343722 BEST_F1_MA: 0.8958039506842417
[[800  76  17   0]
 [174 571  57   2]
 [  0  12 722  12]
 [  0   1   0 925]]
Epoch: [68/200], cls_loss: 0.0570, transfer_loss: 0.0001,person_loss: -1.9871, total_Loss: -0.1411
trian begin
trian end
n_person 615
SAMPLE
F1_MI: 0.6132383496586524 F1_MA: 0.6807359848442899 ACC_MI: 0.6132383496586524 F1_MA: 0.7368248141752104
BEST_F1_MI: 0.8958147818343722 BEST_F1_MA: 0.8939289839509158 BEST_ACC_MI: 0.8958147818343722 BEST_F1_MA: 0.8958039506842417
[[823  59  10   1]
 [286 468  49   1]
 [  2  16 728   0]
 [123  10 746  47]]
Epoch: [69/200], cls_loss: 0.0640, transfer_loss: 0.0001,person_loss: -1.9870, total_Loss: -0.1341
trian begin
trian end
n_person 615
SAMPLE
F1_MI: 0.8830513505491243 F1_MA: 0.8827367750315199 ACC_MI: 0.8830513505491243 F1_MA: 0.8858640781439361
BEST_F1_MI: 0.8958147818343722 BEST_F1_MA: 0.8939289839509158 BEST_ACC_MI: 0.8958147818343722 BEST_F1_MA: 0.8958039506842417
[[815  68  10   0]
 [240 502  61   1]
 [  0  12 733   1]
 [  0   0   1 925]]
Epoch: [70/200], cls_loss: 0.0720, transfer_loss: 0.0001,person_loss: -1.9858, total_Loss: -0.1260
trian begin
trian end
n_person 615
SAMPLE
F1_MI: 0.8682101513802315 F1_MA: 0.8731816040976623 ACC_MI: 0.8682101513802315 F1_MA: 0.8833145843016728
BEST_F1_MI: 0.8958147818343722 BEST_F1_MA: 0.8939289839509158 BEST_ACC_MI: 0.8958147818343722 BEST_F1_MA: 0.8958039506842417
[[841  48   3   1]
 [323 426  54   1]
 [ 10   3 733   0]
 [  0   1   0 925]]
Epoch: [71/200], cls_loss: 0.0660, transfer_loss: 0.0001,person_loss: -1.9862, total_Loss: -0.1320
trian begin
trian end
n_person 615
SAMPLE
F1_MI: 0.8987830216681509 F1_MA: 0.895852106024127 ACC_MI: 0.8987830216681508 F1_MA: 0.8944571779906083
BEST_F1_MI: 0.8987830216681509 BEST_F1_MA: 0.895852106024127 BEST_ACC_MI: 0.8987830216681508 BEST_F1_MA: 0.8958039506842417
[[779  94  16   4]
 [ 98 590 112   4]
 [  0  11 734   1]
 [  0   1   0 925]]
Epoch: [72/200], cls_loss: 0.0618, transfer_loss: 0.0001,person_loss: -1.9867, total_Loss: -0.1363
trian begin
trian end
n_person 615
SAMPLE
F1_MI: 0.8863164143662808 F1_MA: 0.8877241294931609 ACC_MI: 0.8863164143662808 F1_MA: 0.8932394776388205
BEST_F1_MI: 0.8987830216681509 BEST_F1_MA: 0.895852106024127 BEST_ACC_MI: 0.8987830216681508 BEST_F1_MA: 0.8958039506842417
[[833  58   1   1]
 [242 504  57   1]
 [ 16   6 724   0]
 [  0   1   0 925]]
Epoch: [73/200], cls_loss: 0.0564, transfer_loss: 0.0001,person_loss: -1.9868, total_Loss: -0.1418
trian begin
trian end
n_person 615
SAMPLE
F1_MI: 0.9002671415850402 F1_MA: 0.8993249012594174 ACC_MI: 0.9002671415850401 F1_MA: 0.9010795615018221
BEST_F1_MI: 0.9002671415850402 BEST_F1_MA: 0.8993249012594174 BEST_ACC_MI: 0.9002671415850401 BEST_F1_MA: 0.9010795615018221
[[821  64   5   3]
 [182 550  67   5]
 [  2   5 737   2]
 [  0   1   0 925]]
Epoch: [74/200], cls_loss: 0.0448, transfer_loss: 0.0000,person_loss: -1.9883, total_Loss: -0.1535
trian begin
trian end
n_person 615
SAMPLE
F1_MI: 0.8972989017512615 F1_MA: 0.8972939196116612 ACC_MI: 0.8972989017512615 F1_MA: 0.9006452998718446
BEST_F1_MI: 0.9002671415850402 BEST_F1_MA: 0.8993249012594174 BEST_ACC_MI: 0.9002671415850401 BEST_F1_MA: 0.9010795615018221
[[827  55  10   1]
 [217 547  38   2]
 [  1  21 724   0]
 [  0   1   0 925]]
Epoch: [75/200], cls_loss: 0.0444, transfer_loss: 0.0001,person_loss: -1.9881, total_Loss: -0.1538
trian begin
trian end
n_person 615
SAMPLE
F1_MI: 0.8774116948649451 F1_MA: 0.8804694567190765 ACC_MI: 0.8774116948649451 F1_MA: 0.8888303536436457
BEST_F1_MI: 0.9002671415850402 BEST_F1_MA: 0.8993249012594174 BEST_ACC_MI: 0.9002671415850401 BEST_F1_MA: 0.9010795615018221
[[834  55   3   1]
 [268 500  34   2]
 [ 32  15 697   2]
 [  0   1   0 925]]
Epoch: [76/200], cls_loss: 0.0497, transfer_loss: 0.0001,person_loss: -1.9873, total_Loss: -0.1485
trian begin
trian end
n_person 615
SAMPLE
F1_MI: 0.8993766696349065 F1_MA: 0.897031716813238 ACC_MI: 0.8993766696349065 F1_MA: 0.8971750646065654
BEST_F1_MI: 0.9002671415850402 BEST_F1_MA: 0.8993249012594174 BEST_ACC_MI: 0.9002671415850401 BEST_F1_MA: 0.9010795615018221
[[810  69  13   1]
 [148 562  89   5]
 [  1  12 733   0]
 [  0   1   0 925]]
Epoch: [77/200], cls_loss: 0.0376, transfer_loss: 0.0001,person_loss: -1.9886, total_Loss: -0.1607
trian begin
trian end
n_person 615
SAMPLE
F1_MI: 0.9088750371029978 F1_MA: 0.9071810049225071 ACC_MI: 0.9088750371029979 F1_MA: 0.9077932627589349
BEST_F1_MI: 0.9088750371029978 BEST_F1_MA: 0.9071810049225071 BEST_ACC_MI: 0.9088750371029979 BEST_F1_MA: 0.9077932627589349
[[808  77   6   2]
 [148 607  44   5]
 [  6  18 721   1]
 [  0   0   0 926]]
Epoch: [78/200], cls_loss: 0.0527, transfer_loss: 0.0001,person_loss: -1.9877, total_Loss: -0.1455
trian begin
trian end
n_person 615
SAMPLE
F1_MI: 0.8774116948649451 F1_MA: 0.8836126883098223 ACC_MI: 0.8774116948649451 F1_MA: 0.896408744632252
BEST_F1_MI: 0.9088750371029978 BEST_F1_MA: 0.9071810049225071 BEST_ACC_MI: 0.9088750371029979 BEST_F1_MA: 0.9077932627589349
[[858  35   0   0]
 [278 501  24   1]
 [ 51  18 676   1]
 [  3   2   0 921]]
Epoch: [79/200], cls_loss: 0.0450, transfer_loss: 0.0000,person_loss: -1.9884, total_Loss: -0.1534
trian begin
trian end
n_person 615
SAMPLE
F1_MI: 0.9020480854853072 F1_MA: 0.9037184847668653 ACC_MI: 0.9020480854853072 F1_MA: 0.9090912355882157
BEST_F1_MI: 0.9088750371029978 BEST_F1_MA: 0.9071810049225071 BEST_ACC_MI: 0.9088750371029979 BEST_F1_MA: 0.9090912355882157
[[845  45   3   0]
 [222 544  35   3]
 [  9  11 725   1]
 [  0   1   0 925]]
Epoch: [80/200], cls_loss: 0.0448, transfer_loss: 0.0000,person_loss: -1.9895, total_Loss: -0.1537
trian begin
trian end
n_person 615
SAMPLE
F1_MI: 0.9165924606708222 F1_MA: 0.9155512445485063 ACC_MI: 0.9165924606708222 F1_MA: 0.917307928923686
BEST_F1_MI: 0.9165924606708222 BEST_F1_MA: 0.9155512445485063 BEST_ACC_MI: 0.9165924606708222 BEST_F1_MA: 0.917307928923686
[[815  76   1   1]
 [126 655  20   3]
 [ 14  39 693   0]
 [  0   1   0 925]]
Epoch: [81/200], cls_loss: 0.0393, transfer_loss: 0.0000,person_loss: -1.9898, total_Loss: -0.1592
trian begin
trian end
n_person 615
SAMPLE
F1_MI: 0.8201246660730187 F1_MA: 0.8307968279086092 ACC_MI: 0.8201246660730187 F1_MA: 0.8359519637864933
BEST_F1_MI: 0.9165924606708222 BEST_F1_MA: 0.9155512445485063 BEST_ACC_MI: 0.9165924606708222 BEST_F1_MA: 0.917307928923686
[[809  73  10   1]
 [157 589  58   0]
 [  2  14 730   0]
 [ 10 254  27 635]]
Epoch: [82/200], cls_loss: 0.0453, transfer_loss: 0.0000,person_loss: -1.9889, total_Loss: -0.1532
trian begin
trian end
n_person 615
SAMPLE
F1_MI: 0.8904719501335708 F1_MA: 0.8914254999965907 ACC_MI: 0.8904719501335708 F1_MA: 0.8952295337805439
BEST_F1_MI: 0.9165924606708222 BEST_F1_MA: 0.9155512445485063 BEST_ACC_MI: 0.9165924606708222 BEST_F1_MA: 0.917307928923686
[[828  51  13   1]
 [222 514  67   1]
 [  0   3 743   0]
 [  5   6   0 915]]
Epoch: [83/200], cls_loss: 0.0493, transfer_loss: 0.0000,person_loss: -1.9888, total_Loss: -0.1492
trian begin
trian end
n_person 615
SAMPLE
F1_MI: 0.6444048679133274 F1_MA: 0.708546259067489 ACC_MI: 0.6444048679133274 F1_MA: 0.7589739740852754
BEST_F1_MI: 0.9165924606708222 BEST_F1_MA: 0.9155512445485063 BEST_ACC_MI: 0.9165924606708222 BEST_F1_MA: 0.917307928923686
[[838  42  13   0]
 [211 565  28   0]
 [  1  27 718   0]
 [  6  96 774  50]]
Epoch: [84/200], cls_loss: 0.0340, transfer_loss: 0.0000,person_loss: -1.9895, total_Loss: -0.1645
trian begin
trian end
n_person 615
SAMPLE
F1_MI: 0.9085782131196201 F1_MA: 0.9080952250682385 ACC_MI: 0.9085782131196201 F1_MA: 0.9104647097704743
BEST_F1_MI: 0.9165924606708222 BEST_F1_MA: 0.9155512445485063 BEST_ACC_MI: 0.9165924606708222 BEST_F1_MA: 0.917307928923686
[[823  66   3   1]
 [179 596  25   4]
 [  5  24 717   0]
 [  0   1   0 925]]
Epoch: [85/200], cls_loss: 0.0419, transfer_loss: 0.0000,person_loss: -1.9881, total_Loss: -0.1564
trian begin
trian end
n_person 615
SAMPLE
F1_MI: 0.9017512615019293 F1_MA: 0.9008299301959509 ACC_MI: 0.9017512615019293 F1_MA: 0.9034507834128429
BEST_F1_MI: 0.9165924606708222 BEST_F1_MA: 0.9155512445485063 BEST_ACC_MI: 0.9165924606708222 BEST_F1_MA: 0.917307928923686
[[824  62   6   1]
 [186 583  28   7]
 [  6  35 705   0]
 [  0   0   0 926]]
Epoch: [86/200], cls_loss: 0.0356, transfer_loss: 0.0000,person_loss: -1.9896, total_Loss: -0.1629
trian begin
trian end
n_person 615
SAMPLE
F1_MI: 0.9127337488869101 F1_MA: 0.9117739703479057 ACC_MI: 0.9127337488869101 F1_MA: 0.9131084758322355
BEST_F1_MI: 0.9165924606708222 BEST_F1_MA: 0.9155512445485063 BEST_ACC_MI: 0.9165924606708222 BEST_F1_MA: 0.917307928923686
[[821  68   4   0]
 [163 600  39   2]
 [  3  14 729   0]
 [  0   1   0 925]]
Epoch: [87/200], cls_loss: 0.0312, transfer_loss: 0.0000,person_loss: -1.9902, total_Loss: -0.1673
trian begin
trian end
n_person 615
SAMPLE
F1_MI: 0.6835856337192046 F1_MA: 0.7350303871589252 ACC_MI: 0.6835856337192046 F1_MA: 0.7718519581036117
BEST_F1_MI: 0.9165924606708222 BEST_F1_MA: 0.9155512445485063 BEST_ACC_MI: 0.9165924606708222 BEST_F1_MA: 0.917307928923686
[[807  69  16   1]
 [187 597  20   0]
 [  5  13 726   2]
 [  0  74 679 173]]
Epoch: [88/200], cls_loss: 0.0333, transfer_loss: 0.0000,person_loss: -1.9909, total_Loss: -0.1653
trian begin
trian end
n_person 615
SAMPLE
F1_MI: 0.8026120510537251 F1_MA: 0.8124798134944846 ACC_MI: 0.8026120510537251 F1_MA: 0.8173226556968822
BEST_F1_MI: 0.9165924606708222 BEST_F1_MA: 0.9155512445485063 BEST_ACC_MI: 0.9165924606708222 BEST_F1_MA: 0.917307928923686
[[839  42  12   0]
 [232 542  30   0]
 [  0  23 723   0]
 [ 13 202 111 600]]
Epoch: [89/200], cls_loss: 0.0341, transfer_loss: 0.0000,person_loss: -1.9902, total_Loss: -0.1645
trian begin
trian end
n_person 615
SAMPLE
F1_MI: 0.8860195903829029 F1_MA: 0.8932504440389661 ACC_MI: 0.8860195903829029 F1_MA: 0.9055309255614892
BEST_F1_MI: 0.9165924606708222 BEST_F1_MA: 0.9155512445485063 BEST_ACC_MI: 0.9165924606708222 BEST_F1_MA: 0.917307928923686
[[861  30   2   0]
 [322 464  17   1]
 [  3   9 734   0]
 [  0   0   0 926]]
Epoch: [90/200], cls_loss: 0.0313, transfer_loss: 0.0000,person_loss: -1.9915, total_Loss: -0.1675
trian begin
trian end
n_person 615
SAMPLE
F1_MI: 0.8783021668150787 F1_MA: 0.8851957691123522 ACC_MI: 0.8783021668150787 F1_MA: 0.8968320485552075
BEST_F1_MI: 0.9165924606708222 BEST_F1_MA: 0.9155512445485063 BEST_ACC_MI: 0.9165924606708222 BEST_F1_MA: 0.917307928923686
[[852  26  14   1]
 [314 440  50   0]
 [  1   1 744   0]
 [  1   2   0 923]]
Epoch: [91/200], cls_loss: 0.0317, transfer_loss: 0.0000,person_loss: -1.9916, total_Loss: -0.1671
trian begin
trian end
n_person 615
SAMPLE
F1_MI: 0.8512911843276937 F1_MA: 0.854141432391715 ACC_MI: 0.8512911843276937 F1_MA: 0.8561280667821312
BEST_F1_MI: 0.9165924606708222 BEST_F1_MA: 0.9155512445485063 BEST_ACC_MI: 0.9165924606708222 BEST_F1_MA: 0.917307928923686
[[817  61  14   1]
 [232 533  39   0]
 [  2   8 735   1]
 [  2  59  82 783]]
Epoch: [92/200], cls_loss: 0.0361, transfer_loss: 0.0000,person_loss: -1.9896, total_Loss: -0.1625
trian begin
trian end
n_person 615
SAMPLE
F1_MI: 0.738498070644108 F1_MA: 0.7704551103850726 ACC_MI: 0.738498070644108 F1_MA: 0.7882059860592044
BEST_F1_MI: 0.9165924606708222 BEST_F1_MA: 0.9155512445485063 BEST_ACC_MI: 0.9165924606708222 BEST_F1_MA: 0.917307928923686
[[797  80  15   1]
 [141 635  28   0]
 [  0  11 734   1]
 [204 314  86 322]]
Epoch: [93/200], cls_loss: 0.0197, transfer_loss: 0.0000,person_loss: -1.9909, total_Loss: -0.1789
trian begin
trian end
n_person 615
SAMPLE
F1_MI: 0.9097655090531315 F1_MA: 0.9096266367669454 ACC_MI: 0.9097655090531315 F1_MA: 0.9110497932603336
BEST_F1_MI: 0.9165924606708222 BEST_F1_MA: 0.9155512445485063 BEST_ACC_MI: 0.9165924606708222 BEST_F1_MA: 0.917307928923686
[[825  57  10   1]
 [163 604  35   2]
 [  1  12 733   0]
 [  5   5  13 903]]
Epoch: [94/200], cls_loss: 0.0347, transfer_loss: 0.0000,person_loss: -1.9918, total_Loss: -0.1641
trian begin
trian end
n_person 615
SAMPLE
F1_MI: 0.9073909171861086 F1_MA: 0.9063418498210379 ACC_MI: 0.9073909171861086 F1_MA: 0.9072323600156433
BEST_F1_MI: 0.9165924606708222 BEST_F1_MA: 0.9155512445485063 BEST_ACC_MI: 0.9165924606708222 BEST_F1_MA: 0.917307928923686
[[804  75  11   3]
 [163 593  30  18]
 [  0  10 734   2]
 [  0   0   0 926]]
Epoch: [95/200], cls_loss: 0.0254, transfer_loss: 0.0000,person_loss: -1.9916, total_Loss: -0.1734
trian begin
trian end
n_person 615
SAMPLE
F1_MI: 0.9228257643217571 F1_MA: 0.9216160133319703 ACC_MI: 0.9228257643217572 F1_MA: 0.9217714448993629
BEST_F1_MI: 0.9228257643217571 BEST_F1_MA: 0.9216160133319703 BEST_ACC_MI: 0.9228257643217572 BEST_F1_MA: 0.9217714448993629
[[795  88   9   1]
 [ 99 683  21   1]
 [  0  36 709   1]
 [  0   2   2 922]]
Epoch: [96/200], cls_loss: 0.0274, transfer_loss: 0.0000,person_loss: -1.9919, total_Loss: -0.1714
trian begin
trian end
n_person 615
SAMPLE
F1_MI: 0.8901751261501929 F1_MA: 0.8945583196103234 ACC_MI: 0.8901751261501929 F1_MA: 0.9031983394681967
BEST_F1_MI: 0.9228257643217571 BEST_F1_MA: 0.9216160133319703 BEST_ACC_MI: 0.9228257643217572 BEST_F1_MA: 0.9217714448993629
[[850  38   4   1]
 [286 488  30   0]
 [  1   9 736   0]
 [  0   1   0 925]]
Epoch: [97/200], cls_loss: 0.0363, transfer_loss: 0.0000,person_loss: -1.9913, total_Loss: -0.1625
trian begin
trian end
n_person 615
SAMPLE
F1_MI: 0.8964084298011279 F1_MA: 0.8960175238521207 ACC_MI: 0.8964084298011279 F1_MA: 0.8970810491789245
BEST_F1_MI: 0.9228257643217571 BEST_F1_MA: 0.9216160133319703 BEST_ACC_MI: 0.9228257643217572 BEST_F1_MA: 0.9217714448993629
[[828  56   8   1]
 [181 570  49   4]
 [  1   8 737   0]
 [  1  31   9 885]]
Epoch: [98/200], cls_loss: 0.0217, transfer_loss: 0.0000,person_loss: -1.9917, total_Loss: -0.1771
trian begin
trian end
n_person 615
SAMPLE
F1_MI: 0.9118432769367765 F1_MA: 0.9121835254888185 ACC_MI: 0.9118432769367765 F1_MA: 0.9148541606841254
BEST_F1_MI: 0.9228257643217571 BEST_F1_MA: 0.9216160133319703 BEST_ACC_MI: 0.9228257643217572 BEST_F1_MA: 0.9217714448993629
[[837  50   6   0]
 [180 584  39   1]
 [  0  11 735   0]
 [  5   1   4 916]]
Epoch: [99/200], cls_loss: 0.0228, transfer_loss: 0.0000,person_loss: -1.9919, total_Loss: -0.1760
trian begin
trian end
n_person 615
SAMPLE
F1_MI: 0.9011576135351737 F1_MA: 0.902932709183633 ACC_MI: 0.9011576135351737 F1_MA: 0.9085832745557855
BEST_F1_MI: 0.9228257643217571 BEST_F1_MA: 0.9216160133319703 BEST_ACC_MI: 0.9228257643217572 BEST_F1_MA: 0.9217714448993629
[[843  41   9   0]
 [235 548  20   1]
 [  3  23 719   1]
 [  0   0   0 926]]
Epoch: [100/200], cls_loss: 0.0195, transfer_loss: 0.0000,person_loss: -1.9922, total_Loss: -0.1794
trian begin
trian end
n_person 615
SAMPLE
F1_MI: 0.9186702285544672 F1_MA: 0.9175967653132163 ACC_MI: 0.9186702285544672 F1_MA: 0.9178794308439437
BEST_F1_MI: 0.9228257643217571 BEST_F1_MA: 0.9216160133319703 BEST_ACC_MI: 0.9228257643217572 BEST_F1_MA: 0.9217714448993629
[[808  68  16   1]
 [142 620  42   0]
 [  0   5 741   0]
 [  0   0   0 926]]
Epoch: [101/200], cls_loss: 0.0159, transfer_loss: 0.0000,person_loss: -1.9933, total_Loss: -0.1831
trian begin
trian end
n_person 615
SAMPLE
F1_MI: 0.8043929949539923 F1_MA: 0.8177036923182514 ACC_MI: 0.8043929949539923 F1_MA: 0.8252004971230036
BEST_F1_MI: 0.9228257643217571 BEST_F1_MA: 0.9216160133319703 BEST_ACC_MI: 0.9228257643217572 BEST_F1_MA: 0.9217714448993629
[[848  39   6   0]
 [209 549  46   0]
 [  6   7 733   0]
 [ 17 304  25 580]]
Epoch: [102/200], cls_loss: 0.0211, transfer_loss: 0.0000,person_loss: -1.9924, total_Loss: -0.1778
trian begin
trian end
n_person 615
SAMPLE
F1_MI: 0.9192638765212229 F1_MA: 0.9176734145874584 ACC_MI: 0.9192638765212229 F1_MA: 0.9170847288872168
BEST_F1_MI: 0.9228257643217571 BEST_F1_MA: 0.9216160133319703 BEST_ACC_MI: 0.9228257643217572 BEST_F1_MA: 0.9217714448993629
[[798  80  15   0]
 [122 634  47   1]
 [  0   6 740   0]
 [  0   1   0 925]]
Epoch: [103/200], cls_loss: 0.0120, transfer_loss: 0.0000,person_loss: -1.9932, total_Loss: -0.1869
trian begin
trian end
n_person 615
SAMPLE
F1_MI: 0.620362125259721 F1_MA: 0.684502010616635 ACC_MI: 0.620362125259721 F1_MA: 0.7338231730990525
BEST_F1_MI: 0.9228257643217571 BEST_F1_MA: 0.9216160133319703 BEST_ACC_MI: 0.9228257643217572 BEST_F1_MA: 0.9217714448993629
[[834  57   2   0]
 [221 527  56   0]
 [  9  12 725   0]
 [  2 184 736   4]]
Epoch: [104/200], cls_loss: 0.0215, transfer_loss: 0.0000,person_loss: -1.9927, total_Loss: -0.1774
trian begin
trian end
n_person 615
SAMPLE
F1_MI: 0.9127337488869101 F1_MA: 0.9123242040347759 ACC_MI: 0.9127337488869101 F1_MA: 0.914166623169701
BEST_F1_MI: 0.9228257643217571 BEST_F1_MA: 0.9216160133319703 BEST_ACC_MI: 0.9228257643217572 BEST_F1_MA: 0.9217714448993629
[[826  57   9   1]
 [170 584  50   0]
 [  2   5 739   0]
 [  0   0   0 926]]
Epoch: [105/200], cls_loss: 0.0195, transfer_loss: 0.0000,person_loss: -1.9930, total_Loss: -0.1795
trian begin
trian end
n_person 615
SAMPLE
F1_MI: 0.9005639655684179 F1_MA: 0.9023332795153857 ACC_MI: 0.9005639655684179 F1_MA: 0.9075402656201846
BEST_F1_MI: 0.9228257643217571 BEST_F1_MA: 0.9216160133319703 BEST_ACC_MI: 0.9228257643217572 BEST_F1_MA: 0.9217714448993629
[[840  39  13   1]
 [230 534  38   2]
 [  0  11 734   1]
 [  0   0   0 926]]
Epoch: [106/200], cls_loss: 0.0128, transfer_loss: 0.0000,person_loss: -1.9934, total_Loss: -0.1862
trian begin
trian end
n_person 615
SAMPLE
F1_MI: 0.9171861086375779 F1_MA: 0.9167605569826943 ACC_MI: 0.9171861086375779 F1_MA: 0.9184639316564905
BEST_F1_MI: 0.9228257643217571 BEST_F1_MA: 0.9216160133319703 BEST_ACC_MI: 0.9228257643217572 BEST_F1_MA: 0.9217714448993629
[[825  59   7   2]
 [162 605  28   9]
 [  0  11 734   1]
 [  0   0   0 926]]
Epoch: [107/200], cls_loss: 0.0219, transfer_loss: 0.0000,person_loss: -1.9939, total_Loss: -0.1772
trian begin
trian end
n_person 615
SAMPLE
F1_MI: 0.9100623330365093 F1_MA: 0.9091483735014637 ACC_MI: 0.9100623330365093 F1_MA: 0.91016391485451
BEST_F1_MI: 0.9228257643217571 BEST_F1_MA: 0.9216160133319703 BEST_ACC_MI: 0.9228257643217572 BEST_F1_MA: 0.9217714448993629
[[814  67  12   0]
 [166 584  52   2]
 [  0   4 742   0]
 [  0   0   0 926]]
Epoch: [108/200], cls_loss: 0.0107, transfer_loss: 0.0000,person_loss: -1.9941, total_Loss: -0.1884
trian begin
trian end
n_person 615
SAMPLE
F1_MI: 0.8955179578509943 F1_MA: 0.8980921392036898 ACC_MI: 0.8955179578509943 F1_MA: 0.9040731575795242
BEST_F1_MI: 0.9228257643217571 BEST_F1_MA: 0.9216160133319703 BEST_ACC_MI: 0.9228257643217572 BEST_F1_MA: 0.9217714448993629
[[840  43  10   0]
 [244 505  55   0]
 [  0   0 746   0]
 [  0   0   0 926]]
Epoch: [109/200], cls_loss: 0.0151, transfer_loss: 0.0000,person_loss: -1.9947, total_Loss: -0.1841
trian begin
trian end
n_person 615
SAMPLE
F1_MI: 0.8889878302166815 F1_MA: 0.8922794133255366 ACC_MI: 0.8889878302166815 F1_MA: 0.900542722937497
BEST_F1_MI: 0.9228257643217571 BEST_F1_MA: 0.9216160133319703 BEST_ACC_MI: 0.9228257643217572 BEST_F1_MA: 0.9217714448993629
[[840  51   2   0]
 [256 540   8   0]
 [ 24  29 692   1]
 [  1   2   0 923]]
Epoch: [110/200], cls_loss: 0.0142, transfer_loss: 0.0000,person_loss: -1.9939, total_Loss: -0.1849
trian begin
trian end
n_person 615
SAMPLE
F1_MI: 0.6375779162956366 F1_MA: 0.6898154443111648 ACC_MI: 0.6375779162956366 F1_MA: 0.7248846341696488
BEST_F1_MI: 0.9228257643217571 BEST_F1_MA: 0.9216160133319703 BEST_ACC_MI: 0.9228257643217572 BEST_F1_MA: 0.9217714448993629
[[846  40   7   0]
 [231 515  58   0]
 [  1   0 745   0]
 [ 70 309 505  42]]
Epoch: [111/200], cls_loss: 0.0163, transfer_loss: 0.0000,person_loss: -1.9942, total_Loss: -0.1828
trian begin
trian end
n_person 615
SAMPLE
F1_MI: 0.9139210448204216 F1_MA: 0.9129752538302077 ACC_MI: 0.9139210448204215 F1_MA: 0.9129007349931304
BEST_F1_MI: 0.9228257643217571 BEST_F1_MA: 0.9216160133319703 BEST_ACC_MI: 0.9228257643217572 BEST_F1_MA: 0.9217714448993629
[[807  71  14   1]
 [138 620  45   1]
 [  0   4 742   0]
 [  3   8   5 910]]
Epoch: [112/200], cls_loss: 0.0205, transfer_loss: 0.0000,person_loss: -1.9945, total_Loss: -0.1786
trian begin
trian end
n_person 615
SAMPLE
F1_MI: 0.9219352923716236 F1_MA: 0.9219224454703051 ACC_MI: 0.9219352923716236 F1_MA: 0.9238770804590261
BEST_F1_MI: 0.9228257643217571 BEST_F1_MA: 0.9219224454703051 BEST_ACC_MI: 0.9228257643217572 BEST_F1_MA: 0.9238770804590261
[[826  60   7   0]
 [159 624  21   0]
 [  5   9 731   1]
 [  0   1   0 925]]
Epoch: [113/200], cls_loss: 0.0151, transfer_loss: 0.0000,person_loss: -1.9941, total_Loss: -0.1840
trian begin
trian end
n_person 615
SAMPLE
F1_MI: 0.9308400118729593 F1_MA: 0.9304523552360745 ACC_MI: 0.9308400118729593 F1_MA: 0.9313361137070881
BEST_F1_MI: 0.9308400118729593 BEST_F1_MA: 0.9304523552360745 BEST_ACC_MI: 0.9308400118729593 BEST_F1_MA: 0.9313361137070881
[[820  64   9   0]
 [133 654  17   0]
 [  2   8 736   0]
 [  0   0   0 926]]
Epoch: [114/200], cls_loss: 0.0215, transfer_loss: 0.0000,person_loss: -1.9932, total_Loss: -0.1775
trian begin
trian end
n_person 615
SAMPLE
F1_MI: 0.9305431878895816 F1_MA: 0.929477776494243 ACC_MI: 0.9305431878895815 F1_MA: 0.9281270535436769
BEST_F1_MI: 0.9308400118729593 BEST_F1_MA: 0.9304523552360745 BEST_ACC_MI: 0.9308400118729593 BEST_F1_MA: 0.9313361137070881
[[769  91  33   0]
 [ 51 707  43   3]
 [  0  12 734   0]
 [  0   1   0 925]]
Epoch: [115/200], cls_loss: 0.0186, transfer_loss: 0.0000,person_loss: -1.9938, total_Loss: -0.1804
trian begin
trian end
n_person 615
SAMPLE
F1_MI: 0.7583852775304246 F1_MA: 0.7976583601454744 ACC_MI: 0.7583852775304245 F1_MA: 0.8227792689838627
BEST_F1_MI: 0.9308400118729593 BEST_F1_MA: 0.9304523552360745 BEST_ACC_MI: 0.9308400118729593 BEST_F1_MA: 0.9313361137070881
[[804  75  14   0]
 [ 96 682  26   0]
 [  0   5 741   0]
 [ 82 503  13 328]]
Epoch: [116/200], cls_loss: 0.0296, transfer_loss: 0.0000,person_loss: -1.9925, total_Loss: -0.1693
trian begin
trian end
n_person 615
SAMPLE
F1_MI: 0.9287622439893144 F1_MA: 0.9273195318757509 ACC_MI: 0.9287622439893143 F1_MA: 0.9266302856414428
BEST_F1_MI: 0.9308400118729593 BEST_F1_MA: 0.9304523552360745 BEST_ACC_MI: 0.9308400118729593 BEST_F1_MA: 0.9313361137070881
[[803  73  17   0]
 [ 98 663  43   0]
 [  2   5 738   1]
 [  0   1   0 925]]
Epoch: [117/200], cls_loss: 0.0081, transfer_loss: 0.0000,person_loss: -1.9938, total_Loss: -0.1910
trian begin
trian end
n_person 615
SAMPLE
F1_MI: 0.9266844761056693 F1_MA: 0.9257820185289097 ACC_MI: 0.9266844761056693 F1_MA: 0.9261868041607065
BEST_F1_MI: 0.9308400118729593 BEST_F1_MA: 0.9304523552360745 BEST_ACC_MI: 0.9308400118729593 BEST_F1_MA: 0.9313361137070881
[[806  77  10   0]
 [120 668  16   0]
 [  2  21 723   0]
 [  0   1   0 925]]
Epoch: [118/200], cls_loss: 0.0071, transfer_loss: 0.0000,person_loss: -1.9945, total_Loss: -0.1920
trian begin
trian end
n_person 615
SAMPLE
F1_MI: 0.9097655090531315 F1_MA: 0.9111851822418028 ACC_MI: 0.9097655090531315 F1_MA: 0.9153115968972454
BEST_F1_MI: 0.9308400118729593 BEST_F1_MA: 0.9304523552360745 BEST_ACC_MI: 0.9308400118729593 BEST_F1_MA: 0.9313361137070881
[[818  73   2   0]
 [193 604   6   1]
 [ 19  10 717   0]
 [  0   0   0 926]]
Epoch: [119/200], cls_loss: 0.0094, transfer_loss: 0.0000,person_loss: -1.9945, total_Loss: -0.1897
trian begin
trian end
n_person 615
SAMPLE
F1_MI: 0.9005639655684179 F1_MA: 0.9051313982722387 ACC_MI: 0.9005639655684179 F1_MA: 0.9138698914398345
BEST_F1_MI: 0.9308400118729593 BEST_F1_MA: 0.9304523552360745 BEST_ACC_MI: 0.9308400118729593 BEST_F1_MA: 0.9313361137070881
[[854  32   5   2]
 [267 528   8   1]
 [  4  15 726   1]
 [  0   0   0 926]]
Epoch: [120/200], cls_loss: 0.0193, transfer_loss: 0.0000,person_loss: -1.9943, total_Loss: -0.1798
trian begin
trian end
n_person 615
SAMPLE
F1_MI: 0.9014544375185515 F1_MA: 0.9032685193653791 ACC_MI: 0.9014544375185515 F1_MA: 0.9092504323769469
BEST_F1_MI: 0.9308400118729593 BEST_F1_MA: 0.9304523552360745 BEST_ACC_MI: 0.9308400118729593 BEST_F1_MA: 0.9313361137070881
[[836  55   1   1]
 [208 580  16   0]
 [ 29  21 696   0]
 [  0   1   0 925]]
Epoch: [121/200], cls_loss: 0.0200, transfer_loss: 0.0000,person_loss: -1.9945, total_Loss: -0.1792
trian begin
trian end
n_person 615
SAMPLE
F1_MI: 0.7203918076580587 F1_MA: 0.7527292295190632 ACC_MI: 0.7203918076580588 F1_MA: 0.7707514941555222
BEST_F1_MI: 0.9308400118729593 BEST_F1_MA: 0.9304523552360745 BEST_ACC_MI: 0.9308400118729593 BEST_F1_MA: 0.9313361137070881
[[832  50  10   1]
 [193 587  24   0]
 [  0   9 736   1]
 [ 18 399 237 272]]
Epoch: [122/200], cls_loss: 0.0196, transfer_loss: 0.0000,person_loss: -1.9935, total_Loss: -0.1794
trian begin
trian end
n_person 615
SAMPLE
F1_MI: 0.6583555951320866 F1_MA: 0.7090179658146835 ACC_MI: 0.6583555951320866 F1_MA: 0.7434502800229266
BEST_F1_MI: 0.9308400118729593 BEST_F1_MA: 0.9304523552360745 BEST_ACC_MI: 0.9308400118729593 BEST_F1_MA: 0.9313361137070881
[[829  49  15   0]
 [193 555  56   0]
 [  0  11 734   1]
 [ 67 610 149 100]]
Epoch: [123/200], cls_loss: 0.0155, transfer_loss: 0.0000,person_loss: -1.9938, total_Loss: -0.1836
trian begin
trian end
n_person 615
SAMPLE
F1_MI: 0.9106559810032651 F1_MA: 0.9099412233314986 ACC_MI: 0.9106559810032651 F1_MA: 0.9121521658275428
BEST_F1_MI: 0.9308400118729593 BEST_F1_MA: 0.9304523552360745 BEST_ACC_MI: 0.9308400118729593 BEST_F1_MA: 0.9313361137070881
[[807  72  12   2]
 [155 644   3   2]
 [  0  55 691   0]
 [  0   0   0 926]]
Epoch: [124/200], cls_loss: 0.0158, transfer_loss: 0.0000,person_loss: -1.9936, total_Loss: -0.1833
trian begin
trian end
n_person 615
SAMPLE
F1_MI: 0.6381715642623924 F1_MA: 0.6892803062879598 ACC_MI: 0.6381715642623924 F1_MA: 0.7253679478013987
BEST_F1_MI: 0.9308400118729593 BEST_F1_MA: 0.9304523552360745 BEST_ACC_MI: 0.9308400118729593 BEST_F1_MA: 0.9313361137070881
[[836  53   4   0]
 [231 571   2   0]
 [  4  58 682   2]
 [232 459 174  61]]
Epoch: [125/200], cls_loss: 0.0173, transfer_loss: 0.0000,person_loss: -1.9942, total_Loss: -0.1819
trian begin
trian end
n_person 615
SAMPLE
F1_MI: 0.8732561590976551 F1_MA: 0.8771730431318623 ACC_MI: 0.8732561590976551 F1_MA: 0.8815205963338821
BEST_F1_MI: 0.9308400118729593 BEST_F1_MA: 0.9304523552360745 BEST_ACC_MI: 0.9308400118729593 BEST_F1_MA: 0.9313361137070881
[[847  40   6   0]
 [251 545   8   0]
 [  1  11 734   0]
 [  9  91  10 816]]
Epoch: [126/200], cls_loss: 0.0159, transfer_loss: 0.0000,person_loss: -1.9946, total_Loss: -0.1832
trian begin
trian end
n_person 615
SAMPLE
F1_MI: 0.6850697536360938 F1_MA: 0.7320386010735145 ACC_MI: 0.6850697536360938 F1_MA: 0.7649494997804168
BEST_F1_MI: 0.9308400118729593 BEST_F1_MA: 0.9304523552360745 BEST_ACC_MI: 0.9308400118729593 BEST_F1_MA: 0.9313361137070881
[[841  44   8   0]
 [228 534  42   0]
 [  1   1 744   0]
 [ 15 138 584 189]]
Epoch: [127/200], cls_loss: 0.0133, transfer_loss: 0.0000,person_loss: -1.9950, total_Loss: -0.1859
trian begin
trian end
n_person 615
SAMPLE
F1_MI: 0.9391510834075393 F1_MA: 0.9384713572827601 ACC_MI: 0.9391510834075393 F1_MA: 0.9376237442329776
BEST_F1_MI: 0.9391510834075393 BEST_F1_MA: 0.9384713572827601 BEST_ACC_MI: 0.9391510834075393 BEST_F1_MA: 0.9376237442329776
[[791  88  13   1]
 [ 81 705  18   0]
 [  0   4 742   0]
 [  0   0   0 926]]
Epoch: [128/200], cls_loss: 0.0116, transfer_loss: 0.0000,person_loss: -1.9952, total_Loss: -0.1877
trian begin
trian end
n_person 615
SAMPLE
F1_MI: 0.6352033244286138 F1_MA: 0.7014912430364457 ACC_MI: 0.6352033244286138 F1_MA: 0.7543836908085191
BEST_F1_MI: 0.9391510834075393 BEST_F1_MA: 0.9384713572827601 BEST_ACC_MI: 0.9391510834075393 BEST_F1_MA: 0.9376237442329776
[[831  59   3   0]
 [207 591   6   0]
 [ 40  11 695   0]
 [ 13  81 809  23]]
Epoch: [129/200], cls_loss: 0.0167, transfer_loss: 0.0000,person_loss: -1.9946, total_Loss: -0.1824
trian begin
trian end
n_person 615
SAMPLE
F1_MI: 0.8851291184327693 F1_MA: 0.890718297240333 ACC_MI: 0.8851291184327693 F1_MA: 0.9005685433555628
BEST_F1_MI: 0.9391510834075393 BEST_F1_MA: 0.9384713572827601 BEST_ACC_MI: 0.9391510834075393 BEST_F1_MA: 0.9376237442329776
[[845  43   5   0]
 [311 476  17   0]
 [  2   6 738   0]
 [  0   3   0 923]]
Epoch: [130/200], cls_loss: 0.0119, transfer_loss: 0.0000,person_loss: -1.9950, total_Loss: -0.1873
trian begin
trian end
n_person 615
SAMPLE
F1_MI: 0.9157019887206886 F1_MA: 0.915993681093078 ACC_MI: 0.9157019887206886 F1_MA: 0.9174039869387376
BEST_F1_MI: 0.9391510834075393 BEST_F1_MA: 0.9384713572827601 BEST_ACC_MI: 0.9391510834075393 BEST_F1_MA: 0.9376237442329776
[[821  63   9   0]
 [169 613  22   0]
 [  0   3 743   0]
 [  2  15   1 908]]
Epoch: [131/200], cls_loss: 0.0087, transfer_loss: 0.0000,person_loss: -1.9955, total_Loss: -0.1905
trian begin
trian end
n_person 615
SAMPLE
F1_MI: 0.9165924606708222 F1_MA: 0.9176514200599278 ACC_MI: 0.9165924606708222 F1_MA: 0.9217352982138376
BEST_F1_MI: 0.9391510834075393 BEST_F1_MA: 0.9384713572827601 BEST_ACC_MI: 0.9391510834075393 BEST_F1_MA: 0.9376237442329776
[[838  54   1   0]
 [194 608   2   0]
 [  1  29 716   0]
 [  0   0   0 926]]
Epoch: [132/200], cls_loss: 0.0112, transfer_loss: 0.0000,person_loss: -1.9950, total_Loss: -0.1880
trian begin
trian end
n_person 615
SAMPLE
F1_MI: 0.9136242208370436 F1_MA: 0.9169014189264614 ACC_MI: 0.9136242208370436 F1_MA: 0.9229657148615418
BEST_F1_MI: 0.9391510834075393 BEST_F1_MA: 0.9384713572827601 BEST_ACC_MI: 0.9391510834075393 BEST_F1_MA: 0.9376237442329776
[[847  36   9   1]
 [227 560  17   0]
 [  0   1 745   0]
 [  0   0   0 926]]
Epoch: [133/200], cls_loss: 0.0085, transfer_loss: 0.0000,person_loss: -1.9956, total_Loss: -0.1908
trian begin
trian end
n_person 615
SAMPLE
F1_MI: 0.9269813000890472 F1_MA: 0.9276664829264706 ACC_MI: 0.9269813000890472 F1_MA: 0.9300057442803658
BEST_F1_MI: 0.9391510834075393 BEST_F1_MA: 0.9384713572827601 BEST_ACC_MI: 0.9391510834075393 BEST_F1_MA: 0.9376237442329776
[[830  57   6   0]
 [165 626  12   1]
 [  0   2 741   3]
 [  0   0   0 926]]
Epoch: [134/200], cls_loss: 0.0066, transfer_loss: 0.0000,person_loss: -1.9955, total_Loss: -0.1927
trian begin
trian end
n_person 615
SAMPLE
F1_MI: 0.9305431878895816 F1_MA: 0.9309526243061793 ACC_MI: 0.9305431878895815 F1_MA: 0.9302503643883269
BEST_F1_MI: 0.9391510834075393 BEST_F1_MA: 0.9384713572827601 BEST_ACC_MI: 0.9391510834075393 BEST_F1_MA: 0.9376237442329776
[[809  71  13   0]
 [ 78 711  15   0]
 [  0   8 738   0]
 [  4  36   9 877]]
Epoch: [135/200], cls_loss: 0.0100, transfer_loss: 0.0000,person_loss: -1.9955, total_Loss: -0.1893
trian begin
trian end
n_person 615
SAMPLE
F1_MI: 0.9385574354407836 F1_MA: 0.9383403306394488 ACC_MI: 0.9385574354407836 F1_MA: 0.9392513223811616
BEST_F1_MI: 0.9391510834075393 BEST_F1_MA: 0.9384713572827601 BEST_ACC_MI: 0.9391510834075393 BEST_F1_MA: 0.9392513223811616
[[828  55   9   1]
 [122 671  11   0]
 [  0   9 737   0]
 [  0   0   0 926]]
Epoch: [136/200], cls_loss: 0.0154, transfer_loss: 0.0000,person_loss: -1.9952, total_Loss: -0.1838
trian begin
trian end
n_person 615
SAMPLE
F1_MI: 0.9412288512911843 F1_MA: 0.9410731302628467 ACC_MI: 0.9412288512911843 F1_MA: 0.9416937209698825
BEST_F1_MI: 0.9412288512911843 BEST_F1_MA: 0.9410731302628467 BEST_ACC_MI: 0.9412288512911843 BEST_F1_MA: 0.9416937209698825
[[820  65   7   1]
 [110 689   5   0]
 [  1   8 736   1]
 [  0   0   0 926]]
Epoch: [137/200], cls_loss: 0.0099, transfer_loss: 0.0000,person_loss: -1.9957, total_Loss: -0.1894
trian begin
trian end
n_person 615
SAMPLE
F1_MI: 0.94182249925794 F1_MA: 0.9414543856218309 ACC_MI: 0.94182249925794 F1_MA: 0.9415750094233742
BEST_F1_MI: 0.94182249925794 BEST_F1_MA: 0.9414543856218309 BEST_ACC_MI: 0.94182249925794 BEST_F1_MA: 0.9416937209698825
[[820  66   7   0]
 [106 683  15   0]
 [  0   1 745   0]
 [  0   1   0 925]]
Epoch: [138/200], cls_loss: 0.0094, transfer_loss: 0.0000,person_loss: -1.9957, total_Loss: -0.1899
trian begin
trian end
n_person 615
SAMPLE
F1_MI: 0.9151083407539329 F1_MA: 0.9192518189983444 ACC_MI: 0.9151083407539329 F1_MA: 0.9264114465073214
BEST_F1_MI: 0.94182249925794 BEST_F1_MA: 0.9414543856218309 BEST_ACC_MI: 0.94182249925794 BEST_F1_MA: 0.9416937209698825
[[851  35   6   1]
 [232 567   5   0]
 [  5   1 739   1]
 [  0   0   0 926]]
Epoch: [139/200], cls_loss: 0.0143, transfer_loss: 0.0000,person_loss: -1.9950, total_Loss: -0.1849
trian begin
trian end
n_person 615
SAMPLE
F1_MI: 0.92935589195607 F1_MA: 0.9281646832118273 ACC_MI: 0.92935589195607 F1_MA: 0.9277315805335877
BEST_F1_MI: 0.94182249925794 BEST_F1_MA: 0.9414543856218309 BEST_ACC_MI: 0.94182249925794 BEST_F1_MA: 0.9416937209698825
[[809  69  15   0]
 [109 650  44   1]
 [  0   0 746   0]
 [  0   0   0 926]]
Epoch: [140/200], cls_loss: 0.0139, transfer_loss: 0.0000,person_loss: -1.9956, total_Loss: -0.1854
trian begin
trian end
n_person 615
SAMPLE
F1_MI: 0.9180765805877115 F1_MA: 0.9181283945947634 ACC_MI: 0.9180765805877115 F1_MA: 0.9195307936087173
BEST_F1_MI: 0.94182249925794 BEST_F1_MA: 0.9414543856218309 BEST_ACC_MI: 0.94182249925794 BEST_F1_MA: 0.9416937209698825
[[812  65  15   1]
 [169 610  25   0]
 [  0   0 746   0]
 [  0   1   0 925]]
Epoch: [141/200], cls_loss: 0.0203, transfer_loss: 0.0000,person_loss: -1.9954, total_Loss: -0.1790
trian begin
trian end
n_person 615
SAMPLE
F1_MI: 0.9409320273078065 F1_MA: 0.9404762376232843 ACC_MI: 0.9409320273078065 F1_MA: 0.9397877529906333
BEST_F1_MI: 0.94182249925794 BEST_F1_MA: 0.9414543856218309 BEST_ACC_MI: 0.94182249925794 BEST_F1_MA: 0.9416937209698825
[[794  87  10   2]
 [ 85 705  13   1]
 [  0   1 745   0]
 [  0   0   0 926]]
Epoch: [142/200], cls_loss: 0.0121, transfer_loss: 0.0000,person_loss: -1.9951, total_Loss: -0.1872
trian begin
trian end
n_person 615
SAMPLE
F1_MI: 0.9231225883051352 F1_MA: 0.9224788749173581 ACC_MI: 0.923122588305135 F1_MA: 0.9229829305668058
BEST_F1_MI: 0.94182249925794 BEST_F1_MA: 0.9414543856218309 BEST_ACC_MI: 0.94182249925794 BEST_F1_MA: 0.9416937209698825
[[812  68  12   1]
 [143 626  35   0]
 [  0   0 746   0]
 [  0   0   0 926]]
Epoch: [143/200], cls_loss: 0.0121, transfer_loss: 0.0000,person_loss: -1.9953, total_Loss: -0.1872
trian begin
trian end
n_person 615
SAMPLE
F1_MI: 0.6791332739685366 F1_MA: 0.7372272625849822 ACC_MI: 0.6791332739685366 F1_MA: 0.7761734408141705
BEST_F1_MI: 0.94182249925794 BEST_F1_MA: 0.9414543856218309 BEST_ACC_MI: 0.94182249925794 BEST_F1_MA: 0.9416937209698825
[[798  81  13   1]
 [ 97 677  30   0]
 [  0   0 746   0]
 [ 74 664 121  67]]
Epoch: [144/200], cls_loss: 0.0167, transfer_loss: 0.0000,person_loss: -1.9948, total_Loss: -0.1825
trian begin
trian end
n_person 615
SAMPLE
F1_MI: 0.9462748590086079 F1_MA: 0.9463569617292301 ACC_MI: 0.9462748590086079 F1_MA: 0.9453953139306039
BEST_F1_MI: 0.9462748590086079 BEST_F1_MA: 0.9463569617292301 BEST_ACC_MI: 0.9462748590086079 BEST_F1_MA: 0.9453953139306039
[[776 104  12   1]
 [ 48 741  15   0]
 [  0   1 745   0]
 [  0   0   0 926]]
Epoch: [145/200], cls_loss: 0.0091, transfer_loss: 0.0000,person_loss: -1.9954, total_Loss: -0.1902
trian begin
trian end
n_person 615
SAMPLE
F1_MI: 0.9240130602552686 F1_MA: 0.9234304284532909 ACC_MI: 0.9240130602552686 F1_MA: 0.924152876378938
BEST_F1_MI: 0.9462748590086079 BEST_F1_MA: 0.9463569617292301 BEST_ACC_MI: 0.9462748590086079 BEST_F1_MA: 0.9453953139306039
[[829  49  15   0]
 [128 620  56   0]
 [  0   0 746   0]
 [  1   3   4 918]]
Epoch: [146/200], cls_loss: 0.0117, transfer_loss: 0.0000,person_loss: -1.9953, total_Loss: -0.1876
trian begin
trian end
n_person 615
SAMPLE
F1_MI: 0.9415256752745622 F1_MA: 0.9406511279929433 ACC_MI: 0.9415256752745622 F1_MA: 0.9395790630727084
BEST_F1_MI: 0.9462748590086079 BEST_F1_MA: 0.9463569617292301 BEST_ACC_MI: 0.9462748590086079 BEST_F1_MA: 0.9453953139306039
[[796  82  14   1]
 [ 70 705  28   1]
 [  0   1 745   0]
 [  0   0   0 926]]
Epoch: [147/200], cls_loss: 0.0076, transfer_loss: 0.0000,person_loss: -1.9957, total_Loss: -0.1916
trian begin
trian end
n_person 615
SAMPLE
F1_MI: 0.9281685960225586 F1_MA: 0.9282193462656607 ACC_MI: 0.9281685960225586 F1_MA: 0.9283028610512685
BEST_F1_MI: 0.9462748590086079 BEST_F1_MA: 0.9463569617292301 BEST_ACC_MI: 0.9462748590086079 BEST_F1_MA: 0.9453953139306039
[[819  64  10   0]
 [120 669  15   0]
 [  2   2 742   0]
 [  3   8  18 897]]
Epoch: [148/200], cls_loss: 0.0082, transfer_loss: 0.0000,person_loss: -1.9961, total_Loss: -0.1911
trian begin
trian end
n_person 615
SAMPLE
F1_MI: 0.6601365390323538 F1_MA: 0.7225206133743387 ACC_MI: 0.6601365390323538 F1_MA: 0.7681000978943805
BEST_F1_MI: 0.9462748590086079 BEST_F1_MA: 0.9463569617292301 BEST_ACC_MI: 0.9462748590086079 BEST_F1_MA: 0.9453953139306039
[[836  43  14   0]
 [159 604  41   0]
 [  0   1 745   0]
 [192  65 630  39]]
Epoch: [149/200], cls_loss: 0.0070, transfer_loss: 0.0000,person_loss: -1.9959, total_Loss: -0.1923
trian begin
trian end
n_person 615
SAMPLE
F1_MI: 0.94182249925794 F1_MA: 0.9410662335468666 ACC_MI: 0.94182249925794 F1_MA: 0.9402213596708562
BEST_F1_MI: 0.9462748590086079 BEST_F1_MA: 0.9463569617292301 BEST_ACC_MI: 0.9462748590086079 BEST_F1_MA: 0.9453953139306039
[[800  79  14   0]
 [ 81 702  21   0]
 [  0   1 745   0]
 [  0   0   0 926]]
Epoch: [150/200], cls_loss: 0.0111, transfer_loss: 0.0000,person_loss: -1.9958, total_Loss: -0.1882
trian begin
trian end
n_person 615
SAMPLE
F1_MI: 0.9468685069753636 F1_MA: 0.9467312354599027 ACC_MI: 0.9468685069753636 F1_MA: 0.9470877139126892
BEST_F1_MI: 0.9468685069753636 BEST_F1_MA: 0.9467312354599027 BEST_ACC_MI: 0.9468685069753636 BEST_F1_MA: 0.9470877139126892
[[824  58  11   0]
 [100 701   3   0]
 [  0   6 740   0]
 [  0   1   0 925]]
Epoch: [151/200], cls_loss: 0.0175, transfer_loss: 0.0000,person_loss: -1.9957, total_Loss: -0.1819
trian begin
trian end
n_person 615
SAMPLE
F1_MI: 0.948055802908875 F1_MA: 0.9478068329350602 ACC_MI: 0.948055802908875 F1_MA: 0.9469149722056699
BEST_F1_MI: 0.948055802908875 BEST_F1_MA: 0.9478068329350602 BEST_ACC_MI: 0.948055802908875 BEST_F1_MA: 0.9470877139126892
[[793  81  19   0]
 [ 67 731   6   0]
 [  0   1 745   0]
 [  0   1   0 925]]
Epoch: [152/200], cls_loss: 0.0081, transfer_loss: 0.0000,person_loss: -1.9962, total_Loss: -0.1913
trian begin
trian end
n_person 615
SAMPLE
F1_MI: 0.9011576135351737 F1_MA: 0.9047081670810425 ACC_MI: 0.9011576135351737 F1_MA: 0.9047333717044717
BEST_F1_MI: 0.948055802908875 BEST_F1_MA: 0.9478068329350602 BEST_ACC_MI: 0.948055802908875 BEST_F1_MA: 0.9470877139126892
[[788  87  17   1]
 [ 87 699  18   0]
 [  0   1 745   0]
 [  0 109  13 804]]
Epoch: [153/200], cls_loss: 0.0109, transfer_loss: 0.0000,person_loss: -1.9960, total_Loss: -0.1884
trian begin
trian end
n_person 615
SAMPLE
F1_MI: 0.663995250816266 F1_MA: 0.7268966484425744 ACC_MI: 0.663995250816266 F1_MA: 0.7743684067552156
BEST_F1_MI: 0.948055802908875 BEST_F1_MA: 0.9478068329350602 BEST_ACC_MI: 0.948055802908875 BEST_F1_MA: 0.9470877139126892
[[830  48  15   0]
 [188 596  20   0]
 [  3   1 741   1]
 [172  15 669  70]]
Epoch: [154/200], cls_loss: 0.0076, transfer_loss: 0.0000,person_loss: -1.9956, total_Loss: -0.1917
trian begin
trian end
n_person 615
SAMPLE
F1_MI: 0.9338082517067379 F1_MA: 0.9337743059250527 ACC_MI: 0.9338082517067379 F1_MA: 0.9343663328502096
BEST_F1_MI: 0.948055802908875 BEST_F1_MA: 0.9478068329350602 BEST_ACC_MI: 0.948055802908875 BEST_F1_MA: 0.9470877139126892
[[810  68  14   1]
 [131 666   7   0]
 [  1   1 744   0]
 [  0   0   0 926]]
Epoch: [155/200], cls_loss: 0.0138, transfer_loss: 0.0000,person_loss: -1.9958, total_Loss: -0.1855
trian begin
trian end
n_person 615
SAMPLE
F1_MI: 0.9427129712080735 F1_MA: 0.9423877224821254 ACC_MI: 0.9427129712080736 F1_MA: 0.9416490690036773
BEST_F1_MI: 0.948055802908875 BEST_F1_MA: 0.9478068329350602 BEST_ACC_MI: 0.948055802908875 BEST_F1_MA: 0.9470877139126892
[[793  86  13   1]
 [ 82 712   9   1]
 [  0   0 746   0]
 [  0   1   0 925]]
Epoch: [156/200], cls_loss: 0.0174, transfer_loss: 0.0000,person_loss: -1.9958, total_Loss: -0.1819
trian begin
trian end
n_person 615
SAMPLE
F1_MI: 0.7144553279905015 F1_MA: 0.7756215569833551 ACC_MI: 0.7144553279905016 F1_MA: 0.8206692332250932
BEST_F1_MI: 0.948055802908875 BEST_F1_MA: 0.9478068329350602 BEST_ACC_MI: 0.948055802908875 BEST_F1_MA: 0.9470877139126892
[[803  78  11   1]
 [ 97 705   2   0]
 [  0   1 745   0]
 [  9 728  35 154]]
Epoch: [157/200], cls_loss: 0.0059, transfer_loss: 0.0000,person_loss: -1.9959, total_Loss: -0.1934
trian begin
trian end
n_person 615
SAMPLE
F1_MI: 0.94182249925794 F1_MA: 0.9414993684459232 ACC_MI: 0.94182249925794 F1_MA: 0.941699181120645
BEST_F1_MI: 0.948055802908875 BEST_F1_MA: 0.9478068329350602 BEST_ACC_MI: 0.948055802908875 BEST_F1_MA: 0.9470877139126892
[[819  60  13   1]
 [108 684  12   0]
 [  0   2 744   0]
 [  0   0   0 926]]
Epoch: [158/200], cls_loss: 0.0019, transfer_loss: 0.0000,person_loss: -1.9970, total_Loss: -0.1975
trian begin
trian end
n_person 615
SAMPLE
F1_MI: 0.9433066191748293 F1_MA: 0.9433791723716553 ACC_MI: 0.9433066191748293 F1_MA: 0.9434748485384568
BEST_F1_MI: 0.948055802908875 BEST_F1_MA: 0.9478068329350602 BEST_ACC_MI: 0.948055802908875 BEST_F1_MA: 0.9470877139126892
[[812  70  10   1]
 [104 698   2   0]
 [  0   0 746   0]
 [  1   3   0 922]]
Epoch: [159/200], cls_loss: 0.0129, transfer_loss: 0.0000,person_loss: -1.9952, total_Loss: -0.1863
trian begin
trian end
n_person 615
SAMPLE
F1_MI: 0.7931136835856337 F1_MA: 0.8184157703006955 ACC_MI: 0.7931136835856337 F1_MA: 0.8293369893102719
BEST_F1_MI: 0.948055802908875 BEST_F1_MA: 0.9478068329350602 BEST_ACC_MI: 0.948055802908875 BEST_F1_MA: 0.9470877139126892
[[806  73  13   1]
 [ 76 728   0   0]
 [  0   1 745   0]
 [ 31 302 200 393]]
Epoch: [160/200], cls_loss: 0.0055, transfer_loss: 0.0000,person_loss: -1.9966, total_Loss: -0.1939
trian begin
trian end
n_person 615
SAMPLE
F1_MI: 0.6975363609379638 F1_MA: 0.754599908652702 ACC_MI: 0.6975363609379638 F1_MA: 0.7910591810910879
BEST_F1_MI: 0.948055802908875 BEST_F1_MA: 0.9478068329350602 BEST_ACC_MI: 0.948055802908875 BEST_F1_MA: 0.9470877139126892
[[797  81  14   1]
 [ 58 741   5   0]
 [  0   0 746   0]
 [ 56 629 175  66]]
Epoch: [161/200], cls_loss: 0.0094, transfer_loss: 0.0000,person_loss: -1.9961, total_Loss: -0.1899
trian begin
trian end
n_person 615
SAMPLE
F1_MI: 0.9436034431582072 F1_MA: 0.9429252131090464 ACC_MI: 0.9436034431582072 F1_MA: 0.9423523826975055
BEST_F1_MI: 0.948055802908875 BEST_F1_MA: 0.9478068329350602 BEST_ACC_MI: 0.948055802908875 BEST_F1_MA: 0.9470877139126892
[[802  79  11   1]
 [ 73 715  16   0]
 [  0  10 736   0]
 [  0   0   0 926]]
Epoch: [162/200], cls_loss: 0.0066, transfer_loss: 0.0000,person_loss: -1.9961, total_Loss: -0.1927
trian begin
trian end
n_person 615
SAMPLE
F1_MI: 0.6755713861680024 F1_MA: 0.7366129653312327 ACC_MI: 0.6755713861680024 F1_MA: 0.7774903300714959
BEST_F1_MI: 0.948055802908875 BEST_F1_MA: 0.9478068329350602 BEST_ACC_MI: 0.948055802908875 BEST_F1_MA: 0.9470877139126892
[[793  79  20   1]
 [ 73 704  27   0]
 [  0   0 746   0]
 [ 27 145 721  33]]
Epoch: [163/200], cls_loss: 0.0105, transfer_loss: 0.0000,person_loss: -1.9957, total_Loss: -0.1889
trian begin
trian end
n_person 615
SAMPLE
F1_MI: 0.9430097951914514 F1_MA: 0.9425295069955085 ACC_MI: 0.9430097951914514 F1_MA: 0.9419411459507658
BEST_F1_MI: 0.948055802908875 BEST_F1_MA: 0.9478068329350602 BEST_ACC_MI: 0.948055802908875 BEST_F1_MA: 0.9470877139126892
[[802  77  14   0]
 [ 87 703  11   3]
 [  0   0 746   0]
 [  0   0   0 926]]
Epoch: [164/200], cls_loss: 0.0118, transfer_loss: 0.0000,person_loss: -1.9959, total_Loss: -0.1876
trian begin
trian end
n_person 615
SAMPLE
F1_MI: 0.9254971801721579 F1_MA: 0.927426053386851 ACC_MI: 0.9254971801721579 F1_MA: 0.931268022881947
BEST_F1_MI: 0.948055802908875 BEST_F1_MA: 0.9478068329350602 BEST_ACC_MI: 0.948055802908875 BEST_F1_MA: 0.9470877139126892
[[837  47   9   0]
 [188 612   4   0]
 [  2   1 743   0]
 [  0   0   0 926]]
Epoch: [165/200], cls_loss: 0.0060, transfer_loss: 0.0000,person_loss: -1.9963, total_Loss: -0.1934
trian begin
trian end
n_person 615
SAMPLE
F1_MI: 0.9400415553576729 F1_MA: 0.939570552045762 ACC_MI: 0.9400415553576729 F1_MA: 0.9387305869807112
BEST_F1_MI: 0.948055802908875 BEST_F1_MA: 0.9478068329350602 BEST_ACC_MI: 0.948055802908875 BEST_F1_MA: 0.9470877139126892
[[789  89  14   1]
 [ 84 706  12   2]
 [  0   0 746   0]
 [  0   0   0 926]]
Epoch: [166/200], cls_loss: 0.0074, transfer_loss: 0.0000,person_loss: -1.9962, total_Loss: -0.1920
trian begin
trian end
n_person 615
SAMPLE
F1_MI: 0.9436034431582072 F1_MA: 0.943144999960446 ACC_MI: 0.9436034431582072 F1_MA: 0.9420870337348574
BEST_F1_MI: 0.948055802908875 BEST_F1_MA: 0.9478068329350602 BEST_ACC_MI: 0.948055802908875 BEST_F1_MA: 0.9470877139126892
[[787  92  14   0]
 [ 67 720  17   0]
 [  0   0 746   0]
 [  0   0   0 926]]
Epoch: [167/200], cls_loss: 0.0102, transfer_loss: 0.0000,person_loss: -1.9967, total_Loss: -0.1892
trian begin
trian end
n_person 615
SAMPLE
F1_MI: 0.9465716829919858 F1_MA: 0.9466139741837306 ACC_MI: 0.9465716829919858 F1_MA: 0.9457498041370995
BEST_F1_MI: 0.948055802908875 BEST_F1_MA: 0.9478068329350602 BEST_ACC_MI: 0.948055802908875 BEST_F1_MA: 0.9470877139126892
[[783  96  14   0]
 [ 64 735   4   1]
 [  0   0 746   0]
 [  0   0   1 925]]
Epoch: [168/200], cls_loss: 0.0035, transfer_loss: 0.0000,person_loss: -1.9964, total_Loss: -0.1958
trian begin
trian end
n_person 615
SAMPLE
F1_MI: 0.9394479073909172 F1_MA: 0.9395658826376267 ACC_MI: 0.9394479073909172 F1_MA: 0.9391519494460709
BEST_F1_MI: 0.948055802908875 BEST_F1_MA: 0.9478068329350602 BEST_ACC_MI: 0.948055802908875 BEST_F1_MA: 0.9470877139126892
[[803  76  14   0]
 [ 93 710   1   0]
 [  0   3 743   0]
 [  2  10   5 909]]
Epoch: [169/200], cls_loss: 0.0098, transfer_loss: 0.0000,person_loss: -1.9962, total_Loss: -0.1895
trian begin
trian end
n_person 615
SAMPLE
F1_MI: 0.94597803502523 F1_MA: 0.9454234231141765 ACC_MI: 0.94597803502523 F1_MA: 0.9444966502648436
BEST_F1_MI: 0.948055802908875 BEST_F1_MA: 0.9478068329350602 BEST_ACC_MI: 0.948055802908875 BEST_F1_MA: 0.9470877139126892
[[798  80  14   1]
 [ 69 717  17   1]
 [  0   0 746   0]
 [  0   0   0 926]]
Epoch: [170/200], cls_loss: 0.0134, transfer_loss: 0.0000,person_loss: -1.9952, total_Loss: -0.1859
trian begin
trian end
n_person 615
SAMPLE
F1_MI: 0.9513208667260314 F1_MA: 0.951259035926331 ACC_MI: 0.9513208667260314 F1_MA: 0.9508792445854315
BEST_F1_MI: 0.9513208667260314 BEST_F1_MA: 0.951259035926331 BEST_ACC_MI: 0.9513208667260314 BEST_F1_MA: 0.9508792445854315
[[808  74  11   0]
 [ 78 725   1   0]
 [  0   0 746   0]
 [  0   0   0 926]]
Epoch: [171/200], cls_loss: 0.0047, transfer_loss: 0.0000,person_loss: -1.9964, total_Loss: -0.1947
trian begin
trian end
n_person 615
SAMPLE
F1_MI: 0.9275749480558029 F1_MA: 0.9279372256567546 ACC_MI: 0.9275749480558029 F1_MA: 0.9289013093379889
BEST_F1_MI: 0.9513208667260314 BEST_F1_MA: 0.951259035926331 BEST_ACC_MI: 0.9513208667260314 BEST_F1_MA: 0.9508792445854315
[[821  58  14   0]
 [146 647  11   0]
 [  0   0 746   0]
 [  0   3  12 911]]
Epoch: [172/200], cls_loss: 0.0063, transfer_loss: 0.0000,person_loss: -1.9963, total_Loss: -0.1931
trian begin
trian end
n_person 615
SAMPLE
F1_MI: 0.9424161472246958 F1_MA: 0.9424539000240703 ACC_MI: 0.9424161472246958 F1_MA: 0.9428626629596457
BEST_F1_MI: 0.9513208667260314 BEST_F1_MA: 0.951259035926331 BEST_ACC_MI: 0.9513208667260314 BEST_F1_MA: 0.9508792445854315
[[815  68  10   0]
 [112 690   2   0]
 [  1   1 744   0]
 [  0   0   0 926]]
Epoch: [173/200], cls_loss: 0.0056, transfer_loss: 0.0000,person_loss: -1.9966, total_Loss: -0.1938
trian begin
trian end
n_person 615
SAMPLE
F1_MI: 0.95013357079252 F1_MA: 0.9500807422915494 ACC_MI: 0.95013357079252 F1_MA: 0.9497700694941436
BEST_F1_MI: 0.9513208667260314 BEST_F1_MA: 0.951259035926331 BEST_ACC_MI: 0.9513208667260314 BEST_F1_MA: 0.9508792445854315
[[805  77  11   0]
 [ 76 728   0   0]
 [  1   3 742   0]
 [  0   0   0 926]]
Epoch: [174/200], cls_loss: 0.0054, transfer_loss: 0.0000,person_loss: -1.9963, total_Loss: -0.1940
trian begin
trian end
n_person 615
SAMPLE
F1_MI: 0.8619768477292965 F1_MA: 0.8741953127765115 ACC_MI: 0.8619768477292965 F1_MA: 0.878576383796429
BEST_F1_MI: 0.9513208667260314 BEST_F1_MA: 0.951259035926331 BEST_ACC_MI: 0.9513208667260314 BEST_F1_MA: 0.9508792445854315
[[830  52  11   0]
 [ 94 707   3   0]
 [  0   0 746   0]
 [ 32 235  38 621]]
Epoch: [175/200], cls_loss: 0.0117, transfer_loss: 0.0000,person_loss: -1.9965, total_Loss: -0.1877
trian begin
trian end
n_person 615
SAMPLE
F1_MI: 0.9510240427426536 F1_MA: 0.9507338151864299 ACC_MI: 0.9510240427426536 F1_MA: 0.9504427092177609
BEST_F1_MI: 0.9513208667260314 BEST_F1_MA: 0.951259035926331 BEST_ACC_MI: 0.9513208667260314 BEST_F1_MA: 0.9508792445854315
[[817  62  14   0]
 [ 82 716   6   0]
 [  0   1 745   0]
 [  0   0   0 926]]
Epoch: [176/200], cls_loss: 0.0094, transfer_loss: 0.0000,person_loss: -1.9963, total_Loss: -0.1900
trian begin
trian end
n_person 615
SAMPLE
F1_MI: 0.9507272187592758 F1_MA: 0.9507439905990152 ACC_MI: 0.9507272187592758 F1_MA: 0.9508116413285892
BEST_F1_MI: 0.9513208667260314 BEST_F1_MA: 0.951259035926331 BEST_ACC_MI: 0.9513208667260314 BEST_F1_MA: 0.9508792445854315
[[819  66   8   0]
 [ 91 712   1   0]
 [  0   0 746   0]
 [  0   0   0 926]]
Epoch: [177/200], cls_loss: 0.0074, transfer_loss: 0.0000,person_loss: -1.9967, total_Loss: -0.1921
trian begin
trian end
n_person 615
SAMPLE
F1_MI: 0.9409320273078065 F1_MA: 0.9416710339728024 ACC_MI: 0.9409320273078065 F1_MA: 0.9422059431839613
BEST_F1_MI: 0.9513208667260314 BEST_F1_MA: 0.951259035926331 BEST_ACC_MI: 0.9513208667260314 BEST_F1_MA: 0.9508792445854315
[[823  66   4   0]
 [100 702   2   0]
 [  3   1 742   0]
 [ 11  10   2 903]]
Epoch: [178/200], cls_loss: 0.0102, transfer_loss: 0.0000,person_loss: -1.9965, total_Loss: -0.1892
trian begin
trian end
n_person 615
SAMPLE
F1_MI: 0.9456812110418522 F1_MA: 0.9455459711097397 ACC_MI: 0.9456812110418522 F1_MA: 0.9445879651847675
BEST_F1_MI: 0.9513208667260314 BEST_F1_MA: 0.951259035926331 BEST_ACC_MI: 0.9513208667260314 BEST_F1_MA: 0.9508792445854315
[[783  97  12   1]
 [ 60 731  12   1]
 [  0   0 746   0]
 [  0   0   0 926]]
Epoch: [179/200], cls_loss: 0.0038, transfer_loss: 0.0000,person_loss: -1.9965, total_Loss: -0.1955
trian begin
trian end
n_person 615
SAMPLE
F1_MI: 0.9471653309587414 F1_MA: 0.9471688099652422 ACC_MI: 0.9471653309587414 F1_MA: 0.9467286024930008
BEST_F1_MI: 0.9513208667260314 BEST_F1_MA: 0.951259035926331 BEST_ACC_MI: 0.9513208667260314 BEST_F1_MA: 0.9508792445854315
[[796  85  11   1]
 [ 78 725   0   1]
 [  0   1 744   1]
 [  0   0   0 926]]
Epoch: [180/200], cls_loss: 0.0010, transfer_loss: 0.0000,person_loss: -1.9971, total_Loss: -0.1985
trian begin
trian end
n_person 615
SAMPLE
F1_MI: 0.9507272187592758 F1_MA: 0.9507760525241996 ACC_MI: 0.9507272187592758 F1_MA: 0.9502738459957386
BEST_F1_MI: 0.9513208667260314 BEST_F1_MA: 0.951259035926331 BEST_ACC_MI: 0.9513208667260314 BEST_F1_MA: 0.9508792445854315
[[798  85  10   0]
 [ 68 735   1   0]
 [  1   1 744   0]
 [  0   0   0 926]]
Epoch: [181/200], cls_loss: 0.0048, transfer_loss: 0.0000,person_loss: -1.9971, total_Loss: -0.1947
trian begin
trian end
n_person 615
SAMPLE
F1_MI: 0.9433066191748293 F1_MA: 0.9432664511544427 ACC_MI: 0.9433066191748293 F1_MA: 0.9434374915649715
BEST_F1_MI: 0.9513208667260314 BEST_F1_MA: 0.951259035926331 BEST_ACC_MI: 0.9513208667260314 BEST_F1_MA: 0.9508792445854315
[[812  67  14   0]
 [108 695   1   0]
 [  0   1 745   0]
 [  0   0   0 926]]
Epoch: [182/200], cls_loss: 0.0089, transfer_loss: 0.0000,person_loss: -1.9965, total_Loss: -0.1905
trian begin
trian end
n_person 615
SAMPLE
F1_MI: 0.9388542594241615 F1_MA: 0.9395665846555841 ACC_MI: 0.9388542594241615 F1_MA: 0.9416238345684915
BEST_F1_MI: 0.9513208667260314 BEST_F1_MA: 0.951259035926331 BEST_ACC_MI: 0.9513208667260314 BEST_F1_MA: 0.9508792445854315
[[836  46  11   0]
 [138 663   3   0]
 [  5   3 738   0]
 [  0   0   0 926]]
Epoch: [183/200], cls_loss: 0.0079, transfer_loss: 0.0000,person_loss: -1.9967, total_Loss: -0.1915
trian begin
trian end
n_person 615
SAMPLE
F1_MI: 0.7233600474918374 F1_MA: 0.7720393094831483 ACC_MI: 0.7233600474918374 F1_MA: 0.8025156529539599
BEST_F1_MI: 0.9513208667260314 BEST_F1_MA: 0.951259035926331 BEST_ACC_MI: 0.9513208667260314 BEST_F1_MA: 0.9508792445854315
[[791  90  12   0]
 [ 73 728   3   0]
 [  1   6 739   0]
 [ 29 537 181 179]]
Epoch: [184/200], cls_loss: 0.0097, transfer_loss: 0.0000,person_loss: -1.9965, total_Loss: -0.1897
trian begin
trian end
n_person 615
SAMPLE
F1_MI: 0.7025823686553874 F1_MA: 0.7559006816915544 ACC_MI: 0.7025823686553874 F1_MA: 0.7900064755388654
BEST_F1_MI: 0.9513208667260314 BEST_F1_MA: 0.951259035926331 BEST_ACC_MI: 0.9513208667260314 BEST_F1_MA: 0.9508792445854315
[[798  81  14   0]
 [ 92 710   2   0]
 [  0   1 745   0]
 [ 14 577 221 114]]
Epoch: [185/200], cls_loss: 0.0069, transfer_loss: 0.0000,person_loss: -1.9968, total_Loss: -0.1926
trian begin
trian end
n_person 615
SAMPLE
F1_MI: 0.9444939151083408 F1_MA: 0.9445966740080777 ACC_MI: 0.9444939151083408 F1_MA: 0.9440112741665004
BEST_F1_MI: 0.9513208667260314 BEST_F1_MA: 0.951259035926331 BEST_ACC_MI: 0.9513208667260314 BEST_F1_MA: 0.9508792445854315
[[784  97  12   0]
 [ 76 728   0   0]
 [  0   2 744   0]
 [  0   0   0 926]]
Epoch: [186/200], cls_loss: 0.0053, transfer_loss: 0.0000,person_loss: -1.9965, total_Loss: -0.1941
trian begin
trian end
n_person 615
SAMPLE
F1_MI: 0.943900267141585 F1_MA: 0.9439494036163513 ACC_MI: 0.943900267141585 F1_MA: 0.9433014738647068
BEST_F1_MI: 0.9513208667260314 BEST_F1_MA: 0.951259035926331 BEST_ACC_MI: 0.9513208667260314 BEST_F1_MA: 0.9508792445854315
[[787  93  13   0]
 [ 81 723   0   0]
 [  0   0 746   0]
 [  0   1   1 924]]
Epoch: [187/200], cls_loss: 0.0071, transfer_loss: 0.0000,person_loss: -1.9970, total_Loss: -0.1924
trian begin
trian end
n_person 615
SAMPLE
F1_MI: 0.8768180468981893 F1_MA: 0.8860553733587117 ACC_MI: 0.8768180468981893 F1_MA: 0.8887014815101417
BEST_F1_MI: 0.9513208667260314 BEST_F1_MA: 0.951259035926331 BEST_ACC_MI: 0.9513208667260314 BEST_F1_MA: 0.9508792445854315
[[804  75  14   0]
 [ 89 715   0   0]
 [  0   0 746   0]
 [ 15 185  37 689]]
Epoch: [188/200], cls_loss: 0.0046, transfer_loss: 0.0000,person_loss: -1.9969, total_Loss: -0.1949
trian begin
trian end
n_person 615
SAMPLE
F1_MI: 0.9492430988423864 F1_MA: 0.9492137253282389 ACC_MI: 0.9492430988423864 F1_MA: 0.9485561635447826
BEST_F1_MI: 0.9513208667260314 BEST_F1_MA: 0.951259035926331 BEST_ACC_MI: 0.9513208667260314 BEST_F1_MA: 0.9508792445854315
[[794  85  14   0]
 [ 69 733   1   1]
 [  0   1 745   0]
 [  0   0   0 926]]
Epoch: [189/200], cls_loss: 0.0023, transfer_loss: 0.0000,person_loss: -1.9971, total_Loss: -0.1972
trian begin
trian end
n_person 615
SAMPLE
F1_MI: 0.9486494508756308 F1_MA: 0.948535014295421 ACC_MI: 0.9486494508756308 F1_MA: 0.9484463523228992
BEST_F1_MI: 0.9513208667260314 BEST_F1_MA: 0.951259035926331 BEST_ACC_MI: 0.9513208667260314 BEST_F1_MA: 0.9508792445854315
[[815  64  14   0]
 [ 93 709   2   0]
 [  0   0 746   0]
 [  0   0   0 926]]
Epoch: [190/200], cls_loss: 0.0123, transfer_loss: 0.0000,person_loss: -1.9962, total_Loss: -0.1871
trian begin
trian end
n_person 615
SAMPLE
F1_MI: 0.9474621549421193 F1_MA: 0.9472441182948905 ACC_MI: 0.9474621549421193 F1_MA: 0.9467060659171229
BEST_F1_MI: 0.9513208667260314 BEST_F1_MA: 0.951259035926331 BEST_ACC_MI: 0.9513208667260314 BEST_F1_MA: 0.9508792445854315
[[802  77  14   0]
 [ 82 718   4   0]
 [  0   0 746   0]
 [  0   0   0 926]]
Epoch: [191/200], cls_loss: 0.0090, transfer_loss: 0.0000,person_loss: -1.9958, total_Loss: -0.1904
trian begin
trian end
n_person 615
SAMPLE
F1_MI: 0.9427129712080735 F1_MA: 0.9426079174235065 ACC_MI: 0.9427129712080736 F1_MA: 0.9418945230595989
BEST_F1_MI: 0.9513208667260314 BEST_F1_MA: 0.951259035926331 BEST_ACC_MI: 0.9513208667260314 BEST_F1_MA: 0.9508792445854315
[[792  87  14   0]
 [ 84 717   3   0]
 [  0   0 746   0]
 [  0   2   3 921]]
Epoch: [192/200], cls_loss: 0.0030, transfer_loss: 0.0000,person_loss: -1.9970, total_Loss: -0.1965
trian begin
trian end
n_person 615
SAMPLE
F1_MI: 0.9474621549421193 F1_MA: 0.9475635270314372 ACC_MI: 0.9474621549421193 F1_MA: 0.9467777787427852
BEST_F1_MI: 0.9513208667260314 BEST_F1_MA: 0.951259035926331 BEST_ACC_MI: 0.9513208667260314 BEST_F1_MA: 0.9508792445854315
[[785  94  14   0]
 [ 67 736   1   0]
 [  0   0 746   0]
 [  0   0   1 925]]
Epoch: [193/200], cls_loss: 0.0128, transfer_loss: 0.0000,person_loss: -1.9961, total_Loss: -0.1865
trian begin
trian end
n_person 615
SAMPLE
F1_MI: 0.6904125853368952 F1_MA: 0.7562212444830757 ACC_MI: 0.6904125853368952 F1_MA: 0.8039536541585722
BEST_F1_MI: 0.9513208667260314 BEST_F1_MA: 0.951259035926331 BEST_ACC_MI: 0.9513208667260314 BEST_F1_MA: 0.9508792445854315
[[795  84  14   0]
 [ 83 721   0   0]
 [  1   2 743   0]
 [  9  47 803  67]]
Epoch: [194/200], cls_loss: 0.0044, transfer_loss: 0.0000,person_loss: -1.9967, total_Loss: -0.1951
trian begin
trian end
n_person 615
SAMPLE
F1_MI: 0.9474621549421193 F1_MA: 0.947893793470283 ACC_MI: 0.9474621549421193 F1_MA: 0.9471864903377879
BEST_F1_MI: 0.9513208667260314 BEST_F1_MA: 0.951259035926331 BEST_ACC_MI: 0.9513208667260314 BEST_F1_MA: 0.9508792445854315
[[774 105  14   0]
 [ 55 748   1   0]
 [  0   2 744   0]
 [  0   0   0 926]]
Epoch: [195/200], cls_loss: 0.0074, transfer_loss: 0.0000,person_loss: -1.9964, total_Loss: -0.1920
trian begin
trian end
n_person 615
SAMPLE
F1_MI: 0.9489462748590086 F1_MA: 0.949083600874804 ACC_MI: 0.9489462748590086 F1_MA: 0.9482423754010433
BEST_F1_MI: 0.9513208667260314 BEST_F1_MA: 0.951259035926331 BEST_ACC_MI: 0.9513208667260314 BEST_F1_MA: 0.9508792445854315
[[783  93  17   0]
 [ 62 742   0   0]
 [  0   0 746   0]
 [  0   0   0 926]]
Epoch: [196/200], cls_loss: 0.0149, transfer_loss: 0.0000,person_loss: -1.9962, total_Loss: -0.1844
trian begin
trian end
n_person 615
SAMPLE
F1_MI: 0.9486494508756308 F1_MA: 0.9487937550089993 ACC_MI: 0.9486494508756308 F1_MA: 0.9482621879149398
BEST_F1_MI: 0.9513208667260314 BEST_F1_MA: 0.951259035926331 BEST_ACC_MI: 0.9513208667260314 BEST_F1_MA: 0.9508792445854315
[[790  92  11   0]
 [ 67 737   0   0]
 [  0   3 743   0]
 [  0   0   0 926]]
Epoch: [197/200], cls_loss: 0.0140, transfer_loss: 0.0000,person_loss: -1.9959, total_Loss: -0.1853
trian begin
trian end
n_person 615
SAMPLE
F1_MI: 0.9465716829919858 F1_MA: 0.9465769548962906 ACC_MI: 0.9465716829919858 F1_MA: 0.94595391671163
BEST_F1_MI: 0.9513208667260314 BEST_F1_MA: 0.951259035926331 BEST_ACC_MI: 0.9513208667260314 BEST_F1_MA: 0.9508792445854315
[[792  87  14   0]
 [ 78 726   0   0]
 [  0   0 746   0]
 [  0   1   0 925]]
Epoch: [198/200], cls_loss: 0.0110, transfer_loss: 0.0000,person_loss: -1.9964, total_Loss: -0.1884
trian begin
trian end
n_person 615
SAMPLE
F1_MI: 0.9474621549421193 F1_MA: 0.9474845697815809 ACC_MI: 0.9474621549421193 F1_MA: 0.9468154226377912
BEST_F1_MI: 0.9513208667260314 BEST_F1_MA: 0.951259035926331 BEST_ACC_MI: 0.9513208667260314 BEST_F1_MA: 0.9508792445854315
[[790  89  14   0]
 [ 74 730   0   0]
 [  0   0 746   0]
 [  0   0   0 926]]
Epoch: [199/200], cls_loss: 0.0019, transfer_loss: 0.0000,person_loss: -1.9973, total_Loss: -0.1975
trian begin
trian end
n_person 615
SAMPLE
F1_MI: 0.9489462748590086 F1_MA: 0.9490314499180512 ACC_MI: 0.9489462748590086 F1_MA: 0.948753460454395
BEST_F1_MI: 0.9513208667260314 BEST_F1_MA: 0.951259035926331 BEST_ACC_MI: 0.9513208667260314 BEST_F1_MA: 0.9508792445854315
[[799  86   8   0]
 [ 73 731   0   0]
 [  3   2 741   0]
 [  0   0   0 926]]
Epoch: [200/200], cls_loss: 0.0083, transfer_loss: 0.0000,person_loss: -1.9965, total_Loss: -0.1911
[[808  74  11   0]
 [ 78 725   1   0]
 [  0   0 746   0]
 [  0   0   0 926]]
[[808  74  11   0]
 [ 78 725   1   0]
 [  0   0 746   0]
 [  0   0   0 926]]
WHAT: True
SVAE_RESULT
JSON: {'best_f1': 0.951259035926331, 'best_matrix': [[808, 74, 11, 0], [78, 725, 1, 0], [0, 0, 746, 0], [0, 0, 0, 926]], 'args': 0.1}
ARG: Namespace(backbone='resnet50', batch_size=32, config='DeepCoral/DeepCoral.yaml', data_dir='data', device=device(type='cuda'), early_stop=50, epoch_based_training=False, lr=0.003, lr_decay=0.75, lr_gamma=0.0003, lr_scheduler=True, max_iter=21000, method='True', momentum=0.9, myweight=0.1, n_class=4, n_epoch=200, n_iter_per_epoch=105, num_workers=3, seed=2, src_domain='PAMAP2', tgt_domain='UCI', tname='transfer', transfer_loss='coral', transfer_loss_weight=10.0, use_bottleneck=True, weight_decay=0.0005)
