dwl 2 PAMAP2 WISDM DWL/DWL.yaml True
Namespace(backbone='resnet50', batch_size=32, config='DWL/DWL.yaml', data_dir='data', device=device(type='cuda'), early_stop=50, epoch_based_training=False, lr=0.003, lr_decay=0.75, lr_gamma=0.0003, lr_scheduler=True, method='True', momentum=0.9, myweight=0.1, n_epoch=200, n_iter_per_epoch=100, num_workers=3, seed=2, src_domain='PAMAP2', tgt_domain='WISDM', tname='transfer', transfer_loss='dwl', transfer_loss_weight=0.5, use_bottleneck=True, weight_decay=0.0005)
JUST DO IT
run my Parkinson code
transfer
TRAIN Length: 4725 360 TEST Length: 13609 322
YYY: 0 3
DATA_PROFILE   train: 4725 train2: 13609 test: 13609
DATASET.SHAPE: <data_loader.GetTrainLoader object at 0x7f5af0cc6780> True
DATASET.SHAPE: <data_loader.GetTrainLoader object at 0x7f5af0812080> True
DATASET.SHAPE: <data_loader.GetTestLoader object at 0x7f5ae89029b0> False
CLASS: 4 322
transfer_world
method True <class 'str'>
1.10.1+cu102
True
LEN: 0 0
LOADER: <data_loader.InfiniteDataLoader object at 0x7f5b22704b70> <data_loader.InfiniteDataLoader object at 0x7f5ae89028d0>
N_batch: 147
trian begin
trian end
ACC: 24.226614740245427
SAMPLE
F1_MI: 0.24189874347858034 F1_MA: 0.4669719403495548 ACC_MI: 0.24189874347858034 F1_MA: 0.4340298997884313
BEST_F1_MI: 0.24189874347858034 BEST_F1_MA: 0.4669719403495548 BEST_ACC_MI: 0.24189874347858034 BEST_F1_MA: 0.4340298997884313
[[  16 5067 3012  163]
 [   3 1208  891  239]
 [   5  868  962   66]
 [   0    3    0 1106]]
Epoch: [ 1/200], cls_loss: 0.0000, transfer_loss: 0.0000,person_loss: 0.0000, total_Loss: 0.0000
trian begin
trian end
ACC: 39.03299287236388
SAMPLE
F1_MI: 0.38996252479976484 F1_MA: 0.4946121118519041 ACC_MI: 0.38996252479976484 F1_MA: 0.4616142791620512
BEST_F1_MI: 0.38996252479976484 BEST_F1_MA: 0.4946121118519041 BEST_ACC_MI: 0.38996252479976484 BEST_F1_MA: 0.4616142791620512
[[2414 3074 1849  921]
 [  73  491 1763   14]
 [  77  359 1430   35]
 [   0  134    3  972]]
Epoch: [ 2/200], cls_loss: 0.0000, transfer_loss: 0.0000,person_loss: 0.0000, total_Loss: 0.0000
trian begin
trian end
ACC: 61.52546109192446
SAMPLE
F1_MI: 0.6130501873760011 F1_MA: 0.5672524304089132 ACC_MI: 0.6130501873760011 F1_MA: 0.5352294644525347
BEST_F1_MI: 0.6130501873760011 BEST_F1_MA: 0.5672524304089132 BEST_ACC_MI: 0.6130501873760011 BEST_F1_MA: 0.5352294644525347
[[5687 1801  690   80]
 [ 304  893  831  313]
 [ 462  689  656   94]
 [   0    2    0 1107]]
Epoch: [ 3/200], cls_loss: 0.0000, transfer_loss: 0.0000,person_loss: 0.0000, total_Loss: 0.0000
trian begin
trian end
ACC: 52.58284958483357
SAMPLE
F1_MI: 0.5181864942317584 F1_MA: 0.4714535708970121 ACC_MI: 0.5181864942317584 F1_MA: 0.4151511397272325
BEST_F1_MI: 0.6130501873760011 BEST_F1_MA: 0.5672524304089132 BEST_ACC_MI: 0.6130501873760011 BEST_F1_MA: 0.5352294644525347
[[4747 1136 1893  482]
 [ 238  214  890  999]
 [ 422  189  985  305]
 [   0    1    2 1106]]
Epoch: [ 4/200], cls_loss: 0.0000, transfer_loss: 0.0000,person_loss: 0.0000, total_Loss: 0.0000
trian begin
trian end
ACC: 55.17672128738335
SAMPLE
F1_MI: 0.5517672128738335 F1_MA: 0.47173869855352696 ACC_MI: 0.5517672128738335 F1_MA: 0.4136899538703805
BEST_F1_MI: 0.6130501873760011 BEST_F1_MA: 0.5672524304089132 BEST_ACC_MI: 0.6130501873760011 BEST_F1_MA: 0.5352294644525347
[[5330 1258 1073  597]
 [ 694  135  979  533]
 [ 659  103  935  204]
 [   0    0    0 1109]]
Epoch: [ 5/200], cls_loss: 0.0000, transfer_loss: 0.0000,person_loss: 0.0000, total_Loss: 0.0000
trian begin
trian end
ACC: 52.435888015284
SAMPLE
F1_MI: 0.5148798589168933 F1_MA: 0.48718239933591817 ACC_MI: 0.5148798589168933 F1_MA: 0.4435652335766136
BEST_F1_MI: 0.6130501873760011 BEST_F1_MA: 0.5672524304089132 BEST_ACC_MI: 0.6130501873760011 BEST_F1_MA: 0.5352294644525347
[[4602 2275  502  879]
 [ 360  779  432  770]
 [ 446  505  519  431]
 [   0    2    0 1107]]
Epoch: [ 6/200], cls_loss: 0.0000, transfer_loss: 0.0000,person_loss: 0.0000, total_Loss: 0.0000
trian begin
trian end
ACC: 52.1346167977074
SAMPLE
F1_MI: 0.5116467043868028 F1_MA: 0.5150135313149748 ACC_MI: 0.5116467043868028 F1_MA: 0.4667592480872421
BEST_F1_MI: 0.6130501873760011 BEST_F1_MA: 0.5672524304089132 BEST_ACC_MI: 0.6130501873760011 BEST_F1_MA: 0.5352294644525347
[[4245  840 2261  912]
 [ 536  613 1027  165]
 [ 373  441 1002   85]
 [   0    4    2 1103]]
Epoch: [ 7/200], cls_loss: 0.0000, transfer_loss: 0.0000,person_loss: 0.0000, total_Loss: 0.0000
trian begin
trian end
ACC: 50.326989492247776
SAMPLE
F1_MI: 0.5032698949224778 F1_MA: 0.45482035583389374 ACC_MI: 0.5032698949224778 F1_MA: 0.41314874204621976
BEST_F1_MI: 0.6130501873760011 BEST_F1_MA: 0.5672524304089132 BEST_ACC_MI: 0.6130501873760011 BEST_F1_MA: 0.5352294644525347
[[4767 2395  178  918]
 [ 656  642  675  368]
 [ 741  583  337  240]
 [   0    3    3 1103]]
Epoch: [ 8/200], cls_loss: 0.0000, transfer_loss: 0.0000,person_loss: 0.0000, total_Loss: 0.0000
trian begin
trian end
ACC: 51.201410831067676
SAMPLE
F1_MI: 0.5120141083106767 F1_MA: 0.4854929424474559 ACC_MI: 0.5120141083106767 F1_MA: 0.44117942185243153
BEST_F1_MI: 0.6130501873760011 BEST_F1_MA: 0.5672524304089132 BEST_ACC_MI: 0.6130501873760011 BEST_F1_MA: 0.5352294644525347
[[4554 1003 2002  699]
 [ 750  789  525  277]
 [ 830  346  519  206]
 [   0    3    0 1106]]
Epoch: [ 9/200], cls_loss: 0.0000, transfer_loss: 0.0000,person_loss: 0.0000, total_Loss: 0.0000
trian begin
trian end
ACC: 48.769196855022415
SAMPLE
F1_MI: 0.4837240061723859 F1_MA: 0.4837711675190424 ACC_MI: 0.4837240061723859 F1_MA: 0.44434985055165765
BEST_F1_MI: 0.6130501873760011 BEST_F1_MA: 0.5672524304089132 BEST_ACC_MI: 0.6130501873760011 BEST_F1_MA: 0.5352294644525347
[[4176 2137 1859   86]
 [ 358  650  833  500]
 [ 616  374  650  261]
 [   0    2    0 1107]]
Epoch: [10/200], cls_loss: 0.0000, transfer_loss: 0.0000,person_loss: 0.0000, total_Loss: 0.0000
trian begin
trian end
ACC: 52.26688221030201
SAMPLE
F1_MI: 0.5178925710926593 F1_MA: 0.5140864767943144 ACC_MI: 0.5178925710926593 F1_MA: 0.48114227335328197
BEST_F1_MI: 0.6130501873760011 BEST_F1_MA: 0.5672524304089132 BEST_ACC_MI: 0.6130501873760011 BEST_F1_MA: 0.5352294644525347
[[4594 3048  378  238]
 [ 305  547 1232  257]
 [ 613  298  804  186]
 [   0    1    5 1103]]
Epoch: [11/200], cls_loss: 0.0000, transfer_loss: 0.0000,person_loss: 0.0000, total_Loss: 0.0000
trian begin
trian end
ACC: 63.43596149606878
SAMPLE
F1_MI: 0.6298772870894261 F1_MA: 0.5030370027552977 ACC_MI: 0.6298772870894261 F1_MA: 0.4592746785007459
BEST_F1_MI: 0.6298772870894261 BEST_F1_MA: 0.5672524304089132 BEST_ACC_MI: 0.6298772870894261 BEST_F1_MA: 0.5352294644525347
[[6579  951  646   82]
 [ 584  373  702  682]
 [ 727  326  513  335]
 [   0    2    0 1107]]
Epoch: [12/200], cls_loss: 0.0000, transfer_loss: 0.0000,person_loss: 0.0000, total_Loss: 0.0000
trian begin
trian end
ACC: 57.15335439782497
SAMPLE
F1_MI: 0.5715335439782497 F1_MA: 0.5167502562386262 ACC_MI: 0.5715335439782497 F1_MA: 0.45860128532493905
BEST_F1_MI: 0.6298772870894261 BEST_F1_MA: 0.5672524304089132 BEST_ACC_MI: 0.6298772870894261 BEST_F1_MA: 0.5352294644525347
[[5246 1376 1514  122]
 [ 161  161 1307  712]
 [ 316   89 1264  232]
 [   0    2    0 1107]]
Epoch: [13/200], cls_loss: 0.0000, transfer_loss: 0.0000,person_loss: 0.0000, total_Loss: 0.0000
trian begin
trian end
ACC: 50.400470277022556
SAMPLE
F1_MI: 0.5040047027702256 F1_MA: 0.5098436186463301 ACC_MI: 0.5040047027702256 F1_MA: 0.46042106617836803
BEST_F1_MI: 0.6298772870894261 BEST_F1_MA: 0.5672524304089132 BEST_ACC_MI: 0.6298772870894261 BEST_F1_MA: 0.5352294644525347
[[4204 2539 1074  441]
 [ 218  374 1310  439]
 [ 514  141 1174   72]
 [   0    2    0 1107]]
Epoch: [14/200], cls_loss: 0.0000, transfer_loss: 0.0000,person_loss: 0.0000, total_Loss: 0.0000
trian begin
trian end
ACC: 43.294878389301196
SAMPLE
F1_MI: 0.4230288779484165 F1_MA: 0.4482226004286069 ACC_MI: 0.4230288779484165 F1_MA: 0.403502876788769
BEST_F1_MI: 0.6298772870894261 BEST_F1_MA: 0.5672524304089132 BEST_ACC_MI: 0.6298772870894261 BEST_F1_MA: 0.5352294644525347
[[3401 1554 2670  633]
 [ 172  509  921  739]
 [ 480  336  741  344]
 [   0    3    0 1106]]
Epoch: [15/200], cls_loss: 0.0000, transfer_loss: 0.0000,person_loss: 0.0000, total_Loss: 0.0000
trian begin
trian end
ACC: 47.365713865824084
SAMPLE
F1_MI: 0.4721140421779705 F1_MA: 0.45191847059077106 ACC_MI: 0.4721140421779705 F1_MA: 0.40784900104289296
BEST_F1_MI: 0.6298772870894261 BEST_F1_MA: 0.5672524304089132 BEST_ACC_MI: 0.6298772870894261 BEST_F1_MA: 0.5352294644525347
[[4238 1897  544 1579]
 [ 155  527  734  925]
 [ 467  365  555  514]
 [   0    3    1 1105]]
Epoch: [16/200], cls_loss: 0.0000, transfer_loss: 0.0000,person_loss: 0.0000, total_Loss: 0.0000
trian begin
trian end
ACC: 56.98434859284297
SAMPLE
F1_MI: 0.5595561760599603 F1_MA: 0.5303680142686861 ACC_MI: 0.5595561760599603 F1_MA: 0.47680955437638234
BEST_F1_MI: 0.6298772870894261 BEST_F1_MA: 0.5672524304089132 BEST_ACC_MI: 0.6298772870894261 BEST_F1_MA: 0.5352294644525347
[[4809 1163  781 1505]
 [ 326  838  979  198]
 [ 533  316  865  187]
 [   0    6    0 1103]]
Epoch: [17/200], cls_loss: 0.0000, transfer_loss: 0.0000,person_loss: 0.0000, total_Loss: 0.0000
trian begin
trian end
ACC: 56.94760820045558
SAMPLE
F1_MI: 0.5686677933720332 F1_MA: 0.4905449049928035 ACC_MI: 0.5686677933720332 F1_MA: 0.45090806699086117
BEST_F1_MI: 0.6298772870894261 BEST_F1_MA: 0.5672524304089132 BEST_ACC_MI: 0.6298772870894261 BEST_F1_MA: 0.5352294644525347
[[5653 1118 1277  210]
 [ 558  466  891  426]
 [ 887  294  514  206]
 [   0    2    1 1106]]
Epoch: [18/200], cls_loss: 0.0000, transfer_loss: 0.0000,person_loss: 0.0000, total_Loss: 0.0000
trian begin
trian end
ACC: 49.66566242927475
SAMPLE
F1_MI: 0.4892350650304945 F1_MA: 0.4939991318641664 ACC_MI: 0.4892350650304945 F1_MA: 0.44277129658882053
BEST_F1_MI: 0.6298772870894261 BEST_F1_MA: 0.5672524304089132 BEST_ACC_MI: 0.6298772870894261 BEST_F1_MA: 0.5352294644525347
[[4036 1258 1845 1119]
 [ 115  503  824  899]
 [ 143  235 1011  512]
 [   0    1    0 1108]]
Epoch: [19/200], cls_loss: 0.0000, transfer_loss: 0.0000,person_loss: 0.0000, total_Loss: 0.0000
trian begin
trian end
ACC: 52.91351311632008
SAMPLE
F1_MI: 0.5291351311632009 F1_MA: 0.5120950352798617 ACC_MI: 0.5291351311632009 F1_MA: 0.4646045318189752
BEST_F1_MI: 0.6298772870894261 BEST_F1_MA: 0.5672524304089132 BEST_ACC_MI: 0.6298772870894261 BEST_F1_MA: 0.5352294644525347
[[4633 1826 1630  169]
 [ 172  467 1056  646]
 [ 442  272  994  193]
 [   0    2    0 1107]]
Epoch: [20/200], cls_loss: 0.0000, transfer_loss: 0.0000,person_loss: 0.0000, total_Loss: 0.0000
trian begin
trian end
ACC: 59.32103754868102
SAMPLE
F1_MI: 0.5925490484238372 F1_MA: 0.4670326701640638 ACC_MI: 0.5925490484238372 F1_MA: 0.42098089822052176
BEST_F1_MI: 0.6298772870894261 BEST_F1_MA: 0.5672524304089132 BEST_ACC_MI: 0.6298772870894261 BEST_F1_MA: 0.5352294644525347
[[6241 1054  333  630]
 [ 701  330  649  661]
 [ 974  243  387  297]
 [   0    1    2 1106]]
Epoch: [21/200], cls_loss: 0.0000, transfer_loss: 0.0000,person_loss: 0.0000, total_Loss: 0.0000
trian begin
trian end
ACC: 68.12403556469982
SAMPLE
F1_MI: 0.6803585862297009 F1_MA: 0.575999967743103 ACC_MI: 0.6803585862297009 F1_MA: 0.5416716650753345
BEST_F1_MI: 0.6803585862297009 BEST_F1_MA: 0.575999967743103 BEST_ACC_MI: 0.6803585862297009 BEST_F1_MA: 0.5416716650753345
[[6932  318  994   14]
 [ 563  201 1139  438]
 [ 688   80 1018  115]
 [   0    1    0 1108]]
Epoch: [22/200], cls_loss: 0.0000, transfer_loss: 0.0000,person_loss: 0.0000, total_Loss: 0.0000
trian begin
trian end
ACC: 60.90087442133882
SAMPLE
F1_MI: 0.6090087442133882 F1_MA: 0.5338454020020764 ACC_MI: 0.6090087442133882 F1_MA: 0.48694229209451134
BEST_F1_MI: 0.6803585862297009 BEST_F1_MA: 0.575999967743103 BEST_ACC_MI: 0.6803585862297009 BEST_F1_MA: 0.5416716650753345
[[5805 1394  693  366]
 [ 236  627  876  602]
 [ 701  265  749  186]
 [   0    1    1 1107]]
Epoch: [23/200], cls_loss: 0.0000, transfer_loss: 0.0000,person_loss: 0.0000, total_Loss: 0.0000
trian begin
trian end
ACC: 59.813358806672056
SAMPLE
F1_MI: 0.5978396649276214 F1_MA: 0.5092005256026968 ACC_MI: 0.5978396649276214 F1_MA: 0.4644896117730941
BEST_F1_MI: 0.6803585862297009 BEST_F1_MA: 0.575999967743103 BEST_ACC_MI: 0.6803585862297009 BEST_F1_MA: 0.5416716650753345
[[5870 1170  909  309]
 [ 477  657  583  624]
 [ 801  345  502  253]
 [   0    1    1 1107]]
Epoch: [24/200], cls_loss: 0.0000, transfer_loss: 0.0000,person_loss: 0.0000, total_Loss: 0.0000
trian begin
trian end
ACC: 60.041149239473874
SAMPLE
F1_MI: 0.5998236461165405 F1_MA: 0.5552017287438569 ACC_MI: 0.5998236461165405 F1_MA: 0.5234310484451667
BEST_F1_MI: 0.6803585862297009 BEST_F1_MA: 0.575999967743103 BEST_ACC_MI: 0.6803585862297009 BEST_F1_MA: 0.5416716650753345
[[5633  870 1727   28]
 [ 318  653  937  433]
 [ 779  259  770   93]
 [   0    2    0 1107]]
Epoch: [25/200], cls_loss: 0.0000, transfer_loss: 0.0000,person_loss: 0.0000, total_Loss: 0.0000
trian begin
trian end
ACC: 55.57351752516717
SAMPLE
F1_MI: 0.5557351752516717 F1_MA: 0.49423584791970365 ACC_MI: 0.5557351752516717 F1_MA: 0.45322303234394457
BEST_F1_MI: 0.6803585862297009 BEST_F1_MA: 0.575999967743103 BEST_ACC_MI: 0.6803585862297009 BEST_F1_MA: 0.5416716650753345
[[5322 2012  653  271]
 [ 640  663  394  644]
 [ 646  557  471  227]
 [   0    2    0 1107]]
Epoch: [26/200], cls_loss: 0.0000, transfer_loss: 0.0000,person_loss: 0.0000, total_Loss: 0.0000
trian begin
trian end
ACC: 62.82607098243809
SAMPLE
F1_MI: 0.6282607098243809 F1_MA: 0.5395540262776984 ACC_MI: 0.6282607098243809 F1_MA: 0.49996381265672474
BEST_F1_MI: 0.6803585862297009 BEST_F1_MA: 0.575999967743103 BEST_ACC_MI: 0.6803585862297009 BEST_F1_MA: 0.5416716650753345
[[6199 1318  643   98]
 [ 486  605  669  581]
 [ 653  471  638  139]
 [   0    1    0 1108]]
Epoch: [27/200], cls_loss: 0.0000, transfer_loss: 0.0000,person_loss: 0.0000, total_Loss: 0.0000
trian begin
trian end
ACC: 59.159379822176504
SAMPLE
F1_MI: 0.5910794327283415 F1_MA: 0.5319691714954722 ACC_MI: 0.5910794327283415 F1_MA: 0.48308482049325996
BEST_F1_MI: 0.6803585862297009 BEST_F1_MA: 0.575999967743103 BEST_ACC_MI: 0.6803585862297009 BEST_F1_MA: 0.5416716650753345
[[5491  664  970 1133]
 [ 370  566  749  656]
 [ 523  252  881  245]
 [   0    3    0 1106]]
Epoch: [28/200], cls_loss: 0.0000, transfer_loss: 0.0000,person_loss: 0.0000, total_Loss: 0.0000
trian begin
trian end
ACC: 44.999632596076125
SAMPLE
F1_MI: 0.4499963259607613 F1_MA: 0.44203469468689194 ACC_MI: 0.4499963259607613 F1_MA: 0.40176712365417544
BEST_F1_MI: 0.6803585862297009 BEST_F1_MA: 0.575999967743103 BEST_ACC_MI: 0.6803585862297009 BEST_F1_MA: 0.5416716650753345
[[4038 2840  418  962]
 [ 387  375  523 1056]
 [ 640  210  604  447]
 [   0    0    2 1107]]
Epoch: [29/200], cls_loss: 0.0000, transfer_loss: 0.0000,person_loss: 0.0000, total_Loss: 0.0000
trian begin
trian end
ACC: 54.04511720185172
SAMPLE
F1_MI: 0.5396428833859945 F1_MA: 0.4776486720194515 ACC_MI: 0.5396428833859945 F1_MA: 0.4356571947236658
BEST_F1_MI: 0.6803585862297009 BEST_F1_MA: 0.575999967743103 BEST_ACC_MI: 0.6803585862297009 BEST_F1_MA: 0.5416716650753345
[[5197 1503  352 1206]
 [ 599  609  345  788]
 [ 736  339  431  395]
 [   0    2    0 1107]]
Epoch: [30/200], cls_loss: 0.0000, transfer_loss: 0.0000,person_loss: 0.0000, total_Loss: 0.0000
trian begin
trian end
ACC: 54.83870967741935
SAMPLE
F1_MI: 0.5477992504959953 F1_MA: 0.5088704915458026 ACC_MI: 0.5477992504959953 F1_MA: 0.46152432963322215
BEST_F1_MI: 0.6803585862297009 BEST_F1_MA: 0.575999967743103 BEST_ACC_MI: 0.6803585862297009 BEST_F1_MA: 0.5416716650753345
[[4989 1977  312  980]
 [ 405  500  659  777]
 [ 598  230  858  215]
 [   0    1    0 1108]]
Epoch: [31/200], cls_loss: 0.0000, transfer_loss: 0.0000,person_loss: 0.0000, total_Loss: 0.0000
trian begin
trian end
ACC: 54.801969285031966
SAMPLE
F1_MI: 0.5480196928503196 F1_MA: 0.4953938071761355 ACC_MI: 0.5480196928503196 F1_MA: 0.4529244628047867
BEST_F1_MI: 0.6803585862297009 BEST_F1_MA: 0.575999967743103 BEST_ACC_MI: 0.6803585862297009 BEST_F1_MA: 0.5416716650753345
[[5184 1388  345 1341]
 [ 336  546  496  963]
 [ 491  407  619  384]
 [   0    0    0 1109]]
Epoch: [32/200], cls_loss: 0.0000, transfer_loss: 0.0000,person_loss: 0.0000, total_Loss: 0.0000
trian begin
trian end
ACC: 64.41325593357337
SAMPLE
F1_MI: 0.6441325593357337 F1_MA: 0.5738132758497059 ACC_MI: 0.6441325593357337 F1_MA: 0.5421171896779129
BEST_F1_MI: 0.6803585862297009 BEST_F1_MA: 0.575999967743103 BEST_ACC_MI: 0.6803585862297009 BEST_F1_MA: 0.5421171896779129
[[6155 1532  553   18]
 [ 437  984  487  433]
 [ 565  728  519   89]
 [   0    1    0 1108]]
Epoch: [33/200], cls_loss: 0.0000, transfer_loss: 0.0000,person_loss: 0.0000, total_Loss: 0.0000
trian begin
trian end
ACC: 50.00367403923874
SAMPLE
F1_MI: 0.5000367403923874 F1_MA: 0.5127128607473151 ACC_MI: 0.5000367403923874 F1_MA: 0.48556148789090936
BEST_F1_MI: 0.6803585862297009 BEST_F1_MA: 0.575999967743103 BEST_ACC_MI: 0.6803585862297009 BEST_F1_MA: 0.5421171896779129
[[4346  425 3367  120]
 [ 613  637  621  470]
 [ 475  549  716  161]
 [   0    3    0 1106]]
Epoch: [34/200], cls_loss: 0.0000, transfer_loss: 0.0000,person_loss: 0.0000, total_Loss: 0.0000
trian begin
trian end
ACC: 34.39635535307517
SAMPLE
F1_MI: 0.34234697626570654 F1_MA: 0.3873631142221235 ACC_MI: 0.34234697626570654 F1_MA: 0.35153193343629774
BEST_F1_MI: 0.6803585862297009 BEST_F1_MA: 0.575999967743103 BEST_ACC_MI: 0.6803585862297009 BEST_F1_MA: 0.5421171896779129
[[2666 1761 3756   75]
 [ 987  625  170  559]
 [ 772  500  261  368]
 [   0    2    0 1107]]
Epoch: [35/200], cls_loss: 0.0000, transfer_loss: 0.0000,person_loss: 0.0000, total_Loss: 0.0000
trian begin
trian end
ACC: 52.42853993680652
SAMPLE
F1_MI: 0.5200235138511279 F1_MA: 0.44333775517967866 ACC_MI: 0.5200235138511279 F1_MA: 0.3953839936977331
BEST_F1_MI: 0.6803585862297009 BEST_F1_MA: 0.575999967743103 BEST_ACC_MI: 0.6803585862297009 BEST_F1_MA: 0.5421171896779129
[[5103 1429 1317  409]
 [ 511  551  293  986]
 [ 484  570  315  532]
 [   0    1    0 1108]]
Epoch: [36/200], cls_loss: 0.0000, transfer_loss: 0.0000,person_loss: 0.0000, total_Loss: 0.0000
trian begin
trian end
ACC: 59.916231905356746
SAMPLE
F1_MI: 0.5991623190535675 F1_MA: 0.5154388674916359 ACC_MI: 0.5991623190535675 F1_MA: 0.47029208210915396
BEST_F1_MI: 0.6803585862297009 BEST_F1_MA: 0.575999967743103 BEST_ACC_MI: 0.6803585862297009 BEST_F1_MA: 0.5421171896779129
[[5763  667  445 1383]
 [ 631  907  444  359]
 [ 620  703  380  198]
 [   0    4    1 1104]]
Epoch: [37/200], cls_loss: 0.0000, transfer_loss: 0.0000,person_loss: 0.0000, total_Loss: 0.0000
trian begin
trian end
ACC: 56.337717686824895
SAMPLE
F1_MI: 0.563377176868249 F1_MA: 0.49281467555618935 ACC_MI: 0.563377176868249 F1_MA: 0.4613761804505966
BEST_F1_MI: 0.6803585862297009 BEST_F1_MA: 0.575999967743103 BEST_ACC_MI: 0.6803585862297009 BEST_F1_MA: 0.5421171896779129
[[5639  115  742 1762]
 [ 790  507  544  500]
 [ 817  344  414  326]
 [   0    1    1 1107]]
Epoch: [38/200], cls_loss: 0.0000, transfer_loss: 0.0000,person_loss: 0.0000, total_Loss: 0.0000
trian begin
trian end
ACC: 41.38437798515688
SAMPLE
F1_MI: 0.41384377985156884 F1_MA: 0.41537170027640236 ACC_MI: 0.41384377985156884 F1_MA: 0.3643174513269105
BEST_F1_MI: 0.6803585862297009 BEST_F1_MA: 0.575999967743103 BEST_ACC_MI: 0.6803585862297009 BEST_F1_MA: 0.5421171896779129
[[3454 1967 1896  941]
 [ 601  485  561  694]
 [ 671  283  585  362]
 [   0    0    1 1108]]
Epoch: [39/200], cls_loss: 0.0000, transfer_loss: 0.0000,person_loss: 0.0000, total_Loss: 0.0000
trian begin
trian end
ACC: 39.19465059886839
SAMPLE
F1_MI: 0.3919465059886839 F1_MA: 0.37005682925992905 ACC_MI: 0.39194650598868397 F1_MA: 0.3140012926348149
BEST_F1_MI: 0.6803585862297009 BEST_F1_MA: 0.575999967743103 BEST_ACC_MI: 0.6803585862297009 BEST_F1_MA: 0.5421171896779129
[[3467 1546 1230 2015]
 [1058  161  571  551]
 [ 890   70  599  342]
 [   0    1    1 1107]]
Epoch: [40/200], cls_loss: 0.0000, transfer_loss: 0.0000,person_loss: 0.0000, total_Loss: 0.0000
trian begin
trian end
ACC: 42.64824748328312
SAMPLE
F1_MI: 0.4264824748328312 F1_MA: 0.42088513741712735 ACC_MI: 0.4264824748328312 F1_MA: 0.3883183845388055
BEST_F1_MI: 0.6803585862297009 BEST_F1_MA: 0.575999967743103 BEST_ACC_MI: 0.6803585862297009 BEST_F1_MA: 0.5421171896779129
[[3910  870 3180  298]
 [1020  478  345  498]
 [1161  259  311  170]
 [   0    4    0 1105]]
Epoch: [41/200], cls_loss: 0.0000, transfer_loss: 0.0000,person_loss: 0.0000, total_Loss: 0.0000
trian begin
trian end
ACC: 55.5294290543023
SAMPLE
F1_MI: 0.555294290543023 F1_MA: 0.4612171806757885 ACC_MI: 0.555294290543023 F1_MA: 0.41239055808429015
BEST_F1_MI: 0.6803585862297009 BEST_F1_MA: 0.575999967743103 BEST_ACC_MI: 0.6803585862297009 BEST_F1_MA: 0.5421171896779129
[[5583 1376  846  453]
 [ 450  389  728  774]
 [ 837  192  476  396]
 [   0    0    0 1109]]
Epoch: [42/200], cls_loss: 0.0000, transfer_loss: 0.0000,person_loss: 0.0000, total_Loss: 0.0000
trian begin
trian end
ACC: 65.01579836872658
SAMPLE
F1_MI: 0.6399441546035711 F1_MA: 0.6113023921089508 ACC_MI: 0.6399441546035711 F1_MA: 0.603116204134522
BEST_F1_MI: 0.6803585862297009 BEST_F1_MA: 0.6113023921089508 BEST_ACC_MI: 0.6803585862297009 BEST_F1_MA: 0.603116204134522
[[6033 1606  618    1]
 [ 344  746 1227   24]
 [ 650  422  827    2]
 [   0    4    2 1103]]
Epoch: [43/200], cls_loss: 0.0000, transfer_loss: 0.0000,person_loss: 0.0000, total_Loss: 0.0000
trian begin
trian end
ACC: 59.59291645234771
SAMPLE
F1_MI: 0.5959291645234771 F1_MA: 0.47617071196168786 ACC_MI: 0.5959291645234771 F1_MA: 0.43572190338450567
BEST_F1_MI: 0.6803585862297009 BEST_F1_MA: 0.6113023921089508 BEST_ACC_MI: 0.6803585862297009 BEST_F1_MA: 0.603116204134522
[[6336 1167  550  205]
 [1133  173  676  359]
 [1115  116  493  177]
 [   1    0    0 1108]]
Epoch: [44/200], cls_loss: 0.0000, transfer_loss: 0.0000,person_loss: 0.0000, total_Loss: 0.0000
trian begin
trian end
ACC: 55.72047909471673
SAMPLE
F1_MI: 0.5572047909471673 F1_MA: 0.5298712367741151 ACC_MI: 0.5572047909471673 F1_MA: 0.5118380967202729
BEST_F1_MI: 0.6803585862297009 BEST_F1_MA: 0.6113023921089508 BEST_ACC_MI: 0.6803585862297009 BEST_F1_MA: 0.603116204134522
[[5371  555 2304   28]
 [ 722  326 1028  265]
 [ 955  139  781   26]
 [   0    0    4 1105]]
Epoch: [45/200], cls_loss: 0.0000, transfer_loss: 0.0000,person_loss: 0.0000, total_Loss: 0.0000
trian begin
trian end
ACC: 42.33962818722904
SAMPLE
F1_MI: 0.4233962818722904 F1_MA: 0.29916517369327505 ACC_MI: 0.4233962818722904 F1_MA: 0.32667300987030784
BEST_F1_MI: 0.6803585862297009 BEST_F1_MA: 0.6113023921089508 BEST_ACC_MI: 0.6803585862297009 BEST_F1_MA: 0.603116204134522
[[4893  117 1833 1415]
 [ 641   80  959  661]
 [ 651   58  624  568]
 [   0    0  944  165]]
Epoch: [46/200], cls_loss: 0.0000, transfer_loss: 0.0000,person_loss: 0.0000, total_Loss: 0.0000
trian begin
trian end
ACC: 55.51473289734734
SAMPLE
F1_MI: 0.5551473289734734 F1_MA: 0.5444489021993656 ACC_MI: 0.5551473289734734 F1_MA: 0.5128975884699157
BEST_F1_MI: 0.6803585862297009 BEST_F1_MA: 0.6113023921089508 BEST_ACC_MI: 0.6803585862297009 BEST_F1_MA: 0.603116204134522
[[4837 2580  720  121]
 [ 395 1121  551  274]
 [ 721  613  490   77]
 [   0    2    0 1107]]
Epoch: [47/200], cls_loss: 0.0000, transfer_loss: 0.0000,person_loss: 0.0000, total_Loss: 0.0000
trian begin
trian end
ACC: 58.09390844294217
SAMPLE
F1_MI: 0.5757219487104123 F1_MA: 0.5230019248413241 ACC_MI: 0.5757219487104123 F1_MA: 0.49038153797317985
BEST_F1_MI: 0.6803585862297009 BEST_F1_MA: 0.6113023921089508 BEST_ACC_MI: 0.6803585862297009 BEST_F1_MA: 0.603116204134522
[[5554  609 1979  116]
 [ 444  474  974  449]
 [ 752  252  701  196]
 [   0    2    1 1106]]
Epoch: [48/200], cls_loss: 0.0000, transfer_loss: 0.0000,person_loss: 0.0000, total_Loss: 0.0000
trian begin
trian end
ACC: 59.725181864942314
SAMPLE
F1_MI: 0.5750606216474392 F1_MA: 0.5420315959639261 ACC_MI: 0.5750606216474392 F1_MA: 0.4982781491866575
BEST_F1_MI: 0.6803585862297009 BEST_F1_MA: 0.6113023921089508 BEST_ACC_MI: 0.6803585862297009 BEST_F1_MA: 0.603116204134522
[[5177  466 1982  633]
 [ 198  582  886  675]
 [ 212  331  965  393]
 [   0    0    7 1102]]
Epoch: [49/200], cls_loss: 0.0000, transfer_loss: 0.0000,person_loss: 0.0000, total_Loss: 0.0000
trian begin
trian end
ACC: 61.52546109192446
SAMPLE
F1_MI: 0.6152546109192446 F1_MA: 0.5413715989784045 ACC_MI: 0.6152546109192446 F1_MA: 0.5017321393267322
BEST_F1_MI: 0.6803585862297009 BEST_F1_MA: 0.6113023921089508 BEST_ACC_MI: 0.6803585862297009 BEST_F1_MA: 0.603116204134522
[[5922  890 1353   93]
 [ 515  715  576  535]
 [ 605  489  630  177]
 [   0    2    1 1106]]
Epoch: [50/200], cls_loss: 0.0000, transfer_loss: 0.0000,person_loss: 0.0000, total_Loss: 0.0000
trian begin
trian end
ACC: 56.18340803879786
SAMPLE
F1_MI: 0.5618340803879786 F1_MA: 0.4958192825373919 ACC_MI: 0.5618340803879786 F1_MA: 0.4777566387006208
BEST_F1_MI: 0.6803585862297009 BEST_F1_MA: 0.6113023921089508 BEST_ACC_MI: 0.6803585862297009 BEST_F1_MA: 0.603116204134522
[[5861   22 1856  519]
 [ 479   38  975  849]
 [ 769   12  639  481]
 [   0    0    1 1108]]
Epoch: [51/200], cls_loss: 0.0000, transfer_loss: 0.0000,person_loss: 0.0000, total_Loss: 0.0000
trian begin
trian end
ACC: 58.042471893599824
SAMPLE
F1_MI: 0.5785876993166287 F1_MA: 0.5074219579058614 ACC_MI: 0.5785876993166287 F1_MA: 0.4701453963944443
BEST_F1_MI: 0.6803585862297009 BEST_F1_MA: 0.6113023921089508 BEST_ACC_MI: 0.6803585862297009 BEST_F1_MA: 0.603116204134522
[[5765  516 1925   52]
 [ 425  180 1286  450]
 [ 824  105  825  147]
 [   0    0    5 1104]]
Epoch: [52/200], cls_loss: 0.0000, transfer_loss: 0.0000,person_loss: 0.0000, total_Loss: 0.0000
trian begin
trian end
ACC: 51.21610698802263
SAMPLE
F1_MI: 0.5121610698802264 F1_MA: 0.460641813260966 ACC_MI: 0.5121610698802264 F1_MA: 0.42287149952547487
BEST_F1_MI: 0.6803585862297009 BEST_F1_MA: 0.6113023921089508 BEST_ACC_MI: 0.6803585862297009 BEST_F1_MA: 0.603116204134522
[[5024 1237 1954   43]
 [ 852  253  780  456]
 [ 934  232  585  150]
 [   0    0    1 1108]]
Epoch: [53/200], cls_loss: 0.0000, transfer_loss: 0.0000,person_loss: 0.0000, total_Loss: 0.0000
trian begin
trian end
ACC: 60.59225512528474
SAMPLE
F1_MI: 0.6059225512528473 F1_MA: 0.5244249196691839 ACC_MI: 0.6059225512528473 F1_MA: 0.4928592160642477
BEST_F1_MI: 0.6803585862297009 BEST_F1_MA: 0.6113023921089508 BEST_ACC_MI: 0.6803585862297009 BEST_F1_MA: 0.603116204134522
[[6105  337 1616  200]
 [ 650  410  712  569]
 [ 838  198  623  242]
 [   0    1    0 1108]]
Epoch: [54/200], cls_loss: 0.0000, transfer_loss: 0.0000,person_loss: 0.0000, total_Loss: 0.0000
trian begin
trian end
ACC: 58.78462781982512
SAMPLE
F1_MI: 0.5878462781982512 F1_MA: 0.45116056825099926 ACC_MI: 0.5878462781982512 F1_MA: 0.4072355628049715
BEST_F1_MI: 0.6803585862297009 BEST_F1_MA: 0.6113023921089508 BEST_ACC_MI: 0.6803585862297009 BEST_F1_MA: 0.603116204134522
[[6369  499 1082  308]
 [ 886  229  377  849]
 [1112   64  294  431]
 [   0    0    1 1108]]
Epoch: [55/200], cls_loss: 0.0000, transfer_loss: 0.0000,person_loss: 0.0000, total_Loss: 0.0000
trian begin
trian end
ACC: 49.87140862664413
SAMPLE
F1_MI: 0.49584833566022485 F1_MA: 0.537172580493111 ACC_MI: 0.49584833566022485 F1_MA: 0.4921987602335928
BEST_F1_MI: 0.6803585862297009 BEST_F1_MA: 0.6113023921089508 BEST_ACC_MI: 0.6803585862297009 BEST_F1_MA: 0.603116204134522
[[3741 1282 3017  218]
 [ 337  869  693  442]
 [ 254  318 1031  298]
 [   0    2    0 1107]]
Epoch: [56/200], cls_loss: 0.0000, transfer_loss: 0.0000,person_loss: 0.0000, total_Loss: 0.0000
trian begin
trian end
ACC: 57.5134102432214
SAMPLE
F1_MI: 0.575134102432214 F1_MA: 0.4840454852601599 ACC_MI: 0.575134102432214 F1_MA: 0.4376357679547805
BEST_F1_MI: 0.6803585862297009 BEST_F1_MA: 0.6113023921089508 BEST_ACC_MI: 0.6803585862297009 BEST_F1_MA: 0.603116204134522
[[5753  834 1215  456]
 [ 643  381  700  617]
 [ 855  180  586  280]
 [   0    1    1 1107]]
Epoch: [57/200], cls_loss: 0.0000, transfer_loss: 0.0000,person_loss: 0.0000, total_Loss: 0.0000
trian begin
trian end
ACC: 66.34580057315011
SAMPLE
F1_MI: 0.6634580057315013 F1_MA: 0.5278994204124768 ACC_MI: 0.6634580057315013 F1_MA: 0.51181173140822
BEST_F1_MI: 0.6803585862297009 BEST_F1_MA: 0.6113023921089508 BEST_ACC_MI: 0.6803585862297009 BEST_F1_MA: 0.603116204134522
[[7316  407  507   28]
 [1358  219  525  239]
 [1287   91  390  133]
 [   0    0    5 1104]]
Epoch: [58/200], cls_loss: 0.0000, transfer_loss: 0.0000,person_loss: 0.0000, total_Loss: 0.0000
trian begin
trian end
ACC: 57.432581379969136
SAMPLE
F1_MI: 0.5743258137996914 F1_MA: 0.4412810401174451 ACC_MI: 0.5743258137996914 F1_MA: 0.3918812724671435
BEST_F1_MI: 0.6803585862297009 BEST_F1_MA: 0.6113023921089508 BEST_ACC_MI: 0.6803585862297009 BEST_F1_MA: 0.603116204134522
[[6162  413 1134  549]
 [ 726  133  548  934]
 [ 906   42  412  541]
 [   0    0    0 1109]]
Epoch: [59/200], cls_loss: 0.0000, transfer_loss: 0.0000,person_loss: 0.0000, total_Loss: 0.0000
trian begin
trian end
ACC: 52.85472848850026
SAMPLE
F1_MI: 0.5285472848850026 F1_MA: 0.4911720625124448 ACC_MI: 0.5285472848850026 F1_MA: 0.4531021595372018
BEST_F1_MI: 0.6803585862297009 BEST_F1_MA: 0.6113023921089508 BEST_ACC_MI: 0.6803585862297009 BEST_F1_MA: 0.603116204134522
[[5030  296 2776  156]
 [ 556  181  923  681]
 [ 560   73  875  393]
 [   0    0    2 1107]]
Epoch: [60/200], cls_loss: 0.0000, transfer_loss: 0.0000,person_loss: 0.0000, total_Loss: 0.0000
trian begin
trian end
ACC: 40.97288559041811
SAMPLE
F1_MI: 0.40972885590418107 F1_MA: 0.42918706027283854 ACC_MI: 0.40972885590418107 F1_MA: 0.39378128088656306
BEST_F1_MI: 0.6803585862297009 BEST_F1_MA: 0.6113023921089508 BEST_ACC_MI: 0.6803585862297009 BEST_F1_MA: 0.603116204134522
[[3492  405 2067 2294]
 [ 883  492  423  543]
 [ 519  168  485  729]
 [   2    0    0 1107]]
Epoch: [61/200], cls_loss: 0.0000, transfer_loss: 0.0000,person_loss: 0.0000, total_Loss: 0.0000
trian begin
trian end
ACC: 21.184510250569478
SAMPLE
F1_MI: 0.21184510250569477 F1_MA: 0.2772241694804011 ACC_MI: 0.21184510250569477 F1_MA: 0.2258411627407398
BEST_F1_MI: 0.6803585862297009 BEST_F1_MA: 0.6113023921089508 BEST_ACC_MI: 0.6803585862297009 BEST_F1_MA: 0.603116204134522
[[1141  743 2128 4246]
 [1049  334  429  529]
 [ 648  418  306  529]
 [   6    1    0 1102]]
Epoch: [62/200], cls_loss: 0.0000, transfer_loss: 0.0000,person_loss: 0.0000, total_Loss: 0.0000
trian begin
trian end
ACC: 43.04504372106694
SAMPLE
F1_MI: 0.4304504372106694 F1_MA: 0.4707035130420562 ACC_MI: 0.4304504372106694 F1_MA: 0.46467673661781034
BEST_F1_MI: 0.6803585862297009 BEST_F1_MA: 0.6113023921089508 BEST_ACC_MI: 0.6803585862297009 BEST_F1_MA: 0.603116204134522
[[3782   33 2153 2290]
 [ 722  594  432  593]
 [ 848  133  374  546]
 [   1    0    0 1108]]
Epoch: [63/200], cls_loss: 0.0000, transfer_loss: 0.0000,person_loss: 0.0000, total_Loss: 0.0000
trian begin
trian end
ACC: 22.39694319935337
SAMPLE
F1_MI: 0.2239694319935337 F1_MA: 0.39676541363181195 ACC_MI: 0.2239694319935337 F1_MA: 0.37989051837161847
BEST_F1_MI: 0.6803585862297009 BEST_F1_MA: 0.6113023921089508 BEST_ACC_MI: 0.6803585862297009 BEST_F1_MA: 0.603116204134522
[[ 800   70 6140 1248]
 [ 542  280 1019  500]
 [ 568   78  879  376]
 [   0    1   19 1089]]
Epoch: [64/200], cls_loss: 0.0000, transfer_loss: 0.0000,person_loss: 0.0000, total_Loss: 0.0000
trian begin
trian end
ACC: 47.18201190388714
SAMPLE
F1_MI: 0.4715261958997722 F1_MA: 0.4789195130938754 ACC_MI: 0.4715261958997722 F1_MA: 0.44031384972047716
BEST_F1_MI: 0.6803585862297009 BEST_F1_MA: 0.6113023921089508 BEST_ACC_MI: 0.6803585862297009 BEST_F1_MA: 0.603116204134522
[[4172    0 4070   16]
 [1082    0 1177   82]
 [ 709    0 1144   48]
 [   1    0    7 1101]]
Epoch: [65/200], cls_loss: 0.0000, transfer_loss: 0.0000,person_loss: 0.0000, total_Loss: 0.0000
trian begin
trian end
ACC: 46.674994488941145
SAMPLE
F1_MI: 0.4616062899551767 F1_MA: 0.4586750445246073 ACC_MI: 0.4616062899551767 F1_MA: 0.40927657451729216
BEST_F1_MI: 0.6803585862297009 BEST_F1_MA: 0.6113023921089508 BEST_ACC_MI: 0.6803585862297009 BEST_F1_MA: 0.603116204134522
[[3738 2275  445 1800]
 [ 411 1216  198  516]
 [ 510 1010  221  160]
 [   0    2    0 1107]]
Epoch: [66/200], cls_loss: 0.0000, transfer_loss: 0.0000,person_loss: 0.0000, total_Loss: 0.0000
trian begin
trian end
ACC: 61.79733999559115
SAMPLE
F1_MI: 0.5633036960834742 F1_MA: 0.5054181868658314 ACC_MI: 0.5633036960834742 F1_MA: 0.4856659913972923
BEST_F1_MI: 0.6803585862297009 BEST_F1_MA: 0.6113023921089508 BEST_ACC_MI: 0.6803585862297009 BEST_F1_MA: 0.603116204134522
[[5702  102 1242 1212]
 [ 249  321  830  941]
 [ 437  139  537  788]
 [   0    0    3 1106]]
Epoch: [67/200], cls_loss: 0.0000, transfer_loss: 0.0000,person_loss: 0.0000, total_Loss: 0.0000
trian begin
trian end
ACC: 51.23815122345507
SAMPLE
F1_MI: 0.4998897788228378 F1_MA: 0.29539202204735243 ACC_MI: 0.4998897788228378 F1_MA: 0.38616642533002477
BEST_F1_MI: 0.6803585862297009 BEST_F1_MA: 0.6113023921089508 BEST_ACC_MI: 0.6803585862297009 BEST_F1_MA: 0.603116204134522
[[6517    1  850  890]
 [1335   25  152  829]
 [1271    7  209  414]
 [   0    2 1055   52]]
Epoch: [68/200], cls_loss: 0.0000, transfer_loss: 0.0000,person_loss: 0.0000, total_Loss: 0.0000
trian begin
trian end
ACC: 52.230141817914614
SAMPLE
F1_MI: 0.5223014181791461 F1_MA: 0.2680562499464721 ACC_MI: 0.5223014181791461 F1_MA: 0.24465140714839528
BEST_F1_MI: 0.6803585862297009 BEST_F1_MA: 0.6113023921089508 BEST_ACC_MI: 0.6803585862297009 BEST_F1_MA: 0.603116204134522
[[6299 1108  832   19]
 [1173   31 1028  109]
 [1053   16  777   55]
 [   1    0 1107    1]]
Epoch: [69/200], cls_loss: 0.0000, transfer_loss: 0.0000,person_loss: 0.0000, total_Loss: 0.0000
trian begin
trian end
ACC: 32.84591079432728
SAMPLE
F1_MI: 0.3284591079432728 F1_MA: 0.21392735202782465 ACC_MI: 0.3284591079432728 F1_MA: 0.25924393557755065
BEST_F1_MI: 0.6803585862297009 BEST_F1_MA: 0.6113023921089508 BEST_ACC_MI: 0.6803585862297009 BEST_F1_MA: 0.603116204134522
[[3888  889  242 3239]
 [ 772  499  364  706]
 [ 751  440   81  629]
 [   0    1 1106    2]]
Epoch: [70/200], cls_loss: 0.0000, transfer_loss: 0.0000,person_loss: 0.0000, total_Loss: 0.0000
trian begin
trian end
ACC: 48.59284297156294
SAMPLE
F1_MI: 0.4859284297156294 F1_MA: 0.3046061013329743 ACC_MI: 0.4859284297156294 F1_MA: 0.31344226431901034
BEST_F1_MI: 0.6803585862297009 BEST_F1_MA: 0.6113023921089508 BEST_ACC_MI: 0.6803585862297009 BEST_F1_MA: 0.603116204134522
[[5563 1091 1095  509]
 [ 583  479  593  686]
 [ 654  279  554  414]
 [   0    0 1092   17]]
Epoch: [71/200], cls_loss: 0.0000, transfer_loss: 0.0000,person_loss: 0.0000, total_Loss: 0.0000
trian begin
trian end
ACC: 26.805790285840253
SAMPLE
F1_MI: 0.26805790285840253 F1_MA: 0.1708726418323854 ACC_MI: 0.26805790285840253 F1_MA: 0.1798324583992696
BEST_F1_MI: 0.6803585862297009 BEST_F1_MA: 0.6113023921089508 BEST_ACC_MI: 0.6803585862297009 BEST_F1_MA: 0.603116204134522
[[3116 2405 1822  915]
 [1361  138  509  333]
 [1119  185  374  223]
 [   1    0 1088   20]]
Epoch: [72/200], cls_loss: 0.0000, transfer_loss: 0.0000,person_loss: 0.0000, total_Loss: 0.0000
trian begin
trian end
ACC: 54.04511720185172
SAMPLE
F1_MI: 0.5404511720185171 F1_MA: 0.19872720912218036 ACC_MI: 0.5404511720185171 F1_MA: 0.17676177304452548
BEST_F1_MI: 0.6803585862297009 BEST_F1_MA: 0.6113023921089508 BEST_ACC_MI: 0.6803585862297009 BEST_F1_MA: 0.603116204134522
[[7306  942    3    7]
 [1990   32  143  176]
 [1797   35   16   53]
 [   2    0 1106    1]]
Epoch: [73/200], cls_loss: 0.0000, transfer_loss: 0.0000,person_loss: 0.0000, total_Loss: 0.0000
trian begin
trian end
ACC: 38.18061576897641
SAMPLE
F1_MI: 0.3818061576897641 F1_MA: 0.33348679256978203 ACC_MI: 0.3818061576897641 F1_MA: 0.28756606436014703
BEST_F1_MI: 0.6803585862297009 BEST_F1_MA: 0.6113023921089508 BEST_ACC_MI: 0.6803585862297009 BEST_F1_MA: 0.603116204134522
[[3842 2485  449 1482]
 [1160   41  330  810]
 [ 909  136  211  645]
 [   4    0    3 1102]]
Epoch: [74/200], cls_loss: 0.0000, transfer_loss: 0.0000,person_loss: 0.0000, total_Loss: 0.0000
trian begin
trian end
ACC: 46.74112719523845
SAMPLE
F1_MI: 0.4674112719523845 F1_MA: 0.5395648481718835 ACC_MI: 0.46741127195238447 F1_MA: 0.5262282098480746
BEST_F1_MI: 0.6803585862297009 BEST_F1_MA: 0.6113023921089508 BEST_ACC_MI: 0.6803585862297009 BEST_F1_MA: 0.603116204134522
[[3597 3609 1042   10]
 [ 702  917  603  119]
 [ 587  548  741   25]
 [   2    1    0 1106]]
Epoch: [75/200], cls_loss: 0.0000, transfer_loss: 0.0000,person_loss: 0.0000, total_Loss: 0.0000
trian begin
trian end
ACC: 43.94150929531927
SAMPLE
F1_MI: 0.43941509295319275 F1_MA: 0.3646504444095316 ACC_MI: 0.43941509295319275 F1_MA: 0.31949894150811337
BEST_F1_MI: 0.6803585862297009 BEST_F1_MA: 0.6113023921089508 BEST_ACC_MI: 0.6803585862297009 BEST_F1_MA: 0.603116204134522
[[4536 2928  316  478]
 [1129  264   97  851]
 [ 986  289   73  553]
 [   1    0    1 1107]]
Epoch: [76/200], cls_loss: 0.0000, transfer_loss: 0.0000,person_loss: 0.0000, total_Loss: 0.0000
trian begin
trian end
ACC: 20.22191197001984
SAMPLE
F1_MI: 0.2022191197001984 F1_MA: 0.15420081403678584 ACC_MI: 0.2022191197001984 F1_MA: 0.16279831767687905
BEST_F1_MI: 0.6803585862297009 BEST_F1_MA: 0.6113023921089508 BEST_ACC_MI: 0.6803585862297009 BEST_F1_MA: 0.603116204134522
[[2000 4027 1640  591]
 [1059  525  619  138]
 [1066  535  227   73]
 [   0    1 1108    0]]
Epoch: [77/200], cls_loss: 0.0000, transfer_loss: 0.0000,person_loss: 0.0000, total_Loss: 0.0000
trian begin
trian end
ACC: 36.81387317216548
SAMPLE
F1_MI: 0.36740392387390697 F1_MA: 0.4125080850210245 ACC_MI: 0.36740392387390697 F1_MA: 0.40120444954628404
BEST_F1_MI: 0.6803585862297009 BEST_F1_MA: 0.6113023921089508 BEST_ACC_MI: 0.6803585862297009 BEST_F1_MA: 0.603116204134522
[[3283 4092  874    9]
 [1128  186  701  326]
 [ 989  444  425   43]
 [   0    0    3 1106]]
Epoch: [78/200], cls_loss: 0.0000, transfer_loss: 0.0000,person_loss: 0.0000, total_Loss: 0.0000
trian begin
trian end
ACC: 48.62223528547285
SAMPLE
F1_MI: 0.4862223528547285 F1_MA: 0.44353077328300905 ACC_MI: 0.4862223528547285 F1_MA: 0.386551968410664
BEST_F1_MI: 0.6803585862297009 BEST_F1_MA: 0.6113023921089508 BEST_ACC_MI: 0.6803585862297009 BEST_F1_MA: 0.603116204134522
[[4446 1165 1890  757]
 [ 396  160  940  845]
 [ 538  200  903  260]
 [   0    0    1 1108]]
Epoch: [79/200], cls_loss: 0.0000, transfer_loss: 0.0000,person_loss: 0.0000, total_Loss: 0.0000
trian begin
trian end
ACC: 24.410316702182378
SAMPLE
F1_MI: 0.2441031670218238 F1_MA: 0.2786020224722179 ACC_MI: 0.2441031670218238 F1_MA: 0.22587564061957233
BEST_F1_MI: 0.6803585862297009 BEST_F1_MA: 0.6113023921089508 BEST_ACC_MI: 0.6803585862297009 BEST_F1_MA: 0.603116204134522
[[1703 1970 1292 3293]
 [1108  206  377  650]
 [ 858  259  305  479]
 [   1    0    0 1108]]
Epoch: [80/200], cls_loss: 0.0000, transfer_loss: 0.0000,person_loss: 0.0000, total_Loss: 0.0000
trian begin
trian end
ACC: 62.3851862737894
SAMPLE
F1_MI: 0.6159894187669924 F1_MA: 0.5239447418829465 ACC_MI: 0.6159894187669924 F1_MA: 0.4818813581637949
BEST_F1_MI: 0.6803585862297009 BEST_F1_MA: 0.6113023921089508 BEST_ACC_MI: 0.6803585862297009 BEST_F1_MA: 0.603116204134522
[[6152  860  898  348]
 [ 714  379  848  400]
 [ 922   86  747  146]
 [   0    4    0 1105]]
Epoch: [81/200], cls_loss: 0.0000, transfer_loss: 0.0000,person_loss: 0.0000, total_Loss: 0.0000
trian begin
trian end
ACC: 62.958336395032696
SAMPLE
F1_MI: 0.629583363950327 F1_MA: 0.5295667437796893 ACC_MI: 0.629583363950327 F1_MA: 0.4988686339861012
BEST_F1_MI: 0.6803585862297009 BEST_F1_MA: 0.6113023921089508 BEST_ACC_MI: 0.6803585862297009 BEST_F1_MA: 0.603116204134522
[[6575   41 1397  245]
 [ 693   22 1341  285]
 [ 963    9  867   62]
 [   0    0    5 1104]]
Epoch: [82/200], cls_loss: 0.0000, transfer_loss: 0.0000,person_loss: 0.0000, total_Loss: 0.0000
trian begin
trian end
ACC: 33.4117128370931
SAMPLE
F1_MI: 0.32750385774120067 F1_MA: 0.34220569518873933 ACC_MI: 0.32750385774120067 F1_MA: 0.29276715428753125
BEST_F1_MI: 0.6803585862297009 BEST_F1_MA: 0.6113023921089508 BEST_ACC_MI: 0.6803585862297009 BEST_F1_MA: 0.603116204134522
[[2601 3175  318 2164]
 [1051  613  233  444]
 [1151  514  135  101]
 [   0    1    0 1108]]
Epoch: [83/200], cls_loss: 0.0000, transfer_loss: 0.0000,person_loss: 0.0000, total_Loss: 0.0000
trian begin
trian end
ACC: 29.142479241678302
SAMPLE
F1_MI: 0.291424792416783 F1_MA: 0.21491433239787047 ACC_MI: 0.291424792416783 F1_MA: 0.3049427656374722
BEST_F1_MI: 0.6803585862297009 BEST_F1_MA: 0.6113023921089508 BEST_ACC_MI: 0.6803585862297009 BEST_F1_MA: 0.603116204134522
[[3510    7 3050 1691]
 [1044   16  474  807]
 [ 859   10  439  593]
 [   4    0 1104    1]]
Epoch: [84/200], cls_loss: 0.0000, transfer_loss: 0.0000,person_loss: 0.0000, total_Loss: 0.0000
trian begin
trian end
ACC: 39.48857373796752
SAMPLE
F1_MI: 0.39488573737967514 F1_MA: 0.24938288672449835 ACC_MI: 0.3948857373796752 F1_MA: 0.2869595363036965
BEST_F1_MI: 0.6803585862297009 BEST_F1_MA: 0.6113023921089508 BEST_ACC_MI: 0.6803585862297009 BEST_F1_MA: 0.603116204134522
[[4871  148  733 2506]
 [ 782   63  532  964]
 [ 697   55  350  799]
 [   0   12 1007   90]]
Epoch: [85/200], cls_loss: 0.0000, transfer_loss: 0.0000,person_loss: 0.0000, total_Loss: 0.0000
trian begin
trian end
ACC: 40.00293923139099
SAMPLE
F1_MI: 0.40002939231390994 F1_MA: 0.39059793136070625 ACC_MI: 0.40002939231390994 F1_MA: 0.34326872177764073
BEST_F1_MI: 0.6803585862297009 BEST_F1_MA: 0.6113023921089508 BEST_ACC_MI: 0.6803585862297009 BEST_F1_MA: 0.603116204134522
[[3520  548 1027 3163]
 [1259  413  428  241]
 [1033  374  407   87]
 [   3    2    0 1104]]
Epoch: [86/200], cls_loss: 0.0000, transfer_loss: 0.0000,person_loss: 0.0000, total_Loss: 0.0000
trian begin
trian end
ACC: 48.57814681460798
SAMPLE
F1_MI: 0.44852671026526564 F1_MA: 0.2425390534644932 ACC_MI: 0.44852671026526564 F1_MA: 0.25664643738950726
BEST_F1_MI: 0.6803585862297009 BEST_F1_MA: 0.6113023921089508 BEST_ACC_MI: 0.6803585862297009 BEST_F1_MA: 0.603116204134522
[[5633  278 1725  622]
 [ 729  218  372 1022]
 [ 780  109  223  789]
 [   3 1070    6   30]]
Epoch: [87/200], cls_loss: 0.0000, transfer_loss: 0.0000,person_loss: 0.0000, total_Loss: 0.0000
trian begin
trian end
ACC: 62.30435741053714
SAMPLE
F1_MI: 0.621867881548975 F1_MA: 0.4930917281294885 ACC_MI: 0.621867881548975 F1_MA: 0.46860925667012493
BEST_F1_MI: 0.6803585862297009 BEST_F1_MA: 0.6113023921089508 BEST_ACC_MI: 0.6803585862297009 BEST_F1_MA: 0.603116204134522
[[6842   82  617  717]
 [1059  143  527  612]
 [ 939   72  376  514]
 [   0    1    6 1102]]
Epoch: [88/200], cls_loss: 0.0000, transfer_loss: 0.0000,person_loss: 0.0000, total_Loss: 0.0000
trian begin
trian end
ACC: 43.00830332867955
SAMPLE
F1_MI: 0.41979572341832616 F1_MA: 0.27863305258195986 ACC_MI: 0.4197957234183261 F1_MA: 0.25443388671028133
BEST_F1_MI: 0.6803585862297009 BEST_F1_MA: 0.6113023921089508 BEST_ACC_MI: 0.6803585862297009 BEST_F1_MA: 0.603116204134522
[[4795   60 2221 1182]
 [1288   17  628  408]
 [1029   20  449  403]
 [   0  654    3  452]]
Epoch: [89/200], cls_loss: 0.0000, transfer_loss: 0.0000,person_loss: 0.0000, total_Loss: 0.0000
trian begin
trian end
ACC: 44.18399588507605
SAMPLE
F1_MI: 0.4339040340950841 F1_MA: 0.29060464325430024 ACC_MI: 0.43390403409508416 F1_MA: 0.2850454515472295
BEST_F1_MI: 0.6803585862297009 BEST_F1_MA: 0.6113023921089508 BEST_ACC_MI: 0.6803585862297009 BEST_F1_MA: 0.603116204134522
[[4744  147 2715  652]
 [ 525   65  932  819]
 [ 282   41 1078  500]
 [   0 1091    0   18]]
Epoch: [90/200], cls_loss: 0.0000, transfer_loss: 0.0000,person_loss: 0.0000, total_Loss: 0.0000
trian begin
trian end
ACC: 60.158718495113526
SAMPLE
F1_MI: 0.4738775810125652 F1_MA: 0.48021526200814996 ACC_MI: 0.4738775810125652 F1_MA: 0.5150717101685085
BEST_F1_MI: 0.6803585862297009 BEST_F1_MA: 0.6113023921089508 BEST_ACC_MI: 0.6803585862297009 BEST_F1_MA: 0.603116204134522
[[4428   92 3722   16]
 [ 537  187 1408  209]
 [ 374  223 1253   51]
 [   1    1  526  581]]
Epoch: [91/200], cls_loss: 0.0000, transfer_loss: 0.0000,person_loss: 0.0000, total_Loss: 0.0000
trian begin
trian end
ACC: 57.92490263796017
SAMPLE
F1_MI: 0.5792490263796017 F1_MA: 0.4507402372544306 ACC_MI: 0.5792490263796017 F1_MA: 0.4211064171520217
BEST_F1_MI: 0.6803585862297009 BEST_F1_MA: 0.6113023921089508 BEST_ACC_MI: 0.6803585862297009 BEST_F1_MA: 0.603116204134522
[[6466   40 1024  728]
 [ 919   45  322 1055]
 [ 931   18  266  686]
 [   2    1    0 1106]]
Epoch: [92/200], cls_loss: 0.0000, transfer_loss: 0.0000,person_loss: 0.0000, total_Loss: 0.0000
trian begin
trian end
ACC: 48.42383716658094
SAMPLE
F1_MI: 0.48276875597031377 F1_MA: 0.4195786740984073 ACC_MI: 0.48276875597031377 F1_MA: 0.3600134683781335
BEST_F1_MI: 0.6803585862297009 BEST_F1_MA: 0.6113023921089508 BEST_ACC_MI: 0.6803585862297009 BEST_F1_MA: 0.603116204134522
[[4311 1937  125 1885]
 [ 479 1146   21  695]
 [ 453  996   11  441]
 [   0    7    0 1102]]
Epoch: [93/200], cls_loss: 0.0000, transfer_loss: 0.0000,person_loss: 0.0000, total_Loss: 0.0000
[[6033 1606  618    1]
 [ 344  746 1227   24]
 [ 650  422  827    2]
 [   0    4    2 1103]]
[[6033 1606  618    1]
 [ 344  746 1227   24]
 [ 650  422  827    2]
 [   0    4    2 1103]]
WHAT: True
SVAE_RESULT
{'best_f1': 0.6113023921089508, 'best_matrix': [[6033, 1606, 618, 1], [344, 746, 1227, 24], [650, 422, 827, 2], [0, 4, 2, 1103]], 'args': 0.1}
{"best_f1": 0.6113023921089508, "best_matrix": [[6033, 1606, 618, 1], [344, 746, 1227, 24], [650, 422, 827, 2], [0, 4, 2, 1103]], "args": 0.1}
ARG: Namespace(backbone='resnet50', batch_size=32, config='DWL/DWL.yaml', data_dir='data', device=device(type='cuda'), early_stop=50, epoch_based_training=False, lr=0.003, lr_decay=0.75, lr_gamma=0.0003, lr_scheduler=True, max_iter=29400, method='True', momentum=0.9, myweight=0.1, n_class=4, n_epoch=200, n_iter_per_epoch=147, num_workers=3, seed=2, src_domain='PAMAP2', tgt_domain='WISDM', tname='transfer', transfer_loss='dwl', transfer_loss_weight=0.5, use_bottleneck=True, weight_decay=0.0005)
