coral 1 PAMAP2 WISDM DeepCoral/DeepCoral.yaml True
Namespace(backbone='resnet50', batch_size=32, config='DeepCoral/DeepCoral.yaml', data_dir='data', device=device(type='cuda'), early_stop=50, epoch_based_training=False, lr=0.003, lr_decay=0.75, lr_gamma=0.0003, lr_scheduler=True, method='True', momentum=0.9, myweight=0.1, n_epoch=200, n_iter_per_epoch=100, num_workers=3, seed=1, src_domain='PAMAP2', tgt_domain='WISDM', tname='transfer', transfer_loss='coral', transfer_loss_weight=10.0, use_bottleneck=True, weight_decay=0.0005)
JUST DO IT
run my Parkinson code
transfer
TRAIN Length: 4727 361 TEST Length: 13609 322
YYY: 0 3
DATA_PROFILE   train: 4727 train2: 13609 test: 13609
DATASET.SHAPE: <data_loader.GetTrainLoader object at 0x7f22f050e130> True
DATASET.SHAPE: <data_loader.GetTrainLoader object at 0x7f22f0581280> True
DATASET.SHAPE: <data_loader.GetTestLoader object at 0x7f22f0382580> False
CLASS: 4 322
LLL: {}
BOTTLENECK_LIST: [Linear(in_features=512, out_features=256, bias=True), ReLU()]
TYPE: {'loss_type': 'coral', 'max_iter': 29400, 'num_class': 4, 'my_person_item': <my_person_item.PersonItem object at 0x7f22f0382970>}
initial_lr 1.0
transfer_world
method True <class 'str'>
1.8.1+cu111
True
LEN: 0 0
LOADER: <data_loader.InfiniteDataLoader object at 0x7f22f0581d60> <data_loader.InfiniteDataLoader object at 0x7f22f0382430>
N_batch: 147
trian begin
trian end
n_person 322
SAMPLE
F1_MI: 0.7037254757880814 F1_MA: 0.6030073854693638 ACC_MI: 0.7037254757880814 F1_MA: 0.5906476177676018
BEST_F1_MI: 0.7037254757880814 BEST_F1_MA: 0.6030073854693638 BEST_ACC_MI: 0.7037254757880814 BEST_F1_MA: 0.5906476177676018
[[7183  674  138  263]
 [ 879  820  345  297]
 [ 983  395  468   55]
 [   2    1    0 1106]]
Epoch: [ 1/200], cls_loss: 0.6301, transfer_loss: 0.0015,person_loss: -1.8156, total_Loss: 0.4640
trian begin
trian end
n_person 322
SAMPLE
F1_MI: 0.550591520317437 F1_MA: 0.48744159366400747 ACC_MI: 0.550591520317437 F1_MA: 0.46008992149935896
BEST_F1_MI: 0.7037254757880814 BEST_F1_MA: 0.6030073854693638 BEST_ACC_MI: 0.7037254757880814 BEST_F1_MA: 0.5906476177676018
[[5619   80  672 1887]
 [ 467   92  831  951]
 [ 699   30  675  497]
 [   1    1    0 1107]]
Epoch: [ 2/200], cls_loss: 0.4210, transfer_loss: 0.0009,person_loss: -1.8661, total_Loss: 0.2434
trian begin
trian end
n_person 322
SAMPLE
F1_MI: 0.4988610478359909 F1_MA: 0.48761704273610956 ACC_MI: 0.4988610478359909 F1_MA: 0.4382685116654181
BEST_F1_MI: 0.7037254757880814 BEST_F1_MA: 0.6030073854693638 BEST_ACC_MI: 0.7037254757880814 BEST_F1_MA: 0.5906476177676018
[[4204 2112  773 1169]
 [ 112  878  739  612]
 [ 528  486  600  287]
 [   0    2    0 1107]]
Epoch: [ 3/200], cls_loss: 0.3505, transfer_loss: 0.0007,person_loss: -1.9041, total_Loss: 0.1668
trian begin
trian end
n_person 322
SAMPLE
F1_MI: 0.6095965904915864 F1_MA: 0.5528111070779261 ACC_MI: 0.6095965904915864 F1_MA: 0.5099586580797822
BEST_F1_MI: 0.7037254757880814 BEST_F1_MA: 0.6030073854693638 BEST_ACC_MI: 0.7037254757880814 BEST_F1_MA: 0.5906476177676018
[[5627  460  779 1392]
 [ 379  874  666  422]
 [ 676  346  690  189]
 [   0    4    0 1105]]
Epoch: [ 4/200], cls_loss: 0.2852, transfer_loss: 0.0005,person_loss: -1.9220, total_Loss: 0.0976
trian begin
trian end
n_person 322
SAMPLE
F1_MI: 0.5530163862150048 F1_MA: 0.5127709514808887 ACC_MI: 0.5530163862150048 F1_MA: 0.46031167726479005
BEST_F1_MI: 0.7037254757880814 BEST_F1_MA: 0.6030073854693638 BEST_ACC_MI: 0.7037254757880814 BEST_F1_MA: 0.5906476177676018
[[4952  898  662 1746]
 [ 273  549 1056  463]
 [ 657  234  919   91]
 [   0    1    2 1106]]
Epoch: [ 5/200], cls_loss: 0.2704, transfer_loss: 0.0004,person_loss: -1.9332, total_Loss: 0.0807
trian begin
trian end
n_person 322
SAMPLE
F1_MI: 0.5211257256227496 F1_MA: 0.49166103229165037 ACC_MI: 0.5211257256227496 F1_MA: 0.44168611327901086
BEST_F1_MI: 0.7037254757880814 BEST_F1_MA: 0.6030073854693638 BEST_ACC_MI: 0.7037254757880814 BEST_F1_MA: 0.5906476177676018
[[4665  741  915 1937]
 [ 192  400 1109  640]
 [ 624   97  921  259]
 [   0    3    0 1106]]
Epoch: [ 6/200], cls_loss: 0.2300, transfer_loss: 0.0004,person_loss: -1.9447, total_Loss: 0.0395
trian begin
trian end
n_person 322
SAMPLE
F1_MI: 0.5675655816004115 F1_MA: 0.5185310286065984 ACC_MI: 0.5675655816004115 F1_MA: 0.48527186498903185
BEST_F1_MI: 0.7037254757880814 BEST_F1_MA: 0.6030073854693638 BEST_ACC_MI: 0.7037254757880814 BEST_F1_MA: 0.5906476177676018
[[5107 1765  740  646]
 [ 369  898  792  282]
 [ 681  340  866   14]
 [   0  252    4  853]]
Epoch: [ 7/200], cls_loss: 0.2467, transfer_loss: 0.0003,person_loss: -1.9445, total_Loss: 0.0555
trian begin
trian end
n_person 322
SAMPLE
F1_MI: 0.5372914982732016 F1_MA: 0.5180639537415859 ACC_MI: 0.5372914982732016 F1_MA: 0.46292602309075803
BEST_F1_MI: 0.7037254757880814 BEST_F1_MA: 0.6030073854693638 BEST_ACC_MI: 0.7037254757880814 BEST_F1_MA: 0.5906476177676018
[[4572  925 1117 1644]
 [ 254  587 1111  389]
 [ 547  222 1047   85]
 [   0    2    1 1106]]
Epoch: [ 8/200], cls_loss: 0.2200, transfer_loss: 0.0003,person_loss: -1.9486, total_Loss: 0.0283
trian begin
trian end
n_person 322
SAMPLE
F1_MI: 0.5548534058343743 F1_MA: 0.5395521206876586 ACC_MI: 0.5548534058343743 F1_MA: 0.4915989868698709
BEST_F1_MI: 0.7037254757880814 BEST_F1_MA: 0.6030073854693638 BEST_ACC_MI: 0.7037254757880814 BEST_F1_MA: 0.5906476177676018
[[4672 1979  802  805]
 [ 190 1039  865  247]
 [ 517  624  738   22]
 [   0    3    4 1102]]
Epoch: [ 9/200], cls_loss: 0.2155, transfer_loss: 0.0003,person_loss: -1.9466, total_Loss: 0.0237
trian begin
trian end
n_person 322
SAMPLE
F1_MI: 0.5582335219340142 F1_MA: 0.5058112416518885 ACC_MI: 0.5582335219340142 F1_MA: 0.4553408757745649
BEST_F1_MI: 0.7037254757880814 BEST_F1_MA: 0.6030073854693638 BEST_ACC_MI: 0.7037254757880814 BEST_F1_MA: 0.5906476177676018
[[5166  731  784 1577]
 [ 448  453  971  469]
 [ 744  141  871  145]
 [   0    1    1 1107]]
Epoch: [10/200], cls_loss: 0.2069, transfer_loss: 0.0003,person_loss: -1.9435, total_Loss: 0.0155
trian begin
trian end
n_person 322
SAMPLE
F1_MI: 0.5804247189359982 F1_MA: 0.521204414236199 ACC_MI: 0.5804247189359982 F1_MA: 0.48246505201285717
BEST_F1_MI: 0.7037254757880814 BEST_F1_MA: 0.6030073854693638 BEST_ACC_MI: 0.7037254757880814 BEST_F1_MA: 0.5906476177676018
[[5530  702  325 1701]
 [ 579  660  601  501]
 [ 932  147  601  221]
 [   0    1    0 1108]]
Epoch: [11/200], cls_loss: 0.1940, transfer_loss: 0.0003,person_loss: -1.9568, total_Loss: 0.0008
trian begin
trian end
n_person 322
SAMPLE
F1_MI: 0.5459622308766258 F1_MA: 0.5128532336594763 ACC_MI: 0.5459622308766258 F1_MA: 0.4590926659583009
BEST_F1_MI: 0.7037254757880814 BEST_F1_MA: 0.6030073854693638 BEST_ACC_MI: 0.7037254757880814 BEST_F1_MA: 0.5906476177676018
[[4796  979  767 1716]
 [ 360  594  955  432]
 [ 645  250  933   73]
 [   0    0    2 1107]]
Epoch: [12/200], cls_loss: 0.1830, transfer_loss: 0.0002,person_loss: -1.9580, total_Loss: -0.0107
trian begin
trian end
n_person 322
SAMPLE
F1_MI: 0.559997060768609 F1_MA: 0.5258257545065491 ACC_MI: 0.559997060768609 F1_MA: 0.47519062395858425
BEST_F1_MI: 0.7037254757880814 BEST_F1_MA: 0.6030073854693638 BEST_ACC_MI: 0.7037254757880814 BEST_F1_MA: 0.5906476177676018
[[4950  840  716 1752]
 [ 389  658  892  402]
 [ 680  177  909  135]
 [   0    3    2 1104]]
Epoch: [13/200], cls_loss: 0.1850, transfer_loss: 0.0002,person_loss: -1.9599, total_Loss: -0.0090
trian begin
trian end
n_person 322
SAMPLE
F1_MI: 0.5655816004114924 F1_MA: 0.5299819881728067 ACC_MI: 0.5655816004114924 F1_MA: 0.48079702669729807
BEST_F1_MI: 0.7037254757880814 BEST_F1_MA: 0.6030073854693638 BEST_ACC_MI: 0.7037254757880814 BEST_F1_MA: 0.5906476177676018
[[4973 1047  550 1688]
 [ 275  909  630  527]
 [ 683  376  707  135]
 [   0    1    0 1108]]
Epoch: [14/200], cls_loss: 0.1706, transfer_loss: 0.0002,person_loss: -1.9632, total_Loss: -0.0240
trian begin
trian end
n_person 322
SAMPLE
F1_MI: 0.55294290543023 F1_MA: 0.5331530211031534 ACC_MI: 0.55294290543023 F1_MA: 0.4834382396354742
BEST_F1_MI: 0.7037254757880814 BEST_F1_MA: 0.6030073854693638 BEST_ACC_MI: 0.7037254757880814 BEST_F1_MA: 0.5906476177676018
[[4651 2026  525 1056]
 [ 264 1144  600  333]
 [ 612  600  625   64]
 [   0    4    0 1105]]
Epoch: [15/200], cls_loss: 0.1900, transfer_loss: 0.0002,person_loss: -1.9548, total_Loss: -0.0033
trian begin
trian end
n_person 322
SAMPLE
F1_MI: 0.5583070027187891 F1_MA: 0.5297550958545407 ACC_MI: 0.5583070027187891 F1_MA: 0.47938273912792206
BEST_F1_MI: 0.7037254757880814 BEST_F1_MA: 0.6030073854693638 BEST_ACC_MI: 0.7037254757880814 BEST_F1_MA: 0.5906476177676018
[[4841 1091  561 1765]
 [ 305  859  680  497]
 [ 612  355  790  144]
 [   0    1    0 1108]]
Epoch: [16/200], cls_loss: 0.1581, transfer_loss: 0.0002,person_loss: -1.9656, total_Loss: -0.0366
trian begin
trian end
n_person 322
SAMPLE
F1_MI: 0.514953339701668 F1_MA: 0.4970935699059318 ACC_MI: 0.514953339701668 F1_MA: 0.44931841005906265
BEST_F1_MI: 0.7037254757880814 BEST_F1_MA: 0.6030073854693638 BEST_ACC_MI: 0.7037254757880814 BEST_F1_MA: 0.5906476177676018
[[4444 1394  494 1926]
 [ 337  791  602  611]
 [ 659  265  665  312]
 [   0    1    0 1108]]
Epoch: [17/200], cls_loss: 0.1606, transfer_loss: 0.0002,person_loss: -1.9655, total_Loss: -0.0341
trian begin
trian end
n_person 322
SAMPLE
F1_MI: 0.5204643985597767 F1_MA: 0.4972898208241011 ACC_MI: 0.5204643985597767 F1_MA: 0.44975955180428784
BEST_F1_MI: 0.7037254757880814 BEST_F1_MA: 0.6030073854693638 BEST_ACC_MI: 0.7037254757880814 BEST_F1_MA: 0.5906476177676018
[[4541 1337  488 1892]
 [ 217  804  689  631]
 [ 596  356  629  320]
 [   0    0    0 1109]]
Epoch: [18/200], cls_loss: 0.1589, transfer_loss: 0.0002,person_loss: -1.9686, total_Loss: -0.0364
trian begin
trian end
n_person 322
SAMPLE
F1_MI: 0.5544125211257256 F1_MA: 0.3605013525512901 ACC_MI: 0.5544125211257256 F1_MA: 0.35829814596798526
BEST_F1_MI: 0.7037254757880814 BEST_F1_MA: 0.6030073854693638 BEST_ACC_MI: 0.7037254757880814 BEST_F1_MA: 0.5906476177676018
[[5954 1628  379  297]
 [ 663 1105  414  159]
 [ 910  488  480   23]
 [   0 1091   12    6]]
Epoch: [19/200], cls_loss: 0.1504, transfer_loss: 0.0002,person_loss: -1.9683, total_Loss: -0.0447
trian begin
trian end
n_person 322
SAMPLE
F1_MI: 0.60673083988537 F1_MA: 0.5514682847078504 ACC_MI: 0.60673083988537 F1_MA: 0.505752465476297
BEST_F1_MI: 0.7037254757880814 BEST_F1_MA: 0.6030073854693638 BEST_ACC_MI: 0.7037254757880814 BEST_F1_MA: 0.5906476177676018
[[5463 1165  513 1117]
 [ 465 1060  674  142]
 [ 863  341  673   24]
 [   0    4   44 1061]]
Epoch: [20/200], cls_loss: 0.1624, transfer_loss: 0.0002,person_loss: -1.9646, total_Loss: -0.0321
trian begin
trian end
n_person 322
SAMPLE
F1_MI: 0.5584539642883386 F1_MA: 0.5384399792688533 ACC_MI: 0.5584539642883386 F1_MA: 0.4871805034924607
BEST_F1_MI: 0.7037254757880814 BEST_F1_MA: 0.6030073854693638 BEST_ACC_MI: 0.7037254757880814 BEST_F1_MA: 0.5906476177676018
[[4739  889  786 1844]
 [ 244  891  718  488]
 [ 536  357  862  146]
 [   0    1    0 1108]]
Epoch: [21/200], cls_loss: 0.1391, transfer_loss: 0.0001,person_loss: -1.9736, total_Loss: -0.0569
trian begin
trian end
n_person 322
SAMPLE
F1_MI: 0.5694760820045558 F1_MA: 0.5366732454179508 ACC_MI: 0.5694760820045558 F1_MA: 0.48484782616134087
BEST_F1_MI: 0.7037254757880814 BEST_F1_MA: 0.6030073854693638 BEST_ACC_MI: 0.7037254757880814 BEST_F1_MA: 0.5906476177676018
[[4905 1404  511 1438]
 [ 310 1036  677  318]
 [ 685  379  703  134]
 [   0    3    0 1106]]
Epoch: [22/200], cls_loss: 0.1410, transfer_loss: 0.0001,person_loss: -1.9736, total_Loss: -0.0552
trian begin
trian end
n_person 322
SAMPLE
F1_MI: 0.6233374972444705 F1_MA: 0.5490974709984748 ACC_MI: 0.6233374972444705 F1_MA: 0.5061620869121739
BEST_F1_MI: 0.7037254757880814 BEST_F1_MA: 0.6030073854693638 BEST_ACC_MI: 0.7037254757880814 BEST_F1_MA: 0.5906476177676018
[[5927  965  464  902]
 [ 559  787  627  368]
 [ 927  206  663  105]
 [   0    3    0 1106]]
Epoch: [23/200], cls_loss: 0.1363, transfer_loss: 0.0001,person_loss: -1.9718, total_Loss: -0.0597
trian begin
trian end
n_person 322
SAMPLE
F1_MI: 0.574105371445367 F1_MA: 0.5222535177843685 ACC_MI: 0.574105371445367 F1_MA: 0.4758890491340407
BEST_F1_MI: 0.7037254757880814 BEST_F1_MA: 0.6030073854693638 BEST_ACC_MI: 0.7037254757880814 BEST_F1_MA: 0.5906476177676018
[[5271 1026  443 1518]
 [ 524  781  595  441]
 [ 847  250  653  151]
 [   0    1    0 1108]]
Epoch: [24/200], cls_loss: 0.1285, transfer_loss: 0.0001,person_loss: -1.9724, total_Loss: -0.0676
trian begin
trian end
n_person 322
SAMPLE
F1_MI: 0.5494893085458152 F1_MA: 0.5125846379171063 ACC_MI: 0.5494893085458152 F1_MA: 0.4622111437877623
BEST_F1_MI: 0.7037254757880814 BEST_F1_MA: 0.6030073854693638 BEST_ACC_MI: 0.7037254757880814 BEST_F1_MA: 0.5906476177676018
[[4868 1467  413 1510]
 [ 446  777  741  377]
 [ 764  322  727   88]
 [   0    3    0 1106]]
Epoch: [25/200], cls_loss: 0.1230, transfer_loss: 0.0001,person_loss: -1.9760, total_Loss: -0.0736
trian begin
trian end
n_person 322
SAMPLE
F1_MI: 0.5644793886398707 F1_MA: 0.5290141748749094 ACC_MI: 0.5644793886398707 F1_MA: 0.4799890221540598
BEST_F1_MI: 0.7037254757880814 BEST_F1_MA: 0.6030073854693638 BEST_ACC_MI: 0.7037254757880814 BEST_F1_MA: 0.5906476177676018
[[4978  988  565 1727]
 [ 458  849  590  444]
 [ 671  359  749  122]
 [   0    2    1 1106]]
Epoch: [26/200], cls_loss: 0.1447, transfer_loss: 0.0001,person_loss: -1.9741, total_Loss: -0.0516
trian begin
trian end
n_person 322
SAMPLE
F1_MI: 0.5436108457638328 F1_MA: 0.5401172969316443 ACC_MI: 0.5436108457638328 F1_MA: 0.48494159936151576
BEST_F1_MI: 0.7037254757880814 BEST_F1_MA: 0.6030073854693638 BEST_ACC_MI: 0.7037254757880814 BEST_F1_MA: 0.5906476177676018
[[4389 1780  991 1098]
 [ 169  919  953  300]
 [ 431  407  987   76]
 [   0    4    2 1103]]
Epoch: [27/200], cls_loss: 0.1236, transfer_loss: 0.0001,person_loss: -1.9757, total_Loss: -0.0730
trian begin
trian end
n_person 322
SAMPLE
F1_MI: 0.5029024909986038 F1_MA: 0.488042983803072 ACC_MI: 0.5029024909986038 F1_MA: 0.44112301137057897
BEST_F1_MI: 0.7037254757880814 BEST_F1_MA: 0.6030073854693638 BEST_ACC_MI: 0.7037254757880814 BEST_F1_MA: 0.5906476177676018
[[4361 1422  461 2014]
 [ 259  671  738  673]
 [ 541  256  703  401]
 [   0    0    0 1109]]
Epoch: [28/200], cls_loss: 0.1250, transfer_loss: 0.0001,person_loss: -1.9763, total_Loss: -0.0716
trian begin
trian end
n_person 322
SAMPLE
F1_MI: 0.5344992284517599 F1_MA: 0.5082732547703945 ACC_MI: 0.5344992284517599 F1_MA: 0.45590242797118263
BEST_F1_MI: 0.7037254757880814 BEST_F1_MA: 0.6030073854693638 BEST_ACC_MI: 0.7037254757880814 BEST_F1_MA: 0.5906476177676018
[[4628 1217  754 1659]
 [ 320  713  798  510]
 [ 571  298  828  204]
 [   0    3    1 1105]]
Epoch: [29/200], cls_loss: 0.1235, transfer_loss: 0.0001,person_loss: -1.9733, total_Loss: -0.0726
trian begin
trian end
n_person 322
SAMPLE
F1_MI: 0.5502975971783378 F1_MA: 0.5136890431293925 ACC_MI: 0.5502975971783378 F1_MA: 0.4638158866061769
BEST_F1_MI: 0.7037254757880814 BEST_F1_MA: 0.6030073854693638 BEST_ACC_MI: 0.7037254757880814 BEST_F1_MA: 0.5906476177676018
[[4862 1175  609 1612]
 [ 542  848  536  415]
 [ 744  377  673  107]
 [   0    3    0 1106]]
Epoch: [30/200], cls_loss: 0.1115, transfer_loss: 0.0001,person_loss: -1.9752, total_Loss: -0.0852
trian begin
trian end
n_person 322
SAMPLE
F1_MI: 0.5644059078550959 F1_MA: 0.5151733583890237 ACC_MI: 0.5644059078550959 F1_MA: 0.46728865873273295
BEST_F1_MI: 0.7037254757880814 BEST_F1_MA: 0.6030073854693638 BEST_ACC_MI: 0.7037254757880814 BEST_F1_MA: 0.5906476177676018
[[5150 1115  512 1481]
 [ 612  758  595  376]
 [ 877  235  666  123]
 [   0    1    1 1107]]
Epoch: [31/200], cls_loss: 0.1146, transfer_loss: 0.0001,person_loss: -1.9748, total_Loss: -0.0819
trian begin
trian end
n_person 322
SAMPLE
F1_MI: 0.5468440002939231 F1_MA: 0.5014291425403395 ACC_MI: 0.5468440002939231 F1_MA: 0.45330395451918
BEST_F1_MI: 0.7037254757880814 BEST_F1_MA: 0.6030073854693638 BEST_ACC_MI: 0.7037254757880814 BEST_F1_MA: 0.5906476177676018
[[4991 1130  515 1622]
 [ 640  660  589  452]
 [ 802  237  685  177]
 [   0    1    2 1106]]
Epoch: [32/200], cls_loss: 0.1153, transfer_loss: 0.0001,person_loss: -1.9740, total_Loss: -0.0812
trian begin
trian end
n_person 322
SAMPLE
F1_MI: 0.5191417444338305 F1_MA: 0.5045857786690477 ACC_MI: 0.5191417444338305 F1_MA: 0.4517225362796441
BEST_F1_MI: 0.7037254757880814 BEST_F1_MA: 0.6030073854693638 BEST_ACC_MI: 0.7037254757880814 BEST_F1_MA: 0.5906476177676018
[[4366 1558  617 1717]
 [ 303  794  814  430]
 [ 577  334  798  192]
 [   0    2    0 1107]]
Epoch: [33/200], cls_loss: 0.1077, transfer_loss: 0.0001,person_loss: -1.9757, total_Loss: -0.0890
trian begin
trian end
n_person 322
SAMPLE
F1_MI: 0.5466235579395988 F1_MA: 0.5261950582212064 ACC_MI: 0.5466235579395988 F1_MA: 0.47063000739407457
BEST_F1_MI: 0.7037254757880814 BEST_F1_MA: 0.6030073854693638 BEST_ACC_MI: 0.7037254757880814 BEST_F1_MA: 0.5906476177676018
[[4614 1184 1072 1388]
 [ 312  742  905  382]
 [ 512  292  978  119]
 [   0    2    2 1105]]
Epoch: [34/200], cls_loss: 0.1055, transfer_loss: 0.0001,person_loss: -1.9751, total_Loss: -0.0910
trian begin
trian end
n_person 322
SAMPLE
F1_MI: 0.5613931956793299 F1_MA: 0.532277407845761 ACC_MI: 0.5613931956793299 F1_MA: 0.47735760859343507
BEST_F1_MI: 0.7037254757880814 BEST_F1_MA: 0.6030073854693638 BEST_ACC_MI: 0.7037254757880814 BEST_F1_MA: 0.5906476177676018
[[4821 1181  830 1426]
 [ 366  745  976  254]
 [ 619  254  975   53]
 [   0    2    8 1099]]
Epoch: [35/200], cls_loss: 0.0981, transfer_loss: 0.0001,person_loss: -1.9794, total_Loss: -0.0990
trian begin
trian end
n_person 322
SAMPLE
F1_MI: 0.5350870747299581 F1_MA: 0.5125902507852476 ACC_MI: 0.5350870747299581 F1_MA: 0.4599063284924258
BEST_F1_MI: 0.7037254757880814 BEST_F1_MA: 0.6030073854693638 BEST_ACC_MI: 0.7037254757880814 BEST_F1_MA: 0.5906476177676018
[[4560 1439  656 1603]
 [ 437  849  640  415]
 [ 696  294  767  144]
 [   1    2    0 1106]]
Epoch: [36/200], cls_loss: 0.0939, transfer_loss: 0.0001,person_loss: -1.9784, total_Loss: -0.1032
trian begin
trian end
n_person 322
SAMPLE
F1_MI: 0.5379528253361746 F1_MA: 0.5146711819397239 ACC_MI: 0.5379528253361746 F1_MA: 0.46163770727065623
BEST_F1_MI: 0.7037254757880814 BEST_F1_MA: 0.6030073854693638 BEST_ACC_MI: 0.7037254757880814 BEST_F1_MA: 0.5906476177676018
[[4626 1206  689 1737]
 [ 365  690  764  522]
 [ 585  242  897  177]
 [   0    1    0 1108]]
Epoch: [37/200], cls_loss: 0.1026, transfer_loss: 0.0001,person_loss: -1.9788, total_Loss: -0.0944
trian begin
trian end
n_person 322
SAMPLE
F1_MI: 0.5394224410316703 F1_MA: 0.5343507020079681 ACC_MI: 0.5394224410316703 F1_MA: 0.47982491910680886
BEST_F1_MI: 0.7037254757880814 BEST_F1_MA: 0.6030073854693638 BEST_ACC_MI: 0.7037254757880814 BEST_F1_MA: 0.5906476177676018
[[4350 1834  691 1383]
 [ 251 1054  702  334]
 [ 497  491  831   82]
 [   0    3    0 1106]]
Epoch: [38/200], cls_loss: 0.1018, transfer_loss: 0.0001,person_loss: -1.9769, total_Loss: -0.0951
trian begin
trian end
n_person 322
SAMPLE
F1_MI: 0.5774120067602322 F1_MA: 0.5251283729510776 ACC_MI: 0.5774120067602322 F1_MA: 0.4772710457945277
BEST_F1_MI: 0.7037254757880814 BEST_F1_MA: 0.6030073854693638 BEST_ACC_MI: 0.7037254757880814 BEST_F1_MA: 0.5906476177676018
[[5266  896  639 1457]
 [ 499  697  772  373]
 [ 733  244  824  100]
 [   0    3   35 1071]]
Epoch: [39/200], cls_loss: 0.0949, transfer_loss: 0.0001,person_loss: -1.9793, total_Loss: -0.1022
trian begin
trian end
n_person 322
SAMPLE
F1_MI: 0.558968329781762 F1_MA: 0.5123965082747809 ACC_MI: 0.558968329781762 F1_MA: 0.46536197397594764
BEST_F1_MI: 0.7037254757880814 BEST_F1_MA: 0.6030073854693638 BEST_ACC_MI: 0.7037254757880814 BEST_F1_MA: 0.5906476177676018
[[5082 1293  419 1464]
 [ 562  804  547  428]
 [ 865  232  614  190]
 [   1    1    0 1107]]
Epoch: [40/200], cls_loss: 0.0880, transfer_loss: 0.0001,person_loss: -1.9789, total_Loss: -0.1091
trian begin
trian end
n_person 322
SAMPLE
F1_MI: 0.5182599750165332 F1_MA: 0.490563205461468 ACC_MI: 0.5182599750165332 F1_MA: 0.4390126832612569
BEST_F1_MI: 0.7037254757880814 BEST_F1_MA: 0.6030073854693638 BEST_ACC_MI: 0.7037254757880814 BEST_F1_MA: 0.5906476177676018
[[4547 1417  585 1709]
 [ 366  625  798  552]
 [ 636  293  773  199]
 [   0    1    0 1108]]
Epoch: [41/200], cls_loss: 0.0866, transfer_loss: 0.0001,person_loss: -1.9799, total_Loss: -0.1107
trian begin
trian end
n_person 322
SAMPLE
F1_MI: 0.549268866191491 F1_MA: 0.528150062304258 ACC_MI: 0.549268866191491 F1_MA: 0.47435051364616865
BEST_F1_MI: 0.7037254757880814 BEST_F1_MA: 0.6030073854693638 BEST_ACC_MI: 0.7037254757880814 BEST_F1_MA: 0.5906476177676018
[[4621 1600  693 1344]
 [ 322  946  761  312]
 [ 588  425  802   86]
 [   0    3    0 1106]]
Epoch: [42/200], cls_loss: 0.0919, transfer_loss: 0.0001,person_loss: -1.9808, total_Loss: -0.1055
trian begin
trian end
n_person 322
SAMPLE
F1_MI: 0.5681534278786098 F1_MA: 0.5251001368493212 ACC_MI: 0.5681534278786098 F1_MA: 0.47354224151015406
BEST_F1_MI: 0.7037254757880814 BEST_F1_MA: 0.6030073854693638 BEST_ACC_MI: 0.7037254757880814 BEST_F1_MA: 0.5906476177676018
[[5056 1142  790 1270]
 [ 421  717  885  318]
 [ 751  203  873   74]
 [   8    4   11 1086]]
Epoch: [43/200], cls_loss: 0.0840, transfer_loss: 0.0001,person_loss: -1.9802, total_Loss: -0.1133
trian begin
trian end
n_person 322
SAMPLE
F1_MI: 0.5694760820045558 F1_MA: 0.5106959012696429 ACC_MI: 0.5694760820045558 F1_MA: 0.46171686406831103
BEST_F1_MI: 0.7037254757880814 BEST_F1_MA: 0.6030073854693638 BEST_ACC_MI: 0.7037254757880814 BEST_F1_MA: 0.5906476177676018
[[5299 1073  491 1395]
 [ 533  620  789  399]
 [ 864  206  725  106]
 [   0    3    0 1106]]
Epoch: [44/200], cls_loss: 0.0793, transfer_loss: 0.0001,person_loss: -1.9809, total_Loss: -0.1180
trian begin
trian end
n_person 322
SAMPLE
F1_MI: 0.5380997869057241 F1_MA: 0.5050732010879 ACC_MI: 0.5380997869057241 F1_MA: 0.4547444516629506
BEST_F1_MI: 0.7037254757880814 BEST_F1_MA: 0.6030073854693638 BEST_ACC_MI: 0.7037254757880814 BEST_F1_MA: 0.5906476177676018
[[4757 1218  602 1681]
 [ 341  712  758  530]
 [ 603  284  746  268]
 [   1    0    0 1108]]
Epoch: [45/200], cls_loss: 0.0690, transfer_loss: 0.0001,person_loss: -1.9818, total_Loss: -0.1285
trian begin
trian end
n_person 322
SAMPLE
F1_MI: 0.5343522668822103 F1_MA: 0.5281235605035285 ACC_MI: 0.5343522668822103 F1_MA: 0.47114254509941744
BEST_F1_MI: 0.7037254757880814 BEST_F1_MA: 0.6030073854693638 BEST_ACC_MI: 0.7037254757880814 BEST_F1_MA: 0.5906476177676018
[[4329 1553  909 1467]
 [ 266  853  853  369]
 [ 502  343  985   71]
 [   0    2    2 1105]]
Epoch: [46/200], cls_loss: 0.0764, transfer_loss: 0.0001,person_loss: -1.9815, total_Loss: -0.1211
trian begin
trian end
n_person 322
SAMPLE
F1_MI: 0.5218605334704974 F1_MA: 0.4892565877486835 ACC_MI: 0.5218605334704974 F1_MA: 0.43810555738772805
BEST_F1_MI: 0.7037254757880814 BEST_F1_MA: 0.6030073854693638 BEST_ACC_MI: 0.7037254757880814 BEST_F1_MA: 0.5906476177676018
[[4645 1217  672 1724]
 [ 316  565  864  596]
 [ 642  179  783  297]
 [   0    0    0 1109]]
Epoch: [47/200], cls_loss: 0.0668, transfer_loss: 0.0001,person_loss: -1.9832, total_Loss: -0.1309
trian begin
trian end
n_person 322
SAMPLE
F1_MI: 0.5302373429348225 F1_MA: 0.5007801660710781 ACC_MI: 0.5302373429348225 F1_MA: 0.4491256593873776
BEST_F1_MI: 0.7037254757880814 BEST_F1_MA: 0.6030073854693638 BEST_ACC_MI: 0.7037254757880814 BEST_F1_MA: 0.5906476177676018
[[4646 1344  591 1677]
 [ 331  681  830  499]
 [ 619  276  781  225]
 [   0    1    0 1108]]
Epoch: [48/200], cls_loss: 0.0633, transfer_loss: 0.0001,person_loss: -1.9797, total_Loss: -0.1339
trian begin
trian end
n_person 322
SAMPLE
F1_MI: 0.5622749650966272 F1_MA: 0.5174428503696563 ACC_MI: 0.5622749650966272 F1_MA: 0.4658078630829049
BEST_F1_MI: 0.7037254757880814 BEST_F1_MA: 0.6030073854693638 BEST_ACC_MI: 0.7037254757880814 BEST_F1_MA: 0.5906476177676018
[[5042 1207  681 1328]
 [ 534  705  786  316]
 [ 764  270  803   64]
 [   0    5    2 1102]]
Epoch: [49/200], cls_loss: 0.0621, transfer_loss: 0.0001,person_loss: -1.9809, total_Loss: -0.1353
trian begin
trian end
n_person 322
SAMPLE
F1_MI: 0.5242853993680653 F1_MA: 0.5026279294977527 ACC_MI: 0.5242853993680653 F1_MA: 0.4496989544199572
BEST_F1_MI: 0.7037254757880814 BEST_F1_MA: 0.6030073854693638 BEST_ACC_MI: 0.7037254757880814 BEST_F1_MA: 0.5906476177676018
[[4487 1567  627 1577]
 [ 338  743  820  440]
 [ 613  346  798  144]
 [   0    1    1 1107]]
Epoch: [50/200], cls_loss: 0.0664, transfer_loss: 0.0001,person_loss: -1.9820, total_Loss: -0.1313
trian begin
trian end
n_person 322
SAMPLE
F1_MI: 0.5320008817694173 F1_MA: 0.5148907045790991 ACC_MI: 0.5320008817694173 F1_MA: 0.46163193592446317
BEST_F1_MI: 0.7037254757880814 BEST_F1_MA: 0.6030073854693638 BEST_ACC_MI: 0.7037254757880814 BEST_F1_MA: 0.5906476177676018
[[4490 1502  650 1616]
 [ 226  793  836  486]
 [ 529  373  849  150]
 [   0    1    0 1108]]
Epoch: [51/200], cls_loss: 0.0605, transfer_loss: 0.0001,person_loss: -1.9833, total_Loss: -0.1372
[[7183  674  138  263]
 [ 879  820  345  297]
 [ 983  395  468   55]
 [   2    1    0 1106]]
[[7183  674  138  263]
 [ 879  820  345  297]
 [ 983  395  468   55]
 [   2    1    0 1106]]
ARG: Namespace(backbone='resnet50', batch_size=32, config='DeepCoral/DeepCoral.yaml', data_dir='data', device=device(type='cuda'), early_stop=50, epoch_based_training=False, lr=0.003, lr_decay=0.75, lr_gamma=0.0003, lr_scheduler=True, max_iter=29400, method='True', momentum=0.9, myweight=0.1, n_class=4, n_epoch=200, n_iter_per_epoch=147, num_workers=3, seed=1, src_domain='PAMAP2', tgt_domain='WISDM', tname='transfer', transfer_loss='coral', transfer_loss_weight=10.0, use_bottleneck=True, weight_decay=0.0005)
