dwl 2 PAMAP2 UCI DWL/DWL.yaml True
Namespace(backbone='resnet50', batch_size=32, config='DWL/DWL.yaml', data_dir='data', device=device(type='cuda'), early_stop=50, epoch_based_training=False, lr=0.003, lr_decay=0.75, lr_gamma=0.0003, lr_scheduler=True, method='True', momentum=0.9, myweight=0.1, n_epoch=200, n_iter_per_epoch=100, num_workers=3, seed=2, src_domain='PAMAP2', tgt_domain='UCI', tname='transfer', transfer_loss='dwl', transfer_loss_weight=0.5, use_bottleneck=True, weight_decay=0.0005)
JUST DO IT
run my Parkinson code
transfer
TRAIN Length: 4725 360 TEST Length: 3369 615
YYY: 0 3
DATA_PROFILE   train: 4725 train2: 3369 test: 3369
DATASET.SHAPE: <data_loader.GetTrainLoader object at 0x7f166a791048> True
DATASET.SHAPE: <data_loader.GetTrainLoader object at 0x7f166a783e80> True
DATASET.SHAPE: <data_loader.GetTestLoader object at 0x7f166291aac8> False
CLASS: 4 615
transfer_world
method True <class 'str'>
1.10.1+cu102
True
LEN: 0 0
LOADER: <data_loader.InfiniteDataLoader object at 0x7f166280bda0> <data_loader.InfiniteDataLoader object at 0x7f166291a9e8>
N_batch: 105
trian begin
trian end
ACC: 71.86108637577917
SAMPLE
F1_MI: 0.7123775601068566 F1_MA: 0.7467999222930259 ACC_MI: 0.7123775601068566 F1_MA: 0.7782056740268798
BEST_F1_MI: 0.7123775601068566 BEST_F1_MA: 0.7467999222930259 BEST_ACC_MI: 0.7123775601068566 BEST_F1_MA: 0.7782056740268798
[[192 700   0   1]
 [ 88 705   6   5]
 [  2 144 600   0]
 [  0  23   0 903]]
Epoch: [ 1/200], cls_loss: 0.0000, transfer_loss: 0.0000,person_loss: 0.0000, total_Loss: 0.0000
trian begin
trian end
ACC: 54.31878895814782
SAMPLE
F1_MI: 0.5390323538141882 F1_MA: 0.527867087445877 ACC_MI: 0.5390323538141882 F1_MA: 0.5292097568238313
BEST_F1_MI: 0.7123775601068566 BEST_F1_MA: 0.7467999222930259 BEST_ACC_MI: 0.7123775601068566 BEST_F1_MA: 0.7782056740268798
[[202 448 243   0]
 [146 462 196   0]
 [147 364 235   0]
 [  0   9   0 917]]
Epoch: [ 2/200], cls_loss: 0.0000, transfer_loss: 0.0000,person_loss: 0.0000, total_Loss: 0.0000
trian begin
trian end
ACC: 63.25319085782131
SAMPLE
F1_MI: 0.630750964677946 F1_MA: 0.6241126401102852 ACC_MI: 0.630750964677946 F1_MA: 0.6447223861331117
BEST_F1_MI: 0.7123775601068566 BEST_F1_MA: 0.7467999222930259 BEST_ACC_MI: 0.7123775601068566 BEST_F1_MA: 0.7782056740268798
[[826  56  10   1]
 [714  74  16   0]
 [ 98 344 304   0]
 [  0   5   0 921]]
Epoch: [ 3/200], cls_loss: 0.0000, transfer_loss: 0.0000,person_loss: 0.0000, total_Loss: 0.0000
trian begin
trian end
ACC: 63.52033244286138
SAMPLE
F1_MI: 0.6340160284951024 F1_MA: 0.6387639377367074 ACC_MI: 0.6340160284951024 F1_MA: 0.6587301595320125
BEST_F1_MI: 0.7123775601068566 BEST_F1_MA: 0.7467999222930259 BEST_ACC_MI: 0.7123775601068566 BEST_F1_MA: 0.7782056740268798
[[458 385  50   0]
 [319 427  57   1]
 [302 118 326   0]
 [  0   1   0 925]]
Epoch: [ 4/200], cls_loss: 0.0000, transfer_loss: 0.0000,person_loss: 0.0000, total_Loss: 0.0000
trian begin
trian end
ACC: 60.463045414069455
SAMPLE
F1_MI: 0.6025526862570496 F1_MA: 0.6035331728420144 ACC_MI: 0.6025526862570496 F1_MA: 0.6028294362536881
BEST_F1_MI: 0.7123775601068566 BEST_F1_MA: 0.7467999222930259 BEST_ACC_MI: 0.7123775601068566 BEST_F1_MA: 0.7782056740268798
[[208 135 550   0]
 [277 187 340   0]
 [ 22  11 713   0]
 [  0   3   1 922]]
Epoch: [ 5/200], cls_loss: 0.0000, transfer_loss: 0.0000,person_loss: 0.0000, total_Loss: 0.0000
trian begin
trian end
ACC: 76.84772929652716
SAMPLE
F1_MI: 0.7661027010982487 F1_MA: 0.773994362231773 ACC_MI: 0.7661027010982487 F1_MA: 0.7926622591446912
BEST_F1_MI: 0.7661027010982487 BEST_F1_MA: 0.773994362231773 BEST_ACC_MI: 0.7661027010982487 BEST_F1_MA: 0.7926622591446912
[[836  12  45   0]
 [626  96  71  11]
 [  3  20 723   0]
 [  0   0   0 926]]
Epoch: [ 6/200], cls_loss: 0.0000, transfer_loss: 0.0000,person_loss: 0.0000, total_Loss: 0.0000
trian begin
trian end
ACC: 78.74740279014544
SAMPLE
F1_MI: 0.7874740279014545 F1_MA: 0.7872832486667899 ACC_MI: 0.7874740279014545 F1_MA: 0.7917225806099982
BEST_F1_MI: 0.7874740279014545 BEST_F1_MA: 0.7872832486667899 BEST_ACC_MI: 0.7874740279014545 BEST_F1_MA: 0.7926622591446912
[[730 115  48   0]
 [490 277  37   0]
 [  0   9 737   0]
 [  0   1  16 909]]
Epoch: [ 7/200], cls_loss: 0.0000, transfer_loss: 0.0000,person_loss: 0.0000, total_Loss: 0.0000
trian begin
trian end
ACC: 71.05966162065894
SAMPLE
F1_MI: 0.7019887206886316 F1_MA: 0.6939002170079378 ACC_MI: 0.7019887206886316 F1_MA: 0.7051906224252865
BEST_F1_MI: 0.7874740279014545 BEST_F1_MA: 0.7872832486667899 BEST_ACC_MI: 0.7874740279014545 BEST_F1_MA: 0.7926622591446912
[[861  21  11   0]
 [709  95   0   0]
 [ 89 166 491   0]
 [  0   3   5 918]]
Epoch: [ 8/200], cls_loss: 0.0000, transfer_loss: 0.0000,person_loss: 0.0000, total_Loss: 0.0000
trian begin
trian end
ACC: 34.07539329177798
SAMPLE
F1_MI: 0.336004749183734 F1_MA: 0.4462846173067993 ACC_MI: 0.336004749183734 F1_MA: 0.6129817239946695
BEST_F1_MI: 0.7874740279014545 BEST_F1_MA: 0.7872832486667899 BEST_ACC_MI: 0.7874740279014545 BEST_F1_MA: 0.7926622591446912
[[405 466  22   0]
 [558 230  16   0]
 [ 56 202 488   0]
 [  0 917   0   9]]
Epoch: [ 9/200], cls_loss: 0.0000, transfer_loss: 0.0000,person_loss: 0.0000, total_Loss: 0.0000
trian begin
trian end
ACC: 72.84060552092609
SAMPLE
F1_MI: 0.7284060552092608 F1_MA: 0.7103174863966645 ACC_MI: 0.7284060552092609 F1_MA: 0.705285166804904
BEST_F1_MI: 0.7874740279014545 BEST_F1_MA: 0.7872832486667899 BEST_ACC_MI: 0.7874740279014545 BEST_F1_MA: 0.7926622591446912
[[810  39  42   2]
 [693  81  30   0]
 [ 23  85 637   1]
 [  0   0   0 926]]
Epoch: [10/200], cls_loss: 0.0000, transfer_loss: 0.0000,person_loss: 0.0000, total_Loss: 0.0000
trian begin
trian end
ACC: 79.0442267735233
SAMPLE
F1_MI: 0.7898486197684773 F1_MA: 0.819922678953071 ACC_MI: 0.7898486197684773 F1_MA: 0.864068584713746
BEST_F1_MI: 0.7898486197684773 BEST_F1_MA: 0.819922678953071 BEST_ACC_MI: 0.7898486197684773 BEST_F1_MA: 0.864068584713746
[[872   8  13   0]
 [657 143   4   0]
 [ 21   2 723   0]
 [  0   3   0 923]]
Epoch: [11/200], cls_loss: 0.0000, transfer_loss: 0.0000,person_loss: 0.0000, total_Loss: 0.0000
trian begin
trian end
ACC: 73.25615909765509
SAMPLE
F1_MI: 0.7316711190264172 F1_MA: 0.7272058989757119 ACC_MI: 0.7316711190264173 F1_MA: 0.7342920044454989
BEST_F1_MI: 0.7898486197684773 BEST_F1_MA: 0.819922678953071 BEST_ACC_MI: 0.7898486197684773 BEST_F1_MA: 0.864068584713746
[[785  64  44   0]
 [684  96  24   0]
 [ 62  23 660   1]
 [  0   2   0 924]]
Epoch: [12/200], cls_loss: 0.0000, transfer_loss: 0.0000,person_loss: 0.0000, total_Loss: 0.0000
trian begin
trian end
ACC: 77.94597803502523
SAMPLE
F1_MI: 0.7756010685663401 F1_MA: 0.792394137764222 ACC_MI: 0.7756010685663401 F1_MA: 0.8224454407235369
BEST_F1_MI: 0.7898486197684773 BEST_F1_MA: 0.819922678953071 BEST_ACC_MI: 0.7898486197684773 BEST_F1_MA: 0.864068584713746
[[817  56  20   0]
 [536 246  22   0]
 [115   5 626   0]
 [  0   2   0 924]]
Epoch: [13/200], cls_loss: 0.0000, transfer_loss: 0.0000,person_loss: 0.0000, total_Loss: 0.0000
trian begin
trian end
ACC: 79.81596913030573
SAMPLE
F1_MI: 0.7981596913030573 F1_MA: 0.7942750758625593 ACC_MI: 0.7981596913030573 F1_MA: 0.7997249149987945
BEST_F1_MI: 0.7981596913030573 BEST_F1_MA: 0.819922678953071 BEST_ACC_MI: 0.7981596913030573 BEST_F1_MA: 0.864068584713746
[[785  67  41   0]
 [410 359  35   0]
 [  3 122 620   1]
 [  0   1   0 925]]
Epoch: [14/200], cls_loss: 0.0000, transfer_loss: 0.0000,person_loss: 0.0000, total_Loss: 0.0000
trian begin
trian end
ACC: 81.77500742059958
SAMPLE
F1_MI: 0.817750074205996 F1_MA: 0.8157476969358259 ACC_MI: 0.8177500742059959 F1_MA: 0.8169165278682267
BEST_F1_MI: 0.817750074205996 BEST_F1_MA: 0.819922678953071 BEST_ACC_MI: 0.8177500742059959 BEST_F1_MA: 0.864068584713746
[[690 162  41   0]
 [336 431  37   0]
 [ 23  13 710   0]
 [  0   2   0 924]]
Epoch: [15/200], cls_loss: 0.0000, transfer_loss: 0.0000,person_loss: 0.0000, total_Loss: 0.0000
trian begin
trian end
ACC: 71.65330958741467
SAMPLE
F1_MI: 0.7165330958741467 F1_MA: 0.7131739095979556 ACC_MI: 0.7165330958741466 F1_MA: 0.7150876184270274
BEST_F1_MI: 0.817750074205996 BEST_F1_MA: 0.819922678953071 BEST_ACC_MI: 0.8177500742059959 BEST_F1_MA: 0.864068584713746
[[594 290   9   0]
 [593 210   1   0]
 [  5  50 691   0]
 [  0   6   1 919]]
Epoch: [16/200], cls_loss: 0.0000, transfer_loss: 0.0000,person_loss: 0.0000, total_Loss: 0.0000
trian begin
trian end
ACC: 73.07806470762837
SAMPLE
F1_MI: 0.7307806470762838 F1_MA: 0.7121943159245158 ACC_MI: 0.7307806470762838 F1_MA: 0.7007242632404933
BEST_F1_MI: 0.817750074205996 BEST_F1_MA: 0.819922678953071 BEST_ACC_MI: 0.8177500742059959 BEST_F1_MA: 0.864068584713746
[[696 181  16   0]
 [682  98  24   0]
 [  3   0 743   0]
 [  0   1   0 925]]
Epoch: [17/200], cls_loss: 0.0000, transfer_loss: 0.0000,person_loss: 0.0000, total_Loss: 0.0000
trian begin
trian end
ACC: 81.56723063223508
SAMPLE
F1_MI: 0.8156723063223508 F1_MA: 0.8201825539716345 ACC_MI: 0.8156723063223509 F1_MA: 0.832755355276907
BEST_F1_MI: 0.817750074205996 BEST_F1_MA: 0.8201825539716345 BEST_ACC_MI: 0.8177500742059959 BEST_F1_MA: 0.864068584713746
[[816  73   4   0]
 [489 314   0   1]
 [  0  53 692   1]
 [  0   0   0 926]]
Epoch: [18/200], cls_loss: 0.0000, transfer_loss: 0.0000,person_loss: 0.0000, total_Loss: 0.0000
trian begin
trian end
ACC: 83.82309290590679
SAMPLE
F1_MI: 0.8382309290590679 F1_MA: 0.8471395671408711 ACC_MI: 0.8382309290590679 F1_MA: 0.8630303094724362
BEST_F1_MI: 0.8382309290590679 BEST_F1_MA: 0.8471395671408711 BEST_ACC_MI: 0.8382309290590679 BEST_F1_MA: 0.864068584713746
[[833  47  13   0]
 [456 348   0   0]
 [  2  25 719   0]
 [  0   2   0 924]]
Epoch: [19/200], cls_loss: 0.0000, transfer_loss: 0.0000,person_loss: 0.0000, total_Loss: 0.0000
trian begin
trian end
ACC: 82.54674977738202
SAMPLE
F1_MI: 0.8254674977738201 F1_MA: 0.8292540588983177 ACC_MI: 0.8254674977738201 F1_MA: 0.8410786139577162
BEST_F1_MI: 0.8382309290590679 BEST_F1_MA: 0.8471395671408711 BEST_ACC_MI: 0.8382309290590679 BEST_F1_MA: 0.864068584713746
[[830  36  27   0]
 [441 346  17   0]
 [  1  62 683   0]
 [  0   4   0 922]]
Epoch: [20/200], cls_loss: 0.0000, transfer_loss: 0.0000,person_loss: 0.0000, total_Loss: 0.0000
trian begin
trian end
ACC: 86.93974473137429
SAMPLE
F1_MI: 0.8693974473137429 F1_MA: 0.8703726164578626 ACC_MI: 0.8693974473137429 F1_MA: 0.8754745736579331
BEST_F1_MI: 0.8693974473137429 BEST_F1_MA: 0.8703726164578626 BEST_ACC_MI: 0.8693974473137429 BEST_F1_MA: 0.8754745736579331
[[797  81  11   4]
 [294 497  12   1]
 [  0  36 710   0]
 [  0   1   0 925]]
Epoch: [21/200], cls_loss: 0.0000, transfer_loss: 0.0000,person_loss: 0.0000, total_Loss: 0.0000
trian begin
trian end
ACC: 87.91926387652123
SAMPLE
F1_MI: 0.8771148708815673 F1_MA: 0.8779104751575304 ACC_MI: 0.8771148708815673 F1_MA: 0.8819325014917255
BEST_F1_MI: 0.8771148708815673 BEST_F1_MA: 0.8779104751575304 BEST_ACC_MI: 0.8771148708815673 BEST_F1_MA: 0.8819325014917255
[[754 138   0   1]
 [204 600   0   0]
 [  1  69 676   0]
 [  0   1   0 925]]
Epoch: [22/200], cls_loss: 0.0000, transfer_loss: 0.0000,person_loss: 0.0000, total_Loss: 0.0000
trian begin
trian end
ACC: 81.5375482338973
SAMPLE
F1_MI: 0.813297714455328 F1_MA: 0.8375807754168547 ACC_MI: 0.813297714455328 F1_MA: 0.8547395868944683
BEST_F1_MI: 0.8771148708815673 BEST_F1_MA: 0.8779104751575304 BEST_ACC_MI: 0.8771148708815673 BEST_F1_MA: 0.8819325014917255
[[343 540   7   3]
 [ 45 740  14   5]
 [  0  15 731   0]
 [  0   0   0 926]]
Epoch: [23/200], cls_loss: 0.0000, transfer_loss: 0.0000,person_loss: 0.0000, total_Loss: 0.0000
trian begin
trian end
ACC: 57.61353517364203
SAMPLE
F1_MI: 0.5761353517364203 F1_MA: 0.6538583995498632 ACC_MI: 0.5761353517364203 F1_MA: 0.7250830589967657
BEST_F1_MI: 0.8771148708815673 BEST_F1_MA: 0.8779104751575304 BEST_ACC_MI: 0.8771148708815673 BEST_F1_MA: 0.8819325014917255
[[817  66  10   0]
 [392 385  27   0]
 [ 12   6 728   0]
 [  0 914   1  11]]
Epoch: [24/200], cls_loss: 0.0000, transfer_loss: 0.0000,person_loss: 0.0000, total_Loss: 0.0000
trian begin
trian end
ACC: 65.74651231819531
SAMPLE
F1_MI: 0.564262392401306 F1_MA: 0.624268071181442 ACC_MI: 0.564262392401306 F1_MA: 0.6817679163960951
BEST_F1_MI: 0.8771148708815673 BEST_F1_MA: 0.8779104751575304 BEST_ACC_MI: 0.8771148708815673 BEST_F1_MA: 0.8819325014917255
[[832  61   0   0]
 [542 262   0   0]
 [ 11  68 667   0]
 [  0   2 784 140]]
Epoch: [25/200], cls_loss: 0.0000, transfer_loss: 0.0000,person_loss: 0.0000, total_Loss: 0.0000
trian begin
trian end
ACC: 76.37281092312259
SAMPLE
F1_MI: 0.7607598693974473 F1_MA: 0.7583715827813688 ACC_MI: 0.7607598693974473 F1_MA: 0.768355891476263
BEST_F1_MI: 0.8771148708815673 BEST_F1_MA: 0.8779104751575304 BEST_ACC_MI: 0.8771148708815673 BEST_F1_MA: 0.8819325014917255
[[880   7   6   0]
 [719  85   0   0]
 [  3  61 682   0]
 [  0   4   6 916]]
Epoch: [26/200], cls_loss: 0.0000, transfer_loss: 0.0000,person_loss: 0.0000, total_Loss: 0.0000
trian begin
trian end
ACC: 80.97358266547937
SAMPLE
F1_MI: 0.8079548827545265 F1_MA: 0.8139435779169535 ACC_MI: 0.8079548827545265 F1_MA: 0.8278623913743943
BEST_F1_MI: 0.8771148708815673 BEST_F1_MA: 0.8779104751575304 BEST_ACC_MI: 0.8771148708815673 BEST_F1_MA: 0.8819325014917255
[[813  69  10   1]
 [528 276   0   0]
 [  1  36 709   0]
 [  0   2   0 924]]
Epoch: [27/200], cls_loss: 0.0000, transfer_loss: 0.0000,person_loss: 0.0000, total_Loss: 0.0000
trian begin
trian end
ACC: 82.3686553873553
SAMPLE
F1_MI: 0.8180468981893737 F1_MA: 0.8217022700926953 ACC_MI: 0.8180468981893737 F1_MA: 0.8353566727076883
BEST_F1_MI: 0.8771148708815673 BEST_F1_MA: 0.8779104751575304 BEST_ACC_MI: 0.8771148708815673 BEST_F1_MA: 0.8819325014917255
[[801  90   1   1]
 [359 441   0   4]
 [ 43 114 589   0]
 [  0   1   0 925]]
Epoch: [28/200], cls_loss: 0.0000, transfer_loss: 0.0000,person_loss: 0.0000, total_Loss: 0.0000
trian begin
trian end
ACC: 89.75957257346394
SAMPLE
F1_MI: 0.8975957257346393 F1_MA: 0.8981633862201668 ACC_MI: 0.8975957257346393 F1_MA: 0.9013883542214333
BEST_F1_MI: 0.8975957257346393 BEST_F1_MA: 0.8981633862201668 BEST_ACC_MI: 0.8975957257346393 BEST_F1_MA: 0.9013883542214333
[[792 101   0   0]
 [198 605   1   0]
 [  4  38 704   0]
 [  1   2   0 923]]
Epoch: [29/200], cls_loss: 0.0000, transfer_loss: 0.0000,person_loss: 0.0000, total_Loss: 0.0000
trian begin
trian end
ACC: 86.07895517957851
SAMPLE
F1_MI: 0.8607895517957851 F1_MA: 0.8598093308344578 ACC_MI: 0.8607895517957851 F1_MA: 0.8608013093718438
BEST_F1_MI: 0.8975957257346393 BEST_F1_MA: 0.8981633862201668 BEST_ACC_MI: 0.8975957257346393 BEST_F1_MA: 0.9013883542214333
[[732 145  16   0]
 [254 518  32   0]
 [ 17   2 727   0]
 [  0   0   3 923]]
Epoch: [30/200], cls_loss: 0.0000, transfer_loss: 0.0000,person_loss: 0.0000, total_Loss: 0.0000
trian begin
trian end
ACC: 51.17245473434254
SAMPLE
F1_MI: 0.5090531314930247 F1_MA: 0.5993826253114453 ACC_MI: 0.5090531314930247 F1_MA: 0.7106437262369099
BEST_F1_MI: 0.8975957257346393 BEST_F1_MA: 0.8981633862201668 BEST_ACC_MI: 0.8975957257346393 BEST_F1_MA: 0.9013883542214333
[[808  77   8   0]
 [454 350   0   0]
 [ 26 216 504   0]
 [  0 873   0  53]]
Epoch: [31/200], cls_loss: 0.0000, transfer_loss: 0.0000,person_loss: 0.0000, total_Loss: 0.0000
trian begin
trian end
ACC: 86.37577916295636
SAMPLE
F1_MI: 0.8619768477292965 F1_MA: 0.8635262972964595 ACC_MI: 0.8619768477292965 F1_MA: 0.87101703276593
BEST_F1_MI: 0.8975957257346393 BEST_F1_MA: 0.8981633862201668 BEST_ACC_MI: 0.8975957257346393 BEST_F1_MA: 0.9013883542214333
[[818  63   0  12]
 [304 479   2  19]
 [  0  61 681   4]
 [  0   0   0 926]]
Epoch: [32/200], cls_loss: 0.0000, transfer_loss: 0.0000,person_loss: 0.0000, total_Loss: 0.0000
trian begin
trian end
ACC: 55.83259127337489
SAMPLE
F1_MI: 0.5583259127337489 F1_MA: 0.6365133563579315 ACC_MI: 0.5583259127337489 F1_MA: 0.7053801573397684
BEST_F1_MI: 0.8975957257346393 BEST_F1_MA: 0.8981633862201668 BEST_ACC_MI: 0.8975957257346393 BEST_F1_MA: 0.9013883542214333
[[720 142  31   0]
 [365 431   8   0]
 [  8  13 725   0]
 [  0   3 918   5]]
Epoch: [33/200], cls_loss: 0.0000, transfer_loss: 0.0000,person_loss: 0.0000, total_Loss: 0.0000
trian begin
trian end
ACC: 83.43722172751558
SAMPLE
F1_MI: 0.8343722172751559 F1_MA: 0.836837352094248 ACC_MI: 0.8343722172751559 F1_MA: 0.8435039868672508
BEST_F1_MI: 0.8975957257346393 BEST_F1_MA: 0.8981633862201668 BEST_ACC_MI: 0.8975957257346393 BEST_F1_MA: 0.9013883542214333
[[765 125   3   0]
 [409 387   8   0]
 [  0  11 735   0]
 [  0   2   0 924]]
Epoch: [34/200], cls_loss: 0.0000, transfer_loss: 0.0000,person_loss: 0.0000, total_Loss: 0.0000
trian begin
trian end
ACC: 83.31849213416444
SAMPLE
F1_MI: 0.8325912733748887 F1_MA: 0.8396800046393971 ACC_MI: 0.8325912733748887 F1_MA: 0.8532633392907014
BEST_F1_MI: 0.8975957257346393 BEST_F1_MA: 0.8981633862201668 BEST_ACC_MI: 0.8975957257346393 BEST_F1_MA: 0.9013883542214333
[[828  53  12   0]
 [440 318  46   0]
 [  3   7 736   0]
 [  0   3   0 923]]
Epoch: [35/200], cls_loss: 0.0000, transfer_loss: 0.0000,person_loss: 0.0000, total_Loss: 0.0000
trian begin
trian end
ACC: 72.30632235084595
SAMPLE
F1_MI: 0.7221727515583259 F1_MA: 0.7237516322365193 ACC_MI: 0.7221727515583259 F1_MA: 0.745501645556369
BEST_F1_MI: 0.8975957257346393 BEST_F1_MA: 0.8981633862201668 BEST_ACC_MI: 0.8975957257346393 BEST_F1_MA: 0.9013883542214333
[[842  49   0   2]
 [579 221   0   4]
 [ 32 269 444   1]
 [  0   0   0 926]]
Epoch: [36/200], cls_loss: 0.0000, transfer_loss: 0.0000,person_loss: 0.0000, total_Loss: 0.0000
trian begin
trian end
ACC: 77.08518848322944
SAMPLE
F1_MI: 0.7663995250816266 F1_MA: 0.7741564293640519 ACC_MI: 0.7663995250816266 F1_MA: 0.7917502217684401
BEST_F1_MI: 0.8975957257346393 BEST_F1_MA: 0.8981633862201668 BEST_ACC_MI: 0.8975957257346393 BEST_F1_MA: 0.9013883542214333
[[806  83   4   0]
 [556 220  28   0]
 [ 81   2 663   0]
 [  0  27   6 893]]
Epoch: [37/200], cls_loss: 0.0000, transfer_loss: 0.0000,person_loss: 0.0000, total_Loss: 0.0000
trian begin
trian end
ACC: 79.8753339269813
SAMPLE
F1_MI: 0.7984565152864351 F1_MA: 0.8081772950088061 ACC_MI: 0.7984565152864351 F1_MA: 0.8266177645129952
BEST_F1_MI: 0.8975957257346393 BEST_F1_MA: 0.8981633862201668 BEST_ACC_MI: 0.8975957257346393 BEST_F1_MA: 0.9013883542214333
[[812  79   2   0]
 [551 246   7   0]
 [ 31   7 708   0]
 [  0   2   0 924]]
Epoch: [38/200], cls_loss: 0.0000, transfer_loss: 0.0000,person_loss: 0.0000, total_Loss: 0.0000
trian begin
trian end
ACC: 79.28168596022559
SAMPLE
F1_MI: 0.7928168596022559 F1_MA: 0.8083086320187817 ACC_MI: 0.7928168596022559 F1_MA: 0.8351348189006316
BEST_F1_MI: 0.8975957257346393 BEST_F1_MA: 0.8981633862201668 BEST_ACC_MI: 0.8975957257346393 BEST_F1_MA: 0.9013883542214333
[[846  45   2   0]
 [595 208   1   0]
 [ 39  15 692   0]
 [  0   1   0 925]]
Epoch: [39/200], cls_loss: 0.0000, transfer_loss: 0.0000,person_loss: 0.0000, total_Loss: 0.0000
trian begin
trian end
ACC: 80.40961709706144
SAMPLE
F1_MI: 0.802908875037103 F1_MA: 0.8206847268935094 ACC_MI: 0.802908875037103 F1_MA: 0.8495820897362758
BEST_F1_MI: 0.8975957257346393 BEST_F1_MA: 0.8981633862201668 BEST_ACC_MI: 0.8975957257346393 BEST_F1_MA: 0.9013883542214333
[[869  10  13   1]
 [605 191   6   2]
 [  0  26 720   0]
 [  0   1   0 925]]
Epoch: [40/200], cls_loss: 0.0000, transfer_loss: 0.0000,person_loss: 0.0000, total_Loss: 0.0000
trian begin
trian end
ACC: 83.4075393291778
SAMPLE
F1_MI: 0.834075393291778 F1_MA: 0.8402834372083993 ACC_MI: 0.8340753932917779 F1_MA: 0.8516519932395454
BEST_F1_MI: 0.8975957257346393 BEST_F1_MA: 0.8981633862201668 BEST_ACC_MI: 0.8975957257346393 BEST_F1_MA: 0.9013883542214333
[[797  79  17   0]
 [443 344  17   0]
 [  0   1 745   0]
 [  0   2   0 924]]
Epoch: [41/200], cls_loss: 0.0000, transfer_loss: 0.0000,person_loss: 0.0000, total_Loss: 0.0000
trian begin
trian end
ACC: 83.02166815078658
SAMPLE
F1_MI: 0.8278420896408429 F1_MA: 0.8292633471746768 ACC_MI: 0.8278420896408429 F1_MA: 0.835539681154478
BEST_F1_MI: 0.8975957257346393 BEST_F1_MA: 0.8981633862201668 BEST_ACC_MI: 0.8975957257346393 BEST_F1_MA: 0.9013883542214333
[[785  64  43   1]
 [329 334 136   5]
 [  0   0 746   0]
 [  0   0   2 924]]
Epoch: [42/200], cls_loss: 0.0000, transfer_loss: 0.0000,person_loss: 0.0000, total_Loss: 0.0000
trian begin
trian end
ACC: 82.39833778569309
SAMPLE
F1_MI: 0.8219056099732859 F1_MA: 0.8363103940155624 ACC_MI: 0.8219056099732859 F1_MA: 0.860802205458489
BEST_F1_MI: 0.8975957257346393 BEST_F1_MA: 0.8981633862201668 BEST_ACC_MI: 0.8975957257346393 BEST_F1_MA: 0.9013883542214333
[[865  28   0   0]
 [520 284   0   0]
 [ 21  29 696   0]
 [  0   2   0 924]]
Epoch: [43/200], cls_loss: 0.0000, transfer_loss: 0.0000,person_loss: 0.0000, total_Loss: 0.0000
trian begin
trian end
ACC: 86.82101513802316
SAMPLE
F1_MI: 0.8682101513802315 F1_MA: 0.8659198922890936 ACC_MI: 0.8682101513802315 F1_MA: 0.8646423395234069
BEST_F1_MI: 0.8975957257346393 BEST_F1_MA: 0.8981633862201668 BEST_ACC_MI: 0.8975957257346393 BEST_F1_MA: 0.9013883542214333
[[723 129  40   1]
 [219 533  52   0]
 [  1   0 744   1]
 [  0   0   1 925]]
Epoch: [44/200], cls_loss: 0.0000, transfer_loss: 0.0000,person_loss: 0.0000, total_Loss: 0.0000
trian begin
trian end
ACC: 85.51498961116059
SAMPLE
F1_MI: 0.8551498961116059 F1_MA: 0.853420001800388 ACC_MI: 0.8551498961116059 F1_MA: 0.854485483394315
BEST_F1_MI: 0.8975957257346393 BEST_F1_MA: 0.8981633862201668 BEST_ACC_MI: 0.8975957257346393 BEST_F1_MA: 0.9013883542214333
[[764 115  14   0]
 [284 457  63   0]
 [  1   5 740   0]
 [  0   6   0 920]]
Epoch: [45/200], cls_loss: 0.0000, transfer_loss: 0.0000,person_loss: 0.0000, total_Loss: 0.0000
trian begin
trian end
ACC: 80.97358266547937
SAMPLE
F1_MI: 0.809142178688038 F1_MA: 0.8173301133253524 ACC_MI: 0.809142178688038 F1_MA: 0.8355492212095986
BEST_F1_MI: 0.8975957257346393 BEST_F1_MA: 0.8981633862201668 BEST_ACC_MI: 0.8975957257346393 BEST_F1_MA: 0.9013883542214333
[[856  37   0   0]
 [544 258   1   1]
 [  4  54 688   0]
 [  0   2   0 924]]
Epoch: [46/200], cls_loss: 0.0000, transfer_loss: 0.0000,person_loss: 0.0000, total_Loss: 0.0000
trian begin
trian end
ACC: 81.50786583555951
SAMPLE
F1_MI: 0.813297714455328 F1_MA: 0.8160641039663022 ACC_MI: 0.813297714455328 F1_MA: 0.8248283311253437
BEST_F1_MI: 0.8975957257346393 BEST_F1_MA: 0.8981633862201668 BEST_ACC_MI: 0.8975957257346393 BEST_F1_MA: 0.9013883542214333
[[780  98  15   0]
 [473 314  17   0]
 [  2  21 723   0]
 [  0   3   0 923]]
Epoch: [47/200], cls_loss: 0.0000, transfer_loss: 0.0000,person_loss: 0.0000, total_Loss: 0.0000
trian begin
trian end
ACC: 90.76877411694865
SAMPLE
F1_MI: 0.9065004452359751 F1_MA: 0.9065696316847295 ACC_MI: 0.9065004452359751 F1_MA: 0.9103371607075751
BEST_F1_MI: 0.9065004452359751 BEST_F1_MA: 0.9065696316847295 BEST_ACC_MI: 0.9065004452359751 BEST_F1_MA: 0.9103371607075751
[[833  52   8   0]
 [190 599  15   0]
 [  9  39 698   0]
 [  1   1   0 924]]
Epoch: [48/200], cls_loss: 0.0000, transfer_loss: 0.0000,person_loss: 0.0000, total_Loss: 0.0000
trian begin
trian end
ACC: 84.14959928762244
SAMPLE
F1_MI: 0.8414959928762245 F1_MA: 0.843256378371506 ACC_MI: 0.8414959928762245 F1_MA: 0.8445244376820495
BEST_F1_MI: 0.9065004452359751 BEST_F1_MA: 0.9065696316847295 BEST_ACC_MI: 0.9065004452359751 BEST_F1_MA: 0.9103371607075751
[[576 301  16   0]
 [ 85 669  50   0]
 [ 70   9 667   0]
 [  0   1   2 923]]
Epoch: [49/200], cls_loss: 0.0000, transfer_loss: 0.0000,person_loss: 0.0000, total_Loss: 0.0000
trian begin
trian end
ACC: 88.39418224992579
SAMPLE
F1_MI: 0.8827545265657465 F1_MA: 0.8907550587105005 ACC_MI: 0.8827545265657465 F1_MA: 0.9053333447760481
BEST_F1_MI: 0.9065004452359751 BEST_F1_MA: 0.9065696316847295 BEST_ACC_MI: 0.9065004452359751 BEST_F1_MA: 0.9103371607075751
[[865  28   0   0]
 [282 514   8   0]
 [ 55  15 676   0]
 [  2   5   0 919]]
Epoch: [50/200], cls_loss: 0.0000, transfer_loss: 0.0000,person_loss: 0.0000, total_Loss: 0.0000
trian begin
trian end
ACC: 84.2386464826358
SAMPLE
F1_MI: 0.8403086969427129 F1_MA: 0.8602154885448646 ACC_MI: 0.8403086969427129 F1_MA: 0.8907223832852104
BEST_F1_MI: 0.9065004452359751 BEST_F1_MA: 0.9065696316847295 BEST_ACC_MI: 0.9065004452359751 BEST_F1_MA: 0.9103371607075751
[[892   1   0   0]
 [463 317  24   0]
 [ 35  12 699   0]
 [  1   2   0 923]]
Epoch: [51/200], cls_loss: 0.0000, transfer_loss: 0.0000,person_loss: 0.0000, total_Loss: 0.0000
trian begin
trian end
ACC: 86.16800237459186
SAMPLE
F1_MI: 0.8616800237459187 F1_MA: 0.8624002173116988 ACC_MI: 0.8616800237459187 F1_MA: 0.8668558211039186
BEST_F1_MI: 0.9065004452359751 BEST_F1_MA: 0.9065696316847295 BEST_ACC_MI: 0.9065004452359751 BEST_F1_MA: 0.9103371607075751
[[754 136   3   0]
 [260 541   3   0]
 [  8  54 684   0]
 [  1   1   0 924]]
Epoch: [52/200], cls_loss: 0.0000, transfer_loss: 0.0000,person_loss: 0.0000, total_Loss: 0.0000
trian begin
trian end
ACC: 81.68596022558623
SAMPLE
F1_MI: 0.8147818343722173 F1_MA: 0.8221010768502975 ACC_MI: 0.8147818343722173 F1_MA: 0.8374648294583771
BEST_F1_MI: 0.9065004452359751 BEST_F1_MA: 0.9065696316847295 BEST_ACC_MI: 0.9065004452359751 BEST_F1_MA: 0.9103371607075751
[[807  77   9   0]
 [471 327   6   0]
 [ 32  27 687   0]
 [  0   2   0 924]]
Epoch: [53/200], cls_loss: 0.0000, transfer_loss: 0.0000,person_loss: 0.0000, total_Loss: 0.0000
trian begin
trian end
ACC: 86.88037993469872
SAMPLE
F1_MI: 0.8230929059067973 F1_MA: 0.8302380055498908 ACC_MI: 0.8230929059067973 F1_MA: 0.8347087764244174
BEST_F1_MI: 0.9065004452359751 BEST_F1_MA: 0.9065696316847295 BEST_ACC_MI: 0.9065004452359751 BEST_F1_MA: 0.9103371607075751
[[776 101  16   0]
 [241 537  26   0]
 [  2  16 728   0]
 [  2 189   3 732]]
Epoch: [54/200], cls_loss: 0.0000, transfer_loss: 0.0000,person_loss: 0.0000, total_Loss: 0.0000
trian begin
trian end
ACC: 57.16829919857525
SAMPLE
F1_MI: 0.5716829919857525 F1_MA: 0.6581941389688275 ACC_MI: 0.5716829919857525 F1_MA: 0.7408573838101996
BEST_F1_MI: 0.9065004452359751 BEST_F1_MA: 0.9065696316847295 BEST_ACC_MI: 0.9065004452359751 BEST_F1_MA: 0.9103371607075751
[[732 148  13   0]
 [338 465   1   0]
 [  0  43 703   0]
 [  0 900   0  26]]
Epoch: [55/200], cls_loss: 0.0000, transfer_loss: 0.0000,person_loss: 0.0000, total_Loss: 0.0000
trian begin
trian end
ACC: 45.740575838527754
SAMPLE
F1_MI: 0.4574057583852775 F1_MA: 0.5671517357499085 ACC_MI: 0.4574057583852775 F1_MA: 0.6781102816831606
BEST_F1_MI: 0.9065004452359751 BEST_F1_MA: 0.9065696316847295 BEST_ACC_MI: 0.9065004452359751 BEST_F1_MA: 0.9103371607075751
[[290 589  14   0]
 [287 501  16   0]
 [  0  10 736   0]
 [  0 912   0  14]]
Epoch: [56/200], cls_loss: 0.0000, transfer_loss: 0.0000,person_loss: 0.0000, total_Loss: 0.0000
trian begin
trian end
ACC: 82.63579697239537
SAMPLE
F1_MI: 0.8254674977738201 F1_MA: 0.8308553491079665 ACC_MI: 0.8254674977738201 F1_MA: 0.8428325085528298
BEST_F1_MI: 0.9065004452359751 BEST_F1_MA: 0.9065696316847295 BEST_ACC_MI: 0.9065004452359751 BEST_F1_MA: 0.9103371607075751
[[804  89   0   0]
 [464 337   3   0]
 [  5  26 715   0]
 [  0   1   0 925]]
Epoch: [57/200], cls_loss: 0.0000, transfer_loss: 0.0000,person_loss: 0.0000, total_Loss: 0.0000
trian begin
trian end
ACC: 72.8109231225883
SAMPLE
F1_MI: 0.7281092312258829 F1_MA: 0.7348893756127568 ACC_MI: 0.728109231225883 F1_MA: 0.7373740419173158
BEST_F1_MI: 0.9065004452359751 BEST_F1_MA: 0.9065696316847295 BEST_ACC_MI: 0.9065004452359751 BEST_F1_MA: 0.9103371607075751
[[337 513  43   0]
 [ 97 446 261   0]
 [  1   0 745   0]
 [  0   1   0 925]]
Epoch: [58/200], cls_loss: 0.0000, transfer_loss: 0.0000,person_loss: 0.0000, total_Loss: 0.0000
trian begin
trian end
ACC: 79.54882754526565
SAMPLE
F1_MI: 0.7934105075690115 F1_MA: 0.8004387343633953 ACC_MI: 0.7934105075690115 F1_MA: 0.8166268498408759
BEST_F1_MI: 0.9065004452359751 BEST_F1_MA: 0.9065696316847295 BEST_ACC_MI: 0.9065004452359751 BEST_F1_MA: 0.9103371607075751
[[821  54  18   0]
 [579 224   1   0]
 [  6  36 704   0]
 [  0   2   0 924]]
Epoch: [59/200], cls_loss: 0.0000, transfer_loss: 0.0000,person_loss: 0.0000, total_Loss: 0.0000
trian begin
trian end
ACC: 85.6634016028495
SAMPLE
F1_MI: 0.8551498961116059 F1_MA: 0.8558375241915092 ACC_MI: 0.8551498961116059 F1_MA: 0.8638508991943774
BEST_F1_MI: 0.9065004452359751 BEST_F1_MA: 0.9065696316847295 BEST_ACC_MI: 0.9065004452359751 BEST_F1_MA: 0.9103371607075751
[[817  69   7   0]
 [299 504   1   0]
 [  0 111 635   0]
 [  0   1   0 925]]
Epoch: [60/200], cls_loss: 0.0000, transfer_loss: 0.0000,person_loss: 0.0000, total_Loss: 0.0000
trian begin
trian end
ACC: 85.39626001780944
SAMPLE
F1_MI: 0.8509943603443159 F1_MA: 0.8598759443105545 ACC_MI: 0.8509943603443159 F1_MA: 0.8766673073782666
BEST_F1_MI: 0.9065004452359751 BEST_F1_MA: 0.9065696316847295 BEST_ACC_MI: 0.9065004452359751 BEST_F1_MA: 0.9103371607075751
[[863  26   4   0]
 [422 381   1   0]
 [  5  43 698   0]
 [  0   1   0 925]]
Epoch: [61/200], cls_loss: 0.0000, transfer_loss: 0.0000,person_loss: 0.0000, total_Loss: 0.0000
trian begin
trian end
ACC: 84.06055209260909
SAMPLE
F1_MI: 0.8406055209260909 F1_MA: 0.8492444416020734 ACC_MI: 0.8406055209260909 F1_MA: 0.8643982617626356
BEST_F1_MI: 0.9065004452359751 BEST_F1_MA: 0.9065696316847295 BEST_ACC_MI: 0.9065004452359751 BEST_F1_MA: 0.9103371607075751
[[872  16   5   0]
 [439 365   0   0]
 [  2  32 712   0]
 [  0  43   0 883]]
Epoch: [62/200], cls_loss: 0.0000, transfer_loss: 0.0000,person_loss: 0.0000, total_Loss: 0.0000
trian begin
trian end
ACC: 49.53992282576432
SAMPLE
F1_MI: 0.4945087563075096 F1_MA: 0.5696775517437659 ACC_MI: 0.4945087563075096 F1_MA: 0.6496965926160659
BEST_F1_MI: 0.9065004452359751 BEST_F1_MA: 0.9065696316847295 BEST_ACC_MI: 0.9065004452359751 BEST_F1_MA: 0.9103371607075751
[[889   4   0   0]
 [740  61   3   0]
 [  9  30 707   0]
 [  0 917   0   9]]
Epoch: [63/200], cls_loss: 0.0000, transfer_loss: 0.0000,person_loss: 0.0000, total_Loss: 0.0000
trian begin
trian end
ACC: 83.64499851588009
SAMPLE
F1_MI: 0.8361531611754229 F1_MA: 0.8357512372931692 ACC_MI: 0.8361531611754229 F1_MA: 0.8379215733371231
BEST_F1_MI: 0.9065004452359751 BEST_F1_MA: 0.9065696316847295 BEST_ACC_MI: 0.9065004452359751 BEST_F1_MA: 0.9103371607075751
[[718 163  12   0]
 [339 451  14   0]
 [  1  17 728   0]
 [  0   3   3 920]]
Epoch: [64/200], cls_loss: 0.0000, transfer_loss: 0.0000,person_loss: 0.0000, total_Loss: 0.0000
trian begin
trian end
ACC: 75.95725734639359
SAMPLE
F1_MI: 0.7589789254971802 F1_MA: 0.7574984791400938 ACC_MI: 0.7589789254971802 F1_MA: 0.7698484552864544
BEST_F1_MI: 0.9065004452359751 BEST_F1_MA: 0.9065696316847295 BEST_ACC_MI: 0.9065004452359751 BEST_F1_MA: 0.9103371607075751
[[876   9   8   0]
 [668 134   2   0]
 [ 17 100 629   0]
 [  0   8   0 918]]
Epoch: [65/200], cls_loss: 0.0000, transfer_loss: 0.0000,person_loss: 0.0000, total_Loss: 0.0000
trian begin
trian end
ACC: 81.38913624220837
SAMPLE
F1_MI: 0.8138913624220837 F1_MA: 0.8167138492146649 ACC_MI: 0.8138913624220837 F1_MA: 0.8272351188324112
BEST_F1_MI: 0.9065004452359751 BEST_F1_MA: 0.9065696316847295 BEST_ACC_MI: 0.9065004452359751 BEST_F1_MA: 0.9103371607075751
[[813  66  14   0]
 [469 317  18   0]
 [  3  51 692   0]
 [  0   6   0 920]]
Epoch: [66/200], cls_loss: 0.0000, transfer_loss: 0.0000,person_loss: 0.0000, total_Loss: 0.0000
trian begin
trian end
ACC: 79.57850994360345
SAMPLE
F1_MI: 0.7957850994360345 F1_MA: 0.7954117191862436 ACC_MI: 0.7957850994360345 F1_MA: 0.7973253327027571
BEST_F1_MI: 0.9065004452359751 BEST_F1_MA: 0.9065696316847295 BEST_ACC_MI: 0.9065004452359751 BEST_F1_MA: 0.9103371607075751
[[626 255  12   0]
 [373 423   8   0]
 [  5  33 708   0]
 [  0   2   0 924]]
Epoch: [67/200], cls_loss: 0.0000, transfer_loss: 0.0000,person_loss: 0.0000, total_Loss: 0.0000
trian begin
trian end
ACC: 79.37073315523894
SAMPLE
F1_MI: 0.7937073315523896 F1_MA: 0.812916896384212 ACC_MI: 0.7937073315523895 F1_MA: 0.844763323006967
BEST_F1_MI: 0.9065004452359751 BEST_F1_MA: 0.9065696316847295 BEST_ACC_MI: 0.9065004452359751 BEST_F1_MA: 0.9103371607075751
[[876  16   1   0]
 [619 185   0   0]
 [ 29  22 693   2]
 [  0   6   0 920]]
Epoch: [68/200], cls_loss: 0.0000, transfer_loss: 0.0000,person_loss: 0.0000, total_Loss: 0.0000
trian begin
trian end
ACC: 78.30216681507866
SAMPLE
F1_MI: 0.7827248441674086 F1_MA: 0.7931988735243536 ACC_MI: 0.7827248441674087 F1_MA: 0.8132835710041593
BEST_F1_MI: 0.9065004452359751 BEST_F1_MA: 0.9065696316847295 BEST_ACC_MI: 0.9065004452359751 BEST_F1_MA: 0.9103371607075751
[[833  45  15   0]
 [645 155   4   0]
 [  6  11 729   0]
 [  1   5   0 920]]
Epoch: [69/200], cls_loss: 0.0000, transfer_loss: 0.0000,person_loss: 0.0000, total_Loss: 0.0000
trian begin
trian end
ACC: 80.37993469872366
SAMPLE
F1_MI: 0.8037993469872365 F1_MA: 0.8106991765871743 ACC_MI: 0.8037993469872365 F1_MA: 0.8247516168856708
BEST_F1_MI: 0.9065004452359751 BEST_F1_MA: 0.9065696316847295 BEST_ACC_MI: 0.9065004452359751 BEST_F1_MA: 0.9103371607075751
[[807  75  11   0]
 [544 243  17   0]
 [  3   6 737   0]
 [  0   4   1 921]]
Epoch: [70/200], cls_loss: 0.0000, transfer_loss: 0.0000,person_loss: 0.0000, total_Loss: 0.0000
trian begin
trian end
ACC: 79.8753339269813
SAMPLE
F1_MI: 0.798753339269813 F1_MA: 0.7970467777963046 ACC_MI: 0.798753339269813 F1_MA: 0.8005593180603431
BEST_F1_MI: 0.9065004452359751 BEST_F1_MA: 0.9065696316847295 BEST_ACC_MI: 0.9065004452359751 BEST_F1_MA: 0.9103371607075751
[[751 128  14   0]
 [480 274  50   0]
 [  0   4 742   0]
 [  0   2   0 924]]
Epoch: [71/200], cls_loss: 0.0000, transfer_loss: 0.0000,person_loss: 0.0000, total_Loss: 0.0000
trian begin
trian end
ACC: 65.71682991985753
SAMPLE
F1_MI: 0.6542000593647966 F1_MA: 0.6703426934581134 ACC_MI: 0.6542000593647966 F1_MA: 0.7194464105918454
BEST_F1_MI: 0.9065004452359751 BEST_F1_MA: 0.9065696316847295 BEST_ACC_MI: 0.9065004452359751 BEST_F1_MA: 0.9103371607075751
[[801  90   2   0]
 [522 275   7   0]
 [242 301 203   0]
 [  0   0   1 925]]
Epoch: [72/200], cls_loss: 0.0000, transfer_loss: 0.0000,person_loss: 0.0000, total_Loss: 0.0000
trian begin
trian end
ACC: 53.57672899970318
SAMPLE
F1_MI: 0.5357672899970317 F1_MA: 0.5992211711583995 ACC_MI: 0.5357672899970317 F1_MA: 0.6517714875352438
BEST_F1_MI: 0.9065004452359751 BEST_F1_MA: 0.9065696316847295 BEST_ACC_MI: 0.9065004452359751 BEST_F1_MA: 0.9103371607075751
[[792  89  12   0]
 [509 274  21   0]
 [  0   8 738   0]
 [  0 703 222   1]]
Epoch: [73/200], cls_loss: 0.0000, transfer_loss: 0.0000,person_loss: 0.0000, total_Loss: 0.0000
trian begin
trian end
ACC: 83.97150489759572
SAMPLE
F1_MI: 0.8391214010092015 F1_MA: 0.8393709566656445 ACC_MI: 0.8391214010092015 F1_MA: 0.8444410868858901
BEST_F1_MI: 0.9065004452359751 BEST_F1_MA: 0.9065696316847295 BEST_ACC_MI: 0.9065004452359751 BEST_F1_MA: 0.9103371607075751
[[744 134  13   2]
 [315 485   4   0]
 [  6  67 673   0]
 [  0   1   0 925]]
Epoch: [74/200], cls_loss: 0.0000, transfer_loss: 0.0000,person_loss: 0.0000, total_Loss: 0.0000
trian begin
trian end
ACC: 56.30750964677946
SAMPLE
F1_MI: 0.5609973285841496 F1_MA: 0.582230231523656 ACC_MI: 0.5609973285841496 F1_MA: 0.6540418145329732
BEST_F1_MI: 0.9065004452359751 BEST_F1_MA: 0.9065696316847295 BEST_ACC_MI: 0.9065004452359751 BEST_F1_MA: 0.9103371607075751
[[850  43   0   0]
 [735  69   0   0]
 [ 22 677  47   0]
 [  0   2   0 924]]
Epoch: [75/200], cls_loss: 0.0000, transfer_loss: 0.0000,person_loss: 0.0000, total_Loss: 0.0000
trian begin
trian end
ACC: 84.17928168596022
SAMPLE
F1_MI: 0.8417928168596023 F1_MA: 0.8388049033724411 ACC_MI: 0.8417928168596023 F1_MA: 0.8369480663857356
BEST_F1_MI: 0.9065004452359751 BEST_F1_MA: 0.9065696316847295 BEST_ACC_MI: 0.9065004452359751 BEST_F1_MA: 0.9103371607075751
[[683 188  22   0]
 [272 488  44   0]
 [  0   6 740   0]
 [  0   1   0 925]]
Epoch: [76/200], cls_loss: 0.0000, transfer_loss: 0.0000,person_loss: 0.0000, total_Loss: 0.0000
trian begin
trian end
ACC: 82.72484416740873
SAMPLE
F1_MI: 0.8272484416740873 F1_MA: 0.8271088550289342 ACC_MI: 0.8272484416740873 F1_MA: 0.8299581921252945
BEST_F1_MI: 0.9065004452359751 BEST_F1_MA: 0.9065696316847295 BEST_ACC_MI: 0.9065004452359751 BEST_F1_MA: 0.9103371607075751
[[713 175   5   0]
 [370 421  13   0]
 [  2  15 729   0]
 [  0   2   0 924]]
Epoch: [77/200], cls_loss: 0.0000, transfer_loss: 0.0000,person_loss: 0.0000, total_Loss: 0.0000
trian begin
trian end
ACC: 87.5630750964678
SAMPLE
F1_MI: 0.8756307509646779 F1_MA: 0.8763174566834491 ACC_MI: 0.8756307509646779 F1_MA: 0.8797917067041136
BEST_F1_MI: 0.9065004452359751 BEST_F1_MA: 0.9065696316847295 BEST_ACC_MI: 0.9065004452359751 BEST_F1_MA: 0.9103371607075751
[[781 105   7   0]
 [278 510  16   0]
 [  0  13 733   0]
 [  0   0   0 926]]
Epoch: [78/200], cls_loss: 0.0000, transfer_loss: 0.0000,person_loss: 0.0000, total_Loss: 0.0000
trian begin
trian end
ACC: 84.77292965271594
SAMPLE
F1_MI: 0.8477292965271594 F1_MA: 0.8499944740751939 ACC_MI: 0.8477292965271594 F1_MA: 0.8584226401643197
BEST_F1_MI: 0.9065004452359751 BEST_F1_MA: 0.9065696316847295 BEST_ACC_MI: 0.9065004452359751 BEST_F1_MA: 0.9103371607075751
[[811  74   8   0]
 [365 432   7   0]
 [  1  56 689   0]
 [  0   2   0 924]]
Epoch: [79/200], cls_loss: 0.0000, transfer_loss: 0.0000,person_loss: 0.0000, total_Loss: 0.0000
trian begin
trian end
ACC: 79.8753339269813
SAMPLE
F1_MI: 0.7981596913030573 F1_MA: 0.7982037116572612 ACC_MI: 0.7981596913030573 F1_MA: 0.8040030515137624
BEST_F1_MI: 0.9065004452359751 BEST_F1_MA: 0.9065696316847295 BEST_ACC_MI: 0.9065004452359751 BEST_F1_MA: 0.9103371607075751
[[754 108  31   0]
 [486 284  34   0]
 [  2  17 727   0]
 [  0   2   0 924]]
Epoch: [80/200], cls_loss: 0.0000, transfer_loss: 0.0000,person_loss: 0.0000, total_Loss: 0.0000
trian begin
trian end
ACC: 82.16087859899079
SAMPLE
F1_MI: 0.8216087859899079 F1_MA: 0.8333507775232211 ACC_MI: 0.8216087859899079 F1_MA: 0.8523795944550498
BEST_F1_MI: 0.9065004452359751 BEST_F1_MA: 0.9065696316847295 BEST_ACC_MI: 0.9065004452359751 BEST_F1_MA: 0.9103371607075751
[[842  17  34   0]
 [418 265 121   0]
 [  0   0 746   0]
 [  0   7   4 915]]
Epoch: [81/200], cls_loss: 0.0000, transfer_loss: 0.0000,person_loss: 0.0000, total_Loss: 0.0000
trian begin
trian end
ACC: 84.32769367764915
SAMPLE
F1_MI: 0.8432769367764915 F1_MA: 0.845919610773 ACC_MI: 0.8432769367764915 F1_MA: 0.8541834270078545
BEST_F1_MI: 0.9065004452359751 BEST_F1_MA: 0.9065696316847295 BEST_ACC_MI: 0.9065004452359751 BEST_F1_MA: 0.9103371607075751
[[797  88   8   0]
 [381 418   4   1]
 [  1  43 702   0]
 [  0   1   1 924]]
Epoch: [82/200], cls_loss: 0.0000, transfer_loss: 0.0000,person_loss: 0.0000, total_Loss: 0.0000
trian begin
trian end
ACC: 59.038290293855745
SAMPLE
F1_MI: 0.5874146631047789 F1_MA: 0.6619658987255699 ACC_MI: 0.5874146631047789 F1_MA: 0.7294250612432343
BEST_F1_MI: 0.9065004452359751 BEST_F1_MA: 0.9065696316847295 BEST_ACC_MI: 0.9065004452359751 BEST_F1_MA: 0.9103371607075751
[[833  45  15   0]
 [380 401  23   0]
 [  5  21 720   0]
 [  0 892   9  25]]
Epoch: [83/200], cls_loss: 0.0000, transfer_loss: 0.0000,person_loss: 0.0000, total_Loss: 0.0000
trian begin
trian end
ACC: 82.54674977738202
SAMPLE
F1_MI: 0.8236865538735529 F1_MA: 0.8232728611388234 ACC_MI: 0.8236865538735529 F1_MA: 0.82721633214703
BEST_F1_MI: 0.9065004452359751 BEST_F1_MA: 0.9065696316847295 BEST_ACC_MI: 0.9065004452359751 BEST_F1_MA: 0.9103371607075751
[[716 163  14   0]
 [345 451   8   0]
 [  0  62 684   0]
 [  0   2   0 924]]
Epoch: [84/200], cls_loss: 0.0000, transfer_loss: 0.0000,person_loss: 0.0000, total_Loss: 0.0000
trian begin
trian end
ACC: 84.89165924606708
SAMPLE
F1_MI: 0.8480261205105373 F1_MA: 0.848004711076258 ACC_MI: 0.8480261205105373 F1_MA: 0.8515198422889996
BEST_F1_MI: 0.9065004452359751 BEST_F1_MA: 0.9065696316847295 BEST_ACC_MI: 0.9065004452359751 BEST_F1_MA: 0.9103371607075751
[[743 131  16   3]
 [295 483  24   2]
 [ 24  16 706   0]
 [  0   1   0 925]]
Epoch: [85/200], cls_loss: 0.0000, transfer_loss: 0.0000,person_loss: 0.0000, total_Loss: 0.0000
trian begin
trian end
ACC: 84.17928168596022
SAMPLE
F1_MI: 0.8417928168596023 F1_MA: 0.8406595339170773 ACC_MI: 0.8417928168596023 F1_MA: 0.8423589913173246
BEST_F1_MI: 0.9065004452359751 BEST_F1_MA: 0.9065696316847295 BEST_ACC_MI: 0.9065004452359751 BEST_F1_MA: 0.9103371607075751
[[731 146  16   0]
 [319 457  28   0]
 [  3  17 726   0]
 [  0   4   0 922]]
Epoch: [86/200], cls_loss: 0.0000, transfer_loss: 0.0000,person_loss: 0.0000, total_Loss: 0.0000
trian begin
trian end
ACC: 77.47105966162066
SAMPLE
F1_MI: 0.7747105966162066 F1_MA: 0.7848760625529663 ACC_MI: 0.7747105966162066 F1_MA: 0.8073124748207534
BEST_F1_MI: 0.9065004452359751 BEST_F1_MA: 0.9065696316847295 BEST_ACC_MI: 0.9065004452359751 BEST_F1_MA: 0.9103371607075751
[[803  88   0   2]
 [481 321   1   1]
 [111  54 581   0]
 [  0   1  20 905]]
Epoch: [87/200], cls_loss: 0.0000, transfer_loss: 0.0000,person_loss: 0.0000, total_Loss: 0.0000
trian begin
trian end
ACC: 52.12229148115168
SAMPLE
F1_MI: 0.5212229148115167 F1_MA: 0.5912401851525613 ACC_MI: 0.5212229148115167 F1_MA: 0.6544702579914881
BEST_F1_MI: 0.9065004452359751 BEST_F1_MA: 0.9065696316847295 BEST_ACC_MI: 0.9065004452359751 BEST_F1_MA: 0.9103371607075751
[[682 196  15   0]
 [429 368   7   0]
 [ 32  51 663   0]
 [  0   0 883  43]]
Epoch: [88/200], cls_loss: 0.0000, transfer_loss: 0.0000,person_loss: 0.0000, total_Loss: 0.0000
trian begin
trian end
ACC: 76.52122291481152
SAMPLE
F1_MI: 0.7595725734639359 F1_MA: 0.7727218993118916 ACC_MI: 0.7595725734639359 F1_MA: 0.7919335298378838
BEST_F1_MI: 0.9065004452359751 BEST_F1_MA: 0.9065696316847295 BEST_ACC_MI: 0.9065004452359751 BEST_F1_MA: 0.9103371607075751
[[797  38  58   0]
 [532 174  98   0]
 [  1   1 744   0]
 [  0   2  80 844]]
Epoch: [89/200], cls_loss: 0.0000, transfer_loss: 0.0000,person_loss: 0.0000, total_Loss: 0.0000
trian begin
trian end
ACC: 82.93262095577323
SAMPLE
F1_MI: 0.8281389136242209 F1_MA: 0.8339310560601758 ACC_MI: 0.8281389136242209 F1_MA: 0.8499090416197013
BEST_F1_MI: 0.9065004452359751 BEST_F1_MA: 0.9065696316847295 BEST_ACC_MI: 0.9065004452359751 BEST_F1_MA: 0.9103371607075751
[[849  44   0   0]
 [401 403   0   0]
 [ 36  91 619   0]
 [  0   7   0 919]]
Epoch: [90/200], cls_loss: 0.0000, transfer_loss: 0.0000,person_loss: 0.0000, total_Loss: 0.0000
trian begin
trian end
ACC: 83.97150489759572
SAMPLE
F1_MI: 0.8397150489759573 F1_MA: 0.846269643104943 ACC_MI: 0.8397150489759573 F1_MA: 0.859448891058964
BEST_F1_MI: 0.9065004452359751 BEST_F1_MA: 0.9065696316847295 BEST_ACC_MI: 0.9065004452359751 BEST_F1_MA: 0.9103371607075751
[[831  56   6   0]
 [428 353  23   0]
 [  5  20 721   0]
 [  0   2   0 924]]
Epoch: [91/200], cls_loss: 0.0000, transfer_loss: 0.0000,person_loss: 0.0000, total_Loss: 0.0000
trian begin
trian end
ACC: 81.24072425051945
SAMPLE
F1_MI: 0.8121104185218165 F1_MA: 0.8223767059519619 ACC_MI: 0.8121104185218165 F1_MA: 0.8388607671179684
BEST_F1_MI: 0.9065004452359751 BEST_F1_MA: 0.9065696316847295 BEST_ACC_MI: 0.9065004452359751 BEST_F1_MA: 0.9103371607075751
[[636 257   0   0]
 [179 624   1   0]
 [  3 191 552   0]
 [  0   1   1 924]]
Epoch: [92/200], cls_loss: 0.0000, transfer_loss: 0.0000,person_loss: 0.0000, total_Loss: 0.0000
trian begin
trian end
ACC: 82.45770258236865
SAMPLE
F1_MI: 0.8242802018403087 F1_MA: 0.8324710548953339 ACC_MI: 0.8242802018403087 F1_MA: 0.8486984787444684
BEST_F1_MI: 0.9065004452359751 BEST_F1_MA: 0.9065696316847295 BEST_ACC_MI: 0.9065004452359751 BEST_F1_MA: 0.9103371607075751
[[825  64   4   0]
 [470 334   0   0]
 [ 20  32 694   0]
 [  0   2   0 924]]
Epoch: [93/200], cls_loss: 0.0000, transfer_loss: 0.0000,person_loss: 0.0000, total_Loss: 0.0000
trian begin
trian end
ACC: 83.28880973582666
SAMPLE
F1_MI: 0.8325912733748887 F1_MA: 0.8491137720869059 ACC_MI: 0.8325912733748887 F1_MA: 0.8739283269948044
BEST_F1_MI: 0.9065004452359751 BEST_F1_MA: 0.9065696316847295 BEST_ACC_MI: 0.9065004452359751 BEST_F1_MA: 0.9103371607075751
[[862  18  13   0]
 [481 273  50   0]
 [  0   0 746   0]
 [  0   2   0 924]]
Epoch: [94/200], cls_loss: 0.0000, transfer_loss: 0.0000,person_loss: 0.0000, total_Loss: 0.0000
trian begin
trian end
ACC: 90.35322054021965
SAMPLE
F1_MI: 0.9008607895517957 F1_MA: 0.9055575684774788 ACC_MI: 0.9008607895517958 F1_MA: 0.9144697930702071
BEST_F1_MI: 0.9065004452359751 BEST_F1_MA: 0.9065696316847295 BEST_ACC_MI: 0.9065004452359751 BEST_F1_MA: 0.9144697930702071
[[857  23  13   0]
 [266 527  11   0]
 [  4  16 726   0]
 [  0   1   0 925]]
Epoch: [95/200], cls_loss: 0.0000, transfer_loss: 0.0000,person_loss: 0.0000, total_Loss: 0.0000
trian begin
trian end
ACC: 83.37785693084001
SAMPLE
F1_MI: 0.8328880973582665 F1_MA: 0.8341585881489135 ACC_MI: 0.8328880973582665 F1_MA: 0.8409509105160426
BEST_F1_MI: 0.9065004452359751 BEST_F1_MA: 0.9065696316847295 BEST_ACC_MI: 0.9065004452359751 BEST_F1_MA: 0.9144697930702071
[[769 112  12   0]
 [367 419  18   0]
 [ 18  36 692   0]
 [  0   0   0 926]]
Epoch: [96/200], cls_loss: 0.0000, transfer_loss: 0.0000,person_loss: 0.0000, total_Loss: 0.0000
trian begin
trian end
ACC: 63.60937963787474
SAMPLE
F1_MI: 0.5859305431878896 F1_MA: 0.6651625727917873 ACC_MI: 0.5859305431878896 F1_MA: 0.74677394876202
BEST_F1_MI: 0.9065004452359751 BEST_F1_MA: 0.9065696316847295 BEST_ACC_MI: 0.9065004452359751 BEST_F1_MA: 0.9144697930702071
[[872  21   0   0]
 [377 425   2   0]
 [  8 115 623   0]
 [  0 872   0  54]]
Epoch: [97/200], cls_loss: 0.0000, transfer_loss: 0.0000,person_loss: 0.0000, total_Loss: 0.0000
trian begin
trian end
ACC: 73.2264766993173
SAMPLE
F1_MI: 0.7298901751261502 F1_MA: 0.720170683045835 ACC_MI: 0.7298901751261502 F1_MA: 0.7145426149101457
BEST_F1_MI: 0.9065004452359751 BEST_F1_MA: 0.9065696316847295 BEST_ACC_MI: 0.9065004452359751 BEST_F1_MA: 0.9144697930702071
[[601 273  15   4]
 [575 197  24   8]
 [  4   0 736   6]
 [  0   1   0 925]]
Epoch: [98/200], cls_loss: 0.0000, transfer_loss: 0.0000,person_loss: 0.0000, total_Loss: 0.0000
[[833  52   8   0]
 [190 599  15   0]
 [  9  39 698   0]
 [  1   1   0 924]]
[[833  52   8   0]
 [190 599  15   0]
 [  9  39 698   0]
 [  1   1   0 924]]
WHAT: True
SVAE_RESULT
{'best_f1': 0.9065696316847295, 'best_matrix': [[833, 52, 8, 0], [190, 599, 15, 0], [9, 39, 698, 0], [1, 1, 0, 924]], 'args': 0.1}
{"best_f1": 0.9065696316847295, "best_matrix": [[833, 52, 8, 0], [190, 599, 15, 0], [9, 39, 698, 0], [1, 1, 0, 924]], "args": 0.1}
ARG: Namespace(backbone='resnet50', batch_size=32, config='DWL/DWL.yaml', data_dir='data', device=device(type='cuda'), early_stop=50, epoch_based_training=False, lr=0.003, lr_decay=0.75, lr_gamma=0.0003, lr_scheduler=True, max_iter=21000, method='True', momentum=0.9, myweight=0.1, n_class=4, n_epoch=200, n_iter_per_epoch=105, num_workers=3, seed=2, src_domain='PAMAP2', tgt_domain='UCI', tname='transfer', transfer_loss='dwl', transfer_loss_weight=0.5, use_bottleneck=True, weight_decay=0.0005)
