adv 2 PAMAP2 UCI DANN/DANN.yaml True
Namespace(backbone='resnet50', batch_size=32, config='DANN/DANN.yaml', data_dir='data', device=device(type='cuda'), early_stop=50, epoch_based_training=False, lr=0.003, lr_decay=0.75, lr_gamma=0.0003, lr_scheduler=True, method='True', momentum=0.9, myweight=0.1, n_epoch=200, n_iter_per_epoch=100, num_workers=3, seed=2, src_domain='PAMAP2', tgt_domain='UCI', tname='transfer', transfer_loss='adv', transfer_loss_weight=0.5, use_bottleneck=True, weight_decay=0.0005)
JUST DO IT
run my Parkinson code
transfer
TRAIN Length: 4725 360 TEST Length: 3369 615
YYY: 0 3
DATA_PROFILE   train: 4725 train2: 3369 test: 3369
DATASET.SHAPE: <data_loader.GetTrainLoader object at 0x7f76a12f7ef0> True
DATASET.SHAPE: <data_loader.GetTrainLoader object at 0x7f76a1293160> True
DATASET.SHAPE: <data_loader.GetTestLoader object at 0x7f76a1287fd0> False
CLASS: 4 615
LLL: {}
BOTTLENECK_LIST: [Linear(in_features=512, out_features=256, bias=True), ReLU()]
TYPE: {'loss_type': 'adv', 'max_iter': 21000, 'num_class': 4, 'my_person_item': <my_person_item.PersonItem object at 0x7f775ee07198>}
initial_lr 1.0
transfer_world
method True <class 'str'>
1.10.1+cu102
True
LEN: 0 0
LOADER: <data_loader.InfiniteDataLoader object at 0x7f76a1293fd0> <data_loader.InfiniteDataLoader object at 0x7f76a1287ef0>
N_batch: 105
trian begin
trian end
n_person 615
SAMPLE
F1_MI: 0.624517661027011 F1_MA: 0.6597021314083853 ACC_MI: 0.624517661027011 F1_MA: 0.7424630964999972
BEST_F1_MI: 0.624517661027011 BEST_F1_MA: 0.6597021314083853 BEST_ACC_MI: 0.624517661027011 BEST_F1_MA: 0.7424630964999972
[[757 136   0   0]
 [382 416   0   6]
 [ 32 700  14   0]
 [  0   9   0 917]]
Epoch: [ 1/200], cls_loss: 0.7209, transfer_loss: 0.6414,person_loss: -1.8531, total_Loss: 0.8563
trian begin
trian end
n_person 615
SAMPLE
F1_MI: 0.6458889878302166 F1_MA: 0.6848521624134747 ACC_MI: 0.6458889878302166 F1_MA: 0.765201106079229
BEST_F1_MI: 0.6458889878302166 BEST_F1_MA: 0.6848521624134747 BEST_ACC_MI: 0.6458889878302166 BEST_F1_MA: 0.765201106079229
[[806  47   4  36]
 [595 201   2   6]
 [462  38 246   0]
 [  0   3   0 923]]
Epoch: [ 2/200], cls_loss: 0.4732, transfer_loss: 0.5857,person_loss: -1.8719, total_Loss: 0.5788
trian begin
trian end
n_person 615
SAMPLE
F1_MI: 0.7494805580290886 F1_MA: 0.7470096878229728 ACC_MI: 0.7494805580290888 F1_MA: 0.7627093744051399
BEST_F1_MI: 0.7494805580290886 BEST_F1_MA: 0.7470096878229728 BEST_ACC_MI: 0.7494805580290888 BEST_F1_MA: 0.765201106079229
[[820  47  25   1]
 [420 359  23   2]
 [ 28 298 420   0]
 [  0   0   0 926]]
Epoch: [ 3/200], cls_loss: 0.3711, transfer_loss: 0.5448,person_loss: -1.8930, total_Loss: 0.4543
trian begin
trian end
n_person 615
SAMPLE
F1_MI: 0.6779459780350252 F1_MA: 0.7043932937899318 ACC_MI: 0.6779459780350252 F1_MA: 0.7668770740747441
BEST_F1_MI: 0.7494805580290886 BEST_F1_MA: 0.7470096878229728 BEST_ACC_MI: 0.7494805580290888 BEST_F1_MA: 0.7668770740747441
[[716 175   2   0]
 [210 593   1   0]
 [124 572  50   0]
 [  0   1   0 925]]
Epoch: [ 4/200], cls_loss: 0.3214, transfer_loss: 0.5468,person_loss: -1.9217, total_Loss: 0.4027
trian begin
trian end
n_person 615
SAMPLE
F1_MI: 0.6737904422677352 F1_MA: 0.6990856097964879 ACC_MI: 0.6737904422677352 F1_MA: 0.7418126320795018
BEST_F1_MI: 0.7494805580290886 BEST_F1_MA: 0.7470096878229728 BEST_ACC_MI: 0.7494805580290888 BEST_F1_MA: 0.7668770740747441
[[890   2   1   0]
 [729  70   5   0]
 [166  21 559   0]
 [  0   6 169 751]]
Epoch: [ 5/200], cls_loss: 0.3013, transfer_loss: 0.5333,person_loss: -1.9293, total_Loss: 0.3750
trian begin
trian end
n_person 615
SAMPLE
F1_MI: 0.734639358860196 F1_MA: 0.7556369902859901 ACC_MI: 0.7346393588601959 F1_MA: 0.797850106277802
BEST_F1_MI: 0.7494805580290886 BEST_F1_MA: 0.7556369902859901 BEST_ACC_MI: 0.7494805580290888 BEST_F1_MA: 0.797850106277802
[[850  19  16   8]
 [565 188  49   2]
 [204  31 511   0]
 [  0   0   0 926]]
Epoch: [ 6/200], cls_loss: 0.2587, transfer_loss: 0.5143,person_loss: -1.9523, total_Loss: 0.3206
trian begin
trian end
n_person 615
SAMPLE
F1_MI: 0.8061739388542596 F1_MA: 0.8121925367609758 ACC_MI: 0.8061739388542595 F1_MA: 0.826119749894841
BEST_F1_MI: 0.8061739388542596 BEST_F1_MA: 0.8121925367609758 BEST_ACC_MI: 0.8061739388542595 BEST_F1_MA: 0.826119749894841
[[810  31  52   0]
 [481 267  56   0]
 [  1  32 713   0]
 [  0   0   0 926]]
Epoch: [ 7/200], cls_loss: 0.2728, transfer_loss: 0.5448,person_loss: -1.9535, total_Loss: 0.3499
trian begin
trian end
n_person 615
SAMPLE
F1_MI: 0.38557435440783616 F1_MA: 0.35990912316241547 ACC_MI: 0.38557435440783616 F1_MA: 0.3376529751570349
BEST_F1_MI: 0.8061739388542596 BEST_F1_MA: 0.8121925367609758 BEST_ACC_MI: 0.8061739388542595 BEST_F1_MA: 0.826119749894841
[[858  22  13   0]
 [678 111  15   0]
 [385  31 330   0]
 [  0   8 918   0]]
Epoch: [ 8/200], cls_loss: 0.2360, transfer_loss: 0.5304,person_loss: -1.9567, total_Loss: 0.3055
trian begin
trian end
n_person 615
SAMPLE
F1_MI: 0.7895517957850995 F1_MA: 0.806406873339948 ACC_MI: 0.7895517957850995 F1_MA: 0.8334932761966731
BEST_F1_MI: 0.8061739388542596 BEST_F1_MA: 0.8121925367609758 BEST_ACC_MI: 0.8061739388542595 BEST_F1_MA: 0.8334932761966731
[[836   5  52   0]
 [557 169  78   0]
 [  0  15 731   0]
 [  0   2   0 924]]
Epoch: [ 9/200], cls_loss: 0.2344, transfer_loss: 0.5450,person_loss: -1.9618, total_Loss: 0.3107
trian begin
trian end
n_person 615
SAMPLE
F1_MI: 0.7527456218462452 F1_MA: 0.7770244038379073 ACC_MI: 0.7527456218462452 F1_MA: 0.8115145257452803
BEST_F1_MI: 0.8061739388542596 BEST_F1_MA: 0.8121925367609758 BEST_ACC_MI: 0.8061739388542595 BEST_F1_MA: 0.8334932761966731
[[867   4  22   0]
 [617 157  30   0]
 [ 26  20 700   0]
 [  0   1 113 812]]
Epoch: [10/200], cls_loss: 0.2128, transfer_loss: 0.5496,person_loss: -1.9631, total_Loss: 0.2913
trian begin
trian end
n_person 615
SAMPLE
F1_MI: 0.7877708518848323 F1_MA: 0.7927257392152127 ACC_MI: 0.7877708518848323 F1_MA: 0.8101473108302755
BEST_F1_MI: 0.8061739388542596 BEST_F1_MA: 0.8121925367609758 BEST_ACC_MI: 0.8061739388542595 BEST_F1_MA: 0.8334932761966731
[[872   6  13   2]
 [539 210  55   0]
 [ 28  70 648   0]
 [  0   0   2 924]]
Epoch: [11/200], cls_loss: 0.2174, transfer_loss: 0.5708,person_loss: -1.9628, total_Loss: 0.3065
trian begin
trian end
n_person 615
SAMPLE
F1_MI: 0.4630454140694569 F1_MA: 0.5484253234483 ACC_MI: 0.4630454140694568 F1_MA: 0.65701540056745
BEST_F1_MI: 0.8061739388542596 BEST_F1_MA: 0.8121925367609758 BEST_ACC_MI: 0.8061739388542595 BEST_F1_MA: 0.8334932761966731
[[887   6   0   0]
 [673 125   6   0]
 [169  32 545   0]
 [  0   5 918   3]]
Epoch: [12/200], cls_loss: 0.2017, transfer_loss: 0.5927,person_loss: -1.9677, total_Loss: 0.3012
trian begin
trian end
n_person 615
SAMPLE
F1_MI: 0.4882754526565746 F1_MA: 0.5536982852905169 ACC_MI: 0.4882754526565746 F1_MA: 0.6300608678578441
BEST_F1_MI: 0.8061739388542596 BEST_F1_MA: 0.8121925367609758 BEST_ACC_MI: 0.8061739388542595 BEST_F1_MA: 0.8334932761966731
[[890   3   0   0]
 [642 156   6   0]
 [118  99 529   0]
 [  0   2 854  70]]
Epoch: [13/200], cls_loss: 0.2145, transfer_loss: 0.6039,person_loss: -1.9657, total_Loss: 0.3199
trian begin
trian end
n_person 615
SAMPLE
F1_MI: 0.5556544968833482 F1_MA: 0.6021976762976035 ACC_MI: 0.5556544968833482 F1_MA: 0.6526425943243941
BEST_F1_MI: 0.8061739388542596 BEST_F1_MA: 0.8121925367609758 BEST_ACC_MI: 0.8061739388542595 BEST_F1_MA: 0.8334932761966731
[[872  21   0   0]
 [539 261   4   0]
 [ 68 153 525   0]
 [  0   2 710 214]]
Epoch: [14/200], cls_loss: 0.2072, transfer_loss: 0.6633,person_loss: -1.9642, total_Loss: 0.3425
trian begin
trian end
n_person 615
SAMPLE
F1_MI: 0.7910359157019887 F1_MA: 0.7881122412455769 ACC_MI: 0.7910359157019887 F1_MA: 0.7992337604671207
BEST_F1_MI: 0.8061739388542596 BEST_F1_MA: 0.8121925367609758 BEST_ACC_MI: 0.8061739388542595 BEST_F1_MA: 0.8334932761966731
[[876  13   4   0]
 [455 304  45   0]
 [ 21 163 562   0]
 [  0   2   1 923]]
Epoch: [15/200], cls_loss: 0.1995, transfer_loss: 0.6805,person_loss: -1.9651, total_Loss: 0.3432
trian begin
trian end
n_person 615
SAMPLE
F1_MI: 0.4921341644404868 F1_MA: 0.5630266241435574 ACC_MI: 0.4921341644404868 F1_MA: 0.6381516301915322
BEST_F1_MI: 0.8061739388542596 BEST_F1_MA: 0.8121925367609758 BEST_ACC_MI: 0.8061739388542595 BEST_F1_MA: 0.8334932761966731
[[828  22  43   0]
 [507 236  61   0]
 [ 10 150 586   0]
 [  0   5 913   8]]
Epoch: [16/200], cls_loss: 0.2018, transfer_loss: 0.6868,person_loss: -1.9675, total_Loss: 0.3485
trian begin
trian end
n_person 615
SAMPLE
F1_MI: 0.5336895221133867 F1_MA: 0.6025299856818397 ACC_MI: 0.5336895221133867 F1_MA: 0.6727850742499368
BEST_F1_MI: 0.8061739388542596 BEST_F1_MA: 0.8121925367609758 BEST_ACC_MI: 0.8061739388542595 BEST_F1_MA: 0.8334932761966731
[[878  14   1   0]
 [458 316  30   0]
 [ 19 137 590   0]
 [  0  16 896  14]]
Epoch: [17/200], cls_loss: 0.1599, transfer_loss: 0.6527,person_loss: -1.9698, total_Loss: 0.2893
trian begin
trian end
n_person 615
SAMPLE
F1_MI: 0.7646185811813594 F1_MA: 0.7654178110673402 ACC_MI: 0.7646185811813595 F1_MA: 0.7817393261428369
BEST_F1_MI: 0.8061739388542596 BEST_F1_MA: 0.8121925367609758 BEST_ACC_MI: 0.8061739388542595 BEST_F1_MA: 0.8334932761966731
[[873  13   7   0]
 [544 251   8   1]
 [ 36 168 542   0]
 [  0   1  15 910]]
Epoch: [18/200], cls_loss: 0.1904, transfer_loss: 0.6439,person_loss: -1.9693, total_Loss: 0.3155
trian begin
trian end
n_person 615
SAMPLE
F1_MI: 0.7889581478183437 F1_MA: 0.7962664771757981 ACC_MI: 0.7889581478183437 F1_MA: 0.8168347221875569
BEST_F1_MI: 0.8061739388542596 BEST_F1_MA: 0.8121925367609758 BEST_ACC_MI: 0.8061739388542595 BEST_F1_MA: 0.8334932761966731
[[872  14   6   1]
 [551 235  18   0]
 [ 38  82 626   0]
 [  0   0   1 925]]
Epoch: [19/200], cls_loss: 0.1658, transfer_loss: 0.6641,person_loss: -1.9699, total_Loss: 0.3008
trian begin
trian end
n_person 615
SAMPLE
F1_MI: 0.5001484119916889 F1_MA: 0.5720613014135885 ACC_MI: 0.5001484119916889 F1_MA: 0.6493530439032847
BEST_F1_MI: 0.8061739388542596 BEST_F1_MA: 0.8121925367609758 BEST_ACC_MI: 0.8061739388542595 BEST_F1_MA: 0.8334932761966731
[[887   4   2   0]
 [620 166  18   0]
 [ 31  91 624   0]
 [  0   7 911   8]]
Epoch: [20/200], cls_loss: 0.2022, transfer_loss: 0.6485,person_loss: -1.9720, total_Loss: 0.3292
trian begin
trian end
n_person 615
SAMPLE
F1_MI: 0.5479370733155239 F1_MA: 0.6204115087858479 ACC_MI: 0.5479370733155239 F1_MA: 0.6925274675647254
BEST_F1_MI: 0.8061739388542596 BEST_F1_MA: 0.8121925367609758 BEST_ACC_MI: 0.8061739388542595 BEST_F1_MA: 0.8334932761966731
[[851  21  21   0]
 [428 351  25   0]
 [  2 120 624   0]
 [  0   3 903  20]]
Epoch: [21/200], cls_loss: 0.1732, transfer_loss: 0.6691,person_loss: -1.9706, total_Loss: 0.3107
trian begin
trian end
n_person 615
SAMPLE
F1_MI: 0.703176016622143 F1_MA: 0.7086907181307719 ACC_MI: 0.703176016622143 F1_MA: 0.7211488652217464
BEST_F1_MI: 0.8061739388542596 BEST_F1_MA: 0.8121925367609758 BEST_ACC_MI: 0.8061739388542595 BEST_F1_MA: 0.8334932761966731
[[876   8   9   0]
 [511 264  29   0]
 [  9 161 576   0]
 [  0   3 270 653]]
Epoch: [22/200], cls_loss: 0.1593, transfer_loss: 0.6600,person_loss: -1.9685, total_Loss: 0.2924
trian begin
trian end
n_person 615
SAMPLE
F1_MI: 0.7916295636687445 F1_MA: 0.7930156863553398 ACC_MI: 0.7916295636687445 F1_MA: 0.8052273197004349
BEST_F1_MI: 0.8061739388542596 BEST_F1_MA: 0.8121925367609758 BEST_ACC_MI: 0.8061739388542595 BEST_F1_MA: 0.8334932761966731
[[841  22  29   1]
 [505 246  51   2]
 [ 15  74 655   2]
 [  0   1   0 925]]
Epoch: [23/200], cls_loss: 0.1594, transfer_loss: 0.6534,person_loss: -1.9716, total_Loss: 0.2889
trian begin
trian end
n_person 615
SAMPLE
F1_MI: 0.809142178688038 F1_MA: 0.8078345596417669 ACC_MI: 0.809142178688038 F1_MA: 0.8173315891201199
BEST_F1_MI: 0.809142178688038 BEST_F1_MA: 0.8121925367609758 BEST_ACC_MI: 0.809142178688038 BEST_F1_MA: 0.8334932761966731
[[848  32  13   0]
 [435 326  39   4]
 [  7 111 626   2]
 [  0   0   0 926]]
Epoch: [24/200], cls_loss: 0.1705, transfer_loss: 0.6679,person_loss: -1.9740, total_Loss: 0.3070
trian begin
trian end
n_person 615
SAMPLE
F1_MI: 0.7850994360344316 F1_MA: 0.7774506293534866 ACC_MI: 0.7850994360344316 F1_MA: 0.7804379254381961
BEST_F1_MI: 0.809142178688038 BEST_F1_MA: 0.8121925367609758 BEST_ACC_MI: 0.809142178688038 BEST_F1_MA: 0.8334932761966731
[[833   8  52   0]
 [397 295 112   0]
 [  1 131 614   0]
 [  0   2  21 903]]
Epoch: [25/200], cls_loss: 0.1742, transfer_loss: 0.6717,person_loss: -1.9700, total_Loss: 0.3130
trian begin
trian end
n_person 615
SAMPLE
F1_MI: 0.7833184921341645 F1_MA: 0.7855615488883134 ACC_MI: 0.7833184921341645 F1_MA: 0.8037990611487904
BEST_F1_MI: 0.809142178688038 BEST_F1_MA: 0.8121925367609758 BEST_ACC_MI: 0.809142178688038 BEST_F1_MA: 0.8334932761966731
[[859  28   6   0]
 [439 356   9   0]
 [ 42 204 499   1]
 [  0   1   0 925]]
Epoch: [26/200], cls_loss: 0.1511, transfer_loss: 0.6729,person_loss: -1.9700, total_Loss: 0.2906
trian begin
trian end
n_person 615
SAMPLE
F1_MI: 0.5651528643514396 F1_MA: 0.6400251617055699 ACC_MI: 0.5651528643514396 F1_MA: 0.7133078925409003
BEST_F1_MI: 0.809142178688038 BEST_F1_MA: 0.8121925367609758 BEST_ACC_MI: 0.809142178688038 BEST_F1_MA: 0.8334932761966731
[[811  27  55   0]
 [353 376  75   0]
 [  1  87 658   0]
 [  0   6 861  59]]
Epoch: [27/200], cls_loss: 0.1446, transfer_loss: 0.6698,person_loss: -1.9739, total_Loss: 0.2821
trian begin
trian end
n_person 615
SAMPLE
F1_MI: 0.5271593944790739 F1_MA: 0.6026732407744373 ACC_MI: 0.5271593944790739 F1_MA: 0.6796505565190665
BEST_F1_MI: 0.809142178688038 BEST_F1_MA: 0.8121925367609758 BEST_ACC_MI: 0.809142178688038 BEST_F1_MA: 0.8334932761966731
[[842  14  37   0]
 [461 302  41   0]
 [  9 106 631   0]
 [  0  18 907   1]]
Epoch: [28/200], cls_loss: 0.1901, transfer_loss: 0.6760,person_loss: -1.9728, total_Loss: 0.3308
trian begin
trian end
n_person 615
SAMPLE
F1_MI: 0.5405164737310775 F1_MA: 0.5901863134065671 ACC_MI: 0.5405164737310775 F1_MA: 0.6314273435982627
BEST_F1_MI: 0.809142178688038 BEST_F1_MA: 0.8121925367609758 BEST_ACC_MI: 0.809142178688038 BEST_F1_MA: 0.8334932761966731
[[869   6  18   0]
 [486 290  28   0]
 [  9  88 642   7]
 [  0   6 900  20]]
Epoch: [29/200], cls_loss: 0.1696, transfer_loss: 0.6943,person_loss: -1.9733, total_Loss: 0.3194
trian begin
trian end
n_person 615
SAMPLE
F1_MI: 0.834075393291778 F1_MA: 0.8319336849520591 ACC_MI: 0.8340753932917779 F1_MA: 0.8383300763024535
BEST_F1_MI: 0.834075393291778 BEST_F1_MA: 0.8319336849520591 BEST_ACC_MI: 0.8340753932917779 BEST_F1_MA: 0.8383300763024535
[[847  32  14   0]
 [352 378  72   2]
 [  1  80 661   4]
 [  0   0   2 924]]
Epoch: [30/200], cls_loss: 0.1294, transfer_loss: 0.6671,person_loss: -1.9756, total_Loss: 0.2654
trian begin
trian end
n_person 615
SAMPLE
F1_MI: 0.7957850994360345 F1_MA: 0.7915567795624235 ACC_MI: 0.7957850994360345 F1_MA: 0.7991893032703296
BEST_F1_MI: 0.834075393291778 BEST_F1_MA: 0.8319336849520591 BEST_ACC_MI: 0.8340753932917779 BEST_F1_MA: 0.8383300763024535
[[858  26   9   0]
 [414 346  44   0]
 [  4 164 576   2]
 [  0   2  23 901]]
Epoch: [31/200], cls_loss: 0.1347, transfer_loss: 0.6715,person_loss: -1.9754, total_Loss: 0.2729
trian begin
trian end
n_person 615
SAMPLE
F1_MI: 0.7913327396853665 F1_MA: 0.7920000044139616 ACC_MI: 0.7913327396853665 F1_MA: 0.8018325258576415
BEST_F1_MI: 0.834075393291778 BEST_F1_MA: 0.8319336849520591 BEST_ACC_MI: 0.8340753932917779 BEST_F1_MA: 0.8383300763024535
[[879  13   1   0]
 [439 326  39   0]
 [ 17 107 622   0]
 [  0  35  52 839]]
Epoch: [32/200], cls_loss: 0.1219, transfer_loss: 0.6767,person_loss: -1.9762, total_Loss: 0.2627
trian begin
trian end
n_person 615
SAMPLE
F1_MI: 0.8272484416740873 F1_MA: 0.8337896833489877 ACC_MI: 0.8272484416740873 F1_MA: 0.8498803597695199
BEST_F1_MI: 0.834075393291778 BEST_F1_MA: 0.8337896833489877 BEST_ACC_MI: 0.8340753932917779 BEST_F1_MA: 0.8498803597695199
[[848  44   0   1]
 [426 355  20   3]
 [ 34  52 658   2]
 [  0   0   0 926]]
Epoch: [33/200], cls_loss: 0.1367, transfer_loss: 0.6746,person_loss: -1.9773, total_Loss: 0.2763
trian begin
trian end
n_person 615
SAMPLE
F1_MI: 0.7963787474027901 F1_MA: 0.7984497743905561 ACC_MI: 0.7963787474027901 F1_MA: 0.8135143767324752
BEST_F1_MI: 0.834075393291778 BEST_F1_MA: 0.8337896833489877 BEST_ACC_MI: 0.8340753932917779 BEST_F1_MA: 0.8498803597695199
[[865  19   8   1]
 [494 296  12   2]
 [ 17 132 596   1]
 [  0   0   0 926]]
Epoch: [34/200], cls_loss: 0.1271, transfer_loss: 0.6925,person_loss: -1.9781, total_Loss: 0.2755
trian begin
trian end
n_person 615
SAMPLE
F1_MI: 0.8343722172751559 F1_MA: 0.8377401621181144 ACC_MI: 0.8343722172751559 F1_MA: 0.8494697948454967
BEST_F1_MI: 0.8343722172751559 BEST_F1_MA: 0.8377401621181144 BEST_ACC_MI: 0.8343722172751559 BEST_F1_MA: 0.8498803597695199
[[859  19  14   1]
 [404 333  64   3]
 [  0  52 694   0]
 [  0   0   1 925]]
Epoch: [35/200], cls_loss: 0.1309, transfer_loss: 0.6785,person_loss: -1.9779, total_Loss: 0.2723
trian begin
trian end
n_person 615
SAMPLE
F1_MI: 0.8248738498070646 F1_MA: 0.8317147004360103 ACC_MI: 0.8248738498070645 F1_MA: 0.8470954449652356
BEST_F1_MI: 0.8343722172751559 BEST_F1_MA: 0.8377401621181144 BEST_ACC_MI: 0.8343722172751559 BEST_F1_MA: 0.8498803597695199
[[848  32  13   0]
 [464 308  31   1]
 [  5  41 699   1]
 [  0   0   2 924]]
Epoch: [36/200], cls_loss: 0.1155, transfer_loss: 0.6730,person_loss: -1.9779, total_Loss: 0.2542
trian begin
trian end
n_person 615
SAMPLE
F1_MI: 0.6304541406945681 F1_MA: 0.665138274706465 ACC_MI: 0.6304541406945681 F1_MA: 0.7024806597665106
BEST_F1_MI: 0.8343722172751559 BEST_F1_MA: 0.8377401621181144 BEST_ACC_MI: 0.8343722172751559 BEST_F1_MA: 0.8498803597695199
[[874  19   0   0]
 [508 295   1   0]
 [ 66 106 573   1]
 [  0   5 539 382]]
Epoch: [37/200], cls_loss: 0.1560, transfer_loss: 0.6978,person_loss: -1.9745, total_Loss: 0.3075
trian begin
trian end
n_person 615
SAMPLE
F1_MI: 0.5381418818640546 F1_MA: 0.6024441430150629 ACC_MI: 0.5381418818640546 F1_MA: 0.6668666725722519
BEST_F1_MI: 0.8343722172751559 BEST_F1_MA: 0.8377401621181144 BEST_ACC_MI: 0.8343722172751559 BEST_F1_MA: 0.8498803597695199
[[818  70   5   0]
 [307 487  10   0]
 [ 36 222 488   0]
 [  0  16 890  20]]
Epoch: [38/200], cls_loss: 0.1507, transfer_loss: 0.6719,person_loss: -1.9762, total_Loss: 0.2890
trian begin
trian end
n_person 615
SAMPLE
F1_MI: 0.7764915405164738 F1_MA: 0.7817694749476896 ACC_MI: 0.7764915405164737 F1_MA: 0.8031229793346769
BEST_F1_MI: 0.8343722172751559 BEST_F1_MA: 0.8377401621181144 BEST_ACC_MI: 0.8343722172751559 BEST_F1_MA: 0.8498803597695199
[[873  20   0   0]
 [520 276   3   5]
 [ 56 147 541   2]
 [  0   0   0 926]]
Epoch: [39/200], cls_loss: 0.1548, transfer_loss: 0.6881,person_loss: -1.9761, total_Loss: 0.3013
trian begin
trian end
n_person 615
SAMPLE
F1_MI: 0.8141881864054615 F1_MA: 0.8180130775308471 ACC_MI: 0.8141881864054615 F1_MA: 0.8329174048404675
BEST_F1_MI: 0.8343722172751559 BEST_F1_MA: 0.8377401621181144 BEST_ACC_MI: 0.8343722172751559 BEST_F1_MA: 0.8498803597695199
[[870  23   0   0]
 [461 323  18   2]
 [ 16  98 632   0]
 [  0   0   8 918]]
Epoch: [40/200], cls_loss: 0.1125, transfer_loss: 0.6683,person_loss: -1.9792, total_Loss: 0.2487
trian begin
trian end
n_person 615
SAMPLE
F1_MI: 0.7951914514692786 F1_MA: 0.800195947081238 ACC_MI: 0.7951914514692787 F1_MA: 0.8209963201653044
BEST_F1_MI: 0.8343722172751559 BEST_F1_MA: 0.8377401621181144 BEST_ACC_MI: 0.8343722172751559 BEST_F1_MA: 0.8498803597695199
[[864  29   0   0]
 [408 388   6   2]
 [ 68 177 501   0]
 [  0   0   0 926]]
Epoch: [41/200], cls_loss: 0.1123, transfer_loss: 0.6749,person_loss: -1.9788, total_Loss: 0.2519
trian begin
trian end
n_person 615
SAMPLE
F1_MI: 0.8186405461561295 F1_MA: 0.8262152422097363 ACC_MI: 0.8186405461561295 F1_MA: 0.8438856608887888
BEST_F1_MI: 0.8343722172751559 BEST_F1_MA: 0.8377401621181144 BEST_ACC_MI: 0.8343722172751559 BEST_F1_MA: 0.8498803597695199
[[853  32   6   2]
 [464 315  13  12]
 [ 27  55 664   0]
 [  0   0   0 926]]
Epoch: [42/200], cls_loss: 0.1352, transfer_loss: 0.6735,person_loss: -1.9789, total_Loss: 0.2740
trian begin
trian end
n_person 615
SAMPLE
F1_MI: 0.7658058771148709 F1_MA: 0.7828910065955905 ACC_MI: 0.7658058771148709 F1_MA: 0.8120249480662854
BEST_F1_MI: 0.8343722172751559 BEST_F1_MA: 0.8377401621181144 BEST_ACC_MI: 0.8343722172751559 BEST_F1_MA: 0.8498803597695199
[[873  19   0   1]
 [478 303  18   5]
 [ 96  63 585   2]
 [ 52   1  54 819]]
Epoch: [43/200], cls_loss: 0.1017, transfer_loss: 0.6818,person_loss: -1.9789, total_Loss: 0.2447
trian begin
trian end
n_person 615
SAMPLE
F1_MI: 0.7506678539626002 F1_MA: 0.7704058197149664 ACC_MI: 0.7506678539626002 F1_MA: 0.8143326790644951
BEST_F1_MI: 0.8343722172751559 BEST_F1_MA: 0.8377401621181144 BEST_ACC_MI: 0.8343722172751559 BEST_F1_MA: 0.8498803597695199
[[843  47   0   3]
 [360 402  12  30]
 [313  73 358   2]
 [  0   0   0 926]]
Epoch: [44/200], cls_loss: 0.1105, transfer_loss: 0.6758,person_loss: -1.9778, total_Loss: 0.2506
trian begin
trian end
n_person 615
SAMPLE
F1_MI: 0.8400118729593351 F1_MA: 0.84517107486402 ACC_MI: 0.8400118729593351 F1_MA: 0.8586451743825281
BEST_F1_MI: 0.8400118729593351 BEST_F1_MA: 0.84517107486402 BEST_ACC_MI: 0.8400118729593351 BEST_F1_MA: 0.8586451743825281
[[850  42   0   1]
 [410 375  12   7]
 [  9  56 679   2]
 [  0   0   0 926]]
Epoch: [45/200], cls_loss: 0.0948, transfer_loss: 0.6841,person_loss: -1.9789, total_Loss: 0.2390
trian begin
trian end
n_person 615
SAMPLE
F1_MI: 0.798753339269813 F1_MA: 0.8045307525236931 ACC_MI: 0.798753339269813 F1_MA: 0.8241743405432977
BEST_F1_MI: 0.8400118729593351 BEST_F1_MA: 0.84517107486402 BEST_ACC_MI: 0.8400118729593351 BEST_F1_MA: 0.8586451743825281
[[882  11   0   0]
 [457 342   4   1]
 [ 52 134 560   0]
 [  0   4  15 907]]
Epoch: [46/200], cls_loss: 0.1068, transfer_loss: 0.6677,person_loss: -1.9802, total_Loss: 0.2427
trian begin
trian end
n_person 615
SAMPLE
F1_MI: 0.5526862570495696 F1_MA: 0.6289121265121578 ACC_MI: 0.5526862570495696 F1_MA: 0.7046232811516511
BEST_F1_MI: 0.8400118729593351 BEST_F1_MA: 0.84517107486402 BEST_ACC_MI: 0.8400118729593351 BEST_F1_MA: 0.8586451743825281
[[883   3   7   0]
 [474 268  62   0]
 [  1  47 697   1]
 [  0  10 902  14]]
Epoch: [47/200], cls_loss: 0.1032, transfer_loss: 0.6858,person_loss: -1.9778, total_Loss: 0.2483
trian begin
trian end
n_person 615
SAMPLE
F1_MI: 0.5265657465123182 F1_MA: 0.5303677945206834 ACC_MI: 0.5265657465123182 F1_MA: 0.5238209848666675
BEST_F1_MI: 0.8400118729593351 BEST_F1_MA: 0.84517107486402 BEST_ACC_MI: 0.8400118729593351 BEST_F1_MA: 0.8586451743825281
[[877  16   0   0]
 [433 366   5   0]
 [  5 210 528   3]
 [  0  80 843   3]]
Epoch: [48/200], cls_loss: 0.0997, transfer_loss: 0.6905,person_loss: -1.9792, total_Loss: 0.2470
trian begin
trian end
n_person 615
SAMPLE
F1_MI: 0.8035025230038588 F1_MA: 0.8101432785980539 ACC_MI: 0.8035025230038587 F1_MA: 0.8294389921501071
BEST_F1_MI: 0.8400118729593351 BEST_F1_MA: 0.84517107486402 BEST_ACC_MI: 0.8400118729593351 BEST_F1_MA: 0.8586451743825281
[[883  10   0   0]
 [524 268   8   4]
 [  6  87 631  22]
 [  0   0   1 925]]
Epoch: [49/200], cls_loss: 0.1089, transfer_loss: 0.6857,person_loss: -1.9795, total_Loss: 0.2538
trian begin
trian end
n_person 615
SAMPLE
F1_MI: 0.8587117839121401 F1_MA: 0.8599277881154322 ACC_MI: 0.8587117839121401 F1_MA: 0.8688123489436607
BEST_F1_MI: 0.8587117839121401 BEST_F1_MA: 0.8599277881154322 BEST_ACC_MI: 0.8587117839121401 BEST_F1_MA: 0.8688123489436607
[[853  37   3   0]
 [330 451  19   4]
 [  1  82 663   0]
 [  0   0   0 926]]
Epoch: [50/200], cls_loss: 0.1179, transfer_loss: 0.6897,person_loss: -1.9789, total_Loss: 0.2649
trian begin
trian end
n_person 615
SAMPLE
F1_MI: 0.5194419709112497 F1_MA: 0.5620447596036372 ACC_MI: 0.5194419709112497 F1_MA: 0.6007822673824488
BEST_F1_MI: 0.8587117839121401 BEST_F1_MA: 0.8599277881154322 BEST_ACC_MI: 0.8587117839121401 BEST_F1_MA: 0.8688123489436607
[[887   3   3   0]
 [511 281   6   6]
 [ 13 189 540   4]
 [  1   4 879  42]]
Epoch: [51/200], cls_loss: 0.0870, transfer_loss: 0.6948,person_loss: -1.9819, total_Loss: 0.2362
trian begin
trian end
n_person 615
SAMPLE
F1_MI: 0.8441674087266251 F1_MA: 0.8440134239559497 ACC_MI: 0.8441674087266251 F1_MA: 0.8523657200347662
BEST_F1_MI: 0.8587117839121401 BEST_F1_MA: 0.8599277881154322 BEST_ACC_MI: 0.8587117839121401 BEST_F1_MA: 0.8688123489436607
[[850  33   5   5]
 [341 421  24  18]
 [  2  95 649   0]
 [  0   0   2 924]]
Epoch: [52/200], cls_loss: 0.0907, transfer_loss: 0.6807,person_loss: -1.9811, total_Loss: 0.2329
trian begin
trian end
n_person 615
SAMPLE
F1_MI: 0.8281389136242209 F1_MA: 0.8320320982404725 ACC_MI: 0.8281389136242209 F1_MA: 0.8437782425059825
BEST_F1_MI: 0.8587117839121401 BEST_F1_MA: 0.8599277881154322 BEST_ACC_MI: 0.8587117839121401 BEST_F1_MA: 0.8688123489436607
[[862   7  23   1]
 [356 331 108   9]
 [  2  43 694   7]
 [  3   1  19 903]]
Epoch: [53/200], cls_loss: 0.1648, transfer_loss: 0.6883,person_loss: -1.9754, total_Loss: 0.3114
trian begin
trian end
n_person 615
SAMPLE
F1_MI: 0.8699910952804986 F1_MA: 0.874314112563155 ACC_MI: 0.8699910952804987 F1_MA: 0.8852647644740267
BEST_F1_MI: 0.8699910952804986 BEST_F1_MA: 0.874314112563155 BEST_ACC_MI: 0.8699910952804987 BEST_F1_MA: 0.8852647644740267
[[869  21   0   3]
 [323 428  38  15]
 [  2  35 708   1]
 [  0   0   0 926]]
Epoch: [54/200], cls_loss: 0.0958, transfer_loss: 0.6855,person_loss: -1.9799, total_Loss: 0.2405
trian begin
trian end
n_person 615
SAMPLE
F1_MI: 0.5734639358860196 F1_MA: 0.5997492396229073 ACC_MI: 0.5734639358860196 F1_MA: 0.6109016990136955
BEST_F1_MI: 0.8699910952804986 BEST_F1_MA: 0.874314112563155 BEST_ACC_MI: 0.8699910952804987 BEST_F1_MA: 0.8852647644740267
[[889   2   1   1]
 [376 349  70   9]
 [  3  61 679   3]
 [ 36  23 852  15]]
Epoch: [55/200], cls_loss: 0.0834, transfer_loss: 0.6856,person_loss: -1.9808, total_Loss: 0.2281
trian begin
trian end
n_person 615
SAMPLE
F1_MI: 0.8435737607598695 F1_MA: 0.8475851729717968 ACC_MI: 0.8435737607598695 F1_MA: 0.8611747526896432
BEST_F1_MI: 0.8699910952804986 BEST_F1_MA: 0.874314112563155 BEST_ACC_MI: 0.8699910952804987 BEST_F1_MA: 0.8852647644740267
[[882   6   3   2]
 [393 373  22  16]
 [  2  80 661   3]
 [  0   0   0 926]]
Epoch: [56/200], cls_loss: 0.0802, transfer_loss: 0.6932,person_loss: -1.9805, total_Loss: 0.2288
trian begin
trian end
n_person 615
SAMPLE
F1_MI: 0.8281389136242209 F1_MA: 0.8264987288942904 ACC_MI: 0.8281389136242209 F1_MA: 0.8365677981839278
BEST_F1_MI: 0.8699910952804986 BEST_F1_MA: 0.874314112563155 BEST_ACC_MI: 0.8699910952804987 BEST_F1_MA: 0.8852647644740267
[[842  30  10  11]
 [295 483  13  13]
 [  2 201 541   2]
 [  2   0   0 924]]
Epoch: [57/200], cls_loss: 0.0939, transfer_loss: 0.6804,person_loss: -1.9829, total_Loss: 0.2358
trian begin
trian end
n_person 615
SAMPLE
F1_MI: 0.8337785693084001 F1_MA: 0.8395003054186201 ACC_MI: 0.8337785693084001 F1_MA: 0.855345394586203
BEST_F1_MI: 0.8699910952804986 BEST_F1_MA: 0.874314112563155 BEST_ACC_MI: 0.8699910952804987 BEST_F1_MA: 0.8852647644740267
[[871  15   0   7]
 [417 362   6  19]
 [ 13  81 650   2]
 [  0   0   0 926]]
Epoch: [58/200], cls_loss: 0.0958, transfer_loss: 0.6983,person_loss: -1.9820, total_Loss: 0.2468
trian begin
trian end
n_person 615
SAMPLE
F1_MI: 0.8005342831700801 F1_MA: 0.8199114368734415 ACC_MI: 0.8005342831700801 F1_MA: 0.8424010519357488
BEST_F1_MI: 0.8699910952804986 BEST_F1_MA: 0.874314112563155 BEST_ACC_MI: 0.8699910952804987 BEST_F1_MA: 0.8852647644740267
[[860  25   2   6]
 [310 461  15  18]
 [  1  85 660   0]
 [207   0   3 716]]
Epoch: [59/200], cls_loss: 0.0803, transfer_loss: 0.6996,person_loss: -1.9815, total_Loss: 0.2320
trian begin
trian end
n_person 615
SAMPLE
F1_MI: 0.6209557732264767 F1_MA: 0.6697179441315052 ACC_MI: 0.6209557732264767 F1_MA: 0.7092129919450884
BEST_F1_MI: 0.8699910952804986 BEST_F1_MA: 0.874314112563155 BEST_ACC_MI: 0.8699910952804987 BEST_F1_MA: 0.8852647644740267
[[858  30   3   2]
 [301 469  13  21]
 [  1 101 642   2]
 [585   1 217 123]]
Epoch: [60/200], cls_loss: 0.0702, transfer_loss: 0.6864,person_loss: -1.9829, total_Loss: 0.2151
trian begin
trian end
n_person 615
SAMPLE
F1_MI: 0.5615909765509053 F1_MA: 0.6244121296809988 ACC_MI: 0.5615909765509053 F1_MA: 0.687402649467871
BEST_F1_MI: 0.8699910952804986 BEST_F1_MA: 0.874314112563155 BEST_ACC_MI: 0.8699910952804987 BEST_F1_MA: 0.8852647644740267
[[889   3   0   1]
 [475 301   7  21]
 [ 40  91 614   1]
 [687  38 113  88]]
Epoch: [61/200], cls_loss: 0.0656, transfer_loss: 0.6941,person_loss: -1.9818, total_Loss: 0.2145
trian begin
trian end
n_person 615
SAMPLE
F1_MI: 0.6271890768774117 F1_MA: 0.7058120575193907 ACC_MI: 0.6271890768774117 F1_MA: 0.7877040460434807
BEST_F1_MI: 0.8699910952804986 BEST_F1_MA: 0.874314112563155 BEST_ACC_MI: 0.8699910952804987 BEST_F1_MA: 0.8852647644740267
[[871  20   1   1]
 [405 380   9  10]
 [  8  53 685   0]
 [717  15  17 177]]
Epoch: [62/200], cls_loss: 0.0657, transfer_loss: 0.6979,person_loss: -1.9818, total_Loss: 0.2165
trian begin
trian end
n_person 615
SAMPLE
F1_MI: 0.8272484416740873 F1_MA: 0.8446818578913149 ACC_MI: 0.8272484416740873 F1_MA: 0.8714825083283753
BEST_F1_MI: 0.8699910952804986 BEST_F1_MA: 0.874314112563155 BEST_ACC_MI: 0.8699910952804987 BEST_F1_MA: 0.8852647644740267
[[873   5   9   6]
 [471 249  69  15]
 [  0   7 739   0]
 [  0   0   0 926]]
Epoch: [63/200], cls_loss: 0.0646, transfer_loss: 0.6884,person_loss: -1.9837, total_Loss: 0.2104
trian begin
trian end
n_person 615
SAMPLE
F1_MI: 0.8462451766102701 F1_MA: 0.8489325705328006 ACC_MI: 0.8462451766102701 F1_MA: 0.8602576025727924
BEST_F1_MI: 0.8699910952804986 BEST_F1_MA: 0.874314112563155 BEST_ACC_MI: 0.8699910952804987 BEST_F1_MA: 0.8852647644740267
[[863  17   6   7]
 [372 397  20  15]
 [  1  80 665   0]
 [  0   0   0 926]]
Epoch: [64/200], cls_loss: 0.0680, transfer_loss: 0.6901,person_loss: -1.9846, total_Loss: 0.2146
trian begin
trian end
n_person 615
SAMPLE
F1_MI: 0.8625704956960523 F1_MA: 0.8645597133660154 ACC_MI: 0.8625704956960523 F1_MA: 0.8739793125243882
BEST_F1_MI: 0.8699910952804986 BEST_F1_MA: 0.874314112563155 BEST_ACC_MI: 0.8699910952804987 BEST_F1_MA: 0.8852647644740267
[[849  35   3   6]
 [317 470   5  12]
 [  3  82 661   0]
 [  0   0   0 926]]
Epoch: [65/200], cls_loss: 0.0663, transfer_loss: 0.6919,person_loss: -1.9839, total_Loss: 0.2139
trian begin
trian end
n_person 615
SAMPLE
F1_MI: 0.8444642327100029 F1_MA: 0.855705773248428 ACC_MI: 0.8444642327100029 F1_MA: 0.8758113853259701
BEST_F1_MI: 0.8699910952804986 BEST_F1_MA: 0.874314112563155 BEST_ACC_MI: 0.8699910952804987 BEST_F1_MA: 0.8852647644740267
[[880  12   0   1]
 [435 341  17  11]
 [ 10  35 701   0]
 [  2   1   0 923]]
Epoch: [66/200], cls_loss: 0.0775, transfer_loss: 0.6948,person_loss: -1.9840, total_Loss: 0.2265
trian begin
trian end
n_person 615
SAMPLE
F1_MI: 0.5874146631047789 F1_MA: 0.5586405607867647 ACC_MI: 0.5874146631047789 F1_MA: 0.5187585926603737
BEST_F1_MI: 0.8699910952804986 BEST_F1_MA: 0.874314112563155 BEST_ACC_MI: 0.8699910952804987 BEST_F1_MA: 0.8852647644740267
[[858  24   4   7]
 [321 424  42  17]
 [  5  51 690   0]
 [115  98 706   7]]
Epoch: [67/200], cls_loss: 0.0803, transfer_loss: 0.7008,person_loss: -1.9830, total_Loss: 0.2324
trian begin
trian end
n_person 615
SAMPLE
F1_MI: 0.8035025230038588 F1_MA: 0.8103388753862997 ACC_MI: 0.8035025230038587 F1_MA: 0.830378409025543
BEST_F1_MI: 0.8699910952804986 BEST_F1_MA: 0.874314112563155 BEST_ACC_MI: 0.8699910952804987 BEST_F1_MA: 0.8852647644740267
[[866  19   0   8]
 [459 324   0  21]
 [ 49 106 591   0]
 [  0   0   0 926]]
Epoch: [68/200], cls_loss: 0.0523, transfer_loss: 0.6922,person_loss: -1.9854, total_Loss: 0.1999
trian begin
trian end
n_person 615
SAMPLE
F1_MI: 0.8379341050756901 F1_MA: 0.8546960480887468 ACC_MI: 0.8379341050756901 F1_MA: 0.8801153760588051
BEST_F1_MI: 0.8699910952804986 BEST_F1_MA: 0.874314112563155 BEST_ACC_MI: 0.8699910952804987 BEST_F1_MA: 0.8852647644740267
[[875   4   6   8]
 [444 290  50  20]
 [  2   8 736   0]
 [  4   0   0 922]]
Epoch: [69/200], cls_loss: 0.0654, transfer_loss: 0.6960,person_loss: -1.9842, total_Loss: 0.2150
trian begin
trian end
n_person 615
SAMPLE
F1_MI: 0.7221727515583259 F1_MA: 0.7464068691865334 ACC_MI: 0.7221727515583259 F1_MA: 0.7695354932920669
BEST_F1_MI: 0.8699910952804986 BEST_F1_MA: 0.874314112563155 BEST_ACC_MI: 0.8699910952804987 BEST_F1_MA: 0.8852647644740267
[[855  29   0   9]
 [328 457   2  17]
 [  4 120 622   0]
 [ 49 354  24 499]]
Epoch: [70/200], cls_loss: 0.0580, transfer_loss: 0.6985,person_loss: -1.9843, total_Loss: 0.2088
trian begin
trian end
n_person 615
SAMPLE
F1_MI: 0.5431878895814782 F1_MA: 0.5232614173322682 ACC_MI: 0.5431878895814782 F1_MA: 0.4927437962197688
BEST_F1_MI: 0.8699910952804986 BEST_F1_MA: 0.874314112563155 BEST_ACC_MI: 0.8699910952804987 BEST_F1_MA: 0.8852647644740267
[[889   3   0   1]
 [528 244  18  14]
 [ 10  47 689   0]
 [  3 715 200   8]]
Epoch: [71/200], cls_loss: 0.0619, transfer_loss: 0.6909,person_loss: -1.9848, total_Loss: 0.2088
trian begin
trian end
n_person 615
SAMPLE
F1_MI: 0.8575244879786287 F1_MA: 0.8618246218624004 ACC_MI: 0.8575244879786287 F1_MA: 0.8733228459927722
BEST_F1_MI: 0.8699910952804986 BEST_F1_MA: 0.874314112563155 BEST_ACC_MI: 0.8699910952804987 BEST_F1_MA: 0.8852647644740267
[[854  25   3  11]
 [352 418  14  20]
 [  2  53 691   0]
 [  0   0   0 926]]
Epoch: [72/200], cls_loss: 0.0436, transfer_loss: 0.6914,person_loss: -1.9856, total_Loss: 0.1907
trian begin
trian end
n_person 615
SAMPLE
F1_MI: 0.8590086078955179 F1_MA: 0.860658295265384 ACC_MI: 0.8590086078955179 F1_MA: 0.8699659747439974
BEST_F1_MI: 0.8699910952804986 BEST_F1_MA: 0.874314112563155 BEST_ACC_MI: 0.8699910952804987 BEST_F1_MA: 0.8852647644740267
[[851  37   1   4]
 [321 456  11  16]
 [  5  80 661   0]
 [  0   0   0 926]]
Epoch: [73/200], cls_loss: 0.0565, transfer_loss: 0.6989,person_loss: -1.9862, total_Loss: 0.2073
trian begin
trian end
n_person 615
SAMPLE
F1_MI: 0.7919263876521223 F1_MA: 0.8003863949730087 ACC_MI: 0.7919263876521223 F1_MA: 0.8204298704933456
BEST_F1_MI: 0.8699910952804986 BEST_F1_MA: 0.874314112563155 BEST_ACC_MI: 0.8699910952804987 BEST_F1_MA: 0.8852647644740267
[[887   5   0   1]
 [429 357   2  16]
 [ 30 139 576   1]
 [ 50  17  11 848]]
Epoch: [74/200], cls_loss: 0.0457, transfer_loss: 0.6918,person_loss: -1.9870, total_Loss: 0.1929
trian begin
trian end
n_person 615
SAMPLE
F1_MI: 0.6067082220243396 F1_MA: 0.6701261419900356 ACC_MI: 0.6067082220243396 F1_MA: 0.7258600079195404
BEST_F1_MI: 0.8699910952804986 BEST_F1_MA: 0.874314112563155 BEST_ACC_MI: 0.8699910952804987 BEST_F1_MA: 0.8852647644740267
[[863  11   9  10]
 [355 393  30  26]
 [  1  42 703   0]
 [795   1  45  85]]
Epoch: [75/200], cls_loss: 0.0363, transfer_loss: 0.6914,person_loss: -1.9869, total_Loss: 0.1833
trian begin
trian end
n_person 615
SAMPLE
F1_MI: 0.7678836449985158 F1_MA: 0.7750252478825675 ACC_MI: 0.7678836449985159 F1_MA: 0.7878722046209825
BEST_F1_MI: 0.8699910952804986 BEST_F1_MA: 0.874314112563155 BEST_ACC_MI: 0.8699910952804987 BEST_F1_MA: 0.8852647644740267
[[858  11  11  13]
 [403 376   3  22]
 [  4 125 617   0]
 [ 73  68  49 736]]
Epoch: [76/200], cls_loss: 0.0500, transfer_loss: 0.6903,person_loss: -1.9871, total_Loss: 0.1965
trian begin
trian end
n_person 615
SAMPLE
F1_MI: 0.8459483526268922 F1_MA: 0.8480663421325121 ACC_MI: 0.8459483526268923 F1_MA: 0.8578429604220956
BEST_F1_MI: 0.8699910952804986 BEST_F1_MA: 0.874314112563155 BEST_ACC_MI: 0.8699910952804987 BEST_F1_MA: 0.8852647644740267
[[831  39   5  18]
 [343 431   7  23]
 [  7  77 662   0]
 [  0   0   0 926]]
Epoch: [77/200], cls_loss: 0.0603, transfer_loss: 0.6947,person_loss: -1.9864, total_Loss: 0.2090
trian begin
trian end
n_person 615
SAMPLE
F1_MI: 0.7441377263282872 F1_MA: 0.7582094219604725 ACC_MI: 0.7441377263282873 F1_MA: 0.7723635864180429
BEST_F1_MI: 0.8699910952804986 BEST_F1_MA: 0.874314112563155 BEST_ACC_MI: 0.8699910952804987 BEST_F1_MA: 0.8852647644740267
[[868   9   8   8]
 [419 359   7  19]
 [  5  60 681   0]
 [ 58 263   6 599]]
Epoch: [78/200], cls_loss: 0.0387, transfer_loss: 0.6913,person_loss: -1.9860, total_Loss: 0.1858
trian begin
trian end
n_person 615
SAMPLE
F1_MI: 0.8355595132086673 F1_MA: 0.8382119260067756 ACC_MI: 0.8355595132086673 F1_MA: 0.8484567461171915
BEST_F1_MI: 0.8699910952804986 BEST_F1_MA: 0.874314112563155 BEST_ACC_MI: 0.8699910952804987 BEST_F1_MA: 0.8852647644740267
[[841  13  26  13]
 [362 349  74  19]
 [  0  47 699   0]
 [  0   0   0 926]]
Epoch: [79/200], cls_loss: 0.0394, transfer_loss: 0.6934,person_loss: -1.9868, total_Loss: 0.1875
trian begin
trian end
n_person 615
SAMPLE
F1_MI: 0.8242802018403087 F1_MA: 0.8252097476743966 ACC_MI: 0.8242802018403087 F1_MA: 0.8379096529802834
BEST_F1_MI: 0.8699910952804986 BEST_F1_MA: 0.874314112563155 BEST_ACC_MI: 0.8699910952804987 BEST_F1_MA: 0.8852647644740267
[[866   6   7  14]
 [384 399   3  18]
 [  4 156 586   0]
 [  0   0   0 926]]
Epoch: [80/200], cls_loss: 0.0388, transfer_loss: 0.6902,person_loss: -1.9865, total_Loss: 0.1853
trian begin
trian end
n_person 615
SAMPLE
F1_MI: 0.8542594241614723 F1_MA: 0.8521531922861082 ACC_MI: 0.8542594241614723 F1_MA: 0.8576323882364192
BEST_F1_MI: 0.8699910952804986 BEST_F1_MA: 0.874314112563155 BEST_ACC_MI: 0.8699910952804987 BEST_F1_MA: 0.8852647644740267
[[833  18  17  25]
 [275 474  34  21]
 [  0 101 645   0]
 [  0   0   0 926]]
Epoch: [81/200], cls_loss: 0.0280, transfer_loss: 0.6906,person_loss: -1.9876, total_Loss: 0.1745
trian begin
trian end
n_person 615
SAMPLE
F1_MI: 0.587117839121401 F1_MA: 0.6111835235959767 ACC_MI: 0.587117839121401 F1_MA: 0.6189784984648603
BEST_F1_MI: 0.8699910952804986 BEST_F1_MA: 0.874314112563155 BEST_ACC_MI: 0.8699910952804987 BEST_F1_MA: 0.8852647644740267
[[852  10  15  16]
 [336 395  52  21]
 [  1  56 689   0]
 [590  46 248  42]]
Epoch: [82/200], cls_loss: 0.0352, transfer_loss: 0.6950,person_loss: -1.9875, total_Loss: 0.1839
trian begin
trian end
n_person 615
SAMPLE
F1_MI: 0.5740575838527753 F1_MA: 0.5934138297001372 ACC_MI: 0.5740575838527753 F1_MA: 0.5991924879832284
BEST_F1_MI: 0.8699910952804986 BEST_F1_MA: 0.874314112563155 BEST_ACC_MI: 0.8699910952804987 BEST_F1_MA: 0.8852647644740267
[[869   8   0  16]
 [344 431   6  23]
 [  2 141 603   0]
 [715  14 166  31]]
Epoch: [83/200], cls_loss: 0.0187, transfer_loss: 0.6951,person_loss: -1.9888, total_Loss: 0.1674
trian begin
trian end
n_person 615
SAMPLE
F1_MI: 0.8480261205105373 F1_MA: 0.8503211800731177 ACC_MI: 0.8480261205105373 F1_MA: 0.8599105218622356
BEST_F1_MI: 0.8699910952804986 BEST_F1_MA: 0.874314112563155 BEST_ACC_MI: 0.8699910952804987 BEST_F1_MA: 0.8852647644740267
[[843  27   6  17]
 [347 400  32  25]
 [  2  56 688   0]
 [  0   0   0 926]]
Epoch: [84/200], cls_loss: 0.0443, transfer_loss: 0.6951,person_loss: -1.9888, total_Loss: 0.1930
trian begin
trian end
n_person 615
SAMPLE
F1_MI: 0.8495102404274265 F1_MA: 0.8497301092137031 ACC_MI: 0.8495102404274265 F1_MA: 0.8585982829130389
BEST_F1_MI: 0.8699910952804986 BEST_F1_MA: 0.874314112563155 BEST_ACC_MI: 0.8699910952804987 BEST_F1_MA: 0.8852647644740267
[[839  35   6  13]
 [303 477   1  23]
 [  2 123 621   0]
 [  0   0   1 925]]
Epoch: [85/200], cls_loss: 0.0217, transfer_loss: 0.6921,person_loss: -1.9885, total_Loss: 0.1689
trian begin
trian end
n_person 615
SAMPLE
F1_MI: 0.8192341941228851 F1_MA: 0.821920321408362 ACC_MI: 0.8192341941228851 F1_MA: 0.8365641569854124
BEST_F1_MI: 0.8699910952804986 BEST_F1_MA: 0.874314112563155 BEST_ACC_MI: 0.8699910952804987 BEST_F1_MA: 0.8852647644740267
[[879   5   1   8]
 [438 345   0  21]
 [  1 135 610   0]
 [  0   0   0 926]]
Epoch: [86/200], cls_loss: 0.0358, transfer_loss: 0.6945,person_loss: -1.9897, total_Loss: 0.1841
trian begin
trian end
n_person 615
SAMPLE
F1_MI: 0.5494211932324132 F1_MA: 0.6217330824522652 ACC_MI: 0.5494211932324132 F1_MA: 0.6992653234397784
BEST_F1_MI: 0.8699910952804986 BEST_F1_MA: 0.874314112563155 BEST_ACC_MI: 0.8699910952804987 BEST_F1_MA: 0.8852647644740267
[[883   5   0   5]
 [517 264   4  19]
 [ 79  48 619   0]
 [734  76  31  85]]
Epoch: [87/200], cls_loss: 0.0260, transfer_loss: 0.6927,person_loss: -1.9890, total_Loss: 0.1735
trian begin
trian end
n_person 615
SAMPLE
F1_MI: 0.6052241021074503 F1_MA: 0.6553876780127796 ACC_MI: 0.6052241021074503 F1_MA: 0.7035717850324521
BEST_F1_MI: 0.8699910952804986 BEST_F1_MA: 0.874314112563155 BEST_ACC_MI: 0.8699910952804987 BEST_F1_MA: 0.8852647644740267
[[846  35   3   9]
 [380 399   3  22]
 [ 37 124 585   0]
 [ 56 650  11 209]]
Epoch: [88/200], cls_loss: 0.0210, transfer_loss: 0.6901,person_loss: -1.9891, total_Loss: 0.1672
trian begin
trian end
n_person 615
SAMPLE
F1_MI: 0.8308103294746215 F1_MA: 0.8332078028822318 ACC_MI: 0.8308103294746215 F1_MA: 0.8470959833691
BEST_F1_MI: 0.8699910952804986 BEST_F1_MA: 0.874314112563155 BEST_ACC_MI: 0.8699910952804987 BEST_F1_MA: 0.8852647644740267
[[864  25   0   4]
 [361 424   0  19]
 [ 20 141 585   0]
 [  0   0   0 926]]
Epoch: [89/200], cls_loss: 0.0489, transfer_loss: 0.6860,person_loss: -1.9882, total_Loss: 0.1931
trian begin
trian end
n_person 615
SAMPLE
F1_MI: 0.8343722172751559 F1_MA: 0.8398219979268281 ACC_MI: 0.8343722172751559 F1_MA: 0.854732121495794
BEST_F1_MI: 0.8699910952804986 BEST_F1_MA: 0.874314112563155 BEST_ACC_MI: 0.8699910952804987 BEST_F1_MA: 0.8852647644740267
[[869   5   7  12]
 [422 345  12  25]
 [  0  75 671   0]
 [  0   0   0 926]]
Epoch: [90/200], cls_loss: 0.0221, transfer_loss: 0.6923,person_loss: -1.9892, total_Loss: 0.1693
trian begin
trian end
n_person 615
SAMPLE
F1_MI: 0.8349658652419115 F1_MA: 0.8383702587973174 ACC_MI: 0.8349658652419115 F1_MA: 0.8518176301626771
BEST_F1_MI: 0.8699910952804986 BEST_F1_MA: 0.874314112563155 BEST_ACC_MI: 0.8699910952804987 BEST_F1_MA: 0.8852647644740267
[[873   6   1  13]
 [401 367   9  27]
 [  1  98 647   0]
 [  0   0   0 926]]
Epoch: [91/200], cls_loss: 0.0176, transfer_loss: 0.6945,person_loss: -1.9892, total_Loss: 0.1659
trian begin
trian end
n_person 615
SAMPLE
F1_MI: 0.8272484416740873 F1_MA: 0.8299522058059271 ACC_MI: 0.8272484416740873 F1_MA: 0.8337807349112853
BEST_F1_MI: 0.8699910952804986 BEST_F1_MA: 0.874314112563155 BEST_ACC_MI: 0.8699910952804987 BEST_F1_MA: 0.8852647644740267
[[826  40   7  20]
 [222 530  24  28]
 [  0  74 672   0]
 [  9 151   7 759]]
Epoch: [92/200], cls_loss: 0.0313, transfer_loss: 0.6963,person_loss: -1.9905, total_Loss: 0.1804
trian begin
trian end
n_person 615
SAMPLE
F1_MI: 0.8275452656574651 F1_MA: 0.8329757259598286 ACC_MI: 0.8275452656574651 F1_MA: 0.846385424254934
BEST_F1_MI: 0.8699910952804986 BEST_F1_MA: 0.874314112563155 BEST_ACC_MI: 0.8699910952804987 BEST_F1_MA: 0.8852647644740267
[[872   5   5  11]
 [424 344  10  26]
 [  0  63 683   0]
 [  6  29   2 889]]
Epoch: [93/200], cls_loss: 0.0300, transfer_loss: 0.6897,person_loss: -1.9879, total_Loss: 0.1760
trian begin
trian end
n_person 615
SAMPLE
F1_MI: 0.8287325615909765 F1_MA: 0.8368220409060135 ACC_MI: 0.8287325615909765 F1_MA: 0.8554246353072649
BEST_F1_MI: 0.8699910952804986 BEST_F1_MA: 0.874314112563155 BEST_ACC_MI: 0.8699910952804987 BEST_F1_MA: 0.8852647644740267
[[878   9   0   6]
 [447 329   4  24]
 [ 16  70 660   0]
 [  0   1   0 925]]
Epoch: [94/200], cls_loss: 0.0163, transfer_loss: 0.6944,person_loss: -1.9897, total_Loss: 0.1645
trian begin
trian end
n_person 615
SAMPLE
F1_MI: 0.7358266547937072 F1_MA: 0.7519680870110531 ACC_MI: 0.7358266547937073 F1_MA: 0.7698538577953818
BEST_F1_MI: 0.8699910952804986 BEST_F1_MA: 0.874314112563155 BEST_ACC_MI: 0.8699910952804987 BEST_F1_MA: 0.8852647644740267
[[869   8   0  16]
 [367 409   2  26]
 [  0 129 617   0]
 [ 12 317  13 584]]
Epoch: [95/200], cls_loss: 0.0317, transfer_loss: 0.6931,person_loss: -1.9907, total_Loss: 0.1792
trian begin
trian end
n_person 615
SAMPLE
F1_MI: 0.7972692193529237 F1_MA: 0.7992634115796896 ACC_MI: 0.7972692193529237 F1_MA: 0.8065319036436116
BEST_F1_MI: 0.8699910952804986 BEST_F1_MA: 0.874314112563155 BEST_ACC_MI: 0.8699910952804987 BEST_F1_MA: 0.8852647644740267
[[880   9   3   1]
 [397 366  32   9]
 [  0  83 663   0]
 [  5  68  76 777]]
Epoch: [96/200], cls_loss: 0.0242, transfer_loss: 0.6885,person_loss: -1.9900, total_Loss: 0.1694
trian begin
trian end
n_person 615
SAMPLE
F1_MI: 0.8305135054912437 F1_MA: 0.8319378380225468 ACC_MI: 0.8305135054912437 F1_MA: 0.8446942659082719
BEST_F1_MI: 0.8699910952804986 BEST_F1_MA: 0.874314112563155 BEST_ACC_MI: 0.8699910952804987 BEST_F1_MA: 0.8852647644740267
[[876   5   1  11]
 [380 394   1  29]
 [  1 142 603   0]
 [  0   0   1 925]]
Epoch: [97/200], cls_loss: 0.0178, transfer_loss: 0.6932,person_loss: -1.9899, total_Loss: 0.1654
trian begin
trian end
n_person 615
SAMPLE
F1_MI: 0.5716829919857525 F1_MA: 0.609097058562935 ACC_MI: 0.5716829919857525 F1_MA: 0.6362416035511854
BEST_F1_MI: 0.8699910952804986 BEST_F1_MA: 0.874314112563155 BEST_ACC_MI: 0.8699910952804987 BEST_F1_MA: 0.8852647644740267
[[883   5   3   2]
 [481 285  13  25]
 [  2  73 671   0]
 [472 138 229  87]]
Epoch: [98/200], cls_loss: 0.0236, transfer_loss: 0.6942,person_loss: -1.9896, total_Loss: 0.1717
trian begin
trian end
n_person 615
SAMPLE
F1_MI: 0.8224992579400414 F1_MA: 0.8226836455920736 ACC_MI: 0.8224992579400415 F1_MA: 0.8346952369453683
BEST_F1_MI: 0.8699910952804986 BEST_F1_MA: 0.874314112563155 BEST_ACC_MI: 0.8699910952804987 BEST_F1_MA: 0.8852647644740267
[[864   5  10  14]
 [380 398   1  25]
 [  0 163 583   0]
 [  0   0   0 926]]
Epoch: [99/200], cls_loss: 0.0156, transfer_loss: 0.6925,person_loss: -1.9918, total_Loss: 0.1626
trian begin
trian end
n_person 615
SAMPLE
F1_MI: 0.8598990798456515 F1_MA: 0.8642338042908952 ACC_MI: 0.8598990798456515 F1_MA: 0.8758268574315906
BEST_F1_MI: 0.8699910952804986 BEST_F1_MA: 0.874314112563155 BEST_ACC_MI: 0.8699910952804987 BEST_F1_MA: 0.8852647644740267
[[860  11  11  11]
 [338 422  16  28]
 [  1  55 690   0]
 [  1   0   0 925]]
Epoch: [100/200], cls_loss: 0.0193, transfer_loss: 0.6932,person_loss: -1.9908, total_Loss: 0.1668
trian begin
trian end
n_person 615
SAMPLE
F1_MI: 0.8135945384387059 F1_MA: 0.8175930284953427 ACC_MI: 0.8135945384387059 F1_MA: 0.8306135060037644
BEST_F1_MI: 0.8699910952804986 BEST_F1_MA: 0.874314112563155 BEST_ACC_MI: 0.8699910952804987 BEST_F1_MA: 0.8852647644740267
[[878   5   1   9]
 [441 332   0  31]
 [  2  90 654   0]
 [  5  31  13 877]]
Epoch: [101/200], cls_loss: 0.0170, transfer_loss: 0.6933,person_loss: -1.9908, total_Loss: 0.1646
trian begin
trian end
n_person 615
SAMPLE
F1_MI: 0.8141881864054615 F1_MA: 0.8167205963875122 ACC_MI: 0.8141881864054615 F1_MA: 0.832162566258135
BEST_F1_MI: 0.8699910952804986 BEST_F1_MA: 0.874314112563155 BEST_ACC_MI: 0.8699910952804987 BEST_F1_MA: 0.8852647644740267
[[875   8   1   9]
 [395 383   1  25]
 [ 24 156 566   0]
 [  3   0   4 919]]
Epoch: [102/200], cls_loss: 0.0287, transfer_loss: 0.6927,person_loss: -1.9886, total_Loss: 0.1761
trian begin
trian end
n_person 615
SAMPLE
F1_MI: 0.8314039774413773 F1_MA: 0.8327351296834671 ACC_MI: 0.8314039774413773 F1_MA: 0.8437543829105819
BEST_F1_MI: 0.8699910952804986 BEST_F1_MA: 0.874314112563155 BEST_ACC_MI: 0.8699910952804987 BEST_F1_MA: 0.8852647644740267
[[843  12   7  31]
 [362 410   2  30]
 [  1 122 623   0]
 [  0   0   1 925]]
Epoch: [103/200], cls_loss: 0.0149, transfer_loss: 0.6938,person_loss: -1.9894, total_Loss: 0.1629
trian begin
trian end
n_person 615
SAMPLE
F1_MI: 0.6227367171267438 F1_MA: 0.6567081969628482 ACC_MI: 0.6227367171267438 F1_MA: 0.6820057945650432
BEST_F1_MI: 0.8699910952804986 BEST_F1_MA: 0.874314112563155 BEST_ACC_MI: 0.8699910952804987 BEST_F1_MA: 0.8852647644740267
[[860   5   9  19]
 [421 340  17  26]
 [  0  66 680   0]
 [ 68 615  25 218]]
Epoch: [104/200], cls_loss: 0.0101, transfer_loss: 0.6940,person_loss: -1.9911, total_Loss: 0.1580
[[869  21   0   3]
 [323 428  38  15]
 [  2  35 708   1]
 [  0   0   0 926]]
[[869  21   0   3]
 [323 428  38  15]
 [  2  35 708   1]
 [  0   0   0 926]]
WHAT: True
SVAE_RESULT
JSON: {'best_f1': 0.874314112563155, 'best_matrix': [[869, 21, 0, 3], [323, 428, 38, 15], [2, 35, 708, 1], [0, 0, 0, 926]], 'args': 0.1}
ARG: Namespace(backbone='resnet50', batch_size=32, config='DANN/DANN.yaml', data_dir='data', device=device(type='cuda'), early_stop=50, epoch_based_training=False, lr=0.003, lr_decay=0.75, lr_gamma=0.0003, lr_scheduler=True, max_iter=21000, method='True', momentum=0.9, myweight=0.1, n_class=4, n_epoch=200, n_iter_per_epoch=105, num_workers=3, seed=2, src_domain='PAMAP2', tgt_domain='UCI', tname='transfer', transfer_loss='adv', transfer_loss_weight=0.5, use_bottleneck=True, weight_decay=0.0005)
