twommd 2 PAMAP2 WISDM MEDA/MEDA.yaml True
Namespace(backbone='resnet50', batch_size=32, config='MEDA/MEDA.yaml', data_dir='data', device=device(type='cuda'), early_stop=50, epoch_based_training=False, lr=0.003, lr_decay=0.75, lr_gamma=0.0003, lr_scheduler=True, method='True', momentum=0.9, myweight=0.1, n_epoch=200, n_iter_per_epoch=100, num_workers=7, seed=2, src_domain='PAMAP2', tgt_domain='WISDM', tname='transfer', transfer_loss='twommd', transfer_loss_weight=0.5, use_bottleneck=True, weight_decay=0.0005)
JUST DO IT
run my Parkinson code
transfer
TRAIN Length: 4725 360 TEST Length: 13609 322
YYY: 0 3
DATA_PROFILE   train: 4725 train2: 13609 test: 13609
DATASET.SHAPE: <data_loader.GetTrainLoader object at 0x7f3c853fd8d0> True
DATASET.SHAPE: <data_loader.GetTrainLoader object at 0x7f3c84f4a080> True
DATASET.SHAPE: <data_loader.GetTestLoader object at 0x7f3c7cebc8d0> False
CLASS: 4 322
transfer_world
method True <class 'str'>
1.10.1+cu102
True
LEN: 0 0
LOADER: <data_loader.InfiniteDataLoader object at 0x7f3cb6e3cb70> <data_loader.InfiniteDataLoader object at 0x7f3c7cebc7f0>
N_batch: 147
trian begin
trian end
ACC: 34.55066500110221
SAMPLE
F1_MI: 0.3060474685869645 F1_MA: 0.5232007139902358 ACC_MI: 0.3060474685869645 F1_MA: 0.5314287225668914
BEST_F1_MI: 0.3060474685869645 BEST_F1_MA: 0.5232007139902358 BEST_ACC_MI: 0.3060474685869645 BEST_F1_MA: 0.5314287225668914
[[1012 6449  691  106]
 [  94 1373  611  263]
 [   0 1159  674   68]
 [   0    3    0 1106]]
Epoch: [ 1/200], cls_loss: 0.0000, transfer_loss: 0.0000,person_loss: 0.0000, total_Loss: 0.0000
trian begin
trian end
ACC: 56.021750312293335
SAMPLE
F1_MI: 0.5380263061209494 F1_MA: 0.589135409536808 ACC_MI: 0.5380263061209494 F1_MA: 0.5734618656777719
BEST_F1_MI: 0.5380263061209494 BEST_F1_MA: 0.589135409536808 BEST_ACC_MI: 0.5380263061209494 BEST_F1_MA: 0.5734618656777719
[[4228 3060  955   15]
 [ 249 1338  563  191]
 [  41 1170  650   40]
 [   0    3    0 1106]]
Epoch: [ 2/200], cls_loss: 0.0000, transfer_loss: 0.0000,person_loss: 0.0000, total_Loss: 0.0000
trian begin
trian end
ACC: 54.294951870085974
SAMPLE
F1_MI: 0.5358953633624807 F1_MA: 0.573981251234813 ACC_MI: 0.5358953633624807 F1_MA: 0.5521935367453624
BEST_F1_MI: 0.5380263061209494 BEST_F1_MA: 0.589135409536808 BEST_ACC_MI: 0.5380263061209494 BEST_F1_MA: 0.5734618656777719
[[4331 3171  539  217]
 [  41 1087  985  228]
 [  29 1037  770   65]
 [   0    1    3 1105]]
Epoch: [ 3/200], cls_loss: 0.0000, transfer_loss: 0.0000,person_loss: 0.0000, total_Loss: 0.0000
trian begin
trian end
ACC: 57.68241604820339
SAMPLE
F1_MI: 0.5651407157028437 F1_MA: 0.5403066589667873 ACC_MI: 0.5651407157028437 F1_MA: 0.5029939390850102
BEST_F1_MI: 0.5651407157028437 BEST_F1_MA: 0.589135409536808 BEST_ACC_MI: 0.5651407157028437 BEST_F1_MA: 0.5734618656777719
[[5020 2342  525  371]
 [ 111  955  740  535]
 [ 166  998  609  128]
 [   0    2    0 1107]]
Epoch: [ 4/200], cls_loss: 0.0000, transfer_loss: 0.0000,person_loss: 0.0000, total_Loss: 0.0000
trian begin
trian end
ACC: 65.33176574325813
SAMPLE
F1_MI: 0.6508193107502388 F1_MA: 0.5585724656950875 ACC_MI: 0.6508193107502388 F1_MA: 0.5226879178484852
BEST_F1_MI: 0.6508193107502388 BEST_F1_MA: 0.589135409536808 BEST_ACC_MI: 0.6508193107502388 BEST_F1_MA: 0.5734618656777719
[[6403 1233  546   76]
 [ 540  841  388  572]
 [ 639  607  506  149]
 [   0    2    0 1107]]
Epoch: [ 5/200], cls_loss: 0.0000, transfer_loss: 0.0000,person_loss: 0.0000, total_Loss: 0.0000
trian begin
trian end
ACC: 58.27026232640165
SAMPLE
F1_MI: 0.5827026232640165 F1_MA: 0.531828755443407 ACC_MI: 0.5827026232640165 F1_MA: 0.4831860689308908
BEST_F1_MI: 0.6508193107502388 BEST_F1_MA: 0.589135409536808 BEST_ACC_MI: 0.6508193107502388 BEST_F1_MA: 0.5734618656777719
[[5337 1601  892  428]
 [  72  618  718  933]
 [  75  576  867  383]
 [   0    1    0 1108]]
Epoch: [ 6/200], cls_loss: 0.0000, transfer_loss: 0.0000,person_loss: 0.0000, total_Loss: 0.0000
trian begin
trian end
ACC: 65.46403115585275
SAMPLE
F1_MI: 0.6540524652803292 F1_MA: 0.6063793121696178 ACC_MI: 0.6540524652803292 F1_MA: 0.5617396337835019
BEST_F1_MI: 0.6540524652803292 BEST_F1_MA: 0.6063793121696178 BEST_ACC_MI: 0.6540524652803292 BEST_F1_MA: 0.5734618656777719
[[5914  930 1333   81]
 [ 320  688  980  353]
 [ 160  329 1193  219]
 [   0    1    2 1106]]
Epoch: [ 7/200], cls_loss: 0.0000, transfer_loss: 0.0000,person_loss: 0.0000, total_Loss: 0.0000
trian begin
trian end
ACC: 60.298331986185616
SAMPLE
F1_MI: 0.6029833198618562 F1_MA: 0.5894391974434261 ACC_MI: 0.6029833198618562 F1_MA: 0.561807168085824
BEST_F1_MI: 0.6540524652803292 BEST_F1_MA: 0.6063793121696178 BEST_ACC_MI: 0.6540524652803292 BEST_F1_MA: 0.5734618656777719
[[5369  487 2360   42]
 [ 561  792  744  244]
 [ 253  555  939  154]
 [   1    2    0 1106]]
Epoch: [ 8/200], cls_loss: 0.0000, transfer_loss: 0.0000,person_loss: 0.0000, total_Loss: 0.0000
trian begin
trian end
ACC: 52.590197663311045
SAMPLE
F1_MI: 0.5199500330663531 F1_MA: 0.5416607233883105 ACC_MI: 0.5199500330663531 F1_MA: 0.4930954495573534
BEST_F1_MI: 0.6540524652803292 BEST_F1_MA: 0.6063793121696178 BEST_ACC_MI: 0.6540524652803292 BEST_F1_MA: 0.5734618656777719
[[4049 2196 1258  755]
 [ 292  951  952  146]
 [ 114  645  972  170]
 [   0    5    0 1104]]
Epoch: [ 9/200], cls_loss: 0.0000, transfer_loss: 0.0000,person_loss: 0.0000, total_Loss: 0.0000
trian begin
trian end
ACC: 44.022338158571536
SAMPLE
F1_MI: 0.43978249687706666 F1_MA: 0.31417900410681016 ACC_MI: 0.43978249687706666 F1_MA: 0.3213540035305118
BEST_F1_MI: 0.6540524652803292 BEST_F1_MA: 0.6063793121696178 BEST_ACC_MI: 0.6540524652803292 BEST_F1_MA: 0.5734618656777719
[[4733  243 1621 1661]
 [ 122   82 1235  902]
 [ 202   26 1155  518]
 [   0 1092    2   15]]
Epoch: [10/200], cls_loss: 0.0000, transfer_loss: 0.0000,person_loss: 0.0000, total_Loss: 0.0000
trian begin
trian end
ACC: 53.758542141230066
SAMPLE
F1_MI: 0.5351605555147328 F1_MA: 0.52464606071056 ACC_MI: 0.5351605555147328 F1_MA: 0.4859004952513728
BEST_F1_MI: 0.6540524652803292 BEST_F1_MA: 0.6063793121696178 BEST_ACC_MI: 0.6540524652803292 BEST_F1_MA: 0.5734618656777719
[[4691 2623  845   99]
 [ 202  670  937  532]
 [ 514  403  817  167]
 [   0    3    1 1105]]
Epoch: [11/200], cls_loss: 0.0000, transfer_loss: 0.0000,person_loss: 0.0000, total_Loss: 0.0000
trian begin
trian end
ACC: 61.863472701888455
SAMPLE
F1_MI: 0.6142993607171725 F1_MA: 0.5959920653921459 ACC_MI: 0.6142993607171725 F1_MA: 0.547253859728521
BEST_F1_MI: 0.6540524652803292 BEST_F1_MA: 0.6063793121696178 BEST_ACC_MI: 0.6540524652803292 BEST_F1_MA: 0.5734618656777719
[[5309  996 1904   49]
 [ 132  472 1255  482]
 [ 130  191 1472  108]
 [   0    2    0 1107]]
Epoch: [12/200], cls_loss: 0.0000, transfer_loss: 0.0000,person_loss: 0.0000, total_Loss: 0.0000
trian begin
trian end
ACC: 49.52604893820266
SAMPLE
F1_MI: 0.4952604893820266 F1_MA: 0.48094189447904806 ACC_MI: 0.4952604893820266 F1_MA: 0.43537724663124294
BEST_F1_MI: 0.6540524652803292 BEST_F1_MA: 0.6063793121696178 BEST_ACC_MI: 0.6540524652803292 BEST_F1_MA: 0.5734618656777719
[[4379 1147 1402 1330]
 [  87  388  783 1083]
 [  27  147  869  858]
 [   0    5    0 1104]]
Epoch: [13/200], cls_loss: 0.0000, transfer_loss: 0.0000,person_loss: 0.0000, total_Loss: 0.0000
trian begin
trian end
ACC: 59.651701080167534
SAMPLE
F1_MI: 0.5965170108016754 F1_MA: 0.5448344161019767 ACC_MI: 0.5965170108016754 F1_MA: 0.496616572402649
BEST_F1_MI: 0.6540524652803292 BEST_F1_MA: 0.6063793121696178 BEST_ACC_MI: 0.6540524652803292 BEST_F1_MA: 0.5734618656777719
[[5405 1080 1431  342]
 [ 204  848  601  688]
 [  96  687  758  360]
 [   0    2    0 1107]]
Epoch: [14/200], cls_loss: 0.0000, transfer_loss: 0.0000,person_loss: 0.0000, total_Loss: 0.0000
trian begin
trian end
ACC: 58.49805275920347
SAMPLE
F1_MI: 0.58152693070762 F1_MA: 0.4985797845167654 ACC_MI: 0.58152693070762 F1_MA: 0.4529329428060894
BEST_F1_MI: 0.6540524652803292 BEST_F1_MA: 0.6063793121696178 BEST_ACC_MI: 0.6540524652803292 BEST_F1_MA: 0.5734618656777719
[[5672 1232  777  577]
 [ 172  650  624  895]
 [  63  728  485  625]
 [   0    2    0 1107]]
Epoch: [15/200], cls_loss: 0.0000, transfer_loss: 0.0000,person_loss: 0.0000, total_Loss: 0.0000
trian begin
trian end
ACC: 59.5635241384378
SAMPLE
F1_MI: 0.595635241384378 F1_MA: 0.5166364744130482 ACC_MI: 0.595635241384378 F1_MA: 0.4697593026513658
BEST_F1_MI: 0.6540524652803292 BEST_F1_MA: 0.6063793121696178 BEST_ACC_MI: 0.6540524652803292 BEST_F1_MA: 0.5734618656777719
[[5736 1014 1190  318]
 [  90  615  691  945]
 [  92  537  650  622]
 [   0    4    0 1105]]
Epoch: [16/200], cls_loss: 0.0000, transfer_loss: 0.0000,person_loss: 0.0000, total_Loss: 0.0000
trian begin
trian end
ACC: 51.82599750165332
SAMPLE
F1_MI: 0.5153207436255419 F1_MA: 0.4920331221976987 ACC_MI: 0.5153207436255419 F1_MA: 0.44771869161220146
BEST_F1_MI: 0.6540524652803292 BEST_F1_MA: 0.6063793121696178 BEST_ACC_MI: 0.6540524652803292 BEST_F1_MA: 0.5734618656777719
[[4586 1328 1408  936]
 [  41  643  646 1011]
 [   5  519  677  700]
 [   0    2    0 1107]]
Epoch: [17/200], cls_loss: 0.0000, transfer_loss: 0.0000,person_loss: 0.0000, total_Loss: 0.0000
trian begin
trian end
ACC: 57.359100595194356
SAMPLE
F1_MI: 0.5735910059519436 F1_MA: 0.5837440360786715 ACC_MI: 0.5735910059519436 F1_MA: 0.5472717102918969
BEST_F1_MI: 0.6540524652803292 BEST_F1_MA: 0.6063793121696178 BEST_ACC_MI: 0.6540524652803292 BEST_F1_MA: 0.5734618656777719
[[4833  356 2705  364]
 [ 456  633 1047  205]
 [  31  416 1235  219]
 [   0    4    0 1105]]
Epoch: [18/200], cls_loss: 0.0000, transfer_loss: 0.0000,person_loss: 0.0000, total_Loss: 0.0000
trian begin
trian end
ACC: 50.451906826364905
SAMPLE
F1_MI: 0.4919538540671614 F1_MA: 0.4819906179401046 ACC_MI: 0.4919538540671614 F1_MA: 0.43794285400784216
BEST_F1_MI: 0.6540524652803292 BEST_F1_MA: 0.6063793121696178 BEST_ACC_MI: 0.6540524652803292 BEST_F1_MA: 0.5734618656777719
[[4192 2136 1265  665]
 [ 158  981  419  783]
 [  10  797  414  680]
 [   0    1    0 1108]]
Epoch: [19/200], cls_loss: 0.0000, transfer_loss: 0.0000,person_loss: 0.0000, total_Loss: 0.0000
trian begin
trian end
ACC: 62.09861121316776
SAMPLE
F1_MI: 0.6209861121316775 F1_MA: 0.5717172628119926 ACC_MI: 0.6209861121316775 F1_MA: 0.5219083556475993
BEST_F1_MI: 0.6540524652803292 BEST_F1_MA: 0.6063793121696178 BEST_ACC_MI: 0.6540524652803292 BEST_F1_MA: 0.5734618656777719
[[5502  756 1362  638]
 [ 150 1061  569  561]
 [  36  759  782  324]
 [   0    3    0 1106]]
Epoch: [20/200], cls_loss: 0.0000, transfer_loss: 0.0000,person_loss: 0.0000, total_Loss: 0.0000
trian begin
trian end
ACC: 61.981041957528106
SAMPLE
F1_MI: 0.619810419575281 F1_MA: 0.5752181502881933 ACC_MI: 0.619810419575281 F1_MA: 0.5316630910995057
BEST_F1_MI: 0.6540524652803292 BEST_F1_MA: 0.6063793121696178 BEST_ACC_MI: 0.6540524652803292 BEST_F1_MA: 0.5734618656777719
[[5552  991 1653   62]
 [ 181  997  618  545]
 [  27  793  779  302]
 [   0    2    0 1107]]
Epoch: [21/200], cls_loss: 0.0000, transfer_loss: 0.0000,person_loss: 0.0000, total_Loss: 0.0000
trian begin
trian end
ACC: 70.39459181424057
SAMPLE
F1_MI: 0.7039459181424058 F1_MA: 0.6588689041471147 ACC_MI: 0.7039459181424058 F1_MA: 0.6222568554649102
BEST_F1_MI: 0.7039459181424058 BEST_F1_MA: 0.6588689041471147 BEST_ACC_MI: 0.7039459181424058 BEST_F1_MA: 0.6222568554649102
[[6420  490 1288   60]
 [ 237  556 1235  313]
 [ 187  119 1498   97]
 [   0    1    2 1106]]
Epoch: [22/200], cls_loss: 0.0000, transfer_loss: 0.0000,person_loss: 0.0000, total_Loss: 0.0000
trian begin
trian end
ACC: 53.69975751341024
SAMPLE
F1_MI: 0.5369975751341024 F1_MA: 0.526868887785542 ACC_MI: 0.5369975751341024 F1_MA: 0.4756063246868262
BEST_F1_MI: 0.7039459181424058 BEST_F1_MA: 0.6588689041471147 BEST_ACC_MI: 0.7039459181424058 BEST_F1_MA: 0.6222568554649102
[[4562 1400 2012  284]
 [  60  517  906  858]
 [  32  318 1121  430]
 [   0    1    0 1108]]
Epoch: [23/200], cls_loss: 0.0000, transfer_loss: 0.0000,person_loss: 0.0000, total_Loss: 0.0000
trian begin
trian end
ACC: 58.17473730619443
SAMPLE
F1_MI: 0.5817473730619444 F1_MA: 0.5218483645165108 ACC_MI: 0.5817473730619444 F1_MA: 0.47628549621928595
BEST_F1_MI: 0.7039459181424058 BEST_F1_MA: 0.6588689041471147 BEST_ACC_MI: 0.7039459181424058 BEST_F1_MA: 0.6222568554649102
[[5452 1657  934  215]
 [ 184  653  755  749]
 [  87  650  705  459]
 [   0    2    0 1107]]
Epoch: [24/200], cls_loss: 0.0000, transfer_loss: 0.0000,person_loss: 0.0000, total_Loss: 0.0000
trian begin
trian end
ACC: 67.16878536262767
SAMPLE
F1_MI: 0.6674259681093394 F1_MA: 0.6321351913316577 ACC_MI: 0.6674259681093394 F1_MA: 0.5964859730881702
BEST_F1_MI: 0.7039459181424058 BEST_F1_MA: 0.6588689041471147 BEST_ACC_MI: 0.7039459181424058 BEST_F1_MA: 0.6222568554649102
[[5959  972 1320    7]
 [ 216  926  917  282]
 [  34  673 1091  103]
 [   0    2    0 1107]]
Epoch: [25/200], cls_loss: 0.0000, transfer_loss: 0.0000,person_loss: 0.0000, total_Loss: 0.0000
trian begin
trian end
ACC: 61.85612462341098
SAMPLE
F1_MI: 0.6185612462341098 F1_MA: 0.5180944482573481 ACC_MI: 0.6185612462341098 F1_MA: 0.4717074472057136
BEST_F1_MI: 0.7039459181424058 BEST_F1_MA: 0.6588689041471147 BEST_ACC_MI: 0.7039459181424058 BEST_F1_MA: 0.6222568554649102
[[6168  800  630  660]
 [ 206  489  619 1027]
 [ 168  515  653  565]
 [   0    1    0 1108]]
Epoch: [26/200], cls_loss: 0.0000, transfer_loss: 0.0000,person_loss: 0.0000, total_Loss: 0.0000
trian begin
trian end
ACC: 63.15673451392461
SAMPLE
F1_MI: 0.6315673451392461 F1_MA: 0.5587325880026802 ACC_MI: 0.6315673451392461 F1_MA: 0.5063592575883783
BEST_F1_MI: 0.7039459181424058 BEST_F1_MA: 0.6588689041471147 BEST_ACC_MI: 0.7039459181424058 BEST_F1_MA: 0.6222568554649102
[[5908  770 1011  569]
 [ 253  526  927  635]
 [ 195  329 1054  323]
 [   0    1    1 1107]]
Epoch: [27/200], cls_loss: 0.0000, transfer_loss: 0.0000,person_loss: 0.0000, total_Loss: 0.0000
trian begin
trian end
ACC: 67.89624513189801
SAMPLE
F1_MI: 0.6783746050407818 F1_MA: 0.5946738866266841 ACC_MI: 0.6783746050407818 F1_MA: 0.5490310292834437
BEST_F1_MI: 0.7039459181424058 BEST_F1_MA: 0.6588689041471147 BEST_ACC_MI: 0.7039459181424058 BEST_F1_MA: 0.6222568554649102
[[6401  872  698  287]
 [ 287  872  626  556]
 [  86  736  851  228]
 [   0    0    1 1108]]
Epoch: [28/200], cls_loss: 0.0000, transfer_loss: 0.0000,person_loss: 0.0000, total_Loss: 0.0000
trian begin
trian end
ACC: 61.65772650451907
SAMPLE
F1_MI: 0.6165772650451907 F1_MA: 0.5468827471433875 ACC_MI: 0.6165772650451907 F1_MA: 0.4949035620784574
BEST_F1_MI: 0.7039459181424058 BEST_F1_MA: 0.6588689041471147 BEST_ACC_MI: 0.7039459181424058 BEST_F1_MA: 0.6222568554649102
[[5773  733 1248  504]
 [ 142  488  676 1035]
 [  88  330 1022  461]
 [   0    0    1 1108]]
Epoch: [29/200], cls_loss: 0.0000, transfer_loss: 0.0000,person_loss: 0.0000, total_Loss: 0.0000
trian begin
trian end
ACC: 64.59695789551033
SAMPLE
F1_MI: 0.6459695789551032 F1_MA: 0.6161779879064582 ACC_MI: 0.6459695789551032 F1_MA: 0.5772654018410097
BEST_F1_MI: 0.7039459181424058 BEST_F1_MA: 0.6588689041471147 BEST_ACC_MI: 0.7039459181424058 BEST_F1_MA: 0.6222568554649102
[[5739  507 1969   43]
 [ 369  739  828  405]
 [  89  445 1207  160]
 [   0    3    0 1106]]
Epoch: [30/200], cls_loss: 0.0000, transfer_loss: 0.0000,person_loss: 0.0000, total_Loss: 0.0000
trian begin
trian end
ACC: 66.41193327944742
SAMPLE
F1_MI: 0.6633845249467264 F1_MA: 0.5613952926259177 ACC_MI: 0.6633845249467264 F1_MA: 0.5176945284673654
BEST_F1_MI: 0.7039459181424058 BEST_F1_MA: 0.6588689041471147 BEST_ACC_MI: 0.7039459181424058 BEST_F1_MA: 0.6222568554649102
[[6518  774  366  600]
 [ 327  745  631  638]
 [ 142  851  656  252]
 [   0    0    0 1109]]
Epoch: [31/200], cls_loss: 0.0000, transfer_loss: 0.0000,person_loss: 0.0000, total_Loss: 0.0000
trian begin
trian end
ACC: 56.24954074509516
SAMPLE
F1_MI: 0.5624954074509516 F1_MA: 0.5351225912616373 ACC_MI: 0.5624954074509516 F1_MA: 0.4885116922239553
BEST_F1_MI: 0.7039459181424058 BEST_F1_MA: 0.6588689041471147 BEST_ACC_MI: 0.7039459181424058 BEST_F1_MA: 0.6222568554649102
[[4946  949 2120  243]
 [ 235  748  601  757]
 [  52  653  853  343]
 [   0    1    0 1108]]
Epoch: [32/200], cls_loss: 0.0000, transfer_loss: 0.0000,person_loss: 0.0000, total_Loss: 0.0000
trian begin
trian end
ACC: 53.33235358953634
SAMPLE
F1_MI: 0.5333235358953634 F1_MA: 0.4838586194932645 ACC_MI: 0.5333235358953634 F1_MA: 0.4331547836089389
BEST_F1_MI: 0.7039459181424058 BEST_F1_MA: 0.6588689041471147 BEST_ACC_MI: 0.7039459181424058 BEST_F1_MA: 0.6222568554649102
[[4978 1444 1272  564]
 [ 119  267  905 1050]
 [  23  486  905  487]
 [   0    0    1 1108]]
Epoch: [33/200], cls_loss: 0.0000, transfer_loss: 0.0000,person_loss: 0.0000, total_Loss: 0.0000
trian begin
trian end
ACC: 64.11933279447425
SAMPLE
F1_MI: 0.6354618267323096 F1_MA: 0.5779336126762857 ACC_MI: 0.6354618267323096 F1_MA: 0.533179750223254
BEST_F1_MI: 0.7039459181424058 BEST_F1_MA: 0.6588689041471147 BEST_ACC_MI: 0.7039459181424058 BEST_F1_MA: 0.6222568554649102
[[5861  962 1273  162]
 [ 161  689 1009  482]
 [  39  665  991  206]
 [   0    1    1 1107]]
Epoch: [34/200], cls_loss: 0.0000, transfer_loss: 0.0000,person_loss: 0.0000, total_Loss: 0.0000
trian begin
trian end
ACC: 59.43860680432067
SAMPLE
F1_MI: 0.5943860680432067 F1_MA: 0.5456427815736385 ACC_MI: 0.5943860680432067 F1_MA: 0.49904434463796515
BEST_F1_MI: 0.7039459181424058 BEST_F1_MA: 0.6588689041471147 BEST_ACC_MI: 0.7039459181424058 BEST_F1_MA: 0.6222568554649102
[[5421 1303 1410  124]
 [ 223  696  771  651]
 [  61  634  864  342]
 [   0    1    0 1108]]
Epoch: [35/200], cls_loss: 0.0000, transfer_loss: 0.0000,person_loss: 0.0000, total_Loss: 0.0000
trian begin
trian end
ACC: 58.32904695422147
SAMPLE
F1_MI: 0.5827761040487912 F1_MA: 0.5113143682001311 ACC_MI: 0.5827761040487912 F1_MA: 0.4630747736321609
BEST_F1_MI: 0.7039459181424058 BEST_F1_MA: 0.6588689041471147 BEST_ACC_MI: 0.7039459181424058 BEST_F1_MA: 0.6222568554649102
[[5578  745 1293  642]
 [ 218  473  715  935]
 [  16  443  771  671]
 [   0    0    0 1109]]
Epoch: [36/200], cls_loss: 0.0000, transfer_loss: 0.0000,person_loss: 0.0000, total_Loss: 0.0000
trian begin
trian end
ACC: 60.29098390770813
SAMPLE
F1_MI: 0.6029098390770813 F1_MA: 0.5620930772909611 ACC_MI: 0.6029098390770813 F1_MA: 0.5128309693258846
BEST_F1_MI: 0.7039459181424058 BEST_F1_MA: 0.6588689041471147 BEST_ACC_MI: 0.7039459181424058 BEST_F1_MA: 0.6222568554649102
[[5390  582 1138 1148]
 [ 423  624  724  570]
 [  46  227 1085  543]
 [   0    2    1 1106]]
Epoch: [37/200], cls_loss: 0.0000, transfer_loss: 0.0000,person_loss: 0.0000, total_Loss: 0.0000
trian begin
trian end
ACC: 63.6637519288706
SAMPLE
F1_MI: 0.636637519288706 F1_MA: 0.5945007024546098 ACC_MI: 0.636637519288706 F1_MA: 0.5445864373879393
BEST_F1_MI: 0.7039459181424058 BEST_F1_MA: 0.6588689041471147 BEST_ACC_MI: 0.7039459181424058 BEST_F1_MA: 0.6222568554649102
[[5656 1085 1394  123]
 [ 447  659  800  435]
 [  52  397 1242  210]
 [   0    1    1 1107]]
Epoch: [38/200], cls_loss: 0.0000, transfer_loss: 0.0000,person_loss: 0.0000, total_Loss: 0.0000
trian begin
trian end
ACC: 68.02851054449262
SAMPLE
F1_MI: 0.6794768168124036 F1_MA: 0.6033004535159691 ACC_MI: 0.6794768168124036 F1_MA: 0.5575321808908329
BEST_F1_MI: 0.7039459181424058 BEST_F1_MA: 0.6588689041471147 BEST_ACC_MI: 0.7039459181424058 BEST_F1_MA: 0.6222568554649102
[[6332  913  829  184]
 [ 317  884  644  496]
 [ 116  598  923  264]
 [   0    1    0 1108]]
Epoch: [39/200], cls_loss: 0.0000, transfer_loss: 0.0000,person_loss: 0.0000, total_Loss: 0.0000
trian begin
trian end
ACC: 65.42729076346535
SAMPLE
F1_MI: 0.6542729076346535 F1_MA: 0.6231240085369535 ACC_MI: 0.6542729076346535 F1_MA: 0.5936279042233357
BEST_F1_MI: 0.7039459181424058 BEST_F1_MA: 0.6588689041471147 BEST_ACC_MI: 0.7039459181424058 BEST_F1_MA: 0.6222568554649102
[[5866 1595  773   24]
 [ 338 1019  766  218]
 [  63  838  914   86]
 [   0    3    1 1105]]
Epoch: [40/200], cls_loss: 0.0000, transfer_loss: 0.0000,person_loss: 0.0000, total_Loss: 0.0000
trian begin
trian end
ACC: 58.37313542508634
SAMPLE
F1_MI: 0.5837313542508634 F1_MA: 0.5236081831387358 ACC_MI: 0.5837313542508634 F1_MA: 0.4720789910974312
BEST_F1_MI: 0.7039459181424058 BEST_F1_MA: 0.6588689041471147 BEST_ACC_MI: 0.7039459181424058 BEST_F1_MA: 0.6222568554649102
[[5408 1053 1382  415]
 [ 347  551  595  848]
 [ 112  458  876  455]
 [   0    0    0 1109]]
Epoch: [41/200], cls_loss: 0.0000, transfer_loss: 0.0000,person_loss: 0.0000, total_Loss: 0.0000
trian begin
trian end
ACC: 59.07855095892424
SAMPLE
F1_MI: 0.5907855095892424 F1_MA: 0.5540007270470243 ACC_MI: 0.5907855095892424 F1_MA: 0.5068484878541528
BEST_F1_MI: 0.7039459181424058 BEST_F1_MA: 0.6588689041471147 BEST_ACC_MI: 0.7039459181424058 BEST_F1_MA: 0.6222568554649102
[[5272 1032 1761  193]
 [ 416  682  746  497]
 [  61  579  978  283]
 [   0    1    0 1108]]
Epoch: [42/200], cls_loss: 0.0000, transfer_loss: 0.0000,person_loss: 0.0000, total_Loss: 0.0000
trian begin
trian end
ACC: 65.61834080387979
SAMPLE
F1_MI: 0.6561834080387978 F1_MA: 0.6137566263627267 ACC_MI: 0.6561834080387978 F1_MA: 0.5635964416886339
BEST_F1_MI: 0.7039459181424058 BEST_F1_MA: 0.6588689041471147 BEST_ACC_MI: 0.7039459181424058 BEST_F1_MA: 0.6222568554649102
[[5847  739 1606   66]
 [ 257  514 1071  499]
 [  75  179 1462  185]
 [   0    0    2 1107]]
Epoch: [43/200], cls_loss: 0.0000, transfer_loss: 0.0000,person_loss: 0.0000, total_Loss: 0.0000
trian begin
trian end
ACC: 60.7392166948343
SAMPLE
F1_MI: 0.6063634359614961 F1_MA: 0.5829905641222934 ACC_MI: 0.6063634359614961 F1_MA: 0.5410227197493779
BEST_F1_MI: 0.7039459181424058 BEST_F1_MA: 0.6588689041471147 BEST_ACC_MI: 0.7039459181424058 BEST_F1_MA: 0.6222568554649102
[[5383  457 2295  123]
 [ 276  498  874  693]
 [ 228  113 1263  297]
 [   0    1    0 1108]]
Epoch: [44/200], cls_loss: 0.0000, transfer_loss: 0.0000,person_loss: 0.0000, total_Loss: 0.0000
trian begin
trian end
ACC: 61.8487765449335
SAMPLE
F1_MI: 0.618487765449335 F1_MA: 0.5560430989999063 ACC_MI: 0.618487765449335 F1_MA: 0.5103227390702112
BEST_F1_MI: 0.7039459181424058 BEST_F1_MA: 0.6588689041471147 BEST_ACC_MI: 0.7039459181424058 BEST_F1_MA: 0.6222568554649102
[[5757 1444  952  105]
 [ 499  704  566  572]
 [ 425  366  848  262]
 [   1    0    0 1108]]
Epoch: [45/200], cls_loss: 0.0000, transfer_loss: 0.0000,person_loss: 0.0000, total_Loss: 0.0000
trian begin
trian end
ACC: 61.6136380336542
SAMPLE
F1_MI: 0.6161363803365419 F1_MA: 0.5965930009449504 ACC_MI: 0.6161363803365419 F1_MA: 0.5527611030779622
BEST_F1_MI: 0.7039459181424058 BEST_F1_MA: 0.6588689041471147 BEST_ACC_MI: 0.7039459181424058 BEST_F1_MA: 0.6222568554649102
[[5427  699 2069   63]
 [ 223  376 1365  377]
 [ 135  210 1475   81]
 [   0    0    2 1107]]
Epoch: [46/200], cls_loss: 0.0000, transfer_loss: 0.0000,person_loss: 0.0000, total_Loss: 0.0000
trian begin
trian end
ACC: 62.34109780292454
SAMPLE
F1_MI: 0.6234109780292454 F1_MA: 0.5501125585196522 ACC_MI: 0.6234109780292454 F1_MA: 0.5001024374412775
BEST_F1_MI: 0.7039459181424058 BEST_F1_MA: 0.6588689041471147 BEST_ACC_MI: 0.7039459181424058 BEST_F1_MA: 0.6222568554649102
[[5852  977 1060  369]
 [ 252  656  718  715]
 [ 137  442  867  455]
 [   0    0    0 1109]]
Epoch: [47/200], cls_loss: 0.0000, transfer_loss: 0.0000,person_loss: 0.0000, total_Loss: 0.0000
trian begin
trian end
ACC: 55.242853993680654
SAMPLE
F1_MI: 0.5455948269527519 F1_MA: 0.37633496788738346 ACC_MI: 0.5455948269527519 F1_MA: 0.3737125699129267
BEST_F1_MI: 0.7039459181424058 BEST_F1_MA: 0.6588689041471147 BEST_ACC_MI: 0.7039459181424058 BEST_F1_MA: 0.6222568554649102
[[5789 1017 1029  423]
 [ 265  492  880  704]
 [  89  211 1136  465]
 [   0 1101    0    8]]
Epoch: [48/200], cls_loss: 0.0000, transfer_loss: 0.0000,person_loss: 0.0000, total_Loss: 0.0000
trian begin
trian end
ACC: 43.199353369093984
SAMPLE
F1_MI: 0.42574766698508343 F1_MA: 0.3426376970691125 ACC_MI: 0.42574766698508343 F1_MA: 0.3545778458671088
BEST_F1_MI: 0.7039459181424058 BEST_F1_MA: 0.6588689041471147 BEST_ACC_MI: 0.7039459181424058 BEST_F1_MA: 0.6222568554649102
[[4192  728 1787 1551]
 [  63  289 1266  723]
 [   9   69 1302  521]
 [   0 1096    2   11]]
Epoch: [49/200], cls_loss: 0.0000, transfer_loss: 0.0000,person_loss: 0.0000, total_Loss: 0.0000
trian begin
trian end
ACC: 59.74722610037475
SAMPLE
F1_MI: 0.5974722610037475 F1_MA: 0.540284627409885 ACC_MI: 0.5974722610037475 F1_MA: 0.49203497588986606
BEST_F1_MI: 0.7039459181424058 BEST_F1_MA: 0.6588689041471147 BEST_ACC_MI: 0.7039459181424058 BEST_F1_MA: 0.6222568554649102
[[5468 1525  794  471]
 [ 216  837  607  681]
 [  42  500  719  640]
 [   0    1    1 1107]]
Epoch: [50/200], cls_loss: 0.0000, transfer_loss: 0.0000,person_loss: 0.0000, total_Loss: 0.0000
trian begin
trian end
ACC: 61.349107208464986
SAMPLE
F1_MI: 0.6134910720846498 F1_MA: 0.5146170835336897 ACC_MI: 0.6134910720846498 F1_MA: 0.4641191220644828
BEST_F1_MI: 0.7039459181424058 BEST_F1_MA: 0.6588689041471147 BEST_ACC_MI: 0.7039459181424058 BEST_F1_MA: 0.6222568554649102
[[6084 1198  536  440]
 [ 567  347  740  687]
 [ 467  143  811  480]
 [   0    1    1 1107]]
Epoch: [51/200], cls_loss: 0.0000, transfer_loss: 0.0000,person_loss: 0.0000, total_Loss: 0.0000
trian begin
trian end
ACC: 59.53413182452788
SAMPLE
F1_MI: 0.5953413182452788 F1_MA: 0.5640931849482496 ACC_MI: 0.5953413182452788 F1_MA: 0.5129389101880447
BEST_F1_MI: 0.7039459181424058 BEST_F1_MA: 0.6588689041471147 BEST_ACC_MI: 0.7039459181424058 BEST_F1_MA: 0.6222568554649102
[[5229 1419 1480  130]
 [ 413  543  898  487]
 [ 268  221 1224  188]
 [   0    2    1 1106]]
Epoch: [52/200], cls_loss: 0.0000, transfer_loss: 0.0000,person_loss: 0.0000, total_Loss: 0.0000
trian begin
trian end
ACC: 56.34506576530237
SAMPLE
F1_MI: 0.5634506576530237 F1_MA: 0.48505905254255655 ACC_MI: 0.5634506576530237 F1_MA: 0.4403233807500544
BEST_F1_MI: 0.7039459181424058 BEST_F1_MA: 0.6588689041471147 BEST_ACC_MI: 0.7039459181424058 BEST_F1_MA: 0.6222568554649102
[[5547  961  449 1301]
 [ 733  434  520  654]
 [ 826  141  582  352]
 [   0    0    4 1105]]
Epoch: [53/200], cls_loss: 0.0000, transfer_loss: 0.0000,person_loss: 0.0000, total_Loss: 0.0000
trian begin
trian end
ACC: 60.57755896832978
SAMPLE
F1_MI: 0.6056286281137483 F1_MA: 0.5498737900790799 ACC_MI: 0.6056286281137483 F1_MA: 0.5068412885060574
BEST_F1_MI: 0.7039459181424058 BEST_F1_MA: 0.6588689041471147 BEST_ACC_MI: 0.7039459181424058 BEST_F1_MA: 0.6222568554649102
[[5561 1829  515  353]
 [ 256  975  564  546]
 [ 366  696  598  241]
 [   0    1    0 1108]]
Epoch: [54/200], cls_loss: 0.0000, transfer_loss: 0.0000,person_loss: 0.0000, total_Loss: 0.0000
trian begin
trian end
ACC: 61.05518406936586
SAMPLE
F1_MI: 0.6105518406936586 F1_MA: 0.545509301342106 ACC_MI: 0.6105518406936586 F1_MA: 0.4923414106625599
BEST_F1_MI: 0.7039459181424058 BEST_F1_MA: 0.6588689041471147 BEST_ACC_MI: 0.7039459181424058 BEST_F1_MA: 0.6222568554649102
[[5645 1315  885  413]
 [ 285  560  758  738]
 [ 263  221  995  422]
 [   0    0    0 1109]]
Epoch: [55/200], cls_loss: 0.0000, transfer_loss: 0.0000,person_loss: 0.0000, total_Loss: 0.0000
trian begin
trian end
ACC: 61.9516496436182
SAMPLE
F1_MI: 0.6195164964361819 F1_MA: 0.5639351914722766 ACC_MI: 0.6195164964361819 F1_MA: 0.5074357230254848
BEST_F1_MI: 0.7039459181424058 BEST_F1_MA: 0.6588689041471147 BEST_ACC_MI: 0.7039459181424058 BEST_F1_MA: 0.6222568554649102
[[5602 1070 1325  261]
 [ 188  453 1032  668]
 [  86  175 1267  373]
 [   0    0    0 1109]]
Epoch: [56/200], cls_loss: 0.0000, transfer_loss: 0.0000,person_loss: 0.0000, total_Loss: 0.0000
trian begin
trian end
ACC: 62.95098831655522
SAMPLE
F1_MI: 0.6286281137482548 F1_MA: 0.5259671359770152 ACC_MI: 0.6286281137482548 F1_MA: 0.4812670927149447
BEST_F1_MI: 0.7039459181424058 BEST_F1_MA: 0.6588689041471147 BEST_ACC_MI: 0.7039459181424058 BEST_F1_MA: 0.6222568554649102
[[6267  994  491  506]
 [ 411  605  522  803]
 [ 393  499  574  435]
 [   0    0    0 1109]]
Epoch: [57/200], cls_loss: 0.0000, transfer_loss: 0.0000,person_loss: 0.0000, total_Loss: 0.0000
trian begin
trian end
ACC: 56.93291204350062
SAMPLE
F1_MI: 0.5693291204350063 F1_MA: 0.5258130826827988 ACC_MI: 0.5693291204350063 F1_MA: 0.4862572768473268
BEST_F1_MI: 0.7039459181424058 BEST_F1_MA: 0.6588689041471147 BEST_ACC_MI: 0.7039459181424058 BEST_F1_MA: 0.6222568554649102
[[5212 2234  379  433]
 [ 284  926  508  623]
 [ 391  778  503  229]
 [   0    2    0 1107]]
Epoch: [58/200], cls_loss: 0.0000, transfer_loss: 0.0000,person_loss: 0.0000, total_Loss: 0.0000
trian begin
trian end
ACC: 57.80733338232052
SAMPLE
F1_MI: 0.5780733338232052 F1_MA: 0.4787387578454614 ACC_MI: 0.5780733338232052 F1_MA: 0.4370211328243676
BEST_F1_MI: 0.7039459181424058 BEST_F1_MA: 0.6588689041471147 BEST_ACC_MI: 0.7039459181424058 BEST_F1_MA: 0.6222568554649102
[[5945  426  771 1116]
 [ 678  305  581  777]
 [ 882  128  509  382]
 [   0    0    1 1108]]
Epoch: [59/200], cls_loss: 0.0000, transfer_loss: 0.0000,person_loss: 0.0000, total_Loss: 0.0000
trian begin
trian end
ACC: 60.11463002424866
SAMPLE
F1_MI: 0.6011463002424866 F1_MA: 0.5293609690854648 ACC_MI: 0.6011463002424866 F1_MA: 0.48103941864775185
BEST_F1_MI: 0.7039459181424058 BEST_F1_MA: 0.6588689041471147 BEST_ACC_MI: 0.7039459181424058 BEST_F1_MA: 0.6222568554649102
[[5724  644 1334  556]
 [ 603  489  672  577]
 [ 482  314  859  246]
 [   0    0    0 1109]]
Epoch: [60/200], cls_loss: 0.0000, transfer_loss: 0.0000,person_loss: 0.0000, total_Loss: 0.0000
trian begin
trian end
ACC: 43.16261297670659
SAMPLE
F1_MI: 0.43162612976706594 F1_MA: 0.4927867135186508 ACC_MI: 0.43162612976706594 F1_MA: 0.4589665278869538
BEST_F1_MI: 0.7039459181424058 BEST_F1_MA: 0.6588689041471147 BEST_ACC_MI: 0.7039459181424058 BEST_F1_MA: 0.6222568554649102
[[3249 1012 3782  215]
 [ 258  633  864  586]
 [ 153  566  884  298]
 [   0    0    1 1108]]
Epoch: [61/200], cls_loss: 0.0000, transfer_loss: 0.0000,person_loss: 0.0000, total_Loss: 0.0000
trian begin
trian end
ACC: 55.30163862150048
SAMPLE
F1_MI: 0.552281578367257 F1_MA: 0.5143005708792334 ACC_MI: 0.552281578367257 F1_MA: 0.4704250650786893
BEST_F1_MI: 0.7039459181424058 BEST_F1_MA: 0.6588689041471147 BEST_ACC_MI: 0.7039459181424058 BEST_F1_MA: 0.6222568554649102
[[4958 1482 1459  359]
 [ 223  945  626  547]
 [ 268  890  505  238]
 [   0    0    1 1108]]
Epoch: [62/200], cls_loss: 0.0000, transfer_loss: 0.0000,person_loss: 0.0000, total_Loss: 0.0000
trian begin
trian end
ACC: 43.77250349033728
SAMPLE
F1_MI: 0.4377250349033728 F1_MA: 0.47848197828012135 ACC_MI: 0.4377250349033728 F1_MA: 0.43888877315800456
BEST_F1_MI: 0.7039459181424058 BEST_F1_MA: 0.6588689041471147 BEST_ACC_MI: 0.7039459181424058 BEST_F1_MA: 0.6222568554649102
[[3414 2008 2626  210]
 [ 443  644  692  562]
 [ 147  707  791  256]
 [   0    0    1 1108]]
Epoch: [63/200], cls_loss: 0.0000, transfer_loss: 0.0000,person_loss: 0.0000, total_Loss: 0.0000
trian begin
trian end
ACC: 48.06378132118451
SAMPLE
F1_MI: 0.48004996693364693 F1_MA: 0.49242892279701417 ACC_MI: 0.4800499669336469 F1_MA: 0.4394982519405531
BEST_F1_MI: 0.7039459181424058 BEST_F1_MA: 0.6588689041471147 BEST_ACC_MI: 0.7039459181424058 BEST_F1_MA: 0.6222568554649102
[[3834 1376 1966 1082]
 [ 315  612  851  563]
 [ 181  429  980  311]
 [   0    1    1 1107]]
Epoch: [64/200], cls_loss: 0.0000, transfer_loss: 0.0000,person_loss: 0.0000, total_Loss: 0.0000
trian begin
trian end
ACC: 23.513851127930046
SAMPLE
F1_MI: 0.23455066500110222 F1_MA: 0.3360521506851616 ACC_MI: 0.23455066500110222 F1_MA: 0.3130123975994659
BEST_F1_MI: 0.7039459181424058 BEST_F1_MA: 0.6588689041471147 BEST_ACC_MI: 0.7039459181424058 BEST_F1_MA: 0.6222568554649102
[[1412  215 2279 4352]
 [ 844  544  185  768]
 [ 637  221  178  865]
 [  49    1    1 1058]]
Epoch: [65/200], cls_loss: 0.0000, transfer_loss: 0.0000,person_loss: 0.0000, total_Loss: 0.0000
trian begin
trian end
ACC: 24.594018664119332
SAMPLE
F1_MI: 0.24594018664119333 F1_MA: 0.33509045381664987 ACC_MI: 0.24594018664119333 F1_MA: 0.2771825226662826
BEST_F1_MI: 0.7039459181424058 BEST_F1_MA: 0.6588689041471147 BEST_ACC_MI: 0.7039459181424058 BEST_F1_MA: 0.6222568554649102
[[ 940 1996  805 4517]
 [ 658  970  473  240]
 [ 446  728  345  382]
 [   0   11    6 1092]]
Epoch: [66/200], cls_loss: 0.0000, transfer_loss: 0.0000,person_loss: 0.0000, total_Loss: 0.0000
trian begin
trian end
ACC: 27.937394371371887
SAMPLE
F1_MI: 0.2790800205746197 F1_MA: 0.3602592118990656 ACC_MI: 0.2790800205746197 F1_MA: 0.3062760746362338
BEST_F1_MI: 0.7039459181424058 BEST_F1_MA: 0.6588689041471147 BEST_ACC_MI: 0.7039459181424058 BEST_F1_MA: 0.6222568554649102
[[1463 1975 3237 1583]
 [ 636  724  506  475]
 [ 451  489  505  456]
 [   0    1    2 1106]]
Epoch: [67/200], cls_loss: 0.0000, transfer_loss: 0.0000,person_loss: 0.0000, total_Loss: 0.0000
trian begin
trian end
ACC: 36.4023807774267
SAMPLE
F1_MI: 0.36402380777426696 F1_MA: 0.38788524806909364 ACC_MI: 0.364023807774267 F1_MA: 0.33803534779180655
BEST_F1_MI: 0.7039459181424058 BEST_F1_MA: 0.6588689041471147 BEST_ACC_MI: 0.7039459181424058 BEST_F1_MA: 0.6222568554649102
[[2781 1888 1305 2284]
 [ 895  721  300  425]
 [ 328  396  357  820]
 [   0   14    0 1095]]
Epoch: [68/200], cls_loss: 0.0000, transfer_loss: 0.0000,person_loss: 0.0000, total_Loss: 0.0000
trian begin
trian end
ACC: 44.9408479682563
SAMPLE
F1_MI: 0.4455139980894996 F1_MA: 0.4432576601652886 ACC_MI: 0.4455139980894996 F1_MA: 0.4120311089864426
BEST_F1_MI: 0.7039459181424058 BEST_F1_MA: 0.6588689041471147 BEST_ACC_MI: 0.7039459181424058 BEST_F1_MA: 0.6222568554649102
[[4018  606 1031 2603]
 [ 340  612  302 1087]
 [ 185  408  324  984]
 [   0    0    0 1109]]
Epoch: [69/200], cls_loss: 0.0000, transfer_loss: 0.0000,person_loss: 0.0000, total_Loss: 0.0000
trian begin
trian end
ACC: 50.326989492247776
SAMPLE
F1_MI: 0.5032698949224778 F1_MA: 0.3221135491258972 ACC_MI: 0.5032698949224778 F1_MA: 0.3310397306991282
BEST_F1_MI: 0.7039459181424058 BEST_F1_MA: 0.6588689041471147 BEST_ACC_MI: 0.7039459181424058 BEST_F1_MA: 0.6222568554649102
[[5605  478 1101 1074]
 [ 627  813  377  524]
 [ 847  261  426  367]
 [   1 1103    0    5]]
Epoch: [70/200], cls_loss: 0.0000, transfer_loss: 0.0000,person_loss: 0.0000, total_Loss: 0.0000
trian begin
trian end
ACC: 30.898669997795576
SAMPLE
F1_MI: 0.3068557572194871 F1_MA: 0.38776831964516534 ACC_MI: 0.3068557572194871 F1_MA: 0.33533701238874347
BEST_F1_MI: 0.7039459181424058 BEST_F1_MA: 0.6588689041471147 BEST_ACC_MI: 0.7039459181424058 BEST_F1_MA: 0.6222568554649102
[[1776 2626 2200 1656]
 [ 313  559  599  870]
 [ 441  229  733  498]
 [   0    1    0 1108]]
Epoch: [71/200], cls_loss: 0.0000, transfer_loss: 0.0000,person_loss: 0.0000, total_Loss: 0.0000
trian begin
trian end
ACC: 34.49922845175986
SAMPLE
F1_MI: 0.34499228451759867 F1_MA: 0.4021389636211773 ACC_MI: 0.34499228451759867 F1_MA: 0.34958838487359334
BEST_F1_MI: 0.7039459181424058 BEST_F1_MA: 0.6588689041471147 BEST_ACC_MI: 0.7039459181424058 BEST_F1_MA: 0.6222568554649102
[[2216 1868 1869 2305]
 [ 440  947  279  675]
 [ 484  501  429  487]
 [   2    4    0 1103]]
Epoch: [72/200], cls_loss: 0.0000, transfer_loss: 0.0000,person_loss: 0.0000, total_Loss: 0.0000
[[6420  490 1288   60]
 [ 237  556 1235  313]
 [ 187  119 1498   97]
 [   0    1    2 1106]]
[[6420  490 1288   60]
 [ 237  556 1235  313]
 [ 187  119 1498   97]
 [   0    1    2 1106]]
WHAT: True
SVAE_RESULT
{'best_f1': 0.6588689041471147, 'best_matrix': [[6420, 490, 1288, 60], [237, 556, 1235, 313], [187, 119, 1498, 97], [0, 1, 2, 1106]], 'args': 0.1}
{"best_f1": 0.6588689041471147, "best_matrix": [[6420, 490, 1288, 60], [237, 556, 1235, 313], [187, 119, 1498, 97], [0, 1, 2, 1106]], "args": 0.1}
ARG: Namespace(backbone='resnet50', batch_size=32, config='MEDA/MEDA.yaml', data_dir='data', device=device(type='cuda'), early_stop=50, epoch_based_training=False, lr=0.003, lr_decay=0.75, lr_gamma=0.0003, lr_scheduler=True, max_iter=29400, method='True', momentum=0.9, myweight=0.1, n_class=4, n_epoch=200, n_iter_per_epoch=147, num_workers=7, seed=2, src_domain='PAMAP2', tgt_domain='WISDM', tname='transfer', transfer_loss='twommd', transfer_loss_weight=0.5, use_bottleneck=True, weight_decay=0.0005)
