bnm 2 PAMAP2 UCI BNM/BNM.yaml True
Namespace(backbone='resnet50', batch_size=32, config='BNM/BNM.yaml', data_dir='data', device=device(type='cuda'), early_stop=50, epoch_based_training=False, lr=0.003, lr_decay=0.75, lr_gamma=0.0003, lr_scheduler=True, method='True', momentum=0.9, myweight=0.1, n_epoch=200, n_iter_per_epoch=100, num_workers=3, seed=2, src_domain='PAMAP2', tgt_domain='UCI', tname='transfer', transfer_loss='bnm', transfer_loss_weight=0.5, use_bottleneck=True, weight_decay=0.0005)
JUST DO IT
run my Parkinson code
transfer
TRAIN Length: 4725 360 TEST Length: 3369 615
YYY: 0 3
DATA_PROFILE   train: 4725 train2: 3369 test: 3369
DATASET.SHAPE: <data_loader.GetTrainLoader object at 0x7fdc2d82aef0> True
DATASET.SHAPE: <data_loader.GetTrainLoader object at 0x7fdc2d7c7160> True
DATASET.SHAPE: <data_loader.GetTestLoader object at 0x7fdc2d7ccfd0> False
CLASS: 4 615
LLL: {}
BOTTLENECK_LIST: [Linear(in_features=512, out_features=256, bias=True), ReLU()]
TYPE: {'loss_type': 'bnm', 'max_iter': 21000, 'num_class': 4, 'my_person_item': <my_person_item.PersonItem object at 0x7fdced336198>}
initial_lr 1.0
transfer_world
method True <class 'str'>
1.10.1+cu102
True
LEN: 0 0
LOADER: <data_loader.InfiniteDataLoader object at 0x7fdc2d7c7fd0> <data_loader.InfiniteDataLoader object at 0x7fdc2d7ccef0>
N_batch: 105
trian begin
trian end
n_person 615
SAMPLE
F1_MI: 0.4787770851884832 F1_MA: 0.4595538416667055 ACC_MI: 0.4787770851884832 F1_MA: 0.4422555444555431
BEST_F1_MI: 0.4787770851884832 BEST_F1_MA: 0.4595538416667055 BEST_ACC_MI: 0.4787770851884832 BEST_F1_MA: 0.4422555444555431
[[ 12  62 809  10]
 [  3  54 723  24]
 [ 32  85 621   8]
 [  0   0   0 926]]
Epoch: [ 1/200], cls_loss: 0.8963, transfer_loss: -3.5781,person_loss: -1.6537, total_Loss: -1.0581
trian begin
trian end
n_person 615
SAMPLE
F1_MI: 0.44939151083407547 F1_MA: 0.40158466770328377 ACC_MI: 0.4493915108340754 F1_MA: 0.3806521937862013
BEST_F1_MI: 0.4787770851884832 BEST_F1_MA: 0.4595538416667055 BEST_ACC_MI: 0.4787770851884832 BEST_F1_MA: 0.4422555444555431
[[257 614  22   0]
 [450 333  20   1]
 [727  19   0   0]
 [  2   0   0 924]]
Epoch: [ 2/200], cls_loss: 0.5859, transfer_loss: -3.8417,person_loss: -1.6672, total_Loss: -1.5017
trian begin
trian end
n_person 615
SAMPLE
F1_MI: 0.4781834372217275 F1_MA: 0.42665768913442503 ACC_MI: 0.4781834372217275 F1_MA: 0.4082674041415663
BEST_F1_MI: 0.4787770851884832 BEST_F1_MA: 0.4595538416667055 BEST_ACC_MI: 0.4787770851884832 BEST_F1_MA: 0.4422555444555431
[[524 235 134   0]
 [552 160  92   0]
 [647  98   1   0]
 [  0   0   0 926]]
Epoch: [ 3/200], cls_loss: 0.4481, transfer_loss: -3.8853,person_loss: -1.6610, total_Loss: -1.6606
trian begin
trian end
n_person 615
SAMPLE
F1_MI: 0.45532799050163253 F1_MA: 0.42595557987990224 ACC_MI: 0.45532799050163253 F1_MA: 0.4149831226344842
BEST_F1_MI: 0.4787770851884832 BEST_F1_MA: 0.4595538416667055 BEST_ACC_MI: 0.4787770851884832 BEST_F1_MA: 0.4422555444555431
[[104 570 219   0]
 [ 72 434 298   0]
 [271 405  70   0]
 [  0   0   0 926]]
Epoch: [ 4/200], cls_loss: 0.4103, transfer_loss: -3.9014,person_loss: -1.6804, total_Loss: -1.7085
trian begin
trian end
n_person 615
SAMPLE
F1_MI: 0.4962897002077768 F1_MA: 0.4314717691975319 ACC_MI: 0.4962897002077768 F1_MA: 0.39238579453802
BEST_F1_MI: 0.4962897002077768 BEST_F1_MA: 0.4595538416667055 BEST_ACC_MI: 0.4962897002077768 BEST_F1_MA: 0.4422555444555431
[[ 93 703  97   0]
 [114 656  34   0]
 [705  41   0   0]
 [  0   3   0 923]]
Epoch: [ 5/200], cls_loss: 0.4147, transfer_loss: -3.9285,person_loss: -1.7212, total_Loss: -1.7217
trian begin
trian end
n_person 615
SAMPLE
F1_MI: 0.6013653903235382 F1_MA: 0.6348687804567517 ACC_MI: 0.6013653903235382 F1_MA: 0.6639113297623259
BEST_F1_MI: 0.6013653903235382 BEST_F1_MA: 0.6348687804567517 BEST_ACC_MI: 0.6013653903235382 BEST_F1_MA: 0.6639113297623259
[[ 49 158 685   1]
 [ 26 328 446   4]
 [  0  19 727   0]
 [  4   0   0 922]]
Epoch: [ 6/200], cls_loss: 0.3496, transfer_loss: -3.9278,person_loss: -1.7090, total_Loss: -1.7852
trian begin
trian end
n_person 615
SAMPLE
F1_MI: 0.3161175422974176 F1_MA: 0.2920722152399632 ACC_MI: 0.3161175422974176 F1_MA: 0.25327522150785853
BEST_F1_MI: 0.6013653903235382 BEST_F1_MA: 0.6348687804567517 BEST_ACC_MI: 0.6013653903235382 BEST_F1_MA: 0.6639113297623259
[[ 33 294 566   0]
 [ 38 421 345   0]
 [128   7 611   0]
 [925   1   0   0]]
Epoch: [ 7/200], cls_loss: 0.3507, transfer_loss: -3.9306,person_loss: -1.7164, total_Loss: -1.7862
trian begin
trian end
n_person 615
SAMPLE
F1_MI: 0.36301573167111895 F1_MA: 0.4543287808968812 ACC_MI: 0.363015731671119 F1_MA: 0.5846452822234922
BEST_F1_MI: 0.6013653903235382 BEST_F1_MA: 0.6348687804567517 BEST_ACC_MI: 0.6013653903235382 BEST_F1_MA: 0.6639113297623259
[[674 133  86   0]
 [747  45  12   0]
 [243   0 503   0]
 [916   1   8   1]]
Epoch: [ 8/200], cls_loss: 0.3415, transfer_loss: -3.9046,person_loss: -1.7706, total_Loss: -1.7879
trian begin
trian end
n_person 615
SAMPLE
F1_MI: 0.7064410804392995 F1_MA: 0.7073630621133125 ACC_MI: 0.7064410804392995 F1_MA: 0.7192283431561016
BEST_F1_MI: 0.7064410804392995 BEST_F1_MA: 0.7073630621133125 BEST_ACC_MI: 0.7064410804392995 BEST_F1_MA: 0.7192283431561016
[[659 155  78   1]
 [547 208  48   1]
 [159   0 587   0]
 [  0   0   0 926]]
Epoch: [ 9/200], cls_loss: 0.3057, transfer_loss: -3.9466,person_loss: -1.7682, total_Loss: -1.8445
trian begin
trian end
n_person 615
SAMPLE
F1_MI: 0.6435143959631938 F1_MA: 0.6385706742263306 ACC_MI: 0.6435143959631938 F1_MA: 0.6332124810459352
BEST_F1_MI: 0.7064410804392995 BEST_F1_MA: 0.7073630621133125 BEST_ACC_MI: 0.7064410804392995 BEST_F1_MA: 0.7192283431561016
[[228 595  69   1]
 [316 398  88   2]
 [129   1 616   0]
 [  0   0   0 926]]
Epoch: [10/200], cls_loss: 0.2593, transfer_loss: -3.9364,person_loss: -1.7482, total_Loss: -1.8837
trian begin
trian end
n_person 615
SAMPLE
F1_MI: 0.41495992876224397 F1_MA: 0.5356234005227436 ACC_MI: 0.41495992876224397 F1_MA: 0.6998434344800455
BEST_F1_MI: 0.7064410804392995 BEST_F1_MA: 0.7073630621133125 BEST_ACC_MI: 0.7064410804392995 BEST_F1_MA: 0.7192283431561016
[[337 527  29   0]
 [146 641  17   0]
 [ 27 308 411   0]
 [  0 901  16   9]]
Epoch: [11/200], cls_loss: 0.2984, transfer_loss: -3.9433,person_loss: -1.8094, total_Loss: -1.8541
trian begin
trian end
n_person 615
SAMPLE
F1_MI: 0.5672306322350846 F1_MA: 0.5587879026937745 ACC_MI: 0.5672306322350846 F1_MA: 0.5726473015171318
BEST_F1_MI: 0.7064410804392995 BEST_F1_MA: 0.7073630621133125 BEST_ACC_MI: 0.7064410804392995 BEST_F1_MA: 0.7192283431561016
[[392 288 213   0]
 [ 91 533 180   0]
 [  5 681  60   0]
 [  0   0   0 926]]
Epoch: [12/200], cls_loss: 0.2576, transfer_loss: -3.9287,person_loss: -1.7194, total_Loss: -1.8787
trian begin
trian end
n_person 615
SAMPLE
F1_MI: 0.24309884238646481 F1_MA: 0.3131429674150725 ACC_MI: 0.24309884238646481 F1_MA: 0.41433251884082
BEST_F1_MI: 0.7064410804392995 BEST_F1_MA: 0.7073630621133125 BEST_ACC_MI: 0.7064410804392995 BEST_F1_MA: 0.7192283431561016
[[287 267 339   0]
 [ 63 258 483   0]
 [121 361 263   1]
 [915   0   0  11]]
Epoch: [13/200], cls_loss: 0.2855, transfer_loss: -3.9223,person_loss: -1.7271, total_Loss: -1.8484
trian begin
trian end
n_person 615
SAMPLE
F1_MI: 0.3909171861086376 F1_MA: 0.4290617437245403 ACC_MI: 0.39091718610863757 F1_MA: 0.5078745998265828
BEST_F1_MI: 0.7064410804392995 BEST_F1_MA: 0.7073630621133125 BEST_ACC_MI: 0.7064410804392995 BEST_F1_MA: 0.7192283431561016
[[ 36 855   2   0]
 [477 318   9   0]
 [418 290  38   0]
 [  1   0   0 925]]
Epoch: [14/200], cls_loss: 0.2902, transfer_loss: -3.9541,person_loss: -1.7155, total_Loss: -1.8584
trian begin
trian end
n_person 615
SAMPLE
F1_MI: 0.4796675571386168 F1_MA: 0.4953061191753398 ACC_MI: 0.4796675571386168 F1_MA: 0.5550886137952531
BEST_F1_MI: 0.7064410804392995 BEST_F1_MA: 0.7073630621133125 BEST_ACC_MI: 0.7064410804392995 BEST_F1_MA: 0.7192283431561016
[[893   0   0   0]
 [800   0   4   0]
 [716   0  30   0]
 [233   0   0 693]]
Epoch: [15/200], cls_loss: 0.2606, transfer_loss: -3.9181,person_loss: -1.7606, total_Loss: -1.8745
trian begin
trian end
n_person 615
SAMPLE
F1_MI: 0.4814485010388839 F1_MA: 0.507760345064115 ACC_MI: 0.4814485010388839 F1_MA: 0.5641296988286111
BEST_F1_MI: 0.7064410804392995 BEST_F1_MA: 0.7073630621133125 BEST_ACC_MI: 0.7064410804392995 BEST_F1_MA: 0.7192283431561016
[[398 481  14   0]
 [666 107  31   0]
 [439  71 236   0]
 [ 44   0   1 881]]
Epoch: [16/200], cls_loss: 0.2384, transfer_loss: -3.9057,person_loss: -1.6637, total_Loss: -1.8808
trian begin
trian end
n_person 615
SAMPLE
F1_MI: 0.5494211932324132 F1_MA: 0.5906445811852695 ACC_MI: 0.5494211932324132 F1_MA: 0.6718141895012114
BEST_F1_MI: 0.7064410804392995 BEST_F1_MA: 0.7073630621133125 BEST_ACC_MI: 0.7064410804392995 BEST_F1_MA: 0.7192283431561016
[[431 462   0   0]
 [353 444   7   0]
 [106 567  73   0]
 [ 19   4   0 903]]
Epoch: [17/200], cls_loss: 0.2434, transfer_loss: -3.9499,person_loss: -1.7020, total_Loss: -1.9017
trian begin
trian end
n_person 615
SAMPLE
F1_MI: 0.4980706441080439 F1_MA: 0.5064296582169974 ACC_MI: 0.4980706441080439 F1_MA: 0.49411130365679845
BEST_F1_MI: 0.7064410804392995 BEST_F1_MA: 0.7073630621133125 BEST_ACC_MI: 0.7064410804392995 BEST_F1_MA: 0.7192283431561016
[[503 389   1   0]
 [167 629   8   0]
 [ 15 185 546   0]
 [ 31 889   6   0]]
Epoch: [18/200], cls_loss: 0.2752, transfer_loss: -3.9211,person_loss: -1.7802, total_Loss: -1.8633
trian begin
trian end
n_person 615
SAMPLE
F1_MI: 0.5470466013653903 F1_MA: 0.5226652045990281 ACC_MI: 0.5470466013653903 F1_MA: 0.5190774130518186
BEST_F1_MI: 0.7064410804392995 BEST_F1_MA: 0.7073630621133125 BEST_ACC_MI: 0.7064410804392995 BEST_F1_MA: 0.7192283431561016
[[309 526  56   2]
 [172 580  48   4]
 [104 613  29   0]
 [  1   0   0 925]]
Epoch: [19/200], cls_loss: 0.2254, transfer_loss: -3.9502,person_loss: -1.7023, total_Loss: -1.9199
trian begin
trian end
n_person 615
SAMPLE
F1_MI: 0.6206589492430988 F1_MA: 0.6354090680709021 ACC_MI: 0.6206589492430988 F1_MA: 0.6930602725691033
BEST_F1_MI: 0.7064410804392995 BEST_F1_MA: 0.7073630621133125 BEST_ACC_MI: 0.7064410804392995 BEST_F1_MA: 0.7192283431561016
[[832  60   0   1]
 [475 327   1   1]
 [ 47 693   6   0]
 [  0   0   0 926]]
Epoch: [20/200], cls_loss: 0.2414, transfer_loss: -3.9383,person_loss: -1.7458, total_Loss: -1.9023
trian begin
trian end
n_person 615
SAMPLE
F1_MI: 0.4995547640249332 F1_MA: 0.5444376204254131 ACC_MI: 0.4995547640249332 F1_MA: 0.62051438572225
BEST_F1_MI: 0.7064410804392995 BEST_F1_MA: 0.7073630621133125 BEST_ACC_MI: 0.7064410804392995 BEST_F1_MA: 0.7192283431561016
[[ 20 873   0   0]
 [ 65 739   0   0]
 [ 33 711   2   0]
 [  4   0   0 922]]
Epoch: [21/200], cls_loss: 0.2189, transfer_loss: -3.9162,person_loss: -1.6565, total_Loss: -1.9049
trian begin
trian end
n_person 615
SAMPLE
F1_MI: 0.2226179875333927 F1_MA: 0.29661055014373666 ACC_MI: 0.2226179875333927 F1_MA: 0.4092910014317746
BEST_F1_MI: 0.7064410804392995 BEST_F1_MA: 0.7073630621133125 BEST_ACC_MI: 0.7064410804392995 BEST_F1_MA: 0.7192283431561016
[[ 26 860   7   0]
 [ 76 714  14   0]
 [ 26 711   9   0]
 [925   0   0   1]]
Epoch: [22/200], cls_loss: 0.2103, transfer_loss: -3.8549,person_loss: -1.6292, total_Loss: -1.8800
trian begin
trian end
n_person 615
SAMPLE
F1_MI: 0.48501038883941816 F1_MA: 0.41897447696509327 ACC_MI: 0.4850103888394182 F1_MA: 0.3787117688037511
BEST_F1_MI: 0.7064410804392995 BEST_F1_MA: 0.7073630621133125 BEST_ACC_MI: 0.7064410804392995 BEST_F1_MA: 0.7192283431561016
[[ 43 847   0   3]
 [124 665   0  15]
 [ 14 732   0   0]
 [  0   0   0 926]]
Epoch: [23/200], cls_loss: 0.2016, transfer_loss: -3.9178,person_loss: -1.7261, total_Loss: -1.9299
trian begin
trian end
n_person 615
SAMPLE
F1_MI: 0.40397744137726327 F1_MA: 0.44501466347814306 ACC_MI: 0.40397744137726327 F1_MA: 0.4784490779478398
BEST_F1_MI: 0.7064410804392995 BEST_F1_MA: 0.7073630621133125 BEST_ACC_MI: 0.7064410804392995 BEST_F1_MA: 0.7192283431561016
[[ 34 526 333   0]
 [203 368 233   0]
 [223  15 508   0]
 [474   1   0 451]]
Epoch: [24/200], cls_loss: 0.2096, transfer_loss: -3.9219,person_loss: -1.7463, total_Loss: -1.9260
trian begin
trian end
n_person 615
SAMPLE
F1_MI: 0.48411991688928463 F1_MA: 0.47249496253727374 ACC_MI: 0.48411991688928463 F1_MA: 0.4764624910518287
BEST_F1_MI: 0.7064410804392995 BEST_F1_MA: 0.7073630621133125 BEST_ACC_MI: 0.7064410804392995 BEST_F1_MA: 0.7192283431561016
[[ 23 863   1   6]
 [102 681   1  20]
 [ 53 691   2   0]
 [  1   0   0 925]]
Epoch: [25/200], cls_loss: 0.1996, transfer_loss: -3.9152,person_loss: -1.7041, total_Loss: -1.9284
trian begin
trian end
n_person 615
SAMPLE
F1_MI: 0.44226773523300683 F1_MA: 0.4116670038089776 ACC_MI: 0.44226773523300683 F1_MA: 0.39919287258572816
BEST_F1_MI: 0.7064410804392995 BEST_F1_MA: 0.7073630621133125 BEST_ACC_MI: 0.7064410804392995 BEST_F1_MA: 0.7192283431561016
[[119 772   2   0]
 [276 523   5   0]
 [125 620   1   0]
 [ 79   0   0 847]]
Epoch: [26/200], cls_loss: 0.2123, transfer_loss: -3.9481,person_loss: -1.6787, total_Loss: -1.9296
trian begin
trian end
n_person 615
SAMPLE
F1_MI: 0.6144256455921638 F1_MA: 0.5773123953317135 ACC_MI: 0.6144256455921638 F1_MA: 0.5705456039714052
BEST_F1_MI: 0.7064410804392995 BEST_F1_MA: 0.7073630621133125 BEST_ACC_MI: 0.7064410804392995 BEST_F1_MA: 0.7192283431561016
[[696 196   1   0]
 [351 447   6   0]
 [715  29   2   0]
 [  1   0   0 925]]
Epoch: [27/200], cls_loss: 0.1898, transfer_loss: -3.9495,person_loss: -1.7024, total_Loss: -1.9551
trian begin
trian end
n_person 615
SAMPLE
F1_MI: 0.7120807361234788 F1_MA: 0.7105162209098022 ACC_MI: 0.7120807361234788 F1_MA: 0.7237457298504091
BEST_F1_MI: 0.7120807361234788 BEST_F1_MA: 0.7105162209098022 BEST_ACC_MI: 0.7120807361234788 BEST_F1_MA: 0.7237457298504091
[[740 121  31   1]
 [398 225 181   0]
 [232   0 514   0]
 [  6   0   0 920]]
Epoch: [28/200], cls_loss: 0.2287, transfer_loss: -3.9268,person_loss: -1.6340, total_Loss: -1.8981
trian begin
trian end
n_person 615
SAMPLE
F1_MI: 0.1605817750074206 F1_MA: 0.15228764971051156 ACC_MI: 0.1605817750074206 F1_MA: 0.1482896974140819
BEST_F1_MI: 0.7120807361234788 BEST_F1_MA: 0.7105162209098022 BEST_ACC_MI: 0.7120807361234788 BEST_F1_MA: 0.7237457298504091
[[378  35   0 480]
 [346 163   5 290]
 [110  11   0 625]
 [  9 917   0   0]]
Epoch: [29/200], cls_loss: 0.2305, transfer_loss: -3.9474,person_loss: -1.6949, total_Loss: -1.9127
trian begin
trian end
n_person 615
SAMPLE
F1_MI: 0.5250816265954289 F1_MA: 0.5087677087897926 ACC_MI: 0.5250816265954289 F1_MA: 0.5306273088878601
BEST_F1_MI: 0.7120807361234788 BEST_F1_MA: 0.7105162209098022 BEST_ACC_MI: 0.7120807361234788 BEST_F1_MA: 0.7237457298504091
[[791   4  98   0]
 [460  77 267   0]
 [746   0   0   0]
 [  0  25   0 901]]
Epoch: [30/200], cls_loss: 0.2014, transfer_loss: -3.9309,person_loss: -1.7012, total_Loss: -1.9341
trian begin
trian end
n_person 615
SAMPLE
F1_MI: 0.5117245473434253 F1_MA: 0.506220302528969 ACC_MI: 0.5117245473434253 F1_MA: 0.5436885073932626
BEST_F1_MI: 0.7120807361234788 BEST_F1_MA: 0.7105162209098022 BEST_ACC_MI: 0.7120807361234788 BEST_F1_MA: 0.7237457298504091
[[793   0  50  50]
 [591   4  37 172]
 [714   0   1  31]
 [  0   0   0 926]]
Epoch: [31/200], cls_loss: 0.1899, transfer_loss: -3.9082,person_loss: -1.7155, total_Loss: -1.9357
trian begin
trian end
n_person 615
SAMPLE
F1_MI: 0.5458593054318789 F1_MA: 0.5506125345042792 ACC_MI: 0.5458593054318789 F1_MA: 0.5963026404937547
BEST_F1_MI: 0.7120807361234788 BEST_F1_MA: 0.7105162209098022 BEST_ACC_MI: 0.7120807361234788 BEST_F1_MA: 0.7237457298504091
[[732  55   2 104]
 [470 172   5 157]
 [404   0   9 333]
 [  0   0   0 926]]
Epoch: [32/200], cls_loss: 0.1987, transfer_loss: -3.9438,person_loss: -1.6496, total_Loss: -1.9382
trian begin
trian end
n_person 615
SAMPLE
F1_MI: 0.23686553873552982 F1_MA: 0.23834990524323166 ACC_MI: 0.23686553873552982 F1_MA: 0.22868005991051893
BEST_F1_MI: 0.7120807361234788 BEST_F1_MA: 0.7105162209098022 BEST_ACC_MI: 0.7120807361234788 BEST_F1_MA: 0.7237457298504091
[[  0 792  38  63]
 [  1 727  35  41]
 [  3  45  56 642]
 [908   2   1  15]]
Epoch: [33/200], cls_loss: 0.2019, transfer_loss: -3.9366,person_loss: -1.6855, total_Loss: -1.9349
trian begin
trian end
n_person 615
SAMPLE
F1_MI: 0.21757197981596912 F1_MA: 0.13669211841431964 ACC_MI: 0.21757197981596912 F1_MA: 0.10233910996982383
BEST_F1_MI: 0.7120807361234788 BEST_F1_MA: 0.7105162209098022 BEST_ACC_MI: 0.7120807361234788 BEST_F1_MA: 0.7237457298504091
[[719   0 174   0]
 [414   9 381   0]
 [684   0   5  57]
 [ 24 902   0   0]]
Epoch: [34/200], cls_loss: 0.2041, transfer_loss: -3.9396,person_loss: -1.6791, total_Loss: -1.9335
trian begin
trian end
n_person 615
SAMPLE
F1_MI: 0.15405164737310775 F1_MA: 0.17106333292827988 ACC_MI: 0.15405164737310775 F1_MA: 0.20519011462835654
BEST_F1_MI: 0.7120807361234788 BEST_F1_MA: 0.7105162209098022 BEST_ACC_MI: 0.7120807361234788 BEST_F1_MA: 0.7237457298504091
[[490   0 262 141]
 [206   4 502  92]
 [682   0  23  41]
 [  0   5 919   2]]
Epoch: [35/200], cls_loss: 0.3724, transfer_loss: -3.9346,person_loss: -1.6889, total_Loss: -1.7638
trian begin
trian end
n_person 615
SAMPLE
F1_MI: 0.2015434847135649 F1_MA: 0.19295735102539288 ACC_MI: 0.20154348471356487 F1_MA: 0.18704747754529252
BEST_F1_MI: 0.7120807361234788 BEST_F1_MA: 0.7105162209098022 BEST_ACC_MI: 0.7120807361234788 BEST_F1_MA: 0.7237457298504091
[[371  17 313 192]
 [301 119 217 167]
 [556   7 113  70]
 [  0 850   0  76]]
Epoch: [36/200], cls_loss: 0.1846, transfer_loss: -3.9546,person_loss: -1.7354, total_Loss: -1.9662
trian begin
trian end
n_person 615
SAMPLE
F1_MI: 0.5126150192935589 F1_MA: 0.5043424734452894 ACC_MI: 0.5126150192935589 F1_MA: 0.4979667906448155
BEST_F1_MI: 0.7120807361234788 BEST_F1_MA: 0.7105162209098022 BEST_ACC_MI: 0.7120807361234788 BEST_F1_MA: 0.7237457298504091
[[358   6 529   0]
 [429  45 330   0]
 [140   4 602   0]
 [ 47 157   0 722]]
Epoch: [37/200], cls_loss: 0.3318, transfer_loss: -3.9527,person_loss: -1.6309, total_Loss: -1.8076
trian begin
trian end
n_person 615
SAMPLE
F1_MI: 0.15761353517364202 F1_MA: 0.22952701122655675 ACC_MI: 0.15761353517364202 F1_MA: 0.3721155429795786
BEST_F1_MI: 0.7120807361234788 BEST_F1_MA: 0.7105162209098022 BEST_ACC_MI: 0.7120807361234788 BEST_F1_MA: 0.7237457298504091
[[ 17   1 874   1]
 [ 58  16 726   4]
 [411   0 334   1]
 [  0  27 735 164]]
Epoch: [38/200], cls_loss: 0.2511, transfer_loss: -3.9374,person_loss: -1.6953, total_Loss: -1.8871
trian begin
trian end
n_person 615
SAMPLE
F1_MI: 0.5191451469278717 F1_MA: 0.5159607859151878 ACC_MI: 0.5191451469278717 F1_MA: 0.5228410805156635
BEST_F1_MI: 0.7120807361234788 BEST_F1_MA: 0.7105162209098022 BEST_ACC_MI: 0.7120807361234788 BEST_F1_MA: 0.7237457298504091
[[146 163 562  22]
 [114 362 298  30]
 [402  24 319   1]
 [  0   4   0 922]]
Epoch: [39/200], cls_loss: 0.1795, transfer_loss: -3.9737,person_loss: -1.7183, total_Loss: -1.9791
trian begin
trian end
n_person 615
SAMPLE
F1_MI: 0.4692787177203918 F1_MA: 0.45463905410592237 ACC_MI: 0.4692787177203918 F1_MA: 0.4578100623707334
BEST_F1_MI: 0.7120807361234788 BEST_F1_MA: 0.7105162209098022 BEST_ACC_MI: 0.7120807361234788 BEST_F1_MA: 0.7237457298504091
[[154 180 460  99]
 [181 409 171  43]
 [634  14  98   0]
 [  0   6   0 920]]
Epoch: [40/200], cls_loss: 0.1727, transfer_loss: -3.9618,person_loss: -1.7163, total_Loss: -1.9799
trian begin
trian end
n_person 615
SAMPLE
F1_MI: 0.21341644404867913 F1_MA: 0.2653049152130191 ACC_MI: 0.21341644404867913 F1_MA: 0.37376759957313505
BEST_F1_MI: 0.7120807361234788 BEST_F1_MA: 0.7105162209098022 BEST_ACC_MI: 0.7120807361234788 BEST_F1_MA: 0.7237457298504091
[[615   0 275   3]
 [374   1 429   0]
 [664   0  82   0]
 [  3   4 898  21]]
Epoch: [41/200], cls_loss: 0.1550, transfer_loss: -3.9552,person_loss: -1.7177, total_Loss: -1.9944
trian begin
trian end
n_person 615
SAMPLE
F1_MI: 0.7655090531314931 F1_MA: 0.7611580330629815 ACC_MI: 0.765509053131493 F1_MA: 0.7618107877428129
BEST_F1_MI: 0.7655090531314931 BEST_F1_MA: 0.7611580330629815 BEST_ACC_MI: 0.765509053131493 BEST_F1_MA: 0.7618107877428129
[[597 185 111   0]
 [264 443  97   0]
 [120  10 616   0]
 [  0   3   0 923]]
Epoch: [42/200], cls_loss: 0.1517, transfer_loss: -3.9292,person_loss: -1.7206, total_Loss: -1.9849
trian begin
trian end
n_person 615
SAMPLE
F1_MI: 0.7518551498961116 F1_MA: 0.7469737898841581 ACC_MI: 0.7518551498961116 F1_MA: 0.7418308571499842
BEST_F1_MI: 0.7655090531314931 BEST_F1_MA: 0.7611580330629815 BEST_ACC_MI: 0.765509053131493 BEST_F1_MA: 0.7618107877428129
[[480 204 209   0]
 [267 411 126   0]
 [ 29   0 717   0]
 [  0   1   0 925]]
Epoch: [43/200], cls_loss: 0.2073, transfer_loss: -3.9276,person_loss: -1.8284, total_Loss: -1.9393
trian begin
trian end
n_person 615
SAMPLE
F1_MI: 0.44879786286731965 F1_MA: 0.5653914155617333 ACC_MI: 0.44879786286731965 F1_MA: 0.7166892709712629
BEST_F1_MI: 0.7655090531314931 BEST_F1_MA: 0.7611580330629815 BEST_ACC_MI: 0.765509053131493 BEST_F1_MA: 0.7618107877428129
[[668   3 222   0]
 [480  95 229   0]
 [  8   0 738   0]
 [  9   3 903  11]]
Epoch: [44/200], cls_loss: 0.1603, transfer_loss: -3.9390,person_loss: -1.8504, total_Loss: -1.9942
trian begin
trian end
n_person 615
SAMPLE
F1_MI: 0.7969723953695459 F1_MA: 0.8012231391291024 ACC_MI: 0.7969723953695459 F1_MA: 0.8122933992155595
BEST_F1_MI: 0.7969723953695459 BEST_F1_MA: 0.8012231391291024 BEST_ACC_MI: 0.7969723953695459 BEST_F1_MA: 0.8122933992155595
[[761  73  59   0]
 [426 313  65   0]
 [ 45   8 693   0]
 [  0   3   5 918]]
Epoch: [45/200], cls_loss: 0.1660, transfer_loss: -3.9297,person_loss: -1.8529, total_Loss: -1.9842
trian begin
trian end
n_person 615
SAMPLE
F1_MI: 0.806767586821015 F1_MA: 0.8023531745928989 ACC_MI: 0.8067675868210151 F1_MA: 0.8010323380487843
BEST_F1_MI: 0.806767586821015 BEST_F1_MA: 0.8023531745928989 BEST_ACC_MI: 0.8067675868210151 BEST_F1_MA: 0.8122933992155595
[[682 143  68   0]
 [311 382 111   0]
 [ 17   1 728   0]
 [  0   0   0 926]]
Epoch: [46/200], cls_loss: 0.1687, transfer_loss: -3.9391,person_loss: -1.8448, total_Loss: -1.9853
trian begin
trian end
n_person 615
SAMPLE
F1_MI: 0.6898189373701396 F1_MA: 0.7051279811497794 ACC_MI: 0.6898189373701396 F1_MA: 0.7169836000350682
BEST_F1_MI: 0.806767586821015 BEST_F1_MA: 0.8023531745928989 BEST_ACC_MI: 0.8067675868210151 BEST_F1_MA: 0.8122933992155595
[[759 104  30   0]
 [476 271  57   0]
 [ 16   0 730   0]
 [  0 362   0 564]]
Epoch: [47/200], cls_loss: 0.1777, transfer_loss: -3.9442,person_loss: -1.8549, total_Loss: -1.9799
trian begin
trian end
n_person 615
SAMPLE
F1_MI: 0.8032056990204809 F1_MA: 0.826035807650467 ACC_MI: 0.8032056990204809 F1_MA: 0.8603054626612892
BEST_F1_MI: 0.806767586821015 BEST_F1_MA: 0.826035807650467 BEST_ACC_MI: 0.8067675868210151 BEST_F1_MA: 0.8603054626612892
[[854  15  24   0]
 [563 210  31   0]
 [ 27   2 717   0]
 [  0   1   0 925]]
Epoch: [48/200], cls_loss: 0.1671, transfer_loss: -3.9369,person_loss: -1.8870, total_Loss: -1.9901
trian begin
trian end
n_person 615
SAMPLE
F1_MI: 0.7714455327990501 F1_MA: 0.774169668833241 ACC_MI: 0.7714455327990501 F1_MA: 0.7777535390655432
BEST_F1_MI: 0.806767586821015 BEST_F1_MA: 0.826035807650467 BEST_ACC_MI: 0.8067675868210151 BEST_F1_MA: 0.8603054626612892
[[572  95 226   0]
 [280 359 165   0]
 [  0   1 745   0]
 [  0   3   0 923]]
Epoch: [49/200], cls_loss: 0.1665, transfer_loss: -3.9286,person_loss: -1.8609, total_Loss: -1.9839
trian begin
trian end
n_person 615
SAMPLE
F1_MI: 0.8450578806767587 F1_MA: 0.841230198474407 ACC_MI: 0.8450578806767587 F1_MA: 0.8400219633666608
BEST_F1_MI: 0.8450578806767587 BEST_F1_MA: 0.841230198474407 BEST_ACC_MI: 0.8450578806767587 BEST_F1_MA: 0.8603054626612892
[[729 104  60   0]
 [203 473 128   0]
 [  2  20 724   0]
 [  0   5   0 921]]
Epoch: [50/200], cls_loss: 0.1540, transfer_loss: -3.9614,person_loss: -1.8609, total_Loss: -2.0128
trian begin
trian end
n_person 615
SAMPLE
F1_MI: 0.8833481745325023 F1_MA: 0.8803576078999504 ACC_MI: 0.8833481745325023 F1_MA: 0.8799737907481077
BEST_F1_MI: 0.8833481745325023 BEST_F1_MA: 0.8803576078999504 BEST_ACC_MI: 0.8833481745325023 BEST_F1_MA: 0.8799737907481077
[[752 102  36   3]
 [148 611  33  12]
 [  1  58 687   0]
 [  0   0   0 926]]
Epoch: [51/200], cls_loss: 0.1723, transfer_loss: -3.9556,person_loss: -1.8721, total_Loss: -1.9927
trian begin
trian end
n_person 615
SAMPLE
F1_MI: 0.8842386464826358 F1_MA: 0.8825818909254226 ACC_MI: 0.8842386464826358 F1_MA: 0.8828632412169439
BEST_F1_MI: 0.8842386464826358 BEST_F1_MA: 0.8825818909254226 BEST_ACC_MI: 0.8842386464826358 BEST_F1_MA: 0.8828632412169439
[[763  60  70   0]
 [141 563 100   0]
 [  0  19 727   0]
 [  0   0   0 926]]
Epoch: [52/200], cls_loss: 0.1809, transfer_loss: -3.9565,person_loss: -1.8940, total_Loss: -1.9868
trian begin
trian end
n_person 615
SAMPLE
F1_MI: 0.5802908875037103 F1_MA: 0.6123227209312039 ACC_MI: 0.5802908875037103 F1_MA: 0.6528283797215859
BEST_F1_MI: 0.8842386464826358 BEST_F1_MA: 0.8825818909254226 BEST_ACC_MI: 0.8842386464826358 BEST_F1_MA: 0.8828632412169439
[[209  60 624   0]
 [ 35 285 484   0]
 [209   0 537   0]
 [  0   1   1 924]]
Epoch: [53/200], cls_loss: 0.1551, transfer_loss: -3.9315,person_loss: -1.8811, total_Loss: -1.9987
trian begin
trian end
n_person 615
SAMPLE
F1_MI: 0.4755120213713268 F1_MA: 0.4374707632057748 ACC_MI: 0.4755120213713268 F1_MA: 0.4110018906278875
BEST_F1_MI: 0.8842386464826358 BEST_F1_MA: 0.8825818909254226 BEST_ACC_MI: 0.8842386464826358 BEST_F1_MA: 0.8828632412169439
[[  0 799  94   0]
 [  1 640 163   0]
 [  1 609 136   0]
 [  0 100   0 826]]
Epoch: [54/200], cls_loss: 0.1576, transfer_loss: -3.9335,person_loss: -1.7902, total_Loss: -1.9881
trian begin
trian end
n_person 615
SAMPLE
F1_MI: 0.5488275452656575 F1_MA: 0.5067519689778565 ACC_MI: 0.5488275452656575 F1_MA: 0.48415971880932623
BEST_F1_MI: 0.8842386464826358 BEST_F1_MA: 0.8825818909254226 BEST_ACC_MI: 0.8842386464826358 BEST_F1_MA: 0.8828632412169439
[[194 683  16   0]
 [ 43 711  50   0]
 [675  51  20   0]
 [  0   2   0 924]]
Epoch: [55/200], cls_loss: 0.1598, transfer_loss: -3.9395,person_loss: -1.7622, total_Loss: -1.9861
trian begin
trian end
n_person 615
SAMPLE
F1_MI: 0.41406945681211044 F1_MA: 0.38456849688790773 ACC_MI: 0.41406945681211044 F1_MA: 0.37995230208106356
BEST_F1_MI: 0.8842386464826358 BEST_F1_MA: 0.8825818909254226 BEST_ACC_MI: 0.8842386464826358 BEST_F1_MA: 0.8828632412169439
[[220 526 147   0]
 [156 240 407   1]
 [699  37  10   0]
 [  0   1   0 925]]
Epoch: [56/200], cls_loss: 0.1865, transfer_loss: -3.9451,person_loss: -1.7951, total_Loss: -1.9656
trian begin
trian end
n_person 615
SAMPLE
F1_MI: 0.5084594835262689 F1_MA: 0.4768486983628952 ACC_MI: 0.5084594835262689 F1_MA: 0.4635209522382071
BEST_F1_MI: 0.8842386464826358 BEST_F1_MA: 0.8825818909254226 BEST_ACC_MI: 0.8842386464826358 BEST_F1_MA: 0.8828632412169439
[[188 658  47   0]
 [ 36 540 228   0]
 [670   7  69   0]
 [  0   4   6 916]]
Epoch: [57/200], cls_loss: 0.1619, transfer_loss: -3.9448,person_loss: -1.7396, total_Loss: -1.9844
trian begin
trian end
n_person 615
SAMPLE
F1_MI: 0.1041852181656278 F1_MA: 0.1622324102269574 ACC_MI: 0.10418521816562779 F1_MA: 0.331790804323721
BEST_F1_MI: 0.8842386464826358 BEST_F1_MA: 0.8825818909254226 BEST_ACC_MI: 0.8842386464826358 BEST_F1_MA: 0.8828632412169439
[[ 76 730  87   0]
 [156 243 405   0]
 [630  87  29   0]
 [  0  54 869   3]]
Epoch: [58/200], cls_loss: 0.1485, transfer_loss: -3.9435,person_loss: -1.8159, total_Loss: -2.0048
trian begin
trian end
n_person 615
SAMPLE
F1_MI: 0.13980409617097062 F1_MA: 0.2018936575370998 ACC_MI: 0.13980409617097062 F1_MA: 0.3604252205888828
BEST_F1_MI: 0.8842386464826358 BEST_F1_MA: 0.8825818909254226 BEST_ACC_MI: 0.8842386464826358 BEST_F1_MA: 0.8828632412169439
[[193 676  24   0]
 [188 267 349   0]
 [741   2   3   0]
 [  0  54 864   8]]
Epoch: [59/200], cls_loss: 0.1394, transfer_loss: -3.9475,person_loss: -1.7984, total_Loss: -2.0141
trian begin
trian end
n_person 615
SAMPLE
F1_MI: 0.2965271593944791 F1_MA: 0.2824870518822427 ACC_MI: 0.2965271593944791 F1_MA: 0.2875766670069973
BEST_F1_MI: 0.8842386464826358 BEST_F1_MA: 0.8825818909254226 BEST_ACC_MI: 0.8842386464826358 BEST_F1_MA: 0.8828632412169439
[[  8 348 537   0]
 [  2  39 763   0]
 [527 124  95   0]
 [  0  68   1 857]]
Epoch: [60/200], cls_loss: 0.1319, transfer_loss: -3.9407,person_loss: -1.8062, total_Loss: -2.0191
trian begin
trian end
n_person 615
SAMPLE
F1_MI: 0.2439893143365984 F1_MA: 0.30814748004771203 ACC_MI: 0.2439893143365984 F1_MA: 0.3967374523520623
BEST_F1_MI: 0.8842386464826358 BEST_F1_MA: 0.8825818909254226 BEST_ACC_MI: 0.8842386464826358 BEST_F1_MA: 0.8828632412169439
[[110 783   0   0]
 [ 17 697  90   0]
 [642  99   5   0]
 [  0   9 907  10]]
Epoch: [61/200], cls_loss: 0.1433, transfer_loss: -3.9291,person_loss: -1.8018, total_Loss: -2.0015
trian begin
trian end
n_person 615
SAMPLE
F1_MI: 0.333926981300089 F1_MA: 0.3112943691917415 ACC_MI: 0.333926981300089 F1_MA: 0.31233519305098295
BEST_F1_MI: 0.8842386464826358 BEST_F1_MA: 0.8825818909254226 BEST_ACC_MI: 0.8842386464826358 BEST_F1_MA: 0.8828632412169439
[[ 60 610 222   1]
 [ 12 129 663   0]
 [647  89  10   0]
 [  0   0   0 926]]
Epoch: [62/200], cls_loss: 0.1444, transfer_loss: -3.9469,person_loss: -1.8036, total_Loss: -2.0094
trian begin
trian end
n_person 615
SAMPLE
F1_MI: 0.3413475808845355 F1_MA: 0.3186790135349402 ACC_MI: 0.3413475808845355 F1_MA: 0.3223292993390128
BEST_F1_MI: 0.8842386464826358 BEST_F1_MA: 0.8825818909254226 BEST_ACC_MI: 0.8842386464826358 BEST_F1_MA: 0.8828632412169439
[[152 438 301   2]
 [ 48  65 687   4]
 [697  42   7   0]
 [  0   0   0 926]]
Epoch: [63/200], cls_loss: 0.1463, transfer_loss: -3.9300,person_loss: -1.8308, total_Loss: -2.0018
trian begin
trian end
n_person 615
SAMPLE
F1_MI: 0.4099139210448204 F1_MA: 0.36611850492201714 ACC_MI: 0.40991392104482044 F1_MA: 0.345290351431841
BEST_F1_MI: 0.8842386464826358 BEST_F1_MA: 0.8825818909254226 BEST_ACC_MI: 0.8842386464826358 BEST_F1_MA: 0.8828632412169439
[[ 60 755  76   2]
 [ 84 395 316   9]
 [652  94   0   0]
 [  0   0   0 926]]
Epoch: [64/200], cls_loss: 0.1213, transfer_loss: -3.9322,person_loss: -1.8069, total_Loss: -2.0255
trian begin
trian end
n_person 615
SAMPLE
F1_MI: 0.4882754526565746 F1_MA: 0.43681479234966175 ACC_MI: 0.4882754526565746 F1_MA: 0.4087449799593287
BEST_F1_MI: 0.8842386464826358 BEST_F1_MA: 0.8825818909254226 BEST_ACC_MI: 0.8842386464826358 BEST_F1_MA: 0.8828632412169439
[[154 637 102   0]
 [104 561 139   0]
 [687  53   6   0]
 [  0   2   0 924]]
Epoch: [65/200], cls_loss: 0.1280, transfer_loss: -3.9376,person_loss: -1.8166, total_Loss: -2.0225
trian begin
trian end
n_person 615
SAMPLE
F1_MI: 0.41436628079548826 F1_MA: 0.3994002326925075 ACC_MI: 0.41436628079548826 F1_MA: 0.4078240499400675
BEST_F1_MI: 0.8842386464826358 BEST_F1_MA: 0.8825818909254226 BEST_ACC_MI: 0.8842386464826358 BEST_F1_MA: 0.8828632412169439
[[168 287 437   1]
 [117 289 398   0]
 [645  87  14   0]
 [  0   1   0 925]]
Epoch: [66/200], cls_loss: 0.1417, transfer_loss: -3.9503,person_loss: -1.8257, total_Loss: -2.0160
trian begin
trian end
n_person 615
SAMPLE
F1_MI: 0.4283170080142475 F1_MA: 0.38726339998085907 ACC_MI: 0.42831700801424755 F1_MA: 0.3683473077510306
BEST_F1_MI: 0.8842386464826358 BEST_F1_MA: 0.8825818909254226 BEST_ACC_MI: 0.8842386464826358 BEST_F1_MA: 0.8828632412169439
[[ 83 665 145   0]
 [ 48 435 321   0]
 [671  75   0   0]
 [  0   1   0 925]]
Epoch: [67/200], cls_loss: 0.1328, transfer_loss: -3.9444,person_loss: -1.8169, total_Loss: -2.0211
trian begin
trian end
n_person 615
SAMPLE
F1_MI: 0.43336301573167113 F1_MA: 0.40333623815775 ACC_MI: 0.43336301573167113 F1_MA: 0.39011288726016724
BEST_F1_MI: 0.8842386464826358 BEST_F1_MA: 0.8825818909254226 BEST_ACC_MI: 0.8842386464826358 BEST_F1_MA: 0.8828632412169439
[[ 52 502 337   2]
 [101 388 315   0]
 [393 232 106  15]
 [  0   0  12 914]]
Epoch: [68/200], cls_loss: 0.1186, transfer_loss: -3.9625,person_loss: -1.7961, total_Loss: -2.0423
trian begin
trian end
n_person 615
SAMPLE
F1_MI: 0.4900563965568418 F1_MA: 0.4731137983706507 ACC_MI: 0.4900563965568418 F1_MA: 0.47532530881841534
BEST_F1_MI: 0.8842386464826358 BEST_F1_MA: 0.8825818909254226 BEST_ACC_MI: 0.8842386464826358 BEST_F1_MA: 0.8828632412169439
[[201 310 382   0]
 [ 82 453 269   0]
 [674   1  71   0]
 [  0   0   0 926]]
Epoch: [69/200], cls_loss: 0.1374, transfer_loss: -3.9280,person_loss: -1.7635, total_Loss: -2.0030
trian begin
trian end
n_person 615
SAMPLE
F1_MI: 0.5111308993766697 F1_MA: 0.4751086535397931 ACC_MI: 0.5111308993766697 F1_MA: 0.45632482915411104
BEST_F1_MI: 0.8842386464826358 BEST_F1_MA: 0.8825818909254226 BEST_ACC_MI: 0.8842386464826358 BEST_F1_MA: 0.8828632412169439
[[135 638 120   0]
 [ 30 606 168   0]
 [643  35  68   0]
 [  0   1  12 913]]
Epoch: [70/200], cls_loss: 0.1650, transfer_loss: -3.9364,person_loss: -1.7181, total_Loss: -1.9750
trian begin
trian end
n_person 615
SAMPLE
F1_MI: 0.44909468685069753 F1_MA: 0.41114723399944997 ACC_MI: 0.44909468685069753 F1_MA: 0.39192069093219656
BEST_F1_MI: 0.8842386464826358 BEST_F1_MA: 0.8825818909254226 BEST_ACC_MI: 0.8842386464826358 BEST_F1_MA: 0.8828632412169439
[[ 56 679 158   0]
 [ 10 485 309   0]
 [587 106  53   0]
 [  0   5   2 919]]
Epoch: [71/200], cls_loss: 0.1292, transfer_loss: -3.9526,person_loss: -1.8142, total_Loss: -2.0285
trian begin
trian end
n_person 615
SAMPLE
F1_MI: 0.3968536657761948 F1_MA: 0.373348426988136 ACC_MI: 0.39685366577619474 F1_MA: 0.3667908330060033
BEST_F1_MI: 0.8842386464826358 BEST_F1_MA: 0.8825818909254226 BEST_ACC_MI: 0.8842386464826358 BEST_F1_MA: 0.8828632412169439
[[  2 691 200   0]
 [  0 401 403   0]
 [  9 695  42   0]
 [  0  33   1 892]]
Epoch: [72/200], cls_loss: 0.1380, transfer_loss: -3.9383,person_loss: -1.7894, total_Loss: -2.0101
trian begin
trian end
n_person 615
SAMPLE
F1_MI: 0.4743247254378154 F1_MA: 0.4500510917957645 ACC_MI: 0.4743247254378154 F1_MA: 0.4433789231757057
BEST_F1_MI: 0.8842386464826358 BEST_F1_MA: 0.8825818909254226 BEST_ACC_MI: 0.8842386464826358 BEST_F1_MA: 0.8828632412169439
[[156 492 242   3]
 [ 44 408 350   2]
 [548  87 111   0]
 [  1   1   1 923]]
Epoch: [73/200], cls_loss: 0.1396, transfer_loss: -3.9242,person_loss: -1.7533, total_Loss: -1.9979
trian begin
trian end
n_person 615
SAMPLE
F1_MI: 0.4885722766399525 F1_MA: 0.4516860016361776 ACC_MI: 0.4885722766399525 F1_MA: 0.43921345852765575
BEST_F1_MI: 0.8842386464826358 BEST_F1_MA: 0.8825818909254226 BEST_ACC_MI: 0.8842386464826358 BEST_F1_MA: 0.8828632412169439
[[322 456 115   0]
 [223 368 213   0]
 [407 305  34   0]
 [  2   1   1 922]]
Epoch: [74/200], cls_loss: 0.1123, transfer_loss: -3.9548,person_loss: -1.7923, total_Loss: -2.0443
trian begin
trian end
n_person 615
SAMPLE
F1_MI: 0.4829326209557732 F1_MA: 0.47901764612304587 ACC_MI: 0.4829326209557732 F1_MA: 0.49716739580959246
BEST_F1_MI: 0.8842386464826358 BEST_F1_MA: 0.8825818909254226 BEST_ACC_MI: 0.8842386464826358 BEST_F1_MA: 0.8828632412169439
[[345 123 425   0]
 [ 49 179 576   0]
 [237 323 186   0]
 [  0   0   9 917]]
Epoch: [75/200], cls_loss: 0.1213, transfer_loss: -3.9620,person_loss: -1.7950, total_Loss: -2.0392
trian begin
trian end
n_person 615
SAMPLE
F1_MI: 0.4479073909171861 F1_MA: 0.4285787874683587 ACC_MI: 0.4479073909171861 F1_MA: 0.42668923388098023
BEST_F1_MI: 0.8842386464826358 BEST_F1_MA: 0.8825818909254226 BEST_ACC_MI: 0.8842386464826358 BEST_F1_MA: 0.8828632412169439
[[110 379 403   1]
 [ 17 373 414   0]
 [523 120 103   0]
 [  0   2   1 923]]
Epoch: [76/200], cls_loss: 0.1329, transfer_loss: -3.9223,person_loss: -1.7813, total_Loss: -2.0064
trian begin
trian end
n_person 615
SAMPLE
F1_MI: 0.47313742950430393 F1_MA: 0.4542760997021222 ACC_MI: 0.47313742950430393 F1_MA: 0.45832999500574656
BEST_F1_MI: 0.8842386464826358 BEST_F1_MA: 0.8825818909254226 BEST_ACC_MI: 0.8842386464826358 BEST_F1_MA: 0.8828632412169439
[[274 329 290   0]
 [ 99 355 349   1]
 [204 501  41   0]
 [  0   1   1 924]]
Epoch: [77/200], cls_loss: 0.1045, transfer_loss: -3.9583,person_loss: -1.7987, total_Loss: -2.0545
trian begin
trian end
n_person 615
SAMPLE
F1_MI: 0.40694568121104185 F1_MA: 0.34631620628827525 ACC_MI: 0.40694568121104185 F1_MA: 0.3112737890319776
BEST_F1_MI: 0.8842386464826358 BEST_F1_MA: 0.8825818909254226 BEST_ACC_MI: 0.8842386464826358 BEST_F1_MA: 0.8828632412169439
[[  1 505 321  66]
 [  0 365 340  99]
 [ 14 625  79  28]
 [  0   0   0 926]]
Epoch: [78/200], cls_loss: 0.1184, transfer_loss: -3.9307,person_loss: -1.7692, total_Loss: -2.0239
trian begin
trian end
n_person 615
SAMPLE
F1_MI: 0.4401899673493618 F1_MA: 0.44064961665941843 ACC_MI: 0.44018996734936183 F1_MA: 0.46066130378346687
BEST_F1_MI: 0.8842386464826358 BEST_F1_MA: 0.8825818909254226 BEST_ACC_MI: 0.8842386464826358 BEST_F1_MA: 0.8828632412169439
[[ 39 704 118  32]
 [ 16 513 236  39]
 [  4 734   8   0]
 [  3   0   0 923]]
Epoch: [79/200], cls_loss: 0.1230, transfer_loss: -3.9269,person_loss: -1.7617, total_Loss: -2.0167
trian begin
trian end
n_person 615
SAMPLE
F1_MI: 0.17868803799346988 F1_MA: 0.15565005056535225 ACC_MI: 0.17868803799346988 F1_MA: 0.13372653447416366
BEST_F1_MI: 0.8842386464826358 BEST_F1_MA: 0.8825818909254226 BEST_ACC_MI: 0.8842386464826358 BEST_F1_MA: 0.8828632412169439
[[  0 746  67  80]
 [  0 539 163 102]
 [  3 712  24   7]
 [883   4   0  39]]
Epoch: [80/200], cls_loss: 0.1126, transfer_loss: -3.9464,person_loss: -1.7538, total_Loss: -2.0360
trian begin
trian end
n_person 615
SAMPLE
F1_MI: 0.4666073018699911 F1_MA: 0.3671436883902626 ACC_MI: 0.4666073018699911 F1_MA: 0.30954376422452895
BEST_F1_MI: 0.8842386464826358 BEST_F1_MA: 0.8825818909254226 BEST_ACC_MI: 0.8842386464826358 BEST_F1_MA: 0.8828632412169439
[[  0 821  33  39]
 [  0 640 103  61]
 [  9 723   7   7]
 [  0   1   0 925]]
Epoch: [81/200], cls_loss: 0.1055, transfer_loss: -3.9464,person_loss: -1.7706, total_Loss: -2.0447
trian begin
trian end
n_person 615
SAMPLE
F1_MI: 0.17275155832591274 F1_MA: 0.19234140349748266 ACC_MI: 0.17275155832591274 F1_MA: 0.21209876947001713
BEST_F1_MI: 0.8842386464826358 BEST_F1_MA: 0.8825818909254226 BEST_ACC_MI: 0.8842386464826358 BEST_F1_MA: 0.8828632412169439
[[  0 547 285  61]
 [  0 345 412  47]
 [  0 636  72  38]
 [750   9   2 165]]
Epoch: [82/200], cls_loss: 0.1148, transfer_loss: -3.9287,person_loss: -1.7770, total_Loss: -2.0273
trian begin
trian end
n_person 615
SAMPLE
F1_MI: 0.38409023449094687 F1_MA: 0.3493181421503585 ACC_MI: 0.38409023449094687 F1_MA: 0.3298058124105825
BEST_F1_MI: 0.8842386464826358 BEST_F1_MA: 0.8825818909254226 BEST_ACC_MI: 0.8842386464826358 BEST_F1_MA: 0.8828632412169439
[[  0 445 444   4]
 [  0 273 513  18]
 [ 11 566 165   4]
 [  0  69   1 856]]
Epoch: [83/200], cls_loss: 0.1237, transfer_loss: -3.9498,person_loss: -1.7385, total_Loss: -2.0251
trian begin
trian end
n_person 615
SAMPLE
F1_MI: 0.3644998515880083 F1_MA: 0.2783667742007735 ACC_MI: 0.3644998515880083 F1_MA: 0.23327596386369004
BEST_F1_MI: 0.8842386464826358 BEST_F1_MA: 0.8825818909254226 BEST_ACC_MI: 0.8842386464826358 BEST_F1_MA: 0.8828632412169439
[[  0 174 427 292]
 [  0 254 421 129]
 [ 18 494  48 186]
 [  0   0   0 926]]
Epoch: [84/200], cls_loss: 0.1008, transfer_loss: -3.9587,person_loss: -1.7824, total_Loss: -2.0568
trian begin
trian end
n_person 615
SAMPLE
F1_MI: 0.11962006530127635 F1_MA: 0.14907225577836894 ACC_MI: 0.11962006530127635 F1_MA: 0.1824100696144474
BEST_F1_MI: 0.8842386464826358 BEST_F1_MA: 0.8825818909254226 BEST_ACC_MI: 0.8842386464826358 BEST_F1_MA: 0.8828632412169439
[[  0 108 577 208]
 [  0 152 466 186]
 [ 43  39 169 495]
 [835   1   8  82]]
Epoch: [85/200], cls_loss: 0.1084, transfer_loss: -3.9545,person_loss: -1.7619, total_Loss: -2.0451
trian begin
trian end
n_person 615
SAMPLE
F1_MI: 0.39477589789254974 F1_MA: 0.33840373043551936 ACC_MI: 0.39477589789254974 F1_MA: 0.30480150069112666
BEST_F1_MI: 0.8842386464826358 BEST_F1_MA: 0.8825818909254226 BEST_ACC_MI: 0.8842386464826358 BEST_F1_MA: 0.8828632412169439
[[  0 183 605 105]
 [  1 228 523  52]
 [ 18  42 183 503]
 [  0   5   2 919]]
Epoch: [86/200], cls_loss: 0.1126, transfer_loss: -3.9403,person_loss: -1.6894, total_Loss: -2.0265
trian begin
trian end
n_person 615
SAMPLE
F1_MI: 0.38409023449094687 F1_MA: 0.3258842884986372 ACC_MI: 0.38409023449094687 F1_MA: 0.2936255283125794
BEST_F1_MI: 0.8842386464826358 BEST_F1_MA: 0.8825818909254226 BEST_ACC_MI: 0.8842386464826358 BEST_F1_MA: 0.8828632412169439
[[  7 389 443  54]
 [  2 288 503  11]
 [200 227  75 244]
 [  0   1   1 924]]
Epoch: [87/200], cls_loss: 0.1234, transfer_loss: -3.9527,person_loss: -1.7058, total_Loss: -2.0235
trian begin
trian end
n_person 615
SAMPLE
F1_MI: 0.39002671415850393 F1_MA: 0.35060334254661774 ACC_MI: 0.390026714158504 F1_MA: 0.329675612220842
BEST_F1_MI: 0.8842386464826358 BEST_F1_MA: 0.8825818909254226 BEST_ACC_MI: 0.8842386464826358 BEST_F1_MA: 0.8828632412169439
[[  3 282 597  11]
 [  1 238 565   0]
 [240 238 151 117]
 [  0   1   3 922]]
Epoch: [88/200], cls_loss: 0.0974, transfer_loss: -3.9331,person_loss: -1.7719, total_Loss: -2.0463
trian begin
trian end
n_person 615
SAMPLE
F1_MI: 0.1632531908578213 F1_MA: 0.21296727113656733 ACC_MI: 0.1632531908578213 F1_MA: 0.28733534808751554
BEST_F1_MI: 0.8842386464826358 BEST_F1_MA: 0.8825818909254226 BEST_ACC_MI: 0.8842386464826358 BEST_F1_MA: 0.8828632412169439
[[  0 296 597   0]
 [  0 230 573   1]
 [ 71 476 173  26]
 [  0  36 743 147]]
Epoch: [89/200], cls_loss: 0.1273, transfer_loss: -3.9470,person_loss: -1.7482, total_Loss: -2.0211
trian begin
trian end
n_person 615
SAMPLE
F1_MI: 0.4547343425348768 F1_MA: 0.437617119523787 ACC_MI: 0.4547343425348768 F1_MA: 0.4396806462029713
BEST_F1_MI: 0.8842386464826358 BEST_F1_MA: 0.8825818909254226 BEST_ACC_MI: 0.8842386464826358 BEST_F1_MA: 0.8828632412169439
[[229 391 273   0]
 [ 90 226 480   8]
 [455 126 160   5]
 [  0   4   5 917]]
Epoch: [90/200], cls_loss: 0.1064, transfer_loss: -3.9611,person_loss: -1.6913, total_Loss: -2.0432
trian begin
trian end
n_person 615
SAMPLE
F1_MI: 0.385871178391214 F1_MA: 0.35780674046724903 ACC_MI: 0.385871178391214 F1_MA: 0.34868037268760155
BEST_F1_MI: 0.8842386464826358 BEST_F1_MA: 0.8825818909254226 BEST_ACC_MI: 0.8842386464826358 BEST_F1_MA: 0.8828632412169439
[[103 149 338 303]
 [ 34 200 434 136]
 [419   7 111 209]
 [  0  39   1 886]]
Epoch: [91/200], cls_loss: 0.1064, transfer_loss: -3.9408,person_loss: -1.7392, total_Loss: -2.0379
trian begin
trian end
n_person 615
SAMPLE
F1_MI: 0.14989611160581776 F1_MA: 0.12687704639430467 ACC_MI: 0.14989611160581776 F1_MA: 0.11154806259496822
BEST_F1_MI: 0.8842386464826358 BEST_F1_MA: 0.8825818909254226 BEST_ACC_MI: 0.8842386464826358 BEST_F1_MA: 0.8828632412169439
[[362  50 357 124]
 [178  90 387 149]
 [686   0  53   7]
 [  0 925   1   0]]
Epoch: [92/200], cls_loss: 0.2153, transfer_loss: -3.9388,person_loss: -1.7208, total_Loss: -1.9262
trian begin
trian end
n_person 615
SAMPLE
F1_MI: 0.10774710596616206 F1_MA: 0.11709880806391007 ACC_MI: 0.10774710596616206 F1_MA: 0.12824487516089098
BEST_F1_MI: 0.8842386464826358 BEST_F1_MA: 0.8825818909254226 BEST_ACC_MI: 0.8842386464826358 BEST_F1_MA: 0.8828632412169439
[[222  11 631  29]
 [ 77  42 669  16]
 [653   1  89   3]
 [  0 915   1  10]]
Epoch: [93/200], cls_loss: 0.1028, transfer_loss: -3.9610,person_loss: -1.7570, total_Loss: -2.0534
trian begin
trian end
n_person 615
SAMPLE
F1_MI: 0.3811219946571683 F1_MA: 0.38376287482819166 ACC_MI: 0.3811219946571683 F1_MA: 0.4169313015348374
BEST_F1_MI: 0.8842386464826358 BEST_F1_MA: 0.8825818909254226 BEST_ACC_MI: 0.8842386464826358 BEST_F1_MA: 0.8828632412169439
[[236  41 526  90]
 [212 139 377  76]
 [598  10  12 126]
 [  0  16  13 897]]
Epoch: [94/200], cls_loss: 0.2610, transfer_loss: -3.9499,person_loss: -1.7932, total_Loss: -1.8933
trian begin
trian end
n_person 615
SAMPLE
F1_MI: 0.163846838824577 F1_MA: 0.12741653572737713 ACC_MI: 0.163846838824577 F1_MA: 0.1077486532777685
BEST_F1_MI: 0.8842386464826358 BEST_F1_MA: 0.8825818909254226 BEST_ACC_MI: 0.8842386464826358 BEST_F1_MA: 0.8828632412169439
[[509  10 266 108]
 [475  43 201  85]
 [331   0   0 415]
 [  0 926   0   0]]
Epoch: [95/200], cls_loss: 0.1001, transfer_loss: -3.9601,person_loss: -1.7491, total_Loss: -2.0549
trian begin
trian end
n_person 615
SAMPLE
F1_MI: 0.09498367468091422 F1_MA: 0.08014193051306502 ACC_MI: 0.09498367468091422 F1_MA: 0.07055488233588075
BEST_F1_MI: 0.8842386464826358 BEST_F1_MA: 0.8825818909254226 BEST_ACC_MI: 0.8842386464826358 BEST_F1_MA: 0.8828632412169439
[[217 214 321 141]
 [440  99 186  79]
 [431 102   2 211]
 [  0 918   6   2]]
Epoch: [96/200], cls_loss: 0.1099, transfer_loss: -3.9636,person_loss: -1.7876, total_Loss: -2.0507
trian begin
trian end
n_person 615
SAMPLE
F1_MI: 0.6283763728109231 F1_MA: 0.5991309032988943 ACC_MI: 0.6283763728109231 F1_MA: 0.5802563837579604
BEST_F1_MI: 0.8842386464826358 BEST_F1_MA: 0.8825818909254226 BEST_ACC_MI: 0.8842386464826358 BEST_F1_MA: 0.8828632412169439
[[543  14 231 105]
 [433  12 209 150]
 [103   0 642   1]
 [  5   1   0 920]]
Epoch: [97/200], cls_loss: 0.1246, transfer_loss: -3.9521,person_loss: -1.7541, total_Loss: -2.0269
trian begin
trian end
n_person 615
SAMPLE
F1_MI: 0.14485010388839417 F1_MA: 0.16342717732310785 ACC_MI: 0.14485010388839417 F1_MA: 0.1967859915397899
BEST_F1_MI: 0.8842386464826358 BEST_F1_MA: 0.8825818909254226 BEST_ACC_MI: 0.8842386464826358 BEST_F1_MA: 0.8828632412169439
[[399  35 433  26]
 [269  74 427  34]
 [536  18  15 177]
 [926   0   0   0]]
Epoch: [98/200], cls_loss: 0.1009, transfer_loss: -3.9175,person_loss: -1.6880, total_Loss: -2.0267
trian begin
trian end
n_person 615
SAMPLE
F1_MI: 0.1116058177500742 F1_MA: 0.13614421161916251 ACC_MI: 0.11160581775007421 F1_MA: 0.18697855332343585
BEST_F1_MI: 0.8842386464826358 BEST_F1_MA: 0.8825818909254226 BEST_ACC_MI: 0.8842386464826358 BEST_F1_MA: 0.8828632412169439
[[319  39  35 500]
 [123  43  93 545]
 [720   0   9  17]
 [921   0   0   5]]
Epoch: [99/200], cls_loss: 0.1090, transfer_loss: -3.9622,person_loss: -1.7420, total_Loss: -2.0463
trian begin
trian end
n_person 615
SAMPLE
F1_MI: 0.0730186999109528 F1_MA: 0.10357276227964952 ACC_MI: 0.0730186999109528 F1_MA: 0.20221920377021016
BEST_F1_MI: 0.8842386464826358 BEST_F1_MA: 0.8825818909254226 BEST_ACC_MI: 0.8842386464826358 BEST_F1_MA: 0.8828632412169439
[[218  11  69 595]
 [142  25  72 565]
 [663   0   0  83]
 [923   0   0   3]]
Epoch: [100/200], cls_loss: 0.0952, transfer_loss: -3.9568,person_loss: -1.7439, total_Loss: -2.0576
trian begin
trian end
n_person 615
SAMPLE
F1_MI: 0.4464232710002968 F1_MA: 0.4026110188267993 ACC_MI: 0.44642327100029683 F1_MA: 0.3881382858588935
BEST_F1_MI: 0.8842386464826358 BEST_F1_MA: 0.8825818909254226 BEST_ACC_MI: 0.8842386464826358 BEST_F1_MA: 0.8828632412169439
[[385 370 138   0]
 [543 203  57   1]
 [714   0   0  32]
 [ 10   0   0 916]]
Epoch: [101/200], cls_loss: 0.1060, transfer_loss: -3.9403,person_loss: -1.7523, total_Loss: -2.0394
trian begin
trian end
n_person 615
SAMPLE
F1_MI: 0.42475512021371326 F1_MA: 0.4080195726326805 ACC_MI: 0.42475512021371326 F1_MA: 0.4214416485807434
BEST_F1_MI: 0.8842386464826358 BEST_F1_MA: 0.8825818909254226 BEST_ACC_MI: 0.8842386464826358 BEST_F1_MA: 0.8828632412169439
[[377 111 404   1]
 [505 130 164   5]
 [650   0   0  96]
 [  2   0   0 924]]
Epoch: [102/200], cls_loss: 0.0971, transfer_loss: -3.9582,person_loss: -1.7793, total_Loss: -2.0599
[[763  60  70   0]
 [141 563 100   0]
 [  0  19 727   0]
 [  0   0   0 926]]
[[763  60  70   0]
 [141 563 100   0]
 [  0  19 727   0]
 [  0   0   0 926]]
WHAT: True
SVAE_RESULT
{'best_f1': 0.8825818909254226, 'best_matrix': [[763, 60, 70, 0], [141, 563, 100, 0], [0, 19, 727, 0], [0, 0, 0, 926]], 'args': 0.1}
{"best_f1": 0.8825818909254226, "best_matrix": [[763, 60, 70, 0], [141, 563, 100, 0], [0, 19, 727, 0], [0, 0, 0, 926]], "args": 0.1}
ARG: Namespace(backbone='resnet50', batch_size=32, config='BNM/BNM.yaml', data_dir='data', device=device(type='cuda'), early_stop=50, epoch_based_training=False, lr=0.003, lr_decay=0.75, lr_gamma=0.0003, lr_scheduler=True, max_iter=21000, method='True', momentum=0.9, myweight=0.1, n_class=4, n_epoch=200, n_iter_per_epoch=105, num_workers=3, seed=2, src_domain='PAMAP2', tgt_domain='UCI', tname='transfer', transfer_loss='bnm', transfer_loss_weight=0.5, use_bottleneck=True, weight_decay=0.0005)
