mmd 1 PAMAP2 WISDM DAN/DAN.yaml True
Namespace(backbone='resnet50', batch_size=32, config='DAN/DAN.yaml', data_dir='data', device=device(type='cuda'), early_stop=50, epoch_based_training=False, lr=0.003, lr_decay=0.75, lr_gamma=0.0003, lr_scheduler=True, method='True', momentum=0.9, myweight=0.1, n_epoch=200, n_iter_per_epoch=50, num_workers=3, seed=1, src_domain='PAMAP2', tgt_domain='WISDM', tname='transfer', transfer_loss='mmd', transfer_loss_weight=0.5, use_bottleneck=True, weight_decay=0.0005)
JUST DO IT
run my Parkinson code
transfer
TRAIN Length: 4727 361 TEST Length: 13609 322
YYY: 0 3
DATA_PROFILE   train: 4727 train2: 13609 test: 13609
DATASET.SHAPE: <data_loader.GetTrainLoader object at 0x7f05c908d130> True
DATASET.SHAPE: <data_loader.GetTrainLoader object at 0x7f05c9101280> True
DATASET.SHAPE: <data_loader.GetTestLoader object at 0x7f05c910eaf0> False
CLASS: 4 322
LLL: {}
BOTTLENECK_LIST: [Linear(in_features=512, out_features=256, bias=True), ReLU()]
TYPE: {'loss_type': 'mmd', 'max_iter': 29400, 'num_class': 4, 'my_person_item': <my_person_item.PersonItem object at 0x7f05c8f02970>}
initial_lr 1.0
transfer_world
method True <class 'str'>
1.8.1+cu111
True
LEN: 0 0
LOADER: <data_loader.InfiniteDataLoader object at 0x7f05c9101d60> <data_loader.InfiniteDataLoader object at 0x7f05c8f02430>
N_batch: 147
trian begin
trian end
n_person 322
SAMPLE
F1_MI: 0.6651480637813212 F1_MA: 0.5701115908531024 ACC_MI: 0.6651480637813212 F1_MA: 0.539257705565272
BEST_F1_MI: 0.6651480637813212 BEST_F1_MA: 0.5701115908531024 BEST_ACC_MI: 0.6651480637813212 BEST_F1_MA: 0.539257705565272
[[6448 1706    5   99]
 [ 450 1482   30  379]
 [ 699  962   18  222]
 [   0    5    0 1104]]
Epoch: [ 1/200], cls_loss: 0.6580, transfer_loss: 0.0469,person_loss: -1.7997, total_Loss: 0.5015
trian begin
trian end
n_person 322
SAMPLE
F1_MI: 0.5985744727753692 F1_MA: 0.5283947203659421 ACC_MI: 0.5985744727753692 F1_MA: 0.49269735023919004
BEST_F1_MI: 0.6651480637813212 BEST_F1_MA: 0.5701115908531024 BEST_ACC_MI: 0.6651480637813212 BEST_F1_MA: 0.539257705565272
[[5862  433 1340  623]
 [ 601  487  735  518]
 [ 893  103  691  214]
 [   0    3    0 1106]]
Epoch: [ 2/200], cls_loss: 0.4268, transfer_loss: 0.0191,person_loss: -1.8635, total_Loss: 0.2500
trian begin
trian end
n_person 322
SAMPLE
F1_MI: 0.5800573150121243 F1_MA: 0.5588235537031494 ACC_MI: 0.5800573150121243 F1_MA: 0.5101119891510383
BEST_F1_MI: 0.6651480637813212 BEST_F1_MA: 0.5701115908531024 BEST_ACC_MI: 0.6651480637813212 BEST_F1_MA: 0.539257705565272
[[5007 1882 1200  169]
 [ 187  700  940  514]
 [ 424  226 1081  170]
 [   0    3    0 1106]]
Epoch: [ 3/200], cls_loss: 0.3398, transfer_loss: 0.0173,person_loss: -1.9071, total_Loss: 0.1577
trian begin
trian end
n_person 322
SAMPLE
F1_MI: 0.6094496289220369 F1_MA: 0.5884312817706815 ACC_MI: 0.6094496289220369 F1_MA: 0.5437436310824487
BEST_F1_MI: 0.6651480637813212 BEST_F1_MA: 0.5884312817706815 BEST_ACC_MI: 0.6651480637813212 BEST_F1_MA: 0.5437436310824487
[[5221  786 1708  543]
 [ 408 1009  654  270]
 [ 648  214  958   81]
 [   0    2    1 1106]]
Epoch: [ 4/200], cls_loss: 0.2890, transfer_loss: 0.0320,person_loss: -1.9142, total_Loss: 0.1136
trian begin
trian end
n_person 322
SAMPLE
F1_MI: 0.5502241163935631 F1_MA: 0.5601581168407368 ACC_MI: 0.5502241163935631 F1_MA: 0.5242343546654523
BEST_F1_MI: 0.6651480637813212 BEST_F1_MA: 0.5884312817706815 BEST_ACC_MI: 0.6651480637813212 BEST_F1_MA: 0.5437436310824487
[[4584 1735 1777  162]
 [ 369  919  810  243]
 [ 651  338  884   28]
 [   0    1    7 1101]]
Epoch: [ 5/200], cls_loss: 0.2675, transfer_loss: 0.0128,person_loss: -1.9332, total_Loss: 0.0806
trian begin
trian end
n_person 322
SAMPLE
F1_MI: 0.5818943346314939 F1_MA: 0.5649512005204832 ACC_MI: 0.5818943346314939 F1_MA: 0.5097968289474962
BEST_F1_MI: 0.6651480637813212 BEST_F1_MA: 0.5884312817706815 BEST_ACC_MI: 0.6651480637813212 BEST_F1_MA: 0.5437436310824487
[[4898  773 1541 1046]
 [ 311  638  984  408]
 [ 297  137 1279  188]
 [   0    2    3 1104]]
Epoch: [ 6/200], cls_loss: 0.2279, transfer_loss: 0.0385,person_loss: -1.9388, total_Loss: 0.0533
trian begin
trian end
n_person 322
SAMPLE
F1_MI: 0.5620545227423029 F1_MA: 0.36976443318299224 ACC_MI: 0.5620545227423029 F1_MA: 0.35851190563804886
BEST_F1_MI: 0.6651480637813212 BEST_F1_MA: 0.5884312817706815 BEST_ACC_MI: 0.6651480637813212 BEST_F1_MA: 0.5437436310824487
[[5986  873 1130  269]
 [ 561  815  686  279]
 [ 777  236  827   61]
 [   0 1085    3   21]]
Epoch: [ 7/200], cls_loss: 0.2407, transfer_loss: 0.0458,person_loss: -1.9343, total_Loss: 0.0701
trian begin
trian end
n_person 322
SAMPLE
F1_MI: 0.5980601072819458 F1_MA: 0.5719145908051556 ACC_MI: 0.5980601072819458 F1_MA: 0.5174070603060188
BEST_F1_MI: 0.6651480637813212 BEST_F1_MA: 0.5884312817706815 BEST_ACC_MI: 0.6651480637813212 BEST_F1_MA: 0.5437436310824487
[[5057 1090 1184  927]
 [ 435  882  792  232]
 [ 441  232 1107  121]
 [   0   11    5 1093]]
Epoch: [ 8/200], cls_loss: 0.2305, transfer_loss: 0.0251,person_loss: -1.9355, total_Loss: 0.0495
trian begin
trian end
n_person 322
SAMPLE
F1_MI: 0.5180395326622088 F1_MA: 0.35103128510355264 ACC_MI: 0.5180395326622088 F1_MA: 0.33857273216007744
BEST_F1_MI: 0.6651480637813212 BEST_F1_MA: 0.5884312817706815 BEST_ACC_MI: 0.6651480637813212 BEST_F1_MA: 0.5437436310824487
[[5260 1949  686  363]
 [ 486 1237  407  211]
 [ 544  784  549   24]
 [   0    8 1097    4]]
Epoch: [ 9/200], cls_loss: 0.2110, transfer_loss: 0.0058,person_loss: -1.9561, total_Loss: 0.0183
trian begin
trian end
n_person 322
SAMPLE
F1_MI: 0.5655816004114924 F1_MA: 0.5315216107365055 ACC_MI: 0.5655816004114924 F1_MA: 0.4783591864729912
BEST_F1_MI: 0.6651480637813212 BEST_F1_MA: 0.5884312817706815 BEST_ACC_MI: 0.6651480637813212 BEST_F1_MA: 0.5437436310824487
[[4999  675 1112 1472]
 [ 500  495  894  452]
 [ 476  128 1095  202]
 [   0    1    0 1108]]
Epoch: [10/200], cls_loss: 0.2231, transfer_loss: 0.0050,person_loss: -1.9587, total_Loss: 0.0298
trian begin
trian end
n_person 322
SAMPLE
F1_MI: 0.587919758983026 F1_MA: 0.5688743028884525 ACC_MI: 0.587919758983026 F1_MA: 0.5121500287338283
BEST_F1_MI: 0.6651480637813212 BEST_F1_MA: 0.5884312817706815 BEST_ACC_MI: 0.6651480637813212 BEST_F1_MA: 0.5437436310824487
[[4904  805 1168 1381]
 [ 482  801  694  364]
 [ 293  271 1191  146]
 [   0    1    3 1105]]
Epoch: [11/200], cls_loss: 0.1958, transfer_loss: 0.0081,person_loss: -1.9613, total_Loss: 0.0037
trian begin
trian end
n_person 322
SAMPLE
F1_MI: 0.5695495627893306 F1_MA: 0.5385409335123813 ACC_MI: 0.5695495627893306 F1_MA: 0.4841109266958678
BEST_F1_MI: 0.6651480637813212 BEST_F1_MA: 0.5884312817706815 BEST_ACC_MI: 0.6651480637813212 BEST_F1_MA: 0.5437436310824487
[[4934 1065 1224 1035]
 [ 452  621  987  281]
 [ 547  170 1107   77]
 [   0    2   18 1089]]
Epoch: [12/200], cls_loss: 0.1751, transfer_loss: 0.0070,person_loss: -1.9611, total_Loss: -0.0175
trian begin
trian end
n_person 322
SAMPLE
F1_MI: 0.5281064001763539 F1_MA: 0.5076802855278519 ACC_MI: 0.5281064001763539 F1_MA: 0.45064291651510624
BEST_F1_MI: 0.6651480637813212 BEST_F1_MA: 0.5884312817706815 BEST_ACC_MI: 0.6651480637813212 BEST_F1_MA: 0.5437436310824487
[[4491 1124 1246 1397]
 [ 439  539  911  452]
 [ 518  130 1049  204]
 [   0    0    1 1108]]
Epoch: [13/200], cls_loss: 0.1915, transfer_loss: 0.0075,person_loss: -1.9644, total_Loss: -0.0012
trian begin
trian end
n_person 322
SAMPLE
F1_MI: 0.5137776471452715 F1_MA: 0.5232095567015138 ACC_MI: 0.5137776471452715 F1_MA: 0.4719754511858446
BEST_F1_MI: 0.6651480637813212 BEST_F1_MA: 0.5884312817706815 BEST_ACC_MI: 0.6651480637813212 BEST_F1_MA: 0.5437436310824487
[[4052 1616  826 1764]
 [ 254 1070  475  542]
 [ 231  507  762  401]
 [   0    1    0 1108]]
Epoch: [14/200], cls_loss: 0.1659, transfer_loss: 0.0093,person_loss: -1.9617, total_Loss: -0.0256
trian begin
trian end
n_person 322
SAMPLE
F1_MI: 0.4764494084796826 F1_MA: 0.5334058281836902 ACC_MI: 0.4764494084796826 F1_MA: 0.5020890035612128
BEST_F1_MI: 0.6651480637813212 BEST_F1_MA: 0.5884312817706815 BEST_ACC_MI: 0.6651480637813212 BEST_F1_MA: 0.5437436310824487
[[3581 1865 2604  208]
 [ 582  984  655  120]
 [ 565  487  822   27]
 [   0    9    3 1097]]
Epoch: [15/200], cls_loss: 0.1836, transfer_loss: 0.0124,person_loss: -1.9615, total_Loss: -0.0064
trian begin
trian end
n_person 322
SAMPLE
F1_MI: 0.5433904034095084 F1_MA: 0.5445222652753281 ACC_MI: 0.5433904034095084 F1_MA: 0.48817248535351576
BEST_F1_MI: 0.6651480637813212 BEST_F1_MA: 0.5884312817706815 BEST_ACC_MI: 0.6651480637813212 BEST_F1_MA: 0.5437436310824487
[[4384  787 1705 1382]
 [ 441  695  810  395]
 [ 321  193 1208  179]
 [   0    1    0 1108]]
Epoch: [16/200], cls_loss: 0.1615, transfer_loss: 0.0073,person_loss: -1.9614, total_Loss: -0.0310
trian begin
trian end
n_person 322
SAMPLE
F1_MI: 0.5363362480711295 F1_MA: 0.5386265925605148 ACC_MI: 0.5363362480711295 F1_MA: 0.484343889829445
BEST_F1_MI: 0.6651480637813212 BEST_F1_MA: 0.5884312817706815 BEST_ACC_MI: 0.6651480637813212 BEST_F1_MA: 0.5437436310824487
[[4321  783 1776 1378]
 [ 468  805  684  384]
 [ 356  248 1065  232]
 [   0    1    0 1108]]
Epoch: [17/200], cls_loss: 0.1620, transfer_loss: 0.0078,person_loss: -1.9640, total_Loss: -0.0305
trian begin
trian end
n_person 322
SAMPLE
F1_MI: 0.5299434197957235 F1_MA: 0.5497872074393243 ACC_MI: 0.5299434197957235 F1_MA: 0.490877482379767
BEST_F1_MI: 0.6651480637813212 BEST_F1_MA: 0.5884312817706815 BEST_ACC_MI: 0.6651480637813212 BEST_F1_MA: 0.5437436310824487
[[3986 1483 1414 1375]
 [ 192  976  788  385]
 [ 168  274 1143  316]
 [   0    2    0 1107]]
Epoch: [18/200], cls_loss: 0.1704, transfer_loss: 0.0059,person_loss: -1.9661, total_Loss: -0.0232
trian begin
trian end
n_person 322
SAMPLE
F1_MI: 0.5600705415533838 F1_MA: 0.5434898903509937 ACC_MI: 0.5600705415533838 F1_MA: 0.48819836687746815
BEST_F1_MI: 0.6651480637813212 BEST_F1_MA: 0.5884312817706815 BEST_ACC_MI: 0.6651480637813212 BEST_F1_MA: 0.5437436310824487
[[4686 1329  733 1510]
 [ 281  774  776  510]
 [ 339  200 1054  308]
 [   0    1    0 1108]]
Epoch: [19/200], cls_loss: 0.1548, transfer_loss: 0.0065,person_loss: -1.9683, total_Loss: -0.0387
trian begin
trian end
n_person 322
SAMPLE
F1_MI: 0.5715335439782497 F1_MA: 0.5610002534617756 ACC_MI: 0.5715335439782497 F1_MA: 0.4998186210728967
BEST_F1_MI: 0.6651480637813212 BEST_F1_MA: 0.5884312817706815 BEST_ACC_MI: 0.6651480637813212 BEST_F1_MA: 0.5437436310824487
[[4640 1309 1056 1253]
 [ 291  719  998  333]
 [ 241  172 1313  175]
 [   0    2    1 1106]]
Epoch: [20/200], cls_loss: 0.1569, transfer_loss: 0.0070,person_loss: -1.9689, total_Loss: -0.0365
trian begin
trian end
n_person 322
SAMPLE
F1_MI: 0.5511793665956353 F1_MA: 0.5562101901705055 ACC_MI: 0.5511793665956353 F1_MA: 0.5003028028974332
BEST_F1_MI: 0.6651480637813212 BEST_F1_MA: 0.5884312817706815 BEST_ACC_MI: 0.6651480637813212 BEST_F1_MA: 0.5437436310824487
[[4341 1561  821 1535]
 [ 159 1006  710  466]
 [ 199  270 1046  386]
 [   0    1    0 1108]]
Epoch: [21/200], cls_loss: 0.1445, transfer_loss: 0.0071,person_loss: -1.9702, total_Loss: -0.0490
trian begin
trian end
n_person 322
SAMPLE
F1_MI: 0.5516937320890587 F1_MA: 0.3942817139838505 ACC_MI: 0.5516937320890587 F1_MA: 0.36804673774769475
BEST_F1_MI: 0.6651480637813212 BEST_F1_MA: 0.5884312817706815 BEST_ACC_MI: 0.6651480637813212 BEST_F1_MA: 0.5437436310824487
[[5415  359 2247  237]
 [ 546  615 1046  134]
 [ 216  195 1472   18]
 [   1 1088   14    6]]
Epoch: [22/200], cls_loss: 0.1308, transfer_loss: 0.0059,person_loss: -1.9705, total_Loss: -0.0633
trian begin
trian end
n_person 322
SAMPLE
F1_MI: 0.606069512822397 F1_MA: 0.5902863571629278 ACC_MI: 0.606069512822397 F1_MA: 0.5362226876173766
BEST_F1_MI: 0.6651480637813212 BEST_F1_MA: 0.5902863571629278 BEST_ACC_MI: 0.6651480637813212 BEST_F1_MA: 0.5437436310824487
[[5045 1167 1432  614]
 [ 381  864  877  219]
 [ 245  306 1233  117]
 [   0    3    0 1106]]
Epoch: [23/200], cls_loss: 0.1400, transfer_loss: 0.0079,person_loss: -1.9705, total_Loss: -0.0531
trian begin
trian end
n_person 322
SAMPLE
F1_MI: 0.509589242413109 F1_MA: 0.5281017023342541 ACC_MI: 0.509589242413109 F1_MA: 0.4749275366248766
BEST_F1_MI: 0.6651480637813212 BEST_F1_MA: 0.5902863571629278 BEST_ACC_MI: 0.6651480637813212 BEST_F1_MA: 0.5437436310824487
[[3965 1280 1232 1781]
 [ 182  809  733  617]
 [ 149  225 1053  474]
 [   0    1    0 1108]]
Epoch: [24/200], cls_loss: 0.1327, transfer_loss: 0.0102,person_loss: -1.9709, total_Loss: -0.0593
trian begin
trian end
n_person 322
SAMPLE
F1_MI: 0.5560290983907709 F1_MA: 0.5530389712336687 ACC_MI: 0.5560290983907709 F1_MA: 0.4965638144460659
BEST_F1_MI: 0.6651480637813212 BEST_F1_MA: 0.5902863571629278 BEST_ACC_MI: 0.6651480637813212 BEST_F1_MA: 0.5437436310824487
[[4439 1201 1409 1209]
 [ 254 1040  690  357]
 [ 254  387  981  279]
 [   0    2    0 1107]]
Epoch: [25/200], cls_loss: 0.1282, transfer_loss: 0.0253,person_loss: -1.9681, total_Loss: -0.0559
trian begin
trian end
n_person 322
SAMPLE
F1_MI: 0.6332574031890661 F1_MA: 0.5994380241181129 ACC_MI: 0.6332574031890661 F1_MA: 0.5443437610166364
BEST_F1_MI: 0.6651480637813212 BEST_F1_MA: 0.5994380241181129 BEST_ACC_MI: 0.6651480637813212 BEST_F1_MA: 0.5443437610166364
[[5385 1058  673 1142]
 [ 472 1009  612  248]
 [ 310  379 1120   92]
 [   0    1    4 1104]]
Epoch: [26/200], cls_loss: 0.1331, transfer_loss: 0.0240,person_loss: -1.9656, total_Loss: -0.0515
trian begin
trian end
n_person 322
SAMPLE
F1_MI: 0.6253949592181645 F1_MA: 0.6099438128496038 ACC_MI: 0.6253949592181645 F1_MA: 0.5607383895952698
BEST_F1_MI: 0.6651480637813212 BEST_F1_MA: 0.6099438128496038 BEST_ACC_MI: 0.6651480637813212 BEST_F1_MA: 0.5607383895952698
[[5165 1746  829  518]
 [ 249 1235  647  210]
 [ 278  538 1017   68]
 [   0    4   11 1094]]
Epoch: [27/200], cls_loss: 0.1180, transfer_loss: 0.0149,person_loss: -1.9694, total_Loss: -0.0714
trian begin
trian end
n_person 322
SAMPLE
F1_MI: 0.5474318465721214 F1_MA: 0.5575558999224403 ACC_MI: 0.5474318465721214 F1_MA: 0.5053654729835225
BEST_F1_MI: 0.6651480637813212 BEST_F1_MA: 0.6099438128496038 BEST_ACC_MI: 0.6651480637813212 BEST_F1_MA: 0.5607383895952698
[[4305 1589  551 1813]
 [ 201 1057  598  485]
 [ 227  270  981  423]
 [   0    1    1 1107]]
Epoch: [28/200], cls_loss: 0.1244, transfer_loss: 0.0181,person_loss: -1.9728, total_Loss: -0.0638
trian begin
trian end
n_person 322
SAMPLE
F1_MI: 0.5707987361305019 F1_MA: 0.5680349721084207 ACC_MI: 0.5707987361305019 F1_MA: 0.5119664376632327
BEST_F1_MI: 0.6651480637813212 BEST_F1_MA: 0.6099438128496038 BEST_ACC_MI: 0.6651480637813212 BEST_F1_MA: 0.5607383895952698
[[4548 1903  723 1084]
 [ 219 1105  658  359]
 [ 248  378 1007  268]
 [   0    1    0 1108]]
Epoch: [29/200], cls_loss: 0.1222, transfer_loss: 0.0106,person_loss: -1.9716, total_Loss: -0.0697
trian begin
trian end
n_person 322
SAMPLE
F1_MI: 0.5593357337056359 F1_MA: 0.5543063073878616 ACC_MI: 0.5593357337056359 F1_MA: 0.4964205491614692
BEST_F1_MI: 0.6651480637813212 BEST_F1_MA: 0.6099438128496038 BEST_ACC_MI: 0.6651480637813212 BEST_F1_MA: 0.5607383895952698
[[4523 1307  849 1579]
 [ 229  799  858  455]
 [ 242  192 1182  285]
 [   0    1    0 1108]]
Epoch: [30/200], cls_loss: 0.1133, transfer_loss: 0.0159,person_loss: -1.9725, total_Loss: -0.0761
trian begin
trian end
n_person 322
SAMPLE
F1_MI: 0.5937982217650084 F1_MA: 0.5766885165231757 ACC_MI: 0.5937982217650084 F1_MA: 0.5205478916339353
BEST_F1_MI: 0.6651480637813212 BEST_F1_MA: 0.6099438128496038 BEST_ACC_MI: 0.6651480637813212 BEST_F1_MA: 0.5607383895952698
[[4894 1459  629 1276]
 [ 353 1009  622  357]
 [ 250  318 1070  263]
 [   0    1    0 1108]]
Epoch: [31/200], cls_loss: 0.1182, transfer_loss: 0.0115,person_loss: -1.9715, total_Loss: -0.0732
trian begin
trian end
n_person 322
SAMPLE
F1_MI: 0.5930634139172606 F1_MA: 0.559748453526669 ACC_MI: 0.5930634139172606 F1_MA: 0.5104132292362014
BEST_F1_MI: 0.6651480637813212 BEST_F1_MA: 0.6099438128496038 BEST_ACC_MI: 0.6651480637813212 BEST_F1_MA: 0.5607383895952698
[[5181 1047  506 1524]
 [ 438  863  578  462]
 [ 444  235  919  303]
 [   0    1    0 1108]]
Epoch: [32/200], cls_loss: 0.1132, transfer_loss: 0.0086,person_loss: -1.9735, total_Loss: -0.0799
trian begin
trian end
n_person 322
SAMPLE
F1_MI: 0.5960026453082519 F1_MA: 0.584917849140644 ACC_MI: 0.5960026453082519 F1_MA: 0.5268878773195916
BEST_F1_MI: 0.6651480637813212 BEST_F1_MA: 0.6099438128496038 BEST_ACC_MI: 0.6651480637813212 BEST_F1_MA: 0.5607383895952698
[[4794 1470  748 1246]
 [ 284 1133  618  306]
 [ 262  350 1077  212]
 [   0    1    1 1107]]
Epoch: [33/200], cls_loss: 0.1021, transfer_loss: 0.0071,person_loss: -1.9746, total_Loss: -0.0918
trian begin
trian end
n_person 322
SAMPLE
F1_MI: 0.5990888382687927 F1_MA: 0.5844139589880978 ACC_MI: 0.5990888382687927 F1_MA: 0.5268886650916318
BEST_F1_MI: 0.6651480637813212 BEST_F1_MA: 0.6099438128496038 BEST_ACC_MI: 0.6651480637813212 BEST_F1_MA: 0.5607383895952698
[[4900 1606  929  823]
 [ 370  970  717  284]
 [ 336  289 1177   99]
 [   0    2    1 1106]]
Epoch: [34/200], cls_loss: 0.1011, transfer_loss: 0.0109,person_loss: -1.9755, total_Loss: -0.0911
trian begin
trian end
n_person 322
SAMPLE
F1_MI: 0.6159894187669924 F1_MA: 0.5887934976060711 ACC_MI: 0.6159894187669924 F1_MA: 0.5332083880186818
BEST_F1_MI: 0.6651480637813212 BEST_F1_MA: 0.6099438128496038 BEST_ACC_MI: 0.6651480637813212 BEST_F1_MA: 0.5607383895952698
[[5164 1167  726 1201]
 [ 381 1057  569  334]
 [ 260  377 1057  207]
 [   0    3    1 1105]]
Epoch: [35/200], cls_loss: 0.1002, transfer_loss: 0.0142,person_loss: -1.9757, total_Loss: -0.0903
trian begin
trian end
n_person 322
SAMPLE
F1_MI: 0.5635976192225733 F1_MA: 0.5566912492783986 ACC_MI: 0.5635976192225733 F1_MA: 0.5025237689035298
BEST_F1_MI: 0.6651480637813212 BEST_F1_MA: 0.6099438128496038 BEST_ACC_MI: 0.6651480637813212 BEST_F1_MA: 0.5607383895952698
[[4578 1596  651 1433]
 [ 299 1025  567  450]
 [ 275  289  959  378]
 [   0    1    0 1108]]
Epoch: [36/200], cls_loss: 0.0919, transfer_loss: 0.0140,person_loss: -1.9765, total_Loss: -0.0987
trian begin
trian end
n_person 322
SAMPLE
F1_MI: 0.5586009258578881 F1_MA: 0.5561805918433089 ACC_MI: 0.5586009258578881 F1_MA: 0.4983472664654184
BEST_F1_MI: 0.6651480637813212 BEST_F1_MA: 0.6099438128496038 BEST_ACC_MI: 0.6651480637813212 BEST_F1_MA: 0.5607383895952698
[[4481 1486  825 1466]
 [ 164  848  882  447]
 [ 204  244 1165  288]
 [   0    0    1 1108]]
Epoch: [37/200], cls_loss: 0.0953, transfer_loss: 0.0150,person_loss: -1.9766, total_Loss: -0.0948
trian begin
trian end
n_person 322
SAMPLE
F1_MI: 0.5502975971783378 F1_MA: 0.5498812205029701 ACC_MI: 0.5502975971783378 F1_MA: 0.49695048091501237
BEST_F1_MI: 0.6651480637813212 BEST_F1_MA: 0.6099438128496038 BEST_ACC_MI: 0.6651480637813212 BEST_F1_MA: 0.5607383895952698
[[4437 1417  689 1715]
 [ 222  984  625  510]
 [ 217  365  960  359]
 [   0    0    1 1108]]
Epoch: [38/200], cls_loss: 0.0894, transfer_loss: 0.0147,person_loss: -1.9743, total_Loss: -0.1007
trian begin
trian end
n_person 322
SAMPLE
F1_MI: 0.608053494011316 F1_MA: 0.5743731119534589 ACC_MI: 0.608053494011316 F1_MA: 0.5225332981718913
BEST_F1_MI: 0.6651480637813212 BEST_F1_MA: 0.6099438128496038 BEST_ACC_MI: 0.6651480637813212 BEST_F1_MA: 0.5607383895952698
[[5262  779  795 1422]
 [ 318  828  752  443]
 [ 245  282 1093  281]
 [   3    2   12 1092]]
Epoch: [39/200], cls_loss: 0.0921, transfer_loss: 0.0091,person_loss: -1.9748, total_Loss: -0.1008
trian begin
trian end
n_person 322
SAMPLE
F1_MI: 0.5716805055477993 F1_MA: 0.5492190876672887 ACC_MI: 0.5716805055477993 F1_MA: 0.4988549100521556
BEST_F1_MI: 0.6651480637813212 BEST_F1_MA: 0.6099438128496038 BEST_ACC_MI: 0.6651480637813212 BEST_F1_MA: 0.5607383895952698
[[4855 1526  460 1417]
 [ 459 1000  511  371]
 [ 456  317  818  310]
 [   0    1    1 1107]]
Epoch: [40/200], cls_loss: 0.0801, transfer_loss: 0.0101,person_loss: -1.9761, total_Loss: -0.1125
trian begin
trian end
n_person 322
SAMPLE
F1_MI: 0.6277463443309574 F1_MA: 0.5855867800607636 ACC_MI: 0.6277463443309574 F1_MA: 0.5334622122835441
BEST_F1_MI: 0.6651480637813212 BEST_F1_MA: 0.6099438128496038 BEST_ACC_MI: 0.6651480637813212 BEST_F1_MA: 0.5607383895952698
[[5487 1158  983  630]
 [ 423  918  681  319]
 [ 356  329 1034  182]
 [   1    2    2 1104]]
Epoch: [41/200], cls_loss: 0.0825, transfer_loss: 0.0087,person_loss: -1.9784, total_Loss: -0.1110
trian begin
trian end
n_person 322
SAMPLE
F1_MI: 0.5718274671173488 F1_MA: 0.5600950699179186 ACC_MI: 0.5718274671173488 F1_MA: 0.5014417261114643
BEST_F1_MI: 0.6651480637813212 BEST_F1_MA: 0.6099438128496038 BEST_ACC_MI: 0.6651480637813212 BEST_F1_MA: 0.5607383895952698
[[4680 1065 1123 1390]
 [ 385  781  779  396]
 [ 238  202 1214  247]
 [   0    0    2 1107]]
Epoch: [42/200], cls_loss: 0.0850, transfer_loss: 0.0083,person_loss: -1.9774, total_Loss: -0.1086
trian begin
trian end
n_person 322
SAMPLE
F1_MI: 0.6344330957454626 F1_MA: 0.5767640576932211 ACC_MI: 0.6344330957454626 F1_MA: 0.5399136189010256
BEST_F1_MI: 0.6651480637813212 BEST_F1_MA: 0.6099438128496038 BEST_ACC_MI: 0.6651480637813212 BEST_F1_MA: 0.5607383895952698
[[5913  690 1261  394]
 [ 690  787  660  204]
 [ 558  401  852   90]
 [   6    6   15 1082]]
Epoch: [43/200], cls_loss: 0.0771, transfer_loss: 0.0078,person_loss: -1.9776, total_Loss: -0.1167
trian begin
trian end
n_person 322
SAMPLE
F1_MI: 0.5857153354397825 F1_MA: 0.5521056669921878 ACC_MI: 0.5857153354397825 F1_MA: 0.49987962364175265
BEST_F1_MI: 0.6651480637813212 BEST_F1_MA: 0.6099438128496038 BEST_ACC_MI: 0.6651480637813212 BEST_F1_MA: 0.5607383895952698
[[5082 1148  662 1366]
 [ 450  859  585  447]
 [ 363  340  923  275]
 [   0    0    2 1107]]
Epoch: [44/200], cls_loss: 0.0752, transfer_loss: 0.0077,person_loss: -1.9773, total_Loss: -0.1187
trian begin
trian end
n_person 322
SAMPLE
F1_MI: 0.5764567565581601 F1_MA: 0.5605721648963171 ACC_MI: 0.5764567565581601 F1_MA: 0.5035923868691339
BEST_F1_MI: 0.6651480637813212 BEST_F1_MA: 0.6099438128496038 BEST_ACC_MI: 0.6651480637813212 BEST_F1_MA: 0.5607383895952698
[[4764 1447  751 1296]
 [ 390  861  648  442]
 [ 241  267 1113  280]
 [   0    0    2 1107]]
Epoch: [45/200], cls_loss: 0.0651, transfer_loss: 0.0094,person_loss: -1.9779, total_Loss: -0.1280
trian begin
trian end
n_person 322
SAMPLE
F1_MI: 0.5551473289734734 F1_MA: 0.40406347574834717 ACC_MI: 0.5551473289734734 F1_MA: 0.3960859920913923
BEST_F1_MI: 0.6651480637813212 BEST_F1_MA: 0.6099438128496038 BEST_ACC_MI: 0.6651480637813212 BEST_F1_MA: 0.5607383895952698
[[5624  936  767  931]
 [ 538  760  713  330]
 [ 414  309 1097   81]
 [  29   47  959   74]]
Epoch: [46/200], cls_loss: 0.0639, transfer_loss: 0.0079,person_loss: -1.9792, total_Loss: -0.1301
trian begin
trian end
n_person 322
SAMPLE
F1_MI: 0.5961496068778015 F1_MA: 0.561973921832079 ACC_MI: 0.5961496068778015 F1_MA: 0.5075762750909196
BEST_F1_MI: 0.6651480637813212 BEST_F1_MA: 0.6099438128496038 BEST_ACC_MI: 0.6651480637813212 BEST_F1_MA: 0.5607383895952698
[[5156 1054  806 1242]
 [ 408  789  685  459]
 [ 310  225 1061  305]
 [   0    1    1 1107]]
Epoch: [47/200], cls_loss: 0.0608, transfer_loss: 0.0075,person_loss: -1.9799, total_Loss: -0.1334
trian begin
trian end
n_person 322
SAMPLE
F1_MI: 0.5921816444999632 F1_MA: 0.5527214861346101 ACC_MI: 0.5921816444999632 F1_MA: 0.5004319315027007
BEST_F1_MI: 0.6651480637813212 BEST_F1_MA: 0.6099438128496038 BEST_ACC_MI: 0.6651480637813212 BEST_F1_MA: 0.5607383895952698
[[5208 1202  674 1174]
 [ 594  783  540  424]
 [ 434  223  961  283]
 [   0    1    1 1107]]
Epoch: [48/200], cls_loss: 0.0580, transfer_loss: 0.0107,person_loss: -1.9783, total_Loss: -0.1345
trian begin
trian end
n_person 322
SAMPLE
F1_MI: 0.5507384818869866 F1_MA: 0.5415041721365232 ACC_MI: 0.5507384818869866 F1_MA: 0.49058405694642077
BEST_F1_MI: 0.6651480637813212 BEST_F1_MA: 0.6099438128496038 BEST_ACC_MI: 0.6651480637813212 BEST_F1_MA: 0.5607383895952698
[[4589 1331  598 1740]
 [ 278  847  631  585]
 [ 311  232  951  407]
 [   0    1    0 1108]]
Epoch: [49/200], cls_loss: 0.0598, transfer_loss: 0.0076,person_loss: -1.9812, total_Loss: -0.1345
trian begin
trian end
n_person 322
SAMPLE
F1_MI: 0.5918142405760893 F1_MA: 0.5729937611300749 ACC_MI: 0.5918142405760893 F1_MA: 0.5139062455748644
BEST_F1_MI: 0.6651480637813212 BEST_F1_MA: 0.6099438128496038 BEST_ACC_MI: 0.6651480637813212 BEST_F1_MA: 0.5607383895952698
[[4913  927 1082 1336]
 [ 436  742  782  381]
 [ 221  199 1292  189]
 [   0    2    0 1107]]
Epoch: [50/200], cls_loss: 0.0534, transfer_loss: 0.0082,person_loss: -1.9803, total_Loss: -0.1406
trian begin
trian end
n_person 322
SAMPLE
F1_MI: 0.5976192225732971 F1_MA: 0.5636173806006207 ACC_MI: 0.5976192225732971 F1_MA: 0.5078632896287759
BEST_F1_MI: 0.6651480637813212 BEST_F1_MA: 0.6099438128496038 BEST_ACC_MI: 0.6651480637813212 BEST_F1_MA: 0.5607383895952698
[[5167 1012  788 1291]
 [ 398  701  747  495]
 [ 254  206 1158  283]
 [   0    1    1 1107]]
Epoch: [51/200], cls_loss: 0.0621, transfer_loss: 0.0094,person_loss: -1.9808, total_Loss: -0.1313
trian begin
trian end
n_person 322
SAMPLE
F1_MI: 0.5871849511352781 F1_MA: 0.5618660261559671 ACC_MI: 0.5871849511352781 F1_MA: 0.508007299742688
BEST_F1_MI: 0.6651480637813212 BEST_F1_MA: 0.6099438128496038 BEST_ACC_MI: 0.6651480637813212 BEST_F1_MA: 0.5607383895952698
[[4995 1005  818 1440]
 [ 407  837  593  504]
 [ 217  320 1052  312]
 [   0    1    1 1107]]
Epoch: [52/200], cls_loss: 0.0539, transfer_loss: 0.0063,person_loss: -1.9804, total_Loss: -0.1410
trian begin
trian end
n_person 322
SAMPLE
F1_MI: 0.5874788742743773 F1_MA: 0.5571867320142629 ACC_MI: 0.5874788742743773 F1_MA: 0.5039586023435041
BEST_F1_MI: 0.6651480637813212 BEST_F1_MA: 0.6099438128496038 BEST_ACC_MI: 0.6651480637813212 BEST_F1_MA: 0.5607383895952698
[[5063  981  837 1377]
 [ 521  799  563  458]
 [ 290  250 1027  334]
 [   0    2    1 1106]]
Epoch: [53/200], cls_loss: 0.0431, transfer_loss: 0.0060,person_loss: -1.9817, total_Loss: -0.1521
trian begin
trian end
n_person 322
SAMPLE
F1_MI: 0.5846131236681608 F1_MA: 0.5569929827928154 ACC_MI: 0.5846131236681608 F1_MA: 0.5073528584809935
BEST_F1_MI: 0.6651480637813212 BEST_F1_MA: 0.6099438128496038 BEST_ACC_MI: 0.6651480637813212 BEST_F1_MA: 0.5607383895952698
[[5085  879  652 1642]
 [ 443  735  618  545]
 [ 303  181 1028  389]
 [   0    1    0 1108]]
Epoch: [54/200], cls_loss: 0.0554, transfer_loss: 0.0059,person_loss: -1.9820, total_Loss: -0.1399
trian begin
trian end
n_person 322
SAMPLE
F1_MI: 0.6095965904915864 F1_MA: 0.5714989160857453 ACC_MI: 0.6095965904915864 F1_MA: 0.5180788055287777
BEST_F1_MI: 0.6651480637813212 BEST_F1_MA: 0.6099438128496038 BEST_ACC_MI: 0.6651480637813212 BEST_F1_MA: 0.5607383895952698
[[5307 1090  688 1173]
 [ 578  826  561  376]
 [ 452  242 1057  150]
 [   0    1    2 1106]]
Epoch: [55/200], cls_loss: 0.0427, transfer_loss: 0.0066,person_loss: -1.9809, total_Loss: -0.1521
trian begin
trian end
n_person 322
SAMPLE
F1_MI: 0.5755015063560879 F1_MA: 0.5558569631334164 ACC_MI: 0.5755015063560879 F1_MA: 0.49953599726263564
BEST_F1_MI: 0.6651480637813212 BEST_F1_MA: 0.6099438128496038 BEST_ACC_MI: 0.6651480637813212 BEST_F1_MA: 0.5607383895952698
[[4818 1299  735 1406]
 [ 350  801  714  476]
 [ 300  220 1105  276]
 [   0    1    0 1108]]
Epoch: [56/200], cls_loss: 0.0418, transfer_loss: 0.0067,person_loss: -1.9820, total_Loss: -0.1530
trian begin
trian end
n_person 322
SAMPLE
F1_MI: 0.5594826952751856 F1_MA: 0.5331814433288026 ACC_MI: 0.5594826952751856 F1_MA: 0.47868766206846797
BEST_F1_MI: 0.6651480637813212 BEST_F1_MA: 0.6099438128496038 BEST_ACC_MI: 0.6651480637813212 BEST_F1_MA: 0.5607383895952698
[[4819 1247  761 1431]
 [ 356  641  772  572]
 [ 282  179 1046  394]
 [   0    1    0 1108]]
Epoch: [57/200], cls_loss: 0.0387, transfer_loss: 0.0057,person_loss: -1.9836, total_Loss: -0.1568
trian begin
trian end
n_person 322
SAMPLE
F1_MI: 0.5821147769858183 F1_MA: 0.5525317754465757 ACC_MI: 0.5821147769858183 F1_MA: 0.49791577379651153
BEST_F1_MI: 0.6651480637813212 BEST_F1_MA: 0.6099438128496038 BEST_ACC_MI: 0.6651480637813212 BEST_F1_MA: 0.5607383895952698
[[4985 1375  807 1091]
 [ 465  834  565  477]
 [ 308  243  995  355]
 [   0    1    0 1108]]
Epoch: [58/200], cls_loss: 0.0430, transfer_loss: 0.0059,person_loss: -1.9834, total_Loss: -0.1523
trian begin
trian end
n_person 322
SAMPLE
F1_MI: 0.5755749871408626 F1_MA: 0.5455516458702695 ACC_MI: 0.5755749871408626 F1_MA: 0.4946228269606029
BEST_F1_MI: 0.6651480637813212 BEST_F1_MA: 0.6099438128496038 BEST_ACC_MI: 0.6651480637813212 BEST_F1_MA: 0.5607383895952698
[[5032  961  688 1577]
 [ 450  671  673  547]
 [ 314  140 1022  425]
 [   0    1    0 1108]]
Epoch: [59/200], cls_loss: 0.0377, transfer_loss: 0.0060,person_loss: -1.9842, total_Loss: -0.1578
trian begin
trian end
n_person 322
SAMPLE
F1_MI: 0.5874788742743773 F1_MA: 0.5656065746770328 ACC_MI: 0.5874788742743773 F1_MA: 0.505526336282254
BEST_F1_MI: 0.6651480637813212 BEST_F1_MA: 0.6099438128496038 BEST_ACC_MI: 0.6651480637813212 BEST_F1_MA: 0.5607383895952698
[[4905 1238  928 1187]
 [ 316  685  881  459]
 [ 159  172 1298  272]
 [   0    1    1 1107]]
Epoch: [60/200], cls_loss: 0.0446, transfer_loss: 0.0062,person_loss: -1.9834, total_Loss: -0.1506
trian begin
trian end
n_person 322
SAMPLE
F1_MI: 0.586891027996179 F1_MA: 0.5619740494127073 ACC_MI: 0.586891027996179 F1_MA: 0.5069147473807352
BEST_F1_MI: 0.6651480637813212 BEST_F1_MA: 0.6099438128496038 BEST_ACC_MI: 0.6651480637813212 BEST_F1_MA: 0.5607383895952698
[[4963 1409  647 1239]
 [ 380  864  660  437]
 [ 258  330 1054  259]
 [   1    1    1 1106]]
Epoch: [61/200], cls_loss: 0.0350, transfer_loss: 0.0060,person_loss: -1.9838, total_Loss: -0.1604
trian begin
trian end
n_person 322
SAMPLE
F1_MI: 0.5719744286868984 F1_MA: 0.5557642913395724 ACC_MI: 0.5719744286868984 F1_MA: 0.49995452417353325
BEST_F1_MI: 0.6651480637813212 BEST_F1_MA: 0.6099438128496038 BEST_ACC_MI: 0.6651480637813212 BEST_F1_MA: 0.5607383895952698
[[4794 1170  714 1580]
 [ 276  680  799  586]
 [ 198  132 1202  369]
 [   0    0    1 1108]]
Epoch: [62/200], cls_loss: 0.0310, transfer_loss: 0.0062,person_loss: -1.9849, total_Loss: -0.1644
trian begin
trian end
n_person 322
SAMPLE
F1_MI: 0.5644793886398707 F1_MA: 0.5440676194131872 ACC_MI: 0.5644793886398707 F1_MA: 0.48873114014958213
BEST_F1_MI: 0.6651480637813212 BEST_F1_MA: 0.6099438128496038 BEST_ACC_MI: 0.6651480637813212 BEST_F1_MA: 0.5607383895952698
[[4767 1059 1131 1301]
 [ 425  736  691  489]
 [ 267  165 1071  398]
 [   0    1    0 1108]]
Epoch: [63/200], cls_loss: 0.0185, transfer_loss: 0.0059,person_loss: -1.9860, total_Loss: -0.1771
trian begin
trian end
n_person 322
SAMPLE
F1_MI: 0.5711661400543758 F1_MA: 0.5562655418896084 ACC_MI: 0.5711661400543758 F1_MA: 0.5002281360082479
BEST_F1_MI: 0.6651480637813212 BEST_F1_MA: 0.6099438128496038 BEST_ACC_MI: 0.6651480637813212 BEST_F1_MA: 0.5607383895952698
[[4746  970 1185 1357]
 [ 309  784  784  464]
 [ 222  238 1135  306]
 [   0    1    0 1108]]
Epoch: [64/200], cls_loss: 0.0309, transfer_loss: 0.0058,person_loss: -1.9856, total_Loss: -0.1647
trian begin
trian end
n_person 322
SAMPLE
F1_MI: 0.5923286060695129 F1_MA: 0.5548169800318287 ACC_MI: 0.5923286060695129 F1_MA: 0.5008307724301382
BEST_F1_MI: 0.6651480637813212 BEST_F1_MA: 0.6099438128496038 BEST_ACC_MI: 0.6651480637813212 BEST_F1_MA: 0.5607383895952698
[[5176 1207  637 1238]
 [ 461  741  682  457]
 [ 374  214 1036  277]
 [   0    1    0 1108]]
Epoch: [65/200], cls_loss: 0.0225, transfer_loss: 0.0057,person_loss: -1.9861, total_Loss: -0.1732
trian begin
trian end
n_person 322
SAMPLE
F1_MI: 0.5990153574840179 F1_MA: 0.563499037349154 ACC_MI: 0.5990153574840179 F1_MA: 0.5120600555228288
BEST_F1_MI: 0.6651480637813212 BEST_F1_MA: 0.6099438128496038 BEST_ACC_MI: 0.6651480637813212 BEST_F1_MA: 0.5607383895952698
[[5217 1175  612 1254]
 [ 416  872  561  492]
 [ 271  276  955  399]
 [   0    1    0 1108]]
Epoch: [66/200], cls_loss: 0.0256, transfer_loss: 0.0059,person_loss: -1.9855, total_Loss: -0.1700
trian begin
trian end
n_person 322
SAMPLE
F1_MI: 0.54956278933059 F1_MA: 0.5491730922479612 ACC_MI: 0.54956278933059 F1_MA: 0.4917378681132249
BEST_F1_MI: 0.6651480637813212 BEST_F1_MA: 0.6099438128496038 BEST_ACC_MI: 0.6651480637813212 BEST_F1_MA: 0.5607383895952698
[[4376 1397 1174 1311]
 [ 328  923  607  483]
 [ 156  290 1072  383]
 [   0    1    0 1108]]
Epoch: [67/200], cls_loss: 0.0227, transfer_loss: 0.0056,person_loss: -1.9852, total_Loss: -0.1730
trian begin
trian end
n_person 322
SAMPLE
F1_MI: 0.5727092365346462 F1_MA: 0.5718045755823481 ACC_MI: 0.5727092365346462 F1_MA: 0.5112344263559538
BEST_F1_MI: 0.6651480637813212 BEST_F1_MA: 0.6099438128496038 BEST_ACC_MI: 0.6651480637813212 BEST_F1_MA: 0.5607383895952698
[[4535 1445  988 1290]
 [ 199  846  826  470]
 [ 107  218 1309  267]
 [   2    2    1 1104]]
Epoch: [68/200], cls_loss: 0.0285, transfer_loss: 0.0053,person_loss: -1.9867, total_Loss: -0.1675
trian begin
trian end
n_person 322
SAMPLE
F1_MI: 0.6025424351532075 F1_MA: 0.5734678568582677 ACC_MI: 0.6025424351532075 F1_MA: 0.5169648218905402
BEST_F1_MI: 0.6651480637813212 BEST_F1_MA: 0.6099438128496038 BEST_ACC_MI: 0.6651480637813212 BEST_F1_MA: 0.5607383895952698
[[5104 1330  787 1037]
 [ 415  863  649  414]
 [ 240  290 1131  240]
 [   1    2    4 1102]]
Epoch: [69/200], cls_loss: 0.0264, transfer_loss: 0.0044,person_loss: -1.9877, total_Loss: -0.1701
trian begin
trian end
n_person 322
SAMPLE
F1_MI: 0.5641854655007715 F1_MA: 0.5309748913272906 ACC_MI: 0.5641854655007715 F1_MA: 0.4820689357971932
BEST_F1_MI: 0.6651480637813212 BEST_F1_MA: 0.6099438128496038 BEST_ACC_MI: 0.6651480637813212 BEST_F1_MA: 0.5607383895952698
[[4981 1328  516 1433]
 [ 428  753  575  585]
 [ 416  210  836  439]
 [   0    1    0 1108]]
Epoch: [70/200], cls_loss: 0.0235, transfer_loss: 0.0054,person_loss: -1.9879, total_Loss: -0.1727
trian begin
trian end
n_person 322
SAMPLE
F1_MI: 0.5691086780806819 F1_MA: 0.5508231010324557 ACC_MI: 0.5691086780806819 F1_MA: 0.49291064990137445
BEST_F1_MI: 0.6651480637813212 BEST_F1_MA: 0.6099438128496038 BEST_ACC_MI: 0.6651480637813212 BEST_F1_MA: 0.5607383895952698
[[4741 1454  858 1205]
 [ 356  748  755  482]
 [ 257  164 1148  332]
 [   0    1    0 1108]]
Epoch: [71/200], cls_loss: 0.0215, transfer_loss: 0.0061,person_loss: -1.9867, total_Loss: -0.1741
trian begin
trian end
n_person 322
SAMPLE
F1_MI: 0.5968109339407744 F1_MA: 0.5622355341996741 ACC_MI: 0.5968109339407744 F1_MA: 0.5071182929500595
BEST_F1_MI: 0.6651480637813212 BEST_F1_MA: 0.6099438128496038 BEST_ACC_MI: 0.6651480637813212 BEST_F1_MA: 0.5607383895952698
[[5155 1163 1199  741]
 [ 406  782  720  433]
 [ 290  201 1079  331]
 [   2    1    0 1106]]
Epoch: [72/200], cls_loss: 0.0248, transfer_loss: 0.0052,person_loss: -1.9885, total_Loss: -0.1714
trian begin
trian end
n_person 322
SAMPLE
F1_MI: 0.6120214563891543 F1_MA: 0.5877050123537434 ACC_MI: 0.6120214563891543 F1_MA: 0.5295340195079612
BEST_F1_MI: 0.6651480637813212 BEST_F1_MA: 0.6099438128496038 BEST_ACC_MI: 0.6651480637813212 BEST_F1_MA: 0.5607383895952698
[[5102 1274 1034  848]
 [ 293  917  725  406]
 [ 141  272 1202  286]
 [   0    1    0 1108]]
Epoch: [73/200], cls_loss: 0.0154, transfer_loss: 0.0051,person_loss: -1.9889, total_Loss: -0.1809
trian begin
trian end
n_person 322
SAMPLE
F1_MI: 0.5807921228598721 F1_MA: 0.5489154978627419 ACC_MI: 0.5807921228598721 F1_MA: 0.4951340192280451
BEST_F1_MI: 0.6651480637813212 BEST_F1_MA: 0.6099438128496038 BEST_ACC_MI: 0.6651480637813212 BEST_F1_MA: 0.5607383895952698
[[5013 1641  651  953]
 [ 445  814  684  398]
 [ 391  225  970  315]
 [   0    1    1 1107]]
Epoch: [74/200], cls_loss: 0.0169, transfer_loss: 0.0060,person_loss: -1.9887, total_Loss: -0.1789
trian begin
trian end
n_person 322
SAMPLE
F1_MI: 0.5629362921596003 F1_MA: 0.5488236999475569 ACC_MI: 0.5629362921596003 F1_MA: 0.49105212218228583
BEST_F1_MI: 0.6651480637813212 BEST_F1_MA: 0.6099438128496038 BEST_ACC_MI: 0.6651480637813212 BEST_F1_MA: 0.5607383895952698
[[4639 1493  957 1169]
 [ 349  806  723  463]
 [ 262  202 1108  329]
 [   0    1    0 1108]]
Epoch: [75/200], cls_loss: 0.0222, transfer_loss: 0.0061,person_loss: -1.9887, total_Loss: -0.1736
trian begin
trian end
n_person 322
SAMPLE
F1_MI: 0.5313395547064442 F1_MA: 0.5264079643770165 ACC_MI: 0.5313395547064442 F1_MA: 0.4715457576440771
BEST_F1_MI: 0.6651480637813212 BEST_F1_MA: 0.6099438128496038 BEST_ACC_MI: 0.6651480637813212 BEST_F1_MA: 0.5607383895952698
[[4342 1265 1292 1359]
 [ 329  798  674  540]
 [ 229  244  983  445]
 [   0    1    0 1108]]
Epoch: [76/200], cls_loss: 0.0161, transfer_loss: 0.0064,person_loss: -1.9877, total_Loss: -0.1795
trian begin
trian end
n_person 322
SAMPLE
F1_MI: 0.5772650451906827 F1_MA: 0.5593365606943002 ACC_MI: 0.5772650451906827 F1_MA: 0.5011709362988749
BEST_F1_MI: 0.6651480637813212 BEST_F1_MA: 0.6099438128496038 BEST_ACC_MI: 0.6651480637813212 BEST_F1_MA: 0.5607383895952698
[[4785 1287 1218  968]
 [ 389  802  771  379]
 [ 276  269 1163  193]
 [   0    1    2 1106]]
Epoch: [77/200], cls_loss: 0.0192, transfer_loss: 0.0069,person_loss: -1.9883, total_Loss: -0.1762
[[5165 1746  829  518]
 [ 249 1235  647  210]
 [ 278  538 1017   68]
 [   0    4   11 1094]]
[[6448 1706    5   99]
 [ 450 1482   30  379]
 [ 699  962   18  222]
 [   0    5    0 1104]]
ARG: Namespace(backbone='resnet50', batch_size=32, config='DAN/DAN.yaml', data_dir='data', device=device(type='cuda'), early_stop=50, epoch_based_training=False, lr=0.003, lr_decay=0.75, lr_gamma=0.0003, lr_scheduler=True, max_iter=29400, method='True', momentum=0.9, myweight=0.1, n_class=4, n_epoch=200, n_iter_per_epoch=147, num_workers=3, seed=1, src_domain='PAMAP2', tgt_domain='WISDM', tname='transfer', transfer_loss='mmd', transfer_loss_weight=0.5, use_bottleneck=True, weight_decay=0.0005)
