only 3 PAMAP2 UCI ONLY/ONLY.yaml False
Namespace(backbone='resnet50', batch_size=32, config='ONLY/ONLY.yaml', data_dir='data', device=device(type='cuda'), early_stop=50, epoch_based_training=False, lr=0.003, lr_decay=0.75, lr_gamma=0.0003, lr_scheduler=True, method='False', momentum=0.9, myweight=0.1, n_epoch=200, n_iter_per_epoch=100, num_workers=3, seed=3, src_domain='PAMAP2', tgt_domain='UCI', tname='transfer', transfer_loss='only', transfer_loss_weight=0.5, use_bottleneck=True, weight_decay=0.0005)
JUST DO IT
run my Parkinson code
transfer
TRAIN Length: 4725 360 TEST Length: 3369 615
YYY: 0 3
DATA_PROFILE   train: 4725 train2: 3369 test: 3369
DATASET.SHAPE: <data_loader.GetTrainLoader object at 0x7f8ce028fef0> True
DATASET.SHAPE: <data_loader.GetTrainLoader object at 0x7f8ce022d160> True
DATASET.SHAPE: <data_loader.GetTestLoader object at 0x7f8ce0221fd0> False
CLASS: 4 615
LLL: {}
BOTTLENECK_LIST: [Linear(in_features=512, out_features=256, bias=True), ReLU()]
TYPE: {'loss_type': 'only', 'max_iter': 21000, 'num_class': 4, 'my_person_item': <my_person_item.PersonItem object at 0x7f8d9d59f198>}
initial_lr 1.0
transfer_world
method False <class 'str'>
1.10.1+cu102
True
LEN: 0 0
LOADER: <data_loader.InfiniteDataLoader object at 0x7f8ce022dfd0> <data_loader.InfiniteDataLoader object at 0x7f8ce0221ef0>
N_batch: 105
trian begin
trian end
n_person 615
SAMPLE
F1_MI: 0.5218165627782725 F1_MA: 0.4887825567582798 ACC_MI: 0.5218165627782725 F1_MA: 0.4814085034473883
BEST_F1_MI: 0.5218165627782725 BEST_F1_MA: 0.4887825567582798 BEST_ACC_MI: 0.5218165627782725 BEST_F1_MA: 0.4814085034473883
[[464 304 125   0]
 [263 299 242   0]
 [460 211  75   0]
 [  0   0   6 920]]
Epoch: [ 1/200], cls_loss: 0.7920, transfer_loss: 0.0000,person_loss: 0.0000, total_Loss: 0.0000
trian begin
trian end
n_person 615
SAMPLE
F1_MI: 0.5399228257643217 F1_MA: 0.580990407848155 ACC_MI: 0.5399228257643217 F1_MA: 0.6802167249146996
BEST_F1_MI: 0.5399228257643217 BEST_F1_MA: 0.580990407848155 BEST_ACC_MI: 0.5399228257643217 BEST_F1_MA: 0.6802167249146996
[[667 181   0  45]
 [535 225   0  44]
 [649  94   1   2]
 [  0   0   0 926]]
Epoch: [ 2/200], cls_loss: 0.5500, transfer_loss: 0.0000,person_loss: 0.0000, total_Loss: 0.0000
trian begin
trian end
n_person 615
SAMPLE
F1_MI: 0.5802908875037103 F1_MA: 0.5958547668334553 ACC_MI: 0.5802908875037103 F1_MA: 0.6570577037801264
BEST_F1_MI: 0.5802908875037103 BEST_F1_MA: 0.5958547668334553 BEST_ACC_MI: 0.5802908875037103 BEST_F1_MA: 0.6802167249146996
[[827  54   1  11]
 [571 198   8  27]
 [696  36  14   0]
 [  0  10   0 916]]
Epoch: [ 3/200], cls_loss: 0.4741, transfer_loss: 0.0000,person_loss: 0.0000, total_Loss: 0.0000
trian begin
trian end
n_person 615
SAMPLE
F1_MI: 0.4942119323241318 F1_MA: 0.476687104191488 ACC_MI: 0.4942119323241318 F1_MA: 0.4911205956855243
BEST_F1_MI: 0.5802908875037103 BEST_F1_MA: 0.5958547668334553 BEST_ACC_MI: 0.5802908875037103 BEST_F1_MA: 0.6802167249146996
[[611   2 223  57]
 [421  36 294  53]
 [623  27  92   4]
 [  0   0   0 926]]
Epoch: [ 4/200], cls_loss: 0.4328, transfer_loss: 0.0000,person_loss: 0.0000, total_Loss: 0.0000
trian begin
trian end
n_person 615
SAMPLE
F1_MI: 0.5666369842683289 F1_MA: 0.5574025532460877 ACC_MI: 0.5666369842683289 F1_MA: 0.5865025418829808
BEST_F1_MI: 0.5802908875037103 BEST_F1_MA: 0.5958547668334553 BEST_ACC_MI: 0.5802908875037103 BEST_F1_MA: 0.6802167249146996
[[842  10  41   0]
 [612 101  91   0]
 [664  34  48   0]
 [  0   1   7 918]]
Epoch: [ 5/200], cls_loss: 0.3803, transfer_loss: 0.0000,person_loss: 0.0000, total_Loss: 0.0000
trian begin
trian end
n_person 615
SAMPLE
F1_MI: 0.6075986939744732 F1_MA: 0.5734164604395052 ACC_MI: 0.6075986939744732 F1_MA: 0.5678969850064364
BEST_F1_MI: 0.6075986939744732 BEST_F1_MA: 0.5958547668334553 BEST_ACC_MI: 0.6075986939744732 BEST_F1_MA: 0.6802167249146996
[[687 108  76  22]
 [331 361 103   9]
 [499 174  73   0]
 [  0   0   0 926]]
Epoch: [ 6/200], cls_loss: 0.3448, transfer_loss: 0.0000,person_loss: 0.0000, total_Loss: 0.0000
trian begin
trian end
n_person 615
SAMPLE
F1_MI: 0.5856337192045117 F1_MA: 0.5926913834794754 ACC_MI: 0.5856337192045117 F1_MA: 0.6390325505599951
BEST_F1_MI: 0.6075986939744732 BEST_F1_MA: 0.5958547668334553 BEST_ACC_MI: 0.6075986939744732 BEST_F1_MA: 0.6802167249146996
[[809  45  39   0]
 [591 185  28   0]
 [647  33  66   0]
 [  0   8   5 913]]
Epoch: [ 7/200], cls_loss: 0.3392, transfer_loss: 0.0000,person_loss: 0.0000, total_Loss: 0.0000
trian begin
trian end
n_person 615
SAMPLE
F1_MI: 0.6260017809439002 F1_MA: 0.6182212883023895 ACC_MI: 0.6260017809439002 F1_MA: 0.6377917678112299
BEST_F1_MI: 0.6260017809439002 BEST_F1_MA: 0.6182212883023895 BEST_ACC_MI: 0.6260017809439002 BEST_F1_MA: 0.6802167249146996
[[663 152  72   6]
 [323 416  63   2]
 [627  15 104   0]
 [  0   0   0 926]]
Epoch: [ 8/200], cls_loss: 0.2912, transfer_loss: 0.0000,person_loss: 0.0000, total_Loss: 0.0000
trian begin
trian end
n_person 615
SAMPLE
F1_MI: 0.582962303354111 F1_MA: 0.5752426875749144 ACC_MI: 0.582962303354111 F1_MA: 0.5995851288128569
BEST_F1_MI: 0.6260017809439002 BEST_F1_MA: 0.6182212883023895 BEST_ACC_MI: 0.6260017809439002 BEST_F1_MA: 0.6802167249146996
[[751  43  94   5]
 [480 150 171   3]
 [571  38 137   0]
 [  0   0   0 926]]
Epoch: [ 9/200], cls_loss: 0.3134, transfer_loss: 0.0000,person_loss: 0.0000, total_Loss: 0.0000
trian begin
trian end
n_person 615
SAMPLE
F1_MI: 0.5645592163846839 F1_MA: 0.5380142747506362 ACC_MI: 0.5645592163846839 F1_MA: 0.5405441265250035
BEST_F1_MI: 0.6260017809439002 BEST_F1_MA: 0.6182212883023895 BEST_ACC_MI: 0.6260017809439002 BEST_F1_MA: 0.6802167249146996
[[687  62 136   8]
 [452 327  18   7]
 [630  89  27   0]
 [  0   3  62 861]]
Epoch: [10/200], cls_loss: 0.2750, transfer_loss: 0.0000,person_loss: 0.0000, total_Loss: 0.0000
trian begin
trian end
n_person 615
SAMPLE
F1_MI: 0.5544672009498367 F1_MA: 0.5136579564851992 ACC_MI: 0.5544672009498367 F1_MA: 0.4993419010171865
BEST_F1_MI: 0.6260017809439002 BEST_F1_MA: 0.6182212883023895 BEST_ACC_MI: 0.6260017809439002 BEST_F1_MA: 0.6802167249146996
[[505 240 116  32]
 [226 386 184   8]
 [504 185  56   1]
 [  0   0   5 921]]
Epoch: [11/200], cls_loss: 0.2880, transfer_loss: 0.0000,person_loss: 0.0000, total_Loss: 0.0000
trian begin
trian end
n_person 615
SAMPLE
F1_MI: 0.28554467200949835 F1_MA: 0.2923566486681273 ACC_MI: 0.28554467200949835 F1_MA: 0.31139518073172623
BEST_F1_MI: 0.6260017809439002 BEST_F1_MA: 0.6182212883023895 BEST_ACC_MI: 0.6260017809439002 BEST_F1_MA: 0.6802167249146996
[[805  14  74   0]
 [668 102  34   0]
 [690   1  55   0]
 [  0   7 919   0]]
Epoch: [12/200], cls_loss: 0.2579, transfer_loss: 0.0000,person_loss: 0.0000, total_Loss: 0.0000
trian begin
trian end
n_person 615
SAMPLE
F1_MI: 0.5737607598693975 F1_MA: 0.5307691684917518 ACC_MI: 0.5737607598693975 F1_MA: 0.5230861231754781
BEST_F1_MI: 0.6260017809439002 BEST_F1_MA: 0.6182212883023895 BEST_ACC_MI: 0.6260017809439002 BEST_F1_MA: 0.6802167249146996
[[791  60  19  23]
 [582 213   6   3]
 [676  67   3   0]
 [  0   0   0 926]]
Epoch: [13/200], cls_loss: 0.2925, transfer_loss: 0.0000,person_loss: 0.0000, total_Loss: 0.0000
trian begin
trian end
n_person 615
SAMPLE
F1_MI: 0.342238052834669 F1_MA: 0.40497785123308694 ACC_MI: 0.342238052834669 F1_MA: 0.5175397659654087
BEST_F1_MI: 0.6260017809439002 BEST_F1_MA: 0.6182212883023895 BEST_ACC_MI: 0.6260017809439002 BEST_F1_MA: 0.6802167249146996
[[830  60   3   0]
 [485 311   8   0]
 [644  97   5   0]
 [  1  17 901   7]]
Epoch: [14/200], cls_loss: 0.2498, transfer_loss: 0.0000,person_loss: 0.0000, total_Loss: 0.0000
trian begin
trian end
n_person 615
SAMPLE
F1_MI: 0.3449094686850698 F1_MA: 0.3745379896910608 ACC_MI: 0.3449094686850698 F1_MA: 0.42122485792449893
BEST_F1_MI: 0.6260017809439002 BEST_F1_MA: 0.6182212883023895 BEST_ACC_MI: 0.6260017809439002 BEST_F1_MA: 0.6802167249146996
[[710 143  25  15]
 [402 363  32   7]
 [642  80  23   1]
 [  0 860   0  66]]
Epoch: [15/200], cls_loss: 0.2528, transfer_loss: 0.0000,person_loss: 0.0000, total_Loss: 0.0000
trian begin
trian end
n_person 615
SAMPLE
F1_MI: 0.31938260611457403 F1_MA: 0.37788185458759865 ACC_MI: 0.31938260611457403 F1_MA: 0.4625469169312971
BEST_F1_MI: 0.6260017809439002 BEST_F1_MA: 0.6182212883023895 BEST_ACC_MI: 0.6260017809439002 BEST_F1_MA: 0.6802167249146996
[[535 198 158   2]
 [313 450  41   0]
 [437 230  79   0]
 [  0   4 910  12]]
Epoch: [16/200], cls_loss: 0.2406, transfer_loss: 0.0000,person_loss: 0.0000, total_Loss: 0.0000
trian begin
trian end
n_person 615
SAMPLE
F1_MI: 0.3452062926684476 F1_MA: 0.39975481991948325 ACC_MI: 0.3452062926684476 F1_MA: 0.49651622047912847
BEST_F1_MI: 0.6260017809439002 BEST_F1_MA: 0.6182212883023895 BEST_ACC_MI: 0.6260017809439002 BEST_F1_MA: 0.6802167249146996
[[817  70   3   3]
 [488 300  15   1]
 [657  87   2   0]
 [  0   4 878  44]]
Epoch: [17/200], cls_loss: 0.2619, transfer_loss: 0.0000,person_loss: 0.0000, total_Loss: 0.0000
trian begin
trian end
n_person 615
SAMPLE
F1_MI: 0.5960225586227367 F1_MA: 0.5746315118622516 ACC_MI: 0.5960225586227367 F1_MA: 0.5792098731210544
BEST_F1_MI: 0.6260017809439002 BEST_F1_MA: 0.6182212883023895 BEST_ACC_MI: 0.6260017809439002 BEST_F1_MA: 0.6802167249146996
[[603 197  71  22]
 [326 381  76  21]
 [531 117  98   0]
 [  0   0   0 926]]
Epoch: [18/200], cls_loss: 0.2612, transfer_loss: 0.0000,person_loss: 0.0000, total_Loss: 0.0000
trian begin
trian end
n_person 615
SAMPLE
F1_MI: 0.3653903235381419 F1_MA: 0.4547172703314542 ACC_MI: 0.3653903235381419 F1_MA: 0.5683899767123837
BEST_F1_MI: 0.6260017809439002 BEST_F1_MA: 0.6182212883023895 BEST_ACC_MI: 0.6260017809439002 BEST_F1_MA: 0.6802167249146996
[[356 206 331   0]
 [170 564  70   0]
 [ 80 360 306   0]
 [  0   3 918   5]]
Epoch: [19/200], cls_loss: 0.3170, transfer_loss: 0.0000,person_loss: 0.0000, total_Loss: 0.0000
trian begin
trian end
n_person 615
SAMPLE
F1_MI: 0.5983971504897596 F1_MA: 0.5762478546600199 ACC_MI: 0.5983971504897596 F1_MA: 0.5892294253088488
BEST_F1_MI: 0.6260017809439002 BEST_F1_MA: 0.6182212883023895 BEST_ACC_MI: 0.6260017809439002 BEST_F1_MA: 0.6802167249146996
[[821  55  17   0]
 [522 255  27   0]
 [683  49  14   0]
 [  0   0   0 926]]
Epoch: [20/200], cls_loss: 0.2388, transfer_loss: 0.0000,person_loss: 0.0000, total_Loss: 0.0000
trian begin
trian end
n_person 615
SAMPLE
F1_MI: 0.5936479667557139 F1_MA: 0.593121289233508 ACC_MI: 0.5936479667557139 F1_MA: 0.630256074572831
BEST_F1_MI: 0.6260017809439002 BEST_F1_MA: 0.6182212883023895 BEST_ACC_MI: 0.6260017809439002 BEST_F1_MA: 0.6802167249146996
[[791  78   6  18]
 [508 255  27  14]
 [685  33  28   0]
 [  0   0   0 926]]
Epoch: [21/200], cls_loss: 0.2667, transfer_loss: 0.0000,person_loss: 0.0000, total_Loss: 0.0000
trian begin
trian end
n_person 615
SAMPLE
F1_MI: 0.3262095577322648 F1_MA: 0.35419329149749046 ACC_MI: 0.3262095577322648 F1_MA: 0.4029938026396124
BEST_F1_MI: 0.6260017809439002 BEST_F1_MA: 0.6182212883023895 BEST_ACC_MI: 0.6260017809439002 BEST_F1_MA: 0.6802167249146996
[[831  59   3   0]
 [532 267   5   0]
 [644 102   0   0]
 [  0 921   4   1]]
Epoch: [22/200], cls_loss: 0.2073, transfer_loss: 0.0000,person_loss: 0.0000, total_Loss: 0.0000
trian begin
trian end
n_person 615
SAMPLE
F1_MI: 0.3440189967349362 F1_MA: 0.4099792883540624 ACC_MI: 0.3440189967349362 F1_MA: 0.5408760433596846
BEST_F1_MI: 0.6260017809439002 BEST_F1_MA: 0.6182212883023895 BEST_ACC_MI: 0.6260017809439002 BEST_F1_MA: 0.6802167249146996
[[836  35  22   0]
 [608 181  15   0]
 [699  25  22   0]
 [  0   1 805 120]]
Epoch: [23/200], cls_loss: 0.2287, transfer_loss: 0.0000,person_loss: 0.0000, total_Loss: 0.0000
trian begin
trian end
n_person 615
SAMPLE
F1_MI: 0.5859305431878896 F1_MA: 0.5904191573193467 ACC_MI: 0.5859305431878896 F1_MA: 0.6370607646506257
BEST_F1_MI: 0.6260017809439002 BEST_F1_MA: 0.6182212883023895 BEST_ACC_MI: 0.6260017809439002 BEST_F1_MA: 0.6802167249146996
[[853  31   7   2]
 [604 182  18   0]
 [704  23  19   0]
 [  0   1   5 920]]
Epoch: [24/200], cls_loss: 0.2035, transfer_loss: 0.0000,person_loss: 0.0000, total_Loss: 0.0000
trian begin
trian end
n_person 615
SAMPLE
F1_MI: 0.5776194716533096 F1_MA: 0.5958765087831841 ACC_MI: 0.5776194716533096 F1_MA: 0.6621571335743467
BEST_F1_MI: 0.6260017809439002 BEST_F1_MA: 0.6182212883023895 BEST_ACC_MI: 0.6260017809439002 BEST_F1_MA: 0.6802167249146996
[[847  28  15   3]
 [648 145  11   0]
 [696  21  29   0]
 [  0   0   1 925]]
Epoch: [25/200], cls_loss: 0.2362, transfer_loss: 0.0000,person_loss: 0.0000, total_Loss: 0.0000
trian begin
trian end
n_person 615
SAMPLE
F1_MI: 0.5325022261798753 F1_MA: 0.5153024606807278 ACC_MI: 0.5325022261798753 F1_MA: 0.5265487032498872
BEST_F1_MI: 0.6260017809439002 BEST_F1_MA: 0.6182212883023895 BEST_ACC_MI: 0.6260017809439002 BEST_F1_MA: 0.6802167249146996
[[545  65 167 116]
 [456 263  55  30]
 [618  41  61  26]
 [  0   1   0 925]]
Epoch: [26/200], cls_loss: 0.2002, transfer_loss: 0.0000,person_loss: 0.0000, total_Loss: 0.0000
trian begin
trian end
n_person 615
SAMPLE
F1_MI: 0.5687147521519739 F1_MA: 0.5518499528329516 ACC_MI: 0.5687147521519739 F1_MA: 0.572590101332433
BEST_F1_MI: 0.6260017809439002 BEST_F1_MA: 0.6182212883023895 BEST_ACC_MI: 0.6260017809439002 BEST_F1_MA: 0.6802167249146996
[[832  33  15  13]
 [601 137  48  18]
 [694  31  21   0]
 [  0   0   0 926]]
Epoch: [27/200], cls_loss: 0.2112, transfer_loss: 0.0000,person_loss: 0.0000, total_Loss: 0.0000
trian begin
trian end
n_person 615
SAMPLE
F1_MI: 0.3279905016325319 F1_MA: 0.40132046645767305 ACC_MI: 0.3279905016325319 F1_MA: 0.5451606678255936
BEST_F1_MI: 0.6260017809439002 BEST_F1_MA: 0.6182212883023895 BEST_ACC_MI: 0.6260017809439002 BEST_F1_MA: 0.6802167249146996
[[830  47  16   0]
 [570 208  26   0]
 [691  18  37   0]
 [  0   6 890  30]]
Epoch: [28/200], cls_loss: 0.2025, transfer_loss: 0.0000,person_loss: 0.0000, total_Loss: 0.0000
trian begin
trian end
n_person 615
SAMPLE
F1_MI: 0.5924606708222024 F1_MA: 0.577586161315951 ACC_MI: 0.5924606708222024 F1_MA: 0.5932088977332732
BEST_F1_MI: 0.6260017809439002 BEST_F1_MA: 0.6182212883023895 BEST_ACC_MI: 0.6260017809439002 BEST_F1_MA: 0.6802167249146996
[[692  83 110   8]
 [392 316  96   0]
 [664  20  62   0]
 [  0   0   0 926]]
Epoch: [29/200], cls_loss: 0.1818, transfer_loss: 0.0000,person_loss: 0.0000, total_Loss: 0.0000
trian begin
trian end
n_person 615
SAMPLE
F1_MI: 0.329771445532799 F1_MA: 0.401813986347542 ACC_MI: 0.329771445532799 F1_MA: 0.5263681218274876
BEST_F1_MI: 0.6260017809439002 BEST_F1_MA: 0.6182212883023895 BEST_ACC_MI: 0.6260017809439002 BEST_F1_MA: 0.6802167249146996
[[694 132  67   0]
 [412 339  53   0]
 [663  19  64   0]
 [  0  29 883  14]]
Epoch: [30/200], cls_loss: 0.1927, transfer_loss: 0.0000,person_loss: 0.0000, total_Loss: 0.0000
trian begin
trian end
n_person 615
SAMPLE
F1_MI: 0.5921638468388246 F1_MA: 0.5902340404369105 ACC_MI: 0.5921638468388246 F1_MA: 0.6247151779941337
BEST_F1_MI: 0.6260017809439002 BEST_F1_MA: 0.6182212883023895 BEST_ACC_MI: 0.6260017809439002 BEST_F1_MA: 0.6802167249146996
[[790  64  35   4]
 [520 249  26   9]
 [687  17  41   1]
 [  0   1  10 915]]
Epoch: [31/200], cls_loss: 0.1943, transfer_loss: 0.0000,person_loss: 0.0000, total_Loss: 0.0000
trian begin
trian end
n_person 615
SAMPLE
F1_MI: 0.566340160284951 F1_MA: 0.5534680621493794 ACC_MI: 0.566340160284951 F1_MA: 0.5717008635652246
BEST_F1_MI: 0.6260017809439002 BEST_F1_MA: 0.6182212883023895 BEST_ACC_MI: 0.6260017809439002 BEST_F1_MA: 0.6802167249146996
[[672  45 173   3]
 [484 242  77   1]
 [613  62  71   0]
 [  0   1   2 923]]
Epoch: [32/200], cls_loss: 0.2088, transfer_loss: 0.0000,person_loss: 0.0000, total_Loss: 0.0000
trian begin
trian end
n_person 615
SAMPLE
F1_MI: 0.6052241021074503 F1_MA: 0.6022195461956329 ACC_MI: 0.6052241021074503 F1_MA: 0.6349466199134651
BEST_F1_MI: 0.6260017809439002 BEST_F1_MA: 0.6182212883023895 BEST_ACC_MI: 0.6260017809439002 BEST_F1_MA: 0.6802167249146996
[[781  85  25   2]
 [496 298   6   4]
 [605 107  34   0]
 [  0   0   0 926]]
Epoch: [33/200], cls_loss: 0.1803, transfer_loss: 0.0000,person_loss: 0.0000, total_Loss: 0.0000
trian begin
trian end
n_person 615
SAMPLE
F1_MI: 0.5969130305728703 F1_MA: 0.5797422626623105 ACC_MI: 0.5969130305728703 F1_MA: 0.5917741985235231
BEST_F1_MI: 0.6260017809439002 BEST_F1_MA: 0.6182212883023895 BEST_ACC_MI: 0.6260017809439002 BEST_F1_MA: 0.6802167249146996
[[662 174  53   4]
 [406 368  23   7]
 [570 120  55   1]
 [  0   0   0 926]]
Epoch: [34/200], cls_loss: 0.1958, transfer_loss: 0.0000,person_loss: 0.0000, total_Loss: 0.0000
trian begin
trian end
n_person 615
SAMPLE
F1_MI: 0.5841495992876224 F1_MA: 0.5941500273829164 ACC_MI: 0.5841495992876224 F1_MA: 0.6445088193488955
BEST_F1_MI: 0.6260017809439002 BEST_F1_MA: 0.6182212883023895 BEST_ACC_MI: 0.6260017809439002 BEST_F1_MA: 0.6802167249146996
[[787  58  45   3]
 [591 194  13   6]
 [655  30  61   0]
 [  0   0   0 926]]
Epoch: [35/200], cls_loss: 0.1875, transfer_loss: 0.0000,person_loss: 0.0000, total_Loss: 0.0000
trian begin
trian end
n_person 615
SAMPLE
F1_MI: 0.5731671119026417 F1_MA: 0.5601208659979352 ACC_MI: 0.5731671119026417 F1_MA: 0.5796530857476045
BEST_F1_MI: 0.6260017809439002 BEST_F1_MA: 0.6182212883023895 BEST_ACC_MI: 0.6260017809439002 BEST_F1_MA: 0.6802167249146996
[[719  64 107   3]
 [485 218  89  12]
 [643  35  68   0]
 [  0   0   0 926]]
Epoch: [36/200], cls_loss: 0.1824, transfer_loss: 0.0000,person_loss: 0.0000, total_Loss: 0.0000
trian begin
trian end
n_person 615
SAMPLE
F1_MI: 0.595428910655981 F1_MA: 0.5672999542989521 ACC_MI: 0.595428910655981 F1_MA: 0.5685323231640398
BEST_F1_MI: 0.6260017809439002 BEST_F1_MA: 0.6182212883023895 BEST_ACC_MI: 0.6260017809439002 BEST_F1_MA: 0.6802167249146996
[[670 137  75  11]
 [381 368  41  14]
 [630  69  42   5]
 [  0   0   0 926]]
Epoch: [37/200], cls_loss: 0.1788, transfer_loss: 0.0000,person_loss: 0.0000, total_Loss: 0.0000
trian begin
trian end
n_person 615
SAMPLE
F1_MI: 0.5755417037696646 F1_MA: 0.5524523646470939 ACC_MI: 0.5755417037696646 F1_MA: 0.5647431302613077
BEST_F1_MI: 0.6260017809439002 BEST_F1_MA: 0.6182212883023895 BEST_ACC_MI: 0.6260017809439002 BEST_F1_MA: 0.6802167249146996
[[792  86  10   5]
 [574 211  12   7]
 [662  74  10   0]
 [  0   0   0 926]]
Epoch: [38/200], cls_loss: 0.1938, transfer_loss: 0.0000,person_loss: 0.0000, total_Loss: 0.0000
trian begin
trian end
n_person 615
SAMPLE
F1_MI: 0.5802908875037103 F1_MA: 0.5634758401330283 ACC_MI: 0.5802908875037103 F1_MA: 0.572947373172993
BEST_F1_MI: 0.6260017809439002 BEST_F1_MA: 0.6182212883023895 BEST_ACC_MI: 0.6260017809439002 BEST_F1_MA: 0.6802167249146996
[[576 167 146   4]
 [384 362  49   9]
 [598  57  91   0]
 [  0   0   0 926]]
Epoch: [39/200], cls_loss: 0.1750, transfer_loss: 0.0000,person_loss: 0.0000, total_Loss: 0.0000
trian begin
trian end
n_person 615
SAMPLE
F1_MI: 0.5894924309884239 F1_MA: 0.5747904077765914 ACC_MI: 0.5894924309884239 F1_MA: 0.594593338555478
BEST_F1_MI: 0.6260017809439002 BEST_F1_MA: 0.6182212883023895 BEST_ACC_MI: 0.6260017809439002 BEST_F1_MA: 0.6802167249146996
[[764 121   7   1]
 [506 282  15   1]
 [662  70  14   0]
 [  0   0   0 926]]
Epoch: [40/200], cls_loss: 0.1802, transfer_loss: 0.0000,person_loss: 0.0000, total_Loss: 0.0000
trian begin
trian end
n_person 615
SAMPLE
F1_MI: 0.2819827842089641 F1_MA: 0.34350632239870776 ACC_MI: 0.2819827842089641 F1_MA: 0.44389137272920054
BEST_F1_MI: 0.6260017809439002 BEST_F1_MA: 0.6182212883023895 BEST_ACC_MI: 0.6260017809439002 BEST_F1_MA: 0.6802167249146996
[[526 165 202   0]
 [392 340  72   0]
 [587  90  69   0]
 [  0 909   2  15]]
Epoch: [41/200], cls_loss: 0.1959, transfer_loss: 0.0000,person_loss: 0.0000, total_Loss: 0.0000
trian begin
trian end
n_person 615
SAMPLE
F1_MI: 0.5728702879192639 F1_MA: 0.552746154604504 ACC_MI: 0.5728702879192639 F1_MA: 0.5657782569606487
BEST_F1_MI: 0.6260017809439002 BEST_F1_MA: 0.6182212883023895 BEST_ACC_MI: 0.6260017809439002 BEST_F1_MA: 0.6802167249146996
[[724 142  26   1]
 [526 260  18   0]
 [670  55  21   0]
 [  0   0   1 925]]
Epoch: [42/200], cls_loss: 0.1858, transfer_loss: 0.0000,person_loss: 0.0000, total_Loss: 0.0000
trian begin
trian end
n_person 615
SAMPLE
F1_MI: 0.3229444939151083 F1_MA: 0.3832970353991477 ACC_MI: 0.3229444939151083 F1_MA: 0.4767058509439357
BEST_F1_MI: 0.6260017809439002 BEST_F1_MA: 0.6182212883023895 BEST_ACC_MI: 0.6260017809439002 BEST_F1_MA: 0.6802167249146996
[[565 292  36   0]
 [310 487   7   0]
 [472 256  18   0]
 [  0   4 904  18]]
Epoch: [43/200], cls_loss: 0.1731, transfer_loss: 0.0000,person_loss: 0.0000, total_Loss: 0.0000
trian begin
trian end
n_person 615
SAMPLE
F1_MI: 0.5574354407836153 F1_MA: 0.5396402295269678 ACC_MI: 0.5574354407836153 F1_MA: 0.5425052811006248
BEST_F1_MI: 0.6260017809439002 BEST_F1_MA: 0.6182212883023895 BEST_ACC_MI: 0.6260017809439002 BEST_F1_MA: 0.6802167249146996
[[444 150 273  26]
 [288 320 167  29]
 [446 111 188   1]
 [  0   0   0 926]]
Epoch: [44/200], cls_loss: 0.2023, transfer_loss: 0.0000,person_loss: 0.0000, total_Loss: 0.0000
trian begin
trian end
n_person 615
SAMPLE
F1_MI: 0.5636687444345503 F1_MA: 0.5406448167241599 ACC_MI: 0.5636687444345503 F1_MA: 0.5450695774494968
BEST_F1_MI: 0.6260017809439002 BEST_F1_MA: 0.6182212883023895 BEST_ACC_MI: 0.6260017809439002 BEST_F1_MA: 0.6802167249146996
[[573 197 119   4]
 [411 338  50   5]
 [620  64  62   0]
 [  0   0   0 926]]
Epoch: [45/200], cls_loss: 0.1729, transfer_loss: 0.0000,person_loss: 0.0000, total_Loss: 0.0000
trian begin
trian end
n_person 615
SAMPLE
F1_MI: 0.3048382309290591 F1_MA: 0.36757646404251004 ACC_MI: 0.3048382309290591 F1_MA: 0.4778374055419255
BEST_F1_MI: 0.6260017809439002 BEST_F1_MA: 0.6182212883023895 BEST_ACC_MI: 0.6260017809439002 BEST_F1_MA: 0.6802167249146996
[[573  77 234   9]
 [426 230 129  19]
 [613  34  96   3]
 [  0   0 798 128]]
Epoch: [46/200], cls_loss: 0.1589, transfer_loss: 0.0000,person_loss: 0.0000, total_Loss: 0.0000
trian begin
trian end
n_person 615
SAMPLE
F1_MI: 0.2882160878598991 F1_MA: 0.3109731589971673 ACC_MI: 0.2882160878598991 F1_MA: 0.3382836691041906
BEST_F1_MI: 0.6260017809439002 BEST_F1_MA: 0.6182212883023895 BEST_ACC_MI: 0.6260017809439002 BEST_F1_MA: 0.6802167249146996
[[460 413  20   0]
 [293 500   9   2]
 [589 149   8   0]
 [  0 188 735   3]]
Epoch: [47/200], cls_loss: 0.1721, transfer_loss: 0.0000,person_loss: 0.0000, total_Loss: 0.0000
trian begin
trian end
n_person 615
SAMPLE
F1_MI: 0.5568417928168596 F1_MA: 0.5453190096935121 ACC_MI: 0.5568417928168596 F1_MA: 0.5592223915368105
BEST_F1_MI: 0.6260017809439002 BEST_F1_MA: 0.6182212883023895 BEST_ACC_MI: 0.6260017809439002 BEST_F1_MA: 0.6802167249146996
[[554 114 206  19]
 [387 239 128  50]
 [542  26 158  20]
 [  0   0   1 925]]
Epoch: [48/200], cls_loss: 0.1572, transfer_loss: 0.0000,person_loss: 0.0000, total_Loss: 0.0000
trian begin
trian end
n_person 615
SAMPLE
F1_MI: 0.568417928168596 F1_MA: 0.5457676307540729 ACC_MI: 0.568417928168596 F1_MA: 0.5567122537039979
BEST_F1_MI: 0.6260017809439002 BEST_F1_MA: 0.6182212883023895 BEST_ACC_MI: 0.6260017809439002 BEST_F1_MA: 0.6802167249146996
[[746  85  48  14]
 [499 211  54  40]
 [686  27  33   0]
 [  0   1   0 925]]
Epoch: [49/200], cls_loss: 0.1570, transfer_loss: 0.0000,person_loss: 0.0000, total_Loss: 0.0000
trian begin
trian end
n_person 615
SAMPLE
F1_MI: 0.2935589195607005 F1_MA: 0.3670267390206751 ACC_MI: 0.2935589195607005 F1_MA: 0.4913578429565748
BEST_F1_MI: 0.6260017809439002 BEST_F1_MA: 0.6182212883023895 BEST_ACC_MI: 0.6260017809439002 BEST_F1_MA: 0.6802167249146996
[[425 187 281   0]
 [330 392  82   0]
 [557 103  86   0]
 [  0   0 840  86]]
Epoch: [50/200], cls_loss: 0.1377, transfer_loss: 0.0000,person_loss: 0.0000, total_Loss: 0.0000
trian begin
trian end
n_person 615
SAMPLE
F1_MI: 0.5639655684179282 F1_MA: 0.5334731921650079 ACC_MI: 0.5639655684179282 F1_MA: 0.5340518498990798
BEST_F1_MI: 0.6260017809439002 BEST_F1_MA: 0.6182212883023895 BEST_ACC_MI: 0.6260017809439002 BEST_F1_MA: 0.6802167249146996
[[677 126  86   4]
 [463 255  80   6]
 [632  72  42   0]
 [  0   0   0 926]]
Epoch: [51/200], cls_loss: 0.1826, transfer_loss: 0.0000,person_loss: 0.0000, total_Loss: 0.0000
trian begin
trian end
n_person 615
SAMPLE
F1_MI: 0.2923716236271891 F1_MA: 0.37742411288937183 ACC_MI: 0.2923716236271891 F1_MA: 0.5333780097335081
BEST_F1_MI: 0.6260017809439002 BEST_F1_MA: 0.6182212883023895 BEST_ACC_MI: 0.6260017809439002 BEST_F1_MA: 0.6802167249146996
[[538  77 278   0]
 [327 290 187   0]
 [542  68 136   0]
 [  0   4 901  21]]
Epoch: [52/200], cls_loss: 0.1614, transfer_loss: 0.0000,person_loss: 0.0000, total_Loss: 0.0000
trian begin
trian end
n_person 615
SAMPLE
F1_MI: 0.5589195607005046 F1_MA: 0.545014246828681 ACC_MI: 0.5589195607005046 F1_MA: 0.5519022208773364
BEST_F1_MI: 0.6260017809439002 BEST_F1_MA: 0.6182212883023895 BEST_ACC_MI: 0.6260017809439002 BEST_F1_MA: 0.6802167249146996
[[425 192 274   2]
 [293 371 136   4]
 [517  68 161   0]
 [  0   0   0 926]]
Epoch: [53/200], cls_loss: 0.1572, transfer_loss: 0.0000,person_loss: 0.0000, total_Loss: 0.0000
trian begin
trian end
n_person 615
SAMPLE
F1_MI: 0.5520926090828139 F1_MA: 0.5263693656643826 ACC_MI: 0.5520926090828139 F1_MA: 0.5301984922699979
BEST_F1_MI: 0.6260017809439002 BEST_F1_MA: 0.6182212883023895 BEST_ACC_MI: 0.6260017809439002 BEST_F1_MA: 0.6802167249146996
[[633  79 144  37]
 [392 227 117  68]
 [601  58  74  13]
 [  0   0   0 926]]
Epoch: [54/200], cls_loss: 0.1634, transfer_loss: 0.0000,person_loss: 0.0000, total_Loss: 0.0000
trian begin
trian end
n_person 615
SAMPLE
F1_MI: 0.589195607005046 F1_MA: 0.5599554684461955 ACC_MI: 0.589195607005046 F1_MA: 0.561369744813599
BEST_F1_MI: 0.6260017809439002 BEST_F1_MA: 0.6182212883023895 BEST_ACC_MI: 0.6260017809439002 BEST_F1_MA: 0.6802167249146996
[[706  95  88   4]
 [395 306  92  11]
 [626  73  47   0]
 [  0   0   0 926]]
Epoch: [55/200], cls_loss: 0.1586, transfer_loss: 0.0000,person_loss: 0.0000, total_Loss: 0.0000
trian begin
trian end
n_person 615
SAMPLE
F1_MI: 0.6013653903235382 F1_MA: 0.5707811588507075 ACC_MI: 0.6013653903235382 F1_MA: 0.5711204043651239
BEST_F1_MI: 0.6260017809439002 BEST_F1_MA: 0.6182212883023895 BEST_ACC_MI: 0.6260017809439002 BEST_F1_MA: 0.6802167249146996
[[725 110  57   1]
 [389 339  73   3]
 [645  64  36   1]
 [  0   0   0 926]]
Epoch: [56/200], cls_loss: 0.1525, transfer_loss: 0.0000,person_loss: 0.0000, total_Loss: 0.0000
trian begin
trian end
n_person 615
SAMPLE
F1_MI: 0.3300682695161769 F1_MA: 0.3872517255410532 ACC_MI: 0.3300682695161769 F1_MA: 0.47277756399007864
BEST_F1_MI: 0.6260017809439002 BEST_F1_MA: 0.6182212883023895 BEST_ACC_MI: 0.6260017809439002 BEST_F1_MA: 0.6802167249146996
[[545 174 174   0]
 [321 407  76   0]
 [593  67  86   0]
 [  0 834  18  74]]
Epoch: [57/200], cls_loss: 0.1638, transfer_loss: 0.0000,person_loss: 0.0000, total_Loss: 0.0000
trian begin
trian end
n_person 615
SAMPLE
F1_MI: 0.5939447907390917 F1_MA: 0.5943284060895642 ACC_MI: 0.5939447907390917 F1_MA: 0.6291818498512971
BEST_F1_MI: 0.6260017809439002 BEST_F1_MA: 0.6182212883023895 BEST_ACC_MI: 0.6260017809439002 BEST_F1_MA: 0.6802167249146996
[[749  88  46  10]
 [497 240  58   9]
 [638  21  86   1]
 [  0   0   0 926]]
Epoch: [58/200], cls_loss: 0.1376, transfer_loss: 0.0000,person_loss: 0.0000, total_Loss: 0.0000
[[663 152  72   6]
 [323 416  63   2]
 [627  15 104   0]
 [  0   0   0 926]]
[[663 152  72   6]
 [323 416  63   2]
 [627  15 104   0]
 [  0   0   0 926]]
WHAT: False
{'best_f1': 0.6182212883023895, 'best_matrix': [[663, 152, 72, 6], [323, 416, 63, 2], [627, 15, 104, 0], [0, 0, 0, 926]], 'args': 0.1}
{"best_f1": 0.6182212883023895, "best_matrix": [[663, 152, 72, 6], [323, 416, 63, 2], [627, 15, 104, 0], [0, 0, 0, 926]], "args": 0.1}
ARG: Namespace(backbone='resnet50', batch_size=32, config='ONLY/ONLY.yaml', data_dir='data', device=device(type='cuda'), early_stop=50, epoch_based_training=False, lr=0.003, lr_decay=0.75, lr_gamma=0.0003, lr_scheduler=True, max_iter=21000, method='False', momentum=0.9, myweight=0.1, n_class=4, n_epoch=200, n_iter_per_epoch=105, num_workers=3, seed=3, src_domain='PAMAP2', tgt_domain='UCI', tname='transfer', transfer_loss='only', transfer_loss_weight=0.5, use_bottleneck=True, weight_decay=0.0005)
