coral 3 PAMAP2 UCI DeepCoral/DeepCoral.yaml False
Namespace(backbone='resnet50', batch_size=32, config='DeepCoral/DeepCoral.yaml', data_dir='data', device=device(type='cuda'), early_stop=50, epoch_based_training=False, lr=0.003, lr_decay=0.75, lr_gamma=0.0003, lr_scheduler=True, method='False', momentum=0.9, myweight=0.1, n_epoch=200, n_iter_per_epoch=100, num_workers=3, seed=3, src_domain='PAMAP2', tgt_domain='UCI', tname='transfer', transfer_loss='coral', transfer_loss_weight=10.0, use_bottleneck=True, weight_decay=0.0005)
JUST DO IT
run my Parkinson code
transfer
TRAIN Length: 4725 360 TEST Length: 3369 615
YYY: 0 3
DATA_PROFILE   train: 4725 train2: 3369 test: 3369
DATASET.SHAPE: <data_loader.GetTrainLoader object at 0x7fab50128ef0> True
DATASET.SHAPE: <data_loader.GetTrainLoader object at 0x7fab500c5160> True
DATASET.SHAPE: <data_loader.GetTestLoader object at 0x7fab500bafd0> False
CLASS: 4 615
LLL: {}
BOTTLENECK_LIST: [Linear(in_features=512, out_features=256, bias=True), ReLU()]
TYPE: {'loss_type': 'coral', 'max_iter': 21000, 'num_class': 4, 'my_person_item': <my_person_item.PersonItem object at 0x7fac119b0198>}
initial_lr 1.0
transfer_world
method False <class 'str'>
1.10.1+cu102
True
LEN: 0 0
LOADER: <data_loader.InfiniteDataLoader object at 0x7fab500c5fd0> <data_loader.InfiniteDataLoader object at 0x7fab500baef0>
N_batch: 105
trian begin
trian end
n_person 615
SAMPLE
F1_MI: 0.5087563075096467 F1_MA: 0.4735194394559751 ACC_MI: 0.5087563075096467 F1_MA: 0.46307025927572054
BEST_F1_MI: 0.5087563075096467 BEST_F1_MA: 0.4735194394559751 BEST_ACC_MI: 0.5087563075096467 BEST_F1_MA: 0.46307025927572054
[[390 379 124   0]
 [201 357 246   0]
 [439 258  49   0]
 [  0   3   5 918]]
Epoch: [ 1/200], cls_loss: 0.7894, transfer_loss: 0.0017,person_loss: 0.0000, total_Loss: 0.8060
trian begin
trian end
n_person 615
SAMPLE
F1_MI: 0.5467497773820125 F1_MA: 0.5019140289494083 ACC_MI: 0.5467497773820125 F1_MA: 0.4806989488646991
BEST_F1_MI: 0.5467497773820125 BEST_F1_MA: 0.5019140289494083 BEST_ACC_MI: 0.5467497773820125 BEST_F1_MA: 0.4806989488646991
[[315 572   0   6]
 [194 600   4   6]
 [517 228   1   0]
 [  0   0   0 926]]
Epoch: [ 2/200], cls_loss: 0.5459, transfer_loss: 0.0014,person_loss: 0.0000, total_Loss: 0.5596
trian begin
trian end
n_person 615
SAMPLE
F1_MI: 0.5604036806173939 F1_MA: 0.5260417688948366 ACC_MI: 0.5604036806173939 F1_MA: 0.5158294387551363
BEST_F1_MI: 0.5604036806173939 BEST_F1_MA: 0.5260417688948366 BEST_ACC_MI: 0.5604036806173939 BEST_F1_MA: 0.5158294387551363
[[463 333  59  38]
 [191 421 137  55]
 [563 103  78   2]
 [  0   0   0 926]]
Epoch: [ 3/200], cls_loss: 0.4527, transfer_loss: 0.0008,person_loss: 0.0000, total_Loss: 0.4609
trian begin
trian end
n_person 615
SAMPLE
F1_MI: 0.4416740872662511 F1_MA: 0.4007539805403609 ACC_MI: 0.4416740872662511 F1_MA: 0.3805272572483138
BEST_F1_MI: 0.5604036806173939 BEST_F1_MA: 0.5260417688948366 BEST_ACC_MI: 0.5604036806173939 BEST_F1_MA: 0.5158294387551363
[[142 187 183 381]
 [ 58 300 118 328]
 [314 219 120  93]
 [  0   0   0 926]]
Epoch: [ 4/200], cls_loss: 0.4099, transfer_loss: 0.0007,person_loss: 0.0000, total_Loss: 0.4174
trian begin
trian end
n_person 615
SAMPLE
F1_MI: 0.560106856634016 F1_MA: 0.5573113941667479 ACC_MI: 0.560106856634016 F1_MA: 0.5913601900738927
BEST_F1_MI: 0.5604036806173939 BEST_F1_MA: 0.5573113941667479 BEST_ACC_MI: 0.5604036806173939 BEST_F1_MA: 0.5913601900738927
[[743  30 119   1]
 [506 172 126   0]
 [693   6  47   0]
 [  0   1   0 925]]
Epoch: [ 5/200], cls_loss: 0.4052, transfer_loss: 0.0005,person_loss: 0.0000, total_Loss: 0.4099
trian begin
trian end
n_person 615
SAMPLE
F1_MI: 0.4873849807064411 F1_MA: 0.45609238128958884 ACC_MI: 0.4873849807064411 F1_MA: 0.4466310645804613
BEST_F1_MI: 0.5604036806173939 BEST_F1_MA: 0.5573113941667479 BEST_ACC_MI: 0.5604036806173939 BEST_F1_MA: 0.5913601900738927
[[323 127 244 199]
 [ 85 255 283 181]
 [485 116 138   7]
 [  0   0   0 926]]
Epoch: [ 6/200], cls_loss: 0.3247, transfer_loss: 0.0005,person_loss: 0.0000, total_Loss: 0.3294
trian begin
trian end
n_person 615
SAMPLE
F1_MI: 0.3122588305135055 F1_MA: 0.3736464914240113 ACC_MI: 0.3122588305135055 F1_MA: 0.4867109640186634
BEST_F1_MI: 0.5604036806173939 BEST_F1_MA: 0.5573113941667479 BEST_ACC_MI: 0.5604036806173939 BEST_F1_MA: 0.5913601900738927
[[816  41  36   0]
 [578 168  58   0]
 [679   3  64   0]
 [  0 922   0   4]]
Epoch: [ 7/200], cls_loss: 0.3328, transfer_loss: 0.0003,person_loss: 0.0000, total_Loss: 0.3361
trian begin
trian end
n_person 615
SAMPLE
F1_MI: 0.711487088156723 F1_MA: 0.7173740173491049 ACC_MI: 0.711487088156723 F1_MA: 0.738096385823951
BEST_F1_MI: 0.711487088156723 BEST_F1_MA: 0.7173740173491049 BEST_ACC_MI: 0.711487088156723 BEST_F1_MA: 0.738096385823951
[[696 106  68  23]
 [426 286  62  30]
 [239   7 491   9]
 [  0   2   0 924]]
Epoch: [ 8/200], cls_loss: 0.2791, transfer_loss: 0.0004,person_loss: 0.0000, total_Loss: 0.2830
trian begin
trian end
n_person 615
SAMPLE
F1_MI: 0.593351142772336 F1_MA: 0.6049749264184808 ACC_MI: 0.593351142772336 F1_MA: 0.6458267225242592
BEST_F1_MI: 0.711487088156723 BEST_F1_MA: 0.7173740173491049 BEST_ACC_MI: 0.711487088156723 BEST_F1_MA: 0.738096385823951
[[684  12 196   1]
 [324 124 353   3]
 [460  19 267   0]
 [  0   1   1 924]]
Epoch: [ 9/200], cls_loss: 0.3004, transfer_loss: 0.0003,person_loss: 0.0000, total_Loss: 0.3035
trian begin
trian end
n_person 615
SAMPLE
F1_MI: 0.3377856930840012 F1_MA: 0.41889271317529786 ACC_MI: 0.3377856930840012 F1_MA: 0.5424813598209509
BEST_F1_MI: 0.711487088156723 BEST_F1_MA: 0.7173740173491049 BEST_ACC_MI: 0.711487088156723 BEST_F1_MA: 0.738096385823951
[[302 566   8  17]
 [110 680   8   6]
 [412 279  47   8]
 [  0 816   1 109]]
Epoch: [10/200], cls_loss: 0.2745, transfer_loss: 0.0003,person_loss: 0.0000, total_Loss: 0.2772
trian begin
trian end
n_person 615
SAMPLE
F1_MI: 0.4915405164737311 F1_MA: 0.45123146357044797 ACC_MI: 0.4915405164737311 F1_MA: 0.4403523357114354
BEST_F1_MI: 0.711487088156723 BEST_F1_MA: 0.7173740173491049 BEST_ACC_MI: 0.711487088156723 BEST_F1_MA: 0.738096385823951
[[531  35 151 176]
 [214 111 330 149]
 [563  95  88   0]
 [  0   0   0 926]]
Epoch: [11/200], cls_loss: 0.2732, transfer_loss: 0.0003,person_loss: 0.0000, total_Loss: 0.2758
trian begin
trian end
n_person 615
SAMPLE
F1_MI: 0.5755417037696646 F1_MA: 0.574932421147321 ACC_MI: 0.5755417037696646 F1_MA: 0.6119796230979081
BEST_F1_MI: 0.711487088156723 BEST_F1_MA: 0.7173740173491049 BEST_ACC_MI: 0.711487088156723 BEST_F1_MA: 0.738096385823951
[[788  38  19  48]
 [503 161 101  39]
 [676   6  64   0]
 [  0   0   0 926]]
Epoch: [12/200], cls_loss: 0.2479, transfer_loss: 0.0002,person_loss: 0.0000, total_Loss: 0.2500
trian begin
trian end
n_person 615
SAMPLE
F1_MI: 0.40872662511130897 F1_MA: 0.485650454840801 ACC_MI: 0.40872662511130897 F1_MA: 0.578947650222801
BEST_F1_MI: 0.711487088156723 BEST_F1_MA: 0.7173740173491049 BEST_ACC_MI: 0.711487088156723 BEST_F1_MA: 0.738096385823951
[[689 103 101   0]
 [533 164 107   0]
 [197  44 505   0]
 [  0   6 901  19]]
Epoch: [13/200], cls_loss: 0.2747, transfer_loss: 0.0002,person_loss: 0.0000, total_Loss: 0.2767
trian begin
trian end
n_person 615
SAMPLE
F1_MI: 0.30008904719501334 F1_MA: 0.24824506910136931 ACC_MI: 0.30008904719501334 F1_MA: 0.218093733252961
BEST_F1_MI: 0.711487088156723 BEST_F1_MA: 0.7173740173491049 BEST_ACC_MI: 0.711487088156723 BEST_F1_MA: 0.738096385823951
[[868  18   7   0]
 [654 118  32   0]
 [709  12  25   0]
 [  0 923   3   0]]
Epoch: [14/200], cls_loss: 0.2400, transfer_loss: 0.0002,person_loss: 0.0000, total_Loss: 0.2422
trian begin
trian end
n_person 615
SAMPLE
F1_MI: 0.672306322350846 F1_MA: 0.6669055956372796 ACC_MI: 0.672306322350846 F1_MA: 0.6772435131034992
BEST_F1_MI: 0.711487088156723 BEST_F1_MA: 0.7173740173491049 BEST_ACC_MI: 0.711487088156723 BEST_F1_MA: 0.738096385823951
[[667  46  79 101]
 [264 209 208 123]
 [248  35 463   0]
 [  0   0   0 926]]
Epoch: [15/200], cls_loss: 0.2387, transfer_loss: 0.0003,person_loss: 0.0000, total_Loss: 0.2419
trian begin
trian end
n_person 615
SAMPLE
F1_MI: 0.5998812704066488 F1_MA: 0.5942982359736586 ACC_MI: 0.5998812704066488 F1_MA: 0.6149326674855499
BEST_F1_MI: 0.711487088156723 BEST_F1_MA: 0.7173740173491049 BEST_ACC_MI: 0.711487088156723 BEST_F1_MA: 0.738096385823951
[[647  56 172  18]
 [302 259 240   3]
 [515  42 189   0]
 [  0   0   0 926]]
Epoch: [16/200], cls_loss: 0.2314, transfer_loss: 0.0002,person_loss: 0.0000, total_Loss: 0.2336
trian begin
trian end
n_person 615
SAMPLE
F1_MI: 0.6340160284951024 F1_MA: 0.6352730611000111 ACC_MI: 0.6340160284951024 F1_MA: 0.6675919560217659
BEST_F1_MI: 0.711487088156723 BEST_F1_MA: 0.7173740173491049 BEST_ACC_MI: 0.711487088156723 BEST_F1_MA: 0.738096385823951
[[740 109  27  17]
 [384 364  54   2]
 [584  55 107   0]
 [  0   1   0 925]]
Epoch: [17/200], cls_loss: 0.2335, transfer_loss: 0.0002,person_loss: 0.0000, total_Loss: 0.2355
trian begin
trian end
n_person 615
SAMPLE
F1_MI: 0.6458889878302166 F1_MA: 0.6456282147646742 ACC_MI: 0.6458889878302166 F1_MA: 0.6749866271226472
BEST_F1_MI: 0.711487088156723 BEST_F1_MA: 0.7173740173491049 BEST_ACC_MI: 0.711487088156723 BEST_F1_MA: 0.738096385823951
[[800  46  44   3]
 [428 253 123   0]
 [483  65 198   0]
 [  0   1   0 925]]
Epoch: [18/200], cls_loss: 0.2589, transfer_loss: 0.0004,person_loss: 0.0000, total_Loss: 0.2624
trian begin
trian end
n_person 615
SAMPLE
F1_MI: 0.3849807064410805 F1_MA: 0.4600530341844348 ACC_MI: 0.38498070644108046 F1_MA: 0.566035166344497
BEST_F1_MI: 0.711487088156723 BEST_F1_MA: 0.7173740173491049 BEST_ACC_MI: 0.711487088156723 BEST_F1_MA: 0.738096385823951
[[786  35  72   0]
 [580 138  86   0]
 [342  38 366   0]
 [  0 905  14   7]]
Epoch: [19/200], cls_loss: 0.2592, transfer_loss: 0.0003,person_loss: 0.0000, total_Loss: 0.2622
trian begin
trian end
n_person 615
SAMPLE
F1_MI: 0.6375779162956366 F1_MA: 0.648128803921537 ACC_MI: 0.6375779162956366 F1_MA: 0.6889402049008512
BEST_F1_MI: 0.711487088156723 BEST_F1_MA: 0.7173740173491049 BEST_ACC_MI: 0.711487088156723 BEST_F1_MA: 0.738096385823951
[[795  15  79   4]
 [377 159 268   0]
 [462  15 269   0]
 [  0   1   0 925]]
Epoch: [20/200], cls_loss: 0.2241, transfer_loss: 0.0002,person_loss: 0.0000, total_Loss: 0.2264
trian begin
trian end
n_person 615
SAMPLE
F1_MI: 0.7316711190264172 F1_MA: 0.7345656424151134 ACC_MI: 0.7316711190264173 F1_MA: 0.7514574532275952
BEST_F1_MI: 0.7316711190264172 BEST_F1_MA: 0.7345656424151134 BEST_ACC_MI: 0.7316711190264173 BEST_F1_MA: 0.7514574532275952
[[765  42  65  21]
 [330 215 252   7]
 [173  13 560   0]
 [  0   1   0 925]]
Epoch: [21/200], cls_loss: 0.2402, transfer_loss: 0.0002,person_loss: 0.0000, total_Loss: 0.2423
trian begin
trian end
n_person 615
SAMPLE
F1_MI: 0.3238349658652419 F1_MA: 0.39526431187724304 ACC_MI: 0.3238349658652419 F1_MA: 0.5327694796732413
BEST_F1_MI: 0.7316711190264172 BEST_F1_MA: 0.7345656424151134 BEST_ACC_MI: 0.7316711190264173 BEST_F1_MA: 0.7514574532275952
[[838  34  21   0]
 [552 194  58   0]
 [638  57  51   0]
 [  0   5 913   8]]
Epoch: [22/200], cls_loss: 0.1967, transfer_loss: 0.0002,person_loss: 0.0000, total_Loss: 0.1990
trian begin
trian end
n_person 615
SAMPLE
F1_MI: 0.6200653012763432 F1_MA: 0.6541561747332844 ACC_MI: 0.6200653012763432 F1_MA: 0.7339747045040225
BEST_F1_MI: 0.7316711190264172 BEST_F1_MA: 0.7345656424151134 BEST_ACC_MI: 0.7316711190264173 BEST_F1_MA: 0.7514574532275952
[[851  13   6  23]
 [592 116  89   7]
 [545   5 196   0]
 [  0   0   0 926]]
Epoch: [23/200], cls_loss: 0.2142, transfer_loss: 0.0002,person_loss: 0.0000, total_Loss: 0.2162
trian begin
trian end
n_person 615
SAMPLE
F1_MI: 0.585040071237756 F1_MA: 0.592551032641762 ACC_MI: 0.585040071237756 F1_MA: 0.6372939931678927
BEST_F1_MI: 0.7316711190264172 BEST_F1_MA: 0.7345656424151134 BEST_ACC_MI: 0.7316711190264173 BEST_F1_MA: 0.7514574532275952
[[802   2  84   5]
 [463  97 233  11]
 [579  20 147   0]
 [  0   0   1 925]]
Epoch: [24/200], cls_loss: 0.2043, transfer_loss: 0.0002,person_loss: 0.0000, total_Loss: 0.2064
trian begin
trian end
n_person 615
SAMPLE
F1_MI: 0.6628079548827546 F1_MA: 0.6941428886172536 ACC_MI: 0.6628079548827546 F1_MA: 0.7668357363835808
BEST_F1_MI: 0.7316711190264172 BEST_F1_MA: 0.7345656424151134 BEST_ACC_MI: 0.7316711190264173 BEST_F1_MA: 0.7668357363835808
[[851  33   6   3]
 [480 293  31   0]
 [543  39 164   0]
 [  0   1   0 925]]
Epoch: [25/200], cls_loss: 0.2208, transfer_loss: 0.0002,person_loss: 0.0000, total_Loss: 0.2225
trian begin
trian end
n_person 615
SAMPLE
F1_MI: 0.3075096467794598 F1_MA: 0.39473751321514916 ACC_MI: 0.3075096467794598 F1_MA: 0.5838084294879273
BEST_F1_MI: 0.7316711190264172 BEST_F1_MA: 0.7345656424151134 BEST_ACC_MI: 0.7316711190264173 BEST_F1_MA: 0.7668357363835808
[[784 109   0   0]
 [566 233   5   0]
 [697  32  17   0]
 [  0 924   0   2]]
Epoch: [26/200], cls_loss: 0.2141, transfer_loss: 0.0002,person_loss: 0.0000, total_Loss: 0.2157
trian begin
trian end
n_person 615
SAMPLE
F1_MI: 0.6429207479964381 F1_MA: 0.643883231240318 ACC_MI: 0.6429207479964381 F1_MA: 0.671104947495905
BEST_F1_MI: 0.7316711190264172 BEST_F1_MA: 0.7345656424151134 BEST_ACC_MI: 0.7316711190264173 BEST_F1_MA: 0.7668357363835808
[[791  39  33  30]
 [375 213 178  38]
 [444  34 267   1]
 [  0   3  28 895]]
Epoch: [27/200], cls_loss: 0.2118, transfer_loss: 0.0002,person_loss: 0.0000, total_Loss: 0.2134
trian begin
trian end
n_person 615
SAMPLE
F1_MI: 0.43781537548233895 F1_MA: 0.4876060817389215 ACC_MI: 0.43781537548233895 F1_MA: 0.5602605138632277
BEST_F1_MI: 0.7316711190264172 BEST_F1_MA: 0.7345656424151134 BEST_ACC_MI: 0.7316711190264173 BEST_F1_MA: 0.7668357363835808
[[815  51  12  15]
 [440 288  71   5]
 [467  72 207   0]
 [  0  15 746 165]]
Epoch: [28/200], cls_loss: 0.1990, transfer_loss: 0.0001,person_loss: 0.0000, total_Loss: 0.2004
trian begin
trian end
n_person 615
SAMPLE
F1_MI: 0.6550905313149302 F1_MA: 0.6576483760040328 ACC_MI: 0.6550905313149302 F1_MA: 0.6882419528933683
BEST_F1_MI: 0.7316711190264172 BEST_F1_MA: 0.7345656424151134 BEST_ACC_MI: 0.7316711190264173 BEST_F1_MA: 0.7668357363835808
[[804  31  47  11]
 [402 221 179   2]
 [446  43 257   0]
 [  0   0   1 925]]
Epoch: [29/200], cls_loss: 0.1807, transfer_loss: 0.0002,person_loss: 0.0000, total_Loss: 0.1825
trian begin
trian end
n_person 615
SAMPLE
F1_MI: 0.340160284951024 F1_MA: 0.3930213501349775 ACC_MI: 0.340160284951024 F1_MA: 0.47532406652679093
BEST_F1_MI: 0.7316711190264172 BEST_F1_MA: 0.7345656424151134 BEST_ACC_MI: 0.7316711190264173 BEST_F1_MA: 0.7668357363835808
[[788  72  33   0]
 [502 214  86   2]
 [548  60 138   0]
 [  0   8 912   6]]
Epoch: [30/200], cls_loss: 0.1935, transfer_loss: 0.0002,person_loss: 0.0000, total_Loss: 0.1950
trian begin
trian end
n_person 615
SAMPLE
F1_MI: 0.5978035025230038 F1_MA: 0.6315779661461689 ACC_MI: 0.5978035025230038 F1_MA: 0.716694516060457
BEST_F1_MI: 0.7316711190264172 BEST_F1_MA: 0.7345656424151134 BEST_ACC_MI: 0.7316711190264173 BEST_F1_MA: 0.7668357363835808
[[846  14   9  24]
 [607 141  51   5]
 [637   8 101   0]
 [  0   0   0 926]]
Epoch: [31/200], cls_loss: 0.1815, transfer_loss: 0.0001,person_loss: 0.0000, total_Loss: 0.1828
trian begin
trian end
n_person 615
SAMPLE
F1_MI: 0.43247254378153754 F1_MA: 0.47473341847745587 ACC_MI: 0.43247254378153754 F1_MA: 0.5079628190741692
BEST_F1_MI: 0.7316711190264172 BEST_F1_MA: 0.7345656424151134 BEST_ACC_MI: 0.7316711190264173 BEST_F1_MA: 0.7668357363835808
[[627  90 173   3]
 [240 308 254   2]
 [185  49 512   0]
 [  0 911   5  10]]
Epoch: [32/200], cls_loss: 0.2135, transfer_loss: 0.0002,person_loss: 0.0000, total_Loss: 0.2151
trian begin
trian end
n_person 615
SAMPLE
F1_MI: 0.6426239240130602 F1_MA: 0.6466063788583142 ACC_MI: 0.6426239240130602 F1_MA: 0.6800093637776171
BEST_F1_MI: 0.7316711190264172 BEST_F1_MA: 0.7345656424151134 BEST_ACC_MI: 0.7316711190264173 BEST_F1_MA: 0.7668357363835808
[[783  14  64  32]
 [383 238 167  16]
 [485  42 219   0]
 [  0   0   1 925]]
Epoch: [33/200], cls_loss: 0.1893, transfer_loss: 0.0002,person_loss: 0.0000, total_Loss: 0.1909
trian begin
trian end
n_person 615
SAMPLE
F1_MI: 0.6159097655090532 F1_MA: 0.6290771491150807 ACC_MI: 0.6159097655090532 F1_MA: 0.683878102671686
BEST_F1_MI: 0.7316711190264172 BEST_F1_MA: 0.7345656424151134 BEST_ACC_MI: 0.7316711190264173 BEST_F1_MA: 0.7668357363835808
[[829  36   2  26]
 [484 286  16  18]
 [625  87  34   0]
 [  0   0   0 926]]
Epoch: [34/200], cls_loss: 0.1944, transfer_loss: 0.0001,person_loss: 0.0000, total_Loss: 0.1957
trian begin
trian end
n_person 615
SAMPLE
F1_MI: 0.6904125853368952 F1_MA: 0.6911844138681803 ACC_MI: 0.6904125853368952 F1_MA: 0.7110117194408797
BEST_F1_MI: 0.7316711190264172 BEST_F1_MA: 0.7345656424151134 BEST_ACC_MI: 0.7316711190264173 BEST_F1_MA: 0.7668357363835808
[[767  18  80  28]
 [366 183 230  25]
 [254  42 450   0]
 [  0   0   0 926]]
Epoch: [35/200], cls_loss: 0.1902, transfer_loss: 0.0001,person_loss: 0.0000, total_Loss: 0.1916
trian begin
trian end
n_person 615
SAMPLE
F1_MI: 0.603739982190561 F1_MA: 0.6156358414068193 ACC_MI: 0.603739982190561 F1_MA: 0.6693391817492289
BEST_F1_MI: 0.7316711190264172 BEST_F1_MA: 0.7345656424151134 BEST_ACC_MI: 0.7316711190264173 BEST_F1_MA: 0.7668357363835808
[[853  31   7   2]
 [559 196  49   0]
 [647  34  65   0]
 [  0   2   4 920]]
Epoch: [36/200], cls_loss: 0.1732, transfer_loss: 0.0002,person_loss: 0.0000, total_Loss: 0.1748
trian begin
trian end
n_person 615
SAMPLE
F1_MI: 0.3541110121697833 F1_MA: 0.41806246815909326 ACC_MI: 0.3541110121697833 F1_MA: 0.5322146258465984
BEST_F1_MI: 0.7316711190264172 BEST_F1_MA: 0.7345656424151134 BEST_ACC_MI: 0.7316711190264173 BEST_F1_MA: 0.7668357363835808
[[846  33   5   9]
 [603 166  32   3]
 [621  19 106   0]
 [  0   3 848  75]]
Epoch: [37/200], cls_loss: 0.1653, transfer_loss: 0.0001,person_loss: 0.0000, total_Loss: 0.1666
trian begin
trian end
n_person 615
SAMPLE
F1_MI: 0.3241317898486198 F1_MA: 0.39801294431081075 ACC_MI: 0.3241317898486198 F1_MA: 0.5459812097947767
BEST_F1_MI: 0.7316711190264172 BEST_F1_MA: 0.7345656424151134 BEST_ACC_MI: 0.7316711190264173 BEST_F1_MA: 0.7668357363835808
[[864  28   1   0]
 [593 175  36   0]
 [691  16  39   0]
 [  0  17 895  14]]
Epoch: [38/200], cls_loss: 0.1824, transfer_loss: 0.0001,person_loss: 0.0000, total_Loss: 0.1836
trian begin
trian end
n_person 615
SAMPLE
F1_MI: 0.701395072721876 F1_MA: 0.7246573273483783 ACC_MI: 0.701395072721876 F1_MA: 0.7765501333642197
BEST_F1_MI: 0.7316711190264172 BEST_F1_MA: 0.7345656424151134 BEST_ACC_MI: 0.7316711190264173 BEST_F1_MA: 0.7765501333642197
[[846  20   5  22]
 [474 233  90   7]
 [365  23 358   0]
 [  0   0   0 926]]
Epoch: [39/200], cls_loss: 0.1854, transfer_loss: 0.0001,person_loss: 0.0000, total_Loss: 0.1863
trian begin
trian end
n_person 615
SAMPLE
F1_MI: 0.6153161175422974 F1_MA: 0.6182176401296219 ACC_MI: 0.6153161175422974 F1_MA: 0.6547434877356084
BEST_F1_MI: 0.7316711190264172 BEST_F1_MA: 0.7345656424151134 BEST_ACC_MI: 0.7316711190264173 BEST_F1_MA: 0.7765501333642197
[[812  21  55   5]
 [446 167 185   6]
 [549  29 168   0]
 [  0   0   0 926]]
Epoch: [40/200], cls_loss: 0.1793, transfer_loss: 0.0001,person_loss: 0.0000, total_Loss: 0.1802
trian begin
trian end
n_person 615
SAMPLE
F1_MI: 0.3722172751558326 F1_MA: 0.4499485299508514 ACC_MI: 0.3722172751558326 F1_MA: 0.5848336300269208
BEST_F1_MI: 0.7316711190264172 BEST_F1_MA: 0.7345656424151134 BEST_ACC_MI: 0.7316711190264173 BEST_F1_MA: 0.7765501333642197
[[855  36   2   0]
 [504 249  51   0]
 [592  26 128   0]
 [  0 901   3  22]]
Epoch: [41/200], cls_loss: 0.1895, transfer_loss: 0.0001,person_loss: 0.0000, total_Loss: 0.1908
trian begin
trian end
n_person 615
SAMPLE
F1_MI: 0.670228554467201 F1_MA: 0.6728914270743661 ACC_MI: 0.670228554467201 F1_MA: 0.6991822781200103
BEST_F1_MI: 0.7316711190264172 BEST_F1_MA: 0.7345656424151134 BEST_ACC_MI: 0.7316711190264173 BEST_F1_MA: 0.7765501333642197
[[784  53  51   5]
 [409 194 199   2]
 [367  24 355   0]
 [  0   0   1 925]]
Epoch: [42/200], cls_loss: 0.1888, transfer_loss: 0.0001,person_loss: 0.0000, total_Loss: 0.1901
trian begin
trian end
n_person 615
SAMPLE
F1_MI: 0.672306322350846 F1_MA: 0.6764908169968894 ACC_MI: 0.672306322350846 F1_MA: 0.7064210703506824
BEST_F1_MI: 0.7316711190264172 BEST_F1_MA: 0.7345656424151134 BEST_ACC_MI: 0.7316711190264173 BEST_F1_MA: 0.7765501333642197
[[819  38  32   4]
 [441 191 170   2]
 [377  39 330   0]
 [  0   0   1 925]]
Epoch: [43/200], cls_loss: 0.1711, transfer_loss: 0.0001,person_loss: 0.0000, total_Loss: 0.1722
trian begin
trian end
n_person 615
SAMPLE
F1_MI: 0.48501038883941816 F1_MA: 0.5458501327646118 ACC_MI: 0.4850103888394182 F1_MA: 0.6119059820482784
BEST_F1_MI: 0.7316711190264172 BEST_F1_MA: 0.7345656424151134 BEST_ACC_MI: 0.7316711190264173 BEST_F1_MA: 0.7765501333642197
[[834  38  17   4]
 [455 207 136   6]
 [177  36 533   0]
 [  0  27 839  60]]
Epoch: [44/200], cls_loss: 0.1959, transfer_loss: 0.0001,person_loss: 0.0000, total_Loss: 0.1970
trian begin
trian end
n_person 615
SAMPLE
F1_MI: 0.647373107747106 F1_MA: 0.6509495681955693 ACC_MI: 0.647373107747106 F1_MA: 0.6851916118622985
BEST_F1_MI: 0.7316711190264172 BEST_F1_MA: 0.7345656424151134 BEST_ACC_MI: 0.7316711190264173 BEST_F1_MA: 0.7765501333642197
[[827  45  16   5]
 [466 209 126   3]
 [470  56 220   0]
 [  0   0   1 925]]
Epoch: [45/200], cls_loss: 0.1695, transfer_loss: 0.0002,person_loss: 0.0000, total_Loss: 0.1719
trian begin
trian end
n_person 615
SAMPLE
F1_MI: 0.742653606411398 F1_MA: 0.7556480285255294 ACC_MI: 0.742653606411398 F1_MA: 0.7853548669245617
BEST_F1_MI: 0.742653606411398 BEST_F1_MA: 0.7556480285255294 BEST_ACC_MI: 0.742653606411398 BEST_F1_MA: 0.7853548669245617
[[816  30  24  23]
 [472 208 112  12]
 [178  16 552   0]
 [  0   0   0 926]]
Epoch: [46/200], cls_loss: 0.1546, transfer_loss: 0.0001,person_loss: 0.0000, total_Loss: 0.1559
trian begin
trian end
n_person 615
SAMPLE
F1_MI: 0.3873552983081033 F1_MA: 0.4294890521093718 ACC_MI: 0.3873552983081033 F1_MA: 0.485631671941227
BEST_F1_MI: 0.742653606411398 BEST_F1_MA: 0.7556480285255294 BEST_ACC_MI: 0.742653606411398 BEST_F1_MA: 0.7853548669245617
[[809  81   3   0]
 [457 314  32   1]
 [507  59 180   0]
 [  0  23 901   2]]
Epoch: [47/200], cls_loss: 0.1774, transfer_loss: 0.0001,person_loss: 0.0000, total_Loss: 0.1785
trian begin
trian end
n_person 615
SAMPLE
F1_MI: 0.7132680320569902 F1_MA: 0.712019333068567 ACC_MI: 0.7132680320569902 F1_MA: 0.7291081462615883
BEST_F1_MI: 0.742653606411398 BEST_F1_MA: 0.7556480285255294 BEST_ACC_MI: 0.742653606411398 BEST_F1_MA: 0.7853548669245617
[[784  52  46  11]
 [328 254 215   7]
 [269  36 441   0]
 [  0   1   1 924]]
Epoch: [48/200], cls_loss: 0.1456, transfer_loss: 0.0001,person_loss: 0.0000, total_Loss: 0.1469
trian begin
trian end
n_person 615
SAMPLE
F1_MI: 0.4936182843573761 F1_MA: 0.5437570993690232 ACC_MI: 0.4936182843573761 F1_MA: 0.6113682805062115
BEST_F1_MI: 0.742653606411398 BEST_F1_MA: 0.7556480285255294 BEST_ACC_MI: 0.742653606411398 BEST_F1_MA: 0.7853548669245617
[[832  34  25   2]
 [502 166 136   0]
 [330  24 392   0]
 [  0  46 607 273]]
Epoch: [49/200], cls_loss: 0.1522, transfer_loss: 0.0001,person_loss: 0.0000, total_Loss: 0.1531
trian begin
trian end
n_person 615
SAMPLE
F1_MI: 0.7292965271593945 F1_MA: 0.7518704402143186 ACC_MI: 0.7292965271593945 F1_MA: 0.7957078516712099
BEST_F1_MI: 0.742653606411398 BEST_F1_MA: 0.7556480285255294 BEST_ACC_MI: 0.742653606411398 BEST_F1_MA: 0.7957078516712099
[[845  29  13   6]
 [608 159  37   0]
 [199  20 527   0]
 [  0   0   0 926]]
Epoch: [50/200], cls_loss: 0.1431, transfer_loss: 0.0001,person_loss: 0.0000, total_Loss: 0.1439
trian begin
trian end
n_person 615
SAMPLE
F1_MI: 0.6073018699910953 F1_MA: 0.6537199539888082 ACC_MI: 0.6073018699910953 F1_MA: 0.759134524699746
BEST_F1_MI: 0.742653606411398 BEST_F1_MA: 0.7556480285255294 BEST_ACC_MI: 0.742653606411398 BEST_F1_MA: 0.7957078516712099
[[869  11   2  11]
 [638 140  19   7]
 [612  23 111   0]
 [  0   0   0 926]]
Epoch: [51/200], cls_loss: 0.1764, transfer_loss: 0.0001,person_loss: 0.0000, total_Loss: 0.1772
trian begin
trian end
n_person 615
SAMPLE
F1_MI: 0.6547937073315524 F1_MA: 0.6791578890801017 ACC_MI: 0.6547937073315524 F1_MA: 0.737011080376271
BEST_F1_MI: 0.742653606411398 BEST_F1_MA: 0.7556480285255294 BEST_ACC_MI: 0.742653606411398 BEST_F1_MA: 0.7957078516712099
[[816  29  21  27]
 [525 212  46  21]
 [448  32 266   0]
 [  0   2  12 912]]
Epoch: [52/200], cls_loss: 0.1604, transfer_loss: 0.0001,person_loss: 0.0000, total_Loss: 0.1612
trian begin
trian end
n_person 615
SAMPLE
F1_MI: 0.4431582071831404 F1_MA: 0.5281046782853559 ACC_MI: 0.4431582071831404 F1_MA: 0.6380454104718811
BEST_F1_MI: 0.742653606411398 BEST_F1_MA: 0.7556480285255294 BEST_ACC_MI: 0.742653606411398 BEST_F1_MA: 0.7957078516712099
[[813  23  57   0]
 [531 180  93   0]
 [216  40 490   0]
 [  0   9 907  10]]
Epoch: [53/200], cls_loss: 0.1556, transfer_loss: 0.0001,person_loss: 0.0000, total_Loss: 0.1563
trian begin
trian end
n_person 615
SAMPLE
F1_MI: 0.6752745621846246 F1_MA: 0.6921667238007448 ACC_MI: 0.6752745621846246 F1_MA: 0.7350073626778899
BEST_F1_MI: 0.742653606411398 BEST_F1_MA: 0.7556480285255294 BEST_ACC_MI: 0.742653606411398 BEST_F1_MA: 0.7957078516712099
[[787  25  32  49]
 [462 191 123  28]
 [357  16 371   2]
 [  0   0   0 926]]
Epoch: [54/200], cls_loss: 0.1690, transfer_loss: 0.0001,person_loss: 0.0000, total_Loss: 0.1697
trian begin
trian end
n_person 615
SAMPLE
F1_MI: 0.6420302760463046 F1_MA: 0.6759004771795869 ACC_MI: 0.6420302760463046 F1_MA: 0.7532853278377134
BEST_F1_MI: 0.742653606411398 BEST_F1_MA: 0.7556480285255294 BEST_ACC_MI: 0.742653606411398 BEST_F1_MA: 0.7957078516712099
[[838  40   6   9]
 [539 228  27  10]
 [543  30 173   0]
 [  0   0   2 924]]
Epoch: [55/200], cls_loss: 0.1605, transfer_loss: 0.0001,person_loss: 0.0000, total_Loss: 0.1612
trian begin
trian end
n_person 615
SAMPLE
F1_MI: 0.6939744731374295 F1_MA: 0.7163869782692739 ACC_MI: 0.6939744731374295 F1_MA: 0.7664803757764591
BEST_F1_MI: 0.742653606411398 BEST_F1_MA: 0.7556480285255294 BEST_ACC_MI: 0.742653606411398 BEST_F1_MA: 0.7957078516712099
[[824  29  24  16]
 [500 219  79   6]
 [357  20 369   0]
 [  0   0   0 926]]
Epoch: [56/200], cls_loss: 0.1479, transfer_loss: 0.0001,person_loss: 0.0000, total_Loss: 0.1486
trian begin
trian end
n_person 615
SAMPLE
F1_MI: 0.643217571979816 F1_MA: 0.6673263819871436 ACC_MI: 0.643217571979816 F1_MA: 0.7288033030794777
BEST_F1_MI: 0.742653606411398 BEST_F1_MA: 0.7556480285255294 BEST_ACC_MI: 0.742653606411398 BEST_F1_MA: 0.7957078516712099
[[829  38  14  12]
 [545 196  59   4]
 [500  30 216   0]
 [  0   0   0 926]]
Epoch: [57/200], cls_loss: 0.1558, transfer_loss: 0.0001,person_loss: 0.0000, total_Loss: 0.1564
trian begin
trian end
n_person 615
SAMPLE
F1_MI: 0.7159394479073908 F1_MA: 0.7399435374566257 ACC_MI: 0.715939447907391 F1_MA: 0.7851148955026406
BEST_F1_MI: 0.742653606411398 BEST_F1_MA: 0.7556480285255294 BEST_ACC_MI: 0.742653606411398 BEST_F1_MA: 0.7957078516712099
[[835   8  40  10]
 [608  98  93   5]
 [180  11 555   0]
 [  0   0   2 924]]
Epoch: [58/200], cls_loss: 0.1481, transfer_loss: 0.0001,person_loss: 0.0000, total_Loss: 0.1489
trian begin
trian end
n_person 615
SAMPLE
F1_MI: 0.6251113089937667 F1_MA: 0.6475183418890467 ACC_MI: 0.6251113089937667 F1_MA: 0.6808713688428221
BEST_F1_MI: 0.742653606411398 BEST_F1_MA: 0.7556480285255294 BEST_ACC_MI: 0.742653606411398 BEST_F1_MA: 0.7957078516712099
[[825  36  29   3]
 [532 150 121   1]
 [200  19 527   0]
 [  0  22 300 604]]
Epoch: [59/200], cls_loss: 0.1565, transfer_loss: 0.0001,person_loss: 0.0000, total_Loss: 0.1572
trian begin
trian end
n_person 615
SAMPLE
F1_MI: 0.5894924309884239 F1_MA: 0.6352236578160362 ACC_MI: 0.5894924309884239 F1_MA: 0.6827059005321334
BEST_F1_MI: 0.742653606411398 BEST_F1_MA: 0.7556480285255294 BEST_ACC_MI: 0.742653606411398 BEST_F1_MA: 0.7957078516712099
[[765  56  71   1]
 [377 180 247   0]
 [ 58  32 656   0]
 [  0   4 537 385]]
Epoch: [60/200], cls_loss: 0.1309, transfer_loss: 0.0001,person_loss: 0.0000, total_Loss: 0.1316
trian begin
trian end
n_person 615
SAMPLE
F1_MI: 0.39655684179281686 F1_MA: 0.4642330295891532 ACC_MI: 0.39655684179281686 F1_MA: 0.5713322857270706
BEST_F1_MI: 0.742653606411398 BEST_F1_MA: 0.7556480285255294 BEST_ACC_MI: 0.742653606411398 BEST_F1_MA: 0.7957078516712099
[[852  40   0   1]
 [539 221  40   4]
 [510  41 195   0]
 [  1   2 855  68]]
Epoch: [61/200], cls_loss: 0.1591, transfer_loss: 0.0001,person_loss: 0.0000, total_Loss: 0.1597
trian begin
trian end
n_person 615
SAMPLE
F1_MI: 0.4416740872662511 F1_MA: 0.4933767216331972 ACC_MI: 0.4416740872662511 F1_MA: 0.5466750203704643
BEST_F1_MI: 0.742653606411398 BEST_F1_MA: 0.7556480285255294 BEST_ACC_MI: 0.742653606411398 BEST_F1_MA: 0.7957078516712099
[[675 139  69  10]
 [292 343 160   9]
 [278  52 415   1]
 [  0   5 866  55]]
Epoch: [62/200], cls_loss: 0.1429, transfer_loss: 0.0001,person_loss: 0.0000, total_Loss: 0.1436
trian begin
trian end
n_person 615
SAMPLE
F1_MI: 0.43573760759869395 F1_MA: 0.5124734608942016 ACC_MI: 0.43573760759869395 F1_MA: 0.6161764301271753
BEST_F1_MI: 0.742653606411398 BEST_F1_MA: 0.7556480285255294 BEST_ACC_MI: 0.742653606411398 BEST_F1_MA: 0.7957078516712099
[[788  72  33   0]
 [387 283 134   0]
 [348  47 351   0]
 [  0   5 875  46]]
Epoch: [63/200], cls_loss: 0.1383, transfer_loss: 0.0001,person_loss: 0.0000, total_Loss: 0.1391
trian begin
trian end
n_person 615
SAMPLE
F1_MI: 0.42980112793113684 F1_MA: 0.5126778606427823 ACC_MI: 0.42980112793113684 F1_MA: 0.6268057521008517
BEST_F1_MI: 0.742653606411398 BEST_F1_MA: 0.7556480285255294 BEST_ACC_MI: 0.742653606411398 BEST_F1_MA: 0.7957078516712099
[[838  40  15   0]
 [525 193  86   0]
 [316  23 407   0]
 [  3  12 901  10]]
Epoch: [64/200], cls_loss: 0.1412, transfer_loss: 0.0001,person_loss: 0.0000, total_Loss: 0.1419
trian begin
trian end
n_person 615
SAMPLE
F1_MI: 0.6690412585336896 F1_MA: 0.6840392432365968 ACC_MI: 0.6690412585336896 F1_MA: 0.7302388657054035
BEST_F1_MI: 0.742653606411398 BEST_F1_MA: 0.7556480285255294 BEST_ACC_MI: 0.742653606411398 BEST_F1_MA: 0.7957078516712099
[[821  54  10   8]
 [433 276  90   5]
 [482  29 235   0]
 [  0   1   3 922]]
Epoch: [65/200], cls_loss: 0.1256, transfer_loss: 0.0001,person_loss: 0.0000, total_Loss: 0.1262
trian begin
trian end
n_person 615
SAMPLE
F1_MI: 0.703176016622143 F1_MA: 0.7109408413754029 ACC_MI: 0.703176016622143 F1_MA: 0.7428203659822907
BEST_F1_MI: 0.742653606411398 BEST_F1_MA: 0.7556480285255294 BEST_ACC_MI: 0.742653606411398 BEST_F1_MA: 0.7957078516712099
[[821  58  12   2]
 [409 292 102   1]
 [354  55 337   0]
 [  0   4   3 919]]
Epoch: [66/200], cls_loss: 0.1392, transfer_loss: 0.0001,person_loss: 0.0000, total_Loss: 0.1399
trian begin
trian end
n_person 615
SAMPLE
F1_MI: 0.4048679133273969 F1_MA: 0.47512441259530985 ACC_MI: 0.40486791332739686 F1_MA: 0.5815560600751941
BEST_F1_MI: 0.742653606411398 BEST_F1_MA: 0.7556480285255294 BEST_ACC_MI: 0.742653606411398 BEST_F1_MA: 0.7957078516712099
[[857  20   9   7]
 [588 140  66  10]
 [442  11 293   0]
 [  0   0 852  74]]
Epoch: [67/200], cls_loss: 0.1299, transfer_loss: 0.0001,person_loss: 0.0000, total_Loss: 0.1304
trian begin
trian end
n_person 615
SAMPLE
F1_MI: 0.6829919857524488 F1_MA: 0.7109115595679109 ACC_MI: 0.6829919857524488 F1_MA: 0.7703130519347143
BEST_F1_MI: 0.742653606411398 BEST_F1_MA: 0.7556480285255294 BEST_ACC_MI: 0.742653606411398 BEST_F1_MA: 0.7957078516712099
[[856  26   7   4]
 [589 147  67   1]
 [358  16 372   0]
 [  0   0   0 926]]
Epoch: [68/200], cls_loss: 0.1447, transfer_loss: 0.0001,person_loss: 0.0000, total_Loss: 0.1453
trian begin
trian end
n_person 615
SAMPLE
F1_MI: 0.39477589789254974 F1_MA: 0.4697481506211197 ACC_MI: 0.39477589789254974 F1_MA: 0.5977100304717937
BEST_F1_MI: 0.742653606411398 BEST_F1_MA: 0.7556480285255294 BEST_ACC_MI: 0.742653606411398 BEST_F1_MA: 0.7957078516712099
[[867  23   1   2]
 [635 133  35   1]
 [527   8 211   0]
 [  0   5 802 119]]
Epoch: [69/200], cls_loss: 0.1438, transfer_loss: 0.0001,person_loss: 0.0000, total_Loss: 0.1444
trian begin
trian end
n_person 615
SAMPLE
F1_MI: 0.6215494211932324 F1_MA: 0.6497918476725991 ACC_MI: 0.6215494211932324 F1_MA: 0.720591067297868
BEST_F1_MI: 0.742653606411398 BEST_F1_MA: 0.7556480285255294 BEST_ACC_MI: 0.742653606411398 BEST_F1_MA: 0.7957078516712099
[[856  22   7   8]
 [565 167  71   1]
 [568  10 168   0]
 [  0   1  22 903]]
Epoch: [70/200], cls_loss: 0.1267, transfer_loss: 0.0001,person_loss: 0.0000, total_Loss: 0.1274
trian begin
trian end
n_person 615
SAMPLE
F1_MI: 0.667853962600178 F1_MA: 0.6803869164941314 ACC_MI: 0.667853962600178 F1_MA: 0.7212509696496884
BEST_F1_MI: 0.742653606411398 BEST_F1_MA: 0.7556480285255294 BEST_ACC_MI: 0.742653606411398 BEST_F1_MA: 0.7957078516712099
[[806  54  28   5]
 [458 234 104   8]
 [431  25 289   1]
 [  0   2   3 921]]
Epoch: [71/200], cls_loss: 0.1232, transfer_loss: 0.0001,person_loss: 0.0000, total_Loss: 0.1238
trian begin
trian end
n_person 615
SAMPLE
F1_MI: 0.6892252894033838 F1_MA: 0.7161124309811078 ACC_MI: 0.6892252894033838 F1_MA: 0.7727496679830628
BEST_F1_MI: 0.742653606411398 BEST_F1_MA: 0.7556480285255294 BEST_ACC_MI: 0.742653606411398 BEST_F1_MA: 0.7957078516712099
[[846  28   9  10]
 [570 166  56  12]
 [342  19 385   0]
 [  0   0   1 925]]
Epoch: [72/200], cls_loss: 0.1328, transfer_loss: 0.0001,person_loss: 0.0000, total_Loss: 0.1335
trian begin
trian end
n_person 615
SAMPLE
F1_MI: 0.6933808251706738 F1_MA: 0.7293008199823313 ACC_MI: 0.6933808251706738 F1_MA: 0.7992758296335107
BEST_F1_MI: 0.742653606411398 BEST_F1_MA: 0.7556480285255294 BEST_ACC_MI: 0.742653606411398 BEST_F1_MA: 0.7992758296335107
[[868  12  10   3]
 [582 170  50   2]
 [358  15 373   0]
 [  0   0   1 925]]
Epoch: [73/200], cls_loss: 0.1293, transfer_loss: 0.0001,person_loss: 0.0000, total_Loss: 0.1298
trian begin
trian end
n_person 615
SAMPLE
F1_MI: 0.7325615909765508 F1_MA: 0.7415783340117222 ACC_MI: 0.7325615909765509 F1_MA: 0.7696109110109524
BEST_F1_MI: 0.742653606411398 BEST_F1_MA: 0.7556480285255294 BEST_ACC_MI: 0.742653606411398 BEST_F1_MA: 0.7992758296335107
[[800  56  31   6]
 [418 294  88   4]
 [260  38 448   0]
 [  0   0   0 926]]
Epoch: [74/200], cls_loss: 0.1150, transfer_loss: 0.0001,person_loss: 0.0000, total_Loss: 0.1156
trian begin
trian end
n_person 615
SAMPLE
F1_MI: 0.6832888097358266 F1_MA: 0.7198107290530582 ACC_MI: 0.6832888097358266 F1_MA: 0.7900108269719177
BEST_F1_MI: 0.742653606411398 BEST_F1_MA: 0.7556480285255294 BEST_ACC_MI: 0.742653606411398 BEST_F1_MA: 0.7992758296335107
[[850  16  16  11]
 [609 131  54  10]
 [346   5 395   0]
 [  0   0   0 926]]
Epoch: [75/200], cls_loss: 0.1221, transfer_loss: 0.0001,person_loss: 0.0000, total_Loss: 0.1227
trian begin
trian end
n_person 615
SAMPLE
F1_MI: 0.46067082220243394 F1_MA: 0.5309980996947542 ACC_MI: 0.46067082220243394 F1_MA: 0.6171310575156523
BEST_F1_MI: 0.742653606411398 BEST_F1_MA: 0.7556480285255294 BEST_ACC_MI: 0.742653606411398 BEST_F1_MA: 0.7992758296335107
[[853  19  18   3]
 [512 180 108   4]
 [262   7 477   0]
 [  0  31 853  42]]
Epoch: [76/200], cls_loss: 0.1296, transfer_loss: 0.0000,person_loss: 0.0000, total_Loss: 0.1301
trian begin
trian end
n_person 615
SAMPLE
F1_MI: 0.6040368061739388 F1_MA: 0.6424239572438266 ACC_MI: 0.6040368061739388 F1_MA: 0.735003251322419
BEST_F1_MI: 0.742653606411398 BEST_F1_MA: 0.7556480285255294 BEST_ACC_MI: 0.742653606411398 BEST_F1_MA: 0.7992758296335107
[[842  30   0  21]
 [548 192  21  43]
 [655  14  75   2]
 [  0   0   0 926]]
Epoch: [77/200], cls_loss: 0.1330, transfer_loss: 0.0001,person_loss: 0.0000, total_Loss: 0.1336
trian begin
trian end
n_person 615
SAMPLE
F1_MI: 0.40219649747699615 F1_MA: 0.4498721015972897 ACC_MI: 0.40219649747699615 F1_MA: 0.5143115743614082
BEST_F1_MI: 0.742653606411398 BEST_F1_MA: 0.7556480285255294 BEST_ACC_MI: 0.742653606411398 BEST_F1_MA: 0.7992758296335107
[[833  44  14   2]
 [447 262  86   9]
 [484  32 229   1]
 [  0  54 841  31]]
Epoch: [78/200], cls_loss: 0.1243, transfer_loss: 0.0001,person_loss: 0.0000, total_Loss: 0.1251
trian begin
trian end
n_person 615
SAMPLE
F1_MI: 0.7091124962897003 F1_MA: 0.7309311584733719 ACC_MI: 0.7091124962897002 F1_MA: 0.7796384451682274
BEST_F1_MI: 0.742653606411398 BEST_F1_MA: 0.7556480285255294 BEST_ACC_MI: 0.742653606411398 BEST_F1_MA: 0.7992758296335107
[[818  49   5  21]
 [450 298  51   5]
 [366  33 347   0]
 [  0   0   0 926]]
Epoch: [79/200], cls_loss: 0.1227, transfer_loss: 0.0001,person_loss: 0.0000, total_Loss: 0.1232
trian begin
trian end
n_person 615
SAMPLE
F1_MI: 0.3831997625408133 F1_MA: 0.45093933251034973 ACC_MI: 0.3831997625408133 F1_MA: 0.5536362707994712
BEST_F1_MI: 0.742653606411398 BEST_F1_MA: 0.7556480285255294 BEST_ACC_MI: 0.742653606411398 BEST_F1_MA: 0.7992758296335107
[[870  18   5   0]
 [584 163  56   1]
 [473  20 253   0]
 [  0 912   9   5]]
Epoch: [80/200], cls_loss: 0.1050, transfer_loss: 0.0001,person_loss: 0.0000, total_Loss: 0.1056
trian begin
trian end
n_person 615
SAMPLE
F1_MI: 0.7527456218462452 F1_MA: 0.7523556697188457 ACC_MI: 0.7527456218462452 F1_MA: 0.7632231133955286
BEST_F1_MI: 0.7527456218462452 BEST_F1_MA: 0.7556480285255294 BEST_ACC_MI: 0.7527456218462452 BEST_F1_MA: 0.7992758296335107
[[776  44  69   4]
 [369 226 208   1]
 [ 99  31 616   0]
 [  0   0   8 918]]
Epoch: [81/200], cls_loss: 0.1293, transfer_loss: 0.0001,person_loss: 0.0000, total_Loss: 0.1300
trian begin
trian end
n_person 615
SAMPLE
F1_MI: 0.7399821905609973 F1_MA: 0.7378284480028718 ACC_MI: 0.7399821905609973 F1_MA: 0.7511198763741289
BEST_F1_MI: 0.7527456218462452 BEST_F1_MA: 0.7556480285255294 BEST_ACC_MI: 0.7527456218462452 BEST_F1_MA: 0.7992758296335107
[[762  69  44  18]
 [298 335 163   8]
 [232  44 470   0]
 [  0   0   0 926]]
Epoch: [82/200], cls_loss: 0.1208, transfer_loss: 0.0001,person_loss: 0.0000, total_Loss: 0.1215
trian begin
trian end
n_person 615
SAMPLE
F1_MI: 0.7132680320569902 F1_MA: 0.7243950889574714 ACC_MI: 0.7132680320569902 F1_MA: 0.7559326809011705
BEST_F1_MI: 0.7527456218462452 BEST_F1_MA: 0.7556480285255294 BEST_ACC_MI: 0.7527456218462452 BEST_F1_MA: 0.7992758296335107
[[810  44  27  12]
 [472 211 115   6]
 [264  23 459   0]
 [  0   0   3 923]]
Epoch: [83/200], cls_loss: 0.1142, transfer_loss: 0.0001,person_loss: 0.0000, total_Loss: 0.1148
trian begin
trian end
n_person 615
SAMPLE
F1_MI: 0.6797269219352924 F1_MA: 0.6845901259439913 ACC_MI: 0.6797269219352924 F1_MA: 0.715583377265945
BEST_F1_MI: 0.7527456218462452 BEST_F1_MA: 0.7556480285255294 BEST_ACC_MI: 0.7527456218462452 BEST_F1_MA: 0.7992758296335107
[[780  81  29   3]
 [367 327 109   1]
 [447  42 257   0]
 [  0   0   0 926]]
Epoch: [84/200], cls_loss: 0.1199, transfer_loss: 0.0001,person_loss: 0.0000, total_Loss: 0.1204
trian begin
trian end
n_person 615
SAMPLE
F1_MI: 0.7171267438409025 F1_MA: 0.7253367847191593 ACC_MI: 0.7171267438409024 F1_MA: 0.752582003398906
BEST_F1_MI: 0.7527456218462452 BEST_F1_MA: 0.7556480285255294 BEST_ACC_MI: 0.7527456218462452 BEST_F1_MA: 0.7992758296335107
[[790  44  53   6]
 [393 238 171   2]
 [269  15 462   0]
 [  0   0   0 926]]
Epoch: [85/200], cls_loss: 0.1171, transfer_loss: 0.0001,person_loss: 0.0000, total_Loss: 0.1176
trian begin
trian end
n_person 615
SAMPLE
F1_MI: 0.7141585040071239 F1_MA: 0.7316224850566582 ACC_MI: 0.7141585040071238 F1_MA: 0.7726988512420266
BEST_F1_MI: 0.7527456218462452 BEST_F1_MA: 0.7556480285255294 BEST_ACC_MI: 0.7527456218462452 BEST_F1_MA: 0.7992758296335107
[[828  38  19   8]
 [454 232 114   4]
 [315  11 420   0]
 [  0   0   0 926]]
Epoch: [86/200], cls_loss: 0.1207, transfer_loss: 0.0001,person_loss: 0.0000, total_Loss: 0.1213
trian begin
trian end
n_person 615
SAMPLE
F1_MI: 0.6645888987830216 F1_MA: 0.6841234418315646 ACC_MI: 0.6645888987830216 F1_MA: 0.7361896684481035
BEST_F1_MI: 0.7527456218462452 BEST_F1_MA: 0.7556480285255294 BEST_ACC_MI: 0.7527456218462452 BEST_F1_MA: 0.7992758296335107
[[833  36  21   3]
 [488 212 102   2]
 [460  18 268   0]
 [  0   0   0 926]]
Epoch: [87/200], cls_loss: 0.1368, transfer_loss: 0.0001,person_loss: 0.0000, total_Loss: 0.1374
trian begin
trian end
n_person 615
SAMPLE
F1_MI: 0.7266251113089938 F1_MA: 0.7283070310036963 ACC_MI: 0.7266251113089938 F1_MA: 0.7479537615945396
BEST_F1_MI: 0.7527456218462452 BEST_F1_MA: 0.7556480285255294 BEST_ACC_MI: 0.7527456218462452 BEST_F1_MA: 0.7992758296335107
[[792  62  34   5]
 [382 277 138   7]
 [249  44 453   0]
 [  0   0   0 926]]
Epoch: [88/200], cls_loss: 0.1103, transfer_loss: 0.0001,person_loss: 0.0000, total_Loss: 0.1109
trian begin
trian end
n_person 615
SAMPLE
F1_MI: 0.6405461561294152 F1_MA: 0.6612994504903458 ACC_MI: 0.6405461561294152 F1_MA: 0.7191865802493622
BEST_F1_MI: 0.7527456218462452 BEST_F1_MA: 0.7556480285255294 BEST_ACC_MI: 0.7527456218462452 BEST_F1_MA: 0.7992758296335107
[[843  30  14   6]
 [542 179  77   6]
 [505  31 210   0]
 [  0   0   0 926]]
Epoch: [89/200], cls_loss: 0.1226, transfer_loss: 0.0001,person_loss: 0.0000, total_Loss: 0.1231
trian begin
trian end
n_person 615
SAMPLE
F1_MI: 0.746809142178688 F1_MA: 0.7636961571554969 ACC_MI: 0.746809142178688 F1_MA: 0.7973288213715936
BEST_F1_MI: 0.7527456218462452 BEST_F1_MA: 0.7636961571554969 BEST_ACC_MI: 0.7527456218462452 BEST_F1_MA: 0.7992758296335107
[[832  31  22   8]
 [555 172  75   2]
 [148  12 586   0]
 [  0   0   0 926]]
Epoch: [90/200], cls_loss: 0.1081, transfer_loss: 0.0001,person_loss: 0.0000, total_Loss: 0.1086
trian begin
trian end
n_person 615
SAMPLE
F1_MI: 0.42119323241317896 F1_MA: 0.4593314251620819 ACC_MI: 0.42119323241317896 F1_MA: 0.5009419608667431
BEST_F1_MI: 0.7527456218462452 BEST_F1_MA: 0.7636961571554969 BEST_ACC_MI: 0.7527456218462452 BEST_F1_MA: 0.7992758296335107
[[855  30   8   0]
 [553 163  87   1]
 [317  33 396   0]
 [  0 569 352   5]]
Epoch: [91/200], cls_loss: 0.1310, transfer_loss: 0.0000,person_loss: 0.0000, total_Loss: 0.1314
trian begin
trian end
n_person 615
SAMPLE
F1_MI: 0.574651231819531 F1_MA: 0.6357925512046585 ACC_MI: 0.574651231819531 F1_MA: 0.7225522051669337
BEST_F1_MI: 0.7527456218462452 BEST_F1_MA: 0.7636961571554969 BEST_ACC_MI: 0.7527456218462452 BEST_F1_MA: 0.7992758296335107
[[848  28  17   0]
 [547 161  96   0]
 [282   5 459   0]
 [347  10 101 468]]
Epoch: [92/200], cls_loss: 0.1100, transfer_loss: 0.0000,person_loss: 0.0000, total_Loss: 0.1105
trian begin
trian end
n_person 615
SAMPLE
F1_MI: 0.6642920747996438 F1_MA: 0.6901713065547945 ACC_MI: 0.6642920747996438 F1_MA: 0.7487327761803766
BEST_F1_MI: 0.7527456218462452 BEST_F1_MA: 0.7636961571554969 BEST_ACC_MI: 0.7527456218462452 BEST_F1_MA: 0.7992758296335107
[[832  20  16  25]
 [528 152  98  26]
 [407  10 328   1]
 [  0   0   0 926]]
Epoch: [93/200], cls_loss: 0.1059, transfer_loss: 0.0000,person_loss: 0.0000, total_Loss: 0.1064
trian begin
trian end
n_person 615
SAMPLE
F1_MI: 0.39477589789254974 F1_MA: 0.47470399353812537 ACC_MI: 0.39477589789254974 F1_MA: 0.5948992510802698
BEST_F1_MI: 0.7527456218462452 BEST_F1_MA: 0.7636961571554969 BEST_ACC_MI: 0.7527456218462452 BEST_F1_MA: 0.7992758296335107
[[835  42  16   0]
 [542 185  77   0]
 [432   8 306   0]
 [  0 917   5   4]]
Epoch: [94/200], cls_loss: 0.1112, transfer_loss: 0.0001,person_loss: 0.0000, total_Loss: 0.1118
trian begin
trian end
n_person 615
SAMPLE
F1_MI: 0.47580884535470463 F1_MA: 0.522741483056765 ACC_MI: 0.47580884535470463 F1_MA: 0.602318157236166
BEST_F1_MI: 0.7527456218462452 BEST_F1_MA: 0.7636961571554969 BEST_ACC_MI: 0.7527456218462452 BEST_F1_MA: 0.7992758296335107
[[865  21   4   3]
 [638 129  33   4]
 [506   9 231   0]
 [ 40  26 482 378]]
Epoch: [95/200], cls_loss: 0.1035, transfer_loss: 0.0001,person_loss: 0.0000, total_Loss: 0.1041
trian begin
trian end
n_person 615
SAMPLE
F1_MI: 0.676165034134758 F1_MA: 0.7036720975148475 ACC_MI: 0.676165034134758 F1_MA: 0.7634794796440669
BEST_F1_MI: 0.7527456218462452 BEST_F1_MA: 0.7636961571554969 BEST_ACC_MI: 0.7527456218462452 BEST_F1_MA: 0.7992758296335107
[[857  15  13   8]
 [562 148  91   3]
 [380  14 352   0]
 [  1   4   0 921]]
Epoch: [96/200], cls_loss: 0.1139, transfer_loss: 0.0001,person_loss: 0.0000, total_Loss: 0.1145
trian begin
trian end
n_person 615
SAMPLE
F1_MI: 0.7067379044226774 F1_MA: 0.7206300002151155 ACC_MI: 0.7067379044226774 F1_MA: 0.7574343484056348
BEST_F1_MI: 0.7527456218462452 BEST_F1_MA: 0.7636961571554969 BEST_ACC_MI: 0.7527456218462452 BEST_F1_MA: 0.7992758296335107
[[824  37  27   5]
 [470 203 126   5]
 [300  18 428   0]
 [  0   0   0 926]]
Epoch: [97/200], cls_loss: 0.1084, transfer_loss: 0.0000,person_loss: 0.0000, total_Loss: 0.1089
trian begin
trian end
n_person 615
SAMPLE
F1_MI: 0.6776491540516474 F1_MA: 0.7014130582412467 ACC_MI: 0.6776491540516474 F1_MA: 0.7564462054648852
BEST_F1_MI: 0.7527456218462452 BEST_F1_MA: 0.7636961571554969 BEST_ACC_MI: 0.7527456218462452 BEST_F1_MA: 0.7992758296335107
[[835  42  16   0]
 [498 233  72   1]
 [427  18 301   0]
 [  5   2   5 914]]
Epoch: [98/200], cls_loss: 0.0994, transfer_loss: 0.0001,person_loss: 0.0000, total_Loss: 0.0999
trian begin
trian end
n_person 615
SAMPLE
F1_MI: 0.42772336004749184 F1_MA: 0.5069222575064635 ACC_MI: 0.42772336004749184 F1_MA: 0.6250621657968536
BEST_F1_MI: 0.7527456218462452 BEST_F1_MA: 0.7636961571554969 BEST_ACC_MI: 0.7527456218462452 BEST_F1_MA: 0.7992758296335107
[[859  23  11   0]
 [557 148  98   1]
 [393   5 348   0]
 [ 56  17 767  86]]
Epoch: [99/200], cls_loss: 0.1112, transfer_loss: 0.0000,person_loss: 0.0000, total_Loss: 0.1116
trian begin
trian end
n_person 615
SAMPLE
F1_MI: 0.684476105669338 F1_MA: 0.694449785275447 ACC_MI: 0.684476105669338 F1_MA: 0.7315803468131992
BEST_F1_MI: 0.7527456218462452 BEST_F1_MA: 0.7636961571554969 BEST_ACC_MI: 0.7527456218462452 BEST_F1_MA: 0.7992758296335107
[[814  53  22   4]
 [406 278 118   2]
 [425  32 289   0]
 [  0   0   1 925]]
Epoch: [100/200], cls_loss: 0.1103, transfer_loss: 0.0000,person_loss: 0.0000, total_Loss: 0.1107
trian begin
trian end
n_person 615
SAMPLE
F1_MI: 0.37934105075690117 F1_MA: 0.45814813168383894 ACC_MI: 0.37934105075690117 F1_MA: 0.5899621395256647
BEST_F1_MI: 0.7527456218462452 BEST_F1_MA: 0.7636961571554969 BEST_ACC_MI: 0.7527456218462452 BEST_F1_MA: 0.7992758296335107
[[859  18  15   1]
 [571 155  75   3]
 [517   6 223   0]
 [  4  10 871  41]]
Epoch: [101/200], cls_loss: 0.0938, transfer_loss: 0.0001,person_loss: 0.0000, total_Loss: 0.0944
trian begin
trian end
n_person 615
SAMPLE
F1_MI: 0.668150786583556 F1_MA: 0.6860125078602335 ACC_MI: 0.668150786583556 F1_MA: 0.7357379179777292
BEST_F1_MI: 0.7527456218462452 BEST_F1_MA: 0.7636961571554969 BEST_ACC_MI: 0.7527456218462452 BEST_F1_MA: 0.7992758296335107
[[824  52   7  10]
 [458 248  87  11]
 [469  24 253   0]
 [  0   0   0 926]]
Epoch: [102/200], cls_loss: 0.1076, transfer_loss: 0.0000,person_loss: 0.0000, total_Loss: 0.1081
trian begin
trian end
n_person 615
SAMPLE
F1_MI: 0.7352330068269516 F1_MA: 0.7415691976524202 ACC_MI: 0.7352330068269516 F1_MA: 0.763329070540426
BEST_F1_MI: 0.7527456218462452 BEST_F1_MA: 0.7636961571554969 BEST_ACC_MI: 0.7527456218462452 BEST_F1_MA: 0.7992758296335107
[[807  43  36   7]
 [420 178 205   1]
 [174   5 567   0]
 [  0   1   0 925]]
Epoch: [103/200], cls_loss: 0.1000, transfer_loss: 0.0001,person_loss: 0.0000, total_Loss: 0.1006
trian begin
trian end
n_person 615
SAMPLE
F1_MI: 0.6883348174532502 F1_MA: 0.7085075331071289 ACC_MI: 0.6883348174532502 F1_MA: 0.7534556795885547
BEST_F1_MI: 0.7527456218462452 BEST_F1_MA: 0.7636961571554969 BEST_ACC_MI: 0.7527456218462452 BEST_F1_MA: 0.7992758296335107
[[844  34  15   0]
 [478 200 125   1]
 [336  12 398   0]
 [ 29   6  14 877]]
Epoch: [104/200], cls_loss: 0.0961, transfer_loss: 0.0000,person_loss: 0.0000, total_Loss: 0.0966
trian begin
trian end
n_person 615
SAMPLE
F1_MI: 0.6901157613535174 F1_MA: 0.7090337099601376 ACC_MI: 0.6901157613535174 F1_MA: 0.755515489095895
BEST_F1_MI: 0.7527456218462452 BEST_F1_MA: 0.7636961571554969 BEST_ACC_MI: 0.7527456218462452 BEST_F1_MA: 0.7992758296335107
[[812  49  14  18]
 [455 255  83  11]
 [395  18 333   0]
 [  0   1   0 925]]
Epoch: [105/200], cls_loss: 0.1072, transfer_loss: 0.0000,person_loss: 0.0000, total_Loss: 0.1077
trian begin
trian end
n_person 615
SAMPLE
F1_MI: 0.44701691896705253 F1_MA: 0.522521485653796 ACC_MI: 0.44701691896705253 F1_MA: 0.6335985551160269
BEST_F1_MI: 0.7527456218462452 BEST_F1_MA: 0.7636961571554969 BEST_ACC_MI: 0.7527456218462452 BEST_F1_MA: 0.7992758296335107
[[865  17   7   4]
 [573 165  62   4]
 [390   9 347   0]
 [163   9 625 129]]
Epoch: [106/200], cls_loss: 0.0873, transfer_loss: 0.0001,person_loss: 0.0000, total_Loss: 0.0878
trian begin
trian end
n_person 615
SAMPLE
F1_MI: 0.7209854556248145 F1_MA: 0.7366694450568073 ACC_MI: 0.7209854556248145 F1_MA: 0.7718010710550333
BEST_F1_MI: 0.7527456218462452 BEST_F1_MA: 0.7636961571554969 BEST_ACC_MI: 0.7527456218462452 BEST_F1_MA: 0.7992758296335107
[[825  25  19  24]
 [481 148 154  21]
 [212   4 530   0]
 [  0   0   0 926]]
Epoch: [107/200], cls_loss: 0.1209, transfer_loss: 0.0000,person_loss: 0.0000, total_Loss: 0.1214
trian begin
trian end
n_person 615
SAMPLE
F1_MI: 0.5084594835262689 F1_MA: 0.5773731550749397 ACC_MI: 0.5084594835262689 F1_MA: 0.6863838131681642
BEST_F1_MI: 0.7527456218462452 BEST_F1_MA: 0.7636961571554969 BEST_ACC_MI: 0.7527456218462452 BEST_F1_MA: 0.7992758296335107
[[856  32   4   1]
 [568 194  40   2]
 [440  10 296   0]
 [360   1 198 367]]
Epoch: [108/200], cls_loss: 0.0947, transfer_loss: 0.0000,person_loss: 0.0000, total_Loss: 0.0952
trian begin
trian end
n_person 615
SAMPLE
F1_MI: 0.46542000593647964 F1_MA: 0.5424058829134455 ACC_MI: 0.46542000593647964 F1_MA: 0.6423387025292613
BEST_F1_MI: 0.7527456218462452 BEST_F1_MA: 0.7636961571554969 BEST_ACC_MI: 0.7527456218462452 BEST_F1_MA: 0.7992758296335107
[[833  29  29   2]
 [553 139 110   2]
 [250   4 492   0]
 [ 72  11 739 104]]
Epoch: [109/200], cls_loss: 0.0932, transfer_loss: 0.0000,person_loss: 0.0000, total_Loss: 0.0937
trian begin
trian end
n_person 615
SAMPLE
F1_MI: 0.6444048679133274 F1_MA: 0.666688094805109 ACC_MI: 0.6444048679133274 F1_MA: 0.7238356080207831
BEST_F1_MI: 0.7527456218462452 BEST_F1_MA: 0.7636961571554969 BEST_ACC_MI: 0.7527456218462452 BEST_F1_MA: 0.7992758296335107
[[826  45  17   5]
 [549 158  94   3]
 [479   5 262   0]
 [  0   1   0 925]]
Epoch: [110/200], cls_loss: 0.0961, transfer_loss: 0.0000,person_loss: 0.0000, total_Loss: 0.0966
trian begin
trian end
n_person 615
SAMPLE
F1_MI: 0.6693380825170674 F1_MA: 0.6897570948829216 ACC_MI: 0.6693380825170674 F1_MA: 0.7363318860504617
BEST_F1_MI: 0.7527456218462452 BEST_F1_MA: 0.7636961571554969 BEST_ACC_MI: 0.7527456218462452 BEST_F1_MA: 0.7992758296335107
[[818  39  33   3]
 [508 179 115   2]
 [362   8 375   1]
 [ 23   4  16 883]]
Epoch: [111/200], cls_loss: 0.0858, transfer_loss: 0.0000,person_loss: 0.0000, total_Loss: 0.0862
trian begin
trian end
n_person 615
SAMPLE
F1_MI: 0.7153457999406352 F1_MA: 0.7191441268777101 ACC_MI: 0.7153457999406352 F1_MA: 0.7387699576307258
BEST_F1_MI: 0.7527456218462452 BEST_F1_MA: 0.7636961571554969 BEST_ACC_MI: 0.7527456218462452 BEST_F1_MA: 0.7992758296335107
[[760  54  76   3]
 [388 201 211   4]
 [213  10 523   0]
 [  0   0   0 926]]
Epoch: [112/200], cls_loss: 0.0940, transfer_loss: 0.0000,person_loss: 0.0000, total_Loss: 0.0944
trian begin
trian end
n_person 615
SAMPLE
F1_MI: 0.6776491540516474 F1_MA: 0.6995948331839349 ACC_MI: 0.6776491540516474 F1_MA: 0.7504707340970106
BEST_F1_MI: 0.7527456218462452 BEST_F1_MA: 0.7636961571554969 BEST_ACC_MI: 0.7527456218462452 BEST_F1_MA: 0.7992758296335107
[[826  35  22  10]
 [529 166 107   2]
 [374   7 365   0]
 [  0   0   0 926]]
Epoch: [113/200], cls_loss: 0.1001, transfer_loss: 0.0001,person_loss: 0.0000, total_Loss: 0.1006
trian begin
trian end
n_person 615
SAMPLE
F1_MI: 0.682398337785693 F1_MA: 0.6905924001470054 ACC_MI: 0.682398337785693 F1_MA: 0.7221125764111792
BEST_F1_MI: 0.7527456218462452 BEST_F1_MA: 0.7636961571554969 BEST_ACC_MI: 0.7527456218462452 BEST_F1_MA: 0.7992758296335107
[[784  57  49   3]
 [434 227 142   1]
 [357  22 367   0]
 [  3   1   1 921]]
Epoch: [114/200], cls_loss: 0.0869, transfer_loss: 0.0000,person_loss: 0.0000, total_Loss: 0.0874
trian begin
trian end
n_person 615
SAMPLE
F1_MI: 0.647373107747106 F1_MA: 0.6660380470318139 ACC_MI: 0.647373107747106 F1_MA: 0.7164164736095898
BEST_F1_MI: 0.7527456218462452 BEST_F1_MA: 0.7636961571554969 BEST_ACC_MI: 0.7527456218462452 BEST_F1_MA: 0.7992758296335107
[[840  31  20   2]
 [523 178 102   1]
 [463  10 273   0]
 [  0  20  16 890]]
Epoch: [115/200], cls_loss: 0.0941, transfer_loss: 0.0000,person_loss: 0.0000, total_Loss: 0.0946
trian begin
trian end
n_person 615
SAMPLE
F1_MI: 0.3915108340753933 F1_MA: 0.4639917494915123 ACC_MI: 0.3915108340753933 F1_MA: 0.5742201217122123
BEST_F1_MI: 0.7527456218462452 BEST_F1_MA: 0.7636961571554969 BEST_ACC_MI: 0.7527456218462452 BEST_F1_MA: 0.7992758296335107
[[853  33   7   0]
 [543 190  70   1]
 [469  18 259   0]
 [  8  38 863  17]]
Epoch: [116/200], cls_loss: 0.1000, transfer_loss: 0.0000,person_loss: 0.0000, total_Loss: 0.1005
trian begin
trian end
n_person 615
SAMPLE
F1_MI: 0.6945681211041852 F1_MA: 0.7110627136643508 ACC_MI: 0.6945681211041852 F1_MA: 0.7515622673147898
BEST_F1_MI: 0.7527456218462452 BEST_F1_MA: 0.7636961571554969 BEST_ACC_MI: 0.7527456218462452 BEST_F1_MA: 0.7992758296335107
[[817  34  33   9]
 [476 169 150   9]
 [314   4 428   0]
 [  0   0   0 926]]
Epoch: [117/200], cls_loss: 0.0880, transfer_loss: 0.0001,person_loss: 0.0000, total_Loss: 0.0885
trian begin
trian end
n_person 615
SAMPLE
F1_MI: 0.6604333630157316 F1_MA: 0.6900002323323736 ACC_MI: 0.6604333630157316 F1_MA: 0.7535158834391571
BEST_F1_MI: 0.7527456218462452 BEST_F1_MA: 0.7636961571554969 BEST_ACC_MI: 0.7527456218462452 BEST_F1_MA: 0.7992758296335107
[[825  34  27   7]
 [529 202  64   9]
 [446   6 294   0]
 [ 13   3   6 904]]
Epoch: [118/200], cls_loss: 0.0840, transfer_loss: 0.0000,person_loss: 0.0000, total_Loss: 0.0844
trian begin
trian end
n_person 615
SAMPLE
F1_MI: 0.39032353814188187 F1_MA: 0.4335909897450216 ACC_MI: 0.39032353814188187 F1_MA: 0.4884628868648917
BEST_F1_MI: 0.7527456218462452 BEST_F1_MA: 0.7636961571554969 BEST_ACC_MI: 0.7527456218462452 BEST_F1_MA: 0.7992758296335107
[[862  15  16   0]
 [609 135  59   1]
 [426   3 317   0]
 [  6  26 893   1]]
Epoch: [119/200], cls_loss: 0.0891, transfer_loss: 0.0000,person_loss: 0.0000, total_Loss: 0.0894
trian begin
trian end
n_person 615
SAMPLE
F1_MI: 0.566340160284951 F1_MA: 0.6187079629864048 ACC_MI: 0.566340160284951 F1_MA: 0.6802620155544021
BEST_F1_MI: 0.7527456218462452 BEST_F1_MA: 0.7636961571554969 BEST_ACC_MI: 0.7527456218462452 BEST_F1_MA: 0.7992758296335107
[[785  63  45   0]
 [463 224 116   1]
 [194  11 541   0]
 [348  33 187 358]]
Epoch: [120/200], cls_loss: 0.0785, transfer_loss: 0.0000,person_loss: 0.0000, total_Loss: 0.0790
trian begin
trian end
n_person 615
SAMPLE
F1_MI: 0.4615612941525676 F1_MA: 0.524952464828889 ACC_MI: 0.4615612941525675 F1_MA: 0.5955880885955211
BEST_F1_MI: 0.7527456218462452 BEST_F1_MA: 0.7636961571554969 BEST_ACC_MI: 0.7527456218462452 BEST_F1_MA: 0.7992758296335107
[[801  51  40   1]
 [458 224 119   3]
 [237  13 496   0]
 [  3  76 813  34]]
Epoch: [121/200], cls_loss: 0.0675, transfer_loss: 0.0001,person_loss: 0.0000, total_Loss: 0.0680
trian begin
trian end
n_person 615
SAMPLE
F1_MI: 0.41199168892846544 F1_MA: 0.48291756474727093 ACC_MI: 0.41199168892846544 F1_MA: 0.5834582228048071
BEST_F1_MI: 0.7527456218462452 BEST_F1_MA: 0.7636961571554969 BEST_ACC_MI: 0.7527456218462452 BEST_F1_MA: 0.7992758296335107
[[827  45  18   3]
 [542 182  77   3]
 [409   7 330   0]
 [ 27  18 832  49]]
Epoch: [122/200], cls_loss: 0.0921, transfer_loss: 0.0000,person_loss: 0.0000, total_Loss: 0.0926
trian begin
trian end
n_person 615
SAMPLE
F1_MI: 0.6737904422677352 F1_MA: 0.7071016563957371 ACC_MI: 0.6737904422677352 F1_MA: 0.7754953144866832
BEST_F1_MI: 0.7527456218462452 BEST_F1_MA: 0.7636961571554969 BEST_ACC_MI: 0.7527456218462452 BEST_F1_MA: 0.7992758296335107
[[835  45  11   2]
 [571 188  43   2]
 [421   4 321   0]
 [  0   0   0 926]]
Epoch: [123/200], cls_loss: 0.0895, transfer_loss: 0.0000,person_loss: 0.0000, total_Loss: 0.0899
trian begin
trian end
n_person 615
SAMPLE
F1_MI: 0.6818046898189374 F1_MA: 0.6910779991687359 ACC_MI: 0.6818046898189374 F1_MA: 0.7231485144353537
BEST_F1_MI: 0.7527456218462452 BEST_F1_MA: 0.7636961571554969 BEST_ACC_MI: 0.7527456218462452 BEST_F1_MA: 0.7992758296335107
[[788  56  46   3]
 [445 200 150   9]
 [343  11 392   0]
 [  4   2   3 917]]
Epoch: [124/200], cls_loss: 0.0830, transfer_loss: 0.0000,person_loss: 0.0000, total_Loss: 0.0834
trian begin
trian end
n_person 615
SAMPLE
F1_MI: 0.6734936182843574 F1_MA: 0.6854872823291757 ACC_MI: 0.6734936182843574 F1_MA: 0.7231856907551681
BEST_F1_MI: 0.7527456218462452 BEST_F1_MA: 0.7636961571554969 BEST_ACC_MI: 0.7527456218462452 BEST_F1_MA: 0.7992758296335107
[[789  68  31   5]
 [473 221 103   7]
 [388  20 338   0]
 [  3   0   2 921]]
Epoch: [125/200], cls_loss: 0.0680, transfer_loss: 0.0000,person_loss: 0.0000, total_Loss: 0.0685
trian begin
trian end
n_person 615
SAMPLE
F1_MI: 0.3823092905906797 F1_MA: 0.44652306513656675 ACC_MI: 0.38230929059067975 F1_MA: 0.5424843408712335
BEST_F1_MI: 0.7527456218462452 BEST_F1_MA: 0.7636961571554969 BEST_ACC_MI: 0.7527456218462452 BEST_F1_MA: 0.7992758296335107
[[857  24  12   0]
 [626 132  45   1]
 [469   5 272   0]
 [ 23  89 787  27]]
Epoch: [126/200], cls_loss: 0.0791, transfer_loss: 0.0000,person_loss: 0.0000, total_Loss: 0.0795
trian begin
trian end
n_person 615
SAMPLE
F1_MI: 0.6568714752151974 F1_MA: 0.686268499615903 ACC_MI: 0.6568714752151974 F1_MA: 0.7496342286603439
BEST_F1_MI: 0.7527456218462452 BEST_F1_MA: 0.7636961571554969 BEST_ACC_MI: 0.7527456218462452 BEST_F1_MA: 0.7992758296335107
[[839  35  18   1]
 [603 141  58   2]
 [413   8 325   0]
 [  6   1  11 908]]
Epoch: [127/200], cls_loss: 0.0610, transfer_loss: 0.0000,person_loss: 0.0000, total_Loss: 0.0615
trian begin
trian end
n_person 615
SAMPLE
F1_MI: 0.6924903532205402 F1_MA: 0.7079420704079745 ACC_MI: 0.6924903532205402 F1_MA: 0.7491360452952203
BEST_F1_MI: 0.7527456218462452 BEST_F1_MA: 0.7636961571554969 BEST_ACC_MI: 0.7527456218462452 BEST_F1_MA: 0.7992758296335107
[[814  50  23   6]
 [445 233 120   6]
 [375  10 361   0]
 [  1   0   0 925]]
Epoch: [128/200], cls_loss: 0.0917, transfer_loss: 0.0000,person_loss: 0.0000, total_Loss: 0.0922
trian begin
trian end
n_person 615
SAMPLE
F1_MI: 0.6568714752151974 F1_MA: 0.6755687969085915 ACC_MI: 0.6568714752151974 F1_MA: 0.7278328648470583
BEST_F1_MI: 0.7527456218462452 BEST_F1_MA: 0.7636961571554969 BEST_ACC_MI: 0.7527456218462452 BEST_F1_MA: 0.7992758296335107
[[824  51  14   4]
 [474 229  98   3]
 [500  12 234   0]
 [  0   0   0 926]]
Epoch: [129/200], cls_loss: 0.0948, transfer_loss: 0.0000,person_loss: 0.0000, total_Loss: 0.0953
trian begin
trian end
n_person 615
SAMPLE
F1_MI: 0.4680914217868804 F1_MA: 0.5413688134530209 ACC_MI: 0.4680914217868804 F1_MA: 0.6396824416921516
BEST_F1_MI: 0.7527456218462452 BEST_F1_MA: 0.7636961571554969 BEST_ACC_MI: 0.7527456218462452 BEST_F1_MA: 0.7992758296335107
[[796  46  50   1]
 [370 227 207   0]
 [320  23 403   0]
 [ 11   7 757 151]]
Epoch: [130/200], cls_loss: 0.0825, transfer_loss: 0.0000,person_loss: 0.0000, total_Loss: 0.0829
trian begin
trian end
n_person 615
SAMPLE
F1_MI: 0.7171267438409025 F1_MA: 0.7353524864529525 ACC_MI: 0.7171267438409024 F1_MA: 0.775506021773377
BEST_F1_MI: 0.7527456218462452 BEST_F1_MA: 0.7636961571554969 BEST_ACC_MI: 0.7527456218462452 BEST_F1_MA: 0.7992758296335107
[[833  32  25   3]
 [470 199 119  16]
 [274   5 467   0]
 [  0   1   8 917]]
Epoch: [131/200], cls_loss: 0.0712, transfer_loss: 0.0000,person_loss: 0.0000, total_Loss: 0.0716
trian begin
trian end
n_person 615
SAMPLE
F1_MI: 0.6880379934698724 F1_MA: 0.7058943718830518 ACC_MI: 0.6880379934698724 F1_MA: 0.7508877267776697
BEST_F1_MI: 0.7527456218462452 BEST_F1_MA: 0.7636961571554969 BEST_ACC_MI: 0.7527456218462452 BEST_F1_MA: 0.7992758296335107
[[812  53  13  15]
 [455 236  86  27]
 [387  13 344   2]
 [  0   0   0 926]]
Epoch: [132/200], cls_loss: 0.0626, transfer_loss: 0.0000,person_loss: 0.0000, total_Loss: 0.0630
trian begin
trian end
n_person 615
SAMPLE
F1_MI: 0.404571089344019 F1_MA: 0.47086012469597566 ACC_MI: 0.404571089344019 F1_MA: 0.5680130827537508
BEST_F1_MI: 0.7527456218462452 BEST_F1_MA: 0.7636961571554969 BEST_ACC_MI: 0.7527456218462452 BEST_F1_MA: 0.7992758296335107
[[826  44  22   1]
 [488 210 101   5]
 [475   6 265   0]
 [ 19  49 796  62]]
Epoch: [133/200], cls_loss: 0.0853, transfer_loss: 0.0000,person_loss: 0.0000, total_Loss: 0.0857
trian begin
trian end
n_person 615
SAMPLE
F1_MI: 0.6963490650044524 F1_MA: 0.7062717211972354 ACC_MI: 0.6963490650044524 F1_MA: 0.7389130666614092
BEST_F1_MI: 0.7527456218462452 BEST_F1_MA: 0.7636961571554969 BEST_ACC_MI: 0.7527456218462452 BEST_F1_MA: 0.7992758296335107
[[820  49  22   2]
 [460 189 147   8]
 [314  15 416   1]
 [  3   1   1 921]]
Epoch: [134/200], cls_loss: 0.0771, transfer_loss: 0.0000,person_loss: 0.0000, total_Loss: 0.0775
trian begin
trian end
n_person 615
SAMPLE
F1_MI: 0.6271890768774117 F1_MA: 0.646985291964068 ACC_MI: 0.6271890768774117 F1_MA: 0.704582358521535
BEST_F1_MI: 0.7527456218462452 BEST_F1_MA: 0.7636961571554969 BEST_ACC_MI: 0.7527456218462452 BEST_F1_MA: 0.7992758296335107
[[829  41   4  19]
 [514 172  90  28]
 [543  13 189   1]
 [  3   0   0 923]]
Epoch: [135/200], cls_loss: 0.0793, transfer_loss: 0.0000,person_loss: 0.0000, total_Loss: 0.0797
trian begin
trian end
n_person 615
SAMPLE
F1_MI: 0.6601365390323538 F1_MA: 0.6830839288479973 ACC_MI: 0.6601365390323538 F1_MA: 0.7375656326195829
BEST_F1_MI: 0.7527456218462452 BEST_F1_MA: 0.7636961571554969 BEST_ACC_MI: 0.7527456218462452 BEST_F1_MA: 0.7992758296335107
[[824  35  17  17]
 [544 142  95  23]
 [409   5 332   0]
 [  0   0   0 926]]
Epoch: [136/200], cls_loss: 0.0778, transfer_loss: 0.0000,person_loss: 0.0000, total_Loss: 0.0782
trian begin
trian end
n_person 615
SAMPLE
F1_MI: 0.6340160284951024 F1_MA: 0.6545243250841954 ACC_MI: 0.6340160284951024 F1_MA: 0.7136441401886767
BEST_F1_MI: 0.7527456218462452 BEST_F1_MA: 0.7636961571554969 BEST_ACC_MI: 0.7527456218462452 BEST_F1_MA: 0.7992758296335107
[[825  56   4   8]
 [475 237  72  20]
 [586   9 151   0]
 [  2   0   1 923]]
Epoch: [137/200], cls_loss: 0.0695, transfer_loss: 0.0001,person_loss: 0.0000, total_Loss: 0.0700
trian begin
trian end
n_person 615
SAMPLE
F1_MI: 0.4624517661027011 F1_MA: 0.5314637521551098 ACC_MI: 0.4624517661027011 F1_MA: 0.6251523596034254
BEST_F1_MI: 0.7527456218462452 BEST_F1_MA: 0.7636961571554969 BEST_ACC_MI: 0.7527456218462452 BEST_F1_MA: 0.7992758296335107
[[794  65  32   2]
 [360 268 170   6]
 [383  15 348   0]
 [513  21 244 148]]
Epoch: [138/200], cls_loss: 0.0740, transfer_loss: 0.0000,person_loss: 0.0000, total_Loss: 0.0745
trian begin
trian end
n_person 615
SAMPLE
F1_MI: 0.668150786583556 F1_MA: 0.6832247482672851 ACC_MI: 0.668150786583556 F1_MA: 0.7282855876227468
BEST_F1_MI: 0.7527456218462452 BEST_F1_MA: 0.7636961571554969 BEST_ACC_MI: 0.7527456218462452 BEST_F1_MA: 0.7992758296335107
[[831  45  13   4]
 [459 203 138   4]
 [442  11 293   0]
 [  1   0   1 924]]
Epoch: [139/200], cls_loss: 0.0629, transfer_loss: 0.0000,person_loss: 0.0000, total_Loss: 0.0633
trian begin
trian end
n_person 615
SAMPLE
F1_MI: 0.670228554467201 F1_MA: 0.6837952155236653 ACC_MI: 0.670228554467201 F1_MA: 0.7229046419091245
BEST_F1_MI: 0.7527456218462452 BEST_F1_MA: 0.7636961571554969 BEST_ACC_MI: 0.7527456218462452 BEST_F1_MA: 0.7992758296335107
[[818  50  20   5]
 [461 200 136   7]
 [386  11 349   0]
 [ 13   7  15 891]]
Epoch: [140/200], cls_loss: 0.0837, transfer_loss: 0.0000,person_loss: 0.0000, total_Loss: 0.0842
[[832  31  22   8]
 [555 172  75   2]
 [148  12 586   0]
 [  0   0   0 926]]
[[832  31  22   8]
 [555 172  75   2]
 [148  12 586   0]
 [  0   0   0 926]]
WHAT: False
{'best_f1': 0.7636961571554969, 'best_matrix': [[832, 31, 22, 8], [555, 172, 75, 2], [148, 12, 586, 0], [0, 0, 0, 926]], 'args': 0.1}
{"best_f1": 0.7636961571554969, "best_matrix": [[832, 31, 22, 8], [555, 172, 75, 2], [148, 12, 586, 0], [0, 0, 0, 926]], "args": 0.1}
ARG: Namespace(backbone='resnet50', batch_size=32, config='DeepCoral/DeepCoral.yaml', data_dir='data', device=device(type='cuda'), early_stop=50, epoch_based_training=False, lr=0.003, lr_decay=0.75, lr_gamma=0.0003, lr_scheduler=True, max_iter=21000, method='False', momentum=0.9, myweight=0.1, n_class=4, n_epoch=200, n_iter_per_epoch=105, num_workers=3, seed=3, src_domain='PAMAP2', tgt_domain='UCI', tname='transfer', transfer_loss='coral', transfer_loss_weight=10.0, use_bottleneck=True, weight_decay=0.0005)
