mmd 3 PAMAP2 UCI DAN/DAN.yaml False
Namespace(backbone='resnet50', batch_size=32, config='DAN/DAN.yaml', data_dir='data', device=device(type='cuda'), early_stop=50, epoch_based_training=False, lr=0.003, lr_decay=0.75, lr_gamma=0.0003, lr_scheduler=True, method='False', momentum=0.9, myweight=0.1, n_epoch=200, n_iter_per_epoch=100, num_workers=3, seed=3, src_domain='PAMAP2', tgt_domain='UCI', tname='transfer', transfer_loss='mmd', transfer_loss_weight=0.5, use_bottleneck=True, weight_decay=0.0005)
JUST DO IT
run my Parkinson code
transfer
TRAIN Length: 4725 360 TEST Length: 3369 615
YYY: 0 3
DATA_PROFILE   train: 4725 train2: 3369 test: 3369
DATASET.SHAPE: <data_loader.GetTrainLoader object at 0x7fe3bb4bee80> True
DATASET.SHAPE: <data_loader.GetTrainLoader object at 0x7fe3c33d3390> True
DATASET.SHAPE: <data_loader.GetTestLoader object at 0x7fe3bb458f60> False
CLASS: 4 615
LLL: {}
BOTTLENECK_LIST: [Linear(in_features=512, out_features=256, bias=True), ReLU()]
TYPE: {'loss_type': 'mmd', 'max_iter': 21000, 'num_class': 4, 'my_person_item': <my_person_item.PersonItem object at 0x7fe4745f1128>}
initial_lr 1.0
transfer_world
method False <class 'str'>
1.10.1+cu102
True
LEN: 0 0
LOADER: <data_loader.InfiniteDataLoader object at 0x7fe3c33d3198> <data_loader.InfiniteDataLoader object at 0x7fe3bb458e80>
N_batch: 105
trian begin
trian end
n_person 615
SAMPLE
F1_MI: 0.5618878005342832 F1_MA: 0.5620909744914587 ACC_MI: 0.5618878005342832 F1_MA: 0.6033333046862042
BEST_F1_MI: 0.5618878005342832 BEST_F1_MA: 0.5620909744914587 BEST_ACC_MI: 0.5618878005342832 BEST_F1_MA: 0.6033333046862042
[[794  95   0   4]
 [626 171   2   5]
 [698  46   2   0]
 [  0   0   0 926]]
Epoch: [ 1/200], cls_loss: 0.8271, transfer_loss: 0.0904,person_loss: 0.0000, total_Loss: 0.8723
trian begin
trian end
n_person 615
SAMPLE
F1_MI: 0.6150192935589196 F1_MA: 0.62441564001831 ACC_MI: 0.6150192935589196 F1_MA: 0.6669692182141297
BEST_F1_MI: 0.6150192935589196 BEST_F1_MA: 0.62441564001831 BEST_ACC_MI: 0.6150192935589196 BEST_F1_MA: 0.6669692182141297
[[761  84  36  12]
 [561 211  25   7]
 [462 110 174   0]
 [  0   0   0 926]]
Epoch: [ 2/200], cls_loss: 0.5791, transfer_loss: 0.0702,person_loss: 0.0000, total_Loss: 0.6142
trian begin
trian end
n_person 615
SAMPLE
F1_MI: 0.6295636687444346 F1_MA: 0.5864147211743386 ACC_MI: 0.6295636687444346 F1_MA: 0.572533763181077
BEST_F1_MI: 0.6295636687444346 BEST_F1_MA: 0.62441564001831 BEST_ACC_MI: 0.6295636687444346 BEST_F1_MA: 0.6669692182141297
[[670 175   5  43]
 [238 518   7  41]
 [252 464   7  23]
 [  0   0   0 926]]
Epoch: [ 3/200], cls_loss: 0.4680, transfer_loss: 0.0768,person_loss: 0.0000, total_Loss: 0.5064
trian begin
trian end
n_person 615
SAMPLE
F1_MI: 0.4977738201246661 F1_MA: 0.4908927597802186 ACC_MI: 0.4977738201246661 F1_MA: 0.5198996918386172
BEST_F1_MI: 0.6295636687444346 BEST_F1_MA: 0.62441564001831 BEST_ACC_MI: 0.6295636687444346 BEST_F1_MA: 0.6669692182141297
[[659   3 229   2]
 [482  18 296   8]
 [662   9  75   0]
 [  0   0   1 925]]
Epoch: [ 4/200], cls_loss: 0.4258, transfer_loss: 0.0557,person_loss: 0.0000, total_Loss: 0.4537
trian begin
trian end
n_person 615
SAMPLE
F1_MI: 0.5556544968833482 F1_MA: 0.5296980886607006 ACC_MI: 0.5556544968833482 F1_MA: 0.5415466875385992
BEST_F1_MI: 0.6295636687444346 BEST_F1_MA: 0.62441564001831 BEST_ACC_MI: 0.6295636687444346 BEST_F1_MA: 0.6669692182141297
[[834   8  12  39]
 [599 110  48  47]
 [730  14   2   0]
 [  0   0   0 926]]
Epoch: [ 5/200], cls_loss: 0.3891, transfer_loss: 0.0653,person_loss: 0.0000, total_Loss: 0.4217
trian begin
trian end
n_person 615
SAMPLE
F1_MI: 0.5669338082517067 F1_MA: 0.5501531913744879 ACC_MI: 0.5669338082517067 F1_MA: 0.5646548348322306
BEST_F1_MI: 0.6295636687444346 BEST_F1_MA: 0.62441564001831 BEST_ACC_MI: 0.6295636687444346 BEST_F1_MA: 0.6669692182141297
[[672  73  79  69]
 [415 261  52  76]
 [671  22  51   2]
 [  0   0   0 926]]
Epoch: [ 6/200], cls_loss: 0.3428, transfer_loss: 0.0579,person_loss: 0.0000, total_Loss: 0.3717
trian begin
trian end
n_person 615
SAMPLE
F1_MI: 0.5565449688334817 F1_MA: 0.534096816744627 ACC_MI: 0.5565449688334817 F1_MA: 0.5465004109427413
BEST_F1_MI: 0.6295636687444346 BEST_F1_MA: 0.62441564001831 BEST_ACC_MI: 0.6295636687444346 BEST_F1_MA: 0.6669692182141297
[[788  39  57   9]
 [570 182  39  13]
 [722  13  11   0]
 [  0  10  22 894]]
Epoch: [ 7/200], cls_loss: 0.3437, transfer_loss: 0.0833,person_loss: 0.0000, total_Loss: 0.3854
trian begin
trian end
n_person 615
SAMPLE
F1_MI: 0.5758385277530425 F1_MA: 0.5743545225413733 ACC_MI: 0.5758385277530425 F1_MA: 0.6132452699296609
BEST_F1_MI: 0.6295636687444346 BEST_F1_MA: 0.62441564001831 BEST_ACC_MI: 0.6295636687444346 BEST_F1_MA: 0.6669692182141297
[[846  17  10  20]
 [572 150  76   6]
 [717   2  27   0]
 [  0   8   1 917]]
Epoch: [ 8/200], cls_loss: 0.2940, transfer_loss: 0.0852,person_loss: 0.0000, total_Loss: 0.3366
trian begin
trian end
n_person 615
SAMPLE
F1_MI: 0.5571386168002375 F1_MA: 0.5517281944598023 ACC_MI: 0.5571386168002375 F1_MA: 0.5854306830326763
BEST_F1_MI: 0.6295636687444346 BEST_F1_MA: 0.62441564001831 BEST_ACC_MI: 0.6295636687444346 BEST_F1_MA: 0.6669692182141297
[[810  12  33  38]
 [563  96  94  51]
 [685  16  45   0]
 [  0   0   0 926]]
Epoch: [ 9/200], cls_loss: 0.3336, transfer_loss: 0.0654,person_loss: 0.0000, total_Loss: 0.3663
trian begin
trian end
n_person 615
SAMPLE
F1_MI: 0.6283763728109231 F1_MA: 0.6137746471655852 ACC_MI: 0.6283763728109231 F1_MA: 0.6303463950783812
BEST_F1_MI: 0.6295636687444346 BEST_F1_MA: 0.62441564001831 BEST_ACC_MI: 0.6295636687444346 BEST_F1_MA: 0.6669692182141297
[[814  20  33  26]
 [482 258  26  38]
 [232 393 120   1]
 [  0   1   0 925]]
Epoch: [10/200], cls_loss: 0.2855, transfer_loss: 0.0769,person_loss: 0.0000, total_Loss: 0.3240
trian begin
trian end
n_person 615
SAMPLE
F1_MI: 0.6242208370436332 F1_MA: 0.6033139439317524 ACC_MI: 0.6242208370436332 F1_MA: 0.6137931584342186
BEST_F1_MI: 0.6295636687444346 BEST_F1_MA: 0.62441564001831 BEST_ACC_MI: 0.6295636687444346 BEST_F1_MA: 0.6669692182141297
[[798  50   1  44]
 [361 299  45  99]
 [182 484  80   0]
 [  0   0   0 926]]
Epoch: [11/200], cls_loss: 0.2970, transfer_loss: 0.0724,person_loss: 0.0000, total_Loss: 0.3333
trian begin
trian end
n_person 615
SAMPLE
F1_MI: 0.6506381715642624 F1_MA: 0.691001951534995 ACC_MI: 0.6506381715642624 F1_MA: 0.7732951161228664
BEST_F1_MI: 0.6506381715642624 BEST_F1_MA: 0.691001951534995 BEST_ACC_MI: 0.6506381715642624 BEST_F1_MA: 0.7732951161228664
[[840   6   7  40]
 [559 140  70  35]
 [455   5 286   0]
 [  0   0   0 926]]
Epoch: [12/200], cls_loss: 0.2595, transfer_loss: 0.0635,person_loss: 0.0000, total_Loss: 0.2913
trian begin
trian end
n_person 615
SAMPLE
F1_MI: 0.669931730483823 F1_MA: 0.6619876051215015 ACC_MI: 0.669931730483823 F1_MA: 0.6800183590078057
BEST_F1_MI: 0.669931730483823 BEST_F1_MA: 0.691001951534995 BEST_ACC_MI: 0.669931730483823 BEST_F1_MA: 0.7732951161228664
[[840  14  20  19]
 [428 202 159  15]
 [345 111 290   0]
 [  0   0   1 925]]
Epoch: [13/200], cls_loss: 0.2720, transfer_loss: 0.0552,person_loss: 0.0000, total_Loss: 0.2996
trian begin
trian end
n_person 615
SAMPLE
F1_MI: 0.42267735233006826 F1_MA: 0.46675020810711804 ACC_MI: 0.42267735233006826 F1_MA: 0.5210393566123809
BEST_F1_MI: 0.669931730483823 BEST_F1_MA: 0.691001951534995 BEST_ACC_MI: 0.669931730483823 BEST_F1_MA: 0.7732951161228664
[[861  11  12   9]
 [530 174  87  13]
 [388  12 346   0]
 [  0 883   0  43]]
Epoch: [14/200], cls_loss: 0.2640, transfer_loss: 0.0776,person_loss: 0.0000, total_Loss: 0.3028
trian begin
trian end
n_person 615
SAMPLE
F1_MI: 0.636984268328881 F1_MA: 0.6301400654547645 ACC_MI: 0.636984268328881 F1_MA: 0.6481885447202539
BEST_F1_MI: 0.669931730483823 BEST_F1_MA: 0.691001951534995 BEST_ACC_MI: 0.669931730483823 BEST_F1_MA: 0.7732951161228664
[[747  40  33  73]
 [331 189 204  80]
 [417  45 284   0]
 [  0   0   0 926]]
Epoch: [15/200], cls_loss: 0.2629, transfer_loss: 0.0689,person_loss: 0.0000, total_Loss: 0.2973
trian begin
trian end
n_person 615
SAMPLE
F1_MI: 0.41525675274562185 F1_MA: 0.48509696179852724 ACC_MI: 0.41525675274562185 F1_MA: 0.5989137795648302
BEST_F1_MI: 0.669931730483823 BEST_F1_MA: 0.691001951534995 BEST_ACC_MI: 0.669931730483823 BEST_F1_MA: 0.7732951161228664
[[811   6  49  27]
 [570 134  97   3]
 [480  15 251   0]
 [  0   0 723 203]]
Epoch: [16/200], cls_loss: 0.2456, transfer_loss: 0.0667,person_loss: 0.0000, total_Loss: 0.2789
trian begin
trian end
n_person 615
SAMPLE
F1_MI: 0.40813297714455327 F1_MA: 0.43105129376550616 ACC_MI: 0.40813297714455327 F1_MA: 0.45732936946970265
BEST_F1_MI: 0.669931730483823 BEST_F1_MA: 0.691001951534995 BEST_ACC_MI: 0.669931730483823 BEST_F1_MA: 0.7732951161228664
[[840  12  13  28]
 [529 196  58  21]
 [371  68 307   0]
 [  0   0 894  32]]
Epoch: [17/200], cls_loss: 0.2677, transfer_loss: 0.0729,person_loss: 0.0000, total_Loss: 0.3042
trian begin
trian end
n_person 615
SAMPLE
F1_MI: 0.7331552389433067 F1_MA: 0.754135875436545 ACC_MI: 0.7331552389433066 F1_MA: 0.7940451950762153
BEST_F1_MI: 0.7331552389433067 BEST_F1_MA: 0.754135875436545 BEST_ACC_MI: 0.7331552389433066 BEST_F1_MA: 0.7940451950762153
[[836  11  15  31]
 [446 143 174  41]
 [178   0 568   0]
 [  0   0   3 923]]
Epoch: [18/200], cls_loss: 0.2848, transfer_loss: 0.0581,person_loss: 0.0000, total_Loss: 0.3138
trian begin
trian end
n_person 615
SAMPLE
F1_MI: 0.4725437815375482 F1_MA: 0.5521632990292094 ACC_MI: 0.4725437815375482 F1_MA: 0.6477267982678069
BEST_F1_MI: 0.7331552389433067 BEST_F1_MA: 0.754135875436545 BEST_ACC_MI: 0.7331552389433066 BEST_F1_MA: 0.7940451950762153
[[883   2   8   0]
 [629 142  33   0]
 [145  37 564   0]
 [  0 921   2   3]]
Epoch: [19/200], cls_loss: 0.2745, transfer_loss: 0.0595,person_loss: 0.0000, total_Loss: 0.3042
trian begin
trian end
n_person 615
SAMPLE
F1_MI: 0.5957257346393589 F1_MA: 0.6156543088106825 ACC_MI: 0.5957257346393589 F1_MA: 0.6754188977434794
BEST_F1_MI: 0.7331552389433067 BEST_F1_MA: 0.754135875436545 BEST_ACC_MI: 0.7331552389433066 BEST_F1_MA: 0.7940451950762153
[[816  14  20  43]
 [528  68 120  88]
 [547   2 197   0]
 [  0   0   0 926]]
Epoch: [20/200], cls_loss: 0.2551, transfer_loss: 0.0783,person_loss: 0.0000, total_Loss: 0.2943
trian begin
trian end
n_person 615
SAMPLE
F1_MI: 0.6898189373701396 F1_MA: 0.7418773219146486 ACC_MI: 0.6898189373701396 F1_MA: 0.8317613174956553
BEST_F1_MI: 0.7331552389433067 BEST_F1_MA: 0.754135875436545 BEST_ACC_MI: 0.7331552389433066 BEST_F1_MA: 0.8317613174956553
[[853   2   0  38]
 [663  82   5  54]
 [281   1 464   0]
 [  0   1   0 925]]
Epoch: [21/200], cls_loss: 0.2600, transfer_loss: 0.0654,person_loss: 0.0000, total_Loss: 0.2927
trian begin
trian end
n_person 615
SAMPLE
F1_MI: 0.6200653012763432 F1_MA: 0.6755589272525112 ACC_MI: 0.6200653012763432 F1_MA: 0.7919550655134224
BEST_F1_MI: 0.7331552389433067 BEST_F1_MA: 0.754135875436545 BEST_ACC_MI: 0.7331552389433066 BEST_F1_MA: 0.8317613174956553
[[842  12   0  39]
 [578 178  14  34]
 [598   5 143   0]
 [  0   0   0 926]]
Epoch: [22/200], cls_loss: 0.2210, transfer_loss: 0.0668,person_loss: 0.0000, total_Loss: 0.2544
trian begin
trian end
n_person 615
SAMPLE
F1_MI: 0.6040368061739388 F1_MA: 0.6556316428393687 ACC_MI: 0.6040368061739388 F1_MA: 0.7677463142347304
BEST_F1_MI: 0.7331552389433067 BEST_F1_MA: 0.754135875436545 BEST_ACC_MI: 0.7331552389433066 BEST_F1_MA: 0.8317613174956553
[[855   4   0  34]
 [629  99  11  65]
 [573  18 155   0]
 [  0   0   0 926]]
Epoch: [23/200], cls_loss: 0.2316, transfer_loss: 0.0593,person_loss: 0.0000, total_Loss: 0.2612
trian begin
trian end
n_person 615
SAMPLE
F1_MI: 0.3469872365687148 F1_MA: 0.3805962704976076 ACC_MI: 0.3469872365687148 F1_MA: 0.4448484737566114
BEST_F1_MI: 0.7331552389433067 BEST_F1_MA: 0.754135875436545 BEST_ACC_MI: 0.7331552389433066 BEST_F1_MA: 0.8317613174956553
[[817  15   9  52]
 [580 145  20  59]
 [668  34  44   0]
 [  0   3 760 163]]
Epoch: [24/200], cls_loss: 0.2271, transfer_loss: 0.0768,person_loss: 0.0000, total_Loss: 0.2655
trian begin
trian end
n_person 615
SAMPLE
F1_MI: 0.680617393885426 F1_MA: 0.6967820299722068 ACC_MI: 0.680617393885426 F1_MA: 0.7367668536846964
BEST_F1_MI: 0.7331552389433067 BEST_F1_MA: 0.754135875436545 BEST_ACC_MI: 0.7331552389433066 BEST_F1_MA: 0.8317613174956553
[[721 109   5  58]
 [418 307  40  39]
 [373  34 339   0]
 [  0   0   0 926]]
Epoch: [25/200], cls_loss: 0.2346, transfer_loss: 0.0669,person_loss: 0.0000, total_Loss: 0.2681
trian begin
trian end
n_person 615
SAMPLE
F1_MI: 0.5856337192045117 F1_MA: 0.5979263199610156 ACC_MI: 0.5856337192045117 F1_MA: 0.6521026634843469
BEST_F1_MI: 0.7331552389433067 BEST_F1_MA: 0.754135875436545 BEST_ACC_MI: 0.7331552389433066 BEST_F1_MA: 0.8317613174956553
[[790  77   0  26]
 [550 219  17  18]
 [607 100  39   0]
 [  0   1   0 925]]
Epoch: [26/200], cls_loss: 0.2147, transfer_loss: 0.0727,person_loss: 0.0000, total_Loss: 0.2510
trian begin
trian end
n_person 615
SAMPLE
F1_MI: 0.5796972395369546 F1_MA: 0.5464372910540303 ACC_MI: 0.5796972395369546 F1_MA: 0.5379013086346037
BEST_F1_MI: 0.7331552389433067 BEST_F1_MA: 0.754135875436545 BEST_ACC_MI: 0.7331552389433066 BEST_F1_MA: 0.8317613174956553
[[656  83  17 137]
 [370 113 151 170]
 [314 174 258   0]
 [  0   0   0 926]]
Epoch: [27/200], cls_loss: 0.2270, transfer_loss: 0.0603,person_loss: 0.0000, total_Loss: 0.2572
trian begin
trian end
n_person 615
SAMPLE
F1_MI: 0.28970020777678834 F1_MA: 0.33798129774459307 ACC_MI: 0.28970020777678834 F1_MA: 0.42175551002447864
BEST_F1_MI: 0.7331552389433067 BEST_F1_MA: 0.754135875436545 BEST_ACC_MI: 0.7331552389433066 BEST_F1_MA: 0.8317613174956553
[[744  29 116   4]
 [561 133 110   0]
 [577  83  86   0]
 [  0  48 865  13]]
Epoch: [28/200], cls_loss: 0.2167, transfer_loss: 0.0743,person_loss: 0.0000, total_Loss: 0.2538
trian begin
trian end
n_person 615
SAMPLE
F1_MI: 0.5630750964677946 F1_MA: 0.5279327732940211 ACC_MI: 0.5630750964677946 F1_MA: 0.5278620361635566
BEST_F1_MI: 0.7331552389433067 BEST_F1_MA: 0.754135875436545 BEST_ACC_MI: 0.7331552389433066 BEST_F1_MA: 0.8317613174956553
[[772  36  62  23]
 [583 199  15   7]
 [723  23   0   0]
 [  0   0   0 926]]
Epoch: [29/200], cls_loss: 0.2075, transfer_loss: 0.0694,person_loss: 0.0000, total_Loss: 0.2421
trian begin
trian end
n_person 615
SAMPLE
F1_MI: 0.3069159988127041 F1_MA: 0.33930048851231837 ACC_MI: 0.3069159988127041 F1_MA: 0.3937160636301381
BEST_F1_MI: 0.7331552389433067 BEST_F1_MA: 0.754135875436545 BEST_ACC_MI: 0.7331552389433066 BEST_F1_MA: 0.8317613174956553
[[724  50 115   4]
 [490 232  80   2]
 [699  13  34   0]
 [  0 754 128  44]]
Epoch: [30/200], cls_loss: 0.2049, transfer_loss: 0.0419,person_loss: 0.0000, total_Loss: 0.2258
trian begin
trian end
n_person 615
SAMPLE
F1_MI: 0.5500148411991689 F1_MA: 0.510377652664289 ACC_MI: 0.5500148411991689 F1_MA: 0.5043172264644893
BEST_F1_MI: 0.7331552389433067 BEST_F1_MA: 0.754135875436545 BEST_ACC_MI: 0.7331552389433066 BEST_F1_MA: 0.8317613174956553
[[713  68  16  96]
 [450 196  14 144]
 [534 194  18   0]
 [  0   0   0 926]]
Epoch: [31/200], cls_loss: 0.2058, transfer_loss: 0.0691,person_loss: 0.0000, total_Loss: 0.2403
trian begin
trian end
n_person 615
SAMPLE
F1_MI: 0.5607005046007717 F1_MA: 0.5245097267652723 ACC_MI: 0.5607005046007717 F1_MA: 0.5203630188988357
BEST_F1_MI: 0.7331552389433067 BEST_F1_MA: 0.754135875436545 BEST_ACC_MI: 0.7331552389433066 BEST_F1_MA: 0.8317613174956553
[[741  88  41  23]
 [522 218  29  35]
 [538 171  37   0]
 [  0   9  24 893]]
Epoch: [32/200], cls_loss: 0.2256, transfer_loss: 0.0556,person_loss: 0.0000, total_Loss: 0.2534
trian begin
trian end
n_person 615
SAMPLE
F1_MI: 0.7082220243395666 F1_MA: 0.7305721728903951 ACC_MI: 0.7082220243395666 F1_MA: 0.7750949692903912
BEST_F1_MI: 0.7331552389433067 BEST_F1_MA: 0.754135875436545 BEST_ACC_MI: 0.7331552389433066 BEST_F1_MA: 0.8317613174956553
[[785  72  32   4]
 [495 275  34   0]
 [321   1 424   0]
 [  0   1  23 902]]
Epoch: [33/200], cls_loss: 0.2055, transfer_loss: 0.0694,person_loss: 0.0000, total_Loss: 0.2402
trian begin
trian end
n_person 615
SAMPLE
F1_MI: 0.6355001484119916 F1_MA: 0.6649721626531043 ACC_MI: 0.6355001484119916 F1_MA: 0.732994084940272
BEST_F1_MI: 0.7331552389433067 BEST_F1_MA: 0.754135875436545 BEST_ACC_MI: 0.7331552389433066 BEST_F1_MA: 0.8317613174956553
[[793  97   0   3]
 [582 209   0  13]
 [432  99 215   0]
 [  0   1   1 924]]
Epoch: [34/200], cls_loss: 0.2024, transfer_loss: 0.0716,person_loss: 0.0000, total_Loss: 0.2382
trian begin
trian end
n_person 615
SAMPLE
F1_MI: 0.6613238349658652 F1_MA: 0.6808579950956272 ACC_MI: 0.6613238349658652 F1_MA: 0.7277884490156291
BEST_F1_MI: 0.7331552389433067 BEST_F1_MA: 0.754135875436545 BEST_ACC_MI: 0.7331552389433066 BEST_F1_MA: 0.8317613174956553
[[739  95  36  23]
 [502 281  15   6]
 [408  43 295   0]
 [  0   2  11 913]]
Epoch: [35/200], cls_loss: 0.1966, transfer_loss: 0.0767,person_loss: 0.0000, total_Loss: 0.2350
trian begin
trian end
n_person 615
SAMPLE
F1_MI: 0.2997922232116355 F1_MA: 0.3746394356662382 ACC_MI: 0.2997922232116355 F1_MA: 0.4960765494912119
BEST_F1_MI: 0.7331552389433067 BEST_F1_MA: 0.754135875436545 BEST_ACC_MI: 0.7331552389433066 BEST_F1_MA: 0.8317613174956553
[[504 268 121   0]
 [376 396  32   0]
 [592  46 108   0]
 [  0  10 914   2]]
Epoch: [36/200], cls_loss: 0.2093, transfer_loss: 0.0645,person_loss: 0.0000, total_Loss: 0.2416
trian begin
trian end
n_person 615
SAMPLE
F1_MI: 0.3929949539922825 F1_MA: 0.4294433736834604 ACC_MI: 0.39299495399228257 F1_MA: 0.4794402312999279
BEST_F1_MI: 0.7331552389433067 BEST_F1_MA: 0.754135875436545 BEST_ACC_MI: 0.7331552389433066 BEST_F1_MA: 0.8317613174956553
[[749 102  20  22]
 [471 294   8  31]
 [514  49 183   0]
 [  0   0 828  98]]
Epoch: [37/200], cls_loss: 0.1750, transfer_loss: 0.0703,person_loss: 0.0000, total_Loss: 0.2102
trian begin
trian end
n_person 615
SAMPLE
F1_MI: 0.7569011576135352 F1_MA: 0.7534379462243415 ACC_MI: 0.7569011576135352 F1_MA: 0.755532766724307
BEST_F1_MI: 0.7569011576135352 BEST_F1_MA: 0.754135875436545 BEST_ACC_MI: 0.7569011576135352 BEST_F1_MA: 0.8317613174956553
[[671 104  91  27]
 [502 248  14  40]
 [ 13  26 707   0]
 [  0   1   1 924]]
Epoch: [38/200], cls_loss: 0.1922, transfer_loss: 0.0747,person_loss: 0.0000, total_Loss: 0.2295
trian begin
trian end
n_person 615
SAMPLE
F1_MI: 0.657761947165331 F1_MA: 0.6825880112251768 ACC_MI: 0.657761947165331 F1_MA: 0.7391059801634811
BEST_F1_MI: 0.7569011576135352 BEST_F1_MA: 0.754135875436545 BEST_ACC_MI: 0.7569011576135352 BEST_F1_MA: 0.8317613174956553
[[679 186   4  24]
 [351 450   2   1]
 [401 182 163   0]
 [  0   1   1 924]]
Epoch: [39/200], cls_loss: 0.2103, transfer_loss: 0.0437,person_loss: 0.0000, total_Loss: 0.2322
trian begin
trian end
n_person 615
SAMPLE
F1_MI: 0.655387355298308 F1_MA: 0.6789071120976788 ACC_MI: 0.655387355298308 F1_MA: 0.7341761669082547
BEST_F1_MI: 0.7569011576135352 BEST_F1_MA: 0.754135875436545 BEST_ACC_MI: 0.7569011576135352 BEST_F1_MA: 0.8317613174956553
[[749 111   7  26]
 [464 292  14  34]
 [410  26 243  67]
 [  0   1   1 924]]
Epoch: [40/200], cls_loss: 0.2260, transfer_loss: 0.0688,person_loss: 0.0000, total_Loss: 0.2605
trian begin
trian end
n_person 615
SAMPLE
F1_MI: 0.6625111308993766 F1_MA: 0.6904993001822803 ACC_MI: 0.6625111308993766 F1_MA: 0.752895464140735
BEST_F1_MI: 0.7569011576135352 BEST_F1_MA: 0.754135875436545 BEST_ACC_MI: 0.7569011576135352 BEST_F1_MA: 0.8317613174956553
[[774 104   8   7]
 [477 308  10   9]
 [458  49 226  13]
 [  0   1   1 924]]
Epoch: [41/200], cls_loss: 0.2077, transfer_loss: 0.0332,person_loss: 0.0000, total_Loss: 0.2244
trian begin
trian end
n_person 615
SAMPLE
F1_MI: 0.6547937073315524 F1_MA: 0.6750159039355154 ACC_MI: 0.6547937073315524 F1_MA: 0.7250042380951641
BEST_F1_MI: 0.7569011576135352 BEST_F1_MA: 0.754135875436545 BEST_ACC_MI: 0.7569011576135352 BEST_F1_MA: 0.8317613174956553
[[701 147  16  29]
 [409 367  22   6]
 [481  52 213   0]
 [  0   1   0 925]]
Epoch: [42/200], cls_loss: 0.1976, transfer_loss: 0.0177,person_loss: 0.0000, total_Loss: 0.2065
trian begin
trian end
n_person 615
SAMPLE
F1_MI: 0.40189967349361827 F1_MA: 0.4649179864591492 ACC_MI: 0.40189967349361827 F1_MA: 0.5589140755236646
BEST_F1_MI: 0.7569011576135352 BEST_F1_MA: 0.754135875436545 BEST_ACC_MI: 0.7569011576135352 BEST_F1_MA: 0.8317613174956553
[[754 126  12   1]
 [489 306   9   0]
 [508  48 190   0]
 [  1   6 815 104]]
Epoch: [43/200], cls_loss: 0.1879, transfer_loss: 0.0105,person_loss: 0.0000, total_Loss: 0.1932
trian begin
trian end
n_person 615
SAMPLE
F1_MI: 0.6651825467497774 F1_MA: 0.6996195877390006 ACC_MI: 0.6651825467497774 F1_MA: 0.7706671341148209
BEST_F1_MI: 0.7569011576135352 BEST_F1_MA: 0.754135875436545 BEST_ACC_MI: 0.7569011576135352 BEST_F1_MA: 0.8317613174956553
[[792  98   0   3]
 [517 282   5   0]
 [461  38 247   0]
 [  0   3   3 920]]
Epoch: [44/200], cls_loss: 0.1941, transfer_loss: 0.0275,person_loss: 0.0000, total_Loss: 0.2079
trian begin
trian end
n_person 615
SAMPLE
F1_MI: 0.7156426239240131 F1_MA: 0.7218238825966988 ACC_MI: 0.715642623924013 F1_MA: 0.7403665986333019
BEST_F1_MI: 0.7569011576135352 BEST_F1_MA: 0.754135875436545 BEST_ACC_MI: 0.7569011576135352 BEST_F1_MA: 0.8317613174956553
[[714 149  22   8]
 [460 325  14   5]
 [178  64 504   0]
 [  0   4  54 868]]
Epoch: [45/200], cls_loss: 0.1692, transfer_loss: 0.0115,person_loss: 0.0000, total_Loss: 0.1749
trian begin
trian end
n_person 615
SAMPLE
F1_MI: 0.655684179281686 F1_MA: 0.6630723541917716 ACC_MI: 0.655684179281686 F1_MA: 0.6824334373765346
BEST_F1_MI: 0.7569011576135352 BEST_F1_MA: 0.754135875436545 BEST_ACC_MI: 0.7569011576135352 BEST_F1_MA: 0.8317613174956553
[[684 111  89   9]
 [486 242  66  10]
 [233  27 486   0]
 [  0   3 126 797]]
Epoch: [46/200], cls_loss: 0.1715, transfer_loss: 0.0166,person_loss: 0.0000, total_Loss: 0.1798
trian begin
trian end
n_person 615
SAMPLE
F1_MI: 0.4348471356485604 F1_MA: 0.477720800567359 ACC_MI: 0.4348471356485604 F1_MA: 0.5121383613462631
BEST_F1_MI: 0.7569011576135352 BEST_F1_MA: 0.754135875436545 BEST_ACC_MI: 0.7569011576135352 BEST_F1_MA: 0.8317613174956553
[[598 275  19   1]
 [363 419  22   0]
 [270  31 445   0]
 [  0 259 664   3]]
Epoch: [47/200], cls_loss: 0.1713, transfer_loss: 0.0393,person_loss: 0.0000, total_Loss: 0.1909
trian begin
trian end
n_person 615
SAMPLE
F1_MI: 0.3742950430394776 F1_MA: 0.45561847114367793 ACC_MI: 0.3742950430394776 F1_MA: 0.5752419282137182
BEST_F1_MI: 0.7569011576135352 BEST_F1_MA: 0.754135875436545 BEST_ACC_MI: 0.7569011576135352 BEST_F1_MA: 0.8317613174956553
[[692 109  92   0]
 [427 291  86   0]
 [431  40 275   0]
 [  0   5 918   3]]
Epoch: [48/200], cls_loss: 0.1664, transfer_loss: 0.0587,person_loss: 0.0000, total_Loss: 0.1958
trian begin
trian end
n_person 615
SAMPLE
F1_MI: 0.643217571979816 F1_MA: 0.6470233141805442 ACC_MI: 0.643217571979816 F1_MA: 0.6720066856687277
BEST_F1_MI: 0.7569011576135352 BEST_F1_MA: 0.754135875436545 BEST_ACC_MI: 0.7569011576135352 BEST_F1_MA: 0.8317613174956553
[[683  96  29  85]
 [403 181  93 127]
 [367   2 377   0]
 [  0   0   0 926]]
Epoch: [49/200], cls_loss: 0.1676, transfer_loss: 0.0785,person_loss: 0.0000, total_Loss: 0.2068
trian begin
trian end
n_person 615
SAMPLE
F1_MI: 0.734639358860196 F1_MA: 0.7535216967089832 ACC_MI: 0.7346393588601959 F1_MA: 0.791089439607394
BEST_F1_MI: 0.7569011576135352 BEST_F1_MA: 0.754135875436545 BEST_ACC_MI: 0.7569011576135352 BEST_F1_MA: 0.8317613174956553
[[799  72   5  17]
 [546 237   6  15]
 [205  27 514   0]
 [  0   1   0 925]]
Epoch: [50/200], cls_loss: 0.1577, transfer_loss: 0.0778,person_loss: 0.0000, total_Loss: 0.1966
trian begin
trian end
n_person 615
SAMPLE
F1_MI: 0.6105669338082517 F1_MA: 0.6473861902022627 ACC_MI: 0.6105669338082517 F1_MA: 0.7309342365252447
BEST_F1_MI: 0.7569011576135352 BEST_F1_MA: 0.754135875436545 BEST_ACC_MI: 0.7569011576135352 BEST_F1_MA: 0.8317613174956553
[[714 151   0  28]
 [421 358   3  22]
 [614  73  59   0]
 [  0   0   0 926]]
Epoch: [51/200], cls_loss: 0.1869, transfer_loss: 0.0757,person_loss: 0.0000, total_Loss: 0.2248
trian begin
trian end
n_person 615
SAMPLE
F1_MI: 0.6829919857524488 F1_MA: 0.7199727886737243 ACC_MI: 0.6829919857524488 F1_MA: 0.79294625425288
BEST_F1_MI: 0.7569011576135352 BEST_F1_MA: 0.754135875436545 BEST_ACC_MI: 0.7569011576135352 BEST_F1_MA: 0.8317613174956553
[[798  81   0  14]
 [487 309   1   7]
 [449  29 268   0]
 [  0   0   0 926]]
Epoch: [52/200], cls_loss: 0.1669, transfer_loss: 0.0407,person_loss: 0.0000, total_Loss: 0.1872
trian begin
trian end
n_person 615
SAMPLE
F1_MI: 0.3514395963193826 F1_MA: 0.40951879168073535 ACC_MI: 0.3514395963193826 F1_MA: 0.5089315190673835
BEST_F1_MI: 0.7569011576135352 BEST_F1_MA: 0.754135875436545 BEST_ACC_MI: 0.7569011576135352 BEST_F1_MA: 0.8317613174956553
[[816  58  11   8]
 [516 250  31   7]
 [675   1  70   0]
 [  0   5 873  48]]
Epoch: [53/200], cls_loss: 0.1628, transfer_loss: 0.0682,person_loss: 0.0000, total_Loss: 0.1969
trian begin
trian end
n_person 615
SAMPLE
F1_MI: 0.6271890768774117 F1_MA: 0.6470817773581214 ACC_MI: 0.6271890768774117 F1_MA: 0.7020261851712597
BEST_F1_MI: 0.7569011576135352 BEST_F1_MA: 0.754135875436545 BEST_ACC_MI: 0.7569011576135352 BEST_F1_MA: 0.8317613174956553
[[738  83  10  62]
 [403 288  34  79]
 [556  29 161   0]
 [  0   0   0 926]]
Epoch: [54/200], cls_loss: 0.1659, transfer_loss: 0.0803,person_loss: 0.0000, total_Loss: 0.2060
trian begin
trian end
n_person 615
SAMPLE
F1_MI: 0.6084891659246067 F1_MA: 0.6140140448938614 ACC_MI: 0.6084891659246067 F1_MA: 0.6499798815871821
BEST_F1_MI: 0.7569011576135352 BEST_F1_MA: 0.754135875436545 BEST_ACC_MI: 0.7569011576135352 BEST_F1_MA: 0.8317613174956553
[[764 105  10  14]
 [465 298  20  21]
 [553  62 131   0]
 [  0   0  69 857]]
Epoch: [55/200], cls_loss: 0.1730, transfer_loss: 0.0787,person_loss: 0.0000, total_Loss: 0.2123
trian begin
trian end
n_person 615
SAMPLE
F1_MI: 0.6417334520629266 F1_MA: 0.6568781715792724 ACC_MI: 0.6417334520629266 F1_MA: 0.6987775049386129
BEST_F1_MI: 0.7569011576135352 BEST_F1_MA: 0.754135875436545 BEST_ACC_MI: 0.7569011576135352 BEST_F1_MA: 0.8317613174956553
[[764  76  40  13]
 [509 264  26   5]
 [433  43 270   0]
 [  0   0  62 864]]
Epoch: [56/200], cls_loss: 0.1574, transfer_loss: 0.0774,person_loss: 0.0000, total_Loss: 0.1961
trian begin
trian end
n_person 615
SAMPLE
F1_MI: 0.6010685663401603 F1_MA: 0.6219869590293822 ACC_MI: 0.6010685663401603 F1_MA: 0.6838490203442069
BEST_F1_MI: 0.7569011576135352 BEST_F1_MA: 0.754135875436545 BEST_ACC_MI: 0.7569011576135352 BEST_F1_MA: 0.8317613174956553
[[744  96   5  48]
 [458 284  21  41]
 [642  33  71   0]
 [  0   0   0 926]]
Epoch: [57/200], cls_loss: 0.1549, transfer_loss: 0.0758,person_loss: 0.0000, total_Loss: 0.1928
trian begin
trian end
n_person 615
SAMPLE
F1_MI: 0.6260017809439002 F1_MA: 0.6636947879007207 ACC_MI: 0.6260017809439002 F1_MA: 0.7494207151898382
BEST_F1_MI: 0.7569011576135352 BEST_F1_MA: 0.754135875436545 BEST_ACC_MI: 0.7569011576135352 BEST_F1_MA: 0.8317613174956553
[[811  55   7  20]
 [517 254  23  10]
 [626   2 118   0]
 [  0   0   0 926]]
Epoch: [58/200], cls_loss: 0.1484, transfer_loss: 0.0741,person_loss: 0.0000, total_Loss: 0.1855
trian begin
trian end
n_person 615
SAMPLE
F1_MI: 0.36301573167111895 F1_MA: 0.4504472758943869 ACC_MI: 0.363015731671119 F1_MA: 0.6067504546043039
BEST_F1_MI: 0.7569011576135352 BEST_F1_MA: 0.754135875436545 BEST_ACC_MI: 0.7569011576135352 BEST_F1_MA: 0.8317613174956553
[[773 116   1   3]
 [482 317   5   0]
 [600  34 112   0]
 [  0 899   6  21]]
Epoch: [59/200], cls_loss: 0.1601, transfer_loss: 0.0769,person_loss: 0.0000, total_Loss: 0.1986
trian begin
trian end
n_person 615
SAMPLE
F1_MI: 0.6987236568714752 F1_MA: 0.7248436881794111 ACC_MI: 0.6987236568714752 F1_MA: 0.7781682555004216
BEST_F1_MI: 0.7569011576135352 BEST_F1_MA: 0.754135875436545 BEST_ACC_MI: 0.7569011576135352 BEST_F1_MA: 0.8317613174956553
[[766 117   9   1]
 [455 331  18   0]
 [402  12 332   0]
 [  0   0   1 925]]
Epoch: [60/200], cls_loss: 0.1410, transfer_loss: 0.0741,person_loss: 0.0000, total_Loss: 0.1780
trian begin
trian end
n_person 615
SAMPLE
F1_MI: 0.701395072721876 F1_MA: 0.728861393100499 ACC_MI: 0.701395072721876 F1_MA: 0.7837225465999261
BEST_F1_MI: 0.7569011576135352 BEST_F1_MA: 0.754135875436545 BEST_ACC_MI: 0.7569011576135352 BEST_F1_MA: 0.8317613174956553
[[809  44   7  33]
 [496 241  36  31]
 [346  12 388   0]
 [  0   0   1 925]]
Epoch: [61/200], cls_loss: 0.1711, transfer_loss: 0.0717,person_loss: 0.0000, total_Loss: 0.2069
trian begin
trian end
n_person 615
SAMPLE
F1_MI: 0.6544968833481746 F1_MA: 0.6785871790313969 ACC_MI: 0.6544968833481746 F1_MA: 0.7358843122604842
BEST_F1_MI: 0.7569011576135352 BEST_F1_MA: 0.754135875436545 BEST_ACC_MI: 0.7569011576135352 BEST_F1_MA: 0.8317613174956553
[[752  91   9  41]
 [431 313  24  36]
 [492  40 214   0]
 [  0   0   0 926]]
Epoch: [62/200], cls_loss: 0.1561, transfer_loss: 0.0734,person_loss: 0.0000, total_Loss: 0.1928
trian begin
trian end
n_person 615
SAMPLE
F1_MI: 0.37192045117245476 F1_MA: 0.43615976176479015 ACC_MI: 0.37192045117245476 F1_MA: 0.5398259782632279
BEST_F1_MI: 0.7569011576135352 BEST_F1_MA: 0.754135875436545 BEST_ACC_MI: 0.7569011576135352 BEST_F1_MA: 0.8317613174956553
[[773 115   5   0]
 [441 349  13   1]
 [639  21  86   0]
 [ 11  32 838  45]]
Epoch: [63/200], cls_loss: 0.1416, transfer_loss: 0.0689,person_loss: 0.0000, total_Loss: 0.1761
trian begin
trian end
n_person 615
SAMPLE
F1_MI: 0.599584446423271 F1_MA: 0.599932207934207 ACC_MI: 0.599584446423271 F1_MA: 0.6381828144318309
BEST_F1_MI: 0.7569011576135352 BEST_F1_MA: 0.754135875436545 BEST_ACC_MI: 0.7569011576135352 BEST_F1_MA: 0.8317613174956553
[[804  46  10  33]
 [499 259  21  25]
 [650  65  31   0]
 [  0   0   0 926]]
Epoch: [64/200], cls_loss: 0.1439, transfer_loss: 0.0700,person_loss: 0.0000, total_Loss: 0.1789
trian begin
trian end
n_person 615
SAMPLE
F1_MI: 0.574651231819531 F1_MA: 0.5676586123308794 ACC_MI: 0.574651231819531 F1_MA: 0.5978510987253405
BEST_F1_MI: 0.7569011576135352 BEST_F1_MA: 0.754135875436545 BEST_ACC_MI: 0.7569011576135352 BEST_F1_MA: 0.8317613174956553
[[776  39   8  70]
 [503 219  20  62]
 [707  24  15   0]
 [  0   0   0 926]]
Epoch: [65/200], cls_loss: 0.1393, transfer_loss: 0.0700,person_loss: 0.0000, total_Loss: 0.1743
trian begin
trian end
n_person 615
SAMPLE
F1_MI: 0.3345206292668448 F1_MA: 0.36837539577222017 ACC_MI: 0.3345206292668448 F1_MA: 0.4266578982567212
BEST_F1_MI: 0.7569011576135352 BEST_F1_MA: 0.754135875436545 BEST_ACC_MI: 0.7569011576135352 BEST_F1_MA: 0.8317613174956553
[[818  48   8  19]
 [505 285  13   1]
 [716  30   0   0]
 [  0  12 890  24]]
Epoch: [66/200], cls_loss: 0.1481, transfer_loss: 0.0650,person_loss: 0.0000, total_Loss: 0.1806
trian begin
trian end
n_person 615
SAMPLE
F1_MI: 0.5707925200356189 F1_MA: 0.5281934901570775 ACC_MI: 0.5707925200356189 F1_MA: 0.5192215175227021
BEST_F1_MI: 0.7569011576135352 BEST_F1_MA: 0.754135875436545 BEST_ACC_MI: 0.7569011576135352 BEST_F1_MA: 0.8317613174956553
[[772  61  28  32]
 [490 259  25  30]
 [723  23   0   0]
 [ 11   0  23 892]]
Epoch: [67/200], cls_loss: 0.1408, transfer_loss: 0.0695,person_loss: 0.0000, total_Loss: 0.1756
trian begin
trian end
n_person 615
SAMPLE
F1_MI: 0.3069159988127041 F1_MA: 0.2802091828344134 ACC_MI: 0.3069159988127041 F1_MA: 0.2660407598489938
BEST_F1_MI: 0.7569011576135352 BEST_F1_MA: 0.754135875436545 BEST_ACC_MI: 0.7569011576135352 BEST_F1_MA: 0.8317613174956553
[[823  63   7   0]
 [589 210   4   1]
 [624 122   0   0]
 [  0 918   7   1]]
Epoch: [68/200], cls_loss: 0.1553, transfer_loss: 0.0681,person_loss: 0.0000, total_Loss: 0.1893
[[836  11  15  31]
 [446 143 174  41]
 [178   0 568   0]
 [  0   0   3 923]]
[[836  11  15  31]
 [446 143 174  41]
 [178   0 568   0]
 [  0   0   3 923]]
WHAT: False
{'best_f1': 0.754135875436545, 'best_matrix': [[836, 11, 15, 31], [446, 143, 174, 41], [178, 0, 568, 0], [0, 0, 3, 923]], 'args': 0.1}
{"best_f1": 0.754135875436545, "best_matrix": [[836, 11, 15, 31], [446, 143, 174, 41], [178, 0, 568, 0], [0, 0, 3, 923]], "args": 0.1}
ARG: Namespace(backbone='resnet50', batch_size=32, config='DAN/DAN.yaml', data_dir='data', device=device(type='cuda'), early_stop=50, epoch_based_training=False, lr=0.003, lr_decay=0.75, lr_gamma=0.0003, lr_scheduler=True, max_iter=21000, method='False', momentum=0.9, myweight=0.1, n_class=4, n_epoch=200, n_iter_per_epoch=105, num_workers=3, seed=3, src_domain='PAMAP2', tgt_domain='UCI', tname='transfer', transfer_loss='mmd', transfer_loss_weight=0.5, use_bottleneck=True, weight_decay=0.0005)
