twommd 2 PAMAP2 UCI MEDA/MEDA.yaml False
Namespace(backbone='resnet50', batch_size=32, config='MEDA/MEDA.yaml', data_dir='data', device=device(type='cuda'), early_stop=50, epoch_based_training=False, lr=0.003, lr_decay=0.75, lr_gamma=0.0003, lr_scheduler=True, method='False', momentum=0.9, myweight=0.1, n_epoch=200, n_iter_per_epoch=100, num_workers=7, seed=2, src_domain='PAMAP2', tgt_domain='UCI', tname='transfer', transfer_loss='twommd', transfer_loss_weight=0.5, use_bottleneck=True, weight_decay=0.0005)
JUST DO IT
run my Parkinson code
transfer
TRAIN Length: 4725 360 TEST Length: 3369 615
YYY: 0 3
DATA_PROFILE   train: 4725 train2: 3369 test: 3369
DATASET.SHAPE: <data_loader.GetTrainLoader object at 0x7f280bc0b438> True
DATASET.SHAPE: <data_loader.GetTrainLoader object at 0x7f280b06c4a8> True
DATASET.SHAPE: <data_loader.GetTestLoader object at 0x7f280b08fc88> False
CLASS: 4 615
transfer_world
method False <class 'str'>
1.10.1+cu102
True
LEN: 0 0
LOADER: <data_loader.InfiniteDataLoader object at 0x7f280af66ba8> <data_loader.InfiniteDataLoader object at 0x7f280b08fba8>
N_batch: 105
trian begin
trian end
ACC: 69.42712971208074
SAMPLE
F1_MI: 0.688631641436628 F1_MA: 0.6982623444116015 ACC_MI: 0.688631641436628 F1_MA: 0.726279637306621
BEST_F1_MI: 0.688631641436628 BEST_F1_MA: 0.6982623444116015 BEST_ACC_MI: 0.688631641436628 BEST_F1_MA: 0.726279637306621
[[689 199   5   0]
 [498 293   3  10]
 [  9 321 416   0]
 [  0   4   0 922]]
Epoch: [ 1/200], cls_loss: 0.0000, transfer_loss: 0.0000,person_loss: 0.0000, total_Loss: 0.0000
trian begin
trian end
ACC: 78.15375482338973
SAMPLE
F1_MI: 0.7815375482338973 F1_MA: 0.7761036533823573 ACC_MI: 0.7815375482338973 F1_MA: 0.7778619518373766
BEST_F1_MI: 0.7815375482338973 BEST_F1_MA: 0.7761036533823573 BEST_ACC_MI: 0.7815375482338973 BEST_F1_MA: 0.7778619518373766
[[754 111  28   0]
 [453 274  77   0]
 [ 10  49 687   0]
 [  5   3   0 918]]
Epoch: [ 2/200], cls_loss: 0.0000, transfer_loss: 0.0000,person_loss: 0.0000, total_Loss: 0.0000
trian begin
trian end
ACC: 73.19679430097952
SAMPLE
F1_MI: 0.7266251113089938 F1_MA: 0.7338150034327762 ACC_MI: 0.7266251113089938 F1_MA: 0.7549599306052994
BEST_F1_MI: 0.7815375482338973 BEST_F1_MA: 0.7761036533823573 BEST_ACC_MI: 0.7815375482338973 BEST_F1_MA: 0.7778619518373766
[[622 251  11   9]
 [242 493  44  25]
 [  2 337 407   0]
 [  0   0   0 926]]
Epoch: [ 3/200], cls_loss: 0.0000, transfer_loss: 0.0000,person_loss: 0.0000, total_Loss: 0.0000
trian begin
trian end
ACC: 76.84772929652716
SAMPLE
F1_MI: 0.7684772929652716 F1_MA: 0.7703851402498937 ACC_MI: 0.7684772929652716 F1_MA: 0.7882138841260825
BEST_F1_MI: 0.7815375482338973 BEST_F1_MA: 0.7761036533823573 BEST_ACC_MI: 0.7815375482338973 BEST_F1_MA: 0.7882138841260825
[[809  81   0   3]
 [397 386  11  10]
 [  5 273 468   0]
 [  0   0   0 926]]
Epoch: [ 4/200], cls_loss: 0.0000, transfer_loss: 0.0000,person_loss: 0.0000, total_Loss: 0.0000
trian begin
trian end
ACC: 49.36182843573761
SAMPLE
F1_MI: 0.4936182843573761 F1_MA: 0.46069035550545545 ACC_MI: 0.4936182843573761 F1_MA: 0.4578541184951278
BEST_F1_MI: 0.7815375482338973 BEST_F1_MA: 0.7761036533823573 BEST_ACC_MI: 0.7815375482338973 BEST_F1_MA: 0.7882138841260825
[[509 214 169   1]
 [162 221 419   2]
 [678  61   7   0]
 [  0   0   0 926]]
Epoch: [ 5/200], cls_loss: 0.0000, transfer_loss: 0.0000,person_loss: 0.0000, total_Loss: 0.0000
trian begin
trian end
ACC: 58.5040071237756
SAMPLE
F1_MI: 0.5758385277530425 F1_MA: 0.5265883437005112 ACC_MI: 0.5758385277530425 F1_MA: 0.5094151079149046
BEST_F1_MI: 0.7815375482338973 BEST_F1_MA: 0.7761036533823573 BEST_ACC_MI: 0.7815375482338973 BEST_F1_MA: 0.7882138841260825
[[674 159  59   1]
 [169 320 309   6]
 [591 134  21   0]
 [  0   1   0 925]]
Epoch: [ 6/200], cls_loss: 0.0000, transfer_loss: 0.0000,person_loss: 0.0000, total_Loss: 0.0000
trian begin
trian end
ACC: 56.36687444345503
SAMPLE
F1_MI: 0.560106856634016 F1_MA: 0.5312402824172551 ACC_MI: 0.560106856634016 F1_MA: 0.5285637840347054
BEST_F1_MI: 0.7815375482338973 BEST_F1_MA: 0.7761036533823573 BEST_ACC_MI: 0.7815375482338973 BEST_F1_MA: 0.7882138841260825
[[560 193 140   0]
 [185 355 264   0]
 [614  65  67   0]
 [  0  21   0 905]]
Epoch: [ 7/200], cls_loss: 0.0000, transfer_loss: 0.0000,person_loss: 0.0000, total_Loss: 0.0000
trian begin
trian end
ACC: 55.74354407836153
SAMPLE
F1_MI: 0.5520926090828139 F1_MA: 0.4911759807957206 ACC_MI: 0.5520926090828139 F1_MA: 0.45787257682268195
BEST_F1_MI: 0.7815375482338973 BEST_F1_MA: 0.7761036533823573 BEST_ACC_MI: 0.7815375482338973 BEST_F1_MA: 0.7882138841260825
[[349 534   7   3]
 [168 581  50   5]
 [598 144   4   0]
 [  0   0   0 926]]
Epoch: [ 8/200], cls_loss: 0.0000, transfer_loss: 0.0000,person_loss: 0.0000, total_Loss: 0.0000
trian begin
trian end
ACC: 57.43544078361531
SAMPLE
F1_MI: 0.5731671119026417 F1_MA: 0.529329524299859 ACC_MI: 0.5731671119026417 F1_MA: 0.5177145718988594
BEST_F1_MI: 0.7815375482338973 BEST_F1_MA: 0.7761036533823573 BEST_ACC_MI: 0.7815375482338973 BEST_F1_MA: 0.7882138841260825
[[716 134  43   0]
 [389 265 150   0]
 [591 122  33   0]
 [  0   1   8 917]]
Epoch: [ 9/200], cls_loss: 0.0000, transfer_loss: 0.0000,person_loss: 0.0000, total_Loss: 0.0000
trian begin
trian end
ACC: 59.869397447313744
SAMPLE
F1_MI: 0.5945384387058474 F1_MA: 0.5570054172226739 ACC_MI: 0.5945384387058474 F1_MA: 0.5544029316667919
BEST_F1_MI: 0.7815375482338973 BEST_F1_MA: 0.7761036533823573 BEST_ACC_MI: 0.7815375482338973 BEST_F1_MA: 0.7882138841260825
[[829  59   1   4]
 [492 230  68  14]
 [637  89  18   2]
 [  0   0   0 926]]
Epoch: [10/200], cls_loss: 0.0000, transfer_loss: 0.0000,person_loss: 0.0000, total_Loss: 0.0000
trian begin
trian end
ACC: 59.364796675571384
SAMPLE
F1_MI: 0.5894924309884239 F1_MA: 0.555525992431331 ACC_MI: 0.5894924309884239 F1_MA: 0.555834827698528
BEST_F1_MI: 0.7815375482338973 BEST_F1_MA: 0.7761036533823573 BEST_ACC_MI: 0.7815375482338973 BEST_F1_MA: 0.7882138841260825
[[848  25  20   0]
 [608 139  57   0]
 [182 489  75   0]
 [  0   2   0 924]]
Epoch: [11/200], cls_loss: 0.0000, transfer_loss: 0.0000,person_loss: 0.0000, total_Loss: 0.0000
trian begin
trian end
ACC: 62.71890768774117
SAMPLE
F1_MI: 0.6251113089937667 F1_MA: 0.6140478914142853 ACC_MI: 0.6251113089937667 F1_MA: 0.6231046703056842
BEST_F1_MI: 0.7815375482338973 BEST_F1_MA: 0.7761036533823573 BEST_ACC_MI: 0.7815375482338973 BEST_F1_MA: 0.7882138841260825
[[651  50 182  10]
 [416 177 191  20]
 [307  86 352   1]
 [  0   0   0 926]]
Epoch: [12/200], cls_loss: 0.0000, transfer_loss: 0.0000,person_loss: 0.0000, total_Loss: 0.0000
trian begin
trian end
ACC: 72.60314633422381
SAMPLE
F1_MI: 0.7233600474918374 F1_MA: 0.7271610113318999 ACC_MI: 0.7233600474918374 F1_MA: 0.745231117272065
BEST_F1_MI: 0.7815375482338973 BEST_F1_MA: 0.7761036533823573 BEST_ACC_MI: 0.7815375482338973 BEST_F1_MA: 0.7882138841260825
[[765  89  39   0]
 [602 188  14   0]
 [126  57 563   0]
 [  0   5   0 921]]
Epoch: [13/200], cls_loss: 0.0000, transfer_loss: 0.0000,person_loss: 0.0000, total_Loss: 0.0000
trian begin
trian end
ACC: 79.99406352033245
SAMPLE
F1_MI: 0.7999406352033245 F1_MA: 0.8105380656686726 ACC_MI: 0.7999406352033245 F1_MA: 0.8326083038736454
BEST_F1_MI: 0.7999406352033245 BEST_F1_MA: 0.8105380656686726 BEST_ACC_MI: 0.7999406352033245 BEST_F1_MA: 0.8326083038736454
[[859  29   5   0]
 [553 244   3   4]
 [ 25  50 667   4]
 [  0   1   0 925]]
Epoch: [14/200], cls_loss: 0.0000, transfer_loss: 0.0000,person_loss: 0.0000, total_Loss: 0.0000
trian begin
trian end
ACC: 69.57554170376966
SAMPLE
F1_MI: 0.6957554170376966 F1_MA: 0.7210495821120131 ACC_MI: 0.6957554170376966 F1_MA: 0.7452531097864921
BEST_F1_MI: 0.7999406352033245 BEST_F1_MA: 0.8105380656686726 BEST_ACC_MI: 0.7999406352033245 BEST_F1_MA: 0.8326083038736454
[[785  52  56   0]
 [486 224  94   0]
 [  0   1 745   0]
 [  0  23 313 590]]
Epoch: [15/200], cls_loss: 0.0000, transfer_loss: 0.0000,person_loss: 0.0000, total_Loss: 0.0000
trian begin
trian end
ACC: 74.05758385277531
SAMPLE
F1_MI: 0.736717126743841 F1_MA: 0.7463758697341092 ACC_MI: 0.7367171267438409 F1_MA: 0.7774031290153985
BEST_F1_MI: 0.7999406352033245 BEST_F1_MA: 0.8105380656686726 BEST_ACC_MI: 0.7999406352033245 BEST_F1_MA: 0.8326083038736454
[[823  52  18   0]
 [439 344  21   0]
 [220 137 389   0]
 [  0   0   0 926]]
Epoch: [16/200], cls_loss: 0.0000, transfer_loss: 0.0000,person_loss: 0.0000, total_Loss: 0.0000
trian begin
trian end
ACC: 53.784505788067676
SAMPLE
F1_MI: 0.5378450578806767 F1_MA: 0.60237712677224 ACC_MI: 0.5378450578806767 F1_MA: 0.6626188890835968
BEST_F1_MI: 0.7999406352033245 BEST_F1_MA: 0.8105380656686726 BEST_ACC_MI: 0.7999406352033245 BEST_F1_MA: 0.8326083038736454
[[860  19  14   0]
 [568 167  69   0]
 [  9   7 730   0]
 [  0 868   3  55]]
Epoch: [17/200], cls_loss: 0.0000, transfer_loss: 0.0000,person_loss: 0.0000, total_Loss: 0.0000
trian begin
trian end
ACC: 84.59483526268923
SAMPLE
F1_MI: 0.8459483526268922 F1_MA: 0.8472539613986784 ACC_MI: 0.8459483526268923 F1_MA: 0.8523722909089781
BEST_F1_MI: 0.8459483526268922 BEST_F1_MA: 0.8472539613986784 BEST_ACC_MI: 0.8459483526268923 BEST_F1_MA: 0.8523722909089781
[[737 151   2   3]
 [298 493   8   5]
 [ 30  22 694   0]
 [  0   0   0 926]]
Epoch: [18/200], cls_loss: 0.0000, transfer_loss: 0.0000,person_loss: 0.0000, total_Loss: 0.0000
trian begin
trian end
ACC: 83.73404571089344
SAMPLE
F1_MI: 0.8364499851588009 F1_MA: 0.8407696486297221 ACC_MI: 0.8364499851588009 F1_MA: 0.8514005595547196
BEST_F1_MI: 0.8459483526268922 BEST_F1_MA: 0.8472539613986784 BEST_ACC_MI: 0.8459483526268923 BEST_F1_MA: 0.8523722909089781
[[813  56  21   3]
 [405 372  23   4]
 [  5  31 710   0]
 [  0   0   3 923]]
Epoch: [19/200], cls_loss: 0.0000, transfer_loss: 0.0000,person_loss: 0.0000, total_Loss: 0.0000
trian begin
trian end
ACC: 82.13119620065301
SAMPLE
F1_MI: 0.8198278420896408 F1_MA: 0.8298578644903583 ACC_MI: 0.8198278420896409 F1_MA: 0.8470135462278303
BEST_F1_MI: 0.8459483526268922 BEST_F1_MA: 0.8472539613986784 BEST_ACC_MI: 0.8459483526268923 BEST_F1_MA: 0.8523722909089781
[[815  27  50   1]
 [451 287  63   3]
 [  0  11 734   1]
 [  0   0   0 926]]
Epoch: [20/200], cls_loss: 0.0000, transfer_loss: 0.0000,person_loss: 0.0000, total_Loss: 0.0000
trian begin
trian end
ACC: 79.10359157019887
SAMPLE
F1_MI: 0.7850994360344316 F1_MA: 0.7993197880839428 ACC_MI: 0.7850994360344316 F1_MA: 0.8298281696612433
BEST_F1_MI: 0.8459483526268922 BEST_F1_MA: 0.8472539613986784 BEST_ACC_MI: 0.8459483526268923 BEST_F1_MA: 0.8523722909089781
[[841   5  16  31]
 [373 360  30  41]
 [171  46 518  11]
 [  0   0   0 926]]
Epoch: [21/200], cls_loss: 0.0000, transfer_loss: 0.0000,person_loss: 0.0000, total_Loss: 0.0000
trian begin
trian end
ACC: 83.82309290590679
SAMPLE
F1_MI: 0.7761947165330959 F1_MA: 0.8017902650150732 ACC_MI: 0.7761947165330959 F1_MA: 0.822136300458499
BEST_F1_MI: 0.8459483526268922 BEST_F1_MA: 0.8472539613986784 BEST_ACC_MI: 0.8459483526268923 BEST_F1_MA: 0.8523722909089781
[[825  55  13   0]
 [224 574   6   0]
 [  0  60 686   0]
 [  0 396   0 530]]
Epoch: [22/200], cls_loss: 0.0000, transfer_loss: 0.0000,person_loss: 0.0000, total_Loss: 0.0000
trian begin
trian end
ACC: 89.49243098842386
SAMPLE
F1_MI: 0.8925497180172157 F1_MA: 0.8936397640650409 ACC_MI: 0.8925497180172158 F1_MA: 0.8951444649012519
BEST_F1_MI: 0.8925497180172157 BEST_F1_MA: 0.8936397640650409 BEST_ACC_MI: 0.8925497180172158 BEST_F1_MA: 0.8951444649012519
[[695 168  25   5]
 [ 47 702  46   9]
 [  0  59 685   2]
 [  0   1   0 925]]
Epoch: [23/200], cls_loss: 0.0000, transfer_loss: 0.0000,person_loss: 0.0000, total_Loss: 0.0000
trian begin
trian end
ACC: 80.85485307212822
SAMPLE
F1_MI: 0.8085485307212823 F1_MA: 0.8301958299542761 ACC_MI: 0.8085485307212823 F1_MA: 0.8705389611565044
BEST_F1_MI: 0.8925497180172157 BEST_F1_MA: 0.8936397640650409 BEST_ACC_MI: 0.8925497180172158 BEST_F1_MA: 0.8951444649012519
[[890   3   0   0]
 [381 420   3   0]
 [207  49 490   0]
 [  0   2   0 924]]
Epoch: [24/200], cls_loss: 0.0000, transfer_loss: 0.0000,person_loss: 0.0000, total_Loss: 0.0000
trian begin
trian end
ACC: 84.74324725437815
SAMPLE
F1_MI: 0.8471356485604037 F1_MA: 0.8449622702511064 ACC_MI: 0.8471356485604037 F1_MA: 0.8445950904521348
BEST_F1_MI: 0.8925497180172157 BEST_F1_MA: 0.8936397640650409 BEST_ACC_MI: 0.8925497180172158 BEST_F1_MA: 0.8951444649012519
[[701 105  87   0]
 [256 501  45   2]
 [  3  17 726   0]
 [  0   0   0 926]]
Epoch: [25/200], cls_loss: 0.0000, transfer_loss: 0.0000,person_loss: 0.0000, total_Loss: 0.0000
trian begin
trian end
ACC: 84.14959928762244
SAMPLE
F1_MI: 0.8349658652419115 F1_MA: 0.8539368958581571 ACC_MI: 0.8349658652419115 F1_MA: 0.8837331202116212
BEST_F1_MI: 0.8925497180172157 BEST_F1_MA: 0.8936397640650409 BEST_ACC_MI: 0.8925497180172158 BEST_F1_MA: 0.8951444649012519
[[872  12   9   0]
 [452 352   0   0]
 [ 62  16 668   0]
 [  1   1   3 921]]
Epoch: [26/200], cls_loss: 0.0000, transfer_loss: 0.0000,person_loss: 0.0000, total_Loss: 0.0000
trian begin
trian end
ACC: 88.54259424161472
SAMPLE
F1_MI: 0.8839418224992579 F1_MA: 0.88061975573572 ACC_MI: 0.8839418224992579 F1_MA: 0.8783822494737141
BEST_F1_MI: 0.8925497180172157 BEST_F1_MA: 0.8936397640650409 BEST_ACC_MI: 0.8925497180172158 BEST_F1_MA: 0.8951444649012519
[[744 126  21   2]
 [126 569  98  11]
 [  2   5 739   0]
 [  0   0   0 926]]
Epoch: [27/200], cls_loss: 0.0000, transfer_loss: 0.0000,person_loss: 0.0000, total_Loss: 0.0000
trian begin
trian end
ACC: 79.96438112199466
SAMPLE
F1_MI: 0.7996438112199467 F1_MA: 0.8019508001915987 ACC_MI: 0.7996438112199465 F1_MA: 0.8166649106620063
BEST_F1_MI: 0.8925497180172157 BEST_F1_MA: 0.8936397640650409 BEST_ACC_MI: 0.8925497180172158 BEST_F1_MA: 0.8951444649012519
[[866  14  13   0]
 [513 288   2   1]
 [  0 132 614   0]
 [  0   0   0 926]]
Epoch: [28/200], cls_loss: 0.0000, transfer_loss: 0.0000,person_loss: 0.0000, total_Loss: 0.0000
trian begin
trian end
ACC: 75.27456218462451
SAMPLE
F1_MI: 0.7456218462451766 F1_MA: 0.760568753661748 ACC_MI: 0.7456218462451766 F1_MA: 0.794645541898698
BEST_F1_MI: 0.8925497180172157 BEST_F1_MA: 0.8936397640650409 BEST_ACC_MI: 0.8925497180172158 BEST_F1_MA: 0.8951444649012519
[[800  84   9   0]
 [466 334   2   2]
 [207  87 452   0]
 [  0   0   0 926]]
Epoch: [29/200], cls_loss: 0.0000, transfer_loss: 0.0000,person_loss: 0.0000, total_Loss: 0.0000
trian begin
trian end
ACC: 80.7064410804393
SAMPLE
F1_MI: 0.7996438112199467 F1_MA: 0.8164636021953212 ACC_MI: 0.7996438112199465 F1_MA: 0.8431577435682274
BEST_F1_MI: 0.8925497180172157 BEST_F1_MA: 0.8936397640650409 BEST_ACC_MI: 0.8925497180172158 BEST_F1_MA: 0.8951444649012519
[[827  33  30   3]
 [542 226  36   0]
 [ 30   1 715   0]
 [  0   0   0 926]]
Epoch: [30/200], cls_loss: 0.0000, transfer_loss: 0.0000,person_loss: 0.0000, total_Loss: 0.0000
trian begin
trian end
ACC: 81.24072425051945
SAMPLE
F1_MI: 0.8061739388542596 F1_MA: 0.8129020312479127 ACC_MI: 0.8061739388542595 F1_MA: 0.8285410531103637
BEST_F1_MI: 0.8925497180172157 BEST_F1_MA: 0.8936397640650409 BEST_ACC_MI: 0.8925497180172158 BEST_F1_MA: 0.8951444649012519
[[772 113   7   1]
 [403 393   8   0]
 [ 86  34 626   0]
 [  0   1   0 925]]
Epoch: [31/200], cls_loss: 0.0000, transfer_loss: 0.0000,person_loss: 0.0000, total_Loss: 0.0000
trian begin
trian end
ACC: 84.53547046601365
SAMPLE
F1_MI: 0.8423864648263579 F1_MA: 0.84288907896259 ACC_MI: 0.8423864648263579 F1_MA: 0.8475318572568823
BEST_F1_MI: 0.8925497180172157 BEST_F1_MA: 0.8936397640650409 BEST_ACC_MI: 0.8925497180172158 BEST_F1_MA: 0.8951444649012519
[[750 127  15   1]
 [333 461  10   0]
 [  9  35 702   0]
 [  0   1   0 925]]
Epoch: [32/200], cls_loss: 0.0000, transfer_loss: 0.0000,person_loss: 0.0000, total_Loss: 0.0000
trian begin
trian end
ACC: 79.07390917186109
SAMPLE
F1_MI: 0.790739091718611 F1_MA: 0.7994175098223321 ACC_MI: 0.7907390917186109 F1_MA: 0.8202899674607548
BEST_F1_MI: 0.8925497180172157 BEST_F1_MA: 0.8936397640650409 BEST_ACC_MI: 0.8925497180172158 BEST_F1_MA: 0.8951444649012519
[[852  27  14   0]
 [541 245  18   0]
 [ 44  60 642   0]
 [  0   1   0 925]]
Epoch: [33/200], cls_loss: 0.0000, transfer_loss: 0.0000,person_loss: 0.0000, total_Loss: 0.0000
trian begin
trian end
ACC: 81.7453250222618
SAMPLE
F1_MI: 0.8168596022558623 F1_MA: 0.8300396560651452 ACC_MI: 0.8168596022558623 F1_MA: 0.8515619201174405
BEST_F1_MI: 0.8925497180172157 BEST_F1_MA: 0.8936397640650409 BEST_ACC_MI: 0.8925497180172158 BEST_F1_MA: 0.8951444649012519
[[839  40  14   0]
 [511 251  42   0]
 [  9   1 736   0]
 [  0   0   0 926]]
Epoch: [34/200], cls_loss: 0.0000, transfer_loss: 0.0000,person_loss: 0.0000, total_Loss: 0.0000
trian begin
trian end
ACC: 82.42802018403087
SAMPLE
F1_MI: 0.8239833778569309 F1_MA: 0.8259665855891563 ACC_MI: 0.8239833778569309 F1_MA: 0.835596828570944
BEST_F1_MI: 0.8925497180172157 BEST_F1_MA: 0.8936397640650409 BEST_ACC_MI: 0.8925497180172158 BEST_F1_MA: 0.8951444649012519
[[824  55  14   0]
 [435 332  37   0]
 [  0  51 695   0]
 [  0   1   0 925]]
Epoch: [35/200], cls_loss: 0.0000, transfer_loss: 0.0000,person_loss: 0.0000, total_Loss: 0.0000
trian begin
trian end
ACC: 74.38409023449094
SAMPLE
F1_MI: 0.7438409023449095 F1_MA: 0.7520704238020997 ACC_MI: 0.7438409023449095 F1_MA: 0.7803008904967371
BEST_F1_MI: 0.8925497180172157 BEST_F1_MA: 0.8936397640650409 BEST_ACC_MI: 0.8925497180172158 BEST_F1_MA: 0.8951444649012519
[[878  12   3   0]
 [579 225   0   0]
 [109 157 480   0]
 [  0   3   0 923]]
Epoch: [36/200], cls_loss: 0.0000, transfer_loss: 0.0000,person_loss: 0.0000, total_Loss: 0.0000
trian begin
trian end
ACC: 86.96942712971209
SAMPLE
F1_MI: 0.8661323834965865 F1_MA: 0.8670740501280386 ACC_MI: 0.8661323834965865 F1_MA: 0.8728899405896446
BEST_F1_MI: 0.8925497180172157 BEST_F1_MA: 0.8936397640650409 BEST_ACC_MI: 0.8925497180172158 BEST_F1_MA: 0.8951444649012519
[[832  49  12   0]
 [295 473  36   0]
 [  4  38 704   0]
 [  0  17   0 909]]
Epoch: [37/200], cls_loss: 0.0000, transfer_loss: 0.0000,person_loss: 0.0000, total_Loss: 0.0000
trian begin
trian end
ACC: 84.8619768477293
SAMPLE
F1_MI: 0.8486197684772929 F1_MA: 0.8590774129556585 ACC_MI: 0.8486197684772929 F1_MA: 0.8783953088829006
BEST_F1_MI: 0.8925497180172157 BEST_F1_MA: 0.8936397640650409 BEST_ACC_MI: 0.8925497180172158 BEST_F1_MA: 0.8951444649012519
[[876  14   3   0]
 [433 367   4   0]
 [ 10  46 690   0]
 [  0   0   0 926]]
Epoch: [38/200], cls_loss: 0.0000, transfer_loss: 0.0000,person_loss: 0.0000, total_Loss: 0.0000
trian begin
trian end
ACC: 79.84565152864351
SAMPLE
F1_MI: 0.7984565152864351 F1_MA: 0.8039833067577415 ACC_MI: 0.7984565152864351 F1_MA: 0.8208623884589012
BEST_F1_MI: 0.8925497180172157 BEST_F1_MA: 0.8936397640650409 BEST_ACC_MI: 0.8925497180172158 BEST_F1_MA: 0.8951444649012519
[[872  21   0   0]
 [552 242  10   0]
 [  8  79 659   0]
 [  0   9   0 917]]
Epoch: [39/200], cls_loss: 0.0000, transfer_loss: 0.0000,person_loss: 0.0000, total_Loss: 0.0000
trian begin
trian end
ACC: 79.10359157019887
SAMPLE
F1_MI: 0.7871772039180764 F1_MA: 0.7847362950335766 ACC_MI: 0.7871772039180766 F1_MA: 0.7905213541579945
BEST_F1_MI: 0.8925497180172157 BEST_F1_MA: 0.8936397640650409 BEST_ACC_MI: 0.8925497180172158 BEST_F1_MA: 0.8951444649012519
[[751  14 128   0]
 [417 329  58   0]
 [  0 100 646   0]
 [  0   0   0 926]]
Epoch: [40/200], cls_loss: 0.0000, transfer_loss: 0.0000,person_loss: 0.0000, total_Loss: 0.0000
trian begin
trian end
ACC: 84.6542000593648
SAMPLE
F1_MI: 0.8438705847432473 F1_MA: 0.8584699630598402 ACC_MI: 0.8438705847432473 F1_MA: 0.8819864933228587
BEST_F1_MI: 0.8925497180172157 BEST_F1_MA: 0.8936397640650409 BEST_ACC_MI: 0.8925497180172158 BEST_F1_MA: 0.8951444649012519
[[872  14   2   5]
 [451 337  11   5]
 [ 17  21 708   0]
 [  0   0   0 926]]
Epoch: [41/200], cls_loss: 0.0000, transfer_loss: 0.0000,person_loss: 0.0000, total_Loss: 0.0000
trian begin
trian end
ACC: 86.34609676461858
SAMPLE
F1_MI: 0.8590086078955179 F1_MA: 0.8580034807682706 ACC_MI: 0.8590086078955179 F1_MA: 0.8656655623664149
BEST_F1_MI: 0.8925497180172157 BEST_F1_MA: 0.8936397640650409 BEST_ACC_MI: 0.8925497180172158 BEST_F1_MA: 0.8951444649012519
[[838  35  16   4]
 [264 530  10   0]
 [  7 136 600   3]
 [  0   0   0 926]]
Epoch: [42/200], cls_loss: 0.0000, transfer_loss: 0.0000,person_loss: 0.0000, total_Loss: 0.0000
trian begin
trian end
ACC: 61.175422974176314
SAMPLE
F1_MI: 0.6117542297417632 F1_MA: 0.7015704480521865 ACC_MI: 0.6117542297417632 F1_MA: 0.788093472507468
BEST_F1_MI: 0.8925497180172157 BEST_F1_MA: 0.8936397640650409 BEST_ACC_MI: 0.8925497180172158 BEST_F1_MA: 0.8951444649012519
[[833  28  32   0]
 [217 482 105   0]
 [  0  14 732   0]
 [888  23   1  14]]
Epoch: [43/200], cls_loss: 0.0000, transfer_loss: 0.0000,person_loss: 0.0000, total_Loss: 0.0000
trian begin
trian end
ACC: 85.98990798456515
SAMPLE
F1_MI: 0.8581181359453844 F1_MA: 0.8634292941125086 ACC_MI: 0.8581181359453844 F1_MA: 0.8739108928172475
BEST_F1_MI: 0.8925497180172157 BEST_F1_MA: 0.8936397640650409 BEST_ACC_MI: 0.8925497180172158 BEST_F1_MA: 0.8951444649012519
[[832  54   7   0]
 [366 430   8   0]
 [  2  26 718   0]
 [  0   2  13 911]]
Epoch: [44/200], cls_loss: 0.0000, transfer_loss: 0.0000,person_loss: 0.0000, total_Loss: 0.0000
trian begin
trian end
ACC: 85.78213119620065
SAMPLE
F1_MI: 0.856930840011873 F1_MA: 0.8548960938133194 ACC_MI: 0.8569308400118729 F1_MA: 0.8577894993085728
BEST_F1_MI: 0.8925497180172157 BEST_F1_MA: 0.8936397640650409 BEST_ACC_MI: 0.8925497180172158 BEST_F1_MA: 0.8951444649012519
[[792  78  23   0]
 [262 509  33   0]
 [  2  71 673   0]
 [  0   8   5 913]]
Epoch: [45/200], cls_loss: 0.0000, transfer_loss: 0.0000,person_loss: 0.0000, total_Loss: 0.0000
trian begin
trian end
ACC: 82.07183140397744
SAMPLE
F1_MI: 0.8207183140397745 F1_MA: 0.8268190848671096 ACC_MI: 0.8207183140397745 F1_MA: 0.8448692077727952
BEST_F1_MI: 0.8925497180172157 BEST_F1_MA: 0.8936397640650409 BEST_ACC_MI: 0.8925497180172158 BEST_F1_MA: 0.8951444649012519
[[869  24   0   0]
 [439 365   0   0]
 [ 30 111 605   0]
 [  0   0   0 926]]
Epoch: [46/200], cls_loss: 0.0000, transfer_loss: 0.0000,person_loss: 0.0000, total_Loss: 0.0000
trian begin
trian end
ACC: 81.5375482338973
SAMPLE
F1_MI: 0.811219946571683 F1_MA: 0.8318910635979886 ACC_MI: 0.811219946571683 F1_MA: 0.8640778096441073
BEST_F1_MI: 0.8925497180172157 BEST_F1_MA: 0.8936397640650409 BEST_ACC_MI: 0.8925497180172158 BEST_F1_MA: 0.8951444649012519
[[884   9   0   0]
 [571 222  11   0]
 [ 21  15 710   0]
 [  0   8   1 917]]
Epoch: [47/200], cls_loss: 0.0000, transfer_loss: 0.0000,person_loss: 0.0000, total_Loss: 0.0000
trian begin
trian end
ACC: 80.17215791035916
SAMPLE
F1_MI: 0.7996438112199467 F1_MA: 0.8046287322093516 ACC_MI: 0.7996438112199465 F1_MA: 0.8215036441039664
BEST_F1_MI: 0.8925497180172157 BEST_F1_MA: 0.8936397640650409 BEST_ACC_MI: 0.8925497180172158 BEST_F1_MA: 0.8951444649012519
[[852  36   0   5]
 [499 292   0  13]
 [ 24  98 624   0]
 [  0   0   0 926]]
Epoch: [48/200], cls_loss: 0.0000, transfer_loss: 0.0000,person_loss: 0.0000, total_Loss: 0.0000
trian begin
trian end
ACC: 88.66132383496587
SAMPLE
F1_MI: 0.8863164143662808 F1_MA: 0.8851251127117197 ACC_MI: 0.8863164143662808 F1_MA: 0.8863014623332836
BEST_F1_MI: 0.8925497180172157 BEST_F1_MA: 0.8936397640650409 BEST_ACC_MI: 0.8925497180172158 BEST_F1_MA: 0.8951444649012519
[[773 111   9   0]
 [204 577  23   0]
 [  0  33 713   0]
 [  0   3   0 923]]
Epoch: [49/200], cls_loss: 0.0000, transfer_loss: 0.0000,person_loss: 0.0000, total_Loss: 0.0000
trian begin
trian end
ACC: 82.66547937073315
SAMPLE
F1_MI: 0.8260611457405759 F1_MA: 0.8371102437668013 ACC_MI: 0.8260611457405759 F1_MA: 0.8562146896398504
BEST_F1_MI: 0.8925497180172157 BEST_F1_MA: 0.8936397640650409 BEST_ACC_MI: 0.8925497180172158 BEST_F1_MA: 0.8951444649012519
[[832  43  18   0]
 [482 319   3   0]
 [ 17  21 708   0]
 [  0   2   0 924]]
Epoch: [50/200], cls_loss: 0.0000, transfer_loss: 0.0000,person_loss: 0.0000, total_Loss: 0.0000
trian begin
trian end
ACC: 82.96230335411101
SAMPLE
F1_MI: 0.8293262095577323 F1_MA: 0.8364649615803442 ACC_MI: 0.8293262095577323 F1_MA: 0.8501461972791425
BEST_F1_MI: 0.8925497180172157 BEST_F1_MA: 0.8936397640650409 BEST_ACC_MI: 0.8925497180172158 BEST_F1_MA: 0.8951444649012519
[[825  65   3   0]
 [460 301  43   0]
 [  2   2 742   0]
 [  0   0   0 926]]
Epoch: [51/200], cls_loss: 0.0000, transfer_loss: 0.0000,person_loss: 0.0000, total_Loss: 0.0000
trian begin
trian end
ACC: 80.02374591867023
SAMPLE
F1_MI: 0.790442267735233 F1_MA: 0.7982599975275844 ACC_MI: 0.790442267735233 F1_MA: 0.8152462566411814
BEST_F1_MI: 0.8925497180172157 BEST_F1_MA: 0.8936397640650409 BEST_ACC_MI: 0.8925497180172158 BEST_F1_MA: 0.8951444649012519
[[829  45  19   0]
 [492 193 119   0]
 [ 27   0 719   0]
 [  0   0   4 922]]
Epoch: [52/200], cls_loss: 0.0000, transfer_loss: 0.0000,person_loss: 0.0000, total_Loss: 0.0000
trian begin
trian end
ACC: 82.30929059067972
SAMPLE
F1_MI: 0.8189373701395073 F1_MA: 0.8226568680065824 ACC_MI: 0.8189373701395073 F1_MA: 0.8333583358756479
BEST_F1_MI: 0.8925497180172157 BEST_F1_MA: 0.8936397640650409 BEST_ACC_MI: 0.8925497180172158 BEST_F1_MA: 0.8951444649012519
[[823  64   5   1]
 [458 275  70   1]
 [  0  11 735   0]
 [  0   0   0 926]]
Epoch: [53/200], cls_loss: 0.0000, transfer_loss: 0.0000,person_loss: 0.0000, total_Loss: 0.0000
trian begin
trian end
ACC: 84.71356485604036
SAMPLE
F1_MI: 0.8471356485604037 F1_MA: 0.8508056363860008 ACC_MI: 0.8471356485604037 F1_MA: 0.8597105006930179
BEST_F1_MI: 0.8925497180172157 BEST_F1_MA: 0.8936397640650409 BEST_ACC_MI: 0.8925497180172158 BEST_F1_MA: 0.8951444649012519
[[818  70   5   0]
 [381 371  52   0]
 [  0   6 740   0]
 [  0   1   0 925]]
Epoch: [54/200], cls_loss: 0.0000, transfer_loss: 0.0000,person_loss: 0.0000, total_Loss: 0.0000
trian begin
trian end
ACC: 86.34609676461858
SAMPLE
F1_MI: 0.8622736717126744 F1_MA: 0.8676516226383452 ACC_MI: 0.8622736717126744 F1_MA: 0.8784255004062416
BEST_F1_MI: 0.8925497180172157 BEST_F1_MA: 0.8936397640650409 BEST_ACC_MI: 0.8925497180172158 BEST_F1_MA: 0.8951444649012519
[[834  43  12   4]
 [353 416  32   3]
 [  0  15 729   2]
 [  0   0   0 926]]
Epoch: [55/200], cls_loss: 0.0000, transfer_loss: 0.0000,person_loss: 0.0000, total_Loss: 0.0000
trian begin
trian end
ACC: 58.325912733748886
SAMPLE
F1_MI: 0.5832591273374889 F1_MA: 0.6477743213330548 ACC_MI: 0.5832591273374889 F1_MA: 0.7018950035627867
BEST_F1_MI: 0.8925497180172157 BEST_F1_MA: 0.8936397640650409 BEST_ACC_MI: 0.8925497180172158 BEST_F1_MA: 0.8951444649012519
[[846  33  14   0]
 [425 351  26   2]
 [  0   8 738   0]
 [  0 879  17  30]]
Epoch: [56/200], cls_loss: 0.0000, transfer_loss: 0.0000,person_loss: 0.0000, total_Loss: 0.0000
trian begin
trian end
ACC: 89.13624220837043
SAMPLE
F1_MI: 0.8880973582665479 F1_MA: 0.8855511712837066 ACC_MI: 0.8880973582665479 F1_MA: 0.8868033385281755
BEST_F1_MI: 0.8925497180172157 BEST_F1_MA: 0.8936397640650409 BEST_ACC_MI: 0.8925497180172158 BEST_F1_MA: 0.8951444649012519
[[807  71  13   2]
 [187 560  47  10]
 [  3  44 699   0]
 [  0   0   0 926]]
Epoch: [57/200], cls_loss: 0.0000, transfer_loss: 0.0000,person_loss: 0.0000, total_Loss: 0.0000
trian begin
trian end
ACC: 90.47195013357079
SAMPLE
F1_MI: 0.9041258533689522 F1_MA: 0.90235434617791 ACC_MI: 0.9041258533689522 F1_MA: 0.9021021804414053
BEST_F1_MI: 0.9041258533689522 BEST_F1_MA: 0.90235434617791 BEST_ACC_MI: 0.9041258533689522 BEST_F1_MA: 0.9021021804414053
[[779 105   7   2]
 [149 618  37   0]
 [  0  22 724   0]
 [  0   1   0 925]]
Epoch: [58/200], cls_loss: 0.0000, transfer_loss: 0.0000,person_loss: 0.0000, total_Loss: 0.0000
trian begin
trian end
ACC: 83.67468091421787
SAMPLE
F1_MI: 0.8364499851588009 F1_MA: 0.8423120692010394 ACC_MI: 0.8364499851588009 F1_MA: 0.8538155459318983
BEST_F1_MI: 0.9041258533689522 BEST_F1_MA: 0.90235434617791 BEST_ACC_MI: 0.9041258533689522 BEST_F1_MA: 0.9021021804414053
[[803  53  37   0]
 [395 368  41   0]
 [ 12   9 725   0]
 [  0   3   1 922]]
Epoch: [59/200], cls_loss: 0.0000, transfer_loss: 0.0000,person_loss: 0.0000, total_Loss: 0.0000
trian begin
trian end
ACC: 55.20926090828139
SAMPLE
F1_MI: 0.5461561294152567 F1_MA: 0.5030248533590042 ACC_MI: 0.5461561294152567 F1_MA: 0.45558719568938827
BEST_F1_MI: 0.9041258533689522 BEST_F1_MA: 0.90235434617791 BEST_ACC_MI: 0.9041258533689522 BEST_F1_MA: 0.9021021804414053
[[871   9  13   0]
 [495 293  16   0]
 [ 14  56 676   0]
 [  0  22 904   0]]
Epoch: [60/200], cls_loss: 0.0000, transfer_loss: 0.0000,person_loss: 0.0000, total_Loss: 0.0000
trian begin
trian end
ACC: 76.52122291481152
SAMPLE
F1_MI: 0.7652122291481152 F1_MA: 0.7601036424896823 ACC_MI: 0.7652122291481152 F1_MA: 0.76426497515262
BEST_F1_MI: 0.9041258533689522 BEST_F1_MA: 0.90235434617791 BEST_ACC_MI: 0.9041258533689522 BEST_F1_MA: 0.9021021804414053
[[714  96  81   2]
 [445 341  17   1]
 [  7 142 597   0]
 [  0   0   0 926]]
Epoch: [61/200], cls_loss: 0.0000, transfer_loss: 0.0000,person_loss: 0.0000, total_Loss: 0.0000
trian begin
trian end
ACC: 83.14039774413773
SAMPLE
F1_MI: 0.8314039774413773 F1_MA: 0.8323723844354449 ACC_MI: 0.8314039774413773 F1_MA: 0.8424577883221276
BEST_F1_MI: 0.9041258533689522 BEST_F1_MA: 0.90235434617791 BEST_ACC_MI: 0.9041258533689522 BEST_F1_MA: 0.9021021804414053
[[845  33  15   0]
 [401 381  22   0]
 [  0  97 649   0]
 [  0   0   0 926]]
Epoch: [62/200], cls_loss: 0.0000, transfer_loss: 0.0000,person_loss: 0.0000, total_Loss: 0.0000
trian begin
trian end
ACC: 82.04214900563966
SAMPLE
F1_MI: 0.8150786583555951 F1_MA: 0.8200251795106286 ACC_MI: 0.8150786583555951 F1_MA: 0.8351659529425508
BEST_F1_MI: 0.9041258533689522 BEST_F1_MA: 0.90235434617791 BEST_ACC_MI: 0.9041258533689522 BEST_F1_MA: 0.9021021804414053
[[845  33  15   0]
 [476 326   1   1]
 [ 10  87 649   0]
 [  0   0   0 926]]
Epoch: [63/200], cls_loss: 0.0000, transfer_loss: 0.0000,person_loss: 0.0000, total_Loss: 0.0000
trian begin
trian end
ACC: 83.61531611754229
SAMPLE
F1_MI: 0.8352626892252895 F1_MA: 0.8439585969050682 ACC_MI: 0.8352626892252895 F1_MA: 0.8585953899355379
BEST_F1_MI: 0.9041258533689522 BEST_F1_MA: 0.90235434617791 BEST_ACC_MI: 0.9041258533689522 BEST_F1_MA: 0.9021021804414053
[[828  52  13   0]
 [445 339  20   0]
 [  1   9 736   0]
 [  0   2  13 911]]
Epoch: [64/200], cls_loss: 0.0000, transfer_loss: 0.0000,person_loss: 0.0000, total_Loss: 0.0000
trian begin
trian end
ACC: 83.793410507569
SAMPLE
F1_MI: 0.8373404571089346 F1_MA: 0.8471882955288409 ACC_MI: 0.8373404571089345 F1_MA: 0.8640679469905814
BEST_F1_MI: 0.9041258533689522 BEST_F1_MA: 0.90235434617791 BEST_ACC_MI: 0.9041258533689522 BEST_F1_MA: 0.9021021804414053
[[815  44  26   8]
 [412 378  12   2]
 [ 32  12 702   0]
 [  0   0   0 926]]
Epoch: [65/200], cls_loss: 0.0000, transfer_loss: 0.0000,person_loss: 0.0000, total_Loss: 0.0000
trian begin
trian end
ACC: 81.15167705550608
SAMPLE
F1_MI: 0.8109231225883051 F1_MA: 0.8180700986350241 ACC_MI: 0.8109231225883051 F1_MA: 0.8323857980448336
BEST_F1_MI: 0.9041258533689522 BEST_F1_MA: 0.90235434617791 BEST_ACC_MI: 0.9041258533689522 BEST_F1_MA: 0.9021021804414053
[[793  80  20   0]
 [495 305   4   0]
 [ 19  17 710   0]
 [  0   1   1 924]]
Epoch: [66/200], cls_loss: 0.0000, transfer_loss: 0.0000,person_loss: 0.0000, total_Loss: 0.0000
trian begin
trian end
ACC: 83.17008014247551
SAMPLE
F1_MI: 0.8311071534579995 F1_MA: 0.8290012459552714 ACC_MI: 0.8311071534579995 F1_MA: 0.8283039873982079
BEST_F1_MI: 0.9041258533689522 BEST_F1_MA: 0.90235434617791 BEST_ACC_MI: 0.9041258533689522 BEST_F1_MA: 0.9021021804414053
[[703 162  28   0]
 [312 451  41   0]
 [  0   5 741   0]
 [  0  21   0 905]]
Epoch: [67/200], cls_loss: 0.0000, transfer_loss: 0.0000,person_loss: 0.0000, total_Loss: 0.0000
trian begin
trian end
ACC: 86.25704956960523
SAMPLE
F1_MI: 0.8613831997625409 F1_MA: 0.8640485313395184 ACC_MI: 0.8613831997625409 F1_MA: 0.8730492422661827
BEST_F1_MI: 0.9041258533689522 BEST_F1_MA: 0.90235434617791 BEST_ACC_MI: 0.9041258533689522 BEST_F1_MA: 0.9021021804414053
[[828  60   4   1]
 [336 467   0   1]
 [  0  65 681   0]
 [  0   0   0 926]]
Epoch: [68/200], cls_loss: 0.0000, transfer_loss: 0.0000,person_loss: 0.0000, total_Loss: 0.0000
trian begin
trian end
ACC: 87.59275749480558
SAMPLE
F1_MI: 0.8759275749480558 F1_MA: 0.8765345632723689 ACC_MI: 0.8759275749480558 F1_MA: 0.8780452705199836
BEST_F1_MI: 0.9041258533689522 BEST_F1_MA: 0.90235434617791 BEST_ACC_MI: 0.9041258533689522 BEST_F1_MA: 0.9021021804414053
[[705 185   2   1]
 [191 608   2   3]
 [  3  31 712   0]
 [  0   0   0 926]]
Epoch: [69/200], cls_loss: 0.0000, transfer_loss: 0.0000,person_loss: 0.0000, total_Loss: 0.0000
trian begin
trian end
ACC: 78.45057880676758
SAMPLE
F1_MI: 0.7836153161175423 F1_MA: 0.7928504907715412 ACC_MI: 0.7836153161175423 F1_MA: 0.8154206353314698
BEST_F1_MI: 0.9041258533689522 BEST_F1_MA: 0.90235434617791 BEST_ACC_MI: 0.9041258533689522 BEST_F1_MA: 0.9021021804414053
[[868   5  20   0]
 [583 221   0   0]
 [ 35  81 630   0]
 [  0   5   0 921]]
Epoch: [70/200], cls_loss: 0.0000, transfer_loss: 0.0000,person_loss: 0.0000, total_Loss: 0.0000
trian begin
trian end
ACC: 83.67468091421787
SAMPLE
F1_MI: 0.8305135054912437 F1_MA: 0.8443080361443911 ACC_MI: 0.8305135054912437 F1_MA: 0.8669126206383416
BEST_F1_MI: 0.9041258533689522 BEST_F1_MA: 0.90235434617791 BEST_ACC_MI: 0.9041258533689522 BEST_F1_MA: 0.9021021804414053
[[834  50   6   3]
 [445 351   6   2]
 [ 54   5 687   0]
 [  0   0   0 926]]
Epoch: [71/200], cls_loss: 0.0000, transfer_loss: 0.0000,person_loss: 0.0000, total_Loss: 0.0000
trian begin
trian end
ACC: 86.46482635796973
SAMPLE
F1_MI: 0.8607895517957851 F1_MA: 0.8660513664251542 ACC_MI: 0.8607895517957851 F1_MA: 0.8781605855369807
BEST_F1_MI: 0.9041258533689522 BEST_F1_MA: 0.90235434617791 BEST_ACC_MI: 0.9041258533689522 BEST_F1_MA: 0.9021021804414053
[[858  32   3   0]
 [364 424  16   0]
 [  3  46 697   0]
 [  2   2   1 921]]
Epoch: [72/200], cls_loss: 0.0000, transfer_loss: 0.0000,person_loss: 0.0000, total_Loss: 0.0000
trian begin
trian end
ACC: 74.65123181953102
SAMPLE
F1_MI: 0.670228554467201 F1_MA: 0.7293368554071497 ACC_MI: 0.670228554467201 F1_MA: 0.7812726567753456
BEST_F1_MI: 0.9041258533689522 BEST_F1_MA: 0.90235434617791 BEST_ACC_MI: 0.9041258533689522 BEST_F1_MA: 0.9021021804414053
[[850  30  13   0]
 [324 445  35   0]
 [  0  16 730   0]
 [  0   1 692 233]]
Epoch: [73/200], cls_loss: 0.0000, transfer_loss: 0.0000,person_loss: 0.0000, total_Loss: 0.0000
trian begin
trian end
ACC: 82.69516176907094
SAMPLE
F1_MI: 0.8219056099732859 F1_MA: 0.8263334902254464 ACC_MI: 0.8219056099732859 F1_MA: 0.839672384023892
BEST_F1_MI: 0.9041258533689522 BEST_F1_MA: 0.90235434617791 BEST_ACC_MI: 0.9041258533689522 BEST_F1_MA: 0.9021021804414053
[[740 152   0   1]
 [249 554   0   1]
 [ 18 179 549   0]
 [  0   0   0 926]]
Epoch: [74/200], cls_loss: 0.0000, transfer_loss: 0.0000,person_loss: 0.0000, total_Loss: 0.0000
trian begin
trian end
ACC: 74.8886910062333
SAMPLE
F1_MI: 0.7474027901454438 F1_MA: 0.7517149143189142 ACC_MI: 0.7474027901454438 F1_MA: 0.77584988905069
BEST_F1_MI: 0.9041258533689522 BEST_F1_MA: 0.90235434617791 BEST_ACC_MI: 0.9041258533689522 BEST_F1_MA: 0.9021021804414053
[[886   7   0   0]
 [567 237   0   0]
 [ 65 210 471   0]
 [  0   2   0 924]]
Epoch: [75/200], cls_loss: 0.0000, transfer_loss: 0.0000,person_loss: 0.0000, total_Loss: 0.0000
trian begin
trian end
ACC: 88.60195903829029
SAMPLE
F1_MI: 0.8848322944493915 F1_MA: 0.8853024771154164 ACC_MI: 0.8848322944493915 F1_MA: 0.8894122701116589
BEST_F1_MI: 0.9041258533689522 BEST_F1_MA: 0.90235434617791 BEST_ACC_MI: 0.9041258533689522 BEST_F1_MA: 0.9021021804414053
[[802  75  16   0]
 [251 546   6   1]
 [  0  39 707   0]
 [  0   0   0 926]]
Epoch: [76/200], cls_loss: 0.0000, transfer_loss: 0.0000,person_loss: 0.0000, total_Loss: 0.0000
trian begin
trian end
ACC: 68.15078658355596
SAMPLE
F1_MI: 0.5752448797862867 F1_MA: 0.6447189534635078 ACC_MI: 0.5752448797862867 F1_MA: 0.7131867099415382
BEST_F1_MI: 0.9041258533689522 BEST_F1_MA: 0.90235434617791 BEST_ACC_MI: 0.9041258533689522 BEST_F1_MA: 0.9021021804414053
[[875  14   4   0]
 [517 285   2   0]
 [ 20  41 685   0]
 [  0 832   1  93]]
Epoch: [77/200], cls_loss: 0.0000, transfer_loss: 0.0000,person_loss: 0.0000, total_Loss: 0.0000
trian begin
trian end
ACC: 84.35737607598693
SAMPLE
F1_MI: 0.8397150489759573 F1_MA: 0.840047387727838 ACC_MI: 0.8397150489759573 F1_MA: 0.844938657244295
BEST_F1_MI: 0.9041258533689522 BEST_F1_MA: 0.90235434617791 BEST_ACC_MI: 0.9041258533689522 BEST_F1_MA: 0.9021021804414053
[[715 168   5   5]
 [242 541   4  17]
 [  0  99 647   0]
 [  0   0   0 926]]
Epoch: [78/200], cls_loss: 0.0000, transfer_loss: 0.0000,person_loss: 0.0000, total_Loss: 0.0000
trian begin
trian end
ACC: 86.88037993469872
SAMPLE
F1_MI: 0.8688037993469873 F1_MA: 0.8739542940710833 ACC_MI: 0.8688037993469873 F1_MA: 0.8844692287370934
BEST_F1_MI: 0.9041258533689522 BEST_F1_MA: 0.90235434617791 BEST_ACC_MI: 0.9041258533689522 BEST_F1_MA: 0.9021021804414053
[[838  36  16   3]
 [340 441  19   4]
 [  0  24 722   0]
 [  0   0   0 926]]
Epoch: [79/200], cls_loss: 0.0000, transfer_loss: 0.0000,person_loss: 0.0000, total_Loss: 0.0000
trian begin
trian end
ACC: 81.71564262392401
SAMPLE
F1_MI: 0.8162659542891065 F1_MA: 0.8283501812502211 ACC_MI: 0.8162659542891065 F1_MA: 0.8497843738937789
BEST_F1_MI: 0.9041258533689522 BEST_F1_MA: 0.90235434617791 BEST_ACC_MI: 0.9041258533689522 BEST_F1_MA: 0.9021021804414053
[[847  15  31   0]
 [514 285   5   0]
 [ 11  38 697   0]
 [  0   5   0 921]]
Epoch: [80/200], cls_loss: 0.0000, transfer_loss: 0.0000,person_loss: 0.0000, total_Loss: 0.0000
trian begin
trian end
ACC: 80.23152270703473
SAMPLE
F1_MI: 0.794597803502523 F1_MA: 0.7905077245756276 ACC_MI: 0.794597803502523 F1_MA: 0.7891899490705349
BEST_F1_MI: 0.9041258533689522 BEST_F1_MA: 0.90235434617791 BEST_ACC_MI: 0.9041258533689522 BEST_F1_MA: 0.9021021804414053
[[692 123  78   0]
 [322 351 131   0]
 [  0  12 734   0]
 [  0   8  18 900]]
Epoch: [81/200], cls_loss: 0.0000, transfer_loss: 0.0000,person_loss: 0.0000, total_Loss: 0.0000
trian begin
trian end
ACC: 84.32769367764915
SAMPLE
F1_MI: 0.8420896408429801 F1_MA: 0.8472918048575813 ACC_MI: 0.8420896408429801 F1_MA: 0.8587384985581547
BEST_F1_MI: 0.9041258533689522 BEST_F1_MA: 0.90235434617791 BEST_ACC_MI: 0.9041258533689522 BEST_F1_MA: 0.9021021804414053
[[794  91   1   7]
 [366 433   5   0]
 [ 36  26 684   0]
 [  0   0   0 926]]
Epoch: [82/200], cls_loss: 0.0000, transfer_loss: 0.0000,person_loss: 0.0000, total_Loss: 0.0000
trian begin
trian end
ACC: 80.55802908875037
SAMPLE
F1_MI: 0.8026120510537251 F1_MA: 0.8042317956027982 ACC_MI: 0.8026120510537251 F1_MA: 0.8107284598418117
BEST_F1_MI: 0.9041258533689522 BEST_F1_MA: 0.90235434617791 BEST_ACC_MI: 0.9041258533689522 BEST_F1_MA: 0.9021021804414053
[[722 166   5   0]
 [455 349   0   0]
 [ 11  24 711   0]
 [  0   1   3 922]]
Epoch: [83/200], cls_loss: 0.0000, transfer_loss: 0.0000,person_loss: 0.0000, total_Loss: 0.0000
trian begin
trian end
ACC: 84.47610566933808
SAMPLE
F1_MI: 0.844761056693381 F1_MA: 0.845863005769302 ACC_MI: 0.8447610566933809 F1_MA: 0.853808627099985
BEST_F1_MI: 0.9041258533689522 BEST_F1_MA: 0.90235434617791 BEST_ACC_MI: 0.9041258533689522 BEST_F1_MA: 0.9021021804414053
[[792  99   1   1]
 [320 483   1   0]
 [  0 101 645   0]
 [  0   0   0 926]]
Epoch: [84/200], cls_loss: 0.0000, transfer_loss: 0.0000,person_loss: 0.0000, total_Loss: 0.0000
trian begin
trian end
ACC: 82.51706737904422
SAMPLE
F1_MI: 0.8251706737904423 F1_MA: 0.8250621938097996 ACC_MI: 0.8251706737904423 F1_MA: 0.8302903050182326
BEST_F1_MI: 0.9041258533689522 BEST_F1_MA: 0.90235434617791 BEST_ACC_MI: 0.9041258533689522 BEST_F1_MA: 0.9021021804414053
[[783  93  13   4]
 [387 340  75   2]
 [  6   9 731   0]
 [  0   0   0 926]]
Epoch: [85/200], cls_loss: 0.0000, transfer_loss: 0.0000,person_loss: 0.0000, total_Loss: 0.0000
trian begin
trian end
ACC: 79.84565152864351
SAMPLE
F1_MI: 0.7969723953695459 F1_MA: 0.8134023518346155 ACC_MI: 0.7969723953695459 F1_MA: 0.8409649953912802
BEST_F1_MI: 0.9041258533689522 BEST_F1_MA: 0.90235434617791 BEST_ACC_MI: 0.9041258533689522 BEST_F1_MA: 0.9021021804414053
[[849  42   2   0]
 [587 209   8   0]
 [ 35  10 701   0]
 [  0   0   0 926]]
Epoch: [86/200], cls_loss: 0.0000, transfer_loss: 0.0000,person_loss: 0.0000, total_Loss: 0.0000
trian begin
trian end
ACC: 81.03294746215494
SAMPLE
F1_MI: 0.8085485307212823 F1_MA: 0.810000577058383 ACC_MI: 0.8085485307212823 F1_MA: 0.8204757810776673
BEST_F1_MI: 0.9041258533689522 BEST_F1_MA: 0.90235434617791 BEST_ACC_MI: 0.9041258533689522 BEST_F1_MA: 0.9021021804414053
[[785 106   1   1]
 [402 391   9   2]
 [ 20 104 622   0]
 [  0   0   0 926]]
Epoch: [87/200], cls_loss: 0.0000, transfer_loss: 0.0000,person_loss: 0.0000, total_Loss: 0.0000
trian begin
trian end
ACC: 86.01959038290293
SAMPLE
F1_MI: 0.8593054318788959 F1_MA: 0.8614232688495187 ACC_MI: 0.8593054318788959 F1_MA: 0.8685841308057417
BEST_F1_MI: 0.9041258533689522 BEST_F1_MA: 0.90235434617791 BEST_ACC_MI: 0.9041258533689522 BEST_F1_MA: 0.9021021804414053
[[811  69  12   1]
 [321 444  38   1]
 [ 12  20 714   0]
 [  0   0   0 926]]
Epoch: [88/200], cls_loss: 0.0000, transfer_loss: 0.0000,person_loss: 0.0000, total_Loss: 0.0000
trian begin
trian end
ACC: 82.7842089640843
SAMPLE
F1_MI: 0.8266547937073315 F1_MA: 0.8295037824621881 ACC_MI: 0.8266547937073315 F1_MA: 0.8424988670046418
BEST_F1_MI: 0.9041258533689522 BEST_F1_MA: 0.90235434617791 BEST_ACC_MI: 0.9041258533689522 BEST_F1_MA: 0.9021021804414053
[[848  45   0   0]
 [411 393   0   0]
 [  3 122 621   0]
 [  0   3   0 923]]
Epoch: [89/200], cls_loss: 0.0000, transfer_loss: 0.0000,person_loss: 0.0000, total_Loss: 0.0000
trian begin
trian end
ACC: 83.88245770258237
SAMPLE
F1_MI: 0.8382309290590679 F1_MA: 0.8447095363261103 ACC_MI: 0.8382309290590679 F1_MA: 0.8591411360454326
BEST_F1_MI: 0.9041258533689522 BEST_F1_MA: 0.90235434617791 BEST_ACC_MI: 0.9041258533689522 BEST_F1_MA: 0.9021021804414053
[[849  37   7   0]
 [428 353  23   0]
 [  8  41 697   0]
 [  0   1   0 925]]
Epoch: [90/200], cls_loss: 0.0000, transfer_loss: 0.0000,person_loss: 0.0000, total_Loss: 0.0000
trian begin
trian end
ACC: 83.94182249925794
SAMPLE
F1_MI: 0.8388245770258237 F1_MA: 0.8426349236227995 ACC_MI: 0.8388245770258237 F1_MA: 0.8521418493300803
BEST_F1_MI: 0.9041258533689522 BEST_F1_MA: 0.90235434617791 BEST_ACC_MI: 0.9041258533689522 BEST_F1_MA: 0.9021021804414053
[[806  77   7   3]
 [405 372  17  10]
 [  0  19 723   4]
 [  0   1   0 925]]
Epoch: [91/200], cls_loss: 0.0000, transfer_loss: 0.0000,person_loss: 0.0000, total_Loss: 0.0000
trian begin
trian end
ACC: 86.40546156129415
SAMPLE
F1_MI: 0.8607895517957851 F1_MA: 0.8629602556730724 ACC_MI: 0.8607895517957851 F1_MA: 0.8707814116086747
BEST_F1_MI: 0.9041258533689522 BEST_F1_MA: 0.90235434617791 BEST_ACC_MI: 0.9041258533689522 BEST_F1_MA: 0.9021021804414053
[[782 111   0   0]
 [257 545   2   0]
 [ 38  60 648   0]
 [  0   1   0 925]]
Epoch: [92/200], cls_loss: 0.0000, transfer_loss: 0.0000,person_loss: 0.0000, total_Loss: 0.0000
trian begin
trian end
ACC: 58.83051350549125
SAMPLE
F1_MI: 0.587117839121401 F1_MA: 0.6877663311070843 ACC_MI: 0.587117839121401 F1_MA: 0.7946802102435072
BEST_F1_MI: 0.9041258533689522 BEST_F1_MA: 0.90235434617791 BEST_ACC_MI: 0.9041258533689522 BEST_F1_MA: 0.9021021804414053
[[826  66   1   0]
 [354 440  10   0]
 [ 19  22 705   0]
 [897  22   0   7]]
Epoch: [93/200], cls_loss: 0.0000, transfer_loss: 0.0000,person_loss: 0.0000, total_Loss: 0.0000
trian begin
trian end
ACC: 88.42386464826357
SAMPLE
F1_MI: 0.8830513505491243 F1_MA: 0.8824625671566843 ACC_MI: 0.8830513505491243 F1_MA: 0.8844771206878301
BEST_F1_MI: 0.9041258533689522 BEST_F1_MA: 0.90235434617791 BEST_ACC_MI: 0.9041258533689522 BEST_F1_MA: 0.9021021804414053
[[791  92  10   0]
 [235 528  41   0]
 [  3  10 733   0]
 [  0   2   1 923]]
Epoch: [94/200], cls_loss: 0.0000, transfer_loss: 0.0000,person_loss: 0.0000, total_Loss: 0.0000
trian begin
trian end
ACC: 86.79133273968537
SAMPLE
F1_MI: 0.8673196794300979 F1_MA: 0.87302211531418 ACC_MI: 0.8673196794300979 F1_MA: 0.8843144283883031
BEST_F1_MI: 0.9041258533689522 BEST_F1_MA: 0.90235434617791 BEST_ACC_MI: 0.9041258533689522 BEST_F1_MA: 0.9021021804414053
[[841  19  32   1]
 [333 434  36   1]
 [  1  24 721   0]
 [  0   0   0 926]]
Epoch: [95/200], cls_loss: 0.0000, transfer_loss: 0.0000,person_loss: 0.0000, total_Loss: 0.0000
trian begin
trian end
ACC: 87.05847432472544
SAMPLE
F1_MI: 0.8705847432472544 F1_MA: 0.8714025424718379 ACC_MI: 0.8705847432472544 F1_MA: 0.8798432622149002
BEST_F1_MI: 0.9041258533689522 BEST_F1_MA: 0.90235434617791 BEST_ACC_MI: 0.9041258533689522 BEST_F1_MA: 0.9021021804414053
[[854  27   8   4]
 [286 511   5   2]
 [  1 103 642   0]
 [  0   0   0 926]]
Epoch: [96/200], cls_loss: 0.0000, transfer_loss: 0.0000,person_loss: 0.0000, total_Loss: 0.0000
trian begin
trian end
ACC: 84.56515286435143
SAMPLE
F1_MI: 0.8456515286435144 F1_MA: 0.8510969763167876 ACC_MI: 0.8456515286435144 F1_MA: 0.8632602860226171
BEST_F1_MI: 0.9041258533689522 BEST_F1_MA: 0.90235434617791 BEST_ACC_MI: 0.9041258533689522 BEST_F1_MA: 0.9021021804414053
[[830  61   2   0]
 [398 396  10   0]
 [ 11  35 700   0]
 [  0   3   0 923]]
Epoch: [97/200], cls_loss: 0.0000, transfer_loss: 0.0000,person_loss: 0.0000, total_Loss: 0.0000
trian begin
trian end
ACC: 85.15880083110716
SAMPLE
F1_MI: 0.848916592460671 F1_MA: 0.8578878699165613 ACC_MI: 0.8489165924606709 F1_MA: 0.8726414715462302
BEST_F1_MI: 0.9041258533689522 BEST_F1_MA: 0.90235434617791 BEST_ACC_MI: 0.9041258533689522 BEST_F1_MA: 0.9021021804414053
[[823  17  52   1]
 [380 379  45   0]
 [  0  13 733   0]
 [  0   1   0 925]]
Epoch: [98/200], cls_loss: 0.0000, transfer_loss: 0.0000,person_loss: 0.0000, total_Loss: 0.0000
trian begin
trian end
ACC: 81.38913624220837
SAMPLE
F1_MI: 0.8127040664885724 F1_MA: 0.819934412899921 ACC_MI: 0.8127040664885723 F1_MA: 0.8381686875891583
BEST_F1_MI: 0.9041258533689522 BEST_F1_MA: 0.90235434617791 BEST_ACC_MI: 0.9041258533689522 BEST_F1_MA: 0.9021021804414053
[[880   9   4   0]
 [518 276  10   0]
 [  4  79 663   0]
 [  0   4   3 919]]
Epoch: [99/200], cls_loss: 0.0000, transfer_loss: 0.0000,person_loss: 0.0000, total_Loss: 0.0000
trian begin
trian end
ACC: 58.59305431878896
SAMPLE
F1_MI: 0.5853368952211339 F1_MA: 0.647191895123311 ACC_MI: 0.5853368952211339 F1_MA: 0.7057696460941583
BEST_F1_MI: 0.9041258533689522 BEST_F1_MA: 0.90235434617791 BEST_ACC_MI: 0.9041258533689522 BEST_F1_MA: 0.9021021804414053
[[844  17  32   0]
 [478 303  23   0]
 [  1  64 681   0]
 [  0 782   0 144]]
Epoch: [100/200], cls_loss: 0.0000, transfer_loss: 0.0000,person_loss: 0.0000, total_Loss: 0.0000
trian begin
trian end
ACC: 82.5764321757198
SAMPLE
F1_MI: 0.8219056099732859 F1_MA: 0.8265956651994665 ACC_MI: 0.8219056099732859 F1_MA: 0.8390567148948936
BEST_F1_MI: 0.9041258533689522 BEST_F1_MA: 0.90235434617791 BEST_ACC_MI: 0.9041258533689522 BEST_F1_MA: 0.9021021804414053
[[811  74   8   0]
 [456 347   1   0]
 [  9  52 685   0]
 [  0   0   0 926]]
Epoch: [101/200], cls_loss: 0.0000, transfer_loss: 0.0000,person_loss: 0.0000, total_Loss: 0.0000
trian begin
trian end
ACC: 82.01246660730187
SAMPLE
F1_MI: 0.8162659542891065 F1_MA: 0.8184610621232189 ACC_MI: 0.8162659542891065 F1_MA: 0.827352773704643
BEST_F1_MI: 0.9041258533689522 BEST_F1_MA: 0.90235434617791 BEST_ACC_MI: 0.9041258533689522 BEST_F1_MA: 0.9021021804414053
[[771 121   0   1]
 [432 371   0   1]
 [  5  59 682   0]
 [  0   0   0 926]]
Epoch: [102/200], cls_loss: 0.0000, transfer_loss: 0.0000,person_loss: 0.0000, total_Loss: 0.0000
trian begin
trian end
ACC: 79.8753339269813
SAMPLE
F1_MI: 0.798753339269813 F1_MA: 0.7953442217556396 ACC_MI: 0.798753339269813 F1_MA: 0.797125942562128
BEST_F1_MI: 0.9041258533689522 BEST_F1_MA: 0.90235434617791 BEST_ACC_MI: 0.9041258533689522 BEST_F1_MA: 0.9021021804414053
[[682 133  78   0]
 [349 442  13   0]
 [  1  98 647   0]
 [  0   6   0 920]]
Epoch: [103/200], cls_loss: 0.0000, transfer_loss: 0.0000,person_loss: 0.0000, total_Loss: 0.0000
trian begin
trian end
ACC: 89.93766696349066
SAMPLE
F1_MI: 0.8967052537845058 F1_MA: 0.8958561019338003 ACC_MI: 0.8967052537845058 F1_MA: 0.8964175488811025
BEST_F1_MI: 0.9041258533689522 BEST_F1_MA: 0.90235434617791 BEST_ACC_MI: 0.9041258533689522 BEST_F1_MA: 0.9021021804414053
[[769 102  21   1]
 [192 594  17   1]
 [  1  13 732   0]
 [  0   0   0 926]]
Epoch: [104/200], cls_loss: 0.0000, transfer_loss: 0.0000,person_loss: 0.0000, total_Loss: 0.0000
trian begin
trian end
ACC: 86.19768477292965
SAMPLE
F1_MI: 0.8619768477292965 F1_MA: 0.862822369043902 ACC_MI: 0.8619768477292965 F1_MA: 0.8663804645783393
BEST_F1_MI: 0.9041258533689522 BEST_F1_MA: 0.90235434617791 BEST_ACC_MI: 0.9041258533689522 BEST_F1_MA: 0.9021021804414053
[[723 170   0   0]
 [232 569   3   0]
 [  6  53 687   0]
 [  0   1   0 925]]
Epoch: [105/200], cls_loss: 0.0000, transfer_loss: 0.0000,person_loss: 0.0000, total_Loss: 0.0000
trian begin
trian end
ACC: 80.43929949539923
SAMPLE
F1_MI: 0.8043929949539923 F1_MA: 0.8124230044657172 ACC_MI: 0.8043929949539923 F1_MA: 0.8318759375064253
BEST_F1_MI: 0.9041258533689522 BEST_F1_MA: 0.90235434617791 BEST_ACC_MI: 0.9041258533689522 BEST_F1_MA: 0.9021021804414053
[[823  68   2   0]
 [433 369   2   0]
 [ 77  72 597   0]
 [  0   0   5 921]]
Epoch: [106/200], cls_loss: 0.0000, transfer_loss: 0.0000,person_loss: 0.0000, total_Loss: 0.0000
trian begin
trian end
ACC: 85.04007123775601
SAMPLE
F1_MI: 0.8504007123775601 F1_MA: 0.8589212370819548 ACC_MI: 0.8504007123775601 F1_MA: 0.8664689440926192
BEST_F1_MI: 0.9041258533689522 BEST_F1_MA: 0.90235434617791 BEST_ACC_MI: 0.9041258533689522 BEST_F1_MA: 0.9021021804414053
[[589 297   7   0]
 [117 686   1   0]
 [  0  70 676   0]
 [  0  11   1 914]]
Epoch: [107/200], cls_loss: 0.0000, transfer_loss: 0.0000,person_loss: 0.0000, total_Loss: 0.0000
trian begin
trian end
ACC: 85.78213119620065
SAMPLE
F1_MI: 0.8572276639952507 F1_MA: 0.8578612327476574 ACC_MI: 0.8572276639952509 F1_MA: 0.8618651239136157
BEST_F1_MI: 0.9041258533689522 BEST_F1_MA: 0.90235434617791 BEST_ACC_MI: 0.9041258533689522 BEST_F1_MA: 0.9021021804414053
[[738 155   0   0]
 [260 539   5   0]
 [  6  53 687   0]
 [  0   2   0 924]]
Epoch: [108/200], cls_loss: 0.0000, transfer_loss: 0.0000,person_loss: 0.0000, total_Loss: 0.0000
[[779 105   7   2]
 [149 618  37   0]
 [  0  22 724   0]
 [  0   1   0 925]]
[[779 105   7   2]
 [149 618  37   0]
 [  0  22 724   0]
 [  0   1   0 925]]
WHAT: False
{'best_f1': 0.90235434617791, 'best_matrix': [[779, 105, 7, 2], [149, 618, 37, 0], [0, 22, 724, 0], [0, 1, 0, 925]], 'args': 0.1}
{"best_f1": 0.90235434617791, "best_matrix": [[779, 105, 7, 2], [149, 618, 37, 0], [0, 22, 724, 0], [0, 1, 0, 925]], "args": 0.1}
ARG: Namespace(backbone='resnet50', batch_size=32, config='MEDA/MEDA.yaml', data_dir='data', device=device(type='cuda'), early_stop=50, epoch_based_training=False, lr=0.003, lr_decay=0.75, lr_gamma=0.0003, lr_scheduler=True, max_iter=21000, method='False', momentum=0.9, myweight=0.1, n_class=4, n_epoch=200, n_iter_per_epoch=105, num_workers=7, seed=2, src_domain='PAMAP2', tgt_domain='UCI', tname='transfer', transfer_loss='twommd', transfer_loss_weight=0.5, use_bottleneck=True, weight_decay=0.0005)
