lmmd 1 PAMAP2 WISDM DSAN/DSAN.yaml True
Namespace(backbone='resnet50', batch_size=32, config='DSAN/DSAN.yaml', data_dir='data', device=device(type='cuda'), early_stop=50, epoch_based_training=False, lr=0.003, lr_decay=0.75, lr_gamma=0.0003, lr_scheduler=True, method='True', momentum=0.9, myweight=0.1, n_epoch=200, n_iter_per_epoch=200, num_workers=3, seed=1, src_domain='PAMAP2', tgt_domain='WISDM', tname='transfer', transfer_loss='lmmd', transfer_loss_weight=0.5, use_bottleneck=True, weight_decay=0.0005)
JUST DO IT
run my Parkinson code
transfer
TRAIN Length: 4727 361 TEST Length: 13609 322
YYY: 0 3
DATA_PROFILE   train: 4727 train2: 13609 test: 13609
DATASET.SHAPE: <data_loader.GetTrainLoader object at 0x7efd3f145130> True
DATASET.SHAPE: <data_loader.GetTrainLoader object at 0x7efd3f1b9280> True
DATASET.SHAPE: <data_loader.GetTestLoader object at 0x7efd3f1c6af0> False
CLASS: 4 322
LLL: {}
BOTTLENECK_LIST: [Linear(in_features=512, out_features=256, bias=True), ReLU()]
TYPE: {'loss_type': 'lmmd', 'max_iter': 29400, 'num_class': 4, 'my_person_item': <my_person_item.PersonItem object at 0x7efd3efb9970>}
KWARGS {'my_person_item': <my_person_item.PersonItem object at 0x7efd3efb9970>}
initial_lr 1.0
transfer_world
method True <class 'str'>
1.8.1+cu111
True
LEN: 0 0
LOADER: <data_loader.InfiniteDataLoader object at 0x7efd3f1b9d60> <data_loader.InfiniteDataLoader object at 0x7efd3efb9430>
N_batch: 147
trian begin
trian end
n_person 322
SAMPLE
F1_MI: 0.6219413623337497 F1_MA: 0.6030787109956364 ACC_MI: 0.6219413623337497 F1_MA: 0.579845806936293
BEST_F1_MI: 0.6219413623337497 BEST_F1_MA: 0.6030787109956364 BEST_ACC_MI: 0.6219413623337497 BEST_F1_MA: 0.579845806936293
[[5547 2279  349   83]
 [ 363 1099  688  191]
 [ 680  482  712   27]
 [   0    3    0 1106]]
Epoch: [ 1/200], cls_loss: 0.6528, transfer_loss: 0.0003,person_loss: -1.8413, total_Loss: 0.4688
trian begin
trian end
n_person 322
SAMPLE
F1_MI: 0.5874053934896025 F1_MA: 0.36397029520020246 ACC_MI: 0.5874053934896025 F1_MA: 0.41269093401805945
BEST_F1_MI: 0.6219413623337497 BEST_F1_MA: 0.6030787109956364 BEST_ACC_MI: 0.6219413623337497 BEST_F1_MA: 0.579845806936293
[[7160   78  640  380]
 [ 737  196  825  583]
 [1061   38  596  206]
 [   0    1 1066   42]]
Epoch: [ 2/200], cls_loss: 0.4011, transfer_loss: 0.0012,person_loss: -1.9204, total_Loss: 0.2097
trian begin
trian end
n_person 322
SAMPLE
F1_MI: 0.5194356675729297 F1_MA: 0.5276417240451857 ACC_MI: 0.5194356675729297 F1_MA: 0.4896857926163893
BEST_F1_MI: 0.6219413623337497 BEST_F1_MA: 0.6030787109956364 BEST_ACC_MI: 0.6219413623337497 BEST_F1_MA: 0.579845806936293
[[4350 3070  745   93]
 [ 264  860  652  565]
 [ 551  417  752  181]
 [   0    2    0 1107]]
Epoch: [ 3/200], cls_loss: 0.3510, transfer_loss: 0.0022,person_loss: -1.9385, total_Loss: 0.1582
trian begin
trian end
n_person 322
SAMPLE
F1_MI: 0.6311264604305974 F1_MA: 0.6288651504525464 ACC_MI: 0.6311264604305974 F1_MA: 0.6070540029508995
BEST_F1_MI: 0.6311264604305974 BEST_F1_MA: 0.6288651504525464 BEST_ACC_MI: 0.6311264604305974 BEST_F1_MA: 0.6070540029508995
[[5516  788 1889   65]
 [ 422  918  870  131]
 [ 643  173 1049   36]
 [   0    2    1 1106]]
Epoch: [ 4/200], cls_loss: 0.2980, transfer_loss: 0.0027,person_loss: -1.9484, total_Loss: 0.1045
trian begin
trian end
n_person 322
SAMPLE
F1_MI: 0.511940627525902 F1_MA: 0.5712824231056375 ACC_MI: 0.511940627525902 F1_MA: 0.5536585380145049
BEST_F1_MI: 0.6311264604305974 BEST_F1_MA: 0.6288651504525464 BEST_ACC_MI: 0.6311264604305974 BEST_F1_MA: 0.6070540029508995
[[4052 2523 1680    3]
 [ 390  787 1087   77]
 [ 685  186 1026    4]
 [   0    3    4 1102]]
Epoch: [ 5/200], cls_loss: 0.2620, transfer_loss: 0.0038,person_loss: -1.9545, total_Loss: 0.0684
trian begin
trian end
n_person 322
SAMPLE
F1_MI: 0.5757219487104123 F1_MA: 0.5729993277694655 ACC_MI: 0.5757219487104123 F1_MA: 0.5220705559850289
BEST_F1_MI: 0.6311264604305974 BEST_F1_MA: 0.6288651504525464 BEST_ACC_MI: 0.6311264604305974 BEST_F1_MA: 0.6070540029508995
[[4741 1601 1607  309]
 [ 241  783  951  366]
 [ 417  162 1205  117]
 [   0    2    1 1106]]
Epoch: [ 6/200], cls_loss: 0.2290, transfer_loss: 0.0055,person_loss: -1.9585, total_Loss: 0.0359
trian begin
trian end
n_person 322
SAMPLE
F1_MI: 0.5279594386068043 F1_MA: 0.5690903127689149 ACC_MI: 0.5279594386068043 F1_MA: 0.5701859154418336
BEST_F1_MI: 0.6311264604305974 BEST_F1_MA: 0.6288651504525464 BEST_ACC_MI: 0.6311264604305974 BEST_F1_MA: 0.6070540029508995
[[4216 2649 1375   18]
 [ 312 1085  849   95]
 [ 386  433 1067   15]
 [   0    3  289  817]]
Epoch: [ 7/200], cls_loss: 0.2470, transfer_loss: 0.0052,person_loss: -1.9578, total_Loss: 0.0539
trian begin
trian end
n_person 322
SAMPLE
F1_MI: 0.5644793886398707 F1_MA: 0.5670392166774573 ACC_MI: 0.5644793886398707 F1_MA: 0.524366693439154
BEST_F1_MI: 0.6311264604305974 BEST_F1_MA: 0.6288651504525464 BEST_ACC_MI: 0.6311264604305974 BEST_F1_MA: 0.6070540029508995
[[4767 1668 1682  141]
 [ 387  581 1104  269]
 [ 494  122 1227   58]
 [   0    2    0 1107]]
Epoch: [ 8/200], cls_loss: 0.2287, transfer_loss: 0.0070,person_loss: -1.9573, total_Loss: 0.0364
trian begin
trian end
n_person 322
SAMPLE
F1_MI: 0.5991623190535675 F1_MA: 0.5798703437076607 ACC_MI: 0.5991623190535675 F1_MA: 0.5619721781076369
BEST_F1_MI: 0.6311264604305974 BEST_F1_MA: 0.6288651504525464 BEST_ACC_MI: 0.6311264604305974 BEST_F1_MA: 0.6070540029508995
[[5560 1582 1107    9]
 [ 664  582 1005   90]
 [ 767  215  906   13]
 [   0    2    1 1106]]
Epoch: [ 9/200], cls_loss: 0.2140, transfer_loss: 0.0048,person_loss: -1.9567, total_Loss: 0.0207
trian begin
trian end
n_person 322
SAMPLE
F1_MI: 0.5620545227423029 F1_MA: 0.5589984251840348 ACC_MI: 0.5620545227423029 F1_MA: 0.516096852956716
BEST_F1_MI: 0.6311264604305974 BEST_F1_MA: 0.6288651504525464 BEST_ACC_MI: 0.6311264604305974 BEST_F1_MA: 0.6070540029508995
[[4763 2226 1146  123]
 [ 391  729  852  369]
 [ 559  202 1050   90]
 [   0    2    0 1107]]
Epoch: [10/200], cls_loss: 0.2083, transfer_loss: 0.0061,person_loss: -1.9615, total_Loss: 0.0151
trian begin
trian end
n_person 322
SAMPLE
F1_MI: 0.5655816004114924 F1_MA: 0.5924249272865657 ACC_MI: 0.5655816004114924 F1_MA: 0.5774706438960066
BEST_F1_MI: 0.6311264604305974 BEST_F1_MA: 0.6288651504525464 BEST_ACC_MI: 0.6311264604305974 BEST_F1_MA: 0.6070540029508995
[[4595 2270 1365   28]
 [ 365 1095  781  100]
 [ 506  295 1068   32]
 [   0    3  167  939]]
Epoch: [11/200], cls_loss: 0.1924, transfer_loss: 0.0088,person_loss: -1.9619, total_Loss: 0.0006
trian begin
trian end
n_person 322
SAMPLE
F1_MI: 0.4862958336395033 F1_MA: 0.5126156935229721 ACC_MI: 0.4862958336395033 F1_MA: 0.46934317000885417
BEST_F1_MI: 0.6311264604305974 BEST_F1_MA: 0.6288651504525464 BEST_ACC_MI: 0.6311264604305974 BEST_F1_MA: 0.6070540029508995
[[3879 2982 1055  342]
 [ 276  681  901  483]
 [ 473  371  952  105]
 [   0    2    1 1106]]
Epoch: [12/200], cls_loss: 0.1849, transfer_loss: 0.0064,person_loss: -1.9537, total_Loss: -0.0073
trian begin
trian end
n_person 322
SAMPLE
F1_MI: 0.5379528253361746 F1_MA: 0.5544121913369828 ACC_MI: 0.5379528253361746 F1_MA: 0.5149343142808602
BEST_F1_MI: 0.6311264604305974 BEST_F1_MA: 0.6288651504525464 BEST_ACC_MI: 0.6311264604305974 BEST_F1_MA: 0.6070540029508995
[[4406 2582 1172   98]
 [ 358  812  830  341]
 [ 588  235  998   80]
 [   0    2    2 1105]]
Epoch: [13/200], cls_loss: 0.1848, transfer_loss: 0.0060,person_loss: -1.9646, total_Loss: -0.0087
trian begin
trian end
n_person 322
SAMPLE
F1_MI: 0.5680064663090602 F1_MA: 0.5856029188082696 ACC_MI: 0.5680064663090602 F1_MA: 0.5385009115421758
BEST_F1_MI: 0.6311264604305974 BEST_F1_MA: 0.6288651504525464 BEST_ACC_MI: 0.6311264604305974 BEST_F1_MA: 0.6070540029508995
[[4555 1968 1653   82]
 [ 283  715  994  349]
 [ 348  115 1353   85]
 [   0    2    0 1107]]
Epoch: [14/200], cls_loss: 0.1648, transfer_loss: 0.0062,person_loss: -1.9649, total_Loss: -0.0286
trian begin
trian end
n_person 322
SAMPLE
F1_MI: 0.5714600631934749 F1_MA: 0.5974293752138324 ACC_MI: 0.5714600631934749 F1_MA: 0.5730876242836864
BEST_F1_MI: 0.6311264604305974 BEST_F1_MA: 0.6288651504525464 BEST_ACC_MI: 0.6311264604305974 BEST_F1_MA: 0.6070540029508995
[[4728 2389 1123   18]
 [ 451  973  793  124]
 [ 541  365  970   25]
 [   0    3    0 1106]]
Epoch: [15/200], cls_loss: 0.1854, transfer_loss: 0.0084,person_loss: -1.9664, total_Loss: -0.0071
trian begin
trian end
n_person 322
SAMPLE
F1_MI: 0.5481666544198692 F1_MA: 0.5698557152782324 ACC_MI: 0.5481666544198692 F1_MA: 0.5497436741715048
BEST_F1_MI: 0.6311264604305974 BEST_F1_MA: 0.6288651504525464 BEST_ACC_MI: 0.6311264604305974 BEST_F1_MA: 0.6070540029508995
[[4645 2652  942   19]
 [ 536  836  820  149]
 [ 625  348  900   28]
 [   0    6   24 1079]]
Epoch: [16/200], cls_loss: 0.1614, transfer_loss: 0.0077,person_loss: -1.9620, total_Loss: -0.0310
trian begin
trian end
n_person 322
SAMPLE
F1_MI: 0.5661694466896906 F1_MA: 0.5656855413604706 ACC_MI: 0.5661694466896906 F1_MA: 0.5405362833261907
BEST_F1_MI: 0.6311264604305974 BEST_F1_MA: 0.6288651504525464 BEST_ACC_MI: 0.6311264604305974 BEST_F1_MA: 0.6070540029508995
[[4987 2296  963   12]
 [ 644  765  733  199]
 [ 762  257  848   34]
 [   0    3    1 1105]]
Epoch: [17/200], cls_loss: 0.1645, transfer_loss: 0.0113,person_loss: -1.9637, total_Loss: -0.0262
trian begin
trian end
n_person 322
SAMPLE
F1_MI: 0.541847306929238 F1_MA: 0.5918318674932358 ACC_MI: 0.541847306929238 F1_MA: 0.5604102947547958
BEST_F1_MI: 0.6311264604305974 BEST_F1_MA: 0.6288651504525464 BEST_ACC_MI: 0.6311264604305974 BEST_F1_MA: 0.6070540029508995
[[4187 2877 1150   44]
 [ 309  921  928  183]
 [ 389  306 1160   46]
 [   0    3    0 1106]]
Epoch: [18/200], cls_loss: 0.1489, transfer_loss: 0.0113,person_loss: -1.9639, total_Loss: -0.0419
trian begin
trian end
n_person 322
SAMPLE
F1_MI: 0.5444191343963554 F1_MA: 0.559258827275044 ACC_MI: 0.5444191343963554 F1_MA: 0.5194206185454588
BEST_F1_MI: 0.6311264604305974 BEST_F1_MA: 0.6288651504525464 BEST_ACC_MI: 0.6311264604305974 BEST_F1_MA: 0.6070540029508995
[[4498 2603 1026  131]
 [ 425  694  952  270]
 [ 387  276 1111  127]
 [   0    3    0 1106]]
Epoch: [19/200], cls_loss: 0.1467, transfer_loss: 0.0100,person_loss: -1.9663, total_Loss: -0.0450
trian begin
trian end
n_person 322
SAMPLE
F1_MI: 0.5006245866705856 F1_MA: 0.5666046433038248 ACC_MI: 0.5006245866705856 F1_MA: 0.5446758327859561
BEST_F1_MI: 0.6311264604305974 BEST_F1_MA: 0.6288651504525464 BEST_ACC_MI: 0.6311264604305974 BEST_F1_MA: 0.6070540029508995
[[3870 3304 1044   40]
 [ 244  712 1217  168]
 [ 343  392 1126   40]
 [   0    2    2 1105]]
Epoch: [20/200], cls_loss: 0.1515, transfer_loss: 0.0085,person_loss: -1.9677, total_Loss: -0.0410
trian begin
trian end
n_person 322
SAMPLE
F1_MI: 0.5466235579395988 F1_MA: 0.5712672989778111 ACC_MI: 0.5466235579395988 F1_MA: 0.5347893906659013
BEST_F1_MI: 0.6311264604305974 BEST_F1_MA: 0.6288651504525464 BEST_ACC_MI: 0.6311264604305974 BEST_F1_MA: 0.6070540029508995
[[4419 2715 1018  106]
 [ 267  879  954  241]
 [ 445  314 1035  107]
 [   0    3    0 1106]]
Epoch: [21/200], cls_loss: 0.1419, transfer_loss: 0.0095,person_loss: -1.9663, total_Loss: -0.0499
trian begin
trian end
n_person 322
SAMPLE
F1_MI: 0.5480196928503196 F1_MA: 0.5850894175795271 ACC_MI: 0.5480196928503196 F1_MA: 0.5692354993958529
BEST_F1_MI: 0.6311264604305974 BEST_F1_MA: 0.6288651504525464 BEST_ACC_MI: 0.6311264604305974 BEST_F1_MA: 0.6070540029508995
[[4467 2924  848   19]
 [ 428 1124  686  103]
 [ 623  466  791   21]
 [   0    3   30 1076]]
Epoch: [22/200], cls_loss: 0.1334, transfer_loss: 0.0095,person_loss: -1.9664, total_Loss: -0.0585
trian begin
trian end
n_person 322
SAMPLE
F1_MI: 0.5852744507311338 F1_MA: 0.6048262116676345 ACC_MI: 0.5852744507311338 F1_MA: 0.5869119872351104
BEST_F1_MI: 0.6311264604305974 BEST_F1_MA: 0.6288651504525464 BEST_ACC_MI: 0.6311264604305974 BEST_F1_MA: 0.6070540029508995
[[4941 2331  954   32]
 [ 524  921  829   67]
 [ 472  362 1045   22]
 [   0    4   47 1058]]
Epoch: [23/200], cls_loss: 0.1339, transfer_loss: 0.0122,person_loss: -1.9660, total_Loss: -0.0566
trian begin
trian end
n_person 322
SAMPLE
F1_MI: 0.5020207215813065 F1_MA: 0.5013805267246861 ACC_MI: 0.5020207215813065 F1_MA: 0.45766218638962575
BEST_F1_MI: 0.6311264604305974 BEST_F1_MA: 0.6288651504525464 BEST_ACC_MI: 0.6311264604305974 BEST_F1_MA: 0.6070540029508995
[[4277 2890  875  216]
 [ 393  608  768  572]
 [ 466  267  841  327]
 [   0    3    0 1106]]
Epoch: [24/200], cls_loss: 0.1286, transfer_loss: 0.0106,person_loss: -1.9629, total_Loss: -0.0623
trian begin
trian end
n_person 322
SAMPLE
F1_MI: 0.5486075391285179 F1_MA: 0.55519060443273 ACC_MI: 0.5486075391285179 F1_MA: 0.5121781551503155
BEST_F1_MI: 0.6311264604305974 BEST_F1_MA: 0.6288651504525464 BEST_ACC_MI: 0.6311264604305974 BEST_F1_MA: 0.6070540029508995
[[4583 2597  989   89]
 [ 283  634 1034  390]
 [ 338  233 1143  187]
 [   0    3    0 1106]]
Epoch: [25/200], cls_loss: 0.1230, transfer_loss: 0.0115,person_loss: -1.9644, total_Loss: -0.0677
trian begin
trian end
n_person 322
SAMPLE
F1_MI: 0.5547799250495995 F1_MA: 0.5918218820030657 ACC_MI: 0.5547799250495995 F1_MA: 0.562735214753439
BEST_F1_MI: 0.6311264604305974 BEST_F1_MA: 0.6288651504525464 BEST_ACC_MI: 0.6311264604305974 BEST_F1_MA: 0.6070540029508995
[[4440 2861  905   52]
 [ 313  935  929  164]
 [ 375  384 1070   72]
 [   0    3    1 1105]]
Epoch: [26/200], cls_loss: 0.1315, transfer_loss: 0.0094,person_loss: -1.9659, total_Loss: -0.0604
trian begin
trian end
n_person 322
SAMPLE
F1_MI: 0.5635976192225733 F1_MA: 0.6021424315331548 ACC_MI: 0.5635976192225733 F1_MA: 0.5760796797600594
BEST_F1_MI: 0.6311264604305974 BEST_F1_MA: 0.6288651504525464 BEST_ACC_MI: 0.6311264604305974 BEST_F1_MA: 0.6070540029508995
[[4507 2782  939   30]
 [ 320  998  899  124]
 [ 396  373 1069   63]
 [   0    4    9 1096]]
Epoch: [27/200], cls_loss: 0.1217, transfer_loss: 0.0097,person_loss: -1.9715, total_Loss: -0.0706
trian begin
trian end
n_person 322
SAMPLE
F1_MI: 0.5250936880005879 F1_MA: 0.5364025437254705 ACC_MI: 0.5250936880005879 F1_MA: 0.4967356089645781
BEST_F1_MI: 0.6311264604305974 BEST_F1_MA: 0.6288651504525464 BEST_ACC_MI: 0.6311264604305974 BEST_F1_MA: 0.6070540029508995
[[4368 3029  718  143]
 [ 290  748  816  487]
 [ 412  356  924  209]
 [   0    3    0 1106]]
Epoch: [28/200], cls_loss: 0.1210, transfer_loss: 0.0104,person_loss: -1.9706, total_Loss: -0.0709
trian begin
trian end
n_person 322
SAMPLE
F1_MI: 0.5434638841942832 F1_MA: 0.568366583345323 ACC_MI: 0.5434638841942832 F1_MA: 0.5361058762171389
BEST_F1_MI: 0.6311264604305974 BEST_F1_MA: 0.6288651504525464 BEST_ACC_MI: 0.6311264604305974 BEST_F1_MA: 0.6070540029508995
[[4462 2994  728   74]
 [ 395  811  885  250]
 [ 501  292 1017   91]
 [   0    3    0 1106]]
Epoch: [29/200], cls_loss: 0.1157, transfer_loss: 0.0058,person_loss: -1.9603, total_Loss: -0.0775
trian begin
trian end
n_person 322
SAMPLE
F1_MI: 0.5419942684987875 F1_MA: 0.5545428378303384 ACC_MI: 0.5419942684987875 F1_MA: 0.5120979587987735
BEST_F1_MI: 0.6311264604305974 BEST_F1_MA: 0.6288651504525464 BEST_ACC_MI: 0.6311264604305974 BEST_F1_MA: 0.6070540029508995
[[4487 2696 1002   73]
 [ 335  610 1004  392]
 [ 375  203 1172  151]
 [   0    2    0 1107]]
Epoch: [30/200], cls_loss: 0.1113, transfer_loss: 0.0048,person_loss: -1.9723, total_Loss: -0.0835
trian begin
trian end
n_person 322
SAMPLE
F1_MI: 0.5522080975824821 F1_MA: 0.6021274904242628 ACC_MI: 0.5522080975824821 F1_MA: 0.5809065672332603
BEST_F1_MI: 0.6311264604305974 BEST_F1_MA: 0.6288651504525464 BEST_ACC_MI: 0.6311264604305974 BEST_F1_MA: 0.6070540029508995
[[4359 3118  760   21]
 [ 326 1045  826  144]
 [ 387  480 1006   28]
 [   0    3    1 1105]]
Epoch: [31/200], cls_loss: 0.1194, transfer_loss: 0.0074,person_loss: -1.9732, total_Loss: -0.0742
trian begin
trian end
n_person 322
SAMPLE
F1_MI: 0.5544860019105005 F1_MA: 0.5895079624387698 ACC_MI: 0.5544860019105005 F1_MA: 0.5567931905266054
BEST_F1_MI: 0.6311264604305974 BEST_F1_MA: 0.6288651504525464 BEST_ACC_MI: 0.6311264604305974 BEST_F1_MA: 0.6070540029508995
[[4419 3000  750   89]
 [ 330  902  914  195]
 [ 333  349 1122   97]
 [   2    4    0 1103]]
Epoch: [32/200], cls_loss: 0.1054, transfer_loss: 0.0072,person_loss: -1.9735, total_Loss: -0.0884
trian begin
trian end
n_person 322
SAMPLE
F1_MI: 0.4678521566610331 F1_MA: 0.330392608937911 ACC_MI: 0.46785215666103314 F1_MA: 0.3195734175017878
BEST_F1_MI: 0.6311264604305974 BEST_F1_MA: 0.6288651504525464 BEST_ACC_MI: 0.6311264604305974 BEST_F1_MA: 0.6070540029508995
[[4667 3048  537    6]
 [ 637  941  695   68]
 [ 640  479  755   27]
 [   2   11 1092    4]]
Epoch: [33/200], cls_loss: 0.1068, transfer_loss: 0.0078,person_loss: -1.9718, total_Loss: -0.0865
trian begin
trian end
n_person 322
SAMPLE
F1_MI: 0.5358218825777059 F1_MA: 0.5630048756342434 ACC_MI: 0.5358218825777059 F1_MA: 0.5300380942833558
BEST_F1_MI: 0.6311264604305974 BEST_F1_MA: 0.6288651504525464 BEST_ACC_MI: 0.6311264604305974 BEST_F1_MA: 0.6070540029508995
[[4381 2898  951   28]
 [ 419  768  917  237]
 [ 452  277 1037  135]
 [   0    3    0 1106]]
Epoch: [34/200], cls_loss: 0.1035, transfer_loss: 0.0077,person_loss: -1.9729, total_Loss: -0.0900
trian begin
trian end
n_person 322
SAMPLE
F1_MI: 0.47255492688661915 F1_MA: 0.3395187951937812 ACC_MI: 0.47255492688661915 F1_MA: 0.337213803996695
BEST_F1_MI: 0.6311264604305974 BEST_F1_MA: 0.6288651504525464 BEST_ACC_MI: 0.6311264604305974 BEST_F1_MA: 0.6070540029508995
[[4798 2752  694   14]
 [ 661  837  722  121]
 [ 624  439  769   69]
 [   3   10 1069   27]]
Epoch: [35/200], cls_loss: 0.1020, transfer_loss: 0.0074,person_loss: -1.9740, total_Loss: -0.0917
trian begin
trian end
n_person 322
SAMPLE
F1_MI: 0.536483209640679 F1_MA: 0.5509524243274297 ACC_MI: 0.536483209640679 F1_MA: 0.5096339300369103
BEST_F1_MI: 0.6311264604305974 BEST_F1_MA: 0.6288651504525464 BEST_ACC_MI: 0.6311264604305974 BEST_F1_MA: 0.6070540029508995
[[4439 2682 1063   74]
 [ 391  610 1032  308]
 [ 375  184 1146  196]
 [   0    3    0 1106]]
Epoch: [36/200], cls_loss: 0.0962, transfer_loss: 0.0075,person_loss: -1.9752, total_Loss: -0.0976
trian begin
trian end
n_person 322
SAMPLE
F1_MI: 0.5561760599603204 F1_MA: 0.5913454342749862 ACC_MI: 0.5561760599603204 F1_MA: 0.5524814297036769
BEST_F1_MI: 0.6311264604305974 BEST_F1_MA: 0.6288651504525464 BEST_ACC_MI: 0.6311264604305974 BEST_F1_MA: 0.6070540029508995
[[4408 2628 1202   20]
 [ 378  685 1060  218]
 [ 292  140 1370   99]
 [   0    3    0 1106]]
Epoch: [37/200], cls_loss: 0.0967, transfer_loss: 0.0087,person_loss: -1.9750, total_Loss: -0.0964
trian begin
trian end
n_person 322
SAMPLE
F1_MI: 0.5420677492835624 F1_MA: 0.5717596279921443 ACC_MI: 0.5420677492835624 F1_MA: 0.5344685183939782
BEST_F1_MI: 0.6311264604305974 BEST_F1_MA: 0.6288651504525464 BEST_ACC_MI: 0.6311264604305974 BEST_F1_MA: 0.6070540029508995
[[4336 2839 1024   59]
 [ 337  826  936  242]
 [ 305  309 1109  178]
 [   0    3    0 1106]]
Epoch: [38/200], cls_loss: 0.0944, transfer_loss: 0.0101,person_loss: -1.9721, total_Loss: -0.0977
trian begin
trian end
n_person 322
SAMPLE
F1_MI: 0.5503710779631127 F1_MA: 0.5781413725482183 ACC_MI: 0.5503710779631127 F1_MA: 0.5429227672730709
BEST_F1_MI: 0.6311264604305974 BEST_F1_MA: 0.6288651504525464 BEST_ACC_MI: 0.6311264604305974 BEST_F1_MA: 0.6070540029508995
[[4448 2574 1194   42]
 [ 482  819  877  163]
 [ 450  202 1118  131]
 [   0    3    1 1105]]
Epoch: [39/200], cls_loss: 0.0959, transfer_loss: 0.0083,person_loss: -1.9725, total_Loss: -0.0972
trian begin
trian end
n_person 322
SAMPLE
F1_MI: 0.5329561319714895 F1_MA: 0.5365891780968705 ACC_MI: 0.5329561319714895 F1_MA: 0.49492310287742924
BEST_F1_MI: 0.6311264604305974 BEST_F1_MA: 0.6288651504525464 BEST_ACC_MI: 0.6311264604305974 BEST_F1_MA: 0.6070540029508995
[[4509 2625 1070   54]
 [ 488  620  860  373]
 [ 524  151 1018  208]
 [   0    3    0 1106]]
Epoch: [40/200], cls_loss: 0.0911, transfer_loss: 0.0095,person_loss: -1.9720, total_Loss: -0.1013
trian begin
trian end
n_person 322
SAMPLE
F1_MI: 0.5609523109706812 F1_MA: 0.586982523576874 ACC_MI: 0.5609523109706812 F1_MA: 0.5467390389932221
BEST_F1_MI: 0.6311264604305974 BEST_F1_MA: 0.6288651504525464 BEST_ACC_MI: 0.6311264604305974 BEST_F1_MA: 0.6070540029508995
[[4512 2498 1195   53]
 [ 327  701 1084  229]
 [ 263  196 1316  126]
 [   0    3    1 1105]]
Epoch: [41/200], cls_loss: 0.0852, transfer_loss: 0.0090,person_loss: -1.9745, total_Loss: -0.1078
trian begin
trian end
n_person 322
SAMPLE
F1_MI: 0.5225953413182453 F1_MA: 0.542627299522808 ACC_MI: 0.5225953413182453 F1_MA: 0.5005393415680213
BEST_F1_MI: 0.6311264604305974 BEST_F1_MA: 0.6288651504525464 BEST_ACC_MI: 0.6311264604305974 BEST_F1_MA: 0.6070540029508995
[[4245 2803 1109  101]
 [ 190  687 1101  363]
 [ 329  222 1074  276]
 [   0    3    0 1106]]
Epoch: [42/200], cls_loss: 0.0880, transfer_loss: 0.0093,person_loss: -1.9727, total_Loss: -0.1046
trian begin
trian end
n_person 322
SAMPLE
F1_MI: 0.5639650231464473 F1_MA: 0.5935040849291656 ACC_MI: 0.5639650231464473 F1_MA: 0.5626599421287659
BEST_F1_MI: 0.6311264604305974 BEST_F1_MA: 0.6288651504525464 BEST_ACC_MI: 0.6311264604305974 BEST_F1_MA: 0.6070540029508995
[[4593 2453 1178   34]
 [ 365  738 1109  129]
 [ 309  244 1260   88]
 [  17    4    4 1084]]
Epoch: [43/200], cls_loss: 0.0886, transfer_loss: 0.0097,person_loss: -1.9720, total_Loss: -0.1037
trian begin
trian end
n_person 322
SAMPLE
F1_MI: 0.5658755235505916 F1_MA: 0.5845505356945362 ACC_MI: 0.5658755235505916 F1_MA: 0.5423671422594484
BEST_F1_MI: 0.6311264604305974 BEST_F1_MA: 0.6288651504525464 BEST_ACC_MI: 0.6311264604305974 BEST_F1_MA: 0.6070540029508995
[[4617 2395 1197   49]
 [ 290  622 1199  230]
 [ 263  125 1356  157]
 [   0    3    0 1106]]
Epoch: [44/200], cls_loss: 0.0826, transfer_loss: 0.0086,person_loss: -1.9742, total_Loss: -0.1105
trian begin
trian end
n_person 322
SAMPLE
F1_MI: 0.5587478874274378 F1_MA: 0.5783453742568351 ACC_MI: 0.5587478874274378 F1_MA: 0.5366972959240194
BEST_F1_MI: 0.6311264604305974 BEST_F1_MA: 0.6288651504525464 BEST_ACC_MI: 0.6311264604305974 BEST_F1_MA: 0.6070540029508995
[[4533 2508 1156   61]
 [ 250  727 1090  274]
 [ 199  264 1238  200]
 [   0    3    0 1106]]
Epoch: [45/200], cls_loss: 0.0662, transfer_loss: 0.0080,person_loss: -1.9766, total_Loss: -0.1275
trian begin
trian end
n_person 322
SAMPLE
F1_MI: 0.5638915423616724 F1_MA: 0.6149889291683855 ACC_MI: 0.5638915423616724 F1_MA: 0.5759942154371707
BEST_F1_MI: 0.6311264604305974 BEST_F1_MA: 0.6288651504525464 BEST_ACC_MI: 0.6311264604305974 BEST_F1_MA: 0.6070540029508995
[[4281 2619 1319   39]
 [ 184  807 1176  174]
 [ 109  200 1481  111]
 [   0    3    1 1105]]
Epoch: [46/200], cls_loss: 0.0759, transfer_loss: 0.0087,person_loss: -1.9775, total_Loss: -0.1175
trian begin
trian end
n_person 322
SAMPLE
F1_MI: 0.5652141964876185 F1_MA: 0.6009553226501502 ACC_MI: 0.5652141964876185 F1_MA: 0.5661537595945676
BEST_F1_MI: 0.6311264604305974 BEST_F1_MA: 0.6288651504525464 BEST_ACC_MI: 0.6311264604305974 BEST_F1_MA: 0.6070540029508995
[[4478 2672 1087   21]
 [ 263  878 1006  194]
 [ 185  352 1231  133]
 [   0    3    1 1105]]
Epoch: [47/200], cls_loss: 0.0672, transfer_loss: 0.0078,person_loss: -1.9777, total_Loss: -0.1267
trian begin
trian end
n_person 322
SAMPLE
F1_MI: 0.5402307296641928 F1_MA: 0.5640973581528808 ACC_MI: 0.5402307296641928 F1_MA: 0.5231218071376986
BEST_F1_MI: 0.6311264604305974 BEST_F1_MA: 0.6288651504525464 BEST_ACC_MI: 0.6311264604305974 BEST_F1_MA: 0.6070540029508995
[[4320 2946  925   67]
 [ 245  864  822  410]
 [ 162  403 1062  274]
 [   0    3    0 1106]]
Epoch: [48/200], cls_loss: 0.0698, transfer_loss: 0.0079,person_loss: -1.9780, total_Loss: -0.1240
trian begin
trian end
n_person 322
SAMPLE
F1_MI: 0.548240135204644 F1_MA: 0.5775902292202563 ACC_MI: 0.548240135204644 F1_MA: 0.5342539699958379
BEST_F1_MI: 0.6311264604305974 BEST_F1_MA: 0.6288651504525464 BEST_ACC_MI: 0.6311264604305974 BEST_F1_MA: 0.6070540029508995
[[4349 2641 1199   69]
 [ 216  656 1186  283]
 [ 149  198 1350  204]
 [   0    3    0 1106]]
Epoch: [49/200], cls_loss: 0.0699, transfer_loss: 0.0084,person_loss: -1.9780, total_Loss: -0.1237
trian begin
trian end
n_person 322
SAMPLE
F1_MI: 0.5607318686163568 F1_MA: 0.5746814678417124 ACC_MI: 0.5607318686163568 F1_MA: 0.5433986766497267
BEST_F1_MI: 0.6311264604305974 BEST_F1_MA: 0.6288651504525464 BEST_ACC_MI: 0.6311264604305974 BEST_F1_MA: 0.6070540029508995
[[4737 2440 1067   14]
 [ 441  686 1027  187]
 [ 448  234 1114  105]
 [   0    8    7 1094]]
Epoch: [50/200], cls_loss: 0.0621, transfer_loss: 0.0076,person_loss: -1.9773, total_Loss: -0.1319
trian begin
trian end
n_person 322
SAMPLE
F1_MI: 0.5154677051950914 F1_MA: 0.5315985117046718 ACC_MI: 0.5154677051950914 F1_MA: 0.4837965879436497
BEST_F1_MI: 0.6311264604305974 BEST_F1_MA: 0.6288651504525464 BEST_ACC_MI: 0.6311264604305974 BEST_F1_MA: 0.6070540029508995
[[4219 2664 1283   92]
 [ 115  381 1335  510]
 [ 102  112 1309  378]
 [   0    3    0 1106]]
Epoch: [51/200], cls_loss: 0.0720, transfer_loss: 0.0093,person_loss: -1.9765, total_Loss: -0.1209
trian begin
trian end
n_person 322
SAMPLE
F1_MI: 0.5375854214123007 F1_MA: 0.552009602768972 ACC_MI: 0.5375854214123007 F1_MA: 0.5061617649719262
BEST_F1_MI: 0.6311264604305974 BEST_F1_MA: 0.6288651504525464 BEST_ACC_MI: 0.6311264604305974 BEST_F1_MA: 0.6070540029508995
[[4400 2610 1109  139]
 [ 125  549 1260  407]
 [ 110  228 1261  302]
 [   0    3    0 1106]]
Epoch: [52/200], cls_loss: 0.0619, transfer_loss: 0.0078,person_loss: -1.9767, total_Loss: -0.1318
trian begin
trian end
n_person 322
SAMPLE
F1_MI: 0.5450804614593284 F1_MA: 0.5485824030429425 ACC_MI: 0.5450804614593284 F1_MA: 0.5307592939302825
BEST_F1_MI: 0.6311264604305974 BEST_F1_MA: 0.6288651504525464 BEST_ACC_MI: 0.6311264604305974 BEST_F1_MA: 0.6070540029508995
[[4632 2573  977   76]
 [ 386  810  986  159]
 [ 401  260 1113  127]
 [  13  149   84  863]]
Epoch: [53/200], cls_loss: 0.0529, transfer_loss: 0.0078,person_loss: -1.9794, total_Loss: -0.1412
trian begin
trian end
n_person 322
SAMPLE
F1_MI: 0.5370710559188772 F1_MA: 0.5452358023992485 ACC_MI: 0.5370710559188772 F1_MA: 0.4976360348779416
BEST_F1_MI: 0.6311264604305974 BEST_F1_MA: 0.6288651504525464 BEST_ACC_MI: 0.6311264604305974 BEST_F1_MA: 0.6070540029508995
[[4411 2728  985  134]
 [ 217  632  982  510]
 [ 191  201 1160  349]
 [   0    3    0 1106]]
Epoch: [54/200], cls_loss: 0.0597, transfer_loss: 0.0080,person_loss: -1.9796, total_Loss: -0.1343
[[5516  788 1889   65]
 [ 422  918  870  131]
 [ 643  173 1049   36]
 [   0    2    1 1106]]
[[5516  788 1889   65]
 [ 422  918  870  131]
 [ 643  173 1049   36]
 [   0    2    1 1106]]
ARG: Namespace(backbone='resnet50', batch_size=32, config='DSAN/DSAN.yaml', data_dir='data', device=device(type='cuda'), early_stop=50, epoch_based_training=False, lr=0.003, lr_decay=0.75, lr_gamma=0.0003, lr_scheduler=True, max_iter=29400, method='True', momentum=0.9, myweight=0.1, n_class=4, n_epoch=200, n_iter_per_epoch=147, num_workers=3, seed=1, src_domain='PAMAP2', tgt_domain='WISDM', tname='transfer', transfer_loss='lmmd', transfer_loss_weight=0.5, use_bottleneck=True, weight_decay=0.0005)
