daan 2 UCI WISDM DAAN/DAAN.yaml True
Namespace(backbone='resnet50', batch_size=32, config='DAAN/DAAN.yaml', data_dir='data', device=device(type='cuda'), early_stop=50, epoch_based_training=False, lr=0.003, lr_decay=0.75, lr_gamma=0.0003, lr_scheduler=True, method='True', momentum=0.9, myweight=0.1, n_epoch=200, n_iter_per_epoch=100, num_workers=3, seed=2, src_domain='UCI', tgt_domain='WISDM', tname='transfer', transfer_loss='daan', transfer_loss_weight=0.5, use_bottleneck=True, weight_decay=0.0005)
JUST DO IT
run my Parkinson code
transfer
TRAIN Length: 3369 615 TEST Length: 13609 322
YYY: 0 3
DATA_PROFILE   train: 3369 train2: 13609 test: 13609
DATASET.SHAPE: <data_loader.GetTrainLoader object at 0x7fe1979d2e10> True
DATASET.SHAPE: <data_loader.GetTrainLoader object at 0x7fe197520048> True
DATASET.SHAPE: <data_loader.GetTestLoader object at 0x7fe250e8d048> False
CLASS: 4 322
LLL: {}
BOTTLENECK_LIST: [Linear(in_features=512, out_features=256, bias=True), ReLU()]
TYPE: {'loss_type': 'daan', 'max_iter': 21000, 'num_class': 4, 'my_person_item': <my_person_item.PersonItem object at 0x7fe250dff1d0>}
initial_lr 1.0
transfer_world
method True <class 'str'>
1.10.1+cu102
True
LEN: 0 0
LOADER: <data_loader.InfiniteDataLoader object at 0x7fe1975202b0> <data_loader.InfiniteDataLoader object at 0x7fe18f5b8f28>
N_batch: 105
trian begin
trian end
n_person 322
SAMPLE
F1_MI: 0.38452494672643106 F1_MA: 0.4678663108909104 ACC_MI: 0.38452494672643106 F1_MA: 0.4644727952204929
BEST_F1_MI: 0.38452494672643106 BEST_F1_MA: 0.4678663108909104 BEST_ACC_MI: 0.38452494672643106 BEST_F1_MA: 0.4644727952204929
[[3013 1836 3407    2]
 [1040  625  619   57]
 [ 936  450  492   23]
 [   1    4    1 1103]]
Epoch: [ 1/200], cls_loss: 0.4439, transfer_loss: 0.0187,person_loss: -1.8670, total_Loss: 0.2665
trian begin
trian end
n_person 322
SAMPLE
F1_MI: 0.4759350429862591 F1_MA: 0.48120547584645074 ACC_MI: 0.4759350429862591 F1_MA: 0.47252800819019103
BEST_F1_MI: 0.4759350429862591 BEST_F1_MA: 0.48120547584645074 BEST_ACC_MI: 0.4759350429862591 BEST_F1_MA: 0.47252800819019103
[[4425 1603 2227    3]
 [1253  696  298   94]
 [ 983  637  253   28]
 [   3    3    0 1103]]
Epoch: [ 2/200], cls_loss: 0.1346, transfer_loss: 0.0146,person_loss: -1.9251, total_Loss: -0.0506
trian begin
trian end
n_person 322
SAMPLE
F1_MI: 0.31493864354471307 F1_MA: 0.4604221395732241 ACC_MI: 0.31493864354471307 F1_MA: 0.42976475935681224
BEST_F1_MI: 0.4759350429862591 BEST_F1_MA: 0.48120547584645074 BEST_ACC_MI: 0.4759350429862591 BEST_F1_MA: 0.47252800819019103
[[1401 3444 3318   95]
 [ 173 1206  595  367]
 [ 363  825  574  139]
 [   0    2    2 1105]]
Epoch: [ 3/200], cls_loss: 0.0730, transfer_loss: 0.0121,person_loss: -1.9649, total_Loss: -0.1175
trian begin
trian end
n_person 322
SAMPLE
F1_MI: 0.4108310676758028 F1_MA: 0.5063604927252366 ACC_MI: 0.4108310676758028 F1_MA: 0.49438971705497037
BEST_F1_MI: 0.4759350429862591 BEST_F1_MA: 0.5063604927252366 BEST_ACC_MI: 0.4759350429862591 BEST_F1_MA: 0.49438971705497037
[[2862 2215 3178    3]
 [ 663 1218  378   82]
 [ 674  787  409   31]
 [   1    6    0 1102]]
Epoch: [ 4/200], cls_loss: 0.0399, transfer_loss: 0.0111,person_loss: -1.9797, total_Loss: -0.1525
trian begin
trian end
n_person 322
SAMPLE
F1_MI: 0.4403703431552649 F1_MA: 0.5477909138929481 ACC_MI: 0.4403703431552649 F1_MA: 0.5516192675331613
BEST_F1_MI: 0.4759350429862591 BEST_F1_MA: 0.5477909138929481 BEST_ACC_MI: 0.4759350429862591 BEST_F1_MA: 0.5516192675331613
[[3194  807 4255    2]
 [ 709  963  635   34]
 [ 604  538  739   20]
 [   0   12    0 1097]]
Epoch: [ 5/200], cls_loss: 0.0273, transfer_loss: 0.0105,person_loss: -1.9791, total_Loss: -0.1654
trian begin
trian end
n_person 322
SAMPLE
F1_MI: 0.3009772944375046 F1_MA: 0.47820078813344674 ACC_MI: 0.3009772944375046 F1_MA: 0.4534532284978668
BEST_F1_MI: 0.4759350429862591 BEST_F1_MA: 0.5477909138929481 BEST_ACC_MI: 0.4759350429862591 BEST_F1_MA: 0.5516192675331613
[[1055 2302 4896    5]
 [ 422 1207  556  156]
 [ 324  782  729   66]
 [   2    2    0 1105]]
Epoch: [ 6/200], cls_loss: 0.0336, transfer_loss: 0.0090,person_loss: -1.9822, total_Loss: -0.1601
trian begin
trian end
n_person 322
SAMPLE
F1_MI: 0.5040047027702256 F1_MA: 0.5211339758863079 ACC_MI: 0.5040047027702256 F1_MA: 0.5002803527855343
BEST_F1_MI: 0.5040047027702256 BEST_F1_MA: 0.5477909138929481 BEST_ACC_MI: 0.5040047027702256 BEST_F1_MA: 0.5516192675331613
[[4316  855 2946  141]
 [ 669  999  506  167]
 [ 787  569  443  102]
 [   1    7    0 1101]]
Epoch: [ 7/200], cls_loss: 0.0247, transfer_loss: 0.0099,person_loss: -1.9821, total_Loss: -0.1686
trian begin
trian end
n_person 322
SAMPLE
F1_MI: 0.43537364979057974 F1_MA: 0.508127486669397 ACC_MI: 0.43537364979057974 F1_MA: 0.49357330905132746
BEST_F1_MI: 0.5040047027702256 BEST_F1_MA: 0.5477909138929481 BEST_ACC_MI: 0.5040047027702256 BEST_F1_MA: 0.5516192675331613
[[3306 1231 3712    9]
 [ 792 1004  392  153]
 [ 617  695  509   80]
 [   0    3    0 1106]]
Epoch: [ 8/200], cls_loss: 0.0219, transfer_loss: 0.0087,person_loss: -1.9819, total_Loss: -0.1720
trian begin
trian end
n_person 322
SAMPLE
F1_MI: 0.45198030714968035 F1_MA: 0.5257482289866313 ACC_MI: 0.45198030714968035 F1_MA: 0.5175569876711723
BEST_F1_MI: 0.5040047027702256 BEST_F1_MA: 0.5477909138929481 BEST_ACC_MI: 0.5040047027702256 BEST_F1_MA: 0.5516192675331613
[[3470 1394 3378   16]
 [ 872 1093  320   56]
 [ 610  782  485   24]
 [   3    3    0 1103]]
Epoch: [ 9/200], cls_loss: 0.0113, transfer_loss: 0.0096,person_loss: -1.9825, total_Loss: -0.1822
trian begin
trian end
n_person 322
SAMPLE
F1_MI: 0.4092144904107576 F1_MA: 0.5034539920034803 ACC_MI: 0.4092144904107576 F1_MA: 0.49592970157831534
BEST_F1_MI: 0.5040047027702256 BEST_F1_MA: 0.5477909138929481 BEST_ACC_MI: 0.5040047027702256 BEST_F1_MA: 0.5516192675331613
[[3028  651 4513   66]
 [ 814  737  668  122]
 [ 606  495  701   99]
 [   2    4    0 1103]]
Epoch: [10/200], cls_loss: 0.0183, transfer_loss: 0.0081,person_loss: -1.9857, total_Loss: -0.1762
trian begin
trian end
n_person 322
SAMPLE
F1_MI: 0.39657579542949517 F1_MA: 0.5301134259063375 ACC_MI: 0.39657579542949517 F1_MA: 0.5255110479323248
BEST_F1_MI: 0.5040047027702256 BEST_F1_MA: 0.5477909138929481 BEST_ACC_MI: 0.5040047027702256 BEST_F1_MA: 0.5516192675331613
[[2466 1360 4429    3]
 [ 581 1177  529   54]
 [ 381  829  649   42]
 [   1    3    0 1105]]
Epoch: [11/200], cls_loss: 0.0222, transfer_loss: 0.0072,person_loss: -1.9808, total_Loss: -0.1723
trian begin
trian end
n_person 322
SAMPLE
F1_MI: 0.491439488573738 F1_MA: 0.5361083472954405 ACC_MI: 0.491439488573738 F1_MA: 0.5185210324892944
BEST_F1_MI: 0.5040047027702256 BEST_F1_MA: 0.5477909138929481 BEST_ACC_MI: 0.5040047027702256 BEST_F1_MA: 0.5516192675331613
[[3931 1248 3067   12]
 [ 498 1231  438  174]
 [ 557  848  421   75]
 [   1    3    0 1105]]
Epoch: [12/200], cls_loss: 0.0139, transfer_loss: 0.0083,person_loss: -1.9886, total_Loss: -0.1808
trian begin
trian end
n_person 322
SAMPLE
F1_MI: 0.46946873392607835 F1_MA: 0.4716449793092875 ACC_MI: 0.46946873392607835 F1_MA: 0.45197145160879326
BEST_F1_MI: 0.5040047027702256 BEST_F1_MA: 0.5477909138929481 BEST_ACC_MI: 0.5040047027702256 BEST_F1_MA: 0.5516192675331613
[[4237 1606 2405   10]
 [1124  888  151  178]
 [ 901  752  159   89]
 [   4    0    0 1105]]
Epoch: [13/200], cls_loss: 0.0086, transfer_loss: 0.0076,person_loss: -1.9878, total_Loss: -0.1864
trian begin
trian end
n_person 322
SAMPLE
F1_MI: 0.31075023881255054 F1_MA: 0.4898869560297943 ACC_MI: 0.31075023881255054 F1_MA: 0.47043993425572933
BEST_F1_MI: 0.5040047027702256 BEST_F1_MA: 0.5477909138929481 BEST_ACC_MI: 0.5040047027702256 BEST_F1_MA: 0.5516192675331613
[[1143 1827 5284    4]
 [ 506 1336  363  136]
 [ 255  951  647   48]
 [   0    6    0 1103]]
Epoch: [14/200], cls_loss: 0.0148, transfer_loss: 0.0087,person_loss: -1.9847, total_Loss: -0.1793
trian begin
trian end
n_person 322
SAMPLE
F1_MI: 0.35006245866705854 F1_MA: 0.49619243025798976 ACC_MI: 0.35006245866705854 F1_MA: 0.48207981260146204
BEST_F1_MI: 0.5040047027702256 BEST_F1_MA: 0.5477909138929481 BEST_ACC_MI: 0.5040047027702256 BEST_F1_MA: 0.5516192675331613
[[1937 1036 5257   28]
 [ 597  936  620  188]
 [ 368  668  785   80]
 [   0    3    0 1106]]
Epoch: [15/200], cls_loss: 0.0176, transfer_loss: 0.0077,person_loss: -1.9888, total_Loss: -0.1775
trian begin
trian end
n_person 322
SAMPLE
F1_MI: 0.4150929531927401 F1_MA: 0.5171678210078438 ACC_MI: 0.4150929531927401 F1_MA: 0.5005123944334416
BEST_F1_MI: 0.5040047027702256 BEST_F1_MA: 0.5477909138929481 BEST_ACC_MI: 0.5040047027702256 BEST_F1_MA: 0.5516192675331613
[[2775 1466 4008    9]
 [ 514 1249  398  180]
 [ 472  835  519   75]
 [   0    3    0 1106]]
Epoch: [16/200], cls_loss: 0.0088, transfer_loss: 0.0070,person_loss: -1.9887, total_Loss: -0.1866
trian begin
trian end
n_person 322
SAMPLE
F1_MI: 0.3724006172385922 F1_MA: 0.501712636439541 ACC_MI: 0.37240061723859214 F1_MA: 0.482417450832355
BEST_F1_MI: 0.5040047027702256 BEST_F1_MA: 0.5477909138929481 BEST_ACC_MI: 0.5040047027702256 BEST_F1_MA: 0.5516192675331613
[[2259  833 5142   24]
 [ 512  771  745  313]
 [ 315  510  932  144]
 [   2    1    0 1106]]
Epoch: [17/200], cls_loss: 0.0094, transfer_loss: 0.0101,person_loss: -1.9885, total_Loss: -0.1844
trian begin
trian end
n_person 322
SAMPLE
F1_MI: 0.35527959438606804 F1_MA: 0.506199575873915 ACC_MI: 0.35527959438606804 F1_MA: 0.4910998888865371
BEST_F1_MI: 0.5040047027702256 BEST_F1_MA: 0.5477909138929481 BEST_ACC_MI: 0.5040047027702256 BEST_F1_MA: 0.5516192675331613
[[1881 1045 5280   52]
 [ 538 1094  535  174]
 [ 243  803  754  101]
 [   2    1    0 1106]]
Epoch: [18/200], cls_loss: 0.0195, transfer_loss: 0.0078,person_loss: -1.9769, total_Loss: -0.1743
trian begin
trian end
n_person 322
SAMPLE
F1_MI: 0.38136527298111544 F1_MA: 0.49974046110122206 ACC_MI: 0.38136527298111544 F1_MA: 0.4737082070066363
BEST_F1_MI: 0.5040047027702256 BEST_F1_MA: 0.5477909138929481 BEST_ACC_MI: 0.5040047027702256 BEST_F1_MA: 0.5516192675331613
[[2193 1985 4025   55]
 [ 256 1444  281  360]
 [ 205 1081  446  169]
 [   0    2    0 1107]]
Epoch: [19/200], cls_loss: 0.0034, transfer_loss: 0.0073,person_loss: -1.9891, total_Loss: -0.1918
trian begin
trian end
n_person 322
SAMPLE
F1_MI: 0.4067896245131898 F1_MA: 0.5398332524449561 ACC_MI: 0.4067896245131898 F1_MA: 0.5334019475343016
BEST_F1_MI: 0.5040047027702256 BEST_F1_MA: 0.5477909138929481 BEST_ACC_MI: 0.5040047027702256 BEST_F1_MA: 0.5516192675331613
[[2429 1927 3901    1]
 [ 453 1575  273   40]
 [ 361 1088  433   19]
 [   0   10    0 1099]]
Epoch: [20/200], cls_loss: 0.0115, transfer_loss: 0.0089,person_loss: -1.9837, total_Loss: -0.1824
trian begin
trian end
n_person 322
SAMPLE
F1_MI: 0.3649055771915644 F1_MA: 0.4646204227382903 ACC_MI: 0.3649055771915644 F1_MA: 0.44248503846457077
BEST_F1_MI: 0.5040047027702256 BEST_F1_MA: 0.5477909138929481 BEST_ACC_MI: 0.5040047027702256 BEST_F1_MA: 0.5516192675331613
[[2405 1648 4195   10]
 [ 782  983  318  258]
 [ 527  781  473  120]
 [   4    0    0 1105]]
Epoch: [21/200], cls_loss: 0.0117, transfer_loss: 0.0091,person_loss: -1.9846, total_Loss: -0.1822
trian begin
trian end
n_person 322
SAMPLE
F1_MI: 0.38195311925931363 F1_MA: 0.4770809123447817 ACC_MI: 0.3819531192593137 F1_MA: 0.44633191727497507
BEST_F1_MI: 0.5040047027702256 BEST_F1_MA: 0.5477909138929481 BEST_ACC_MI: 0.5040047027702256 BEST_F1_MA: 0.5516192675331613
[[2432 1440 4304   82]
 [ 268 1172  342  559]
 [ 244  789  487  381]
 [   0    2    0 1107]]
Epoch: [22/200], cls_loss: 0.0069, transfer_loss: 0.0133,person_loss: -1.9893, total_Loss: -0.1854
trian begin
trian end
n_person 322
SAMPLE
F1_MI: 0.3997354691748108 F1_MA: 0.5088065937173919 ACC_MI: 0.3997354691748108 F1_MA: 0.48921441430269175
BEST_F1_MI: 0.5040047027702256 BEST_F1_MA: 0.5477909138929481 BEST_ACC_MI: 0.5040047027702256 BEST_F1_MA: 0.5516192675331613
[[2628 1204 4415   11]
 [ 555  935  613  238]
 [ 378  628  772  123]
 [   0    2    2 1105]]
Epoch: [23/200], cls_loss: 0.0055, transfer_loss: 0.0108,person_loss: -1.9895, total_Loss: -0.1880
trian begin
trian end
n_person 322
SAMPLE
F1_MI: 0.3873172165478727 F1_MA: 0.48477718621944665 ACC_MI: 0.3873172165478727 F1_MA: 0.4697246930258342
BEST_F1_MI: 0.5040047027702256 BEST_F1_MA: 0.5477909138929481 BEST_ACC_MI: 0.5040047027702256 BEST_F1_MA: 0.5516192675331613
[[2658 1695 3901    4]
 [ 945 1087  201  108]
 [ 632  767  423   79]
 [   6    0    0 1103]]
Epoch: [24/200], cls_loss: 0.0180, transfer_loss: 0.0108,person_loss: -1.9840, total_Loss: -0.1750
trian begin
trian end
n_person 322
SAMPLE
F1_MI: 0.40936145198030716 F1_MA: 0.5042482471714201 ACC_MI: 0.40936145198030716 F1_MA: 0.47722938088050426
BEST_F1_MI: 0.5040047027702256 BEST_F1_MA: 0.5477909138929481 BEST_ACC_MI: 0.5040047027702256 BEST_F1_MA: 0.5516192675331613
[[2635 2188 3427    8]
 [ 469 1426  180  266]
 [ 378 1011  404  108]
 [   0    2    1 1106]]
Epoch: [25/200], cls_loss: 0.0071, transfer_loss: 0.0080,person_loss: -1.9894, total_Loss: -0.1878
trian begin
trian end
n_person 322
SAMPLE
F1_MI: 0.402013373502829 F1_MA: 0.5103254685364556 ACC_MI: 0.402013373502829 F1_MA: 0.4975218944155563
BEST_F1_MI: 0.5040047027702256 BEST_F1_MA: 0.5477909138929481 BEST_ACC_MI: 0.5040047027702256 BEST_F1_MA: 0.5516192675331613
[[2813  781 4656    8]
 [ 791  598  781  171]
 [ 511  363  954   73]
 [   3    0    0 1106]]
Epoch: [26/200], cls_loss: 0.0070, transfer_loss: 0.0086,person_loss: -1.9869, total_Loss: -0.1874
trian begin
trian end
n_person 322
SAMPLE
F1_MI: 0.3946652950253508 F1_MA: 0.4590990378834465 ACC_MI: 0.39466529502535086 F1_MA: 0.4214016903451593
BEST_F1_MI: 0.5040047027702256 BEST_F1_MA: 0.5477909138929481 BEST_ACC_MI: 0.5040047027702256 BEST_F1_MA: 0.5516192675331613
[[2748 1616 3719  175]
 [ 488 1129  222  502]
 [ 363  773  387  378]
 [   1    1    0 1107]]
Epoch: [27/200], cls_loss: 0.0007, transfer_loss: 0.0135,person_loss: -1.9881, total_Loss: -0.1913
trian begin
trian end
n_person 322
SAMPLE
F1_MI: 0.36270115364832095 F1_MA: 0.44571162387721636 ACC_MI: 0.36270115364832095 F1_MA: 0.4061003703605522
BEST_F1_MI: 0.5040047027702256 BEST_F1_MA: 0.5477909138929481 BEST_ACC_MI: 0.5040047027702256 BEST_F1_MA: 0.5516192675331613
[[2299 2014 3711  234]
 [ 232 1071  346  692]
 [ 373  581  459  488]
 [   0    2    0 1107]]
Epoch: [28/200], cls_loss: 0.0091, transfer_loss: 0.0118,person_loss: -1.9859, total_Loss: -0.1836
trian begin
trian end
n_person 322
SAMPLE
F1_MI: 0.37225365566904256 F1_MA: 0.46562331120003725 ACC_MI: 0.37225365566904256 F1_MA: 0.4319516364019635
BEST_F1_MI: 0.5040047027702256 BEST_F1_MA: 0.5477909138929481 BEST_ACC_MI: 0.5040047027702256 BEST_F1_MA: 0.5516192675331613
[[2398 1104 4539  217]
 [ 345  908  475  613]
 [ 329  518  653  401]
 [   1    1    0 1107]]
Epoch: [29/200], cls_loss: 0.0127, transfer_loss: 0.0141,person_loss: -1.9870, total_Loss: -0.1789
trian begin
trian end
n_person 322
SAMPLE
F1_MI: 0.36034976853552797 F1_MA: 0.46166300297383517 ACC_MI: 0.36034976853552797 F1_MA: 0.43545382725649096
BEST_F1_MI: 0.5040047027702256 BEST_F1_MA: 0.5477909138929481 BEST_ACC_MI: 0.5040047027702256 BEST_F1_MA: 0.5516192675331613
[[2366  868 4936   88]
 [ 598  730  610  403]
 [ 489  396  702  314]
 [   3    0    0 1106]]
Epoch: [30/200], cls_loss: 0.0097, transfer_loss: 0.0096,person_loss: -1.9869, total_Loss: -0.1842
trian begin
trian end
n_person 322
SAMPLE
F1_MI: 0.3861415239914762 F1_MA: 0.45876811204671614 ACC_MI: 0.3861415239914762 F1_MA: 0.4198245094007359
BEST_F1_MI: 0.5040047027702256 BEST_F1_MA: 0.5477909138929481 BEST_ACC_MI: 0.5040047027702256 BEST_F1_MA: 0.5516192675331613
[[2636 1412 4004  206]
 [ 365  911  406  659]
 [ 409  443  601  448]
 [   2    0    0 1107]]
Epoch: [31/200], cls_loss: 0.0101, transfer_loss: 0.0112,person_loss: -1.9878, total_Loss: -0.1831
trian begin
trian end
n_person 322
SAMPLE
F1_MI: 0.41391726063634365 F1_MA: 0.4607663971501286 ACC_MI: 0.4139172606363436 F1_MA: 0.42354293241247953
BEST_F1_MI: 0.5040047027702256 BEST_F1_MA: 0.5477909138929481 BEST_ACC_MI: 0.5040047027702256 BEST_F1_MA: 0.5516192675331613
[[3086 1662 3403  107]
 [ 589 1096  224  432]
 [ 668  593  345  295]
 [   2    1    0 1106]]
Epoch: [32/200], cls_loss: 0.0077, transfer_loss: 0.0095,person_loss: -1.9897, total_Loss: -0.1865
trian begin
trian end
n_person 322
SAMPLE
F1_MI: 0.3617459034462488 F1_MA: 0.4588938304554809 ACC_MI: 0.3617459034462488 F1_MA: 0.4232075193156343
BEST_F1_MI: 0.5040047027702256 BEST_F1_MA: 0.5477909138929481 BEST_ACC_MI: 0.5040047027702256 BEST_F1_MA: 0.5516192675331613
[[2247 1504 4389  118]
 [ 445  917  452  527]
 [ 326  553  653  369]
 [   2    1    0 1106]]
Epoch: [33/200], cls_loss: 0.0031, transfer_loss: 0.0139,person_loss: -1.9890, total_Loss: -0.1888
trian begin
trian end
n_person 322
SAMPLE
F1_MI: 0.40267470056580207 F1_MA: 0.45516795252236575 ACC_MI: 0.40267470056580207 F1_MA: 0.41413976302383315
BEST_F1_MI: 0.5040047027702256 BEST_F1_MA: 0.5477909138929481 BEST_ACC_MI: 0.5040047027702256 BEST_F1_MA: 0.5516192675331613
[[2924 1715 3312  307]
 [ 290  947  360  744]
 [ 300  560  502  539]
 [   0    2    0 1107]]
Epoch: [34/200], cls_loss: 0.0035, transfer_loss: 0.0128,person_loss: -1.9884, total_Loss: -0.1890
trian begin
trian end
n_person 322
SAMPLE
F1_MI: 0.39701668013814395 F1_MA: 0.4559185828731218 ACC_MI: 0.3970166801381439 F1_MA: 0.418001408499097
BEST_F1_MI: 0.5040047027702256 BEST_F1_MA: 0.5477909138929481 BEST_ACC_MI: 0.5040047027702256 BEST_F1_MA: 0.5516192675331613
[[2901 1237 3845  275]
 [ 301  786  413  841]
 [ 288  408  609  596]
 [   1    1    0 1107]]
Epoch: [35/200], cls_loss: 0.0017, transfer_loss: 0.0181,person_loss: -1.9867, total_Loss: -0.1879
trian begin
trian end
n_person 322
SAMPLE
F1_MI: 0.4168564920273349 F1_MA: 0.4879409996319843 ACC_MI: 0.4168564920273349 F1_MA: 0.4565983258713802
BEST_F1_MI: 0.5040047027702256 BEST_F1_MA: 0.5477909138929481 BEST_ACC_MI: 0.5040047027702256 BEST_F1_MA: 0.5516192675331613
[[3009  905 4143  201]
 [ 296  866  608  571]
 [ 338  514  692  357]
 [   1    2    0 1106]]
Epoch: [36/200], cls_loss: 0.0069, transfer_loss: 0.0159,person_loss: -1.9881, total_Loss: -0.1839
trian begin
trian end
n_person 322
SAMPLE
F1_MI: 0.38085090748769196 F1_MA: 0.43548768225083184 ACC_MI: 0.38085090748769196 F1_MA: 0.39871705764262544
BEST_F1_MI: 0.5040047027702256 BEST_F1_MA: 0.5477909138929481 BEST_ACC_MI: 0.5040047027702256 BEST_F1_MA: 0.5516192675331613
[[2841 1107 3913  397]
 [ 325  738  271 1007]
 [ 352  334  497  718]
 [   1    1    0 1107]]
Epoch: [37/200], cls_loss: 0.0043, transfer_loss: 0.0145,person_loss: -1.9879, total_Loss: -0.1873
trian begin
trian end
n_person 322
SAMPLE
F1_MI: 0.41435814534499227 F1_MA: 0.4581092675763736 ACC_MI: 0.41435814534499227 F1_MA: 0.42649324681120065
BEST_F1_MI: 0.5040047027702256 BEST_F1_MA: 0.5477909138929481 BEST_ACC_MI: 0.5040047027702256 BEST_F1_MA: 0.5516192675331613
[[3302  749 4000  207]
 [ 495  663  531  652]
 [ 480  420  568  433]
 [   1    2    0 1106]]
Epoch: [38/200], cls_loss: 0.0047, transfer_loss: 0.0145,person_loss: -1.9863, total_Loss: -0.1867
trian begin
trian end
n_person 322
SAMPLE
F1_MI: 0.38459842751120576 F1_MA: 0.4222522021128569 ACC_MI: 0.3845984275112058 F1_MA: 0.3883017013050849
BEST_F1_MI: 0.5040047027702256 BEST_F1_MA: 0.5477909138929481 BEST_ACC_MI: 0.5040047027702256 BEST_F1_MA: 0.5516192675331613
[[3058 1213 3404  583]
 [ 196  813  186 1146]
 [ 285  470  255  891]
 [   0    1    0 1108]]
Epoch: [39/200], cls_loss: 0.0027, transfer_loss: 0.0145,person_loss: -1.9865, total_Loss: -0.1887
trian begin
trian end
n_person 322
SAMPLE
F1_MI: 0.36358292306561835 F1_MA: 0.4371796083584208 ACC_MI: 0.36358292306561835 F1_MA: 0.40401234332545943
BEST_F1_MI: 0.5040047027702256 BEST_F1_MA: 0.5477909138929481 BEST_ACC_MI: 0.5040047027702256 BEST_F1_MA: 0.5516192675331613
[[2572 1183 4043  460]
 [ 296  729  356  960]
 [ 114  374  540  873]
 [   0    2    0 1107]]
Epoch: [40/200], cls_loss: 0.0079, transfer_loss: 0.0156,person_loss: -1.9885, total_Loss: -0.1832
trian begin
trian end
n_person 322
SAMPLE
F1_MI: 0.45991623190535674 F1_MA: 0.437901172548682 ACC_MI: 0.45991623190535674 F1_MA: 0.3922850429569849
BEST_F1_MI: 0.5040047027702256 BEST_F1_MA: 0.5477909138929481 BEST_ACC_MI: 0.5040047027702256 BEST_F1_MA: 0.5516192675331613
[[4000 1776 2301  181]
 [ 627 1077   29  608]
 [ 620  801   75  405]
 [   1    1    0 1107]]
Epoch: [41/200], cls_loss: 0.0112, transfer_loss: 0.0136,person_loss: -1.9886, total_Loss: -0.1809
trian begin
trian end
n_person 322
SAMPLE
F1_MI: 0.4782129473142773 F1_MA: 0.4727561819358493 ACC_MI: 0.4782129473142773 F1_MA: 0.449549652177039
BEST_F1_MI: 0.5040047027702256 BEST_F1_MA: 0.5477909138929481 BEST_ACC_MI: 0.5040047027702256 BEST_F1_MA: 0.5516192675331613
[[4334  832 3056   36]
 [ 989  910  153  289]
 [ 947  567  158  229]
 [   3    0    0 1106]]
Epoch: [42/200], cls_loss: 0.0018, transfer_loss: 0.0146,person_loss: -1.9890, total_Loss: -0.1899
trian begin
trian end
n_person 322
SAMPLE
F1_MI: 0.40223381585715334 F1_MA: 0.43697648230804875 ACC_MI: 0.40223381585715334 F1_MA: 0.4072409842646618
BEST_F1_MI: 0.5040047027702256 BEST_F1_MA: 0.5477909138929481 BEST_ACC_MI: 0.5040047027702256 BEST_F1_MA: 0.5516192675331613
[[3355  634 3949  320]
 [ 384  522  560  875]
 [ 498  290  489  624]
 [   0    1    0 1108]]
Epoch: [43/200], cls_loss: 0.0111, transfer_loss: 0.0155,person_loss: -1.9894, total_Loss: -0.1801
trian begin
trian end
n_person 322
SAMPLE
F1_MI: 0.4009846425159821 F1_MA: 0.3099848398238035 ACC_MI: 0.4009846425159821 F1_MA: 0.3082866203463335
BEST_F1_MI: 0.5040047027702256 BEST_F1_MA: 0.5477909138929481 BEST_ACC_MI: 0.5040047027702256 BEST_F1_MA: 0.5516192675331613
[[3732  864 3657    5]
 [ 483 1142  699   17]
 [ 574  743  582    2]
 [   1 1107    0    1]]
Epoch: [44/200], cls_loss: 0.0081, transfer_loss: 0.0147,person_loss: -1.9909, total_Loss: -0.1836
trian begin
trian end
n_person 322
SAMPLE
F1_MI: 0.41538687633183924 F1_MA: 0.4779018164279918 ACC_MI: 0.41538687633183924 F1_MA: 0.4398413331598624
BEST_F1_MI: 0.5040047027702256 BEST_F1_MA: 0.5477909138929481 BEST_ACC_MI: 0.5040047027702256 BEST_F1_MA: 0.5516192675331613
[[2998 1335 3745  180]
 [ 348  838  536  619]
 [ 267  489  710  435]
 [   1    1    0 1107]]
Epoch: [45/200], cls_loss: 0.0175, transfer_loss: 0.0129,person_loss: -1.9862, total_Loss: -0.1747
trian begin
trian end
n_person 322
SAMPLE
F1_MI: 0.4053200088176942 F1_MA: 0.4642236144793617 ACC_MI: 0.4053200088176942 F1_MA: 0.425273025353511
BEST_F1_MI: 0.5040047027702256 BEST_F1_MA: 0.5477909138929481 BEST_ACC_MI: 0.5040047027702256 BEST_F1_MA: 0.5516192675331613
[[2898 1434 3550  376]
 [ 315 1010  401  615]
 [ 257  651  501  492]
 [   1    1    0 1107]]
Epoch: [46/200], cls_loss: 0.0022, transfer_loss: 0.0124,person_loss: -1.9872, total_Loss: -0.1903
trian begin
trian end
n_person 322
SAMPLE
F1_MI: 0.4544786538320229 F1_MA: 0.4861642361604785 ACC_MI: 0.4544786538320229 F1_MA: 0.4460626360730423
BEST_F1_MI: 0.5040047027702256 BEST_F1_MA: 0.5477909138929481 BEST_ACC_MI: 0.5040047027702256 BEST_F1_MA: 0.5516192675331613
[[3498 1367 3153  240]
 [ 432 1175  268  466]
 [ 359  775  405  362]
 [   2    0    0 1107]]
Epoch: [47/200], cls_loss: 0.0002, transfer_loss: 0.0160,person_loss: -1.9905, total_Loss: -0.1908
trian begin
trian end
n_person 322
SAMPLE
F1_MI: 0.40899404805643325 F1_MA: 0.45882199977935845 ACC_MI: 0.40899404805643325 F1_MA: 0.42153606672541033
BEST_F1_MI: 0.5040047027702256 BEST_F1_MA: 0.5477909138929481 BEST_ACC_MI: 0.5040047027702256 BEST_F1_MA: 0.5516192675331613
[[3127 1140 3565  426]
 [ 257  649  664  771]
 [ 203  450  683  565]
 [   1    1    0 1107]]
Epoch: [48/200], cls_loss: 0.0100, transfer_loss: 0.0168,person_loss: -1.9882, total_Loss: -0.1804
trian begin
trian end
n_person 322
SAMPLE
F1_MI: 0.42868689837607465 F1_MA: 0.43486613284926495 ACC_MI: 0.42868689837607465 F1_MA: 0.40046236932821827
BEST_F1_MI: 0.5040047027702256 BEST_F1_MA: 0.5477909138929481 BEST_ACC_MI: 0.5040047027702256 BEST_F1_MA: 0.5516192675331613
[[3779  953 2921  605]
 [ 167  529  305 1340]
 [ 134  363  417  987]
 [   0    0    0 1109]]
Epoch: [49/200], cls_loss: 0.0070, transfer_loss: 0.0169,person_loss: -1.9872, total_Loss: -0.1833
trian begin
trian end
n_person 322
SAMPLE
F1_MI: 0.44161951649643616 F1_MA: 0.4334182353351307 ACC_MI: 0.44161951649643616 F1_MA: 0.3914962373913474
BEST_F1_MI: 0.5040047027702256 BEST_F1_MA: 0.5477909138929481 BEST_ACC_MI: 0.5040047027702256 BEST_F1_MA: 0.5516192675331613
[[3928  875 3068  387]
 [ 635  453  415  838]
 [ 526  252  523  600]
 [   2    1    0 1106]]
Epoch: [50/200], cls_loss: 0.0042, transfer_loss: 0.0165,person_loss: -1.9897, total_Loss: -0.1865
trian begin
trian end
n_person 322
SAMPLE
F1_MI: 0.4083327209934602 F1_MA: 0.4313274451839387 ACC_MI: 0.4083327209934602 F1_MA: 0.3916152519542308
BEST_F1_MI: 0.5040047027702256 BEST_F1_MA: 0.5477909138929481 BEST_ACC_MI: 0.5040047027702256 BEST_F1_MA: 0.5516192675331613
[[3351 1055 3442  410]
 [ 470  628  337  906]
 [ 440  375  471  615]
 [   1    1    0 1107]]
Epoch: [51/200], cls_loss: 0.0025, transfer_loss: 0.0172,person_loss: -1.9909, total_Loss: -0.1880
trian begin
trian end
n_person 322
SAMPLE
F1_MI: 0.3975310456315673 F1_MA: 0.45562336932898645 ACC_MI: 0.3975310456315673 F1_MA: 0.42276343422644946
BEST_F1_MI: 0.5040047027702256 BEST_F1_MA: 0.5477909138929481 BEST_ACC_MI: 0.5040047027702256 BEST_F1_MA: 0.5516192675331613
[[2976  897 4116  269]
 [ 616  788  447  490]
 [ 455  546  546  354]
 [   1    8    0 1100]]
Epoch: [52/200], cls_loss: 0.0026, transfer_loss: 0.0144,person_loss: -1.9879, total_Loss: -0.1890
trian begin
trian end
n_person 322
SAMPLE
F1_MI: 0.39760452641634214 F1_MA: 0.43505605366597094 ACC_MI: 0.39760452641634214 F1_MA: 0.3992963953100705
BEST_F1_MI: 0.5040047027702256 BEST_F1_MA: 0.5477909138929481 BEST_ACC_MI: 0.5040047027702256 BEST_F1_MA: 0.5516192675331613
[[3149 1006 3792  311]
 [ 594  758  349  640]
 [ 509  537  399  456]
 [   1    3    0 1105]]
Epoch: [53/200], cls_loss: 0.0002, transfer_loss: 0.0156,person_loss: -1.9908, total_Loss: -0.1911
trian begin
trian end
n_person 322
SAMPLE
F1_MI: 0.3971636417076934 F1_MA: 0.4360427846410378 ACC_MI: 0.3971636417076934 F1_MA: 0.3981061329063108
BEST_F1_MI: 0.5040047027702256 BEST_F1_MA: 0.5477909138929481 BEST_ACC_MI: 0.5040047027702256 BEST_F1_MA: 0.5516192675331613
[[3061 1219 3668  310]
 [ 584  916  220  621]
 [ 393  639  324  545]
 [   1    4    0 1104]]
Epoch: [54/200], cls_loss: 0.0002, transfer_loss: 0.0166,person_loss: -1.9915, total_Loss: -0.1907
trian begin
trian end
n_person 322
SAMPLE
F1_MI: 0.3759276949077816 F1_MA: 0.4177637014251072 ACC_MI: 0.3759276949077816 F1_MA: 0.3812740192265771
BEST_F1_MI: 0.5040047027702256 BEST_F1_MA: 0.5477909138929481 BEST_ACC_MI: 0.5040047027702256 BEST_F1_MA: 0.5516192675331613
[[2995  842 3981  440]
 [ 502  469  426  944]
 [ 379  271  545  706]
 [   1    1    0 1107]]
Epoch: [55/200], cls_loss: 0.0008, transfer_loss: 0.0177,person_loss: -1.9926, total_Loss: -0.1896
[[3194  807 4255    2]
 [ 709  963  635   34]
 [ 604  538  739   20]
 [   0   12    0 1097]]
[[3194  807 4255    2]
 [ 709  963  635   34]
 [ 604  538  739   20]
 [   0   12    0 1097]]
WHAT: True
SVAE_RESULT
{'best_f1': 0.5477909138929481, 'best_matrix': [[3194, 807, 4255, 2], [709, 963, 635, 34], [604, 538, 739, 20], [0, 12, 0, 1097]], 'args': 0.1}
{"best_f1": 0.5477909138929481, "best_matrix": [[3194, 807, 4255, 2], [709, 963, 635, 34], [604, 538, 739, 20], [0, 12, 0, 1097]], "args": 0.1}
ARG: Namespace(backbone='resnet50', batch_size=32, config='DAAN/DAAN.yaml', data_dir='data', device=device(type='cuda'), early_stop=50, epoch_based_training=False, lr=0.003, lr_decay=0.75, lr_gamma=0.0003, lr_scheduler=True, max_iter=21000, method='True', momentum=0.9, myweight=0.1, n_class=4, n_epoch=200, n_iter_per_epoch=105, num_workers=3, seed=2, src_domain='UCI', tgt_domain='WISDM', tname='transfer', transfer_loss='daan', transfer_loss_weight=0.5, use_bottleneck=True, weight_decay=0.0005)
