mmd 2 UCI WISDM DAN/DAN.yaml True
Namespace(backbone='resnet50', batch_size=32, config='DAN/DAN.yaml', data_dir='data', device=device(type='cuda'), early_stop=50, epoch_based_training=False, lr=0.003, lr_decay=0.75, lr_gamma=0.0003, lr_scheduler=True, method='True', momentum=0.9, myweight=0.1, n_epoch=200, n_iter_per_epoch=100, num_workers=3, seed=2, src_domain='UCI', tgt_domain='WISDM', tname='transfer', transfer_loss='mmd', transfer_loss_weight=0.5, use_bottleneck=True, weight_decay=0.0005)
JUST DO IT
run my Parkinson code
transfer
TRAIN Length: 3369 615 TEST Length: 13609 322
YYY: 0 3
DATA_PROFILE   train: 3369 train2: 13609 test: 13609
DATASET.SHAPE: <data_loader.GetTrainLoader object at 0x7fee92748e10> True
DATASET.SHAPE: <data_loader.GetTrainLoader object at 0x7fee92296048> True
DATASET.SHAPE: <data_loader.GetTestLoader object at 0x7fef47e8c048> False
CLASS: 4 322
LLL: {}
BOTTLENECK_LIST: [Linear(in_features=512, out_features=256, bias=True), ReLU()]
TYPE: {'loss_type': 'mmd', 'max_iter': 21000, 'num_class': 4, 'my_person_item': <my_person_item.PersonItem object at 0x7fef47dfe1d0>}
initial_lr 1.0
transfer_world
method True <class 'str'>
1.10.1+cu102
True
LEN: 0 0
LOADER: <data_loader.InfiniteDataLoader object at 0x7fee922962b0> <data_loader.InfiniteDataLoader object at 0x7fee8a32ef28>
N_batch: 105
trian begin
trian end
n_person 322
SAMPLE
F1_MI: 0.46961569549562787 F1_MA: 0.46425597116579315 ACC_MI: 0.46961569549562787 F1_MA: 0.4430089544415625
BEST_F1_MI: 0.46961569549562787 BEST_F1_MA: 0.46425597116579315 BEST_ACC_MI: 0.46961569549562787 BEST_F1_MA: 0.4430089544415625
[[4316 1604 2271   67]
 [1144  762  226  209]
 [1026  610  217   48]
 [   7    6    0 1096]]
Epoch: [ 1/200], cls_loss: 0.4861, transfer_loss: 0.0820,person_loss: -1.8523, total_Loss: 0.3418
trian begin
trian end
n_person 322
SAMPLE
F1_MI: 0.23109706811668748 F1_MA: 0.4184783159985481 ACC_MI: 0.23109706811668748 F1_MA: 0.40154411793623535
BEST_F1_MI: 0.46961569549562787 BEST_F1_MA: 0.46425597116579315 BEST_ACC_MI: 0.46961569549562787 BEST_F1_MA: 0.4430089544415625
[[ 664  448 4773 2373]
 [  62  540  614 1125]
 [  36  392  835  638]
 [   1    2    0 1106]]
Epoch: [ 2/200], cls_loss: 0.1660, transfer_loss: 0.0839,person_loss: -1.8331, total_Loss: 0.0246
trian begin
trian end
n_person 322
SAMPLE
F1_MI: 0.4873245646263502 F1_MA: 0.5010364111295863 ACC_MI: 0.4873245646263502 F1_MA: 0.45747460261521516
BEST_F1_MI: 0.4873245646263502 BEST_F1_MA: 0.5010364111295863 BEST_ACC_MI: 0.4873245646263502 BEST_F1_MA: 0.45747460261521516
[[3951  945 2669  693]
 [ 468  883  638  352]
 [ 378  692  697  134]
 [   0    8    0 1101]]
Epoch: [ 3/200], cls_loss: 0.1101, transfer_loss: 0.0915,person_loss: -1.8745, total_Loss: -0.0316
trian begin
trian end
n_person 322
SAMPLE
F1_MI: 0.5400102873098684 F1_MA: 0.47687258565028073 ACC_MI: 0.5400102873098684 F1_MA: 0.43926157188295295
BEST_F1_MI: 0.5400102873098684 BEST_F1_MA: 0.5010364111295863 BEST_ACC_MI: 0.5400102873098684 BEST_F1_MA: 0.45747460261521516
[[5227 1389 1527  115]
 [ 997  795  169  380]
 [ 876  631  221  173]
 [   0    3    0 1106]]
Epoch: [ 4/200], cls_loss: 0.0873, transfer_loss: 0.0873,person_loss: -1.9363, total_Loss: -0.0627
trian begin
trian end
n_person 322
SAMPLE
F1_MI: 0.4576383275773385 F1_MA: 0.44286435981140365 ACC_MI: 0.4576383275773385 F1_MA: 0.38820255078053534
BEST_F1_MI: 0.5400102873098684 BEST_F1_MA: 0.5010364111295863 BEST_ACC_MI: 0.5400102873098684 BEST_F1_MA: 0.45747460261521516
[[3734 1488 1670 1366]
 [ 524 1188  177  452]
 [ 596  915  201  189]
 [   2    2    0 1105]]
Epoch: [ 5/200], cls_loss: 0.0947, transfer_loss: 0.0814,person_loss: -1.9365, total_Loss: -0.0582
trian begin
trian end
n_person 322
SAMPLE
F1_MI: 0.4763759276949078 F1_MA: 0.4619319781898345 ACC_MI: 0.4763759276949078 F1_MA: 0.42032204239190873
BEST_F1_MI: 0.5400102873098684 BEST_F1_MA: 0.5010364111295863 BEST_ACC_MI: 0.5400102873098684 BEST_F1_MA: 0.45747460261521516
[[4184 1540 2123  411]
 [ 848  817  318  358]
 [ 673  710  376  142]
 [   1    2    0 1106]]
Epoch: [ 6/200], cls_loss: 0.0692, transfer_loss: 0.0739,person_loss: -1.9596, total_Loss: -0.0898
trian begin
trian end
n_person 322
SAMPLE
F1_MI: 0.3100889117495775 F1_MA: 0.400527262134791 ACC_MI: 0.3100889117495775 F1_MA: 0.35517789242165076
BEST_F1_MI: 0.5400102873098684 BEST_F1_MA: 0.5010364111295863 BEST_ACC_MI: 0.5400102873098684 BEST_F1_MA: 0.45747460261521516
[[1847  779 4545 1087]
 [ 677  518  699  447]
 [ 608  321  748  224]
 [   2    0    0 1107]]
Epoch: [ 7/200], cls_loss: 0.0802, transfer_loss: 0.0830,person_loss: -1.9618, total_Loss: -0.0745
trian begin
trian end
n_person 322
SAMPLE
F1_MI: 0.4366963039165258 F1_MA: 0.44767488612014555 ACC_MI: 0.4366963039165258 F1_MA: 0.40653010319604455
BEST_F1_MI: 0.5400102873098684 BEST_F1_MA: 0.5010364111295863 BEST_ACC_MI: 0.5400102873098684 BEST_F1_MA: 0.45747460261521516
[[3582 1133 2939  604]
 [ 536 1004  336  465]
 [ 729  713  250  209]
 [   0    2    0 1107]]
Epoch: [ 8/200], cls_loss: 0.0433, transfer_loss: 0.0653,person_loss: -1.9656, total_Loss: -0.1207
trian begin
trian end
n_person 322
SAMPLE
F1_MI: 0.24660151370416636 F1_MA: 0.39369156451261106 ACC_MI: 0.24660151370416636 F1_MA: 0.3515166003611969
BEST_F1_MI: 0.5400102873098684 BEST_F1_MA: 0.5010364111295863 BEST_ACC_MI: 0.5400102873098684 BEST_F1_MA: 0.45747460261521516
[[ 682 1256 4726 1594]
 [ 133 1158  327  723]
 [ 169  844  412  476]
 [   1    4    0 1104]]
Epoch: [ 9/200], cls_loss: 0.0648, transfer_loss: 0.0676,person_loss: -1.9693, total_Loss: -0.0983
trian begin
trian end
n_person 322
SAMPLE
F1_MI: 0.5114262620324785 F1_MA: 0.4778255736094658 ACC_MI: 0.5114262620324785 F1_MA: 0.4495021002617904
BEST_F1_MI: 0.5400102873098684 BEST_F1_MA: 0.5010364111295863 BEST_ACC_MI: 0.5400102873098684 BEST_F1_MA: 0.45747460261521516
[[4813  748 2638   59]
 [ 878  889  187  387]
 [ 911  618  152  220]
 [   1    2    0 1106]]
Epoch: [10/200], cls_loss: 0.0408, transfer_loss: 0.0631,person_loss: -1.9748, total_Loss: -0.1251
trian begin
trian end
n_person 322
SAMPLE
F1_MI: 0.40318906605922544 F1_MA: 0.43620923150074364 ACC_MI: 0.4031890660592255 F1_MA: 0.39055274824415975
BEST_F1_MI: 0.5400102873098684 BEST_F1_MA: 0.5010364111295863 BEST_ACC_MI: 0.5400102873098684 BEST_F1_MA: 0.45747460261521516
[[2989  914 3024 1331]
 [ 412 1170  254  505]
 [ 705  571  222  403]
 [   0    3    0 1106]]
Epoch: [11/200], cls_loss: 0.0359, transfer_loss: 0.0652,person_loss: -1.9748, total_Loss: -0.1290
trian begin
trian end
n_person 322
SAMPLE
F1_MI: 0.42552722463075904 F1_MA: 0.4639893646370246 ACC_MI: 0.42552722463075904 F1_MA: 0.4225757167297932
BEST_F1_MI: 0.5400102873098684 BEST_F1_MA: 0.5010364111295863 BEST_ACC_MI: 0.5400102873098684 BEST_F1_MA: 0.45747460261521516
[[3168 1078 3440  572]
 [ 423 1227  209  482]
 [ 483  795  290  333]
 [   0    3    0 1106]]
Epoch: [12/200], cls_loss: 0.0533, transfer_loss: 0.0653,person_loss: -1.9734, total_Loss: -0.1114
trian begin
trian end
n_person 322
SAMPLE
F1_MI: 0.2536556690425454 F1_MA: 0.36231592042828686 ACC_MI: 0.2536556690425454 F1_MA: 0.32166888432945173
BEST_F1_MI: 0.5400102873098684 BEST_F1_MA: 0.5010364111295863 BEST_ACC_MI: 0.5400102873098684 BEST_F1_MA: 0.45747460261521516
[[1195  917 4638 1508]
 [ 323  896  316  806]
 [ 501  650  255  495]
 [   0    3    0 1106]]
Epoch: [13/200], cls_loss: 0.0372, transfer_loss: 0.0564,person_loss: -1.9691, total_Loss: -0.1316
trian begin
trian end
n_person 322
SAMPLE
F1_MI: 0.3967962377838195 F1_MA: 0.4204258792032218 ACC_MI: 0.3967962377838195 F1_MA: 0.3694667056855107
BEST_F1_MI: 0.5400102873098684 BEST_F1_MA: 0.5010364111295863 BEST_ACC_MI: 0.5400102873098684 BEST_F1_MA: 0.45747460261521516
[[2927  969 2567 1795]
 [ 556 1203  196  386]
 [ 677  764  167  293]
 [   0    6    0 1103]]
Epoch: [14/200], cls_loss: 0.0234, transfer_loss: 0.0682,person_loss: -1.9791, total_Loss: -0.1404
trian begin
trian end
n_person 322
SAMPLE
F1_MI: 0.27481813505768243 F1_MA: 0.3983164671823694 ACC_MI: 0.27481813505768243 F1_MA: 0.3494399059882392
BEST_F1_MI: 0.5400102873098684 BEST_F1_MA: 0.5010364111295863 BEST_ACC_MI: 0.5400102873098684 BEST_F1_MA: 0.45747460261521516
[[ 991 1153 4914 1200]
 [ 271 1307  334  429]
 [ 472  874  336  219]
 [   0    3    0 1106]]
Epoch: [15/200], cls_loss: 0.0241, transfer_loss: 0.0595,person_loss: -1.9780, total_Loss: -0.1439
trian begin
trian end
n_person 322
SAMPLE
F1_MI: 0.37952825336174595 F1_MA: 0.5040858685526464 ACC_MI: 0.3795282533617459 F1_MA: 0.4915727743730268
BEST_F1_MI: 0.5400102873098684 BEST_F1_MA: 0.5040858685526464 BEST_ACC_MI: 0.5400102873098684 BEST_F1_MA: 0.4915727743730268
[[2270 1524 4374   90]
 [ 414 1459  361  107]
 [ 493 1039  330   39]
 [   0    3    0 1106]]
Epoch: [16/200], cls_loss: 0.0327, transfer_loss: 0.0632,person_loss: -1.9795, total_Loss: -0.1337
trian begin
trian end
n_person 322
SAMPLE
F1_MI: 0.42707032111102944 F1_MA: 0.4430239527051483 ACC_MI: 0.42707032111102944 F1_MA: 0.398156727336791
BEST_F1_MI: 0.5400102873098684 BEST_F1_MA: 0.5040858685526464 BEST_ACC_MI: 0.5400102873098684 BEST_F1_MA: 0.4915727743730268
[[3369 1314 2898  677]
 [ 626 1127  243  345]
 [ 601  687  210  403]
 [   0    3    0 1106]]
Epoch: [17/200], cls_loss: 0.0291, transfer_loss: 0.0620,person_loss: -1.9815, total_Loss: -0.1381
trian begin
trian end
n_person 322
SAMPLE
F1_MI: 0.4083327209934602 F1_MA: 0.4399338448000103 ACC_MI: 0.4083327209934602 F1_MA: 0.4100090105470813
BEST_F1_MI: 0.5400102873098684 BEST_F1_MA: 0.5040858685526464 BEST_ACC_MI: 0.5400102873098684 BEST_F1_MA: 0.4915727743730268
[[3384  791 3771  312]
 [ 665  705  472  499]
 [ 833  281  363  424]
 [   0    4    0 1105]]
Epoch: [18/200], cls_loss: 0.0254, transfer_loss: 0.0638,person_loss: -1.9837, total_Loss: -0.1410
trian begin
trian end
n_person 322
SAMPLE
F1_MI: 0.31868616356822693 F1_MA: 0.4288251865064581 ACC_MI: 0.31868616356822693 F1_MA: 0.39471783823486567
BEST_F1_MI: 0.5400102873098684 BEST_F1_MA: 0.5040858685526464 BEST_ACC_MI: 0.5400102873098684 BEST_F1_MA: 0.4915727743730268
[[1771 1996 4197  294]
 [ 364 1034  545  398]
 [ 493  772  426  210]
 [   0    3    0 1106]]
Epoch: [19/200], cls_loss: 0.0273, transfer_loss: 0.0555,person_loss: -1.9823, total_Loss: -0.1432
trian begin
trian end
n_person 322
SAMPLE
F1_MI: 0.3232419722242634 F1_MA: 0.44961142554833217 ACC_MI: 0.3232419722242634 F1_MA: 0.4133654810155293
BEST_F1_MI: 0.5400102873098684 BEST_F1_MA: 0.5040858685526464 BEST_ACC_MI: 0.5400102873098684 BEST_F1_MA: 0.4915727743730268
[[1528 2753 3768  209]
 [ 337 1407  286  311]
 [ 375 1003  359  164]
 [   0    4    0 1105]]
Epoch: [20/200], cls_loss: 0.0220, transfer_loss: 0.0594,person_loss: -1.9791, total_Loss: -0.1462
trian begin
trian end
n_person 322
SAMPLE
F1_MI: 0.3892277169520171 F1_MA: 0.49579366925756124 ACC_MI: 0.389227716952017 F1_MA: 0.468305429307304
BEST_F1_MI: 0.5400102873098684 BEST_F1_MA: 0.5040858685526464 BEST_ACC_MI: 0.5400102873098684 BEST_F1_MA: 0.4915727743730268
[[2413 1673 4075   97]
 [ 286 1193  514  348]
 [ 447  754  585  115]
 [   0    3    0 1106]]
Epoch: [21/200], cls_loss: 0.0328, transfer_loss: 0.0591,person_loss: -1.9804, total_Loss: -0.1356
trian begin
trian end
n_person 322
SAMPLE
F1_MI: 0.3507237857300316 F1_MA: 0.43517533618640275 ACC_MI: 0.3507237857300316 F1_MA: 0.39070220027049396
BEST_F1_MI: 0.5400102873098684 BEST_F1_MA: 0.5040858685526464 BEST_ACC_MI: 0.5400102873098684 BEST_F1_MA: 0.4915727743730268
[[2108 1600 3330 1220]
 [ 181 1096  343  721]
 [ 318  601  463  519]
 [   0    3    0 1106]]
Epoch: [22/200], cls_loss: 0.0272, transfer_loss: 0.0576,person_loss: -1.9811, total_Loss: -0.1421
trian begin
trian end
n_person 322
SAMPLE
F1_MI: 0.46278198251157326 F1_MA: 0.5083255749876745 ACC_MI: 0.4627819825115732 F1_MA: 0.46831814348087286
BEST_F1_MI: 0.5400102873098684 BEST_F1_MA: 0.5083255749876745 BEST_ACC_MI: 0.5400102873098684 BEST_F1_MA: 0.4915727743730268
[[3383 1230 3269  376]
 [ 410 1365  336  230]
 [ 572  651  445  233]
 [   1    3    0 1105]]
Epoch: [23/200], cls_loss: 0.0224, transfer_loss: 0.0482,person_loss: -1.9814, total_Loss: -0.1516
trian begin
trian end
n_person 322
SAMPLE
F1_MI: 0.31486516275993826 F1_MA: 0.44459064636116186 ACC_MI: 0.31486516275993826 F1_MA: 0.3917377893454911
BEST_F1_MI: 0.5400102873098684 BEST_F1_MA: 0.5083255749876745 BEST_ACC_MI: 0.5400102873098684 BEST_F1_MA: 0.4915727743730268
[[1171 1316 4253 1518]
 [ 279 1386  493  183]
 [ 240  824  629  208]
 [   1    9    0 1099]]
Epoch: [24/200], cls_loss: 0.0165, transfer_loss: 0.0511,person_loss: -1.9851, total_Loss: -0.1565
trian begin
trian end
n_person 322
SAMPLE
F1_MI: 0.38459842751120576 F1_MA: 0.49370819610447225 ACC_MI: 0.3845984275112058 F1_MA: 0.45925396901157267
BEST_F1_MI: 0.5400102873098684 BEST_F1_MA: 0.5083255749876745 BEST_ACC_MI: 0.5400102873098684 BEST_F1_MA: 0.4915727743730268
[[2287 1335 4300  336]
 [ 200 1089  638  414]
 [ 342  604  752  203]
 [   0    3    0 1106]]
Epoch: [25/200], cls_loss: 0.0182, transfer_loss: 0.0511,person_loss: -1.9849, total_Loss: -0.1548
trian begin
trian end
n_person 322
SAMPLE
F1_MI: 0.3196414137702991 F1_MA: 0.4299912751631642 ACC_MI: 0.3196414137702991 F1_MA: 0.37855493459963946
BEST_F1_MI: 0.5400102873098684 BEST_F1_MA: 0.5083255749876745 BEST_ACC_MI: 0.5400102873098684 BEST_F1_MA: 0.4915727743730268
[[1442 1264 3594 1958]
 [ 301 1290  364  386]
 [ 257  747  517  380]
 [   0    8    0 1101]]
Epoch: [26/200], cls_loss: 0.0132, transfer_loss: 0.0499,person_loss: -1.9858, total_Loss: -0.1604
trian begin
trian end
n_person 322
SAMPLE
F1_MI: 0.33595414799030054 F1_MA: 0.4033500822254828 ACC_MI: 0.33595414799030054 F1_MA: 0.3599311647930558
BEST_F1_MI: 0.5400102873098684 BEST_F1_MA: 0.5083255749876745 BEST_ACC_MI: 0.5400102873098684 BEST_F1_MA: 0.4915727743730268
[[2276  739 3497 1746]
 [ 558  649  548  586]
 [ 555  400  541  405]
 [   2    1    0 1106]]
Epoch: [27/200], cls_loss: 0.0226, transfer_loss: 0.0545,person_loss: -1.9841, total_Loss: -0.1486
trian begin
trian end
n_person 322
SAMPLE
F1_MI: 0.2985524285399368 F1_MA: 0.42048239619747024 ACC_MI: 0.2985524285399368 F1_MA: 0.3741649412541922
BEST_F1_MI: 0.5400102873098684 BEST_F1_MA: 0.5083255749876745 BEST_ACC_MI: 0.5400102873098684 BEST_F1_MA: 0.4915727743730268
[[1379  830 4182 1867]
 [ 328  753  669  591]
 [ 279  408  826  388]
 [   2    2    0 1105]]
Epoch: [28/200], cls_loss: 0.0197, transfer_loss: 0.0522,person_loss: -1.9848, total_Loss: -0.1527
trian begin
trian end
n_person 322
SAMPLE
F1_MI: 0.3131751047101183 F1_MA: 0.4298135677657382 ACC_MI: 0.3131751047101183 F1_MA: 0.3723684050942735
BEST_F1_MI: 0.5400102873098684 BEST_F1_MA: 0.5083255749876745 BEST_ACC_MI: 0.5400102873098684 BEST_F1_MA: 0.4915727743730268
[[1152 1665 3848 1593]
 [ 236 1584  334  187]
 [ 359  953  424  165]
 [   0    7    0 1102]]
Epoch: [29/200], cls_loss: 0.0275, transfer_loss: 0.0541,person_loss: -1.9863, total_Loss: -0.1441
trian begin
trian end
n_person 322
SAMPLE
F1_MI: 0.2642369020501139 F1_MA: 0.39353614599183934 ACC_MI: 0.2642369020501139 F1_MA: 0.34402151752457155
BEST_F1_MI: 0.5400102873098684 BEST_F1_MA: 0.5083255749876745 BEST_ACC_MI: 0.5400102873098684 BEST_F1_MA: 0.4915727743730268
[[ 907 1104 4432 1815]
 [ 245 1022  429  645]
 [ 313  571  561  456]
 [   0    3    0 1106]]
Epoch: [30/200], cls_loss: 0.0171, transfer_loss: 0.0605,person_loss: -1.9876, total_Loss: -0.1514
trian begin
trian end
n_person 322
SAMPLE
F1_MI: 0.3113380850907488 F1_MA: 0.4237070247204437 ACC_MI: 0.3113380850907488 F1_MA: 0.3795076951016406
BEST_F1_MI: 0.5400102873098684 BEST_F1_MA: 0.5083255749876745 BEST_ACC_MI: 0.5400102873098684 BEST_F1_MA: 0.4915727743730268
[[1555  712 4103 1888]
 [ 294  975  613  459]
 [ 459  545  601  296]
 [   0    3    0 1106]]
Epoch: [31/200], cls_loss: 0.0134, transfer_loss: 0.0542,person_loss: -1.9876, total_Loss: -0.1583
trian begin
trian end
n_person 322
SAMPLE
F1_MI: 0.2862811374825483 F1_MA: 0.4063774793359577 ACC_MI: 0.2862811374825483 F1_MA: 0.3504545342075358
BEST_F1_MI: 0.5400102873098684 BEST_F1_MA: 0.5083255749876745 BEST_ACC_MI: 0.5400102873098684 BEST_F1_MA: 0.4915727743730268
[[ 978 1096 4643 1541]
 [ 344 1363  337  297]
 [ 462  790  449  200]
 [   0    3    0 1106]]
Epoch: [32/200], cls_loss: 0.0198, transfer_loss: 0.0508,person_loss: -1.9877, total_Loss: -0.1536
trian begin
trian end
n_person 322
SAMPLE
F1_MI: 0.2536556690425454 F1_MA: 0.35050584202687474 ACC_MI: 0.2536556690425454 F1_MA: 0.2904584163691518
BEST_F1_MI: 0.5400102873098684 BEST_F1_MA: 0.5083255749876745 BEST_ACC_MI: 0.5400102873098684 BEST_F1_MA: 0.4915727743730268
[[ 867  961 4133 2297]
 [ 694 1119  320  208]
 [ 652  663  366  220]
 [   3    6    0 1100]]
Epoch: [33/200], cls_loss: 0.0144, transfer_loss: 0.0467,person_loss: -1.9839, total_Loss: -0.1606
trian begin
trian end
n_person 322
SAMPLE
F1_MI: 0.3056800646630906 F1_MA: 0.4018168785623283 ACC_MI: 0.3056800646630906 F1_MA: 0.3458706381173601
BEST_F1_MI: 0.5400102873098684 BEST_F1_MA: 0.5083255749876745 BEST_ACC_MI: 0.5400102873098684 BEST_F1_MA: 0.4915727743730268
[[1352 2097 3280 1529]
 [ 367 1405  235  334]
 [ 377 1067  297  160]
 [   1    2    0 1106]]
Epoch: [34/200], cls_loss: 0.0141, transfer_loss: 0.0467,person_loss: -1.9868, total_Loss: -0.1613
trian begin
trian end
n_person 322
SAMPLE
F1_MI: 0.3512381512234551 F1_MA: 0.4378981271725516 ACC_MI: 0.3512381512234551 F1_MA: 0.3857556863179956
BEST_F1_MI: 0.5400102873098684 BEST_F1_MA: 0.5083255749876745 BEST_ACC_MI: 0.5400102873098684 BEST_F1_MA: 0.4915727743730268
[[1895 1854 3165 1344]
 [ 224 1388  323  406]
 [ 436  915  391  159]
 [   0    2    1 1106]]
Epoch: [35/200], cls_loss: 0.0106, transfer_loss: 0.0519,person_loss: -1.9872, total_Loss: -0.1621
trian begin
trian end
n_person 322
SAMPLE
F1_MI: 0.3391873025203909 F1_MA: 0.430254507125184 ACC_MI: 0.3391873025203909 F1_MA: 0.37665078372597255
BEST_F1_MI: 0.5400102873098684 BEST_F1_MA: 0.5083255749876745 BEST_ACC_MI: 0.5400102873098684 BEST_F1_MA: 0.4915727743730268
[[1758 1481 3551 1468]
 [ 404 1255  470  212]
 [ 514  812  500   75]
 [   0    6    0 1103]]
Epoch: [36/200], cls_loss: 0.0129, transfer_loss: 0.0530,person_loss: -1.9884, total_Loss: -0.1594
trian begin
trian end
n_person 322
SAMPLE
F1_MI: 0.33867293702696744 F1_MA: 0.4228479520713764 ACC_MI: 0.33867293702696744 F1_MA: 0.37281163491695263
BEST_F1_MI: 0.5400102873098684 BEST_F1_MA: 0.5083255749876745 BEST_ACC_MI: 0.5400102873098684 BEST_F1_MA: 0.4915727743730268
[[1873 1643 3338 1404]
 [ 279 1298  329  435]
 [ 443  902  331  225]
 [   0    2    0 1107]]
Epoch: [37/200], cls_loss: 0.0164, transfer_loss: 0.0492,person_loss: -1.9885, total_Loss: -0.1578
trian begin
trian end
n_person 322
SAMPLE
F1_MI: 0.31486516275993826 F1_MA: 0.4247138377041415 ACC_MI: 0.31486516275993826 F1_MA: 0.3821585318636781
BEST_F1_MI: 0.5400102873098684 BEST_F1_MA: 0.5083255749876745 BEST_ACC_MI: 0.5400102873098684 BEST_F1_MA: 0.4915727743730268
[[1600 1661 4369  628]
 [ 469 1108  434  330]
 [ 502  818  472  109]
 [   3    1    0 1105]]
Epoch: [38/200], cls_loss: 0.0117, transfer_loss: 0.0509,person_loss: -1.9899, total_Loss: -0.1619
trian begin
trian end
n_person 322
SAMPLE
F1_MI: 0.32456462635020944 F1_MA: 0.4242189404581353 ACC_MI: 0.32456462635020944 F1_MA: 0.3825666484477245
BEST_F1_MI: 0.5400102873098684 BEST_F1_MA: 0.5083255749876745 BEST_ACC_MI: 0.5400102873098684 BEST_F1_MA: 0.4915727743730268
[[1794 1473 4340  651]
 [ 498 1092  398  353]
 [ 554  785  426  136]
 [   3    1    0 1105]]
Epoch: [39/200], cls_loss: 0.0087, transfer_loss: 0.0457,person_loss: -1.9877, total_Loss: -0.1673
trian begin
trian end
n_person 322
SAMPLE
F1_MI: 0.33580718642075097 F1_MA: 0.45464770867466553 ACC_MI: 0.33580718642075097 F1_MA: 0.41714090866000464
BEST_F1_MI: 0.5400102873098684 BEST_F1_MA: 0.5083255749876745 BEST_ACC_MI: 0.5400102873098684 BEST_F1_MA: 0.4915727743730268
[[1694 1832 4051  681]
 [ 141 1368  402  430]
 [ 286 1056  402  157]
 [   0    3    0 1106]]
Epoch: [40/200], cls_loss: 0.0138, transfer_loss: 0.0604,person_loss: -1.9893, total_Loss: -0.1549
trian begin
trian end
n_person 322
SAMPLE
F1_MI: 0.35270776691895067 F1_MA: 0.4285370768146754 ACC_MI: 0.35270776691895067 F1_MA: 0.3811750877698804
BEST_F1_MI: 0.5400102873098684 BEST_F1_MA: 0.5083255749876745 BEST_ACC_MI: 0.5400102873098684 BEST_F1_MA: 0.4915727743730268
[[2098 1561 3464 1135]
 [ 319 1347  312  363]
 [ 502  964  250  185]
 [   0    4    0 1105]]
Epoch: [41/200], cls_loss: 0.0209, transfer_loss: 0.0560,person_loss: -1.9884, total_Loss: -0.1499
trian begin
trian end
n_person 322
SAMPLE
F1_MI: 0.3427878609743552 F1_MA: 0.42966869387592754 ACC_MI: 0.3427878609743552 F1_MA: 0.3806506070619372
BEST_F1_MI: 0.5400102873098684 BEST_F1_MA: 0.5083255749876745 BEST_ACC_MI: 0.5400102873098684 BEST_F1_MA: 0.4915727743730268
[[1904 1655 3270 1429]
 [ 231 1268  412  430]
 [ 413  869  388  231]
 [   0    2    2 1105]]
Epoch: [42/200], cls_loss: 0.0134, transfer_loss: 0.0475,person_loss: -1.9879, total_Loss: -0.1616
trian begin
trian end
n_person 322
SAMPLE
F1_MI: 0.3907708134322875 F1_MA: 0.45143748836207065 ACC_MI: 0.3907708134322875 F1_MA: 0.4085876651990923
BEST_F1_MI: 0.5400102873098684 BEST_F1_MA: 0.5083255749876745 BEST_ACC_MI: 0.5400102873098684 BEST_F1_MA: 0.4915727743730268
[[2658 1372 3386  842]
 [ 302 1203  420  416]
 [ 527  860  352  162]
 [   0    4    0 1105]]
Epoch: [43/200], cls_loss: 0.0166, transfer_loss: 0.0540,person_loss: -1.9889, total_Loss: -0.1553
trian begin
trian end
n_person 322
SAMPLE
F1_MI: 0.3672569623043574 F1_MA: 0.44765174039852246 ACC_MI: 0.3672569623043574 F1_MA: 0.4020106534200684
BEST_F1_MI: 0.5400102873098684 BEST_F1_MA: 0.5083255749876745 BEST_ACC_MI: 0.5400102873098684 BEST_F1_MA: 0.4915727743730268
[[2258 1293 3393 1314]
 [ 231 1116  556  438]
 [ 404  796  518  183]
 [   0    3    0 1106]]
Epoch: [44/200], cls_loss: 0.0116, transfer_loss: 0.0518,person_loss: -1.9898, total_Loss: -0.1615
trian begin
trian end
n_person 322
SAMPLE
F1_MI: 0.44955544125211255 F1_MA: 0.471944559355841 ACC_MI: 0.44955544125211255 F1_MA: 0.4307544549119152
BEST_F1_MI: 0.5400102873098684 BEST_F1_MA: 0.5083255749876745 BEST_ACC_MI: 0.5400102873098684 BEST_F1_MA: 0.4915727743730268
[[3497 2652 1798  311]
 [ 353 1322  316  350]
 [ 604  992  192  113]
 [   0    2    0 1107]]
Epoch: [45/200], cls_loss: 0.0149, transfer_loss: 0.0462,person_loss: -1.9898, total_Loss: -0.1610
trian begin
trian end
n_person 322
SAMPLE
F1_MI: 0.37827908002057464 F1_MA: 0.4833425791471962 ACC_MI: 0.37827908002057464 F1_MA: 0.4567636429353158
BEST_F1_MI: 0.5400102873098684 BEST_F1_MA: 0.5083255749876745 BEST_ACC_MI: 0.5400102873098684 BEST_F1_MA: 0.4915727743730268
[[2346 1415 4262  235]
 [ 298 1221  525  297]
 [ 512  827  475   87]
 [   0    3    0 1106]]
Epoch: [46/200], cls_loss: 0.0115, transfer_loss: 0.0488,person_loss: -1.9904, total_Loss: -0.1631
trian begin
trian end
n_person 322
SAMPLE
F1_MI: 0.4243515320743625 F1_MA: 0.4699277111450785 ACC_MI: 0.42435153207436255 F1_MA: 0.43746395914665304
BEST_F1_MI: 0.5400102873098684 BEST_F1_MA: 0.5083255749876745 BEST_ACC_MI: 0.5400102873098684 BEST_F1_MA: 0.4915727743730268
[[3252 1344 3386  276]
 [ 434 1077  434  396]
 [ 644  798  339  120]
 [   0    2    0 1107]]
Epoch: [47/200], cls_loss: 0.0174, transfer_loss: 0.0467,person_loss: -1.9906, total_Loss: -0.1583
trian begin
trian end
n_person 322
SAMPLE
F1_MI: 0.4167095304577853 F1_MA: 0.4622001506975734 ACC_MI: 0.4167095304577853 F1_MA: 0.4280068810647807
BEST_F1_MI: 0.5400102873098684 BEST_F1_MA: 0.5083255749876745 BEST_ACC_MI: 0.5400102873098684 BEST_F1_MA: 0.4915727743730268
[[3144 1404 3481  229]
 [ 420 1179  254  488]
 [ 520  941  241  199]
 [   0    2    0 1107]]
Epoch: [48/200], cls_loss: 0.0148, transfer_loss: 0.0480,person_loss: -1.9903, total_Loss: -0.1602
trian begin
trian end
n_person 322
SAMPLE
F1_MI: 0.37871996472922326 F1_MA: 0.44792147731311693 ACC_MI: 0.3787199647292233 F1_MA: 0.41757707889752665
BEST_F1_MI: 0.5400102873098684 BEST_F1_MA: 0.5083255749876745 BEST_ACC_MI: 0.5400102873098684 BEST_F1_MA: 0.4915727743730268
[[2721 1261 4051  225]
 [ 608  942  374  417]
 [ 554  786  384  177]
 [   0    2    0 1107]]
Epoch: [49/200], cls_loss: 0.0200, transfer_loss: 0.0498,person_loss: -1.9911, total_Loss: -0.1543
trian begin
trian end
n_person 322
SAMPLE
F1_MI: 0.36167242266147404 F1_MA: 0.4455764734729656 ACC_MI: 0.36167242266147404 F1_MA: 0.4139714227185457
BEST_F1_MI: 0.5400102873098684 BEST_F1_MA: 0.5083255749876745 BEST_ACC_MI: 0.5400102873098684 BEST_F1_MA: 0.4915727743730268
[[2455  834 4611  358]
 [ 557  822  465  497]
 [ 565  559  538  239]
 [   0    2    0 1107]]
Epoch: [50/200], cls_loss: 0.0121, transfer_loss: 0.0503,person_loss: -1.9912, total_Loss: -0.1619
trian begin
trian end
n_person 322
SAMPLE
F1_MI: 0.4229553971636417 F1_MA: 0.492605612579663 ACC_MI: 0.4229553971636417 F1_MA: 0.46157857798445096
BEST_F1_MI: 0.5400102873098684 BEST_F1_MA: 0.5083255749876745 BEST_ACC_MI: 0.5400102873098684 BEST_F1_MA: 0.4915727743730268
[[2974 1196 3853  235]
 [ 281 1281  347  432]
 [ 403  948  395  155]
 [   0    3    0 1106]]
Epoch: [51/200], cls_loss: 0.0138, transfer_loss: 0.0494,person_loss: -1.9906, total_Loss: -0.1605
trian begin
trian end
n_person 322
SAMPLE
F1_MI: 0.5117936659563525 F1_MA: 0.5374449749212116 ACC_MI: 0.5117936659563525 F1_MA: 0.5002512873768552
BEST_F1_MI: 0.5400102873098684 BEST_F1_MA: 0.5374449749212116 BEST_ACC_MI: 0.5400102873098684 BEST_F1_MA: 0.5002512873768552
[[4020 1890 2193  155]
 [ 119 1305  509  408]
 [ 231  971  534  165]
 [   0    3    0 1106]]
Epoch: [52/200], cls_loss: 0.0134, transfer_loss: 0.0497,person_loss: -1.9905, total_Loss: -0.1608
trian begin
trian end
n_person 322
SAMPLE
F1_MI: 0.45925490484238374 F1_MA: 0.4863288431843159 ACC_MI: 0.45925490484238374 F1_MA: 0.44719348857766106
BEST_F1_MI: 0.5400102873098684 BEST_F1_MA: 0.5374449749212116 BEST_ACC_MI: 0.5400102873098684 BEST_F1_MA: 0.5002512873768552
[[3616 1012 3164  466]
 [ 249 1083  469  540]
 [ 516  644  445  296]
 [   0    3    0 1106]]
Epoch: [53/200], cls_loss: 0.0098, transfer_loss: 0.0466,person_loss: -1.9907, total_Loss: -0.1659
trian begin
trian end
n_person 322
SAMPLE
F1_MI: 0.5225953413182453 F1_MA: 0.5187283210959105 ACC_MI: 0.5225953413182453 F1_MA: 0.48072101715921167
BEST_F1_MI: 0.5400102873098684 BEST_F1_MA: 0.5374449749212116 BEST_ACC_MI: 0.5400102873098684 BEST_F1_MA: 0.5002512873768552
[[4387 1229 2502  140]
 [ 303 1286  332  420]
 [ 493  873  333  202]
 [   0    3    0 1106]]
Epoch: [54/200], cls_loss: 0.0095, transfer_loss: 0.0483,person_loss: -1.9915, total_Loss: -0.1655
trian begin
trian end
n_person 322
SAMPLE
F1_MI: 0.43059739878021897 F1_MA: 0.48179285199493876 ACC_MI: 0.43059739878021897 F1_MA: 0.4496240519289707
BEST_F1_MI: 0.5400102873098684 BEST_F1_MA: 0.5374449749212116 BEST_ACC_MI: 0.5400102873098684 BEST_F1_MA: 0.5002512873768552
[[3316  920 3818  204]
 [ 405  809  601  526]
 [ 419  566  628  288]
 [   1    1    0 1107]]
Epoch: [55/200], cls_loss: 0.0163, transfer_loss: 0.0489,person_loss: -1.9912, total_Loss: -0.1584
trian begin
trian end
n_person 322
SAMPLE
F1_MI: 0.4812991402748181 F1_MA: 0.5153421622755073 ACC_MI: 0.4812991402748181 F1_MA: 0.47960091565762963
BEST_F1_MI: 0.5400102873098684 BEST_F1_MA: 0.5374449749212116 BEST_ACC_MI: 0.5400102873098684 BEST_F1_MA: 0.5002512873768552
[[3757 1212 2954  335]
 [ 227 1136  624  354]
 [ 344  822  551  184]
 [   0    3    0 1106]]
Epoch: [56/200], cls_loss: 0.0093, transfer_loss: 0.0503,person_loss: -1.9912, total_Loss: -0.1647
trian begin
trian end
n_person 322
SAMPLE
F1_MI: 0.44801234477184215 F1_MA: 0.4831968162469974 ACC_MI: 0.44801234477184215 F1_MA: 0.4455350980674833
BEST_F1_MI: 0.5400102873098684 BEST_F1_MA: 0.5374449749212116 BEST_ACC_MI: 0.5400102873098684 BEST_F1_MA: 0.5002512873768552
[[3474 1321 3096  367]
 [ 170 1063  447  661]
 [ 183  826  453  439]
 [   0    2    0 1107]]
Epoch: [57/200], cls_loss: 0.0125, transfer_loss: 0.0479,person_loss: -1.9912, total_Loss: -0.1627
trian begin
trian end
n_person 322
SAMPLE
F1_MI: 0.48365052538761116 F1_MA: 0.48023438254714224 ACC_MI: 0.48365052538761116 F1_MA: 0.44162941662125943
BEST_F1_MI: 0.5400102873098684 BEST_F1_MA: 0.5374449749212116 BEST_ACC_MI: 0.5400102873098684 BEST_F1_MA: 0.5002512873768552
[[4219  812 2762  465]
 [ 353  656  770  562]
 [ 519  549  600  233]
 [   1    1    0 1107]]
Epoch: [58/200], cls_loss: 0.0108, transfer_loss: 0.0492,person_loss: -1.9909, total_Loss: -0.1637
trian begin
trian end
n_person 322
SAMPLE
F1_MI: 0.48078477478139464 F1_MA: 0.5091552142289902 ACC_MI: 0.48078477478139464 F1_MA: 0.47530085619474677
BEST_F1_MI: 0.5400102873098684 BEST_F1_MA: 0.5374449749212116 BEST_ACC_MI: 0.5400102873098684 BEST_F1_MA: 0.5002512873768552
[[3874 1260 2913  211]
 [ 218  969  669  485]
 [ 308  835  594  164]
 [   0    3    0 1106]]
Epoch: [59/200], cls_loss: 0.0194, transfer_loss: 0.0525,person_loss: -1.9906, total_Loss: -0.1535
trian begin
trian end
n_person 322
SAMPLE
F1_MI: 0.5299434197957235 F1_MA: 0.49130036587793324 ACC_MI: 0.5299434197957235 F1_MA: 0.44954822350761575
BEST_F1_MI: 0.5400102873098684 BEST_F1_MA: 0.5374449749212116 BEST_ACC_MI: 0.5400102873098684 BEST_F1_MA: 0.5002512873768552
[[4846 1119 1852  441]
 [ 350  803  718  470]
 [ 608  630  460  203]
 [   0    6    0 1103]]
Epoch: [60/200], cls_loss: 0.0118, transfer_loss: 0.0449,person_loss: -1.9903, total_Loss: -0.1648
trian begin
trian end
n_person 322
SAMPLE
F1_MI: 0.44808582555661697 F1_MA: 0.46390491629036235 ACC_MI: 0.44808582555661697 F1_MA: 0.428428955729005
BEST_F1_MI: 0.5400102873098684 BEST_F1_MA: 0.5374449749212116 BEST_ACC_MI: 0.5400102873098684 BEST_F1_MA: 0.5002512873768552
[[3782 1307 3001  168]
 [ 502  698  606  535]
 [ 623  549  511  218]
 [   1    1    0 1107]]
Epoch: [61/200], cls_loss: 0.0168, transfer_loss: 0.0430,person_loss: -1.9906, total_Loss: -0.1608
trian begin
trian end
n_person 322
SAMPLE
F1_MI: 0.3729149827320155 F1_MA: 0.4703582805534946 ACC_MI: 0.37291498273201557 F1_MA: 0.43788433210277444
BEST_F1_MI: 0.5400102873098684 BEST_F1_MA: 0.5374449749212116 BEST_ACC_MI: 0.5400102873098684 BEST_F1_MA: 0.5002512873768552
[[2342 1561 4023  332]
 [ 162 1062  515  602]
 [ 240  834  564  263]
 [   0    2    0 1107]]
Epoch: [62/200], cls_loss: 0.0136, transfer_loss: 0.0508,person_loss: -1.9912, total_Loss: -0.1601
trian begin
trian end
n_person 322
SAMPLE
F1_MI: 0.40576089352634287 F1_MA: 0.47018850031642817 ACC_MI: 0.40576089352634287 F1_MA: 0.44022370079869655
BEST_F1_MI: 0.5400102873098684 BEST_F1_MA: 0.5374449749212116 BEST_ACC_MI: 0.5400102873098684 BEST_F1_MA: 0.5002512873768552
[[3011  959 4058  230]
 [ 551  842  518  430]
 [ 559  613  562  167]
 [   1    1    0 1107]]
Epoch: [63/200], cls_loss: 0.0094, transfer_loss: 0.0451,person_loss: -1.9918, total_Loss: -0.1672
trian begin
trian end
n_person 322
SAMPLE
F1_MI: 0.3925343522668822 F1_MA: 0.45332538131208694 ACC_MI: 0.3925343522668822 F1_MA: 0.4219479969281544
BEST_F1_MI: 0.5400102873098684 BEST_F1_MA: 0.5374449749212116 BEST_ACC_MI: 0.5400102873098684 BEST_F1_MA: 0.5002512873768552
[[2891 1089 4039  239]
 [ 424  974  359  584]
 [ 494  804  370  233]
 [   1    1    0 1107]]
Epoch: [64/200], cls_loss: 0.0093, transfer_loss: 0.0422,person_loss: -1.9921, total_Loss: -0.1688
trian begin
trian end
n_person 322
SAMPLE
F1_MI: 0.2650451906826365 F1_MA: 0.4287523958775501 ACC_MI: 0.2650451906826365 F1_MA: 0.4007563865115795
BEST_F1_MI: 0.5400102873098684 BEST_F1_MA: 0.5374449749212116 BEST_ACC_MI: 0.5400102873098684 BEST_F1_MA: 0.5002512873768552
[[ 903 1011 6132  212]
 [ 230 1050  498  563]
 [ 289  876  547  189]
 [   0    2    0 1107]]
Epoch: [65/200], cls_loss: 0.0116, transfer_loss: 0.0428,person_loss: -1.9925, total_Loss: -0.1662
trian begin
trian end
n_person 322
SAMPLE
F1_MI: 0.32529943419795726 F1_MA: 0.42944304885492496 ACC_MI: 0.32529943419795726 F1_MA: 0.40202762856526286
BEST_F1_MI: 0.5400102873098684 BEST_F1_MA: 0.5374449749212116 BEST_ACC_MI: 0.5400102873098684 BEST_F1_MA: 0.5002512873768552
[[2012  874 5086  286]
 [ 470  874  459  538]
 [ 631  672  434  164]
 [   1    1    0 1107]]
Epoch: [66/200], cls_loss: 0.0111, transfer_loss: 0.0461,person_loss: -1.9922, total_Loss: -0.1651
trian begin
trian end
n_person 322
SAMPLE
F1_MI: 0.2492468219560585 F1_MA: 0.3824557176762371 ACC_MI: 0.2492468219560585 F1_MA: 0.33782127432193687
BEST_F1_MI: 0.5400102873098684 BEST_F1_MA: 0.5374449749212116 BEST_ACC_MI: 0.5400102873098684 BEST_F1_MA: 0.5002512873768552
[[ 881  887 5734  756]
 [ 429  805  593  514]
 [ 524  632  602  143]
 [   2    3    0 1104]]
Epoch: [67/200], cls_loss: 0.0101, transfer_loss: 0.0459,person_loss: -1.9924, total_Loss: -0.1662
trian begin
trian end
n_person 322
SAMPLE
F1_MI: 0.259166727900654 F1_MA: 0.3836248037552554 ACC_MI: 0.259166727900654 F1_MA: 0.3338802994927238
BEST_F1_MI: 0.5400102873098684 BEST_F1_MA: 0.5374449749212116 BEST_ACC_MI: 0.5400102873098684 BEST_F1_MA: 0.5002512873768552
[[ 887  869 4877 1625]
 [ 317 1086  531  407]
 [ 443  887  451  120]
 [   1    5    0 1103]]
Epoch: [68/200], cls_loss: 0.0087, transfer_loss: 0.0412,person_loss: -1.9928, total_Loss: -0.1699
trian begin
trian end
n_person 322
SAMPLE
F1_MI: 0.3234624145785877 F1_MA: 0.4263621705126997 ACC_MI: 0.3234624145785877 F1_MA: 0.3889930478933344
BEST_F1_MI: 0.5400102873098684 BEST_F1_MA: 0.5374449749212116 BEST_ACC_MI: 0.5400102873098684 BEST_F1_MA: 0.5002512873768552
[[1888  694 4281 1395]
 [ 260  808  808  465]
 [ 431  713  600  157]
 [   0    3    0 1106]]
Epoch: [69/200], cls_loss: 0.0114, transfer_loss: 0.0417,person_loss: -1.9927, total_Loss: -0.1670
trian begin
trian end
n_person 322
SAMPLE
F1_MI: 0.2761407891836285 F1_MA: 0.4125500263979948 ACC_MI: 0.2761407891836285 F1_MA: 0.37781843326023345
BEST_F1_MI: 0.5400102873098684 BEST_F1_MA: 0.5374449749212116 BEST_ACC_MI: 0.5400102873098684 BEST_F1_MA: 0.5002512873768552
[[1198  883 5572  605]
 [ 378  910  631  422]
 [ 472  758  544  127]
 [   0    3    0 1106]]
Epoch: [70/200], cls_loss: 0.0120, transfer_loss: 0.0478,person_loss: -1.9927, total_Loss: -0.1634
trian begin
trian end
n_person 322
SAMPLE
F1_MI: 0.2823131751047101 F1_MA: 0.39300423691628805 ACC_MI: 0.2823131751047101 F1_MA: 0.34549912926247156
BEST_F1_MI: 0.5400102873098684 BEST_F1_MA: 0.5374449749212116 BEST_ACC_MI: 0.5400102873098684 BEST_F1_MA: 0.5002512873768552
[[1238 1011 4714 1295]
 [ 469 1135  424  313]
 [ 541  892  364  104]
 [   2    2    0 1105]]
Epoch: [71/200], cls_loss: 0.0092, transfer_loss: 0.0409,person_loss: -1.9926, total_Loss: -0.1696
trian begin
trian end
n_person 322
SAMPLE
F1_MI: 0.32287456830038946 F1_MA: 0.43310551687454285 ACC_MI: 0.32287456830038946 F1_MA: 0.3948027911944865
BEST_F1_MI: 0.5400102873098684 BEST_F1_MA: 0.5374449749212116 BEST_ACC_MI: 0.5400102873098684 BEST_F1_MA: 0.5002512873768552
[[1723  925 4575 1035]
 [ 349 1119  577  296]
 [ 441  915  446   99]
 [   0    3    0 1106]]
Epoch: [72/200], cls_loss: 0.0127, transfer_loss: 0.0438,person_loss: -1.9927, total_Loss: -0.1646
trian begin
trian end
n_person 322
SAMPLE
F1_MI: 0.3309574546256154 F1_MA: 0.4540435944789091 ACC_MI: 0.3309574546256154 F1_MA: 0.427112213070088
BEST_F1_MI: 0.5400102873098684 BEST_F1_MA: 0.5374449749212116 BEST_ACC_MI: 0.5400102873098684 BEST_F1_MA: 0.5002512873768552
[[1852  744 5024  638]
 [ 225  979  682  455]
 [ 344  853  566  138]
 [   0    2    0 1107]]
Epoch: [73/200], cls_loss: 0.0131, transfer_loss: 0.0514,person_loss: -1.9933, total_Loss: -0.1605
trian begin
trian end
n_person 322
SAMPLE
F1_MI: 0.34462488059372476 F1_MA: 0.46770500508575075 ACC_MI: 0.34462488059372476 F1_MA: 0.4387594069914579
BEST_F1_MI: 0.5400102873098684 BEST_F1_MA: 0.5374449749212116 BEST_ACC_MI: 0.5400102873098684 BEST_F1_MA: 0.5002512873768552
[[1934  806 5075  443]
 [ 569  976  575  221]
 [ 459  706  674   62]
 [   0    3    0 1106]]
Epoch: [74/200], cls_loss: 0.0151, transfer_loss: 0.0445,person_loss: -1.9929, total_Loss: -0.1620
trian begin
trian end
n_person 322
SAMPLE
F1_MI: 0.3372033213314718 F1_MA: 0.4575249519859676 ACC_MI: 0.3372033213314718 F1_MA: 0.4220094648661208
BEST_F1_MI: 0.5400102873098684 BEST_F1_MA: 0.5374449749212116 BEST_ACC_MI: 0.5400102873098684 BEST_F1_MA: 0.5002512873768552
[[1807  581 4971  899]
 [ 502  991  656  192]
 [ 434  706  689   72]
 [   1    6    0 1102]]
Epoch: [75/200], cls_loss: 0.0149, transfer_loss: 0.0457,person_loss: -1.9933, total_Loss: -0.1616
trian begin
trian end
n_person 322
SAMPLE
F1_MI: 0.2861341759129988 F1_MA: 0.40701185112688765 ACC_MI: 0.2861341759129988 F1_MA: 0.36280150471552386
BEST_F1_MI: 0.5400102873098684 BEST_F1_MA: 0.5374449749212116 BEST_ACC_MI: 0.5400102873098684 BEST_F1_MA: 0.5002512873768552
[[1280  800 4398 1780]
 [ 309  915  625  492]
 [ 333  717  596  255]
 [   0    6    0 1103]]
Epoch: [76/200], cls_loss: 0.0153, transfer_loss: 0.0540,person_loss: -1.9930, total_Loss: -0.1571
trian begin
trian end
n_person 322
SAMPLE
F1_MI: 0.3313983393342641 F1_MA: 0.43835135389145624 ACC_MI: 0.3313983393342641 F1_MA: 0.39919368035232616
BEST_F1_MI: 0.5400102873098684 BEST_F1_MA: 0.5374449749212116 BEST_ACC_MI: 0.5400102873098684 BEST_F1_MA: 0.5002512873768552
[[1875  491 3601 2291]
 [ 242  840  817  442]
 [ 333  637  693  238]
 [   0    7    0 1102]]
Epoch: [77/200], cls_loss: 0.0066, transfer_loss: 0.0461,person_loss: -1.9931, total_Loss: -0.1696
trian begin
trian end
n_person 322
SAMPLE
F1_MI: 0.40730399000661327 F1_MA: 0.48488509492603304 ACC_MI: 0.40730399000661327 F1_MA: 0.459112765858622
BEST_F1_MI: 0.5400102873098684 BEST_F1_MA: 0.5374449749212116 BEST_ACC_MI: 0.5400102873098684 BEST_F1_MA: 0.5002512873768552
[[2957  370 4276  655]
 [ 450  784  812  295]
 [ 528  581  700   92]
 [   0    7    0 1102]]
Epoch: [78/200], cls_loss: 0.0106, transfer_loss: 0.0406,person_loss: -1.9926, total_Loss: -0.1684
trian begin
trian end
n_person 322
SAMPLE
F1_MI: 0.34065691821588656 F1_MA: 0.45079863529057096 ACC_MI: 0.34065691821588656 F1_MA: 0.4093080989303999
BEST_F1_MI: 0.5400102873098684 BEST_F1_MA: 0.5374449749212116 BEST_ACC_MI: 0.5400102873098684 BEST_F1_MA: 0.5002512873768552
[[1893  846 4483 1036]
 [ 349  816  735  441]
 [ 330  571  822  178]
 [   0    4    0 1105]]
Epoch: [79/200], cls_loss: 0.0142, transfer_loss: 0.0498,person_loss: -1.9931, total_Loss: -0.1602
trian begin
trian end
n_person 322
SAMPLE
F1_MI: 0.30553310309354104 F1_MA: 0.4272538867552721 ACC_MI: 0.30553310309354104 F1_MA: 0.3832408182554897
BEST_F1_MI: 0.5400102873098684 BEST_F1_MA: 0.5374449749212116 BEST_ACC_MI: 0.5400102873098684 BEST_F1_MA: 0.5002512873768552
[[1464  525 4229 2040]
 [ 349  778  813  401]
 [ 355  517  816  213]
 [   0    9    0 1100]]
Epoch: [80/200], cls_loss: 0.0104, transfer_loss: 0.0432,person_loss: -1.9930, total_Loss: -0.1673
trian begin
trian end
n_person 322
SAMPLE
F1_MI: 0.2930413696818282 F1_MA: 0.3883421023743221 ACC_MI: 0.2930413696818282 F1_MA: 0.34358915033418813
BEST_F1_MI: 0.5400102873098684 BEST_F1_MA: 0.5374449749212116 BEST_ACC_MI: 0.5400102873098684 BEST_F1_MA: 0.5002512873768552
[[1650  679 3979 1950]
 [ 461  591  596  693]
 [ 517  397  643  344]
 [   2    3    0 1104]]
Epoch: [81/200], cls_loss: 0.0084, transfer_loss: 0.0409,person_loss: -1.9925, total_Loss: -0.1704
trian begin
trian end
n_person 322
SAMPLE
F1_MI: 0.3474171504151664 F1_MA: 0.4195702574010431 ACC_MI: 0.3474171504151664 F1_MA: 0.3747538624124474
BEST_F1_MI: 0.5400102873098684 BEST_F1_MA: 0.5374449749212116 BEST_ACC_MI: 0.5400102873098684 BEST_F1_MA: 0.5002512873768552
[[2297 1413 3845  703]
 [ 569  662  631  479]
 [ 581  432  665  223]
 [   3    2    0 1104]]
Epoch: [82/200], cls_loss: 0.0111, transfer_loss: 0.0358,person_loss: -1.9924, total_Loss: -0.1703
trian begin
trian end
n_person 322
SAMPLE
F1_MI: 0.3743845984275112 F1_MA: 0.4345074374946775 ACC_MI: 0.3743845984275112 F1_MA: 0.3928554671680854
BEST_F1_MI: 0.5400102873098684 BEST_F1_MA: 0.5374449749212116 BEST_ACC_MI: 0.5400102873098684 BEST_F1_MA: 0.5002512873768552
[[2648 1736 3413  461]
 [ 433  805  552  551]
 [ 560  540  535  266]
 [   0    2    0 1107]]
Epoch: [83/200], cls_loss: 0.0113, transfer_loss: 0.0431,person_loss: -1.9921, total_Loss: -0.1664
trian begin
trian end
n_person 322
SAMPLE
F1_MI: 0.3306635314865163 F1_MA: 0.43268661919787643 ACC_MI: 0.3306635314865163 F1_MA: 0.39316308228534796
BEST_F1_MI: 0.5400102873098684 BEST_F1_MA: 0.5374449749212116 BEST_ACC_MI: 0.5400102873098684 BEST_F1_MA: 0.5002512873768552
[[1956  961 4713  628]
 [ 494  668  705  474]
 [ 451  434  771  245]
 [   0    4    0 1105]]
Epoch: [84/200], cls_loss: 0.0101, transfer_loss: 0.0397,person_loss: -1.9928, total_Loss: -0.1693
trian begin
trian end
n_person 322
SAMPLE
F1_MI: 0.3374237636857962 F1_MA: 0.45431592633679324 ACC_MI: 0.3374237636857962 F1_MA: 0.4212194153034786
BEST_F1_MI: 0.5400102873098684 BEST_F1_MA: 0.5374449749212116 BEST_ACC_MI: 0.5400102873098684 BEST_F1_MA: 0.5002512873768552
[[1932  953 4981  392]
 [ 560  766  706  309]
 [ 430  511  790  170]
 [   0    5    0 1104]]
Epoch: [85/200], cls_loss: 0.0110, transfer_loss: 0.0408,person_loss: -1.9916, total_Loss: -0.1677
trian begin
trian end
n_person 322
SAMPLE
F1_MI: 0.34389007274597694 F1_MA: 0.45607630954842443 ACC_MI: 0.34389007274597694 F1_MA: 0.42184263072183215
BEST_F1_MI: 0.5400102873098684 BEST_F1_MA: 0.5374449749212116 BEST_ACC_MI: 0.5400102873098684 BEST_F1_MA: 0.5002512873768552
[[2004  920 4791  543]
 [ 403  802  726  410]
 [ 363  608  771  159]
 [   0    6    0 1103]]
Epoch: [86/200], cls_loss: 0.0072, transfer_loss: 0.0409,person_loss: -1.9932, total_Loss: -0.1716
trian begin
trian end
n_person 322
SAMPLE
F1_MI: 0.3498420163127342 F1_MA: 0.4214728093343863 ACC_MI: 0.3498420163127342 F1_MA: 0.3771143882271518
BEST_F1_MI: 0.5400102873098684 BEST_F1_MA: 0.5374449749212116 BEST_ACC_MI: 0.5400102873098684 BEST_F1_MA: 0.5002512873768552
[[2312  892 3655 1399]
 [ 453  728  636  524]
 [ 496  531  618  256]
 [   0    6    0 1103]]
Epoch: [87/200], cls_loss: 0.0117, transfer_loss: 0.0421,person_loss: -1.9937, total_Loss: -0.1667
trian begin
trian end
n_person 322
SAMPLE
F1_MI: 0.2799617899919171 F1_MA: 0.41068151823916915 ACC_MI: 0.2799617899919171 F1_MA: 0.36907095552016095
BEST_F1_MI: 0.5400102873098684 BEST_F1_MA: 0.5374449749212116 BEST_ACC_MI: 0.5400102873098684 BEST_F1_MA: 0.5002512873768552
[[1263  668 5394  933]
 [ 461  563  920  397]
 [ 388  440  881  192]
 [   1    5    0 1103]]
Epoch: [88/200], cls_loss: 0.0111, transfer_loss: 0.0450,person_loss: -1.9935, total_Loss: -0.1657
trian begin
trian end
n_person 322
SAMPLE
F1_MI: 0.2935557351752517 F1_MA: 0.38886878328010704 ACC_MI: 0.2935557351752517 F1_MA: 0.3408162138337759
BEST_F1_MI: 0.5400102873098684 BEST_F1_MA: 0.5374449749212116 BEST_ACC_MI: 0.5400102873098684 BEST_F1_MA: 0.5002512873768552
[[1566  867 4080 1745]
 [ 526  714  562  539]
 [ 472  547  613  269]
 [   1    6    0 1102]]
Epoch: [89/200], cls_loss: 0.0061, transfer_loss: 0.0349,person_loss: -1.9935, total_Loss: -0.1758
trian begin
trian end
n_person 322
SAMPLE
F1_MI: 0.351605555147329 F1_MA: 0.4447053109466074 ACC_MI: 0.351605555147329 F1_MA: 0.40118962906619754
BEST_F1_MI: 0.5400102873098684 BEST_F1_MA: 0.5374449749212116 BEST_ACC_MI: 0.5400102873098684 BEST_F1_MA: 0.5002512873768552
[[2136  828 4033 1261]
 [ 394  717  810  420]
 [ 339  519  830  213]
 [   1    6    0 1102]]
Epoch: [90/200], cls_loss: 0.0079, transfer_loss: 0.0355,person_loss: -1.9933, total_Loss: -0.1737
trian begin
trian end
n_person 322
SAMPLE
F1_MI: 0.29553971636417076 F1_MA: 0.415046392288694 ACC_MI: 0.29553971636417076 F1_MA: 0.3716737233082116
BEST_F1_MI: 0.5400102873098684 BEST_F1_MA: 0.5374449749212116 BEST_ACC_MI: 0.5400102873098684 BEST_F1_MA: 0.5002512873768552
[[1368 1230 4452 1208]
 [ 283  981  500  577]
 [ 286  792  569  254]
 [   0    5    0 1104]]
Epoch: [91/200], cls_loss: 0.0066, transfer_loss: 0.0374,person_loss: -1.9931, total_Loss: -0.1740
trian begin
trian end
n_person 322
SAMPLE
F1_MI: 0.3316922624733632 F1_MA: 0.43157701507362556 ACC_MI: 0.3316922624733632 F1_MA: 0.38797909723739554
BEST_F1_MI: 0.5400102873098684 BEST_F1_MA: 0.5374449749212116 BEST_ACC_MI: 0.5400102873098684 BEST_F1_MA: 0.5002512873768552
[[1826 1326 4045 1061]
 [ 357 1062  474  448]
 [ 321  858  522  200]
 [   0    5    0 1104]]
Epoch: [92/200], cls_loss: 0.0085, transfer_loss: 0.0328,person_loss: -1.9933, total_Loss: -0.1745
trian begin
trian end
n_person 322
SAMPLE
F1_MI: 0.3477845543390403 F1_MA: 0.45513870965968367 ACC_MI: 0.3477845543390403 F1_MA: 0.41971794753843955
BEST_F1_MI: 0.5400102873098684 BEST_F1_MA: 0.5374449749212116 BEST_ACC_MI: 0.5400102873098684 BEST_F1_MA: 0.5002512873768552
[[1964 1390 4344  560]
 [ 327 1222  415  377]
 [ 337  985  443  136]
 [   0    5    0 1104]]
Epoch: [93/200], cls_loss: 0.0093, transfer_loss: 0.0343,person_loss: -1.9932, total_Loss: -0.1729
trian begin
trian end
n_person 322
SAMPLE
F1_MI: 0.40193989271805425 F1_MA: 0.48100519919109486 ACC_MI: 0.40193989271805425 F1_MA: 0.4483988699691518
BEST_F1_MI: 0.5400102873098684 BEST_F1_MA: 0.5374449749212116 BEST_ACC_MI: 0.5400102873098684 BEST_F1_MA: 0.5002512873768552
[[2767 1002 4079  410]
 [ 463  979  576  323]
 [ 465  683  620  133]
 [   0    5    0 1104]]
Epoch: [94/200], cls_loss: 0.0105, transfer_loss: 0.0381,person_loss: -1.9930, total_Loss: -0.1697
trian begin
trian end
n_person 322
SAMPLE
F1_MI: 0.37805863766625025 F1_MA: 0.45563311720640376 ACC_MI: 0.37805863766625025 F1_MA: 0.41790324993784056
BEST_F1_MI: 0.5400102873098684 BEST_F1_MA: 0.5374449749212116 BEST_ACC_MI: 0.5400102873098684 BEST_F1_MA: 0.5002512873768552
[[2545  961 4148  604]
 [ 470  886  535  450]
 [ 462  613  609  217]
 [   1    3    0 1105]]
Epoch: [95/200], cls_loss: 0.0104, transfer_loss: 0.0379,person_loss: -1.9931, total_Loss: -0.1700
trian begin
trian end
n_person 322
SAMPLE
F1_MI: 0.3662282313175105 F1_MA: 0.4629519955912445 ACC_MI: 0.3662282313175105 F1_MA: 0.422200563955406
BEST_F1_MI: 0.5400102873098684 BEST_F1_MA: 0.5374449749212116 BEST_ACC_MI: 0.5400102873098684 BEST_F1_MA: 0.5002512873768552
[[2110 1236 4057  855]
 [ 346 1332  436  227]
 [ 383  970  440  108]
 [   1    6    0 1102]]
Epoch: [96/200], cls_loss: 0.0098, transfer_loss: 0.0353,person_loss: -1.9926, total_Loss: -0.1718
trian begin
trian end
n_person 322
SAMPLE
F1_MI: 0.3567492100815637 F1_MA: 0.4331453858489867 ACC_MI: 0.3567492100815637 F1_MA: 0.3986410396432645
BEST_F1_MI: 0.5400102873098684 BEST_F1_MA: 0.5374449749212116 BEST_ACC_MI: 0.5400102873098684 BEST_F1_MA: 0.5002512873768552
[[2482  815 4364  597]
 [ 540  676  653  472]
 [ 544  548  593  216]
 [   0    5    0 1104]]
Epoch: [97/200], cls_loss: 0.0096, transfer_loss: 0.0364,person_loss: -1.9930, total_Loss: -0.1715
trian begin
trian end
n_person 322
SAMPLE
F1_MI: 0.37776471452715116 F1_MA: 0.47398480866935955 ACC_MI: 0.37776471452715116 F1_MA: 0.4424148759047694
BEST_F1_MI: 0.5400102873098684 BEST_F1_MA: 0.5374449749212116 BEST_ACC_MI: 0.5400102873098684 BEST_F1_MA: 0.5002512873768552
[[2436  868 4411  543]
 [ 429  917  706  289]
 [ 408  694  685  114]
 [   0    6    0 1103]]
Epoch: [98/200], cls_loss: 0.0072, transfer_loss: 0.0347,person_loss: -1.9932, total_Loss: -0.1748
trian begin
trian end
n_person 322
SAMPLE
F1_MI: 0.42795209052832683 F1_MA: 0.5032094837936616 ACC_MI: 0.42795209052832683 F1_MA: 0.47410790941075565
BEST_F1_MI: 0.5400102873098684 BEST_F1_MA: 0.5374449749212116 BEST_ACC_MI: 0.5400102873098684 BEST_F1_MA: 0.5002512873768552
[[3039  898 3909  412]
 [ 424 1041  662  214]
 [ 443  724  641   93]
 [   0    6    0 1103]]
Epoch: [99/200], cls_loss: 0.0089, transfer_loss: 0.0306,person_loss: -1.9933, total_Loss: -0.1751
trian begin
trian end
n_person 322
SAMPLE
F1_MI: 0.3567492100815637 F1_MA: 0.4650255874854248 ACC_MI: 0.3567492100815637 F1_MA: 0.4289772351438744
BEST_F1_MI: 0.5400102873098684 BEST_F1_MA: 0.5374449749212116 BEST_ACC_MI: 0.5400102873098684 BEST_F1_MA: 0.5002512873768552
[[2061 1161 4459  577]
 [ 372 1045  648  276]
 [ 428  659  645  169]
 [   0    5    0 1104]]
Epoch: [100/200], cls_loss: 0.0152, transfer_loss: 0.0302,person_loss: -1.9933, total_Loss: -0.1690
trian begin
trian end
n_person 322
SAMPLE
F1_MI: 0.3541773826144463 F1_MA: 0.4621989932594379 ACC_MI: 0.3541773826144463 F1_MA: 0.43091537770802923
BEST_F1_MI: 0.5400102873098684 BEST_F1_MA: 0.5374449749212116 BEST_ACC_MI: 0.5400102873098684 BEST_F1_MA: 0.5002512873768552
[[2119 1174 4583  382]
 [ 482  994  605  260]
 [ 515  649  604  133]
 [   1    5    0 1103]]
Epoch: [101/200], cls_loss: 0.0051, transfer_loss: 0.0302,person_loss: -1.9936, total_Loss: -0.1791
trian begin
trian end
n_person 322
SAMPLE
F1_MI: 0.31780439415092954 F1_MA: 0.44030909115898154 ACC_MI: 0.31780439415092954 F1_MA: 0.4048217487097324
BEST_F1_MI: 0.5400102873098684 BEST_F1_MA: 0.5374449749212116 BEST_ACC_MI: 0.5400102873098684 BEST_F1_MA: 0.5002512873768552
[[1621 1506 4642  489]
 [ 272 1053  605  411]
 [ 405  756  544  196]
 [   0    2    0 1107]]
Epoch: [102/200], cls_loss: 0.0114, transfer_loss: 0.0342,person_loss: -1.9929, total_Loss: -0.1707
[[4020 1890 2193  155]
 [ 119 1305  509  408]
 [ 231  971  534  165]
 [   0    3    0 1106]]
[[4020 1890 2193  155]
 [ 119 1305  509  408]
 [ 231  971  534  165]
 [   0    3    0 1106]]
WHAT: True
SVAE_RESULT
JSON: {'best_f1': 0.5374449749212116, 'best_matrix': [[4020, 1890, 2193, 155], [119, 1305, 509, 408], [231, 971, 534, 165], [0, 3, 0, 1106]], 'args': 0.1}
ARG: Namespace(backbone='resnet50', batch_size=32, config='DAN/DAN.yaml', data_dir='data', device=device(type='cuda'), early_stop=50, epoch_based_training=False, lr=0.003, lr_decay=0.75, lr_gamma=0.0003, lr_scheduler=True, max_iter=21000, method='True', momentum=0.9, myweight=0.1, n_class=4, n_epoch=200, n_iter_per_epoch=105, num_workers=3, seed=2, src_domain='UCI', tgt_domain='WISDM', tname='transfer', transfer_loss='mmd', transfer_loss_weight=0.5, use_bottleneck=True, weight_decay=0.0005)
