lmmd 1 UCI PAMAP2 DSAN/DSAN.yaml False
Namespace(backbone='resnet50', batch_size=32, config='DSAN/DSAN.yaml', data_dir='data', device=device(type='cuda'), early_stop=50, epoch_based_training=False, lr=0.003, lr_decay=0.75, lr_gamma=0.0003, lr_scheduler=True, method='False', momentum=0.9, myweight=0.1, n_epoch=200, n_iter_per_epoch=200, num_workers=3, seed=1, src_domain='UCI', tgt_domain='PAMAP2', tname='transfer', transfer_loss='lmmd', transfer_loss_weight=0.5, use_bottleneck=True, weight_decay=0.0005)
JUST DO IT
run my Parkinson code
transfer
TRAIN Length: 3369 615 TEST Length: 4727 361
YYY: 0 3
DATA_PROFILE   train: 3369 train2: 4727 test: 4727
DATASET.SHAPE: <data_loader.GetTrainLoader object at 0x7f378face3d0> True
DATASET.SHAPE: <data_loader.GetTrainLoader object at 0x7f378777fc10> True
DATASET.SHAPE: <data_loader.GetTestLoader object at 0x7f378777fd30> False
CLASS: 4 361
LLL: {}
BOTTLENECK_LIST: [Linear(in_features=512, out_features=256, bias=True), ReLU()]
TYPE: {'loss_type': 'lmmd', 'max_iter': 21000, 'num_class': 4, 'my_person_item': <my_person_item.PersonItem object at 0x7f378777fca0>}
KWARGS {'my_person_item': <my_person_item.PersonItem object at 0x7f378777fca0>}
initial_lr 1.0
transfer_world
method False <class 'str'>
1.8.1+cu111
True
LEN: 0 0
LOADER: <data_loader.InfiniteDataLoader object at 0x7f378777f880> <data_loader.InfiniteDataLoader object at 0x7f378777f850>
N_batch: 105
trian begin
trian end
n_person 361
SAMPLE
F1_MI: 0.5178760313094987 F1_MA: 0.5129507882223414 ACC_MI: 0.5178760313094987 F1_MA: 0.5748194501280162
BEST_F1_MI: 0.5178760313094987 BEST_F1_MA: 0.5129507882223414 BEST_ACC_MI: 0.5178760313094987 BEST_F1_MA: 0.5748194501280162
[[ 617  904    3   60]
 [ 429  345   16  115]
 [ 327  278   79  124]
 [  20    3    0 1407]]
Epoch: [ 1/200], cls_loss: 0.5510, transfer_loss: 0.0007,person_loss: 0.0000, total_Loss: 0.5513
trian begin
trian end
n_person 361
SAMPLE
F1_MI: 0.4937592553416543 F1_MA: 0.5013123697640254 ACC_MI: 0.4937592553416543 F1_MA: 0.5085721211986498
BEST_F1_MI: 0.5178760313094987 BEST_F1_MA: 0.5129507882223414 BEST_ACC_MI: 0.5178760313094987 BEST_F1_MA: 0.5748194501280162
[[ 110 1321   90   63]
 [ 114  631   25  135]
 [  76  417  179  136]
 [  12    3    1 1414]]
Epoch: [ 2/200], cls_loss: 0.1947, transfer_loss: 0.0025,person_loss: 0.0000, total_Loss: 0.1960
trian begin
trian end
n_person 361
SAMPLE
F1_MI: 0.4740850433678866 F1_MA: 0.46038896674464574 ACC_MI: 0.4740850433678866 F1_MA: 0.448275142561249
BEST_F1_MI: 0.5178760313094987 BEST_F1_MA: 0.5129507882223414 BEST_ACC_MI: 0.5178760313094987 BEST_F1_MA: 0.5748194501280162
[[  46 1354  127   57]
 [  36  724   35  110]
 [  24  597   65  122]
 [   6   16    2 1406]]
Epoch: [ 3/200], cls_loss: 0.1039, transfer_loss: 0.0045,person_loss: 0.0000, total_Loss: 0.1062
trian begin
trian end
n_person 361
SAMPLE
F1_MI: 0.49100909667865456 F1_MA: 0.46743200011677605 ACC_MI: 0.49100909667865456 F1_MA: 0.45345829845310803
BEST_F1_MI: 0.5178760313094987 BEST_F1_MA: 0.5129507882223414 BEST_ACC_MI: 0.5178760313094987 BEST_F1_MA: 0.5748194501280162
[[ 166 1167  195   56]
 [ 105  651   38  111]
 [ 126  465   99  118]
 [  18    7    0 1405]]
Epoch: [ 4/200], cls_loss: 0.0581, transfer_loss: 0.0044,person_loss: 0.0000, total_Loss: 0.0603
trian begin
trian end
n_person 361
SAMPLE
F1_MI: 0.49227840067696216 F1_MA: 0.4731349877797153 ACC_MI: 0.49227840067696216 F1_MA: 0.461725914416098
BEST_F1_MI: 0.5178760313094987 BEST_F1_MA: 0.5129507882223414 BEST_ACC_MI: 0.5178760313094987 BEST_F1_MA: 0.5748194501280162
[[ 139 1152  239   54]
 [  53  737    7  108]
 [  45  601   44  118]
 [   8   14    1 1407]]
Epoch: [ 5/200], cls_loss: 0.0555, transfer_loss: 0.0052,person_loss: 0.0000, total_Loss: 0.0582
trian begin
trian end
n_person 361
SAMPLE
F1_MI: 0.49037444467950075 F1_MA: 0.45651843463620184 ACC_MI: 0.49037444467950075 F1_MA: 0.43801437441798596
BEST_F1_MI: 0.5178760313094987 BEST_F1_MA: 0.5129507882223414 BEST_ACC_MI: 0.5178760313094987 BEST_F1_MA: 0.5748194501280162
[[ 196  977  355   56]
 [  97  660   42  106]
 [  98  536   58  116]
 [  10   13    3 1404]]
Epoch: [ 6/200], cls_loss: 0.0551, transfer_loss: 0.0052,person_loss: 0.0000, total_Loss: 0.0577
trian begin
trian end
n_person 361
SAMPLE
F1_MI: 0.5290882166278824 F1_MA: 0.5148175550867083 ACC_MI: 0.5290882166278824 F1_MA: 0.48776673099349843
BEST_F1_MI: 0.5290882166278824 BEST_F1_MA: 0.5148175550867083 BEST_ACC_MI: 0.5290882166278824 BEST_F1_MA: 0.5748194501280162
[[ 153  827  552   52]
 [ 113  595   98   99]
 [  87  243  372  106]
 [  41    8    0 1381]]
Epoch: [ 7/200], cls_loss: 0.0643, transfer_loss: 0.0073,person_loss: 0.0000, total_Loss: 0.0680
trian begin
trian end
n_person 361
SAMPLE
F1_MI: 0.48614343135180876 F1_MA: 0.4617549886865532 ACC_MI: 0.48614343135180876 F1_MA: 0.4340778821292207
BEST_F1_MI: 0.5290882166278824 BEST_F1_MA: 0.5148175550867083 BEST_ACC_MI: 0.5290882166278824 BEST_F1_MA: 0.5748194501280162
[[  71  799  664   50]
 [  50  631  123  101]
 [  58  431  213  106]
 [  27   17    3 1383]]
Epoch: [ 8/200], cls_loss: 0.0398, transfer_loss: 0.0048,person_loss: 0.0000, total_Loss: 0.0421
trian begin
trian end
n_person 361
SAMPLE
F1_MI: 0.46118045271842606 F1_MA: 0.42055418167345543 ACC_MI: 0.46118045271842606 F1_MA: 0.4044732769460432
BEST_F1_MI: 0.5290882166278824 BEST_F1_MA: 0.5148175550867083 BEST_ACC_MI: 0.5290882166278824 BEST_F1_MA: 0.5748194501280162
[[ 238  598  692   56]
 [ 321  339  136  109]
 [ 146  346  197  119]
 [  12   10    2 1406]]
Epoch: [ 9/200], cls_loss: 0.0560, transfer_loss: 0.0097,person_loss: 0.0000, total_Loss: 0.0609
trian begin
trian end
n_person 361
SAMPLE
F1_MI: 0.42606304209858264 F1_MA: 0.39353009000700523 ACC_MI: 0.4260630420985826 F1_MA: 0.37957503306319484
BEST_F1_MI: 0.5290882166278824 BEST_F1_MA: 0.5148175550867083 BEST_ACC_MI: 0.5290882166278824 BEST_F1_MA: 0.5748194501280162
[[ 110  429  994   51]
 [ 121  380  306   98]
 [ 137  417  147  107]
 [  48    3    2 1377]]
Epoch: [10/200], cls_loss: 0.0215, transfer_loss: 0.0045,person_loss: 0.0000, total_Loss: 0.0238
trian begin
trian end
n_person 361
SAMPLE
F1_MI: 0.4721810873704252 F1_MA: 0.41993368838614636 ACC_MI: 0.4721810873704252 F1_MA: 0.38155906786158383
BEST_F1_MI: 0.5290882166278824 BEST_F1_MA: 0.5148175550867083 BEST_ACC_MI: 0.5290882166278824 BEST_F1_MA: 0.5748194501280162
[[  99 1033  394   58]
 [  61  705   31  108]
 [ 163  473   51  121]
 [  37   16    0 1377]]
Epoch: [11/200], cls_loss: 0.0229, transfer_loss: 0.0040,person_loss: 0.0000, total_Loss: 0.0249
trian begin
trian end
n_person 361
SAMPLE
F1_MI: 0.48402792468796274 F1_MA: 0.4446941277292651 ACC_MI: 0.48402792468796274 F1_MA: 0.4095317279798697
BEST_F1_MI: 0.5290882166278824 BEST_F1_MA: 0.5148175550867083 BEST_ACC_MI: 0.5290882166278824 BEST_F1_MA: 0.5748194501280162
[[  74 1138  314   58]
 [  70  711   20  104]
 [ 132  438  116  122]
 [  31   12    0 1387]]
Epoch: [12/200], cls_loss: 0.0263, transfer_loss: 0.0050,person_loss: 0.0000, total_Loss: 0.0288
trian begin
trian end
n_person 361
SAMPLE
F1_MI: 0.4044848741273535 F1_MA: 0.3596518025246797 ACC_MI: 0.4044848741273535 F1_MA: 0.33250793959718977
BEST_F1_MI: 0.5290882166278824 BEST_F1_MA: 0.5148175550867083 BEST_ACC_MI: 0.5290882166278824 BEST_F1_MA: 0.5748194501280162
[[  45  433 1047   59]
 [ 118  171  498  118]
 [ 108  275  303  122]
 [  29    8    0 1393]]
Epoch: [13/200], cls_loss: 0.0432, transfer_loss: 0.0092,person_loss: 0.0000, total_Loss: 0.0478
trian begin
trian end
n_person 361
SAMPLE
F1_MI: 0.4025809181298921 F1_MA: 0.3539602131484472 ACC_MI: 0.4025809181298921 F1_MA: 0.3251171292283195
BEST_F1_MI: 0.5290882166278824 BEST_F1_MA: 0.5148175550867083 BEST_ACC_MI: 0.5290882166278824 BEST_F1_MA: 0.5748194501280162
[[  14  319 1193   58]
 [  12  236  547  110]
 [ 163  285  238  122]
 [   2   12    1 1415]]
Epoch: [14/200], cls_loss: 0.0312, transfer_loss: 0.0093,person_loss: 0.0000, total_Loss: 0.0358
trian begin
trian end
n_person 361
SAMPLE
F1_MI: 0.39242648614343134 F1_MA: 0.3643007121194322 ACC_MI: 0.39242648614343134 F1_MA: 0.3588022324823079
BEST_F1_MI: 0.5290882166278824 BEST_F1_MA: 0.5148175550867083 BEST_ACC_MI: 0.5290882166278824 BEST_F1_MA: 0.5748194501280162
[[  51  286 1192   55]
 [  35  220  542  108]
 [  91  419  180  118]
 [  10    9    7 1404]]
Epoch: [15/200], cls_loss: 0.0541, transfer_loss: 0.0086,person_loss: 0.0000, total_Loss: 0.0584
trian begin
trian end
n_person 361
SAMPLE
F1_MI: 0.4541992807277343 F1_MA: 0.43489095135998856 ACC_MI: 0.4541992807277343 F1_MA: 0.4178651965304092
BEST_F1_MI: 0.5290882166278824 BEST_F1_MA: 0.5148175550867083 BEST_ACC_MI: 0.5290882166278824 BEST_F1_MA: 0.5748194501280162
[[  52  704  774   54]
 [  31  417  352  105]
 [  47  379  272  110]
 [  14    5    5 1406]]
Epoch: [16/200], cls_loss: 0.0252, transfer_loss: 0.0044,person_loss: 0.0000, total_Loss: 0.0274
trian begin
trian end
n_person 361
SAMPLE
F1_MI: 0.4497567167336577 F1_MA: 0.40682343726471343 ACC_MI: 0.4497567167336577 F1_MA: 0.38680438811287454
BEST_F1_MI: 0.5290882166278824 BEST_F1_MA: 0.5148175550867083 BEST_ACC_MI: 0.5290882166278824 BEST_F1_MA: 0.5748194501280162
[[ 139  826  566   53]
 [ 114  541  135  115]
 [  92  568   36  112]
 [  16    4    0 1410]]
Epoch: [17/200], cls_loss: 0.0374, transfer_loss: 0.0096,person_loss: 0.0000, total_Loss: 0.0422
trian begin
trian end
n_person 361
SAMPLE
F1_MI: 0.4497567167336577 F1_MA: 0.41894039787075643 ACC_MI: 0.4497567167336577 F1_MA: 0.4020849636815218
BEST_F1_MI: 0.5290882166278824 BEST_F1_MA: 0.5148175550867083 BEST_ACC_MI: 0.5290882166278824 BEST_F1_MA: 0.5748194501280162
[[  84 1257  182   61]
 [  54  556  113  182]
 [  71  537   79  121]
 [  20    2    1 1407]]
Epoch: [18/200], cls_loss: 0.0253, transfer_loss: 0.0065,person_loss: 0.0000, total_Loss: 0.0286
trian begin
trian end
n_person 361
SAMPLE
F1_MI: 0.4302940554262746 F1_MA: 0.3905492753769705 ACC_MI: 0.4302940554262746 F1_MA: 0.38711610598877455
BEST_F1_MI: 0.5290882166278824 BEST_F1_MA: 0.5148175550867083 BEST_ACC_MI: 0.5290882166278824 BEST_F1_MA: 0.5748194501280162
[[ 242  917  374   51]
 [ 170  352  283  100]
 [ 117  531   51  109]
 [  20   21    0 1389]]
Epoch: [19/200], cls_loss: 0.0207, transfer_loss: 0.0047,person_loss: 0.0000, total_Loss: 0.0230
trian begin
trian end
n_person 361
SAMPLE
F1_MI: 0.4719695367040407 F1_MA: 0.44469242667454123 ACC_MI: 0.4719695367040406 F1_MA: 0.44692558391027926
BEST_F1_MI: 0.5290882166278824 BEST_F1_MA: 0.5148175550867083 BEST_ACC_MI: 0.5290882166278824 BEST_F1_MA: 0.5748194501280162
[[ 338  893  304   49]
 [ 130  388  290   97]
 [ 134  431  140  103]
 [  38   27    0 1365]]
Epoch: [20/200], cls_loss: 0.0311, transfer_loss: 0.0078,person_loss: 0.0000, total_Loss: 0.0350
trian begin
trian end
n_person 361
SAMPLE
F1_MI: 0.43875608208165856 F1_MA: 0.43574593174898485 ACC_MI: 0.43875608208165856 F1_MA: 0.4434744542337876
BEST_F1_MI: 0.5290882166278824 BEST_F1_MA: 0.5148175550867083 BEST_ACC_MI: 0.5290882166278824 BEST_F1_MA: 0.5748194501280162
[[ 118 1023  392   51]
 [  34  292  482   97]
 [  53  363  283  109]
 [  24   20    5 1381]]
Epoch: [21/200], cls_loss: 0.0128, transfer_loss: 0.0032,person_loss: 0.0000, total_Loss: 0.0144
trian begin
trian end
n_person 361
SAMPLE
F1_MI: 0.5185106833086525 F1_MA: 0.5308574158898554 ACC_MI: 0.5185106833086525 F1_MA: 0.5343870619766113
BEST_F1_MI: 0.5290882166278824 BEST_F1_MA: 0.5308574158898554 BEST_ACC_MI: 0.5290882166278824 BEST_F1_MA: 0.5748194501280162
[[ 172 1169  186   57]
 [  53  469  276  107]
 [  62  226  403  117]
 [   4   14    5 1407]]
Epoch: [22/200], cls_loss: 0.0163, transfer_loss: 0.0061,person_loss: 0.0000, total_Loss: 0.0193
trian begin
trian end
n_person 361
SAMPLE
F1_MI: 0.48698963401734713 F1_MA: 0.48733374084845765 ACC_MI: 0.48698963401734713 F1_MA: 0.48257947114406413
BEST_F1_MI: 0.5290882166278824 BEST_F1_MA: 0.5308574158898554 BEST_ACC_MI: 0.5290882166278824 BEST_F1_MA: 0.5748194501280162
[[ 178  686  665   55]
 [  58  141  598  108]
 [  45   65  583  115]
 [   3   21    6 1400]]
Epoch: [23/200], cls_loss: 0.0172, transfer_loss: 0.0065,person_loss: 0.0000, total_Loss: 0.0205
trian begin
trian end
n_person 361
SAMPLE
F1_MI: 0.4764121006981172 F1_MA: 0.4661358990443295 ACC_MI: 0.4764121006981172 F1_MA: 0.4575311528128153
BEST_F1_MI: 0.5290882166278824 BEST_F1_MA: 0.5308574158898554 BEST_ACC_MI: 0.5290882166278824 BEST_F1_MA: 0.5748194501280162
[[ 149 1089  293   53]
 [  99  319  376  111]
 [  69  244  383  112]
 [  23    6    0 1401]]
Epoch: [24/200], cls_loss: 0.0277, transfer_loss: 0.0067,person_loss: 0.0000, total_Loss: 0.0311
trian begin
trian end
n_person 361
SAMPLE
F1_MI: 0.49460545800719274 F1_MA: 0.48457161129594595 ACC_MI: 0.49460545800719274 F1_MA: 0.47908273455431055
BEST_F1_MI: 0.5290882166278824 BEST_F1_MA: 0.5308574158898554 BEST_ACC_MI: 0.5290882166278824 BEST_F1_MA: 0.5748194501280162
[[ 187 1143  205   49]
 [ 104  573  133   95]
 [ 108  407  197   96]
 [  37   10    2 1381]]
Epoch: [25/200], cls_loss: 0.0236, transfer_loss: 0.0042,person_loss: 0.0000, total_Loss: 0.0257
trian begin
trian end
n_person 361
SAMPLE
F1_MI: 0.4584302940554263 F1_MA: 0.4261709478997334 ACC_MI: 0.4584302940554263 F1_MA: 0.4103979144619877
BEST_F1_MI: 0.5290882166278824 BEST_F1_MA: 0.5308574158898554 BEST_ACC_MI: 0.5290882166278824 BEST_F1_MA: 0.5748194501280162
[[ 155 1141  238   50]
 [ 167  500  140   98]
 [ 136  446  121  105]
 [  36    3    0 1391]]
Epoch: [26/200], cls_loss: 0.0117, transfer_loss: 0.0041,person_loss: 0.0000, total_Loss: 0.0138
trian begin
trian end
n_person 361
SAMPLE
F1_MI: 0.48973979268034695 F1_MA: 0.4947583830597176 ACC_MI: 0.48973979268034695 F1_MA: 0.5012426709482158
BEST_F1_MI: 0.5290882166278824 BEST_F1_MA: 0.5308574158898554 BEST_ACC_MI: 0.5290882166278824 BEST_F1_MA: 0.5748194501280162
[[ 105 1306  113   60]
 [  52  652   87  114]
 [  51  489  144  124]
 [   4   12    0 1414]]
Epoch: [27/200], cls_loss: 0.0123, transfer_loss: 0.0027,person_loss: 0.0000, total_Loss: 0.0136
trian begin
trian end
n_person 361
SAMPLE
F1_MI: 0.5216839433044214 F1_MA: 0.542078324456513 ACC_MI: 0.5216839433044214 F1_MA: 0.5503662086676283
BEST_F1_MI: 0.5290882166278824 BEST_F1_MA: 0.542078324456513 BEST_ACC_MI: 0.5290882166278824 BEST_F1_MA: 0.5748194501280162
[[ 143 1294   97   50]
 [  65  638  106   96]
 [  69  330  302  107]
 [  20   25    2 1383]]
Epoch: [28/200], cls_loss: 0.0388, transfer_loss: 0.0058,person_loss: 0.0000, total_Loss: 0.0417
trian begin
trian end
n_person 361
SAMPLE
F1_MI: 0.46773852337634864 F1_MA: 0.4498979134605816 ACC_MI: 0.46773852337634864 F1_MA: 0.44341254824118403
BEST_F1_MI: 0.5290882166278824 BEST_F1_MA: 0.542078324456513 BEST_ACC_MI: 0.5290882166278824 BEST_F1_MA: 0.5748194501280162
[[ 129 1287  113   55]
 [ 152  545   95  113]
 [ 109  457  126  116]
 [   4   15    0 1411]]
Epoch: [29/200], cls_loss: 0.0220, transfer_loss: 0.0055,person_loss: 0.0000, total_Loss: 0.0247
trian begin
trian end
n_person 361
SAMPLE
F1_MI: 0.4476412100698117 F1_MA: 0.4213438450702459 ACC_MI: 0.4476412100698117 F1_MA: 0.40552037558265963
BEST_F1_MI: 0.5290882166278824 BEST_F1_MA: 0.542078324456513 BEST_ACC_MI: 0.5290882166278824 BEST_F1_MA: 0.5748194501280162
[[ 115 1071  349   49]
 [  94  468  255   88]
 [ 104  431  171  102]
 [  52   16    0 1362]]
Epoch: [30/200], cls_loss: 0.0309, transfer_loss: 0.0076,person_loss: 0.0000, total_Loss: 0.0347
trian begin
trian end
n_person 361
SAMPLE
F1_MI: 0.44404484874127353 F1_MA: 0.4093666795344659 ACC_MI: 0.44404484874127353 F1_MA: 0.3939163292746668
BEST_F1_MI: 0.5290882166278824 BEST_F1_MA: 0.542078324456513 BEST_ACC_MI: 0.5290882166278824 BEST_F1_MA: 0.5748194501280162
[[ 141  708  677   58]
 [  60  377  361  107]
 [ 220  296  173  119]
 [   5   17    0 1408]]
Epoch: [31/200], cls_loss: 0.0191, transfer_loss: 0.0035,person_loss: 0.0000, total_Loss: 0.0209
trian begin
trian end
n_person 361
SAMPLE
F1_MI: 0.3979268034694309 F1_MA: 0.3675645285200105 ACC_MI: 0.39792680346943093 F1_MA: 0.3593059058842183
BEST_F1_MI: 0.5290882166278824 BEST_F1_MA: 0.542078324456513 BEST_ACC_MI: 0.5290882166278824 BEST_F1_MA: 0.5748194501280162
[[  77  169 1286   52]
 [ 100  188  514  103]
 [ 173  306  220  109]
 [  11   23    0 1396]]
Epoch: [32/200], cls_loss: 0.0278, transfer_loss: 0.0062,person_loss: 0.0000, total_Loss: 0.0308
trian begin
trian end
n_person 361
SAMPLE
F1_MI: 0.4577956420562725 F1_MA: 0.43193411989635455 ACC_MI: 0.4577956420562725 F1_MA: 0.405939576476122
BEST_F1_MI: 0.5290882166278824 BEST_F1_MA: 0.542078324456513 BEST_ACC_MI: 0.5290882166278824 BEST_F1_MA: 0.5748194501280162
[[  72 1153  311   48]
 [ 113  430  271   91]
 [ 109  295  303  101]
 [  59   12    0 1359]]
Epoch: [33/200], cls_loss: 0.0262, transfer_loss: 0.0054,person_loss: 0.0000, total_Loss: 0.0289
trian begin
trian end
n_person 361
SAMPLE
F1_MI: 0.45864184472181085 F1_MA: 0.4180620825379336 ACC_MI: 0.45864184472181085 F1_MA: 0.3945017145183831
BEST_F1_MI: 0.5290882166278824 BEST_F1_MA: 0.542078324456513 BEST_ACC_MI: 0.5290882166278824 BEST_F1_MA: 0.5748194501280162
[[ 126 1057  345   56]
 [ 112  575  113  105]
 [ 112  513   70  113]
 [  17   16    0 1397]]
Epoch: [34/200], cls_loss: 0.0152, transfer_loss: 0.0043,person_loss: 0.0000, total_Loss: 0.0173
trian begin
trian end
n_person 361
SAMPLE
F1_MI: 0.4302940554262746 F1_MA: 0.40026704238954586 ACC_MI: 0.4302940554262746 F1_MA: 0.3833591558922549
BEST_F1_MI: 0.5290882166278824 BEST_F1_MA: 0.542078324456513 BEST_ACC_MI: 0.5290882166278824 BEST_F1_MA: 0.5748194501280162
[[  68  975  487   54]
 [  30  350  422  103]
 [ 122  361  214  111]
 [   8   19    1 1402]]
Epoch: [35/200], cls_loss: 0.0245, transfer_loss: 0.0065,person_loss: 0.0000, total_Loss: 0.0277
trian begin
trian end
n_person 361
SAMPLE
F1_MI: 0.43621747408504336 F1_MA: 0.41119314429158743 ACC_MI: 0.43621747408504336 F1_MA: 0.40898872238029427
BEST_F1_MI: 0.5290882166278824 BEST_F1_MA: 0.542078324456513 BEST_ACC_MI: 0.5290882166278824 BEST_F1_MA: 0.5748194501280162
[[ 145 1196  191   52]
 [  72  383  345  105]
 [ 119  453  123  113]
 [   7   11    1 1411]]
Epoch: [36/200], cls_loss: 0.0202, transfer_loss: 0.0044,person_loss: 0.0000, total_Loss: 0.0224
trian begin
trian end
n_person 361
SAMPLE
F1_MI: 0.42162047810450604 F1_MA: 0.36680308834033665 ACC_MI: 0.42162047810450604 F1_MA: 0.3485228128925215
BEST_F1_MI: 0.5290882166278824 BEST_F1_MA: 0.542078324456513 BEST_ACC_MI: 0.5290882166278824 BEST_F1_MA: 0.5748194501280162
[[ 174 1162  196   52]
 [  78  388  332  107]
 [ 270  407   17  114]
 [  10    6    0 1414]]
Epoch: [37/200], cls_loss: 0.0142, transfer_loss: 0.0038,person_loss: 0.0000, total_Loss: 0.0161
trian begin
trian end
n_person 361
SAMPLE
F1_MI: 0.39538819547281573 F1_MA: 0.3390780484614142 ACC_MI: 0.39538819547281573 F1_MA: 0.31131422940691067
BEST_F1_MI: 0.5290882166278824 BEST_F1_MA: 0.542078324456513 BEST_ACC_MI: 0.5290882166278824 BEST_F1_MA: 0.5748194501280162
[[  34 1206  295   49]
 [  37  379  395   94]
 [ 153  488   57  110]
 [  18    7    6 1399]]
Epoch: [38/200], cls_loss: 0.0198, transfer_loss: 0.0048,person_loss: 0.0000, total_Loss: 0.0222
trian begin
trian end
n_person 361
SAMPLE
F1_MI: 0.4231013327691982 F1_MA: 0.37928566791713647 ACC_MI: 0.4231013327691982 F1_MA: 0.3634404350581504
BEST_F1_MI: 0.5290882166278824 BEST_F1_MA: 0.542078324456513 BEST_ACC_MI: 0.5290882166278824 BEST_F1_MA: 0.5748194501280162
[[ 132  756  643   53]
 [  95  376  334  100]
 [ 221  397   82  108]
 [  10   10    0 1410]]
Epoch: [39/200], cls_loss: 0.0070, transfer_loss: 0.0029,person_loss: 0.0000, total_Loss: 0.0085
trian begin
trian end
n_person 361
SAMPLE
F1_MI: 0.4129469007827375 F1_MA: 0.3589047412228662 ACC_MI: 0.4129469007827375 F1_MA: 0.33152710599698265
BEST_F1_MI: 0.5290882166278824 BEST_F1_MA: 0.542078324456513 BEST_ACC_MI: 0.5290882166278824 BEST_F1_MA: 0.5748194501280162
[[  91 1221  225   47]
 [ 128  464  223   90]
 [ 203  473   33   99]
 [  54   12    0 1364]]
Epoch: [40/200], cls_loss: 0.0419, transfer_loss: 0.0055,person_loss: 0.0000, total_Loss: 0.0446
trian begin
trian end
n_person 361
SAMPLE
F1_MI: 0.44150624074465833 F1_MA: 0.3961749765245471 ACC_MI: 0.44150624074465833 F1_MA: 0.3611108663008757
BEST_F1_MI: 0.5290882166278824 BEST_F1_MA: 0.542078324456513 BEST_ACC_MI: 0.5290882166278824 BEST_F1_MA: 0.5748194501280162
[[  18 1469   45   52]
 [  42  639   71  153]
 [ 146  351   70  241]
 [  62    2    6 1360]]
Epoch: [41/200], cls_loss: 0.0152, transfer_loss: 0.0043,person_loss: 0.0000, total_Loss: 0.0174
trian begin
trian end
n_person 361
SAMPLE
F1_MI: 0.43854453141527394 F1_MA: 0.4141478251037509 ACC_MI: 0.43854453141527394 F1_MA: 0.40224091854447497
BEST_F1_MI: 0.5290882166278824 BEST_F1_MA: 0.542078324456513 BEST_ACC_MI: 0.5290882166278824 BEST_F1_MA: 0.5748194501280162
[[  95 1167  273   49]
 [  13  429  367   96]
 [ 153  387  167  101]
 [  16   13   19 1382]]
Epoch: [42/200], cls_loss: 0.0488, transfer_loss: 0.0082,person_loss: 0.0000, total_Loss: 0.0529
trian begin
trian end
n_person 361
SAMPLE
F1_MI: 0.4307171567590438 F1_MA: 0.3905293059945757 ACC_MI: 0.4307171567590438 F1_MA: 0.37402364891401074
BEST_F1_MI: 0.5290882166278824 BEST_F1_MA: 0.542078324456513 BEST_ACC_MI: 0.5290882166278824 BEST_F1_MA: 0.5748194501280162
[[ 133 1113  287   51]
 [  62  419  325   99]
 [ 215  394   92  107]
 [  25    5    8 1392]]
Epoch: [43/200], cls_loss: 0.0116, transfer_loss: 0.0080,person_loss: 0.0000, total_Loss: 0.0156
trian begin
trian end
n_person 361
SAMPLE
F1_MI: 0.4525068753966575 F1_MA: 0.4214655512574852 ACC_MI: 0.4525068753966575 F1_MA: 0.40528167972167095
BEST_F1_MI: 0.5290882166278824 BEST_F1_MA: 0.542078324456513 BEST_ACC_MI: 0.5290882166278824 BEST_F1_MA: 0.5748194501280162
[[ 157 1173  206   48]
 [ 107  458  248   92]
 [ 243  308  158   99]
 [  58    1    5 1366]]
Epoch: [44/200], cls_loss: 0.0191, transfer_loss: 0.0045,person_loss: 0.0000, total_Loss: 0.0213
trian begin
trian end
n_person 361
SAMPLE
F1_MI: 0.46964247937381004 F1_MA: 0.44313246642071047 ACC_MI: 0.46964247937381004 F1_MA: 0.4249578971973583
BEST_F1_MI: 0.5290882166278824 BEST_F1_MA: 0.542078324456513 BEST_ACC_MI: 0.5290882166278824 BEST_F1_MA: 0.5748194501280162
[[ 111 1340   81   52]
 [  85  617  107   96]
 [ 240  357  105  106]
 [  37    2    4 1387]]
Epoch: [45/200], cls_loss: 0.0238, transfer_loss: 0.0044,person_loss: 0.0000, total_Loss: 0.0260
trian begin
trian end
n_person 361
SAMPLE
F1_MI: 0.4305056060926592 F1_MA: 0.3801390413308422 ACC_MI: 0.4305056060926592 F1_MA: 0.3620174099448362
BEST_F1_MI: 0.5290882166278824 BEST_F1_MA: 0.542078324456513 BEST_ACC_MI: 0.5290882166278824 BEST_F1_MA: 0.5748194501280162
[[ 185 1202  146   51]
 [ 115  429  261  100]
 [ 222  444   30  112]
 [  35    3    1 1391]]
Epoch: [46/200], cls_loss: 0.0122, transfer_loss: 0.0031,person_loss: 0.0000, total_Loss: 0.0138
trian begin
trian end
n_person 361
SAMPLE
F1_MI: 0.48720118468373175 F1_MA: 0.5242090449212958 ACC_MI: 0.48720118468373175 F1_MA: 0.5655372889723753
BEST_F1_MI: 0.5290882166278824 BEST_F1_MA: 0.542078324456513 BEST_ACC_MI: 0.5290882166278824 BEST_F1_MA: 0.5748194501280162
[[  66 1461    3   54]
 [  16  773    9  107]
 [ 132  501   64  111]
 [   4   26    0 1400]]
Epoch: [47/200], cls_loss: 0.0287, transfer_loss: 0.0080,person_loss: 0.0000, total_Loss: 0.0327
trian begin
trian end
n_person 361
SAMPLE
F1_MI: 0.44108313941188915 F1_MA: 0.39212312682140943 ACC_MI: 0.44108313941188915 F1_MA: 0.38446588430430545
BEST_F1_MI: 0.5290882166278824 BEST_F1_MA: 0.542078324456513 BEST_ACC_MI: 0.5290882166278824 BEST_F1_MA: 0.5748194501280162
[[ 299 1004  217   64]
 [  54  320  385  146]
 [ 314  309   61  124]
 [   6   16    3 1405]]
Epoch: [48/200], cls_loss: 0.0102, transfer_loss: 0.0025,person_loss: 0.0000, total_Loss: 0.0115
trian begin
trian end
n_person 361
SAMPLE
F1_MI: 0.4531415273958113 F1_MA: 0.3959490328562983 ACC_MI: 0.4531415273958113 F1_MA: 0.37815984348545206
BEST_F1_MI: 0.5290882166278824 BEST_F1_MA: 0.542078324456513 BEST_ACC_MI: 0.5290882166278824 BEST_F1_MA: 0.5748194501280162
[[ 303  994  234   53]
 [ 102  365  330  108]
 [ 534   91   68  115]
 [   7    7   10 1406]]
Epoch: [49/200], cls_loss: 0.0234, transfer_loss: 0.0044,person_loss: 0.0000, total_Loss: 0.0256
trian begin
trian end
n_person 361
SAMPLE
F1_MI: 0.463295959382272 F1_MA: 0.4179291284616797 ACC_MI: 0.463295959382272 F1_MA: 0.39988908780135907
BEST_F1_MI: 0.5290882166278824 BEST_F1_MA: 0.542078324456513 BEST_ACC_MI: 0.5290882166278824 BEST_F1_MA: 0.5748194501280162
[[ 244 1115  172   53]
 [  28  434  340  103]
 [ 479  109  111  109]
 [   2   18    9 1401]]
Epoch: [50/200], cls_loss: 0.0146, transfer_loss: 0.0042,person_loss: 0.0000, total_Loss: 0.0167
trian begin
trian end
n_person 361
SAMPLE
F1_MI: 0.4241590861011213 F1_MA: 0.3669178682984496 ACC_MI: 0.42415908610112124 F1_MA: 0.34831627677143784
BEST_F1_MI: 0.5290882166278824 BEST_F1_MA: 0.542078324456513 BEST_ACC_MI: 0.5290882166278824 BEST_F1_MA: 0.5748194501280162
[[ 221  983  332   48]
 [  52  359  390  104]
 [ 544  123   33  108]
 [  16   20    2 1392]]
Epoch: [51/200], cls_loss: 0.0262, transfer_loss: 0.0063,person_loss: 0.0000, total_Loss: 0.0293
trian begin
trian end
n_person 361
SAMPLE
F1_MI: 0.4662576687116564 F1_MA: 0.4165148014794414 ACC_MI: 0.4662576687116564 F1_MA: 0.3849850187947631
BEST_F1_MI: 0.5290882166278824 BEST_F1_MA: 0.542078324456513 BEST_ACC_MI: 0.5290882166278824 BEST_F1_MA: 0.5748194501280162
[[ 149 1216  172   47]
 [  21  622  170   92]
 [ 413  233   58  104]
 [   8   44    3 1375]]
Epoch: [52/200], cls_loss: 0.0174, transfer_loss: 0.0031,person_loss: 0.0000, total_Loss: 0.0190
trian begin
trian end
n_person 361
SAMPLE
F1_MI: 0.39115718214512374 F1_MA: 0.34904813065363094 ACC_MI: 0.39115718214512374 F1_MA: 0.36457953211815824
BEST_F1_MI: 0.5290882166278824 BEST_F1_MA: 0.542078324456513 BEST_ACC_MI: 0.5290882166278824 BEST_F1_MA: 0.5748194501280162
[[ 339  122 1077   46]
 [ 164   75  569   97]
 [ 213  426   72   97]
 [  37   23    7 1363]]
Epoch: [53/200], cls_loss: 0.0098, transfer_loss: 0.0039,person_loss: 0.0000, total_Loss: 0.0118
trian begin
trian end
n_person 361
SAMPLE
F1_MI: 0.4463719060715041 F1_MA: 0.37994415836125134 ACC_MI: 0.4463719060715041 F1_MA: 0.3644272364422132
BEST_F1_MI: 0.5290882166278824 BEST_F1_MA: 0.542078324456513 BEST_ACC_MI: 0.5290882166278824 BEST_F1_MA: 0.5748194501280162
[[ 403  629  474   78]
 [ 121  322  264  198]
 [ 537  142   16  113]
 [  12   48    1 1369]]
Epoch: [54/200], cls_loss: 0.0196, transfer_loss: 0.0064,person_loss: 0.0000, total_Loss: 0.0228
trian begin
trian end
n_person 361
SAMPLE
F1_MI: 0.43494817008673575 F1_MA: 0.4043290257095579 ACC_MI: 0.43494817008673575 F1_MA: 0.41010879065556394
BEST_F1_MI: 0.5290882166278824 BEST_F1_MA: 0.542078324456513 BEST_ACC_MI: 0.5290882166278824 BEST_F1_MA: 0.5748194501280162
[[ 291  685  560   48]
 [  46  221  542   96]
 [ 249  288  162  109]
 [  11   36    1 1382]]
Epoch: [55/200], cls_loss: 0.0096, transfer_loss: 0.0027,person_loss: 0.0000, total_Loss: 0.0110
trian begin
trian end
n_person 361
SAMPLE
F1_MI: 0.43790987941612014 F1_MA: 0.40404575188263925 ACC_MI: 0.43790987941612014 F1_MA: 0.41222711955466007
BEST_F1_MI: 0.5290882166278824 BEST_F1_MA: 0.542078324456513 BEST_ACC_MI: 0.5290882166278824 BEST_F1_MA: 0.5748194501280162
[[ 348  602  580   54]
 [  47  147  609  102]
 [ 240  261  188  119]
 [  14   25    4 1387]]
Epoch: [56/200], cls_loss: 0.0573, transfer_loss: 0.0059,person_loss: 0.0000, total_Loss: 0.0603
trian begin
trian end
n_person 361
SAMPLE
F1_MI: 0.474931246033425 F1_MA: 0.43252316665442353 ACC_MI: 0.474931246033425 F1_MA: 0.4259172583378146
BEST_F1_MI: 0.5290882166278824 BEST_F1_MA: 0.542078324456513 BEST_ACC_MI: 0.5290882166278824 BEST_F1_MA: 0.5748194501280162
[[ 363  948  224   49]
 [ 138  418  252   97]
 [ 229  396   79  104]
 [  27   17    1 1385]]
Epoch: [57/200], cls_loss: 0.0177, transfer_loss: 0.0051,person_loss: 0.0000, total_Loss: 0.0203
trian begin
trian end
n_person 361
SAMPLE
F1_MI: 0.46668077004442565 F1_MA: 0.41755032757517185 ACC_MI: 0.46668077004442565 F1_MA: 0.39692742859433483
BEST_F1_MI: 0.5290882166278824 BEST_F1_MA: 0.542078324456513 BEST_ACC_MI: 0.5290882166278824 BEST_F1_MA: 0.5748194501280162
[[ 241 1109  183   51]
 [ 146  530  126  103]
 [ 218  441   38  111]
 [  19    5    9 1397]]
Epoch: [58/200], cls_loss: 0.0166, transfer_loss: 0.0044,person_loss: 0.0000, total_Loss: 0.0188
trian begin
trian end
n_person 361
SAMPLE
F1_MI: 0.48720118468373175 F1_MA: 0.4482078858231952 ACC_MI: 0.48720118468373175 F1_MA: 0.43730381051061784
BEST_F1_MI: 0.5290882166278824 BEST_F1_MA: 0.542078324456513 BEST_ACC_MI: 0.5290882166278824 BEST_F1_MA: 0.5748194501280162
[[ 328 1037  169   50]
 [ 159  506  139  101]
 [ 244  375   84  105]
 [  20    9   16 1385]]
Epoch: [59/200], cls_loss: 0.0117, transfer_loss: 0.0039,person_loss: 0.0000, total_Loss: 0.0136
trian begin
trian end
n_person 361
SAMPLE
F1_MI: 0.44425639940765815 F1_MA: 0.400451862206005 ACC_MI: 0.44425639940765815 F1_MA: 0.38275901183600525
BEST_F1_MI: 0.5290882166278824 BEST_F1_MA: 0.542078324456513 BEST_ACC_MI: 0.5290882166278824 BEST_F1_MA: 0.5748194501280162
[[ 198 1104  230   52]
 [ 130  500  178   97]
 [ 196  468   40  104]
 [  17    5   46 1362]]
Epoch: [60/200], cls_loss: 0.0227, transfer_loss: 0.0043,person_loss: 0.0000, total_Loss: 0.0248
trian begin
trian end
n_person 361
SAMPLE
F1_MI: 0.45144912206473453 F1_MA: 0.40167301412037537 ACC_MI: 0.45144912206473453 F1_MA: 0.3781037772425596
BEST_F1_MI: 0.5290882166278824 BEST_F1_MA: 0.542078324456513 BEST_ACC_MI: 0.5290882166278824 BEST_F1_MA: 0.5748194501280162
[[ 166  887  473   58]
 [ 115  520  154  116]
 [ 180  466   40  122]
 [  14    4    4 1408]]
Epoch: [61/200], cls_loss: 0.0125, transfer_loss: 0.0036,person_loss: 0.0000, total_Loss: 0.0143
trian begin
trian end
n_person 361
SAMPLE
F1_MI: 0.45800719272265705 F1_MA: 0.4090829082247082 ACC_MI: 0.45800719272265705 F1_MA: 0.3862036172908716
BEST_F1_MI: 0.5290882166278824 BEST_F1_MA: 0.542078324456513 BEST_ACC_MI: 0.5290882166278824 BEST_F1_MA: 0.5748194501280162
[[ 178 1127  220   59]
 [  84  535  173  113]
 [ 207  444   38  119]
 [   6    7    3 1414]]
Epoch: [62/200], cls_loss: 0.0187, transfer_loss: 0.0035,person_loss: 0.0000, total_Loss: 0.0204
trian begin
trian end
n_person 361
SAMPLE
F1_MI: 0.48402792468796274 F1_MA: 0.42880847795420357 ACC_MI: 0.48402792468796274 F1_MA: 0.41951157411976003
BEST_F1_MI: 0.5290882166278824 BEST_F1_MA: 0.542078324456513 BEST_ACC_MI: 0.5290882166278824 BEST_F1_MA: 0.5748194501280162
[[ 444  920  162   58]
 [ 373  376   45  111]
 [ 285  350   59  114]
 [  16    3    2 1409]]
Epoch: [63/200], cls_loss: 0.0133, transfer_loss: 0.0041,person_loss: 0.0000, total_Loss: 0.0154
trian begin
trian end
n_person 361
SAMPLE
F1_MI: 0.4996826740004231 F1_MA: 0.4314982422449327 ACC_MI: 0.4996826740004231 F1_MA: 0.4127625355099598
BEST_F1_MI: 0.5290882166278824 BEST_F1_MA: 0.542078324456513 BEST_ACC_MI: 0.5290882166278824 BEST_F1_MA: 0.5748194501280162
[[ 483  992   49   60]
 [ 288  453   43  121]
 [ 196  476   10  126]
 [   4    9    1 1416]]
Epoch: [64/200], cls_loss: 0.0083, transfer_loss: 0.0038,person_loss: 0.0000, total_Loss: 0.0102
trian begin
trian end
n_person 361
SAMPLE
F1_MI: 0.45800719272265705 F1_MA: 0.3934520305513587 ACC_MI: 0.45800719272265705 F1_MA: 0.36717443209849554
BEST_F1_MI: 0.5290882166278824 BEST_F1_MA: 0.542078324456513 BEST_ACC_MI: 0.5290882166278824 BEST_F1_MA: 0.5748194501280162
[[ 279 1112  140   53]
 [ 288  480   32  105]
 [ 219  467   10  112]
 [  19    2   13 1396]]
Epoch: [65/200], cls_loss: 0.0114, transfer_loss: 0.0061,person_loss: 0.0000, total_Loss: 0.0144
trian begin
trian end
n_person 361
SAMPLE
F1_MI: 0.4341019674211974 F1_MA: 0.3764180049068208 ACC_MI: 0.4341019674211974 F1_MA: 0.3463042043243678
BEST_F1_MI: 0.5290882166278824 BEST_F1_MA: 0.542078324456513 BEST_ACC_MI: 0.5290882166278824 BEST_F1_MA: 0.5748194501280162
[[ 146 1156  230   52]
 [ 216  535   63   91]
 [ 139  556   13  100]
 [  67    2    3 1358]]
Epoch: [66/200], cls_loss: 0.0190, transfer_loss: 0.0036,person_loss: 0.0000, total_Loss: 0.0208
trian begin
trian end
n_person 361
SAMPLE
F1_MI: 0.4548339327268881 F1_MA: 0.3998713588077933 ACC_MI: 0.4548339327268881 F1_MA: 0.37202579265961855
BEST_F1_MI: 0.5290882166278824 BEST_F1_MA: 0.542078324456513 BEST_ACC_MI: 0.5290882166278824 BEST_F1_MA: 0.5748194501280162
[[ 163 1294   71   56]
 [ 198  567   30  110]
 [ 145  537   12  114]
 [  15    6    1 1408]]
Epoch: [67/200], cls_loss: 0.0005, transfer_loss: 0.0025,person_loss: 0.0000, total_Loss: 0.0018
trian begin
trian end
n_person 361
SAMPLE
F1_MI: 0.43790987941612014 F1_MA: 0.3714115507359979 ACC_MI: 0.43790987941612014 F1_MA: 0.3249388726684496
BEST_F1_MI: 0.5290882166278824 BEST_F1_MA: 0.542078324456513 BEST_ACC_MI: 0.5290882166278824 BEST_F1_MA: 0.5748194501280162
[[  17 1231  259   77]
 [  53  623   76  153]
 [  75  554   64  115]
 [  56    3    5 1366]]
Epoch: [68/200], cls_loss: 0.0206, transfer_loss: 0.0031,person_loss: 0.0000, total_Loss: 0.0221
trian begin
trian end
n_person 361
SAMPLE
F1_MI: 0.44341019674211973 F1_MA: 0.4061301506190214 ACC_MI: 0.44341019674211973 F1_MA: 0.3802134594254619
BEST_F1_MI: 0.5290882166278824 BEST_F1_MA: 0.542078324456513 BEST_ACC_MI: 0.5290882166278824 BEST_F1_MA: 0.5748194501280162
[[  79 1121  334   50]
 [ 137  541  135   92]
 [  68  518  118  104]
 [  66    6    0 1358]]
Epoch: [69/200], cls_loss: 0.0055, transfer_loss: 0.0031,person_loss: 0.0000, total_Loss: 0.0071
trian begin
trian end
n_person 361
SAMPLE
F1_MI: 0.4609689020520415 F1_MA: 0.4278499321029814 ACC_MI: 0.46096890205204144 F1_MA: 0.39720357903682024
BEST_F1_MI: 0.5290882166278824 BEST_F1_MA: 0.542078324456513 BEST_ACC_MI: 0.5290882166278824 BEST_F1_MA: 0.5748194501280162
[[  29 1332  173   50]
 [ 116  625   74   90]
 [  62  499  147  100]
 [  40    4    8 1378]]
Epoch: [70/200], cls_loss: 0.0152, transfer_loss: 0.0052,person_loss: 0.0000, total_Loss: 0.0178
trian begin
trian end
n_person 361
SAMPLE
F1_MI: 0.46118045271842606 F1_MA: 0.4236763465322326 ACC_MI: 0.46118045271842606 F1_MA: 0.3876405024212669
BEST_F1_MI: 0.5290882166278824 BEST_F1_MA: 0.542078324456513 BEST_ACC_MI: 0.5290882166278824 BEST_F1_MA: 0.5748194501280162
[[  28 1287  221   48]
 [  88  672   60   85]
 [  78  500  136   94]
 [  73    1   12 1344]]
Epoch: [71/200], cls_loss: 0.0189, transfer_loss: 0.0036,person_loss: 0.0000, total_Loss: 0.0207
trian begin
trian end
n_person 361
SAMPLE
F1_MI: 0.4506029193991961 F1_MA: 0.38011028941497227 ACC_MI: 0.4506029193991961 F1_MA: 0.33144463243429934
BEST_F1_MI: 0.5290882166278824 BEST_F1_MA: 0.542078324456513 BEST_ACC_MI: 0.5290882166278824 BEST_F1_MA: 0.5748194501280162
[[  16 1474   43   51]
 [  89  712    6   98]
 [  95  597    9  107]
 [  25   12    0 1393]]
Epoch: [72/200], cls_loss: 0.0522, transfer_loss: 0.0097,person_loss: 0.0000, total_Loss: 0.0570
trian begin
trian end
n_person 361
SAMPLE
F1_MI: 0.45568013539242647 F1_MA: 0.381776540060968 ACC_MI: 0.45568013539242647 F1_MA: 0.33141055668993524
BEST_F1_MI: 0.5290882166278824 BEST_F1_MA: 0.542078324456513 BEST_ACC_MI: 0.5290882166278824 BEST_F1_MA: 0.5748194501280162
[[  27 1289  217   51]
 [  68  684   49  104]
 [ 198  465   35  110]
 [  13    9    0 1408]]
Epoch: [73/200], cls_loss: 0.0116, transfer_loss: 0.0046,person_loss: 0.0000, total_Loss: 0.0140
trian begin
trian end
n_person 361
SAMPLE
F1_MI: 0.43515972075312037 F1_MA: 0.3839515247629087 ACC_MI: 0.43515972075312037 F1_MA: 0.348366646601299
BEST_F1_MI: 0.5290882166278824 BEST_F1_MA: 0.542078324456513 BEST_ACC_MI: 0.5290882166278824 BEST_F1_MA: 0.5748194501280162
[[  23 1324  187   50]
 [ 194  575   38   98]
 [ 360  269   75  104]
 [  27   14    5 1384]]
Epoch: [74/200], cls_loss: 0.0124, transfer_loss: 0.0068,person_loss: 0.0000, total_Loss: 0.0158
trian begin
trian end
n_person 361
SAMPLE
F1_MI: 0.4146393061138143 F1_MA: 0.36113735213123194 ACC_MI: 0.4146393061138143 F1_MA: 0.3325156430495914
BEST_F1_MI: 0.5290882166278824 BEST_F1_MA: 0.542078324456513 BEST_ACC_MI: 0.5290882166278824 BEST_F1_MA: 0.5748194501280162
[[  68 1054  407   55]
 [ 312  387  100  106]
 [ 325  266  107  110]
 [  14   13    5 1398]]
Epoch: [75/200], cls_loss: 0.0098, transfer_loss: 0.0032,person_loss: 0.0000, total_Loss: 0.0114
trian begin
trian end
n_person 361
SAMPLE
F1_MI: 0.4231013327691982 F1_MA: 0.37140210307256855 ACC_MI: 0.4231013327691982 F1_MA: 0.36305659737835694
BEST_F1_MI: 0.5290882166278824 BEST_F1_MA: 0.542078324456513 BEST_ACC_MI: 0.5290882166278824 BEST_F1_MA: 0.5748194501280162
[[ 266  390  871   57]
 [ 375  251  164  115]
 [ 142  475   71  120]
 [   9    6    3 1412]]
Epoch: [76/200], cls_loss: 0.0233, transfer_loss: 0.0043,person_loss: 0.0000, total_Loss: 0.0255
trian begin
trian end
n_person 361
SAMPLE
F1_MI: 0.4474296594034271 F1_MA: 0.4025649440447166 ACC_MI: 0.4474296594034271 F1_MA: 0.4124038212384705
BEST_F1_MI: 0.5290882166278824 BEST_F1_MA: 0.542078324456513 BEST_ACC_MI: 0.5290882166278824 BEST_F1_MA: 0.5748194501280162
[[ 420   75 1034   55]
 [ 310  247  223  125]
 [  69  584   41  114]
 [   7    9    7 1407]]
Epoch: [77/200], cls_loss: 0.0247, transfer_loss: 0.0069,person_loss: 0.0000, total_Loss: 0.0282
trian begin
trian end
n_person 361
SAMPLE
F1_MI: 0.44108313941188915 F1_MA: 0.3821947453012979 ACC_MI: 0.44108313941188915 F1_MA: 0.38052733207757916
BEST_F1_MI: 0.5290882166278824 BEST_F1_MA: 0.542078324456513 BEST_ACC_MI: 0.5290882166278824 BEST_F1_MA: 0.5748194501280162
[[ 437  155  940   52]
 [ 452  235  114  104]
 [ 162  516   22  108]
 [  29   10    0 1391]]
Epoch: [78/200], cls_loss: 0.0262, transfer_loss: 0.0041,person_loss: 0.0000, total_Loss: 0.0283
[[ 143 1294   97   50]
 [  65  638  106   96]
 [  69  330  302  107]
 [  20   25    2 1383]]
[[ 153  827  552   52]
 [ 113  595   98   99]
 [  87  243  372  106]
 [  41    8    0 1381]]
ARG: Namespace(backbone='resnet50', batch_size=32, config='DSAN/DSAN.yaml', data_dir='data', device=device(type='cuda'), early_stop=50, epoch_based_training=False, lr=0.003, lr_decay=0.75, lr_gamma=0.0003, lr_scheduler=True, max_iter=21000, method='False', momentum=0.9, myweight=0.1, n_class=4, n_epoch=200, n_iter_per_epoch=105, num_workers=3, seed=1, src_domain='UCI', tgt_domain='PAMAP2', tname='transfer', transfer_loss='lmmd', transfer_loss_weight=0.5, use_bottleneck=True, weight_decay=0.0005)
