coral 1 UCI PAMAP2 DeepCoral/DeepCoral.yaml False
Namespace(backbone='resnet50', batch_size=32, config='DeepCoral/DeepCoral.yaml', data_dir='data', device=device(type='cuda'), early_stop=50, epoch_based_training=False, lr=0.003, lr_decay=0.75, lr_gamma=0.0003, lr_scheduler=True, method='False', momentum=0.9, myweight=0.1, n_epoch=200, n_iter_per_epoch=100, num_workers=3, seed=1, src_domain='UCI', tgt_domain='PAMAP2', tname='transfer', transfer_loss='coral', transfer_loss_weight=10.0, use_bottleneck=True, weight_decay=0.0005)
JUST DO IT
run my Parkinson code
transfer
TRAIN Length: 3369 615 TEST Length: 4727 361
YYY: 0 3
DATA_PROFILE   train: 3369 train2: 4727 test: 4727
DATASET.SHAPE: <data_loader.GetTrainLoader object at 0x7f71b94ab280> True
DATASET.SHAPE: <data_loader.GetTrainLoader object at 0x7f71b115cc10> True
DATASET.SHAPE: <data_loader.GetTestLoader object at 0x7f71b10f21c0> False
CLASS: 4 361
LLL: {}
BOTTLENECK_LIST: [Linear(in_features=512, out_features=256, bias=True), ReLU()]
TYPE: {'loss_type': 'coral', 'max_iter': 21000, 'num_class': 4, 'my_person_item': <my_person_item.PersonItem object at 0x7f71b10f2a30>}
initial_lr 1.0
transfer_world
method False <class 'str'>
1.8.1+cu111
True
LEN: 0 0
LOADER: <data_loader.InfiniteDataLoader object at 0x7f71b115c880> <data_loader.InfiniteDataLoader object at 0x7f71b10f2460>
N_batch: 105
trian begin
trian end
n_person 361
SAMPLE
F1_MI: 0.4757774486989634 F1_MA: 0.45355091145439713 ACC_MI: 0.4757774486989634 F1_MA: 0.43205878698083644
BEST_F1_MI: 0.4757774486989634 BEST_F1_MA: 0.45355091145439713 BEST_ACC_MI: 0.4757774486989634 BEST_F1_MA: 0.43205878698083644
[[ 100 1111  318   55]
 [ 234  521   43  107]
 [  49  398  245  116]
 [  42    5    0 1383]]
Epoch: [ 1/200], cls_loss: 0.5110, transfer_loss: 0.0029,person_loss: 0.0000, total_Loss: 0.5399
trian begin
trian end
n_person 361
SAMPLE
F1_MI: 0.4601226993865031 F1_MA: 0.37249179123361464 ACC_MI: 0.4601226993865031 F1_MA: 0.3129741313023862
BEST_F1_MI: 0.4757774486989634 BEST_F1_MA: 0.45355091145439713 BEST_ACC_MI: 0.4757774486989634 BEST_F1_MA: 0.43205878698083644
[[   4 1037  476   67]
 [  31  723    9  142]
 [  24  605   48  131]
 [  16   14    0 1400]]
Epoch: [ 2/200], cls_loss: 0.2047, transfer_loss: 0.0017,person_loss: 0.0000, total_Loss: 0.2214
trian begin
trian end
n_person 361
SAMPLE
F1_MI: 0.47175798603765606 F1_MA: 0.43987638964013237 ACC_MI: 0.471757986037656 F1_MA: 0.4336949829305673
BEST_F1_MI: 0.4757774486989634 BEST_F1_MA: 0.45355091145439713 BEST_ACC_MI: 0.4757774486989634 BEST_F1_MA: 0.4336949829305673
[[ 272  427  830   55]
 [ 212  490   99  104]
 [  44  572   84  108]
 [  30   12    4 1384]]
Epoch: [ 3/200], cls_loss: 0.1067, transfer_loss: 0.0012,person_loss: 0.0000, total_Loss: 0.1189
trian begin
trian end
n_person 361
SAMPLE
F1_MI: 0.5043367886608843 F1_MA: 0.4669026517575784 ACC_MI: 0.5043367886608843 F1_MA: 0.45800820127905173
BEST_F1_MI: 0.5043367886608843 BEST_F1_MA: 0.4669026517575784 BEST_ACC_MI: 0.5043367886608843 BEST_F1_MA: 0.45800820127905173
[[ 463  455  615   51]
 [ 383  375   52   95]
 [ 153  338  217  100]
 [  94    6    1 1329]]
Epoch: [ 4/200], cls_loss: 0.0470, transfer_loss: 0.0005,person_loss: 0.0000, total_Loss: 0.0524
trian begin
trian end
n_person 361
SAMPLE
F1_MI: 0.5312037232917284 F1_MA: 0.535802318044343 ACC_MI: 0.5312037232917284 F1_MA: 0.5186924952856943
BEST_F1_MI: 0.5312037232917284 BEST_F1_MA: 0.535802318044343 BEST_ACC_MI: 0.5312037232917284 BEST_F1_MA: 0.5186924952856943
[[  89  649  787   59]
 [  28  611  144  122]
 [  34  247  406  121]
 [  12   12    1 1405]]
Epoch: [ 5/200], cls_loss: 0.0564, transfer_loss: 0.0004,person_loss: 0.0000, total_Loss: 0.0600
trian begin
trian end
n_person 361
SAMPLE
F1_MI: 0.5077215993230378 F1_MA: 0.5066523296615176 ACC_MI: 0.5077215993230378 F1_MA: 0.4977784854504209
BEST_F1_MI: 0.5312037232917284 BEST_F1_MA: 0.535802318044343 BEST_ACC_MI: 0.5312037232917284 BEST_F1_MA: 0.5186924952856943
[[ 104  718  709   53]
 [  48  684   62  111]
 [  23  458  213  114]
 [   5   25    1 1399]]
Epoch: [ 6/200], cls_loss: 0.0545, transfer_loss: 0.0004,person_loss: 0.0000, total_Loss: 0.0590
trian begin
trian end
n_person 361
SAMPLE
F1_MI: 0.5204146393061139 F1_MA: 0.4849560722346233 ACC_MI: 0.5204146393061139 F1_MA: 0.47556821012376094
BEST_F1_MI: 0.5312037232917284 BEST_F1_MA: 0.535802318044343 BEST_ACC_MI: 0.5312037232917284 BEST_F1_MA: 0.5186924952856943
[[ 392  473  666   53]
 [ 161  601   37  106]
 [  89  529   77  113]
 [  14   19    7 1390]]
Epoch: [ 7/200], cls_loss: 0.0394, transfer_loss: 0.0002,person_loss: 0.0000, total_Loss: 0.0417
trian begin
trian end
n_person 361
SAMPLE
F1_MI: 0.5235878993018828 F1_MA: 0.5237394540417005 ACC_MI: 0.5235878993018828 F1_MA: 0.5174842636498336
BEST_F1_MI: 0.5312037232917284 BEST_F1_MA: 0.535802318044343 BEST_ACC_MI: 0.5312037232917284 BEST_F1_MA: 0.5186924952856943
[[ 149 1009  364   62]
 [  61  686   36  122]
 [  49  406  226  127]
 [   5   11    0 1414]]
Epoch: [ 8/200], cls_loss: 0.0334, transfer_loss: 0.0002,person_loss: 0.0000, total_Loss: 0.0353
trian begin
trian end
n_person 361
SAMPLE
F1_MI: 0.5007404273323461 F1_MA: 0.48542805775150416 ACC_MI: 0.5007404273323461 F1_MA: 0.4832093622461592
BEST_F1_MI: 0.5312037232917284 BEST_F1_MA: 0.535802318044343 BEST_ACC_MI: 0.5312037232917284 BEST_F1_MA: 0.5186924952856943
[[ 224 1125  175   60]
 [ 126  649   18  112]
 [  70  528   88  122]
 [  18    6    0 1406]]
Epoch: [ 9/200], cls_loss: 0.0415, transfer_loss: 0.0002,person_loss: 0.0000, total_Loss: 0.0432
trian begin
trian end
n_person 361
SAMPLE
F1_MI: 0.47154643537127144 F1_MA: 0.4817380850711344 ACC_MI: 0.47154643537127144 F1_MA: 0.5096549053540963
BEST_F1_MI: 0.5312037232917284 BEST_F1_MA: 0.535802318044343 BEST_ACC_MI: 0.5312037232917284 BEST_F1_MA: 0.5186924952856943
[[ 151 1375    2   56]
 [ 116  677    4  108]
 [  67  617    7  117]
 [  30    6    0 1394]]
Epoch: [10/200], cls_loss: 0.0195, transfer_loss: 0.0001,person_loss: 0.0000, total_Loss: 0.0208
trian begin
trian end
n_person 361
SAMPLE
F1_MI: 0.5555320499259573 F1_MA: 0.5726970778481821 ACC_MI: 0.5555320499259573 F1_MA: 0.5647299174920843
BEST_F1_MI: 0.5555320499259573 BEST_F1_MA: 0.5726970778481821 BEST_ACC_MI: 0.5555320499259573 BEST_F1_MA: 0.5647299174920843
[[ 125  803  584   72]
 [  32  650   63  160]
 [  22  210  431  145]
 [   5    4    1 1420]]
Epoch: [11/200], cls_loss: 0.0203, transfer_loss: 0.0002,person_loss: 0.0000, total_Loss: 0.0221
trian begin
trian end
n_person 361
SAMPLE
F1_MI: 0.5388195472815739 F1_MA: 0.5347567165713736 ACC_MI: 0.5388195472815739 F1_MA: 0.5343198566317873
BEST_F1_MI: 0.5555320499259573 BEST_F1_MA: 0.5726970778481821 BEST_ACC_MI: 0.5555320499259573 BEST_F1_MA: 0.5647299174920843
[[ 281 1006  243   54]
 [ 130  655   11  109]
 [  98  386  210  114]
 [  20    9    0 1401]]
Epoch: [12/200], cls_loss: 0.0242, transfer_loss: 0.0001,person_loss: 0.0000, total_Loss: 0.0255
trian begin
trian end
n_person 361
SAMPLE
F1_MI: 0.49079754601227 F1_MA: 0.4694918520774728 ACC_MI: 0.49079754601226994 F1_MA: 0.453058867117958
BEST_F1_MI: 0.5555320499259573 BEST_F1_MA: 0.5726970778481821 BEST_ACC_MI: 0.5555320499259573 BEST_F1_MA: 0.5647299174920843
[[ 128  739  654   63]
 [  81  628   65  131]
 [  48  488  149  123]
 [   6    9    0 1415]]
Epoch: [13/200], cls_loss: 0.0194, transfer_loss: 0.0001,person_loss: 0.0000, total_Loss: 0.0207
trian begin
trian end
n_person 361
SAMPLE
F1_MI: 0.48106621535857835 F1_MA: 0.4465920081352276 ACC_MI: 0.48106621535857835 F1_MA: 0.42770197844491253
BEST_F1_MI: 0.5555320499259573 BEST_F1_MA: 0.5726970778481821 BEST_ACC_MI: 0.5555320499259573 BEST_F1_MA: 0.5647299174920843
[[ 180  913  435   56]
 [ 146  615   25  119]
 [  60  552   77  119]
 [  17   11    0 1402]]
Epoch: [14/200], cls_loss: 0.0079, transfer_loss: 0.0001,person_loss: 0.0000, total_Loss: 0.0089
trian begin
trian end
n_person 361
SAMPLE
F1_MI: 0.5242225513010366 F1_MA: 0.5120304227579499 ACC_MI: 0.5242225513010366 F1_MA: 0.4878212397052687
BEST_F1_MI: 0.5555320499259573 BEST_F1_MA: 0.5726970778481821 BEST_ACC_MI: 0.5555320499259573 BEST_F1_MA: 0.5647299174920843
[[ 119 1040  363   62]
 [ 124  579   76  126]
 [  69  252  363  124]
 [   9    3    1 1417]]
Epoch: [15/200], cls_loss: 0.0402, transfer_loss: 0.0001,person_loss: 0.0000, total_Loss: 0.0411
trian begin
trian end
n_person 361
SAMPLE
F1_MI: 0.48762428601650093 F1_MA: 0.46043780033749965 ACC_MI: 0.48762428601650093 F1_MA: 0.4279141440778512
BEST_F1_MI: 0.5555320499259573 BEST_F1_MA: 0.5726970778481821 BEST_ACC_MI: 0.5555320499259573 BEST_F1_MA: 0.5647299174920843
[[  28 1050  446   60]
 [  40  686   69  110]
 [  17  482  195  114]
 [   7   11   16 1396]]
Epoch: [16/200], cls_loss: 0.0139, transfer_loss: 0.0002,person_loss: 0.0000, total_Loss: 0.0157
trian begin
trian end
n_person 361
SAMPLE
F1_MI: 0.4797969113602708 F1_MA: 0.45034214971156583 ACC_MI: 0.4797969113602708 F1_MA: 0.42257728406792217
BEST_F1_MI: 0.5555320499259573 BEST_F1_MA: 0.5726970778481821 BEST_ACC_MI: 0.5555320499259573 BEST_F1_MA: 0.5647299174920843
[[ 131  562  809   82]
 [ 163  325  203  214]
 [  69  193  407  139]
 [  23    0    2 1405]]
Epoch: [17/200], cls_loss: 0.0339, transfer_loss: 0.0001,person_loss: 0.0000, total_Loss: 0.0354
trian begin
trian end
n_person 361
SAMPLE
F1_MI: 0.48804738734927017 F1_MA: 0.4636705954259348 ACC_MI: 0.48804738734927017 F1_MA: 0.44222264780099785
BEST_F1_MI: 0.5555320499259573 BEST_F1_MA: 0.5726970778481821 BEST_ACC_MI: 0.5555320499259573 BEST_F1_MA: 0.5647299174920843
[[  99 1064  359   62]
 [  95  639   40  131]
 [  54  468  155  131]
 [  11    4    1 1414]]
Epoch: [18/200], cls_loss: 0.0232, transfer_loss: 0.0001,person_loss: 0.0000, total_Loss: 0.0245
trian begin
trian end
n_person 361
SAMPLE
F1_MI: 0.48698963401734713 F1_MA: 0.48822323471540846 ACC_MI: 0.48698963401734713 F1_MA: 0.4836594512097062
BEST_F1_MI: 0.5555320499259573 BEST_F1_MA: 0.5726970778481821 BEST_ACC_MI: 0.5555320499259573 BEST_F1_MA: 0.5647299174920843
[[  69 1365   94   56]
 [  79  663   59  104]
 [  52  461  181  114]
 [  34    5    2 1389]]
Epoch: [19/200], cls_loss: 0.0217, transfer_loss: 0.0001,person_loss: 0.0000, total_Loss: 0.0228
trian begin
trian end
n_person 361
SAMPLE
F1_MI: 0.47323884070234823 F1_MA: 0.43922441994551864 ACC_MI: 0.47323884070234823 F1_MA: 0.42268643363640546
BEST_F1_MI: 0.5555320499259573 BEST_F1_MA: 0.5726970778481821 BEST_ACC_MI: 0.5555320499259573 BEST_F1_MA: 0.5647299174920843
[[ 158 1278   92   56]
 [ 118  643   15  129]
 [  87  567   26  128]
 [  14    6    0 1410]]
Epoch: [20/200], cls_loss: 0.0153, transfer_loss: 0.0001,person_loss: 0.0000, total_Loss: 0.0163
trian begin
trian end
n_person 361
SAMPLE
F1_MI: 0.47154643537127144 F1_MA: 0.4401264134788986 ACC_MI: 0.47154643537127144 F1_MA: 0.42346840519710827
BEST_F1_MI: 0.5555320499259573 BEST_F1_MA: 0.5726970778481821 BEST_ACC_MI: 0.5555320499259573 BEST_F1_MA: 0.5647299174920843
[[ 140  842  538   64]
 [  80  599   75  151]
 [  59  534   75  140]
 [  11    2    2 1415]]
Epoch: [21/200], cls_loss: 0.0114, transfer_loss: 0.0001,person_loss: 0.0000, total_Loss: 0.0120
trian begin
trian end
n_person 361
SAMPLE
F1_MI: 0.4694309287074254 F1_MA: 0.4444330538567221 ACC_MI: 0.4694309287074254 F1_MA: 0.425638919278854
BEST_F1_MI: 0.5555320499259573 BEST_F1_MA: 0.5726970778481821 BEST_ACC_MI: 0.5555320499259573 BEST_F1_MA: 0.5647299174920843
[[  58 1159  298   69]
 [  32  675   43  155]
 [  32  571   71  134]
 [   6    7    2 1415]]
Epoch: [22/200], cls_loss: 0.0052, transfer_loss: 0.0001,person_loss: 0.0000, total_Loss: 0.0058
trian begin
trian end
n_person 361
SAMPLE
F1_MI: 0.5159720753120373 F1_MA: 0.4696676290563753 ACC_MI: 0.5159720753120373 F1_MA: 0.4585342422151485
BEST_F1_MI: 0.5555320499259573 BEST_F1_MA: 0.5726970778481821 BEST_ACC_MI: 0.5555320499259573 BEST_F1_MA: 0.5647299174920843
[[ 430  769  321   64]
 [ 205  533   23  144]
 [  93  522   61  132]
 [   5   10    0 1415]]
Epoch: [23/200], cls_loss: 0.0077, transfer_loss: 0.0001,person_loss: 0.0000, total_Loss: 0.0083
trian begin
trian end
n_person 361
SAMPLE
F1_MI: 0.48783583668288555 F1_MA: 0.5227813661517496 ACC_MI: 0.48783583668288555 F1_MA: 0.5576650505554406
BEST_F1_MI: 0.5555320499259573 BEST_F1_MA: 0.5726970778481821 BEST_ACC_MI: 0.5555320499259573 BEST_F1_MA: 0.5647299174920843
[[  45 1463   19   57]
 [  38  751    6  110]
 [  49  539  100  120]
 [   5   15    0 1410]]
Epoch: [24/200], cls_loss: 0.0094, transfer_loss: 0.0001,person_loss: 0.0000, total_Loss: 0.0103
trian begin
trian end
n_person 361
SAMPLE
F1_MI: 0.4713348847048868 F1_MA: 0.4350465751476503 ACC_MI: 0.4713348847048868 F1_MA: 0.4164227253737546
BEST_F1_MI: 0.5555320499259573 BEST_F1_MA: 0.5726970778481821 BEST_ACC_MI: 0.5555320499259573 BEST_F1_MA: 0.5647299174920843
[[ 160 1076  288   60]
 [ 102  601   32  170]
 [  84  546   57  121]
 [  13    2    5 1410]]
Epoch: [25/200], cls_loss: 0.0064, transfer_loss: 0.0001,person_loss: 0.0000, total_Loss: 0.0072
trian begin
trian end
n_person 361
SAMPLE
F1_MI: 0.48931669134757777 F1_MA: 0.47116366739939297 ACC_MI: 0.48931669134757777 F1_MA: 0.47381149706720976
BEST_F1_MI: 0.5555320499259573 BEST_F1_MA: 0.5726970778481821 BEST_ACC_MI: 0.5555320499259573 BEST_F1_MA: 0.5647299174920843
[[ 239 1239   47   59]
 [ 139  637    8  121]
 [ 102  557   27  122]
 [  17    3    0 1410]]
Epoch: [26/200], cls_loss: 0.0060, transfer_loss: 0.0001,person_loss: 0.0000, total_Loss: 0.0066
trian begin
trian end
n_person 361
SAMPLE
F1_MI: 0.46964247937381004 F1_MA: 0.44000950275534384 ACC_MI: 0.46964247937381004 F1_MA: 0.42106735460819844
BEST_F1_MI: 0.5555320499259573 BEST_F1_MA: 0.5726970778481821 BEST_ACC_MI: 0.5555320499259573 BEST_F1_MA: 0.5647299174920843
[[  96  889  533   66]
 [  61  630   58  156]
 [  42  551   77  138]
 [   6    6    1 1417]]
Epoch: [27/200], cls_loss: 0.0081, transfer_loss: 0.0000,person_loss: 0.0000, total_Loss: 0.0085
trian begin
trian end
n_person 361
SAMPLE
F1_MI: 0.4721810873704252 F1_MA: 0.4582408317573197 ACC_MI: 0.4721810873704252 F1_MA: 0.44519847039176935
BEST_F1_MI: 0.5555320499259573 BEST_F1_MA: 0.5726970778481821 BEST_ACC_MI: 0.5555320499259573 BEST_F1_MA: 0.5647299174920843
[[  32 1211  274   67]
 [  11  713   38  143]
 [  19  581   75  133]
 [   2   15    1 1412]]
Epoch: [28/200], cls_loss: 0.0080, transfer_loss: 0.0001,person_loss: 0.0000, total_Loss: 0.0085
trian begin
trian end
n_person 361
SAMPLE
F1_MI: 0.4808546646921938 F1_MA: 0.4554393712768881 ACC_MI: 0.4808546646921938 F1_MA: 0.4405331671230291
BEST_F1_MI: 0.5555320499259573 BEST_F1_MA: 0.5726970778481821 BEST_ACC_MI: 0.5555320499259573 BEST_F1_MA: 0.5647299174920843
[[ 126 1085  315   58]
 [  66  658   27  154]
 [  57  560   70  121]
 [   4    5    2 1419]]
Epoch: [29/200], cls_loss: 0.0099, transfer_loss: 0.0001,person_loss: 0.0000, total_Loss: 0.0104
trian begin
trian end
n_person 361
SAMPLE
F1_MI: 0.4967209646710387 F1_MA: 0.45747770340252214 ACC_MI: 0.4967209646710387 F1_MA: 0.4424604861221295
BEST_F1_MI: 0.5555320499259573 BEST_F1_MA: 0.5726970778481821 BEST_ACC_MI: 0.5555320499259573 BEST_F1_MA: 0.5647299174920843
[[ 329  891  311   53]
 [ 185  592   22  106]
 [ 110  523   64  111]
 [  62    5    0 1363]]
Epoch: [30/200], cls_loss: 0.0099, transfer_loss: 0.0000,person_loss: 0.0000, total_Loss: 0.0103
trian begin
trian end
n_person 361
SAMPLE
F1_MI: 0.4948170086735773 F1_MA: 0.4788138287263072 ACC_MI: 0.4948170086735773 F1_MA: 0.4623821797129797
BEST_F1_MI: 0.5555320499259573 BEST_F1_MA: 0.5726970778481821 BEST_ACC_MI: 0.5555320499259573 BEST_F1_MA: 0.5647299174920843
[[  88 1033  404   59]
 [  33  720   33  119]
 [  44  518  119  127]
 [  12    5    1 1412]]
Epoch: [31/200], cls_loss: 0.0227, transfer_loss: 0.0001,person_loss: 0.0000, total_Loss: 0.0232
trian begin
trian end
n_person 361
SAMPLE
F1_MI: 0.5013750793314999 F1_MA: 0.4662371413054754 ACC_MI: 0.5013750793314999 F1_MA: 0.4469290684221957
BEST_F1_MI: 0.5555320499259573 BEST_F1_MA: 0.5726970778481821 BEST_ACC_MI: 0.5555320499259573 BEST_F1_MA: 0.5647299174920843
[[ 242  821  466   55]
 [ 111  667   17  110]
 [ 109  509   70  120]
 [  22   17    0 1391]]
Epoch: [32/200], cls_loss: 0.0127, transfer_loss: 0.0001,person_loss: 0.0000, total_Loss: 0.0132
trian begin
trian end
n_person 361
SAMPLE
F1_MI: 0.48614343135180876 F1_MA: 0.45864386811633123 ACC_MI: 0.48614343135180876 F1_MA: 0.43982176872798273
BEST_F1_MI: 0.5555320499259573 BEST_F1_MA: 0.5726970778481821 BEST_ACC_MI: 0.5555320499259573 BEST_F1_MA: 0.5647299174920843
[[ 169  595  767   53]
 [ 117  619   65  104]
 [  77  485  130  116]
 [  31   18    1 1380]]
Epoch: [33/200], cls_loss: 0.0040, transfer_loss: 0.0000,person_loss: 0.0000, total_Loss: 0.0044
trian begin
trian end
n_person 361
SAMPLE
F1_MI: 0.48910514068119315 F1_MA: 0.44625207540735584 ACC_MI: 0.48910514068119315 F1_MA: 0.4411893188968119
BEST_F1_MI: 0.5555320499259573 BEST_F1_MA: 0.5726970778481821 BEST_ACC_MI: 0.5555320499259573 BEST_F1_MA: 0.5647299174920843
[[ 411  306  763  104]
 [ 205  390  108  202]
 [  96  459  109  144]
 [  21    6    1 1402]]
Epoch: [34/200], cls_loss: 0.0175, transfer_loss: 0.0001,person_loss: 0.0000, total_Loss: 0.0182
trian begin
trian end
n_person 361
SAMPLE
F1_MI: 0.4518722233975037 F1_MA: 0.4370329332632567 ACC_MI: 0.4518722233975037 F1_MA: 0.4333076624942784
BEST_F1_MI: 0.5555320499259573 BEST_F1_MA: 0.5726970778481821 BEST_ACC_MI: 0.5555320499259573 BEST_F1_MA: 0.5647299174920843
[[  90  471  962   61]
 [  38  531  175  161]
 [  38  526  112  132]
 [  14   10    3 1403]]
Epoch: [35/200], cls_loss: 0.0144, transfer_loss: 0.0000,person_loss: 0.0000, total_Loss: 0.0148
trian begin
trian end
n_person 361
SAMPLE
F1_MI: 0.46710387137719483 F1_MA: 0.441236202587962 ACC_MI: 0.46710387137719483 F1_MA: 0.4373162868385868
BEST_F1_MI: 0.5555320499259573 BEST_F1_MA: 0.5726970778481821 BEST_ACC_MI: 0.5555320499259573 BEST_F1_MA: 0.5647299174920843
[[ 245  327  957   55]
 [ 155  467  161  122]
 [  84  490  119  115]
 [  40   11    2 1377]]
Epoch: [36/200], cls_loss: 0.0036, transfer_loss: 0.0000,person_loss: 0.0000, total_Loss: 0.0040
trian begin
trian end
n_person 361
SAMPLE
F1_MI: 0.48170086735773215 F1_MA: 0.45188507946960127 ACC_MI: 0.48170086735773215 F1_MA: 0.4382358513697256
BEST_F1_MI: 0.5555320499259573 BEST_F1_MA: 0.5726970778481821 BEST_ACC_MI: 0.5555320499259573 BEST_F1_MA: 0.5647299174920843
[[ 203  575  748   58]
 [ 109  530  123  143]
 [ 108  437  134  129]
 [  15    5    0 1410]]
Epoch: [37/200], cls_loss: 0.0084, transfer_loss: 0.0000,person_loss: 0.0000, total_Loss: 0.0089
trian begin
trian end
n_person 361
SAMPLE
F1_MI: 0.463295959382272 F1_MA: 0.4496522847828404 ACC_MI: 0.463295959382272 F1_MA: 0.44151830270088144
BEST_F1_MI: 0.5555320499259573 BEST_F1_MA: 0.5726970778481821 BEST_ACC_MI: 0.5555320499259573 BEST_F1_MA: 0.5647299174920843
[[ 160  209 1164   51]
 [ 150  324  326  105]
 [ 124  247  335  102]
 [  55    3    1 1371]]
Epoch: [38/200], cls_loss: 0.0071, transfer_loss: 0.0000,person_loss: 0.0000, total_Loss: 0.0075
trian begin
trian end
n_person 361
SAMPLE
F1_MI: 0.4821239686905014 F1_MA: 0.44154989944887957 ACC_MI: 0.4821239686905014 F1_MA: 0.420159122219897
BEST_F1_MI: 0.5555320499259573 BEST_F1_MA: 0.5726970778481821 BEST_ACC_MI: 0.5555320499259573 BEST_F1_MA: 0.5647299174920843
[[ 206  817  471   90]
 [ 107  611   33  154]
 [ 102  517   62  127]
 [  26    3    1 1400]]
Epoch: [39/200], cls_loss: 0.0107, transfer_loss: 0.0000,person_loss: 0.0000, total_Loss: 0.0112
trian begin
trian end
n_person 361
SAMPLE
F1_MI: 0.5024328326634229 F1_MA: 0.4563042215858723 ACC_MI: 0.5024328326634229 F1_MA: 0.44149645816935357
BEST_F1_MI: 0.5555320499259573 BEST_F1_MA: 0.5726970778481821 BEST_ACC_MI: 0.5555320499259573 BEST_F1_MA: 0.5647299174920843
[[ 370  588  572   54]
 [ 203  557   38  107]
 [ 113  531   50  114]
 [  19   13    0 1398]]
Epoch: [40/200], cls_loss: 0.0366, transfer_loss: 0.0001,person_loss: 0.0000, total_Loss: 0.0372
trian begin
trian end
n_person 361
SAMPLE
F1_MI: 0.48698963401734713 F1_MA: 0.46364783452441694 ACC_MI: 0.48698963401734713 F1_MA: 0.44212967211646975
BEST_F1_MI: 0.5555320499259573 BEST_F1_MA: 0.5726970778481821 BEST_ACC_MI: 0.5555320499259573 BEST_F1_MA: 0.5647299174920843
[[  83 1048  398   55]
 [  49  692   49  115]
 [  53  518  120  117]
 [  12   11    0 1407]]
Epoch: [41/200], cls_loss: 0.0103, transfer_loss: 0.0000,person_loss: 0.0000, total_Loss: 0.0108
trian begin
trian end
n_person 361
SAMPLE
F1_MI: 0.49079754601227 F1_MA: 0.4402542498936057 ACC_MI: 0.49079754601226994 F1_MA: 0.42314508881623947
BEST_F1_MI: 0.5555320499259573 BEST_F1_MA: 0.5726970778481821 BEST_ACC_MI: 0.5555320499259573 BEST_F1_MA: 0.5647299174920843
[[ 363  689  451   81]
 [ 282  482   34  107]
 [ 150  459   78  121]
 [  30    3    0 1397]]
Epoch: [42/200], cls_loss: 0.0172, transfer_loss: 0.0000,person_loss: 0.0000, total_Loss: 0.0176
trian begin
trian end
n_person 361
SAMPLE
F1_MI: 0.5358578379521896 F1_MA: 0.5018192431648455 ACC_MI: 0.5358578379521896 F1_MA: 0.4889329468214638
BEST_F1_MI: 0.5555320499259573 BEST_F1_MA: 0.5726970778481821 BEST_ACC_MI: 0.5555320499259573 BEST_F1_MA: 0.5647299174920843
[[ 409  654  466   55]
 [ 217  528   48  112]
 [ 161  335  193  119]
 [  23    4    0 1403]]
Epoch: [43/200], cls_loss: 0.0070, transfer_loss: 0.0000,person_loss: 0.0000, total_Loss: 0.0075
trian begin
trian end
n_person 361
SAMPLE
F1_MI: 0.520837740638883 F1_MA: 0.503551110151077 ACC_MI: 0.520837740638883 F1_MA: 0.48841051820264236
BEST_F1_MI: 0.5555320499259573 BEST_F1_MA: 0.5726970778481821 BEST_ACC_MI: 0.5555320499259573 BEST_F1_MA: 0.5647299174920843
[[ 268  807  456   53]
 [ 193  544   66  102]
 [ 102  310  287  109]
 [  50   16    1 1363]]
Epoch: [44/200], cls_loss: 0.0112, transfer_loss: 0.0000,person_loss: 0.0000, total_Loss: 0.0115
trian begin
trian end
n_person 361
SAMPLE
F1_MI: 0.517664480643114 F1_MA: 0.5284314911298268 ACC_MI: 0.517664480643114 F1_MA: 0.5369695127499781
BEST_F1_MI: 0.5555320499259573 BEST_F1_MA: 0.5726970778481821 BEST_ACC_MI: 0.5555320499259573 BEST_F1_MA: 0.5647299174920843
[[ 168 1161  194   61]
 [  56  704   18  127]
 [  66  437  177  128]
 [   2   30    0 1398]]
Epoch: [45/200], cls_loss: 0.0025, transfer_loss: 0.0000,person_loss: 0.0000, total_Loss: 0.0028
trian begin
trian end
n_person 361
SAMPLE
F1_MI: 0.5089909033213454 F1_MA: 0.5343919863147957 ACC_MI: 0.5089909033213454 F1_MA: 0.5575498881400937
BEST_F1_MI: 0.5555320499259573 BEST_F1_MA: 0.5726970778481821 BEST_ACC_MI: 0.5555320499259573 BEST_F1_MA: 0.5647299174920843
[[ 120 1261  132   71]
 [  21  730   14  140]
 [  51  468  152  137]
 [   0   26    0 1404]]
Epoch: [46/200], cls_loss: 0.0018, transfer_loss: 0.0000,person_loss: 0.0000, total_Loss: 0.0020
trian begin
trian end
n_person 361
SAMPLE
F1_MI: 0.4950285593399619 F1_MA: 0.48855560677713 ACC_MI: 0.4950285593399619 F1_MA: 0.48491452988728145
BEST_F1_MI: 0.5555320499259573 BEST_F1_MA: 0.5726970778481821 BEST_ACC_MI: 0.5555320499259573 BEST_F1_MA: 0.5647299174920843
[[ 125 1158  239   62]
 [  64  687   31  123]
 [  43  519  116  130]
 [   2   14    2 1412]]
Epoch: [47/200], cls_loss: 0.0063, transfer_loss: 0.0000,person_loss: 0.0000, total_Loss: 0.0067
trian begin
trian end
n_person 361
SAMPLE
F1_MI: 0.4954516606727311 F1_MA: 0.4641766736019026 ACC_MI: 0.4954516606727311 F1_MA: 0.4467342925965248
BEST_F1_MI: 0.5555320499259573 BEST_F1_MA: 0.5726970778481821 BEST_ACC_MI: 0.5555320499259573 BEST_F1_MA: 0.5647299174920843
[[ 219  923  388   54]
 [ 134  631   28  112]
 [ 108  491   99  110]
 [  21   14    2 1393]]
Epoch: [48/200], cls_loss: 0.0023, transfer_loss: 0.0000,person_loss: 0.0000, total_Loss: 0.0026
trian begin
trian end
n_person 361
SAMPLE
F1_MI: 0.4692193780410408 F1_MA: 0.43505132171211974 ACC_MI: 0.4692193780410408 F1_MA: 0.4092982193837965
BEST_F1_MI: 0.5555320499259573 BEST_F1_MA: 0.5726970778481821 BEST_ACC_MI: 0.5555320499259573 BEST_F1_MA: 0.5647299174920843
[[  70 1285  175   54]
 [  67  705   18  115]
 [  51  597   46  114]
 [  16   16    1 1397]]
Epoch: [49/200], cls_loss: 0.0007, transfer_loss: 0.0000,person_loss: 0.0000, total_Loss: 0.0010
trian begin
trian end
n_person 361
SAMPLE
F1_MI: 0.468584726041887 F1_MA: 0.44655709170337105 ACC_MI: 0.46858472604188706 F1_MA: 0.42591561043928683
BEST_F1_MI: 0.5555320499259573 BEST_F1_MA: 0.5726970778481821 BEST_ACC_MI: 0.5555320499259573 BEST_F1_MA: 0.5647299174920843
[[  46 1375  109   54]
 [  51  720   19  115]
 [  52  569   73  114]
 [  41   13    0 1376]]
Epoch: [50/200], cls_loss: 0.0022, transfer_loss: 0.0000,person_loss: 0.0000, total_Loss: 0.0024
trian begin
trian end
n_person 361
SAMPLE
F1_MI: 0.4544108313941189 F1_MA: 0.43374552371444736 ACC_MI: 0.4544108313941189 F1_MA: 0.42386458710805147
BEST_F1_MI: 0.5555320499259573 BEST_F1_MA: 0.5726970778481821 BEST_ACC_MI: 0.5555320499259573 BEST_F1_MA: 0.5647299174920843
[[ 139 1333   57   55]
 [ 131  653   16  105]
 [ 125  557   35   91]
 [ 106    2    1 1321]]
Epoch: [51/200], cls_loss: 0.0099, transfer_loss: 0.0000,person_loss: 0.0000, total_Loss: 0.0103
trian begin
trian end
n_person 361
SAMPLE
F1_MI: 0.4821239686905014 F1_MA: 0.4566901573501804 ACC_MI: 0.4821239686905014 F1_MA: 0.4401975547583069
BEST_F1_MI: 0.5555320499259573 BEST_F1_MA: 0.5726970778481821 BEST_ACC_MI: 0.5555320499259573 BEST_F1_MA: 0.5647299174920843
[[ 122  982  421   59]
 [  66  676   42  121]
 [  50  566   71  121]
 [   5   13    2 1410]]
Epoch: [52/200], cls_loss: 0.0085, transfer_loss: 0.0001,person_loss: 0.0000, total_Loss: 0.0090
trian begin
trian end
n_person 361
SAMPLE
F1_MI: 0.4719695367040407 F1_MA: 0.44060990302855907 ACC_MI: 0.4719695367040406 F1_MA: 0.42058919765308245
BEST_F1_MI: 0.5555320499259573 BEST_F1_MA: 0.5726970778481821 BEST_ACC_MI: 0.5555320499259573 BEST_F1_MA: 0.5647299174920843
[[ 134  840  557   53]
 [ 124  587   93  101]
 [  67  518  114  109]
 [  16   10    8 1396]]
Epoch: [53/200], cls_loss: 0.0018, transfer_loss: 0.0000,person_loss: 0.0000, total_Loss: 0.0021
trian begin
trian end
n_person 361
SAMPLE
F1_MI: 0.479162259361117 F1_MA: 0.4756322636259005 ACC_MI: 0.479162259361117 F1_MA: 0.48353549408116503
BEST_F1_MI: 0.5555320499259573 BEST_F1_MA: 0.5726970778481821 BEST_ACC_MI: 0.5555320499259573 BEST_F1_MA: 0.5647299174920843
[[ 149 1325   52   58]
 [ 107  654   15  129]
 [  75  552   61  120]
 [   7    3   19 1401]]
Epoch: [54/200], cls_loss: 0.0013, transfer_loss: 0.0000,person_loss: 0.0000, total_Loss: 0.0016
trian begin
trian end
n_person 361
SAMPLE
F1_MI: 0.4766236513645018 F1_MA: 0.44576090296993465 ACC_MI: 0.4766236513645018 F1_MA: 0.43469605171246284
BEST_F1_MI: 0.5555320499259573 BEST_F1_MA: 0.5726970778481821 BEST_ACC_MI: 0.5555320499259573 BEST_F1_MA: 0.5647299174920843
[[ 209  909  409   57]
 [ 138  530  112  125]
 [  74  515   99  120]
 [  10    1    4 1415]]
Epoch: [55/200], cls_loss: 0.0038, transfer_loss: 0.0000,person_loss: 0.0000, total_Loss: 0.0041
trian begin
trian end
n_person 361
SAMPLE
F1_MI: 0.4742965940342712 F1_MA: 0.44168397258448844 ACC_MI: 0.4742965940342712 F1_MA: 0.4296663242381453
BEST_F1_MI: 0.5555320499259573 BEST_F1_MA: 0.5726970778481821 BEST_ACC_MI: 0.5555320499259573 BEST_F1_MA: 0.5647299174920843
[[ 197 1157  169   61]
 [ 156  573   39  137]
 [  88  539   57  124]
 [   9    5    1 1415]]
Epoch: [56/200], cls_loss: 0.0156, transfer_loss: 0.0000,person_loss: 0.0000, total_Loss: 0.0159
trian begin
trian end
n_person 361
SAMPLE
F1_MI: 0.49016289401311613 F1_MA: 0.4806205368571115 ACC_MI: 0.49016289401311613 F1_MA: 0.48604314618378475
BEST_F1_MI: 0.5555320499259573 BEST_F1_MA: 0.5726970778481821 BEST_ACC_MI: 0.5555320499259573 BEST_F1_MA: 0.5647299174920843
[[ 203 1253   68   60]
 [ 121  659   17  108]
 [ 100  538   51  119]
 [   6   20    0 1404]]
Epoch: [57/200], cls_loss: 0.0078, transfer_loss: 0.0000,person_loss: 0.0000, total_Loss: 0.0081
trian begin
trian end
n_person 361
SAMPLE
F1_MI: 0.4797969113602708 F1_MA: 0.4639221663742998 ACC_MI: 0.4797969113602708 F1_MA: 0.46018446989485884
BEST_F1_MI: 0.5555320499259573 BEST_F1_MA: 0.5726970778481821 BEST_ACC_MI: 0.5555320499259573 BEST_F1_MA: 0.5647299174920843
[[ 148 1289   86   61]
 [ 104  662   17  122]
 [  82  553   49  124]
 [   5   15    1 1409]]
Epoch: [58/200], cls_loss: 0.0044, transfer_loss: 0.0000,person_loss: 0.0000, total_Loss: 0.0046
trian begin
trian end
n_person 361
SAMPLE
F1_MI: 0.4730272900359636 F1_MA: 0.4650083656849589 ACC_MI: 0.4730272900359636 F1_MA: 0.4656799374187327
BEST_F1_MI: 0.5555320499259573 BEST_F1_MA: 0.5726970778481821 BEST_ACC_MI: 0.5555320499259573 BEST_F1_MA: 0.5647299174920843
[[ 117 1354   57   56]
 [ 121  668   13  103]
 [ 104  534   57  113]
 [  23   12    1 1394]]
Epoch: [59/200], cls_loss: 0.0142, transfer_loss: 0.0000,person_loss: 0.0000, total_Loss: 0.0145
trian begin
trian end
n_person 361
SAMPLE
F1_MI: 0.4734503913687328 F1_MA: 0.48992068552473533 ACC_MI: 0.4734503913687328 F1_MA: 0.5164009768672926
BEST_F1_MI: 0.5555320499259573 BEST_F1_MA: 0.5726970778481821 BEST_ACC_MI: 0.5555320499259573 BEST_F1_MA: 0.5647299174920843
[[  95 1417   15   57]
 [  87  708    6  104]
 [  65  594   34  115]
 [  14   14    1 1401]]
Epoch: [60/200], cls_loss: 0.0001, transfer_loss: 0.0000,person_loss: 0.0000, total_Loss: 0.0005
trian begin
trian end
n_person 361
SAMPLE
F1_MI: 0.47873915802834777 F1_MA: 0.46472545172198987 ACC_MI: 0.47873915802834777 F1_MA: 0.46020416298414935
BEST_F1_MI: 0.5555320499259573 BEST_F1_MA: 0.5726970778481821 BEST_ACC_MI: 0.5555320499259573 BEST_F1_MA: 0.5647299174920843
[[ 149 1250  131   54]
 [ 132  627   41  105]
 [  68  533   94  113]
 [  11    8   18 1393]]
Epoch: [61/200], cls_loss: 0.0100, transfer_loss: 0.0000,person_loss: 0.0000, total_Loss: 0.0103
[[ 125  803  584   72]
 [  32  650   63  160]
 [  22  210  431  145]
 [   5    4    1 1420]]
[[ 125  803  584   72]
 [  32  650   63  160]
 [  22  210  431  145]
 [   5    4    1 1420]]
ARG: Namespace(backbone='resnet50', batch_size=32, config='DeepCoral/DeepCoral.yaml', data_dir='data', device=device(type='cuda'), early_stop=50, epoch_based_training=False, lr=0.003, lr_decay=0.75, lr_gamma=0.0003, lr_scheduler=True, max_iter=21000, method='False', momentum=0.9, myweight=0.1, n_class=4, n_epoch=200, n_iter_per_epoch=105, num_workers=3, seed=1, src_domain='UCI', tgt_domain='PAMAP2', tname='transfer', transfer_loss='coral', transfer_loss_weight=10.0, use_bottleneck=True, weight_decay=0.0005)
