dwl 2 UCI PAMAP2 DWL/DWL.yaml True
Namespace(backbone='resnet50', batch_size=32, config='DWL/DWL.yaml', data_dir='data', device=device(type='cuda'), early_stop=50, epoch_based_training=False, lr=0.003, lr_decay=0.75, lr_gamma=0.0003, lr_scheduler=True, method='True', momentum=0.9, myweight=0.1, n_epoch=200, n_iter_per_epoch=100, num_workers=3, seed=2, src_domain='UCI', tgt_domain='PAMAP2', tname='transfer', transfer_loss='dwl', transfer_loss_weight=0.5, use_bottleneck=True, weight_decay=0.0005)
JUST DO IT
run my Parkinson code
transfer
TRAIN Length: 3369 615 TEST Length: 4725 360
YYY: 0 3
DATA_PROFILE   train: 3369 train2: 4725 test: 4725
DATASET.SHAPE: <data_loader.GetTrainLoader object at 0x7f031b0adb70> True
DATASET.SHAPE: <data_loader.GetTrainLoader object at 0x7f02e91b8278> True
DATASET.SHAPE: <data_loader.GetTestLoader object at 0x7f02e12e1a90> False
CLASS: 4 360
transfer_world
method True <class 'str'>
1.10.1+cu102
True
LEN: 0 0
LOADER: <data_loader.InfiniteDataLoader object at 0x7f02e1236d68> <data_loader.InfiniteDataLoader object at 0x7f02e12e19b0>
N_batch: 105
trian begin
trian end
ACC: 54.3068783068783
SAMPLE
F1_MI: 0.543068783068783 F1_MA: 0.5516943946175945 ACC_MI: 0.543068783068783 F1_MA: 0.6046493109099543
BEST_F1_MI: 0.543068783068783 BEST_F1_MA: 0.5516943946175945 BEST_ACC_MI: 0.543068783068783 BEST_F1_MA: 0.6046493109099543
[[ 589  918   21   54]
 [ 448  331   19  107]
 [ 101  337  260  110]
 [  16   28    0 1386]]
Epoch: [ 1/200], cls_loss: 0.0000, transfer_loss: 0.0000,person_loss: 0.0000, total_Loss: 0.0000
trian begin
trian end
ACC: 56.35978835978836
SAMPLE
F1_MI: 0.5635978835978837 F1_MA: 0.604005107492579 ACC_MI: 0.5635978835978837 F1_MA: 0.6712477506838852
BEST_F1_MI: 0.5635978835978837 BEST_F1_MA: 0.604005107492579 BEST_ACC_MI: 0.5635978835978837 BEST_F1_MA: 0.6712477506838852
[[ 448 1079    2   53]
 [ 225  552   11  117]
 [  29  396  260  123]
 [   2   25    0 1403]]
Epoch: [ 2/200], cls_loss: 0.0000, transfer_loss: 0.0000,person_loss: 0.0000, total_Loss: 0.0000
trian begin
trian end
ACC: 48.27513227513227
SAMPLE
F1_MI: 0.48275132275132276 F1_MA: 0.41699138973223104 ACC_MI: 0.48275132275132276 F1_MA: 0.4054372887583144
BEST_F1_MI: 0.5635978835978837 BEST_F1_MA: 0.604005107492579 BEST_ACC_MI: 0.5635978835978837 BEST_F1_MA: 0.6712477506838852
[[ 532 1002    0   48]
 [ 423  387    0   95]
 [ 144  559    1  104]
 [  38   23    8 1361]]
Epoch: [ 3/200], cls_loss: 0.0000, transfer_loss: 0.0000,person_loss: 0.0000, total_Loss: 0.0000
trian begin
trian end
ACC: 53.904761904761905
SAMPLE
F1_MI: 0.5386243386243387 F1_MA: 0.5836991335079939 ACC_MI: 0.5386243386243387 F1_MA: 0.6496410284966719
BEST_F1_MI: 0.5635978835978837 BEST_F1_MA: 0.604005107492579 BEST_ACC_MI: 0.5635978835978837 BEST_F1_MA: 0.6712477506838852
[[ 377 1158    2   45]
 [ 233  558   22   92]
 [  36  415  258   99]
 [   5   73    0 1352]]
Epoch: [ 4/200], cls_loss: 0.0000, transfer_loss: 0.0000,person_loss: 0.0000, total_Loss: 0.0000
trian begin
trian end
ACC: 53.439153439153436
SAMPLE
F1_MI: 0.5322751322751322 F1_MA: 0.5352183952857406 ACC_MI: 0.5322751322751322 F1_MA: 0.5664080425655047
BEST_F1_MI: 0.5635978835978837 BEST_F1_MA: 0.604005107492579 BEST_ACC_MI: 0.5635978835978837 BEST_F1_MA: 0.6712477506838852
[[ 498 1008   26   50]
 [ 410  335   59  101]
 [ 139  251  312  106]
 [   6   32   22 1370]]
Epoch: [ 5/200], cls_loss: 0.0000, transfer_loss: 0.0000,person_loss: 0.0000, total_Loss: 0.0000
trian begin
trian end
ACC: 55.08994708994709
SAMPLE
F1_MI: 0.548994708994709 F1_MA: 0.5568009905835608 ACC_MI: 0.548994708994709 F1_MA: 0.5739362161690998
BEST_F1_MI: 0.5635978835978837 BEST_F1_MA: 0.604005107492579 BEST_ACC_MI: 0.5635978835978837 BEST_F1_MA: 0.6712477506838852
[[ 419 1098   11   54]
 [ 323  337  134  111]
 [  67  179  446  116]
 [  26   12    0 1392]]
Epoch: [ 6/200], cls_loss: 0.0000, transfer_loss: 0.0000,person_loss: 0.0000, total_Loss: 0.0000
trian begin
trian end
ACC: 55.06878306878307
SAMPLE
F1_MI: 0.5506878306878307 F1_MA: 0.5823717322081212 ACC_MI: 0.5506878306878307 F1_MA: 0.6217146021981799
BEST_F1_MI: 0.5635978835978837 BEST_F1_MA: 0.604005107492579 BEST_ACC_MI: 0.5635978835978837 BEST_F1_MA: 0.6712477506838852
[[ 353 1156   21   52]
 [ 224  553   27  101]
 [  52  328  317  111]
 [  32    8   11 1379]]
Epoch: [ 7/200], cls_loss: 0.0000, transfer_loss: 0.0000,person_loss: 0.0000, total_Loss: 0.0000
trian begin
trian end
ACC: 55.97883597883598
SAMPLE
F1_MI: 0.5597883597883598 F1_MA: 0.5743835033828784 ACC_MI: 0.5597883597883598 F1_MA: 0.5944862710640197
BEST_F1_MI: 0.5635978835978837 BEST_F1_MA: 0.604005107492579 BEST_ACC_MI: 0.5635978835978837 BEST_F1_MA: 0.6712477506838852
[[ 411 1089   29   53]
 [ 321  403   70  111]
 [  84  161  440  123]
 [  20   19    0 1391]]
Epoch: [ 8/200], cls_loss: 0.0000, transfer_loss: 0.0000,person_loss: 0.0000, total_Loss: 0.0000
trian begin
trian end
ACC: 53.5026455026455
SAMPLE
F1_MI: 0.5343915343915344 F1_MA: 0.5274750717085965 ACC_MI: 0.5343915343915344 F1_MA: 0.5379090892574014
BEST_F1_MI: 0.5635978835978837 BEST_F1_MA: 0.604005107492579 BEST_ACC_MI: 0.5635978835978837 BEST_F1_MA: 0.6712477506838852
[[ 417 1003  105   57]
 [ 334  362   97  112]
 [ 117  224  344  123]
 [  26    2    0 1402]]
Epoch: [ 9/200], cls_loss: 0.0000, transfer_loss: 0.0000,person_loss: 0.0000, total_Loss: 0.0000
trian begin
trian end
ACC: 51.7037037037037
SAMPLE
F1_MI: 0.5170370370370371 F1_MA: 0.5114363455887629 ACC_MI: 0.5170370370370371 F1_MA: 0.5242681203079815
BEST_F1_MI: 0.5635978835978837 BEST_F1_MA: 0.604005107492579 BEST_ACC_MI: 0.5635978835978837 BEST_F1_MA: 0.6712477506838852
[[ 428 1001  110   43]
 [ 377  364   78   86]
 [ 269  132  315   92]
 [  74   20    0 1336]]
Epoch: [10/200], cls_loss: 0.0000, transfer_loss: 0.0000,person_loss: 0.0000, total_Loss: 0.0000
trian begin
trian end
ACC: 46.857142857142854
SAMPLE
F1_MI: 0.4685714285714286 F1_MA: 0.43517164248579 ACC_MI: 0.4685714285714286 F1_MA: 0.4314965385196403
BEST_F1_MI: 0.5635978835978837 BEST_F1_MA: 0.604005107492579 BEST_ACC_MI: 0.5635978835978837 BEST_F1_MA: 0.6712477506838852
[[ 414  263  859   46]
 [ 340  187  290   88]
 [ 142  279  296   91]
 [ 109    4    0 1317]]
Epoch: [11/200], cls_loss: 0.0000, transfer_loss: 0.0000,person_loss: 0.0000, total_Loss: 0.0000
trian begin
trian end
ACC: 50.074074074074076
SAMPLE
F1_MI: 0.49947089947089945 F1_MA: 0.4818748216907061 ACC_MI: 0.49947089947089945 F1_MA: 0.4836628699446979
BEST_F1_MI: 0.5635978835978837 BEST_F1_MA: 0.604005107492579 BEST_ACC_MI: 0.5635978835978837 BEST_F1_MA: 0.6712477506838852
[[ 381  911  241   49]
 [ 254  336  221   94]
 [  85  326  296  101]
 [  63   20    0 1347]]
Epoch: [12/200], cls_loss: 0.0000, transfer_loss: 0.0000,person_loss: 0.0000, total_Loss: 0.0000
trian begin
trian end
ACC: 59.72486772486773
SAMPLE
F1_MI: 0.5972486772486773 F1_MA: 0.5747865970526401 ACC_MI: 0.5972486772486773 F1_MA: 0.5639472547520885
BEST_F1_MI: 0.5972486772486773 BEST_F1_MA: 0.604005107492579 BEST_ACC_MI: 0.5972486772486773 BEST_F1_MA: 0.6712477506838852
[[ 617  686  230   49]
 [ 314  285  206  100]
 [ 105   46  551  106]
 [  16   44    1 1369]]
Epoch: [13/200], cls_loss: 0.0000, transfer_loss: 0.0000,person_loss: 0.0000, total_Loss: 0.0000
trian begin
trian end
ACC: 47.04761904761905
SAMPLE
F1_MI: 0.4702645502645503 F1_MA: 0.45279562353386993 ACC_MI: 0.4702645502645503 F1_MA: 0.4743911770328477
BEST_F1_MI: 0.5972486772486773 BEST_F1_MA: 0.604005107492579 BEST_ACC_MI: 0.5972486772486773 BEST_F1_MA: 0.6712477506838852
[[ 367 1150   18   47]
 [ 359  376   68  102]
 [ 429  176   94  109]
 [   4   41    0 1385]]
Epoch: [14/200], cls_loss: 0.0000, transfer_loss: 0.0000,person_loss: 0.0000, total_Loss: 0.0000
trian begin
trian end
ACC: 47.74603174603175
SAMPLE
F1_MI: 0.4766137566137566 F1_MA: 0.4173667855819236 ACC_MI: 0.4766137566137566 F1_MA: 0.4012695223564963
BEST_F1_MI: 0.5972486772486773 BEST_F1_MA: 0.604005107492579 BEST_ACC_MI: 0.5972486772486773 BEST_F1_MA: 0.6712477506838852
[[ 384  916  225   57]
 [ 297  445   48  115]
 [  90  564   18  136]
 [   6   18    1 1405]]
Epoch: [15/200], cls_loss: 0.0000, transfer_loss: 0.0000,person_loss: 0.0000, total_Loss: 0.0000
trian begin
trian end
ACC: 54.095238095238095
SAMPLE
F1_MI: 0.540952380952381 F1_MA: 0.5354882622924734 ACC_MI: 0.540952380952381 F1_MA: 0.5363826288390503
BEST_F1_MI: 0.5972486772486773 BEST_F1_MA: 0.604005107492579 BEST_ACC_MI: 0.5972486772486773 BEST_F1_MA: 0.6712477506838852
[[ 386  926  220   50]
 [ 262  462   88   93]
 [  97  258  352  101]
 [  43   30    1 1356]]
Epoch: [16/200], cls_loss: 0.0000, transfer_loss: 0.0000,person_loss: 0.0000, total_Loss: 0.0000
trian begin
trian end
ACC: 43.66137566137566
SAMPLE
F1_MI: 0.4353439153439153 F1_MA: 0.3832629690998543 ACC_MI: 0.43534391534391537 F1_MA: 0.38186585451990357
BEST_F1_MI: 0.5972486772486773 BEST_F1_MA: 0.604005107492579 BEST_ACC_MI: 0.5972486772486773 BEST_F1_MA: 0.6712477506838852
[[ 412   64 1052   54]
 [ 300   26  469  110]
 [  62  407  218  121]
 [  19    0   10 1401]]
Epoch: [17/200], cls_loss: 0.0000, transfer_loss: 0.0000,person_loss: 0.0000, total_Loss: 0.0000
trian begin
trian end
ACC: 53.12169312169312
SAMPLE
F1_MI: 0.5274074074074074 F1_MA: 0.4237569233210809 ACC_MI: 0.5274074074074074 F1_MA: 0.40992850845878787
BEST_F1_MI: 0.5972486772486773 BEST_F1_MA: 0.604005107492579 BEST_ACC_MI: 0.5972486772486773 BEST_F1_MA: 0.6712477506838852
[[ 934  230  354   64]
 [ 506  146  135  118]
 [  54  593   28  133]
 [   0    7   39 1384]]
Epoch: [18/200], cls_loss: 0.0000, transfer_loss: 0.0000,person_loss: 0.0000, total_Loss: 0.0000
trian begin
trian end
ACC: 50.3068783068783
SAMPLE
F1_MI: 0.5013756613756614 F1_MA: 0.4569637917201691 ACC_MI: 0.5013756613756614 F1_MA: 0.4594305734862724
BEST_F1_MI: 0.5972486772486773 BEST_F1_MA: 0.604005107492579 BEST_ACC_MI: 0.5972486772486773 BEST_F1_MA: 0.6712477506838852
[[ 516  958   52   56]
 [ 276  437   84  108]
 [  31  626   35  116]
 [   6    6   37 1381]]
Epoch: [19/200], cls_loss: 0.0000, transfer_loss: 0.0000,person_loss: 0.0000, total_Loss: 0.0000
trian begin
trian end
ACC: 49.714285714285715
SAMPLE
F1_MI: 0.49714285714285716 F1_MA: 0.4693691972851161 ACC_MI: 0.49714285714285716 F1_MA: 0.484723734834793
BEST_F1_MI: 0.5972486772486773 BEST_F1_MA: 0.604005107492579 BEST_ACC_MI: 0.5972486772486773 BEST_F1_MA: 0.6712477506838852
[[ 478 1012   37   55]
 [ 312  427   59  107]
 [  44  579   67  118]
 [   7    5   41 1377]]
Epoch: [20/200], cls_loss: 0.0000, transfer_loss: 0.0000,person_loss: 0.0000, total_Loss: 0.0000
trian begin
trian end
ACC: 48.973544973544975
SAMPLE
F1_MI: 0.48783068783068784 F1_MA: 0.4317857179744599 ACC_MI: 0.48783068783068784 F1_MA: 0.4254575904039102
BEST_F1_MI: 0.5972486772486773 BEST_F1_MA: 0.604005107492579 BEST_ACC_MI: 0.5972486772486773 BEST_F1_MA: 0.6712477506838852
[[ 539  490  505   48]
 [ 439  297   73   96]
 [ 148  451  106  103]
 [  20    1   46 1363]]
Epoch: [21/200], cls_loss: 0.0000, transfer_loss: 0.0000,person_loss: 0.0000, total_Loss: 0.0000
trian begin
trian end
ACC: 46.666666666666664
SAMPLE
F1_MI: 0.464973544973545 F1_MA: 0.4269251031261079 ACC_MI: 0.464973544973545 F1_MA: 0.42051642149087953
BEST_F1_MI: 0.5972486772486773 BEST_F1_MA: 0.604005107492579 BEST_ACC_MI: 0.5972486772486773 BEST_F1_MA: 0.6712477506838852
[[ 301  698  531   52]
 [ 273  402  124  106]
 [  60  534  102  112]
 [   8    3   27 1392]]
Epoch: [22/200], cls_loss: 0.0000, transfer_loss: 0.0000,person_loss: 0.0000, total_Loss: 0.0000
trian begin
trian end
ACC: 52.63492063492063
SAMPLE
F1_MI: 0.5263492063492063 F1_MA: 0.5170271180629897 ACC_MI: 0.5263492063492063 F1_MA: 0.5097838291255292
BEST_F1_MI: 0.5972486772486773 BEST_F1_MA: 0.604005107492579 BEST_ACC_MI: 0.5972486772486773 BEST_F1_MA: 0.6712477506838852
[[ 269  869  394   50]
 [ 204  560   44   97]
 [  49  376  278  105]
 [  15   35    0 1380]]
Epoch: [23/200], cls_loss: 0.0000, transfer_loss: 0.0000,person_loss: 0.0000, total_Loss: 0.0000
trian begin
trian end
ACC: 61.98941798941799
SAMPLE
F1_MI: 0.6196825396825397 F1_MA: 0.5361131919230503 ACC_MI: 0.6196825396825397 F1_MA: 0.5321151229627905
BEST_F1_MI: 0.6196825396825397 BEST_F1_MA: 0.604005107492579 BEST_ACC_MI: 0.6196825396825397 BEST_F1_MA: 0.6712477506838852
[[1124  225  183   50]
 [ 435  335   33  102]
 [  97  506   98  107]
 [   9   50    0 1371]]
Epoch: [24/200], cls_loss: 0.0000, transfer_loss: 0.0000,person_loss: 0.0000, total_Loss: 0.0000
trian begin
trian end
ACC: 48.48677248677249
SAMPLE
F1_MI: 0.4848677248677249 F1_MA: 0.44864861501396763 ACC_MI: 0.4848677248677249 F1_MA: 0.461292811754308
BEST_F1_MI: 0.6196825396825397 BEST_F1_MA: 0.604005107492579 BEST_ACC_MI: 0.6196825396825397 BEST_F1_MA: 0.6712477506838852
[[ 491  304  734   53]
 [ 187  329  281  108]
 [  49  564   82  113]
 [  14    3   24 1389]]
Epoch: [25/200], cls_loss: 0.0000, transfer_loss: 0.0000,person_loss: 0.0000, total_Loss: 0.0000
trian begin
trian end
ACC: 52.48677248677249
SAMPLE
F1_MI: 0.5244444444444445 F1_MA: 0.4888755891155831 ACC_MI: 0.5244444444444445 F1_MA: 0.48925065856752914
BEST_F1_MI: 0.6196825396825397 BEST_F1_MA: 0.604005107492579 BEST_ACC_MI: 0.6196825396825397 BEST_F1_MA: 0.6712477506838852
[[ 479  449  599   55]
 [ 168  509  114  114]
 [  44  554   87  123]
 [   5   16    6 1403]]
Epoch: [26/200], cls_loss: 0.0000, transfer_loss: 0.0000,person_loss: 0.0000, total_Loss: 0.0000
trian begin
trian end
ACC: 53.18518518518518
SAMPLE
F1_MI: 0.5314285714285715 F1_MA: 0.5457752897830875 ACC_MI: 0.5314285714285715 F1_MA: 0.5537173917425269
BEST_F1_MI: 0.6196825396825397 BEST_F1_MA: 0.604005107492579 BEST_ACC_MI: 0.6196825396825397 BEST_F1_MA: 0.6712477506838852
[[ 214 1192  126   50]
 [ 155  589   64   97]
 [  61  322  319  106]
 [  21   11    9 1389]]
Epoch: [27/200], cls_loss: 0.0000, transfer_loss: 0.0000,person_loss: 0.0000, total_Loss: 0.0000
trian begin
trian end
ACC: 58.41269841269841
SAMPLE
F1_MI: 0.5807407407407408 F1_MA: 0.5555324861436325 ACC_MI: 0.5807407407407408 F1_MA: 0.5710314101928464
BEST_F1_MI: 0.6196825396825397 BEST_F1_MA: 0.604005107492579 BEST_ACC_MI: 0.6196825396825397 BEST_F1_MA: 0.6712477506838852
[[ 769  719   45   49]
 [ 508  202   98   97]
 [ 144  163  398  103]
 [  47    2    6 1375]]
Epoch: [28/200], cls_loss: 0.0000, transfer_loss: 0.0000,person_loss: 0.0000, total_Loss: 0.0000
trian begin
trian end
ACC: 54.68783068783069
SAMPLE
F1_MI: 0.5462433862433862 F1_MA: 0.5658657229630545 ACC_MI: 0.5462433862433862 F1_MA: 0.5924108498909084
BEST_F1_MI: 0.6196825396825397 BEST_F1_MA: 0.604005107492579 BEST_ACC_MI: 0.6196825396825397 BEST_F1_MA: 0.6712477506838852
[[ 366 1154    3   59]
 [ 315  405   72  113]
 [  77  199  412  120]
 [  26    6    0 1398]]
Epoch: [29/200], cls_loss: 0.0000, transfer_loss: 0.0000,person_loss: 0.0000, total_Loss: 0.0000
trian begin
trian end
ACC: 48.63492063492063
SAMPLE
F1_MI: 0.48634920634920636 F1_MA: 0.4649241989806322 ACC_MI: 0.48634920634920636 F1_MA: 0.448379099886135
BEST_F1_MI: 0.6196825396825397 BEST_F1_MA: 0.604005107492579 BEST_ACC_MI: 0.6196825396825397 BEST_F1_MA: 0.6712477506838852
[[ 339  250  949   44]
 [ 286   97  445   77]
 [ 129   27  571   81]
 [ 118   13    8 1291]]
Epoch: [30/200], cls_loss: 0.0000, transfer_loss: 0.0000,person_loss: 0.0000, total_Loss: 0.0000
trian begin
trian end
ACC: 55.89417989417989
SAMPLE
F1_MI: 0.558941798941799 F1_MA: 0.5735170938859109 ACC_MI: 0.558941798941799 F1_MA: 0.5900192135251016
BEST_F1_MI: 0.6196825396825397 BEST_F1_MA: 0.604005107492579 BEST_ACC_MI: 0.6196825396825397 BEST_F1_MA: 0.6712477506838852
[[ 389 1129   10   54]
 [ 239  380  175  111]
 [  31  180  477  120]
 [   2   33    0 1395]]
Epoch: [31/200], cls_loss: 0.0000, transfer_loss: 0.0000,person_loss: 0.0000, total_Loss: 0.0000
trian begin
trian end
ACC: 63.00529100529101
SAMPLE
F1_MI: 0.6296296296296297 F1_MA: 0.615728742984748 ACC_MI: 0.6296296296296297 F1_MA: 0.6086638583313975
BEST_F1_MI: 0.6296296296296297 BEST_F1_MA: 0.615728742984748 BEST_ACC_MI: 0.6296296296296297 BEST_F1_MA: 0.6712477506838852
[[ 657  446  429   50]
 [ 124  352  327  102]
 [  85   33  581  109]
 [   7   31    7 1385]]
Epoch: [32/200], cls_loss: 0.0000, transfer_loss: 0.0000,person_loss: 0.0000, total_Loss: 0.0000
trian begin
trian end
ACC: 56.71957671957672
SAMPLE
F1_MI: 0.5671957671957671 F1_MA: 0.5692476424082716 ACC_MI: 0.5671957671957671 F1_MA: 0.5884385705168346
BEST_F1_MI: 0.6296296296296297 BEST_F1_MA: 0.615728742984748 BEST_ACC_MI: 0.6296296296296297 BEST_F1_MA: 0.6712477506838852
[[ 558  972    3   49]
 [ 469  258   82   96]
 [ 148   66  490  104]
 [  44   12    0 1374]]
Epoch: [33/200], cls_loss: 0.0000, transfer_loss: 0.0000,person_loss: 0.0000, total_Loss: 0.0000
trian begin
trian end
ACC: 55.682539682539684
SAMPLE
F1_MI: 0.5568253968253968 F1_MA: 0.573201954892911 ACC_MI: 0.5568253968253968 F1_MA: 0.5944367657225835
BEST_F1_MI: 0.6296296296296297 BEST_F1_MA: 0.615728742984748 BEST_ACC_MI: 0.6296296296296297 BEST_F1_MA: 0.6712477506838852
[[ 417 1113    3   49]
 [ 373  363   73   96]
 [ 110  121  473  104]
 [  40   12    0 1378]]
Epoch: [34/200], cls_loss: 0.0000, transfer_loss: 0.0000,person_loss: 0.0000, total_Loss: 0.0000
trian begin
trian end
ACC: 51.51322751322751
SAMPLE
F1_MI: 0.5151322751322751 F1_MA: 0.4992841900896014 ACC_MI: 0.5151322751322751 F1_MA: 0.45974683861865273
BEST_F1_MI: 0.6296296296296297 BEST_F1_MA: 0.615728742984748 BEST_ACC_MI: 0.6296296296296297 BEST_F1_MA: 0.6712477506838852
[[  68  861  607   46]
 [  75  383  354   93]
 [  50   36  617  105]
 [  27   20   17 1366]]
Epoch: [35/200], cls_loss: 0.0000, transfer_loss: 0.0000,person_loss: 0.0000, total_Loss: 0.0000
trian begin
trian end
ACC: 51.64021164021164
SAMPLE
F1_MI: 0.5161904761904762 F1_MA: 0.5651460492984709 ACC_MI: 0.5161904761904762 F1_MA: 0.6250724010404283
BEST_F1_MI: 0.6296296296296297 BEST_F1_MA: 0.615728742984748 BEST_ACC_MI: 0.6296296296296297 BEST_F1_MA: 0.6712477506838852
[[ 261 1278    1   42]
 [ 214  604    4   83]
 [ 124  353  241   90]
 [  65   32    0 1333]]
Epoch: [36/200], cls_loss: 0.0000, transfer_loss: 0.0000,person_loss: 0.0000, total_Loss: 0.0000
trian begin
trian end
ACC: 63.93650793650794
SAMPLE
F1_MI: 0.6389417989417989 F1_MA: 0.6043015182606701 ACC_MI: 0.6389417989417989 F1_MA: 0.6060243235570177
BEST_F1_MI: 0.6389417989417989 BEST_F1_MA: 0.615728742984748 BEST_ACC_MI: 0.6389417989417989 BEST_F1_MA: 0.6712477506838852
[[ 868  469  193   52]
 [ 286  369  140  110]
 [  33  272  386  117]
 [   0   34    0 1396]]
Epoch: [37/200], cls_loss: 0.0000, transfer_loss: 0.0000,person_loss: 0.0000, total_Loss: 0.0000
trian begin
trian end
ACC: 59.91534391534392
SAMPLE
F1_MI: 0.5991534391534391 F1_MA: 0.6150173728651863 ACC_MI: 0.5991534391534391 F1_MA: 0.6345211083825557
BEST_F1_MI: 0.6389417989417989 BEST_F1_MA: 0.615728742984748 BEST_ACC_MI: 0.6389417989417989 BEST_F1_MA: 0.6712477506838852
[[ 491 1035    5   51]
 [ 144  575   87   99]
 [ 230   86  384  108]
 [   2   42    5 1381]]
Epoch: [38/200], cls_loss: 0.0000, transfer_loss: 0.0000,person_loss: 0.0000, total_Loss: 0.0000
trian begin
trian end
ACC: 57.354497354497354
SAMPLE
F1_MI: 0.571005291005291 F1_MA: 0.5893640693545982 ACC_MI: 0.571005291005291 F1_MA: 0.5903359628767345
BEST_F1_MI: 0.6389417989417989 BEST_F1_MA: 0.615728742984748 BEST_ACC_MI: 0.6389417989417989 BEST_F1_MA: 0.6712477506838852
[[ 290 1137   99   56]
 [  59  477  257  112]
 [  96   44  544  124]
 [   1   42    0 1387]]
Epoch: [39/200], cls_loss: 0.0000, transfer_loss: 0.0000,person_loss: 0.0000, total_Loss: 0.0000
trian begin
trian end
ACC: 63.407407407407405
SAMPLE
F1_MI: 0.6336507936507937 F1_MA: 0.6433094600623668 ACC_MI: 0.6336507936507937 F1_MA: 0.6719501337430454
BEST_F1_MI: 0.6389417989417989 BEST_F1_MA: 0.6433094600623668 BEST_ACC_MI: 0.6389417989417989 BEST_F1_MA: 0.6719501337430454
[[ 722  813    1   46]
 [ 277  485   47   96]
 [ 155  131  420  102]
 [  29   34    0 1367]]
Epoch: [40/200], cls_loss: 0.0000, transfer_loss: 0.0000,person_loss: 0.0000, total_Loss: 0.0000
trian begin
trian end
ACC: 58.285714285714285
SAMPLE
F1_MI: 0.5826455026455026 F1_MA: 0.5522741255833339 ACC_MI: 0.5826455026455026 F1_MA: 0.5435523660306116
BEST_F1_MI: 0.6389417989417989 BEST_F1_MA: 0.6433094600623668 BEST_ACC_MI: 0.6389417989417989 BEST_F1_MA: 0.6719501337430454
[[ 613  622  303   44]
 [ 169  516  132   88]
 [ 338   90  282   98]
 [  11   25   52 1342]]
Epoch: [41/200], cls_loss: 0.0000, transfer_loss: 0.0000,person_loss: 0.0000, total_Loss: 0.0000
trian begin
trian end
ACC: 57.925925925925924
SAMPLE
F1_MI: 0.5788359788359788 F1_MA: 0.5729360185663215 ACC_MI: 0.5788359788359788 F1_MA: 0.5745951070479325
BEST_F1_MI: 0.6389417989417989 BEST_F1_MA: 0.6433094600623668 BEST_ACC_MI: 0.6389417989417989 BEST_F1_MA: 0.6719501337430454
[[ 513  932   89   48]
 [ 274  377  152  102]
 [ 171   60  472  105]
 [  19   38    0 1373]]
Epoch: [42/200], cls_loss: 0.0000, transfer_loss: 0.0000,person_loss: 0.0000, total_Loss: 0.0000
trian begin
trian end
ACC: 57.77777777777778
SAMPLE
F1_MI: 0.5777777777777777 F1_MA: 0.5616214208578731 ACC_MI: 0.5777777777777777 F1_MA: 0.5481723762333905
BEST_F1_MI: 0.6389417989417989 BEST_F1_MA: 0.6433094600623668 BEST_ACC_MI: 0.6389417989417989 BEST_F1_MA: 0.6719501337430454
[[ 513  730  294   45]
 [ 266  346  206   87]
 [ 147   32  535   94]
 [  71   23    0 1336]]
Epoch: [43/200], cls_loss: 0.0000, transfer_loss: 0.0000,person_loss: 0.0000, total_Loss: 0.0000
trian begin
trian end
ACC: 59.06878306878307
SAMPLE
F1_MI: 0.59005291005291 F1_MA: 0.592974743732418 ACC_MI: 0.59005291005291 F1_MA: 0.5854185753556401
BEST_F1_MI: 0.6389417989417989 BEST_F1_MA: 0.6433094600623668 BEST_ACC_MI: 0.6389417989417989 BEST_F1_MA: 0.6719501337430454
[[ 381  936  210   55]
 [ 234  501   61  109]
 [  85   93  512  118]
 [   9   22    5 1394]]
Epoch: [44/200], cls_loss: 0.0000, transfer_loss: 0.0000,person_loss: 0.0000, total_Loss: 0.0000
trian begin
trian end
ACC: 46.34920634920635
SAMPLE
F1_MI: 0.4634920634920635 F1_MA: 0.44377473188940236 ACC_MI: 0.4634920634920635 F1_MA: 0.4054351265512681
BEST_F1_MI: 0.6389417989417989 BEST_F1_MA: 0.6433094600623668 BEST_ACC_MI: 0.6389417989417989 BEST_F1_MA: 0.6719501337430454
[[  43  664  838   37]
 [  85  510  248   62]
 [ 114  212  418   64]
 [ 171   40    0 1219]]
Epoch: [45/200], cls_loss: 0.0000, transfer_loss: 0.0000,person_loss: 0.0000, total_Loss: 0.0000
trian begin
trian end
ACC: 53.22751322751323
SAMPLE
F1_MI: 0.5314285714285715 F1_MA: 0.5244189419473031 ACC_MI: 0.5314285714285715 F1_MA: 0.5126587164090358
BEST_F1_MI: 0.6389417989417989 BEST_F1_MA: 0.6433094600623668 BEST_ACC_MI: 0.6389417989417989 BEST_F1_MA: 0.6719501337430454
[[ 249 1021  262   50]
 [ 194  453  159   99]
 [ 100  185  416  107]
 [  26   11    0 1393]]
Epoch: [46/200], cls_loss: 0.0000, transfer_loss: 0.0000,person_loss: 0.0000, total_Loss: 0.0000
trian begin
trian end
ACC: 55.93650793650794
SAMPLE
F1_MI: 0.5593650793650794 F1_MA: 0.5838116210099692 ACC_MI: 0.5593650793650794 F1_MA: 0.6244870150464406
BEST_F1_MI: 0.6389417989417989 BEST_F1_MA: 0.6433094600623668 BEST_ACC_MI: 0.6389417989417989 BEST_F1_MA: 0.6719501337430454
[[ 444 1077    9   52]
 [ 362  431   10  102]
 [ 151  177  370  110]
 [  29    3    0 1398]]
Epoch: [47/200], cls_loss: 0.0000, transfer_loss: 0.0000,person_loss: 0.0000, total_Loss: 0.0000
trian begin
trian end
ACC: 54.116402116402114
SAMPLE
F1_MI: 0.5403174603174603 F1_MA: 0.5399640101229166 ACC_MI: 0.5403174603174603 F1_MA: 0.5218505027888438
BEST_F1_MI: 0.6389417989417989 BEST_F1_MA: 0.6433094600623668 BEST_ACC_MI: 0.6389417989417989 BEST_F1_MA: 0.6719501337430454
[[ 191 1160  182   49]
 [ 156  451  198  100]
 [  95   84  524  105]
 [  39    4    0 1387]]
Epoch: [48/200], cls_loss: 0.0000, transfer_loss: 0.0000,person_loss: 0.0000, total_Loss: 0.0000
trian begin
trian end
ACC: 51.7037037037037
SAMPLE
F1_MI: 0.5168253968253969 F1_MA: 0.5025720569569369 ACC_MI: 0.5168253968253969 F1_MA: 0.4666914999208369
BEST_F1_MI: 0.6389417989417989 BEST_F1_MA: 0.6433094600623668 BEST_ACC_MI: 0.6389417989417989 BEST_F1_MA: 0.6719501337430454
[[  62  677  794   49]
 [  50  451  301  103]
 [  42  115  541  110]
 [  31   10    1 1388]]
Epoch: [49/200], cls_loss: 0.0000, transfer_loss: 0.0000,person_loss: 0.0000, total_Loss: 0.0000
trian begin
trian end
ACC: 48.804232804232804
SAMPLE
F1_MI: 0.48783068783068784 F1_MA: 0.44177763296970596 ACC_MI: 0.48783068783068784 F1_MA: 0.43448053009951315
BEST_F1_MI: 0.6389417989417989 BEST_F1_MA: 0.6433094600623668 BEST_ACC_MI: 0.6389417989417989 BEST_F1_MA: 0.6719501337430454
[[ 460  605  468   49]
 [ 428  232  147   98]
 [ 181  296  227  104]
 [  26   18    0 1386]]
Epoch: [50/200], cls_loss: 0.0000, transfer_loss: 0.0000,person_loss: 0.0000, total_Loss: 0.0000
trian begin
trian end
ACC: 46.13756613756614
SAMPLE
F1_MI: 0.4605291005291005 F1_MA: 0.41912054329901766 ACC_MI: 0.4605291005291005 F1_MA: 0.40461427833789626
BEST_F1_MI: 0.6389417989417989 BEST_F1_MA: 0.6433094600623668 BEST_ACC_MI: 0.6389417989417989 BEST_F1_MA: 0.6719501337430454
[[ 255  948  330   49]
 [ 284  474   48   99]
 [ 123  503   78  104]
 [  49   10    2 1369]]
Epoch: [51/200], cls_loss: 0.0000, transfer_loss: 0.0000,person_loss: 0.0000, total_Loss: 0.0000
trian begin
trian end
ACC: 54.03174603174603
SAMPLE
F1_MI: 0.5369312169312169 F1_MA: 0.4426359433767153 ACC_MI: 0.5369312169312169 F1_MA: 0.43411223732499526
BEST_F1_MI: 0.6389417989417989 BEST_F1_MA: 0.6433094600623668 BEST_ACC_MI: 0.6389417989417989 BEST_F1_MA: 0.6719501337430454
[[ 924  522   76   60]
 [ 498  152  141  114]
 [ 210  416   60  122]
 [   1   16   12 1401]]
Epoch: [52/200], cls_loss: 0.0000, transfer_loss: 0.0000,person_loss: 0.0000, total_Loss: 0.0000
trian begin
trian end
ACC: 47.957671957671955
SAMPLE
F1_MI: 0.47894179894179895 F1_MA: 0.4569712386288704 ACC_MI: 0.47894179894179895 F1_MA: 0.4290446569015016
BEST_F1_MI: 0.6389417989417989 BEST_F1_MA: 0.6433094600623668 BEST_ACC_MI: 0.6389417989417989 BEST_F1_MA: 0.6719501337430454
[[ 102  965  474   41]
 [ 130  609   93   73]
 [  97  390  246   75]
 [ 110   13    1 1306]]
Epoch: [53/200], cls_loss: 0.0000, transfer_loss: 0.0000,person_loss: 0.0000, total_Loss: 0.0000
trian begin
trian end
ACC: 44.76190476190476
SAMPLE
F1_MI: 0.44761904761904764 F1_MA: 0.45476614233537943 ACC_MI: 0.44761904761904764 F1_MA: 0.44816195397329084
BEST_F1_MI: 0.6389417989417989 BEST_F1_MA: 0.6433094600623668 BEST_ACC_MI: 0.6389417989417989 BEST_F1_MA: 0.6719501337430454
[[ 217  802  541   22]
 [ 233  571   69   32]
 [ 207  294  279   28]
 [ 370   12    0 1048]]
Epoch: [54/200], cls_loss: 0.0000, transfer_loss: 0.0000,person_loss: 0.0000, total_Loss: 0.0000
trian begin
trian end
ACC: 48.95238095238095
SAMPLE
F1_MI: 0.4891005291005291 F1_MA: 0.45627782744015366 ACC_MI: 0.4891005291005291 F1_MA: 0.406257467041952
BEST_F1_MI: 0.6389417989417989 BEST_F1_MA: 0.6433094600623668 BEST_ACC_MI: 0.6389417989417989 BEST_F1_MA: 0.6719501337430454
[[  23  587  928   44]
 [  67  409  343   86]
 [  56  102  559   91]
 [  94   16    0 1320]]
Epoch: [55/200], cls_loss: 0.0000, transfer_loss: 0.0000,person_loss: 0.0000, total_Loss: 0.0000
trian begin
trian end
ACC: 48.0
SAMPLE
F1_MI: 0.48 F1_MA: 0.4813330733035084 ACC_MI: 0.48 F1_MA: 0.46575770913861014
BEST_F1_MI: 0.6389417989417989 BEST_F1_MA: 0.6433094600623668 BEST_ACC_MI: 0.6389417989417989 BEST_F1_MA: 0.6719501337430454
[[ 117  293 1130   42]
 [  75  326  438   66]
 [  79  136  523   70]
 [  98   28    2 1302]]
Epoch: [56/200], cls_loss: 0.0000, transfer_loss: 0.0000,person_loss: 0.0000, total_Loss: 0.0000
trian begin
trian end
ACC: 49.94708994708995
SAMPLE
F1_MI: 0.49862433862433864 F1_MA: 0.4725344366380954 ACC_MI: 0.49862433862433864 F1_MA: 0.45480141773731725
BEST_F1_MI: 0.6389417989417989 BEST_F1_MA: 0.6433094600623668 BEST_ACC_MI: 0.6389417989417989 BEST_F1_MA: 0.6719501337430454
[[ 276  688  570   48]
 [ 234  359  215   97]
 [ 225  121  357  105]
 [  19   46    1 1364]]
Epoch: [57/200], cls_loss: 0.0000, transfer_loss: 0.0000,person_loss: 0.0000, total_Loss: 0.0000
trian begin
trian end
ACC: 54.095238095238095
SAMPLE
F1_MI: 0.5394708994708994 F1_MA: 0.5034234708954934 ACC_MI: 0.5394708994708994 F1_MA: 0.49228526962798125
BEST_F1_MI: 0.6389417989417989 BEST_F1_MA: 0.6433094600623668 BEST_ACC_MI: 0.6389417989417989 BEST_F1_MA: 0.6719501337430454
[[ 458  691  384   49]
 [ 159  543  102  101]
 [ 250  289  164  105]
 [   5   41    0 1384]]
Epoch: [58/200], cls_loss: 0.0000, transfer_loss: 0.0000,person_loss: 0.0000, total_Loss: 0.0000
trian begin
trian end
ACC: 38.92063492063492
SAMPLE
F1_MI: 0.3883597883597884 F1_MA: 0.3529329209090114 ACC_MI: 0.38835978835978835 F1_MA: 0.3734661872402307
BEST_F1_MI: 0.6389417989417989 BEST_F1_MA: 0.6433094600623668 BEST_ACC_MI: 0.6389417989417989 BEST_F1_MA: 0.6719501337430454
[[ 290   49 1189   54]
 [ 192   72  538  103]
 [  71  540   84  113]
 [  22   19    0 1389]]
Epoch: [59/200], cls_loss: 0.0000, transfer_loss: 0.0000,person_loss: 0.0000, total_Loss: 0.0000
trian begin
trian end
ACC: 42.41269841269841
SAMPLE
F1_MI: 0.42264550264550266 F1_MA: 0.3591737102040665 ACC_MI: 0.42264550264550266 F1_MA: 0.3552615117542131
BEST_F1_MI: 0.6389417989417989 BEST_F1_MA: 0.6433094600623668 BEST_ACC_MI: 0.6389417989417989 BEST_F1_MA: 0.6719501337430454
[[ 437  282  817   46]
 [ 512  187  116   90]
 [ 389  300   18  101]
 [  43   28    4 1355]]
Epoch: [60/200], cls_loss: 0.0000, transfer_loss: 0.0000,person_loss: 0.0000, total_Loss: 0.0000
trian begin
trian end
ACC: 47.80952380952381
SAMPLE
F1_MI: 0.4780952380952381 F1_MA: 0.4350789077581711 ACC_MI: 0.4780952380952381 F1_MA: 0.42750881004943236
BEST_F1_MI: 0.6389417989417989 BEST_F1_MA: 0.6433094600623668 BEST_ACC_MI: 0.6389417989417989 BEST_F1_MA: 0.6719501337430454
[[ 345 1149   36   52]
 [ 188  464  146  107]
 [ 229  416   50  113]
 [   3    0   27 1400]]
Epoch: [61/200], cls_loss: 0.0000, transfer_loss: 0.0000,person_loss: 0.0000, total_Loss: 0.0000
trian begin
trian end
ACC: 44.973544973544975
SAMPLE
F1_MI: 0.4497354497354497 F1_MA: 0.3876192162665362 ACC_MI: 0.4497354497354497 F1_MA: 0.37869194419950036
BEST_F1_MI: 0.6389417989417989 BEST_F1_MA: 0.6433094600623668 BEST_ACC_MI: 0.6389417989417989 BEST_F1_MA: 0.6719501337430454
[[ 452  728  356   46]
 [ 338  265  206   96]
 [ 343  318   46  101]
 [  11    5   52 1362]]
Epoch: [62/200], cls_loss: 0.0000, transfer_loss: 0.0000,person_loss: 0.0000, total_Loss: 0.0000
trian begin
trian end
ACC: 44.804232804232804
SAMPLE
F1_MI: 0.4480423280423281 F1_MA: 0.4033311205807809 ACC_MI: 0.448042328042328 F1_MA: 0.38252802190226154
BEST_F1_MI: 0.6389417989417989 BEST_F1_MA: 0.6433094600623668 BEST_ACC_MI: 0.6389417989417989 BEST_F1_MA: 0.6719501337430454
[[ 251 1149  141   41]
 [ 190  578   78   59]
 [ 193  542   15   58]
 [ 134    5   18 1273]]
Epoch: [63/200], cls_loss: 0.0000, transfer_loss: 0.0000,person_loss: 0.0000, total_Loss: 0.0000
trian begin
trian end
ACC: 45.22751322751323
SAMPLE
F1_MI: 0.45206349206349206 F1_MA: 0.41101229523937194 ACC_MI: 0.45206349206349206 F1_MA: 0.41632683955424254
BEST_F1_MI: 0.6389417989417989 BEST_F1_MA: 0.6433094600623668 BEST_ACC_MI: 0.6389417989417989 BEST_F1_MA: 0.6719501337430454
[[ 402 1037   95   48]
 [ 379  268  163   95]
 [ 147  467   89  105]
 [  35    9    9 1377]]
Epoch: [64/200], cls_loss: 0.0000, transfer_loss: 0.0000,person_loss: 0.0000, total_Loss: 0.0000
trian begin
trian end
ACC: 49.29100529100529
SAMPLE
F1_MI: 0.4924867724867725 F1_MA: 0.48300191975177326 ACC_MI: 0.4924867724867725 F1_MA: 0.48783098491446675
BEST_F1_MI: 0.6389417989417989 BEST_F1_MA: 0.6433094600623668 BEST_ACC_MI: 0.6389417989417989 BEST_F1_MA: 0.6719501337430454
[[ 272 1160  102   48]
 [ 229  447  131   98]
 [ 196  279  228  105]
 [  25   25    0 1380]]
Epoch: [65/200], cls_loss: 0.0000, transfer_loss: 0.0000,person_loss: 0.0000, total_Loss: 0.0000
trian begin
trian end
ACC: 45.20634920634921
SAMPLE
F1_MI: 0.45121693121693124 F1_MA: 0.4121970426866884 ACC_MI: 0.45121693121693124 F1_MA: 0.42205595869008206
BEST_F1_MI: 0.6389417989417989 BEST_F1_MA: 0.6433094600623668 BEST_ACC_MI: 0.6389417989417989 BEST_F1_MA: 0.6719501337430454
[[ 420   38 1075   49]
 [ 319  220  266  100]
 [ 115  478  110  105]
 [  25   23    0 1382]]
Epoch: [66/200], cls_loss: 0.0000, transfer_loss: 0.0000,person_loss: 0.0000, total_Loss: 0.0000
trian begin
trian end
ACC: 45.84126984126984
SAMPLE
F1_MI: 0.4567195767195767 F1_MA: 0.4305234002889316 ACC_MI: 0.4567195767195767 F1_MA: 0.4512340986436042
BEST_F1_MI: 0.6389417989417989 BEST_F1_MA: 0.6433094600623668 BEST_ACC_MI: 0.6389417989417989 BEST_F1_MA: 0.6719501337430454
[[ 387   44 1097   54]
 [ 179  306  313  107]
 [  83  541   73  111]
 [  12   26    0 1392]]
Epoch: [67/200], cls_loss: 0.0000, transfer_loss: 0.0000,person_loss: 0.0000, total_Loss: 0.0000
trian begin
trian end
ACC: 44.317460317460316
SAMPLE
F1_MI: 0.44275132275132273 F1_MA: 0.4217030826051303 ACC_MI: 0.44275132275132273 F1_MA: 0.41464754528128095
BEST_F1_MI: 0.6389417989417989 BEST_F1_MA: 0.6433094600623668 BEST_ACC_MI: 0.6389417989417989 BEST_F1_MA: 0.6719501337430454
[[ 148  346 1042   46]
 [  83  513  234   75]
 [ 111  517  102   78]
 [  86   14    1 1329]]
Epoch: [68/200], cls_loss: 0.0000, transfer_loss: 0.0000,person_loss: 0.0000, total_Loss: 0.0000
trian begin
trian end
ACC: 49.03703703703704
SAMPLE
F1_MI: 0.48973544973544975 F1_MA: 0.46063678153935833 ACC_MI: 0.48973544973544975 F1_MA: 0.4569961488680408
BEST_F1_MI: 0.6389417989417989 BEST_F1_MA: 0.6433094600623668 BEST_ACC_MI: 0.6389417989417989 BEST_F1_MA: 0.6719501337430454
[[ 360  472  695   55]
 [ 270  336  181  118]
 [  54  393  236  125]
 [   4   44    0 1382]]
Epoch: [69/200], cls_loss: 0.0000, transfer_loss: 0.0000,person_loss: 0.0000, total_Loss: 0.0000
trian begin
trian end
ACC: 50.095238095238095
SAMPLE
F1_MI: 0.5005291005291005 F1_MA: 0.48166465115617385 ACC_MI: 0.5005291005291005 F1_MA: 0.46205461166098755
BEST_F1_MI: 0.6389417989417989 BEST_F1_MA: 0.6433094600623668 BEST_ACC_MI: 0.6389417989417989 BEST_F1_MA: 0.6719501337430454
[[ 195  627  709   51]
 [ 169  488  153   95]
 [  98  282  322  106]
 [  36   34    0 1360]]
Epoch: [70/200], cls_loss: 0.0000, transfer_loss: 0.0000,person_loss: 0.0000, total_Loss: 0.0000
trian begin
trian end
ACC: 48.44444444444444
SAMPLE
F1_MI: 0.484021164021164 F1_MA: 0.43434349435429226 ACC_MI: 0.484021164021164 F1_MA: 0.41852392640122504
BEST_F1_MI: 0.6389417989417989 BEST_F1_MA: 0.6433094600623668 BEST_ACC_MI: 0.6389417989417989 BEST_F1_MA: 0.6719501337430454
[[ 356 1094   81   51]
 [ 245  545   16   99]
 [ 176  506   17  109]
 [  48   13    0 1369]]
Epoch: [71/200], cls_loss: 0.0000, transfer_loss: 0.0000,person_loss: 0.0000, total_Loss: 0.0000
trian begin
trian end
ACC: 43.93650793650794
SAMPLE
F1_MI: 0.43915343915343913 F1_MA: 0.41791875405540435 ACC_MI: 0.43915343915343913 F1_MA: 0.40500247926674643
BEST_F1_MI: 0.6389417989417989 BEST_F1_MA: 0.6433094600623668 BEST_ACC_MI: 0.6389417989417989 BEST_F1_MA: 0.6719501337430454
[[ 162  692  689   39]
 [ 160  518  158   69]
 [  88  502  142   76]
 [ 106   71    0 1253]]
Epoch: [72/200], cls_loss: 0.0000, transfer_loss: 0.0000,person_loss: 0.0000, total_Loss: 0.0000
trian begin
trian end
ACC: 43.78835978835979
SAMPLE
F1_MI: 0.4378835978835979 F1_MA: 0.40858858987594954 ACC_MI: 0.4378835978835979 F1_MA: 0.40918382615938276
BEST_F1_MI: 0.6389417989417989 BEST_F1_MA: 0.6433094600623668 BEST_ACC_MI: 0.6389417989417989 BEST_F1_MA: 0.6719501337430454
[[ 237  855  441   49]
 [ 151  412  247   95]
 [  57  584   63  104]
 [  40   29    4 1357]]
Epoch: [73/200], cls_loss: 0.0000, transfer_loss: 0.0000,person_loss: 0.0000, total_Loss: 0.0000
trian begin
trian end
ACC: 51.767195767195766
SAMPLE
F1_MI: 0.5172486772486773 F1_MA: 0.49551084681092583 ACC_MI: 0.5172486772486773 F1_MA: 0.4964022664219689
BEST_F1_MI: 0.6389417989417989 BEST_F1_MA: 0.6433094600623668 BEST_ACC_MI: 0.6389417989417989 BEST_F1_MA: 0.6719501337430454
[[ 459  892  180   51]
 [ 489  204  108  104]
 [ 159  136  404  109]
 [  43    9    1 1377]]
Epoch: [74/200], cls_loss: 0.0000, transfer_loss: 0.0000,person_loss: 0.0000, total_Loss: 0.0000
trian begin
trian end
ACC: 49.20634920634921
SAMPLE
F1_MI: 0.49206349206349204 F1_MA: 0.4883968204110862 ACC_MI: 0.49206349206349204 F1_MA: 0.5075748079806999
BEST_F1_MI: 0.6389417989417989 BEST_F1_MA: 0.6433094600623668 BEST_ACC_MI: 0.6389417989417989 BEST_F1_MA: 0.6719501337430454
[[ 310  240  961   71]
 [  84  372  318  131]
 [  35  389  235  149]
 [   9   13    0 1408]]
Epoch: [75/200], cls_loss: 0.0000, transfer_loss: 0.0000,person_loss: 0.0000, total_Loss: 0.0000
trian begin
trian end
ACC: 55.767195767195766
SAMPLE
F1_MI: 0.5568253968253968 F1_MA: 0.5385499689925042 ACC_MI: 0.5568253968253968 F1_MA: 0.5224238014542522
BEST_F1_MI: 0.6389417989417989 BEST_F1_MA: 0.6433094600623668 BEST_ACC_MI: 0.6389417989417989 BEST_F1_MA: 0.6719501337430454
[[ 393  479  660   50]
 [ 250  400  154  101]
 [ 136  106  459  107]
 [  15   36    0 1379]]
Epoch: [76/200], cls_loss: 0.0000, transfer_loss: 0.0000,person_loss: 0.0000, total_Loss: 0.0000
trian begin
trian end
ACC: 51.80952380952381
SAMPLE
F1_MI: 0.518095238095238 F1_MA: 0.5398503779373434 ACC_MI: 0.518095238095238 F1_MA: 0.5688468685900275
BEST_F1_MI: 0.6389417989417989 BEST_F1_MA: 0.6433094600623668 BEST_ACC_MI: 0.6389417989417989 BEST_F1_MA: 0.6719501337430454
[[ 300 1153   83   46]
 [ 264  543    7   91]
 [ 106  334  265  103]
 [  46   44    0 1340]]
Epoch: [77/200], cls_loss: 0.0000, transfer_loss: 0.0000,person_loss: 0.0000, total_Loss: 0.0000
trian begin
trian end
ACC: 51.53439153439153
SAMPLE
F1_MI: 0.5147089947089947 F1_MA: 0.5035722464818363 ACC_MI: 0.5147089947089947 F1_MA: 0.496476186870188
BEST_F1_MI: 0.6389417989417989 BEST_F1_MA: 0.6433094600623668 BEST_ACC_MI: 0.6389417989417989 BEST_F1_MA: 0.6719501337430454
[[ 257  886  389   50]
 [ 235  520   49  101]
 [  41  379  277  111]
 [   9   42    1 1378]]
Epoch: [78/200], cls_loss: 0.0000, transfer_loss: 0.0000,person_loss: 0.0000, total_Loss: 0.0000
trian begin
trian end
ACC: 54.116402116402114
SAMPLE
F1_MI: 0.5411640211640212 F1_MA: 0.5327665057236554 ACC_MI: 0.5411640211640212 F1_MA: 0.5225948852205873
BEST_F1_MI: 0.6389417989417989 BEST_F1_MA: 0.6433094600623668 BEST_ACC_MI: 0.6389417989417989 BEST_F1_MA: 0.6719501337430454
[[ 324  904  306   48]
 [ 332  446   32   95]
 [  96  187  420  105]
 [  56    7    0 1367]]
Epoch: [79/200], cls_loss: 0.0000, transfer_loss: 0.0000,person_loss: 0.0000, total_Loss: 0.0000
trian begin
trian end
ACC: 48.042328042328045
SAMPLE
F1_MI: 0.47873015873015873 F1_MA: 0.4324293473853943 ACC_MI: 0.47873015873015873 F1_MA: 0.42453883353052196
BEST_F1_MI: 0.6389417989417989 BEST_F1_MA: 0.6433094600623668 BEST_ACC_MI: 0.6389417989417989 BEST_F1_MA: 0.6719501337430454
[[ 391  424  702   65]
 [ 331  319  108  147]
 [  79  445  144  140]
 [  12   10    0 1408]]
Epoch: [80/200], cls_loss: 0.0000, transfer_loss: 0.0000,person_loss: 0.0000, total_Loss: 0.0000
trian begin
trian end
ACC: 45.96825396825397
SAMPLE
F1_MI: 0.45904761904761904 F1_MA: 0.42924668672818167 ACC_MI: 0.45904761904761904 F1_MA: 0.4242762910643635
BEST_F1_MI: 0.6389417989417989 BEST_F1_MA: 0.6433094600623668 BEST_ACC_MI: 0.6389417989417989 BEST_F1_MA: 0.6719501337430454
[[ 228  404  901   49]
 [ 169  535  104   97]
 [  51  616   35  106]
 [  25   34    0 1371]]
Epoch: [81/200], cls_loss: 0.0000, transfer_loss: 0.0000,person_loss: 0.0000, total_Loss: 0.0000
trian begin
trian end
ACC: 46.476190476190474
SAMPLE
F1_MI: 0.46433862433862433 F1_MA: 0.4117999084066989 ACC_MI: 0.46433862433862433 F1_MA: 0.40460796163186863
BEST_F1_MI: 0.6389417989417989 BEST_F1_MA: 0.6433094600623668 BEST_ACC_MI: 0.6389417989417989 BEST_F1_MA: 0.6719501337430454
[[ 423  603  507   49]
 [ 373  337   97   98]
 [ 113  523   64  108]
 [  20   40    0 1370]]
Epoch: [82/200], cls_loss: 0.0000, transfer_loss: 0.0000,person_loss: 0.0000, total_Loss: 0.0000
trian begin
trian end
ACC: 48.12698412698413
SAMPLE
F1_MI: 0.4812698412698413 F1_MA: 0.4474612141434851 ACC_MI: 0.4812698412698413 F1_MA: 0.43169139787264277
BEST_F1_MI: 0.6389417989417989 BEST_F1_MA: 0.6433094600623668 BEST_ACC_MI: 0.6389417989417989 BEST_F1_MA: 0.6719501337430454
[[ 252  620  654   56]
 [ 281  380  135  109]
 [ 121  327  242  118]
 [  14   16    0 1400]]
Epoch: [83/200], cls_loss: 0.0000, transfer_loss: 0.0000,person_loss: 0.0000, total_Loss: 0.0000
trian begin
trian end
ACC: 42.370370370370374
SAMPLE
F1_MI: 0.4237037037037037 F1_MA: 0.387817210471593 ACC_MI: 0.4237037037037037 F1_MA: 0.3863216843087681
BEST_F1_MI: 0.6389417989417989 BEST_F1_MA: 0.6433094600623668 BEST_ACC_MI: 0.6389417989417989 BEST_F1_MA: 0.6719501337430454
[[ 323  659  557   43]
 [ 313  213  304   75]
 [ 180  378  172   78]
 [ 133    2    1 1294]]
Epoch: [84/200], cls_loss: 0.0000, transfer_loss: 0.0000,person_loss: 0.0000, total_Loss: 0.0000
trian begin
trian end
ACC: 21.862433862433864
SAMPLE
F1_MI: 0.2182010582010582 F1_MA: 0.2844344213946342 ACC_MI: 0.2182010582010582 F1_MA: 0.2917338369983455
BEST_F1_MI: 0.6389417989417989 BEST_F1_MA: 0.6433094600623668 BEST_ACC_MI: 0.6389417989417989 BEST_F1_MA: 0.6719501337430454
[[  39 1267  119  157]
 [  77  546   24  258]
 [  88  273  316  131]
 [1286   14    0  130]]
Epoch: [85/200], cls_loss: 0.0000, transfer_loss: 0.0000,person_loss: 0.0000, total_Loss: 0.0000
trian begin
trian end
ACC: 43.51322751322751
SAMPLE
F1_MI: 0.4342857142857143 F1_MA: 0.39363713642365256 ACC_MI: 0.4342857142857143 F1_MA: 0.3885775151877575
BEST_F1_MI: 0.6389417989417989 BEST_F1_MA: 0.6433094600623668 BEST_ACC_MI: 0.6389417989417989 BEST_F1_MA: 0.6719501337430454
[[ 293  689  554   46]
 [ 279  335  205   86]
 [ 110  522   82   94]
 [  78    5    5 1342]]
Epoch: [86/200], cls_loss: 0.0000, transfer_loss: 0.0000,person_loss: 0.0000, total_Loss: 0.0000
trian begin
trian end
ACC: 64.76190476190476
SAMPLE
F1_MI: 0.646984126984127 F1_MA: 0.5875803329708472 ACC_MI: 0.646984126984127 F1_MA: 0.5946955917491138
BEST_F1_MI: 0.646984126984127 BEST_F1_MA: 0.6433094600623668 BEST_ACC_MI: 0.646984126984127 BEST_F1_MA: 0.6719501337430454
[[1091  349   88   54]
 [ 311  392   91  111]
 [ 355  152  184  117]
 [   4   35    1 1390]]
Epoch: [87/200], cls_loss: 0.0000, transfer_loss: 0.0000,person_loss: 0.0000, total_Loss: 0.0000
trian begin
trian end
ACC: 48.33862433862434
SAMPLE
F1_MI: 0.48338624338624336 F1_MA: 0.4718763447933458 ACC_MI: 0.48338624338624336 F1_MA: 0.4873497426952679
BEST_F1_MI: 0.646984126984127 BEST_F1_MA: 0.6433094600623668 BEST_ACC_MI: 0.646984126984127 BEST_F1_MA: 0.6719501337430454
[[ 413 1091   38   40]
 [ 238  536   66   65]
 [ 247  409   79   73]
 [ 148   20    6 1256]]
Epoch: [88/200], cls_loss: 0.0000, transfer_loss: 0.0000,person_loss: 0.0000, total_Loss: 0.0000
trian begin
trian end
ACC: 47.851851851851855
SAMPLE
F1_MI: 0.4785185185185185 F1_MA: 0.41502505242820437 ACC_MI: 0.4785185185185185 F1_MA: 0.4159300117537551
BEST_F1_MI: 0.646984126984127 BEST_F1_MA: 0.6433094600623668 BEST_ACC_MI: 0.646984126984127 BEST_F1_MA: 0.6719501337430454
[[ 678  258  602   44]
 [ 424  180  222   79]
 [ 115  520   89   84]
 [  88   25    3 1314]]
Epoch: [89/200], cls_loss: 0.0000, transfer_loss: 0.0000,person_loss: 0.0000, total_Loss: 0.0000
trian begin
trian end
ACC: 42.68783068783069
SAMPLE
F1_MI: 0.4239153439153439 F1_MA: 0.3814571074001569 ACC_MI: 0.4239153439153439 F1_MA: 0.3659894843779714
BEST_F1_MI: 0.646984126984127 BEST_F1_MA: 0.6433094600623668 BEST_ACC_MI: 0.646984126984127 BEST_F1_MA: 0.6719501337430454
[[ 214 1072  252   44]
 [ 204  482  146   73]
 [ 105  602   21   80]
 [ 138    5    1 1286]]
Epoch: [90/200], cls_loss: 0.0000, transfer_loss: 0.0000,person_loss: 0.0000, total_Loss: 0.0000
[[ 722  813    1   46]
 [ 277  485   47   96]
 [ 155  131  420  102]
 [  29   34    0 1367]]
[[ 722  813    1   46]
 [ 277  485   47   96]
 [ 155  131  420  102]
 [  29   34    0 1367]]
WHAT: True
SVAE_RESULT
{'best_f1': 0.6433094600623668, 'best_matrix': [[722, 813, 1, 46], [277, 485, 47, 96], [155, 131, 420, 102], [29, 34, 0, 1367]], 'args': 0.1}
{"best_f1": 0.6433094600623668, "best_matrix": [[722, 813, 1, 46], [277, 485, 47, 96], [155, 131, 420, 102], [29, 34, 0, 1367]], "args": 0.1}
ARG: Namespace(backbone='resnet50', batch_size=32, config='DWL/DWL.yaml', data_dir='data', device=device(type='cuda'), early_stop=50, epoch_based_training=False, lr=0.003, lr_decay=0.75, lr_gamma=0.0003, lr_scheduler=True, max_iter=21000, method='True', momentum=0.9, myweight=0.1, n_class=4, n_epoch=200, n_iter_per_epoch=105, num_workers=3, seed=2, src_domain='UCI', tgt_domain='PAMAP2', tname='transfer', transfer_loss='dwl', transfer_loss_weight=0.5, use_bottleneck=True, weight_decay=0.0005)
