bnm 1 UCI PAMAP2 BNM/BNM.yaml False
Namespace(backbone='resnet50', batch_size=32, config='BNM/BNM.yaml', data_dir='data', device=device(type='cuda'), early_stop=50, epoch_based_training=False, lr=0.003, lr_decay=0.75, lr_gamma=0.0003, lr_scheduler=True, method='False', momentum=0.9, myweight=0.1, n_epoch=200, n_iter_per_epoch=100, num_workers=3, seed=1, src_domain='UCI', tgt_domain='PAMAP2', tname='transfer', transfer_loss='bnm', transfer_loss_weight=0.5, use_bottleneck=True, weight_decay=0.0005)
JUST DO IT
run my Parkinson code
transfer
TRAIN Length: 3369 615 TEST Length: 4727 361
YYY: 0 3
DATA_PROFILE   train: 3369 train2: 4727 test: 4727
DATASET.SHAPE: <data_loader.GetTrainLoader object at 0x7febe6b903d0> True
DATASET.SHAPE: <data_loader.GetTrainLoader object at 0x7febde841c10> True
DATASET.SHAPE: <data_loader.GetTestLoader object at 0x7febde841d30> False
CLASS: 4 361
LLL: {}
BOTTLENECK_LIST: [Linear(in_features=512, out_features=256, bias=True), ReLU()]
TYPE: {'loss_type': 'bnm', 'max_iter': 21000, 'num_class': 4, 'my_person_item': <my_person_item.PersonItem object at 0x7febde841ca0>}
initial_lr 1.0
transfer_world
method False <class 'str'>
1.8.1+cu111
True
LEN: 0 0
LOADER: <data_loader.InfiniteDataLoader object at 0x7febde841880> <data_loader.InfiniteDataLoader object at 0x7febde841850>
N_batch: 105
trian begin
trian end
n_person 361
SAMPLE
F1_MI: 0.46435371271419507 F1_MA: 0.39467666450636624 ACC_MI: 0.46435371271419507 F1_MA: 0.3558482007604101
BEST_F1_MI: 0.46435371271419507 BEST_F1_MA: 0.39467666450636624 BEST_ACC_MI: 0.46435371271419507 BEST_F1_MA: 0.3558482007604101
[[ 190 1085  255   54]
 [ 152  611   38  104]
 [ 297  395    4  112]
 [  38    2    0 1390]]
Epoch: [ 1/200], cls_loss: 0.5816, transfer_loss: -2.4412,person_loss: 0.0000, total_Loss: -0.6390
trian begin
trian end
n_person 361
SAMPLE
F1_MI: 0.4546223820605035 F1_MA: 0.42645359221374585 ACC_MI: 0.4546223820605035 F1_MA: 0.41918086935109444
BEST_F1_MI: 0.46435371271419507 BEST_F1_MA: 0.42645359221374585 BEST_ACC_MI: 0.46435371271419507 BEST_F1_MA: 0.41918086935109444
[[ 201  398  933   52]
 [ 190  408  203  104]
 [  79  467  151  111]
 [  29   10    2 1389]]
Epoch: [ 2/200], cls_loss: 0.2944, transfer_loss: -2.7116,person_loss: 0.0000, total_Loss: -1.0615
trian begin
trian end
n_person 361
SAMPLE
F1_MI: 0.4324095620901206 F1_MA: 0.40719304355109637 ACC_MI: 0.4324095620901206 F1_MA: 0.3878932612562066
BEST_F1_MI: 0.46435371271419507 BEST_F1_MA: 0.42645359221374585 BEST_ACC_MI: 0.46435371271419507 BEST_F1_MA: 0.41918086935109444
[[  54  338 1139   53]
 [  72  253  477  103]
 [  72  277  345  114]
 [  17   11   10 1392]]
Epoch: [ 3/200], cls_loss: 0.2064, transfer_loss: -2.7391,person_loss: 0.0000, total_Loss: -1.1632
trian begin
trian end
n_person 361
SAMPLE
F1_MI: 0.5034905859953459 F1_MA: 0.47606842278232603 ACC_MI: 0.5034905859953459 F1_MA: 0.47049463348860077
BEST_F1_MI: 0.5034905859953459 BEST_F1_MA: 0.47606842278232603 BEST_ACC_MI: 0.5034905859953459 BEST_F1_MA: 0.47049463348860077
[[ 332  760  436   56]
 [ 217  503   76  109]
 [  57  479  151  121]
 [   3    9   24 1394]]
Epoch: [ 4/200], cls_loss: 0.1256, transfer_loss: -2.7537,person_loss: 0.0000, total_Loss: -1.2512
trian begin
trian end
n_person 361
SAMPLE
F1_MI: 0.4541992807277343 F1_MA: 0.4211119267832935 ACC_MI: 0.4541992807277343 F1_MA: 0.40554148085395825
BEST_F1_MI: 0.5034905859953459 BEST_F1_MA: 0.47606842278232603 BEST_ACC_MI: 0.5034905859953459 BEST_F1_MA: 0.47049463348860077
[[ 114  773  638   59]
 [ 117  591   78  119]
 [  13  635   34  126]
 [   3   19    0 1408]]
Epoch: [ 5/200], cls_loss: 0.1504, transfer_loss: -2.7539,person_loss: 0.0000, total_Loss: -1.2265
trian begin
trian end
n_person 361
SAMPLE
F1_MI: 0.45144912206473453 F1_MA: 0.40035262485945344 ACC_MI: 0.45144912206473453 F1_MA: 0.3850807909492695
BEST_F1_MI: 0.5034905859953459 BEST_F1_MA: 0.47606842278232603 BEST_ACC_MI: 0.5034905859953459 BEST_F1_MA: 0.47049463348860077
[[ 305  556  672   51]
 [ 330  430   47   98]
 [ 152  513   40  103]
 [  64    6    1 1359]]
Epoch: [ 6/200], cls_loss: 0.0968, transfer_loss: -2.7567,person_loss: 0.0000, total_Loss: -1.2816
trian begin
trian end
n_person 361
SAMPLE
F1_MI: 0.44066003807911996 F1_MA: 0.40853208641606137 ACC_MI: 0.44066003807911996 F1_MA: 0.41016344818083467
BEST_F1_MI: 0.5034905859953459 BEST_F1_MA: 0.47606842278232603 BEST_ACC_MI: 0.5034905859953459 BEST_F1_MA: 0.47049463348860077
[[ 261  167 1105   51]
 [ 231  387  187  100]
 [ 118  526   59  105]
 [  45    9    0 1376]]
Epoch: [ 7/200], cls_loss: 0.1042, transfer_loss: -2.7825,person_loss: 0.0000, total_Loss: -1.2871
trian begin
trian end
n_person 361
SAMPLE
F1_MI: 0.4778929553628094 F1_MA: 0.4391151050161136 ACC_MI: 0.4778929553628094 F1_MA: 0.41951237301841593
BEST_F1_MI: 0.5034905859953459 BEST_F1_MA: 0.47606842278232603 BEST_ACC_MI: 0.5034905859953459 BEST_F1_MA: 0.47049463348860077
[[ 221 1056  257   50]
 [ 168  604   36   97]
 [ 142  503   61  102]
 [  49    8    0 1373]]
Epoch: [ 8/200], cls_loss: 0.0803, transfer_loss: -2.7746,person_loss: 0.0000, total_Loss: -1.3070
trian begin
trian end
n_person 361
SAMPLE
F1_MI: 0.44298709540935055 F1_MA: 0.4221737516167806 ACC_MI: 0.44298709540935055 F1_MA: 0.42454845029377763
BEST_F1_MI: 0.5034905859953459 BEST_F1_MA: 0.47606842278232603 BEST_ACC_MI: 0.5034905859953459 BEST_F1_MA: 0.47049463348860077
[[ 229  191 1114   50]
 [ 165  348  293   99]
 [ 133  405  166  104]
 [  65   13    1 1351]]
Epoch: [ 9/200], cls_loss: 0.1284, transfer_loss: -2.7612,person_loss: 0.0000, total_Loss: -1.2522
trian begin
trian end
n_person 361
SAMPLE
F1_MI: 0.44848741273535014 F1_MA: 0.41860496166506445 ACC_MI: 0.44848741273535014 F1_MA: 0.4084888794272986
BEST_F1_MI: 0.5034905859953459 BEST_F1_MA: 0.47606842278232603 BEST_ACC_MI: 0.5034905859953459 BEST_F1_MA: 0.47049463348860077
[[ 163 1102  266   53]
 [  83  503  218  101]
 [  95  528   77  108]
 [  45    3    5 1377]]
Epoch: [10/200], cls_loss: 0.1353, transfer_loss: -2.7657,person_loss: 0.0000, total_Loss: -1.2475
trian begin
trian end
n_person 361
SAMPLE
F1_MI: 0.44192934207742757 F1_MA: 0.4027253895972941 ACC_MI: 0.44192934207742757 F1_MA: 0.3884374255933889
BEST_F1_MI: 0.5034905859953459 BEST_F1_MA: 0.47606842278232603 BEST_ACC_MI: 0.5034905859953459 BEST_F1_MA: 0.47049463348860077
[[ 202  986  349   47]
 [ 137  501  176   91]
 [ 110  558   41   99]
 [  72    9    4 1345]]
Epoch: [11/200], cls_loss: 0.0866, transfer_loss: -2.7842,person_loss: 0.0000, total_Loss: -1.3055
trian begin
trian end
n_person 361
SAMPLE
F1_MI: 0.38629151681827795 F1_MA: 0.33976580211891816 ACC_MI: 0.386291516818278 F1_MA: 0.32037115477254285
BEST_F1_MI: 0.5034905859953459 BEST_F1_MA: 0.47606842278232603 BEST_ACC_MI: 0.5034905859953459 BEST_F1_MA: 0.47049463348860077
[[  54  552  927   51]
 [  58  304  442  101]
 [ 276  324   93  115]
 [  48    4    3 1375]]
Epoch: [12/200], cls_loss: 0.0735, transfer_loss: -2.7833,person_loss: 0.0000, total_Loss: -1.3182
trian begin
trian end
n_person 361
SAMPLE
F1_MI: 0.44383329807488897 F1_MA: 0.3982538863619157 ACC_MI: 0.4438332980748889 F1_MA: 0.35788729908359607
BEST_F1_MI: 0.5034905859953459 BEST_F1_MA: 0.47606842278232603 BEST_ACC_MI: 0.5034905859953459 BEST_F1_MA: 0.47049463348860077
[[   4 1466   69   45]
 [   7  643  178   77]
 [  59  541  126   82]
 [  30    2   73 1325]]
Epoch: [13/200], cls_loss: 0.0753, transfer_loss: -2.7734,person_loss: 0.0000, total_Loss: -1.3115
trian begin
trian end
n_person 361
SAMPLE
F1_MI: 0.48698963401734713 F1_MA: 0.4675172464484557 ACC_MI: 0.48698963401734713 F1_MA: 0.45634836539798285
BEST_F1_MI: 0.5034905859953459 BEST_F1_MA: 0.47606842278232603 BEST_ACC_MI: 0.5034905859953459 BEST_F1_MA: 0.47049463348860077
[[ 174 1252  105   53]
 [  79  594  127  105]
 [ 231  323  145  109]
 [  29    1   11 1389]]
Epoch: [14/200], cls_loss: 0.0691, transfer_loss: -2.7601,person_loss: 0.0000, total_Loss: -1.3110
trian begin
trian end
n_person 361
SAMPLE
F1_MI: 0.562513221916649 F1_MA: 0.5082516113383989 ACC_MI: 0.562513221916649 F1_MA: 0.5281190801523389
BEST_F1_MI: 0.562513221916649 BEST_F1_MA: 0.5082516113383989 BEST_ACC_MI: 0.562513221916649 BEST_F1_MA: 0.5281190801523389
[[ 897  614   21   52]
 [ 477  289   41   98]
 [ 354  263   81  110]
 [  22    0   16 1392]]
Epoch: [15/200], cls_loss: 0.1366, transfer_loss: -2.7764,person_loss: 0.0000, total_Loss: -1.2516
trian begin
trian end
n_person 361
SAMPLE
F1_MI: 0.3818489528242014 F1_MA: 0.34900933327037553 ACC_MI: 0.3818489528242014 F1_MA: 0.35282823427694643
BEST_F1_MI: 0.562513221916649 BEST_F1_MA: 0.5082516113383989 BEST_ACC_MI: 0.562513221916649 BEST_F1_MA: 0.5281190801523389
[[ 179  627  728   50]
 [ 102  108  606   89]
 [ 168  377  162  101]
 [  51    5   18 1356]]
Epoch: [16/200], cls_loss: 0.0671, transfer_loss: -2.7613,person_loss: 0.0000, total_Loss: -1.3136
trian begin
trian end
n_person 361
SAMPLE
F1_MI: 0.4201396234398138 F1_MA: 0.39031381621711386 ACC_MI: 0.4201396234398138 F1_MA: 0.3899041533439776
BEST_F1_MI: 0.562513221916649 BEST_F1_MA: 0.5082516113383989 BEST_ACC_MI: 0.562513221916649 BEST_F1_MA: 0.5281190801523389
[[ 163  703  666   52]
 [ 113  341  351  100]
 [ 102  512   87  107]
 [   9   16   10 1395]]
Epoch: [17/200], cls_loss: 0.0741, transfer_loss: -2.7783,person_loss: 0.0000, total_Loss: -1.3151
trian begin
trian end
n_person 361
SAMPLE
F1_MI: 0.4146393061138143 F1_MA: 0.38952801496965417 ACC_MI: 0.4146393061138143 F1_MA: 0.3943937362132315
BEST_F1_MI: 0.562513221916649 BEST_F1_MA: 0.5082516113383989 BEST_ACC_MI: 0.562513221916649 BEST_F1_MA: 0.5281190801523389
[[ 167  507  859   51]
 [ 125  304  378   98]
 [  71  526  105  106]
 [  25   15    6 1384]]
Epoch: [18/200], cls_loss: 0.0396, transfer_loss: -2.7499,person_loss: 0.0000, total_Loss: -1.3353
trian begin
trian end
n_person 361
SAMPLE
F1_MI: 0.4740850433678866 F1_MA: 0.4529378111601544 ACC_MI: 0.4740850433678866 F1_MA: 0.45543337910590764
BEST_F1_MI: 0.562513221916649 BEST_F1_MA: 0.5082516113383989 BEST_ACC_MI: 0.562513221916649 BEST_F1_MA: 0.5281190801523389
[[ 235 1246   43   60]
 [ 168  557   69  111]
 [  86  557   46  119]
 [   6   17    4 1403]]
Epoch: [19/200], cls_loss: 0.0780, transfer_loss: -2.7511,person_loss: 0.0000, total_Loss: -1.2975
trian begin
trian end
n_person 361
SAMPLE
F1_MI: 0.4482758620689655 F1_MA: 0.41392292363006855 ACC_MI: 0.4482758620689655 F1_MA: 0.4011562477913929
BEST_F1_MI: 0.562513221916649 BEST_F1_MA: 0.5082516113383989 BEST_ACC_MI: 0.562513221916649 BEST_F1_MA: 0.5281190801523389
[[ 156 1260  114   54]
 [  84  500  218  103]
 [ 152  478   67  111]
 [  22    8    4 1396]]
Epoch: [20/200], cls_loss: 0.0755, transfer_loss: -2.7727,person_loss: 0.0000, total_Loss: -1.3109
trian begin
trian end
n_person 361
SAMPLE
F1_MI: 0.4626613073831183 F1_MA: 0.42386902797621356 ACC_MI: 0.4626613073831183 F1_MA: 0.4119619744652477
BEST_F1_MI: 0.562513221916649 BEST_F1_MA: 0.5082516113383989 BEST_ACC_MI: 0.562513221916649 BEST_F1_MA: 0.5281190801523389
[[ 256 1049  226   53]
 [ 177  456  170  102]
 [ 211  399   91  107]
 [  12   12   22 1384]]
Epoch: [21/200], cls_loss: 0.0628, transfer_loss: -2.7824,person_loss: 0.0000, total_Loss: -1.3284
trian begin
trian end
n_person 361
SAMPLE
F1_MI: 0.4533530780621959 F1_MA: 0.42585336262966617 ACC_MI: 0.4533530780621959 F1_MA: 0.41350483116824976
BEST_F1_MI: 0.562513221916649 BEST_F1_MA: 0.5082516113383989 BEST_ACC_MI: 0.562513221916649 BEST_F1_MA: 0.5281190801523389
[[ 151 1120  257   56]
 [  45  471  285  104]
 [ 193  358  142  115]
 [   4    1   46 1379]]
Epoch: [22/200], cls_loss: 0.0380, transfer_loss: -2.7756,person_loss: 0.0000, total_Loss: -1.3498
trian begin
trian end
n_person 361
SAMPLE
F1_MI: 0.44066003807911996 F1_MA: 0.403031916712771 ACC_MI: 0.44066003807911996 F1_MA: 0.38149030227873293
BEST_F1_MI: 0.562513221916649 BEST_F1_MA: 0.5082516113383989 BEST_ACC_MI: 0.562513221916649 BEST_F1_MA: 0.5281190801523389
[[  98 1197  234   55]
 [ 177  469  155  104]
 [ 137  431  127  113]
 [   7    4   30 1389]]
Epoch: [23/200], cls_loss: 0.0599, transfer_loss: -2.7718,person_loss: 0.0000, total_Loss: -1.3260
trian begin
trian end
n_person 361
SAMPLE
F1_MI: 0.4046964247937381 F1_MA: 0.35971605296054887 ACC_MI: 0.4046964247937381 F1_MA: 0.3447541614481471
BEST_F1_MI: 0.562513221916649 BEST_F1_MA: 0.5082516113383989 BEST_ACC_MI: 0.562513221916649 BEST_F1_MA: 0.5281190801523389
[[ 125  851  555   53]
 [ 173  309  319  104]
 [ 180  424   92  112]
 [  14    5   24 1387]]
Epoch: [24/200], cls_loss: 0.0292, transfer_loss: -2.7762,person_loss: 0.0000, total_Loss: -1.3589
trian begin
trian end
n_person 361
SAMPLE
F1_MI: 0.42775544742965943 F1_MA: 0.3837884641346927 ACC_MI: 0.42775544742965943 F1_MA: 0.3605495353074203
BEST_F1_MI: 0.562513221916649 BEST_F1_MA: 0.5082516113383989 BEST_ACC_MI: 0.562513221916649 BEST_F1_MA: 0.5281190801523389
[[ 121 1095  319   49]
 [ 162  512  140   91]
 [ 109  550   51   98]
 [  77    9    6 1338]]
Epoch: [25/200], cls_loss: 0.0630, transfer_loss: -2.7771,person_loss: 0.0000, total_Loss: -1.3255
trian begin
trian end
n_person 361
SAMPLE
F1_MI: 0.44552570340596576 F1_MA: 0.3992167813513734 ACC_MI: 0.44552570340596576 F1_MA: 0.37087119330894125
BEST_F1_MI: 0.562513221916649 BEST_F1_MA: 0.5082516113383989 BEST_ACC_MI: 0.562513221916649 BEST_F1_MA: 0.5281190801523389
[[ 110  989  433   52]
 [ 113  552  139  101]
 [ 154  472   74  108]
 [  53    4    3 1370]]
Epoch: [26/200], cls_loss: 0.0233, transfer_loss: -2.7814,person_loss: 0.0000, total_Loss: -1.3674
trian begin
trian end
n_person 361
SAMPLE
F1_MI: 0.4539877300613497 F1_MA: 0.41029675935354937 ACC_MI: 0.4539877300613497 F1_MA: 0.39344518352892305
BEST_F1_MI: 0.562513221916649 BEST_F1_MA: 0.5082516113383989 BEST_ACC_MI: 0.562513221916649 BEST_F1_MA: 0.5281190801523389
[[ 205 1161  165   53]
 [ 207  498   92  108]
 [ 145  501   48  114]
 [  20    7    8 1395]]
Epoch: [27/200], cls_loss: 0.0453, transfer_loss: -2.7859,person_loss: 0.0000, total_Loss: -1.3477
trian begin
trian end
n_person 361
SAMPLE
F1_MI: 0.5017981806642691 F1_MA: 0.4565373148400568 ACC_MI: 0.5017981806642691 F1_MA: 0.45037161827919336
BEST_F1_MI: 0.562513221916649 BEST_F1_MA: 0.5082516113383989 BEST_ACC_MI: 0.562513221916649 BEST_F1_MA: 0.5281190801523389
[[ 444  936  147   57]
 [ 284  458   44  119]
 [ 217  396   69  126]
 [  16   10    3 1401]]
Epoch: [28/200], cls_loss: 0.0730, transfer_loss: -2.7751,person_loss: 0.0000, total_Loss: -1.3146
trian begin
trian end
n_person 361
SAMPLE
F1_MI: 0.4590649460545801 F1_MA: 0.42418401089561913 ACC_MI: 0.4590649460545801 F1_MA: 0.4096437152973479
BEST_F1_MI: 0.562513221916649 BEST_F1_MA: 0.5082516113383989 BEST_ACC_MI: 0.562513221916649 BEST_F1_MA: 0.5281190801523389
[[ 168 1183  178   55]
 [ 188  543   60  114]
 [  78  554   61  115]
 [  21    6    5 1398]]
Epoch: [29/200], cls_loss: 0.0668, transfer_loss: -2.7613,person_loss: 0.0000, total_Loss: -1.3138
trian begin
trian end
n_person 361
SAMPLE
F1_MI: 0.48466257668711654 F1_MA: 0.4556382452914224 ACC_MI: 0.48466257668711654 F1_MA: 0.4654488711412
BEST_F1_MI: 0.562513221916649 BEST_F1_MA: 0.5082516113383989 BEST_ACC_MI: 0.562513221916649 BEST_F1_MA: 0.5281190801523389
[[ 392 1078   59   55]
 [ 328  458   14  105]
 [ 154  497   44  113]
 [  23    6    4 1397]]
Epoch: [30/200], cls_loss: 0.0523, transfer_loss: -2.7829,person_loss: 0.0000, total_Loss: -1.3391
trian begin
trian end
n_person 361
SAMPLE
F1_MI: 0.4694309287074254 F1_MA: 0.4421555217202987 ACC_MI: 0.4694309287074254 F1_MA: 0.4275799366691138
BEST_F1_MI: 0.562513221916649 BEST_F1_MA: 0.5082516113383989 BEST_ACC_MI: 0.562513221916649 BEST_F1_MA: 0.5281190801523389
[[ 133 1119  277   55]
 [ 113  590   95  107]
 [  65  536   91  116]
 [   5   12    8 1405]]
Epoch: [31/200], cls_loss: 0.0590, transfer_loss: -2.7797,person_loss: 0.0000, total_Loss: -1.3308
trian begin
trian end
n_person 361
SAMPLE
F1_MI: 0.5398773006134969 F1_MA: 0.4546148558351829 ACC_MI: 0.5398773006134969 F1_MA: 0.44037227082655994
BEST_F1_MI: 0.562513221916649 BEST_F1_MA: 0.5082516113383989 BEST_ACC_MI: 0.562513221916649 BEST_F1_MA: 0.5281190801523389
[[ 799  603  124   58]
 [ 449  330   19  107]
 [ 276  388   28  116]
 [  14   21    0 1395]]
Epoch: [32/200], cls_loss: 0.0505, transfer_loss: -2.7733,person_loss: 0.0000, total_Loss: -1.3362
trian begin
trian end
n_person 361
SAMPLE
F1_MI: 0.518722233975037 F1_MA: 0.43649020543530365 ACC_MI: 0.518722233975037 F1_MA: 0.43094805896385235
BEST_F1_MI: 0.562513221916649 BEST_F1_MA: 0.5082516113383989 BEST_ACC_MI: 0.562513221916649 BEST_F1_MA: 0.5281190801523389
[[ 836  458   26  264]
 [ 347  191   43  324]
 [ 432  121   62  193]
 [   3    4   60 1363]]
Epoch: [33/200], cls_loss: 0.1091, transfer_loss: -2.7420,person_loss: 0.0000, total_Loss: -1.2619
trian begin
trian end
n_person 361
SAMPLE
F1_MI: 0.5453776179394965 F1_MA: 0.5306369330513794 ACC_MI: 0.5453776179394965 F1_MA: 0.5337288871478424
BEST_F1_MI: 0.562513221916649 BEST_F1_MA: 0.5306369330513794 BEST_ACC_MI: 0.562513221916649 BEST_F1_MA: 0.5337288871478424
[[ 402 1029   91   62]
 [ 155  568   64  118]
 [ 355  135  194  124]
 [   5    5    6 1414]]
Epoch: [34/200], cls_loss: 0.0520, transfer_loss: -2.7816,person_loss: 0.0000, total_Loss: -1.3389
trian begin
trian end
n_person 361
SAMPLE
F1_MI: 0.6775967844298709 F1_MA: 0.6292333281371452 ACC_MI: 0.6775967844298709 F1_MA: 0.6584478477687581
BEST_F1_MI: 0.6775967844298709 BEST_F1_MA: 0.6292333281371452 BEST_ACC_MI: 0.6775967844298709 BEST_F1_MA: 0.6584478477687581
[[1224  291   17   52]
 [ 313  460   30  102]
 [ 447  126  124  111]
 [   0   19   16 1395]]
Epoch: [35/200], cls_loss: 0.0470, transfer_loss: -2.7741,person_loss: 0.0000, total_Loss: -1.3400
trian begin
trian end
n_person 361
SAMPLE
F1_MI: 0.5174529299767294 F1_MA: 0.4764922965525648 ACC_MI: 0.5174529299767294 F1_MA: 0.4931895273592364
BEST_F1_MI: 0.6775967844298709 BEST_F1_MA: 0.6292333281371452 BEST_ACC_MI: 0.6775967844298709 BEST_F1_MA: 0.6584478477687581
[[ 636  884   10   54]
 [ 393  351   56  105]
 [ 387  246   63  112]
 [  22    3    9 1396]]
Epoch: [36/200], cls_loss: 0.0393, transfer_loss: -2.7781,person_loss: 0.0000, total_Loss: -1.3497
trian begin
trian end
n_person 361
SAMPLE
F1_MI: 0.44044848741273535 F1_MA: 0.4167197972597328 ACC_MI: 0.44044848741273535 F1_MA: 0.4143467142574427
BEST_F1_MI: 0.6775967844298709 BEST_F1_MA: 0.6292333281371452 BEST_ACC_MI: 0.6775967844298709 BEST_F1_MA: 0.6584478477687581
[[ 146 1358   30   50]
 [ 228  450  130   97]
 [ 152  458   89  109]
 [  19    6    8 1397]]
Epoch: [37/200], cls_loss: 0.0354, transfer_loss: -2.7780,person_loss: 0.0000, total_Loss: -1.3536
trian begin
trian end
n_person 361
SAMPLE
F1_MI: 0.48762428601650093 F1_MA: 0.45642112450604794 ACC_MI: 0.48762428601650093 F1_MA: 0.4693534172023387
BEST_F1_MI: 0.6775967844298709 BEST_F1_MA: 0.6292333281371452 BEST_ACC_MI: 0.6775967844298709 BEST_F1_MA: 0.6584478477687581
[[ 467 1002   60   55]
 [ 281  263  250  111]
 [  93  430  167  118]
 [   6    0   16 1408]]
Epoch: [38/200], cls_loss: 0.0552, transfer_loss: -2.7856,person_loss: 0.0000, total_Loss: -1.3376
trian begin
trian end
n_person 361
SAMPLE
F1_MI: 0.5028559339961921 F1_MA: 0.45006021067495966 ACC_MI: 0.5028559339961921 F1_MA: 0.4494272777476706
BEST_F1_MI: 0.6775967844298709 BEST_F1_MA: 0.6292333281371452 BEST_ACC_MI: 0.6775967844298709 BEST_F1_MA: 0.6584478477687581
[[ 553  888   86   57]
 [ 294  325  173  113]
 [ 203  399   86  120]
 [   9    1    7 1413]]
Epoch: [39/200], cls_loss: 0.0333, transfer_loss: -2.7772,person_loss: 0.0000, total_Loss: -1.3553
trian begin
trian end
n_person 361
SAMPLE
F1_MI: 0.5326845779564205 F1_MA: 0.48846112551255705 ACC_MI: 0.5326845779564205 F1_MA: 0.4894819762395032
BEST_F1_MI: 0.6775967844298709 BEST_F1_MA: 0.6292333281371452 BEST_ACC_MI: 0.6775967844298709 BEST_F1_MA: 0.6584478477687581
[[ 590  793  146   55]
 [ 134  416  251  104]
 [ 177  406  112  113]
 [   3    6   21 1400]]
Epoch: [40/200], cls_loss: 0.0702, transfer_loss: -2.7847,person_loss: 0.0000, total_Loss: -1.3221
trian begin
trian end
n_person 361
SAMPLE
F1_MI: 0.5248572033001904 F1_MA: 0.48127873699678947 ACC_MI: 0.5248572033001904 F1_MA: 0.4622973514813923
BEST_F1_MI: 0.6775967844298709 BEST_F1_MA: 0.6292333281371452 BEST_ACC_MI: 0.6775967844298709 BEST_F1_MA: 0.6584478477687581
[[ 352 1016  158   58]
 [  61  642   83  119]
 [ 314  299   67  128]
 [   1    6    3 1420]]
Epoch: [41/200], cls_loss: 0.0293, transfer_loss: -2.7499,person_loss: 0.0000, total_Loss: -1.3456
trian begin
trian end
n_person 361
SAMPLE
F1_MI: 0.5557436005923418 F1_MA: 0.5404881590842384 ACC_MI: 0.5557436005923418 F1_MA: 0.5465316296581699
BEST_F1_MI: 0.6775967844298709 BEST_F1_MA: 0.6292333281371452 BEST_ACC_MI: 0.6775967844298709 BEST_F1_MA: 0.6584478477687581
[[ 451  894  184   55]
 [ 151  574   69  111]
 [ 107  395  184  122]
 [   5    1    6 1418]]
Epoch: [42/200], cls_loss: 0.0314, transfer_loss: -2.7589,person_loss: 0.0000, total_Loss: -1.3480
trian begin
trian end
n_person 361
SAMPLE
F1_MI: 0.5098371059868838 F1_MA: 0.5118630728317256 ACC_MI: 0.5098371059868838 F1_MA: 0.524998688669841
BEST_F1_MI: 0.6775967844298709 BEST_F1_MA: 0.6292333281371452 BEST_ACC_MI: 0.6775967844298709 BEST_F1_MA: 0.6584478477687581
[[ 272 1186   71   55]
 [ 148  482  163  112]
 [  89  350  251  118]
 [   3    4   18 1405]]
Epoch: [43/200], cls_loss: 0.0390, transfer_loss: -2.7800,person_loss: 0.0000, total_Loss: -1.3510
trian begin
trian end
n_person 361
SAMPLE
F1_MI: 0.4486989634017347 F1_MA: 0.4156678306814291 ACC_MI: 0.4486989634017347 F1_MA: 0.41654820223839684
BEST_F1_MI: 0.6775967844298709 BEST_F1_MA: 0.6292333281371452 BEST_ACC_MI: 0.6775967844298709 BEST_F1_MA: 0.6584478477687581
[[ 320 1103   16  145]
 [ 240  421   52  192]
 [ 105  538   50  115]
 [   8    2   90 1330]]
Epoch: [44/200], cls_loss: 0.0791, transfer_loss: -2.7356,person_loss: 0.0000, total_Loss: -1.2887
trian begin
trian end
n_person 361
SAMPLE
F1_MI: 0.507086947323884 F1_MA: 0.45186973452712487 ACC_MI: 0.507086947323884 F1_MA: 0.4584592377162995
BEST_F1_MI: 0.6775967844298709 BEST_F1_MA: 0.6292333281371452 BEST_ACC_MI: 0.6775967844298709 BEST_F1_MA: 0.6584478477687581
[[ 665  859   11   49]
 [ 452  344   15   94]
 [ 173  508   21  106]
 [  30    6   27 1367]]
Epoch: [45/200], cls_loss: 0.0430, transfer_loss: -2.7386,person_loss: 0.0000, total_Loss: -1.3263
trian begin
trian end
n_person 361
SAMPLE
F1_MI: 0.4241590861011213 F1_MA: 0.4059490940942543 ACC_MI: 0.42415908610112124 F1_MA: 0.4194181982344425
BEST_F1_MI: 0.6775967844298709 BEST_F1_MA: 0.6292333281371452 BEST_ACC_MI: 0.6775967844298709 BEST_F1_MA: 0.6584478477687581
[[ 443 1083   22   36]
 [ 390  398   67   50]
 [ 171  514   74   49]
 [   4    3  333 1090]]
Epoch: [46/200], cls_loss: 0.0530, transfer_loss: -2.7242,person_loss: 0.0000, total_Loss: -1.3091
trian begin
trian end
n_person 361
SAMPLE
F1_MI: 0.4838163740215782 F1_MA: 0.4620399581752855 ACC_MI: 0.4838163740215782 F1_MA: 0.4857455343234906
BEST_F1_MI: 0.6775967844298709 BEST_F1_MA: 0.6292333281371452 BEST_ACC_MI: 0.6775967844298709 BEST_F1_MA: 0.6584478477687581
[[ 413 1108    6   57]
 [ 315  403   37  150]
 [ 276  347   51  134]
 [   4    0    6 1420]]
Epoch: [47/200], cls_loss: 0.0399, transfer_loss: -2.7253,person_loss: 0.0000, total_Loss: -1.3228
trian begin
trian end
n_person 361
SAMPLE
F1_MI: 0.20118468373175374 F1_MA: 0.2372599370134685 ACC_MI: 0.20118468373175374 F1_MA: 0.24239756575594712
BEST_F1_MI: 0.6775967844298709 BEST_F1_MA: 0.6292333281371452 BEST_ACC_MI: 0.6775967844298709 BEST_F1_MA: 0.6584478477687581
[[ 253 1266   55   10]
 [ 209  540  117   39]
 [ 486  181  116   25]
 [   1    1 1386   42]]
Epoch: [48/200], cls_loss: 0.0324, transfer_loss: -2.7376,person_loss: 0.0000, total_Loss: -1.3364
trian begin
trian end
n_person 361
SAMPLE
F1_MI: 0.521895493970806 F1_MA: 0.4796710644671818 ACC_MI: 0.521895493970806 F1_MA: 0.47729355120631467
BEST_F1_MI: 0.6775967844298709 BEST_F1_MA: 0.6292333281371452 BEST_ACC_MI: 0.6775967844298709 BEST_F1_MA: 0.6584478477687581
[[ 496 1011   21   56]
 [ 207  475  115  108]
 [ 457  155   82  114]
 [   4    1   11 1414]]
Epoch: [49/200], cls_loss: 0.0260, transfer_loss: -2.7612,person_loss: 0.0000, total_Loss: -1.3546
trian begin
trian end
n_person 361
SAMPLE
F1_MI: 0.4178125661095832 F1_MA: 0.37066006521500905 ACC_MI: 0.4178125661095832 F1_MA: 0.3453204552697421
BEST_F1_MI: 0.6775967844298709 BEST_F1_MA: 0.6292333281371452 BEST_ACC_MI: 0.6775967844298709 BEST_F1_MA: 0.6584478477687581
[[  63 1243  224   54]
 [  48  391  360  106]
 [ 235  341  120  112]
 [   5   12   12 1401]]
Epoch: [50/200], cls_loss: 0.0359, transfer_loss: -2.7824,person_loss: 0.0000, total_Loss: -1.3553
trian begin
trian end
n_person 361
SAMPLE
F1_MI: 0.43790987941612014 F1_MA: 0.3982225535494671 ACC_MI: 0.43790987941612014 F1_MA: 0.3724329449478783
BEST_F1_MI: 0.6775967844298709 BEST_F1_MA: 0.6292333281371452 BEST_ACC_MI: 0.6775967844298709 BEST_F1_MA: 0.6584478477687581
[[  73 1216  242   53]
 [  39  445  320  101]
 [ 240  297  164  107]
 [   9   14   19 1388]]
Epoch: [51/200], cls_loss: 0.0238, transfer_loss: -2.7692,person_loss: 0.0000, total_Loss: -1.3609
trian begin
trian end
n_person 361
SAMPLE
F1_MI: 0.4017347154643537 F1_MA: 0.3574082624647663 ACC_MI: 0.4017347154643537 F1_MA: 0.3526890982133053
BEST_F1_MI: 0.6775967844298709 BEST_F1_MA: 0.6292333281371452 BEST_ACC_MI: 0.6775967844298709 BEST_F1_MA: 0.6584478477687581
[[ 214  904  413   53]
 [ 225  179  400  101]
 [ 195  389  117  107]
 [  28    0   13 1389]]
Epoch: [52/200], cls_loss: 0.0224, transfer_loss: -2.7722,person_loss: 0.0000, total_Loss: -1.3636
trian begin
trian end
n_person 361
SAMPLE
F1_MI: 0.4294478527607362 F1_MA: 0.4043797826138765 ACC_MI: 0.4294478527607362 F1_MA: 0.39630725689309165
BEST_F1_MI: 0.6775967844298709 BEST_F1_MA: 0.6292333281371452 BEST_ACC_MI: 0.6775967844298709 BEST_F1_MA: 0.6584478477687581
[[ 133 1274  128   49]
 [  43  410  361   91]
 [ 179  390  138  101]
 [  48    0   33 1349]]
Epoch: [53/200], cls_loss: 0.0214, transfer_loss: -2.7884,person_loss: 0.0000, total_Loss: -1.3728
trian begin
trian end
n_person 361
SAMPLE
F1_MI: 0.46646921937804103 F1_MA: 0.44457278621832064 ACC_MI: 0.46646921937804103 F1_MA: 0.43426621131575166
BEST_F1_MI: 0.6775967844298709 BEST_F1_MA: 0.6292333281371452 BEST_ACC_MI: 0.6775967844298709 BEST_F1_MA: 0.6584478477687581
[[ 150 1292   92   50]
 [  25  563  221   96]
 [ 188  400  114  106]
 [  16    0   36 1378]]
Epoch: [54/200], cls_loss: 0.0340, transfer_loss: -2.7738,person_loss: 0.0000, total_Loss: -1.3529
trian begin
trian end
n_person 361
SAMPLE
F1_MI: 0.47937381002750157 F1_MA: 0.4427162002575922 ACC_MI: 0.47937381002750157 F1_MA: 0.42190995319454383
BEST_F1_MI: 0.6775967844298709 BEST_F1_MA: 0.6292333281371452 BEST_ACC_MI: 0.6775967844298709 BEST_F1_MA: 0.6584478477687581
[[ 170 1339   21   54]
 [  74  653   71  107]
 [ 369  281   46  112]
 [   4    8   21 1397]]
Epoch: [55/200], cls_loss: 0.0392, transfer_loss: -2.7775,person_loss: 0.0000, total_Loss: -1.3495
trian begin
trian end
n_person 361
SAMPLE
F1_MI: 0.4620266553839645 F1_MA: 0.41635821683728413 ACC_MI: 0.4620266553839645 F1_MA: 0.3960450381537366
BEST_F1_MI: 0.6775967844298709 BEST_F1_MA: 0.6292333281371452 BEST_ACC_MI: 0.6775967844298709 BEST_F1_MA: 0.6584478477687581
[[ 223 1080  226   55]
 [  59  438  301  107]
 [ 467  109  122  110]
 [   7    7   15 1401]]
Epoch: [56/200], cls_loss: 0.0292, transfer_loss: -2.7668,person_loss: 0.0000, total_Loss: -1.3542
trian begin
trian end
n_person 361
SAMPLE
F1_MI: 0.44658345673788874 F1_MA: 0.4236704174671776 ACC_MI: 0.44658345673788874 F1_MA: 0.42002485729723404
BEST_F1_MI: 0.6775967844298709 BEST_F1_MA: 0.6292333281371452 BEST_ACC_MI: 0.6775967844298709 BEST_F1_MA: 0.6584478477687581
[[ 165 1229  140   50]
 [  96  478  237   94]
 [  96  517   94  101]
 [  29    1   26 1374]]
Epoch: [57/200], cls_loss: 0.0359, transfer_loss: -2.7553,person_loss: 0.0000, total_Loss: -1.3418
trian begin
trian end
n_person 361
SAMPLE
F1_MI: 0.44002538607996616 F1_MA: 0.39392895436924996 ACC_MI: 0.44002538607996616 F1_MA: 0.3788773184373323
BEST_F1_MI: 0.6775967844298709 BEST_F1_MA: 0.6292333281371452 BEST_ACC_MI: 0.6775967844298709 BEST_F1_MA: 0.6584478477687581
[[ 213 1238   80   53]
 [ 214  442  151   98]
 [ 199  463   40  106]
 [  12    1   32 1385]]
Epoch: [58/200], cls_loss: 0.0253, transfer_loss: -2.7848,person_loss: 0.0000, total_Loss: -1.3671
trian begin
trian end
n_person 361
SAMPLE
F1_MI: 0.4529299767294267 F1_MA: 0.40917610701030743 ACC_MI: 0.4529299767294267 F1_MA: 0.39664219721097294
BEST_F1_MI: 0.6775967844298709 BEST_F1_MA: 0.6292333281371452 BEST_ACC_MI: 0.6775967844298709 BEST_F1_MA: 0.6584478477687581
[[ 240 1211   80   53]
 [ 210  464  130  101]
 [ 160  502   39  107]
 [  13    0   19 1398]]
Epoch: [59/200], cls_loss: 0.0348, transfer_loss: -2.7952,person_loss: 0.0000, total_Loss: -1.3628
trian begin
trian end
n_person 361
SAMPLE
F1_MI: 0.5422043579437276 F1_MA: 0.4788993247235073 ACC_MI: 0.5422043579437276 F1_MA: 0.4709590123857488
BEST_F1_MI: 0.6775967844298709 BEST_F1_MA: 0.6292333281371452 BEST_ACC_MI: 0.6775967844298709 BEST_F1_MA: 0.6584478477687581
[[ 678  842   12   52]
 [ 296  468   42   99]
 [ 348  327   23  110]
 [  17    4   15 1394]]
Epoch: [60/200], cls_loss: 0.0305, transfer_loss: -2.7811,person_loss: 0.0000, total_Loss: -1.3600
trian begin
trian end
n_person 361
SAMPLE
F1_MI: 0.4495451660672731 F1_MA: 0.4098866183180619 ACC_MI: 0.4495451660672731 F1_MA: 0.392579614722644
BEST_F1_MI: 0.6775967844298709 BEST_F1_MA: 0.6292333281371452 BEST_ACC_MI: 0.6775967844298709 BEST_F1_MA: 0.6584478477687581
[[ 155 1184  192   53]
 [  88  486  222  109]
 [ 200  411   79  118]
 [   0    3   22 1405]]
Epoch: [61/200], cls_loss: 0.0301, transfer_loss: -2.7756,person_loss: 0.0000, total_Loss: -1.3576
trian begin
trian end
n_person 361
SAMPLE
F1_MI: 0.439602284747197 F1_MA: 0.423420899831453 ACC_MI: 0.439602284747197 F1_MA: 0.42416996804070295
BEST_F1_MI: 0.6775967844298709 BEST_F1_MA: 0.6292333281371452 BEST_ACC_MI: 0.6775967844298709 BEST_F1_MA: 0.6584478477687581
[[ 114 1195  222   53]
 [  14  468  322  101]
 [ 103  493  103  109]
 [   3    0   34 1393]]
Epoch: [62/200], cls_loss: 0.0259, transfer_loss: -2.7858,person_loss: 0.0000, total_Loss: -1.3670
trian begin
trian end
n_person 361
SAMPLE
F1_MI: 0.4214089274381214 F1_MA: 0.3936701257008506 ACC_MI: 0.4214089274381214 F1_MA: 0.3918847995720792
BEST_F1_MI: 0.6775967844298709 BEST_F1_MA: 0.6292333281371452 BEST_ACC_MI: 0.6775967844298709 BEST_F1_MA: 0.6584478477687581
[[ 136 1124  272   52]
 [  32  361  412  100]
 [ 152  450   96  110]
 [   4    0   27 1399]]
Epoch: [63/200], cls_loss: 0.0154, transfer_loss: -2.7795,person_loss: 0.0000, total_Loss: -1.3743
trian begin
trian end
n_person 361
SAMPLE
F1_MI: 0.44489105140681195 F1_MA: 0.43236985742195727 ACC_MI: 0.44489105140681195 F1_MA: 0.4361822237651307
BEST_F1_MI: 0.6775967844298709 BEST_F1_MA: 0.6292333281371452 BEST_ACC_MI: 0.6775967844298709 BEST_F1_MA: 0.6584478477687581
[[ 136 1203  192   53]
 [  26  470  313   96]
 [  98  489  116  105]
 [   8    0   41 1381]]
Epoch: [64/200], cls_loss: 0.0155, transfer_loss: -2.7778,person_loss: 0.0000, total_Loss: -1.3734
trian begin
trian end
n_person 361
SAMPLE
F1_MI: 0.44531415273958114 F1_MA: 0.4287854525024783 ACC_MI: 0.44531415273958114 F1_MA: 0.4301040136707208
BEST_F1_MI: 0.6775967844298709 BEST_F1_MA: 0.6292333281371452 BEST_ACC_MI: 0.6775967844298709 BEST_F1_MA: 0.6584478477687581
[[ 115 1271  145   53]
 [  15  530  252  108]
 [  79  557   57  115]
 [   4    4   19 1403]]
Epoch: [65/200], cls_loss: 0.0319, transfer_loss: -2.7755,person_loss: 0.0000, total_Loss: -1.3559
trian begin
trian end
n_person 361
SAMPLE
F1_MI: 0.4525068753966575 F1_MA: 0.402843486028834 ACC_MI: 0.4525068753966575 F1_MA: 0.3814488881291863
BEST_F1_MI: 0.6775967844298709 BEST_F1_MA: 0.6292333281371452 BEST_ACC_MI: 0.6775967844298709 BEST_F1_MA: 0.6584478477687581
[[ 204 1227  103   50]
 [ 185  506  116   98]
 [ 253  411   37  107]
 [  25    3   10 1392]]
Epoch: [66/200], cls_loss: 0.0216, transfer_loss: -2.7935,person_loss: 0.0000, total_Loss: -1.3752
trian begin
trian end
n_person 361
SAMPLE
F1_MI: 0.48423947535434736 F1_MA: 0.4791647656640668 ACC_MI: 0.48423947535434736 F1_MA: 0.48068623421441403
BEST_F1_MI: 0.6775967844298709 BEST_F1_MA: 0.6292333281371452 BEST_ACC_MI: 0.6775967844298709 BEST_F1_MA: 0.6584478477687581
[[ 123 1374   34   53]
 [  62  693   46  104]
 [ 129  499   69  111]
 [  10    6   10 1404]]
Epoch: [67/200], cls_loss: 0.0135, transfer_loss: -2.7752,person_loss: 0.0000, total_Loss: -1.3741
trian begin
trian end
n_person 361
SAMPLE
F1_MI: 0.4831817220224244 F1_MA: 0.4721002271296886 ACC_MI: 0.4831817220224244 F1_MA: 0.4694593879678025
BEST_F1_MI: 0.6775967844298709 BEST_F1_MA: 0.6292333281371452 BEST_ACC_MI: 0.6775967844298709 BEST_F1_MA: 0.6584478477687581
[[ 146 1371   16   51]
 [  48  689   70   98]
 [ 168  475   60  105]
 [  23    7   11 1389]]
Epoch: [68/200], cls_loss: 0.0288, transfer_loss: -2.7724,person_loss: 0.0000, total_Loss: -1.3574
trian begin
trian end
n_person 361
SAMPLE
F1_MI: 0.4783160566955786 F1_MA: 0.48469719146981305 ACC_MI: 0.4783160566955786 F1_MA: 0.5061108865970985
BEST_F1_MI: 0.6775967844298709 BEST_F1_MA: 0.6292333281371452 BEST_ACC_MI: 0.6775967844298709 BEST_F1_MA: 0.6584478477687581
[[ 185 1336   13   50]
 [ 147  651   12   95]
 [ 313  344   51  100]
 [  47    4    5 1374]]
Epoch: [69/200], cls_loss: 0.0136, transfer_loss: -2.7789,person_loss: 0.0000, total_Loss: -1.3759
trian begin
trian end
n_person 361
SAMPLE
F1_MI: 0.48698963401734713 F1_MA: 0.47584591635800594 ACC_MI: 0.48698963401734713 F1_MA: 0.46931570123267585
BEST_F1_MI: 0.6775967844298709 BEST_F1_MA: 0.6292333281371452 BEST_ACC_MI: 0.6775967844298709 BEST_F1_MA: 0.6584478477687581
[[ 102 1397   32   53]
 [  25  742   25  113]
 [ 185  456   49  118]
 [   4   11    6 1409]]
Epoch: [70/200], cls_loss: 0.0369, transfer_loss: -2.7755,person_loss: 0.0000, total_Loss: -1.3509
trian begin
trian end
n_person 361
SAMPLE
F1_MI: 0.47091178337211764 F1_MA: 0.45054513914518457 ACC_MI: 0.47091178337211764 F1_MA: 0.43842886720650875
BEST_F1_MI: 0.6775967844298709 BEST_F1_MA: 0.6292333281371452 BEST_ACC_MI: 0.6775967844298709 BEST_F1_MA: 0.6584478477687581
[[ 105 1403   25   51]
 [  84  704   22   95]
 [ 225  444   34  105]
 [  39    4    4 1383]]
Epoch: [71/200], cls_loss: 0.0336, transfer_loss: -2.7692,person_loss: 0.0000, total_Loss: -1.3510
trian begin
trian end
n_person 361
SAMPLE
F1_MI: 0.4719695367040407 F1_MA: 0.44875443790890984 ACC_MI: 0.4719695367040406 F1_MA: 0.4459678294924828
BEST_F1_MI: 0.6775967844298709 BEST_F1_MA: 0.6292333281371452 BEST_ACC_MI: 0.6775967844298709 BEST_F1_MA: 0.6584478477687581
[[ 217 1309    7   51]
 [ 182  610   15   98]
 [ 245  433   25  105]
 [  28    0   23 1379]]
Epoch: [72/200], cls_loss: 0.0886, transfer_loss: -2.7753,person_loss: 0.0000, total_Loss: -1.2990
trian begin
trian end
n_person 361
SAMPLE
F1_MI: 0.49037444467950075 F1_MA: 0.4609167611743338 ACC_MI: 0.49037444467950075 F1_MA: 0.4549723324866373
BEST_F1_MI: 0.6775967844298709 BEST_F1_MA: 0.6292333281371452 BEST_ACC_MI: 0.6775967844298709 BEST_F1_MA: 0.6584478477687581
[[ 302 1205   27   50]
 [ 176  600   35   94]
 [ 241  420   45  102]
 [   7    2   50 1371]]
Epoch: [73/200], cls_loss: 0.0374, transfer_loss: -2.7780,person_loss: 0.0000, total_Loss: -1.3516
trian begin
trian end
n_person 361
SAMPLE
F1_MI: 0.47937381002750157 F1_MA: 0.4331980010084776 ACC_MI: 0.47937381002750157 F1_MA: 0.41061338256450036
BEST_F1_MI: 0.6775967844298709 BEST_F1_MA: 0.6292333281371452 BEST_ACC_MI: 0.6775967844298709 BEST_F1_MA: 0.6584478477687581
[[ 250 1178  107   49]
 [ 161  608   43   93]
 [ 293  380   36   99]
 [  29    4   25 1372]]
Epoch: [74/200], cls_loss: 0.0246, transfer_loss: -2.7863,person_loss: 0.0000, total_Loss: -1.3686
trian begin
trian end
n_person 361
SAMPLE
F1_MI: 0.48402792468796274 F1_MA: 0.4712274128377755 ACC_MI: 0.48402792468796274 F1_MA: 0.45680314941903066
BEST_F1_MI: 0.6775967844298709 BEST_F1_MA: 0.6292333281371452 BEST_ACC_MI: 0.6775967844298709 BEST_F1_MA: 0.6584478477687581
[[ 143 1200  195   46]
 [  94  623  108   80]
 [ 148  382  192   86]
 [  87    2   11 1330]]
Epoch: [75/200], cls_loss: 0.0286, transfer_loss: -2.7951,person_loss: 0.0000, total_Loss: -1.3689
trian begin
trian end
n_person 361
SAMPLE
F1_MI: 0.46583456737888723 F1_MA: 0.42119723587592417 ACC_MI: 0.46583456737888723 F1_MA: 0.38643531643392526
BEST_F1_MI: 0.6775967844298709 BEST_F1_MA: 0.6292333281371452 BEST_ACC_MI: 0.6775967844298709 BEST_F1_MA: 0.6584478477687581
[[  46 1348  132   58]
 [  27  668   48  162]
 [ 172  405   81  150]
 [  15    0    8 1407]]
Epoch: [76/200], cls_loss: 0.0584, transfer_loss: -2.7847,person_loss: 0.0000, total_Loss: -1.3340
trian begin
trian end
n_person 361
SAMPLE
F1_MI: 0.49333615400888514 F1_MA: 0.47347944594197505 ACC_MI: 0.49333615400888514 F1_MA: 0.4564289551350724
BEST_F1_MI: 0.6775967844298709 BEST_F1_MA: 0.6292333281371452 BEST_ACC_MI: 0.6775967844298709 BEST_F1_MA: 0.6584478477687581
[[ 145 1182  206   51]
 [  92  675   41   97]
 [ 152  418  135  103]
 [  44    4    5 1377]]
Epoch: [77/200], cls_loss: 0.0197, transfer_loss: -2.7846,person_loss: 0.0000, total_Loss: -1.3725
trian begin
trian end
n_person 361
SAMPLE
F1_MI: 0.46118045271842606 F1_MA: 0.43176226584452954 ACC_MI: 0.46118045271842606 F1_MA: 0.4167519370687036
BEST_F1_MI: 0.6775967844298709 BEST_F1_MA: 0.6292333281371452 BEST_ACC_MI: 0.6775967844298709 BEST_F1_MA: 0.6584478477687581
[[ 155 1167  209   53]
 [ 136  488  180  101]
 [ 174  378  148  108]
 [  26    5   10 1389]]
Epoch: [78/200], cls_loss: 0.0436, transfer_loss: -2.7777,person_loss: 0.0000, total_Loss: -1.3452
trian begin
trian end
n_person 361
SAMPLE
F1_MI: 0.50920245398773 F1_MA: 0.5062191056452043 ACC_MI: 0.50920245398773 F1_MA: 0.493007806189642
BEST_F1_MI: 0.6775967844298709 BEST_F1_MA: 0.6292333281371452 BEST_ACC_MI: 0.6775967844298709 BEST_F1_MA: 0.6584478477687581
[[ 111 1198  223   52]
 [  53  632  120  100]
 [  84  338  276  110]
 [  28    2   12 1388]]
Epoch: [79/200], cls_loss: 0.0516, transfer_loss: -2.7806,person_loss: 0.0000, total_Loss: -1.3387
trian begin
trian end
n_person 361
SAMPLE
F1_MI: 0.4766236513645018 F1_MA: 0.4565056235010513 ACC_MI: 0.4766236513645018 F1_MA: 0.4459718355347345
BEST_F1_MI: 0.6775967844298709 BEST_F1_MA: 0.6292333281371452 BEST_ACC_MI: 0.6775967844298709 BEST_F1_MA: 0.6584478477687581
[[ 156 1332   46   50]
 [ 126  653   32   94]
 [ 373  258   75  102]
 [  35    0   26 1369]]
Epoch: [80/200], cls_loss: 0.0313, transfer_loss: -2.7859,person_loss: 0.0000, total_Loss: -1.3617
trian begin
trian end
n_person 361
SAMPLE
F1_MI: 0.4015231647979691 F1_MA: 0.3762899472693681 ACC_MI: 0.4015231647979691 F1_MA: 0.352874082736237
BEST_F1_MI: 0.6775967844298709 BEST_F1_MA: 0.6292333281371452 BEST_ACC_MI: 0.6775967844298709 BEST_F1_MA: 0.6584478477687581
[[  39 1144  366   35]
 [  69  515  275   46]
 [ 221  402  146   39]
 [ 207    1   24 1198]]
Epoch: [81/200], cls_loss: 0.0239, transfer_loss: -2.7995,person_loss: 0.0000, total_Loss: -1.3759
trian begin
trian end
n_person 361
SAMPLE
F1_MI: 0.4057541781256611 F1_MA: 0.3506401946484731 ACC_MI: 0.4057541781256611 F1_MA: 0.3172778291324884
BEST_F1_MI: 0.6775967844298709 BEST_F1_MA: 0.6292333281371452 BEST_ACC_MI: 0.6775967844298709 BEST_F1_MA: 0.6584478477687581
[[  30 1113  389   52]
 [  42  439  312  112]
 [  94  455   93  166]
 [  64    0   10 1356]]
Epoch: [82/200], cls_loss: 0.0154, transfer_loss: -2.7863,person_loss: 0.0000, total_Loss: -1.3778
trian begin
trian end
n_person 361
SAMPLE
F1_MI: 0.4049079754601227 F1_MA: 0.348853978177536 ACC_MI: 0.4049079754601227 F1_MA: 0.3144392495273052
BEST_F1_MI: 0.6775967844298709 BEST_F1_MA: 0.6292333281371452 BEST_ACC_MI: 0.6775967844298709 BEST_F1_MA: 0.6584478477687581
[[  17 1088  430   49]
 [  18  424  369   94]
 [ 149  452  107  100]
 [  32    9   23 1366]]
Epoch: [83/200], cls_loss: 0.0357, transfer_loss: -2.7802,person_loss: 0.0000, total_Loss: -1.3545
trian begin
trian end
n_person 361
SAMPLE
F1_MI: 0.42119737677173685 F1_MA: 0.3746107118542847 ACC_MI: 0.42119737677173685 F1_MA: 0.34493535005561016
BEST_F1_MI: 0.6775967844298709 BEST_F1_MA: 0.6292333281371452 BEST_ACC_MI: 0.6775967844298709 BEST_F1_MA: 0.6584478477687581
[[  53 1113  371   47]
 [  68  451  292   94]
 [ 206  377  126   99]
 [  47    3   19 1361]]
Epoch: [84/200], cls_loss: 0.0570, transfer_loss: -2.7763,person_loss: 0.0000, total_Loss: -1.3311
trian begin
trian end
n_person 361
SAMPLE
F1_MI: 0.41971652210704463 F1_MA: 0.3758725703734306 ACC_MI: 0.41971652210704463 F1_MA: 0.3420037020379101
BEST_F1_MI: 0.6775967844298709 BEST_F1_MA: 0.6292333281371452 BEST_ACC_MI: 0.6775967844298709 BEST_F1_MA: 0.6584478477687581
[[  15 1139  383   47]
 [  22  351  438   94]
 [  78  370  260  100]
 [  44   11   17 1358]]
Epoch: [85/200], cls_loss: 0.0179, transfer_loss: -2.7925,person_loss: 0.0000, total_Loss: -1.3784
[[1224  291   17   52]
 [ 313  460   30  102]
 [ 447  126  124  111]
 [   0   19   16 1395]]
[[1224  291   17   52]
 [ 313  460   30  102]
 [ 447  126  124  111]
 [   0   19   16 1395]]
ARG: Namespace(backbone='resnet50', batch_size=32, config='BNM/BNM.yaml', data_dir='data', device=device(type='cuda'), early_stop=50, epoch_based_training=False, lr=0.003, lr_decay=0.75, lr_gamma=0.0003, lr_scheduler=True, max_iter=21000, method='False', momentum=0.9, myweight=0.1, n_class=4, n_epoch=200, n_iter_per_epoch=105, num_workers=3, seed=1, src_domain='UCI', tgt_domain='PAMAP2', tname='transfer', transfer_loss='bnm', transfer_loss_weight=0.5, use_bottleneck=True, weight_decay=0.0005)
