adv 2 UCI WISDM DANN/DANN.yaml True
Namespace(backbone='resnet50', batch_size=32, config='DANN/DANN.yaml', data_dir='data', device=device(type='cuda'), early_stop=50, epoch_based_training=False, lr=0.003, lr_decay=0.75, lr_gamma=0.0003, lr_scheduler=True, method='True', momentum=0.9, myweight=0.1, n_epoch=200, n_iter_per_epoch=100, num_workers=3, seed=2, src_domain='UCI', tgt_domain='WISDM', tname='transfer', transfer_loss='adv', transfer_loss_weight=0.5, use_bottleneck=True, weight_decay=0.0005)
JUST DO IT
run my Parkinson code
transfer
TRAIN Length: 3369 615 TEST Length: 13609 322
YYY: 0 3
DATA_PROFILE   train: 3369 train2: 13609 test: 13609
DATASET.SHAPE: <data_loader.GetTrainLoader object at 0x7f7561b15e10> True
DATASET.SHAPE: <data_loader.GetTrainLoader object at 0x7f7561664048> True
DATASET.SHAPE: <data_loader.GetTestLoader object at 0x7f761287f048> False
CLASS: 4 322
LLL: {}
BOTTLENECK_LIST: [Linear(in_features=512, out_features=256, bias=True), ReLU()]
TYPE: {'loss_type': 'adv', 'max_iter': 21000, 'num_class': 4, 'my_person_item': <my_person_item.PersonItem object at 0x7f76127f11d0>}
initial_lr 1.0
transfer_world
method True <class 'str'>
1.10.1+cu102
True
LEN: 0 0
LOADER: <data_loader.InfiniteDataLoader object at 0x7f75616642b0> <data_loader.InfiniteDataLoader object at 0x7f75596fcf28>
N_batch: 105
trian begin
trian end
n_person 322
SAMPLE
F1_MI: 0.42765816738922774 F1_MA: 0.5032879667468393 ACC_MI: 0.42765816738922774 F1_MA: 0.5057418227410286
BEST_F1_MI: 0.42765816738922774 BEST_F1_MA: 0.5032879667468393 BEST_ACC_MI: 0.42765816738922774 BEST_F1_MA: 0.5057418227410286
[[3478 1153 3626    1]
 [1012  633  667   29]
 [ 739  539  610   13]
 [   2    8    0 1099]]
Epoch: [ 1/200], cls_loss: 0.4324, transfer_loss: 0.5886,person_loss: -1.8731, total_Loss: 0.5394
trian begin
trian end
n_person 322
SAMPLE
F1_MI: 0.27878609743552063 F1_MA: 0.4653340786829305 ACC_MI: 0.27878609743552063 F1_MA: 0.4364151883801363
BEST_F1_MI: 0.42765816738922774 BEST_F1_MA: 0.5032879667468393 BEST_ACC_MI: 0.42765816738922774 BEST_F1_MA: 0.5057418227410286
[[ 582 4891 2757   28]
 [ 222 1835  168  116]
 [ 198 1386  273   44]
 [   2    3    0 1104]]
Epoch: [ 2/200], cls_loss: 0.1428, transfer_loss: 0.3696,person_loss: -1.9409, total_Loss: 0.1335
trian begin
trian end
n_person 322
SAMPLE
F1_MI: 0.4159747226100375 F1_MA: 0.500431537305228 ACC_MI: 0.4159747226100375 F1_MA: 0.4850389266052978
BEST_F1_MI: 0.42765816738922774 BEST_F1_MA: 0.5032879667468393 BEST_ACC_MI: 0.42765816738922774 BEST_F1_MA: 0.5057418227410286
[[3053 1397 3783   25]
 [ 797  908  497  139]
 [ 667  573  594   67]
 [   0    3    0 1106]]
Epoch: [ 3/200], cls_loss: 0.0662, transfer_loss: 0.2213,person_loss: -1.9700, total_Loss: -0.0202
trian begin
trian end
n_person 322
SAMPLE
F1_MI: 0.39584098758174735 F1_MA: 0.49661102376493016 ACC_MI: 0.39584098758174735 F1_MA: 0.49106936615577856
BEST_F1_MI: 0.42765816738922774 BEST_F1_MA: 0.5032879667468393 BEST_ACC_MI: 0.42765816738922774 BEST_F1_MA: 0.5057418227410286
[[2821 1819 3616    2]
 [ 867  974  456   44]
 [ 689  689  490   33]
 [   2    1    4 1102]]
Epoch: [ 4/200], cls_loss: 0.0381, transfer_loss: 0.2725,person_loss: -1.9760, total_Loss: -0.0233
trian begin
trian end
n_person 322
SAMPLE
F1_MI: 0.40847968256300976 F1_MA: 0.47146971517915703 ACC_MI: 0.40847968256300976 F1_MA: 0.4472102546500309
BEST_F1_MI: 0.42765816738922774 BEST_F1_MA: 0.5032879667468393 BEST_ACC_MI: 0.42765816738922774 BEST_F1_MA: 0.5057418227410286
[[3117  998 3918  225]
 [ 849  833  466  193]
 [ 661  613  506  121]
 [   5    1    0 1103]]
Epoch: [ 5/200], cls_loss: 0.0334, transfer_loss: 0.1677,person_loss: -1.9834, total_Loss: -0.0811
trian begin
trian end
n_person 322
SAMPLE
F1_MI: 0.45528694246454554 F1_MA: 0.5062005330934558 ACC_MI: 0.45528694246454554 F1_MA: 0.4899735455069151
BEST_F1_MI: 0.45528694246454554 BEST_F1_MA: 0.5062005330934558 BEST_ACC_MI: 0.45528694246454554 BEST_F1_MA: 0.5057418227410286
[[3669 1057 3506   26]
 [ 686  964  480  211]
 [ 712  642  456   91]
 [   2    0    0 1107]]
Epoch: [ 6/200], cls_loss: 0.0311, transfer_loss: 0.2929,person_loss: -1.9852, total_Loss: -0.0209
trian begin
trian end
n_person 322
SAMPLE
F1_MI: 0.41362333749724445 F1_MA: 0.512561441302427 ACC_MI: 0.41362333749724445 F1_MA: 0.4909233936443657
BEST_F1_MI: 0.45528694246454554 BEST_F1_MA: 0.512561441302427 BEST_ACC_MI: 0.45528694246454554 BEST_F1_MA: 0.5057418227410286
[[2675 2772 2798   13]
 [ 464 1495  243  139]
 [ 474 1007  355   65]
 [   1    4    0 1104]]
Epoch: [ 7/200], cls_loss: 0.0278, transfer_loss: 0.3325,person_loss: -1.9748, total_Loss: -0.0035
trian begin
trian end
n_person 322
SAMPLE
F1_MI: 0.46197369387905063 F1_MA: 0.4735946366379171 ACC_MI: 0.46197369387905063 F1_MA: 0.4498735602207972
BEST_F1_MI: 0.46197369387905063 BEST_F1_MA: 0.512561441302427 BEST_ACC_MI: 0.46197369387905063 BEST_F1_MA: 0.5057418227410286
[[4100  761 3313   84]
 [1124  637  291  289]
 [ 880  383  443  195]
 [   2    0    0 1107]]
Epoch: [ 8/200], cls_loss: 0.0174, transfer_loss: 0.2031,person_loss: -1.9832, total_Loss: -0.0793
trian begin
trian end
n_person 322
SAMPLE
F1_MI: 0.39451833345580123 F1_MA: 0.4561458379511718 ACC_MI: 0.3945183334558013 F1_MA: 0.4161070227047441
BEST_F1_MI: 0.46197369387905063 BEST_F1_MA: 0.512561441302427 BEST_ACC_MI: 0.46197369387905063 BEST_F1_MA: 0.5057418227410286
[[2734 2284 3001  239]
 [ 320 1159  246  616]
 [ 281  882  368  370]
 [   0    1    0 1108]]
Epoch: [ 9/200], cls_loss: 0.0255, transfer_loss: 0.3272,person_loss: -1.9790, total_Loss: -0.0088
trian begin
trian end
n_person 322
SAMPLE
F1_MI: 0.4344183995885076 F1_MA: 0.4729534112530918 ACC_MI: 0.4344183995885076 F1_MA: 0.4397015156652876
BEST_F1_MI: 0.46197369387905063 BEST_F1_MA: 0.512561441302427 BEST_ACC_MI: 0.46197369387905063 BEST_F1_MA: 0.5057418227410286
[[3380 1438 3316  124]
 [ 529 1114  272  426]
 [ 601  789  312  199]
 [   0    3    0 1106]]
Epoch: [10/200], cls_loss: 0.0483, transfer_loss: 0.4514,person_loss: -1.9787, total_Loss: 0.0762
trian begin
trian end
n_person 322
SAMPLE
F1_MI: 0.378499522374899 F1_MA: 0.49041796376237184 ACC_MI: 0.378499522374899 F1_MA: 0.47804869625663937
BEST_F1_MI: 0.46197369387905063 BEST_F1_MA: 0.512561441302427 BEST_ACC_MI: 0.46197369387905063 BEST_F1_MA: 0.5057418227410286
[[2535  874 4777   72]
 [ 809  835  544  153]
 [ 630  518  681   72]
 [   0    9    0 1100]]
Epoch: [11/200], cls_loss: 0.0284, transfer_loss: 0.5380,person_loss: -1.9807, total_Loss: 0.0994
trian begin
trian end
n_person 322
SAMPLE
F1_MI: 0.33191270482768753 F1_MA: 0.4362721889130452 ACC_MI: 0.33191270482768753 F1_MA: 0.3988217194753823
BEST_F1_MI: 0.46197369387905063 BEST_F1_MA: 0.512561441302427 BEST_ACC_MI: 0.46197369387905063 BEST_F1_MA: 0.5057418227410286
[[1925 1222 4601  510]
 [ 417  860  586  478]
 [ 442  606  629  224]
 [   0    6    0 1103]]
Epoch: [12/200], cls_loss: 0.0643, transfer_loss: 0.8449,person_loss: -1.9738, total_Loss: 0.2894
trian begin
trian end
n_person 322
SAMPLE
F1_MI: 0.3232419722242634 F1_MA: 0.40390102646345033 ACC_MI: 0.3232419722242634 F1_MA: 0.3557543234511713
BEST_F1_MI: 0.46197369387905063 BEST_F1_MA: 0.512561441302427 BEST_ACC_MI: 0.46197369387905063 BEST_F1_MA: 0.5057418227410286
[[1864 1908 2943 1543]
 [ 332 1067  195  747]
 [ 292  769  364  476]
 [   0    5    0 1104]]
Epoch: [13/200], cls_loss: 0.0322, transfer_loss: 0.6848,person_loss: -1.9759, total_Loss: 0.1770
trian begin
trian end
n_person 322
SAMPLE
F1_MI: 0.42008964655742526 F1_MA: 0.41189375802395495 ACC_MI: 0.42008964655742526 F1_MA: 0.36240975333075337
BEST_F1_MI: 0.46197369387905063 BEST_F1_MA: 0.512561441302427 BEST_ACC_MI: 0.46197369387905063 BEST_F1_MA: 0.5057418227410286
[[3554 1293 1758 1653]
 [ 556  753  325  707]
 [ 726  427  307  441]
 [   0    6    0 1103]]
Epoch: [14/200], cls_loss: 0.0255, transfer_loss: 0.6587,person_loss: -1.9816, total_Loss: 0.1567
trian begin
trian end
n_person 322
SAMPLE
F1_MI: 0.3047982952457932 F1_MA: 0.4173826310988639 ACC_MI: 0.3047982952457932 F1_MA: 0.3716545632208223
BEST_F1_MI: 0.46197369387905063 BEST_F1_MA: 0.512561441302427 BEST_ACC_MI: 0.46197369387905063 BEST_F1_MA: 0.5057418227410286
[[1486 1251 4315 1206]
 [ 309  919  614  499]
 [ 378  623  640  260]
 [   0    6    0 1103]]
Epoch: [15/200], cls_loss: 0.0405, transfer_loss: 0.8006,person_loss: -1.9803, total_Loss: 0.2428
trian begin
trian end
n_person 322
SAMPLE
F1_MI: 0.3691674627085017 F1_MA: 0.42145008941380013 ACC_MI: 0.3691674627085017 F1_MA: 0.37868935004446325
BEST_F1_MI: 0.46197369387905063 BEST_F1_MA: 0.512561441302427 BEST_ACC_MI: 0.46197369387905063 BEST_F1_MA: 0.5057418227410286
[[2687  817 3592 1162]
 [ 633  695  537  476]
 [ 668  405  539  289]
 [   4    2    0 1103]]
Epoch: [16/200], cls_loss: 0.0187, transfer_loss: 0.6725,person_loss: -1.9821, total_Loss: 0.1567
trian begin
trian end
n_person 322
SAMPLE
F1_MI: 0.37556029098390764 F1_MA: 0.4249047352822463 ACC_MI: 0.3755602909839077 F1_MA: 0.37442953287134234
BEST_F1_MI: 0.46197369387905063 BEST_F1_MA: 0.512561441302427 BEST_ACC_MI: 0.46197369387905063 BEST_F1_MA: 0.5057418227410286
[[2575 1793 2724 1166]
 [ 448  984  401  508]
 [ 524  610  445  322]
 [   0    2    0 1107]]
Epoch: [17/200], cls_loss: 0.0132, transfer_loss: 0.6222,person_loss: -1.9808, total_Loss: 0.1262
trian begin
trian end
n_person 322
SAMPLE
F1_MI: 0.3766625027555294 F1_MA: 0.4567063867383689 ACC_MI: 0.3766625027555294 F1_MA: 0.41181743249482206
BEST_F1_MI: 0.46197369387905063 BEST_F1_MA: 0.512561441302427 BEST_ACC_MI: 0.46197369387905063 BEST_F1_MA: 0.5057418227410286
[[2408 1238 3669  943]
 [ 390  864  682  405]
 [ 335  561  751  254]
 [   0    6    0 1103]]
Epoch: [18/200], cls_loss: 0.0172, transfer_loss: 0.6596,person_loss: -1.9839, total_Loss: 0.1486
trian begin
trian end
n_person 322
SAMPLE
F1_MI: 0.41744433830553307 F1_MA: 0.4157701609819801 ACC_MI: 0.4174443383055331 F1_MA: 0.361866504693943
BEST_F1_MI: 0.46197369387905063 BEST_F1_MA: 0.512561441302427 BEST_ACC_MI: 0.46197369387905063 BEST_F1_MA: 0.5057418227410286
[[3282 1805 1823 1348]
 [ 473 1202  154  512]
 [ 563  934   96  308]
 [   1    7    0 1101]]
Epoch: [19/200], cls_loss: 0.0302, transfer_loss: 0.6927,person_loss: -1.9839, total_Loss: 0.1781
trian begin
trian end
n_person 322
SAMPLE
F1_MI: 0.32353589536336247 F1_MA: 0.4013288336600685 ACC_MI: 0.32353589536336247 F1_MA: 0.3520769868539194
BEST_F1_MI: 0.46197369387905063 BEST_F1_MA: 0.512561441302427 BEST_ACC_MI: 0.46197369387905063 BEST_F1_MA: 0.5057418227410286
[[1831 2301 2493 1633]
 [ 240 1252  212  637]
 [ 319  935  214  433]
 [   1    2    0 1106]]
Epoch: [20/200], cls_loss: 0.0110, transfer_loss: 0.6804,person_loss: -1.9851, total_Loss: 0.1527
trian begin
trian end
n_person 322
SAMPLE
F1_MI: 0.36086413402895146 F1_MA: 0.4894590390519096 ACC_MI: 0.36086413402895146 F1_MA: 0.4460603590072918
BEST_F1_MI: 0.46197369387905063 BEST_F1_MA: 0.512561441302427 BEST_ACC_MI: 0.46197369387905063 BEST_F1_MA: 0.5057418227410286
[[1783 1836 3710  929]
 [  92 1081  826  342]
 [ 171  631  944  155]
 [   0    2    4 1103]]
Epoch: [21/200], cls_loss: 0.0239, transfer_loss: 0.6987,person_loss: -1.9835, total_Loss: 0.1749
trian begin
trian end
n_person 322
SAMPLE
F1_MI: 0.38290836946138584 F1_MA: 0.44457260854014896 ACC_MI: 0.38290836946138584 F1_MA: 0.3966414488345167
BEST_F1_MI: 0.46197369387905063 BEST_F1_MA: 0.512561441302427 BEST_ACC_MI: 0.46197369387905063 BEST_F1_MA: 0.5057418227410286
[[2543 1262 3025 1428]
 [ 391 1050  365  535]
 [ 282  795  513  311]
 [   1    3    0 1105]]
Epoch: [22/200], cls_loss: 0.0206, transfer_loss: 0.6641,person_loss: -1.9834, total_Loss: 0.1544
trian begin
trian end
n_person 322
SAMPLE
F1_MI: 0.3195679329855243 F1_MA: 0.3996348924115422 ACC_MI: 0.3195679329855243 F1_MA: 0.35917338929499654
BEST_F1_MI: 0.46197369387905063 BEST_F1_MA: 0.512561441302427 BEST_ACC_MI: 0.46197369387905063 BEST_F1_MA: 0.5057418227410286
[[2092  839 3573 1754]
 [ 334  560  567  880]
 [ 385  425  589  502]
 [   0    1    0 1108]]
Epoch: [23/200], cls_loss: 0.0113, transfer_loss: 0.6610,person_loss: -1.9854, total_Loss: 0.1433
trian begin
trian end
n_person 322
SAMPLE
F1_MI: 0.3786464839444486 F1_MA: 0.4175865929785727 ACC_MI: 0.37864648394444855 F1_MA: 0.37703272776545527
BEST_F1_MI: 0.46197369387905063 BEST_F1_MA: 0.512561441302427 BEST_ACC_MI: 0.46197369387905063 BEST_F1_MA: 0.5057418227410286
[[2928  849 3452 1029]
 [ 575  700  533  533]
 [ 733  465  418  285]
 [   1    1    0 1107]]
Epoch: [24/200], cls_loss: 0.0300, transfer_loss: 0.6689,person_loss: -1.9818, total_Loss: 0.1662
trian begin
trian end
n_person 322
SAMPLE
F1_MI: 0.340509956646337 F1_MA: 0.3982458146217738 ACC_MI: 0.340509956646337 F1_MA: 0.3528634860217123
BEST_F1_MI: 0.46197369387905063 BEST_F1_MA: 0.512561441302427 BEST_ACC_MI: 0.46197369387905063 BEST_F1_MA: 0.5057418227410286
[[2298 1290 3381 1289]
 [ 544  914  439  444]
 [ 628  772  327  174]
 [   1   13    0 1095]]
Epoch: [25/200], cls_loss: 0.0224, transfer_loss: 0.7225,person_loss: -1.9839, total_Loss: 0.1853
trian begin
trian end
n_person 322
SAMPLE
F1_MI: 0.34660886178264383 F1_MA: 0.4243586130808181 ACC_MI: 0.34660886178264383 F1_MA: 0.37625191658117774
BEST_F1_MI: 0.46197369387905063 BEST_F1_MA: 0.512561441302427 BEST_ACC_MI: 0.46197369387905063 BEST_F1_MA: 0.5057418227410286
[[2075 1454 3745  984]
 [ 632 1104  332  273]
 [ 553  775  435  138]
 [   1    5    0 1103]]
Epoch: [26/200], cls_loss: 0.0123, transfer_loss: 0.6808,person_loss: -1.9828, total_Loss: 0.1544
trian begin
trian end
n_person 322
SAMPLE
F1_MI: 0.3668895583804835 F1_MA: 0.4182241345866665 ACC_MI: 0.3668895583804835 F1_MA: 0.37028336523516714
BEST_F1_MI: 0.46197369387905063 BEST_F1_MA: 0.512561441302427 BEST_ACC_MI: 0.46197369387905063 BEST_F1_MA: 0.5057418227410286
[[2546 1327 2837 1548]
 [ 383  911  401  646]
 [ 499  621  428  353]
 [   0    1    0 1108]]
Epoch: [27/200], cls_loss: 0.0133, transfer_loss: 0.6790,person_loss: -1.9855, total_Loss: 0.1542
trian begin
trian end
n_person 322
SAMPLE
F1_MI: 0.31729002865750605 F1_MA: 0.3937595242240571 ACC_MI: 0.31729002865750605 F1_MA: 0.35045130773868455
BEST_F1_MI: 0.46197369387905063 BEST_F1_MA: 0.512561441302427 BEST_ACC_MI: 0.46197369387905063 BEST_F1_MA: 0.5057418227410286
[[2041  769 3850 1598]
 [ 527  629  605  580]
 [ 584  451  545  321]
 [   1    5    0 1103]]
Epoch: [28/200], cls_loss: 0.0205, transfer_loss: 0.6735,person_loss: -1.9856, total_Loss: 0.1586
trian begin
trian end
n_person 322
SAMPLE
F1_MI: 0.36343596149606877 F1_MA: 0.4286415477323048 ACC_MI: 0.36343596149606877 F1_MA: 0.38239766050527274
BEST_F1_MI: 0.46197369387905063 BEST_F1_MA: 0.512561441302427 BEST_ACC_MI: 0.46197369387905063 BEST_F1_MA: 0.5057418227410286
[[2405 1282 3684  887]
 [ 668  925  378  370]
 [ 556  610  514  221]
 [   2    5    0 1102]]
Epoch: [29/200], cls_loss: 0.0090, transfer_loss: 0.6617,person_loss: -1.9838, total_Loss: 0.1415
trian begin
trian end
n_person 322
SAMPLE
F1_MI: 0.3225806451612903 F1_MA: 0.3950418348745163 ACC_MI: 0.3225806451612903 F1_MA: 0.3430230666893723
BEST_F1_MI: 0.46197369387905063 BEST_F1_MA: 0.512561441302427 BEST_ACC_MI: 0.46197369387905063 BEST_F1_MA: 0.5057418227410286
[[1806 1680 2961 1811]
 [ 376 1293  126  546]
 [ 412 1021  193  275]
 [   1   10    0 1098]]
Epoch: [30/200], cls_loss: 0.0287, transfer_loss: 0.7008,person_loss: -1.9807, total_Loss: 0.1810
trian begin
trian end
n_person 322
SAMPLE
F1_MI: 0.3403629950767874 F1_MA: 0.40069912028790433 ACC_MI: 0.3403629950767874 F1_MA: 0.3522428332108657
BEST_F1_MI: 0.46197369387905063 BEST_F1_MA: 0.512561441302427 BEST_ACC_MI: 0.46197369387905063 BEST_F1_MA: 0.5057418227410286
[[2247 1217 3325 1469]
 [ 581  828  458  474]
 [ 604  640  456  201]
 [   1    7    0 1101]]
Epoch: [31/200], cls_loss: 0.0388, transfer_loss: 0.6808,person_loss: -1.9844, total_Loss: 0.1808
trian begin
trian end
n_person 322
SAMPLE
F1_MI: 0.27775736644867366 F1_MA: 0.3559002028809979 ACC_MI: 0.27775736644867366 F1_MA: 0.3044378513449744
BEST_F1_MI: 0.46197369387905063 BEST_F1_MA: 0.512561441302427 BEST_ACC_MI: 0.46197369387905063 BEST_F1_MA: 0.5057418227410286
[[1462 1545 3626 1625]
 [ 548 1002  188  603]
 [ 595  733  209  364]
 [   0    2    0 1107]]
Epoch: [32/200], cls_loss: 0.0093, transfer_loss: 0.6664,person_loss: -1.9846, total_Loss: 0.1441
trian begin
trian end
n_person 322
SAMPLE
F1_MI: 0.3760746564773311 F1_MA: 0.39089527284469566 ACC_MI: 0.3760746564773312 F1_MA: 0.3394269333982862
BEST_F1_MI: 0.46197369387905063 BEST_F1_MA: 0.512561441302427 BEST_ACC_MI: 0.46197369387905063 BEST_F1_MA: 0.5057418227410286
[[2880 1446 2348 1584]
 [ 644  996  149  552]
 [ 696  657  136  412]
 [   3    0    0 1106]]
Epoch: [33/200], cls_loss: 0.0058, transfer_loss: 0.6732,person_loss: -1.9825, total_Loss: 0.1441
trian begin
trian end
n_person 322
SAMPLE
F1_MI: 0.3265486075391285 F1_MA: 0.40793275531586165 ACC_MI: 0.3265486075391285 F1_MA: 0.3604993609712947
BEST_F1_MI: 0.46197369387905063 BEST_F1_MA: 0.512561441302427 BEST_ACC_MI: 0.46197369387905063 BEST_F1_MA: 0.5057418227410286
[[1975  945 3686 1652]
 [ 504  742  513  582]
 [ 436  546  624  295]
 [   0    6    0 1103]]
Epoch: [34/200], cls_loss: 0.0160, transfer_loss: 0.6877,person_loss: -1.9834, total_Loss: 0.1615
trian begin
trian end
n_person 322
SAMPLE
F1_MI: 0.30832537291498274 F1_MA: 0.4103998537979108 ACC_MI: 0.30832537291498274 F1_MA: 0.36331345807468585
BEST_F1_MI: 0.46197369387905063 BEST_F1_MA: 0.512561441302427 BEST_ACC_MI: 0.46197369387905063 BEST_F1_MA: 0.5057418227410286
[[1521 1122 4553 1062]
 [ 510 1199  317  315]
 [ 622  771  376  132]
 [   0    9    0 1100]]
Epoch: [35/200], cls_loss: 0.0551, transfer_loss: 0.6735,person_loss: -1.9820, total_Loss: 0.1937
trian begin
trian end
n_person 322
SAMPLE
F1_MI: 0.282680579028584 F1_MA: 0.4164492926404492 ACC_MI: 0.282680579028584 F1_MA: 0.3689429269077048
BEST_F1_MI: 0.46197369387905063 BEST_F1_MA: 0.512561441302427 BEST_ACC_MI: 0.46197369387905063 BEST_F1_MA: 0.5057418227410286
[[1076  998 4717 1467]
 [ 289  925  607  520]
 [ 284  482  740  395]
 [   0    3    0 1106]]
Epoch: [36/200], cls_loss: 0.0184, transfer_loss: 0.7343,person_loss: -1.9843, total_Loss: 0.1871
trian begin
trian end
n_person 322
SAMPLE
F1_MI: 0.3061209493717393 F1_MA: 0.43537582348954745 ACC_MI: 0.3061209493717393 F1_MA: 0.3822986441426447
BEST_F1_MI: 0.46197369387905063 BEST_F1_MA: 0.512561441302427 BEST_ACC_MI: 0.46197369387905063 BEST_F1_MA: 0.5057418227410286
[[1154 1292 4521 1291]
 [ 321 1176  562  282]
 [ 320  653  733  195]
 [   0    6    0 1103]]
Epoch: [37/200], cls_loss: 0.0222, transfer_loss: 0.7079,person_loss: -1.9835, total_Loss: 0.1778
trian begin
trian end
n_person 322
SAMPLE
F1_MI: 0.3538099786905724 F1_MA: 0.39436233251105973 ACC_MI: 0.3538099786905724 F1_MA: 0.34131898329049776
BEST_F1_MI: 0.46197369387905063 BEST_F1_MA: 0.512561441302427 BEST_ACC_MI: 0.46197369387905063 BEST_F1_MA: 0.5057418227410286
[[2363 1641 2587 1667]
 [ 468 1252   93  528]
 [ 548  887   94  372]
 [   0    3    0 1106]]
Epoch: [38/200], cls_loss: 0.0113, transfer_loss: 0.6929,person_loss: -1.9834, total_Loss: 0.1595
trian begin
trian end
n_person 322
SAMPLE
F1_MI: 0.28121096333308837 F1_MA: 0.36954644323175057 ACC_MI: 0.28121096333308837 F1_MA: 0.31650107699084407
BEST_F1_MI: 0.46197369387905063 BEST_F1_MA: 0.512561441302427 BEST_ACC_MI: 0.46197369387905063 BEST_F1_MA: 0.5057418227410286
[[1387 1192 3989 1690]
 [ 660  907  300  474]
 [ 561  611  431  298]
 [   2    5    0 1102]]
Epoch: [39/200], cls_loss: 0.0092, transfer_loss: 0.6854,person_loss: -1.9851, total_Loss: 0.1534
trian begin
trian end
n_person 322
SAMPLE
F1_MI: 0.3552061136012933 F1_MA: 0.3987415067147254 ACC_MI: 0.3552061136012933 F1_MA: 0.34994391176463957
BEST_F1_MI: 0.46197369387905063 BEST_F1_MA: 0.512561441302427 BEST_ACC_MI: 0.46197369387905063 BEST_F1_MA: 0.5057418227410286
[[2428 1541 1947 2342]
 [ 249 1239   66  787]
 [ 342  869   59  631]
 [   0    1    0 1108]]
Epoch: [40/200], cls_loss: 0.0579, transfer_loss: 0.6766,person_loss: -1.9837, total_Loss: 0.1979
trian begin
trian end
n_person 322
SAMPLE
F1_MI: 0.31023587331912705 F1_MA: 0.41309571016227636 ACC_MI: 0.31023587331912705 F1_MA: 0.3665589971868469
BEST_F1_MI: 0.46197369387905063 BEST_F1_MA: 0.512561441302427 BEST_ACC_MI: 0.46197369387905063 BEST_F1_MA: 0.5057418227410286
[[1557 1073 3746 1882]
 [ 321 1119  391  510]
 [ 337  714  447  403]
 [   1    9    0 1099]]
Epoch: [41/200], cls_loss: 0.0207, transfer_loss: 0.6961,person_loss: -1.9845, total_Loss: 0.1703
trian begin
trian end
n_person 322
SAMPLE
F1_MI: 0.44595488279814827 F1_MA: 0.44254025199223945 ACC_MI: 0.44595488279814827 F1_MA: 0.39137861052337664
BEST_F1_MI: 0.46197369387905063 BEST_F1_MA: 0.512561441302427 BEST_ACC_MI: 0.46197369387905063 BEST_F1_MA: 0.5057418227410286
[[3576 1264 2277 1141]
 [ 616 1231  234  260]
 [ 722  802  161  216]
 [   0    8    0 1101]]
Epoch: [42/200], cls_loss: 0.0068, transfer_loss: 0.6770,person_loss: -1.9846, total_Loss: 0.1469
trian begin
trian end
n_person 322
SAMPLE
F1_MI: 0.37071055918877216 F1_MA: 0.4149764000596787 ACC_MI: 0.37071055918877216 F1_MA: 0.3699705036745242
BEST_F1_MI: 0.46197369387905063 BEST_F1_MA: 0.512561441302427 BEST_ACC_MI: 0.46197369387905063 BEST_F1_MA: 0.5057418227410286
[[2692  987 2559 2020]
 [ 401  901  296  743]
 [ 512  525  347  517]
 [   0    4    0 1105]]
Epoch: [43/200], cls_loss: 0.0147, transfer_loss: 0.7101,person_loss: -1.9863, total_Loss: 0.1711
trian begin
trian end
n_person 322
SAMPLE
F1_MI: 0.3040634873980454 F1_MA: 0.4193510426331414 ACC_MI: 0.3040634873980454 F1_MA: 0.3772223417003895
BEST_F1_MI: 0.46197369387905063 BEST_F1_MA: 0.512561441302427 BEST_ACC_MI: 0.46197369387905063 BEST_F1_MA: 0.5057418227410286
[[1408 1733 3334 1783]
 [ 119 1357  258  607]
 [ 171 1041  266  423]
 [   0    2    0 1107]]
Epoch: [44/200], cls_loss: 0.0066, transfer_loss: 0.6830,person_loss: -1.9820, total_Loss: 0.1498
trian begin
trian end
n_person 322
SAMPLE
F1_MI: 0.296127562642369 F1_MA: 0.40426860676334775 ACC_MI: 0.296127562642369 F1_MA: 0.3535360889770569
BEST_F1_MI: 0.46197369387905063 BEST_F1_MA: 0.512561441302427 BEST_ACC_MI: 0.46197369387905063 BEST_F1_MA: 0.5057418227410286
[[1338 1303 3916 1701]
 [ 389 1053  381  518]
 [ 298  691  537  375]
 [   3    4    0 1102]]
Epoch: [45/200], cls_loss: 0.0028, transfer_loss: 0.7007,person_loss: -1.9863, total_Loss: 0.1545
trian begin
trian end
n_person 322
SAMPLE
F1_MI: 0.4083327209934602 F1_MA: 0.4143767914046276 ACC_MI: 0.4083327209934602 F1_MA: 0.3614393710801632
BEST_F1_MI: 0.46197369387905063 BEST_F1_MA: 0.512561441302427 BEST_ACC_MI: 0.46197369387905063 BEST_F1_MA: 0.5057418227410286
[[3158 1408 2322 1370]
 [ 673 1174  144  350]
 [ 741  840  124  196]
 [   1    7    0 1101]]
Epoch: [46/200], cls_loss: 0.0085, transfer_loss: 0.6959,person_loss: -1.9890, total_Loss: 0.1575
trian begin
trian end
n_person 322
SAMPLE
F1_MI: 0.513924608714821 F1_MA: 0.4974216757848084 ACC_MI: 0.513924608714821 F1_MA: 0.4614118913297597
BEST_F1_MI: 0.513924608714821 BEST_F1_MA: 0.512561441302427 BEST_ACC_MI: 0.513924608714821 BEST_F1_MA: 0.5057418227410286
[[4462 1234 2366  196]
 [ 645 1296  157  243]
 [ 880  746  134  141]
 [   0    7    0 1102]]
Epoch: [47/200], cls_loss: 0.0043, transfer_loss: 0.6969,person_loss: -1.9879, total_Loss: 0.1540
trian begin
trian end
n_person 322
SAMPLE
F1_MI: 0.3417591299875083 F1_MA: 0.38628403618361856 ACC_MI: 0.3417591299875083 F1_MA: 0.33586778044964094
BEST_F1_MI: 0.513924608714821 BEST_F1_MA: 0.512561441302427 BEST_ACC_MI: 0.513924608714821 BEST_F1_MA: 0.5057418227410286
[[2298 1489 2885 1586]
 [ 520 1148  110  563]
 [ 567  858   99  377]
 [   1    2    0 1106]]
Epoch: [48/200], cls_loss: 0.0086, transfer_loss: 0.6935,person_loss: -1.9883, total_Loss: 0.1565
trian begin
trian end
n_person 322
SAMPLE
F1_MI: 0.3952531413035491 F1_MA: 0.4135197177853895 ACC_MI: 0.3952531413035491 F1_MA: 0.3621847500759773
BEST_F1_MI: 0.513924608714821 BEST_F1_MA: 0.512561441302427 BEST_ACC_MI: 0.513924608714821 BEST_F1_MA: 0.5057418227410286
[[2971 1312 2492 1483]
 [ 538 1149  210  444]
 [ 711  734  156  300]
 [   1    5    0 1103]]
Epoch: [49/200], cls_loss: 0.0171, transfer_loss: 0.6889,person_loss: -1.9847, total_Loss: 0.1631
trian begin
trian end
n_person 322
SAMPLE
F1_MI: 0.45198030714968035 F1_MA: 0.42834280620405624 ACC_MI: 0.45198030714968035 F1_MA: 0.3719751195689051
BEST_F1_MI: 0.513924608714821 BEST_F1_MA: 0.512561441302427 BEST_ACC_MI: 0.513924608714821 BEST_F1_MA: 0.5057418227410286
[[3720 1912 1687  939]
 [ 532 1272   79  458]
 [ 686  813   52  350]
 [   0    2    0 1107]]
Epoch: [50/200], cls_loss: 0.0096, transfer_loss: 0.6906,person_loss: -1.9896, total_Loss: 0.1560
trian begin
trian end
n_person 322
SAMPLE
F1_MI: 0.3526342861341759 F1_MA: 0.42328152719465933 ACC_MI: 0.3526342861341759 F1_MA: 0.37592999999446275
BEST_F1_MI: 0.513924608714821 BEST_F1_MA: 0.512561441302427 BEST_ACC_MI: 0.513924608714821 BEST_F1_MA: 0.5057418227410286
[[2258 1056 3284 1660]
 [ 445  872  516  508]
 [ 540  356  569  436]
 [   1    8    0 1100]]
Epoch: [51/200], cls_loss: 0.0057, transfer_loss: 0.6945,person_loss: -1.9885, total_Loss: 0.1541
trian begin
trian end
n_person 322
SAMPLE
F1_MI: 0.34631493864354473 F1_MA: 0.41633652176283104 ACC_MI: 0.34631493864354473 F1_MA: 0.3627513681816071
BEST_F1_MI: 0.513924608714821 BEST_F1_MA: 0.512561441302427 BEST_ACC_MI: 0.513924608714821 BEST_F1_MA: 0.5057418227410286
[[1985 1709 3301 1263]
 [ 414 1381  173  373]
 [ 595  820  242  244]
 [   1    3    0 1105]]
Epoch: [52/200], cls_loss: 0.0074, transfer_loss: 0.7040,person_loss: -1.9867, total_Loss: 0.1607
trian begin
trian end
n_person 322
SAMPLE
F1_MI: 0.24505841722389596 F1_MA: 0.37323599960729065 ACC_MI: 0.24505841722389596 F1_MA: 0.307032470342531
BEST_F1_MI: 0.513924608714821 BEST_F1_MA: 0.512561441302427 BEST_ACC_MI: 0.513924608714821 BEST_F1_MA: 0.5057418227410286
[[ 379 1396 5101 1382]
 [ 284 1143  467  447]
 [ 250  638  707  306]
 [   1    2    0 1106]]
Epoch: [53/200], cls_loss: 0.0086, transfer_loss: 0.6897,person_loss: -1.9868, total_Loss: 0.1548
trian begin
trian end
n_person 322
SAMPLE
F1_MI: 0.4095818943346315 F1_MA: 0.42643690020249214 ACC_MI: 0.4095818943346315 F1_MA: 0.37245406841843265
BEST_F1_MI: 0.513924608714821 BEST_F1_MA: 0.512561441302427 BEST_ACC_MI: 0.513924608714821 BEST_F1_MA: 0.5057418227410286
[[3054 1571 2341 1292]
 [ 643 1170  176  352]
 [ 688  631  245  337]
 [   1    2    1 1105]]
Epoch: [54/200], cls_loss: 0.0213, transfer_loss: 0.6898,person_loss: -1.9874, total_Loss: 0.1675
trian begin
trian end
n_person 322
SAMPLE
F1_MI: 0.4577852891468881 F1_MA: 0.45332065194258564 ACC_MI: 0.4577852891468881 F1_MA: 0.39777144646526225
BEST_F1_MI: 0.513924608714821 BEST_F1_MA: 0.512561441302427 BEST_ACC_MI: 0.513924608714821 BEST_F1_MA: 0.5057418227410286
[[3577 1834 1740 1107]
 [ 641 1359  171  170]
 [ 700  874  194  133]
 [   1    8    0 1100]]
Epoch: [55/200], cls_loss: 0.0081, transfer_loss: 0.6925,person_loss: -1.9846, total_Loss: 0.1559
trian begin
trian end
n_person 322
SAMPLE
F1_MI: 0.40568741274156805 F1_MA: 0.43533731258003355 ACC_MI: 0.40568741274156805 F1_MA: 0.38118934503414914
BEST_F1_MI: 0.513924608714821 BEST_F1_MA: 0.512561441302427 BEST_ACC_MI: 0.513924608714821 BEST_F1_MA: 0.5057418227410286
[[2860 1646 2097 1655]
 [ 417 1327  158  439]
 [ 376  928  230  367]
 [   1    4    0 1104]]
Epoch: [56/200], cls_loss: 0.0037, transfer_loss: 0.6978,person_loss: -1.9858, total_Loss: 0.1540
trian begin
trian end
n_person 322
SAMPLE
F1_MI: 0.36946138584760085 F1_MA: 0.4139837175226223 ACC_MI: 0.36946138584760085 F1_MA: 0.36233672603445
BEST_F1_MI: 0.513924608714821 BEST_F1_MA: 0.512561441302427 BEST_ACC_MI: 0.513924608714821 BEST_F1_MA: 0.5057418227410286
[[2461 1761 2255 1781]
 [ 292 1334  131  584]
 [ 385  814  129  573]
 [   1    4    0 1104]]
Epoch: [57/200], cls_loss: 0.0108, transfer_loss: 0.6905,person_loss: -1.9853, total_Loss: 0.1576
[[2675 2772 2798   13]
 [ 464 1495  243  139]
 [ 474 1007  355   65]
 [   1    4    0 1104]]
[[2675 2772 2798   13]
 [ 464 1495  243  139]
 [ 474 1007  355   65]
 [   1    4    0 1104]]
WHAT: True
SVAE_RESULT
JSON: {'best_f1': 0.512561441302427, 'best_matrix': [[2675, 2772, 2798, 13], [464, 1495, 243, 139], [474, 1007, 355, 65], [1, 4, 0, 1104]], 'args': 0.1}
ARG: Namespace(backbone='resnet50', batch_size=32, config='DANN/DANN.yaml', data_dir='data', device=device(type='cuda'), early_stop=50, epoch_based_training=False, lr=0.003, lr_decay=0.75, lr_gamma=0.0003, lr_scheduler=True, max_iter=21000, method='True', momentum=0.9, myweight=0.1, n_class=4, n_epoch=200, n_iter_per_epoch=105, num_workers=3, seed=2, src_domain='UCI', tgt_domain='WISDM', tname='transfer', transfer_loss='adv', transfer_loss_weight=0.5, use_bottleneck=True, weight_decay=0.0005)
