mmd 2 UCI PAMAP2 DAN/DAN.yaml True
Namespace(backbone='resnet50', batch_size=32, config='DAN/DAN.yaml', data_dir='data', device=device(type='cuda'), early_stop=50, epoch_based_training=False, lr=0.003, lr_decay=0.75, lr_gamma=0.0003, lr_scheduler=True, method='True', momentum=0.9, myweight=0.1, n_epoch=200, n_iter_per_epoch=100, num_workers=3, seed=2, src_domain='UCI', tgt_domain='PAMAP2', tname='transfer', transfer_loss='mmd', transfer_loss_weight=0.5, use_bottleneck=True, weight_decay=0.0005)
JUST DO IT
run my Parkinson code
transfer
TRAIN Length: 3369 615 TEST Length: 4725 360
YYY: 0 3
DATA_PROFILE   train: 3369 train2: 4725 test: 4725
DATASET.SHAPE: <data_loader.GetTrainLoader object at 0x7fe836e6ce10> True
DATASET.SHAPE: <data_loader.GetTrainLoader object at 0x7fe82ea41160> True
DATASET.SHAPE: <data_loader.GetTestLoader object at 0x7fe82ea47fd0> False
CLASS: 4 360
LLL: {}
BOTTLENECK_LIST: [Linear(in_features=512, out_features=256, bias=True), ReLU()]
TYPE: {'loss_type': 'mmd', 'max_iter': 21000, 'num_class': 4, 'my_person_item': <my_person_item.PersonItem object at 0x7fe8ee5b4198>}
initial_lr 1.0
transfer_world
method True <class 'str'>
1.10.1+cu102
True
LEN: 0 0
LOADER: <data_loader.InfiniteDataLoader object at 0x7fe82ea41fd0> <data_loader.InfiniteDataLoader object at 0x7fe82ea47ef0>
N_batch: 105
trian begin
trian end
n_person 360
SAMPLE
F1_MI: 0.45015873015873015 F1_MA: 0.40547435154340844 ACC_MI: 0.45015873015873015 F1_MA: 0.4057265768014351
BEST_F1_MI: 0.45015873015873015 BEST_F1_MA: 0.40547435154340844 BEST_ACC_MI: 0.45015873015873015 BEST_F1_MA: 0.4057265768014351
[[ 357 1106   64   55]
 [ 444  351    4  106]
 [ 376  292   28  112]
 [  31    8    0 1391]]
Epoch: [ 1/200], cls_loss: 0.4284, transfer_loss: 0.1183,person_loss: -1.7837, total_Loss: 0.3092
trian begin
trian end
n_person 360
SAMPLE
F1_MI: 0.4522751322751323 F1_MA: 0.3847139770123878 ACC_MI: 0.4522751322751323 F1_MA: 0.3390333717629942
BEST_F1_MI: 0.4522751322751323 BEST_F1_MA: 0.40547435154340844 BEST_ACC_MI: 0.4522751322751323 BEST_F1_MA: 0.4057265768014351
[[  36 1359  130   57]
 [  99  685    9  112]
 [  64  605   16  123]
 [  14   15    1 1400]]
Epoch: [ 2/200], cls_loss: 0.1621, transfer_loss: 0.0970,person_loss: -1.8425, total_Loss: 0.0263
trian begin
trian end
n_person 360
SAMPLE
F1_MI: 0.47534391534391535 F1_MA: 0.4656259497247277 ACC_MI: 0.47534391534391535 F1_MA: 0.4651246300648324
BEST_F1_MI: 0.47534391534391535 BEST_F1_MA: 0.4656259497247277 BEST_ACC_MI: 0.47534391534391535 BEST_F1_MA: 0.4651246300648324
[[ 105 1377   46   54]
 [  82  706    5  112]
 [  52  610   27  119]
 [  10   12    0 1408]]
Epoch: [ 3/200], cls_loss: 0.1182, transfer_loss: 0.0901,person_loss: -1.9236, total_Loss: -0.0291
trian begin
trian end
n_person 360
SAMPLE
F1_MI: 0.4653968253968254 F1_MA: 0.4108593386860605 ACC_MI: 0.4653968253968254 F1_MA: 0.3807545795089712
BEST_F1_MI: 0.47534391534391535 BEST_F1_MA: 0.4656259497247277 BEST_ACC_MI: 0.47534391534391535 BEST_F1_MA: 0.4651246300648324
[[ 167 1246  117   52]
 [ 150  628   14  113]
 [  78  608    6  116]
 [  29    3    0 1398]]
Epoch: [ 4/200], cls_loss: 0.0825, transfer_loss: 0.0974,person_loss: -1.9507, total_Loss: -0.0639
trian begin
trian end
n_person 360
SAMPLE
F1_MI: 0.39026455026455026 F1_MA: 0.37252675887504255 ACC_MI: 0.39026455026455026 F1_MA: 0.39176031308019504
BEST_F1_MI: 0.47534391534391535 BEST_F1_MA: 0.4656259497247277 BEST_ACC_MI: 0.47534391534391535 BEST_F1_MA: 0.4651246300648324
[[ 276  104 1161   41]
 [ 279  221  337   68]
 [ 373  264  111   60]
 [ 187    7    0 1236]]
Epoch: [ 5/200], cls_loss: 0.0525, transfer_loss: 0.0745,person_loss: -1.9570, total_Loss: -0.1060
trian begin
trian end
n_person 360
SAMPLE
F1_MI: 0.47894179894179895 F1_MA: 0.468064010955177 ACC_MI: 0.47894179894179895 F1_MA: 0.4674183314930841
BEST_F1_MI: 0.47894179894179895 BEST_F1_MA: 0.468064010955177 BEST_ACC_MI: 0.47894179894179895 BEST_F1_MA: 0.4674183314930841
[[ 122 1367   37   56]
 [  69  701   17  118]
 [  78  582   30  118]
 [  16    2    2 1410]]
Epoch: [ 6/200], cls_loss: 0.0584, transfer_loss: 0.0806,person_loss: -1.9556, total_Loss: -0.0969
trian begin
trian end
n_person 360
SAMPLE
F1_MI: 0.4675132275132275 F1_MA: 0.44608015228569275 ACC_MI: 0.4675132275132275 F1_MA: 0.4287116418382557
BEST_F1_MI: 0.47894179894179895 BEST_F1_MA: 0.468064010955177 BEST_ACC_MI: 0.47894179894179895 BEST_F1_MA: 0.4674183314930841
[[ 176  414  946   46]
 [ 224  333  260   88]
 [ 104  251  356   97]
 [  80    3    3 1344]]
Epoch: [ 7/200], cls_loss: 0.0447, transfer_loss: 0.0652,person_loss: -1.9595, total_Loss: -0.1186
trian begin
trian end
n_person 360
SAMPLE
F1_MI: 0.4622222222222222 F1_MA: 0.40404869637754803 ACC_MI: 0.4622222222222222 F1_MA: 0.3644796910188517
BEST_F1_MI: 0.47894179894179895 BEST_F1_MA: 0.468064010955177 BEST_ACC_MI: 0.47894179894179895 BEST_F1_MA: 0.4674183314930841
[[  62 1443   18   59]
 [  76  712    1  116]
 [  67  623    2  116]
 [  18    4    0 1408]]
Epoch: [ 8/200], cls_loss: 0.0622, transfer_loss: 0.0671,person_loss: -1.9590, total_Loss: -0.1001
trian begin
trian end
n_person 360
SAMPLE
F1_MI: 0.45396825396825397 F1_MA: 0.41701624519271635 ACC_MI: 0.45396825396825397 F1_MA: 0.41574350272161775
BEST_F1_MI: 0.47894179894179895 BEST_F1_MA: 0.468064010955177 BEST_ACC_MI: 0.47894179894179895 BEST_F1_MA: 0.4674183314930841
[[ 374  205  957   46]
 [ 395  250  174   86]
 [ 186  351  180   91]
 [  85    4    0 1341]]
Epoch: [ 9/200], cls_loss: 0.0373, transfer_loss: 0.0667,person_loss: -1.9632, total_Loss: -0.1257
trian begin
trian end
n_person 360
SAMPLE
F1_MI: 0.45312169312169315 F1_MA: 0.38169472755686246 ACC_MI: 0.45312169312169315 F1_MA: 0.3432251033084399
BEST_F1_MI: 0.47894179894179895 BEST_F1_MA: 0.468064010955177 BEST_ACC_MI: 0.47894179894179895 BEST_F1_MA: 0.4674183314930841
[[ 197  935  400   50]
 [ 191  570   14  130]
 [ 137  232    8  431]
 [  63    1    0 1366]]
Epoch: [10/200], cls_loss: 0.0296, transfer_loss: 0.0714,person_loss: -1.9743, total_Loss: -0.1321
trian begin
trian end
n_person 360
SAMPLE
F1_MI: 0.4361904761904762 F1_MA: 0.3788312403641752 ACC_MI: 0.4361904761904762 F1_MA: 0.3453287494261711
BEST_F1_MI: 0.47894179894179895 BEST_F1_MA: 0.468064010955177 BEST_ACC_MI: 0.47894179894179895 BEST_F1_MA: 0.4674183314930841
[[  66  579  807  130]
 [ 117  490   96  202]
 [  83  470   79  176]
 [   3    1    0 1426]]
Epoch: [11/200], cls_loss: 0.0323, transfer_loss: 0.0614,person_loss: -1.9678, total_Loss: -0.1338
trian begin
trian end
n_person 360
SAMPLE
F1_MI: 0.42455026455026457 F1_MA: 0.3606868397056305 ACC_MI: 0.42455026455026457 F1_MA: 0.3294689545114422
BEST_F1_MI: 0.47894179894179895 BEST_F1_MA: 0.468064010955177 BEST_ACC_MI: 0.47894179894179895 BEST_F1_MA: 0.4674183314930841
[[ 121  886  448  127]
 [ 218  443   37  207]
 [  99  537   36  136]
 [  24    0    0 1406]]
Epoch: [12/200], cls_loss: 0.0232, transfer_loss: 0.0597,person_loss: -1.9706, total_Loss: -0.1441
trian begin
trian end
n_person 360
SAMPLE
F1_MI: 0.46264550264550264 F1_MA: 0.4871389547808039 ACC_MI: 0.46264550264550264 F1_MA: 0.5473230165303075
BEST_F1_MI: 0.47894179894179895 BEST_F1_MA: 0.4871389547808039 BEST_ACC_MI: 0.47894179894179895 BEST_F1_MA: 0.5473230165303075
[[ 198 1332    1   51]
 [ 205  588    0  112]
 [ 100  588    3  117]
 [  29    4    0 1397]]
Epoch: [13/200], cls_loss: 0.0354, transfer_loss: 0.0596,person_loss: -1.9716, total_Loss: -0.1320
trian begin
trian end
n_person 360
SAMPLE
F1_MI: 0.47703703703703704 F1_MA: 0.4542782781299413 ACC_MI: 0.47703703703703704 F1_MA: 0.4405722072837144
BEST_F1_MI: 0.47894179894179895 BEST_F1_MA: 0.4871389547808039 BEST_ACC_MI: 0.47894179894179895 BEST_F1_MA: 0.5473230165303075
[[ 127 1190  212   53]
 [ 127  618   47  113]
 [  65  515  106  122]
 [  17    9    1 1403]]
Epoch: [14/200], cls_loss: 0.0360, transfer_loss: 0.0611,person_loss: -1.9737, total_Loss: -0.1308
trian begin
trian end
n_person 360
SAMPLE
F1_MI: 0.4732275132275132 F1_MA: 0.5062480311826612 ACC_MI: 0.4732275132275132 F1_MA: 0.561389777726105
BEST_F1_MI: 0.47894179894179895 BEST_F1_MA: 0.5062480311826612 BEST_ACC_MI: 0.47894179894179895 BEST_F1_MA: 0.561389777726105
[[ 170 1355    9   48]
 [ 224  573    8  100]
 [ 132  453  110  113]
 [  45    2    0 1383]]
Epoch: [15/200], cls_loss: 0.0349, transfer_loss: 0.0612,person_loss: -1.9721, total_Loss: -0.1317
trian begin
trian end
n_person 360
SAMPLE
F1_MI: 0.49037037037037035 F1_MA: 0.4679261572860943 ACC_MI: 0.49037037037037035 F1_MA: 0.4574604746066874
BEST_F1_MI: 0.49037037037037035 BEST_F1_MA: 0.5062480311826612 BEST_ACC_MI: 0.49037037037037035 BEST_F1_MA: 0.561389777726105
[[ 272  965  294   51]
 [ 234  323  231  117]
 [ 143  214  339  112]
 [  47    0    0 1383]]
Epoch: [16/200], cls_loss: 0.0275, transfer_loss: 0.0564,person_loss: -1.9709, total_Loss: -0.1414
trian begin
trian end
n_person 360
SAMPLE
F1_MI: 0.4624338624338624 F1_MA: 0.4343030586695165 ACC_MI: 0.4624338624338624 F1_MA: 0.41619555991105744
BEST_F1_MI: 0.49037037037037035 BEST_F1_MA: 0.5062480311826612 BEST_ACC_MI: 0.49037037037037035 BEST_F1_MA: 0.561389777726105
[[ 152  839  518   73]
 [ 144  404  231  126]
 [  93  349  250  116]
 [  49    2    0 1379]]
Epoch: [17/200], cls_loss: 0.0210, transfer_loss: 0.0580,person_loss: -1.9762, total_Loss: -0.1476
trian begin
trian end
n_person 360
SAMPLE
F1_MI: 0.5168253968253969 F1_MA: 0.5142180845324091 ACC_MI: 0.5168253968253969 F1_MA: 0.4978654191978247
BEST_F1_MI: 0.5168253968253969 BEST_F1_MA: 0.5142180845324091 BEST_ACC_MI: 0.5168253968253969 BEST_F1_MA: 0.561389777726105
[[ 150 1240  105   87]
 [ 135  454  175  141]
 [ 130   89  455  134]
 [  46    1    0 1383]]
Epoch: [18/200], cls_loss: 0.0202, transfer_loss: 0.0686,person_loss: -1.9786, total_Loss: -0.1434
trian begin
trian end
n_person 360
SAMPLE
F1_MI: 0.5398941798941799 F1_MA: 0.5504791748232427 ACC_MI: 0.5398941798941799 F1_MA: 0.5385849872841388
BEST_F1_MI: 0.5398941798941799 BEST_F1_MA: 0.5504791748232427 BEST_ACC_MI: 0.5398941798941799 BEST_F1_MA: 0.561389777726105
[[ 143 1296   92   51]
 [  86  476  228  115]
 [  69   92  528  119]
 [  23    3    0 1404]]
Epoch: [19/200], cls_loss: 0.0236, transfer_loss: 0.0483,person_loss: -1.9772, total_Loss: -0.1500
trian begin
trian end
n_person 360
SAMPLE
F1_MI: 0.55005291005291 F1_MA: 0.5572087481019938 ACC_MI: 0.55005291005291 F1_MA: 0.5438071696164775
BEST_F1_MI: 0.55005291005291 BEST_F1_MA: 0.5572087481019938 BEST_ACC_MI: 0.55005291005291 BEST_F1_MA: 0.561389777726105
[[ 175 1240  106   61]
 [ 121  444  177  163]
 [  84   36  556  132]
 [   5    1    0 1424]]
Epoch: [20/200], cls_loss: 0.0204, transfer_loss: 0.0672,person_loss: -1.9813, total_Loss: -0.1441
trian begin
trian end
n_person 360
SAMPLE
F1_MI: 0.5335449735449735 F1_MA: 0.5378119046747164 ACC_MI: 0.5335449735449735 F1_MA: 0.5226383392127365
BEST_F1_MI: 0.55005291005291 BEST_F1_MA: 0.5572087481019938 BEST_ACC_MI: 0.55005291005291 BEST_F1_MA: 0.561389777726105
[[ 170 1282   80   50]
 [ 134  430  211  130]
 [ 110   54  538  106]
 [  45    1    1 1383]]
Epoch: [21/200], cls_loss: 0.0184, transfer_loss: 0.0538,person_loss: -1.9810, total_Loss: -0.1528
trian begin
trian end
n_person 360
SAMPLE
F1_MI: 0.5255026455026455 F1_MA: 0.520503729344655 ACC_MI: 0.5255026455026455 F1_MA: 0.5147261814180587
BEST_F1_MI: 0.55005291005291 BEST_F1_MA: 0.5572087481019938 BEST_ACC_MI: 0.55005291005291 BEST_F1_MA: 0.561389777726105
[[ 303 1069  163   47]
 [ 195  366  242  102]
 [  94  152  448  114]
 [  49    2   13 1366]]
Epoch: [22/200], cls_loss: 0.0416, transfer_loss: 0.0586,person_loss: -1.9804, total_Loss: -0.1272
trian begin
trian end
n_person 360
SAMPLE
F1_MI: 0.5441269841269841 F1_MA: 0.554907940831514 ACC_MI: 0.5441269841269841 F1_MA: 0.542062591178241
BEST_F1_MI: 0.55005291005291 BEST_F1_MA: 0.5572087481019938 BEST_ACC_MI: 0.55005291005291 BEST_F1_MA: 0.561389777726105
[[ 166 1312   54   50]
 [ 118  478  206  103]
 [ 100   58  544  106]
 [  38    7    2 1383]]
Epoch: [23/200], cls_loss: 0.0200, transfer_loss: 0.0456,person_loss: -1.9798, total_Loss: -0.1552
trian begin
trian end
n_person 360
SAMPLE
F1_MI: 0.515978835978836 F1_MA: 0.5045453800579104 ACC_MI: 0.515978835978836 F1_MA: 0.48939155283796315
BEST_F1_MI: 0.55005291005291 BEST_F1_MA: 0.5572087481019938 BEST_ACC_MI: 0.55005291005291 BEST_F1_MA: 0.561389777726105
[[ 264 1044  224   50]
 [ 145  269  391  100]
 [ 125   44  532  107]
 [  45    8    4 1373]]
Epoch: [24/200], cls_loss: 0.0179, transfer_loss: 0.0575,person_loss: -1.9821, total_Loss: -0.1516
trian begin
trian end
n_person 360
SAMPLE
F1_MI: 0.4857142857142857 F1_MA: 0.4833217484109612 ACC_MI: 0.4857142857142857 F1_MA: 0.4749922553295338
BEST_F1_MI: 0.55005291005291 BEST_F1_MA: 0.5572087481019938 BEST_ACC_MI: 0.55005291005291 BEST_F1_MA: 0.561389777726105
[[ 106 1366   59   51]
 [  94  449  254  108]
 [ 102  246  349  111]
 [  31    8    0 1391]]
Epoch: [25/200], cls_loss: 0.0183, transfer_loss: 0.0539,person_loss: -1.9825, total_Loss: -0.1529
trian begin
trian end
n_person 360
SAMPLE
F1_MI: 0.49502645502645504 F1_MA: 0.48713279979708723 ACC_MI: 0.49502645502645504 F1_MA: 0.47202070001854884
BEST_F1_MI: 0.55005291005291 BEST_F1_MA: 0.5572087481019938 BEST_ACC_MI: 0.55005291005291 BEST_F1_MA: 0.561389777726105
[[ 154 1204  178   46]
 [ 126  454  234   91]
 [ 143  191  378   96]
 [  70    6    1 1353]]
Epoch: [26/200], cls_loss: 0.0205, transfer_loss: 0.0530,person_loss: -1.9830, total_Loss: -0.1513
trian begin
trian end
n_person 360
SAMPLE
F1_MI: 0.5087830687830688 F1_MA: 0.5063316623694609 ACC_MI: 0.5087830687830688 F1_MA: 0.49157863690284054
BEST_F1_MI: 0.55005291005291 BEST_F1_MA: 0.5572087481019938 BEST_ACC_MI: 0.55005291005291 BEST_F1_MA: 0.561389777726105
[[  64 1292  165   61]
 [  50  642   83  130]
 [  69  331  280  128]
 [   7    5    0 1418]]
Epoch: [27/200], cls_loss: 0.0198, transfer_loss: 0.0561,person_loss: -1.9833, total_Loss: -0.1504
trian begin
trian end
n_person 360
SAMPLE
F1_MI: 0.5083597883597883 F1_MA: 0.5080594483336309 ACC_MI: 0.5083597883597883 F1_MA: 0.49354473985389347
BEST_F1_MI: 0.55005291005291 BEST_F1_MA: 0.5572087481019938 BEST_ACC_MI: 0.55005291005291 BEST_F1_MA: 0.561389777726105
[[  66 1326  110   80]
 [  45  619   94  147]
 [  88  263  311  146]
 [  21    3    0 1406]]
Epoch: [28/200], cls_loss: 0.0227, transfer_loss: 0.0521,person_loss: -1.9867, total_Loss: -0.1499
trian begin
trian end
n_person 360
SAMPLE
F1_MI: 0.46793650793650793 F1_MA: 0.44730008781477226 ACC_MI: 0.46793650793650793 F1_MA: 0.436970550071615
BEST_F1_MI: 0.55005291005291 BEST_F1_MA: 0.5572087481019938 BEST_ACC_MI: 0.55005291005291 BEST_F1_MA: 0.561389777726105
[[ 191 1158  178   55]
 [  90  362  313  140]
 [ 138  153  283  234]
 [  54    1    0 1375]]
Epoch: [29/200], cls_loss: 0.0233, transfer_loss: 0.0489,person_loss: -1.9828, total_Loss: -0.1506
trian begin
trian end
n_person 360
SAMPLE
F1_MI: 0.5271957671957672 F1_MA: 0.5408936834949152 ACC_MI: 0.5271957671957672 F1_MA: 0.5514400601063587
BEST_F1_MI: 0.55005291005291 BEST_F1_MA: 0.5572087481019938 BEST_ACC_MI: 0.55005291005291 BEST_F1_MA: 0.561389777726105
[[ 220 1229   79   54]
 [  84  555  152  114]
 [  82  267  317  142]
 [  11    5   15 1399]]
Epoch: [30/200], cls_loss: 0.0183, transfer_loss: 0.0284,person_loss: -1.9834, total_Loss: -0.1658
trian begin
trian end
n_person 360
SAMPLE
F1_MI: 0.4819047619047619 F1_MA: 0.46703222126939964 ACC_MI: 0.4819047619047619 F1_MA: 0.4611693010021709
BEST_F1_MI: 0.55005291005291 BEST_F1_MA: 0.5572087481019938 BEST_ACC_MI: 0.55005291005291 BEST_F1_MA: 0.561389777726105
[[ 199 1111  223   49]
 [  97  459  248  101]
 [ 132  336  236  104]
 [  38    7    2 1383]]
Epoch: [31/200], cls_loss: 0.0187, transfer_loss: 0.0124,person_loss: -1.9762, total_Loss: -0.1727
trian begin
trian end
n_person 360
SAMPLE
F1_MI: 0.4874074074074074 F1_MA: 0.4719733070768636 ACC_MI: 0.4874074074074074 F1_MA: 0.4629590428220094
BEST_F1_MI: 0.55005291005291 BEST_F1_MA: 0.5572087481019938 BEST_ACC_MI: 0.55005291005291 BEST_F1_MA: 0.561389777726105
[[ 190 1133  207   52]
 [  93  395  307  110]
 [ 152  221  311  124]
 [  17    1    5 1407]]
Epoch: [32/200], cls_loss: 0.0064, transfer_loss: 0.0119,person_loss: -1.9861, total_Loss: -0.1863
trian begin
trian end
n_person 360
SAMPLE
F1_MI: 0.49396825396825395 F1_MA: 0.489526656304137 ACC_MI: 0.49396825396825395 F1_MA: 0.4863127629817148
BEST_F1_MI: 0.55005291005291 BEST_F1_MA: 0.5572087481019938 BEST_ACC_MI: 0.55005291005291 BEST_F1_MA: 0.561389777726105
[[ 200 1187  148   47]
 [ 122  525  148  110]
 [ 121  322  259  106]
 [  77    2    1 1350]]
Epoch: [33/200], cls_loss: 0.0097, transfer_loss: 0.0419,person_loss: -1.9878, total_Loss: -0.1681
trian begin
trian end
n_person 360
SAMPLE
F1_MI: 0.5398941798941799 F1_MA: 0.5467247390899701 ACC_MI: 0.5398941798941799 F1_MA: 0.5628026364939134
BEST_F1_MI: 0.55005291005291 BEST_F1_MA: 0.5572087481019938 BEST_ACC_MI: 0.55005291005291 BEST_F1_MA: 0.5628026364939134
[[ 330 1067  134   51]
 [  81  613  106  105]
 [  70  402  215  121]
 [   7    4   26 1393]]
Epoch: [34/200], cls_loss: 0.0225, transfer_loss: 0.0654,person_loss: -1.9870, total_Loss: -0.1435
trian begin
trian end
n_person 360
SAMPLE
F1_MI: 0.6048677248677249 F1_MA: 0.5839679642418473 ACC_MI: 0.6048677248677249 F1_MA: 0.6016799272182459
BEST_F1_MI: 0.6048677248677249 BEST_F1_MA: 0.5839679642418473 BEST_ACC_MI: 0.6048677248677249 BEST_F1_MA: 0.6016799272182459
[[ 760  717   47   58]
 [ 126  571   94  114]
 [  52  481  167  108]
 [   2    2   66 1360]]
Epoch: [35/200], cls_loss: 0.0265, transfer_loss: 0.0564,person_loss: -1.9880, total_Loss: -0.1441
trian begin
trian end
n_person 360
SAMPLE
F1_MI: 0.586031746031746 F1_MA: 0.6077657436648856 ACC_MI: 0.586031746031746 F1_MA: 0.6368061706996602
BEST_F1_MI: 0.6048677248677249 BEST_F1_MA: 0.6077657436648856 BEST_ACC_MI: 0.6048677248677249 BEST_F1_MA: 0.6368061706996602
[[ 443 1062   29   48]
 [  97  640   66  102]
 [ 111  293  295  109]
 [  12    5   22 1391]]
Epoch: [36/200], cls_loss: 0.0178, transfer_loss: 0.0566,person_loss: -1.9852, total_Loss: -0.1524
trian begin
trian end
n_person 360
SAMPLE
F1_MI: 0.6239153439153439 F1_MA: 0.6156024145566351 ACC_MI: 0.6239153439153439 F1_MA: 0.6414390011541187
BEST_F1_MI: 0.6239153439153439 BEST_F1_MA: 0.6156024145566351 BEST_ACC_MI: 0.6239153439153439 BEST_F1_MA: 0.6414390011541187
[[ 745  771   17   49]
 [ 118  639   39  109]
 [ 229  286  179  114]
 [   9    7   29 1385]]
Epoch: [37/200], cls_loss: 0.0150, transfer_loss: 0.0444,person_loss: -1.9873, total_Loss: -0.1616
trian begin
trian end
n_person 360
SAMPLE
F1_MI: 0.6971428571428572 F1_MA: 0.6771838083563542 ACC_MI: 0.6971428571428572 F1_MA: 0.698313590283512
BEST_F1_MI: 0.6971428571428572 BEST_F1_MA: 0.6771838083563542 BEST_ACC_MI: 0.6971428571428572 BEST_F1_MA: 0.698313590283512
[[1037  473   24   48]
 [ 216  538   50  101]
 [ 207  161  329  111]
 [   5   23   12 1390]]
Epoch: [38/200], cls_loss: 0.0165, transfer_loss: 0.0510,person_loss: -1.9884, total_Loss: -0.1568
trian begin
trian end
n_person 360
SAMPLE
F1_MI: 0.652063492063492 F1_MA: 0.6180755910312702 ACC_MI: 0.652063492063492 F1_MA: 0.6399439133145168
BEST_F1_MI: 0.6971428571428572 BEST_F1_MA: 0.6771838083563542 BEST_ACC_MI: 0.6971428571428572 BEST_F1_MA: 0.698313590283512
[[ 993  500   37   52]
 [ 200  546   44  115]
 [  86  454  151  117]
 [   4   13   22 1391]]
Epoch: [39/200], cls_loss: 0.0099, transfer_loss: 0.0447,person_loss: -1.9868, total_Loss: -0.1664
trian begin
trian end
n_person 360
SAMPLE
F1_MI: 0.6287830687830688 F1_MA: 0.5735605371259997 ACC_MI: 0.6287830687830688 F1_MA: 0.5800555749150766
BEST_F1_MI: 0.6971428571428572 BEST_F1_MA: 0.6771838083563542 BEST_ACC_MI: 0.6971428571428572 BEST_F1_MA: 0.698313590283512
[[ 981  511   38   52]
 [ 204  529   65  107]
 [  60  556   79  113]
 [   5   12   31 1382]]
Epoch: [40/200], cls_loss: 0.0166, transfer_loss: 0.0565,person_loss: -1.9872, total_Loss: -0.1539
trian begin
trian end
n_person 360
SAMPLE
F1_MI: 0.6184126984126984 F1_MA: 0.5856118273900156 ACC_MI: 0.6184126984126984 F1_MA: 0.6030405638363381
BEST_F1_MI: 0.6971428571428572 BEST_F1_MA: 0.6771838083563542 BEST_ACC_MI: 0.6971428571428572 BEST_F1_MA: 0.698313590283512
[[ 838  662   31   51]
 [ 148  617   34  106]
 [  84  542   73  109]
 [   6    8   22 1394]]
Epoch: [41/200], cls_loss: 0.0181, transfer_loss: 0.0459,person_loss: -1.9881, total_Loss: -0.1577
trian begin
trian end
n_person 360
SAMPLE
F1_MI: 0.6086772486772487 F1_MA: 0.5361553071973328 ACC_MI: 0.6086772486772487 F1_MA: 0.5374839458273561
BEST_F1_MI: 0.6971428571428572 BEST_F1_MA: 0.6771838083563542 BEST_ACC_MI: 0.6971428571428572 BEST_F1_MA: 0.698313590283512
[[1021  450   62   49]
 [ 363  412   33   97]
 [ 100  550   55  103]
 [  22    5   15 1388]]
Epoch: [42/200], cls_loss: 0.0151, transfer_loss: 0.0438,person_loss: -1.9849, total_Loss: -0.1615
trian begin
trian end
n_person 360
SAMPLE
F1_MI: 0.6414814814814814 F1_MA: 0.5587381244600212 ACC_MI: 0.6414814814814814 F1_MA: 0.5516328284136035
BEST_F1_MI: 0.6971428571428572 BEST_F1_MA: 0.6771838083563542 BEST_ACC_MI: 0.6971428571428572 BEST_F1_MA: 0.698313590283512
[[1124  274  131   53]
 [ 279  427   70  129]
 [  65  538   87  118]
 [   0   10   27 1393]]
Epoch: [43/200], cls_loss: 0.0218, transfer_loss: 0.0544,person_loss: -1.9869, total_Loss: -0.1497
trian begin
trian end
n_person 360
SAMPLE
F1_MI: 0.5373544973544974 F1_MA: 0.48275754603711446 ACC_MI: 0.5373544973544974 F1_MA: 0.47964119561428703
BEST_F1_MI: 0.6971428571428572 BEST_F1_MA: 0.6771838083563542 BEST_ACC_MI: 0.6971428571428572 BEST_F1_MA: 0.698313590283512
[[ 644  588  299   51]
 [ 282  407   97  119]
 [  57  554   86  111]
 [   4    2   22 1402]]
Epoch: [44/200], cls_loss: 0.0196, transfer_loss: 0.0611,person_loss: -1.9883, total_Loss: -0.1487
trian begin
trian end
n_person 360
SAMPLE
F1_MI: 0.5978835978835979 F1_MA: 0.5274502666253115 ACC_MI: 0.5978835978835979 F1_MA: 0.5278044656624334
BEST_F1_MI: 0.6971428571428572 BEST_F1_MA: 0.6771838083563542 BEST_ACC_MI: 0.6971428571428572 BEST_F1_MA: 0.698313590283512
[[ 938  539   20   85]
 [ 225  455   14  211]
 [  78  559   21  150]
 [   2    3   14 1411]]
Epoch: [45/200], cls_loss: 0.0128, transfer_loss: 0.0484,person_loss: -1.9876, total_Loss: -0.1617
trian begin
trian end
n_person 360
SAMPLE
F1_MI: 0.612910052910053 F1_MA: 0.5410499573582402 ACC_MI: 0.612910052910053 F1_MA: 0.5371089732345773
BEST_F1_MI: 0.6971428571428572 BEST_F1_MA: 0.6771838083563542 BEST_ACC_MI: 0.6971428571428572 BEST_F1_MA: 0.698313590283512
[[ 960  512   52   58]
 [ 256  500   21  128]
 [  98  557   31  122]
 [   4   16    5 1405]]
Epoch: [46/200], cls_loss: 0.0187, transfer_loss: 0.0546,person_loss: -1.9883, total_Loss: -0.1528
trian begin
trian end
n_person 360
SAMPLE
F1_MI: 0.5183068783068783 F1_MA: 0.5124805987388311 ACC_MI: 0.5183068783068783 F1_MA: 0.5227787008155635
BEST_F1_MI: 0.6971428571428572 BEST_F1_MA: 0.6771838083563542 BEST_ACC_MI: 0.6971428571428572 BEST_F1_MA: 0.698313590283512
[[ 330 1085  116   51]
 [ 110  632   61  102]
 [ 108  473  118  109]
 [  26   29    6 1369]]
Epoch: [47/200], cls_loss: 0.0135, transfer_loss: 0.0509,person_loss: -1.9885, total_Loss: -0.1599
trian begin
trian end
n_person 360
SAMPLE
F1_MI: 0.6188359788359789 F1_MA: 0.5545187230613208 ACC_MI: 0.6188359788359789 F1_MA: 0.5497471627745275
BEST_F1_MI: 0.6971428571428572 BEST_F1_MA: 0.6771838083563542 BEST_ACC_MI: 0.6971428571428572 BEST_F1_MA: 0.698313590283512
[[ 951  408  168   55]
 [ 156  484  112  153]
 [ 105  474  112  117]
 [  12    0   41 1377]]
Epoch: [48/200], cls_loss: 0.0153, transfer_loss: 0.0487,person_loss: -1.9893, total_Loss: -0.1593
trian begin
trian end
n_person 360
SAMPLE
F1_MI: 0.5551322751322751 F1_MA: 0.5175388048368618 ACC_MI: 0.5551322751322751 F1_MA: 0.5196680148793729
BEST_F1_MI: 0.6971428571428572 BEST_F1_MA: 0.6771838083563542 BEST_ACC_MI: 0.6971428571428572 BEST_F1_MA: 0.698313590283512
[[ 614  843   75   50]
 [ 139  596   58  112]
 [  66  577   50  115]
 [  11    4   52 1363]]
Epoch: [49/200], cls_loss: 0.0172, transfer_loss: 0.0546,person_loss: -1.9891, total_Loss: -0.1544
trian begin
trian end
n_person 360
SAMPLE
F1_MI: 0.5466666666666666 F1_MA: 0.5296568226901839 ACC_MI: 0.5466666666666666 F1_MA: 0.540266587783159
BEST_F1_MI: 0.6971428571428572 BEST_F1_MA: 0.6771838083563542 BEST_ACC_MI: 0.6971428571428572 BEST_F1_MA: 0.698313590283512
[[ 462  967   98   55]
 [  85  645   46  129]
 [  88  518   76  126]
 [  12    5   13 1400]]
Epoch: [50/200], cls_loss: 0.0192, transfer_loss: 0.0502,person_loss: -1.9891, total_Loss: -0.1546
trian begin
trian end
n_person 360
SAMPLE
F1_MI: 0.6778835978835979 F1_MA: 0.6053526396380885 ACC_MI: 0.6778835978835979 F1_MA: 0.6008469543710082
BEST_F1_MI: 0.6971428571428572 BEST_F1_MA: 0.6771838083563542 BEST_ACC_MI: 0.6971428571428572 BEST_F1_MA: 0.698313590283512
[[1129  314   85   54]
 [ 148  600   23  134]
 [  90  530   60  128]
 [   8    5    3 1414]]
Epoch: [51/200], cls_loss: 0.0148, transfer_loss: 0.0440,person_loss: -1.9894, total_Loss: -0.1621
trian begin
trian end
n_person 360
SAMPLE
F1_MI: 0.5231746031746032 F1_MA: 0.4589451402538158 ACC_MI: 0.5231746031746032 F1_MA: 0.461481921542378
BEST_F1_MI: 0.6971428571428572 BEST_F1_MA: 0.6771838083563542 BEST_ACC_MI: 0.6971428571428572 BEST_F1_MA: 0.698313590283512
[[ 720  617   49  196]
 [  89  332   10  474]
 [  67  453   20  268]
 [   4    1   25 1400]]
Epoch: [52/200], cls_loss: 0.0155, transfer_loss: 0.0515,person_loss: -1.9895, total_Loss: -0.1577
trian begin
trian end
n_person 360
SAMPLE
F1_MI: 0.5972486772486773 F1_MA: 0.5313238684811675 ACC_MI: 0.5972486772486773 F1_MA: 0.5261230492883012
BEST_F1_MI: 0.6971428571428572 BEST_F1_MA: 0.6771838083563542 BEST_ACC_MI: 0.6971428571428572 BEST_F1_MA: 0.698313590283512
[[ 933  483  118   48]
 [ 257  483   63  102]
 [ 104  540   74   90]
 [  38    2   58 1332]]
Epoch: [53/200], cls_loss: 0.0166, transfer_loss: 0.0501,person_loss: -1.9895, total_Loss: -0.1573
trian begin
trian end
n_person 360
SAMPLE
F1_MI: 0.5085714285714286 F1_MA: 0.4476717968231168 ACC_MI: 0.5085714285714286 F1_MA: 0.4473181165502968
BEST_F1_MI: 0.6971428571428572 BEST_F1_MA: 0.6771838083563542 BEST_ACC_MI: 0.6971428571428572 BEST_F1_MA: 0.698313590283512
[[ 740  643   97  102]
 [ 234  301   73  297]
 [  80  454   73  201]
 [   6    1  134 1289]]
Epoch: [54/200], cls_loss: 0.0168, transfer_loss: 0.0526,person_loss: -1.9892, total_Loss: -0.1558
trian begin
trian end
n_person 360
SAMPLE
F1_MI: 0.522962962962963 F1_MA: 0.4921757528024396 ACC_MI: 0.522962962962963 F1_MA: 0.4968106458725534
BEST_F1_MI: 0.6971428571428572 BEST_F1_MA: 0.6771838083563542 BEST_ACC_MI: 0.6971428571428572 BEST_F1_MA: 0.698313590283512
[[ 469  926  137   50]
 [ 160  536   75  134]
 [  55  564   68  121]
 [  12    2   18 1398]]
Epoch: [55/200], cls_loss: 0.0204, transfer_loss: 0.0539,person_loss: -1.9904, total_Loss: -0.1517
trian begin
trian end
n_person 360
SAMPLE
F1_MI: 0.5307936507936508 F1_MA: 0.47377342344688295 ACC_MI: 0.5307936507936508 F1_MA: 0.4756556558032532
BEST_F1_MI: 0.6971428571428572 BEST_F1_MA: 0.6771838083563542 BEST_ACC_MI: 0.6971428571428572 BEST_F1_MA: 0.698313590283512
[[ 668  756   62   96]
 [ 257  386   33  229]
 [  93  479   41  195]
 [   5    2   10 1413]]
Epoch: [56/200], cls_loss: 0.0112, transfer_loss: 0.0463,person_loss: -1.9894, total_Loss: -0.1646
trian begin
trian end
n_person 360
SAMPLE
F1_MI: 0.45714285714285713 F1_MA: 0.40127246976188996 ACC_MI: 0.45714285714285713 F1_MA: 0.4104467597808993
BEST_F1_MI: 0.6971428571428572 BEST_F1_MA: 0.6771838083563542 BEST_ACC_MI: 0.6971428571428572 BEST_F1_MA: 0.698313590283512
[[ 564  500  145  373]
 [ 110  122   62  611]
 [  95   81   89  543]
 [  26    1   18 1385]]
Epoch: [57/200], cls_loss: 0.0100, transfer_loss: 0.0468,person_loss: -1.9885, total_Loss: -0.1655
trian begin
trian end
n_person 360
SAMPLE
F1_MI: 0.5841269841269842 F1_MA: 0.5217293009128583 ACC_MI: 0.5841269841269842 F1_MA: 0.5301980386099943
BEST_F1_MI: 0.6971428571428572 BEST_F1_MA: 0.6771838083563542 BEST_ACC_MI: 0.6971428571428572 BEST_F1_MA: 0.698313590283512
[[ 909  572   52   49]
 [ 367  382   31  125]
 [ 118  518   56  116]
 [   8    2    7 1413]]
Epoch: [58/200], cls_loss: 0.0150, transfer_loss: 0.0470,person_loss: -1.9901, total_Loss: -0.1605
trian begin
trian end
n_person 360
SAMPLE
F1_MI: 0.5722751322751323 F1_MA: 0.5251244227972132 ACC_MI: 0.5722751322751323 F1_MA: 0.5355836952376216
BEST_F1_MI: 0.6971428571428572 BEST_F1_MA: 0.6771838083563542 BEST_ACC_MI: 0.6971428571428572 BEST_F1_MA: 0.698313590283512
[[ 787  694   51   50]
 [ 288  439   60  118]
 [ 119  496   82  111]
 [  15    1   18 1396]]
Epoch: [59/200], cls_loss: 0.0163, transfer_loss: 0.0302,person_loss: -1.9884, total_Loss: -0.1675
trian begin
trian end
n_person 360
SAMPLE
F1_MI: 0.6050793650793651 F1_MA: 0.5122931879220793 ACC_MI: 0.6050793650793651 F1_MA: 0.5050548252668402
BEST_F1_MI: 0.6971428571428572 BEST_F1_MA: 0.6771838083563542 BEST_ACC_MI: 0.6971428571428572 BEST_F1_MA: 0.698313590283512
[[1176  277   61   68]
 [ 298  285   67  255]
 [  93  517   80  118]
 [  10    5   97 1318]]
Epoch: [60/200], cls_loss: 0.0169, transfer_loss: 0.0484,person_loss: -1.9913, total_Loss: -0.1580
trian begin
trian end
n_person 360
SAMPLE
F1_MI: 0.5428571428571428 F1_MA: 0.48187438180446585 ACC_MI: 0.5428571428571428 F1_MA: 0.48421624442416256
BEST_F1_MI: 0.6971428571428572 BEST_F1_MA: 0.6771838083563542 BEST_ACC_MI: 0.6971428571428572 BEST_F1_MA: 0.698313590283512
[[ 834  520  144   84]
 [ 150  319  108  328]
 [  56  464   95  193]
 [   9    4  100 1317]]
Epoch: [61/200], cls_loss: 0.0130, transfer_loss: 0.0495,person_loss: -1.9908, total_Loss: -0.1614
trian begin
trian end
n_person 360
SAMPLE
F1_MI: 0.4962962962962963 F1_MA: 0.467870288404328 ACC_MI: 0.4962962962962963 F1_MA: 0.4717291447756673
BEST_F1_MI: 0.6971428571428572 BEST_F1_MA: 0.6771838083563542 BEST_ACC_MI: 0.6971428571428572 BEST_F1_MA: 0.698313590283512
[[ 400  947  166   69]
 [  87  483   66  269]
 [  64  295   88  361]
 [  31    3   22 1374]]
Epoch: [62/200], cls_loss: 0.0234, transfer_loss: 0.0495,person_loss: -1.9894, total_Loss: -0.1508
trian begin
trian end
n_person 360
SAMPLE
F1_MI: 0.09777777777777778 F1_MA: 0.12336760338368494 ACC_MI: 0.09777777777777778 F1_MA: 0.14084519022064493
BEST_F1_MI: 0.6971428571428572 BEST_F1_MA: 0.6771838083563542 BEST_ACC_MI: 0.6971428571428572 BEST_F1_MA: 0.698313590283512
[[  63  429   52 1038]
 [  83  194   55  573]
 [  80   37   77  614]
 [ 175    2 1125  128]]
Epoch: [63/200], cls_loss: 0.0270, transfer_loss: 0.0520,person_loss: -1.9900, total_Loss: -0.1460
trian begin
trian end
n_person 360
SAMPLE
F1_MI: 0.42984126984126986 F1_MA: 0.41201251868571864 ACC_MI: 0.42984126984126986 F1_MA: 0.4110132475441986
BEST_F1_MI: 0.6971428571428572 BEST_F1_MA: 0.6771838083563542 BEST_ACC_MI: 0.6971428571428572 BEST_F1_MA: 0.698313590283512
[[  46  716   75  745]
 [  27  506   13  359]
 [  26  277   55  450]
 [   4    1    1 1424]]
Epoch: [64/200], cls_loss: 0.0215, transfer_loss: 0.0516,person_loss: -1.9897, total_Loss: -0.1517
trian begin
trian end
n_person 360
SAMPLE
F1_MI: 0.5176719576719576 F1_MA: 0.5164705349639451 ACC_MI: 0.5176719576719576 F1_MA: 0.5311703508615331
BEST_F1_MI: 0.6971428571428572 BEST_F1_MA: 0.6771838083563542 BEST_ACC_MI: 0.6971428571428572 BEST_F1_MA: 0.698313590283512
[[ 329 1109   91   53]
 [ 132  601   19  153]
 [ 147  270  145  246]
 [  47   12    0 1371]]
Epoch: [65/200], cls_loss: 0.0207, transfer_loss: 0.0562,person_loss: -1.9914, total_Loss: -0.1503
trian begin
trian end
n_person 360
SAMPLE
F1_MI: 0.513015873015873 F1_MA: 0.5143105023056523 ACC_MI: 0.513015873015873 F1_MA: 0.5172057403535517
BEST_F1_MI: 0.6971428571428572 BEST_F1_MA: 0.6771838083563542 BEST_ACC_MI: 0.6971428571428572 BEST_F1_MA: 0.698313590283512
[[ 227 1147  159   49]
 [ 128  634   28  115]
 [ 100  330  202  176]
 [  47   22    0 1361]]
Epoch: [66/200], cls_loss: 0.0108, transfer_loss: 0.0498,person_loss: -1.9910, total_Loss: -0.1634
trian begin
trian end
n_person 360
SAMPLE
F1_MI: 0.47555555555555556 F1_MA: 0.4551040229038467 ACC_MI: 0.47555555555555556 F1_MA: 0.4530299429124802
BEST_F1_MI: 0.6971428571428572 BEST_F1_MA: 0.6771838083563542 BEST_ACC_MI: 0.6971428571428572 BEST_F1_MA: 0.698313590283512
[[ 228  806  198  350]
 [  67  480   68  290]
 [  80  190  145  393]
 [  30    3    3 1394]]
Epoch: [67/200], cls_loss: 0.0170, transfer_loss: 0.0538,person_loss: -1.9914, total_Loss: -0.1552
trian begin
trian end
n_person 360
SAMPLE
F1_MI: 0.46116402116402117 F1_MA: 0.43903183942081714 ACC_MI: 0.46116402116402117 F1_MA: 0.44888056823650313
BEST_F1_MI: 0.6971428571428572 BEST_F1_MA: 0.6771838083563542 BEST_ACC_MI: 0.6971428571428572 BEST_F1_MA: 0.698313590283512
[[ 274  595  135  578]
 [  72  427   60  346]
 [  37  318   74  379]
 [  10    2   14 1404]]
Epoch: [68/200], cls_loss: 0.0213, transfer_loss: 0.0504,person_loss: -1.9903, total_Loss: -0.1526
trian begin
trian end
n_person 360
SAMPLE
F1_MI: 0.6012698412698413 F1_MA: 0.5439273079735647 ACC_MI: 0.6012698412698413 F1_MA: 0.540167028084204
BEST_F1_MI: 0.6971428571428572 BEST_F1_MA: 0.6771838083563542 BEST_ACC_MI: 0.6971428571428572 BEST_F1_MA: 0.698313590283512
[[ 848  478  182   74]
 [ 176  490   61  178]
 [  89  347  116  256]
 [  15    9   19 1387]]
Epoch: [69/200], cls_loss: 0.0259, transfer_loss: 0.0536,person_loss: -1.9898, total_Loss: -0.1463
trian begin
trian end
n_person 360
SAMPLE
F1_MI: 0.5367195767195767 F1_MA: 0.5212650224585647 ACC_MI: 0.5367195767195767 F1_MA: 0.5262586006576675
BEST_F1_MI: 0.6971428571428572 BEST_F1_MA: 0.6771838083563542 BEST_ACC_MI: 0.6971428571428572 BEST_F1_MA: 0.698313590283512
[[ 421  637  300  224]
 [  46  568   96  195]
 [  56  275  167  310]
 [  12   10   28 1380]]
Epoch: [70/200], cls_loss: 0.0175, transfer_loss: 0.0516,person_loss: -1.9915, total_Loss: -0.1559
trian begin
trian end
n_person 360
SAMPLE
F1_MI: 0.561058201058201 F1_MA: 0.5198982259281176 ACC_MI: 0.561058201058201 F1_MA: 0.5188998203909185
BEST_F1_MI: 0.6971428571428572 BEST_F1_MA: 0.6771838083563542 BEST_ACC_MI: 0.6971428571428572 BEST_F1_MA: 0.698313590283512
[[ 630  571  291   90]
 [  92  469   94  250]
 [ 107  240  152  309]
 [  10   10   10 1400]]
Epoch: [71/200], cls_loss: 0.0094, transfer_loss: 0.0495,person_loss: -1.9919, total_Loss: -0.1650
trian begin
trian end
n_person 360
SAMPLE
F1_MI: 0.5528042328042329 F1_MA: 0.4993893762663286 ACC_MI: 0.5528042328042329 F1_MA: 0.49582249569004044
BEST_F1_MI: 0.6971428571428572 BEST_F1_MA: 0.6771838083563542 BEST_ACC_MI: 0.6971428571428572 BEST_F1_MA: 0.698313590283512
[[ 720  521  266   75]
 [ 139  384   91  291]
 [ 134  235  145  294]
 [  46   10   11 1363]]
Epoch: [72/200], cls_loss: 0.0111, transfer_loss: 0.0469,person_loss: -1.9911, total_Loss: -0.1646
trian begin
trian end
n_person 360
SAMPLE
F1_MI: 0.5422222222222223 F1_MA: 0.47667863628471324 ACC_MI: 0.5422222222222223 F1_MA: 0.46572364560565727
BEST_F1_MI: 0.6971428571428572 BEST_F1_MA: 0.6771838083563542 BEST_ACC_MI: 0.6971428571428572 BEST_F1_MA: 0.698313590283512
[[ 694  467  292  129]
 [ 154  423   61  267]
 [ 101  334   67  306]
 [  47    4    1 1378]]
Epoch: [73/200], cls_loss: 0.0101, transfer_loss: 0.0444,person_loss: -1.9915, total_Loss: -0.1669
trian begin
trian end
n_person 360
SAMPLE
F1_MI: 0.38666666666666666 F1_MA: 0.35658149590653915 ACC_MI: 0.38666666666666666 F1_MA: 0.3738339117544945
BEST_F1_MI: 0.6971428571428572 BEST_F1_MA: 0.6771838083563542 BEST_ACC_MI: 0.6971428571428572 BEST_F1_MA: 0.698313590283512
[[ 185  343  139  915]
 [  45  193   32  635]
 [  43  162   37  566]
 [  15    2    1 1412]]
Epoch: [74/200], cls_loss: 0.0207, transfer_loss: 0.0459,person_loss: -1.9910, total_Loss: -0.1554
trian begin
trian end
n_person 360
SAMPLE
F1_MI: 0.5358730158730158 F1_MA: 0.46919677282323424 ACC_MI: 0.5358730158730158 F1_MA: 0.4572825921068327
BEST_F1_MI: 0.6971428571428572 BEST_F1_MA: 0.6771838083563542 BEST_ACC_MI: 0.6971428571428572 BEST_F1_MA: 0.698313590283512
[[ 738  565  170  109]
 [ 140  440   53  272]
 [ 112  321   51  324]
 [ 120    5    2 1303]]
Epoch: [75/200], cls_loss: 0.0119, transfer_loss: 0.0458,person_loss: -1.9914, total_Loss: -0.1644
trian begin
trian end
n_person 360
SAMPLE
F1_MI: 0.5356613756613756 F1_MA: 0.5074421499531808 ACC_MI: 0.5356613756613756 F1_MA: 0.5132067072092339
BEST_F1_MI: 0.6971428571428572 BEST_F1_MA: 0.6771838083563542 BEST_ACC_MI: 0.6971428571428572 BEST_F1_MA: 0.698313590283512
[[ 494  634  321  133]
 [  40  546   98  221]
 [  48  484   91  185]
 [  14    6   10 1400]]
Epoch: [76/200], cls_loss: 0.0133, transfer_loss: 0.0487,person_loss: -1.9917, total_Loss: -0.1615
trian begin
trian end
n_person 360
SAMPLE
F1_MI: 0.5980952380952381 F1_MA: 0.5283592653502426 ACC_MI: 0.5980952380952381 F1_MA: 0.5175643316187644
BEST_F1_MI: 0.6971428571428572 BEST_F1_MA: 0.6771838083563542 BEST_ACC_MI: 0.6971428571428572 BEST_F1_MA: 0.698313590283512
[[ 869  414  245   54]
 [ 161  483  106  155]
 [ 147  435   83  143]
 [  27   11    1 1391]]
Epoch: [77/200], cls_loss: 0.0174, transfer_loss: 0.0519,person_loss: -1.9916, total_Loss: -0.1558
trian begin
trian end
n_person 360
SAMPLE
F1_MI: 0.5432804232804233 F1_MA: 0.4967415776797649 ACC_MI: 0.5432804232804233 F1_MA: 0.4888555256100027
BEST_F1_MI: 0.6971428571428572 BEST_F1_MA: 0.6771838083563542 BEST_ACC_MI: 0.6971428571428572 BEST_F1_MA: 0.698313590283512
[[ 527  861   94  100]
 [  67  614   31  193]
 [  78  522   20  188]
 [  15    8    1 1406]]
Epoch: [78/200], cls_loss: 0.0128, transfer_loss: 0.0450,person_loss: -1.9920, total_Loss: -0.1639
trian begin
trian end
n_person 360
SAMPLE
F1_MI: 0.532063492063492 F1_MA: 0.5032101492295766 ACC_MI: 0.532063492063492 F1_MA: 0.515000871368951
BEST_F1_MI: 0.6971428571428572 BEST_F1_MA: 0.6771838083563542 BEST_ACC_MI: 0.6971428571428572 BEST_F1_MA: 0.698313590283512
[[ 528  544  411   99]
 [  44  497  167  197]
 [  35  539   81  153]
 [   1   18    3 1408]]
Epoch: [79/200], cls_loss: 0.0171, transfer_loss: 0.0451,person_loss: -1.9921, total_Loss: -0.1596
trian begin
trian end
n_person 360
SAMPLE
F1_MI: 0.554074074074074 F1_MA: 0.5082135322446008 ACC_MI: 0.554074074074074 F1_MA: 0.5066716484750156
BEST_F1_MI: 0.6971428571428572 BEST_F1_MA: 0.6771838083563542 BEST_ACC_MI: 0.6971428571428572 BEST_F1_MA: 0.698313590283512
[[ 663  437  432   50]
 [  97  537  128  143]
 [  58  555   65  130]
 [  41   28    8 1353]]
Epoch: [80/200], cls_loss: 0.0134, transfer_loss: 0.0481,person_loss: -1.9921, total_Loss: -0.1617
trian begin
trian end
n_person 360
SAMPLE
F1_MI: 0.5362962962962963 F1_MA: 0.48356963379355083 ACC_MI: 0.5362962962962963 F1_MA: 0.47937337759788906
BEST_F1_MI: 0.6971428571428572 BEST_F1_MA: 0.6771838083563542 BEST_ACC_MI: 0.6971428571428572 BEST_F1_MA: 0.698313590283512
[[ 591  474  347  170]
 [  85  459   69  292]
 [  67  400   61  280]
 [   7    0    0 1423]]
Epoch: [81/200], cls_loss: 0.0114, transfer_loss: 0.0490,person_loss: -1.9915, total_Loss: -0.1633
trian begin
trian end
n_person 360
SAMPLE
F1_MI: 0.5443386243386243 F1_MA: 0.49266346943022304 ACC_MI: 0.5443386243386243 F1_MA: 0.4806961582429672
BEST_F1_MI: 0.6971428571428572 BEST_F1_MA: 0.6771838083563542 BEST_ACC_MI: 0.6971428571428572 BEST_F1_MA: 0.698313590283512
[[ 553  715  262   52]
 [ 141  584   49  131]
 [ 104  542   42  120]
 [  32    4    1 1393]]
Epoch: [82/200], cls_loss: 0.0076, transfer_loss: 0.0440,person_loss: -1.9915, total_Loss: -0.1695
trian begin
trian end
n_person 360
SAMPLE
F1_MI: 0.5593650793650794 F1_MA: 0.5020648116302234 ACC_MI: 0.5593650793650794 F1_MA: 0.4862504953956453
BEST_F1_MI: 0.6971428571428572 BEST_F1_MA: 0.6771838083563542 BEST_ACC_MI: 0.6971428571428572 BEST_F1_MA: 0.698313590283512
[[ 598  792  141   51]
 [ 121  636   15  133]
 [ 102  569   18  119]
 [  29   10    0 1391]]
Epoch: [83/200], cls_loss: 0.0073, transfer_loss: 0.0407,person_loss: -1.9916, total_Loss: -0.1715
trian begin
trian end
n_person 360
SAMPLE
F1_MI: 0.5756613756613757 F1_MA: 0.5232237401537757 ACC_MI: 0.5756613756613757 F1_MA: 0.5133547420732476
BEST_F1_MI: 0.6971428571428572 BEST_F1_MA: 0.6771838083563542 BEST_ACC_MI: 0.6971428571428572 BEST_F1_MA: 0.698313590283512
[[ 638  588  304   52]
 [  77  632   54  142]
 [  77  569   34  128]
 [   5    7    2 1416]]
Epoch: [84/200], cls_loss: 0.0097, transfer_loss: 0.0496,person_loss: -1.9926, total_Loss: -0.1647
trian begin
trian end
n_person 360
SAMPLE
F1_MI: 0.5011640211640211 F1_MA: 0.4776078271211476 ACC_MI: 0.5011640211640211 F1_MA: 0.4844881863368511
BEST_F1_MI: 0.6971428571428572 BEST_F1_MA: 0.6771838083563542 BEST_ACC_MI: 0.6971428571428572 BEST_F1_MA: 0.698313590283512
[[ 355  504  647   76]
 [  65  518  124  198]
 [  51  532   77  148]
 [   6    4    2 1418]]
Epoch: [85/200], cls_loss: 0.0137, transfer_loss: 0.0439,person_loss: -1.9922, total_Loss: -0.1635
trian begin
trian end
n_person 360
SAMPLE
F1_MI: 0.5479365079365079 F1_MA: 0.51651308465037 ACC_MI: 0.5479365079365079 F1_MA: 0.5201867432817541
BEST_F1_MI: 0.6971428571428572 BEST_F1_MA: 0.6771838083563542 BEST_ACC_MI: 0.6971428571428572 BEST_F1_MA: 0.698313590283512
[[ 532  474  521   55]
 [  80  551  138  136]
 [  61  513   99  135]
 [   6   10    7 1407]]
Epoch: [86/200], cls_loss: 0.0090, transfer_loss: 0.0483,person_loss: -1.9926, total_Loss: -0.1661
trian begin
trian end
n_person 360
SAMPLE
F1_MI: 0.44465608465608464 F1_MA: 0.40256445963563275 ACC_MI: 0.44465608465608464 F1_MA: 0.3860950525481919
BEST_F1_MI: 0.6971428571428572 BEST_F1_MA: 0.6771838083563542 BEST_ACC_MI: 0.6971428571428572 BEST_F1_MA: 0.698313590283512
[[ 170  940  205  267]
 [  76  481   39  309]
 [  68  312   54  374]
 [  32    1    1 1396]]
Epoch: [87/200], cls_loss: 0.0073, transfer_loss: 0.0466,person_loss: -1.9918, total_Loss: -0.1686
trian begin
trian end
n_person 360
SAMPLE
F1_MI: 0.48867724867724865 F1_MA: 0.46841059644624683 ACC_MI: 0.48867724867724865 F1_MA: 0.45664655678316657
BEST_F1_MI: 0.6971428571428572 BEST_F1_MA: 0.6771838083563542 BEST_ACC_MI: 0.6971428571428572 BEST_F1_MA: 0.698313590283512
[[ 173 1139  204   66]
 [  95  606   54  150]
 [ 114  374  138  182]
 [  35    3    0 1392]]
Epoch: [88/200], cls_loss: 0.0109, transfer_loss: 0.0391,person_loss: -1.9919, total_Loss: -0.1688
[[1037  473   24   48]
 [ 216  538   50  101]
 [ 207  161  329  111]
 [   5   23   12 1390]]
[[1037  473   24   48]
 [ 216  538   50  101]
 [ 207  161  329  111]
 [   5   23   12 1390]]
WHAT: True
SVAE_RESULT
{'best_f1': 0.6771838083563542, 'best_matrix': [[1037, 473, 24, 48], [216, 538, 50, 101], [207, 161, 329, 111], [5, 23, 12, 1390]], 'args': 0.1}
{"best_f1": 0.6771838083563542, "best_matrix": [[1037, 473, 24, 48], [216, 538, 50, 101], [207, 161, 329, 111], [5, 23, 12, 1390]], "args": 0.1}
ARG: Namespace(backbone='resnet50', batch_size=32, config='DAN/DAN.yaml', data_dir='data', device=device(type='cuda'), early_stop=50, epoch_based_training=False, lr=0.003, lr_decay=0.75, lr_gamma=0.0003, lr_scheduler=True, max_iter=21000, method='True', momentum=0.9, myweight=0.1, n_class=4, n_epoch=200, n_iter_per_epoch=105, num_workers=3, seed=2, src_domain='UCI', tgt_domain='PAMAP2', tname='transfer', transfer_loss='mmd', transfer_loss_weight=0.5, use_bottleneck=True, weight_decay=0.0005)
