twommd 2 UCI PAMAP2 MEDA/MEDA.yaml True
Namespace(backbone='resnet50', batch_size=32, config='MEDA/MEDA.yaml', data_dir='data', device=device(type='cuda'), early_stop=50, epoch_based_training=False, lr=0.003, lr_decay=0.75, lr_gamma=0.0003, lr_scheduler=True, method='True', momentum=0.9, myweight=0.1, n_epoch=200, n_iter_per_epoch=100, num_workers=7, seed=2, src_domain='UCI', tgt_domain='PAMAP2', tname='transfer', transfer_loss='twommd', transfer_loss_weight=0.5, use_bottleneck=True, weight_decay=0.0005)
JUST DO IT
run my Parkinson code
transfer
TRAIN Length: 3369 615 TEST Length: 4725 360
YYY: 0 3
DATA_PROFILE   train: 3369 train2: 4725 test: 4725
DATASET.SHAPE: <data_loader.GetTrainLoader object at 0x7f2a06807b70> True
DATASET.SHAPE: <data_loader.GetTrainLoader object at 0x7f29d490f240> True
DATASET.SHAPE: <data_loader.GetTestLoader object at 0x7f29cca44978> False
CLASS: 4 360
transfer_world
method True <class 'str'>
1.10.1+cu102
True
LEN: 0 0
LOADER: <data_loader.InfiniteDataLoader object at 0x7f29cc991d30> <data_loader.InfiniteDataLoader object at 0x7f29cca44898>
N_batch: 105
trian begin
trian end
ACC: 58.264550264550266
SAMPLE
F1_MI: 0.5796825396825397 F1_MA: 0.5930079170887351 ACC_MI: 0.5796825396825397 F1_MA: 0.6313902801302465
BEST_F1_MI: 0.5796825396825397 BEST_F1_MA: 0.5930079170887351 BEST_ACC_MI: 0.5796825396825397 BEST_F1_MA: 0.6313902801302465
[[ 578  937   19   48]
 [ 215  532   62   96]
 [  98  341  267  102]
 [  38   30    0 1362]]
Epoch: [ 1/200], cls_loss: 0.0000, transfer_loss: 0.0000,person_loss: 0.0000, total_Loss: 0.0000
trian begin
trian end
ACC: 48.783068783068785
SAMPLE
F1_MI: 0.48444444444444446 F1_MA: 0.466673511069184 ACC_MI: 0.48444444444444446 F1_MA: 0.4536600249051259
BEST_F1_MI: 0.5796825396825397 BEST_F1_MA: 0.5930079170887351 BEST_ACC_MI: 0.5796825396825397 BEST_F1_MA: 0.6313902801302465
[[ 147 1155  234   46]
 [  54  662   94   95]
 [ 135  457  116  100]
 [  15   51    0 1364]]
Epoch: [ 2/200], cls_loss: 0.0000, transfer_loss: 0.0000,person_loss: 0.0000, total_Loss: 0.0000
trian begin
trian end
ACC: 45.714285714285715
SAMPLE
F1_MI: 0.45650793650793653 F1_MA: 0.3968690917139528 ACC_MI: 0.45650793650793653 F1_MA: 0.371992542022753
BEST_F1_MI: 0.5796825396825397 BEST_F1_MA: 0.5930079170887351 BEST_ACC_MI: 0.5796825396825397 BEST_F1_MA: 0.6313902801302465
[[ 246 1067  210   59]
 [ 119  475  174  137]
 [ 326  323   31  128]
 [  18    6    1 1405]]
Epoch: [ 3/200], cls_loss: 0.0000, transfer_loss: 0.0000,person_loss: 0.0000, total_Loss: 0.0000
trian begin
trian end
ACC: 51.08994708994709
SAMPLE
F1_MI: 0.5108994708994709 F1_MA: 0.5166872960061204 ACC_MI: 0.5108994708994709 F1_MA: 0.5027164360253707
BEST_F1_MI: 0.5796825396825397 BEST_F1_MA: 0.5930079170887351 BEST_ACC_MI: 0.5796825396825397 BEST_F1_MA: 0.6313902801302465
[[ 195 1257   89   41]
 [ 178  404  256   67]
 [ 149   55  533   71]
 [ 143    2    3 1282]]
Epoch: [ 4/200], cls_loss: 0.0000, transfer_loss: 0.0000,person_loss: 0.0000, total_Loss: 0.0000
trian begin
trian end
ACC: 43.44973544973545
SAMPLE
F1_MI: 0.43343915343915346 F1_MA: 0.39313773085050374 ACC_MI: 0.43343915343915346 F1_MA: 0.3656895019339299
BEST_F1_MI: 0.5796825396825397 BEST_F1_MA: 0.5930079170887351 BEST_ACC_MI: 0.5796825396825397 BEST_F1_MA: 0.6313902801302465
[[  67 1217  253   45]
 [  22  543  252   88]
 [ 202  413   97   96]
 [  38   49    2 1341]]
Epoch: [ 5/200], cls_loss: 0.0000, transfer_loss: 0.0000,person_loss: 0.0000, total_Loss: 0.0000
trian begin
trian end
ACC: 50.51851851851852
SAMPLE
F1_MI: 0.5009523809523809 F1_MA: 0.49223182866284054 ACC_MI: 0.5009523809523809 F1_MA: 0.4671876069954396
BEST_F1_MI: 0.5796825396825397 BEST_F1_MA: 0.5930079170887351 BEST_ACC_MI: 0.5796825396825397 BEST_F1_MA: 0.6313902801302465
[[  66 1131  327   58]
 [  25  450  317  113]
 [  57  168  459  124]
 [  29    3    6 1392]]
Epoch: [ 6/200], cls_loss: 0.0000, transfer_loss: 0.0000,person_loss: 0.0000, total_Loss: 0.0000
trian begin
trian end
ACC: 47.80952380952381
SAMPLE
F1_MI: 0.4780952380952381 F1_MA: 0.4397902189460079 ACC_MI: 0.4780952380952381 F1_MA: 0.3964607995275017
BEST_F1_MI: 0.5796825396825397 BEST_F1_MA: 0.5930079170887351 BEST_ACC_MI: 0.5796825396825397 BEST_F1_MA: 0.6313902801302465
[[  14 1278  243   47]
 [   8  641  164   92]
 [ 116  338  253  101]
 [   8   29   42 1351]]
Epoch: [ 7/200], cls_loss: 0.0000, transfer_loss: 0.0000,person_loss: 0.0000, total_Loss: 0.0000
trian begin
trian end
ACC: 55.42857142857143
SAMPLE
F1_MI: 0.5536507936507936 F1_MA: 0.5651899613765172 ACC_MI: 0.5536507936507936 F1_MA: 0.5481920454053244
BEST_F1_MI: 0.5796825396825397 BEST_F1_MA: 0.5930079170887351 BEST_ACC_MI: 0.5796825396825397 BEST_F1_MA: 0.6313902801302465
[[ 159 1255  117   51]
 [ 144  513  149   99]
 [  71   62  569  106]
 [  29   22    4 1375]]
Epoch: [ 8/200], cls_loss: 0.0000, transfer_loss: 0.0000,person_loss: 0.0000, total_Loss: 0.0000
trian begin
trian end
ACC: 52.95238095238095
SAMPLE
F1_MI: 0.5267724867724868 F1_MA: 0.562634536518071 ACC_MI: 0.5267724867724868 F1_MA: 0.6108116840417768
BEST_F1_MI: 0.5796825396825397 BEST_F1_MA: 0.5930079170887351 BEST_ACC_MI: 0.5796825396825397 BEST_F1_MA: 0.6313902801302465
[[ 282 1242    0   58]
 [ 243  532    6  124]
 [ 194  213  276  125]
 [  29    2    0 1399]]
Epoch: [ 9/200], cls_loss: 0.0000, transfer_loss: 0.0000,person_loss: 0.0000, total_Loss: 0.0000
trian begin
trian end
ACC: 46.476190476190474
SAMPLE
F1_MI: 0.4647619047619048 F1_MA: 0.4283245262085111 ACC_MI: 0.46476190476190476 F1_MA: 0.4188140574748386
BEST_F1_MI: 0.5796825396825397 BEST_F1_MA: 0.5930079170887351 BEST_ACC_MI: 0.5796825396825397 BEST_F1_MA: 0.6313902801302465
[[ 271 1103  155   53]
 [ 221  419  160  105]
 [ 301  270  122  115]
 [  27   17    2 1384]]
Epoch: [10/200], cls_loss: 0.0000, transfer_loss: 0.0000,person_loss: 0.0000, total_Loss: 0.0000
trian begin
trian end
ACC: 48.21164021164021
SAMPLE
F1_MI: 0.4821164021164021 F1_MA: 0.41182919072353785 ACC_MI: 0.4821164021164021 F1_MA: 0.3954370991357101
BEST_F1_MI: 0.5796825396825397 BEST_F1_MA: 0.5930079170887351 BEST_ACC_MI: 0.5796825396825397 BEST_F1_MA: 0.6313902801302465
[[ 496  990   44   52]
 [ 397  385   13  110]
 [ 141  545    5  117]
 [  20   17    1 1392]]
Epoch: [11/200], cls_loss: 0.0000, transfer_loss: 0.0000,person_loss: 0.0000, total_Loss: 0.0000
trian begin
trian end
ACC: 45.18518518518518
SAMPLE
F1_MI: 0.44592592592592595 F1_MA: 0.39262800772284706 ACC_MI: 0.44592592592592595 F1_MA: 0.3867298770807173
BEST_F1_MI: 0.5796825396825397 BEST_F1_MA: 0.5930079170887351 BEST_ACC_MI: 0.5796825396825397 BEST_F1_MA: 0.6313902801302465
[[ 543  514  488   37]
 [ 477  364    9   55]
 [ 348  380   19   61]
 [ 224   25    0 1181]]
Epoch: [12/200], cls_loss: 0.0000, transfer_loss: 0.0000,person_loss: 0.0000, total_Loss: 0.0000
trian begin
trian end
ACC: 45.75661375661376
SAMPLE
F1_MI: 0.4552380952380952 F1_MA: 0.4255722329216197 ACC_MI: 0.4552380952380952 F1_MA: 0.4090065555010647
BEST_F1_MI: 0.5796825396825397 BEST_F1_MA: 0.5930079170887351 BEST_ACC_MI: 0.5796825396825397 BEST_F1_MA: 0.6313902801302465
[[ 149  457  931   45]
 [ 101  645   74   85]
 [  70  612   34   92]
 [  75   30    2 1323]]
Epoch: [13/200], cls_loss: 0.0000, transfer_loss: 0.0000,person_loss: 0.0000, total_Loss: 0.0000
trian begin
trian end
ACC: 54.3068783068783
SAMPLE
F1_MI: 0.5413756613756614 F1_MA: 0.5416784978410508 ACC_MI: 0.5413756613756614 F1_MA: 0.6015688518939898
BEST_F1_MI: 0.5796825396825397 BEST_F1_MA: 0.5930079170887351 BEST_ACC_MI: 0.5796825396825397 BEST_F1_MA: 0.6313902801302465
[[ 661  865    7   49]
 [ 420  369   17   99]
 [ 102  458  142  106]
 [  28    4   12 1386]]
Epoch: [14/200], cls_loss: 0.0000, transfer_loss: 0.0000,person_loss: 0.0000, total_Loss: 0.0000
trian begin
trian end
ACC: 53.75661375661376
SAMPLE
F1_MI: 0.5369312169312169 F1_MA: 0.5285060917272514 ACC_MI: 0.5369312169312169 F1_MA: 0.5839347206154253
BEST_F1_MI: 0.5796825396825397 BEST_F1_MA: 0.5930079170887351 BEST_ACC_MI: 0.5796825396825397 BEST_F1_MA: 0.6313902801302465
[[ 695  825   11   51]
 [ 444  334   26  101]
 [ 161  412  126  109]
 [  38    8    2 1382]]
Epoch: [15/200], cls_loss: 0.0000, transfer_loss: 0.0000,person_loss: 0.0000, total_Loss: 0.0000
trian begin
trian end
ACC: 56.82539682539682
SAMPLE
F1_MI: 0.5652910052910053 F1_MA: 0.5733283039240665 ACC_MI: 0.5652910052910053 F1_MA: 0.5871261941083186
BEST_F1_MI: 0.5796825396825397 BEST_F1_MA: 0.5930079170887351 BEST_ACC_MI: 0.5796825396825397 BEST_F1_MA: 0.6313902801302465
[[ 436 1039   57   50]
 [ 279  414  114   98]
 [  42  227  435  104]
 [  11    8   25 1386]]
Epoch: [16/200], cls_loss: 0.0000, transfer_loss: 0.0000,person_loss: 0.0000, total_Loss: 0.0000
trian begin
trian end
ACC: 50.116402116402114
SAMPLE
F1_MI: 0.4998941798941799 F1_MA: 0.4472271954693121 ACC_MI: 0.4998941798941799 F1_MA: 0.45832047320847025
BEST_F1_MI: 0.5796825396825397 BEST_F1_MA: 0.5930079170887351 BEST_ACC_MI: 0.5796825396825397 BEST_F1_MA: 0.6313902801302465
[[ 671  816   43   52]
 [ 546  142  113  104]
 [ 516   28  153  111]
 [   5    9   20 1396]]
Epoch: [17/200], cls_loss: 0.0000, transfer_loss: 0.0000,person_loss: 0.0000, total_Loss: 0.0000
trian begin
trian end
ACC: 49.01587301587302
SAMPLE
F1_MI: 0.48804232804232806 F1_MA: 0.4841158730759657 ACC_MI: 0.48804232804232806 F1_MA: 0.49145032685337453
BEST_F1_MI: 0.5796825396825397 BEST_F1_MA: 0.5930079170887351 BEST_ACC_MI: 0.5796825396825397 BEST_F1_MA: 0.6313902801302465
[[ 229 1195  111   47]
 [ 215  579   23   88]
 [ 169  399  141   99]
 [  64    7    2 1357]]
Epoch: [18/200], cls_loss: 0.0000, transfer_loss: 0.0000,person_loss: 0.0000, total_Loss: 0.0000
trian begin
trian end
ACC: 47.15343915343915
SAMPLE
F1_MI: 0.47153439153439153 F1_MA: 0.4421707347971343 ACC_MI: 0.47153439153439153 F1_MA: 0.4480018030730829
BEST_F1_MI: 0.5796825396825397 BEST_F1_MA: 0.5930079170887351 BEST_ACC_MI: 0.5796825396825397 BEST_F1_MA: 0.6313902801302465
[[ 362 1050  120   50]
 [ 336  421   47  101]
 [ 112  514   77  105]
 [  41   20    1 1368]]
Epoch: [19/200], cls_loss: 0.0000, transfer_loss: 0.0000,person_loss: 0.0000, total_Loss: 0.0000
trian begin
trian end
ACC: 38.645502645502646
SAMPLE
F1_MI: 0.38560846560846557 F1_MA: 0.35925319675598544 ACC_MI: 0.3856084656084656 F1_MA: 0.3674999186676646
BEST_F1_MI: 0.5796825396825397 BEST_F1_MA: 0.5930079170887351 BEST_ACC_MI: 0.5796825396825397 BEST_F1_MA: 0.6313902801302465
[[ 168  834  534   46]
 [  96  199  523   87]
 [  84  511  115   98]
 [  82    3    5 1340]]
Epoch: [20/200], cls_loss: 0.0000, transfer_loss: 0.0000,person_loss: 0.0000, total_Loss: 0.0000
trian begin
trian end
ACC: 43.026455026455025
SAMPLE
F1_MI: 0.428994708994709 F1_MA: 0.38479774811156336 ACC_MI: 0.428994708994709 F1_MA: 0.37060457293214183
BEST_F1_MI: 0.5796825396825397 BEST_F1_MA: 0.5930079170887351 BEST_ACC_MI: 0.5796825396825397 BEST_F1_MA: 0.6313902801302465
[[ 182 1096  252   52]
 [ 228  395  183   99]
 [ 132  503   65  108]
 [  39    1    5 1385]]
Epoch: [21/200], cls_loss: 0.0000, transfer_loss: 0.0000,person_loss: 0.0000, total_Loss: 0.0000
trian begin
trian end
ACC: 42.79365079365079
SAMPLE
F1_MI: 0.4256084656084656 F1_MA: 0.3855688420327294 ACC_MI: 0.4256084656084656 F1_MA: 0.3847658566533895
BEST_F1_MI: 0.5796825396825397 BEST_F1_MA: 0.5930079170887351 BEST_ACC_MI: 0.5796825396825397 BEST_F1_MA: 0.6313902801302465
[[ 300  690  540   52]
 [ 252  150  402  101]
 [ 134  388  183  103]
 [  42    6    4 1378]]
Epoch: [22/200], cls_loss: 0.0000, transfer_loss: 0.0000,person_loss: 0.0000, total_Loss: 0.0000
trian begin
trian end
ACC: 71.85185185185185
SAMPLE
F1_MI: 0.7185185185185186 F1_MA: 0.700976530282396 ACC_MI: 0.7185185185185186 F1_MA: 0.6971620181249519
BEST_F1_MI: 0.7185185185185186 BEST_F1_MA: 0.700976530282396 BEST_ACC_MI: 0.7185185185185186 BEST_F1_MA: 0.6971620181249519
[[ 949  439  145   49]
 [ 151  550  109   95]
 [ 148   24  531  105]
 [  43   22    0 1365]]
Epoch: [23/200], cls_loss: 0.0000, transfer_loss: 0.0000,person_loss: 0.0000, total_Loss: 0.0000
trian begin
trian end
ACC: 64.97354497354497
SAMPLE
F1_MI: 0.6497354497354497 F1_MA: 0.623275952310667 ACC_MI: 0.6497354497354497 F1_MA: 0.6277037677332095
BEST_F1_MI: 0.7185185185185186 BEST_F1_MA: 0.700976530282396 BEST_ACC_MI: 0.7185185185185186 BEST_F1_MA: 0.6971620181249519
[[ 846  550  136   50]
 [ 127  587   92   99]
 [ 213  218  274  103]
 [  17   50    0 1363]]
Epoch: [24/200], cls_loss: 0.0000, transfer_loss: 0.0000,person_loss: 0.0000, total_Loss: 0.0000
trian begin
trian end
ACC: 43.576719576719576
SAMPLE
F1_MI: 0.43576719576719575 F1_MA: 0.35743040928362785 ACC_MI: 0.43576719576719575 F1_MA: 0.3483693964383039
BEST_F1_MI: 0.7185185185185186 BEST_F1_MA: 0.700976530282396 BEST_ACC_MI: 0.7185185185185186 BEST_F1_MA: 0.6971620181249519
[[ 514  113  891   64]
 [ 547   68  153  137]
 [ 119  477   65  147]
 [  17    1    0 1412]]
Epoch: [25/200], cls_loss: 0.0000, transfer_loss: 0.0000,person_loss: 0.0000, total_Loss: 0.0000
trian begin
trian end
ACC: 67.3862433862434
SAMPLE
F1_MI: 0.6736507936507936 F1_MA: 0.5942522324798852 ACC_MI: 0.6736507936507936 F1_MA: 0.5892190092683606
BEST_F1_MI: 0.7185185185185186 BEST_F1_MA: 0.700976530282396 BEST_ACC_MI: 0.7185185185185186 BEST_F1_MA: 0.6971620181249519
[[1224   73  234   51]
 [ 229  367  204  105]
 [  67  434  195  112]
 [   1    1   31 1397]]
Epoch: [26/200], cls_loss: 0.0000, transfer_loss: 0.0000,person_loss: 0.0000, total_Loss: 0.0000
trian begin
trian end
ACC: 50.39153439153439
SAMPLE
F1_MI: 0.5037037037037037 F1_MA: 0.4969434527382942 ACC_MI: 0.5037037037037037 F1_MA: 0.4779686696414781
BEST_F1_MI: 0.7185185185185186 BEST_F1_MA: 0.700976530282396 BEST_ACC_MI: 0.7185185185185186 BEST_F1_MA: 0.6971620181249519
[[  43 1403   84   52]
 [  40  723   35  107]
 [ 209  272  214  113]
 [   2   21    7 1400]]
Epoch: [27/200], cls_loss: 0.0000, transfer_loss: 0.0000,person_loss: 0.0000, total_Loss: 0.0000
trian begin
trian end
ACC: 68.91005291005291
SAMPLE
F1_MI: 0.6884656084656084 F1_MA: 0.646518058544621 ACC_MI: 0.6884656084656084 F1_MA: 0.6454482356092772
BEST_F1_MI: 0.7185185185185186 BEST_F1_MA: 0.700976530282396 BEST_ACC_MI: 0.7185185185185186 BEST_F1_MA: 0.6971620181249519
[[1057  286  195   44]
 [ 162  511  145   87]
 [  75  302  333   98]
 [   0    8   70 1352]]
Epoch: [28/200], cls_loss: 0.0000, transfer_loss: 0.0000,person_loss: 0.0000, total_Loss: 0.0000
trian begin
trian end
ACC: 42.285714285714285
SAMPLE
F1_MI: 0.4228571428571429 F1_MA: 0.3794673882252607 ACC_MI: 0.4228571428571429 F1_MA: 0.3695877692984342
BEST_F1_MI: 0.7185185185185186 BEST_F1_MA: 0.700976530282396 BEST_ACC_MI: 0.7185185185185186 BEST_F1_MA: 0.6971620181249519
[[ 213  894  417   58]
 [ 148  190  450  117]
 [ 257  237  185  129]
 [  14    0    6 1410]]
Epoch: [29/200], cls_loss: 0.0000, transfer_loss: 0.0000,person_loss: 0.0000, total_Loss: 0.0000
trian begin
trian end
ACC: 45.31216931216931
SAMPLE
F1_MI: 0.45312169312169315 F1_MA: 0.42662074003990114 ACC_MI: 0.45312169312169315 F1_MA: 0.42711986547373104
BEST_F1_MI: 0.7185185185185186 BEST_F1_MA: 0.700976530282396 BEST_ACC_MI: 0.7185185185185186 BEST_F1_MA: 0.6971620181249519
[[ 308 1092  138   44]
 [ 257  420  145   83]
 [ 149  462  107   90]
 [  13    3  108 1306]]
Epoch: [30/200], cls_loss: 0.0000, transfer_loss: 0.0000,person_loss: 0.0000, total_Loss: 0.0000
trian begin
trian end
ACC: 50.3068783068783
SAMPLE
F1_MI: 0.5026455026455027 F1_MA: 0.48252356335910485 ACC_MI: 0.5026455026455027 F1_MA: 0.4823194308544694
BEST_F1_MI: 0.7185185185185186 BEST_F1_MA: 0.700976530282396 BEST_ACC_MI: 0.7185185185185186 BEST_F1_MA: 0.6971620181249519
[[ 357  888  279   58]
 [ 108  279  404  114]
 [ 144  206  336  122]
 [  16   11    0 1403]]
Epoch: [31/200], cls_loss: 0.0000, transfer_loss: 0.0000,person_loss: 0.0000, total_Loss: 0.0000
trian begin
trian end
ACC: 63.15343915343915
SAMPLE
F1_MI: 0.6315343915343915 F1_MA: 0.5489805436700541 ACC_MI: 0.6315343915343915 F1_MA: 0.5440778585970856
BEST_F1_MI: 0.7185185185185186 BEST_F1_MA: 0.700976530282396 BEST_ACC_MI: 0.7185185185185186 BEST_F1_MA: 0.6971620181249519
[[1142  234  153   53]
 [ 274  278  246  107]
 [ 377  145  173  113]
 [   5   27    7 1391]]
Epoch: [32/200], cls_loss: 0.0000, transfer_loss: 0.0000,person_loss: 0.0000, total_Loss: 0.0000
trian begin
trian end
ACC: 46.01058201058201
SAMPLE
F1_MI: 0.4601058201058201 F1_MA: 0.4294992380155802 ACC_MI: 0.46010582010582013 F1_MA: 0.4277865547876427
BEST_F1_MI: 0.7185185185185186 BEST_F1_MA: 0.700976530282396 BEST_ACC_MI: 0.7185185185185186 BEST_F1_MA: 0.6971620181249519
[[ 306  930  294   52]
 [  91  364  348  102]
 [ 243  314  144  107]
 [   2    9   59 1360]]
Epoch: [33/200], cls_loss: 0.0000, transfer_loss: 0.0000,person_loss: 0.0000, total_Loss: 0.0000
trian begin
trian end
ACC: 41.75661375661376
SAMPLE
F1_MI: 0.4162962962962963 F1_MA: 0.3783313666806621 ACC_MI: 0.4162962962962963 F1_MA: 0.37932124768275305
BEST_F1_MI: 0.7185185185185186 BEST_F1_MA: 0.700976530282396 BEST_ACC_MI: 0.7185185185185186 BEST_F1_MA: 0.6971620181249519
[[ 261  861  410   50]
 [  93  137  573  102]
 [ 254  268  178  108]
 [  21   14    4 1391]]
Epoch: [34/200], cls_loss: 0.0000, transfer_loss: 0.0000,person_loss: 0.0000, total_Loss: 0.0000
trian begin
trian end
ACC: 54.17989417989418
SAMPLE
F1_MI: 0.537989417989418 F1_MA: 0.4363770136045341 ACC_MI: 0.537989417989418 F1_MA: 0.42279180333482635
BEST_F1_MI: 0.7185185185185186 BEST_F1_MA: 0.700976530282396 BEST_ACC_MI: 0.7185185185185186 BEST_F1_MA: 0.6971620181249519
[[ 953  246  334   49]
 [ 465  122  220   98]
 [ 263  365   75  105]
 [   6    7   25 1392]]
Epoch: [35/200], cls_loss: 0.0000, transfer_loss: 0.0000,person_loss: 0.0000, total_Loss: 0.0000
trian begin
trian end
ACC: 47.407407407407405
SAMPLE
F1_MI: 0.4723809523809524 F1_MA: 0.4092183884064217 ACC_MI: 0.4723809523809524 F1_MA: 0.40743963185734994
BEST_F1_MI: 0.7185185185185186 BEST_F1_MA: 0.700976530282396 BEST_ACC_MI: 0.7185185185185186 BEST_F1_MA: 0.6971620181249519
[[ 599  592  342   49]
 [ 280  234  301   90]
 [ 240  415   53  100]
 [  30    0   54 1346]]
Epoch: [36/200], cls_loss: 0.0000, transfer_loss: 0.0000,person_loss: 0.0000, total_Loss: 0.0000
trian begin
trian end
ACC: 43.216931216931215
SAMPLE
F1_MI: 0.43216931216931215 F1_MA: 0.39867295272067194 ACC_MI: 0.43216931216931215 F1_MA: 0.3905796396483117
BEST_F1_MI: 0.7185185185185186 BEST_F1_MA: 0.700976530282396 BEST_ACC_MI: 0.7185185185185186 BEST_F1_MA: 0.6971620181249519
[[ 186 1089  249   58]
 [ 205  237  342  121]
 [ 159  310  217  122]
 [  16    4    8 1402]]
Epoch: [37/200], cls_loss: 0.0000, transfer_loss: 0.0000,person_loss: 0.0000, total_Loss: 0.0000
trian begin
trian end
ACC: 51.74603174603175
SAMPLE
F1_MI: 0.5166137566137566 F1_MA: 0.4421596260060537 ACC_MI: 0.5166137566137566 F1_MA: 0.4326438267362541
BEST_F1_MI: 0.7185185185185186 BEST_F1_MA: 0.700976530282396 BEST_ACC_MI: 0.7185185185185186 BEST_F1_MA: 0.6971620181249519
[[ 692  515  321   54]
 [ 287  285  224  109]
 [ 256  376   60  116]
 [   2   17    7 1404]]
Epoch: [38/200], cls_loss: 0.0000, transfer_loss: 0.0000,person_loss: 0.0000, total_Loss: 0.0000
trian begin
trian end
ACC: 39.61904761904762
SAMPLE
F1_MI: 0.39534391534391533 F1_MA: 0.35984126794259225 ACC_MI: 0.39534391534391533 F1_MA: 0.34590260723062316
BEST_F1_MI: 0.7185185185185186 BEST_F1_MA: 0.700976530282396 BEST_ACC_MI: 0.7185185185185186 BEST_F1_MA: 0.6971620181249519
[[  77 1054  403   48]
 [ 242  300  273   90]
 [  29  534  143  102]
 [  11    7   64 1348]]
Epoch: [39/200], cls_loss: 0.0000, transfer_loss: 0.0000,person_loss: 0.0000, total_Loss: 0.0000
trian begin
trian end
ACC: 63.576719576719576
SAMPLE
F1_MI: 0.6340740740740741 F1_MA: 0.5614816036599971 ACC_MI: 0.6340740740740741 F1_MA: 0.5565452702983996
BEST_F1_MI: 0.7185185185185186 BEST_F1_MA: 0.700976530282396 BEST_ACC_MI: 0.7185185185185186 BEST_F1_MA: 0.6971620181249519
[[1119  269  152   42]
 [ 185  466  172   82]
 [  82  529  106   91]
 [   1   13  111 1305]]
Epoch: [40/200], cls_loss: 0.0000, transfer_loss: 0.0000,person_loss: 0.0000, total_Loss: 0.0000
trian begin
trian end
ACC: 61.07936507936508
SAMPLE
F1_MI: 0.6099470899470899 F1_MA: 0.5226169223029931 ACC_MI: 0.6099470899470899 F1_MA: 0.5215555854748948
BEST_F1_MI: 0.7185185185185186 BEST_F1_MA: 0.700976530282396 BEST_ACC_MI: 0.7185185185185186 BEST_F1_MA: 0.6971620181249519
[[1152   14  367   49]
 [ 183  259  361  102]
 [  98  506   96  108]
 [   2    0   53 1375]]
Epoch: [41/200], cls_loss: 0.0000, transfer_loss: 0.0000,person_loss: 0.0000, total_Loss: 0.0000
trian begin
trian end
ACC: 60.76190476190476
SAMPLE
F1_MI: 0.6076190476190476 F1_MA: 0.542419197253599 ACC_MI: 0.6076190476190476 F1_MA: 0.5407420826017352
BEST_F1_MI: 0.7185185185185186 BEST_F1_MA: 0.700976530282396 BEST_ACC_MI: 0.7185185185185186 BEST_F1_MA: 0.6971620181249519
[[ 933  554   43   52]
 [ 190  459  151  105]
 [ 121  491   84  112]
 [   4    0   31 1395]]
Epoch: [42/200], cls_loss: 0.0000, transfer_loss: 0.0000,person_loss: 0.0000, total_Loss: 0.0000
trian begin
trian end
ACC: 49.1005291005291
SAMPLE
F1_MI: 0.491005291005291 F1_MA: 0.45944992892913006 ACC_MI: 0.491005291005291 F1_MA: 0.4708821248750644
BEST_F1_MI: 0.7185185185185186 BEST_F1_MA: 0.700976530282396 BEST_ACC_MI: 0.7185185185185186 BEST_F1_MA: 0.6971620181249519
[[ 488  746  301   47]
 [ 123  324  360   98]
 [ 105  466  136  101]
 [  22    2   34 1372]]
Epoch: [43/200], cls_loss: 0.0000, transfer_loss: 0.0000,person_loss: 0.0000, total_Loss: 0.0000
trian begin
trian end
ACC: 44.148148148148145
SAMPLE
F1_MI: 0.4414814814814815 F1_MA: 0.4030151936612834 ACC_MI: 0.4414814814814815 F1_MA: 0.4245806785250909
BEST_F1_MI: 0.7185185185185186 BEST_F1_MA: 0.700976530282396 BEST_ACC_MI: 0.7185185185185186 BEST_F1_MA: 0.6971620181249519
[[ 455  628  448   51]
 [  96  167  543   99]
 [ 130  497   71  110]
 [   7    0   30 1393]]
Epoch: [44/200], cls_loss: 0.0000, transfer_loss: 0.0000,person_loss: 0.0000, total_Loss: 0.0000
trian begin
trian end
ACC: 41.96825396825397
SAMPLE
F1_MI: 0.41968253968253966 F1_MA: 0.3917015564586661 ACC_MI: 0.41968253968253966 F1_MA: 0.39687110660754954
BEST_F1_MI: 0.7185185185185186 BEST_F1_MA: 0.700976530282396 BEST_ACC_MI: 0.7185185185185186 BEST_F1_MA: 0.6971620181249519
[[ 217  923  395   47]
 [ 101  336  376   92]
 [ 125  510   71  102]
 [  20    1   50 1359]]
Epoch: [45/200], cls_loss: 0.0000, transfer_loss: 0.0000,person_loss: 0.0000, total_Loss: 0.0000
trian begin
trian end
ACC: 48.38095238095238
SAMPLE
F1_MI: 0.4838095238095238 F1_MA: 0.4713953410254552 ACC_MI: 0.4838095238095238 F1_MA: 0.491440371024476
BEST_F1_MI: 0.7185185185185186 BEST_F1_MA: 0.700976530282396 BEST_ACC_MI: 0.7185185185185186 BEST_F1_MA: 0.6971620181249519
[[ 357  877  298   50]
 [  38  457  311   99]
 [  79  526   96  107]
 [   2    3   49 1376]]
Epoch: [46/200], cls_loss: 0.0000, transfer_loss: 0.0000,person_loss: 0.0000, total_Loss: 0.0000
trian begin
trian end
ACC: 40.698412698412696
SAMPLE
F1_MI: 0.4067724867724868 F1_MA: 0.37287964144866814 ACC_MI: 0.4067724867724868 F1_MA: 0.3748972098515485
BEST_F1_MI: 0.7185185185185186 BEST_F1_MA: 0.700976530282396 BEST_ACC_MI: 0.7185185185185186 BEST_F1_MA: 0.6971620181249519
[[ 182  851  499   50]
 [  83  297  425  100]
 [ 131  510   58  109]
 [  38    0    7 1385]]
Epoch: [47/200], cls_loss: 0.0000, transfer_loss: 0.0000,person_loss: 0.0000, total_Loss: 0.0000
trian begin
trian end
ACC: 42.01058201058201
SAMPLE
F1_MI: 0.4201058201058201 F1_MA: 0.39736706154501666 ACC_MI: 0.4201058201058201 F1_MA: 0.3954327107657715
BEST_F1_MI: 0.7185185185185186 BEST_F1_MA: 0.700976530282396 BEST_ACC_MI: 0.7185185185185186 BEST_F1_MA: 0.6971620181249519
[[ 110  972  454   46]
 [  35  429  345   96]
 [  64  570   79   95]
 [  51    1   11 1367]]
Epoch: [48/200], cls_loss: 0.0000, transfer_loss: 0.0000,person_loss: 0.0000, total_Loss: 0.0000
trian begin
trian end
ACC: 42.560846560846564
SAMPLE
F1_MI: 0.4247619047619048 F1_MA: 0.39215807801299923 ACC_MI: 0.4247619047619048 F1_MA: 0.3857394024757286
BEST_F1_MI: 0.7185185185185186 BEST_F1_MA: 0.700976530282396 BEST_ACC_MI: 0.7185185185185186 BEST_F1_MA: 0.6971620181249519
[[ 146 1016  370   50]
 [  38  360  403  104]
 [ 191  405  103  109]
 [   4    0   28 1398]]
Epoch: [49/200], cls_loss: 0.0000, transfer_loss: 0.0000,person_loss: 0.0000, total_Loss: 0.0000
trian begin
trian end
ACC: 45.18518518518518
SAMPLE
F1_MI: 0.451005291005291 F1_MA: 0.4272623700765241 ACC_MI: 0.451005291005291 F1_MA: 0.4086505224788872
BEST_F1_MI: 0.7185185185185186 BEST_F1_MA: 0.700976530282396 BEST_ACC_MI: 0.7185185185185186 BEST_F1_MA: 0.6971620181249519
[[ 106 1169  262   45]
 [ 120  417  295   73]
 [ 165  303  257   83]
 [  65    2   12 1351]]
Epoch: [50/200], cls_loss: 0.0000, transfer_loss: 0.0000,person_loss: 0.0000, total_Loss: 0.0000
trian begin
trian end
ACC: 40.35978835978836
SAMPLE
F1_MI: 0.4023280423280423 F1_MA: 0.36867289025540284 ACC_MI: 0.4023280423280423 F1_MA: 0.3590676561394893
BEST_F1_MI: 0.7185185185185186 BEST_F1_MA: 0.700976530282396 BEST_ACC_MI: 0.7185185185185186 BEST_F1_MA: 0.6971620181249519
[[ 149 1096  295   42]
 [  90  305  435   75]
 [ 289  302  134   83]
 [ 101    3   13 1313]]
Epoch: [51/200], cls_loss: 0.0000, transfer_loss: 0.0000,person_loss: 0.0000, total_Loss: 0.0000
trian begin
trian end
ACC: 48.804232804232804
SAMPLE
F1_MI: 0.4871957671957672 F1_MA: 0.4625683692781473 ACC_MI: 0.4871957671957672 F1_MA: 0.45850800465623925
BEST_F1_MI: 0.7185185185185186 BEST_F1_MA: 0.700976530282396 BEST_ACC_MI: 0.7185185185185186 BEST_F1_MA: 0.6971620181249519
[[ 327 1103  105   47]
 [ 135  279  393   98]
 [ 292  102  308  106]
 [   9   11   22 1388]]
Epoch: [52/200], cls_loss: 0.0000, transfer_loss: 0.0000,person_loss: 0.0000, total_Loss: 0.0000
trian begin
trian end
ACC: 51.7037037037037
SAMPLE
F1_MI: 0.5157671957671958 F1_MA: 0.552131685957269 ACC_MI: 0.5157671957671958 F1_MA: 0.5941095674339696
BEST_F1_MI: 0.7185185185185186 BEST_F1_MA: 0.700976530282396 BEST_ACC_MI: 0.7185185185185186 BEST_F1_MA: 0.6971620181249519
[[ 253 1277    6   46]
 [ 190  610   27   78]
 [ 188  299  238   83]
 [  82   12    0 1336]]
Epoch: [53/200], cls_loss: 0.0000, transfer_loss: 0.0000,person_loss: 0.0000, total_Loss: 0.0000
trian begin
trian end
ACC: 50.2010582010582
SAMPLE
F1_MI: 0.502010582010582 F1_MA: 0.5124200417513503 ACC_MI: 0.502010582010582 F1_MA: 0.5231390647003838
BEST_F1_MI: 0.7185185185185186 BEST_F1_MA: 0.700976530282396 BEST_ACC_MI: 0.7185185185185186 BEST_F1_MA: 0.6971620181249519
[[ 237  986  313   46]
 [  84  376  349   96]
 [  40  271  396  101]
 [   0   28   39 1363]]
Epoch: [54/200], cls_loss: 0.0000, transfer_loss: 0.0000,person_loss: 0.0000, total_Loss: 0.0000
trian begin
trian end
ACC: 51.51322751322751
SAMPLE
F1_MI: 0.5151322751322751 F1_MA: 0.5118902864569612 ACC_MI: 0.5151322751322751 F1_MA: 0.5160382886030287
BEST_F1_MI: 0.7185185185185186 BEST_F1_MA: 0.700976530282396 BEST_ACC_MI: 0.7185185185185186 BEST_F1_MA: 0.6971620181249519
[[ 292 1083  155   52]
 [ 101  378  312  114]
 [ 113  213  363  119]
 [   2   24    3 1401]]
Epoch: [55/200], cls_loss: 0.0000, transfer_loss: 0.0000,person_loss: 0.0000, total_Loss: 0.0000
trian begin
trian end
ACC: 57.20634920634921
SAMPLE
F1_MI: 0.5712169312169312 F1_MA: 0.5850050950119315 ACC_MI: 0.5712169312169312 F1_MA: 0.5926811660432928
BEST_F1_MI: 0.7185185185185186 BEST_F1_MA: 0.700976530282396 BEST_ACC_MI: 0.7185185185185186 BEST_F1_MA: 0.6971620181249519
[[ 358 1079   98   47]
 [ 148  524  137   96]
 [  74  193  435  106]
 [  29   16    3 1382]]
Epoch: [56/200], cls_loss: 0.0000, transfer_loss: 0.0000,person_loss: 0.0000, total_Loss: 0.0000
trian begin
trian end
ACC: 60.99470899470899
SAMPLE
F1_MI: 0.6099470899470899 F1_MA: 0.6568718622439608 ACC_MI: 0.6099470899470899 F1_MA: 0.6855034900663497
BEST_F1_MI: 0.7185185185185186 BEST_F1_MA: 0.700976530282396 BEST_ACC_MI: 0.7185185185185186 BEST_F1_MA: 0.6971620181249519
[[ 351 1182    1   48]
 [ 119  677   12   97]
 [  82  147  475  104]
 [  44    5    2 1379]]
Epoch: [57/200], cls_loss: 0.0000, transfer_loss: 0.0000,person_loss: 0.0000, total_Loss: 0.0000
trian begin
trian end
ACC: 52.317460317460316
SAMPLE
F1_MI: 0.5223280423280423 F1_MA: 0.546229965341533 ACC_MI: 0.5223280423280423 F1_MA: 0.5222982943815415
BEST_F1_MI: 0.7185185185185186 BEST_F1_MA: 0.700976530282396 BEST_ACC_MI: 0.7185185185185186 BEST_F1_MA: 0.6971620181249519
[[  25 1505   18   34]
 [  65  699   94   47]
 [  77  165  524   42]
 [ 189   16    5 1220]]
Epoch: [58/200], cls_loss: 0.0000, transfer_loss: 0.0000,person_loss: 0.0000, total_Loss: 0.0000
trian begin
trian end
ACC: 51.682539682539684
SAMPLE
F1_MI: 0.5168253968253969 F1_MA: 0.5247104679070909 ACC_MI: 0.5168253968253969 F1_MA: 0.5138778657283736
BEST_F1_MI: 0.7185185185185186 BEST_F1_MA: 0.700976530282396 BEST_ACC_MI: 0.7185185185185186 BEST_F1_MA: 0.6971620181249519
[[ 209 1296   31   46]
 [ 169  391  279   66]
 [ 152   41  542   73]
 [ 122    5    3 1300]]
Epoch: [59/200], cls_loss: 0.0000, transfer_loss: 0.0000,person_loss: 0.0000, total_Loss: 0.0000
trian begin
trian end
ACC: 53.629629629629626
SAMPLE
F1_MI: 0.5362962962962963 F1_MA: 0.5523434147001577 ACC_MI: 0.5362962962962963 F1_MA: 0.5351845477037195
BEST_F1_MI: 0.7185185185185186 BEST_F1_MA: 0.700976530282396 BEST_ACC_MI: 0.7185185185185186 BEST_F1_MA: 0.6971620181249519
[[ 106 1336  101   39]
 [  76  655  118   56]
 [  80  193  468   67]
 [ 108    0   17 1305]]
Epoch: [60/200], cls_loss: 0.0000, transfer_loss: 0.0000,person_loss: 0.0000, total_Loss: 0.0000
trian begin
trian end
ACC: 51.682539682539684
SAMPLE
F1_MI: 0.5153439153439153 F1_MA: 0.5194248105335728 ACC_MI: 0.5153439153439153 F1_MA: 0.4846354222303581
BEST_F1_MI: 0.7185185185185186 BEST_F1_MA: 0.700976530282396 BEST_ACC_MI: 0.7185185185185186 BEST_F1_MA: 0.6971620181249519
[[  60 1314   98  110]
 [  75  530  100  200]
 [  88   31  603   86]
 [ 186    0    2 1242]]
Epoch: [61/200], cls_loss: 0.0000, transfer_loss: 0.0000,person_loss: 0.0000, total_Loss: 0.0000
trian begin
trian end
ACC: 56.52910052910053
SAMPLE
F1_MI: 0.5646560846560846 F1_MA: 0.5892778523264449 ACC_MI: 0.5646560846560846 F1_MA: 0.6138249662769988
BEST_F1_MI: 0.7185185185185186 BEST_F1_MA: 0.700976530282396 BEST_ACC_MI: 0.7185185185185186 BEST_F1_MA: 0.6971620181249519
[[ 434 1099    6   43]
 [ 341  444   43   77]
 [ 196   67  464   81]
 [  90   14    0 1326]]
Epoch: [62/200], cls_loss: 0.0000, transfer_loss: 0.0000,person_loss: 0.0000, total_Loss: 0.0000
trian begin
trian end
ACC: 49.20634920634921
SAMPLE
F1_MI: 0.49206349206349204 F1_MA: 0.47837255606603185 ACC_MI: 0.49206349206349204 F1_MA: 0.4745914038735881
BEST_F1_MI: 0.7185185185185186 BEST_F1_MA: 0.700976530282396 BEST_ACC_MI: 0.7185185185185186 BEST_F1_MA: 0.6971620181249519
[[ 293 1019  219   51]
 [ 135  181  488  101]
 [ 100  137  463  108]
 [  24    1   17 1388]]
Epoch: [63/200], cls_loss: 0.0000, transfer_loss: 0.0000,person_loss: 0.0000, total_Loss: 0.0000
trian begin
trian end
ACC: 59.00529100529101
SAMPLE
F1_MI: 0.5896296296296296 F1_MA: 0.49440523217419224 ACC_MI: 0.5896296296296296 F1_MA: 0.4865633899077947
BEST_F1_MI: 0.7185185185185186 BEST_F1_MA: 0.700976530282396 BEST_ACC_MI: 0.7185185185185186 BEST_F1_MA: 0.6971620181249519
[[1088  301  136   57]
 [ 310  148  331  116]
 [  83  465  139  121]
 [   2    0   17 1411]]
Epoch: [64/200], cls_loss: 0.0000, transfer_loss: 0.0000,person_loss: 0.0000, total_Loss: 0.0000
trian begin
trian end
ACC: 44.46560846560847
SAMPLE
F1_MI: 0.44423280423280426 F1_MA: 0.42186767183387663 ACC_MI: 0.44423280423280426 F1_MA: 0.4204651289732129
BEST_F1_MI: 0.7185185185185186 BEST_F1_MA: 0.700976530282396 BEST_ACC_MI: 0.7185185185185186 BEST_F1_MA: 0.6971620181249519
[[ 227 1076  234   45]
 [ 187  301  334   83]
 [ 127  366  220   95]
 [  68   11    0 1351]]
Epoch: [65/200], cls_loss: 0.0000, transfer_loss: 0.0000,person_loss: 0.0000, total_Loss: 0.0000
trian begin
trian end
ACC: 40.698412698412696
SAMPLE
F1_MI: 0.40698412698412695 F1_MA: 0.3782728846476204 ACC_MI: 0.406984126984127 F1_MA: 0.39267815027032327
BEST_F1_MI: 0.7185185185185186 BEST_F1_MA: 0.700976530282396 BEST_ACC_MI: 0.7185185185185186 BEST_F1_MA: 0.6971620181249519
[[ 253  125 1156   48]
 [ 156  159  495   95]
 [ 139  440  125  104]
 [  34    9    1 1386]]
Epoch: [66/200], cls_loss: 0.0000, transfer_loss: 0.0000,person_loss: 0.0000, total_Loss: 0.0000
trian begin
trian end
ACC: 42.264550264550266
SAMPLE
F1_MI: 0.4213756613756614 F1_MA: 0.4013716667797461 ACC_MI: 0.4213756613756614 F1_MA: 0.40035179556831874
BEST_F1_MI: 0.7185185185185186 BEST_F1_MA: 0.700976530282396 BEST_ACC_MI: 0.7185185185185186 BEST_F1_MA: 0.6971620181249519
[[ 166  189 1181   46]
 [ 113  165  541   86]
 [ 203  210  300   95]
 [  38   32    0 1360]]
Epoch: [67/200], cls_loss: 0.0000, transfer_loss: 0.0000,person_loss: 0.0000, total_Loss: 0.0000
trian begin
trian end
ACC: 56.21164021164021
SAMPLE
F1_MI: 0.5619047619047619 F1_MA: 0.5464168915198732 ACC_MI: 0.5619047619047619 F1_MA: 0.5311857207679458
BEST_F1_MI: 0.7185185185185186 BEST_F1_MA: 0.700976530282396 BEST_ACC_MI: 0.7185185185185186 BEST_F1_MA: 0.6971620181249519
[[ 375  447  713   47]
 [ 145  520  143   97]
 [ 222   96  386  104]
 [  13   43    0 1374]]
Epoch: [68/200], cls_loss: 0.0000, transfer_loss: 0.0000,person_loss: 0.0000, total_Loss: 0.0000
trian begin
trian end
ACC: 52.93121693121693
SAMPLE
F1_MI: 0.5288888888888889 F1_MA: 0.510636127822937 ACC_MI: 0.5288888888888889 F1_MA: 0.5135696699378177
BEST_F1_MI: 0.7185185185185186 BEST_F1_MA: 0.700976530282396 BEST_ACC_MI: 0.7185185185185186 BEST_F1_MA: 0.6971620181249519
[[ 445  288  794   55]
 [  94  272  422  117]
 [ 215   94  377  122]
 [   3   21    1 1405]]
Epoch: [69/200], cls_loss: 0.0000, transfer_loss: 0.0000,person_loss: 0.0000, total_Loss: 0.0000
trian begin
trian end
ACC: 53.735449735449734
SAMPLE
F1_MI: 0.5367195767195767 F1_MA: 0.5272297611303642 ACC_MI: 0.5367195767195767 F1_MA: 0.5138882147643763
BEST_F1_MI: 0.7185185185185186 BEST_F1_MA: 0.700976530282396 BEST_ACC_MI: 0.7185185185185186 BEST_F1_MA: 0.6971620181249519
[[ 322  500  715   45]
 [ 114  370  332   89]
 [ 171   53  489   95]
 [  46   29    0 1355]]
Epoch: [70/200], cls_loss: 0.0000, transfer_loss: 0.0000,person_loss: 0.0000, total_Loss: 0.0000
trian begin
trian end
ACC: 54.8994708994709
SAMPLE
F1_MI: 0.5483597883597884 F1_MA: 0.5005910355352058 ACC_MI: 0.5483597883597884 F1_MA: 0.49821322219427244
BEST_F1_MI: 0.7185185185185186 BEST_F1_MA: 0.700976530282396 BEST_ACC_MI: 0.7185185185185186 BEST_F1_MA: 0.6971620181249519
[[ 737  216  585   44]
 [ 420  253  148   84]
 [ 305  140  273   90]
 [  15   87    0 1328]]
Epoch: [71/200], cls_loss: 0.0000, transfer_loss: 0.0000,person_loss: 0.0000, total_Loss: 0.0000
trian begin
trian end
ACC: 32.592592592592595
SAMPLE
F1_MI: 0.3252910052910053 F1_MA: 0.4327735314133876 ACC_MI: 0.3252910052910053 F1_MA: 0.4891088356384311
BEST_F1_MI: 0.7185185185185186 BEST_F1_MA: 0.700976530282396 BEST_ACC_MI: 0.7185185185185186 BEST_F1_MA: 0.6971620181249519
[[  92 1286  204    0]
 [ 168  684   51    2]
 [ 161  262  383    2]
 [1027   25    0  378]]
Epoch: [72/200], cls_loss: 0.0000, transfer_loss: 0.0000,person_loss: 0.0000, total_Loss: 0.0000
trian begin
trian end
ACC: 47.386243386243386
SAMPLE
F1_MI: 0.47195767195767196 F1_MA: 0.48406178522293297 ACC_MI: 0.47195767195767196 F1_MA: 0.48666443628630507
BEST_F1_MI: 0.7185185185185186 BEST_F1_MA: 0.700976530282396 BEST_ACC_MI: 0.7185185185185186 BEST_F1_MA: 0.6971620181249519
[[ 162 1227  158   35]
 [ 237  572   50   46]
 [ 196  298  270   44]
 [ 189   12    3 1226]]
Epoch: [73/200], cls_loss: 0.0000, transfer_loss: 0.0000,person_loss: 0.0000, total_Loss: 0.0000
[[ 949  439  145   49]
 [ 151  550  109   95]
 [ 148   24  531  105]
 [  43   22    0 1365]]
[[ 949  439  145   49]
 [ 151  550  109   95]
 [ 148   24  531  105]
 [  43   22    0 1365]]
WHAT: True
SVAE_RESULT
{'best_f1': 0.700976530282396, 'best_matrix': [[949, 439, 145, 49], [151, 550, 109, 95], [148, 24, 531, 105], [43, 22, 0, 1365]], 'args': 0.1}
{"best_f1": 0.700976530282396, "best_matrix": [[949, 439, 145, 49], [151, 550, 109, 95], [148, 24, 531, 105], [43, 22, 0, 1365]], "args": 0.1}
ARG: Namespace(backbone='resnet50', batch_size=32, config='MEDA/MEDA.yaml', data_dir='data', device=device(type='cuda'), early_stop=50, epoch_based_training=False, lr=0.003, lr_decay=0.75, lr_gamma=0.0003, lr_scheduler=True, max_iter=21000, method='True', momentum=0.9, myweight=0.1, n_class=4, n_epoch=200, n_iter_per_epoch=105, num_workers=7, seed=2, src_domain='UCI', tgt_domain='PAMAP2', tname='transfer', transfer_loss='twommd', transfer_loss_weight=0.5, use_bottleneck=True, weight_decay=0.0005)
