only 1 UCI PAMAP2 ONLY/ONLY.yaml False
Namespace(backbone='resnet50', batch_size=32, config='ONLY/ONLY.yaml', data_dir='data', device=device(type='cuda'), early_stop=50, epoch_based_training=False, lr=0.003, lr_decay=0.75, lr_gamma=0.0003, lr_scheduler=True, method='False', momentum=0.9, myweight=0.1, n_epoch=200, n_iter_per_epoch=100, num_workers=3, seed=1, src_domain='UCI', tgt_domain='PAMAP2', tname='transfer', transfer_loss='only', transfer_loss_weight=0.5, use_bottleneck=True, weight_decay=0.0005)
JUST DO IT
run my Parkinson code
transfer
TRAIN Length: 3369 615 TEST Length: 4727 361
YYY: 0 3
DATA_PROFILE   train: 3369 train2: 4727 test: 4727
DATASET.SHAPE: <data_loader.GetTrainLoader object at 0x7f2b6cfe6970> True
DATASET.SHAPE: <data_loader.GetTrainLoader object at 0x7f2b64c97c10> True
DATASET.SHAPE: <data_loader.GetTestLoader object at 0x7f2b64c2d1c0> False
CLASS: 4 361
LLL: {}
BOTTLENECK_LIST: [Linear(in_features=512, out_features=256, bias=True), ReLU()]
TYPE: {'loss_type': 'only', 'max_iter': 21000, 'num_class': 4, 'my_person_item': <my_person_item.PersonItem object at 0x7f2b64c2da30>}
initial_lr 1.0
transfer_world
method False <class 'str'>
1.8.1+cu111
True
LEN: 0 0
LOADER: <data_loader.InfiniteDataLoader object at 0x7f2b64c97880> <data_loader.InfiniteDataLoader object at 0x7f2b64c2d460>
N_batch: 105
trian begin
trian end
n_person 361
SAMPLE
F1_MI: 0.5045483393272688 F1_MA: 0.525679900713784 ACC_MI: 0.5045483393272688 F1_MA: 0.532760428586853
BEST_F1_MI: 0.5045483393272688 BEST_F1_MA: 0.525679900713784 BEST_ACC_MI: 0.5045483393272688 BEST_F1_MA: 0.532760428586853
[[  87 1375   71   51]
 [  94  659   54   98]
 [  32  399  271  106]
 [  47   15    0 1368]]
Epoch: [ 1/200], cls_loss: 0.5214, transfer_loss: 0.0000,person_loss: 0.0000, total_Loss: 0.0000
trian begin
trian end
n_person 361
SAMPLE
F1_MI: 0.4996826740004231 F1_MA: 0.49560150042492845 ACC_MI: 0.4996826740004231 F1_MA: 0.47691065567458757
BEST_F1_MI: 0.5045483393272688 BEST_F1_MA: 0.525679900713784 BEST_ACC_MI: 0.5045483393272688 BEST_F1_MA: 0.532760428586853
[[  52 1336  145   51]
 [  76  702   23  104]
 [  91  373  242  102]
 [  60    3    1 1366]]
Epoch: [ 2/200], cls_loss: 0.1700, transfer_loss: 0.0000,person_loss: 0.0000, total_Loss: 0.0000
trian begin
trian end
n_person 361
SAMPLE
F1_MI: 0.5728792045694944 F1_MA: 0.5477561432692215 ACC_MI: 0.5728792045694944 F1_MA: 0.5584645263064937
BEST_F1_MI: 0.5728792045694944 BEST_F1_MA: 0.5477561432692215 BEST_ACC_MI: 0.5728792045694944 BEST_F1_MA: 0.5584645263064937
[[ 656  725  146   57]
 [ 388  371   32  114]
 [ 222  183  279  124]
 [  27    1    0 1402]]
Epoch: [ 3/200], cls_loss: 0.0941, transfer_loss: 0.0000,person_loss: 0.0000, total_Loss: 0.0000
trian begin
trian end
n_person 361
SAMPLE
F1_MI: 0.48529722868627034 F1_MA: 0.4601415375477649 ACC_MI: 0.48529722868627034 F1_MA: 0.43147746558569233
BEST_F1_MI: 0.5728792045694944 BEST_F1_MA: 0.5477561432692215 BEST_ACC_MI: 0.5728792045694944 BEST_F1_MA: 0.5584645263064937
[[  47 1071  411   55]
 [  59  648   88  110]
 [  28  460  200  120]
 [  15   10    6 1399]]
Epoch: [ 4/200], cls_loss: 0.0625, transfer_loss: 0.0000,person_loss: 0.0000, total_Loss: 0.0000
trian begin
trian end
n_person 361
SAMPLE
F1_MI: 0.4973556166701925 F1_MA: 0.5371248534496447 ACC_MI: 0.4973556166701925 F1_MA: 0.5773618188476218
BEST_F1_MI: 0.5728792045694944 BEST_F1_MA: 0.5477561432692215 BEST_ACC_MI: 0.5728792045694944 BEST_F1_MA: 0.5773618188476218
[[ 128 1395    9   52]
 [ 166  616   12  111]
 [  77  387  229  115]
 [  49    3    0 1378]]
Epoch: [ 5/200], cls_loss: 0.0362, transfer_loss: 0.0000,person_loss: 0.0000, total_Loss: 0.0000
trian begin
trian end
n_person 361
SAMPLE
F1_MI: 0.46604611804527185 F1_MA: 0.4647701030147155 ACC_MI: 0.46604611804527185 F1_MA: 0.47428272751189243
BEST_F1_MI: 0.5728792045694944 BEST_F1_MA: 0.5477561432692215 BEST_ACC_MI: 0.5728792045694944 BEST_F1_MA: 0.5773618188476218
[[  88 1413   21   62]
 [  82  670   17  136]
 [  37  610   30  131]
 [   5    7    3 1415]]
Epoch: [ 6/200], cls_loss: 0.0548, transfer_loss: 0.0000,person_loss: 0.0000, total_Loss: 0.0000
trian begin
trian end
n_person 361
SAMPLE
F1_MI: 0.5077215993230378 F1_MA: 0.5431180855635841 ACC_MI: 0.5077215993230378 F1_MA: 0.5953760422985488
BEST_F1_MI: 0.5728792045694944 BEST_F1_MA: 0.5477561432692215 BEST_ACC_MI: 0.5728792045694944 BEST_F1_MA: 0.5953760422985488
[[ 237 1283    5   59]
 [ 225  555    9  116]
 [ 158  324  204  122]
 [  24    1    1 1404]]
Epoch: [ 7/200], cls_loss: 0.0329, transfer_loss: 0.0000,person_loss: 0.0000, total_Loss: 0.0000
trian begin
trian end
n_person 361
SAMPLE
F1_MI: 0.45864184472181085 F1_MA: 0.4747950665422223 ACC_MI: 0.45864184472181085 F1_MA: 0.49847249810745353
BEST_F1_MI: 0.5728792045694944 BEST_F1_MA: 0.5477561432692215 BEST_ACC_MI: 0.5728792045694944 BEST_F1_MA: 0.5953760422985488
[[  28 1484    8   64]
 [  85  685    4  131]
 [  41  595   39  133]
 [  11    3    0 1416]]
Epoch: [ 8/200], cls_loss: 0.0323, transfer_loss: 0.0000,person_loss: 0.0000, total_Loss: 0.0000
trian begin
trian end
n_person 361
SAMPLE
F1_MI: 0.4979902686693463 F1_MA: 0.5161890548046907 ACC_MI: 0.4979902686693463 F1_MA: 0.5319607774674329
BEST_F1_MI: 0.5728792045694944 BEST_F1_MA: 0.5477561432692215 BEST_ACC_MI: 0.5728792045694944 BEST_F1_MA: 0.5953760422985488
[[ 105 1372   48   59]
 [  89  676   30  110]
 [ 104  414  171  119]
 [  12   16    0 1402]]
Epoch: [ 9/200], cls_loss: 0.0400, transfer_loss: 0.0000,person_loss: 0.0000, total_Loss: 0.0000
trian begin
trian end
n_person 361
SAMPLE
F1_MI: 0.4762005500317326 F1_MA: 0.5133331494192034 ACC_MI: 0.4762005500317326 F1_MA: 0.5744503522114341
BEST_F1_MI: 0.5728792045694944 BEST_F1_MA: 0.5477561432692215 BEST_ACC_MI: 0.5728792045694944 BEST_F1_MA: 0.5953760422985488
[[ 157 1370    2   55]
 [ 168  620    5  112]
 [ 139  476   76  117]
 [  24    6    2 1398]]
Epoch: [10/200], cls_loss: 0.0155, transfer_loss: 0.0000,person_loss: 0.0000, total_Loss: 0.0000
trian begin
trian end
n_person 361
SAMPLE
F1_MI: 0.4941823566744235 F1_MA: 0.5308694908596111 ACC_MI: 0.4941823566744235 F1_MA: 0.572661360346689
BEST_F1_MI: 0.5728792045694944 BEST_F1_MA: 0.5477561432692215 BEST_ACC_MI: 0.5728792045694944 BEST_F1_MA: 0.5953760422985488
[[  93 1415   15   61]
 [  53  704   17  131]
 [  68  480  123  137]
 [  10    4    0 1416]]
Epoch: [11/200], cls_loss: 0.0147, transfer_loss: 0.0000,person_loss: 0.0000, total_Loss: 0.0000
trian begin
trian end
n_person 361
SAMPLE
F1_MI: 0.4764121006981172 F1_MA: 0.4960525592500698 ACC_MI: 0.4764121006981172 F1_MA: 0.5187940846769363
BEST_F1_MI: 0.5728792045694944 BEST_F1_MA: 0.5477561432692215 BEST_ACC_MI: 0.5728792045694944 BEST_F1_MA: 0.5953760422985488
[[  69 1437   21   57]
 [  99  672   19  115]
 [  63  510  108  127]
 [  25    1    1 1403]]
Epoch: [12/200], cls_loss: 0.0178, transfer_loss: 0.0000,person_loss: 0.0000, total_Loss: 0.0000
trian begin
trian end
n_person 361
SAMPLE
F1_MI: 0.4762005500317326 F1_MA: 0.5118844318372936 ACC_MI: 0.4762005500317326 F1_MA: 0.5477238851021065
BEST_F1_MI: 0.5728792045694944 BEST_F1_MA: 0.5477561432692215 BEST_ACC_MI: 0.5728792045694944 BEST_F1_MA: 0.5953760422985488
[[  21 1510    0   53]
 [  33  761    5  106]
 [  56  566   75  111]
 [  21   14    1 1394]]
Epoch: [13/200], cls_loss: 0.0442, transfer_loss: 0.0000,person_loss: 0.0000, total_Loss: 0.0000
trian begin
trian end
n_person 361
SAMPLE
F1_MI: 0.4857203300190396 F1_MA: 0.5016627813280726 ACC_MI: 0.4857203300190396 F1_MA: 0.513196893939631
BEST_F1_MI: 0.5728792045694944 BEST_F1_MA: 0.5477561432692215 BEST_ACC_MI: 0.5728792045694944 BEST_F1_MA: 0.5953760422985488
[[  32 1446   44   62]
 [  44  730   10  121]
 [  34  526  117  131]
 [   4    9    0 1417]]
Epoch: [14/200], cls_loss: 0.0278, transfer_loss: 0.0000,person_loss: 0.0000, total_Loss: 0.0000
trian begin
trian end
n_person 361
SAMPLE
F1_MI: 0.4994711233340385 F1_MA: 0.4644716671038436 ACC_MI: 0.4994711233340385 F1_MA: 0.42121102078134476
BEST_F1_MI: 0.5728792045694944 BEST_F1_MA: 0.5477561432692215 BEST_ACC_MI: 0.5728792045694944 BEST_F1_MA: 0.5953760422985488
[[  23 1057  443   61]
 [  37  604  138  126]
 [  37  323  327  121]
 [  17    2    4 1407]]
Epoch: [15/200], cls_loss: 0.0597, transfer_loss: 0.0000,person_loss: 0.0000, total_Loss: 0.0000
trian begin
trian end
n_person 361
SAMPLE
F1_MI: 0.5189337846414216 F1_MA: 0.5123554029905473 ACC_MI: 0.5189337846414216 F1_MA: 0.48443525265712206
BEST_F1_MI: 0.5728792045694944 BEST_F1_MA: 0.5477561432692215 BEST_ACC_MI: 0.5728792045694944 BEST_F1_MA: 0.5953760422985488
[[   4 1457   63   60]
 [  13  727   46  119]
 [  23  351  306  128]
 [   3   11    0 1416]]
Epoch: [16/200], cls_loss: 0.0102, transfer_loss: 0.0000,person_loss: 0.0000, total_Loss: 0.0000
trian begin
trian end
n_person 361
SAMPLE
F1_MI: 0.5062407446583457 F1_MA: 0.5111793726298234 ACC_MI: 0.5062407446583457 F1_MA: 0.5047087769105193
BEST_F1_MI: 0.5728792045694944 BEST_F1_MA: 0.5477561432692215 BEST_ACC_MI: 0.5728792045694944 BEST_F1_MA: 0.5953760422985488
[[  84 1314  127   59]
 [  98  671   23  113]
 [  79  370  244  115]
 [  33    3    0 1394]]
Epoch: [17/200], cls_loss: 0.0054, transfer_loss: 0.0000,person_loss: 0.0000, total_Loss: 0.0000
trian begin
trian end
n_person 361
SAMPLE
F1_MI: 0.5098371059868838 F1_MA: 0.5237813712406413 ACC_MI: 0.5098371059868838 F1_MA: 0.5461449754494379
BEST_F1_MI: 0.5728792045694944 BEST_F1_MA: 0.5477561432692215 BEST_ACC_MI: 0.5728792045694944 BEST_F1_MA: 0.5953760422985488
[[ 192 1275   56   61]
 [  73  676   21  135]
 [ 131  418  123  136]
 [   9    2    0 1419]]
Epoch: [18/200], cls_loss: 0.0065, transfer_loss: 0.0000,person_loss: 0.0000, total_Loss: 0.0000
trian begin
trian end
n_person 361
SAMPLE
F1_MI: 0.527184260630421 F1_MA: 0.5272546069285409 ACC_MI: 0.527184260630421 F1_MA: 0.5080042599060709
BEST_F1_MI: 0.5728792045694944 BEST_F1_MA: 0.5477561432692215 BEST_ACC_MI: 0.5728792045694944 BEST_F1_MA: 0.5953760422985488
[[ 102 1064  350   68]
 [  46  488  207  164]
 [  56  129  480  143]
 [   5    3    0 1422]]
Epoch: [19/200], cls_loss: 0.0385, transfer_loss: 0.0000,person_loss: 0.0000, total_Loss: 0.0000
trian begin
trian end
n_person 361
SAMPLE
F1_MI: 0.5199915379733446 F1_MA: 0.5388838561170983 ACC_MI: 0.5199915379733446 F1_MA: 0.5399786969747989
BEST_F1_MI: 0.5728792045694944 BEST_F1_MA: 0.5477561432692215 BEST_ACC_MI: 0.5728792045694944 BEST_F1_MA: 0.5953760422985488
[[  92 1381   61   50]
 [  92  671   43   99]
 [  95  301  309  103]
 [  29    5   10 1386]]
Epoch: [20/200], cls_loss: 0.0668, transfer_loss: 0.0000,person_loss: 0.0000, total_Loss: 0.0000
trian begin
trian end
n_person 361
SAMPLE
F1_MI: 0.5166067273111911 F1_MA: 0.5037462955549189 ACC_MI: 0.5166067273111911 F1_MA: 0.4724580185794559
BEST_F1_MI: 0.5728792045694944 BEST_F1_MA: 0.5477561432692215 BEST_ACC_MI: 0.5728792045694944 BEST_F1_MA: 0.5953760422985488
[[  12 1371  143   58]
 [  30  715   33  127]
 [  30  357  299  122]
 [  10    4    0 1416]]
Epoch: [21/200], cls_loss: 0.0216, transfer_loss: 0.0000,person_loss: 0.0000, total_Loss: 0.0000
trian begin
trian end
n_person 361
SAMPLE
F1_MI: 0.5058176433255764 F1_MA: 0.5086349314651565 ACC_MI: 0.5058176433255764 F1_MA: 0.49648736802847887
BEST_F1_MI: 0.5728792045694944 BEST_F1_MA: 0.5477561432692215 BEST_ACC_MI: 0.5728792045694944 BEST_F1_MA: 0.5953760422985488
[[  27 1386  112   59]
 [  32  728   22  123]
 [  42  415  223  128]
 [   5   12    0 1413]]
Epoch: [22/200], cls_loss: 0.0068, transfer_loss: 0.0000,person_loss: 0.0000, total_Loss: 0.0000
trian begin
trian end
n_person 361
SAMPLE
F1_MI: 0.5170298286439602 F1_MA: 0.4986719816569877 ACC_MI: 0.5170298286439602 F1_MA: 0.47169037972216876
BEST_F1_MI: 0.5728792045694944 BEST_F1_MA: 0.5477561432692215 BEST_ACC_MI: 0.5728792045694944 BEST_F1_MA: 0.5953760422985488
[[ 117  961  452   54]
 [ 116  592   88  109]
 [  90  283  324  111]
 [   7   10    2 1411]]
Epoch: [23/200], cls_loss: 0.0220, transfer_loss: 0.0000,person_loss: 0.0000, total_Loss: 0.0000
trian begin
trian end
n_person 361
SAMPLE
F1_MI: 0.48910514068119315 F1_MA: 0.5118532791178603 ACC_MI: 0.48910514068119315 F1_MA: 0.5357373686983742
BEST_F1_MI: 0.5728792045694944 BEST_F1_MA: 0.5477561432692215 BEST_ACC_MI: 0.5728792045694944 BEST_F1_MA: 0.5953760422985488
[[  70 1396   55   63]
 [  36  688    9  172]
 [  61  481  128  138]
 [   0    3    1 1426]]
Epoch: [24/200], cls_loss: 0.0005, transfer_loss: 0.0000,person_loss: 0.0000, total_Loss: 0.0000
trian begin
trian end
n_person 361
SAMPLE
F1_MI: 0.5087793526549609 F1_MA: 0.5491683309093773 ACC_MI: 0.5087793526549609 F1_MA: 0.5815791780142658
BEST_F1_MI: 0.5728792045694944 BEST_F1_MA: 0.5491683309093773 BEST_ACC_MI: 0.5728792045694944 BEST_F1_MA: 0.5953760422985488
[[  74 1449    9   52]
 [  72  725    4  104]
 [ 109  387  204  108]
 [  18    8    2 1402]]
Epoch: [25/200], cls_loss: 0.0109, transfer_loss: 0.0000,person_loss: 0.0000, total_Loss: 0.0000
trian begin
trian end
n_person 361
SAMPLE
F1_MI: 0.512375713983499 F1_MA: 0.5036316222652834 ACC_MI: 0.512375713983499 F1_MA: 0.47889493538455064
BEST_F1_MI: 0.5728792045694944 BEST_F1_MA: 0.5491683309093773 BEST_ACC_MI: 0.5728792045694944 BEST_F1_MA: 0.5953760422985488
[[  23 1383  124   54]
 [  15  752   30  108]
 [  85  371  236  116]
 [   3   12    4 1411]]
Epoch: [26/200], cls_loss: 0.0127, transfer_loss: 0.0000,person_loss: 0.0000, total_Loss: 0.0000
trian begin
trian end
n_person 361
SAMPLE
F1_MI: 0.48466257668711654 F1_MA: 0.48368592562727736 ACC_MI: 0.48466257668711654 F1_MA: 0.48151425708513196
BEST_F1_MI: 0.5728792045694944 BEST_F1_MA: 0.5491683309093773 BEST_ACC_MI: 0.5728792045694944 BEST_F1_MA: 0.5953760422985488
[[  95 1323  111   55]
 [ 176  547   59  123]
 [  52  402  234  120]
 [  11    1    3 1415]]
Epoch: [27/200], cls_loss: 0.0105, transfer_loss: 0.0000,person_loss: 0.0000, total_Loss: 0.0000
trian begin
trian end
n_person 361
SAMPLE
F1_MI: 0.5280304632959594 F1_MA: 0.5586956477023852 ACC_MI: 0.5280304632959594 F1_MA: 0.5945996193259404
BEST_F1_MI: 0.5728792045694944 BEST_F1_MA: 0.5586956477023852 BEST_ACC_MI: 0.5728792045694944 BEST_F1_MA: 0.5953760422985488
[[ 221 1292   14   57]
 [ 128  627   25  125]
 [ 165  286  228  129]
 [   4    4    2 1420]]
Epoch: [28/200], cls_loss: 0.0155, transfer_loss: 0.0000,person_loss: 0.0000, total_Loss: 0.0000
trian begin
trian end
n_person 361
SAMPLE
F1_MI: 0.5060291939919611 F1_MA: 0.5365527141763421 ACC_MI: 0.5060291939919611 F1_MA: 0.5659457534430382
BEST_F1_MI: 0.5728792045694944 BEST_F1_MA: 0.5586956477023852 BEST_ACC_MI: 0.5728792045694944 BEST_F1_MA: 0.5953760422985488
[[ 119 1380   18   67]
 [  75  626   44  160]
 [  78  358  226  146]
 [   1    3    5 1421]]
Epoch: [29/200], cls_loss: 0.0314, transfer_loss: 0.0000,person_loss: 0.0000, total_Loss: 0.0000
trian begin
trian end
n_person 361
SAMPLE
F1_MI: 0.5163951766448064 F1_MA: 0.5001683249215146 ACC_MI: 0.5163951766448064 F1_MA: 0.5167127334072696
BEST_F1_MI: 0.5728792045694944 BEST_F1_MA: 0.5586956477023852 BEST_ACC_MI: 0.5728792045694944 BEST_F1_MA: 0.5953760422985488
[[ 417 1057   56   54]
 [ 227  532   33  113]
 [ 171  436   82  119]
 [  11    5    4 1410]]
Epoch: [30/200], cls_loss: 0.0411, transfer_loss: 0.0000,person_loss: 0.0000, total_Loss: 0.0000
trian begin
trian end
n_person 361
SAMPLE
F1_MI: 0.47450814470065583 F1_MA: 0.47325232291749636 ACC_MI: 0.47450814470065583 F1_MA: 0.4818767163427647
BEST_F1_MI: 0.5728792045694944 BEST_F1_MA: 0.5586956477023852 BEST_ACC_MI: 0.5728792045694944 BEST_F1_MA: 0.5953760422985488
[[ 118 1370   39   57]
 [ 111  650   25  119]
 [  98  520   66  124]
 [   1   15    5 1409]]
Epoch: [31/200], cls_loss: 0.0039, transfer_loss: 0.0000,person_loss: 0.0000, total_Loss: 0.0000
trian begin
trian end
n_person 361
SAMPLE
F1_MI: 0.5022212819970383 F1_MA: 0.5197950523346219 ACC_MI: 0.5022212819970383 F1_MA: 0.5919753208001911
BEST_F1_MI: 0.5728792045694944 BEST_F1_MA: 0.5586956477023852 BEST_ACC_MI: 0.5728792045694944 BEST_F1_MA: 0.5953760422985488
[[ 437 1089    3   55]
 [ 335  447    5  118]
 [ 228  380   77  123]
 [   8    6    3 1413]]
Epoch: [32/200], cls_loss: 0.0172, transfer_loss: 0.0000,person_loss: 0.0000, total_Loss: 0.0000
trian begin
trian end
n_person 361
SAMPLE
F1_MI: 0.46350751004865665 F1_MA: 0.47631057033991897 ACC_MI: 0.46350751004865665 F1_MA: 0.49527269796933726
BEST_F1_MI: 0.5728792045694944 BEST_F1_MA: 0.5586956477023852 BEST_ACC_MI: 0.5728792045694944 BEST_F1_MA: 0.5953760422985488
[[  73 1445   12   54]
 [ 160  626   16  103]
 [ 102  501  100  105]
 [   9   11   18 1392]]
Epoch: [33/200], cls_loss: 0.0087, transfer_loss: 0.0000,person_loss: 0.0000, total_Loss: 0.0000
trian begin
trian end
n_person 361
SAMPLE
F1_MI: 0.49079754601227 F1_MA: 0.4988186242746502 ACC_MI: 0.49079754601226994 F1_MA: 0.5025164946854256
BEST_F1_MI: 0.5728792045694944 BEST_F1_MA: 0.5586956477023852 BEST_ACC_MI: 0.5728792045694944 BEST_F1_MA: 0.5953760422985488
[[  56 1356  108   64]
 [  52  683   33  137]
 [  29  474  158  147]
 [   0    6    1 1423]]
Epoch: [34/200], cls_loss: 0.0126, transfer_loss: 0.0000,person_loss: 0.0000, total_Loss: 0.0000
trian begin
trian end
n_person 361
SAMPLE
F1_MI: 0.5182991326422678 F1_MA: 0.5527061601419814 ACC_MI: 0.5182991326422678 F1_MA: 0.5751838084200095
BEST_F1_MI: 0.5728792045694944 BEST_F1_MA: 0.5586956477023852 BEST_ACC_MI: 0.5728792045694944 BEST_F1_MA: 0.5953760422985488
[[  83 1410   36   55]
 [  76  701   14  114]
 [  65  366  252  125]
 [   9    7    0 1414]]
Epoch: [35/200], cls_loss: 0.0079, transfer_loss: 0.0000,person_loss: 0.0000, total_Loss: 0.0000
trian begin
trian end
n_person 361
SAMPLE
F1_MI: 0.5087793526549609 F1_MA: 0.5353081974013852 ACC_MI: 0.5087793526549609 F1_MA: 0.5444562515180243
BEST_F1_MI: 0.5728792045694944 BEST_F1_MA: 0.5586956477023852 BEST_ACC_MI: 0.5728792045694944 BEST_F1_MA: 0.5953760422985488
[[  23 1495   11   55]
 [  57  724   13  111]
 [  56  389  245  118]
 [  10    7    0 1413]]
Epoch: [36/200], cls_loss: 0.0023, transfer_loss: 0.0000,person_loss: 0.0000, total_Loss: 0.0000
trian begin
trian end
n_person 361
SAMPLE
F1_MI: 0.5089909033213454 F1_MA: 0.5349126597659306 ACC_MI: 0.5089909033213454 F1_MA: 0.5432678573122839
BEST_F1_MI: 0.5728792045694944 BEST_F1_MA: 0.5586956477023852 BEST_ACC_MI: 0.5728792045694944 BEST_F1_MA: 0.5953760422985488
[[  19 1497   12   56]
 [  46  733   11  115]
 [  48  395  239  126]
 [   9    6    0 1415]]
Epoch: [37/200], cls_loss: 0.0000, transfer_loss: 0.0000,person_loss: 0.0000, total_Loss: 0.0000
trian begin
trian end
n_person 361
SAMPLE
F1_MI: 0.48931669134757777 F1_MA: 0.4899639971536457 ACC_MI: 0.48931669134757777 F1_MA: 0.48947880516740927
BEST_F1_MI: 0.5728792045694944 BEST_F1_MA: 0.5586956477023852 BEST_ACC_MI: 0.5728792045694944 BEST_F1_MA: 0.5953760422985488
[[ 101 1327  101   55]
 [ 138  591   61  115]
 [  68  409  207  124]
 [   7    5    4 1414]]
Epoch: [38/200], cls_loss: 0.0021, transfer_loss: 0.0000,person_loss: 0.0000, total_Loss: 0.0000
trian begin
trian end
n_person 361
SAMPLE
F1_MI: 0.4941823566744235 F1_MA: 0.47680714146121944 ACC_MI: 0.4941823566744235 F1_MA: 0.4554375561844409
BEST_F1_MI: 0.5728792045694944 BEST_F1_MA: 0.5586956477023852 BEST_ACC_MI: 0.5728792045694944 BEST_F1_MA: 0.5953760422985488
[[  89 1146  290   59]
 [ 133  564   90  118]
 [  55  359  269  125]
 [   6    5    5 1414]]
Epoch: [39/200], cls_loss: 0.0000, transfer_loss: 0.0000,person_loss: 0.0000, total_Loss: 0.0000
trian begin
trian end
n_person 361
SAMPLE
F1_MI: 0.5079331499894225 F1_MA: 0.5085527718309057 ACC_MI: 0.5079331499894225 F1_MA: 0.4930417407001312
BEST_F1_MI: 0.5728792045694944 BEST_F1_MA: 0.5586956477023852 BEST_ACC_MI: 0.5728792045694944 BEST_F1_MA: 0.5953760422985488
[[  58 1364  106   56]
 [ 144  593   61  107]
 [  65  283  343  117]
 [   8    8    7 1407]]
Epoch: [40/200], cls_loss: 0.0323, transfer_loss: 0.0000,person_loss: 0.0000, total_Loss: 0.0000
trian begin
trian end
n_person 361
SAMPLE
F1_MI: 0.5005288766659615 F1_MA: 0.5254277668829719 ACC_MI: 0.5005288766659615 F1_MA: 0.5412696233196915
BEST_F1_MI: 0.5728792045694944 BEST_F1_MA: 0.5586956477023852 BEST_ACC_MI: 0.5728792045694944 BEST_F1_MA: 0.5953760422985488
[[  54 1451   22   57]
 [  82  688   17  118]
 [  89  384  208  127]
 [  10    3    1 1416]]
Epoch: [41/200], cls_loss: 0.0168, transfer_loss: 0.0000,person_loss: 0.0000, total_Loss: 0.0000
trian begin
trian end
n_person 361
SAMPLE
F1_MI: 0.48931669134757777 F1_MA: 0.48094404828898507 ACC_MI: 0.48931669134757777 F1_MA: 0.4697210564561745
BEST_F1_MI: 0.5728792045694944 BEST_F1_MA: 0.5586956477023852 BEST_ACC_MI: 0.5728792045694944 BEST_F1_MA: 0.5953760422985488
[[  87 1314  130   53]
 [ 129  611   48  117]
 [ 117  368  207  116]
 [  18    1    3 1408]]
Epoch: [42/200], cls_loss: 0.0035, transfer_loss: 0.0000,person_loss: 0.0000, total_Loss: 0.0000
trian begin
trian end
n_person 361
SAMPLE
F1_MI: 0.48297017135603976 F1_MA: 0.4870420045122908 ACC_MI: 0.48297017135603976 F1_MA: 0.4870050146966515
BEST_F1_MI: 0.5728792045694944 BEST_F1_MA: 0.5586956477023852 BEST_ACC_MI: 0.5728792045694944 BEST_F1_MA: 0.5953760422985488
[[  41 1459   27   57]
 [  61  687   29  128]
 [ 151  384  141  132]
 [  12    1    3 1414]]
Epoch: [43/200], cls_loss: 0.0037, transfer_loss: 0.0000,person_loss: 0.0000, total_Loss: 0.0000
trian begin
trian end
n_person 361
SAMPLE
F1_MI: 0.484451026020732 F1_MA: 0.47270965028535394 ACC_MI: 0.484451026020732 F1_MA: 0.4583888737472701
BEST_F1_MI: 0.5728792045694944 BEST_F1_MA: 0.5586956477023852 BEST_ACC_MI: 0.5728792045694944 BEST_F1_MA: 0.5953760422985488
[[  69 1355  104   56]
 [ 131  602   57  115]
 [ 157  319  206  126]
 [  14    0    3 1413]]
Epoch: [44/200], cls_loss: 0.0029, transfer_loss: 0.0000,person_loss: 0.0000, total_Loss: 0.0000
trian begin
trian end
n_person 361
SAMPLE
F1_MI: 0.4764121006981172 F1_MA: 0.4874745988817118 ACC_MI: 0.4764121006981172 F1_MA: 0.49686294136467146
BEST_F1_MI: 0.5728792045694944 BEST_F1_MA: 0.5586956477023852 BEST_ACC_MI: 0.5728792045694944 BEST_F1_MA: 0.5953760422985488
[[  29 1485   13   57]
 [  67  693   19  126]
 [ 119  446  111  132]
 [  10    1    0 1419]]
Epoch: [45/200], cls_loss: 0.0102, transfer_loss: 0.0000,person_loss: 0.0000, total_Loss: 0.0000
trian begin
trian end
n_person 361
SAMPLE
F1_MI: 0.4797969113602708 F1_MA: 0.48491120737508864 ACC_MI: 0.4797969113602708 F1_MA: 0.48527303776755415
BEST_F1_MI: 0.5728792045694944 BEST_F1_MA: 0.5586956477023852 BEST_ACC_MI: 0.5728792045694944 BEST_F1_MA: 0.5953760422985488
[[  16 1484   22   62]
 [  49  697   19  140]
 [  63  459  131  155]
 [   5    0    1 1424]]
Epoch: [46/200], cls_loss: 0.0000, transfer_loss: 0.0000,person_loss: 0.0000, total_Loss: 0.0000
trian begin
trian end
n_person 361
SAMPLE
F1_MI: 0.48170086735773215 F1_MA: 0.4309762438588022 ACC_MI: 0.48170086735773215 F1_MA: 0.38436239736328953
BEST_F1_MI: 0.5728792045694944 BEST_F1_MA: 0.5586956477023852 BEST_ACC_MI: 0.5728792045694944 BEST_F1_MA: 0.5953760422985488
[[   8 1313  205   58]
 [  25  680   78  122]
 [  97  406  175  130]
 [   7    1    8 1414]]
Epoch: [47/200], cls_loss: 0.0064, transfer_loss: 0.0000,person_loss: 0.0000, total_Loss: 0.0000
trian begin
trian end
n_person 361
SAMPLE
F1_MI: 0.47450814470065583 F1_MA: 0.4836214948185061 ACC_MI: 0.47450814470065583 F1_MA: 0.4956472666564512
BEST_F1_MI: 0.5728792045694944 BEST_F1_MA: 0.5586956477023852 BEST_ACC_MI: 0.5728792045694944 BEST_F1_MA: 0.5953760422985488
[[  52 1446   26   60]
 [  53  697   21  134]
 [  61  529   76  142]
 [   4    6    2 1418]]
Epoch: [48/200], cls_loss: 0.0083, transfer_loss: 0.0000,person_loss: 0.0000, total_Loss: 0.0000
trian begin
trian end
n_person 361
SAMPLE
F1_MI: 0.5051829913264226 F1_MA: 0.5479792587525355 ACC_MI: 0.5051829913264226 F1_MA: 0.5872664010443506
BEST_F1_MI: 0.5728792045694944 BEST_F1_MA: 0.5586956477023852 BEST_ACC_MI: 0.5728792045694944 BEST_F1_MA: 0.5953760422985488
[[  75 1431   19   59]
 [  58  715   11  121]
 [  51  433  185  139]
 [   5   12    0 1413]]
Epoch: [49/200], cls_loss: 0.0050, transfer_loss: 0.0000,person_loss: 0.0000, total_Loss: 0.0000
trian begin
trian end
n_person 361
SAMPLE
F1_MI: 0.5098371059868838 F1_MA: 0.5467322490789923 ACC_MI: 0.5098371059868838 F1_MA: 0.5755348848627436
BEST_F1_MI: 0.5728792045694944 BEST_F1_MA: 0.5586956477023852 BEST_ACC_MI: 0.5728792045694944 BEST_F1_MA: 0.5953760422985488
[[  74 1425   27   58]
 [  58  708   18  121]
 [  57  400  214  137]
 [   4   11    1 1414]]
Epoch: [50/200], cls_loss: 0.0000, transfer_loss: 0.0000,person_loss: 0.0000, total_Loss: 0.0000
trian begin
trian end
n_person 361
SAMPLE
F1_MI: 0.5060291939919611 F1_MA: 0.5517931266615279 ACC_MI: 0.5060291939919611 F1_MA: 0.6058951801910674
BEST_F1_MI: 0.5728792045694944 BEST_F1_MA: 0.5586956477023852 BEST_ACC_MI: 0.5728792045694944 BEST_F1_MA: 0.6058951801910674
[[ 137 1384    6   57]
 [  78  698   12  117]
 [  89  442  148  129]
 [   8   12    1 1409]]
Epoch: [51/200], cls_loss: 0.0032, transfer_loss: 0.0000,person_loss: 0.0000, total_Loss: 0.0000
trian begin
trian end
n_person 361
SAMPLE
F1_MI: 0.5127988153162683 F1_MA: 0.5596061401443706 ACC_MI: 0.5127988153162683 F1_MA: 0.6119975292919058
BEST_F1_MI: 0.5728792045694944 BEST_F1_MA: 0.5596061401443706 BEST_ACC_MI: 0.5728792045694944 BEST_F1_MA: 0.6119975292919058
[[ 145 1378    3   58]
 [ 102  683    4  116]
 [ 115  381  185  127]
 [  19    0    0 1411]]
Epoch: [52/200], cls_loss: 0.0051, transfer_loss: 0.0000,person_loss: 0.0000, total_Loss: 0.0000
trian begin
trian end
n_person 361
SAMPLE
F1_MI: 0.4831817220224244 F1_MA: 0.48759647598920103 ACC_MI: 0.4831817220224244 F1_MA: 0.48831199604467757
BEST_F1_MI: 0.5728792045694944 BEST_F1_MA: 0.5596061401443706 BEST_ACC_MI: 0.5728792045694944 BEST_F1_MA: 0.6119975292919058
[[  48 1436   44   56]
 [  34  723   40  108]
 [  55  526  112  115]
 [  11    1   17 1401]]
Epoch: [53/200], cls_loss: 0.0114, transfer_loss: 0.0000,person_loss: 0.0000, total_Loss: 0.0000
trian begin
trian end
n_person 361
SAMPLE
F1_MI: 0.5022212819970383 F1_MA: 0.5252498976729674 ACC_MI: 0.5022212819970383 F1_MA: 0.5347544037928584
BEST_F1_MI: 0.5728792045694944 BEST_F1_MA: 0.5596061401443706 BEST_ACC_MI: 0.5728792045694944 BEST_F1_MA: 0.6119975292919058
[[  34 1483   12   55]
 [  45  722   25  113]
 [  67  405  211  125]
 [  13    1    9 1407]]
Epoch: [54/200], cls_loss: 0.0180, transfer_loss: 0.0000,person_loss: 0.0000, total_Loss: 0.0000
trian begin
trian end
n_person 361
SAMPLE
F1_MI: 0.4751427966998096 F1_MA: 0.4924841506538966 ACC_MI: 0.4751427966998096 F1_MA: 0.5241399363623188
BEST_F1_MI: 0.5728792045694944 BEST_F1_MA: 0.5596061401443706 BEST_ACC_MI: 0.5728792045694944 BEST_F1_MA: 0.6119975292919058
[[ 126 1388   12   58]
 [ 141  628   16  120]
 [ 107  490   76  135]
 [   8    1    5 1416]]
Epoch: [55/200], cls_loss: 0.0049, transfer_loss: 0.0000,person_loss: 0.0000, total_Loss: 0.0000
trian begin
trian end
n_person 361
SAMPLE
F1_MI: 0.4662576687116564 F1_MA: 0.4664119600254487 ACC_MI: 0.4662576687116564 F1_MA: 0.4691016662292755
BEST_F1_MI: 0.5728792045694944 BEST_F1_MA: 0.5596061401443706 BEST_ACC_MI: 0.5728792045694944 BEST_F1_MA: 0.6119975292919058
[[  33 1475   14   62]
 [  66  698   19  122]
 [  50  567   61  130]
 [   7    2    9 1412]]
Epoch: [56/200], cls_loss: 0.0071, transfer_loss: 0.0000,person_loss: 0.0000, total_Loss: 0.0000
trian begin
trian end
n_person 361
SAMPLE
F1_MI: 0.5085678019885763 F1_MA: 0.5244400060005997 ACC_MI: 0.5085678019885763 F1_MA: 0.5220929333838883
BEST_F1_MI: 0.5728792045694944 BEST_F1_MA: 0.5596061401443706 BEST_ACC_MI: 0.5728792045694944 BEST_F1_MA: 0.6119975292919058
[[   9 1500   19   56]
 [  16  752   19  118]
 [  35  414  226  133]
 [   5    5    3 1417]]
Epoch: [57/200], cls_loss: 0.0020, transfer_loss: 0.0000,person_loss: 0.0000, total_Loss: 0.0000
trian begin
trian end
n_person 361
SAMPLE
F1_MI: 0.4795853606938862 F1_MA: 0.5208886662051619 ACC_MI: 0.4795853606938862 F1_MA: 0.5696435474360226
BEST_F1_MI: 0.5728792045694944 BEST_F1_MA: 0.5596061401443706 BEST_ACC_MI: 0.5728792045694944 BEST_F1_MA: 0.6119975292919058
[[  49 1479    0   56]
 [  68  720    3  114]
 [  87  511   84  126]
 [   7    8    1 1414]]
Epoch: [58/200], cls_loss: 0.0065, transfer_loss: 0.0000,person_loss: 0.0000, total_Loss: 0.0000
trian begin
trian end
n_person 361
SAMPLE
F1_MI: 0.48402792468796274 F1_MA: 0.501686847759445 ACC_MI: 0.48402792468796274 F1_MA: 0.5211937475052172
BEST_F1_MI: 0.5728792045694944 BEST_F1_MA: 0.5596061401443706 BEST_ACC_MI: 0.5728792045694944 BEST_F1_MA: 0.6119975292919058
[[  96 1407   30   51]
 [  94  689   21  101]
 [ 113  472  114  109]
 [  24   15    2 1389]]
Epoch: [59/200], cls_loss: 0.0129, transfer_loss: 0.0000,person_loss: 0.0000, total_Loss: 0.0000
trian begin
trian end
n_person 361
SAMPLE
F1_MI: 0.4719695367040407 F1_MA: 0.48045205861690526 ACC_MI: 0.4719695367040406 F1_MA: 0.4997990054344128
BEST_F1_MI: 0.5728792045694944 BEST_F1_MA: 0.5596061401443706 BEST_ACC_MI: 0.5728792045694944 BEST_F1_MA: 0.6119975292919058
[[  95 1433    1   55]
 [  71  711    7  116]
 [ 125  540   15  128]
 [  16    2    2 1410]]
Epoch: [60/200], cls_loss: 0.0107, transfer_loss: 0.0000,person_loss: 0.0000, total_Loss: 0.0000
trian begin
trian end
n_person 361
SAMPLE
F1_MI: 0.484451026020732 F1_MA: 0.4812517249814693 ACC_MI: 0.484451026020732 F1_MA: 0.4788202238443146
BEST_F1_MI: 0.5728792045694944 BEST_F1_MA: 0.5596061401443706 BEST_ACC_MI: 0.5728792045694944 BEST_F1_MA: 0.6119975292919058
[[  70 1379   75   60]
 [  57  693   38  117]
 [  72  506  106  124]
 [   2    2    5 1421]]
Epoch: [61/200], cls_loss: 0.0051, transfer_loss: 0.0000,person_loss: 0.0000, total_Loss: 0.0000
trian begin
trian end
n_person 361
SAMPLE
F1_MI: 0.5089909033213454 F1_MA: 0.5361431152585691 ACC_MI: 0.5089909033213454 F1_MA: 0.5500587591964461
BEST_F1_MI: 0.5728792045694944 BEST_F1_MA: 0.5596061401443706 BEST_ACC_MI: 0.5728792045694944 BEST_F1_MA: 0.6119975292919058
[[  48 1438   40   58]
 [  49  722   19  115]
 [  55  406  222  125]
 [   3   11    2 1414]]
Epoch: [62/200], cls_loss: 0.0023, transfer_loss: 0.0000,person_loss: 0.0000, total_Loss: 0.0000
trian begin
trian end
n_person 361
SAMPLE
F1_MI: 0.5125872646498837 F1_MA: 0.5427680469556396 ACC_MI: 0.5125872646498837 F1_MA: 0.5582094699007323
BEST_F1_MI: 0.5728792045694944 BEST_F1_MA: 0.5596061401443706 BEST_ACC_MI: 0.5728792045694944 BEST_F1_MA: 0.6119975292919058
[[  47 1448   29   60]
 [  39  723   16  127]
 [  66  374  238  130]
 [   6    7    2 1415]]
Epoch: [63/200], cls_loss: 0.0015, transfer_loss: 0.0000,person_loss: 0.0000, total_Loss: 0.0000
trian begin
trian end
n_person 361
SAMPLE
F1_MI: 0.5081447006558071 F1_MA: 0.543140640515574 ACC_MI: 0.5081447006558071 F1_MA: 0.5680786495615631
BEST_F1_MI: 0.5728792045694944 BEST_F1_MA: 0.5596061401443706 BEST_ACC_MI: 0.5728792045694944 BEST_F1_MA: 0.6119975292919058
[[  56 1449   20   59]
 [  40  731   13  121]
 [  74  405  202  127]
 [   9    7    1 1413]]
Epoch: [64/200], cls_loss: 0.0001, transfer_loss: 0.0000,person_loss: 0.0000, total_Loss: 0.0000
trian begin
trian end
n_person 361
SAMPLE
F1_MI: 0.5003173259995769 F1_MA: 0.5075700410571983 ACC_MI: 0.5003173259995769 F1_MA: 0.5007782780262344
BEST_F1_MI: 0.5728792045694944 BEST_F1_MA: 0.5596061401443706 BEST_ACC_MI: 0.5728792045694944 BEST_F1_MA: 0.6119975292919058
[[  37 1424   72   51]
 [  49  711   43  102]
 [  49  424  220  115]
 [   8   10   15 1397]]
Epoch: [65/200], cls_loss: 0.0136, transfer_loss: 0.0000,person_loss: 0.0000, total_Loss: 0.0000
trian begin
trian end
n_person 361
SAMPLE
F1_MI: 0.49143219801142374 F1_MA: 0.527526203578549 ACC_MI: 0.49143219801142374 F1_MA: 0.5612520136839044
BEST_F1_MI: 0.5728792045694944 BEST_F1_MA: 0.5596061401443706 BEST_ACC_MI: 0.5728792045694944 BEST_F1_MA: 0.6119975292919058
[[  45 1477    6   56]
 [  46  728   10  121]
 [  78  468  137  125]
 [   8    9    0 1413]]
Epoch: [66/200], cls_loss: 0.0135, transfer_loss: 0.0000,person_loss: 0.0000, total_Loss: 0.0000
trian begin
trian end
n_person 361
SAMPLE
F1_MI: 0.4929130526761159 F1_MA: 0.5254351693976445 ACC_MI: 0.4929130526761159 F1_MA: 0.5519158373528779
BEST_F1_MI: 0.5728792045694944 BEST_F1_MA: 0.5596061401443706 BEST_ACC_MI: 0.5728792045694944 BEST_F1_MA: 0.6119975292919058
[[  31 1486    8   59]
 [  33  740   10  122]
 [  62  473  145  128]
 [   6    8    2 1414]]
Epoch: [67/200], cls_loss: 0.0001, transfer_loss: 0.0000,person_loss: 0.0000, total_Loss: 0.0000
trian begin
trian end
n_person 361
SAMPLE
F1_MI: 0.5206261899724984 F1_MA: 0.5519035450804567 ACC_MI: 0.5206261899724984 F1_MA: 0.5633437045149623
BEST_F1_MI: 0.5728792045694944 BEST_F1_MA: 0.5596061401443706 BEST_ACC_MI: 0.5728792045694944 BEST_F1_MA: 0.6119975292919058
[[  45 1468   15   56]
 [  61  710   20  114]
 [  63  327  293  125]
 [   7    8    2 1413]]
Epoch: [68/200], cls_loss: 0.0026, transfer_loss: 0.0000,person_loss: 0.0000, total_Loss: 0.0000
trian begin
trian end
n_person 361
SAMPLE
F1_MI: 0.5144912206473451 F1_MA: 0.5533692211524183 ACC_MI: 0.5144912206473451 F1_MA: 0.5829462834653729
BEST_F1_MI: 0.5728792045694944 BEST_F1_MA: 0.5596061401443706 BEST_ACC_MI: 0.5728792045694944 BEST_F1_MA: 0.6119975292919058
[[ 104 1420    6   54]
 [ 120  665   12  108]
 [ 104  321  266  117]
 [  28    3    2 1397]]
Epoch: [69/200], cls_loss: 0.0001, transfer_loss: 0.0000,person_loss: 0.0000, total_Loss: 0.0000
trian begin
trian end
n_person 361
SAMPLE
F1_MI: 0.5007404273323461 F1_MA: 0.5292356647793005 ACC_MI: 0.5007404273323461 F1_MA: 0.5524374236059151
BEST_F1_MI: 0.5728792045694944 BEST_F1_MA: 0.5596061401443706 BEST_ACC_MI: 0.5728792045694944 BEST_F1_MA: 0.6119975292919058
[[  76 1438   14   56]
 [  64  699   30  112]
 [  88  414  182  124]
 [  15    2    3 1410]]
Epoch: [70/200], cls_loss: 0.0020, transfer_loss: 0.0000,person_loss: 0.0000, total_Loss: 0.0000
trian begin
trian end
n_person 361
SAMPLE
F1_MI: 0.48931669134757777 F1_MA: 0.5240680764208069 ACC_MI: 0.48931669134757777 F1_MA: 0.5587670414352509
BEST_F1_MI: 0.5728792045694944 BEST_F1_MA: 0.5596061401443706 BEST_ACC_MI: 0.5728792045694944 BEST_F1_MA: 0.6119975292919058
[[  78 1450    2   54]
 [  65  720   16  104]
 [ 130  437  129  112]
 [  30   12    2 1386]]
Epoch: [71/200], cls_loss: 0.0001, transfer_loss: 0.0000,person_loss: 0.0000, total_Loss: 0.0000
trian begin
trian end
n_person 361
SAMPLE
F1_MI: 0.5339538819547281 F1_MA: 0.5185127903425112 ACC_MI: 0.5339538819547281 F1_MA: 0.4755582198284307
BEST_F1_MI: 0.5728792045694944 BEST_F1_MA: 0.5596061401443706 BEST_ACC_MI: 0.5728792045694944 BEST_F1_MA: 0.6119975292919058
[[  39  881  609   55]
 [  42  493  260  110]
 [  35   61  590  122]
 [   2   22    4 1402]]
Epoch: [72/200], cls_loss: 0.0175, transfer_loss: 0.0000,person_loss: 0.0000, total_Loss: 0.0000
trian begin
trian end
n_person 361
SAMPLE
F1_MI: 0.5096255553204992 F1_MA: 0.5631001465646938 ACC_MI: 0.5096255553204992 F1_MA: 0.6069163113998174
BEST_F1_MI: 0.5728792045694944 BEST_F1_MA: 0.5631001465646938 BEST_ACC_MI: 0.5728792045694944 BEST_F1_MA: 0.6119975292919058
[[  28 1484   13   59]
 [   4  777    8  116]
 [  33  453  191  131]
 [   1   15    1 1413]]
Epoch: [73/200], cls_loss: 0.0132, transfer_loss: 0.0000,person_loss: 0.0000, total_Loss: 0.0000
trian begin
trian end
n_person 361
SAMPLE
F1_MI: 0.529299767294267 F1_MA: 0.5871382418494274 ACC_MI: 0.529299767294267 F1_MA: 0.6333082209532752
BEST_F1_MI: 0.5728792045694944 BEST_F1_MA: 0.5871382418494274 BEST_ACC_MI: 0.5728792045694944 BEST_F1_MA: 0.6333082209532752
[[  78 1435   12   59]
 [  28  751   11  115]
 [  48  377  260  123]
 [   2   14    1 1413]]
Epoch: [74/200], cls_loss: 0.0017, transfer_loss: 0.0000,person_loss: 0.0000, total_Loss: 0.0000
trian begin
trian end
n_person 361
SAMPLE
F1_MI: 0.5227416966363444 F1_MA: 0.5932985897134627 ACC_MI: 0.5227416966363444 F1_MA: 0.6590745204008852
BEST_F1_MI: 0.5728792045694944 BEST_F1_MA: 0.5932985897134627 BEST_ACC_MI: 0.5728792045694944 BEST_F1_MA: 0.6590745204008852
[[  59 1458    8   59]
 [  12  763   11  119]
 [  25  425  231  127]
 [   2   10    0 1418]]
Epoch: [75/200], cls_loss: 0.0111, transfer_loss: 0.0000,person_loss: 0.0000, total_Loss: 0.0000
trian begin
trian end
n_person 361
SAMPLE
F1_MI: 0.5170298286439602 F1_MA: 0.5652485628322129 ACC_MI: 0.5170298286439602 F1_MA: 0.6119431416170885
BEST_F1_MI: 0.5728792045694944 BEST_F1_MA: 0.5932985897134627 BEST_ACC_MI: 0.5728792045694944 BEST_F1_MA: 0.6590745204008852
[[ 104 1416    4   60]
 [  51  724   12  118]
 [  92  392  195  129]
 [   3    6    0 1421]]
Epoch: [76/200], cls_loss: 0.0037, transfer_loss: 0.0000,person_loss: 0.0000, total_Loss: 0.0000
trian begin
trian end
n_person 361
SAMPLE
F1_MI: 0.5153374233128835 F1_MA: 0.5640579404449207 ACC_MI: 0.5153374233128835 F1_MA: 0.610998222327056
BEST_F1_MI: 0.5728792045694944 BEST_F1_MA: 0.5932985897134627 BEST_ACC_MI: 0.5728792045694944 BEST_F1_MA: 0.6590745204008852
[[  94 1420   10   60]
 [  35  732   16  122]
 [  73  418  188  129]
 [   2    6    0 1422]]
Epoch: [77/200], cls_loss: 0.0003, transfer_loss: 0.0000,person_loss: 0.0000, total_Loss: 0.0000
trian begin
trian end
n_person 361
SAMPLE
F1_MI: 0.4988364713348847 F1_MA: 0.5392716639080126 ACC_MI: 0.4988364713348847 F1_MA: 0.5870255522284301
BEST_F1_MI: 0.5728792045694944 BEST_F1_MA: 0.5932985897134627 BEST_ACC_MI: 0.5728792045694944 BEST_F1_MA: 0.6590745204008852
[[ 108 1413    9   54]
 [  43  730   13  119]
 [  82  492  106  128]
 [   7    4    5 1414]]
Epoch: [78/200], cls_loss: 0.0139, transfer_loss: 0.0000,person_loss: 0.0000, total_Loss: 0.0000
trian begin
trian end
n_person 361
SAMPLE
F1_MI: 0.4863549820181934 F1_MA: 0.5240105743628292 ACC_MI: 0.4863549820181934 F1_MA: 0.5618631518475985
BEST_F1_MI: 0.5728792045694944 BEST_F1_MA: 0.5932985897134627 BEST_ACC_MI: 0.5728792045694944 BEST_F1_MA: 0.6590745204008852
[[  40 1484    5   55]
 [  28  757    9  111]
 [  57  536   96  119]
 [   4   15    5 1406]]
Epoch: [79/200], cls_loss: 0.0047, transfer_loss: 0.0000,person_loss: 0.0000, total_Loss: 0.0000
trian begin
trian end
n_person 361
SAMPLE
F1_MI: 0.5024328326634229 F1_MA: 0.5270359878454997 ACC_MI: 0.5024328326634229 F1_MA: 0.5495665821324976
BEST_F1_MI: 0.5728792045694944 BEST_F1_MA: 0.5932985897134627 BEST_ACC_MI: 0.5728792045694944 BEST_F1_MA: 0.6590745204008852
[[ 101 1390   35   58]
 [  85  684   15  121]
 [ 117  391  174  126]
 [   4    8    2 1416]]
Epoch: [80/200], cls_loss: 0.0021, transfer_loss: 0.0000,person_loss: 0.0000, total_Loss: 0.0000
trian begin
trian end
n_person 361
SAMPLE
F1_MI: 0.5007404273323461 F1_MA: 0.5381519935501505 ACC_MI: 0.5007404273323461 F1_MA: 0.5708188910965242
BEST_F1_MI: 0.5728792045694944 BEST_F1_MA: 0.5932985897134627 BEST_ACC_MI: 0.5728792045694944 BEST_F1_MA: 0.6590745204008852
[[  55 1458   12   59]
 [  36  741   11  117]
 [  79  448  156  125]
 [   3   10    2 1415]]
Epoch: [81/200], cls_loss: 0.0031, transfer_loss: 0.0000,person_loss: 0.0000, total_Loss: 0.0000
trian begin
trian end
n_person 361
SAMPLE
F1_MI: 0.5060291939919611 F1_MA: 0.5414942871655068 ACC_MI: 0.5060291939919611 F1_MA: 0.562946076673891
BEST_F1_MI: 0.5728792045694944 BEST_F1_MA: 0.5932985897134627 BEST_ACC_MI: 0.5728792045694944 BEST_F1_MA: 0.6590745204008852
[[  20 1429   55   80]
 [   6  726   26  147]
 [  17  403  224  164]
 [   1    5    2 1422]]
Epoch: [82/200], cls_loss: 0.0025, transfer_loss: 0.0000,person_loss: 0.0000, total_Loss: 0.0000
trian begin
trian end
n_person 361
SAMPLE
F1_MI: 0.5087793526549609 F1_MA: 0.5265526379631328 ACC_MI: 0.5087793526549609 F1_MA: 0.5345982658765699
BEST_F1_MI: 0.5728792045694944 BEST_F1_MA: 0.5932985897134627 BEST_ACC_MI: 0.5728792045694944 BEST_F1_MA: 0.6590745204008852
[[  84 1384   59   57]
 [  66  686   44  109]
 [  74  386  224  124]
 [   6    3   10 1411]]
Epoch: [83/200], cls_loss: 0.0039, transfer_loss: 0.0000,person_loss: 0.0000, total_Loss: 0.0000
trian begin
trian end
n_person 361
SAMPLE
F1_MI: 0.5024328326634229 F1_MA: 0.5253215464152414 ACC_MI: 0.5024328326634229 F1_MA: 0.546875649901374
BEST_F1_MI: 0.5728792045694944 BEST_F1_MA: 0.5932985897134627 BEST_ACC_MI: 0.5728792045694944 BEST_F1_MA: 0.6590745204008852
[[ 111 1383   33   57]
 [  78  681   36  110]
 [  83  429  171  125]
 [   6    3    9 1412]]
Epoch: [84/200], cls_loss: 0.0001, transfer_loss: 0.0000,person_loss: 0.0000, total_Loss: 0.0000
trian begin
trian end
n_person 361
SAMPLE
F1_MI: 0.5060291939919611 F1_MA: 0.5413468589246794 ACC_MI: 0.5060291939919611 F1_MA: 0.5630978856539536
BEST_F1_MI: 0.5728792045694944 BEST_F1_MA: 0.5932985897134627 BEST_ACC_MI: 0.5728792045694944 BEST_F1_MA: 0.6590745204008852
[[  31 1481   21   51]
 [  25  765   10  105]
 [  50  451  193  114]
 [   7   19    1 1403]]
Epoch: [85/200], cls_loss: 0.0047, transfer_loss: 0.0000,person_loss: 0.0000, total_Loss: 0.0000
trian begin
trian end
n_person 361
SAMPLE
F1_MI: 0.4998942246668077 F1_MA: 0.530213567013374 ACC_MI: 0.4998942246668077 F1_MA: 0.5485237632710485
BEST_F1_MI: 0.5728792045694944 BEST_F1_MA: 0.5932985897134627 BEST_ACC_MI: 0.5728792045694944 BEST_F1_MA: 0.6590745204008852
[[  15 1503   10   56]
 [  13  768    8  116]
 [  46  474  166  122]
 [   7    9    0 1414]]
Epoch: [86/200], cls_loss: 0.0001, transfer_loss: 0.0000,person_loss: 0.0000, total_Loss: 0.0000
trian begin
trian end
n_person 361
SAMPLE
F1_MI: 0.5026443833298075 F1_MA: 0.5269866879931807 ACC_MI: 0.5026443833298075 F1_MA: 0.5362337517966523
BEST_F1_MI: 0.5728792045694944 BEST_F1_MA: 0.5932985897134627 BEST_ACC_MI: 0.5728792045694944 BEST_F1_MA: 0.6590745204008852
[[   9 1500   18   57]
 [   7  771   12  115]
 [  29  471  183  125]
 [   3   12    2 1413]]
Epoch: [87/200], cls_loss: 0.0001, transfer_loss: 0.0000,person_loss: 0.0000, total_Loss: 0.0000
trian begin
trian end
n_person 361
SAMPLE
F1_MI: 0.49079754601227 F1_MA: 0.5044016263545199 ACC_MI: 0.49079754601226994 F1_MA: 0.5119132408479194
BEST_F1_MI: 0.5728792045694944 BEST_F1_MA: 0.5932985897134627 BEST_ACC_MI: 0.5728792045694944 BEST_F1_MA: 0.6590745204008852
[[  38 1440   42   64]
 [  42  707   17  139]
 [  62  452  152  142]
 [   2    1    4 1423]]
Epoch: [88/200], cls_loss: 0.0001, transfer_loss: 0.0000,person_loss: 0.0000, total_Loss: 0.0000
trian begin
trian end
n_person 361
SAMPLE
F1_MI: 0.48889359001480853 F1_MA: 0.5059367038685969 ACC_MI: 0.48889359001480853 F1_MA: 0.5171624154359892
BEST_F1_MI: 0.5728792045694944 BEST_F1_MA: 0.5932985897134627 BEST_ACC_MI: 0.5728792045694944 BEST_F1_MA: 0.6590745204008852
[[  37 1466   25   56]
 [  42  722   20  121]
 [  76  477  138  117]
 [   4    8    4 1414]]
Epoch: [89/200], cls_loss: 0.0020, transfer_loss: 0.0000,person_loss: 0.0000, total_Loss: 0.0000
trian begin
trian end
n_person 361
SAMPLE
F1_MI: 0.48973979268034695 F1_MA: 0.46340627333546314 ACC_MI: 0.48973979268034695 F1_MA: 0.4313043417260166
BEST_F1_MI: 0.5728792045694944 BEST_F1_MA: 0.5932985897134627 BEST_ACC_MI: 0.5728792045694944 BEST_F1_MA: 0.6590745204008852
[[   1 1454   65   64]
 [  10  722   32  141]
 [  33  456  169  150]
 [   0    4    3 1423]]
Epoch: [90/200], cls_loss: 0.0050, transfer_loss: 0.0000,person_loss: 0.0000, total_Loss: 0.0000
trian begin
trian end
n_person 361
SAMPLE
F1_MI: 0.48170086735773215 F1_MA: 0.4749301932251423 ACC_MI: 0.48170086735773215 F1_MA: 0.46588531802754374
BEST_F1_MI: 0.5728792045694944 BEST_F1_MA: 0.5932985897134627 BEST_ACC_MI: 0.5728792045694944 BEST_F1_MA: 0.6590745204008852
[[  45 1425   54   60]
 [  37  728   28  112]
 [ 100  496   98  114]
 [   1   12   11 1406]]
Epoch: [91/200], cls_loss: 0.0204, transfer_loss: 0.0000,person_loss: 0.0000, total_Loss: 0.0000
trian begin
trian end
n_person 361
SAMPLE
F1_MI: 0.4943939073408081 F1_MA: 0.49760175605906626 ACC_MI: 0.4943939073408081 F1_MA: 0.49234091363744076
BEST_F1_MI: 0.5728792045694944 BEST_F1_MA: 0.5932985897134627 BEST_ACC_MI: 0.5728792045694944 BEST_F1_MA: 0.6590745204008852
[[  32 1437   56   59]
 [  31  712   43  119]
 [  65  446  169  128]
 [   2    2    2 1424]]
Epoch: [92/200], cls_loss: 0.0136, transfer_loss: 0.0000,person_loss: 0.0000, total_Loss: 0.0000
trian begin
trian end
n_person 361
SAMPLE
F1_MI: 0.4984133700021155 F1_MA: 0.49892602124693713 ACC_MI: 0.4984133700021155 F1_MA: 0.49049764280709884
BEST_F1_MI: 0.5728792045694944 BEST_F1_MA: 0.5932985897134627 BEST_ACC_MI: 0.5728792045694944 BEST_F1_MA: 0.6590745204008852
[[  45 1405   75   59]
 [  47  693   49  116]
 [  83  404  195  126]
 [   2    2    3 1423]]
Epoch: [93/200], cls_loss: 0.0001, transfer_loss: 0.0000,person_loss: 0.0000, total_Loss: 0.0000
trian begin
trian end
n_person 361
SAMPLE
F1_MI: 0.4984133700021155 F1_MA: 0.4995093204471258 ACC_MI: 0.4984133700021155 F1_MA: 0.4906333461198841
BEST_F1_MI: 0.5728792045694944 BEST_F1_MA: 0.5932985897134627 BEST_ACC_MI: 0.5728792045694944 BEST_F1_MA: 0.6590745204008852
[[  42 1413   73   56]
 [  41  699   52  113]
 [  80  411  198  119]
 [   3    4    6 1417]]
Epoch: [94/200], cls_loss: 0.0001, transfer_loss: 0.0000,person_loss: 0.0000, total_Loss: 0.0000
trian begin
trian end
n_person 361
SAMPLE
F1_MI: 0.48698963401734713 F1_MA: 0.4831145611571902 ACC_MI: 0.48698963401734713 F1_MA: 0.47372023499010074
BEST_F1_MI: 0.5728792045694944 BEST_F1_MA: 0.5932985897134627 BEST_ACC_MI: 0.5728792045694944 BEST_F1_MA: 0.6590745204008852
[[  30 1446   50   58]
 [  32  715   46  112]
 [  73  476  137  122]
 [   2    3    5 1420]]
Epoch: [95/200], cls_loss: 0.0001, transfer_loss: 0.0000,person_loss: 0.0000, total_Loss: 0.0000
trian begin
trian end
n_person 361
SAMPLE
F1_MI: 0.49524011000634655 F1_MA: 0.4956078084291363 ACC_MI: 0.49524011000634655 F1_MA: 0.485147151198276
BEST_F1_MI: 0.5728792045694944 BEST_F1_MA: 0.5932985897134627 BEST_ACC_MI: 0.5728792045694944 BEST_F1_MA: 0.6590745204008852
[[  19 1455   54   56]
 [  16  730   49  110]
 [  52  464  175  117]
 [   1    6    6 1417]]
Epoch: [96/200], cls_loss: 0.0001, transfer_loss: 0.0000,person_loss: 0.0000, total_Loss: 0.0000
trian begin
trian end
n_person 361
SAMPLE
F1_MI: 0.47175798603765606 F1_MA: 0.45220525175575127 ACC_MI: 0.471757986037656 F1_MA: 0.4382235754923317
BEST_F1_MI: 0.5728792045694944 BEST_F1_MA: 0.5932985897134627 BEST_ACC_MI: 0.5728792045694944 BEST_F1_MA: 0.6590745204008852
[[  54 1451   22   57]
 [  44  715   32  114]
 [ 114  530   42  122]
 [   3    1    7 1419]]
Epoch: [97/200], cls_loss: 0.0006, transfer_loss: 0.0000,person_loss: 0.0000, total_Loss: 0.0000
trian begin
trian end
n_person 361
SAMPLE
F1_MI: 0.4687962767082716 F1_MA: 0.45718501290470986 ACC_MI: 0.4687962767082716 F1_MA: 0.45118979924365243
BEST_F1_MI: 0.5728792045694944 BEST_F1_MA: 0.5932985897134627 BEST_ACC_MI: 0.5728792045694944 BEST_F1_MA: 0.6590745204008852
[[  56 1459   14   55]
 [  66  701   28  110]
 [ 111  537   43  117]
 [   7    2    5 1416]]
Epoch: [98/200], cls_loss: 0.0076, transfer_loss: 0.0000,person_loss: 0.0000, total_Loss: 0.0000
trian begin
trian end
n_person 361
SAMPLE
F1_MI: 0.4736619420351174 F1_MA: 0.46528188907671514 ACC_MI: 0.4736619420351174 F1_MA: 0.4606133729446361
BEST_F1_MI: 0.5728792045694944 BEST_F1_MA: 0.5932985897134627 BEST_ACC_MI: 0.5728792045694944 BEST_F1_MA: 0.6590745204008852
[[  62 1441   23   58]
 [  55  686   49  115]
 [ 110  500   75  123]
 [   2    4    8 1416]]
Epoch: [99/200], cls_loss: 0.0012, transfer_loss: 0.0000,person_loss: 0.0000, total_Loss: 0.0000
trian begin
trian end
n_person 361
SAMPLE
F1_MI: 0.48000846202665537 F1_MA: 0.5026544901133503 ACC_MI: 0.48000846202665537 F1_MA: 0.5251578302498681
BEST_F1_MI: 0.5728792045694944 BEST_F1_MA: 0.5932985897134627 BEST_ACC_MI: 0.5728792045694944 BEST_F1_MA: 0.6590745204008852
[[  38 1482   10   54]
 [  61  707    9  128]
 [ 129  453  106  120]
 [   8    4    0 1418]]
Epoch: [100/200], cls_loss: 0.0002, transfer_loss: 0.0000,person_loss: 0.0000, total_Loss: 0.0000
trian begin
trian end
n_person 361
SAMPLE
F1_MI: 0.4700655807065792 F1_MA: 0.4713384465189173 ACC_MI: 0.4700655807065792 F1_MA: 0.47241359410411127
BEST_F1_MI: 0.5728792045694944 BEST_F1_MA: 0.5932985897134627 BEST_ACC_MI: 0.5728792045694944 BEST_F1_MA: 0.6590745204008852
[[  19 1497   13   55]
 [  33  701   21  150]
 [ 100  500   82  126]
 [   9    0    1 1420]]
Epoch: [101/200], cls_loss: 0.0052, transfer_loss: 0.0000,person_loss: 0.0000, total_Loss: 0.0000
trian begin
trian end
n_person 361
SAMPLE
F1_MI: 0.5130103659826528 F1_MA: 0.5121661071533699 ACC_MI: 0.5130103659826528 F1_MA: 0.5070583202537708
BEST_F1_MI: 0.5728792045694944 BEST_F1_MA: 0.5932985897134627 BEST_ACC_MI: 0.5728792045694944 BEST_F1_MA: 0.6590745204008852
[[ 150 1243  134   57]
 [ 153  600   31  121]
 [ 180  243  261  124]
 [   9    7    0 1414]]
Epoch: [102/200], cls_loss: 0.0180, transfer_loss: 0.0000,person_loss: 0.0000, total_Loss: 0.0000
trian begin
trian end
n_person 361
SAMPLE
F1_MI: 0.5159720753120373 F1_MA: 0.5407326484058849 ACC_MI: 0.5159720753120373 F1_MA: 0.5494169261953359
BEST_F1_MI: 0.5728792045694944 BEST_F1_MA: 0.5932985897134627 BEST_ACC_MI: 0.5728792045694944 BEST_F1_MA: 0.6590745204008852
[[  61 1439   29   55]
 [  59  695   37  114]
 [  79  343  271  115]
 [   3    6    9 1412]]
Epoch: [103/200], cls_loss: 0.0127, transfer_loss: 0.0000,person_loss: 0.0000, total_Loss: 0.0000
trian begin
trian end
n_person 361
SAMPLE
F1_MI: 0.5051829913264226 F1_MA: 0.5214260803939867 ACC_MI: 0.5051829913264226 F1_MA: 0.5219829626626012
BEST_F1_MI: 0.5728792045694944 BEST_F1_MA: 0.5932985897134627 BEST_ACC_MI: 0.5728792045694944 BEST_F1_MA: 0.6590745204008852
[[  29 1473   29   53]
 [  36  735   28  106]
 [  79  399  218  112]
 [   4   13    7 1406]]
Epoch: [104/200], cls_loss: 0.0021, transfer_loss: 0.0000,person_loss: 0.0000, total_Loss: 0.0000
trian begin
trian end
n_person 361
SAMPLE
F1_MI: 0.5032790353289612 F1_MA: 0.5264317539847335 ACC_MI: 0.5032790353289612 F1_MA: 0.5366037708147883
BEST_F1_MI: 0.5728792045694944 BEST_F1_MA: 0.5932985897134627 BEST_ACC_MI: 0.5728792045694944 BEST_F1_MA: 0.6590745204008852
[[  39 1472   20   53]
 [  35  737   26  107]
 [  86  410  198  114]
 [   4   15    6 1405]]
Epoch: [105/200], cls_loss: 0.0001, transfer_loss: 0.0000,person_loss: 0.0000, total_Loss: 0.0000
trian begin
trian end
n_person 361
SAMPLE
F1_MI: 0.4778929553628094 F1_MA: 0.49796266388145216 ACC_MI: 0.4778929553628094 F1_MA: 0.5376389350905524
BEST_F1_MI: 0.5728792045694944 BEST_F1_MA: 0.5932985897134627 BEST_ACC_MI: 0.5728792045694944 BEST_F1_MA: 0.6590745204008852
[[ 170 1337   19   58]
 [ 211  561   14  119]
 [ 151  420  110  127]
 [   5    7    0 1418]]
Epoch: [106/200], cls_loss: 0.0046, transfer_loss: 0.0000,person_loss: 0.0000, total_Loss: 0.0000
trian begin
trian end
n_person 361
SAMPLE
F1_MI: 0.4924899513433467 F1_MA: 0.504667989072316 ACC_MI: 0.4924899513433467 F1_MA: 0.5160643782439206
BEST_F1_MI: 0.5728792045694944 BEST_F1_MA: 0.5932985897134627 BEST_ACC_MI: 0.5728792045694944 BEST_F1_MA: 0.6590745204008852
[[ 110 1360   58   56]
 [ 167  598   28  112]
 [ 118  362  208  120]
 [   6   10    2 1412]]
Epoch: [107/200], cls_loss: 0.0000, transfer_loss: 0.0000,person_loss: 0.0000, total_Loss: 0.0000
trian begin
trian end
n_person 361
SAMPLE
F1_MI: 0.5075100486566533 F1_MA: 0.5217737156185678 ACC_MI: 0.5075100486566533 F1_MA: 0.5189258828392408
BEST_F1_MI: 0.5728792045694944 BEST_F1_MA: 0.5932985897134627 BEST_ACC_MI: 0.5728792045694944 BEST_F1_MA: 0.6590745204008852
[[  27 1450   56   51]
 [  25  753   24  103]
 [  66  415  218  109]
 [   1   24    4 1401]]
Epoch: [108/200], cls_loss: 0.0018, transfer_loss: 0.0000,person_loss: 0.0000, total_Loss: 0.0000
trian begin
trian end
n_person 361
SAMPLE
F1_MI: 0.5130103659826528 F1_MA: 0.5270482005693564 ACC_MI: 0.5130103659826528 F1_MA: 0.5295208975933445
BEST_F1_MI: 0.5728792045694944 BEST_F1_MA: 0.5932985897134627 BEST_ACC_MI: 0.5728792045694944 BEST_F1_MA: 0.6590745204008852
[[  88 1366   76   54]
 [  80  690   26  109]
 [ 112  342  239  115]
 [   8    9    5 1408]]
Epoch: [109/200], cls_loss: 0.0032, transfer_loss: 0.0000,person_loss: 0.0000, total_Loss: 0.0000
trian begin
trian end
n_person 361
SAMPLE
F1_MI: 0.5060291939919611 F1_MA: 0.5217638220808158 ACC_MI: 0.5060291939919611 F1_MA: 0.5294333281430571
BEST_F1_MI: 0.5728792045694944 BEST_F1_MA: 0.5932985897134627 BEST_ACC_MI: 0.5728792045694944 BEST_F1_MA: 0.6590745204008852
[[  73 1389   60   62]
 [  55  704   26  120]
 [  95  389  193  131]
 [   1    6    1 1422]]
Epoch: [110/200], cls_loss: 0.0042, transfer_loss: 0.0000,person_loss: 0.0000, total_Loss: 0.0000
trian begin
trian end
n_person 361
SAMPLE
F1_MI: 0.4965094140046541 F1_MA: 0.5167963587968883 ACC_MI: 0.4965094140046541 F1_MA: 0.5332248259833514
BEST_F1_MI: 0.5728792045694944 BEST_F1_MA: 0.5932985897134627 BEST_ACC_MI: 0.5728792045694944 BEST_F1_MA: 0.6590745204008852
[[  84 1418   31   51]
 [  79  710   16  100]
 [ 147  403  152  106]
 [  24    3    2 1401]]
Epoch: [111/200], cls_loss: 0.0022, transfer_loss: 0.0000,person_loss: 0.0000, total_Loss: 0.0000
trian begin
trian end
n_person 361
SAMPLE
F1_MI: 0.5144912206473451 F1_MA: 0.5236459613731118 ACC_MI: 0.5144912206473451 F1_MA: 0.5163727880042975
BEST_F1_MI: 0.5728792045694944 BEST_F1_MA: 0.5932985897134627 BEST_ACC_MI: 0.5728792045694944 BEST_F1_MA: 0.6590745204008852
[[  45 1382   97   60]
 [  46  686   44  129]
 [  54  340  276  138]
 [   0    2    3 1425]]
Epoch: [112/200], cls_loss: 0.0001, transfer_loss: 0.0000,person_loss: 0.0000, total_Loss: 0.0000
trian begin
trian end
n_person 361
SAMPLE
F1_MI: 0.5151258726464988 F1_MA: 0.5515788094433869 ACC_MI: 0.5151258726464988 F1_MA: 0.5825814516968649
BEST_F1_MI: 0.5728792045694944 BEST_F1_MA: 0.5932985897134627 BEST_ACC_MI: 0.5728792045694944 BEST_F1_MA: 0.6590745204008852
[[ 101 1418    8   57]
 [  59  702   27  117]
 [ 108  361  212  127]
 [   4    4    2 1420]]
Epoch: [113/200], cls_loss: 0.0016, transfer_loss: 0.0000,person_loss: 0.0000, total_Loss: 0.0000
trian begin
trian end
n_person 361
SAMPLE
F1_MI: 0.5125872646498837 F1_MA: 0.545514896376366 ACC_MI: 0.5125872646498837 F1_MA: 0.5694742137856537
BEST_F1_MI: 0.5728792045694944 BEST_F1_MA: 0.5932985897134627 BEST_ACC_MI: 0.5728792045694944 BEST_F1_MA: 0.6590745204008852
[[  78 1433   17   56]
 [  30  718   48  109]
 [  77  397  211  123]
 [   3    6    5 1416]]
Epoch: [114/200], cls_loss: 0.0004, transfer_loss: 0.0000,person_loss: 0.0000, total_Loss: 0.0000
trian begin
trian end
n_person 361
SAMPLE
F1_MI: 0.5098371059868838 F1_MA: 0.5446704786261347 ACC_MI: 0.5098371059868838 F1_MA: 0.5760901094715687
BEST_F1_MI: 0.5728792045694944 BEST_F1_MA: 0.5932985897134627 BEST_ACC_MI: 0.5728792045694944 BEST_F1_MA: 0.6590745204008852
[[  98 1418   11   57]
 [  45  712   34  114]
 [  93  407  183  125]
 [   2    6    5 1417]]
Epoch: [115/200], cls_loss: 0.0001, transfer_loss: 0.0000,person_loss: 0.0000, total_Loss: 0.0000
trian begin
trian end
n_person 361
SAMPLE
F1_MI: 0.5024328326634229 F1_MA: 0.520428320148317 ACC_MI: 0.5024328326634229 F1_MA: 0.5426931284299096
BEST_F1_MI: 0.5728792045694944 BEST_F1_MA: 0.5932985897134627 BEST_ACC_MI: 0.5728792045694944 BEST_F1_MA: 0.6590745204008852
[[ 154 1316   51   63]
 [  85  593   52  175]
 [  92  372  202  142]
 [   3    0    1 1426]]
Epoch: [116/200], cls_loss: 0.0074, transfer_loss: 0.0000,person_loss: 0.0000, total_Loss: 0.0000
trian begin
trian end
n_person 361
SAMPLE
F1_MI: 0.4967209646710387 F1_MA: 0.5192392276314244 ACC_MI: 0.4967209646710387 F1_MA: 0.5454230355597922
BEST_F1_MI: 0.5728792045694944 BEST_F1_MA: 0.5932985897134627 BEST_ACC_MI: 0.5728792045694944 BEST_F1_MA: 0.6590745204008852
[[ 114 1373   40   57]
 [  68  691   20  126]
 [  85  475  125  123]
 [   5    5    2 1418]]
Epoch: [117/200], cls_loss: 0.0005, transfer_loss: 0.0000,person_loss: 0.0000, total_Loss: 0.0000
trian begin
trian end
n_person 361
SAMPLE
F1_MI: 0.47873915802834777 F1_MA: 0.4669968033748724 ACC_MI: 0.47873915802834777 F1_MA: 0.46401072726898335
BEST_F1_MI: 0.5728792045694944 BEST_F1_MA: 0.5932985897134627 BEST_ACC_MI: 0.5728792045694944 BEST_F1_MA: 0.6590745204008852
[[ 115 1315   94   60]
 [  46  640   49  170]
 [ 104  486   85  133]
 [   0    1    6 1423]]
Epoch: [118/200], cls_loss: 0.0010, transfer_loss: 0.0000,person_loss: 0.0000, total_Loss: 0.0000
trian begin
trian end
n_person 361
SAMPLE
F1_MI: 0.48910514068119315 F1_MA: 0.49499183727002416 ACC_MI: 0.48910514068119315 F1_MA: 0.5003093208225956
BEST_F1_MI: 0.5728792045694944 BEST_F1_MA: 0.5932985897134627 BEST_ACC_MI: 0.5728792045694944 BEST_F1_MA: 0.6590745204008852
[[  82 1385   61   56]
 [  40  721   35  109]
 [  86  502  103  117]
 [   3   16    5 1406]]
Epoch: [119/200], cls_loss: 0.0006, transfer_loss: 0.0000,person_loss: 0.0000, total_Loss: 0.0000
trian begin
trian end
n_person 361
SAMPLE
F1_MI: 0.5111064099851914 F1_MA: 0.5261356422263973 ACC_MI: 0.5111064099851914 F1_MA: 0.5559040194132026
BEST_F1_MI: 0.5728792045694944 BEST_F1_MA: 0.5932985897134627 BEST_ACC_MI: 0.5728792045694944 BEST_F1_MA: 0.6590745204008852
[[ 238 1242   43   61]
 [ 102  648   29  126]
 [ 111  448  114  135]
 [   7    7    0 1416]]
Epoch: [120/200], cls_loss: 0.0027, transfer_loss: 0.0000,person_loss: 0.0000, total_Loss: 0.0000
trian begin
trian end
n_person 361
SAMPLE
F1_MI: 0.48825893801565473 F1_MA: 0.5146422553911025 ACC_MI: 0.48825893801565473 F1_MA: 0.5335868017550743
BEST_F1_MI: 0.5728792045694944 BEST_F1_MA: 0.5932985897134627 BEST_ACC_MI: 0.5728792045694944 BEST_F1_MA: 0.6590745204008852
[[  14 1499   15   56]
 [  14  773   12  106]
 [  34  543  114  117]
 [   2   21    0 1407]]
Epoch: [121/200], cls_loss: 0.0031, transfer_loss: 0.0000,person_loss: 0.0000, total_Loss: 0.0000
trian begin
trian end
n_person 361
SAMPLE
F1_MI: 0.48297017135603976 F1_MA: 0.5145065747461106 ACC_MI: 0.48297017135603976 F1_MA: 0.5492217481848204
BEST_F1_MI: 0.5728792045694944 BEST_F1_MA: 0.5932985897134627 BEST_ACC_MI: 0.5728792045694944 BEST_F1_MA: 0.6590745204008852
[[  48 1462   14   60]
 [  34  730   11  130]
 [  57  532   86  133]
 [   2    9    0 1419]]
Epoch: [122/200], cls_loss: 0.0007, transfer_loss: 0.0000,person_loss: 0.0000, total_Loss: 0.0000
trian begin
trian end
n_person 361
SAMPLE
F1_MI: 0.49566321133911573 F1_MA: 0.5222860194887898 ACC_MI: 0.49566321133911573 F1_MA: 0.5399734773136308
BEST_F1_MI: 0.5728792045694944 BEST_F1_MA: 0.5932985897134627 BEST_ACC_MI: 0.5728792045694944 BEST_F1_MA: 0.6590745204008852
[[  26 1478   22   58]
 [  29  737   15  124]
 [  45  476  162  125]
 [   2    9    1 1418]]
Epoch: [123/200], cls_loss: 0.0001, transfer_loss: 0.0000,person_loss: 0.0000, total_Loss: 0.0000
trian begin
trian end
n_person 361
SAMPLE
F1_MI: 0.49100909667865456 F1_MA: 0.5208442752548157 ACC_MI: 0.49100909667865456 F1_MA: 0.5459223120524681
BEST_F1_MI: 0.5728792045694944 BEST_F1_MA: 0.5932985897134627 BEST_ACC_MI: 0.5728792045694944 BEST_F1_MA: 0.6590745204008852
[[  32 1474   17   61]
 [  32  734   13  126]
 [  49  494  136  129]
 [   1    9    1 1419]]
Epoch: [124/200], cls_loss: 0.0001, transfer_loss: 0.0000,person_loss: 0.0000, total_Loss: 0.0000
trian begin
trian end
n_person 361
SAMPLE
F1_MI: 0.4905859953458853 F1_MA: 0.5142103476622921 ACC_MI: 0.4905859953458853 F1_MA: 0.531482003835578
BEST_F1_MI: 0.5728792045694944 BEST_F1_MA: 0.5932985897134627 BEST_ACC_MI: 0.5728792045694944 BEST_F1_MA: 0.6590745204008852
[[  30 1477   21   56]
 [  39  739   13  114]
 [  54  501  135  118]
 [   5    8    2 1415]]
Epoch: [125/200], cls_loss: 0.0001, transfer_loss: 0.0000,person_loss: 0.0000, total_Loss: 0.0000
[[  59 1458    8   59]
 [  12  763   11  119]
 [  25  425  231  127]
 [   2   10    0 1418]]
[[ 656  725  146   57]
 [ 388  371   32  114]
 [ 222  183  279  124]
 [  27    1    0 1402]]
ARG: Namespace(backbone='resnet50', batch_size=32, config='ONLY/ONLY.yaml', data_dir='data', device=device(type='cuda'), early_stop=50, epoch_based_training=False, lr=0.003, lr_decay=0.75, lr_gamma=0.0003, lr_scheduler=True, max_iter=21000, method='False', momentum=0.9, myweight=0.1, n_class=4, n_epoch=200, n_iter_per_epoch=105, num_workers=3, seed=1, src_domain='UCI', tgt_domain='PAMAP2', tname='transfer', transfer_loss='only', transfer_loss_weight=0.5, use_bottleneck=True, weight_decay=0.0005)
