coral 2 UCI PAMAP2 DeepCoral/DeepCoral.yaml True
Namespace(backbone='resnet50', batch_size=32, config='DeepCoral/DeepCoral.yaml', data_dir='data', device=device(type='cuda'), early_stop=50, epoch_based_training=False, lr=0.003, lr_decay=0.75, lr_gamma=0.0003, lr_scheduler=True, method='True', momentum=0.9, myweight=0.1, n_epoch=200, n_iter_per_epoch=100, num_workers=3, seed=2, src_domain='UCI', tgt_domain='PAMAP2', tname='transfer', transfer_loss='coral', transfer_loss_weight=10.0, use_bottleneck=True, weight_decay=0.0005)
JUST DO IT
run my Parkinson code
transfer
TRAIN Length: 3369 615 TEST Length: 4725 360
YYY: 0 3
DATA_PROFILE   train: 3369 train2: 4725 test: 4725
DATASET.SHAPE: <data_loader.GetTrainLoader object at 0x7ff29f874e10> True
DATASET.SHAPE: <data_loader.GetTrainLoader object at 0x7ff297448160> True
DATASET.SHAPE: <data_loader.GetTestLoader object at 0x7ff29744ffd0> False
CLASS: 4 360
LLL: {}
BOTTLENECK_LIST: [Linear(in_features=512, out_features=256, bias=True), ReLU()]
TYPE: {'loss_type': 'coral', 'max_iter': 21000, 'num_class': 4, 'my_person_item': <my_person_item.PersonItem object at 0x7ff356fbc198>}
initial_lr 1.0
transfer_world
method True <class 'str'>
1.10.1+cu102
True
LEN: 0 0
LOADER: <data_loader.InfiniteDataLoader object at 0x7ff297448fd0> <data_loader.InfiniteDataLoader object at 0x7ff29744fef0>
N_batch: 105
trian begin
trian end
n_person 360
SAMPLE
F1_MI: 0.5187301587301587 F1_MA: 0.502804358500576 ACC_MI: 0.5187301587301587 F1_MA: 0.4662750621169148
BEST_F1_MI: 0.5187301587301587 BEST_F1_MA: 0.502804358500576 BEST_ACC_MI: 0.5187301587301587 BEST_F1_MA: 0.4662750621169148
[[  89  544  894   55]
 [ 123  370  275  137]
 [  24   64  602  118]
 [  32    7    1 1390]]
Epoch: [ 1/200], cls_loss: 0.4470, transfer_loss: 0.0026,person_loss: -1.8069, total_Loss: 0.2918
trian begin
trian end
n_person 360
SAMPLE
F1_MI: 0.5295238095238095 F1_MA: 0.5001383592568025 ACC_MI: 0.5295238095238095 F1_MA: 0.4482331396509306
BEST_F1_MI: 0.5295238095238095 BEST_F1_MA: 0.502804358500576 BEST_ACC_MI: 0.5295238095238095 BEST_F1_MA: 0.4662750621169148
[[  40  941  468  133]
 [  51  496  148  210]
 [  36   58  584  130]
 [  47    0    1 1382]]
Epoch: [ 2/200], cls_loss: 0.1228, transfer_loss: 0.0013,person_loss: -1.9047, total_Loss: -0.0549
trian begin
trian end
n_person 360
SAMPLE
F1_MI: 0.5511111111111111 F1_MA: 0.5434027159429181 ACC_MI: 0.5511111111111111 F1_MA: 0.512704308164635
BEST_F1_MI: 0.5511111111111111 BEST_F1_MA: 0.5434027159429181 BEST_ACC_MI: 0.5511111111111111 BEST_F1_MA: 0.512704308164635
[[ 163  977  391   51]
 [ 105  505  192  103]
 [ 111   46  552   99]
 [  38    5    3 1384]]
Epoch: [ 3/200], cls_loss: 0.0797, transfer_loss: 0.0009,person_loss: -1.9391, total_Loss: -0.1048
trian begin
trian end
n_person 360
SAMPLE
F1_MI: 0.5242328042328043 F1_MA: 0.5259559800959689 ACC_MI: 0.5242328042328043 F1_MA: 0.559313499862512
BEST_F1_MI: 0.5511111111111111 BEST_F1_MA: 0.5434027159429181 BEST_ACC_MI: 0.5511111111111111 BEST_F1_MA: 0.559313499862512
[[ 464  994   67   57]
 [ 394  376    7  128]
 [ 233  210  245  120]
 [  38    0    0 1392]]
Epoch: [ 4/200], cls_loss: 0.0553, transfer_loss: 0.0004,person_loss: -1.9658, total_Loss: -0.1370
trian begin
trian end
n_person 360
SAMPLE
F1_MI: 0.5168253968253969 F1_MA: 0.5623320783709056 ACC_MI: 0.5168253968253969 F1_MA: 0.5941823711264658
BEST_F1_MI: 0.5511111111111111 BEST_F1_MA: 0.5623320783709056 BEST_ACC_MI: 0.5511111111111111 BEST_F1_MA: 0.5941823711264658
[[ 214 1313   13   42]
 [ 268  567    5   65]
 [ 171  180  393   64]
 [ 154    8    0 1268]]
Epoch: [ 5/200], cls_loss: 0.0298, transfer_loss: 0.0003,person_loss: -1.9749, total_Loss: -0.1646
trian begin
trian end
n_person 360
SAMPLE
F1_MI: 0.5517460317460318 F1_MA: 0.6091804088070575 ACC_MI: 0.5517460317460318 F1_MA: 0.6386367965178652
BEST_F1_MI: 0.5517460317460318 BEST_F1_MA: 0.6091804088070575 BEST_ACC_MI: 0.5517460317460318 BEST_F1_MA: 0.6386367965178652
[[  74 1444    7   57]
 [  42  720   15  128]
 [  26  247  407  128]
 [   8   15    1 1406]]
Epoch: [ 6/200], cls_loss: 0.0383, transfer_loss: 0.0002,person_loss: -1.9778, total_Loss: -0.1571
trian begin
trian end
n_person 360
SAMPLE
F1_MI: 0.5498412698412698 F1_MA: 0.5818856261105917 ACC_MI: 0.5498412698412698 F1_MA: 0.6269968632308621
BEST_F1_MI: 0.5517460317460318 BEST_F1_MA: 0.6091804088070575 BEST_ACC_MI: 0.5517460317460318 BEST_F1_MA: 0.6386367965178652
[[ 357 1161    9   55]
 [ 241  531   21  112]
 [  77  309  303  119]
 [  10    6    7 1407]]
Epoch: [ 7/200], cls_loss: 0.0179, transfer_loss: 0.0002,person_loss: -1.9841, total_Loss: -0.1787
trian begin
trian end
n_person 360
SAMPLE
F1_MI: 0.5233862433862434 F1_MA: 0.5664476738616231 ACC_MI: 0.5233862433862434 F1_MA: 0.6063579739508009
BEST_F1_MI: 0.5517460317460318 BEST_F1_MA: 0.6091804088070575 BEST_ACC_MI: 0.5517460317460318 BEST_F1_MA: 0.6386367965178652
[[ 206 1324    6   46]
 [ 160  628   23   94]
 [  59  362  289   98]
 [  61    9   10 1350]]
Epoch: [ 8/200], cls_loss: 0.0402, transfer_loss: 0.0002,person_loss: -1.9853, total_Loss: -0.1567
trian begin
trian end
n_person 360
SAMPLE
F1_MI: 0.5149206349206349 F1_MA: 0.5457200664956199 ACC_MI: 0.5149206349206349 F1_MA: 0.6110915813620976
BEST_F1_MI: 0.5517460317460318 BEST_F1_MA: 0.6091804088070575 BEST_ACC_MI: 0.5517460317460318 BEST_F1_MA: 0.6386367965178652
[[ 362 1170    0   50]
 [ 235  553   14  103]
 [ 125  436  131  116]
 [  36    2    5 1387]]
Epoch: [ 9/200], cls_loss: 0.0136, transfer_loss: 0.0002,person_loss: -1.9869, total_Loss: -0.1835
trian begin
trian end
n_person 360
SAMPLE
F1_MI: 0.511957671957672 F1_MA: 0.5333113687244057 ACC_MI: 0.511957671957672 F1_MA: 0.5935770172651708
BEST_F1_MI: 0.5517460317460318 BEST_F1_MA: 0.6091804088070575 BEST_ACC_MI: 0.5517460317460318 BEST_F1_MA: 0.6386367965178652
[[ 399 1117    8   58]
 [ 362  402   15  126]
 [  97  377  202  132]
 [   3    7    4 1416]]
Epoch: [10/200], cls_loss: 0.0190, transfer_loss: 0.0001,person_loss: -1.9875, total_Loss: -0.1785
trian begin
trian end
n_person 360
SAMPLE
F1_MI: 0.5839153439153439 F1_MA: 0.6090986558346871 ACC_MI: 0.5839153439153439 F1_MA: 0.61568860257637
BEST_F1_MI: 0.5839153439153439 BEST_F1_MA: 0.6091804088070575 BEST_ACC_MI: 0.5839153439153439 BEST_F1_MA: 0.6386367965178652
[[ 290 1180   54   58]
 [ 226  523   42  114]
 [  56   88  536  128]
 [   3   14    3 1410]]
Epoch: [11/200], cls_loss: 0.0149, transfer_loss: 0.0001,person_loss: -1.9877, total_Loss: -0.1826
trian begin
trian end
n_person 360
SAMPLE
F1_MI: 0.5775661375661376 F1_MA: 0.5862666141509082 ACC_MI: 0.5775661375661376 F1_MA: 0.5920384746708639
BEST_F1_MI: 0.5839153439153439 BEST_F1_MA: 0.6091804088070575 BEST_ACC_MI: 0.5839153439153439 BEST_F1_MA: 0.6386367965178652
[[ 405 1051   69   57]
 [ 358  395   43  109]
 [  95   57  522  134]
 [  19    1    3 1407]]
Epoch: [12/200], cls_loss: 0.0061, transfer_loss: 0.0001,person_loss: -1.9919, total_Loss: -0.1923
trian begin
trian end
n_person 360
SAMPLE
F1_MI: 0.5371428571428571 F1_MA: 0.562795730798427 ACC_MI: 0.5371428571428571 F1_MA: 0.6117541959549485
BEST_F1_MI: 0.5839153439153439 BEST_F1_MA: 0.6091804088070575 BEST_ACC_MI: 0.5839153439153439 BEST_F1_MA: 0.6386367965178652
[[ 396 1127   10   49]
 [ 307  473   24  101]
 [  83  349  268  108]
 [  17    5    7 1401]]
Epoch: [13/200], cls_loss: 0.0048, transfer_loss: 0.0001,person_loss: -1.9905, total_Loss: -0.1932
trian begin
trian end
n_person 360
SAMPLE
F1_MI: 0.5261375661375661 F1_MA: 0.5497841067934565 ACC_MI: 0.5261375661375661 F1_MA: 0.6038869441662233
BEST_F1_MI: 0.5839153439153439 BEST_F1_MA: 0.6091804088070575 BEST_ACC_MI: 0.5839153439153439 BEST_F1_MA: 0.6386367965178652
[[ 403 1115    6   58]
 [ 380  393    9  123]
 [ 150  250  274  134]
 [  13    1    0 1416]]
Epoch: [14/200], cls_loss: 0.0297, transfer_loss: 0.0002,person_loss: -1.9826, total_Loss: -0.1664
trian begin
trian end
n_person 360
SAMPLE
F1_MI: 0.5197883597883598 F1_MA: 0.537178937388607 ACC_MI: 0.5197883597883598 F1_MA: 0.5614811813374694
BEST_F1_MI: 0.5839153439153439 BEST_F1_MA: 0.6091804088070575 BEST_ACC_MI: 0.5839153439153439 BEST_F1_MA: 0.6386367965178652
[[ 356 1166   18   42]
 [ 242  532   64   67]
 [  60  395  279   74]
 [   2   18  121 1289]]
Epoch: [15/200], cls_loss: 0.0243, transfer_loss: 0.0001,person_loss: -1.9848, total_Loss: -0.1729
trian begin
trian end
n_person 360
SAMPLE
F1_MI: 0.5028571428571429 F1_MA: 0.5310889985933444 ACC_MI: 0.5028571428571429 F1_MA: 0.608655411454287
BEST_F1_MI: 0.5839153439153439 BEST_F1_MA: 0.6091804088070575 BEST_ACC_MI: 0.5839153439153439 BEST_F1_MA: 0.6386367965178652
[[ 392 1131    3   56]
 [ 333  448    5  119]
 [ 151  408  125  124]
 [   3   16    0 1411]]
Epoch: [16/200], cls_loss: 0.0128, transfer_loss: 0.0001,person_loss: -1.9881, total_Loss: -0.1851
trian begin
trian end
n_person 360
SAMPLE
F1_MI: 0.5193650793650794 F1_MA: 0.5354903494606906 ACC_MI: 0.5193650793650794 F1_MA: 0.5818183894011729
BEST_F1_MI: 0.5839153439153439 BEST_F1_MA: 0.6091804088070575 BEST_ACC_MI: 0.5839153439153439 BEST_F1_MA: 0.6386367965178652
[[ 388 1122   15   57]
 [ 330  442   20  113]
 [ 191  289  213  115]
 [   2    9    8 1411]]
Epoch: [17/200], cls_loss: 0.0094, transfer_loss: 0.0001,person_loss: -1.9914, total_Loss: -0.1891
trian begin
trian end
n_person 360
SAMPLE
F1_MI: 0.5388359788359789 F1_MA: 0.5582489637105666 ACC_MI: 0.5388359788359789 F1_MA: 0.5956396765367998
BEST_F1_MI: 0.5839153439153439 BEST_F1_MA: 0.6091804088070575 BEST_ACC_MI: 0.5839153439153439 BEST_F1_MA: 0.6386367965178652
[[ 376 1108   38   60]
 [ 315  456   11  123]
 [ 130  244  299  135]
 [   3   12    0 1415]]
Epoch: [18/200], cls_loss: 0.0465, transfer_loss: 0.0001,person_loss: -1.9888, total_Loss: -0.1511
trian begin
trian end
n_person 360
SAMPLE
F1_MI: 0.5475132275132275 F1_MA: 0.5793957463635485 ACC_MI: 0.5475132275132275 F1_MA: 0.6300076145987489
BEST_F1_MI: 0.5839153439153439 BEST_F1_MA: 0.6091804088070575 BEST_ACC_MI: 0.5839153439153439 BEST_F1_MA: 0.6386367965178652
[[ 379 1142    8   53]
 [ 287  488   10  120]
 [  91  293  304  120]
 [  10    4    0 1416]]
Epoch: [19/200], cls_loss: 0.0226, transfer_loss: 0.0001,person_loss: -1.9861, total_Loss: -0.1749
trian begin
trian end
n_person 360
SAMPLE
F1_MI: 0.5212698412698412 F1_MA: 0.5491347670749536 ACC_MI: 0.5212698412698412 F1_MA: 0.6129820409835667
BEST_F1_MI: 0.5839153439153439 BEST_F1_MA: 0.6091804088070575 BEST_ACC_MI: 0.5839153439153439 BEST_F1_MA: 0.6386367965178652
[[ 403 1118    5   56]
 [ 382  405    7  111]
 [  97  352  241  118]
 [  10    6    0 1414]]
Epoch: [20/200], cls_loss: 0.0141, transfer_loss: 0.0001,person_loss: -1.9838, total_Loss: -0.1832
trian begin
trian end
n_person 360
SAMPLE
F1_MI: 0.5299470899470899 F1_MA: 0.6069426281183569 ACC_MI: 0.5299470899470899 F1_MA: 0.6822827465974926
BEST_F1_MI: 0.5839153439153439 BEST_F1_MA: 0.6091804088070575 BEST_ACC_MI: 0.5839153439153439 BEST_F1_MA: 0.6822827465974926
[[  79 1445    2   56]
 [  23  761    1  120]
 [  22  416  245  125]
 [   2    9    0 1419]]
Epoch: [21/200], cls_loss: 0.0121, transfer_loss: 0.0001,person_loss: -1.9893, total_Loss: -0.1862
trian begin
trian end
n_person 360
SAMPLE
F1_MI: 0.5312169312169313 F1_MA: 0.5779577904960758 ACC_MI: 0.5312169312169313 F1_MA: 0.6319605171552145
BEST_F1_MI: 0.5839153439153439 BEST_F1_MA: 0.6091804088070575 BEST_ACC_MI: 0.5839153439153439 BEST_F1_MA: 0.6822827465974926
[[ 226 1297    9   50]
 [ 154  641   11   99]
 [  63  395  241  109]
 [  15   11    2 1402]]
Epoch: [22/200], cls_loss: 0.0090, transfer_loss: 0.0000,person_loss: -1.9902, total_Loss: -0.1896
trian begin
trian end
n_person 360
SAMPLE
F1_MI: 0.5261375661375661 F1_MA: 0.5777564171027415 ACC_MI: 0.5261375661375661 F1_MA: 0.6553754707943218
BEST_F1_MI: 0.5839153439153439 BEST_F1_MA: 0.6091804088070575 BEST_ACC_MI: 0.5839153439153439 BEST_F1_MA: 0.6822827465974926
[[ 279 1248    4   51]
 [ 145  650    7  103]
 [  48  494  154  112]
 [   6   20    1 1403]]
Epoch: [23/200], cls_loss: 0.0031, transfer_loss: 0.0000,person_loss: -1.9935, total_Loss: -0.1959
trian begin
trian end
n_person 360
SAMPLE
F1_MI: 0.6101587301587301 F1_MA: 0.6277492474164907 ACC_MI: 0.6101587301587301 F1_MA: 0.6270404176388931
BEST_F1_MI: 0.6101587301587301 BEST_F1_MA: 0.6277492474164907 BEST_ACC_MI: 0.6101587301587301 BEST_F1_MA: 0.6822827465974926
[[ 365 1055  110   52]
 [ 195  543   47  120]
 [  72   60  561  115]
 [   9    7    0 1414]]
Epoch: [24/200], cls_loss: 0.0029, transfer_loss: 0.0001,person_loss: -1.9883, total_Loss: -0.1946
trian begin
trian end
n_person 360
SAMPLE
F1_MI: 0.5301587301587302 F1_MA: 0.5588886962788172 ACC_MI: 0.5301587301587302 F1_MA: 0.5487507080670276
BEST_F1_MI: 0.6101587301587301 BEST_F1_MA: 0.6277492474164907 BEST_ACC_MI: 0.6101587301587301 BEST_F1_MA: 0.6822827465974926
[[379 985 199  19]
 [253 474 141  37]
 [ 90  32 667  19]
 [282   1 162 985]]
Epoch: [25/200], cls_loss: 0.0125, transfer_loss: 0.0001,person_loss: -1.9894, total_Loss: -0.1857
trian begin
trian end
n_person 360
SAMPLE
F1_MI: 0.5623280423280423 F1_MA: 0.5822202269040184 ACC_MI: 0.5623280423280423 F1_MA: 0.6072069963230338
BEST_F1_MI: 0.6101587301587301 BEST_F1_MA: 0.6277492474164907 BEST_ACC_MI: 0.6101587301587301 BEST_F1_MA: 0.6822827465974926
[[ 387 1114   24   57]
 [ 341  406   32  126]
 [  65  172  446  125]
 [   9    1    2 1418]]
Epoch: [26/200], cls_loss: 0.0154, transfer_loss: 0.0001,person_loss: -1.9905, total_Loss: -0.1831
trian begin
trian end
n_person 360
SAMPLE
F1_MI: 0.5312169312169313 F1_MA: 0.573366881035788 ACC_MI: 0.5312169312169313 F1_MA: 0.6485863111128783
BEST_F1_MI: 0.6101587301587301 BEST_F1_MA: 0.6277492474164907 BEST_ACC_MI: 0.6101587301587301 BEST_F1_MA: 0.6822827465974926
[[ 343 1177    2   60]
 [ 170  593   10  132]
 [  48  477  153  130]
 [   1    4    4 1421]]
Epoch: [27/200], cls_loss: 0.0048, transfer_loss: 0.0000,person_loss: -1.9912, total_Loss: -0.1938
trian begin
trian end
n_person 360
SAMPLE
F1_MI: 0.5291005291005291 F1_MA: 0.5615209186672284 ACC_MI: 0.5291005291005291 F1_MA: 0.6275133796012231
BEST_F1_MI: 0.6101587301587301 BEST_F1_MA: 0.6277492474164907 BEST_ACC_MI: 0.6101587301587301 BEST_F1_MA: 0.6822827465974926
[[ 384 1133    3   62]
 [ 285  468    8  144]
 [  67  376  223  142]
 [   1    3    1 1425]]
Epoch: [28/200], cls_loss: 0.0036, transfer_loss: 0.0000,person_loss: -1.9920, total_Loss: -0.1951
trian begin
trian end
n_person 360
SAMPLE
F1_MI: 0.5219047619047619 F1_MA: 0.5501920243772551 ACC_MI: 0.5219047619047619 F1_MA: 0.6109612797482405
BEST_F1_MI: 0.6101587301587301 BEST_F1_MA: 0.6277492474164907 BEST_ACC_MI: 0.6101587301587301 BEST_F1_MA: 0.6822827465974926
[[ 392 1133    4   53]
 [ 339  447   13  106]
 [ 115  353  227  113]
 [  18   10    2 1400]]
Epoch: [29/200], cls_loss: 0.0016, transfer_loss: 0.0000,person_loss: -1.9926, total_Loss: -0.1972
trian begin
trian end
n_person 360
SAMPLE
F1_MI: 0.5513227513227513 F1_MA: 0.5811196744151964 ACC_MI: 0.5513227513227513 F1_MA: 0.6254685542207908
BEST_F1_MI: 0.6101587301587301 BEST_F1_MA: 0.6277492474164907 BEST_ACC_MI: 0.6101587301587301 BEST_F1_MA: 0.6822827465974926
[[ 377 1143    6   56]
 [ 296  466   12  131]
 [ 110  229  344  125]
 [   3    9    0 1418]]
Epoch: [30/200], cls_loss: 0.0069, transfer_loss: 0.0001,person_loss: -1.9903, total_Loss: -0.1913
trian begin
trian end
n_person 360
SAMPLE
F1_MI: 0.5682539682539682 F1_MA: 0.5610072316701483 ACC_MI: 0.5682539682539682 F1_MA: 0.5489495626238734
BEST_F1_MI: 0.6101587301587301 BEST_F1_MA: 0.6277492474164907 BEST_ACC_MI: 0.6101587301587301 BEST_F1_MA: 0.6822827465974926
[[ 387  945  202   48]
 [ 324  367   96  118]
 [ 111   45  546  106]
 [  17    4   24 1385]]
Epoch: [31/200], cls_loss: 0.0103, transfer_loss: 0.0000,person_loss: -1.9925, total_Loss: -0.1886
trian begin
trian end
n_person 360
SAMPLE
F1_MI: 0.5538624338624338 F1_MA: 0.56122662048131 ACC_MI: 0.5538624338624338 F1_MA: 0.5761352641984129
BEST_F1_MI: 0.6101587301587301 BEST_F1_MA: 0.6277492474164907 BEST_ACC_MI: 0.6101587301587301 BEST_F1_MA: 0.6822827465974926
[[ 379 1035  107   61]
 [ 312  411   27  155]
 [  62  211  403  132]
 [   0    6    0 1424]]
Epoch: [32/200], cls_loss: 0.0032, transfer_loss: 0.0000,person_loss: -1.9914, total_Loss: -0.1955
trian begin
trian end
n_person 360
SAMPLE
F1_MI: 0.5898412698412698 F1_MA: 0.6040047340715077 ACC_MI: 0.5898412698412698 F1_MA: 0.5949834620212628
BEST_F1_MI: 0.6101587301587301 BEST_F1_MA: 0.6277492474164907 BEST_ACC_MI: 0.6101587301587301 BEST_F1_MA: 0.6822827465974926
[[ 288 1060  179   55]
 [ 144  468  174  119]
 [  26   44  620  118]
 [   2    3   14 1411]]
Epoch: [33/200], cls_loss: 0.0079, transfer_loss: 0.0001,person_loss: -1.9905, total_Loss: -0.1905
trian begin
trian end
n_person 360
SAMPLE
F1_MI: 0.5748148148148148 F1_MA: 0.6178903102067731 ACC_MI: 0.5748148148148148 F1_MA: 0.6581983465431884
BEST_F1_MI: 0.6101587301587301 BEST_F1_MA: 0.6277492474164907 BEST_ACC_MI: 0.6101587301587301 BEST_F1_MA: 0.6822827465974926
[[ 311 1209    9   53]
 [ 168  605   15  117]
 [  51  247  381  129]
 [   2    4    5 1419]]
Epoch: [34/200], cls_loss: 0.0132, transfer_loss: 0.0001,person_loss: -1.9880, total_Loss: -0.1848
trian begin
trian end
n_person 360
SAMPLE
F1_MI: 0.5765079365079365 F1_MA: 0.590639667962457 ACC_MI: 0.5765079365079365 F1_MA: 0.5951431569675892
BEST_F1_MI: 0.6101587301587301 BEST_F1_MA: 0.6277492474164907 BEST_ACC_MI: 0.6101587301587301 BEST_F1_MA: 0.6822827465974926
[[ 352 1057  126   47]
 [ 256  527   27   95]
 [  76  165  464  103]
 [  39    3    7 1381]]
Epoch: [35/200], cls_loss: 0.0115, transfer_loss: 0.0001,person_loss: -1.9868, total_Loss: -0.1860
trian begin
trian end
n_person 360
SAMPLE
F1_MI: 0.557037037037037 F1_MA: 0.5725558253874616 ACC_MI: 0.557037037037037 F1_MA: 0.5930544903420334
BEST_F1_MI: 0.6101587301587301 BEST_F1_MA: 0.6277492474164907 BEST_ACC_MI: 0.6101587301587301 BEST_F1_MA: 0.6822827465974926
[[ 368 1112   50   52]
 [ 293  446   58  108]
 [  64  225  403  116]
 [  11    2    2 1415]]
Epoch: [36/200], cls_loss: 0.0077, transfer_loss: 0.0001,person_loss: -1.9907, total_Loss: -0.1909
trian begin
trian end
n_person 360
SAMPLE
F1_MI: 0.5403174603174603 F1_MA: 0.5668772532717078 ACC_MI: 0.5403174603174603 F1_MA: 0.6176476218334155
BEST_F1_MI: 0.6101587301587301 BEST_F1_MA: 0.6277492474164907 BEST_ACC_MI: 0.6101587301587301 BEST_F1_MA: 0.6822827465974926
[[ 397 1121    8   56]
 [ 331  445   19  110]
 [  72  321  290  125]
 [   5    3    1 1421]]
Epoch: [37/200], cls_loss: 0.0015, transfer_loss: 0.0000,person_loss: -1.9933, total_Loss: -0.1976
trian begin
trian end
n_person 360
SAMPLE
F1_MI: 0.5523809523809524 F1_MA: 0.5841303583504552 ACC_MI: 0.5523809523809524 F1_MA: 0.6267365730031154
BEST_F1_MI: 0.6101587301587301 BEST_F1_MA: 0.6277492474164907 BEST_ACC_MI: 0.6101587301587301 BEST_F1_MA: 0.6822827465974926
[[ 346 1168   10   58]
 [ 253  500   28  124]
 [  40  290  340  138]
 [   4    1    1 1424]]
Epoch: [38/200], cls_loss: 0.0066, transfer_loss: 0.0000,person_loss: -1.9938, total_Loss: -0.1925
trian begin
trian end
n_person 360
SAMPLE
F1_MI: 0.5703703703703704 F1_MA: 0.5970444862281412 ACC_MI: 0.5703703703703704 F1_MA: 0.6274807586856471
BEST_F1_MI: 0.6101587301587301 BEST_F1_MA: 0.6277492474164907 BEST_ACC_MI: 0.6101587301587301 BEST_F1_MA: 0.6822827465974926
[[ 366 1120   38   58]
 [ 235  524   24  122]
 [  62  235  381  130]
 [   2    4    0 1424]]
Epoch: [39/200], cls_loss: 0.0051, transfer_loss: 0.0000,person_loss: -1.9944, total_Loss: -0.1941
trian begin
trian end
n_person 360
SAMPLE
F1_MI: 0.5754497354497354 F1_MA: 0.6003785738343234 ACC_MI: 0.5754497354497354 F1_MA: 0.6240792544142187
BEST_F1_MI: 0.6101587301587301 BEST_F1_MA: 0.6277492474164907 BEST_ACC_MI: 0.6101587301587301 BEST_F1_MA: 0.6822827465974926
[[ 348 1104   69   61]
 [ 201  555   12  137]
 [  67  213  391  137]
 [   1    3    1 1425]]
Epoch: [40/200], cls_loss: 0.0048, transfer_loss: 0.0000,person_loss: -1.9907, total_Loss: -0.1939
trian begin
trian end
n_person 360
SAMPLE
F1_MI: 0.5782010582010582 F1_MA: 0.6296253789340315 ACC_MI: 0.5782010582010582 F1_MA: 0.6476197697260546
BEST_F1_MI: 0.6101587301587301 BEST_F1_MA: 0.6296253789340315 BEST_ACC_MI: 0.6101587301587301 BEST_F1_MA: 0.6822827465974926
[[ 122 1343   58   59]
 [  63  685   24  133]
 [  16  157  502  133]
 [   0    5    2 1423]]
Epoch: [41/200], cls_loss: 0.0131, transfer_loss: 0.0001,person_loss: -1.9893, total_Loss: -0.1853
trian begin
trian end
n_person 360
SAMPLE
F1_MI: 0.5544973544973545 F1_MA: 0.5669436772853188 ACC_MI: 0.5544973544973545 F1_MA: 0.5911344588019535
BEST_F1_MI: 0.6101587301587301 BEST_F1_MA: 0.6296253789340315 BEST_ACC_MI: 0.6101587301587301 BEST_F1_MA: 0.6822827465974926
[[ 422 1055   50   55]
 [ 431  348    7  119]
 [ 128  126  434  120]
 [  11    3    0 1416]]
Epoch: [42/200], cls_loss: 0.0055, transfer_loss: 0.0000,person_loss: -1.9904, total_Loss: -0.1931
trian begin
trian end
n_person 360
SAMPLE
F1_MI: 0.580952380952381 F1_MA: 0.6354809777659144 ACC_MI: 0.580952380952381 F1_MA: 0.660431443150671
BEST_F1_MI: 0.6101587301587301 BEST_F1_MA: 0.6354809777659144 BEST_ACC_MI: 0.6101587301587301 BEST_F1_MA: 0.6822827465974926
[[ 143 1361   23   55]
 [  75  706    6  118]
 [  34  165  470  139]
 [   1    2    1 1426]]
Epoch: [43/200], cls_loss: 0.0087, transfer_loss: 0.0000,person_loss: -1.9919, total_Loss: -0.1901
trian begin
trian end
n_person 360
SAMPLE
F1_MI: 0.5934391534391534 F1_MA: 0.6085815937217454 ACC_MI: 0.5934391534391534 F1_MA: 0.6137120888315721
BEST_F1_MI: 0.6101587301587301 BEST_F1_MA: 0.6354809777659144 BEST_ACC_MI: 0.6101587301587301 BEST_F1_MA: 0.6822827465974926
[[ 379 1068   78   57]
 [ 248  453   73  131]
 [  27  107  548  126]
 [   2    0    4 1424]]
Epoch: [44/200], cls_loss: 0.0080, transfer_loss: 0.0000,person_loss: -1.9906, total_Loss: -0.1907
trian begin
trian end
n_person 360
SAMPLE
F1_MI: 0.5830687830687831 F1_MA: 0.6098900932444297 ACC_MI: 0.5830687830687831 F1_MA: 0.6352868098975265
BEST_F1_MI: 0.6101587301587301 BEST_F1_MA: 0.6354809777659144 BEST_ACC_MI: 0.6101587301587301 BEST_F1_MA: 0.6822827465974926
[[ 394 1124   10   54]
 [ 286  463   32  124]
 [  41  168  479  120]
 [   1    2    8 1419]]
Epoch: [45/200], cls_loss: 0.0022, transfer_loss: 0.0000,person_loss: -1.9917, total_Loss: -0.1966
trian begin
trian end
n_person 360
SAMPLE
F1_MI: 0.5671957671957671 F1_MA: 0.6099098257046003 ACC_MI: 0.5671957671957671 F1_MA: 0.6587122490945285
BEST_F1_MI: 0.6101587301587301 BEST_F1_MA: 0.6354809777659144 BEST_ACC_MI: 0.6101587301587301 BEST_F1_MA: 0.6822827465974926
[[ 336 1180    9   57]
 [ 158  585   27  135]
 [  29  315  339  125]
 [   0    6    4 1420]]
Epoch: [46/200], cls_loss: 0.0092, transfer_loss: 0.0000,person_loss: -1.9918, total_Loss: -0.1896
trian begin
trian end
n_person 360
SAMPLE
F1_MI: 0.5978835978835979 F1_MA: 0.6315347327080719 ACC_MI: 0.5978835978835979 F1_MA: 0.6561397914239935
BEST_F1_MI: 0.6101587301587301 BEST_F1_MA: 0.6354809777659144 BEST_ACC_MI: 0.6101587301587301 BEST_F1_MA: 0.6822827465974926
[[ 363 1124   33   62]
 [ 171  566   36  132]
 [  33  172  472  131]
 [   1    2    3 1424]]
Epoch: [47/200], cls_loss: 0.0024, transfer_loss: 0.0000,person_loss: -1.9926, total_Loss: -0.1965
trian begin
trian end
n_person 360
SAMPLE
F1_MI: 0.5648677248677249 F1_MA: 0.5868206083493926 ACC_MI: 0.5648677248677249 F1_MA: 0.6181366975332366
BEST_F1_MI: 0.6101587301587301 BEST_F1_MA: 0.6354809777659144 BEST_ACC_MI: 0.6101587301587301 BEST_F1_MA: 0.6822827465974926
[[ 407 1092   25   58]
 [ 337  427   14  127]
 [  74  181  412  141]
 [   5    2    0 1423]]
Epoch: [48/200], cls_loss: 0.0049, transfer_loss: 0.0000,person_loss: -1.9903, total_Loss: -0.1937
trian begin
trian end
n_person 360
SAMPLE
F1_MI: 0.5959788359788359 F1_MA: 0.6414687140907966 ACC_MI: 0.5959788359788359 F1_MA: 0.6790693538962603
BEST_F1_MI: 0.6101587301587301 BEST_F1_MA: 0.6414687140907966 BEST_ACC_MI: 0.6101587301587301 BEST_F1_MA: 0.6822827465974926
[[ 340 1179    5   58]
 [ 150  614   15  126]
 [  43  188  438  139]
 [   2    4    0 1424]]
Epoch: [49/200], cls_loss: 0.0019, transfer_loss: 0.0000,person_loss: -1.9926, total_Loss: -0.1970
trian begin
trian end
n_person 360
SAMPLE
F1_MI: 0.5619047619047619 F1_MA: 0.5769401002145426 ACC_MI: 0.5619047619047619 F1_MA: 0.5993630618519398
BEST_F1_MI: 0.6101587301587301 BEST_F1_MA: 0.6414687140907966 BEST_ACC_MI: 0.6101587301587301 BEST_F1_MA: 0.6822827465974926
[[ 395 1074   49   64]
 [ 343  407   17  138]
 [  79  151  426  152]
 [   1    1    1 1427]]
Epoch: [50/200], cls_loss: 0.0015, transfer_loss: 0.0000,person_loss: -1.9942, total_Loss: -0.1977
trian begin
trian end
n_person 360
SAMPLE
F1_MI: 0.5885714285714285 F1_MA: 0.6251168404356012 ACC_MI: 0.5885714285714285 F1_MA: 0.6527843401547135
BEST_F1_MI: 0.6101587301587301 BEST_F1_MA: 0.6414687140907966 BEST_ACC_MI: 0.6101587301587301 BEST_F1_MA: 0.6822827465974926
[[ 332 1168   27   55]
 [ 181  593   19  112]
 [  64  188  438  118]
 [   1    9    2 1418]]
Epoch: [51/200], cls_loss: 0.0013, transfer_loss: 0.0000,person_loss: -1.9923, total_Loss: -0.1976
trian begin
trian end
n_person 360
SAMPLE
F1_MI: 0.5947089947089947 F1_MA: 0.6298468617842318 ACC_MI: 0.5947089947089947 F1_MA: 0.653323653421346
BEST_F1_MI: 0.6101587301587301 BEST_F1_MA: 0.6414687140907966 BEST_ACC_MI: 0.6101587301587301 BEST_F1_MA: 0.6822827465974926
[[ 339 1128   52   63]
 [ 162  557   21  165]
 [  20  150  490  148]
 [   0    5    1 1424]]
Epoch: [52/200], cls_loss: 0.0043, transfer_loss: 0.0000,person_loss: -1.9920, total_Loss: -0.1946
trian begin
trian end
n_person 360
SAMPLE
F1_MI: 0.5822222222222222 F1_MA: 0.6099857765372788 ACC_MI: 0.5822222222222222 F1_MA: 0.6335888813789279
BEST_F1_MI: 0.6101587301587301 BEST_F1_MA: 0.6414687140907966 BEST_ACC_MI: 0.6101587301587301 BEST_F1_MA: 0.6822827465974926
[[ 367 1129   32   54]
 [ 227  520   41  117]
 [  40  204  450  114]
 [   1    5   10 1414]]
Epoch: [53/200], cls_loss: 0.0020, transfer_loss: 0.0000,person_loss: -1.9930, total_Loss: -0.1970
trian begin
trian end
n_person 360
SAMPLE
F1_MI: 0.5938624338624339 F1_MA: 0.6184315544876817 ACC_MI: 0.5938624338624339 F1_MA: 0.628757168097964
BEST_F1_MI: 0.6101587301587301 BEST_F1_MA: 0.6414687140907966 BEST_ACC_MI: 0.6101587301587301 BEST_F1_MA: 0.6822827465974926
[[ 345 1126   50   61]
 [ 220  479   56  150]
 [  17  103  558  130]
 [   0    2    4 1424]]
Epoch: [54/200], cls_loss: 0.0056, transfer_loss: 0.0000,person_loss: -1.9939, total_Loss: -0.1935
trian begin
trian end
n_person 360
SAMPLE
F1_MI: 0.6006349206349206 F1_MA: 0.6272753158743737 ACC_MI: 0.6006349206349206 F1_MA: 0.6392251150531074
BEST_F1_MI: 0.6101587301587301 BEST_F1_MA: 0.6414687140907966 BEST_ACC_MI: 0.6101587301587301 BEST_F1_MA: 0.6822827465974926
[[ 353 1118   50   61]
 [ 205  508   46  146]
 [  22  101  550  135]
 [   0    0    3 1427]]
Epoch: [55/200], cls_loss: 0.0002, transfer_loss: 0.0000,person_loss: -1.9945, total_Loss: -0.1990
trian begin
trian end
n_person 360
SAMPLE
F1_MI: 0.6052910052910053 F1_MA: 0.6298131059214974 ACC_MI: 0.6052910052910053 F1_MA: 0.6362830172066525
BEST_F1_MI: 0.6101587301587301 BEST_F1_MA: 0.6414687140907966 BEST_ACC_MI: 0.6101587301587301 BEST_F1_MA: 0.6822827465974926
[[ 342 1070  105   65]
 [ 158  531   40  176]
 [  26   75  560  147]
 [   0    1    2 1427]]
Epoch: [56/200], cls_loss: 0.0018, transfer_loss: 0.0000,person_loss: -1.9940, total_Loss: -0.1974
trian begin
trian end
n_person 360
SAMPLE
F1_MI: 0.6004232804232804 F1_MA: 0.6262683307657085 ACC_MI: 0.6004232804232804 F1_MA: 0.6381801888045551
BEST_F1_MI: 0.6101587301587301 BEST_F1_MA: 0.6414687140907966 BEST_ACC_MI: 0.6101587301587301 BEST_F1_MA: 0.6822827465974926
[[ 360 1108   51   63]
 [ 192  496   60  157]
 [  17   99  554  138]
 [   0    0    3 1427]]
Epoch: [57/200], cls_loss: 0.0009, transfer_loss: 0.0000,person_loss: -1.9918, total_Loss: -0.1980
trian begin
trian end
n_person 360
SAMPLE
F1_MI: 0.5955555555555555 F1_MA: 0.6208522687907343 ACC_MI: 0.5955555555555555 F1_MA: 0.6359793039360668
BEST_F1_MI: 0.6101587301587301 BEST_F1_MA: 0.6414687140907966 BEST_ACC_MI: 0.6101587301587301 BEST_F1_MA: 0.6822827465974926
[[ 365 1104   55   58]
 [ 208  523   46  128]
 [  34  139  502  133]
 [   1    4    1 1424]]
Epoch: [58/200], cls_loss: 0.0002, transfer_loss: 0.0000,person_loss: -1.9949, total_Loss: -0.1991
trian begin
trian end
n_person 360
SAMPLE
F1_MI: 0.5396825396825397 F1_MA: 0.5360754108129445 ACC_MI: 0.5396825396825397 F1_MA: 0.5456059248875715
BEST_F1_MI: 0.6101587301587301 BEST_F1_MA: 0.6414687140907966 BEST_ACC_MI: 0.6101587301587301 BEST_F1_MA: 0.6822827465974926
[[ 391 1014  117   60]
 [ 355  328   96  126]
 [  23  242  404  139]
 [   2    0    1 1427]]
Epoch: [59/200], cls_loss: 0.0043, transfer_loss: 0.0000,person_loss: -1.9933, total_Loss: -0.1948
trian begin
trian end
n_person 360
SAMPLE
F1_MI: 0.554074074074074 F1_MA: 0.5807531205115882 ACC_MI: 0.554074074074074 F1_MA: 0.6257632290947683
BEST_F1_MI: 0.6101587301587301 BEST_F1_MA: 0.6414687140907966 BEST_ACC_MI: 0.6101587301587301 BEST_F1_MA: 0.6822827465974926
[[ 400 1120    5   57]
 [ 256  492   39  118]
 [  63  307  304  134]
 [   2    5    1 1422]]
Epoch: [60/200], cls_loss: 0.0063, transfer_loss: 0.0000,person_loss: -1.9892, total_Loss: -0.1923
trian begin
trian end
n_person 360
SAMPLE
F1_MI: 0.5968253968253968 F1_MA: 0.6293569820256754 ACC_MI: 0.5968253968253968 F1_MA: 0.6537395288091826
BEST_F1_MI: 0.6101587301587301 BEST_F1_MA: 0.6414687140907966 BEST_ACC_MI: 0.6101587301587301 BEST_F1_MA: 0.6822827465974926
[[ 365 1116   45   56]
 [ 178  574   38  115]
 [  26  195  458  129]
 [   1    5    1 1423]]
Epoch: [61/200], cls_loss: 0.0016, transfer_loss: 0.0000,person_loss: -1.9933, total_Loss: -0.1976
trian begin
trian end
n_person 360
SAMPLE
F1_MI: 0.6046560846560847 F1_MA: 0.6269295408651527 ACC_MI: 0.6046560846560847 F1_MA: 0.6323286393692361
BEST_F1_MI: 0.6101587301587301 BEST_F1_MA: 0.6414687140907966 BEST_ACC_MI: 0.6101587301587301 BEST_F1_MA: 0.6822827465974926
[[ 359 1054  111   58]
 [ 164  534   89  118]
 [  13  132  550  113]
 [   0    1   15 1414]]
Epoch: [62/200], cls_loss: 0.0014, transfer_loss: 0.0000,person_loss: -1.9936, total_Loss: -0.1978
trian begin
trian end
n_person 360
SAMPLE
F1_MI: 0.5983068783068783 F1_MA: 0.637573051344395 ACC_MI: 0.5983068783068783 F1_MA: 0.6596573956725031
BEST_F1_MI: 0.6101587301587301 BEST_F1_MA: 0.6414687140907966 BEST_ACC_MI: 0.6101587301587301 BEST_F1_MA: 0.6822827465974926
[[ 308 1184   31   59]
 [ 130  580   64  131]
 [  14  137  513  144]
 [   0    3    1 1426]]
Epoch: [63/200], cls_loss: 0.0089, transfer_loss: 0.0000,person_loss: -1.9921, total_Loss: -0.1901
trian begin
trian end
n_person 360
SAMPLE
F1_MI: 0.5925925925925926 F1_MA: 0.6170112327756121 ACC_MI: 0.5925925925925926 F1_MA: 0.626846612142725
BEST_F1_MI: 0.6101587301587301 BEST_F1_MA: 0.6414687140907966 BEST_ACC_MI: 0.6101587301587301 BEST_F1_MA: 0.6822827465974926
[[ 329 1113   79   61]
 [ 158  525   92  130]
 [  21  136  522  129]
 [   2    1    3 1424]]
Epoch: [64/200], cls_loss: 0.0155, transfer_loss: 0.0001,person_loss: -1.9884, total_Loss: -0.1828
trian begin
trian end
n_person 360
SAMPLE
F1_MI: 0.580952380952381 F1_MA: 0.5975136406416549 ACC_MI: 0.580952380952381 F1_MA: 0.609785576292981
BEST_F1_MI: 0.6101587301587301 BEST_F1_MA: 0.6414687140907966 BEST_ACC_MI: 0.6101587301587301 BEST_F1_MA: 0.6822827465974926
[[ 384 1097   44   57]
 [ 330  433   31  111]
 [ 102   80  508  118]
 [   6    4    0 1420]]
Epoch: [65/200], cls_loss: 0.0048, transfer_loss: 0.0000,person_loss: -1.9911, total_Loss: -0.1941
trian begin
trian end
n_person 360
SAMPLE
F1_MI: 0.5805291005291006 F1_MA: 0.5972820693571851 ACC_MI: 0.5805291005291006 F1_MA: 0.6064182168982641
BEST_F1_MI: 0.6101587301587301 BEST_F1_MA: 0.6414687140907966 BEST_ACC_MI: 0.6101587301587301 BEST_F1_MA: 0.6822827465974926
[[ 356 1099   71   56]
 [ 262  461   70  112]
 [  31  152  506  119]
 [   2    5    3 1420]]
Epoch: [66/200], cls_loss: 0.0044, transfer_loss: 0.0000,person_loss: -1.9929, total_Loss: -0.1947
trian begin
trian end
n_person 360
SAMPLE
F1_MI: 0.5849735449735449 F1_MA: 0.585572681355226 ACC_MI: 0.5849735449735449 F1_MA: 0.5751876145976578
BEST_F1_MI: 0.6101587301587301 BEST_F1_MA: 0.6414687140907966 BEST_ACC_MI: 0.6101587301587301 BEST_F1_MA: 0.6822827465974926
[[ 357 1000  161   64]
 [ 264  381  119  141]
 [  31   39  598  140]
 [   1    0    1 1428]]
Epoch: [67/200], cls_loss: 0.0017, transfer_loss: 0.0000,person_loss: -1.9932, total_Loss: -0.1975
trian begin
trian end
n_person 360
SAMPLE
F1_MI: 0.5847619047619048 F1_MA: 0.602406579745326 ACC_MI: 0.5847619047619048 F1_MA: 0.6116930361092063
BEST_F1_MI: 0.6101587301587301 BEST_F1_MA: 0.6414687140907966 BEST_ACC_MI: 0.6101587301587301 BEST_F1_MA: 0.6822827465974926
[[ 356 1087   76   63]
 [ 273  469   28  135]
 [  44  110  511  143]
 [   2    1    0 1427]]
Epoch: [68/200], cls_loss: 0.0002, transfer_loss: 0.0000,person_loss: -1.9929, total_Loss: -0.1989
trian begin
trian end
n_person 360
SAMPLE
F1_MI: 0.5743915343915343 F1_MA: 0.6045241428791683 ACC_MI: 0.5743915343915343 F1_MA: 0.6340841672568798
BEST_F1_MI: 0.6101587301587301 BEST_F1_MA: 0.6414687140907966 BEST_ACC_MI: 0.6101587301587301 BEST_F1_MA: 0.6822827465974926
[[ 364 1152    6   60]
 [ 276  468   29  132]
 [  28  190  459  131]
 [   0    1    6 1423]]
Epoch: [69/200], cls_loss: 0.0115, transfer_loss: 0.0000,person_loss: -1.9922, total_Loss: -0.1874
trian begin
trian end
n_person 360
SAMPLE
F1_MI: 0.5944973544973545 F1_MA: 0.6260472084737572 ACC_MI: 0.5944973544973545 F1_MA: 0.6449967762026959
BEST_F1_MI: 0.6101587301587301 BEST_F1_MA: 0.6414687140907966 BEST_ACC_MI: 0.6101587301587301 BEST_F1_MA: 0.6822827465974926
[[ 347 1147   32   56]
 [ 247  526   17  115]
 [  32  138  517  121]
 [   2    6    3 1419]]
Epoch: [70/200], cls_loss: 0.0064, transfer_loss: 0.0000,person_loss: -1.9919, total_Loss: -0.1926
trian begin
trian end
n_person 360
SAMPLE
F1_MI: 0.5555555555555556 F1_MA: 0.5797687032049313 ACC_MI: 0.5555555555555556 F1_MA: 0.617036334501507
BEST_F1_MI: 0.6101587301587301 BEST_F1_MA: 0.6414687140907966 BEST_ACC_MI: 0.6101587301587301 BEST_F1_MA: 0.6822827465974926
[[ 392 1119   12   59]
 [ 321  432   31  121]
 [  43  259  376  130]
 [   2    0    3 1425]]
Epoch: [71/200], cls_loss: 0.0022, transfer_loss: 0.0000,person_loss: -1.9932, total_Loss: -0.1970
trian begin
trian end
n_person 360
SAMPLE
F1_MI: 0.5815873015873015 F1_MA: 0.5999178077773926 ACC_MI: 0.5815873015873015 F1_MA: 0.6145197819858241
BEST_F1_MI: 0.6101587301587301 BEST_F1_MA: 0.6414687140907966 BEST_ACC_MI: 0.6101587301587301 BEST_F1_MA: 0.6822827465974926
[[ 380 1092   53   57]
 [ 276  459   54  116]
 [  31  163  486  128]
 [   1    1    5 1423]]
Epoch: [72/200], cls_loss: 0.0016, transfer_loss: 0.0000,person_loss: -1.9940, total_Loss: -0.1976
trian begin
trian end
n_person 360
SAMPLE
F1_MI: 0.5788359788359788 F1_MA: 0.5972903762756837 ACC_MI: 0.5788359788359788 F1_MA: 0.6126287114584813
BEST_F1_MI: 0.6101587301587301 BEST_F1_MA: 0.6414687140907966 BEST_ACC_MI: 0.6101587301587301 BEST_F1_MA: 0.6822827465974926
[[ 373 1094   59   56]
 [ 252  473   63  117]
 [  36  179  467  126]
 [   2    5    1 1422]]
Epoch: [73/200], cls_loss: 0.0019, transfer_loss: 0.0000,person_loss: -1.9924, total_Loss: -0.1971
trian begin
trian end
n_person 360
SAMPLE
F1_MI: 0.5928042328042328 F1_MA: 0.5999554885636509 ACC_MI: 0.5928042328042328 F1_MA: 0.593936777812911
BEST_F1_MI: 0.6101587301587301 BEST_F1_MA: 0.6414687140907966 BEST_ACC_MI: 0.6101587301587301 BEST_F1_MA: 0.6822827465974926
[[ 361 1026  138   57]
 [ 252  434  103  116]
 [  29   72  583  124]
 [   3    2    2 1423]]
Epoch: [74/200], cls_loss: 0.0003, transfer_loss: 0.0000,person_loss: -1.9938, total_Loss: -0.1989
trian begin
trian end
n_person 360
SAMPLE
F1_MI: 0.5678306878306878 F1_MA: 0.6095227922237441 ACC_MI: 0.5678306878306878 F1_MA: 0.66385425047028
BEST_F1_MI: 0.6101587301587301 BEST_F1_MA: 0.6414687140907966 BEST_ACC_MI: 0.6101587301587301 BEST_F1_MA: 0.6822827465974926
[[ 374 1144    6   58]
 [ 209  569    5  122]
 [  52  307  319  130]
 [   2    7    0 1421]]
Epoch: [75/200], cls_loss: 0.0035, transfer_loss: 0.0000,person_loss: -1.9925, total_Loss: -0.1955
trian begin
trian end
n_person 360
SAMPLE
F1_MI: 0.5997883597883598 F1_MA: 0.6199166419100265 ACC_MI: 0.5997883597883598 F1_MA: 0.6285186138747605
BEST_F1_MI: 0.6101587301587301 BEST_F1_MA: 0.6414687140907966 BEST_ACC_MI: 0.6101587301587301 BEST_F1_MA: 0.6822827465974926
[[ 372 1062   84   64]
 [ 243  503   18  141]
 [  32   84  530  162]
 [   0    1    0 1429]]
Epoch: [76/200], cls_loss: 0.0063, transfer_loss: 0.0000,person_loss: -1.9922, total_Loss: -0.1927
trian begin
trian end
n_person 360
SAMPLE
F1_MI: 0.579047619047619 F1_MA: 0.6073487762842933 ACC_MI: 0.579047619047619 F1_MA: 0.6361653721643696
BEST_F1_MI: 0.6101587301587301 BEST_F1_MA: 0.6414687140907966 BEST_ACC_MI: 0.6101587301587301 BEST_F1_MA: 0.6822827465974926
[[ 379 1115   20   68]
 [ 261  481   11  152]
 [  41  124  448  195]
 [   2    0    0 1428]]
Epoch: [77/200], cls_loss: 0.0014, transfer_loss: 0.0000,person_loss: -1.9929, total_Loss: -0.1977
trian begin
trian end
n_person 360
SAMPLE
F1_MI: 0.5919576719576719 F1_MA: 0.6128977056202705 ACC_MI: 0.5919576719576719 F1_MA: 0.6269437573699689
BEST_F1_MI: 0.6101587301587301 BEST_F1_MA: 0.6414687140907966 BEST_ACC_MI: 0.6101587301587301 BEST_F1_MA: 0.6822827465974926
[[ 390 1094   34   64]
 [ 292  448   23  142]
 [  53   70  532  153]
 [   2    0    1 1427]]
Epoch: [78/200], cls_loss: 0.0006, transfer_loss: 0.0000,person_loss: -1.9935, total_Loss: -0.1986
trian begin
trian end
n_person 360
SAMPLE
F1_MI: 0.5373544973544974 F1_MA: 0.5619714449258623 ACC_MI: 0.5373544973544974 F1_MA: 0.6122668443125365
BEST_F1_MI: 0.6101587301587301 BEST_F1_MA: 0.6414687140907966 BEST_ACC_MI: 0.6101587301587301 BEST_F1_MA: 0.6822827465974926
[[ 399 1104   15   64]
 [ 315  429   21  140]
 [  34  353  287  134]
 [   0    3    3 1424]]
Epoch: [79/200], cls_loss: 0.0071, transfer_loss: 0.0000,person_loss: -1.9925, total_Loss: -0.1919
trian begin
trian end
n_person 360
SAMPLE
F1_MI: 0.6006349206349206 F1_MA: 0.6492746089324004 ACC_MI: 0.6006349206349206 F1_MA: 0.6802919169253187
BEST_F1_MI: 0.6101587301587301 BEST_F1_MA: 0.6492746089324004 BEST_ACC_MI: 0.6101587301587301 BEST_F1_MA: 0.6822827465974926
[[ 290 1190   40   62]
 [  96  651   29  129]
 [  18  188  473  129]
 [   0    2    4 1424]]
Epoch: [80/200], cls_loss: 0.0025, transfer_loss: 0.0000,person_loss: -1.9929, total_Loss: -0.1966
trian begin
trian end
n_person 360
SAMPLE
F1_MI: 0.5760846560846561 F1_MA: 0.6084769907155109 ACC_MI: 0.5760846560846561 F1_MA: 0.6423244631141762
BEST_F1_MI: 0.6101587301587301 BEST_F1_MA: 0.6492746089324004 BEST_ACC_MI: 0.6101587301587301 BEST_F1_MA: 0.6822827465974926
[[ 371 1146    5   60]
 [ 274  498   15  118]
 [  56  194  430  128]
 [   1    2    4 1423]]
Epoch: [81/200], cls_loss: 0.0015, transfer_loss: 0.0000,person_loss: -1.9925, total_Loss: -0.1976
trian begin
trian end
n_person 360
SAMPLE
F1_MI: 0.5847619047619048 F1_MA: 0.5967444463141516 ACC_MI: 0.5847619047619048 F1_MA: 0.6004426033810227
BEST_F1_MI: 0.6101587301587301 BEST_F1_MA: 0.6492746089324004 BEST_ACC_MI: 0.6101587301587301 BEST_F1_MA: 0.6822827465974926
[[ 394 1097   35   56]
 [ 308  390  100  107]
 [  37   85  573  113]
 [   0    2   22 1406]]
Epoch: [82/200], cls_loss: 0.0041, transfer_loss: 0.0000,person_loss: -1.9934, total_Loss: -0.1951
trian begin
trian end
n_person 360
SAMPLE
F1_MI: 0.5936507936507937 F1_MA: 0.6035389665478041 ACC_MI: 0.5936507936507937 F1_MA: 0.5985968707121787
BEST_F1_MI: 0.6101587301587301 BEST_F1_MA: 0.6492746089324004 BEST_ACC_MI: 0.6101587301587301 BEST_F1_MA: 0.6822827465974926
[[ 373 1087   71   51]
 [ 233  399  175   98]
 [  31   44  624  109]
 [   0    4   17 1409]]
Epoch: [83/200], cls_loss: 0.0039, transfer_loss: 0.0000,person_loss: -1.9905, total_Loss: -0.1949
trian begin
trian end
n_person 360
SAMPLE
F1_MI: 0.5362962962962963 F1_MA: 0.5543141985081212 ACC_MI: 0.5362962962962963 F1_MA: 0.5955831284343799
BEST_F1_MI: 0.6101587301587301 BEST_F1_MA: 0.6492746089324004 BEST_ACC_MI: 0.6101587301587301 BEST_F1_MA: 0.6822827465974926
[[ 415 1084   25   58]
 [ 445  337    4  119]
 [  98  221  358  131]
 [   1    4    1 1424]]
Epoch: [84/200], cls_loss: 0.0129, transfer_loss: 0.0000,person_loss: -1.9876, total_Loss: -0.1855
trian begin
trian end
n_person 360
SAMPLE
F1_MI: 0.5919576719576719 F1_MA: 0.63001629573614 ACC_MI: 0.5919576719576719 F1_MA: 0.6614574997502904
BEST_F1_MI: 0.6101587301587301 BEST_F1_MA: 0.6492746089324004 BEST_ACC_MI: 0.6101587301587301 BEST_F1_MA: 0.6822827465974926
[[ 351 1141   30   60]
 [ 171  575   25  134]
 [  20  207  446  135]
 [   1    3    1 1425]]
Epoch: [85/200], cls_loss: 0.0062, transfer_loss: 0.0000,person_loss: -1.9913, total_Loss: -0.1927
trian begin
trian end
n_person 360
SAMPLE
F1_MI: 0.6057142857142858 F1_MA: 0.6211044096039205 ACC_MI: 0.6057142857142858 F1_MA: 0.6214469889698206
BEST_F1_MI: 0.6101587301587301 BEST_F1_MA: 0.6492746089324004 BEST_ACC_MI: 0.6101587301587301 BEST_F1_MA: 0.6822827465974926
[[ 377 1038  115   52]
 [ 255  496   46  108]
 [  32   91  568  117]
 [   1    7    1 1421]]
Epoch: [86/200], cls_loss: 0.0003, transfer_loss: 0.0000,person_loss: -1.9926, total_Loss: -0.1989
trian begin
trian end
n_person 360
SAMPLE
F1_MI: 0.5485714285714286 F1_MA: 0.5837773459597305 ACC_MI: 0.5485714285714286 F1_MA: 0.6397165548772675
BEST_F1_MI: 0.6101587301587301 BEST_F1_MA: 0.6492746089324004 BEST_ACC_MI: 0.6101587301587301 BEST_F1_MA: 0.6822827465974926
[[ 367 1147    8   60]
 [ 231  529   18  127]
 [  39  371  269  129]
 [   0    1    2 1427]]
Epoch: [87/200], cls_loss: 0.0009, transfer_loss: 0.0000,person_loss: -1.9922, total_Loss: -0.1982
trian begin
trian end
n_person 360
SAMPLE
F1_MI: 0.5623280423280423 F1_MA: 0.5845598086625395 ACC_MI: 0.5623280423280423 F1_MA: 0.6163277957130137
BEST_F1_MI: 0.6101587301587301 BEST_F1_MA: 0.6492746089324004 BEST_ACC_MI: 0.6101587301587301 BEST_F1_MA: 0.6822827465974926
[[ 387 1090   41   64]
 [ 292  465   12  136]
 [  59  227  377  145]
 [   0    1    1 1428]]
Epoch: [88/200], cls_loss: 0.0002, transfer_loss: 0.0000,person_loss: -1.9935, total_Loss: -0.1990
trian begin
trian end
n_person 360
SAMPLE
F1_MI: 0.56994708994709 F1_MA: 0.5930487249327804 ACC_MI: 0.56994708994709 F1_MA: 0.6215297864436614
BEST_F1_MI: 0.6101587301587301 BEST_F1_MA: 0.6492746089324004 BEST_ACC_MI: 0.6101587301587301 BEST_F1_MA: 0.6822827465974926
[[ 386 1089   43   64]
 [ 292  469   11  133]
 [  50  207  410  141]
 [   0    1    1 1428]]
Epoch: [89/200], cls_loss: 0.0002, transfer_loss: 0.0000,person_loss: -1.9937, total_Loss: -0.1990
trian begin
trian end
n_person 360
SAMPLE
F1_MI: 0.5655026455026455 F1_MA: 0.5882769709288933 ACC_MI: 0.5655026455026455 F1_MA: 0.619057626254215
BEST_F1_MI: 0.6101587301587301 BEST_F1_MA: 0.6492746089324004 BEST_ACC_MI: 0.6101587301587301 BEST_F1_MA: 0.6822827465974926
[[ 389 1087   42   64]
 [ 300  464   10  131]
 [  51  223  392  142]
 [   1    1    1 1427]]
Epoch: [90/200], cls_loss: 0.0002, transfer_loss: 0.0000,person_loss: -1.9937, total_Loss: -0.1990
trian begin
trian end
n_person 360
SAMPLE
F1_MI: 0.5822222222222222 F1_MA: 0.5939910012278135 ACC_MI: 0.5822222222222222 F1_MA: 0.6027737831597975
BEST_F1_MI: 0.6101587301587301 BEST_F1_MA: 0.6492746089324004 BEST_ACC_MI: 0.6101587301587301 BEST_F1_MA: 0.6822827465974926
[[ 392 1032   95   63]
 [ 319  428   17  141]
 [  45  118  503  142]
 [   0    1    1 1428]]
Epoch: [91/200], cls_loss: 0.0002, transfer_loss: 0.0000,person_loss: -1.9944, total_Loss: -0.1991
trian begin
trian end
n_person 360
SAMPLE
F1_MI: 0.5762962962962963 F1_MA: 0.600776043414471 ACC_MI: 0.5762962962962963 F1_MA: 0.6270177568661911
BEST_F1_MI: 0.6101587301587301 BEST_F1_MA: 0.6492746089324004 BEST_ACC_MI: 0.6101587301587301 BEST_F1_MA: 0.6822827465974926
[[ 379 1087   52   64]
 [ 265  492   10  138]
 [  37  203  424  144]
 [   0    1    1 1428]]
Epoch: [92/200], cls_loss: 0.0002, transfer_loss: 0.0000,person_loss: -1.9941, total_Loss: -0.1991
trian begin
trian end
n_person 360
SAMPLE
F1_MI: 0.5870899470899471 F1_MA: 0.5955595638284749 ACC_MI: 0.5870899470899471 F1_MA: 0.5983676327075071
BEST_F1_MI: 0.6101587301587301 BEST_F1_MA: 0.6492746089324004 BEST_ACC_MI: 0.6101587301587301 BEST_F1_MA: 0.6822827465974926
[[ 392 1012  115   63]
 [ 313  426   33  133]
 [  39  103  529  137]
 [   1    1    1 1427]]
Epoch: [93/200], cls_loss: 0.0003, transfer_loss: 0.0000,person_loss: -1.9936, total_Loss: -0.1990
trian begin
trian end
n_person 360
SAMPLE
F1_MI: 0.5515343915343915 F1_MA: 0.5832393489135228 ACC_MI: 0.5515343915343915 F1_MA: 0.6306494126003097
BEST_F1_MI: 0.6101587301587301 BEST_F1_MA: 0.6492746089324004 BEST_ACC_MI: 0.6101587301587301 BEST_F1_MA: 0.6822827465974926
[[ 369 1146    8   59]
 [ 271  489   23  122]
 [  40  321  323  124]
 [   1    2    2 1425]]
Epoch: [94/200], cls_loss: 0.0025, transfer_loss: 0.0000,person_loss: -1.9932, total_Loss: -0.1967
trian begin
trian end
n_person 360
SAMPLE
F1_MI: 0.5883597883597883 F1_MA: 0.5963498636288628 ACC_MI: 0.5883597883597883 F1_MA: 0.5964464705364376
BEST_F1_MI: 0.6101587301587301 BEST_F1_MA: 0.6492746089324004 BEST_ACC_MI: 0.6101587301587301 BEST_F1_MA: 0.6822827465974926
[[ 387 1023  109   63]
 [ 332  400   36  137]
 [  33   74  566  135]
 [   1    1    1 1427]]
Epoch: [95/200], cls_loss: 0.0017, transfer_loss: 0.0000,person_loss: -1.9925, total_Loss: -0.1974
trian begin
trian end
n_person 360
SAMPLE
F1_MI: 0.586031746031746 F1_MA: 0.590746842157228 ACC_MI: 0.586031746031746 F1_MA: 0.5889463821923407
BEST_F1_MI: 0.6101587301587301 BEST_F1_MA: 0.6492746089324004 BEST_ACC_MI: 0.6101587301587301 BEST_F1_MA: 0.6822827465974926
[[ 401 1020  101   60]
 [ 391  353   39  122]
 [  45   49  590  124]
 [   3    1    1 1425]]
Epoch: [96/200], cls_loss: 0.0002, transfer_loss: 0.0000,person_loss: -1.9936, total_Loss: -0.1990
trian begin
trian end
n_person 360
SAMPLE
F1_MI: 0.5993650793650793 F1_MA: 0.6250893491710159 ACC_MI: 0.5993650793650793 F1_MA: 0.6369652129204573
BEST_F1_MI: 0.6101587301587301 BEST_F1_MA: 0.6492746089324004 BEST_ACC_MI: 0.6101587301587301 BEST_F1_MA: 0.6822827465974926
[[ 358 1139   28   57]
 [ 231  493   61  120]
 [  26   95  554  133]
 [   0    1    2 1427]]
Epoch: [97/200], cls_loss: 0.0050, transfer_loss: 0.0000,person_loss: -1.9931, total_Loss: -0.1942
trian begin
trian end
n_person 360
SAMPLE
F1_MI: 0.5837037037037037 F1_MA: 0.6218608690662876 ACC_MI: 0.5837037037037037 F1_MA: 0.6593158144950132
BEST_F1_MI: 0.6101587301587301 BEST_F1_MA: 0.6492746089324004 BEST_ACC_MI: 0.6101587301587301 BEST_F1_MA: 0.6822827465974926
[[ 358 1149   16   59]
 [ 204  567   13  121]
 [  39  229  407  133]
 [   1    2    1 1426]]
Epoch: [98/200], cls_loss: 0.0016, transfer_loss: 0.0000,person_loss: -1.9934, total_Loss: -0.1977
trian begin
trian end
n_person 360
SAMPLE
F1_MI: 0.5786243386243386 F1_MA: 0.6002943613155788 ACC_MI: 0.5786243386243386 F1_MA: 0.622288120746342
BEST_F1_MI: 0.6101587301587301 BEST_F1_MA: 0.6492746089324004 BEST_ACC_MI: 0.6101587301587301 BEST_F1_MA: 0.6822827465974926
[[ 394 1093   36   59]
 [ 330  439   19  117]
 [  44  161  475  128]
 [   0    2    2 1426]]
Epoch: [99/200], cls_loss: 0.0002, transfer_loss: 0.0000,person_loss: -1.9941, total_Loss: -0.1991
trian begin
trian end
n_person 360
SAMPLE
F1_MI: 0.5765079365079365 F1_MA: 0.5973243375428627 ACC_MI: 0.5765079365079365 F1_MA: 0.6194259529803747
BEST_F1_MI: 0.6101587301587301 BEST_F1_MA: 0.6492746089324004 BEST_ACC_MI: 0.6101587301587301 BEST_F1_MA: 0.6822827465974926
[[ 392 1083   47   60]
 [ 324  447   13  121]
 [  44  169  459  136]
 [   0    2    2 1426]]
Epoch: [100/200], cls_loss: 0.0002, transfer_loss: 0.0000,person_loss: -1.9937, total_Loss: -0.1990
trian begin
trian end
n_person 360
SAMPLE
F1_MI: 0.612910052910053 F1_MA: 0.6458464924646657 ACC_MI: 0.612910052910053 F1_MA: 0.6650837882377595
BEST_F1_MI: 0.612910052910053 BEST_F1_MA: 0.6492746089324004 BEST_ACC_MI: 0.612910052910053 BEST_F1_MA: 0.6822827465974926
[[ 377 1113   38   54]
 [ 192  584   11  118]
 [  60  112  509  127]
 [   0    4    0 1426]]
Epoch: [101/200], cls_loss: 0.0041, transfer_loss: 0.0000,person_loss: -1.9899, total_Loss: -0.1945
trian begin
trian end
n_person 360
SAMPLE
F1_MI: 0.5801058201058201 F1_MA: 0.6101969394704558 ACC_MI: 0.5801058201058201 F1_MA: 0.64373926999632
BEST_F1_MI: 0.612910052910053 BEST_F1_MA: 0.6492746089324004 BEST_ACC_MI: 0.612910052910053 BEST_F1_MA: 0.6822827465974926
[[ 400 1114   15   53]
 [ 290  496    7  112]
 [  71  192  425  120]
 [   4    3    3 1420]]
Epoch: [102/200], cls_loss: 0.0094, transfer_loss: 0.0000,person_loss: -1.9894, total_Loss: -0.1893
trian begin
trian end
n_person 360
SAMPLE
F1_MI: 0.6275132275132275 F1_MA: 0.6565549540603349 ACC_MI: 0.6275132275132275 F1_MA: 0.6608214863830082
BEST_F1_MI: 0.6275132275132275 BEST_F1_MA: 0.6565549540603349 BEST_ACC_MI: 0.6275132275132275 BEST_F1_MA: 0.6822827465974926
[[ 353 1018  153   58]
 [ 115  598   39  153]
 [  14   70  589  135]
 [   0    3    2 1425]]
Epoch: [103/200], cls_loss: 0.0032, transfer_loss: 0.0000,person_loss: -1.9914, total_Loss: -0.1957
trian begin
trian end
n_person 360
SAMPLE
F1_MI: 0.5928042328042328 F1_MA: 0.6136362406832155 ACC_MI: 0.5928042328042328 F1_MA: 0.6290118307383623
BEST_F1_MI: 0.6275132275132275 BEST_F1_MA: 0.6565549540603349 BEST_ACC_MI: 0.6275132275132275 BEST_F1_MA: 0.6822827465974926
[[ 393 1054   76   59]
 [ 247  494   27  137]
 [  23  161  489  135]
 [   0    3    2 1425]]
Epoch: [104/200], cls_loss: 0.0003, transfer_loss: 0.0000,person_loss: -1.9928, total_Loss: -0.1989
trian begin
trian end
n_person 360
SAMPLE
F1_MI: 0.5972486772486773 F1_MA: 0.6450959284620127 ACC_MI: 0.5972486772486773 F1_MA: 0.6833620591273305
BEST_F1_MI: 0.6275132275132275 BEST_F1_MA: 0.6565549540603349 BEST_ACC_MI: 0.6275132275132275 BEST_F1_MA: 0.6833620591273305
[[ 326 1133   63   60]
 [  75  629   23  178]
 [   9  203  440  156]
 [   0    2    1 1427]]
Epoch: [105/200], cls_loss: 0.0006, transfer_loss: 0.0000,person_loss: -1.9931, total_Loss: -0.1986
trian begin
trian end
n_person 360
SAMPLE
F1_MI: 0.6055026455026455 F1_MA: 0.6381679513235212 ACC_MI: 0.6055026455026455 F1_MA: 0.6600446212723261
BEST_F1_MI: 0.6275132275132275 BEST_F1_MA: 0.6565549540603349 BEST_ACC_MI: 0.6275132275132275 BEST_F1_MA: 0.6833620591273305
[[ 375 1106   44   57]
 [ 178  568   32  127]
 [  25  158  492  133]
 [   1    2    1 1426]]
Epoch: [106/200], cls_loss: 0.0003, transfer_loss: 0.0000,person_loss: -1.9933, total_Loss: -0.1989
trian begin
trian end
n_person 360
SAMPLE
F1_MI: 0.5898412698412698 F1_MA: 0.6179491742988878 ACC_MI: 0.5898412698412698 F1_MA: 0.6388873059316136
BEST_F1_MI: 0.6275132275132275 BEST_F1_MA: 0.6565549540603349 BEST_ACC_MI: 0.6275132275132275 BEST_F1_MA: 0.6833620591273305
[[ 363 1117   46   56]
 [ 240  516   29  120]
 [  19  182  482  125]
 [   0    2    2 1426]]
Epoch: [107/200], cls_loss: 0.0005, transfer_loss: 0.0000,person_loss: -1.9938, total_Loss: -0.1988
trian begin
trian end
n_person 360
SAMPLE
F1_MI: 0.5904761904761905 F1_MA: 0.6077602779718091 ACC_MI: 0.5904761904761905 F1_MA: 0.6184004272202256
BEST_F1_MI: 0.6275132275132275 BEST_F1_MA: 0.6565549540603349 BEST_ACC_MI: 0.6275132275132275 BEST_F1_MA: 0.6833620591273305
[[ 384 1047   90   61]
 [ 263  470   31  141]
 [  15  138  509  146]
 [   1    1    1 1427]]
Epoch: [108/200], cls_loss: 0.0002, transfer_loss: 0.0000,person_loss: -1.9942, total_Loss: -0.1991
trian begin
trian end
n_person 360
SAMPLE
F1_MI: 0.5978835978835979 F1_MA: 0.6225321133455762 ACC_MI: 0.5978835978835979 F1_MA: 0.6376198381985896
BEST_F1_MI: 0.6275132275132275 BEST_F1_MA: 0.6565549540603349 BEST_ACC_MI: 0.6275132275132275 BEST_F1_MA: 0.6833620591273305
[[ 377 1083   62   60]
 [ 228  507   33  137]
 [  18  140  514  136]
 [   1    1    1 1427]]
Epoch: [109/200], cls_loss: 0.0002, transfer_loss: 0.0000,person_loss: -1.9938, total_Loss: -0.1991
trian begin
trian end
n_person 360
SAMPLE
F1_MI: 0.6057142857142858 F1_MA: 0.6279502547129676 ACC_MI: 0.6057142857142858 F1_MA: 0.6363948084561135
BEST_F1_MI: 0.6275132275132275 BEST_F1_MA: 0.6565549540603349 BEST_ACC_MI: 0.6275132275132275 BEST_F1_MA: 0.6833620591273305
[[ 375 1064   84   59]
 [ 228  512   32  133]
 [  17  106  548  137]
 [   0    2    1 1427]]
Epoch: [110/200], cls_loss: 0.0006, transfer_loss: 0.0000,person_loss: -1.9940, total_Loss: -0.1987
trian begin
trian end
n_person 360
SAMPLE
F1_MI: 0.5788359788359788 F1_MA: 0.589721327928035 ACC_MI: 0.5788359788359788 F1_MA: 0.5989327724485483
BEST_F1_MI: 0.6275132275132275 BEST_F1_MA: 0.6565549540603349 BEST_ACC_MI: 0.6275132275132275 BEST_F1_MA: 0.6833620591273305
[[ 402 1042   78   60]
 [ 380  378   20  127]
 [  35  108  528  137]
 [   1    1    1 1427]]
Epoch: [111/200], cls_loss: 0.0002, transfer_loss: 0.0000,person_loss: -1.9940, total_Loss: -0.1991
trian begin
trian end
n_person 360
SAMPLE
F1_MI: 0.6006349206349206 F1_MA: 0.625602745967976 ACC_MI: 0.6006349206349206 F1_MA: 0.6395610970700895
BEST_F1_MI: 0.6275132275132275 BEST_F1_MA: 0.6565549540603349 BEST_ACC_MI: 0.6275132275132275 BEST_F1_MA: 0.6833620591273305
[[ 380 1106   39   57]
 [ 246  491   38  130]
 [  26  100  540  142]
 [   0    2    1 1427]]
Epoch: [112/200], cls_loss: 0.0004, transfer_loss: 0.0000,person_loss: -1.9937, total_Loss: -0.1988
trian begin
trian end
n_person 360
SAMPLE
F1_MI: 0.6033862433862434 F1_MA: 0.6140608657465387 ACC_MI: 0.6033862433862434 F1_MA: 0.6113323623138766
BEST_F1_MI: 0.6275132275132275 BEST_F1_MA: 0.6565549540603349 BEST_ACC_MI: 0.6275132275132275 BEST_F1_MA: 0.6833620591273305
[[ 386 1009  127   60]
 [ 277  447   47  134]
 [  17   68  591  132]
 [   0    1    2 1427]]
Epoch: [113/200], cls_loss: 0.0002, transfer_loss: 0.0000,person_loss: -1.9942, total_Loss: -0.1991
trian begin
trian end
n_person 360
SAMPLE
F1_MI: 0.6065608465608465 F1_MA: 0.6247733795174071 ACC_MI: 0.6065608465608465 F1_MA: 0.6295910072502099
BEST_F1_MI: 0.6275132275132275 BEST_F1_MA: 0.6565549540603349 BEST_ACC_MI: 0.6275132275132275 BEST_F1_MA: 0.6833620591273305
[[ 386 1044   92   60]
 [ 256  490   31  128]
 [  18   87  563  140]
 [   0    1    2 1427]]
Epoch: [114/200], cls_loss: 0.0002, transfer_loss: 0.0000,person_loss: -1.9946, total_Loss: -0.1991
trian begin
trian end
n_person 360
SAMPLE
F1_MI: 0.561058201058201 F1_MA: 0.5861972615812943 ACC_MI: 0.561058201058201 F1_MA: 0.6231084115225852
BEST_F1_MI: 0.6275132275132275 BEST_F1_MA: 0.6565549540603349 BEST_ACC_MI: 0.6275132275132275 BEST_F1_MA: 0.6833620591273305
[[ 398 1097   29   58]
 [ 340  438    3  124]
 [  49  237  388  134]
 [   1    1    1 1427]]
Epoch: [115/200], cls_loss: 0.0002, transfer_loss: 0.0000,person_loss: -1.9943, total_Loss: -0.1991
trian begin
trian end
n_person 360
SAMPLE
F1_MI: 0.5788359788359788 F1_MA: 0.6050288619616441 ACC_MI: 0.5788359788359788 F1_MA: 0.6314983773617013
BEST_F1_MI: 0.6275132275132275 BEST_F1_MA: 0.6565549540603349 BEST_ACC_MI: 0.6275132275132275 BEST_F1_MA: 0.6833620591273305
[[ 379 1094   47   62]
 [ 254  486   14  151]
 [  23  194  443  148]
 [   1    1    1 1427]]
Epoch: [116/200], cls_loss: 0.0002, transfer_loss: 0.0000,person_loss: -1.9942, total_Loss: -0.1990
trian begin
trian end
n_person 360
SAMPLE
F1_MI: 0.5665608465608466 F1_MA: 0.5772682785548655 ACC_MI: 0.5665608465608466 F1_MA: 0.5920190611477614
BEST_F1_MI: 0.6275132275132275 BEST_F1_MA: 0.6565549540603349 BEST_ACC_MI: 0.6275132275132275 BEST_F1_MA: 0.6833620591273305
[[ 406 1050   68   58]
 [ 419  352   14  120]
 [  57  131  493  127]
 [   3    0    1 1426]]
Epoch: [117/200], cls_loss: 0.0002, transfer_loss: 0.0000,person_loss: -1.9941, total_Loss: -0.1991
trian begin
trian end
n_person 360
SAMPLE
F1_MI: 0.594920634920635 F1_MA: 0.6182475425518204 ACC_MI: 0.594920634920635 F1_MA: 0.6349030666510782
BEST_F1_MI: 0.6275132275132275 BEST_F1_MA: 0.6565549540603349 BEST_ACC_MI: 0.6275132275132275 BEST_F1_MA: 0.6833620591273305
[[ 388 1077   59   58]
 [ 267  498   13  127]
 [  40  142  498  128]
 [   1    1    1 1427]]
Epoch: [118/200], cls_loss: 0.0003, transfer_loss: 0.0000,person_loss: -1.9931, total_Loss: -0.1989
trian begin
trian end
n_person 360
SAMPLE
F1_MI: 0.6042328042328042 F1_MA: 0.6151466492085911 ACC_MI: 0.6042328042328042 F1_MA: 0.6089597610001495
BEST_F1_MI: 0.6275132275132275 BEST_F1_MA: 0.6565549540603349 BEST_ACC_MI: 0.6275132275132275 BEST_F1_MA: 0.6833620591273305
[[ 360 1000  163   59]
 [ 272  471   37  125]
 [   7   74  599  128]
 [   0    3    2 1425]]
Epoch: [119/200], cls_loss: 0.0008, transfer_loss: 0.0000,person_loss: -1.9943, total_Loss: -0.1985
trian begin
trian end
n_person 360
SAMPLE
F1_MI: 0.6014814814814815 F1_MA: 0.6281258338375713 ACC_MI: 0.6014814814814815 F1_MA: 0.6435874725615385
BEST_F1_MI: 0.6275132275132275 BEST_F1_MA: 0.6565549540603349 BEST_ACC_MI: 0.6275132275132275 BEST_F1_MA: 0.6833620591273305
[[ 369 1063   91   59]
 [ 204  552   23  126]
 [   7  174  496  131]
 [   0    4    1 1425]]
Epoch: [120/200], cls_loss: 0.0034, transfer_loss: 0.0000,person_loss: -1.9932, total_Loss: -0.1957
trian begin
trian end
n_person 360
SAMPLE
F1_MI: 0.5765079365079365 F1_MA: 0.5845870969835586 ACC_MI: 0.5765079365079365 F1_MA: 0.5920301665674556
BEST_F1_MI: 0.6275132275132275 BEST_F1_MA: 0.6565549540603349 BEST_ACC_MI: 0.6275132275132275 BEST_F1_MA: 0.6833620591273305
[[ 407 1021   96   58]
 [ 415  365   11  114]
 [  49  108  527  124]
 [   2    2    1 1425]]
Epoch: [121/200], cls_loss: 0.0002, transfer_loss: 0.0000,person_loss: -1.9933, total_Loss: -0.1990
trian begin
trian end
n_person 360
SAMPLE
F1_MI: 0.5801058201058201 F1_MA: 0.5962404306541695 ACC_MI: 0.5801058201058201 F1_MA: 0.6112976599986952
BEST_F1_MI: 0.6275132275132275 BEST_F1_MA: 0.6565549540603349 BEST_ACC_MI: 0.6275132275132275 BEST_F1_MA: 0.6833620591273305
[[ 401 1054   70   57]
 [ 367  417    7  114]
 [  39  144  499  126]
 [   3    2    1 1424]]
Epoch: [122/200], cls_loss: 0.0002, transfer_loss: 0.0000,person_loss: -1.9944, total_Loss: -0.1991
trian begin
trian end
n_person 360
SAMPLE
F1_MI: 0.5807407407407408 F1_MA: 0.5900247152367019 ACC_MI: 0.5807407407407408 F1_MA: 0.5967089923762836
BEST_F1_MI: 0.6275132275132275 BEST_F1_MA: 0.6565549540603349 BEST_ACC_MI: 0.6275132275132275 BEST_F1_MA: 0.6833620591273305
[[ 403 1026   95   58]
 [ 397  376    8  124]
 [  39   96  538  135]
 [   1    1    1 1427]]
Epoch: [123/200], cls_loss: 0.0002, transfer_loss: 0.0000,person_loss: -1.9946, total_Loss: -0.1991
trian begin
trian end
n_person 360
SAMPLE
F1_MI: 0.5784126984126984 F1_MA: 0.5729972168937596 ACC_MI: 0.5784126984126984 F1_MA: 0.5615591604990666
BEST_F1_MI: 0.6275132275132275 BEST_F1_MA: 0.6565549540603349 BEST_ACC_MI: 0.6275132275132275 BEST_F1_MA: 0.6833620591273305
[[ 393  953  185   51]
 [ 403  337   63  102]
 [  64   40  591  113]
 [  12    2    4 1412]]
Epoch: [124/200], cls_loss: 0.0004, transfer_loss: 0.0000,person_loss: -1.9938, total_Loss: -0.1989
trian begin
trian end
n_person 360
SAMPLE
F1_MI: 0.5983068783068783 F1_MA: 0.6026824411382857 ACC_MI: 0.5983068783068783 F1_MA: 0.59376582045235
BEST_F1_MI: 0.6275132275132275 BEST_F1_MA: 0.6565549540603349 BEST_ACC_MI: 0.6275132275132275 BEST_F1_MA: 0.6833620591273305
[[ 383  985  160   54]
 [ 334  398   57  116]
 [   3   64  622  119]
 [   0    1    5 1424]]
Epoch: [125/200], cls_loss: 0.0025, transfer_loss: 0.0000,person_loss: -1.9909, total_Loss: -0.1963
trian begin
trian end
n_person 360
SAMPLE
F1_MI: 0.6012698412698413 F1_MA: 0.6040200906001209 ACC_MI: 0.6012698412698413 F1_MA: 0.5945400136590483
BEST_F1_MI: 0.6275132275132275 BEST_F1_MA: 0.6565549540603349 BEST_ACC_MI: 0.6275132275132275 BEST_F1_MA: 0.6833620591273305
[[ 391  950  185   56]
 [ 270  454   67  114]
 [  53   52  577  126]
 [   2    7    2 1419]]
Epoch: [126/200], cls_loss: 0.0140, transfer_loss: 0.0000,person_loss: -1.9924, total_Loss: -0.1850
trian begin
trian end
n_person 360
SAMPLE
F1_MI: 0.5817989417989418 F1_MA: 0.6099135616174741 ACC_MI: 0.5817989417989418 F1_MA: 0.6364900512830676
BEST_F1_MI: 0.6275132275132275 BEST_F1_MA: 0.6565549540603349 BEST_ACC_MI: 0.6275132275132275 BEST_F1_MA: 0.6833620591273305
[[ 369 1112   37   64]
 [ 208  506   40  151]
 [  18  189  444  157]
 [   0    0    0 1430]]
Epoch: [127/200], cls_loss: 0.0044, transfer_loss: 0.0000,person_loss: -1.9922, total_Loss: -0.1947
trian begin
trian end
n_person 360
SAMPLE
F1_MI: 0.571005291005291 F1_MA: 0.6448859920233976 ACC_MI: 0.571005291005291 F1_MA: 0.7051764085646043
BEST_F1_MI: 0.6275132275132275 BEST_F1_MA: 0.6565549540603349 BEST_ACC_MI: 0.6275132275132275 BEST_F1_MA: 0.7051764085646043
[[ 176 1343   10   53]
 [  44  716   24  121]
 [   7  279  392  130]
 [   0   15    1 1414]]
Epoch: [128/200], cls_loss: 0.0050, transfer_loss: 0.0000,person_loss: -1.9933, total_Loss: -0.1942
trian begin
trian end
n_person 360
SAMPLE
F1_MI: 0.5798941798941799 F1_MA: 0.599849323713202 ACC_MI: 0.5798941798941799 F1_MA: 0.617526477414855
BEST_F1_MI: 0.6275132275132275 BEST_F1_MA: 0.6565549540603349 BEST_ACC_MI: 0.6275132275132275 BEST_F1_MA: 0.7051764085646043
[[ 383 1085   55   59]
 [ 306  440   24  135]
 [  18  152  490  148]
 [   0    2    1 1427]]
Epoch: [129/200], cls_loss: 0.0009, transfer_loss: 0.0000,person_loss: -1.9929, total_Loss: -0.1982
trian begin
trian end
n_person 360
SAMPLE
F1_MI: 0.5851851851851851 F1_MA: 0.6131024578021876 ACC_MI: 0.5851851851851851 F1_MA: 0.6376684719979788
BEST_F1_MI: 0.6275132275132275 BEST_F1_MA: 0.6565549540603349 BEST_ACC_MI: 0.6275132275132275 BEST_F1_MA: 0.7051764085646043
[[ 376 1108   38   60]
 [ 259  488   22  136]
 [  10  179  474  145]
 [   0    2    1 1427]]
Epoch: [130/200], cls_loss: 0.0002, transfer_loss: 0.0000,person_loss: -1.9940, total_Loss: -0.1991
trian begin
trian end
n_person 360
SAMPLE
F1_MI: 0.6014814814814815 F1_MA: 0.6212645202561619 ACC_MI: 0.6014814814814815 F1_MA: 0.6287980166934974
BEST_F1_MI: 0.6275132275132275 BEST_F1_MA: 0.6565549540603349 BEST_ACC_MI: 0.6275132275132275 BEST_F1_MA: 0.7051764085646043
[[ 380 1062   80   60]
 [ 258  478   33  136]
 [  10   95  557  146]
 [   0    2    1 1427]]
Epoch: [131/200], cls_loss: 0.0002, transfer_loss: 0.0000,person_loss: -1.9941, total_Loss: -0.1991
trian begin
trian end
n_person 360
SAMPLE
F1_MI: 0.5741798941798942 F1_MA: 0.6064413863191075 ACC_MI: 0.5741798941798942 F1_MA: 0.6435246745495691
BEST_F1_MI: 0.6275132275132275 BEST_F1_MA: 0.6565549540603349 BEST_ACC_MI: 0.6275132275132275 BEST_F1_MA: 0.7051764085646043
[[ 380 1124   18   60]
 [ 263  496   15  131]
 [  19  234  410  145]
 [   0    2    1 1427]]
Epoch: [132/200], cls_loss: 0.0002, transfer_loss: 0.0000,person_loss: -1.9943, total_Loss: -0.1991
trian begin
trian end
n_person 360
SAMPLE
F1_MI: 0.5701587301587302 F1_MA: 0.5786141198232333 ACC_MI: 0.5701587301587302 F1_MA: 0.586777933219629
BEST_F1_MI: 0.6275132275132275 BEST_F1_MA: 0.6565549540603349 BEST_ACC_MI: 0.6275132275132275 BEST_F1_MA: 0.7051764085646043
[[ 387 1060   77   58]
 [ 316  373   89  127]
 [   7  163  508  130]
 [   0    0    4 1426]]
Epoch: [133/200], cls_loss: 0.0006, transfer_loss: 0.0000,person_loss: -1.9945, total_Loss: -0.1987
trian begin
trian end
n_person 360
SAMPLE
F1_MI: 0.5853968253968254 F1_MA: 0.610622643872116 ACC_MI: 0.5853968253968254 F1_MA: 0.6325094706290587
BEST_F1_MI: 0.6275132275132275 BEST_F1_MA: 0.6565549540603349 BEST_ACC_MI: 0.6275132275132275 BEST_F1_MA: 0.7051764085646043
[[ 378 1101   43   60]
 [ 250  493   36  126]
 [  19  191  468  130]
 [   0    0    3 1427]]
Epoch: [134/200], cls_loss: 0.0005, transfer_loss: 0.0000,person_loss: -1.9929, total_Loss: -0.1986
trian begin
trian end
n_person 360
SAMPLE
F1_MI: 0.5286772486772486 F1_MA: 0.5284159590136857 ACC_MI: 0.5286772486772486 F1_MA: 0.5486397293696629
BEST_F1_MI: 0.6275132275132275 BEST_F1_MA: 0.6565549540603349 BEST_ACC_MI: 0.6275132275132275 BEST_F1_MA: 0.7051764085646043
[[ 426 1027   73   56]
 [ 582  203    5  115]
 [ 152   82  442  132]
 [   2    0    1 1427]]
Epoch: [135/200], cls_loss: 0.0002, transfer_loss: 0.0000,person_loss: -1.9942, total_Loss: -0.1990
trian begin
trian end
n_person 360
SAMPLE
F1_MI: 0.5693121693121693 F1_MA: 0.5676563845659229 ACC_MI: 0.5693121693121693 F1_MA: 0.5667268534684279
BEST_F1_MI: 0.6275132275132275 BEST_F1_MA: 0.6565549540603349 BEST_ACC_MI: 0.6275132275132275 BEST_F1_MA: 0.7051764085646043
[[ 418 1020   87   57]
 [ 480  253   52  120]
 [  43   44  592  129]
 [   1    0    2 1427]]
Epoch: [136/200], cls_loss: 0.0002, transfer_loss: 0.0000,person_loss: -1.9939, total_Loss: -0.1990
trian begin
trian end
n_person 360
SAMPLE
F1_MI: 0.5655026455026455 F1_MA: 0.5753539939467878 ACC_MI: 0.5655026455026455 F1_MA: 0.5895329792623647
BEST_F1_MI: 0.6275132275132275 BEST_F1_MA: 0.6565549540603349 BEST_ACC_MI: 0.6275132275132275 BEST_F1_MA: 0.7051764085646043
[[ 410 1054   60   58]
 [ 444  321   19  121]
 [  45  122  513  128]
 [   1    0    1 1428]]
Epoch: [137/200], cls_loss: 0.0002, transfer_loss: 0.0000,person_loss: -1.9947, total_Loss: -0.1991
trian begin
trian end
n_person 360
SAMPLE
F1_MI: 0.5957671957671957 F1_MA: 0.621402604147552 ACC_MI: 0.5957671957671957 F1_MA: 0.640789840583129
BEST_F1_MI: 0.6275132275132275 BEST_F1_MA: 0.6565549540603349 BEST_ACC_MI: 0.6275132275132275 BEST_F1_MA: 0.7051764085646043
[[ 395 1098   34   55]
 [ 282  486   17  120]
 [  41  130  508  129]
 [   0    2    2 1426]]
Epoch: [138/200], cls_loss: 0.0027, transfer_loss: 0.0000,person_loss: -1.9940, total_Loss: -0.1965
trian begin
trian end
n_person 360
SAMPLE
F1_MI: 0.5532275132275132 F1_MA: 0.5891910260229565 ACC_MI: 0.5532275132275132 F1_MA: 0.6442826214915274
BEST_F1_MI: 0.6275132275132275 BEST_F1_MA: 0.6565549540603349 BEST_ACC_MI: 0.6275132275132275 BEST_F1_MA: 0.7051764085646043
[[ 374 1142   10   56]
 [ 246  519   15  125]
 [  21  360  293  134]
 [   1    0    1 1428]]
Epoch: [139/200], cls_loss: 0.0012, transfer_loss: 0.0000,person_loss: -1.9935, total_Loss: -0.1980
trian begin
trian end
n_person 360
SAMPLE
F1_MI: 0.5756613756613757 F1_MA: 0.591329007375768 ACC_MI: 0.5756613756613757 F1_MA: 0.6094768217407516
BEST_F1_MI: 0.6275132275132275 BEST_F1_MA: 0.6565549540603349 BEST_ACC_MI: 0.6275132275132275 BEST_F1_MA: 0.7051764085646043
[[ 405 1058   63   56]
 [ 337  414   28  126]
 [  20  183  472  133]
 [   0    0    1 1429]]
Epoch: [140/200], cls_loss: 0.0002, transfer_loss: 0.0000,person_loss: -1.9944, total_Loss: -0.1991
trian begin
trian end
n_person 360
SAMPLE
F1_MI: 0.5817989417989418 F1_MA: 0.6180128086255298 ACC_MI: 0.5817989417989418 F1_MA: 0.6576695056824615
BEST_F1_MI: 0.6275132275132275 BEST_F1_MA: 0.6565549540603349 BEST_ACC_MI: 0.6275132275132275 BEST_F1_MA: 0.7051764085646043
[[ 381 1131   15   55]
 [ 199  554   35  117]
 [  16  282  390  120]
 [   0    3    3 1424]]
Epoch: [141/200], cls_loss: 0.0052, transfer_loss: 0.0000,person_loss: -1.9936, total_Loss: -0.1940
trian begin
trian end
n_person 360
SAMPLE
F1_MI: 0.5824338624338624 F1_MA: 0.6046346881034104 ACC_MI: 0.5824338624338624 F1_MA: 0.626717474543143
BEST_F1_MI: 0.6275132275132275 BEST_F1_MA: 0.6565549540603349 BEST_ACC_MI: 0.6275132275132275 BEST_F1_MA: 0.7051764085646043
[[ 397 1090   39   56]
 [ 261  465   52  127]
 [  18  200  464  126]
 [   0    2    2 1426]]
Epoch: [142/200], cls_loss: 0.0002, transfer_loss: 0.0000,person_loss: -1.9942, total_Loss: -0.1991
trian begin
trian end
n_person 360
SAMPLE
F1_MI: 0.5841269841269842 F1_MA: 0.603549634193834 ACC_MI: 0.5841269841269842 F1_MA: 0.6219009869741767
BEST_F1_MI: 0.6275132275132275 BEST_F1_MA: 0.6565549540603349 BEST_ACC_MI: 0.6275132275132275 BEST_F1_MA: 0.7051764085646043
[[ 403 1081   41   57]
 [ 287  442   51  125]
 [  22  168  488  130]
 [   0    2    1 1427]]
Epoch: [143/200], cls_loss: 0.0002, transfer_loss: 0.0000,person_loss: -1.9945, total_Loss: -0.1991
trian begin
trian end
n_person 360
SAMPLE
F1_MI: 0.5913227513227514 F1_MA: 0.6187666250991389 ACC_MI: 0.5913227513227514 F1_MA: 0.642537243736025
BEST_F1_MI: 0.6275132275132275 BEST_F1_MA: 0.6565549540603349 BEST_ACC_MI: 0.6275132275132275 BEST_F1_MA: 0.7051764085646043
[[ 393 1113   20   56]
 [ 239  490   54  122]
 [  16  184  484  124]
 [   0    1    2 1427]]
Epoch: [144/200], cls_loss: 0.0002, transfer_loss: 0.0000,person_loss: -1.9947, total_Loss: -0.1991
trian begin
trian end
n_person 360
SAMPLE
F1_MI: 0.5153439153439153 F1_MA: 0.5261101092374418 ACC_MI: 0.5153439153439153 F1_MA: 0.5728461744308979
BEST_F1_MI: 0.6275132275132275 BEST_F1_MA: 0.6565549540603349 BEST_ACC_MI: 0.6275132275132275 BEST_F1_MA: 0.7051764085646043
[[ 398 1076   52   56]
 [ 322  459    6  118]
 [  55  471  155  127]
 [   0    6    1 1423]]
Epoch: [145/200], cls_loss: 0.0071, transfer_loss: 0.0000,person_loss: -1.9922, total_Loss: -0.1920
trian begin
trian end
n_person 360
SAMPLE
F1_MI: 0.5248677248677248 F1_MA: 0.5338058179054531 ACC_MI: 0.5248677248677248 F1_MA: 0.5690160739508614
BEST_F1_MI: 0.6275132275132275 BEST_F1_MA: 0.6565549540603349 BEST_ACC_MI: 0.6275132275132275 BEST_F1_MA: 0.7051764085646043
[[ 396 1068   56   62]
 [ 341  381   28  155]
 [  48  330  276  154]
 [   1    1    1 1427]]
Epoch: [146/200], cls_loss: 0.0012, transfer_loss: 0.0000,person_loss: -1.9935, total_Loss: -0.1980
trian begin
trian end
n_person 360
SAMPLE
F1_MI: 0.5832804232804233 F1_MA: 0.5927982829708988 ACC_MI: 0.5832804232804233 F1_MA: 0.5973120161824655
BEST_F1_MI: 0.6275132275132275 BEST_F1_MA: 0.6565549540603349 BEST_ACC_MI: 0.6275132275132275 BEST_F1_MA: 0.7051764085646043
[[ 388 1043   95   56]
 [ 282  426   72  125]
 [  41  120  519  128]
 [   1    5    1 1423]]
Epoch: [147/200], cls_loss: 0.0018, transfer_loss: 0.0000,person_loss: -1.9936, total_Loss: -0.1975
trian begin
trian end
n_person 360
SAMPLE
F1_MI: 0.5834920634920635 F1_MA: 0.5936629025165105 ACC_MI: 0.5834920634920635 F1_MA: 0.5967890772245312
BEST_F1_MI: 0.6275132275132275 BEST_F1_MA: 0.6565549540603349 BEST_ACC_MI: 0.6275132275132275 BEST_F1_MA: 0.7051764085646043
[[ 388 1053   88   53]
 [ 257  405  135  108]
 [   7  142  550  109]
 [   0    3   13 1414]]
Epoch: [148/200], cls_loss: 0.0006, transfer_loss: 0.0000,person_loss: -1.9943, total_Loss: -0.1986
trian begin
trian end
n_person 360
SAMPLE
F1_MI: 0.5923809523809523 F1_MA: 0.6176501165740701 ACC_MI: 0.5923809523809523 F1_MA: 0.6367442441118838
BEST_F1_MI: 0.6275132275132275 BEST_F1_MA: 0.6565549540603349 BEST_ACC_MI: 0.6275132275132275 BEST_F1_MA: 0.7051764085646043
[[ 384 1099   40   59]
 [ 250  488   38  129]
 [  15  148  500  145]
 [   0    2    1 1427]]
Epoch: [149/200], cls_loss: 0.0004, transfer_loss: 0.0000,person_loss: -1.9945, total_Loss: -0.1989
trian begin
trian end
n_person 360
SAMPLE
F1_MI: 0.5847619047619048 F1_MA: 0.5918617198274311 ACC_MI: 0.5847619047619048 F1_MA: 0.5920380284669956
BEST_F1_MI: 0.6275132275132275 BEST_F1_MA: 0.6565549540603349 BEST_ACC_MI: 0.6275132275132275 BEST_F1_MA: 0.7051764085646043
[[ 389 1040   94   59]
 [ 352  370   53  130]
 [  25   71  577  135]
 [   0    2    1 1427]]
Epoch: [150/200], cls_loss: 0.0015, transfer_loss: 0.0000,person_loss: -1.9933, total_Loss: -0.1977
trian begin
trian end
n_person 360
SAMPLE
F1_MI: 0.554074074074074 F1_MA: 0.583822306563807 ACC_MI: 0.554074074074074 F1_MA: 0.629426484837076
BEST_F1_MI: 0.6275132275132275 BEST_F1_MA: 0.6565549540603349 BEST_ACC_MI: 0.6275132275132275 BEST_F1_MA: 0.7051764085646043
[[ 385 1114   24   59]
 [ 285  470   10  140]
 [  18  302  338  150]
 [   0    4    1 1425]]
Epoch: [151/200], cls_loss: 0.0017, transfer_loss: 0.0000,person_loss: -1.9941, total_Loss: -0.1976
trian begin
trian end
n_person 360
SAMPLE
F1_MI: 0.5572486772486772 F1_MA: 0.5712527595905629 ACC_MI: 0.5572486772486772 F1_MA: 0.5946686797328783
BEST_F1_MI: 0.6275132275132275 BEST_F1_MA: 0.6565549540603349 BEST_ACC_MI: 0.6275132275132275 BEST_F1_MA: 0.7051764085646043
[[ 396 1061   67   58]
 [ 348  402   23  132]
 [  33  230  410  135]
 [   1    3    1 1425]]
Epoch: [152/200], cls_loss: 0.0002, transfer_loss: 0.0000,person_loss: -1.9941, total_Loss: -0.1991
trian begin
trian end
n_person 360
SAMPLE
F1_MI: 0.5697354497354498 F1_MA: 0.59185694481653 ACC_MI: 0.5697354497354498 F1_MA: 0.6181475025245048
BEST_F1_MI: 0.6275132275132275 BEST_F1_MA: 0.6565549540603349 BEST_ACC_MI: 0.6275132275132275 BEST_F1_MA: 0.7051764085646043
[[ 383 1091   50   58]
 [ 273  466   31  135]
 [  21  231  418  138]
 [   1    3    1 1425]]
Epoch: [153/200], cls_loss: 0.0002, transfer_loss: 0.0000,person_loss: -1.9947, total_Loss: -0.1991
[[ 353 1018  153   58]
 [ 115  598   39  153]
 [  14   70  589  135]
 [   0    3    2 1425]]
[[ 353 1018  153   58]
 [ 115  598   39  153]
 [  14   70  589  135]
 [   0    3    2 1425]]
WHAT: True
SVAE_RESULT
{'best_f1': 0.6565549540603349, 'best_matrix': [[353, 1018, 153, 58], [115, 598, 39, 153], [14, 70, 589, 135], [0, 3, 2, 1425]], 'args': 0.1}
{"best_f1": 0.6565549540603349, "best_matrix": [[353, 1018, 153, 58], [115, 598, 39, 153], [14, 70, 589, 135], [0, 3, 2, 1425]], "args": 0.1}
ARG: Namespace(backbone='resnet50', batch_size=32, config='DeepCoral/DeepCoral.yaml', data_dir='data', device=device(type='cuda'), early_stop=50, epoch_based_training=False, lr=0.003, lr_decay=0.75, lr_gamma=0.0003, lr_scheduler=True, max_iter=21000, method='True', momentum=0.9, myweight=0.1, n_class=4, n_epoch=200, n_iter_per_epoch=105, num_workers=3, seed=2, src_domain='UCI', tgt_domain='PAMAP2', tname='transfer', transfer_loss='coral', transfer_loss_weight=10.0, use_bottleneck=True, weight_decay=0.0005)
