twommd 2 UCI WISDM MEDA/MEDA.yaml True
Namespace(backbone='resnet50', batch_size=32, config='MEDA/MEDA.yaml', data_dir='data', device=device(type='cuda'), early_stop=50, epoch_based_training=False, lr=0.003, lr_decay=0.75, lr_gamma=0.0003, lr_scheduler=True, method='True', momentum=0.9, myweight=0.1, n_epoch=200, n_iter_per_epoch=100, num_workers=7, seed=2, src_domain='UCI', tgt_domain='WISDM', tname='transfer', transfer_loss='twommd', transfer_loss_weight=0.5, use_bottleneck=True, weight_decay=0.0005)
JUST DO IT
run my Parkinson code
transfer
TRAIN Length: 3369 615 TEST Length: 13609 322
YYY: 0 3
DATA_PROFILE   train: 3369 train2: 13609 test: 13609
DATASET.SHAPE: <data_loader.GetTrainLoader object at 0x7fccd2e10080> True
DATASET.SHAPE: <data_loader.GetTrainLoader object at 0x7fccd2e07278> True
DATASET.SHAPE: <data_loader.GetTestLoader object at 0x7fcccaeb29b0> False
CLASS: 4 322
transfer_world
method True <class 'str'>
1.10.1+cu102
True
LEN: 0 0
LOADER: <data_loader.InfiniteDataLoader object at 0x7fccd32bf780> <data_loader.InfiniteDataLoader object at 0x7fcccaeb28d0>
N_batch: 105
trian begin
trian end
ACC: 52.127268719229924
SAMPLE
F1_MI: 0.5109853773238299 F1_MA: 0.4542230166530735 ACC_MI: 0.5109853773238299 F1_MA: 0.4113936460850788
BEST_F1_MI: 0.5109853773238299 BEST_F1_MA: 0.4542230166530735 BEST_ACC_MI: 0.5109853773238299 BEST_F1_MA: 0.4113936460850788
[[4835 1487 1846   90]
 [ 756  894  132  559]
 [1134  383  117  267]
 [   1    0    0 1108]]
Epoch: [ 1/200], cls_loss: 0.0000, transfer_loss: 0.0000,person_loss: 0.0000, total_Loss: 0.0000
trian begin
trian end
ACC: 28.94408112278639
SAMPLE
F1_MI: 0.2885590418105665 F1_MA: 0.4196532999147459 ACC_MI: 0.2885590418105665 F1_MA: 0.3876071051729254
BEST_F1_MI: 0.5109853773238299 BEST_F1_MA: 0.4542230166530735 BEST_ACC_MI: 0.5109853773238299 BEST_F1_MA: 0.4113936460850788
[[1334 3298 3603   23]
 [ 357 1128  402  454]
 [ 428  938  358  177]
 [   0    2    0 1107]]
Epoch: [ 2/200], cls_loss: 0.0000, transfer_loss: 0.0000,person_loss: 0.0000, total_Loss: 0.0000
trian begin
trian end
ACC: 42.50128591373356
SAMPLE
F1_MI: 0.41832610772283046 F1_MA: 0.4226429337567784 ACC_MI: 0.41832610772283046 F1_MA: 0.3768781956475043
BEST_F1_MI: 0.5109853773238299 BEST_F1_MA: 0.4542230166530735 BEST_ACC_MI: 0.5109853773238299 BEST_F1_MA: 0.4113936460850788
[[3404 2480 2114  260]
 [ 383 1088  223  647]
 [ 812  660   95  334]
 [   1    2    0 1106]]
Epoch: [ 3/200], cls_loss: 0.0000, transfer_loss: 0.0000,person_loss: 0.0000, total_Loss: 0.0000
trian begin
trian end
ACC: 37.071055918877214
SAMPLE
F1_MI: 0.3693144242780513 F1_MA: 0.4262463896315616 ACC_MI: 0.3693144242780513 F1_MA: 0.38745714331109044
BEST_F1_MI: 0.5109853773238299 BEST_F1_MA: 0.4542230166530735 BEST_ACC_MI: 0.5109853773238299 BEST_F1_MA: 0.4113936460850788
[[2682 1294 3909  373]
 [ 368  803  369  801]
 [ 647  440  433  381]
 [   0    1    0 1108]]
Epoch: [ 4/200], cls_loss: 0.0000, transfer_loss: 0.0000,person_loss: 0.0000, total_Loss: 0.0000
trian begin
trian end
ACC: 45.46990961863473
SAMPLE
F1_MI: 0.4543316922624734 F1_MA: 0.5106207646836983 ACC_MI: 0.4543316922624734 F1_MA: 0.4962355851164457
BEST_F1_MI: 0.5109853773238299 BEST_F1_MA: 0.5106207646836983 BEST_ACC_MI: 0.5109853773238299 BEST_F1_MA: 0.4962355851164457
[[3520 1261 3470    7]
 [ 512 1411  259  159]
 [1012  682  145   62]
 [   0    2    0 1107]]
Epoch: [ 5/200], cls_loss: 0.0000, transfer_loss: 0.0000,person_loss: 0.0000, total_Loss: 0.0000
trian begin
trian end
ACC: 28.172532882651186
SAMPLE
F1_MI: 0.28172532882651186 F1_MA: 0.3952482514322374 ACC_MI: 0.28172532882651186 F1_MA: 0.35464406625499467
BEST_F1_MI: 0.5109853773238299 BEST_F1_MA: 0.5106207646836983 BEST_ACC_MI: 0.5109853773238299 BEST_F1_MA: 0.4962355851164457
[[1305 3830 2937  186]
 [ 252 1202  185  702]
 [ 353  963  220  365]
 [   0    2    0 1107]]
Epoch: [ 6/200], cls_loss: 0.0000, transfer_loss: 0.0000,person_loss: 0.0000, total_Loss: 0.0000
trian begin
trian end
ACC: 54.199426849878755
SAMPLE
F1_MI: 0.5419942684987875 F1_MA: 0.546306368440786 ACC_MI: 0.5419942684987875 F1_MA: 0.5234796134222379
BEST_F1_MI: 0.5419942684987875 BEST_F1_MA: 0.546306368440786 BEST_ACC_MI: 0.5419942684987875 BEST_F1_MA: 0.5234796134222379
[[4678 1233 2314   33]
 [ 550 1177  444  170]
 [ 707  700  415   79]
 [   0    3    0 1106]]
Epoch: [ 7/200], cls_loss: 0.0000, transfer_loss: 0.0000,person_loss: 0.0000, total_Loss: 0.0000
trian begin
trian end
ACC: 45.49930193254464
SAMPLE
F1_MI: 0.4549930193254464 F1_MA: 0.500787324684827 ACC_MI: 0.4549930193254464 F1_MA: 0.493934278963165
BEST_F1_MI: 0.5419942684987875 BEST_F1_MA: 0.546306368440786 BEST_ACC_MI: 0.5419942684987875 BEST_F1_MA: 0.5234796134222379
[[3754 1415 3079   10]
 [ 926 1192  163   60]
 [1111  608  149   33]
 [   0   12    0 1097]]
Epoch: [ 8/200], cls_loss: 0.0000, transfer_loss: 0.0000,person_loss: 0.0000, total_Loss: 0.0000
trian begin
trian end
ACC: 41.4799030053641
SAMPLE
F1_MI: 0.414799030053641 F1_MA: 0.45377457359658313 ACC_MI: 0.414799030053641 F1_MA: 0.41336818398847525
BEST_F1_MI: 0.5419942684987875 BEST_F1_MA: 0.546306368440786 BEST_ACC_MI: 0.5419942684987875 BEST_F1_MA: 0.5234796134222379
[[3169 2158 2225  706]
 [ 304  910  771  356]
 [ 427  860  460  154]
 [   0    3    0 1106]]
Epoch: [ 9/200], cls_loss: 0.0000, transfer_loss: 0.0000,person_loss: 0.0000, total_Loss: 0.0000
trian begin
trian end
ACC: 44.86001910500404
SAMPLE
F1_MI: 0.44801234477184215 F1_MA: 0.4847298460454 ACC_MI: 0.44801234477184215 F1_MA: 0.454886707928276
BEST_F1_MI: 0.5419942684987875 BEST_F1_MA: 0.546306368440786 BEST_ACC_MI: 0.5419942684987875 BEST_F1_MA: 0.5234796134222379
[[3559 1262 3387   50]
 [ 623 1081  249  388]
 [ 838  555  350  158]
 [   1    1    0 1107]]
Epoch: [10/200], cls_loss: 0.0000, transfer_loss: 0.0000,person_loss: 0.0000, total_Loss: 0.0000
trian begin
trian end
ACC: 33.28679550297597
SAMPLE
F1_MI: 0.32956131971489455 F1_MA: 0.39723580769046934 ACC_MI: 0.32956131971489455 F1_MA: 0.3580643383029114
BEST_F1_MI: 0.5419942684987875 BEST_F1_MA: 0.546306368440786 BEST_ACC_MI: 0.5419942684987875 BEST_F1_MA: 0.5234796134222379
[[2200 2513 3448   97]
 [ 531 1013  106  691]
 [ 649  775  165  312]
 [   0    2    0 1107]]
Epoch: [11/200], cls_loss: 0.0000, transfer_loss: 0.0000,person_loss: 0.0000, total_Loss: 0.0000
trian begin
trian end
ACC: 38.19531192593137
SAMPLE
F1_MI: 0.38195311925931363 F1_MA: 0.43278756231102333 ACC_MI: 0.3819531192593137 F1_MA: 0.390683517595191
BEST_F1_MI: 0.5419942684987875 BEST_F1_MA: 0.546306368440786 BEST_ACC_MI: 0.5419942684987875 BEST_F1_MA: 0.5234796134222379
[[2787 1229 3916  326]
 [ 635  827  165  714]
 [ 663  336  476  426]
 [   1    0    0 1108]]
Epoch: [12/200], cls_loss: 0.0000, transfer_loss: 0.0000,person_loss: 0.0000, total_Loss: 0.0000
trian begin
trian end
ACC: 39.628187229039604
SAMPLE
F1_MI: 0.395620545227423 F1_MA: 0.4509573819183184 ACC_MI: 0.395620545227423 F1_MA: 0.42038341885788877
BEST_F1_MI: 0.5419942684987875 BEST_F1_MA: 0.546306368440786 BEST_ACC_MI: 0.5419942684987875 BEST_F1_MA: 0.5234796134222379
[[2961 1524 3630  143]
 [ 829 1049  152  311]
 [ 851  646  267  137]
 [   1    1    0 1107]]
Epoch: [13/200], cls_loss: 0.0000, transfer_loss: 0.0000,person_loss: 0.0000, total_Loss: 0.0000
trian begin
trian end
ACC: 50.76052612241899
SAMPLE
F1_MI: 0.5054743184657212 F1_MA: 0.5267090682942749 ACC_MI: 0.5054743184657212 F1_MA: 0.4915552378102298
BEST_F1_MI: 0.5419942684987875 BEST_F1_MA: 0.546306368440786 BEST_ACC_MI: 0.5419942684987875 BEST_F1_MA: 0.5234796134222379
[[3940 2132 2144   42]
 [ 329 1707   66  239]
 [ 577 1118  128   78]
 [   2    3    0 1104]]
Epoch: [14/200], cls_loss: 0.0000, transfer_loss: 0.0000,person_loss: 0.0000, total_Loss: 0.0000
trian begin
trian end
ACC: 49.40847968256301
SAMPLE
F1_MI: 0.4940847968256301 F1_MA: 0.5005648348060762 ACC_MI: 0.4940847968256301 F1_MA: 0.45546472632801493
BEST_F1_MI: 0.5419942684987875 BEST_F1_MA: 0.546306368440786 BEST_ACC_MI: 0.5419942684987875 BEST_F1_MA: 0.5234796134222379
[[3968  984 2646  660]
 [ 677 1222  228  214]
 [ 748  544  435  174]
 [   0   10    0 1099]]
Epoch: [15/200], cls_loss: 0.0000, transfer_loss: 0.0000,person_loss: 0.0000, total_Loss: 0.0000
trian begin
trian end
ACC: 45.53604232493203
SAMPLE
F1_MI: 0.4549930193254464 F1_MA: 0.4769690979111607 ACC_MI: 0.4549930193254464 F1_MA: 0.4377732317788148
BEST_F1_MI: 0.5419942684987875 BEST_F1_MA: 0.546306368440786 BEST_ACC_MI: 0.5419942684987875 BEST_F1_MA: 0.5234796134222379
[[3629 2142 2410   77]
 [ 609 1093  229  410]
 [ 745  591  363  202]
 [   0    2    0 1107]]
Epoch: [16/200], cls_loss: 0.0000, transfer_loss: 0.0000,person_loss: 0.0000, total_Loss: 0.0000
trian begin
trian end
ACC: 38.54801969285032
SAMPLE
F1_MI: 0.3852597545741788 F1_MA: 0.41700628599154926 ACC_MI: 0.3852597545741788 F1_MA: 0.3663524232062319
BEST_F1_MI: 0.5419942684987875 BEST_F1_MA: 0.546306368440786 BEST_ACC_MI: 0.5419942684987875 BEST_F1_MA: 0.5234796134222379
[[2796 1698 2185 1579]
 [ 374 1076  142  749]
 [ 465  621  263  552]
 [   0    1    0 1108]]
Epoch: [17/200], cls_loss: 0.0000, transfer_loss: 0.0000,person_loss: 0.0000, total_Loss: 0.0000
trian begin
trian end
ACC: 51.84804173708575
SAMPLE
F1_MI: 0.5181864942317584 F1_MA: 0.5084661130268961 ACC_MI: 0.5181864942317584 F1_MA: 0.4700413629451587
BEST_F1_MI: 0.5419942684987875 BEST_F1_MA: 0.546306368440786 BEST_ACC_MI: 0.5419942684987875 BEST_F1_MA: 0.5234796134222379
[[4505 1157 2521   75]
 [ 553  869  446  473]
 [ 721  316  572  292]
 [   3    0    0 1106]]
Epoch: [18/200], cls_loss: 0.0000, transfer_loss: 0.0000,person_loss: 0.0000, total_Loss: 0.0000
trian begin
trian end
ACC: 47.80659857447277
SAMPLE
F1_MI: 0.4778455433904034 F1_MA: 0.48521814791617696 ACC_MI: 0.4778455433904034 F1_MA: 0.4375025050988398
BEST_F1_MI: 0.5419942684987875 BEST_F1_MA: 0.546306368440786 BEST_ACC_MI: 0.5419942684987875 BEST_F1_MA: 0.5234796134222379
[[3743 2158 1938  419]
 [ 219 1434  240  448]
 [ 374  983  221  323]
 [   0    4    0 1105]]
Epoch: [19/200], cls_loss: 0.0000, transfer_loss: 0.0000,person_loss: 0.0000, total_Loss: 0.0000
trian begin
trian end
ACC: 31.758395179660518
SAMPLE
F1_MI: 0.31574693217723565 F1_MA: 0.39227915975991856 ACC_MI: 0.31574693217723565 F1_MA: 0.35109558803768126
BEST_F1_MI: 0.5419942684987875 BEST_F1_MA: 0.546306368440786 BEST_ACC_MI: 0.5419942684987875 BEST_F1_MA: 0.5234796134222379
[[2041 1154 4217  846]
 [ 560  722  549  510]
 [ 772  365  429  335]
 [   3    1    0 1105]]
Epoch: [20/200], cls_loss: 0.0000, transfer_loss: 0.0000,person_loss: 0.0000, total_Loss: 0.0000
trian begin
trian end
ACC: 25.79175545594827
SAMPLE
F1_MI: 0.25769711220515834 F1_MA: 0.35423012942616894 ACC_MI: 0.25769711220515834 F1_MA: 0.3105849042444147
BEST_F1_MI: 0.5419942684987875 BEST_F1_MA: 0.546306368440786 BEST_ACC_MI: 0.5419942684987875 BEST_F1_MA: 0.5234796134222379
[[1345 1795 3920 1198]
 [ 363  686  328  964]
 [ 356  472  368  705]
 [   0    1    0 1108]]
Epoch: [21/200], cls_loss: 0.0000, transfer_loss: 0.0000,person_loss: 0.0000, total_Loss: 0.0000
trian begin
trian end
ACC: 33.25005511058858
SAMPLE
F1_MI: 0.33250055110588583 F1_MA: 0.43826736230182245 ACC_MI: 0.33250055110588583 F1_MA: 0.4059967610737123
BEST_F1_MI: 0.5419942684987875 BEST_F1_MA: 0.546306368440786 BEST_ACC_MI: 0.5419942684987875 BEST_F1_MA: 0.5234796134222379
[[2000 1260 4907   91]
 [ 441  828  510  562]
 [ 509  430  590  372]
 [   0    2    0 1107]]
Epoch: [22/200], cls_loss: 0.0000, transfer_loss: 0.0000,person_loss: 0.0000, total_Loss: 0.0000
trian begin
trian end
ACC: 35.77044602836358
SAMPLE
F1_MI: 0.356969652435888 F1_MA: 0.4535145464605795 ACC_MI: 0.356969652435888 F1_MA: 0.422668254995488
BEST_F1_MI: 0.5419942684987875 BEST_F1_MA: 0.546306368440786 BEST_ACC_MI: 0.5419942684987875 BEST_F1_MA: 0.5234796134222379
[[2287 1315 4592   64]
 [ 573  894  446  428]
 [ 561  492  570  278]
 [   0    2    0 1107]]
Epoch: [23/200], cls_loss: 0.0000, transfer_loss: 0.0000,person_loss: 0.0000, total_Loss: 0.0000
trian begin
trian end
ACC: 29.737673598354032
SAMPLE
F1_MI: 0.29693585127489164 F1_MA: 0.35660441658122977 ACC_MI: 0.29693585127489164 F1_MA: 0.31372680144830134
BEST_F1_MI: 0.5419942684987875 BEST_F1_MA: 0.546306368440786 BEST_ACC_MI: 0.5419942684987875 BEST_F1_MA: 0.5234796134222379
[[2017 2325 3515  401]
 [ 606  738  198  799]
 [ 687  540  178  496]
 [   1    0    0 1108]]
Epoch: [24/200], cls_loss: 0.0000, transfer_loss: 0.0000,person_loss: 0.0000, total_Loss: 0.0000
trian begin
trian end
ACC: 37.73238298185024
SAMPLE
F1_MI: 0.3764420604012051 F1_MA: 0.374298912781502 ACC_MI: 0.3764420604012051 F1_MA: 0.3289084893282418
BEST_F1_MI: 0.5419942684987875 BEST_F1_MA: 0.546306368440786 BEST_ACC_MI: 0.5419942684987875 BEST_F1_MA: 0.5234796134222379
[[3255 2412 2243  348]
 [ 806  568  237  730]
 [1007  303  192  399]
 [   1    0    0 1108]]
Epoch: [25/200], cls_loss: 0.0000, transfer_loss: 0.0000,person_loss: 0.0000, total_Loss: 0.0000
trian begin
trian end
ACC: 34.455139980895
SAMPLE
F1_MI: 0.3439635535307517 F1_MA: 0.4314959012679133 ACC_MI: 0.3439635535307517 F1_MA: 0.3995634179709714
BEST_F1_MI: 0.5419942684987875 BEST_F1_MA: 0.546306368440786 BEST_ACC_MI: 0.5419942684987875 BEST_F1_MA: 0.5234796134222379
[[2310 1888 4026   34]
 [ 917  677  403  344]
 [ 766  390  587  158]
 [   0    2    0 1107]]
Epoch: [26/200], cls_loss: 0.0000, transfer_loss: 0.0000,person_loss: 0.0000, total_Loss: 0.0000
trian begin
trian end
ACC: 42.09714159747226
SAMPLE
F1_MI: 0.4209714159747226 F1_MA: 0.4021959018062817 ACC_MI: 0.4209714159747226 F1_MA: 0.3573569178490665
BEST_F1_MI: 0.5419942684987875 BEST_F1_MA: 0.546306368440786 BEST_ACC_MI: 0.5419942684987875 BEST_F1_MA: 0.5234796134222379
[[3781 1382 2669  426]
 [ 852  599  145  745]
 [ 920  290  241  450]
 [   1    0    0 1108]]
Epoch: [27/200], cls_loss: 0.0000, transfer_loss: 0.0000,person_loss: 0.0000, total_Loss: 0.0000
trian begin
trian end
ACC: 37.291498273201555
SAMPLE
F1_MI: 0.37129840546697035 F1_MA: 0.4222073053346781 ACC_MI: 0.3712984054669704 F1_MA: 0.3784043578311588
BEST_F1_MI: 0.5419942684987875 BEST_F1_MA: 0.546306368440786 BEST_ACC_MI: 0.5419942684987875 BEST_F1_MA: 0.5234796134222379
[[2657 2499 2743  359]
 [ 403  891  294  753]
 [ 423  616  398  464]
 [   0    2    0 1107]]
Epoch: [28/200], cls_loss: 0.0000, transfer_loss: 0.0000,person_loss: 0.0000, total_Loss: 0.0000
trian begin
trian end
ACC: 32.566683812183115
SAMPLE
F1_MI: 0.3256668381218311 F1_MA: 0.39866784549518364 ACC_MI: 0.3256668381218311 F1_MA: 0.3582476537754171
BEST_F1_MI: 0.5419942684987875 BEST_F1_MA: 0.546306368440786 BEST_ACC_MI: 0.5419942684987875 BEST_F1_MA: 0.5234796134222379
[[2095 2195 3691  277]
 [ 403 1026  183  729]
 [ 490  676  204  531]
 [   0    2    0 1107]]
Epoch: [29/200], cls_loss: 0.0000, transfer_loss: 0.0000,person_loss: 0.0000, total_Loss: 0.0000
trian begin
trian end
ACC: 40.377691233742375
SAMPLE
F1_MI: 0.40377691233742374 F1_MA: 0.4365826165670572 ACC_MI: 0.40377691233742374 F1_MA: 0.4023607965193978
BEST_F1_MI: 0.5419942684987875 BEST_F1_MA: 0.546306368440786 BEST_ACC_MI: 0.5419942684987875 BEST_F1_MA: 0.5234796134222379
[[3268 1564 3292  134]
 [ 831  749  346  415]
 [ 916  387  372  226]
 [   2    1    0 1106]]
Epoch: [30/200], cls_loss: 0.0000, transfer_loss: 0.0000,person_loss: 0.0000, total_Loss: 0.0000
trian begin
trian end
ACC: 29.399661988390037
SAMPLE
F1_MI: 0.29399661988390036 F1_MA: 0.37325810461989906 ACC_MI: 0.29399661988390036 F1_MA: 0.33649581327922146
BEST_F1_MI: 0.5419942684987875 BEST_F1_MA: 0.546306368440786 BEST_ACC_MI: 0.5419942684987875 BEST_F1_MA: 0.5234796134222379
[[1986 1241 4713  318]
 [ 373  414  620  934]
 [ 664  136  492  609]
 [   0    0    0 1109]]
Epoch: [31/200], cls_loss: 0.0000, transfer_loss: 0.0000,person_loss: 0.0000, total_Loss: 0.0000
trian begin
trian end
ACC: 31.31751047101183
SAMPLE
F1_MI: 0.3127342200014696 F1_MA: 0.4605830344808439 ACC_MI: 0.3127342200014696 F1_MA: 0.4321480072314571
BEST_F1_MI: 0.5419942684987875 BEST_F1_MA: 0.546306368440786 BEST_ACC_MI: 0.5419942684987875 BEST_F1_MA: 0.5234796134222379
[[1452 1667 4892  247]
 [ 139  957  687  558]
 [ 153  643  740  365]
 [   0    2    0 1107]]
Epoch: [32/200], cls_loss: 0.0000, transfer_loss: 0.0000,person_loss: 0.0000, total_Loss: 0.0000
trian begin
trian end
ACC: 39.0917775001837
SAMPLE
F1_MI: 0.39047689029318833 F1_MA: 0.440399466513617 ACC_MI: 0.39047689029318833 F1_MA: 0.4050433737312762
BEST_F1_MI: 0.5419942684987875 BEST_F1_MA: 0.546306368440786 BEST_ACC_MI: 0.5419942684987875 BEST_F1_MA: 0.5234796134222379
[[2968 1657 3556   77]
 [ 679  802  374  486]
 [ 689  478  437  297]
 [   1    1    0 1107]]
Epoch: [33/200], cls_loss: 0.0000, transfer_loss: 0.0000,person_loss: 0.0000, total_Loss: 0.0000
trian begin
trian end
ACC: 37.84260415901242
SAMPLE
F1_MI: 0.3762950988316555 F1_MA: 0.46213299201016544 ACC_MI: 0.3762950988316555 F1_MA: 0.4316191196178516
BEST_F1_MI: 0.5419942684987875 BEST_F1_MA: 0.546306368440786 BEST_ACC_MI: 0.5419942684987875 BEST_F1_MA: 0.5234796134222379
[[2399 2547 3277   35]
 [ 454 1508  110  269]
 [ 676  985  107  133]
 [   0    2    0 1107]]
Epoch: [34/200], cls_loss: 0.0000, transfer_loss: 0.0000,person_loss: 0.0000, total_Loss: 0.0000
trian begin
trian end
ACC: 35.322213241237414
SAMPLE
F1_MI: 0.35322213241237416 F1_MA: 0.418285087749131 ACC_MI: 0.35322213241237416 F1_MA: 0.3842597612250746
BEST_F1_MI: 0.5419942684987875 BEST_F1_MA: 0.546306368440786 BEST_ACC_MI: 0.5419942684987875 BEST_F1_MA: 0.5234796134222379
[[2487 1481 4136  154]
 [ 698 1033   96  514]
 [ 718  733  179  271]
 [   1    0    0 1108]]
Epoch: [35/200], cls_loss: 0.0000, transfer_loss: 0.0000,person_loss: 0.0000, total_Loss: 0.0000
trian begin
trian end
ACC: 34.93276508193107
SAMPLE
F1_MI: 0.34888676611066205 F1_MA: 0.4164676583505992 ACC_MI: 0.34888676611066205 F1_MA: 0.3772904814752614
BEST_F1_MI: 0.5419942684987875 BEST_F1_MA: 0.546306368440786 BEST_ACC_MI: 0.5419942684987875 BEST_F1_MA: 0.5234796134222379
[[2428 1017 4020  793]
 [ 395  726  336  884]
 [ 470  398  486  547]
 [   0    1    0 1108]]
Epoch: [36/200], cls_loss: 0.0000, transfer_loss: 0.0000,person_loss: 0.0000, total_Loss: 0.0000
trian begin
trian end
ACC: 31.98618561246234
SAMPLE
F1_MI: 0.31971489455507385 F1_MA: 0.41135348056732934 ACC_MI: 0.31971489455507385 F1_MA: 0.3739021865295359
BEST_F1_MI: 0.5419942684987875 BEST_F1_MA: 0.546306368440786 BEST_ACC_MI: 0.5419942684987875 BEST_F1_MA: 0.5234796134222379
[[1873 1852 4123  410]
 [ 265 1186  124  766]
 [ 356  874  186  485]
 [   0    3    0 1106]]
Epoch: [37/200], cls_loss: 0.0000, transfer_loss: 0.0000,person_loss: 0.0000, total_Loss: 0.0000
trian begin
trian end
ACC: 34.63884194283195
SAMPLE
F1_MI: 0.34491880373282385 F1_MA: 0.42763426946548233 ACC_MI: 0.34491880373282385 F1_MA: 0.4015210773531901
BEST_F1_MI: 0.5419942684987875 BEST_F1_MA: 0.546306368440786 BEST_ACC_MI: 0.5419942684987875 BEST_F1_MA: 0.5234796134222379
[[2315 2237 3682   24]
 [ 598 1191  154  398]
 [ 542 1111   82  166]
 [   0    3    0 1106]]
Epoch: [38/200], cls_loss: 0.0000, transfer_loss: 0.0000,person_loss: 0.0000, total_Loss: 0.0000
trian begin
trian end
ACC: 38.40105812330076
SAMPLE
F1_MI: 0.3840105812330076 F1_MA: 0.41757283602517337 ACC_MI: 0.3840105812330076 F1_MA: 0.38403688367867317
BEST_F1_MI: 0.5419942684987875 BEST_F1_MA: 0.546306368440786 BEST_ACC_MI: 0.5419942684987875 BEST_F1_MA: 0.5234796134222379
[[3061 1503 3629   65]
 [ 684  964  104  589]
 [ 711  749   94  347]
 [   1    1    0 1107]]
Epoch: [39/200], cls_loss: 0.0000, transfer_loss: 0.0000,person_loss: 0.0000, total_Loss: 0.0000
trian begin
trian end
ACC: 35.82188257770593
SAMPLE
F1_MI: 0.35733705635976193 F1_MA: 0.4659499839939442 ACC_MI: 0.35733705635976193 F1_MA: 0.45595839178768377
BEST_F1_MI: 0.5419942684987875 BEST_F1_MA: 0.546306368440786 BEST_ACC_MI: 0.5419942684987875 BEST_F1_MA: 0.5234796134222379
[[2450 1252 4552    4]
 [ 852  753  568  168]
 [ 850  436  558   57]
 [   4    3    0 1102]]
Epoch: [40/200], cls_loss: 0.0000, transfer_loss: 0.0000,person_loss: 0.0000, total_Loss: 0.0000
trian begin
trian end
ACC: 38.57006392828276
SAMPLE
F1_MI: 0.38518627378940407 F1_MA: 0.41631069529827464 ACC_MI: 0.38518627378940407 F1_MA: 0.37976283610813527
BEST_F1_MI: 0.5419942684987875 BEST_F1_MA: 0.546306368440786 BEST_ACC_MI: 0.5419942684987875 BEST_F1_MA: 0.5234796134222379
[[3116 1264 3698  180]
 [ 864  694  237  546]
 [ 756  393  326  426]
 [   2    1    0 1106]]
Epoch: [41/200], cls_loss: 0.0000, transfer_loss: 0.0000,person_loss: 0.0000, total_Loss: 0.0000
trian begin
trian end
ACC: 35.90271144095819
SAMPLE
F1_MI: 0.3579249026379602 F1_MA: 0.4232461518087238 ACC_MI: 0.3579249026379602 F1_MA: 0.3801845479871521
BEST_F1_MI: 0.5419942684987875 BEST_F1_MA: 0.546306368440786 BEST_ACC_MI: 0.5419942684987875 BEST_F1_MA: 0.5234796134222379
[[2433 3066 2558  201]
 [ 402  847  421  671]
 [ 496  484  484  437]
 [   1    1    0 1107]]
Epoch: [42/200], cls_loss: 0.0000, transfer_loss: 0.0000,person_loss: 0.0000, total_Loss: 0.0000
trian begin
trian end
ACC: 37.19597325299434
SAMPLE
F1_MI: 0.37188625174516865 F1_MA: 0.4011125571242694 ACC_MI: 0.37188625174516865 F1_MA: 0.36260287815196335
BEST_F1_MI: 0.5419942684987875 BEST_F1_MA: 0.546306368440786 BEST_ACC_MI: 0.5419942684987875 BEST_F1_MA: 0.5234796134222379
[[3011  940 2625 1682]
 [ 417  645  270 1009]
 [ 535  206  298  862]
 [   2    0    0 1107]]
Epoch: [43/200], cls_loss: 0.0000, transfer_loss: 0.0000,person_loss: 0.0000, total_Loss: 0.0000
trian begin
trian end
ACC: 44.441178631787785
SAMPLE
F1_MI: 0.4444117863178778 F1_MA: 0.4476264661920817 ACC_MI: 0.44441178631787787 F1_MA: 0.4046221446661865
BEST_F1_MI: 0.5419942684987875 BEST_F1_MA: 0.546306368440786 BEST_ACC_MI: 0.5419942684987875 BEST_F1_MA: 0.5234796134222379
[[3777 1873 2505  103]
 [ 841  648  334  518]
 [ 707  301  517  376]
 [   3    0    0 1106]]
Epoch: [44/200], cls_loss: 0.0000, transfer_loss: 0.0000,person_loss: 0.0000, total_Loss: 0.0000
trian begin
trian end
ACC: 41.86200308619296
SAMPLE
F1_MI: 0.41766478065985746 F1_MA: 0.510967174847156 ACC_MI: 0.41766478065985746 F1_MA: 0.491413179695815
BEST_F1_MI: 0.5419942684987875 BEST_F1_MA: 0.546306368440786 BEST_ACC_MI: 0.5419942684987875 BEST_F1_MA: 0.5234796134222379
[[2930 1928 3398    2]
 [ 735  911  557  138]
 [ 689  430  738   44]
 [   2    2    0 1105]]
Epoch: [45/200], cls_loss: 0.0000, transfer_loss: 0.0000,person_loss: 0.0000, total_Loss: 0.0000
trian begin
trian end
ACC: 29.70828128444412
SAMPLE
F1_MI: 0.29708281284444116 F1_MA: 0.38200158208631696 ACC_MI: 0.29708281284444116 F1_MA: 0.33041767769613156
BEST_F1_MI: 0.5419942684987875 BEST_F1_MA: 0.546306368440786 BEST_ACC_MI: 0.5419942684987875 BEST_F1_MA: 0.5234796134222379
[[1530 2728 1786 2214]
 [ 247 1133  223  738]
 [ 364  699  274  564]
 [   2    1    0 1106]]
Epoch: [46/200], cls_loss: 0.0000, transfer_loss: 0.0000,person_loss: 0.0000, total_Loss: 0.0000
trian begin
trian end
ACC: 31.537952825336173
SAMPLE
F1_MI: 0.3151590858990374 F1_MA: 0.43888549248212333 ACC_MI: 0.3151590858990374 F1_MA: 0.3937150385597953
BEST_F1_MI: 0.5419942684987875 BEST_F1_MA: 0.546306368440786 BEST_ACC_MI: 0.5419942684987875 BEST_F1_MA: 0.5234796134222379
[[1472 2492 3823  471]
 [ 238  936  648  519]
 [ 315  522  775  289]
 [   1    2    0 1106]]
Epoch: [47/200], cls_loss: 0.0000, transfer_loss: 0.0000,person_loss: 0.0000, total_Loss: 0.0000
trian begin
trian end
ACC: 34.03629950767874
SAMPLE
F1_MI: 0.3403629950767874 F1_MA: 0.471955488095426 ACC_MI: 0.3403629950767874 F1_MA: 0.4494621549797446
BEST_F1_MI: 0.5419942684987875 BEST_F1_MA: 0.546306368440786 BEST_ACC_MI: 0.5419942684987875 BEST_F1_MA: 0.5234796134222379
[[1903 1806 4537   12]
 [ 545  953  598  245]
 [ 503  630  670   98]
 [   3    0    0 1106]]
Epoch: [48/200], cls_loss: 0.0000, transfer_loss: 0.0000,person_loss: 0.0000, total_Loss: 0.0000
trian begin
trian end
ACC: 31.63347784554339
SAMPLE
F1_MI: 0.31611433610110956 F1_MA: 0.4439764112425855 ACC_MI: 0.31611433610110956 F1_MA: 0.41868478017492583
BEST_F1_MI: 0.5419942684987875 BEST_F1_MA: 0.546306368440786 BEST_ACC_MI: 0.5419942684987875 BEST_F1_MA: 0.5234796134222379
[[1603 3852 2798    5]
 [ 428 1409  260  244]
 [ 514 1117  184   86]
 [   1    2    0 1106]]
Epoch: [49/200], cls_loss: 0.0000, transfer_loss: 0.0000,person_loss: 0.0000, total_Loss: 0.0000
trian begin
trian end
ACC: 9.941950180027924
SAMPLE
F1_MI: 0.09890513630685575 F1_MA: 0.13059466410042514 ACC_MI: 0.09890513630685575 F1_MA: 0.11768009048978281
BEST_F1_MI: 0.5419942684987875 BEST_F1_MA: 0.546306368440786 BEST_ACC_MI: 0.5419942684987875 BEST_F1_MA: 0.5234796134222379
[[ 117 1238 4236 2667]
 [ 234  831  353  923]
 [ 240  526  376  759]
 [1087    0    0   22]]
Epoch: [50/200], cls_loss: 0.0000, transfer_loss: 0.0000,person_loss: 0.0000, total_Loss: 0.0000
trian begin
trian end
ACC: 35.17525167168785
SAMPLE
F1_MI: 0.3507237857300316 F1_MA: 0.44761297958606006 ACC_MI: 0.3507237857300316 F1_MA: 0.417388872123037
BEST_F1_MI: 0.5419942684987875 BEST_F1_MA: 0.546306368440786 BEST_ACC_MI: 0.5419942684987875 BEST_F1_MA: 0.5234796134222379
[[2248 3258 2742   10]
 [ 759  871  451  260]
 [ 841  409  547  104]
 [   2    0    0 1107]]
Epoch: [51/200], cls_loss: 0.0000, transfer_loss: 0.0000,person_loss: 0.0000, total_Loss: 0.0000
trian begin
trian end
ACC: 39.789844955544126
SAMPLE
F1_MI: 0.39789844955544124 F1_MA: 0.4470352852355956 ACC_MI: 0.39789844955544124 F1_MA: 0.4170206347757829
BEST_F1_MI: 0.5419942684987875 BEST_F1_MA: 0.546306368440786 BEST_ACC_MI: 0.5419942684987875 BEST_F1_MA: 0.5234796134222379
[[3096 1238 3869   55]
 [ 566  848  387  540]
 [ 943  352  364  242]
 [   1    1    0 1107]]
Epoch: [52/200], cls_loss: 0.0000, transfer_loss: 0.0000,person_loss: 0.0000, total_Loss: 0.0000
trian begin
trian end
ACC: 33.470497464912924
SAMPLE
F1_MI: 0.33404364758615623 F1_MA: 0.44649651620416236 ACC_MI: 0.33404364758615623 F1_MA: 0.4052603466296971
BEST_F1_MI: 0.5419942684987875 BEST_F1_MA: 0.546306368440786 BEST_ACC_MI: 0.5419942684987875 BEST_F1_MA: 0.5234796134222379
[[1724 2964 3489   81]
 [ 299 1222  310  510]
 [ 488  670  493  250]
 [   1    1    0 1107]]
Epoch: [53/200], cls_loss: 0.0000, transfer_loss: 0.0000,person_loss: 0.0000, total_Loss: 0.0000
trian begin
trian end
ACC: 30.34021603350724
SAMPLE
F1_MI: 0.3034021603350724 F1_MA: 0.37207352034076935 ACC_MI: 0.3034021603350724 F1_MA: 0.3268038218568905
BEST_F1_MI: 0.5419942684987875 BEST_F1_MA: 0.546306368440786 BEST_ACC_MI: 0.5419942684987875 BEST_F1_MA: 0.5234796134222379
[[1846 4008 1894  510]
 [ 224 1148   20  949]
 [ 390  926   26  559]
 [   0    0    0 1109]]
Epoch: [54/200], cls_loss: 0.0000, transfer_loss: 0.0000,person_loss: 0.0000, total_Loss: 0.0000
trian begin
trian end
ACC: 40.59813358806672
SAMPLE
F1_MI: 0.4059813358806672 F1_MA: 0.47245415714044603 ACC_MI: 0.4059813358806672 F1_MA: 0.4461698905025522
BEST_F1_MI: 0.5419942684987875 BEST_F1_MA: 0.546306368440786 BEST_ACC_MI: 0.5419942684987875 BEST_F1_MA: 0.5234796134222379
[[3044 1674 3523   17]
 [ 728  824  488  301]
 [ 807  427  550  117]
 [   2    0    0 1107]]
Epoch: [55/200], cls_loss: 0.0000, transfer_loss: 0.0000,person_loss: 0.0000, total_Loss: 0.0000
trian begin
trian end
ACC: 37.17392901756191
SAMPLE
F1_MI: 0.3717392901756191 F1_MA: 0.4131139267143798 ACC_MI: 0.3717392901756191 F1_MA: 0.37055648860104046
BEST_F1_MI: 0.5419942684987875 BEST_F1_MA: 0.546306368440786 BEST_ACC_MI: 0.5419942684987875 BEST_F1_MA: 0.5234796134222379
[[2797 1869 3264  328]
 [ 682  785  309  565]
 [ 750  446  370  335]
 [   2    0    0 1107]]
Epoch: [56/200], cls_loss: 0.0000, transfer_loss: 0.0000,person_loss: 0.0000, total_Loss: 0.0000
trian begin
trian end
ACC: 49.819972077301784
SAMPLE
F1_MI: 0.49812623998824307 F1_MA: 0.48421911633996784 ACC_MI: 0.49812623998824307 F1_MA: 0.45034731481471746
BEST_F1_MI: 0.5419942684987875 BEST_F1_MA: 0.546306368440786 BEST_ACC_MI: 0.5419942684987875 BEST_F1_MA: 0.5234796134222379
[[4446 1199 2567   46]
 [ 656  881  354  450]
 [ 908  416  345  232]
 [   2    0    0 1107]]
Epoch: [57/200], cls_loss: 0.0000, transfer_loss: 0.0000,person_loss: 0.0000, total_Loss: 0.0000
[[4678 1233 2314   33]
 [ 550 1177  444  170]
 [ 707  700  415   79]
 [   0    3    0 1106]]
[[4678 1233 2314   33]
 [ 550 1177  444  170]
 [ 707  700  415   79]
 [   0    3    0 1106]]
WHAT: True
SVAE_RESULT
{'best_f1': 0.546306368440786, 'best_matrix': [[4678, 1233, 2314, 33], [550, 1177, 444, 170], [707, 700, 415, 79], [0, 3, 0, 1106]], 'args': 0.1}
{"best_f1": 0.546306368440786, "best_matrix": [[4678, 1233, 2314, 33], [550, 1177, 444, 170], [707, 700, 415, 79], [0, 3, 0, 1106]], "args": 0.1}
ARG: Namespace(backbone='resnet50', batch_size=32, config='MEDA/MEDA.yaml', data_dir='data', device=device(type='cuda'), early_stop=50, epoch_based_training=False, lr=0.003, lr_decay=0.75, lr_gamma=0.0003, lr_scheduler=True, max_iter=21000, method='True', momentum=0.9, myweight=0.1, n_class=4, n_epoch=200, n_iter_per_epoch=105, num_workers=7, seed=2, src_domain='UCI', tgt_domain='WISDM', tname='transfer', transfer_loss='twommd', transfer_loss_weight=0.5, use_bottleneck=True, weight_decay=0.0005)
