adv 1 UCI PAMAP2 DANN/DANN.yaml False
Namespace(backbone='resnet50', batch_size=32, config='DANN/DANN.yaml', data_dir='data', device=device(type='cuda'), early_stop=50, epoch_based_training=False, lr=0.003, lr_decay=0.75, lr_gamma=0.0003, lr_scheduler=True, method='False', momentum=0.9, myweight=0.1, n_epoch=200, n_iter_per_epoch=100, num_workers=3, seed=1, src_domain='UCI', tgt_domain='PAMAP2', tname='transfer', transfer_loss='adv', transfer_loss_weight=0.5, use_bottleneck=True, weight_decay=0.0005)
JUST DO IT
run my Parkinson code
transfer
TRAIN Length: 3369 615 TEST Length: 4727 361
YYY: 0 3
DATA_PROFILE   train: 3369 train2: 4727 test: 4727
DATASET.SHAPE: <data_loader.GetTrainLoader object at 0x7f94b8b3c3d0> True
DATASET.SHAPE: <data_loader.GetTrainLoader object at 0x7f94b07edc10> True
DATASET.SHAPE: <data_loader.GetTestLoader object at 0x7f94b07831c0> False
CLASS: 4 361
LLL: {}
BOTTLENECK_LIST: [Linear(in_features=512, out_features=256, bias=True), ReLU()]
TYPE: {'loss_type': 'adv', 'max_iter': 21000, 'num_class': 4, 'my_person_item': <my_person_item.PersonItem object at 0x7f94b0783a30>}
initial_lr 1.0
transfer_world
method False <class 'str'>
1.8.1+cu111
True
LEN: 0 0
LOADER: <data_loader.InfiniteDataLoader object at 0x7f94b07ed880> <data_loader.InfiniteDataLoader object at 0x7f94b0783460>
N_batch: 105
trian begin
trian end
n_person 361
SAMPLE
F1_MI: 0.49397080600803894 F1_MA: 0.5033524776999823 ACC_MI: 0.49397080600803894 F1_MA: 0.5028500654410151
BEST_F1_MI: 0.49397080600803894 BEST_F1_MA: 0.5033524776999823 BEST_ACC_MI: 0.49397080600803894 BEST_F1_MA: 0.5028500654410151
[[  85 1347  104   48]
 [  68  664   79   94]
 [  59  423  221  105]
 [  31   33    1 1365]]
Epoch: [ 1/200], cls_loss: 0.5312, transfer_loss: 0.6433,person_loss: 0.0000, total_Loss: 0.8529
trian begin
trian end
n_person 361
SAMPLE
F1_MI: 0.4751427966998096 F1_MA: 0.4371064534280909 ACC_MI: 0.4751427966998096 F1_MA: 0.40075052440670156
BEST_F1_MI: 0.49397080600803894 BEST_F1_MA: 0.5033524776999823 BEST_ACC_MI: 0.49397080600803894 BEST_F1_MA: 0.5028500654410151
[[  15 1241  269   59]
 [  34  689   69  113]
 [  14  533  137  124]
 [   8   16    1 1405]]
Epoch: [ 2/200], cls_loss: 0.2202, transfer_loss: 0.6093,person_loss: 0.0000, total_Loss: 0.5249
trian begin
trian end
n_person 361
SAMPLE
F1_MI: 0.46350751004865665 F1_MA: 0.45265544424266385 ACC_MI: 0.46350751004865665 F1_MA: 0.47529933547621095
BEST_F1_MI: 0.49397080600803894 BEST_F1_MA: 0.5033524776999823 BEST_ACC_MI: 0.49397080600803894 BEST_F1_MA: 0.5028500654410151
[[ 265 1234   25   60]
 [ 291  496    3  115]
 [  73  587   24  124]
 [  17    6    1 1406]]
Epoch: [ 3/200], cls_loss: 0.1213, transfer_loss: 0.5566,person_loss: 0.0000, total_Loss: 0.3997
trian begin
trian end
n_person 361
SAMPLE
F1_MI: 0.467526972709964 F1_MA: 0.45547665048016306 ACC_MI: 0.467526972709964 F1_MA: 0.44851998879294536
BEST_F1_MI: 0.49397080600803894 BEST_F1_MA: 0.5033524776999823 BEST_ACC_MI: 0.49397080600803894 BEST_F1_MA: 0.5028500654410151
[[  44 1446   29   65]
 [  26  745    5  129]
 [  18  642   11  137]
 [   4   16    0 1410]]
Epoch: [ 4/200], cls_loss: 0.0709, transfer_loss: 0.5097,person_loss: 0.0000, total_Loss: 0.3258
trian begin
trian end
n_person 361
SAMPLE
F1_MI: 0.4764121006981172 F1_MA: 0.49190032724450433 ACC_MI: 0.4764121006981172 F1_MA: 0.515532155233511
BEST_F1_MI: 0.49397080600803894 BEST_F1_MA: 0.5033524776999823 BEST_ACC_MI: 0.49397080600803894 BEST_F1_MA: 0.515532155233511
[[ 103 1415   14   52]
 [  55  749    2   99]
 [  63  623   18  104]
 [  23   25    0 1382]]
Epoch: [ 5/200], cls_loss: 0.0776, transfer_loss: 0.5273,person_loss: 0.0000, total_Loss: 0.3412
trian begin
trian end
n_person 361
SAMPLE
F1_MI: 0.5745716099005712 F1_MA: 0.49578817176150236 ACC_MI: 0.5745716099005712 F1_MA: 0.48583016630262565
BEST_F1_MI: 0.5745716099005712 BEST_F1_MA: 0.5033524776999823 BEST_ACC_MI: 0.5745716099005712 BEST_F1_MA: 0.515532155233511
[[ 858  588   72   66]
 [ 330  409   13  153]
 [ 413  215   33  147]
 [   8    6    0 1416]]
Epoch: [ 6/200], cls_loss: 0.0759, transfer_loss: 0.3205,person_loss: 0.0000, total_Loss: 0.2362
trian begin
trian end
n_person 361
SAMPLE
F1_MI: 0.47154643537127144 F1_MA: 0.43875642462777825 ACC_MI: 0.47154643537127144 F1_MA: 0.43152928476536917
BEST_F1_MI: 0.5745716099005712 BEST_F1_MA: 0.5033524776999823 BEST_ACC_MI: 0.5745716099005712 BEST_F1_MA: 0.515532155233511
[[ 262 1023  241   58]
 [ 243  486   67  109]
 [  71  532   87  118]
 [  19   15    2 1394]]
Epoch: [ 7/200], cls_loss: 0.0616, transfer_loss: 0.3770,person_loss: 0.0000, total_Loss: 0.2501
trian begin
trian end
n_person 361
SAMPLE
F1_MI: 0.5022212819970383 F1_MA: 0.46039023748061203 ACC_MI: 0.5022212819970383 F1_MA: 0.4490594471290329
BEST_F1_MI: 0.5745716099005712 BEST_F1_MA: 0.5033524776999823 BEST_ACC_MI: 0.5745716099005712 BEST_F1_MA: 0.515532155233511
[[ 348  738  433   65]
 [ 120  562   49  174]
 [  97  525   46  140]
 [   2   10    0 1418]]
Epoch: [ 8/200], cls_loss: 0.0224, transfer_loss: 0.4164,person_loss: 0.0000, total_Loss: 0.2306
trian begin
trian end
n_person 361
SAMPLE
F1_MI: 0.5415697059445738 F1_MA: 0.49239782616588584 ACC_MI: 0.5415697059445738 F1_MA: 0.4875394907881446
BEST_F1_MI: 0.5745716099005712 BEST_F1_MA: 0.5033524776999823 BEST_ACC_MI: 0.5745716099005712 BEST_F1_MA: 0.515532155233511
[[ 587  564  369   64]
 [ 186  470  108  141]
 [  82  504   90  132]
 [   8    9    0 1413]]
Epoch: [ 9/200], cls_loss: 0.1212, transfer_loss: 0.6302,person_loss: 0.0000, total_Loss: 0.4363
trian begin
trian end
n_person 361
SAMPLE
F1_MI: 0.558282208588957 F1_MA: 0.4704027475156026 ACC_MI: 0.558282208588957 F1_MA: 0.45982848664737874
BEST_F1_MI: 0.5745716099005712 BEST_F1_MA: 0.5033524776999823 BEST_ACC_MI: 0.5745716099005712 BEST_F1_MA: 0.515532155233511
[[ 899   59  566   60]
 [ 441  272   72  120]
 [  95  526   58  129]
 [  12    8    0 1410]]
Epoch: [10/200], cls_loss: 0.0291, transfer_loss: 0.4020,person_loss: 0.0000, total_Loss: 0.2301
trian begin
trian end
n_person 361
SAMPLE
F1_MI: 0.4451026020731965 F1_MA: 0.41159086500806286 ACC_MI: 0.4451026020731965 F1_MA: 0.4080068376518259
BEST_F1_MI: 0.5745716099005712 BEST_F1_MA: 0.5033524776999823 BEST_ACC_MI: 0.5745716099005712 BEST_F1_MA: 0.515532155233511
[[ 229  174 1124   57]
 [ 258  397  140  110]
 [  94  515   82  117]
 [  26    8    0 1396]]
Epoch: [11/200], cls_loss: 0.0383, transfer_loss: 0.6254,person_loss: 0.0000, total_Loss: 0.3510
trian begin
trian end
n_person 361
SAMPLE
F1_MI: 0.46541146604611805 F1_MA: 0.41577934019136337 ACC_MI: 0.46541146604611805 F1_MA: 0.3971745627452466
BEST_F1_MI: 0.5745716099005712 BEST_F1_MA: 0.5033524776999823 BEST_ACC_MI: 0.5745716099005712 BEST_F1_MA: 0.515532155233511
[[ 261  624  645   54]
 [ 242  518   39  106]
 [ 104  565   26  113]
 [  23   11    1 1395]]
Epoch: [12/200], cls_loss: 0.1085, transfer_loss: 0.6936,person_loss: 0.0000, total_Loss: 0.4553
trian begin
trian end
n_person 361
SAMPLE
F1_MI: 0.5098371059868838 F1_MA: 0.5246375360402639 ACC_MI: 0.5098371059868838 F1_MA: 0.5320672613232668
BEST_F1_MI: 0.5745716099005712 BEST_F1_MA: 0.5246375360402639 BEST_ACC_MI: 0.5745716099005712 BEST_F1_MA: 0.5320672613232668
[[ 110 1302  116   56]
 [  44  723   30  108]
 [  75  435  183  115]
 [  17   19    0 1394]]
Epoch: [13/200], cls_loss: 0.0548, transfer_loss: 0.6636,person_loss: 0.0000, total_Loss: 0.3866
trian begin
trian end
n_person 361
SAMPLE
F1_MI: 0.5455891686058811 F1_MA: 0.49711307398873583 ACC_MI: 0.5455891686058811 F1_MA: 0.48767390181384
BEST_F1_MI: 0.5745716099005712 BEST_F1_MA: 0.5246375360402639 BEST_ACC_MI: 0.5745716099005712 BEST_F1_MA: 0.5320672613232668
[[ 553  795  181   55]
 [ 200  579   20  106]
 [ 131  514   50  113]
 [  18   12    3 1397]]
Epoch: [14/200], cls_loss: 0.1288, transfer_loss: 0.6859,person_loss: 0.0000, total_Loss: 0.4717
trian begin
trian end
n_person 361
SAMPLE
F1_MI: 0.5447429659403427 F1_MA: 0.5303496724048837 ACC_MI: 0.5447429659403427 F1_MA: 0.5261039495478594
BEST_F1_MI: 0.5745716099005712 BEST_F1_MA: 0.5303496724048837 BEST_ACC_MI: 0.5745716099005712 BEST_F1_MA: 0.5320672613232668
[[ 360  765  406   53]
 [ 107  632   67   99]
 [  86  416  197  109]
 [  23   18    3 1386]]
Epoch: [15/200], cls_loss: 0.0356, transfer_loss: 0.6578,person_loss: 0.0000, total_Loss: 0.3645
trian begin
trian end
n_person 361
SAMPLE
F1_MI: 0.6496720964671039 F1_MA: 0.6032040708263293 ACC_MI: 0.6496720964671039 F1_MA: 0.6221287312603916
BEST_F1_MI: 0.6496720964671039 BEST_F1_MA: 0.6032040708263293 BEST_ACC_MI: 0.6496720964671039 BEST_F1_MA: 0.6221287312603916
[[1064  402   65   53]
 [ 280  508   14  103]
 [ 196  389  112  111]
 [  20   22    1 1387]]
Epoch: [16/200], cls_loss: 0.0643, transfer_loss: 0.7027,person_loss: 0.0000, total_Loss: 0.4156
trian begin
trian end
n_person 361
SAMPLE
F1_MI: 0.5235878993018828 F1_MA: 0.48461612062402903 ACC_MI: 0.5235878993018828 F1_MA: 0.47365822006374214
BEST_F1_MI: 0.6496720964671039 BEST_F1_MA: 0.6032040708263293 BEST_ACC_MI: 0.6496720964671039 BEST_F1_MA: 0.6221287312603916
[[ 394  750  385   55]
 [ 101  658   40  106]
 [  81  591   25  111]
 [   6   25    1 1398]]
Epoch: [17/200], cls_loss: 0.0142, transfer_loss: 0.6778,person_loss: 0.0000, total_Loss: 0.3531
trian begin
trian end
n_person 361
SAMPLE
F1_MI: 0.4719695367040407 F1_MA: 0.43836152016171714 ACC_MI: 0.4719695367040406 F1_MA: 0.4126508982471402
BEST_F1_MI: 0.6496720964671039 BEST_F1_MA: 0.6032040708263293 BEST_ACC_MI: 0.6496720964671039 BEST_F1_MA: 0.6221287312603916
[[  80 1161  295   48]
 [  50  732   27   96]
 [  53  614   34  107]
 [   7   37    1 1385]]
Epoch: [18/200], cls_loss: 0.0240, transfer_loss: 0.7020,person_loss: 0.0000, total_Loss: 0.3750
trian begin
trian end
n_person 361
SAMPLE
F1_MI: 0.565686481912418 F1_MA: 0.5058283232760397 ACC_MI: 0.565686481912418 F1_MA: 0.4936406554436372
BEST_F1_MI: 0.6496720964671039 BEST_F1_MA: 0.6032040708263293 BEST_ACC_MI: 0.6496720964671039 BEST_F1_MA: 0.6221287312603916
[[ 688  462  382   52]
 [ 174  548   82  101]
 [ 130  517   54  107]
 [  30   12    4 1384]]
Epoch: [19/200], cls_loss: 0.0229, transfer_loss: 0.7003,person_loss: 0.0000, total_Loss: 0.3730
trian begin
trian end
n_person 361
SAMPLE
F1_MI: 0.5906494605458007 F1_MA: 0.5270292723950997 ACC_MI: 0.5906494605458007 F1_MA: 0.5137304319079727
BEST_F1_MI: 0.6496720964671039 BEST_F1_MA: 0.6032040708263293 BEST_ACC_MI: 0.6496720964671039 BEST_F1_MA: 0.6221287312603916
[[ 772  685   76   51]
 [ 159  626   21   99]
 [ 115  569   19  105]
 [  27   28    0 1375]]
Epoch: [20/200], cls_loss: 0.0538, transfer_loss: 0.6847,person_loss: 0.0000, total_Loss: 0.3962
trian begin
trian end
n_person 361
SAMPLE
F1_MI: 0.653268457795642 F1_MA: 0.5767992324642648 ACC_MI: 0.653268457795642 F1_MA: 0.5824188115810919
BEST_F1_MI: 0.653268457795642 BEST_F1_MA: 0.6032040708263293 BEST_ACC_MI: 0.653268457795642 BEST_F1_MA: 0.6221287312603916
[[1194  337    1   52]
 [ 293  506    3  103]
 [ 290  403    3  112]
 [  17   28    0 1385]]
Epoch: [21/200], cls_loss: 0.0258, transfer_loss: 0.6855,person_loss: 0.0000, total_Loss: 0.3685
trian begin
trian end
n_person 361
SAMPLE
F1_MI: 0.6361328538184895 F1_MA: 0.5668358867120252 ACC_MI: 0.6361328538184895 F1_MA: 0.5699595703543606
BEST_F1_MI: 0.653268457795642 BEST_F1_MA: 0.6032040708263293 BEST_ACC_MI: 0.653268457795642 BEST_F1_MA: 0.6221287312603916
[[1086  427   20   51]
 [ 265  520   19  101]
 [ 152  521   28  107]
 [  42    9    6 1373]]
Epoch: [22/200], cls_loss: 0.0154, transfer_loss: 0.6973,person_loss: 0.0000, total_Loss: 0.3640
trian begin
trian end
n_person 361
SAMPLE
F1_MI: 0.5661095832451872 F1_MA: 0.5365134686251073 ACC_MI: 0.5661095832451872 F1_MA: 0.5477145962451675
BEST_F1_MI: 0.653268457795642 BEST_F1_MA: 0.6032040708263293 BEST_ACC_MI: 0.653268457795642 BEST_F1_MA: 0.6221287312603916
[[ 617  911    2   54]
 [ 125  660   19  101]
 [  84  601   11  112]
 [  10   29    3 1388]]
Epoch: [23/200], cls_loss: 0.0245, transfer_loss: 0.6834,person_loss: 0.0000, total_Loss: 0.3661
trian begin
trian end
n_person 361
SAMPLE
F1_MI: 0.5785910725618786 F1_MA: 0.5198037808522745 ACC_MI: 0.5785910725618786 F1_MA: 0.5082877383000468
BEST_F1_MI: 0.653268457795642 BEST_F1_MA: 0.6032040708263293 BEST_ACC_MI: 0.653268457795642 BEST_F1_MA: 0.6221287312603916
[[ 698  776   55   55]
 [ 138  620   42  105]
 [ 119  554   20  115]
 [  14   12    7 1397]]
Epoch: [24/200], cls_loss: 0.0122, transfer_loss: 0.6881,person_loss: 0.0000, total_Loss: 0.3563
trian begin
trian end
n_person 361
SAMPLE
F1_MI: 0.47154643537127144 F1_MA: 0.42966593058444913 ACC_MI: 0.47154643537127144 F1_MA: 0.41019804812291905
BEST_F1_MI: 0.653268457795642 BEST_F1_MA: 0.6032040708263293 BEST_ACC_MI: 0.653268457795642 BEST_F1_MA: 0.6221287312603916
[[ 216 1035  284   49]
 [ 131  607   68   99]
 [ 102  572   26  108]
 [  23   27    0 1380]]
Epoch: [25/200], cls_loss: 0.0278, transfer_loss: 0.6756,person_loss: 0.0000, total_Loss: 0.3656
trian begin
trian end
n_person 361
SAMPLE
F1_MI: 0.618997249841337 F1_MA: 0.5503038208721622 ACC_MI: 0.618997249841337 F1_MA: 0.5414515969566248
BEST_F1_MI: 0.653268457795642 BEST_F1_MA: 0.6032040708263293 BEST_ACC_MI: 0.653268457795642 BEST_F1_MA: 0.6221287312603916
[[ 918  612    2   52]
 [ 173  613   18  101]
 [ 116  574   10  108]
 [   8   24   13 1385]]
Epoch: [26/200], cls_loss: 0.0169, transfer_loss: 0.6990,person_loss: 0.0000, total_Loss: 0.3664
trian begin
trian end
n_person 361
SAMPLE
F1_MI: 0.5242225513010366 F1_MA: 0.4980617871062179 ACC_MI: 0.5242225513010366 F1_MA: 0.5123138866011406
BEST_F1_MI: 0.653268457795642 BEST_F1_MA: 0.6032040708263293 BEST_ACC_MI: 0.653268457795642 BEST_F1_MA: 0.6221287312603916
[[ 498 1028    4   54]
 [ 208  574   16  107]
 [ 136  547   12  113]
 [  28    8    0 1394]]
Epoch: [27/200], cls_loss: 0.0515, transfer_loss: 0.6629,person_loss: 0.0000, total_Loss: 0.3829
trian begin
trian end
n_person 361
SAMPLE
F1_MI: 0.5739369579014174 F1_MA: 0.5108633024187489 ACC_MI: 0.5739369579014174 F1_MA: 0.4968581111130282
BEST_F1_MI: 0.653268457795642 BEST_F1_MA: 0.6032040708263293 BEST_ACC_MI: 0.653268457795642 BEST_F1_MA: 0.6221287312603916
[[ 705  611  216   52]
 [ 154  577   71  103]
 [ 119  543   36  110]
 [  21    9    5 1395]]
Epoch: [28/200], cls_loss: 0.0117, transfer_loss: 0.6771,person_loss: 0.0000, total_Loss: 0.3503
trian begin
trian end
n_person 361
SAMPLE
F1_MI: 0.5606092659191877 F1_MA: 0.5238905198177364 ACC_MI: 0.5606092659191877 F1_MA: 0.5262484494893179
BEST_F1_MI: 0.653268457795642 BEST_F1_MA: 0.6032040708263293 BEST_ACC_MI: 0.653268457795642 BEST_F1_MA: 0.6221287312603916
[[ 617  805  111   51]
 [ 186  593   28   98]
 [ 120  518   64  106]
 [  41   12    1 1376]]
Epoch: [29/200], cls_loss: 0.0244, transfer_loss: 0.6946,person_loss: 0.0000, total_Loss: 0.3717
trian begin
trian end
n_person 361
SAMPLE
F1_MI: 0.42775544742965943 F1_MA: 0.39035656940021424 ACC_MI: 0.42775544742965943 F1_MA: 0.35642465066931717
BEST_F1_MI: 0.653268457795642 BEST_F1_MA: 0.6032040708263293 BEST_ACC_MI: 0.653268457795642 BEST_F1_MA: 0.6221287312603916
[[  67 1147  330   40]
 [  79  708   44   74]
 [  93  587   54   74]
 [ 209   25    3 1193]]
Epoch: [30/200], cls_loss: 0.0397, transfer_loss: 0.6865,person_loss: 0.0000, total_Loss: 0.3829
trian begin
trian end
n_person 361
SAMPLE
F1_MI: 0.5430505606092659 F1_MA: 0.4745381010599816 ACC_MI: 0.5430505606092659 F1_MA: 0.45113428986168597
BEST_F1_MI: 0.653268457795642 BEST_F1_MA: 0.6032040708263293 BEST_ACC_MI: 0.653268457795642 BEST_F1_MA: 0.6221287312603916
[[ 578  747  207   52]
 [ 201  587   15  102]
 [ 185  500   15  108]
 [  28   15    0 1387]]
Epoch: [31/200], cls_loss: 0.0456, transfer_loss: 0.6472,person_loss: 0.0000, total_Loss: 0.3692
trian begin
trian end
n_person 361
SAMPLE
F1_MI: 0.48847048868203935 F1_MA: 0.4315262713926215 ACC_MI: 0.48847048868203935 F1_MA: 0.41537014147440876
BEST_F1_MI: 0.653268457795642 BEST_F1_MA: 0.6032040708263293 BEST_ACC_MI: 0.653268457795642 BEST_F1_MA: 0.6221287312603916
[[ 404  547  580   53]
 [ 262  492   46  105]
 [ 141  541   17  109]
 [  24   10    0 1396]]
Epoch: [32/200], cls_loss: 0.0113, transfer_loss: 0.6685,person_loss: 0.0000, total_Loss: 0.3455
trian begin
trian end
n_person 361
SAMPLE
F1_MI: 0.45927649672096466 F1_MA: 0.40838921908326664 ACC_MI: 0.45927649672096466 F1_MA: 0.3765975032927868
BEST_F1_MI: 0.653268457795642 BEST_F1_MA: 0.6032040708263293 BEST_ACC_MI: 0.653268457795642 BEST_F1_MA: 0.6221287312603916
[[  96 1193  230   65]
 [ 115  624   23  143]
 [  81  549   36  142]
 [  11    4    0 1415]]
Epoch: [33/200], cls_loss: 0.0243, transfer_loss: 0.6735,person_loss: 0.0000, total_Loss: 0.3610
trian begin
trian end
n_person 361
SAMPLE
F1_MI: 0.46393061138142583 F1_MA: 0.4197742877668218 ACC_MI: 0.46393061138142583 F1_MA: 0.39774465716473734
BEST_F1_MI: 0.653268457795642 BEST_F1_MA: 0.6032040708263293 BEST_ACC_MI: 0.653268457795642 BEST_F1_MA: 0.6221287312603916
[[ 197  597  739   51]
 [ 177  588   44   96]
 [ 115  554   35  104]
 [  49    8    0 1373]]
Epoch: [34/200], cls_loss: 0.0133, transfer_loss: 0.6927,person_loss: 0.0000, total_Loss: 0.3596
trian begin
trian end
n_person 361
SAMPLE
F1_MI: 0.4797969113602708 F1_MA: 0.4443756571780781 ACC_MI: 0.4797969113602708 F1_MA: 0.43968168845016553
BEST_F1_MI: 0.653268457795642 BEST_F1_MA: 0.6032040708263293 BEST_ACC_MI: 0.653268457795642 BEST_F1_MA: 0.6221287312603916
[[ 302 1204   23   55]
 [ 231  554   14  106]
 [ 129  551   12  116]
 [  25    5    0 1400]]
Epoch: [35/200], cls_loss: 0.0107, transfer_loss: 0.6824,person_loss: 0.0000, total_Loss: 0.3519
trian begin
trian end
n_person 361
SAMPLE
F1_MI: 0.49566321133911573 F1_MA: 0.507088912048278 ACC_MI: 0.49566321133911573 F1_MA: 0.5333384057507533
BEST_F1_MI: 0.653268457795642 BEST_F1_MA: 0.6032040708263293 BEST_ACC_MI: 0.653268457795642 BEST_F1_MA: 0.6221287312603916
[[ 201 1320   10   53]
 [  60  743    1  101]
 [ 140  545   13  110]
 [  28   16    0 1386]]
Epoch: [36/200], cls_loss: 0.0063, transfer_loss: 0.7010,person_loss: 0.0000, total_Loss: 0.3568
trian begin
trian end
n_person 361
SAMPLE
F1_MI: 0.563570975248572 F1_MA: 0.5753848008151394 ACC_MI: 0.563570975248572 F1_MA: 0.5812509635291074
BEST_F1_MI: 0.653268457795642 BEST_F1_MA: 0.6032040708263293 BEST_ACC_MI: 0.653268457795642 BEST_F1_MA: 0.6221287312603916
[[ 286 1007  239   52]
 [  43  742   18  102]
 [  99  349  249  111]
 [  16   27    0 1387]]
Epoch: [37/200], cls_loss: 0.0345, transfer_loss: 0.6984,person_loss: 0.0000, total_Loss: 0.3837
trian begin
trian end
n_person 361
SAMPLE
F1_MI: 0.5735138565686482 F1_MA: 0.5382579950736357 ACC_MI: 0.5735138565686482 F1_MA: 0.5317271808898536
BEST_F1_MI: 0.653268457795642 BEST_F1_MA: 0.6032040708263293 BEST_ACC_MI: 0.653268457795642 BEST_F1_MA: 0.6221287312603916
[[ 573  674  285   52]
 [ 172  609   20  104]
 [ 159  397  141  111]
 [  33    9    0 1388]]
Epoch: [38/200], cls_loss: 0.0084, transfer_loss: 0.7003,person_loss: 0.0000, total_Loss: 0.3585
trian begin
trian end
n_person 361
SAMPLE
F1_MI: 0.5813412312248784 F1_MA: 0.606980943475252 ACC_MI: 0.5813412312248784 F1_MA: 0.6399400335698536
BEST_F1_MI: 0.653268457795642 BEST_F1_MA: 0.606980943475252 BEST_ACC_MI: 0.653268457795642 BEST_F1_MA: 0.6399400335698536
[[ 425 1058   50   51]
 [ 115  677   17   96]
 [ 155  284  263  106]
 [  32   15    0 1383]]
Epoch: [39/200], cls_loss: 0.0096, transfer_loss: 0.6883,person_loss: 0.0000, total_Loss: 0.3537
trian begin
trian end
n_person 361
SAMPLE
F1_MI: 0.5627247725830337 F1_MA: 0.5333511767501743 ACC_MI: 0.5627247725830337 F1_MA: 0.5322609210463174
BEST_F1_MI: 0.653268457795642 BEST_F1_MA: 0.606980943475252 BEST_ACC_MI: 0.653268457795642 BEST_F1_MA: 0.6399400335698536
[[ 525  807  201   51]
 [ 127  645   25  108]
 [ 129  466   96  117]
 [   9   27    0 1394]]
Epoch: [40/200], cls_loss: 0.0098, transfer_loss: 0.6869,person_loss: 0.0000, total_Loss: 0.3533
trian begin
trian end
n_person 361
SAMPLE
F1_MI: 0.6132853818489529 F1_MA: 0.508492295123899 ACC_MI: 0.6132853818489529 F1_MA: 0.4870420524724343
BEST_F1_MI: 0.653268457795642 BEST_F1_MA: 0.606980943475252 BEST_ACC_MI: 0.653268457795642 BEST_F1_MA: 0.6399400335698536
[[1090  324  118   52]
 [ 366  397   39  103]
 [ 249  426   25  108]
 [  10   29    4 1387]]
Epoch: [41/200], cls_loss: 0.0307, transfer_loss: 0.7128,person_loss: 0.0000, total_Loss: 0.3872
trian begin
trian end
n_person 361
SAMPLE
F1_MI: 0.5051829913264226 F1_MA: 0.4490669758103285 ACC_MI: 0.5051829913264226 F1_MA: 0.4316183221319486
BEST_F1_MI: 0.653268457795642 BEST_F1_MA: 0.606980943475252 BEST_ACC_MI: 0.653268457795642 BEST_F1_MA: 0.6399400335698536
[[ 433  952  145   54]
 [ 236  544   16  109]
 [ 154  519   20  115]
 [  16   22    1 1391]]
Epoch: [42/200], cls_loss: 0.0067, transfer_loss: 0.6863,person_loss: 0.0000, total_Loss: 0.3499
trian begin
trian end
n_person 361
SAMPLE
F1_MI: 0.5005288766659615 F1_MA: 0.4487874868938226 ACC_MI: 0.5005288766659615 F1_MA: 0.4341037750387687
BEST_F1_MI: 0.653268457795642 BEST_F1_MA: 0.606980943475252 BEST_ACC_MI: 0.653268457795642 BEST_F1_MA: 0.6399400335698536
[[ 424 1036   73   51]
 [ 236  554   16   99]
 [ 149  541   14  104]
 [  42   14    0 1374]]
Epoch: [43/200], cls_loss: 0.0110, transfer_loss: 0.7023,person_loss: 0.0000, total_Loss: 0.3622
trian begin
trian end
n_person 361
SAMPLE
F1_MI: 0.4992595726676539 F1_MA: 0.44858400297140855 ACC_MI: 0.4992595726676539 F1_MA: 0.4340760202057069
BEST_F1_MI: 0.653268457795642 BEST_F1_MA: 0.606980943475252 BEST_ACC_MI: 0.653268457795642 BEST_F1_MA: 0.6399400335698536
[[ 405  603  520   56]
 [ 212  524   60  109]
 [ 133  521   39  115]
 [  20   15    3 1392]]
Epoch: [44/200], cls_loss: 0.0070, transfer_loss: 0.6901,person_loss: 0.0000, total_Loss: 0.3521
trian begin
trian end
n_person 361
SAMPLE
F1_MI: 0.48487412735350116 F1_MA: 0.44976465953536215 ACC_MI: 0.48487412735350116 F1_MA: 0.43574146189884555
BEST_F1_MI: 0.653268457795642 BEST_F1_MA: 0.606980943475252 BEST_ACC_MI: 0.653268457795642 BEST_F1_MA: 0.6399400335698536
[[ 264  755  514   51]
 [ 140  572   95   98]
 [ 110  513   78  107]
 [  39    8    5 1378]]
Epoch: [45/200], cls_loss: 0.0553, transfer_loss: 0.6766,person_loss: 0.0000, total_Loss: 0.3936
trian begin
trian end
n_person 361
SAMPLE
F1_MI: 0.5898032578802623 F1_MA: 0.5312911807620265 ACC_MI: 0.5898032578802623 F1_MA: 0.519865829710071
BEST_F1_MI: 0.653268457795642 BEST_F1_MA: 0.606980943475252 BEST_ACC_MI: 0.653268457795642 BEST_F1_MA: 0.6399400335698536
[[ 761  369  405   49]
 [ 134  589   89   93]
 [ 125  508   67  108]
 [  41   16    2 1371]]
Epoch: [46/200], cls_loss: 0.0167, transfer_loss: 0.6981,person_loss: 0.0000, total_Loss: 0.3657
trian begin
trian end
n_person 361
SAMPLE
F1_MI: 0.5428390099428814 F1_MA: 0.48823508452043396 ACC_MI: 0.5428390099428814 F1_MA: 0.46879535885254636
BEST_F1_MI: 0.653268457795642 BEST_F1_MA: 0.606980943475252 BEST_ACC_MI: 0.653268457795642 BEST_F1_MA: 0.6399400335698536
[[ 498  664  369   53]
 [ 132  652   17  104]
 [ 133  539   23  113]
 [  25   10    2 1393]]
Epoch: [47/200], cls_loss: 0.0131, transfer_loss: 0.6971,person_loss: 0.0000, total_Loss: 0.3616
trian begin
trian end
n_person 361
SAMPLE
F1_MI: 0.4518722233975037 F1_MA: 0.41415017754067573 ACC_MI: 0.4518722233975037 F1_MA: 0.3865857085010949
BEST_F1_MI: 0.653268457795642 BEST_F1_MA: 0.606980943475252 BEST_ACC_MI: 0.653268457795642 BEST_F1_MA: 0.6399400335698536
[[  92 1185  260   47]
 [ 112  623   84   86]
 [  98  532   81   97]
 [  84    1    5 1340]]
Epoch: [48/200], cls_loss: 0.0365, transfer_loss: 0.6971,person_loss: 0.0000, total_Loss: 0.3850
trian begin
trian end
n_person 361
SAMPLE
F1_MI: 0.4607573513856569 F1_MA: 0.4102938516812984 ACC_MI: 0.4607573513856569 F1_MA: 0.3857987072502131
BEST_F1_MI: 0.653268457795642 BEST_F1_MA: 0.606980943475252 BEST_ACC_MI: 0.653268457795642 BEST_F1_MA: 0.6399400335698536
[[ 198 1208  128   50]
 [ 195  580   31   99]
 [ 103  584   14  107]
 [  31   11    2 1386]]
Epoch: [49/200], cls_loss: 0.0228, transfer_loss: 0.6990,person_loss: 0.0000, total_Loss: 0.3723
trian begin
trian end
n_person 361
SAMPLE
F1_MI: 0.4929130526761159 F1_MA: 0.4982591716661825 ACC_MI: 0.4929130526761159 F1_MA: 0.5204280225311192
BEST_F1_MI: 0.653268457795642 BEST_F1_MA: 0.606980943475252 BEST_ACC_MI: 0.653268457795642 BEST_F1_MA: 0.6399400335698536
[[ 206 1324    2   52]
 [  75  713   14  103]
 [  74  611   13  110]
 [  17   13    2 1398]]
Epoch: [50/200], cls_loss: 0.0210, transfer_loss: 0.6946,person_loss: 0.0000, total_Loss: 0.3683
trian begin
trian end
n_person 361
SAMPLE
F1_MI: 0.5506663845991114 F1_MA: 0.5122726815616017 ACC_MI: 0.5506663845991114 F1_MA: 0.5124900983203761
BEST_F1_MI: 0.653268457795642 BEST_F1_MA: 0.606980943475252 BEST_ACC_MI: 0.653268457795642 BEST_F1_MA: 0.6399400335698536
[[ 565  960    6   53]
 [ 125  638   40  102]
 [  94  594   14  106]
 [  22   18    4 1386]]
Epoch: [51/200], cls_loss: 0.0107, transfer_loss: 0.6842,person_loss: 0.0000, total_Loss: 0.3528
trian begin
trian end
n_person 361
SAMPLE
F1_MI: 0.4527184260630421 F1_MA: 0.4131430490059329 ACC_MI: 0.4527184260630421 F1_MA: 0.3964272721886408
BEST_F1_MI: 0.653268457795642 BEST_F1_MA: 0.606980943475252 BEST_ACC_MI: 0.653268457795642 BEST_F1_MA: 0.6399400335698536
[[ 170 1157  205   52]
 [  99  566  141   99]
 [  84  600   20  104]
 [  29   11    6 1384]]
Epoch: [52/200], cls_loss: 0.0119, transfer_loss: 0.6947,person_loss: 0.0000, total_Loss: 0.3592
trian begin
trian end
n_person 361
SAMPLE
F1_MI: 0.6249206685001057 F1_MA: 0.5358288787413839 ACC_MI: 0.6249206685001057 F1_MA: 0.5112408116938776
BEST_F1_MI: 0.653268457795642 BEST_F1_MA: 0.606980943475252 BEST_ACC_MI: 0.653268457795642 BEST_F1_MA: 0.6399400335698536
[[ 973  484   75   52]
 [ 140  604   66   95]
 [ 134  560   13  101]
 [  44   19    3 1364]]
Epoch: [53/200], cls_loss: 0.0104, transfer_loss: 0.6976,person_loss: 0.0000, total_Loss: 0.3592
trian begin
trian end
n_person 361
SAMPLE
F1_MI: 0.6562301671250265 F1_MA: 0.5628773917691698 ACC_MI: 0.6562301671250265 F1_MA: 0.547503056592583
BEST_F1_MI: 0.6562301671250265 BEST_F1_MA: 0.606980943475252 BEST_ACC_MI: 0.6562301671250265 BEST_F1_MA: 0.6399400335698536
[[1171  335   27   51]
 [ 224  509   74   98]
 [ 257  404   38  109]
 [  13   14   19 1384]]
Epoch: [54/200], cls_loss: 0.0031, transfer_loss: 0.6958,person_loss: 0.0000, total_Loss: 0.3510
trian begin
trian end
n_person 361
SAMPLE
F1_MI: 0.5269727099640363 F1_MA: 0.4698335884524111 ACC_MI: 0.5269727099640363 F1_MA: 0.45156251007547776
BEST_F1_MI: 0.6562301671250265 BEST_F1_MA: 0.606980943475252 BEST_ACC_MI: 0.6562301671250265 BEST_F1_MA: 0.6399400335698536
[[ 492  847  192   53]
 [ 135  570   84  116]
 [ 244  419   35  110]
 [  16   13    7 1394]]
Epoch: [55/200], cls_loss: 0.0175, transfer_loss: 0.6867,person_loss: 0.0000, total_Loss: 0.3609
trian begin
trian end
n_person 361
SAMPLE
F1_MI: 0.4762005500317326 F1_MA: 0.4645736941475719 ACC_MI: 0.4762005500317326 F1_MA: 0.4664864237322101
BEST_F1_MI: 0.6562301671250265 BEST_F1_MA: 0.606980943475252 BEST_ACC_MI: 0.6562301671250265 BEST_F1_MA: 0.6399400335698536
[[ 153 1226  148   57]
 [  57  657   76  115]
 [  26  617   38  127]
 [   3   15    9 1403]]
Epoch: [56/200], cls_loss: 0.0055, transfer_loss: 0.6935,person_loss: 0.0000, total_Loss: 0.3523
trian begin
trian end
n_person 361
SAMPLE
F1_MI: 0.5223185953035752 F1_MA: 0.5012824214892111 ACC_MI: 0.5223185953035752 F1_MA: 0.5139225352240426
BEST_F1_MI: 0.6562301671250265 BEST_F1_MA: 0.606980943475252 BEST_ACC_MI: 0.6562301671250265 BEST_F1_MA: 0.6399400335698536
[[ 467 1063    6   48]
 [ 170  633   10   92]
 [ 147  555   10   96]
 [  60   10    1 1359]]
Epoch: [57/200], cls_loss: 0.0035, transfer_loss: 0.6875,person_loss: 0.0000, total_Loss: 0.3473
trian begin
trian end
n_person 361
SAMPLE
F1_MI: 0.5017981806642691 F1_MA: 0.5074001774941185 ACC_MI: 0.5017981806642691 F1_MA: 0.5551985722910112
BEST_F1_MI: 0.6562301671250265 BEST_F1_MA: 0.606980943475252 BEST_ACC_MI: 0.6562301671250265 BEST_F1_MA: 0.6399400335698536
[[ 408 1123    0   53]
 [ 224  582    1   98]
 [ 108  590    3  107]
 [  35   15    1 1379]]
Epoch: [58/200], cls_loss: 0.0145, transfer_loss: 0.7001,person_loss: 0.0000, total_Loss: 0.3646
trian begin
trian end
n_person 361
SAMPLE
F1_MI: 0.5589168605881109 F1_MA: 0.4837956696777033 ACC_MI: 0.5589168605881109 F1_MA: 0.463442214810141
BEST_F1_MI: 0.6562301671250265 BEST_F1_MA: 0.606980943475252 BEST_ACC_MI: 0.6562301671250265 BEST_F1_MA: 0.6399400335698536
[[ 695  787   47   55]
 [ 223  541   36  105]
 [ 142  540    8  118]
 [  19   13    0 1398]]
Epoch: [59/200], cls_loss: 0.0060, transfer_loss: 0.6736,person_loss: 0.0000, total_Loss: 0.3428
trian begin
trian end
n_person 361
SAMPLE
F1_MI: 0.5043367886608843 F1_MA: 0.45590986556326196 ACC_MI: 0.5043367886608843 F1_MA: 0.4388486412922613
BEST_F1_MI: 0.6562301671250265 BEST_F1_MA: 0.606980943475252 BEST_ACC_MI: 0.6562301671250265 BEST_F1_MA: 0.6399400335698536
[[ 385  769  377   53]
 [ 155  595   56   99]
 [ 123  546   28  111]
 [  43    9    2 1376]]
Epoch: [60/200], cls_loss: 0.0669, transfer_loss: 0.6917,person_loss: 0.0000, total_Loss: 0.4127
trian begin
trian end
n_person 361
SAMPLE
F1_MI: 0.49693251533742333 F1_MA: 0.470964275776011 ACC_MI: 0.49693251533742333 F1_MA: 0.4649666897961061
BEST_F1_MI: 0.6562301671250265 BEST_F1_MA: 0.606980943475252 BEST_ACC_MI: 0.6562301671250265 BEST_F1_MA: 0.6399400335698536
[[ 270 1077  184   53]
 [  67  666   66  106]
 [  61  604   26  117]
 [  16   22    5 1387]]
Epoch: [61/200], cls_loss: 0.0170, transfer_loss: 0.6799,person_loss: 0.0000, total_Loss: 0.3569
trian begin
trian end
n_person 361
SAMPLE
F1_MI: 0.48106621535857835 F1_MA: 0.458997786597435 ACC_MI: 0.48106621535857835 F1_MA: 0.45008702583580285
BEST_F1_MI: 0.6562301671250265 BEST_F1_MA: 0.606980943475252 BEST_ACC_MI: 0.6562301671250265 BEST_F1_MA: 0.6399400335698536
[[ 169 1344   17   54]
 [  59  711   34  101]
 [  73  615   11  109]
 [  21   24    2 1383]]
Epoch: [62/200], cls_loss: 0.0314, transfer_loss: 0.7040,person_loss: 0.0000, total_Loss: 0.3834
trian begin
trian end
n_person 361
SAMPLE
F1_MI: 0.5299344192934208 F1_MA: 0.474003066184608 ACC_MI: 0.5299344192934208 F1_MA: 0.45879116911077755
BEST_F1_MI: 0.6562301671250265 BEST_F1_MA: 0.606980943475252 BEST_ACC_MI: 0.6562301671250265 BEST_F1_MA: 0.6399400335698536
[[ 507  685  334   58]
 [ 169  573   49  114]
 [ 106  560   21  121]
 [   5   20    1 1404]]
Epoch: [63/200], cls_loss: 0.0159, transfer_loss: 0.6824,person_loss: 0.0000, total_Loss: 0.3571
trian begin
trian end
n_person 361
SAMPLE
F1_MI: 0.5199915379733446 F1_MA: 0.4796613587133505 ACC_MI: 0.5199915379733446 F1_MA: 0.46504419534224817
BEST_F1_MI: 0.6562301671250265 BEST_F1_MA: 0.606980943475252 BEST_ACC_MI: 0.6562301671250265 BEST_F1_MA: 0.6399400335698536
[[ 460  601  478   45]
 [ 103  654   67   81]
 [ 167  510   52   79]
 [ 116   17    5 1292]]
Epoch: [64/200], cls_loss: 0.0030, transfer_loss: 0.6892,person_loss: 0.0000, total_Loss: 0.3476
trian begin
trian end
n_person 361
SAMPLE
F1_MI: 0.510260207319653 F1_MA: 0.47651188284014595 ACC_MI: 0.510260207319653 F1_MA: 0.4594238827762711
BEST_F1_MI: 0.6562301671250265 BEST_F1_MA: 0.606980943475252 BEST_ACC_MI: 0.6562301671250265 BEST_F1_MA: 0.6399400335698536
[[ 274  864  395   51]
 [  32  719   40  114]
 [ 141  517   37  113]
 [  18   24    6 1382]]
Epoch: [65/200], cls_loss: 0.0034, transfer_loss: 0.6865,person_loss: 0.0000, total_Loss: 0.3467
trian begin
trian end
n_person 361
SAMPLE
F1_MI: 0.35053945419928073 F1_MA: 0.37092720485181213 ACC_MI: 0.35053945419928073 F1_MA: 0.38134042257860706
BEST_F1_MI: 0.6562301671250265 BEST_F1_MA: 0.606980943475252 BEST_ACC_MI: 0.6562301671250265 BEST_F1_MA: 0.6399400335698536
[[ 836  692   54    2]
 [  94  694  107   10]
 [ 221  462  113   12]
 [  12   30 1374   14]]
Epoch: [66/200], cls_loss: 0.0217, transfer_loss: 0.6877,person_loss: 0.0000, total_Loss: 0.3655
trian begin
trian end
n_person 361
SAMPLE
F1_MI: 0.4266976940977364 F1_MA: 0.4746780678712087 ACC_MI: 0.4266976940977364 F1_MA: 0.6199117211504576
BEST_F1_MI: 0.6562301671250265 BEST_F1_MA: 0.606980943475252 BEST_ACC_MI: 0.6562301671250265 BEST_F1_MA: 0.6399400335698536
[[ 238  307    0 1039]
 [   3  351    1  550]
 [  32   56    3  717]
 [   5    0    0 1425]]
Epoch: [67/200], cls_loss: 0.0093, transfer_loss: 0.6594,person_loss: 0.0000, total_Loss: 0.3390
trian begin
trian end
n_person 361
SAMPLE
F1_MI: 0.49164374867780836 F1_MA: 0.5308729394777039 ACC_MI: 0.49164374867780836 F1_MA: 0.5866079210503294
BEST_F1_MI: 0.6562301671250265 BEST_F1_MA: 0.606980943475252 BEST_ACC_MI: 0.6562301671250265 BEST_F1_MA: 0.6399400335698536
[[ 132 1393    0   59]
 [   6  791    3  105]
 [  35  642    4  127]
 [   5   27    1 1397]]
Epoch: [68/200], cls_loss: 0.0144, transfer_loss: 0.6745,person_loss: 0.0000, total_Loss: 0.3517
trian begin
trian end
n_person 361
SAMPLE
F1_MI: 0.650095197799873 F1_MA: 0.6045375876712475 ACC_MI: 0.650095197799873 F1_MA: 0.6202447637951988
BEST_F1_MI: 0.6562301671250265 BEST_F1_MA: 0.606980943475252 BEST_ACC_MI: 0.6562301671250265 BEST_F1_MA: 0.6399400335698536
[[1006  527    1   50]
 [ 123  677    5  100]
 [ 201  493    6  108]
 [  20   26    0 1384]]
Epoch: [69/200], cls_loss: 0.0129, transfer_loss: 0.6562,person_loss: 0.0000, total_Loss: 0.3410
trian begin
trian end
n_person 361
SAMPLE
F1_MI: 0.45991114872011846 F1_MA: 0.45684235029583686 ACC_MI: 0.45991114872011846 F1_MA: 0.460090252361687
BEST_F1_MI: 0.6562301671250265 BEST_F1_MA: 0.606980943475252 BEST_ACC_MI: 0.6562301671250265 BEST_F1_MA: 0.6399400335698536
[[  51 1478    0   55]
 [  52  726    5  122]
 [  72  606    6  124]
 [  20   18    1 1391]]
Epoch: [70/200], cls_loss: 0.0257, transfer_loss: 0.6862,person_loss: 0.0000, total_Loss: 0.3688
trian begin
trian end
n_person 361
SAMPLE
F1_MI: 0.63063253649249 F1_MA: 0.5763005713641732 ACC_MI: 0.63063253649249 F1_MA: 0.5720747707621332
BEST_F1_MI: 0.6562301671250265 BEST_F1_MA: 0.606980943475252 BEST_ACC_MI: 0.6562301671250265 BEST_F1_MA: 0.6399400335698536
[[ 887  542  104   51]
 [ 108  602   93  102]
 [ 190  407  100  111]
 [  12   12   14 1392]]
Epoch: [71/200], cls_loss: 0.0343, transfer_loss: 0.6697,person_loss: 0.0000, total_Loss: 0.3692
trian begin
trian end
n_person 361
SAMPLE
F1_MI: 0.6374021578167971 F1_MA: 0.5687393458863075 ACC_MI: 0.6374021578167971 F1_MA: 0.5737987372567452
BEST_F1_MI: 0.6562301671250265 BEST_F1_MA: 0.606980943475252 BEST_ACC_MI: 0.6562301671250265 BEST_F1_MA: 0.6399400335698536
[[1109  417   11   47]
 [ 277  527   10   91]
 [ 360  331   18   99]
 [  63    4    4 1359]]
Epoch: [72/200], cls_loss: 0.0101, transfer_loss: 0.6794,person_loss: 0.0000, total_Loss: 0.3498
trian begin
trian end
n_person 361
SAMPLE
F1_MI: 0.46498836471334887 F1_MA: 0.4404617561431109 ACC_MI: 0.46498836471334887 F1_MA: 0.41816220654485614
BEST_F1_MI: 0.6562301671250265 BEST_F1_MA: 0.606980943475252 BEST_ACC_MI: 0.6562301671250265 BEST_F1_MA: 0.6399400335698536
[[  11 1518    4   51]
 [  14  786    7   98]
 [  40  646   11  111]
 [  12   24    4 1390]]
Epoch: [73/200], cls_loss: 0.0147, transfer_loss: 0.6960,person_loss: 0.0000, total_Loss: 0.3627
trian begin
trian end
n_person 361
SAMPLE
F1_MI: 0.5881108525491855 F1_MA: 0.5497798707763457 ACC_MI: 0.5881108525491855 F1_MA: 0.5543108314690598
BEST_F1_MI: 0.6562301671250265 BEST_F1_MA: 0.606980943475252 BEST_ACC_MI: 0.6562301671250265 BEST_F1_MA: 0.6399400335698536
[[ 698  785   51   50]
 [ 121  654   24  106]
 [  96  560   36  116]
 [  18   14    6 1392]]
Epoch: [74/200], cls_loss: 0.0061, transfer_loss: 0.6798,person_loss: 0.0000, total_Loss: 0.3460
trian begin
trian end
n_person 361
SAMPLE
F1_MI: 0.5845144912206474 F1_MA: 0.5751874267346934 ACC_MI: 0.5845144912206474 F1_MA: 0.6077458158972928
BEST_F1_MI: 0.6562301671250265 BEST_F1_MA: 0.606980943475252 BEST_ACC_MI: 0.6562301671250265 BEST_F1_MA: 0.6399400335698536
[[ 658  867   10   49]
 [ 110  688   12   95]
 [ 117  548   32  111]
 [  31    9    5 1385]]
Epoch: [75/200], cls_loss: 0.0069, transfer_loss: 0.6884,person_loss: 0.0000, total_Loss: 0.3511
trian begin
trian end
n_person 361
SAMPLE
F1_MI: 0.6018616458641844 F1_MA: 0.5468308069971413 ACC_MI: 0.6018616458641844 F1_MA: 0.5457101787377987
BEST_F1_MI: 0.6562301671250265 BEST_F1_MA: 0.606980943475252 BEST_ACC_MI: 0.6562301671250265 BEST_F1_MA: 0.6399400335698536
[[ 852  647   39   46]
 [ 188  607   18   92]
 [ 128  555   26   99]
 [  19   43    8 1360]]
Epoch: [76/200], cls_loss: 0.0055, transfer_loss: 0.6933,person_loss: 0.0000, total_Loss: 0.3522
trian begin
trian end
n_person 361
SAMPLE
F1_MI: 0.48402792468796274 F1_MA: 0.5077866545631905 ACC_MI: 0.48402792468796274 F1_MA: 0.5401491378731847
BEST_F1_MI: 0.6562301671250265 BEST_F1_MA: 0.606980943475252 BEST_ACC_MI: 0.6562301671250265 BEST_F1_MA: 0.6399400335698536
[[ 102 1427    3   52]
 [  20  769   15  101]
 [  48  628   21  111]
 [   5   23    6 1396]]
Epoch: [77/200], cls_loss: 0.0089, transfer_loss: 0.6767,person_loss: 0.0000, total_Loss: 0.3472
trian begin
trian end
n_person 361
SAMPLE
F1_MI: 0.568859741908187 F1_MA: 0.590442988104759 ACC_MI: 0.568859741908187 F1_MA: 0.65596028243629
BEST_F1_MI: 0.6562301671250265 BEST_F1_MA: 0.606980943475252 BEST_ACC_MI: 0.6562301671250265 BEST_F1_MA: 0.65596028243629
[[ 541  980    4   59]
 [  45  722    6  132]
 [  63  597   20  128]
 [   2   22    0 1406]]
Epoch: [78/200], cls_loss: 0.0019, transfer_loss: 0.6857,person_loss: 0.0000, total_Loss: 0.3447
trian begin
trian end
n_person 361
SAMPLE
F1_MI: 0.46731542204357945 F1_MA: 0.46209822531026795 ACC_MI: 0.46731542204357945 F1_MA: 0.47605953557385655
BEST_F1_MI: 0.6562301671250265 BEST_F1_MA: 0.606980943475252 BEST_ACC_MI: 0.6562301671250265 BEST_F1_MA: 0.65596028243629
[[ 471 1035   57   21]
 [ 165  614   66   60]
 [ 179  521   63   45]
 [ 358    4    7 1061]]
Epoch: [79/200], cls_loss: 0.0069, transfer_loss: 0.6942,person_loss: 0.0000, total_Loss: 0.3540
trian begin
trian end
n_person 361
SAMPLE
F1_MI: 0.5855722445525703 F1_MA: 0.5525525232068225 ACC_MI: 0.5855722445525703 F1_MA: 0.5582014225466693
BEST_F1_MI: 0.6562301671250265 BEST_F1_MA: 0.606980943475252 BEST_ACC_MI: 0.6562301671250265 BEST_F1_MA: 0.65596028243629
[[ 654  837   38   55]
 [  59  688   49  109]
 [  72  588   33  115]
 [   2   21   14 1393]]
Epoch: [80/200], cls_loss: 0.0032, transfer_loss: 0.6874,person_loss: 0.0000, total_Loss: 0.3469
trian begin
trian end
n_person 361
SAMPLE
F1_MI: 0.54093505394542 F1_MA: 0.5795847951536058 ACC_MI: 0.54093505394542 F1_MA: 0.6563857402848107
BEST_F1_MI: 0.6562301671250265 BEST_F1_MA: 0.606980943475252 BEST_ACC_MI: 0.6562301671250265 BEST_F1_MA: 0.6563857402848107
[[ 401 1133    0   50]
 [  39  765    2   99]
 [  74  616    8  110]
 [  17   29    1 1383]]
Epoch: [81/200], cls_loss: 0.0070, transfer_loss: 0.6944,person_loss: 0.0000, total_Loss: 0.3542
trian begin
trian end
n_person 361
SAMPLE
F1_MI: 0.5483393272688809 F1_MA: 0.5780694342453401 ACC_MI: 0.5483393272688809 F1_MA: 0.6377837695924019
BEST_F1_MI: 0.6562301671250265 BEST_F1_MA: 0.606980943475252 BEST_ACC_MI: 0.6562301671250265 BEST_F1_MA: 0.6563857402848107
[[ 447 1084    6   47]
 [  52  755   12   86]
 [  91  573   48   96]
 [  56   29    3 1342]]
Epoch: [82/200], cls_loss: 0.0112, transfer_loss: 0.6828,person_loss: 0.0000, total_Loss: 0.3526
trian begin
trian end
n_person 361
SAMPLE
F1_MI: 0.6101121218531839 F1_MA: 0.6284926514513464 ACC_MI: 0.6101121218531839 F1_MA: 0.6735964167114444
BEST_F1_MI: 0.6562301671250265 BEST_F1_MA: 0.6284926514513464 BEST_ACC_MI: 0.6562301671250265 BEST_F1_MA: 0.6735964167114444
[[ 627  879   31   47]
 [  38  752   25   90]
 [  97  469  143   99]
 [  15   43   10 1362]]
Epoch: [83/200], cls_loss: 0.0148, transfer_loss: 0.6974,person_loss: 0.0000, total_Loss: 0.3635
trian begin
trian end
n_person 361
SAMPLE
F1_MI: 0.6268246244975672 F1_MA: 0.5793360531001055 ACC_MI: 0.6268246244975672 F1_MA: 0.5742144666838558
BEST_F1_MI: 0.6562301671250265 BEST_F1_MA: 0.6284926514513464 BEST_ACC_MI: 0.6562301671250265 BEST_F1_MA: 0.6735964167114444
[[ 807  441  283   53]
 [  81  660   61  103]
 [  74  517   99  118]
 [   0   28    5 1397]]
Epoch: [84/200], cls_loss: 0.0046, transfer_loss: 0.6869,person_loss: 0.0000, total_Loss: 0.3480
trian begin
trian end
n_person 361
SAMPLE
F1_MI: 0.47873915802834777 F1_MA: 0.4827904246166183 ACC_MI: 0.47873915802834777 F1_MA: 0.4912832984673646
BEST_F1_MI: 0.6562301671250265 BEST_F1_MA: 0.6284926514513464 BEST_ACC_MI: 0.6562301671250265 BEST_F1_MA: 0.6735964167114444
[[ 204 1252   84   44]
 [ 116  684   23   82]
 [ 122  510   97   79]
 [ 133   17    2 1278]]
Epoch: [85/200], cls_loss: 0.0479, transfer_loss: 0.6979,person_loss: 0.0000, total_Loss: 0.3968
trian begin
trian end
n_person 361
SAMPLE
F1_MI: 0.5713983499048022 F1_MA: 0.558956824673385 ACC_MI: 0.5713983499048022 F1_MA: 0.5735639970529828
BEST_F1_MI: 0.6562301671250265 BEST_F1_MA: 0.6284926514513464 BEST_ACC_MI: 0.6562301671250265 BEST_F1_MA: 0.6735964167114444
[[ 521  904  108   51]
 [  65  705   30  105]
 [  80  538   76  114]
 [   5   26    0 1399]]
Epoch: [86/200], cls_loss: 0.0108, transfer_loss: 0.6921,person_loss: 0.0000, total_Loss: 0.3568
trian begin
trian end
n_person 361
SAMPLE
F1_MI: 0.4757774486989634 F1_MA: 0.4659447848617953 ACC_MI: 0.4757774486989634 F1_MA: 0.46930679905978223
BEST_F1_MI: 0.6562301671250265 BEST_F1_MA: 0.6284926514513464 BEST_ACC_MI: 0.6562301671250265 BEST_F1_MA: 0.6735964167114444
[[ 173 1337   21   53]
 [  85  666   48  106]
 [  64  581   36  127]
 [  41    6    9 1374]]
Epoch: [87/200], cls_loss: 0.0049, transfer_loss: 0.7024,person_loss: 0.0000, total_Loss: 0.3561
trian begin
trian end
n_person 361
SAMPLE
F1_MI: 0.4719695367040407 F1_MA: 0.5174808975505573 ACC_MI: 0.4719695367040406 F1_MA: 0.5883086401749258
BEST_F1_MI: 0.6562301671250265 BEST_F1_MA: 0.6284926514513464 BEST_ACC_MI: 0.6562301671250265 BEST_F1_MA: 0.6735964167114444
[[ 166 1370    0   48]
 [ 101  703    3   98]
 [  81  599   25  103]
 [  82   10    1 1337]]
Epoch: [88/200], cls_loss: 0.0133, transfer_loss: 0.6902,person_loss: 0.0000, total_Loss: 0.3584
trian begin
trian end
n_person 361
SAMPLE
F1_MI: 0.5354347366194203 F1_MA: 0.5258862976983202 ACC_MI: 0.5354347366194203 F1_MA: 0.5441046972579684
BEST_F1_MI: 0.6562301671250265 BEST_F1_MA: 0.6284926514513464 BEST_ACC_MI: 0.6562301671250265 BEST_F1_MA: 0.6735964167114444
[[ 416 1073   39   56]
 [  92  675   24  114]
 [  86  563   37  122]
 [  10   17    0 1403]]
Epoch: [89/200], cls_loss: 0.0043, transfer_loss: 0.6842,person_loss: 0.0000, total_Loss: 0.3465
trian begin
trian end
n_person 361
SAMPLE
F1_MI: 0.5447429659403427 F1_MA: 0.5483592985626095 ACC_MI: 0.5447429659403427 F1_MA: 0.5828461707935368
BEST_F1_MI: 0.6562301671250265 BEST_F1_MA: 0.6284926514513464 BEST_ACC_MI: 0.6562301671250265 BEST_F1_MA: 0.6735964167114444
[[ 446 1063   22   53]
 [  71  701   12  121]
 [  76  584   30  118]
 [  10   22    0 1398]]
Epoch: [90/200], cls_loss: 0.0064, transfer_loss: 0.6871,person_loss: 0.0000, total_Loss: 0.3500
trian begin
trian end
n_person 361
SAMPLE
F1_MI: 0.5438967632748043 F1_MA: 0.5145278609459705 ACC_MI: 0.5438967632748043 F1_MA: 0.5056558335752706
BEST_F1_MI: 0.6562301671250265 BEST_F1_MA: 0.6284926514513464 BEST_ACC_MI: 0.6562301671250265 BEST_F1_MA: 0.6735964167114444
[[ 433  781  325   45]
 [  55  721   42   87]
 [ 131  513   63  101]
 [  23   52    1 1354]]
Epoch: [91/200], cls_loss: 0.0149, transfer_loss: 0.6893,person_loss: 0.0000, total_Loss: 0.3595
trian begin
trian end
n_person 361
SAMPLE
F1_MI: 0.5900148085466469 F1_MA: 0.5320884221988534 ACC_MI: 0.5900148085466469 F1_MA: 0.5203796175772037
BEST_F1_MI: 0.6562301671250265 BEST_F1_MA: 0.6284926514513464 BEST_ACC_MI: 0.6562301671250265 BEST_F1_MA: 0.6735964167114444
[[ 756  560  220   48]
 [ 158  600   35  112]
 [ 149  487   65  107]
 [  48   14    0 1368]]
Epoch: [92/200], cls_loss: 0.0096, transfer_loss: 0.6980,person_loss: 0.0000, total_Loss: 0.3586
trian begin
trian end
n_person 361
SAMPLE
F1_MI: 0.6094774698540301 F1_MA: 0.5610614849531724 ACC_MI: 0.6094774698540301 F1_MA: 0.5542979059263651
BEST_F1_MI: 0.6562301671250265 BEST_F1_MA: 0.6284926514513464 BEST_ACC_MI: 0.6562301671250265 BEST_F1_MA: 0.6735964167114444
[[ 757  501  277   49]
 [ 105  639   43  118]
 [  94  504   92  118]
 [  14   23    0 1393]]
Epoch: [93/200], cls_loss: 0.0018, transfer_loss: 0.6858,person_loss: 0.0000, total_Loss: 0.3447
trian begin
trian end
n_person 361
SAMPLE
F1_MI: 0.574148508567802 F1_MA: 0.5464697593120074 ACC_MI: 0.574148508567802 F1_MA: 0.5462907904735252
BEST_F1_MI: 0.6562301671250265 BEST_F1_MA: 0.6284926514513464 BEST_ACC_MI: 0.6562301671250265 BEST_F1_MA: 0.6735964167114444
[[ 558  732  247   47]
 [  62  699   49   95]
 [  78  542   80  108]
 [  17   30    6 1377]]
Epoch: [94/200], cls_loss: 0.0145, transfer_loss: 0.6847,person_loss: 0.0000, total_Loss: 0.3568
trian begin
trian end
n_person 361
SAMPLE
F1_MI: 0.5542627459276497 F1_MA: 0.5909130995743215 ACC_MI: 0.5542627459276497 F1_MA: 0.6345545168983253
BEST_F1_MI: 0.6562301671250265 BEST_F1_MA: 0.6284926514513464 BEST_ACC_MI: 0.6562301671250265 BEST_F1_MA: 0.6735964167114444
[[ 319 1093  126   46]
 [   6  779   30   90]
 [  28  522  158  100]
 [  15   49    2 1364]]
Epoch: [95/200], cls_loss: 0.0216, transfer_loss: 0.6960,person_loss: 0.0000, total_Loss: 0.3696
trian begin
trian end
n_person 361
SAMPLE
F1_MI: 0.5458007192722657 F1_MA: 0.5371835402171449 ACC_MI: 0.5458007192722657 F1_MA: 0.5395769716804195
BEST_F1_MI: 0.6562301671250265 BEST_F1_MA: 0.6284926514513464 BEST_ACC_MI: 0.6562301671250265 BEST_F1_MA: 0.6735964167114444
[[ 350  562  618   54]
 [  72  655   70  108]
 [  40  476  173  119]
 [  10   18    0 1402]]
Epoch: [96/200], cls_loss: 0.0353, transfer_loss: 0.6804,person_loss: 0.0000, total_Loss: 0.3755
trian begin
trian end
n_person 361
SAMPLE
F1_MI: 0.5138565686481913 F1_MA: 0.5134984632854599 ACC_MI: 0.5138565686481913 F1_MA: 0.5656475392899238
BEST_F1_MI: 0.6562301671250265 BEST_F1_MA: 0.6284926514513464 BEST_ACC_MI: 0.6562301671250265 BEST_F1_MA: 0.6735964167114444
[[ 511  825    0  248]
 [ 195  529    1  180]
 [  87  582    4  135]
 [  42    2    1 1385]]
Epoch: [97/200], cls_loss: 0.0530, transfer_loss: 0.6796,person_loss: 0.0000, total_Loss: 0.3928
trian begin
trian end
n_person 361
SAMPLE
F1_MI: 0.48064311402580917 F1_MA: 0.4332556981835812 ACC_MI: 0.48064311402580917 F1_MA: 0.4413450669230049
BEST_F1_MI: 0.6562301671250265 BEST_F1_MA: 0.6284926514513464 BEST_ACC_MI: 0.6562301671250265 BEST_F1_MA: 0.6735964167114444
[[ 533  299    1  751]
 [ 182  352    7  364]
 [  91  484   12  221]
 [  37    0   18 1375]]
Epoch: [98/200], cls_loss: 0.0083, transfer_loss: 0.6716,person_loss: 0.0000, total_Loss: 0.3441
trian begin
trian end
n_person 361
SAMPLE
F1_MI: 0.582610535223186 F1_MA: 0.5234986659497988 ACC_MI: 0.582610535223186 F1_MA: 0.5135959341571602
BEST_F1_MI: 0.6562301671250265 BEST_F1_MA: 0.6284926514513464 BEST_ACC_MI: 0.6562301671250265 BEST_F1_MA: 0.6735964167114444
[[ 733  671  131   49]
 [ 172  587   45  101]
 [ 100  560   39  109]
 [  19    6   10 1395]]
Epoch: [99/200], cls_loss: 0.0208, transfer_loss: 0.6761,person_loss: 0.0000, total_Loss: 0.3589
trian begin
trian end
n_person 361
SAMPLE
F1_MI: 0.5904379098794161 F1_MA: 0.5469503842784333 ACC_MI: 0.5904379098794161 F1_MA: 0.5432507915917497
BEST_F1_MI: 0.6562301671250265 BEST_F1_MA: 0.6284926514513464 BEST_ACC_MI: 0.6562301671250265 BEST_F1_MA: 0.6735964167114444
[[ 669  860    4   51]
 [  71  727    8   99]
 [  70  625    3  110]
 [  22   16    0 1392]]
Epoch: [100/200], cls_loss: 0.0099, transfer_loss: 0.6853,person_loss: 0.0000, total_Loss: 0.3525
trian begin
trian end
n_person 361
SAMPLE
F1_MI: 0.5341654326211127 F1_MA: 0.5288002961618031 ACC_MI: 0.5341654326211127 F1_MA: 0.5486885771961113
BEST_F1_MI: 0.6562301671250265 BEST_F1_MA: 0.6284926514513464 BEST_ACC_MI: 0.6562301671250265 BEST_F1_MA: 0.6735964167114444
[[ 426 1107    5   46]
 [  87  708   24   86]
 [  81  602   32   93]
 [  35   10   26 1359]]
Epoch: [101/200], cls_loss: 0.0059, transfer_loss: 0.6940,person_loss: 0.0000, total_Loss: 0.3529
trian begin
trian end
n_person 361
SAMPLE
F1_MI: 0.42733234609689014 F1_MA: 0.3882729307260478 ACC_MI: 0.4273323460968902 F1_MA: 0.3620177255572816
BEST_F1_MI: 0.6562301671250265 BEST_F1_MA: 0.6284926514513464 BEST_ACC_MI: 0.6562301671250265 BEST_F1_MA: 0.6735964167114444
[[  15 1130    6  433]
 [  35  627   11  232]
 [  40  463   16  289]
 [  47   20    1 1362]]
Epoch: [102/200], cls_loss: 0.0125, transfer_loss: 0.6700,person_loss: 0.0000, total_Loss: 0.3475
trian begin
trian end
n_person 361
SAMPLE
F1_MI: 0.5132219166490375 F1_MA: 0.48955332549853686 ACC_MI: 0.5132219166490375 F1_MA: 0.4891953557846289
BEST_F1_MI: 0.6562301671250265 BEST_F1_MA: 0.6284926514513464 BEST_ACC_MI: 0.6562301671250265 BEST_F1_MA: 0.6735964167114444
[[ 324 1199    7   54]
 [  84  695   14  112]
 [  88  597    6  117]
 [  23    6    0 1401]]
Epoch: [103/200], cls_loss: 0.0065, transfer_loss: 0.6867,person_loss: 0.0000, total_Loss: 0.3499
trian begin
trian end
n_person 361
SAMPLE
F1_MI: 0.45081447006558073 F1_MA: 0.4113961257857048 ACC_MI: 0.45081447006558073 F1_MA: 0.3826985111598834
BEST_F1_MI: 0.6562301671250265 BEST_F1_MA: 0.6284926514513464 BEST_ACC_MI: 0.6562301671250265 BEST_F1_MA: 0.6735964167114444
[[   0 1061    5  518]
 [   0  680    8  217]
 [   1  453   24  330]
 [   0    3    0 1427]]
Epoch: [104/200], cls_loss: 0.0042, transfer_loss: 0.6760,person_loss: 0.0000, total_Loss: 0.3422
trian begin
trian end
n_person 361
SAMPLE
F1_MI: 0.4924899513433467 F1_MA: 0.46258133851553135 ACC_MI: 0.4924899513433467 F1_MA: 0.4431698294842361
BEST_F1_MI: 0.6562301671250265 BEST_F1_MA: 0.6284926514513464 BEST_ACC_MI: 0.6562301671250265 BEST_F1_MA: 0.6735964167114444
[[ 173 1234  128   49]
 [  60  725   22   98]
 [ 166  490   46  106]
 [  36   10    0 1384]]
Epoch: [105/200], cls_loss: 0.0120, transfer_loss: 0.6909,person_loss: 0.0000, total_Loss: 0.3574
trian begin
trian end
n_person 361
SAMPLE
F1_MI: 0.4931246033425005 F1_MA: 0.4672415455210736 ACC_MI: 0.4931246033425005 F1_MA: 0.4533457508686535
BEST_F1_MI: 0.6562301671250265 BEST_F1_MA: 0.6284926514513464 BEST_ACC_MI: 0.6562301671250265 BEST_F1_MA: 0.6735964167114444
[[ 167 1314   45   58]
 [  40  740   10  115]
 [ 138  525   17  128]
 [  12   11    0 1407]]
Epoch: [106/200], cls_loss: 0.0048, transfer_loss: 0.6924,person_loss: 0.0000, total_Loss: 0.3510
trian begin
trian end
n_person 361
SAMPLE
F1_MI: 0.5568013539242649 F1_MA: 0.5048337193862241 ACC_MI: 0.5568013539242649 F1_MA: 0.48756082520551247
BEST_F1_MI: 0.6562301671250265 BEST_F1_MA: 0.6284926514513464 BEST_ACC_MI: 0.6562301671250265 BEST_F1_MA: 0.6735964167114444
[[ 528  733  266   57]
 [ 110  643   38  114]
 [ 192  438   52  126]
 [  14    5    2 1409]]
Epoch: [107/200], cls_loss: 0.0028, transfer_loss: 0.7070,person_loss: 0.0000, total_Loss: 0.3563
trian begin
trian end
n_person 361
SAMPLE
F1_MI: 0.5020097313306537 F1_MA: 0.46386385336076397 ACC_MI: 0.5020097313306537 F1_MA: 0.4524973753101229
BEST_F1_MI: 0.6562301671250265 BEST_F1_MA: 0.6284926514513464 BEST_ACC_MI: 0.6562301671250265 BEST_F1_MA: 0.6735964167114444
[[ 353  490  693   48]
 [ 158  562   84  101]
 [ 132  496   74  106]
 [  40    5    1 1384]]
Epoch: [108/200], cls_loss: 0.0203, transfer_loss: 0.6717,person_loss: 0.0000, total_Loss: 0.3562
trian begin
trian end
n_person 361
SAMPLE
F1_MI: 0.5170298286439602 F1_MA: 0.4863810690081167 ACC_MI: 0.5170298286439602 F1_MA: 0.47749741983903066
BEST_F1_MI: 0.6562301671250265 BEST_F1_MA: 0.6284926514513464 BEST_ACC_MI: 0.6562301671250265 BEST_F1_MA: 0.6735964167114444
[[ 333  590  609   52]
 [ 107  634   60  104]
 [  88  535   72  113]
 [  13   12    0 1405]]
Epoch: [109/200], cls_loss: 0.0059, transfer_loss: 0.6917,person_loss: 0.0000, total_Loss: 0.3518
trian begin
trian end
n_person 361
SAMPLE
F1_MI: 0.5056060926591919 F1_MA: 0.4801723159205476 ACC_MI: 0.5056060926591919 F1_MA: 0.472028689047023
BEST_F1_MI: 0.6562301671250265 BEST_F1_MA: 0.6284926514513464 BEST_ACC_MI: 0.6562301671250265 BEST_F1_MA: 0.6735964167114444
[[ 258  783  492   51]
 [  62  680   56  107]
 [  70  573   46  119]
 [  11   13    0 1406]]
Epoch: [110/200], cls_loss: 0.0066, transfer_loss: 0.7035,person_loss: 0.0000, total_Loss: 0.3583
trian begin
trian end
n_person 361
SAMPLE
F1_MI: 0.5631478739158028 F1_MA: 0.5047712212079495 ACC_MI: 0.5631478739158028 F1_MA: 0.4860551475030008
BEST_F1_MI: 0.6562301671250265 BEST_F1_MA: 0.6284926514513464 BEST_ACC_MI: 0.6562301671250265 BEST_F1_MA: 0.6735964167114444
[[ 584  754  197   49]
 [ 110  663   26  106]
 [ 118  557   17  116]
 [  20   12    0 1398]]
Epoch: [111/200], cls_loss: 0.0032, transfer_loss: 0.6962,person_loss: 0.0000, total_Loss: 0.3513
trian begin
trian end
n_person 361
SAMPLE
F1_MI: 0.5312037232917284 F1_MA: 0.5024392581340444 ACC_MI: 0.5312037232917284 F1_MA: 0.49516585430250315
BEST_F1_MI: 0.6562301671250265 BEST_F1_MA: 0.6284926514513464 BEST_ACC_MI: 0.6562301671250265 BEST_F1_MA: 0.6735964167114444
[[ 391  498  647   48]
 [  74  635   98   98]
 [ 134  471   98  105]
 [  26   14    3 1387]]
Epoch: [112/200], cls_loss: 0.0022, transfer_loss: 0.6853,person_loss: 0.0000, total_Loss: 0.3449
trian begin
trian end
n_person 361
SAMPLE
F1_MI: 0.5601861645864185 F1_MA: 0.5055895907184714 ACC_MI: 0.5601861645864185 F1_MA: 0.49234946695382104
BEST_F1_MI: 0.6562301671250265 BEST_F1_MA: 0.6284926514513464 BEST_ACC_MI: 0.6562301671250265 BEST_F1_MA: 0.6735964167114444
[[ 596  445  489   54]
 [ 114  633   53  105]
 [ 115  560   19  114]
 [   5   25    0 1400]]
Epoch: [113/200], cls_loss: 0.0086, transfer_loss: 0.6912,person_loss: 0.0000, total_Loss: 0.3541
trian begin
trian end
n_person 361
SAMPLE
F1_MI: 0.6166701925111064 F1_MA: 0.5103161092918994 ACC_MI: 0.6166701925111064 F1_MA: 0.48074961204935573
BEST_F1_MI: 0.6562301671250265 BEST_F1_MA: 0.6284926514513464 BEST_ACC_MI: 0.6562301671250265 BEST_F1_MA: 0.6735964167114444
[[1044  370  122   48]
 [ 294  501   19   91]
 [ 189  511    8  100]
 [  58   10    0 1362]]
Epoch: [114/200], cls_loss: 0.0053, transfer_loss: 0.6922,person_loss: 0.0000, total_Loss: 0.3514
trian begin
trian end
n_person 361
SAMPLE
F1_MI: 0.483393272688809 F1_MA: 0.43058532503634483 ACC_MI: 0.483393272688809 F1_MA: 0.402347803091162
BEST_F1_MI: 0.6562301671250265 BEST_F1_MA: 0.6284926514513464 BEST_ACC_MI: 0.6562301671250265 BEST_F1_MA: 0.6735964167114444
[[ 255 1178  102   49]
 [ 139  658   17   91]
 [ 165  538    9   96]
 [  63    4    0 1363]]
Epoch: [115/200], cls_loss: 0.0098, transfer_loss: 0.6808,person_loss: 0.0000, total_Loss: 0.3502
trian begin
trian end
n_person 361
SAMPLE
F1_MI: 0.4713348847048868 F1_MA: 0.44983543491286376 ACC_MI: 0.4713348847048868 F1_MA: 0.43718832565805943
BEST_F1_MI: 0.6562301671250265 BEST_F1_MA: 0.6284926514513464 BEST_ACC_MI: 0.6562301671250265 BEST_F1_MA: 0.6735964167114444
[[  99 1404   31   50]
 [  71  717   16  101]
 [  87  595   20  106]
 [  28    9    1 1392]]
Epoch: [116/200], cls_loss: 0.0044, transfer_loss: 0.6904,person_loss: 0.0000, total_Loss: 0.3497
trian begin
trian end
n_person 361
SAMPLE
F1_MI: 0.4768352020308864 F1_MA: 0.42619161814471757 ACC_MI: 0.4768352020308864 F1_MA: 0.39357150567991606
BEST_F1_MI: 0.6562301671250265 BEST_F1_MA: 0.6284926514513464 BEST_ACC_MI: 0.6562301671250265 BEST_F1_MA: 0.6735964167114444
[[ 141 1261  130   52]
 [  66  707   30  102]
 [ 133  558   10  107]
 [  17   17    0 1396]]
Epoch: [117/200], cls_loss: 0.0024, transfer_loss: 0.6962,person_loss: 0.0000, total_Loss: 0.3506
trian begin
trian end
n_person 361
SAMPLE
F1_MI: 0.47810450602919397 F1_MA: 0.44347869831590536 ACC_MI: 0.47810450602919397 F1_MA: 0.4213307217259232
BEST_F1_MI: 0.6562301671250265 BEST_F1_MA: 0.6284926514513464 BEST_ACC_MI: 0.6562301671250265 BEST_F1_MA: 0.6735964167114444
[[ 135  682  713   54]
 [  53  648   96  108]
 [ 126  490   71  121]
 [   8   16    0 1406]]
Epoch: [118/200], cls_loss: 0.0085, transfer_loss: 0.6920,person_loss: 0.0000, total_Loss: 0.3545
trian begin
trian end
n_person 361
SAMPLE
F1_MI: 0.46562301671250267 F1_MA: 0.43056657865402864 ACC_MI: 0.46562301671250267 F1_MA: 0.41304853463852464
BEST_F1_MI: 0.6562301671250265 BEST_F1_MA: 0.6284926514513464 BEST_ACC_MI: 0.6562301671250265 BEST_F1_MA: 0.6735964167114444
[[ 194  435  903   52]
 [ 139  583   89   94]
 [ 136  505   67  100]
 [  69    4    0 1357]]
Epoch: [119/200], cls_loss: 0.0059, transfer_loss: 0.6893,person_loss: 0.0000, total_Loss: 0.3506
trian begin
trian end
n_person 361
SAMPLE
F1_MI: 0.4742965940342712 F1_MA: 0.4364791980229481 ACC_MI: 0.4742965940342712 F1_MA: 0.41397427242399754
BEST_F1_MI: 0.6562301671250265 BEST_F1_MA: 0.6284926514513464 BEST_ACC_MI: 0.6562301671250265 BEST_F1_MA: 0.6735964167114444
[[ 154 1296   83   51]
 [  85  687   33  100]
 [ 100  581   19  108]
 [  35    7    6 1382]]
Epoch: [120/200], cls_loss: 0.0119, transfer_loss: 0.7014,person_loss: 0.0000, total_Loss: 0.3626
trian begin
trian end
n_person 361
SAMPLE
F1_MI: 0.5117410619843452 F1_MA: 0.45153768459565596 ACC_MI: 0.5117410619843452 F1_MA: 0.4269241054561049
BEST_F1_MI: 0.6562301671250265 BEST_F1_MA: 0.6284926514513464 BEST_ACC_MI: 0.6562301671250265 BEST_F1_MA: 0.6735964167114444
[[ 423  900  209   52]
 [ 169  619   18   99]
 [ 137  561    5  105]
 [  43   15    0 1372]]
Epoch: [121/200], cls_loss: 0.0015, transfer_loss: 0.6883,person_loss: 0.0000, total_Loss: 0.3457
trian begin
trian end
n_person 361
SAMPLE
F1_MI: 0.47027713137296384 F1_MA: 0.4252188087222458 ACC_MI: 0.47027713137296384 F1_MA: 0.3998053086022057
BEST_F1_MI: 0.6562301671250265 BEST_F1_MA: 0.6284926514513464 BEST_ACC_MI: 0.6562301671250265 BEST_F1_MA: 0.6735964167114444
[[ 186 1036  312   50]
 [ 113  638   56   98]
 [ 116  559   29  104]
 [  54    6    0 1370]]
Epoch: [122/200], cls_loss: 0.0032, transfer_loss: 0.6851,person_loss: 0.0000, total_Loss: 0.3457
trian begin
trian end
n_person 361
SAMPLE
F1_MI: 0.4996826740004231 F1_MA: 0.4605080283572601 ACC_MI: 0.4996826740004231 F1_MA: 0.44798106997415454
BEST_F1_MI: 0.6562301671250265 BEST_F1_MA: 0.6284926514513464 BEST_ACC_MI: 0.6562301671250265 BEST_F1_MA: 0.6735964167114444
[[ 328 1202    2   52]
 [ 148  652    6   99]
 [ 170  529    2  107]
 [  42    8    0 1380]]
Epoch: [123/200], cls_loss: 0.0023, transfer_loss: 0.6945,person_loss: 0.0000, total_Loss: 0.3495
trian begin
trian end
n_person 361
SAMPLE
F1_MI: 0.5132219166490375 F1_MA: 0.4506822294514173 ACC_MI: 0.5132219166490375 F1_MA: 0.45679968120653003
BEST_F1_MI: 0.6562301671250265 BEST_F1_MA: 0.6284926514513464 BEST_ACC_MI: 0.6562301671250265 BEST_F1_MA: 0.6735964167114444
[[ 727  743   61   53]
 [ 479  248   74  104]
 [  92  545   58  113]
 [  19    1   17 1393]]
Epoch: [124/200], cls_loss: 0.0129, transfer_loss: 0.6639,person_loss: 0.0000, total_Loss: 0.3448
trian begin
trian end
n_person 361
SAMPLE
F1_MI: 0.5185106833086525 F1_MA: 0.43468458813556515 ACC_MI: 0.5185106833086525 F1_MA: 0.42692125843456386
BEST_F1_MI: 0.6562301671250265 BEST_F1_MA: 0.6284926514513464 BEST_ACC_MI: 0.6562301671250265 BEST_F1_MA: 0.6735964167114444
[[ 781  739    9   55]
 [ 510  262   25  108]
 [ 152  536    7  113]
 [  27    2    0 1401]]
Epoch: [125/200], cls_loss: 0.0428, transfer_loss: 0.7030,person_loss: 0.0000, total_Loss: 0.3943
trian begin
trian end
n_person 361
SAMPLE
F1_MI: 0.48868203934842397 F1_MA: 0.44498263720992665 ACC_MI: 0.48868203934842397 F1_MA: 0.44837814288771743
BEST_F1_MI: 0.6562301671250265 BEST_F1_MA: 0.6284926514513464 BEST_ACC_MI: 0.6562301671250265 BEST_F1_MA: 0.6735964167114444
[[ 463 1058    8   55]
 [ 329  429   34  113]
 [ 123  558   16  111]
 [  18    5    5 1402]]
Epoch: [126/200], cls_loss: 0.0068, transfer_loss: 0.6795,person_loss: 0.0000, total_Loss: 0.3466
trian begin
trian end
n_person 361
SAMPLE
F1_MI: 0.5652633805796489 F1_MA: 0.4546380860973106 ACC_MI: 0.5652633805796489 F1_MA: 0.4303504718809569
BEST_F1_MI: 0.6562301671250265 BEST_F1_MA: 0.6284926514513464 BEST_ACC_MI: 0.6562301671250265 BEST_F1_MA: 0.6735964167114444
[[ 951  548   18   67]
 [ 444  299   22  140]
 [ 159  506    4  139]
 [  11    0    1 1418]]
Epoch: [127/200], cls_loss: 0.0161, transfer_loss: 0.7065,person_loss: 0.0000, total_Loss: 0.3693
trian begin
trian end
n_person 361
SAMPLE
F1_MI: 0.5068753966574995 F1_MA: 0.4443165771341177 ACC_MI: 0.5068753966574995 F1_MA: 0.43119556267641934
BEST_F1_MI: 0.6562301671250265 BEST_F1_MA: 0.6284926514513464 BEST_ACC_MI: 0.6562301671250265 BEST_F1_MA: 0.6735964167114444
[[ 513  694    8  369]
 [ 191  461   32  221]
 [ 106  500   10  192]
 [  12    0    6 1412]]
Epoch: [128/200], cls_loss: 0.0071, transfer_loss: 0.6809,person_loss: 0.0000, total_Loss: 0.3475
trian begin
trian end
n_person 361
SAMPLE
F1_MI: 0.46604611804527185 F1_MA: 0.43142623702518046 ACC_MI: 0.46604611804527185 F1_MA: 0.41995207908267845
BEST_F1_MI: 0.6562301671250265 BEST_F1_MA: 0.6284926514513464 BEST_ACC_MI: 0.6562301671250265 BEST_F1_MA: 0.6735964167114444
[[ 221 1305    6   52]
 [ 182  597   27   99]
 [  86  604   12  106]
 [  27    5   25 1373]]
Epoch: [129/200], cls_loss: 0.0006, transfer_loss: 0.6800,person_loss: 0.0000, total_Loss: 0.3406
trian begin
trian end
n_person 361
SAMPLE
F1_MI: 0.4742965940342712 F1_MA: 0.4580705349064177 ACC_MI: 0.4742965940342712 F1_MA: 0.4639979731656288
BEST_F1_MI: 0.6562301671250265 BEST_F1_MA: 0.6284926514513464 BEST_ACC_MI: 0.6562301671250265 BEST_F1_MA: 0.6735964167114444
[[ 215 1314    1   54]
 [ 164  619   15  107]
 [  74  611    9  114]
 [  18   10    3 1399]]
Epoch: [130/200], cls_loss: 0.0153, transfer_loss: 0.6961,person_loss: 0.0000, total_Loss: 0.3633
trian begin
trian end
n_person 361
SAMPLE
F1_MI: 0.5756293632324941 F1_MA: 0.5098059797379902 ACC_MI: 0.5756293632324941 F1_MA: 0.5048330370689265
BEST_F1_MI: 0.6562301671250265 BEST_F1_MA: 0.6284926514513464 BEST_ACC_MI: 0.6562301671250265 BEST_F1_MA: 0.6735964167114444
[[ 845  662   25   52]
 [ 289  512   10   94]
 [ 161  537   12   98]
 [  70    8    0 1352]]
Epoch: [131/200], cls_loss: 0.0219, transfer_loss: 0.6942,person_loss: 0.0000, total_Loss: 0.3690
trian begin
trian end
n_person 361
SAMPLE
F1_MI: 0.5157605246456526 F1_MA: 0.4790652538753095 ACC_MI: 0.5157605246456526 F1_MA: 0.47559759482727504
BEST_F1_MI: 0.6562301671250265 BEST_F1_MA: 0.6284926514513464 BEST_ACC_MI: 0.6562301671250265 BEST_F1_MA: 0.6735964167114444
[[ 447 1078    8   51]
 [ 177  624    9   95]
 [ 118  585    5  100]
 [  62    6    0 1362]]
Epoch: [132/200], cls_loss: 0.0047, transfer_loss: 0.6932,person_loss: 0.0000, total_Loss: 0.3513
trian begin
trian end
n_person 361
SAMPLE
F1_MI: 0.611592976517876 F1_MA: 0.5296528460761749 ACC_MI: 0.611592976517876 F1_MA: 0.5148511129662018
BEST_F1_MI: 0.6562301671250265 BEST_F1_MA: 0.6284926514513464 BEST_ACC_MI: 0.6562301671250265 BEST_F1_MA: 0.6735964167114444
[[ 935  551   39   59]
 [ 213  529   30  133]
 [ 112  551   16  129]
 [  16    3    0 1411]]
Epoch: [133/200], cls_loss: 0.0112, transfer_loss: 0.6897,person_loss: 0.0000, total_Loss: 0.3560
[[ 627  879   31   47]
 [  38  752   25   90]
 [  97  469  143   99]
 [  15   43   10 1362]]
[[1171  335   27   51]
 [ 224  509   74   98]
 [ 257  404   38  109]
 [  13   14   19 1384]]
ARG: Namespace(backbone='resnet50', batch_size=32, config='DANN/DANN.yaml', data_dir='data', device=device(type='cuda'), early_stop=50, epoch_based_training=False, lr=0.003, lr_decay=0.75, lr_gamma=0.0003, lr_scheduler=True, max_iter=21000, method='False', momentum=0.9, myweight=0.1, n_class=4, n_epoch=200, n_iter_per_epoch=105, num_workers=3, seed=1, src_domain='UCI', tgt_domain='PAMAP2', tname='transfer', transfer_loss='adv', transfer_loss_weight=0.5, use_bottleneck=True, weight_decay=0.0005)
