twommd 2 WISDM UCI MEDA/MEDA.yaml True
Namespace(backbone='resnet50', batch_size=32, config='MEDA/MEDA.yaml', data_dir='data', device=device(type='cuda'), early_stop=50, epoch_based_training=False, lr=0.003, lr_decay=0.75, lr_gamma=0.0003, lr_scheduler=True, method='True', momentum=0.9, myweight=0.1, n_epoch=200, n_iter_per_epoch=100, num_workers=7, seed=2, src_domain='WISDM', tgt_domain='UCI', tname='transfer', transfer_loss='twommd', transfer_loss_weight=0.5, use_bottleneck=True, weight_decay=0.0005)
JUST DO IT
run my Parkinson code
transfer
TRAIN Length: 13609 322 TEST Length: 3369 615
YYY: 0 3
DATA_PROFILE   train: 13609 train2: 3369 test: 3369
DATASET.SHAPE: <data_loader.GetTrainLoader object at 0x7ff547e617f0> True
DATASET.SHAPE: <data_loader.GetTrainLoader object at 0x7ff540324080> True
DATASET.SHAPE: <data_loader.GetTestLoader object at 0x7ff540215a20> False
CLASS: 4 615
transfer_world
method True <class 'str'>
1.10.1+cu102
True
LEN: 0 0
LOADER: <data_loader.InfiniteDataLoader object at 0x7ff57989fb70> <data_loader.InfiniteDataLoader object at 0x7ff540215940>
N_batch: 105
trian begin
trian end
ACC: 54.615612941525676
SAMPLE
F1_MI: 0.5390323538141882 F1_MA: 0.46718129482231574 ACC_MI: 0.5390323538141882 F1_MA: 0.43644509282270805
BEST_F1_MI: 0.5390323538141882 BEST_F1_MA: 0.46718129482231574 BEST_ACC_MI: 0.5390323538141882 BEST_F1_MA: 0.43644509282270805
[[875  18   0   0]
 [717  87   0   0]
 [682  64   0   0]
 [  0  72   0 854]]
Epoch: [ 1/200], cls_loss: 0.0000, transfer_loss: 0.0000,person_loss: 0.0000, total_Loss: 0.0000
trian begin
trian end
ACC: 47.61056693380825
SAMPLE
F1_MI: 0.4761056693380825 F1_MA: 0.420803130274042 ACC_MI: 0.4761056693380825 F1_MA: 0.39617241973221934
BEST_F1_MI: 0.5390323538141882 BEST_F1_MA: 0.46718129482231574 BEST_ACC_MI: 0.5390323538141882 BEST_F1_MA: 0.43644509282270805
[[407 486   0   0]
 [521 283   0   0]
 [669  77   0   0]
 [  0  12   0 914]]
Epoch: [ 2/200], cls_loss: 0.0000, transfer_loss: 0.0000,person_loss: 0.0000, total_Loss: 0.0000
trian begin
trian end
ACC: 57.01988720688632
SAMPLE
F1_MI: 0.5701988720688632 F1_MA: 0.49754760994007324 ACC_MI: 0.5701988720688632 F1_MA: 0.457972928337472
BEST_F1_MI: 0.5701988720688632 BEST_F1_MA: 0.49754760994007324 BEST_ACC_MI: 0.5701988720688632 BEST_F1_MA: 0.457972928337472
[[514 379   0   0]
 [295 509   0   0]
 [345 401   0   0]
 [  0  28   0 898]]
Epoch: [ 3/200], cls_loss: 0.0000, transfer_loss: 0.0000,person_loss: 0.0000, total_Loss: 0.0000
trian begin
trian end
ACC: 27.21875927574948
SAMPLE
F1_MI: 0.2721875927574948 F1_MA: 0.15321519459936053 ACC_MI: 0.2721875927574948 F1_MA: 0.10878727617206002
BEST_F1_MI: 0.5701988720688632 BEST_F1_MA: 0.49754760994007324 BEST_ACC_MI: 0.5701988720688632 BEST_F1_MA: 0.457972928337472
[[844  49   0   0]
 [731  73   0   0]
 [724  22   0   0]
 [  2 924   0   0]]
Epoch: [ 4/200], cls_loss: 0.0000, transfer_loss: 0.0000,person_loss: 0.0000, total_Loss: 0.0000
trian begin
trian end
ACC: 51.617690709409324
SAMPLE
F1_MI: 0.5161769070940933 F1_MA: 0.4748477309497211 ACC_MI: 0.5161769070940933 F1_MA: 0.46966670345436484
BEST_F1_MI: 0.5701988720688632 BEST_F1_MA: 0.49754760994007324 BEST_ACC_MI: 0.5701988720688632 BEST_F1_MA: 0.46966670345436484
[[756 116  21   0]
 [734  60  10   0]
 [720  16  10   0]
 [  0  13   0 913]]
Epoch: [ 5/200], cls_loss: 0.0000, transfer_loss: 0.0000,person_loss: 0.0000, total_Loss: 0.0000
trian begin
trian end
ACC: 52.24102107450282
SAMPLE
F1_MI: 0.5224102107450282 F1_MA: 0.5406385222343675 ACC_MI: 0.5224102107450282 F1_MA: 0.586733244447638
BEST_F1_MI: 0.5701988720688632 BEST_F1_MA: 0.5406385222343675 BEST_ACC_MI: 0.5701988720688632 BEST_F1_MA: 0.586733244447638
[[295 597   1   0]
 [242 562   0   0]
 [569 175   2   0]
 [  0  25   0 901]]
Epoch: [ 6/200], cls_loss: 0.0000, transfer_loss: 0.0000,person_loss: 0.0000, total_Loss: 0.0000
trian begin
trian end
ACC: 48.501038883941824
SAMPLE
F1_MI: 0.48501038883941816 F1_MA: 0.41925465535206813 ACC_MI: 0.4850103888394182 F1_MA: 0.39072095308278065
BEST_F1_MI: 0.5701988720688632 BEST_F1_MA: 0.5406385222343675 BEST_ACC_MI: 0.5701988720688632 BEST_F1_MA: 0.586733244447638
[[825  68   0   0]
 [733  71   0   0]
 [719  27   0   0]
 [  0 188   0 738]]
Epoch: [ 7/200], cls_loss: 0.0000, transfer_loss: 0.0000,person_loss: 0.0000, total_Loss: 0.0000
trian begin
trian end
ACC: 56.2184624517661
SAMPLE
F1_MI: 0.5586227367171267 F1_MA: 0.5326083578225128 ACC_MI: 0.5586227367171267 F1_MA: 0.5349848862039098
BEST_F1_MI: 0.5701988720688632 BEST_F1_MA: 0.5406385222343675 BEST_ACC_MI: 0.5701988720688632 BEST_F1_MA: 0.586733244447638
[[617 234  42   0]
 [440 311  53   0]
 [465 231  50   0]
 [  0  22   0 904]]
Epoch: [ 8/200], cls_loss: 0.0000, transfer_loss: 0.0000,person_loss: 0.0000, total_Loss: 0.0000
trian begin
trian end
ACC: 29.326209557732266
SAMPLE
F1_MI: 0.2466607301869991 F1_MA: 0.1745479624672503 ACC_MI: 0.2466607301869991 F1_MA: 0.1379210057228633
BEST_F1_MI: 0.5701988720688632 BEST_F1_MA: 0.5406385222343675 BEST_ACC_MI: 0.5701988720688632 BEST_F1_MA: 0.586733244447638
[[740   0 153   0]
 [505   0 299   0]
 [655   0  91   0]
 [  0 908  18   0]]
Epoch: [ 9/200], cls_loss: 0.0000, transfer_loss: 0.0000,person_loss: 0.0000, total_Loss: 0.0000
trian begin
trian end
ACC: 50.430394775897895
SAMPLE
F1_MI: 0.5043039477589789 F1_MA: 0.46365229119119644 ACC_MI: 0.5043039477589789 F1_MA: 0.4568027630442827
BEST_F1_MI: 0.5701988720688632 BEST_F1_MA: 0.5406385222343675 BEST_ACC_MI: 0.5701988720688632 BEST_F1_MA: 0.586733244447638
[[813  38  42   0]
 [708  54  42   0]
 [690  30  26   0]
 [  0 120   0 806]]
Epoch: [10/200], cls_loss: 0.0000, transfer_loss: 0.0000,person_loss: 0.0000, total_Loss: 0.0000
trian begin
trian end
ACC: 22.172751558325913
SAMPLE
F1_MI: 0.21608785989907986 F1_MA: 0.174447157076097 ACC_MI: 0.21608785989907986 F1_MA: 0.14727592928718705
BEST_F1_MI: 0.5701988720688632 BEST_F1_MA: 0.5406385222343675 BEST_ACC_MI: 0.5701988720688632 BEST_F1_MA: 0.586733244447638
[[462 182 249   0]
 [354 189 261   0]
 [658  11  77   0]
 [  0 926   0   0]]
Epoch: [11/200], cls_loss: 0.0000, transfer_loss: 0.0000,person_loss: 0.0000, total_Loss: 0.0000
trian begin
trian end
ACC: 47.25437815375482
SAMPLE
F1_MI: 0.4680914217868804 F1_MA: 0.45061390704057896 ACC_MI: 0.4680914217868804 F1_MA: 0.4595549879109405
BEST_F1_MI: 0.5701988720688632 BEST_F1_MA: 0.5406385222343675 BEST_ACC_MI: 0.5701988720688632 BEST_F1_MA: 0.586733244447638
[[583 217  93   0]
 [586 107 111   0]
 [501 152  93   0]
 [  0 132   0 794]]
Epoch: [12/200], cls_loss: 0.0000, transfer_loss: 0.0000,person_loss: 0.0000, total_Loss: 0.0000
trian begin
trian end
ACC: 26.357969723953694
SAMPLE
F1_MI: 0.25972098545562483 F1_MA: 0.2229649972995688 ACC_MI: 0.25972098545562483 F1_MA: 0.1958911826453486
BEST_F1_MI: 0.5701988720688632 BEST_F1_MA: 0.5406385222343675 BEST_ACC_MI: 0.5701988720688632 BEST_F1_MA: 0.586733244447638
[[530 174 189   0]
 [434 218 152   0]
 [511 108 127   0]
 [  0 926   0   0]]
Epoch: [13/200], cls_loss: 0.0000, transfer_loss: 0.0000,person_loss: 0.0000, total_Loss: 0.0000
trian begin
trian end
ACC: 50.01484119916889
SAMPLE
F1_MI: 0.5001484119916889 F1_MA: 0.48513586759434985 ACC_MI: 0.5001484119916889 F1_MA: 0.4966256328713846
BEST_F1_MI: 0.5701988720688632 BEST_F1_MA: 0.5406385222343675 BEST_ACC_MI: 0.5701988720688632 BEST_F1_MA: 0.586733244447638
[[666  72 155   0]
 [451 171 182   0]
 [645  15  86   0]
 [  0 164   0 762]]
Epoch: [14/200], cls_loss: 0.0000, transfer_loss: 0.0000,person_loss: 0.0000, total_Loss: 0.0000
trian begin
trian end
ACC: 42.149005639655684
SAMPLE
F1_MI: 0.42149005639655684 F1_MA: 0.3808164869194697 ACC_MI: 0.42149005639655684 F1_MA: 0.369988845080346
BEST_F1_MI: 0.5701988720688632 BEST_F1_MA: 0.5406385222343675 BEST_ACC_MI: 0.5701988720688632 BEST_F1_MA: 0.586733244447638
[[523  61 309   0]
 [671  19 114   0]
 [695   6  45   0]
 [  0  91   2 833]]
Epoch: [15/200], cls_loss: 0.0000, transfer_loss: 0.0000,person_loss: 0.0000, total_Loss: 0.0000
trian begin
trian end
ACC: 49.65865241911546
SAMPLE
F1_MI: 0.4965865241911546 F1_MA: 0.46825944531682373 ACC_MI: 0.4965865241911546 F1_MA: 0.46758314811412566
BEST_F1_MI: 0.5701988720688632 BEST_F1_MA: 0.5406385222343675 BEST_ACC_MI: 0.5701988720688632 BEST_F1_MA: 0.586733244447638
[[553 236 104   0]
 [521 212  71   0]
 [542 157  47   0]
 [  0  65   0 861]]
Epoch: [16/200], cls_loss: 0.0000, transfer_loss: 0.0000,person_loss: 0.0000, total_Loss: 0.0000
trian begin
trian end
ACC: 43.03947758978926
SAMPLE
F1_MI: 0.4300979519145147 F1_MA: 0.37346437671927296 ACC_MI: 0.4300979519145147 F1_MA: 0.3503912920610939
BEST_F1_MI: 0.5701988720688632 BEST_F1_MA: 0.5406385222343675 BEST_ACC_MI: 0.5701988720688632 BEST_F1_MA: 0.586733244447638
[[622   0 271   0]
 [725   1  78   0]
 [710   0  36   0]
 [  0 127   9 790]]
Epoch: [17/200], cls_loss: 0.0000, transfer_loss: 0.0000,person_loss: 0.0000, total_Loss: 0.0000
trian begin
trian end
ACC: 34.69872365687147
SAMPLE
F1_MI: 0.3460967646185812 F1_MA: 0.3208034759734341 ACC_MI: 0.3460967646185812 F1_MA: 0.29922530191683927
BEST_F1_MI: 0.5701988720688632 BEST_F1_MA: 0.5406385222343675 BEST_ACC_MI: 0.5701988720688632 BEST_F1_MA: 0.586733244447638
[[816   0  77   0]
 [787   0  17   0]
 [394   2 350   0]
 [  0 926   0   0]]
Epoch: [18/200], cls_loss: 0.0000, transfer_loss: 0.0000,person_loss: 0.0000, total_Loss: 0.0000
trian begin
trian end
ACC: 28.40605520926091
SAMPLE
F1_MI: 0.28227960819234194 F1_MA: 0.25976255093491013 ACC_MI: 0.28227960819234194 F1_MA: 0.24804697114270793
BEST_F1_MI: 0.5701988720688632 BEST_F1_MA: 0.5406385222343675 BEST_ACC_MI: 0.5701988720688632 BEST_F1_MA: 0.586733244447638
[[831   3  59   0]
 [784   9  11   0]
 [635   0 111   0]
 [  0 926   0   0]]
Epoch: [19/200], cls_loss: 0.0000, transfer_loss: 0.0000,person_loss: 0.0000, total_Loss: 0.0000
trian begin
trian end
ACC: 48.47135648560403
SAMPLE
F1_MI: 0.4811516770555061 F1_MA: 0.461922932167863 ACC_MI: 0.4811516770555061 F1_MA: 0.47139874965572287
BEST_F1_MI: 0.5701988720688632 BEST_F1_MA: 0.5406385222343675 BEST_ACC_MI: 0.5701988720688632 BEST_F1_MA: 0.586733244447638
[[799  15  79   0]
 [642  95  67   0]
 [692   3  51   0]
 [  0 226  24 676]]
Epoch: [20/200], cls_loss: 0.0000, transfer_loss: 0.0000,person_loss: 0.0000, total_Loss: 0.0000
trian begin
trian end
ACC: 32.53190857821312
SAMPLE
F1_MI: 0.3241317898486198 F1_MA: 0.30905112910682914 ACC_MI: 0.3241317898486198 F1_MA: 0.29935007037640926
BEST_F1_MI: 0.5701988720688632 BEST_F1_MA: 0.5406385222343675 BEST_ACC_MI: 0.5701988720688632 BEST_F1_MA: 0.586733244447638
[[839   3  51   0]
 [781  11  12   0]
 [504   0 242   0]
 [  1 924   1   0]]
Epoch: [21/200], cls_loss: 0.0000, transfer_loss: 0.0000,person_loss: 0.0000, total_Loss: 0.0000
trian begin
trian end
ACC: 37.48886910062333
SAMPLE
F1_MI: 0.3748886910062333 F1_MA: 0.33023716170743167 ACC_MI: 0.3748886910062333 F1_MA: 0.29263253306540027
BEST_F1_MI: 0.5701988720688632 BEST_F1_MA: 0.5406385222343675 BEST_ACC_MI: 0.5701988720688632 BEST_F1_MA: 0.586733244447638
[[800   1  92   0]
 [704   8  92   0]
 [247  44 455   0]
 [  0 920   6   0]]
Epoch: [22/200], cls_loss: 0.0000, transfer_loss: 0.0000,person_loss: 0.0000, total_Loss: 0.0000
trian begin
trian end
ACC: 19.056099732858414
SAMPLE
F1_MI: 0.18967052537845058 F1_MA: 0.16472878700326615 ACC_MI: 0.18967052537845058 F1_MA: 0.14147656186109947
BEST_F1_MI: 0.5701988720688632 BEST_F1_MA: 0.5406385222343675 BEST_ACC_MI: 0.5701988720688632 BEST_F1_MA: 0.586733244447638
[[276   9 608   0]
 [271  74 459   0]
 [428  29 289   0]
 [  1 909  16   0]]
Epoch: [23/200], cls_loss: 0.0000, transfer_loss: 0.0000,person_loss: 0.0000, total_Loss: 0.0000
trian begin
trian end
ACC: 26.12051053725141
SAMPLE
F1_MI: 0.2612051053725141 F1_MA: 0.19986185723077735 ACC_MI: 0.2612051053725141 F1_MA: 0.16574600202912898
BEST_F1_MI: 0.5701988720688632 BEST_F1_MA: 0.5406385222343675 BEST_ACC_MI: 0.5701988720688632 BEST_F1_MA: 0.586733244447638
[[769  26  98   0]
 [649  34 121   0]
 [658  11  77   0]
 [  0 924   2   0]]
Epoch: [24/200], cls_loss: 0.0000, transfer_loss: 0.0000,person_loss: 0.0000, total_Loss: 0.0000
trian begin
trian end
ACC: 26.595428910655983
SAMPLE
F1_MI: 0.26268922528940336 F1_MA: 0.18563787784353997 ACC_MI: 0.26268922528940336 F1_MA: 0.1470818139599027
BEST_F1_MI: 0.5701988720688632 BEST_F1_MA: 0.5406385222343675 BEST_ACC_MI: 0.5701988720688632 BEST_F1_MA: 0.586733244447638
[[802  16  75   0]
 [607  31 166   0]
 [691   3  52   0]
 [  0 921   5   0]]
Epoch: [25/200], cls_loss: 0.0000, transfer_loss: 0.0000,person_loss: 0.0000, total_Loss: 0.0000
trian begin
trian end
ACC: 50.81626595428911
SAMPLE
F1_MI: 0.5081626595428911 F1_MA: 0.471470974827683 ACC_MI: 0.5081626595428911 F1_MA: 0.46626067035210916
BEST_F1_MI: 0.5701988720688632 BEST_F1_MA: 0.5406385222343675 BEST_ACC_MI: 0.5701988720688632 BEST_F1_MA: 0.586733244447638
[[632 151 110   0]
 [448 134 222   0]
 [666  37  43   0]
 [  0  23   0 903]]
Epoch: [26/200], cls_loss: 0.0000, transfer_loss: 0.0000,person_loss: 0.0000, total_Loss: 0.0000
trian begin
trian end
ACC: 18.076580587711486
SAMPLE
F1_MI: 0.18076580587711488 F1_MA: 0.12401153023698891 ACC_MI: 0.18076580587711488 F1_MA: 0.09663304688197802
BEST_F1_MI: 0.5701988720688632 BEST_F1_MA: 0.5406385222343675 BEST_ACC_MI: 0.5701988720688632 BEST_F1_MA: 0.586733244447638
[[562   5 326   0]
 [526   2 276   0]
 [697   4  45   0]
 [  0 926   0   0]]
Epoch: [27/200], cls_loss: 0.0000, transfer_loss: 0.0000,person_loss: 0.0000, total_Loss: 0.0000
trian begin
trian end
ACC: 15.909765509053132
SAMPLE
F1_MI: 0.1590976550905313 F1_MA: 0.11287784230877683 ACC_MI: 0.1590976550905313 F1_MA: 0.08943378515973018
BEST_F1_MI: 0.5701988720688632 BEST_F1_MA: 0.5406385222343675 BEST_ACC_MI: 0.5701988720688632 BEST_F1_MA: 0.586733244447638
[[483   9 401   0]
 [775   0  29   0]
 [686   7  53   0]
 [  0 924   2   0]]
Epoch: [28/200], cls_loss: 0.0000, transfer_loss: 0.0000,person_loss: 0.0000, total_Loss: 0.0000
trian begin
trian end
ACC: 24.87384980706441
SAMPLE
F1_MI: 0.2487384980706441 F1_MA: 0.23877653915585784 ACC_MI: 0.2487384980706441 F1_MA: 0.23707210661095596
BEST_F1_MI: 0.5701988720688632 BEST_F1_MA: 0.5406385222343675 BEST_ACC_MI: 0.5701988720688632 BEST_F1_MA: 0.586733244447638
[[699 168  26   0]
 [722  73   9   0]
 [661  19  66   0]
 [  0 907  19   0]]
Epoch: [29/200], cls_loss: 0.0000, transfer_loss: 0.0000,person_loss: 0.0000, total_Loss: 0.0000
trian begin
trian end
ACC: 29.682398337785692
SAMPLE
F1_MI: 0.2968239833778569 F1_MA: 0.29078702849941157 ACC_MI: 0.2968239833778569 F1_MA: 0.2940163046989836
BEST_F1_MI: 0.5701988720688632 BEST_F1_MA: 0.5406385222343675 BEST_ACC_MI: 0.5701988720688632 BEST_F1_MA: 0.586733244447638
[[800  79  14   0]
 [650 139  15   0]
 [657  28  61   0]
 [  0 926   0   0]]
Epoch: [30/200], cls_loss: 0.0000, transfer_loss: 0.0000,person_loss: 0.0000, total_Loss: 0.0000
trian begin
trian end
ACC: 17.482932620955772
SAMPLE
F1_MI: 0.17482932620955774 F1_MA: 0.12345344626054613 ACC_MI: 0.17482932620955774 F1_MA: 0.0974174380423848
BEST_F1_MI: 0.5701988720688632 BEST_F1_MA: 0.5406385222343675 BEST_ACC_MI: 0.5701988720688632 BEST_F1_MA: 0.586733244447638
[[520   1 372   0]
 [590   9 205   0]
 [686   0  60   0]
 [  0 898  28   0]]
Epoch: [31/200], cls_loss: 0.0000, transfer_loss: 0.0000,person_loss: 0.0000, total_Loss: 0.0000
trian begin
trian end
ACC: 11.843276936776492
SAMPLE
F1_MI: 0.11843276936776491 F1_MA: 0.08800673051791963 ACC_MI: 0.11843276936776491 F1_MA: 0.07116369656108751
BEST_F1_MI: 0.5701988720688632 BEST_F1_MA: 0.5406385222343675 BEST_ACC_MI: 0.5701988720688632 BEST_F1_MA: 0.586733244447638
[[333   0 560   0]
 [715   2  87   0]
 [681   1  64   0]
 [  1 925   0   0]]
Epoch: [32/200], cls_loss: 0.0000, transfer_loss: 0.0000,person_loss: 0.0000, total_Loss: 0.0000
trian begin
trian end
ACC: 17.898486197684772
SAMPLE
F1_MI: 0.17809439002671415 F1_MA: 0.10571943371333105 ACC_MI: 0.17809439002671415 F1_MA: 0.07697457959196118
BEST_F1_MI: 0.5701988720688632 BEST_F1_MA: 0.5406385222343675 BEST_ACC_MI: 0.5701988720688632 BEST_F1_MA: 0.586733244447638
[[585   0 308   0]
 [793   3   8   0]
 [729   5  12   0]
 [  0 802 124   0]]
Epoch: [33/200], cls_loss: 0.0000, transfer_loss: 0.0000,person_loss: 0.0000, total_Loss: 0.0000
trian begin
trian end
ACC: 27.040664885722766
SAMPLE
F1_MI: 0.26981300089047194 F1_MA: 0.29463376934585517 ACC_MI: 0.26981300089047194 F1_MA: 0.3482780767827497
BEST_F1_MI: 0.5701988720688632 BEST_F1_MA: 0.5406385222343675 BEST_ACC_MI: 0.5701988720688632 BEST_F1_MA: 0.586733244447638
[[883  10   0   0]
 [779  25   0   0]
 [743   2   1   0]
 [  0 926   0   0]]
Epoch: [34/200], cls_loss: 0.0000, transfer_loss: 0.0000,person_loss: 0.0000, total_Loss: 0.0000
trian begin
trian end
ACC: 16.355001484119917
SAMPLE
F1_MI: 0.16355001484119916 F1_MA: 0.16498680284244763 ACC_MI: 0.16355001484119916 F1_MA: 0.16100538768132364
BEST_F1_MI: 0.5701988720688632 BEST_F1_MA: 0.5406385222343675 BEST_ACC_MI: 0.5701988720688632 BEST_F1_MA: 0.586733244447638
[[200 240 453   0]
 [401 184 219   0]
 [507  72 167   0]
 [  0   3 923   0]]
Epoch: [35/200], cls_loss: 0.0000, transfer_loss: 0.0000,person_loss: 0.0000, total_Loss: 0.0000
trian begin
trian end
ACC: 21.01513802315227
SAMPLE
F1_MI: 0.21015138023152272 F1_MA: 0.14802743608501315 ACC_MI: 0.21015138023152272 F1_MA: 0.11691480334030865
BEST_F1_MI: 0.5701988720688632 BEST_F1_MA: 0.5406385222343675 BEST_ACC_MI: 0.5701988720688632 BEST_F1_MA: 0.586733244447638
[[635  29 229   0]
 [639  22 143   0]
 [675  20  51   0]
 [  0 923   3   0]]
Epoch: [36/200], cls_loss: 0.0000, transfer_loss: 0.0000,person_loss: 0.0000, total_Loss: 0.0000
trian begin
trian end
ACC: 13.357079252003562
SAMPLE
F1_MI: 0.13268032056990206 F1_MA: 0.11117040140888158 ACC_MI: 0.13268032056990206 F1_MA: 0.09528373481492469
BEST_F1_MI: 0.5701988720688632 BEST_F1_MA: 0.5406385222343675 BEST_ACC_MI: 0.5701988720688632 BEST_F1_MA: 0.586733244447638
[[258  24 611   0]
 [421  89 294   0]
 [627  19 100   0]
 [  0 924   2   0]]
Epoch: [37/200], cls_loss: 0.0000, transfer_loss: 0.0000,person_loss: 0.0000, total_Loss: 0.0000
trian begin
trian end
ACC: 22.67735233006827
SAMPLE
F1_MI: 0.2267735233006827 F1_MA: 0.13615890957091709 ACC_MI: 0.2267735233006827 F1_MA: 0.09961223295288264
BEST_F1_MI: 0.5701988720688632 BEST_F1_MA: 0.5406385222343675 BEST_ACC_MI: 0.5701988720688632 BEST_F1_MA: 0.586733244447638
[[726  58 109   0]
 [539  38 227   0]
 [745   1   0   0]
 [  0 923   3   0]]
Epoch: [38/200], cls_loss: 0.0000, transfer_loss: 0.0000,person_loss: 0.0000, total_Loss: 0.0000
trian begin
trian end
ACC: 45.859305431878894
SAMPLE
F1_MI: 0.45859305431878894 F1_MA: 0.3878161925885262 ACC_MI: 0.45859305431878894 F1_MA: 0.35688569751793936
BEST_F1_MI: 0.5701988720688632 BEST_F1_MA: 0.5406385222343675 BEST_ACC_MI: 0.5701988720688632 BEST_F1_MA: 0.586733244447638
[[659  38 196   0]
 [758  21  25   0]
 [669  76   1   0]
 [  0  61   1 864]]
Epoch: [39/200], cls_loss: 0.0000, transfer_loss: 0.0000,person_loss: 0.0000, total_Loss: 0.0000
trian begin
trian end
ACC: 39.15108340753933
SAMPLE
F1_MI: 0.39002671415850393 F1_MA: 0.3782219075402212 ACC_MI: 0.390026714158504 F1_MA: 0.3882047112389747
BEST_F1_MI: 0.5701988720688632 BEST_F1_MA: 0.5406385222343675 BEST_ACC_MI: 0.5701988720688632 BEST_F1_MA: 0.586733244447638
[[143 216 534   0]
 [456 278  70   0]
 [583 145  18   0]
 [  0  51   0 875]]
Epoch: [40/200], cls_loss: 0.0000, transfer_loss: 0.0000,person_loss: 0.0000, total_Loss: 0.0000
trian begin
trian end
ACC: 18.106262986049273
SAMPLE
F1_MI: 0.18106262986049274 F1_MA: 0.1492556370432471 ACC_MI: 0.18106262986049274 F1_MA: 0.12580086342013364
BEST_F1_MI: 0.5701988720688632 BEST_F1_MA: 0.5406385222343675 BEST_ACC_MI: 0.5701988720688632 BEST_F1_MA: 0.586733244447638
[[380   0 513   0]
 [666   0 138   0]
 [512   4 230   0]
 [  0 920   6   0]]
Epoch: [41/200], cls_loss: 0.0000, transfer_loss: 0.0000,person_loss: 0.0000, total_Loss: 0.0000
trian begin
trian end
ACC: 29.65271593944791
SAMPLE
F1_MI: 0.2923716236271891 F1_MA: 0.1863717684344763 ACC_MI: 0.2923716236271891 F1_MA: 0.13913176987913356
BEST_F1_MI: 0.5701988720688632 BEST_F1_MA: 0.5406385222343675 BEST_ACC_MI: 0.5701988720688632 BEST_F1_MA: 0.586733244447638
[[865   1  27   0]
 [793   8   3   0]
 [435 199 112   0]
 [  0   1 925   0]]
Epoch: [42/200], cls_loss: 0.0000, transfer_loss: 0.0000,person_loss: 0.0000, total_Loss: 0.0000
trian begin
trian end
ACC: 66.63698426832889
SAMPLE
F1_MI: 0.6654793707331552 F1_MA: 0.6373633445845038 ACC_MI: 0.6654793707331552 F1_MA: 0.6298123236076957
BEST_F1_MI: 0.6654793707331552 BEST_F1_MA: 0.6373633445845038 BEST_ACC_MI: 0.6654793707331552 BEST_F1_MA: 0.6298123236076957
[[860   1  32   0]
 [760  26  18   0]
 [131 152 463   0]
 [  9  24   0 893]]
Epoch: [43/200], cls_loss: 0.0000, transfer_loss: 0.0000,person_loss: 0.0000, total_Loss: 0.0000
trian begin
trian end
ACC: 31.196200653012763
SAMPLE
F1_MI: 0.3051350549124369 F1_MA: 0.3159413203025847 ACC_MI: 0.3051350549124369 F1_MA: 0.339794883834998
BEST_F1_MI: 0.6654793707331552 BEST_F1_MA: 0.6373633445845038 BEST_ACC_MI: 0.6654793707331552 BEST_F1_MA: 0.6298123236076957
[[893   0   0   0]
 [803   1   0   0]
 [609   3 134   0]
 [  2 920   4   0]]
Epoch: [44/200], cls_loss: 0.0000, transfer_loss: 0.0000,person_loss: 0.0000, total_Loss: 0.0000
trian begin
trian end
ACC: 17.36420302760463
SAMPLE
F1_MI: 0.17275155832591274 F1_MA: 0.10961891242461916 ACC_MI: 0.17275155832591274 F1_MA: 0.08231934531086763
BEST_F1_MI: 0.6654793707331552 BEST_F1_MA: 0.6373633445845038 BEST_ACC_MI: 0.6654793707331552 BEST_F1_MA: 0.6298123236076957
[[559   2 332   0]
 [623   8 173   0]
 [731   0  15   0]
 [  1 921   4   0]]
Epoch: [45/200], cls_loss: 0.0000, transfer_loss: 0.0000,person_loss: 0.0000, total_Loss: 0.0000
trian begin
trian end
ACC: 65.39032353814189
SAMPLE
F1_MI: 0.6423271000296824 F1_MA: 0.6384947072232129 ACC_MI: 0.6423271000296824 F1_MA: 0.6575688155743729
BEST_F1_MI: 0.6654793707331552 BEST_F1_MA: 0.6384947072232129 BEST_ACC_MI: 0.6654793707331552 BEST_F1_MA: 0.6575688155743729
[[813  14  66   0]
 [728  40  36   0]
 [313  26 407   0]
 [  0  22   0 904]]
Epoch: [46/200], cls_loss: 0.0000, transfer_loss: 0.0000,person_loss: 0.0000, total_Loss: 0.0000
trian begin
trian end
ACC: 48.91659246067082
SAMPLE
F1_MI: 0.4885722766399525 F1_MA: 0.47681673436839234 ACC_MI: 0.4885722766399525 F1_MA: 0.4864776746719452
BEST_F1_MI: 0.6654793707331552 BEST_F1_MA: 0.6384947072232129 BEST_ACC_MI: 0.6654793707331552 BEST_F1_MA: 0.6575688155743729
[[371 131 391   0]
 [376 198 230   0]
 [449 123 174   0]
 [  0  23   0 903]]
Epoch: [47/200], cls_loss: 0.0000, transfer_loss: 0.0000,person_loss: 0.0000, total_Loss: 0.0000
trian begin
trian end
ACC: 57.346393588601956
SAMPLE
F1_MI: 0.5716829919857525 F1_MA: 0.5759923486821914 ACC_MI: 0.5716829919857525 F1_MA: 0.60637306267134
BEST_F1_MI: 0.6654793707331552 BEST_F1_MA: 0.6384947072232129 BEST_ACC_MI: 0.6654793707331552 BEST_F1_MA: 0.6575688155743729
[[525 320  48   0]
 [422 346  36   0]
 [486 120 140   0]
 [  0  11   0 915]]
Epoch: [48/200], cls_loss: 0.0000, transfer_loss: 0.0000,person_loss: 0.0000, total_Loss: 0.0000
trian begin
trian end
ACC: 22.647669931730483
SAMPLE
F1_MI: 0.22647669931730482 F1_MA: 0.1446598742868728 ACC_MI: 0.22647669931730482 F1_MA: 0.10891320451165239
BEST_F1_MI: 0.6654793707331552 BEST_F1_MA: 0.6384947072232129 BEST_ACC_MI: 0.6654793707331552 BEST_F1_MA: 0.6575688155743729
[[722   7 164   0]
 [726  22  56   0]
 [718   9  19   0]
 [  0 926   0   0]]
Epoch: [49/200], cls_loss: 0.0000, transfer_loss: 0.0000,person_loss: 0.0000, total_Loss: 0.0000
trian begin
trian end
ACC: 18.72959335114277
SAMPLE
F1_MI: 0.18551498961116059 F1_MA: 0.16453611222279943 ACC_MI: 0.18551498961116059 F1_MA: 0.14423907637401678
BEST_F1_MI: 0.6654793707331552 BEST_F1_MA: 0.6384947072232129 BEST_ACC_MI: 0.6654793707331552 BEST_F1_MA: 0.6575688155743729
[[221 296 376   0]
 [312 239 253   0]
 [498  83 165   0]
 [  0 926   0   0]]
Epoch: [50/200], cls_loss: 0.0000, transfer_loss: 0.0000,person_loss: 0.0000, total_Loss: 0.0000
trian begin
trian end
ACC: 62.392401306025526
SAMPLE
F1_MI: 0.6194716533095874 F1_MA: 0.6102386721962624 ACC_MI: 0.6194716533095874 F1_MA: 0.6271179914571436
BEST_F1_MI: 0.6654793707331552 BEST_F1_MA: 0.6384947072232129 BEST_ACC_MI: 0.6654793707331552 BEST_F1_MA: 0.6575688155743729
[[843   0  50   0]
 [768  17  19   0]
 [393  20 333   0]
 [  1  26   5 894]]
Epoch: [51/200], cls_loss: 0.0000, transfer_loss: 0.0000,person_loss: 0.0000, total_Loss: 0.0000
trian begin
trian end
ACC: 22.4102107450282
SAMPLE
F1_MI: 0.2232116355001484 F1_MA: 0.16083934163207125 ACC_MI: 0.22321163550014841 F1_MA: 0.1288830776796621
BEST_F1_MI: 0.6654793707331552 BEST_F1_MA: 0.6384947072232129 BEST_ACC_MI: 0.6654793707331552 BEST_F1_MA: 0.6575688155743729
[[691   8 194   0]
 [672   1 131   0]
 [560 126  60   0]
 [  1 924   1   0]]
Epoch: [52/200], cls_loss: 0.0000, transfer_loss: 0.0000,person_loss: 0.0000, total_Loss: 0.0000
trian begin
trian end
ACC: 41.911546452953395
SAMPLE
F1_MI: 0.41763134461264473 F1_MA: 0.3905795073033799 ACC_MI: 0.41763134461264473 F1_MA: 0.36083722148445696
BEST_F1_MI: 0.6654793707331552 BEST_F1_MA: 0.6384947072232129 BEST_ACC_MI: 0.6654793707331552 BEST_F1_MA: 0.6575688155743729
[[793  62  38   0]
 [681  87  36   0]
 [141  78 527   0]
 [  0 926   0   0]]
Epoch: [53/200], cls_loss: 0.0000, transfer_loss: 0.0000,person_loss: 0.0000, total_Loss: 0.0000
trian begin
trian end
ACC: 33.333333333333336
SAMPLE
F1_MI: 0.3321460373998219 F1_MA: 0.34265535864930186 ACC_MI: 0.3321460373998219 F1_MA: 0.3446276970887217
BEST_F1_MI: 0.6654793707331552 BEST_F1_MA: 0.6384947072232129 BEST_ACC_MI: 0.6654793707331552 BEST_F1_MA: 0.6575688155743729
[[410 455  28   0]
 [258 483  63   0]
 [270 250 226   0]
 [  0 926   0   0]]
Epoch: [54/200], cls_loss: 0.0000, transfer_loss: 0.0000,person_loss: 0.0000, total_Loss: 0.0000
trian begin
trian end
ACC: 46.54200059364797
SAMPLE
F1_MI: 0.46126447016918964 F1_MA: 0.46756028212613965 ACC_MI: 0.46126447016918964 F1_MA: 0.4802651757411206
BEST_F1_MI: 0.6654793707331552 BEST_F1_MA: 0.6384947072232129 BEST_ACC_MI: 0.6654793707331552 BEST_F1_MA: 0.6575688155743729
[[130 406 357   0]
 [ 42 366 396   0]
 [403  41 302   0]
 [  0   5 165 756]]
Epoch: [55/200], cls_loss: 0.0000, transfer_loss: 0.0000,person_loss: 0.0000, total_Loss: 0.0000
trian begin
trian end
ACC: 33.541110121697834
SAMPLE
F1_MI: 0.3273968536657762 F1_MA: 0.3829162367979714 ACC_MI: 0.3273968536657762 F1_MA: 0.45291893896456525
BEST_F1_MI: 0.6654793707331552 BEST_F1_MA: 0.6384947072232129 BEST_ACC_MI: 0.6654793707331552 BEST_F1_MA: 0.6575688155743729
[[372 170   0 351]
 [ 41 698   4  61]
 [249 118  24 355]
 [916   1   0   9]]
Epoch: [56/200], cls_loss: 0.0000, transfer_loss: 0.0000,person_loss: 0.0000, total_Loss: 0.0000
trian begin
trian end
ACC: 58.86019590382903
SAMPLE
F1_MI: 0.585040071237756 F1_MA: 0.5608341327358104 ACC_MI: 0.585040071237756 F1_MA: 0.5697462949596772
BEST_F1_MI: 0.6654793707331552 BEST_F1_MA: 0.6384947072232129 BEST_ACC_MI: 0.6654793707331552 BEST_F1_MA: 0.6575688155743729
[[782  66  45   0]
 [393 274 137   0]
 [726   4  16   0]
 [  0   0  27 899]]
Epoch: [57/200], cls_loss: 0.0000, transfer_loss: 0.0000,person_loss: 0.0000, total_Loss: 0.0000
trian begin
trian end
ACC: 36.03443158207183
SAMPLE
F1_MI: 0.35856337192045123 F1_MA: 0.32129125737723263 ACC_MI: 0.3585633719204512 F1_MA: 0.29631744877679855
BEST_F1_MI: 0.6654793707331552 BEST_F1_MA: 0.6384947072232129 BEST_ACC_MI: 0.6654793707331552 BEST_F1_MA: 0.6575688155743729
[[813  78   2   0]
 [412 377  15   0]
 [684  44  18   0]
 [  1  10 915   0]]
Epoch: [58/200], cls_loss: 0.0000, transfer_loss: 0.0000,person_loss: 0.0000, total_Loss: 0.0000
trian begin
K is too much target
please input again
trian end
ACC: 23.241317898486198
SAMPLE
F1_MI: 0.23211635500148411 F1_MA: 0.19191424409483318 ACC_MI: 0.23211635500148411 F1_MA: 0.16266605847922064
BEST_F1_MI: 0.6654793707331552 BEST_F1_MA: 0.6384947072232129 BEST_ACC_MI: 0.6654793707331552 BEST_F1_MA: 0.6575688155743729
[[296 597   0   0]
 [318 486   0   0]
 [697  49   0   0]
 [  4  10 912   0]]
Epoch: [59/200], cls_loss: 0.0000, transfer_loss: 0.0000,person_loss: 0.0000, total_Loss: 0.0000
trian begin
trian end
ACC: 35.97506678539626
SAMPLE
F1_MI: 0.35975066785396265 F1_MA: 0.314130052779916 ACC_MI: 0.3597506678539626 F1_MA: 0.2835536305228396
BEST_F1_MI: 0.6654793707331552 BEST_F1_MA: 0.6384947072232129 BEST_ACC_MI: 0.6654793707331552 BEST_F1_MA: 0.6575688155743729
[[800  84   9   0]
 [377 411  16   0]
 [681  64   1   0]
 [  0  26 900   0]]
Epoch: [60/200], cls_loss: 0.0000, transfer_loss: 0.0000,person_loss: 0.0000, total_Loss: 0.0000
trian begin
trian end
ACC: 35.85633719204512
SAMPLE
F1_MI: 0.3475808845354705 F1_MA: 0.2802988953411909 ACC_MI: 0.3475808845354705 F1_MA: 0.2348865841953988
BEST_F1_MI: 0.6654793707331552 BEST_F1_MA: 0.6384947072232129 BEST_ACC_MI: 0.6654793707331552 BEST_F1_MA: 0.6575688155743729
[[547 305  41   0]
 [188 611   5   0]
 [577 156  13   0]
 [  0 925   1   0]]
Epoch: [61/200], cls_loss: 0.0000, transfer_loss: 0.0000,person_loss: 0.0000, total_Loss: 0.0000
trian begin
K is too much target
please input again
trian end
ACC: 28.495102404274267
SAMPLE
F1_MI: 0.2804986642920748 F1_MA: 0.19874102131602908 ACC_MI: 0.2804986642920748 F1_MA: 0.155102831642919
BEST_F1_MI: 0.6654793707331552 BEST_F1_MA: 0.6384947072232129 BEST_ACC_MI: 0.6654793707331552 BEST_F1_MA: 0.6575688155743729
[[562 276  55   0]
 [366 378  60   0]
 [695  46   5   0]
 [  0 926   0   0]]
Epoch: [62/200], cls_loss: 0.0000, transfer_loss: 0.0000,person_loss: 0.0000, total_Loss: 0.0000
trian begin
trian end
ACC: 23.98337785693084
SAMPLE
F1_MI: 0.2398337785693084 F1_MA: 0.22927690183403435 ACC_MI: 0.2398337785693084 F1_MA: 0.23202832709780866
BEST_F1_MI: 0.6654793707331552 BEST_F1_MA: 0.6384947072232129 BEST_ACC_MI: 0.6654793707331552 BEST_F1_MA: 0.6575688155743729
[[801   0   3  89]
 [367   0   4 433]
 [701   0   7  38]
 [  2 924   0   0]]
Epoch: [63/200], cls_loss: 0.0000, transfer_loss: 0.0000,person_loss: 0.0000, total_Loss: 0.0000
trian begin
trian end
ACC: 35.32205402196497
SAMPLE
F1_MI: 0.3529237162362719 F1_MA: 0.23233074267408782 ACC_MI: 0.3529237162362719 F1_MA: 0.17466423093823977
BEST_F1_MI: 0.6654793707331552 BEST_F1_MA: 0.6384947072232129 BEST_ACC_MI: 0.6654793707331552 BEST_F1_MA: 0.6575688155743729
[[738 155   0   0]
 [350 451   3   0]
 [697  49   0   0]
 [  1 925   0   0]]
Epoch: [64/200], cls_loss: 0.0000, transfer_loss: 0.0000,person_loss: 0.0000, total_Loss: 0.0000
trian begin
trian end
ACC: 55.47640249332146
SAMPLE
F1_MI: 0.5307212822796082 F1_MA: 0.5255050077769684 ACC_MI: 0.5307212822796082 F1_MA: 0.5502956535816972
BEST_F1_MI: 0.6654793707331552 BEST_F1_MA: 0.6384947072232129 BEST_ACC_MI: 0.6654793707331552 BEST_F1_MA: 0.6575688155743729
[[558  34 301   0]
 [314 241 249   0]
 [615  59  72   0]
 [  0   5   4 917]]
Epoch: [65/200], cls_loss: 0.0000, transfer_loss: 0.0000,person_loss: 0.0000, total_Loss: 0.0000
trian begin
trian end
ACC: 30.92905906797269
SAMPLE
F1_MI: 0.2977144553279905 F1_MA: 0.3108794099860453 ACC_MI: 0.2977144553279905 F1_MA: 0.34290430630534324
BEST_F1_MI: 0.6654793707331552 BEST_F1_MA: 0.6384947072232129 BEST_ACC_MI: 0.6654793707331552 BEST_F1_MA: 0.6575688155743729
[[860  33   0   0]
 [674 121   6   3]
 [745   1   0   0]
 [  0 904   0  22]]
Epoch: [66/200], cls_loss: 0.0000, transfer_loss: 0.0000,person_loss: 0.0000, total_Loss: 0.0000
trian begin
trian end
ACC: 36.39062036212526
SAMPLE
F1_MI: 0.3618284357376076 F1_MA: 0.4071758468111399 ACC_MI: 0.3618284357376076 F1_MA: 0.4795763743366518
BEST_F1_MI: 0.6654793707331552 BEST_F1_MA: 0.6384947072232129 BEST_ACC_MI: 0.6654793707331552 BEST_F1_MA: 0.6575688155743729
[[631 228  33   1]
 [381 415   2   6]
 [674  50  21   1]
 [  0 762  12 152]]
Epoch: [67/200], cls_loss: 0.0000, transfer_loss: 0.0000,person_loss: 0.0000, total_Loss: 0.0000
trian begin
trian end
ACC: 23.50845948352627
SAMPLE
F1_MI: 0.23271000296823982 F1_MA: 0.18169818773259305 ACC_MI: 0.23271000296823982 F1_MA: 0.15070943487751637
BEST_F1_MI: 0.6654793707331552 BEST_F1_MA: 0.6384947072232129 BEST_ACC_MI: 0.6654793707331552 BEST_F1_MA: 0.6575688155743729
[[513 259 121   0]
 [440 236 128   0]
 [643  68  35   0]
 [  0 925   1   0]]
Epoch: [68/200], cls_loss: 0.0000, transfer_loss: 0.0000,person_loss: 0.0000, total_Loss: 0.0000
trian begin
trian end
ACC: 8.043929949539923
SAMPLE
F1_MI: 0.07806470762837638 F1_MA: 0.06732759067101908 ACC_MI: 0.07806470762837638 F1_MA: 0.05815464358669928
BEST_F1_MI: 0.6654793707331552 BEST_F1_MA: 0.6384947072232129 BEST_ACC_MI: 0.6654793707331552 BEST_F1_MA: 0.6575688155743729
[[132  24 737   0]
 [322  38 444   0]
 [626  27  93   0]
 [  0 924   2   0]]
Epoch: [69/200], cls_loss: 0.0000, transfer_loss: 0.0000,person_loss: 0.0000, total_Loss: 0.0000
trian begin
trian end
ACC: 16.800237459186704
SAMPLE
F1_MI: 0.168002374591867 F1_MA: 0.1193618710155055 ACC_MI: 0.168002374591867 F1_MA: 0.09287382876179456
BEST_F1_MI: 0.6654793707331552 BEST_F1_MA: 0.6384947072232129 BEST_ACC_MI: 0.6654793707331552 BEST_F1_MA: 0.6575688155743729
[[293 432 168   0]
 [502 270  32   0]
 [726  17   3   0]
 [  2 924   0   0]]
Epoch: [70/200], cls_loss: 0.0000, transfer_loss: 0.0000,person_loss: 0.0000, total_Loss: 0.0000
trian begin
trian end
ACC: 16.473731077471058
SAMPLE
F1_MI: 0.1647373107747106 F1_MA: 0.10545149071311549 ACC_MI: 0.1647373107747106 F1_MA: 0.07961053523154162
BEST_F1_MI: 0.6654793707331552 BEST_F1_MA: 0.6384947072232129 BEST_ACC_MI: 0.6654793707331552 BEST_F1_MA: 0.6575688155743729
[[540  10 275  68]
 [598   3 161  42]
 [734   0  12   0]
 [  0 926   0   0]]
Epoch: [71/200], cls_loss: 0.0000, transfer_loss: 0.0000,person_loss: 0.0000, total_Loss: 0.0000
trian begin
trian end
ACC: 15.791035915701988
SAMPLE
F1_MI: 0.14485010388839417 F1_MA: 0.11297690107342138 ACC_MI: 0.14485010388839417 F1_MA: 0.09314223479972916
BEST_F1_MI: 0.6654793707331552 BEST_F1_MA: 0.6384947072232129 BEST_ACC_MI: 0.6654793707331552 BEST_F1_MA: 0.6575688155743729
[[362   0 531   0]
 [435   1 368   0]
 [620   1 125   0]
 [  0 872  54   0]]
Epoch: [72/200], cls_loss: 0.0000, transfer_loss: 0.0000,person_loss: 0.0000, total_Loss: 0.0000
trian begin
trian end
ACC: 13.327396853665777
SAMPLE
F1_MI: 0.13327396853665777 F1_MA: 0.0952924856174262 ACC_MI: 0.13327396853665777 F1_MA: 0.0701050715549036
BEST_F1_MI: 0.6654793707331552 BEST_F1_MA: 0.6384947072232129 BEST_ACC_MI: 0.6654793707331552 BEST_F1_MA: 0.6575688155743729
[[ 25   1 867   0]
 [ 34  15 755   0]
 [332   5 409   0]
 [  0 917   9   0]]
Epoch: [73/200], cls_loss: 0.0000, transfer_loss: 0.0000,person_loss: 0.0000, total_Loss: 0.0000
trian begin
trian end
ACC: 29.62303354111012
SAMPLE
F1_MI: 0.29533986346096763 F1_MA: 0.24281245372521165 ACC_MI: 0.29533986346096763 F1_MA: 0.2049074690643398
BEST_F1_MI: 0.6654793707331552 BEST_F1_MA: 0.6384947072232129 BEST_ACC_MI: 0.6654793707331552 BEST_F1_MA: 0.6575688155743729
[[370 508  15   0]
 [175 625   4   0]
 [674  72   0   0]
 [  0   6 920   0]]
Epoch: [74/200], cls_loss: 0.0000, transfer_loss: 0.0000,person_loss: 0.0000, total_Loss: 0.0000
trian begin
trian end
ACC: 29.059067972692194
SAMPLE
F1_MI: 0.2899970317601662 F1_MA: 0.27777853112578466 ACC_MI: 0.2899970317601662 F1_MA: 0.2778572104225332
BEST_F1_MI: 0.6654793707331552 BEST_F1_MA: 0.6384947072232129 BEST_ACC_MI: 0.6654793707331552 BEST_F1_MA: 0.6575688155743729
[[842  46   5   0]
 [665 135   4   0]
 [746   0   0   0]
 [  0   2 924   0]]
Epoch: [75/200], cls_loss: 0.0000, transfer_loss: 0.0000,person_loss: 0.0000, total_Loss: 0.0000
trian begin
trian end
ACC: 28.613831997625407
SAMPLE
F1_MI: 0.2861383199762541 F1_MA: 0.27223890678383333 ACC_MI: 0.2861383199762541 F1_MA: 0.2691561942971452
BEST_F1_MI: 0.6654793707331552 BEST_F1_MA: 0.6384947072232129 BEST_ACC_MI: 0.6654793707331552 BEST_F1_MA: 0.6575688155743729
[[786  71  36   0]
 [604 178  22   0]
 [744   2   0   0]
 [  5   0 921   0]]
Epoch: [76/200], cls_loss: 0.0000, transfer_loss: 0.0000,person_loss: 0.0000, total_Loss: 0.0000
trian begin
trian end
ACC: 39.44790739091719
SAMPLE
F1_MI: 0.39447907390917186 F1_MA: 0.3463955815395094 ACC_MI: 0.39447907390917186 F1_MA: 0.3032977922250199
BEST_F1_MI: 0.6654793707331552 BEST_F1_MA: 0.6384947072232129 BEST_ACC_MI: 0.6654793707331552 BEST_F1_MA: 0.6575688155743729
[[642  62 189   0]
 [258 256 290   0]
 [279  36 431   0]
 [  0 912  14   0]]
Epoch: [77/200], cls_loss: 0.0000, transfer_loss: 0.0000,person_loss: 0.0000, total_Loss: 0.0000
trian begin
trian end
ACC: 35.52983081032947
SAMPLE
F1_MI: 0.35114277233600477 F1_MA: 0.31988942617863786 ACC_MI: 0.35114277233600477 F1_MA: 0.29975585107806785
BEST_F1_MI: 0.6654793707331552 BEST_F1_MA: 0.6384947072232129 BEST_ACC_MI: 0.6654793707331552 BEST_F1_MA: 0.6575688155743729
[[809  77   7   0]
 [431 368   5   0]
 [719  21   6   0]
 [  0   6 920   0]]
Epoch: [78/200], cls_loss: 0.0000, transfer_loss: 0.0000,person_loss: 0.0000, total_Loss: 0.0000
trian begin
trian end
ACC: 30.305728702879193
SAMPLE
F1_MI: 0.3003858711783912 F1_MA: 0.3008059373567349 ACC_MI: 0.3003858711783912 F1_MA: 0.31567502324383057
BEST_F1_MI: 0.6654793707331552 BEST_F1_MA: 0.6384947072232129 BEST_ACC_MI: 0.6654793707331552 BEST_F1_MA: 0.6575688155743729
[[885   6   2   0]
 [666 126  12   0]
 [734  11   1   0]
 [  4   1 921   0]]
Epoch: [79/200], cls_loss: 0.0000, transfer_loss: 0.0000,person_loss: 0.0000, total_Loss: 0.0000
trian begin
K is too much target
please input again
trian end
ACC: 42.23805283466904
SAMPLE
F1_MI: 0.4033837934105075 F1_MA: 0.3374998969702679 ACC_MI: 0.40338379341050756 F1_MA: 0.2911181354559349
BEST_F1_MI: 0.6654793707331552 BEST_F1_MA: 0.6384947072232129 BEST_ACC_MI: 0.6654793707331552 BEST_F1_MA: 0.6575688155743729
[[739 151   3   0]
 [245 546  13   0]
 [365 307  74   0]
 [  0   0 926   0]]
Epoch: [80/200], cls_loss: 0.0000, transfer_loss: 0.0000,person_loss: 0.0000, total_Loss: 0.0000
trian begin
trian end
ACC: 30.572870287919265
SAMPLE
F1_MI: 0.2971208073612348 F1_MA: 0.26781109112866813 ACC_MI: 0.2971208073612348 F1_MA: 0.24797309457209074
BEST_F1_MI: 0.6654793707331552 BEST_F1_MA: 0.6384947072232129 BEST_ACC_MI: 0.6654793707331552 BEST_F1_MA: 0.6575688155743729
[[691 157  45   0]
 [431 258 114   1]
 [666  28  52   0]
 [  4  18 904   0]]
Epoch: [81/200], cls_loss: 0.0000, transfer_loss: 0.0000,person_loss: 0.0000, total_Loss: 0.0000
trian begin
trian end
ACC: 58.86019590382903
SAMPLE
F1_MI: 0.5838527753042446 F1_MA: 0.5402213652479662 ACC_MI: 0.5838527753042446 F1_MA: 0.5206969352582403
BEST_F1_MI: 0.6654793707331552 BEST_F1_MA: 0.6384947072232129 BEST_ACC_MI: 0.6654793707331552 BEST_F1_MA: 0.6575688155743729
[[449 435   9   0]
 [180 614  10   0]
 [675  62   9   0]
 [  1  11  19 895]]
Epoch: [82/200], cls_loss: 0.0000, transfer_loss: 0.0000,person_loss: 0.0000, total_Loss: 0.0000
trian begin
trian end
ACC: 61.50192935589195
SAMPLE
F1_MI: 0.6150192935589196 F1_MA: 0.6038999662097572 ACC_MI: 0.6150192935589196 F1_MA: 0.6066459480709051
BEST_F1_MI: 0.6654793707331552 BEST_F1_MA: 0.6384947072232129 BEST_ACC_MI: 0.6654793707331552 BEST_F1_MA: 0.6575688155743729
[[544 242 101   6]
 [109 606  80   9]
 [440 129 177   0]
 [  0   2 179 745]]
Epoch: [83/200], cls_loss: 0.0000, transfer_loss: 0.0000,person_loss: 0.0000, total_Loss: 0.0000
trian begin
trian end
ACC: 36.39062036212526
SAMPLE
F1_MI: 0.35322054021964977 F1_MA: 0.29284023986131547 ACC_MI: 0.35322054021964977 F1_MA: 0.24821264979882743
BEST_F1_MI: 0.6654793707331552 BEST_F1_MA: 0.6384947072232129 BEST_ACC_MI: 0.6654793707331552 BEST_F1_MA: 0.6575688155743729
[[757   0 136   0]
 [772   0  32   0]
 [313   0 433   0]
 [925   0   1   0]]
Epoch: [84/200], cls_loss: 0.0000, transfer_loss: 0.0000,person_loss: 0.0000, total_Loss: 0.0000
trian begin
trian end
ACC: 49.569605224102105
SAMPLE
F1_MI: 0.4900563965568418 F1_MA: 0.48083547170207286 ACC_MI: 0.4900563965568418 F1_MA: 0.5017423948069917
BEST_F1_MI: 0.6654793707331552 BEST_F1_MA: 0.6384947072232129 BEST_ACC_MI: 0.6654793707331552 BEST_F1_MA: 0.6575688155743729
[[520  89 284   0]
 [469 240  95   0]
 [705  28  13   0]
 [  0   1  47 878]]
Epoch: [85/200], cls_loss: 0.0000, transfer_loss: 0.0000,person_loss: 0.0000, total_Loss: 0.0000
trian begin
trian end
ACC: 25.348768180468984
SAMPLE
F1_MI: 0.25348768180468984 F1_MA: 0.21207604957375845 ACC_MI: 0.25348768180468984 F1_MA: 0.18772899101108478
BEST_F1_MI: 0.6654793707331552 BEST_F1_MA: 0.6384947072232129 BEST_ACC_MI: 0.6654793707331552 BEST_F1_MA: 0.6575688155743729
[[715 175   3   0]
 [677 127   0   0]
 [723  11  12   0]
 [  4   4 918   0]]
Epoch: [86/200], cls_loss: 0.0000, transfer_loss: 0.0000,person_loss: 0.0000, total_Loss: 0.0000
trian begin
trian end
ACC: 24.250519441970912
SAMPLE
F1_MI: 0.23478777085188482 F1_MA: 0.2925383896319245 ACC_MI: 0.23478777085188482 F1_MA: 0.37008137550859693
BEST_F1_MI: 0.6654793707331552 BEST_F1_MA: 0.6384947072232129 BEST_ACC_MI: 0.6654793707331552 BEST_F1_MA: 0.6575688155743729
[[406   0 487   0]
 [353  34 417   0]
 [395   0 351   0]
 [176   0 750   0]]
Epoch: [87/200], cls_loss: 0.0000, transfer_loss: 0.0000,person_loss: 0.0000, total_Loss: 0.0000
trian begin
trian end
ACC: 8.578213119620065
SAMPLE
F1_MI: 0.08370436331255565 F1_MA: 0.07178164134727597 ACC_MI: 0.08370436331255565 F1_MA: 0.061631653281597226
BEST_F1_MI: 0.6654793707331552 BEST_F1_MA: 0.6384947072232129 BEST_ACC_MI: 0.6654793707331552 BEST_F1_MA: 0.6575688155743729
[[ 94  79 720   0]
 [503 140 161   0]
 [697   1  48   0]
 [  0 925   1   0]]
Epoch: [88/200], cls_loss: 0.0000, transfer_loss: 0.0000,person_loss: 0.0000, total_Loss: 0.0000
trian begin
K is too much target
please input again
trian end
ACC: 14.099139210448204
SAMPLE
F1_MI: 0.1329771445532799 F1_MA: 0.0923073791508548 ACC_MI: 0.1329771445532799 F1_MA: 0.0722287442191391
BEST_F1_MI: 0.6654793707331552 BEST_F1_MA: 0.6384947072232129 BEST_ACC_MI: 0.6654793707331552 BEST_F1_MA: 0.6575688155743729
[[404   0 489   0]
 [766   0  38   0]
 [702   0  44   0]
 [  2 895  29   0]]
Epoch: [89/200], cls_loss: 0.0000, transfer_loss: 0.0000,person_loss: 0.0000, total_Loss: 0.0000
trian begin
trian end
ACC: 29.62303354111012
SAMPLE
F1_MI: 0.2914811516770555 F1_MA: 0.19017456235247818 ACC_MI: 0.2914811516770555 F1_MA: 0.14350901398117943
BEST_F1_MI: 0.6654793707331552 BEST_F1_MA: 0.6384947072232129 BEST_ACC_MI: 0.6654793707331552 BEST_F1_MA: 0.6575688155743729
[[761  79  53   0]
 [584 219   1   0]
 [735   9   2   0]
 [  2 910  14   0]]
Epoch: [90/200], cls_loss: 0.0000, transfer_loss: 0.0000,person_loss: 0.0000, total_Loss: 0.0000
trian begin
trian end
ACC: 50.63817156426239
SAMPLE
F1_MI: 0.5063817156426239 F1_MA: 0.5035681621452021 ACC_MI: 0.5063817156426239 F1_MA: 0.533119409944763
BEST_F1_MI: 0.6654793707331552 BEST_F1_MA: 0.6384947072232129 BEST_ACC_MI: 0.6654793707331552 BEST_F1_MA: 0.6575688155743729
[[533  74 286   0]
 [550 223  31   0]
 [713   1  32   0]
 [  0   1   7 918]]
Epoch: [91/200], cls_loss: 0.0000, transfer_loss: 0.0000,person_loss: 0.0000, total_Loss: 0.0000
trian begin
trian end
ACC: 67.8539626001781
SAMPLE
F1_MI: 0.674384090234491 F1_MA: 0.6685499817900411 ACC_MI: 0.674384090234491 F1_MA: 0.6878829556472804
BEST_F1_MI: 0.674384090234491 BEST_F1_MA: 0.6685499817900411 BEST_ACC_MI: 0.674384090234491 BEST_F1_MA: 0.6878829556472804
[[757 103  33   0]
 [325 452  27   0]
 [321 259 166   0]
 [  0   3  26 897]]
Epoch: [92/200], cls_loss: 0.0000, transfer_loss: 0.0000,person_loss: 0.0000, total_Loss: 0.0000
trian begin
trian end
ACC: 36.86553873552983
SAMPLE
F1_MI: 0.36865538735529824 F1_MA: 0.38320123856315774 ACC_MI: 0.3686553873552983 F1_MA: 0.4266473567519609
BEST_F1_MI: 0.674384090234491 BEST_F1_MA: 0.6685499817900411 BEST_ACC_MI: 0.674384090234491 BEST_F1_MA: 0.6878829556472804
[[832   8  53   0]
 [731  43  30   0]
 [601 108  37   0]
 [  0   0 596 330]]
Epoch: [93/200], cls_loss: 0.0000, transfer_loss: 0.0000,person_loss: 0.0000, total_Loss: 0.0000
trian begin
trian end
ACC: 30.572870287919265
SAMPLE
F1_MI: 0.3057287028791926 F1_MA: 0.2849734534624809 ACC_MI: 0.3057287028791926 F1_MA: 0.2615594938701076
BEST_F1_MI: 0.674384090234491 BEST_F1_MA: 0.6685499817900411 BEST_ACC_MI: 0.674384090234491 BEST_F1_MA: 0.6878829556472804
[[352 238 303   0]
 [116 528 160   0]
 [531  65 150   0]
 [169   0 757   0]]
Epoch: [94/200], cls_loss: 0.0000, transfer_loss: 0.0000,person_loss: 0.0000, total_Loss: 0.0000
trian begin
trian end
ACC: 27.367171267438408
SAMPLE
F1_MI: 0.26654793707331553 F1_MA: 0.1742172758814389 ACC_MI: 0.26654793707331553 F1_MA: 0.13304314785672974
BEST_F1_MI: 0.674384090234491 BEST_F1_MA: 0.6685499817900411 BEST_ACC_MI: 0.674384090234491 BEST_F1_MA: 0.6878829556472804
[[869  24   0   0]
 [775  29   0   0]
 [601 145   0   0]
 [  8   0 918   0]]
Epoch: [95/200], cls_loss: 0.0000, transfer_loss: 0.0000,person_loss: 0.0000, total_Loss: 0.0000
trian begin
trian end
ACC: 30.86969427129712
SAMPLE
F1_MI: 0.3086969427129712 F1_MA: 0.24932731402843075 ACC_MI: 0.3086969427129712 F1_MA: 0.21237589190097778
BEST_F1_MI: 0.674384090234491 BEST_F1_MA: 0.6685499817900411 BEST_ACC_MI: 0.674384090234491 BEST_F1_MA: 0.6878829556472804
[[702 183   8   0]
 [474 329   1   0]
 [468 269   9   0]
 [  0  16 910   0]]
Epoch: [96/200], cls_loss: 0.0000, transfer_loss: 0.0000,person_loss: 0.0000, total_Loss: 0.0000
trian begin
trian end
ACC: 43.63312555654497
SAMPLE
F1_MI: 0.4363312555654497 F1_MA: 0.42381224497339853 ACC_MI: 0.4363312555654497 F1_MA: 0.4382243615906415
BEST_F1_MI: 0.674384090234491 BEST_F1_MA: 0.6685499817900411 BEST_ACC_MI: 0.674384090234491 BEST_F1_MA: 0.6878829556472804
[[499   0 394   0]
 [473  43 288   0]
 [643   0 103   0]
 [  0  94   7 825]]
Epoch: [97/200], cls_loss: 0.0000, transfer_loss: 0.0000,person_loss: 0.0000, total_Loss: 0.0000
trian begin
trian end
ACC: 54.22974176313446
SAMPLE
F1_MI: 0.5422974176313446 F1_MA: 0.5428024738933823 ACC_MI: 0.5422974176313446 F1_MA: 0.5680552773191073
BEST_F1_MI: 0.674384090234491 BEST_F1_MA: 0.6685499817900411 BEST_ACC_MI: 0.674384090234491 BEST_F1_MA: 0.6878829556472804
[[472 118 303   0]
 [357 316 131   0]
 [604   7 135   0]
 [  2   2  18 904]]
Epoch: [98/200], cls_loss: 0.0000, transfer_loss: 0.0000,person_loss: 0.0000, total_Loss: 0.0000
trian begin
trian end
ACC: 20.065301276343128
SAMPLE
F1_MI: 0.20065301276343128 F1_MA: 0.16138630317178668 ACC_MI: 0.20065301276343128 F1_MA: 0.13625867333281547
BEST_F1_MI: 0.674384090234491 BEST_F1_MA: 0.6685499817900411 BEST_ACC_MI: 0.674384090234491 BEST_F1_MA: 0.6878829556472804
[[391  36   0 466]
 [259 280   0 265]
 [579  29   0 138]
 [  0 921   0   5]]
Epoch: [99/200], cls_loss: 0.0000, transfer_loss: 0.0000,person_loss: 0.0000, total_Loss: 0.0000
trian begin
trian end
ACC: 29.059067972692194
SAMPLE
F1_MI: 0.28020184030869694 F1_MA: 0.2342507183078121 ACC_MI: 0.28020184030869694 F1_MA: 0.19803266095404762
BEST_F1_MI: 0.674384090234491 BEST_F1_MA: 0.6685499817900411 BEST_ACC_MI: 0.674384090234491 BEST_F1_MA: 0.6878829556472804
[[239 499 155   0]
 [111 682  11   0]
 [578 145  23   0]
 [  0   1 925   0]]
Epoch: [100/200], cls_loss: 0.0000, transfer_loss: 0.0000,person_loss: 0.0000, total_Loss: 0.0000
trian begin
trian end
ACC: 60.492727812407246
SAMPLE
F1_MI: 0.6022558622736717 F1_MA: 0.5929282527243827 ACC_MI: 0.6022558622736717 F1_MA: 0.5960656105873771
BEST_F1_MI: 0.674384090234491 BEST_F1_MA: 0.6685499817900411 BEST_ACC_MI: 0.674384090234491 BEST_F1_MA: 0.6878829556472804
[[319 269 305   0]
 [160 570  74   0]
 [ 94 414 238   0]
 [  0   6  18 902]]
Epoch: [101/200], cls_loss: 0.0000, transfer_loss: 0.0000,person_loss: 0.0000, total_Loss: 0.0000
trian begin
trian end
ACC: 38.02315227070347
SAMPLE
F1_MI: 0.3731077471059662 F1_MA: 0.35661606745438096 ACC_MI: 0.37310774710596617 F1_MA: 0.34154660418839883
BEST_F1_MI: 0.674384090234491 BEST_F1_MA: 0.6685499817900411 BEST_ACC_MI: 0.674384090234491 BEST_F1_MA: 0.6878829556472804
[[871   1  21   0]
 [793   5   6   0]
 [365   0 381   0]
 [  0 925   1   0]]
Epoch: [102/200], cls_loss: 0.0000, transfer_loss: 0.0000,person_loss: 0.0000, total_Loss: 0.0000
trian begin
trian end
ACC: 30.691599881270406
SAMPLE
F1_MI: 0.28287325615909764 F1_MA: 0.21006660029684746 ACC_MI: 0.28287325615909764 F1_MA: 0.1709533844774198
BEST_F1_MI: 0.674384090234491 BEST_F1_MA: 0.6685499817900411 BEST_ACC_MI: 0.674384090234491 BEST_F1_MA: 0.6878829556472804
[[789 102   2   0]
 [661 143   0   0]
 [231 494  21   0]
 [  0   5 921   0]]
Epoch: [103/200], cls_loss: 0.0000, transfer_loss: 0.0000,person_loss: 0.0000, total_Loss: 0.0000
trian begin
trian end
ACC: 53.93291777975661
SAMPLE
F1_MI: 0.5393291777975661 F1_MA: 0.505641264159642 ACC_MI: 0.5393291777975661 F1_MA: 0.5069961949035384
BEST_F1_MI: 0.674384090234491 BEST_F1_MA: 0.6685499817900411 BEST_ACC_MI: 0.674384090234491 BEST_F1_MA: 0.6878829556472804
[[808  42  43   0]
 [740  56   8   0]
 [292 402  52   0]
 [ 13   7   5 901]]
Epoch: [104/200], cls_loss: 0.0000, transfer_loss: 0.0000,person_loss: 0.0000, total_Loss: 0.0000
trian begin
trian end
ACC: 29.029385574354407
SAMPLE
F1_MI: 0.2825764321757198 F1_MA: 0.20325876323448466 ACC_MI: 0.2825764321757198 F1_MA: 0.1625552890867619
BEST_F1_MI: 0.674384090234491 BEST_F1_MA: 0.6685499817900411 BEST_ACC_MI: 0.674384090234491 BEST_F1_MA: 0.6878829556472804
[[839  44  10   0]
 [738  66   0   0]
 [ 54 640  47   5]
 [  0   0 926   0]]
Epoch: [105/200], cls_loss: 0.0000, transfer_loss: 0.0000,person_loss: 0.0000, total_Loss: 0.0000
trian begin
trian end
ACC: 23.745918670228555
SAMPLE
F1_MI: 0.22974176313446126 F1_MA: 0.1775597588890914 ACC_MI: 0.22974176313446126 F1_MA: 0.1480596148441918
BEST_F1_MI: 0.674384090234491 BEST_F1_MA: 0.6685499817900411 BEST_ACC_MI: 0.674384090234491 BEST_F1_MA: 0.6878829556472804
[[614 248  16  15]
 [594 156   5  49]
 [739   3   4   0]
 [  2 924   0   0]]
Epoch: [106/200], cls_loss: 0.0000, transfer_loss: 0.0000,person_loss: 0.0000, total_Loss: 0.0000
trian begin
trian end
ACC: 58.207183140397746
SAMPLE
F1_MI: 0.5681211041852182 F1_MA: 0.6091710218199582 ACC_MI: 0.5681211041852182 F1_MA: 0.7096452086308107
BEST_F1_MI: 0.674384090234491 BEST_F1_MA: 0.6685499817900411 BEST_ACC_MI: 0.674384090234491 BEST_F1_MA: 0.7096452086308107
[[875   8  10   0]
 [770  32   2   0]
 [633   8 105   0]
 [ 14   7   3 902]]
Epoch: [107/200], cls_loss: 0.0000, transfer_loss: 0.0000,person_loss: 0.0000, total_Loss: 0.0000
trian begin
trian end
ACC: 49.925794004155534
SAMPLE
F1_MI: 0.4856040368061739 F1_MA: 0.487555915588695 ACC_MI: 0.4856040368061739 F1_MA: 0.5224116357794101
BEST_F1_MI: 0.674384090234491 BEST_F1_MA: 0.6685499817900411 BEST_ACC_MI: 0.674384090234491 BEST_F1_MA: 0.7096452086308107
[[846  36  11   0]
 [661 120  23   0]
 [662  53  31   0]
 [  1 283   3 639]]
Epoch: [108/200], cls_loss: 0.0000, transfer_loss: 0.0000,person_loss: 0.0000, total_Loss: 0.0000
trian begin
trian end
ACC: 64.64826357969724
SAMPLE
F1_MI: 0.6464826357969724 F1_MA: 0.628280835385424 ACC_MI: 0.6464826357969724 F1_MA: 0.6208522149900341
BEST_F1_MI: 0.674384090234491 BEST_F1_MA: 0.6685499817900411 BEST_ACC_MI: 0.674384090234491 BEST_F1_MA: 0.7096452086308107
[[575 147 171   0]
 [694 100  10   0]
 [ 73  89 584   0]
 [  0   7   0 919]]
Epoch: [109/200], cls_loss: 0.0000, transfer_loss: 0.0000,person_loss: 0.0000, total_Loss: 0.0000
trian begin
trian end
ACC: 33.36301573167112
SAMPLE
F1_MI: 0.3190857821311962 F1_MA: 0.3299198523494617 ACC_MI: 0.3190857821311962 F1_MA: 0.35108083967417814
BEST_F1_MI: 0.674384090234491 BEST_F1_MA: 0.6685499817900411 BEST_ACC_MI: 0.674384090234491 BEST_F1_MA: 0.7096452086308107
[[857  30   6   0]
 [725  75   4   0]
 [561  42 143   0]
 [  1 925   0   0]]
Epoch: [110/200], cls_loss: 0.0000, transfer_loss: 0.0000,person_loss: 0.0000, total_Loss: 0.0000
trian begin
trian end
ACC: 32.79905016325319
SAMPLE
F1_MI: 0.325615909765509 F1_MA: 0.3338104566837256 ACC_MI: 0.325615909765509 F1_MA: 0.3422889017881362
BEST_F1_MI: 0.674384090234491 BEST_F1_MA: 0.6685499817900411 BEST_ACC_MI: 0.674384090234491 BEST_F1_MA: 0.7096452086308107
[[598 227  68   0]
 [399 368  37   0]
 [569  46 131   0]
 [926   0   0   0]]
Epoch: [111/200], cls_loss: 0.0000, transfer_loss: 0.0000,person_loss: 0.0000, total_Loss: 0.0000
trian begin
trian end
ACC: 29.919857524487977
SAMPLE
F1_MI: 0.2991985752448798 F1_MA: 0.25933995853953346 ACC_MI: 0.2991985752448798 F1_MA: 0.23347401056947364
BEST_F1_MI: 0.674384090234491 BEST_F1_MA: 0.6685499817900411 BEST_ACC_MI: 0.674384090234491 BEST_F1_MA: 0.7096452086308107
[[713 180   0   0]
 [522 282   0   0]
 [685  48  13   0]
 [  0   4 922   0]]
Epoch: [112/200], cls_loss: 0.0000, transfer_loss: 0.0000,person_loss: 0.0000, total_Loss: 0.0000
trian begin
trian end
ACC: 25.58622736717127
SAMPLE
F1_MI: 0.25586227367171266 F1_MA: 0.2252451599113642 ACC_MI: 0.25586227367171266 F1_MA: 0.19634325256772614
BEST_F1_MI: 0.674384090234491 BEST_F1_MA: 0.6685499817900411 BEST_ACC_MI: 0.674384090234491 BEST_F1_MA: 0.7096452086308107
[[290 542  61   0]
 [359 362  83   0]
 [337 199 210   0]
 [  0   6 920   0]]
Epoch: [113/200], cls_loss: 0.0000, transfer_loss: 0.0000,person_loss: 0.0000, total_Loss: 0.0000
trian begin
K is too much target
please input again
trian end
ACC: 29.533986346096764
SAMPLE
F1_MI: 0.2914811516770555 F1_MA: 0.2556857612623488 ACC_MI: 0.2914811516770555 F1_MA: 0.22739589195202015
BEST_F1_MI: 0.674384090234491 BEST_F1_MA: 0.6685499817900411 BEST_ACC_MI: 0.674384090234491 BEST_F1_MA: 0.7096452086308107
[[495 249 149   0]
 [376 404  24   0]
 [465 198  83   0]
 [  0  12 914   0]]
Epoch: [114/200], cls_loss: 0.0000, transfer_loss: 0.0000,person_loss: 0.0000, total_Loss: 0.0000
trian begin
trian end
ACC: 28.82160878598991
SAMPLE
F1_MI: 0.27248441674087265 F1_MA: 0.14784672934671406 ACC_MI: 0.27248441674087265 F1_MA: 0.10356686459355102
BEST_F1_MI: 0.674384090234491 BEST_F1_MA: 0.6685499817900411 BEST_ACC_MI: 0.674384090234491 BEST_F1_MA: 0.7096452086308107
[[877  16   0   0]
 [763  41   0   0]
 [701  45   0   0]
 [  2 924   0   0]]
Epoch: [115/200], cls_loss: 0.0000, transfer_loss: 0.0000,person_loss: 0.0000, total_Loss: 0.0000
trian begin
trian end
ACC: 28.643514395963194
SAMPLE
F1_MI: 0.28643514395963193 F1_MA: 0.24051019196215878 ACC_MI: 0.28643514395963193 F1_MA: 0.20808851818887242
BEST_F1_MI: 0.674384090234491 BEST_F1_MA: 0.6685499817900411 BEST_ACC_MI: 0.674384090234491 BEST_F1_MA: 0.7096452086308107
[[696   2 195   0]
 [679   4 121   0]
 [473   8 265   0]
 [  0 920   6   0]]
Epoch: [116/200], cls_loss: 0.0000, transfer_loss: 0.0000,person_loss: 0.0000, total_Loss: 0.0000
trian begin
trian end
ACC: 38.201246660730185
SAMPLE
F1_MI: 0.3564856040368062 F1_MA: 0.3495033110740482 ACC_MI: 0.3564856040368062 F1_MA: 0.34489470681743717
BEST_F1_MI: 0.674384090234491 BEST_F1_MA: 0.6685499817900411 BEST_ACC_MI: 0.674384090234491 BEST_F1_MA: 0.7096452086308107
[[864   6  23   0]
 [773  24   7   0]
 [303 130 313   0]
 [  2 924   0   0]]
Epoch: [117/200], cls_loss: 0.0000, transfer_loss: 0.0000,person_loss: 0.0000, total_Loss: 0.0000
trian begin
trian end
ACC: 66.39952508162659
SAMPLE
F1_MI: 0.663698426832888 F1_MA: 0.645308744978323 ACC_MI: 0.663698426832888 F1_MA: 0.641126007809884
BEST_F1_MI: 0.674384090234491 BEST_F1_MA: 0.6685499817900411 BEST_ACC_MI: 0.674384090234491 BEST_F1_MA: 0.7096452086308107
[[670 127  96   0]
 [637 125  42   0]
 [ 15 208 523   0]
 [  0   7   1 918]]
Epoch: [118/200], cls_loss: 0.0000, transfer_loss: 0.0000,person_loss: 0.0000, total_Loss: 0.0000
trian begin
trian end
ACC: 32.79905016325319
SAMPLE
F1_MI: 0.3184921341644405 F1_MA: 0.3377832593198923 ACC_MI: 0.3184921341644405 F1_MA: 0.36972958514868975
BEST_F1_MI: 0.674384090234491 BEST_F1_MA: 0.6685499817900411 BEST_ACC_MI: 0.674384090234491 BEST_F1_MA: 0.7096452086308107
[[848  45   0   0]
 [726  78   0   0]
 [485 114 147   0]
 [  0 926   0   0]]
Epoch: [119/200], cls_loss: 0.0000, transfer_loss: 0.0000,person_loss: 0.0000, total_Loss: 0.0000
trian begin
trian end
ACC: 32.947462154942116
SAMPLE
F1_MI: 0.3294746215494212 F1_MA: 0.3857139842237398 ACC_MI: 0.3294746215494212 F1_MA: 0.4657547428390455
BEST_F1_MI: 0.674384090234491 BEST_F1_MA: 0.6685499817900411 BEST_ACC_MI: 0.674384090234491 BEST_F1_MA: 0.7096452086308107
[[703 142  48   0]
 [673 103  28   0]
 [133 333 280   0]
 [  0  33 869  24]]
Epoch: [120/200], cls_loss: 0.0000, transfer_loss: 0.0000,person_loss: 0.0000, total_Loss: 0.0000
trian begin
trian end
ACC: 20.629266844761055
SAMPLE
F1_MI: 0.20629266844761057 F1_MA: 0.17847613553276026 ACC_MI: 0.20629266844761057 F1_MA: 0.15922658166263728
BEST_F1_MI: 0.674384090234491 BEST_F1_MA: 0.6685499817900411 BEST_ACC_MI: 0.674384090234491 BEST_F1_MA: 0.7096452086308107
[[473 325  95   0]
 [617 157  30   0]
 [ 95 586  65   0]
 [  0 676 250   0]]
Epoch: [121/200], cls_loss: 0.0000, transfer_loss: 0.0000,person_loss: 0.0000, total_Loss: 0.0000
trian begin
trian end
ACC: 52.15197387948946
SAMPLE
F1_MI: 0.5105372514099139 F1_MA: 0.4968843486262866 ACC_MI: 0.5105372514099139 F1_MA: 0.5158811057727473
BEST_F1_MI: 0.674384090234491 BEST_F1_MA: 0.6685499817900411 BEST_ACC_MI: 0.674384090234491 BEST_F1_MA: 0.7096452086308107
[[658  27 208   0]
 [666  47  91   0]
 [625  23  98   0]
 [  0   0   9 917]]
Epoch: [122/200], cls_loss: 0.0000, transfer_loss: 0.0000,person_loss: 0.0000, total_Loss: 0.0000
trian begin
trian end
ACC: 35.796972395369544
SAMPLE
F1_MI: 0.2956366874443455 F1_MA: 0.29887354293169743 ACC_MI: 0.2956366874443455 F1_MA: 0.31499701612631653
BEST_F1_MI: 0.674384090234491 BEST_F1_MA: 0.6685499817900411 BEST_ACC_MI: 0.674384090234491 BEST_F1_MA: 0.7096452086308107
[[890   3   0   0]
 [789  15   0   0]
 [655   0  91   0]
 [  5   1 920   0]]
Epoch: [123/200], cls_loss: 0.0000, transfer_loss: 0.0000,person_loss: 0.0000, total_Loss: 0.0000
trian begin
K is too much target
please input again
trian end
ACC: 32.65063817156426
SAMPLE
F1_MI: 0.3265063817156426 F1_MA: 0.21099211051407904 ACC_MI: 0.3265063817156426 F1_MA: 0.15618662991891233
BEST_F1_MI: 0.674384090234491 BEST_F1_MA: 0.6685499817900411 BEST_ACC_MI: 0.674384090234491 BEST_F1_MA: 0.7096452086308107
[[790   0 103   0]
 [804   0   0   0]
 [415  21 310   0]
 [  0   0 926   0]]
Epoch: [124/200], cls_loss: 0.0000, transfer_loss: 0.0000,person_loss: 0.0000, total_Loss: 0.0000
trian begin
trian end
ACC: 16.295636687444347
SAMPLE
F1_MI: 0.16295636687444345 F1_MA: 0.1321129992685952 ACC_MI: 0.16295636687444345 F1_MA: 0.11390972392110785
BEST_F1_MI: 0.674384090234491 BEST_F1_MA: 0.6685499817900411 BEST_ACC_MI: 0.674384090234491 BEST_F1_MA: 0.7096452086308107
[[458 258 177   0]
 [666  61  77   0]
 [697  19  30   0]
 [  1   2 923   0]]
Epoch: [125/200], cls_loss: 0.0000, transfer_loss: 0.0000,person_loss: 0.0000, total_Loss: 0.0000
trian begin
trian end
ACC: 26.565746512318196
SAMPLE
F1_MI: 0.26357969723953695 F1_MA: 0.17632933135591577 ACC_MI: 0.26357969723953695 F1_MA: 0.13543076192488435
BEST_F1_MI: 0.674384090234491 BEST_F1_MA: 0.6685499817900411 BEST_ACC_MI: 0.674384090234491 BEST_F1_MA: 0.7096452086308107
[[813   0  80   0]
 [559   5 240   0]
 [654  22  70   0]
 [  0 795 131   0]]
Epoch: [126/200], cls_loss: 0.0000, transfer_loss: 0.0000,person_loss: 0.0000, total_Loss: 0.0000
trian begin
trian end
ACC: 24.606708222024338
SAMPLE
F1_MI: 0.2460670822202434 F1_MA: 0.21195539114233533 ACC_MI: 0.2460670822202434 F1_MA: 0.18479423851634502
BEST_F1_MI: 0.674384090234491 BEST_F1_MA: 0.6685499817900411 BEST_ACC_MI: 0.674384090234491 BEST_F1_MA: 0.7096452086308107
[[300 494  16  83]
 [223 529   4  48]
 [547 122   0  77]
 [  0   8 918   0]]
Epoch: [127/200], cls_loss: 0.0000, transfer_loss: 0.0000,person_loss: 0.0000, total_Loss: 0.0000
trian begin
trian end
ACC: 21.1635500148412
SAMPLE
F1_MI: 0.21163550014841198 F1_MA: 0.1954085642249602 ACC_MI: 0.21163550014841198 F1_MA: 0.18472923806644306
BEST_F1_MI: 0.674384090234491 BEST_F1_MA: 0.6685499817900411 BEST_ACC_MI: 0.674384090234491 BEST_F1_MA: 0.7096452086308107
[[478 223 192   0]
 [470 214 120   0]
 [658  67  21   0]
 [  0   0 926   0]]
Epoch: [128/200], cls_loss: 0.0000, transfer_loss: 0.0000,person_loss: 0.0000, total_Loss: 0.0000
trian begin
trian end
ACC: 28.376372810923122
SAMPLE
F1_MI: 0.2804986642920748 F1_MA: 0.24820338658665775 ACC_MI: 0.2804986642920748 F1_MA: 0.2284682833753734
BEST_F1_MI: 0.674384090234491 BEST_F1_MA: 0.6685499817900411 BEST_ACC_MI: 0.674384090234491 BEST_F1_MA: 0.7096452086308107
[[813   0  80   0]
 [764   7  33   0]
 [516 105 125   0]
 [  0 923   3   0]]
Epoch: [129/200], cls_loss: 0.0000, transfer_loss: 0.0000,person_loss: 0.0000, total_Loss: 0.0000
trian begin
trian end
ACC: 28.910655981003266
SAMPLE
F1_MI: 0.2831700801424755 F1_MA: 0.19663622914388298 ACC_MI: 0.2831700801424755 F1_MA: 0.1536444453605576
BEST_F1_MI: 0.674384090234491 BEST_F1_MA: 0.6685499817900411 BEST_ACC_MI: 0.674384090234491 BEST_F1_MA: 0.7096452086308107
[[846   0  47   0]
 [784   0  20   0]
 [607  31 108   0]
 [ 12 636 278   0]]
Epoch: [130/200], cls_loss: 0.0000, transfer_loss: 0.0000,person_loss: 0.0000, total_Loss: 0.0000
trian begin
trian end
ACC: 26.981300089047195
SAMPLE
F1_MI: 0.26981300089047194 F1_MA: 0.24497034016305846 ACC_MI: 0.26981300089047194 F1_MA: 0.21906985682331595
BEST_F1_MI: 0.674384090234491 BEST_F1_MA: 0.6685499817900411 BEST_ACC_MI: 0.674384090234491 BEST_F1_MA: 0.7096452086308107
[[397 113 383   0]
 [199 203 402   0]
 [291 146 309   0]
 [  0 926   0   0]]
Epoch: [131/200], cls_loss: 0.0000, transfer_loss: 0.0000,person_loss: 0.0000, total_Loss: 0.0000
trian begin
trian end
ACC: 37.726328287325614
SAMPLE
F1_MI: 0.36568714752151976 F1_MA: 0.3588622527774437 ACC_MI: 0.36568714752151976 F1_MA: 0.35239460538593836
BEST_F1_MI: 0.674384090234491 BEST_F1_MA: 0.6685499817900411 BEST_ACC_MI: 0.674384090234491 BEST_F1_MA: 0.7096452086308107
[[789  89  15   0]
 [603 156  45   0]
 [306 153 287   0]
 [  0 926   0   0]]
Epoch: [132/200], cls_loss: 0.0000, transfer_loss: 0.0000,person_loss: 0.0000, total_Loss: 0.0000
trian begin
K is too much target
please input again
trian end
ACC: 43.30661917482933
SAMPLE
F1_MI: 0.43306619174829325 F1_MA: 0.3738234219975023 ACC_MI: 0.43306619174829325 F1_MA: 0.3239693234932734
BEST_F1_MI: 0.674384090234491 BEST_F1_MA: 0.6685499817900411 BEST_ACC_MI: 0.674384090234491 BEST_F1_MA: 0.7096452086308107
[[846  15  32   0]
 [586  19 199   0]
 [ 79  73 594   0]
 [  2 922   2   0]]
Epoch: [133/200], cls_loss: 0.0000, transfer_loss: 0.0000,person_loss: 0.0000, total_Loss: 0.0000
trian begin
trian end
ACC: 60.90828138913624
SAMPLE
F1_MI: 0.6084891659246067 F1_MA: 0.6049824481338156 ACC_MI: 0.6084891659246067 F1_MA: 0.6135301157570184
BEST_F1_MI: 0.674384090234491 BEST_F1_MA: 0.6685499817900411 BEST_ACC_MI: 0.674384090234491 BEST_F1_MA: 0.7096452086308107
[[368 421 104   0]
 [211 423 170   0]
 [116 289 341   0]
 [  0   7   1 918]]
Epoch: [134/200], cls_loss: 0.0000, transfer_loss: 0.0000,person_loss: 0.0000, total_Loss: 0.0000
trian begin
trian end
ACC: 34.8471356485604
SAMPLE
F1_MI: 0.3244286138319976 F1_MA: 0.2509312208853326 ACC_MI: 0.3244286138319976 F1_MA: 0.20859617388694232
BEST_F1_MI: 0.674384090234491 BEST_F1_MA: 0.6685499817900411 BEST_ACC_MI: 0.674384090234491 BEST_F1_MA: 0.7096452086308107
[[836  57   0   0]
 [580 221   3   0]
 [234 476  36   0]
 [  1   7 918   0]]
Epoch: [135/200], cls_loss: 0.0000, transfer_loss: 0.0000,person_loss: 0.0000, total_Loss: 0.0000
trian begin
trian end
ACC: 30.60255268625705
SAMPLE
F1_MI: 0.3045414069456812 F1_MA: 0.22626587829163378 ACC_MI: 0.3045414069456812 F1_MA: 0.18455051118427673
BEST_F1_MI: 0.674384090234491 BEST_F1_MA: 0.6685499817900411 BEST_ACC_MI: 0.674384090234491 BEST_F1_MA: 0.7096452086308107
[[861  32   0   0]
 [639 165   0   0]
 [129 581   0  36]
 [  0   9 917   0]]
Epoch: [136/200], cls_loss: 0.0000, transfer_loss: 0.0000,person_loss: 0.0000, total_Loss: 0.0000
trian begin
trian end
ACC: 43.18788958147818
SAMPLE
F1_MI: 0.43039477589789255 F1_MA: 0.4154270243452303 ACC_MI: 0.43039477589789255 F1_MA: 0.4173838398927491
BEST_F1_MI: 0.674384090234491 BEST_F1_MA: 0.6685499817900411 BEST_ACC_MI: 0.674384090234491 BEST_F1_MA: 0.7096452086308107
[[131 439 323   0]
 [207 248 349   0]
 [185 399 162   0]
 [  0  16   1 909]]
Epoch: [137/200], cls_loss: 0.0000, transfer_loss: 0.0000,person_loss: 0.0000, total_Loss: 0.0000
trian begin
trian end
ACC: 42.416147224695756
SAMPLE
F1_MI: 0.42416147224695755 F1_MA: 0.4162280194333805 ACC_MI: 0.42416147224695755 F1_MA: 0.42672210707193153
BEST_F1_MI: 0.674384090234491 BEST_F1_MA: 0.6685499817900411 BEST_ACC_MI: 0.674384090234491 BEST_F1_MA: 0.7096452086308107
[[129 193 571   0]
 [169 353 282   0]
 [523 151  72   0]
 [  0  51   0 875]]
Epoch: [138/200], cls_loss: 0.0000, transfer_loss: 0.0000,person_loss: 0.0000, total_Loss: 0.0000
trian begin
trian end
ACC: 15.701988720688632
SAMPLE
F1_MI: 0.1570198872068863 F1_MA: 0.12381344971332243 ACC_MI: 0.1570198872068863 F1_MA: 0.1027682839909626
BEST_F1_MI: 0.674384090234491 BEST_F1_MA: 0.6685499817900411 BEST_ACC_MI: 0.674384090234491 BEST_F1_MA: 0.7096452086308107
[[304 392 197   0]
 [407 199 198   0]
 [642  78  26   0]
 [  0 924   2   0]]
Epoch: [139/200], cls_loss: 0.0000, transfer_loss: 0.0000,person_loss: 0.0000, total_Loss: 0.0000
trian begin
trian end
ACC: 52.24102107450282
SAMPLE
F1_MI: 0.5176610270109825 F1_MA: 0.4690068329614076 ACC_MI: 0.5176610270109825 F1_MA: 0.45169595938885854
BEST_F1_MI: 0.674384090234491 BEST_F1_MA: 0.6685499817900411 BEST_ACC_MI: 0.674384090234491 BEST_F1_MA: 0.7096452086308107
[[745 148   0   0]
 [573 230   1   0]
 [568 178   0   0]
 [  2   2 153 769]]
Epoch: [140/200], cls_loss: 0.0000, transfer_loss: 0.0000,person_loss: 0.0000, total_Loss: 0.0000
trian begin
trian end
ACC: 26.773523300682694
SAMPLE
F1_MI: 0.26565746512318195 F1_MA: 0.23602830155720966 ACC_MI: 0.26565746512318195 F1_MA: 0.2132400098953188
BEST_F1_MI: 0.674384090234491 BEST_F1_MA: 0.6685499817900411 BEST_ACC_MI: 0.674384090234491 BEST_F1_MA: 0.7096452086308107
[[476 317 100   0]
 [260 389 155   0]
 [175 541  30   0]
 [  0  28 898   0]]
Epoch: [141/200], cls_loss: 0.0000, transfer_loss: 0.0000,person_loss: 0.0000, total_Loss: 0.0000
trian begin
trian end
ACC: 23.805283466904125
SAMPLE
F1_MI: 0.23805283466904126 F1_MA: 0.1719734526542882 ACC_MI: 0.23805283466904126 F1_MA: 0.13854533435390717
BEST_F1_MI: 0.674384090234491 BEST_F1_MA: 0.6685499817900411 BEST_ACC_MI: 0.674384090234491 BEST_F1_MA: 0.7096452086308107
[[733 143  17   0]
 [729  69   6   0]
 [589 135   0  22]
 [  2   3 921   0]]
Epoch: [142/200], cls_loss: 0.0000, transfer_loss: 0.0000,person_loss: 0.0000, total_Loss: 0.0000
[[757 103  33   0]
 [325 452  27   0]
 [321 259 166   0]
 [  0   3  26 897]]
[[757 103  33   0]
 [325 452  27   0]
 [321 259 166   0]
 [  0   3  26 897]]
WHAT: True
SVAE_RESULT
{'best_f1': 0.6685499817900411, 'best_matrix': [[757, 103, 33, 0], [325, 452, 27, 0], [321, 259, 166, 0], [0, 3, 26, 897]], 'args': 0.1}
{"best_f1": 0.6685499817900411, "best_matrix": [[757, 103, 33, 0], [325, 452, 27, 0], [321, 259, 166, 0], [0, 3, 26, 897]], "args": 0.1}
ARG: Namespace(backbone='resnet50', batch_size=32, config='MEDA/MEDA.yaml', data_dir='data', device=device(type='cuda'), early_stop=50, epoch_based_training=False, lr=0.003, lr_decay=0.75, lr_gamma=0.0003, lr_scheduler=True, max_iter=21000, method='True', momentum=0.9, myweight=0.1, n_class=4, n_epoch=200, n_iter_per_epoch=105, num_workers=7, seed=2, src_domain='WISDM', tgt_domain='UCI', tname='transfer', transfer_loss='twommd', transfer_loss_weight=0.5, use_bottleneck=True, weight_decay=0.0005)
