adv 2 WISDM UCI DANN/DANN.yaml True
Namespace(backbone='resnet50', batch_size=32, config='DANN/DANN.yaml', data_dir='data', device=device(type='cuda'), early_stop=50, epoch_based_training=False, lr=0.003, lr_decay=0.75, lr_gamma=0.0003, lr_scheduler=True, method='True', momentum=0.9, myweight=0.1, n_epoch=200, n_iter_per_epoch=100, num_workers=3, seed=2, src_domain='WISDM', tgt_domain='UCI', tname='transfer', transfer_loss='adv', transfer_loss_weight=0.5, use_bottleneck=True, weight_decay=0.0005)
JUST DO IT
run my Parkinson code
transfer
TRAIN Length: 13609 322 TEST Length: 3369 615
YYY: 0 3
DATA_PROFILE   train: 13609 train2: 3369 test: 3369
DATASET.SHAPE: <data_loader.GetTrainLoader object at 0x7f5458979e10> True
DATASET.SHAPE: <data_loader.GetTrainLoader object at 0x7f546091be80> True
DATASET.SHAPE: <data_loader.GetTestLoader object at 0x7f55184d9048> False
CLASS: 4 615
LLL: {}
BOTTLENECK_LIST: [Linear(in_features=512, out_features=256, bias=True), ReLU()]
TYPE: {'loss_type': 'adv', 'max_iter': 21000, 'num_class': 4, 'my_person_item': <my_person_item.PersonItem object at 0x7f551847a1d0>}
initial_lr 1.0
transfer_world
method True <class 'str'>
1.10.1+cu102
True
LEN: 0 0
LOADER: <data_loader.InfiniteDataLoader object at 0x7f546091bf28> <data_loader.InfiniteDataLoader object at 0x7f5458a36f28>
N_batch: 105
trian begin
trian end
n_person 615
SAMPLE
F1_MI: 0.5897892549718017 F1_MA: 0.5108528186466621 ACC_MI: 0.5897892549718017 F1_MA: 0.46852748533721356
BEST_F1_MI: 0.5897892549718017 BEST_F1_MA: 0.5108528186466621 BEST_ACC_MI: 0.5897892549718017 BEST_F1_MA: 0.46852748533721356
[[602 291   0   0]
 [337 467   0   0]
 [459 287   0   0]
 [  0   8   0 918]]
Epoch: [ 1/200], cls_loss: 0.6992, transfer_loss: 0.6531,person_loss: -1.9076, total_Loss: 0.8350
trian begin
trian end
n_person 615
SAMPLE
F1_MI: 0.6019590382902938 F1_MA: 0.5123729156998778 ACC_MI: 0.6019590382902938 F1_MA: 0.4671071226681741
BEST_F1_MI: 0.6019590382902938 BEST_F1_MA: 0.5123729156998778 BEST_ACC_MI: 0.6019590382902938 BEST_F1_MA: 0.46852748533721356
[[855  38   0   0]
 [528 276   0   0]
 [357 389   0   0]
 [  0  29   0 897]]
Epoch: [ 2/200], cls_loss: 0.3666, transfer_loss: 0.4633,person_loss: -1.9077, total_Loss: 0.4074
trian begin
trian end
n_person 615
SAMPLE
F1_MI: 0.5206292668447611 F1_MA: 0.4552493142456161 ACC_MI: 0.5206292668447611 F1_MA: 0.4203946539489522
BEST_F1_MI: 0.6019590382902938 BEST_F1_MA: 0.5123729156998778 BEST_ACC_MI: 0.6019590382902938 BEST_F1_MA: 0.46852748533721356
[[370 523   0   0]
 [336 468   0   0]
 [410 336   0   0]
 [  0  10   0 916]]
Epoch: [ 3/200], cls_loss: 0.3309, transfer_loss: 0.2737,person_loss: -1.9257, total_Loss: 0.2752
trian begin
trian end
n_person 615
SAMPLE
F1_MI: 0.5411101216978332 F1_MA: 0.5573904160699412 ACC_MI: 0.5411101216978332 F1_MA: 0.5892964852555691
BEST_F1_MI: 0.6019590382902938 BEST_F1_MA: 0.5573904160699412 BEST_ACC_MI: 0.6019590382902938 BEST_F1_MA: 0.5892964852555691
[[307  76 510   0]
 [172 211 421   0]
 [351  13 382   0]
 [  0   3   0 923]]
Epoch: [ 4/200], cls_loss: 0.3050, transfer_loss: 0.2728,person_loss: -1.9433, total_Loss: 0.2471
trian begin
trian end
n_person 615
SAMPLE
F1_MI: 0.5722766399525082 F1_MA: 0.5563387808577632 ACC_MI: 0.5722766399525082 F1_MA: 0.5565067492812041
BEST_F1_MI: 0.6019590382902938 BEST_F1_MA: 0.5573904160699412 BEST_ACC_MI: 0.6019590382902938 BEST_F1_MA: 0.5892964852555691
[[337 412 144   0]
 [163 564  77   0]
 [396 209 141   0]
 [  0  40   0 886]]
Epoch: [ 5/200], cls_loss: 0.2759, transfer_loss: 0.3210,person_loss: -1.9259, total_Loss: 0.2438
trian begin
trian end
n_person 615
SAMPLE
F1_MI: 0.5948352626892253 F1_MA: 0.5555499031838816 ACC_MI: 0.5948352626892253 F1_MA: 0.5395047218441997
BEST_F1_MI: 0.6019590382902938 BEST_F1_MA: 0.5573904160699412 BEST_ACC_MI: 0.6019590382902938 BEST_F1_MA: 0.5892964852555691
[[454 317 122   0]
 [201 591  12   0]
 [441 262  43   0]
 [  0  10   0 916]]
Epoch: [ 6/200], cls_loss: 0.2299, transfer_loss: 0.4055,person_loss: -1.9150, total_Loss: 0.2412
trian begin
trian end
n_person 615
SAMPLE
F1_MI: 0.6147224695755417 F1_MA: 0.6124126636478703 ACC_MI: 0.6147224695755417 F1_MA: 0.634544942045405
BEST_F1_MI: 0.6147224695755417 BEST_F1_MA: 0.6124126636478703 BEST_ACC_MI: 0.6147224695755417 BEST_F1_MA: 0.634544942045405
[[568 268  57   0]
 [313 463  28   0]
 [497 126 123   0]
 [  0   9   0 917]]
Epoch: [ 7/200], cls_loss: 0.1870, transfer_loss: 0.4084,person_loss: -1.9303, total_Loss: 0.1982
trian begin
trian end
n_person 615
SAMPLE
F1_MI: 0.5678242802018403 F1_MA: 0.560615025999728 ACC_MI: 0.5678242802018403 F1_MA: 0.5730958328359318
BEST_F1_MI: 0.6147224695755417 BEST_F1_MA: 0.6124126636478703 BEST_ACC_MI: 0.6147224695755417 BEST_F1_MA: 0.634544942045405
[[416 104 373   0]
 [247 400 157   0]
 [490  77 179   0]
 [  0   8   0 918]]
Epoch: [ 8/200], cls_loss: 0.1628, transfer_loss: 0.3309,person_loss: -1.9449, total_Loss: 0.1338
trian begin
trian end
n_person 615
SAMPLE
F1_MI: 0.5541703769664589 F1_MA: 0.5290160200939464 ACC_MI: 0.5541703769664589 F1_MA: 0.5203539860526165
BEST_F1_MI: 0.6147224695755417 BEST_F1_MA: 0.6124126636478703 BEST_ACC_MI: 0.6147224695755417 BEST_F1_MA: 0.634544942045405
[[250 466 177   0]
 [153 597  54   0]
 [443 196 107   0]
 [  0  13   0 913]]
Epoch: [ 9/200], cls_loss: 0.1427, transfer_loss: 0.2672,person_loss: -1.9457, total_Loss: 0.0817
trian begin
trian end
n_person 615
SAMPLE
F1_MI: 0.5814781834372217 F1_MA: 0.5765966330267642 ACC_MI: 0.5814781834372217 F1_MA: 0.5934159720153533
BEST_F1_MI: 0.6147224695755417 BEST_F1_MA: 0.6124126636478703 BEST_ACC_MI: 0.6147224695755417 BEST_F1_MA: 0.634544942045405
[[526 117 250   0]
 [310 286 208   0]
 [482  36 228   0]
 [  0   6   1 919]]
Epoch: [10/200], cls_loss: 0.1376, transfer_loss: 0.3223,person_loss: -1.9497, total_Loss: 0.1038
trian begin
trian end
n_person 615
SAMPLE
F1_MI: 0.6105669338082517 F1_MA: 0.5956095051648095 ACC_MI: 0.6105669338082517 F1_MA: 0.5935379027713102
BEST_F1_MI: 0.6147224695755417 BEST_F1_MA: 0.6124126636478703 BEST_ACC_MI: 0.6147224695755417 BEST_F1_MA: 0.634544942045405
[[351 270 272   0]
 [143 511 150   0]
 [357 114 275   0]
 [  0   6   0 920]]
Epoch: [11/200], cls_loss: 0.1146, transfer_loss: 0.3157,person_loss: -1.9561, total_Loss: 0.0769
trian begin
trian end
n_person 615
SAMPLE
F1_MI: 0.5553576728999703 F1_MA: 0.5306275617807092 ACC_MI: 0.5553576728999703 F1_MA: 0.5242956588101666
BEST_F1_MI: 0.6147224695755417 BEST_F1_MA: 0.6124126636478703 BEST_ACC_MI: 0.6147224695755417 BEST_F1_MA: 0.634544942045405
[[320 299 274   0]
 [160 512 132   0]
 [500 126 120   0]
 [  0   6   1 919]]
Epoch: [12/200], cls_loss: 0.1244, transfer_loss: 0.3729,person_loss: -1.9568, total_Loss: 0.1152
trian begin
trian end
n_person 615
SAMPLE
F1_MI: 0.6316414366280796 F1_MA: 0.6135814843688272 ACC_MI: 0.6316414366280796 F1_MA: 0.6171494649877203
BEST_F1_MI: 0.6316414366280796 BEST_F1_MA: 0.6135814843688272 BEST_ACC_MI: 0.6316414366280796 BEST_F1_MA: 0.634544942045405
[[578 189 126   0]
 [260 466  78   0]
 [413 169 164   0]
 [  0   5   1 920]]
Epoch: [13/200], cls_loss: 0.1179, transfer_loss: 0.3194,person_loss: -1.9557, total_Loss: 0.0820
trian begin
trian end
n_person 615
SAMPLE
F1_MI: 0.5832591273374889 F1_MA: 0.5719007983040284 ACC_MI: 0.5832591273374889 F1_MA: 0.5767375579133138
BEST_F1_MI: 0.6316414366280796 BEST_F1_MA: 0.6135814843688272 BEST_ACC_MI: 0.6316414366280796 BEST_F1_MA: 0.634544942045405
[[338 187 368   0]
 [129 521 154   0]
 [543  20 183   0]
 [  0   3   0 923]]
Epoch: [14/200], cls_loss: 0.1014, transfer_loss: 0.2739,person_loss: -1.9619, total_Loss: 0.0421
trian begin
trian end
n_person 615
SAMPLE
F1_MI: 0.6334223805283467 F1_MA: 0.6293277735332898 ACC_MI: 0.6334223805283467 F1_MA: 0.6319375268851779
BEST_F1_MI: 0.6334223805283467 BEST_F1_MA: 0.6293277735332898 BEST_ACC_MI: 0.6334223805283467 BEST_F1_MA: 0.634544942045405
[[357 206 330   0]
 [164 366 274   0]
 [220  34 492   0]
 [  0   7   0 919]]
Epoch: [15/200], cls_loss: 0.0991, transfer_loss: 0.3081,person_loss: -1.9597, total_Loss: 0.0572
trian begin
trian end
n_person 615
SAMPLE
F1_MI: 0.5865241911546453 F1_MA: 0.5695773418312828 ACC_MI: 0.5865241911546453 F1_MA: 0.5796510762177817
BEST_F1_MI: 0.6334223805283467 BEST_F1_MA: 0.6293277735332898 BEST_ACC_MI: 0.6334223805283467 BEST_F1_MA: 0.634544942045405
[[609 190  94   0]
 [384 365  55   0]
 [597  67  82   0]
 [  0   5   1 920]]
Epoch: [16/200], cls_loss: 0.0929, transfer_loss: 0.2911,person_loss: -1.9580, total_Loss: 0.0426
trian begin
trian end
n_person 615
SAMPLE
F1_MI: 0.5669338082517067 F1_MA: 0.5569998705183672 ACC_MI: 0.5669338082517067 F1_MA: 0.5666666347931408
BEST_F1_MI: 0.6334223805283467 BEST_F1_MA: 0.6293277735332898 BEST_ACC_MI: 0.6334223805283467 BEST_F1_MA: 0.634544942045405
[[458 169 266   0]
 [241 307 256   0]
 [463  55 228   0]
 [  0   9   0 917]]
Epoch: [17/200], cls_loss: 0.0870, transfer_loss: 0.3133,person_loss: -1.9711, total_Loss: 0.0465
trian begin
trian end
n_person 615
SAMPLE
F1_MI: 0.45176610270109824 F1_MA: 0.46975913325840596 ACC_MI: 0.45176610270109824 F1_MA: 0.5142183826005902
BEST_F1_MI: 0.6334223805283467 BEST_F1_MA: 0.6293277735332898 BEST_ACC_MI: 0.6334223805283467 BEST_F1_MA: 0.634544942045405
[[217  72 604   0]
 [177 247 380   0]
 [584  21 141   0]
 [  0   8   1 917]]
Epoch: [18/200], cls_loss: 0.0880, transfer_loss: 0.4635,person_loss: -1.9674, total_Loss: 0.1230
trian begin
trian end
n_person 615
SAMPLE
F1_MI: 0.5562481448501039 F1_MA: 0.5446938250262066 ACC_MI: 0.5562481448501039 F1_MA: 0.5558980478927786
BEST_F1_MI: 0.6334223805283467 BEST_F1_MA: 0.6293277735332898 BEST_ACC_MI: 0.6334223805283467 BEST_F1_MA: 0.634544942045405
[[458 141 294   0]
 [362 373  69   0]
 [555  66 125   0]
 [  0   8   0 918]]
Epoch: [19/200], cls_loss: 0.0752, transfer_loss: 0.3259,person_loss: -1.9665, total_Loss: 0.0415
trian begin
trian end
n_person 615
SAMPLE
F1_MI: 0.5509053131493025 F1_MA: 0.5424892619324874 ACC_MI: 0.5509053131493025 F1_MA: 0.565226650530632
BEST_F1_MI: 0.6334223805283467 BEST_F1_MA: 0.6293277735332898 BEST_ACC_MI: 0.6334223805283467 BEST_F1_MA: 0.634544942045405
[[634 134 125   0]
 [557 233  11   3]
 [648  28  70   0]
 [  0   7   0 919]]
Epoch: [20/200], cls_loss: 0.0739, transfer_loss: 0.5541,person_loss: -1.9664, total_Loss: 0.1543
trian begin
trian end
n_person 615
SAMPLE
F1_MI: 0.5372514099139211 F1_MA: 0.509107747930034 ACC_MI: 0.5372514099139211 F1_MA: 0.5001853777901274
BEST_F1_MI: 0.6334223805283467 BEST_F1_MA: 0.6293277735332898 BEST_ACC_MI: 0.6334223805283467 BEST_F1_MA: 0.634544942045405
[[292 417 184   0]
 [157 509 138   0]
 [540 115  91   0]
 [  0   7   1 918]]
Epoch: [21/200], cls_loss: 0.0731, transfer_loss: 0.4748,person_loss: -1.9644, total_Loss: 0.1141
trian begin
trian end
n_person 615
SAMPLE
F1_MI: 0.5731671119026417 F1_MA: 0.5522595953008494 ACC_MI: 0.5731671119026417 F1_MA: 0.554637305566769
BEST_F1_MI: 0.6334223805283467 BEST_F1_MA: 0.6293277735332898 BEST_ACC_MI: 0.6334223805283467 BEST_F1_MA: 0.634544942045405
[[505 181 207   0]
 [330 398  76   0]
 [516 119 111   0]
 [  0   8   1 917]]
Epoch: [22/200], cls_loss: 0.0799, transfer_loss: 0.5343,person_loss: -1.9681, total_Loss: 0.1502
trian begin
trian end
n_person 615
SAMPLE
F1_MI: 0.47580884535470463 F1_MA: 0.46195210580141505 ACC_MI: 0.47580884535470463 F1_MA: 0.4759434215423404
BEST_F1_MI: 0.6334223805283467 BEST_F1_MA: 0.6293277735332898 BEST_ACC_MI: 0.6334223805283467 BEST_F1_MA: 0.634544942045405
[[448 118 327   0]
 [611 165  28   0]
 [610  63  73   0]
 [  0   9   0 917]]
Epoch: [23/200], cls_loss: 0.0712, transfer_loss: 0.5564,person_loss: -1.9693, total_Loss: 0.1525
trian begin
trian end
n_person 615
SAMPLE
F1_MI: 0.5529830810329475 F1_MA: 0.5485381259310409 ACC_MI: 0.5529830810329475 F1_MA: 0.5739111746189901
BEST_F1_MI: 0.6334223805283467 BEST_F1_MA: 0.6293277735332898 BEST_ACC_MI: 0.6334223805283467 BEST_F1_MA: 0.634544942045405
[[620  89 184   0]
 [539 237  28   0]
 [613  34  99   0]
 [  1  17   1 907]]
Epoch: [24/200], cls_loss: 0.0757, transfer_loss: 0.5907,person_loss: -1.9604, total_Loss: 0.1750
trian begin
trian end
n_person 615
SAMPLE
F1_MI: 0.5081626595428911 F1_MA: 0.4982801988887289 ACC_MI: 0.5081626595428911 F1_MA: 0.507870652549511
BEST_F1_MI: 0.6334223805283467 BEST_F1_MA: 0.6293277735332898 BEST_ACC_MI: 0.6334223805283467 BEST_F1_MA: 0.634544942045405
[[300 121 472   0]
 [240 350 214   0]
 [446 154 146   0]
 [  1   9   0 916]]
Epoch: [25/200], cls_loss: 0.0683, transfer_loss: 0.6512,person_loss: -1.9667, total_Loss: 0.1972
trian begin
trian end
n_person 615
SAMPLE
F1_MI: 0.5405164737310775 F1_MA: 0.5092831371884425 ACC_MI: 0.5405164737310775 F1_MA: 0.5038114066130106
BEST_F1_MI: 0.6334223805283467 BEST_F1_MA: 0.6293277735332898 BEST_ACC_MI: 0.6334223805283467 BEST_F1_MA: 0.634544942045405
[[470 201 222   0]
 [364 410  30   0]
 [664  55  27   0]
 [  0  12   0 914]]
Epoch: [26/200], cls_loss: 0.0556, transfer_loss: 0.4591,person_loss: -1.9647, total_Loss: 0.0887
trian begin
trian end
n_person 615
SAMPLE
F1_MI: 0.4636390620362125 F1_MA: 0.47216087558210107 ACC_MI: 0.4636390620362125 F1_MA: 0.5003061131632667
BEST_F1_MI: 0.6334223805283467 BEST_F1_MA: 0.6293277735332898 BEST_ACC_MI: 0.6334223805283467 BEST_F1_MA: 0.634544942045405
[[184  63 646   0]
 [288 274 242   0]
 [470  88 188   0]
 [  0   9   1 916]]
Epoch: [27/200], cls_loss: 0.0659, transfer_loss: 0.5735,person_loss: -1.9660, total_Loss: 0.1560
trian begin
trian end
n_person 615
SAMPLE
F1_MI: 0.5298308103294747 F1_MA: 0.5126111905521787 ACC_MI: 0.5298308103294747 F1_MA: 0.5198938366451311
BEST_F1_MI: 0.6334223805283467 BEST_F1_MA: 0.6293277735332898 BEST_ACC_MI: 0.6334223805283467 BEST_F1_MA: 0.634544942045405
[[470  81 342   0]
 [438 311  55   0]
 [490 161  95   0]
 [  0   9   8 909]]
Epoch: [28/200], cls_loss: 0.0658, transfer_loss: 0.6361,person_loss: -1.9568, total_Loss: 0.1881
trian begin
trian end
n_person 615
SAMPLE
F1_MI: 0.5586227367171267 F1_MA: 0.5562089931665033 ACC_MI: 0.5586227367171267 F1_MA: 0.5808785454015866
BEST_F1_MI: 0.6334223805283467 BEST_F1_MA: 0.6293277735332898 BEST_ACC_MI: 0.6334223805283467 BEST_F1_MA: 0.634544942045405
[[596  80 217   0]
 [559 201  44   0]
 [514  59 173   0]
 [  0  14   0 912]]
Epoch: [29/200], cls_loss: 0.0571, transfer_loss: 0.6872,person_loss: -1.9718, total_Loss: 0.2035
trian begin
trian end
n_person 615
SAMPLE
F1_MI: 0.5645592163846839 F1_MA: 0.5543376392295555 ACC_MI: 0.5645592163846839 F1_MA: 0.5755580957504034
BEST_F1_MI: 0.6334223805283467 BEST_F1_MA: 0.6293277735332898 BEST_ACC_MI: 0.6334223805283467 BEST_F1_MA: 0.634544942045405
[[712  42 139   0]
 [623 169  12   0]
 [524 113 109   0]
 [  0  14   0 912]]
Epoch: [30/200], cls_loss: 0.0674, transfer_loss: 0.6424,person_loss: -1.9622, total_Loss: 0.1924
trian begin
trian end
n_person 615
SAMPLE
F1_MI: 0.5618878005342832 F1_MA: 0.5579482201833801 ACC_MI: 0.5618878005342832 F1_MA: 0.5827153627487331
BEST_F1_MI: 0.6334223805283467 BEST_F1_MA: 0.6293277735332898 BEST_ACC_MI: 0.6334223805283467 BEST_F1_MA: 0.634544942045405
[[621 172 100   0]
 [546 247  11   0]
 [507 119 120   0]
 [  0  20   1 905]]
Epoch: [31/200], cls_loss: 0.0503, transfer_loss: 0.6367,person_loss: -1.9701, total_Loss: 0.1716
trian begin
trian end
n_person 615
SAMPLE
F1_MI: 0.595428910655981 F1_MA: 0.595700916694125 ACC_MI: 0.595428910655981 F1_MA: 0.6268226117992154
BEST_F1_MI: 0.6334223805283467 BEST_F1_MA: 0.6293277735332898 BEST_ACC_MI: 0.6334223805283467 BEST_F1_MA: 0.634544942045405
[[684 154  55   0]
 [493 303   8   0]
 [466 177 103   0]
 [  0  10   0 916]]
Epoch: [32/200], cls_loss: 0.0635, transfer_loss: 0.6347,person_loss: -1.9712, total_Loss: 0.1837
trian begin
trian end
n_person 615
SAMPLE
F1_MI: 0.618284357376076 F1_MA: 0.6060343296183314 ACC_MI: 0.618284357376076 F1_MA: 0.6217981421089769
BEST_F1_MI: 0.6334223805283467 BEST_F1_MA: 0.6293277735332898 BEST_ACC_MI: 0.6334223805283467 BEST_F1_MA: 0.634544942045405
[[655 190  48   0]
 [328 458  18   0]
 [641  53  52   0]
 [  0   7   1 918]]
Epoch: [33/200], cls_loss: 0.0490, transfer_loss: 0.6094,person_loss: -1.9731, total_Loss: 0.1563
trian begin
trian end
n_person 615
SAMPLE
F1_MI: 0.555951320866726 F1_MA: 0.5448897848641712 ACC_MI: 0.555951320866726 F1_MA: 0.5566363282814851
BEST_F1_MI: 0.6334223805283467 BEST_F1_MA: 0.6293277735332898 BEST_ACC_MI: 0.6334223805283467 BEST_F1_MA: 0.634544942045405
[[458 248 187   0]
 [409 369  26   0]
 [545  74 127   0]
 [  0   7   0 919]]
Epoch: [34/200], cls_loss: 0.0474, transfer_loss: 0.6549,person_loss: -1.9679, total_Loss: 0.1781
trian begin
trian end
n_person 615
SAMPLE
F1_MI: 0.5072721875927575 F1_MA: 0.5058564357231352 ACC_MI: 0.5072721875927575 F1_MA: 0.5394130238406116
BEST_F1_MI: 0.6334223805283467 BEST_F1_MA: 0.6293277735332898 BEST_ACC_MI: 0.6334223805283467 BEST_F1_MA: 0.634544942045405
[[609  51 232   1]
 [651 128  23   2]
 [689   3  54   0]
 [  0   8   0 918]]
Epoch: [35/200], cls_loss: 0.0491, transfer_loss: 0.7004,person_loss: -1.9729, total_Loss: 0.2020
trian begin
trian end
n_person 615
SAMPLE
F1_MI: 0.5755417037696646 F1_MA: 0.5775531651860143 ACC_MI: 0.5755417037696646 F1_MA: 0.6093202065890796
BEST_F1_MI: 0.6334223805283467 BEST_F1_MA: 0.6293277735332898 BEST_ACC_MI: 0.6334223805283467 BEST_F1_MA: 0.634544942045405
[[630 129 134   0]
 [533 261  10   0]
 [580  36 130   0]
 [  0   8   0 918]]
Epoch: [36/200], cls_loss: 0.0400, transfer_loss: 0.6315,person_loss: -1.9723, total_Loss: 0.1586
trian begin
trian end
n_person 615
SAMPLE
F1_MI: 0.5609973285841496 F1_MA: 0.5577945992020334 ACC_MI: 0.5609973285841496 F1_MA: 0.5817072035228307
BEST_F1_MI: 0.6334223805283467 BEST_F1_MA: 0.6293277735332898 BEST_ACC_MI: 0.6334223805283467 BEST_F1_MA: 0.634544942045405
[[611  83 199   0]
 [540 237  27   0]
 [531  66 149   0]
 [  0  31   2 893]]
Epoch: [37/200], cls_loss: 0.0337, transfer_loss: 0.6679,person_loss: -1.9674, total_Loss: 0.1709
trian begin
trian end
n_person 615
SAMPLE
F1_MI: 0.5176610270109825 F1_MA: 0.5012804046383451 ACC_MI: 0.5176610270109825 F1_MA: 0.5095276437326713
BEST_F1_MI: 0.6334223805283467 BEST_F1_MA: 0.6293277735332898 BEST_ACC_MI: 0.6334223805283467 BEST_F1_MA: 0.634544942045405
[[445 150 298   0]
 [423 330  51   0]
 [605  72  69   0]
 [  0  26   0 900]]
Epoch: [38/200], cls_loss: 0.0382, transfer_loss: 0.6453,person_loss: -1.9668, total_Loss: 0.1642
trian begin
trian end
n_person 615
SAMPLE
F1_MI: 0.4882754526565746 F1_MA: 0.5004962188775333 ACC_MI: 0.4882754526565746 F1_MA: 0.5344221331455103
BEST_F1_MI: 0.6334223805283467 BEST_F1_MA: 0.6293277735332898 BEST_ACC_MI: 0.6334223805283467 BEST_F1_MA: 0.634544942045405
[[268  93 532   0]
 [387 251 166   0]
 [521  17 208   0]
 [  0   8   0 918]]
Epoch: [39/200], cls_loss: 0.0482, transfer_loss: 0.6691,person_loss: -1.9580, total_Loss: 0.1869
trian begin
trian end
n_person 615
SAMPLE
F1_MI: 0.4832294449391511 F1_MA: 0.48213976999111907 ACC_MI: 0.4832294449391511 F1_MA: 0.5092099147415977
BEST_F1_MI: 0.6334223805283467 BEST_F1_MA: 0.6293277735332898 BEST_ACC_MI: 0.6334223805283467 BEST_F1_MA: 0.634544942045405
[[437  71 384   1]
 [571 168  65   0]
 [593  45 108   0]
 [  0  10   1 915]]
Epoch: [40/200], cls_loss: 0.0390, transfer_loss: 0.6856,person_loss: -1.9743, total_Loss: 0.1843
trian begin
trian end
n_person 615
SAMPLE
F1_MI: 0.4556248144850104 F1_MA: 0.4535248263234798 ACC_MI: 0.4556248144850104 F1_MA: 0.47633681650022375
BEST_F1_MI: 0.6334223805283467 BEST_F1_MA: 0.6293277735332898 BEST_ACC_MI: 0.6334223805283467 BEST_F1_MA: 0.634544942045405
[[368 142 383   0]
 [508 208  88   0]
 [643   8  95   0]
 [  0  62   0 864]]
Epoch: [41/200], cls_loss: 0.0317, transfer_loss: 0.6638,person_loss: -1.9696, total_Loss: 0.1666
trian begin
trian end
n_person 615
SAMPLE
F1_MI: 0.42950430394775896 F1_MA: 0.4444760336414868 ACC_MI: 0.42950430394775896 F1_MA: 0.48381403623752245
BEST_F1_MI: 0.6334223805283467 BEST_F1_MA: 0.6293277735332898 BEST_ACC_MI: 0.6334223805283467 BEST_F1_MA: 0.634544942045405
[[145  63 685   0]
 [311 259 234   0]
 [565  53 128   0]
 [  0  11   0 915]]
Epoch: [42/200], cls_loss: 0.0414, transfer_loss: 0.7009,person_loss: -1.9686, total_Loss: 0.1950
trian begin
trian end
n_person 615
SAMPLE
F1_MI: 0.5155832591273375 F1_MA: 0.500671770087574 ACC_MI: 0.5155832591273375 F1_MA: 0.5051195640277257
BEST_F1_MI: 0.6334223805283467 BEST_F1_MA: 0.6293277735332898 BEST_ACC_MI: 0.6334223805283467 BEST_F1_MA: 0.634544942045405
[[288 159 446   0]
 [296 413  95   0]
 [491 139 116   0]
 [  0   6   0 920]]
Epoch: [43/200], cls_loss: 0.0456, transfer_loss: 0.6616,person_loss: -1.9706, total_Loss: 0.1794
trian begin
trian end
n_person 615
SAMPLE
F1_MI: 0.5066785396260017 F1_MA: 0.5114098616137354 ACC_MI: 0.5066785396260017 F1_MA: 0.5470133929839596
BEST_F1_MI: 0.6334223805283467 BEST_F1_MA: 0.6293277735332898 BEST_ACC_MI: 0.6334223805283467 BEST_F1_MA: 0.634544942045405
[[546  44 303   0]
 [660 122  22   0]
 [592  18 136   0]
 [  0  23   0 903]]
Epoch: [44/200], cls_loss: 0.0353, transfer_loss: 0.6434,person_loss: -1.9798, total_Loss: 0.1591
trian begin
trian end
n_person 615
SAMPLE
F1_MI: 0.47996438112199463 F1_MA: 0.4736515497599545 ACC_MI: 0.47996438112199463 F1_MA: 0.49443764783965727
BEST_F1_MI: 0.6334223805283467 BEST_F1_MA: 0.6293277735332898 BEST_ACC_MI: 0.6334223805283467 BEST_F1_MA: 0.634544942045405
[[410 108 375   0]
 [520 247  37   0]
 [652  36  58   0]
 [  0  24   0 902]]
Epoch: [45/200], cls_loss: 0.0428, transfer_loss: 0.7016,person_loss: -1.9733, total_Loss: 0.1963
trian begin
trian end
n_person 615
SAMPLE
F1_MI: 0.4651231819531018 F1_MA: 0.47279501777592237 ACC_MI: 0.4651231819531018 F1_MA: 0.5140742264353559
BEST_F1_MI: 0.6334223805283467 BEST_F1_MA: 0.6293277735332898 BEST_ACC_MI: 0.6334223805283467 BEST_F1_MA: 0.634544942045405
[[470  33 390   0]
 [687  86  31   0]
 [638  10  98   0]
 [  0  13   0 913]]
Epoch: [46/200], cls_loss: 0.0298, transfer_loss: 0.7029,person_loss: -1.9740, total_Loss: 0.1838
trian begin
trian end
n_person 615
SAMPLE
F1_MI: 0.42950430394775896 F1_MA: 0.4323663119419317 ACC_MI: 0.42950430394775896 F1_MA: 0.4664345482020165
BEST_F1_MI: 0.6334223805283467 BEST_F1_MA: 0.6293277735332898 BEST_ACC_MI: 0.6334223805283467 BEST_F1_MA: 0.634544942045405
[[373  57 463   0]
 [662  88  54   0]
 [661   9  76   0]
 [  0  16   0 910]]
Epoch: [47/200], cls_loss: 0.0329, transfer_loss: 0.6968,person_loss: -1.9738, total_Loss: 0.1840
trian begin
trian end
n_person 615
SAMPLE
F1_MI: 0.45503116651825465 F1_MA: 0.45536491046248306 ACC_MI: 0.45503116651825465 F1_MA: 0.47639494579693187
BEST_F1_MI: 0.6334223805283467 BEST_F1_MA: 0.6293277735332898 BEST_ACC_MI: 0.6334223805283467 BEST_F1_MA: 0.634544942045405
[[179 156 558   0]
 [372 337  95   0]
 [600  44 102   0]
 [  0  11   0 915]]
Epoch: [48/200], cls_loss: 0.0341, transfer_loss: 0.6751,person_loss: -1.9684, total_Loss: 0.1748
trian begin
trian end
n_person 615
SAMPLE
F1_MI: 0.42564559216384684 F1_MA: 0.43541531777066916 ACC_MI: 0.42564559216384684 F1_MA: 0.47828900874498514
BEST_F1_MI: 0.6334223805283467 BEST_F1_MA: 0.6293277735332898 BEST_ACC_MI: 0.6334223805283467 BEST_F1_MA: 0.634544942045405
[[344  38 511   0]
 [613 131  60   0]
 [668  22  56   0]
 [  0  23   0 903]]
Epoch: [49/200], cls_loss: 0.0414, transfer_loss: 0.7000,person_loss: -1.9741, total_Loss: 0.1940
trian begin
trian end
n_person 615
SAMPLE
F1_MI: 0.5138023152270703 F1_MA: 0.5110441855563147 ACC_MI: 0.5138023152270703 F1_MA: 0.5372466118263002
BEST_F1_MI: 0.6334223805283467 BEST_F1_MA: 0.6293277735332898 BEST_ACC_MI: 0.6334223805283467 BEST_F1_MA: 0.634544942045405
[[578   6 309   0]
 [731  44  29   0]
 [520  36 190   0]
 [  0   7   0 919]]
Epoch: [50/200], cls_loss: 0.0375, transfer_loss: 0.6804,person_loss: -1.9746, total_Loss: 0.1802
trian begin
trian end
n_person 615
SAMPLE
F1_MI: 0.5060848916592461 F1_MA: 0.5006428248245242 ACC_MI: 0.5060848916592461 F1_MA: 0.5260834840179532
BEST_F1_MI: 0.6334223805283467 BEST_F1_MA: 0.6293277735332898 BEST_ACC_MI: 0.6334223805283467 BEST_F1_MA: 0.634544942045405
[[555  77 261   0]
 [633 152  19   0]
 [636  26  84   0]
 [  0  12   0 914]]
Epoch: [51/200], cls_loss: 0.0197, transfer_loss: 0.6810,person_loss: -1.9751, total_Loss: 0.1627
trian begin
trian end
n_person 615
SAMPLE
F1_MI: 0.42594241614722467 F1_MA: 0.4336339275755958 ACC_MI: 0.4259424161472247 F1_MA: 0.4703649299222914
BEST_F1_MI: 0.6334223805283467 BEST_F1_MA: 0.6293277735332898 BEST_ACC_MI: 0.6334223805283467 BEST_F1_MA: 0.634544942045405
[[310  59 524   0]
 [654  76  74   0]
 [607   7 132   0]
 [  0   9   0 917]]
Epoch: [52/200], cls_loss: 0.0174, transfer_loss: 0.6900,person_loss: -1.9819, total_Loss: 0.1642
trian begin
trian end
n_person 615
SAMPLE
F1_MI: 0.4686850697536361 F1_MA: 0.4619191695382211 ACC_MI: 0.4686850697536361 F1_MA: 0.48701541582552227
BEST_F1_MI: 0.6334223805283467 BEST_F1_MA: 0.6293277735332898 BEST_ACC_MI: 0.6334223805283467 BEST_F1_MA: 0.634544942045405
[[495  41 357   0]
 [661 109  34   0]
 [649  42  55   0]
 [  0   6   0 920]]
Epoch: [53/200], cls_loss: 0.0213, transfer_loss: 0.6925,person_loss: -1.9815, total_Loss: 0.1693
trian begin
trian end
n_person 615
SAMPLE
F1_MI: 0.44078361531611754 F1_MA: 0.4473169406891061 ACC_MI: 0.44078361531611754 F1_MA: 0.48428312660265965
BEST_F1_MI: 0.6334223805283467 BEST_F1_MA: 0.6293277735332898 BEST_ACC_MI: 0.6334223805283467 BEST_F1_MA: 0.634544942045405
[[367  51 475   0]
 [652  86  66   0]
 [617  14 115   0]
 [  0   9   0 917]]
Epoch: [54/200], cls_loss: 0.0204, transfer_loss: 0.7071,person_loss: -1.9796, total_Loss: 0.1760
trian begin
trian end
n_person 615
SAMPLE
F1_MI: 0.4942119323241318 F1_MA: 0.5002274157273685 ACC_MI: 0.4942119323241318 F1_MA: 0.5389335856321928
BEST_F1_MI: 0.6334223805283467 BEST_F1_MA: 0.6293277735332898 BEST_ACC_MI: 0.6334223805283467 BEST_F1_MA: 0.634544942045405
[[540  22 331   0]
 [694  64  46   0]
 [587  18 141   0]
 [  1   5   0 920]]
Epoch: [55/200], cls_loss: 0.0376, transfer_loss: 0.7088,person_loss: -1.9785, total_Loss: 0.1941
trian begin
trian end
n_person 615
SAMPLE
F1_MI: 0.41199168892846544 F1_MA: 0.4246992751761519 ACC_MI: 0.41199168892846544 F1_MA: 0.4629983321758262
BEST_F1_MI: 0.6334223805283467 BEST_F1_MA: 0.6293277735332898 BEST_ACC_MI: 0.6334223805283467 BEST_F1_MA: 0.634544942045405
[[192  72 629   0]
 [613 117  74   0]
 [557  23 166   0]
 [  0  13   0 913]]
Epoch: [56/200], cls_loss: 0.0324, transfer_loss: 0.7310,person_loss: -1.9766, total_Loss: 0.2002
trian begin
trian end
n_person 615
SAMPLE
F1_MI: 0.45295339863460965 F1_MA: 0.46828325715551844 ACC_MI: 0.45295339863460965 F1_MA: 0.5214569207439084
BEST_F1_MI: 0.6334223805283467 BEST_F1_MA: 0.6293277735332898 BEST_ACC_MI: 0.6334223805283467 BEST_F1_MA: 0.634544942045405
[[471   7 415   0]
 [734  30  40   0]
 [637   1 108   0]
 [  0   9   0 917]]
Epoch: [57/200], cls_loss: 0.0273, transfer_loss: 0.7246,person_loss: -1.9841, total_Loss: 0.1912
trian begin
trian end
n_person 615
SAMPLE
F1_MI: 0.45384387058474324 F1_MA: 0.46214554663436563 ACC_MI: 0.45384387058474324 F1_MA: 0.49868495039319544
BEST_F1_MI: 0.6334223805283467 BEST_F1_MA: 0.6293277735332898 BEST_ACC_MI: 0.6334223805283467 BEST_F1_MA: 0.634544942045405
[[366  35 492   0]
 [691  75  38   0]
 [550  26 170   0]
 [  0   7   1 918]]
Epoch: [58/200], cls_loss: 0.0363, transfer_loss: 0.7104,person_loss: -1.9795, total_Loss: 0.1935
trian begin
trian end
n_person 615
SAMPLE
F1_MI: 0.3499554764024933 F1_MA: 0.37097391129877927 ACC_MI: 0.3499554764024933 F1_MA: 0.42615296598313146
BEST_F1_MI: 0.6334223805283467 BEST_F1_MA: 0.6293277735332898 BEST_ACC_MI: 0.6334223805283467 BEST_F1_MA: 0.634544942045405
[[ 89  55 749   0]
 [609  78 117   0]
 [647   6  93   0]
 [  0   5   2 919]]
Epoch: [59/200], cls_loss: 0.0320, transfer_loss: 0.7350,person_loss: -1.9760, total_Loss: 0.2019
trian begin
trian end
n_person 615
SAMPLE
F1_MI: 0.4099139210448204 F1_MA: 0.40084208785093384 ACC_MI: 0.40991392104482044 F1_MA: 0.4179714991298412
BEST_F1_MI: 0.6334223805283467 BEST_F1_MA: 0.6293277735332898 BEST_ACC_MI: 0.6334223805283467 BEST_F1_MA: 0.634544942045405
[[245 201 446   1]
 [585 183  34   2]
 [692  19  35   0]
 [  0   7   1 918]]
Epoch: [60/200], cls_loss: 0.0216, transfer_loss: 0.7101,person_loss: -1.9793, total_Loss: 0.1787
trian begin
trian end
n_person 615
SAMPLE
F1_MI: 0.3695458593054318 F1_MA: 0.38149626982200335 ACC_MI: 0.3695458593054319 F1_MA: 0.419904654182304
BEST_F1_MI: 0.6334223805283467 BEST_F1_MA: 0.6293277735332898 BEST_ACC_MI: 0.6334223805283467 BEST_F1_MA: 0.634544942045405
[[ 60 142 691   0]
 [504 206  94   0]
 [668  11  67   0]
 [  0  14   0 912]]
Epoch: [61/200], cls_loss: 0.0247, transfer_loss: 0.7173,person_loss: -1.9846, total_Loss: 0.1849
trian begin
trian end
n_person 615
SAMPLE
F1_MI: 0.41941228851291185 F1_MA: 0.4220920379247649 ACC_MI: 0.41941228851291185 F1_MA: 0.4438220827867078
BEST_F1_MI: 0.6334223805283467 BEST_F1_MA: 0.6293277735332898 BEST_ACC_MI: 0.6334223805283467 BEST_F1_MA: 0.634544942045405
[[ 42 184 667   0]
 [258 373 173   0]
 [652  14  80   0]
 [  0   8   0 918]]
Epoch: [62/200], cls_loss: 0.0178, transfer_loss: 0.7054,person_loss: -1.9850, total_Loss: 0.1720
trian begin
trian end
n_person 615
SAMPLE
F1_MI: 0.406648857227664 F1_MA: 0.4042761715756886 ACC_MI: 0.406648857227664 F1_MA: 0.4220223446568504
BEST_F1_MI: 0.6334223805283467 BEST_F1_MA: 0.6293277735332898 BEST_ACC_MI: 0.6334223805283467 BEST_F1_MA: 0.634544942045405
[[ 69 255 569   0]
 [363 331 110   0]
 [682   5  59   0]
 [  0  15   0 911]]
Epoch: [63/200], cls_loss: 0.0268, transfer_loss: 0.7095,person_loss: -1.9833, total_Loss: 0.1833
trian begin
trian end
n_person 615
SAMPLE
F1_MI: 0.46749777382012464 F1_MA: 0.45253937473876227 ACC_MI: 0.46749777382012464 F1_MA: 0.4728366670906702
BEST_F1_MI: 0.6334223805283467 BEST_F1_MA: 0.6293277735332898 BEST_ACC_MI: 0.6334223805283467 BEST_F1_MA: 0.634544942045405
[[603  19 271   0]
 [755  40   9   0]
 [725   5  16   0]
 [  1   9   0 916]]
Epoch: [64/200], cls_loss: 0.0177, transfer_loss: 0.7019,person_loss: -1.9865, total_Loss: 0.1701
trian begin
trian end
n_person 615
SAMPLE
F1_MI: 0.4401899673493618 F1_MA: 0.40604569202262614 ACC_MI: 0.44018996734936183 F1_MA: 0.4035326953829023
BEST_F1_MI: 0.6334223805283467 BEST_F1_MA: 0.6293277735332898 BEST_ACC_MI: 0.6334223805283467 BEST_F1_MA: 0.634544942045405
[[525   8 360   0]
 [777   9  18   0]
 [702   4  40   0]
 [  0  14   3 909]]
Epoch: [65/200], cls_loss: 0.0256, transfer_loss: 0.7135,person_loss: -1.9864, total_Loss: 0.1837
[[357 206 330   0]
 [164 366 274   0]
 [220  34 492   0]
 [  0   7   0 919]]
[[357 206 330   0]
 [164 366 274   0]
 [220  34 492   0]
 [  0   7   0 919]]
WHAT: True
SVAE_RESULT
{'best_f1': 0.6293277735332898, 'best_matrix': [[357, 206, 330, 0], [164, 366, 274, 0], [220, 34, 492, 0], [0, 7, 0, 919]], 'args': 0.1}
{"best_f1": 0.6293277735332898, "best_matrix": [[357, 206, 330, 0], [164, 366, 274, 0], [220, 34, 492, 0], [0, 7, 0, 919]], "args": 0.1}
ARG: Namespace(backbone='resnet50', batch_size=32, config='DANN/DANN.yaml', data_dir='data', device=device(type='cuda'), early_stop=50, epoch_based_training=False, lr=0.003, lr_decay=0.75, lr_gamma=0.0003, lr_scheduler=True, max_iter=21000, method='True', momentum=0.9, myweight=0.1, n_class=4, n_epoch=200, n_iter_per_epoch=105, num_workers=3, seed=2, src_domain='WISDM', tgt_domain='UCI', tname='transfer', transfer_loss='adv', transfer_loss_weight=0.5, use_bottleneck=True, weight_decay=0.0005)
