daan 2 WISDM PAMAP2 DAAN/DAAN.yaml True
Namespace(backbone='resnet50', batch_size=32, config='DAAN/DAAN.yaml', data_dir='data', device=device(type='cuda'), early_stop=50, epoch_based_training=False, lr=0.003, lr_decay=0.75, lr_gamma=0.0003, lr_scheduler=True, method='True', momentum=0.9, myweight=0.1, n_epoch=200, n_iter_per_epoch=100, num_workers=3, seed=2, src_domain='WISDM', tgt_domain='PAMAP2', tname='transfer', transfer_loss='daan', transfer_loss_weight=0.5, use_bottleneck=True, weight_decay=0.0005)
JUST DO IT
run my Parkinson code
transfer
TRAIN Length: 13609 322 TEST Length: 4725 360
YYY: 0 3
DATA_PROFILE   train: 13609 train2: 4725 test: 4725
DATASET.SHAPE: <data_loader.GetTrainLoader object at 0x7fcc90a49e10> True
DATASET.SHAPE: <data_loader.GetTrainLoader object at 0x7fcc9059c160> True
DATASET.SHAPE: <data_loader.GetTestLoader object at 0x7fcc886a2eb8> False
CLASS: 4 360
LLL: {}
BOTTLENECK_LIST: [Linear(in_features=512, out_features=256, bias=True), ReLU()]
TYPE: {'loss_type': 'daan', 'max_iter': 29400, 'num_class': 4, 'my_person_item': <my_person_item.PersonItem object at 0x7fcd46114080>}
initial_lr 1.0
transfer_world
method True <class 'str'>
1.10.1+cu102
True
LEN: 0 0
LOADER: <data_loader.InfiniteDataLoader object at 0x7fcc9059c6a0> <data_loader.InfiniteDataLoader object at 0x7fcc886a2dd8>
N_batch: 147
trian begin
trian end
n_person 360
SAMPLE
F1_MI: 0.5771428571428572 F1_MA: 0.4910096582504229 ACC_MI: 0.5771428571428572 F1_MA: 0.4642274095490968
BEST_F1_MI: 0.5771428571428572 BEST_F1_MA: 0.4910096582504229 BEST_ACC_MI: 0.5771428571428572 BEST_F1_MA: 0.4642274095490968
[[ 833  703    0   46]
 [ 239  575    0   91]
 [  82  631    0   95]
 [   0  111    0 1319]]
Epoch: [ 1/200], cls_loss: 0.6014, transfer_loss: 0.0188,person_loss: -1.8740, total_Loss: 0.4234
trian begin
trian end
n_person 360
SAMPLE
F1_MI: 0.38857142857142857 F1_MA: 0.4121918539884585 ACC_MI: 0.38857142857142857 F1_MA: 0.4372658044181864
BEST_F1_MI: 0.5771428571428572 BEST_F1_MA: 0.4910096582504229 BEST_ACC_MI: 0.5771428571428572 BEST_F1_MA: 0.4642274095490968
[[ 998   39  531   14]
 [ 329   60  470   46]
 [ 103   72  591   42]
 [   0 1194   49  187]]
Epoch: [ 2/200], cls_loss: 0.3489, transfer_loss: 0.0172,person_loss: -1.9202, total_Loss: 0.1654
trian begin
trian end
n_person 360
SAMPLE
F1_MI: 0.5271957671957672 F1_MA: 0.4758819196023388 ACC_MI: 0.5271957671957672 F1_MA: 0.4649934976935429
BEST_F1_MI: 0.5771428571428572 BEST_F1_MA: 0.4910096582504229 BEST_ACC_MI: 0.5771428571428572 BEST_F1_MA: 0.4649934976935429
[[ 756  797    0   29]
 [ 234  636    0   35]
 [ 118  651    0   39]
 [   0  331    0 1099]]
Epoch: [ 3/200], cls_loss: 0.3059, transfer_loss: 0.0179,person_loss: -1.9433, total_Loss: 0.1205
trian begin
trian end
n_person 360
SAMPLE
F1_MI: 0.6692063492063492 F1_MA: 0.5942817758229564 ACC_MI: 0.6692063492063492 F1_MA: 0.5845500777869396
BEST_F1_MI: 0.6692063492063492 BEST_F1_MA: 0.5942817758229564 BEST_ACC_MI: 0.6692063492063492 BEST_F1_MA: 0.5845500777869396
[[1227  105  199   51]
 [ 478  113  212  102]
 [ 161   89  451  107]
 [   1   34   24 1371]]
Epoch: [ 4/200], cls_loss: 0.3008, transfer_loss: 0.0185,person_loss: -1.9614, total_Loss: 0.1138
trian begin
trian end
n_person 360
SAMPLE
F1_MI: 0.546031746031746 F1_MA: 0.5590134668193394 ACC_MI: 0.546031746031746 F1_MA: 0.5973664856993799
BEST_F1_MI: 0.6692063492063492 BEST_F1_MA: 0.5942817758229564 BEST_ACC_MI: 0.6692063492063492 BEST_F1_MA: 0.5973664856993799
[[ 480 1039   12   51]
 [ 158  570   81   96]
 [  49  477  182  100]
 [   0   42   40 1348]]
Epoch: [ 5/200], cls_loss: 0.2181, transfer_loss: 0.0192,person_loss: -1.9400, total_Loss: 0.0337
trian begin
trian end
n_person 360
SAMPLE
F1_MI: 0.5068783068783069 F1_MA: 0.5494558906808713 ACC_MI: 0.5068783068783069 F1_MA: 0.5913080419985328
BEST_F1_MI: 0.6692063492063492 BEST_F1_MA: 0.5942817758229564 BEST_ACC_MI: 0.6692063492063492 BEST_F1_MA: 0.5973664856993799
[[ 179 1338   15   50]
 [ 113  629   68   95]
 [  49  413  250   96]
 [   4   86    3 1337]]
Epoch: [ 6/200], cls_loss: 0.1682, transfer_loss: 0.0189,person_loss: -1.9556, total_Loss: -0.0179
trian begin
trian end
n_person 360
SAMPLE
F1_MI: 0.6021164021164022 F1_MA: 0.566167467198476 ACC_MI: 0.6021164021164022 F1_MA: 0.5846339731935529
BEST_F1_MI: 0.6692063492063492 BEST_F1_MA: 0.5942817758229564 BEST_ACC_MI: 0.6692063492063492 BEST_F1_MA: 0.5973664856993799
[[ 912  570   49   51]
 [ 281  393  134   97]
 [  94  417  200   97]
 [  14   76    0 1340]]
Epoch: [ 7/200], cls_loss: 0.1492, transfer_loss: 0.0186,person_loss: -1.9654, total_Loss: -0.0380
trian begin
trian end
n_person 360
SAMPLE
F1_MI: 0.4294179894179894 F1_MA: 0.45171731830626055 ACC_MI: 0.4294179894179894 F1_MA: 0.47665698102035325
BEST_F1_MI: 0.6692063492063492 BEST_F1_MA: 0.5942817758229564 BEST_ACC_MI: 0.6692063492063492 BEST_F1_MA: 0.5973664856993799
[[ 229 1194  130   29]
 [ 137  469  258   41]
 [  61  467  229   51]
 [   2   51  275 1102]]
Epoch: [ 8/200], cls_loss: 0.1200, transfer_loss: 0.0188,person_loss: -1.9648, total_Loss: -0.0671
trian begin
trian end
n_person 360
SAMPLE
F1_MI: 0.6281481481481481 F1_MA: 0.530710480877997 ACC_MI: 0.6281481481481481 F1_MA: 0.5182703806713106
BEST_F1_MI: 0.6692063492063492 BEST_F1_MA: 0.5942817758229564 BEST_ACC_MI: 0.6692063492063492 BEST_F1_MA: 0.5973664856993799
[[1415   76   54   37]
 [ 498   67  287   53]
 [ 152  286  311   59]
 [   4   24  227 1175]]
Epoch: [ 9/200], cls_loss: 0.1386, transfer_loss: 0.0186,person_loss: -1.9686, total_Loss: -0.0490
trian begin
trian end
n_person 360
SAMPLE
F1_MI: 0.6251851851851852 F1_MA: 0.5914022633644 ACC_MI: 0.6251851851851852 F1_MA: 0.6304492903469879
BEST_F1_MI: 0.6692063492063492 BEST_F1_MA: 0.5942817758229564 BEST_ACC_MI: 0.6692063492063492 BEST_F1_MA: 0.6304492903469879
[[1132  399    5   46]
 [ 465  292   60   88]
 [ 171  319  222   96]
 [   3  119    0 1308]]
Epoch: [10/200], cls_loss: 0.1118, transfer_loss: 0.0186,person_loss: -1.9743, total_Loss: -0.0763
trian begin
trian end
n_person 360
SAMPLE
F1_MI: 0.5424338624338624 F1_MA: 0.5471895011463916 ACC_MI: 0.5424338624338624 F1_MA: 0.6027956854885141
BEST_F1_MI: 0.6692063492063492 BEST_F1_MA: 0.5942817758229564 BEST_ACC_MI: 0.6692063492063492 BEST_F1_MA: 0.6304492903469879
[[ 600  926    3   53]
 [ 302  475   22  106]
 [  99  475  110  124]
 [  20   19   13 1378]]
Epoch: [11/200], cls_loss: 0.0938, transfer_loss: 0.0185,person_loss: -1.9764, total_Loss: -0.0946
trian begin
trian end
n_person 360
SAMPLE
F1_MI: 0.6194708994708995 F1_MA: 0.5453822919386285 ACC_MI: 0.6194708994708995 F1_MA: 0.546252651888754
BEST_F1_MI: 0.6692063492063492 BEST_F1_MA: 0.5942817758229564 BEST_ACC_MI: 0.6692063492063492 BEST_F1_MA: 0.6304492903469879
[[1114  371   45   52]
 [ 356  285  159  105]
 [ 273  248  168  119]
 [   9   24   37 1360]]
Epoch: [12/200], cls_loss: 0.1021, transfer_loss: 0.0185,person_loss: -1.9747, total_Loss: -0.0861
trian begin
trian end
n_person 360
SAMPLE
F1_MI: 0.5494179894179895 F1_MA: 0.5703003518240779 ACC_MI: 0.5494179894179895 F1_MA: 0.6136688481833408
BEST_F1_MI: 0.6692063492063492 BEST_F1_MA: 0.5942817758229564 BEST_ACC_MI: 0.6692063492063492 BEST_F1_MA: 0.6304492903469879
[[ 513 1024    0   45]
 [ 231  525   63   86]
 [  94  368  254   92]
 [  14   84   28 1304]]
Epoch: [13/200], cls_loss: 0.0920, transfer_loss: 0.0185,person_loss: -1.9755, total_Loss: -0.0963
trian begin
trian end
n_person 360
SAMPLE
F1_MI: 0.6308994708994708 F1_MA: 0.5548241172389382 ACC_MI: 0.6308994708994708 F1_MA: 0.5852473470421329
BEST_F1_MI: 0.6692063492063492 BEST_F1_MA: 0.5942817758229564 BEST_ACC_MI: 0.6692063492063492 BEST_F1_MA: 0.6304492903469879
[[1404  126    3   49]
 [ 675  127   14   89]
 [ 316  270  126   96]
 [  29   36   41 1324]]
Epoch: [14/200], cls_loss: 0.0731, transfer_loss: 0.0182,person_loss: -1.9811, total_Loss: -0.1159
trian begin
trian end
n_person 360
SAMPLE
F1_MI: 0.6023280423280424 F1_MA: 0.4904492701736034 ACC_MI: 0.6023280423280424 F1_MA: 0.4910915821181171
BEST_F1_MI: 0.6692063492063492 BEST_F1_MA: 0.5942817758229564 BEST_ACC_MI: 0.6692063492063492 BEST_F1_MA: 0.6304492903469879
[[1513   23   10   36]
 [ 719   84   41   61]
 [ 438  235   68   67]
 [   2  176   71 1181]]
Epoch: [15/200], cls_loss: 0.0814, transfer_loss: 0.0183,person_loss: -1.9805, total_Loss: -0.1075
trian begin
trian end
n_person 360
SAMPLE
F1_MI: 0.5712169312169312 F1_MA: 0.5228563154602606 ACC_MI: 0.5712169312169312 F1_MA: 0.5245140372992558
BEST_F1_MI: 0.6692063492063492 BEST_F1_MA: 0.5942817758229564 BEST_ACC_MI: 0.6692063492063492 BEST_F1_MA: 0.6304492903469879
[[ 816  534  180   52]
 [ 241  233  328  103]
 [ 101  301  293  113]
 [   2   27   44 1357]]
Epoch: [16/200], cls_loss: 0.0698, transfer_loss: 0.0184,person_loss: -1.9823, total_Loss: -0.1192
trian begin
trian end
n_person 360
SAMPLE
F1_MI: 0.49164021164021166 F1_MA: 0.512983791836978 ACC_MI: 0.49164021164021166 F1_MA: 0.5321917542546863
BEST_F1_MI: 0.6692063492063492 BEST_F1_MA: 0.5942817758229564 BEST_ACC_MI: 0.6692063492063492 BEST_F1_MA: 0.6304492903469879
[[ 123 1385   21   53]
 [  71  594  134  106]
 [  59  403  229  117]
 [   4   32   17 1377]]
Epoch: [17/200], cls_loss: 0.0592, transfer_loss: 0.0182,person_loss: -1.9837, total_Loss: -0.1301
trian begin
trian end
n_person 360
SAMPLE
F1_MI: 0.5839153439153439 F1_MA: 0.4729750186924481 ACC_MI: 0.5839153439153439 F1_MA: 0.46084442213590415
BEST_F1_MI: 0.6692063492063492 BEST_F1_MA: 0.5942817758229564 BEST_ACC_MI: 0.6692063492063492 BEST_F1_MA: 0.6304492903469879
[[1271  209   58   44]
 [ 520   81  219   85]
 [ 258  339  123   88]
 [  13   43   90 1284]]
Epoch: [18/200], cls_loss: 0.0586, transfer_loss: 0.0182,person_loss: -1.9805, total_Loss: -0.1304
trian begin
trian end
n_person 360
SAMPLE
F1_MI: 0.5132275132275133 F1_MA: 0.45032615112937346 ACC_MI: 0.5132275132275133 F1_MA: 0.4447953257993859
BEST_F1_MI: 0.6692063492063492 BEST_F1_MA: 0.5942817758229564 BEST_ACC_MI: 0.6692063492063492 BEST_F1_MA: 0.6304492903469879
[[ 742  244  546   50]
 [ 215   62  531   97]
 [ 246  172  284  106]
 [   4   16   73 1337]]
Epoch: [19/200], cls_loss: 0.0583, transfer_loss: 0.0182,person_loss: -1.9839, total_Loss: -0.1310
trian begin
trian end
n_person 360
SAMPLE
F1_MI: 0.44825396825396824 F1_MA: 0.44230091920429043 ACC_MI: 0.44825396825396824 F1_MA: 0.4329199223693847
BEST_F1_MI: 0.6692063492063492 BEST_F1_MA: 0.5942817758229564 BEST_ACC_MI: 0.6692063492063492 BEST_F1_MA: 0.6304492903469879
[[  51 1456   28   47]
 [  95  575  147   88]
 [  57  479  181   91]
 [  14   27   78 1311]]
Epoch: [20/200], cls_loss: 0.0622, transfer_loss: 0.0182,person_loss: -1.9856, total_Loss: -0.1273
trian begin
trian end
n_person 360
SAMPLE
F1_MI: 0.6033862433862434 F1_MA: 0.5204504193979559 ACC_MI: 0.6033862433862434 F1_MA: 0.5180629828799558
BEST_F1_MI: 0.6692063492063492 BEST_F1_MA: 0.5942817758229564 BEST_ACC_MI: 0.6692063492063492 BEST_F1_MA: 0.6304492903469879
[[1125  352   51   54]
 [ 481  130  183  111]
 [ 244  222  224  118]
 [   1   25   32 1372]]
Epoch: [21/200], cls_loss: 0.0543, transfer_loss: 0.0182,person_loss: -1.9865, total_Loss: -0.1353
trian begin
trian end
n_person 360
SAMPLE
F1_MI: 0.44507936507936513 F1_MA: 0.45225678362756194 ACC_MI: 0.4450793650793651 F1_MA: 0.4427151512374462
BEST_F1_MI: 0.6692063492063492 BEST_F1_MA: 0.5942817758229564 BEST_ACC_MI: 0.6692063492063492 BEST_F1_MA: 0.6304492903469879
[[  86 1375   85   36]
 [ 108  522  222   53]
 [ 108  315  320   65]
 [   5   18  232 1175]]
Epoch: [22/200], cls_loss: 0.0454, transfer_loss: 0.0180,person_loss: -1.9862, total_Loss: -0.1442
trian begin
trian end
n_person 360
SAMPLE
F1_MI: 0.6554497354497355 F1_MA: 0.557242949698998 ACC_MI: 0.6554497354497355 F1_MA: 0.5625179080256185
BEST_F1_MI: 0.6692063492063492 BEST_F1_MA: 0.5942817758229564 BEST_ACC_MI: 0.6692063492063492 BEST_F1_MA: 0.6304492903469879
[[1463   47   16   56]
 [ 587   99  106  113]
 [ 343  156  187  122]
 [   5   18   59 1348]]
Epoch: [23/200], cls_loss: 0.0436, transfer_loss: 0.0181,person_loss: -1.9861, total_Loss: -0.1459
trian begin
trian end
n_person 360
SAMPLE
F1_MI: 0.4907936507936508 F1_MA: 0.49654264747270344 ACC_MI: 0.4907936507936508 F1_MA: 0.5116909198587589
BEST_F1_MI: 0.6692063492063492 BEST_F1_MA: 0.5942817758229564 BEST_ACC_MI: 0.6692063492063492 BEST_F1_MA: 0.6304492903469879
[[ 287 1143  104   48]
 [ 152  439  221   93]
 [  66  370  276   96]
 [   5   47   61 1317]]
Epoch: [24/200], cls_loss: 0.0460, transfer_loss: 0.0180,person_loss: -1.9873, total_Loss: -0.1437
trian begin
trian end
n_person 360
SAMPLE
F1_MI: 0.4380952380952381 F1_MA: 0.4296396082735789 ACC_MI: 0.4380952380952381 F1_MA: 0.42786306988548845
BEST_F1_MI: 0.6692063492063492 BEST_F1_MA: 0.5942817758229564 BEST_ACC_MI: 0.6692063492063492 BEST_F1_MA: 0.6304492903469879
[[ 136 1252   87  107]
 [ 132  338  303  132]
 [  79  340  279  110]
 [  18   20   75 1317]]
Epoch: [25/200], cls_loss: 0.0404, transfer_loss: 0.0180,person_loss: -1.9882, total_Loss: -0.1494
trian begin
trian end
n_person 360
SAMPLE
F1_MI: 0.5997883597883598 F1_MA: 0.5210448779674381 ACC_MI: 0.5997883597883598 F1_MA: 0.5113807787430762
BEST_F1_MI: 0.6692063492063492 BEST_F1_MA: 0.5942817758229564 BEST_ACC_MI: 0.6692063492063492 BEST_F1_MA: 0.6304492903469879
[[1091  302  143   46]
 [ 479  110  227   89]
 [ 255  140  318   95]
 [   0    9  106 1315]]
Epoch: [26/200], cls_loss: 0.0346, transfer_loss: 0.0180,person_loss: -1.9892, total_Loss: -0.1553
trian begin
trian end
n_person 360
SAMPLE
F1_MI: 0.6493121693121693 F1_MA: 0.5691054962920612 ACC_MI: 0.6493121693121693 F1_MA: 0.5749100455483949
BEST_F1_MI: 0.6692063492063492 BEST_F1_MA: 0.5942817758229564 BEST_ACC_MI: 0.6692063492063492 BEST_F1_MA: 0.6304492903469879
[[1332  173   29   48]
 [ 547  145  126   87]
 [ 299  154  258   97]
 [  18   20   59 1333]]
Epoch: [27/200], cls_loss: 0.0373, transfer_loss: 0.0179,person_loss: -1.9873, total_Loss: -0.1524
trian begin
trian end
n_person 360
SAMPLE
F1_MI: 0.5894179894179894 F1_MA: 0.5142785875660592 ACC_MI: 0.5894179894179894 F1_MA: 0.5130169465734085
BEST_F1_MI: 0.6692063492063492 BEST_F1_MA: 0.5942817758229564 BEST_ACC_MI: 0.6692063492063492 BEST_F1_MA: 0.6304492903469879
[[1087  380   54   61]
 [ 462  172  143  128]
 [ 349  135  219  105]
 [   9    5  109 1307]]
Epoch: [28/200], cls_loss: 0.0413, transfer_loss: 0.0181,person_loss: -1.9881, total_Loss: -0.1485
trian begin
trian end
n_person 360
SAMPLE
F1_MI: 0.5183068783068783 F1_MA: 0.48488343074620915 ACC_MI: 0.5183068783068783 F1_MA: 0.4900113663209411
BEST_F1_MI: 0.6692063492063492 BEST_F1_MA: 0.5942817758229564 BEST_ACC_MI: 0.6692063492063492 BEST_F1_MA: 0.6304492903469879
[[ 742  743   63   34]
 [ 370  175  313   47]
 [ 279  131  345   53]
 [   8   15  220 1187]]
Epoch: [29/200], cls_loss: 0.0300, transfer_loss: 0.0179,person_loss: -1.9898, total_Loss: -0.1600
trian begin
trian end
n_person 360
SAMPLE
F1_MI: 0.6042328042328042 F1_MA: 0.5603575727919815 ACC_MI: 0.6042328042328042 F1_MA: 0.5672852761143095
BEST_F1_MI: 0.6692063492063492 BEST_F1_MA: 0.5942817758229564 BEST_ACC_MI: 0.6692063492063492 BEST_F1_MA: 0.6304492903469879
[[ 916  586   30   50]
 [ 317  300  188  100]
 [ 276  137  293  102]
 [  19   38   27 1346]]
Epoch: [30/200], cls_loss: 0.0250, transfer_loss: 0.0179,person_loss: -1.9899, total_Loss: -0.1651
trian begin
trian end
n_person 360
SAMPLE
F1_MI: 0.5219047619047619 F1_MA: 0.487421160174772 ACC_MI: 0.5219047619047619 F1_MA: 0.48965822452292085
BEST_F1_MI: 0.6692063492063492 BEST_F1_MA: 0.5942817758229564 BEST_ACC_MI: 0.6692063492063492 BEST_F1_MA: 0.6304492903469879
[[ 653  740  145   44]
 [ 226  177  419   83]
 [ 204  169  350   85]
 [   5   26  113 1286]]
Epoch: [31/200], cls_loss: 0.0370, transfer_loss: 0.0180,person_loss: -1.9890, total_Loss: -0.1529
trian begin
trian end
n_person 360
SAMPLE
F1_MI: 0.6033862433862434 F1_MA: 0.5562270858523307 ACC_MI: 0.6033862433862434 F1_MA: 0.5714752385844346
BEST_F1_MI: 0.6692063492063492 BEST_F1_MA: 0.5942817758229564 BEST_ACC_MI: 0.6692063492063492 BEST_F1_MA: 0.6304492903469879
[[1000  519   15   48]
 [ 408  317   88   92]
 [ 255  250  208   95]
 [  10   30   64 1326]]
Epoch: [32/200], cls_loss: 0.0304, transfer_loss: 0.0180,person_loss: -1.9888, total_Loss: -0.1595
trian begin
trian end
n_person 360
SAMPLE
F1_MI: 0.45206349206349206 F1_MA: 0.46922095350588444 ACC_MI: 0.45206349206349206 F1_MA: 0.4779297527568127
BEST_F1_MI: 0.6692063492063492 BEST_F1_MA: 0.5942817758229564 BEST_ACC_MI: 0.6692063492063492 BEST_F1_MA: 0.6304492903469879
[[ 210 1290   55   27]
 [ 103  590  168   44]
 [ 158  383  231   36]
 [  11   10  304 1105]]
Epoch: [33/200], cls_loss: 0.0262, transfer_loss: 0.0179,person_loss: -1.9913, total_Loss: -0.1640
trian begin
trian end
n_person 360
SAMPLE
F1_MI: 0.5741798941798942 F1_MA: 0.5274356092434754 ACC_MI: 0.5741798941798942 F1_MA: 0.5336467384380518
BEST_F1_MI: 0.6692063492063492 BEST_F1_MA: 0.5942817758229564 BEST_ACC_MI: 0.6692063492063492 BEST_F1_MA: 0.6304492903469879
[[ 974  529   38   41]
 [ 467  222  155   61]
 [ 230  202  304   72]
 [  25   27  165 1213]]
Epoch: [34/200], cls_loss: 0.0405, transfer_loss: 0.0180,person_loss: -1.9886, total_Loss: -0.1494
trian begin
trian end
n_person 360
SAMPLE
F1_MI: 0.4567195767195767 F1_MA: 0.44246178090831 ACC_MI: 0.4567195767195767 F1_MA: 0.46087648170949064
BEST_F1_MI: 0.6692063492063492 BEST_F1_MA: 0.5942817758229564 BEST_ACC_MI: 0.6692063492063492 BEST_F1_MA: 0.6304492903469879
[[800 678  82  22]
 [438 187 220  60]
 [303 147 317  41]
 [  7  20 549 854]]
Epoch: [35/200], cls_loss: 0.0207, transfer_loss: 0.0178,person_loss: -1.9908, total_Loss: -0.1694
trian begin
trian end
n_person 360
SAMPLE
F1_MI: 0.5767195767195767 F1_MA: 0.5375165728365643 ACC_MI: 0.5767195767195767 F1_MA: 0.5487600287678447
BEST_F1_MI: 0.6692063492063492 BEST_F1_MA: 0.5942817758229564 BEST_ACC_MI: 0.6692063492063492 BEST_F1_MA: 0.6304492903469879
[[ 797  711   21   53]
 [ 280  327  188  110]
 [ 185  281  227  115]
 [   9   22   25 1374]]
Epoch: [36/200], cls_loss: 0.0221, transfer_loss: 0.0178,person_loss: -1.9916, total_Loss: -0.1681
trian begin
trian end
n_person 360
SAMPLE
F1_MI: 0.5458201058201059 F1_MA: 0.5012496136151301 ACC_MI: 0.5458201058201059 F1_MA: 0.5016458762305451
BEST_F1_MI: 0.6692063492063492 BEST_F1_MA: 0.5942817758229564 BEST_ACC_MI: 0.6692063492063492 BEST_F1_MA: 0.6304492903469879
[[ 764  693   78   47]
 [ 346  204  267   88]
 [ 287  120  313   88]
 [  30   15   87 1298]]
Epoch: [37/200], cls_loss: 0.0324, transfer_loss: 0.0179,person_loss: -1.9906, total_Loss: -0.1577
trian begin
trian end
n_person 360
SAMPLE
F1_MI: 0.6021164021164022 F1_MA: 0.5536805080630736 ACC_MI: 0.6021164021164022 F1_MA: 0.5893467288614045
BEST_F1_MI: 0.6692063492063492 BEST_F1_MA: 0.5942817758229564 BEST_ACC_MI: 0.6692063492063492 BEST_F1_MA: 0.6304492903469879
[[1098  428    4   52]
 [ 560  176   50  119]
 [ 249  253  188  118]
 [  35    7    5 1383]]
Epoch: [38/200], cls_loss: 0.0264, transfer_loss: 0.0179,person_loss: -1.9888, total_Loss: -0.1635
trian begin
trian end
n_person 360
SAMPLE
F1_MI: 0.6190476190476191 F1_MA: 0.5405435471884057 ACC_MI: 0.6190476190476191 F1_MA: 0.5413302579351793
BEST_F1_MI: 0.6692063492063492 BEST_F1_MA: 0.5942817758229564 BEST_ACC_MI: 0.6692063492063492 BEST_F1_MA: 0.6304492903469879
[[1172  319   38   53]
 [ 610   76  115  104]
 [ 262  133  300  113]
 [   4   16   33 1377]]
Epoch: [39/200], cls_loss: 0.0189, transfer_loss: 0.0178,person_loss: -1.9906, total_Loss: -0.1712
trian begin
trian end
n_person 360
SAMPLE
F1_MI: 0.4802116402116402 F1_MA: 0.4840615219217529 ACC_MI: 0.4802116402116402 F1_MA: 0.4903315221860762
BEST_F1_MI: 0.6692063492063492 BEST_F1_MA: 0.5942817758229564 BEST_ACC_MI: 0.6692063492063492 BEST_F1_MA: 0.6304492903469879
[[ 225 1263   45   49]
 [ 247  410  154   94]
 [ 100  291  323   94]
 [  10   10   99 1311]]
Epoch: [40/200], cls_loss: 0.0233, transfer_loss: 0.0178,person_loss: -1.9912, total_Loss: -0.1669
trian begin
trian end
n_person 360
SAMPLE
F1_MI: 0.4888888888888889 F1_MA: 0.48251234805091586 ACC_MI: 0.4888888888888889 F1_MA: 0.4735892892244001
BEST_F1_MI: 0.6692063492063492 BEST_F1_MA: 0.5942817758229564 BEST_ACC_MI: 0.6692063492063492 BEST_F1_MA: 0.6304492903469879
[[ 125 1317   86   54]
 [  82  552  158  113]
 [ 182  251  253  122]
 [  11   28   11 1380]]
Epoch: [41/200], cls_loss: 0.0190, transfer_loss: 0.0178,person_loss: -1.9923, total_Loss: -0.1713
trian begin
trian end
n_person 360
SAMPLE
F1_MI: 0.5923809523809523 F1_MA: 0.5276752711002566 ACC_MI: 0.5923809523809523 F1_MA: 0.543859864619362
BEST_F1_MI: 0.6692063492063492 BEST_F1_MA: 0.5942817758229564 BEST_ACC_MI: 0.6692063492063492 BEST_F1_MA: 0.6304492903469879
[[1119  402    9   52]
 [ 546  206   57   96]
 [ 352  203  156   97]
 [   9   34   69 1318]]
Epoch: [42/200], cls_loss: 0.0202, transfer_loss: 0.0178,person_loss: -1.9932, total_Loss: -0.1703
trian begin
trian end
n_person 360
SAMPLE
F1_MI: 0.5295238095238095 F1_MA: 0.504230270143725 ACC_MI: 0.5295238095238095 F1_MA: 0.5366178795430586
BEST_F1_MI: 0.6692063492063492 BEST_F1_MA: 0.5942817758229564 BEST_ACC_MI: 0.6692063492063492 BEST_F1_MA: 0.6304492903469879
[[ 782  734   17   49]
 [ 527  232   61   85]
 [ 414   97  206   91]
 [  35   79   34 1282]]
Epoch: [43/200], cls_loss: 0.0232, transfer_loss: 0.0178,person_loss: -1.9918, total_Loss: -0.1671
trian begin
trian end
n_person 360
SAMPLE
F1_MI: 0.5678306878306878 F1_MA: 0.5134024086700845 ACC_MI: 0.5678306878306878 F1_MA: 0.5003377881714521
BEST_F1_MI: 0.6692063492063492 BEST_F1_MA: 0.5942817758229564 BEST_ACC_MI: 0.6692063492063492 BEST_F1_MA: 0.6304492903469879
[[ 818  395  321   48]
 [ 339  110  369   87]
 [ 190   73  451   94]
 [  16   47   63 1304]]
Epoch: [44/200], cls_loss: 0.0201, transfer_loss: 0.0178,person_loss: -1.9924, total_Loss: -0.1703
trian begin
trian end
n_person 360
SAMPLE
F1_MI: 0.5024338624338625 F1_MA: 0.48146265282235373 ACC_MI: 0.5024338624338625 F1_MA: 0.4435895770623786
BEST_F1_MI: 0.6692063492063492 BEST_F1_MA: 0.5942817758229564 BEST_ACC_MI: 0.6692063492063492 BEST_F1_MA: 0.6304492903469879
[[   1 1484   43   54]
 [  12  675  110  108]
 [  38  333  319  118]
 [   4   34   13 1379]]
Epoch: [45/200], cls_loss: 0.0195, transfer_loss: 0.0178,person_loss: -1.9894, total_Loss: -0.1706
trian begin
trian end
n_person 360
SAMPLE
F1_MI: 0.5282539682539683 F1_MA: 0.5257732932256962 ACC_MI: 0.5282539682539683 F1_MA: 0.5408110876593267
BEST_F1_MI: 0.6692063492063492 BEST_F1_MA: 0.5942817758229564 BEST_ACC_MI: 0.6692063492063492 BEST_F1_MA: 0.6304492903469879
[[ 458 1039   34   51]
 [ 364  301  131  109]
 [ 150  155  389  114]
 [  26   35   21 1348]]
Epoch: [46/200], cls_loss: 0.0199, transfer_loss: 0.0178,person_loss: -1.9924, total_Loss: -0.1704
trian begin
trian end
n_person 360
SAMPLE
F1_MI: 0.5718518518518518 F1_MA: 0.5061977789212582 ACC_MI: 0.5718518518518518 F1_MA: 0.505812420553674
BEST_F1_MI: 0.6692063492063492 BEST_F1_MA: 0.5942817758229564 BEST_ACC_MI: 0.6692063492063492 BEST_F1_MA: 0.6304492903469879
[[1041  441   58   42]
 [ 534   97  214   60]
 [ 342   86  311   69]
 [  92    9   76 1253]]
Epoch: [47/200], cls_loss: 0.0173, transfer_loss: 0.0178,person_loss: -1.9938, total_Loss: -0.1732
trian begin
trian end
n_person 360
SAMPLE
F1_MI: 0.5676190476190476 F1_MA: 0.5081649213660709 ACC_MI: 0.5676190476190476 F1_MA: 0.5158745155877287
BEST_F1_MI: 0.6692063492063492 BEST_F1_MA: 0.5942817758229564 BEST_ACC_MI: 0.6692063492063492 BEST_F1_MA: 0.6304492903469879
[[ 931  556   43   52]
 [ 429  209  169   98]
 [ 286  224  195  103]
 [  47   24   12 1347]]
Epoch: [48/200], cls_loss: 0.0186, transfer_loss: 0.0178,person_loss: -1.9939, total_Loss: -0.1719
trian begin
trian end
n_person 360
SAMPLE
F1_MI: 0.6074074074074074 F1_MA: 0.5170385991103837 ACC_MI: 0.6074074074074074 F1_MA: 0.5236621739134295
BEST_F1_MI: 0.6692063492063492 BEST_F1_MA: 0.5942817758229564 BEST_ACC_MI: 0.6692063492063492 BEST_F1_MA: 0.6304492903469879
[[1267  243   20   52]
 [ 637   74   97   97]
 [ 454   73  168  113]
 [  26   19   24 1361]]
Epoch: [49/200], cls_loss: 0.0134, transfer_loss: 0.0177,person_loss: -1.9941, total_Loss: -0.1772
trian begin
trian end
n_person 360
SAMPLE
F1_MI: 0.5373544973544974 F1_MA: 0.4815540488052036 ACC_MI: 0.5373544973544974 F1_MA: 0.48870373151400626
BEST_F1_MI: 0.6692063492063492 BEST_F1_MA: 0.5942817758229564 BEST_ACC_MI: 0.6692063492063492 BEST_F1_MA: 0.6304492903469879
[[ 814  692   27   49]
 [ 447  260  107   91]
 [ 449  133  134   92]
 [  11   16   72 1331]]
Epoch: [50/200], cls_loss: 0.0130, transfer_loss: 0.0177,person_loss: -1.9927, total_Loss: -0.1775
trian begin
trian end
n_person 360
SAMPLE
F1_MI: 0.5788359788359788 F1_MA: 0.5376211864954 ACC_MI: 0.5788359788359788 F1_MA: 0.5574683362450992
BEST_F1_MI: 0.6692063492063492 BEST_F1_MA: 0.5942817758229564 BEST_ACC_MI: 0.6692063492063492 BEST_F1_MA: 0.6304492903469879
[[ 852  646   27   57]
 [ 374  329   72  130]
 [ 344  173  163  128]
 [  11   15   13 1391]]
Epoch: [51/200], cls_loss: 0.0135, transfer_loss: 0.0177,person_loss: -1.9946, total_Loss: -0.1771
trian begin
trian end
n_person 360
SAMPLE
F1_MI: 0.59005291005291 F1_MA: 0.5259668542295389 ACC_MI: 0.59005291005291 F1_MA: 0.5307806593069887
BEST_F1_MI: 0.6692063492063492 BEST_F1_MA: 0.5942817758229564 BEST_ACC_MI: 0.6692063492063492 BEST_F1_MA: 0.6304492903469879
[[1102  409   28   43]
 [ 605  110  117   73]
 [ 329   94  306   79]
 [  34   21  105 1270]]
Epoch: [52/200], cls_loss: 0.0192, transfer_loss: 0.0178,person_loss: -1.9952, total_Loss: -0.1714
trian begin
trian end
n_person 360
SAMPLE
F1_MI: 0.5485714285714286 F1_MA: 0.4807271219683708 ACC_MI: 0.5485714285714286 F1_MA: 0.4771536910426119
BEST_F1_MI: 0.6692063492063492 BEST_F1_MA: 0.5942817758229564 BEST_ACC_MI: 0.6692063492063492 BEST_F1_MA: 0.6304492903469879
[[ 878  559   95   50]
 [ 437  132  233  103]
 [ 302  153  242  111]
 [   7   14   69 1340]]
Epoch: [53/200], cls_loss: 0.0123, transfer_loss: 0.0177,person_loss: -1.9963, total_Loss: -0.1785
trian begin
trian end
n_person 360
SAMPLE
F1_MI: 0.4353439153439153 F1_MA: 0.4564180825195079 ACC_MI: 0.43534391534391537 F1_MA: 0.48636284354901604
BEST_F1_MI: 0.6692063492063492 BEST_F1_MA: 0.5942817758229564 BEST_ACC_MI: 0.6692063492063492 BEST_F1_MA: 0.6304492903469879
[[583 923  68   8]
 [340 380 163  22]
 [288 199 309  12]
 [  6  33 606 785]]
Epoch: [54/200], cls_loss: 0.0114, transfer_loss: 0.0177,person_loss: -1.9959, total_Loss: -0.1794
[[1227  105  199   51]
 [ 478  113  212  102]
 [ 161   89  451  107]
 [   1   34   24 1371]]
[[1227  105  199   51]
 [ 478  113  212  102]
 [ 161   89  451  107]
 [   1   34   24 1371]]
WHAT: True
SVAE_RESULT
{'best_f1': 0.5942817758229564, 'best_matrix': [[1227, 105, 199, 51], [478, 113, 212, 102], [161, 89, 451, 107], [1, 34, 24, 1371]], 'args': 0.1}
{"best_f1": 0.5942817758229564, "best_matrix": [[1227, 105, 199, 51], [478, 113, 212, 102], [161, 89, 451, 107], [1, 34, 24, 1371]], "args": 0.1}
ARG: Namespace(backbone='resnet50', batch_size=32, config='DAAN/DAAN.yaml', data_dir='data', device=device(type='cuda'), early_stop=50, epoch_based_training=False, lr=0.003, lr_decay=0.75, lr_gamma=0.0003, lr_scheduler=True, max_iter=29400, method='True', momentum=0.9, myweight=0.1, n_class=4, n_epoch=200, n_iter_per_epoch=147, num_workers=3, seed=2, src_domain='WISDM', tgt_domain='PAMAP2', tname='transfer', transfer_loss='daan', transfer_loss_weight=0.5, use_bottleneck=True, weight_decay=0.0005)
