bnm 2 WISDM PAMAP2 BNM/BNM.yaml False
Namespace(backbone='resnet50', batch_size=32, config='BNM/BNM.yaml', data_dir='data', device=device(type='cuda'), early_stop=50, epoch_based_training=False, lr=0.003, lr_decay=0.75, lr_gamma=0.0003, lr_scheduler=True, method='False', momentum=0.9, myweight=0.1, n_epoch=200, n_iter_per_epoch=100, num_workers=3, seed=2, src_domain='WISDM', tgt_domain='PAMAP2', tname='transfer', transfer_loss='bnm', transfer_loss_weight=0.5, use_bottleneck=True, weight_decay=0.0005)
JUST DO IT
run my Parkinson code
transfer
TRAIN Length: 13609 322 TEST Length: 4725 360
YYY: 0 3
DATA_PROFILE   train: 13609 train2: 4725 test: 4725
DATASET.SHAPE: <data_loader.GetTrainLoader object at 0x7fb4163a7e10> True
DATASET.SHAPE: <data_loader.GetTrainLoader object at 0x7fb415efa160> True
DATASET.SHAPE: <data_loader.GetTestLoader object at 0x7fb40e000eb8> False
CLASS: 4 360
LLL: {}
BOTTLENECK_LIST: [Linear(in_features=512, out_features=256, bias=True), ReLU()]
TYPE: {'loss_type': 'bnm', 'max_iter': 29400, 'num_class': 4, 'my_person_item': <my_person_item.PersonItem object at 0x7fb4cf7e8080>}
initial_lr 1.0
transfer_world
method False <class 'str'>
1.10.1+cu102
True
LEN: 0 0
LOADER: <data_loader.InfiniteDataLoader object at 0x7fb415efa6a0> <data_loader.InfiniteDataLoader object at 0x7fb40e000dd8>
N_batch: 147
trian begin
trian end
n_person 360
SAMPLE
F1_MI: 0.43322751322751324 F1_MA: 0.42548623245033923 ACC_MI: 0.43322751322751324 F1_MA: 0.43909134985009346
BEST_F1_MI: 0.43322751322751324 BEST_F1_MA: 0.42548623245033923 BEST_ACC_MI: 0.43322751322751324 BEST_F1_MA: 0.43909134985009346
[[ 176  365  991   50]
 [  29  319  455  102]
 [ 135  377  189  107]
 [   0   67    0 1363]]
Epoch: [ 1/200], cls_loss: 0.7186, transfer_loss: -2.1643,person_loss: 0.0000, total_Loss: -0.3635
trian begin
trian end
n_person 360
SAMPLE
F1_MI: 0.4946031746031746 F1_MA: 0.47829080554478354 ACC_MI: 0.4946031746031746 F1_MA: 0.4846775201794869
BEST_F1_MI: 0.4946031746031746 BEST_F1_MA: 0.47829080554478354 BEST_ACC_MI: 0.4946031746031746 BEST_F1_MA: 0.4846775201794869
[[ 430   28 1074   50]
 [ 206   79  521   99]
 [ 163   73  466  106]
 [   0   57   11 1362]]
Epoch: [ 2/200], cls_loss: 0.4091, transfer_loss: -2.6360,person_loss: 0.0000, total_Loss: -0.9090
trian begin
trian end
n_person 360
SAMPLE
F1_MI: 0.5125925925925926 F1_MA: 0.45562642756547395 ACC_MI: 0.5125925925925926 F1_MA: 0.39211176908510814
BEST_F1_MI: 0.5125925925925926 BEST_F1_MA: 0.47829080554478354 BEST_ACC_MI: 0.5125925925925926 BEST_F1_MA: 0.4846775201794869
[[   3  728  799   52]
 [   4  495  293  113]
 [  50  115  521  122]
 [   0   27    0 1403]]
Epoch: [ 3/200], cls_loss: 0.3844, transfer_loss: -2.7178,person_loss: 0.0000, total_Loss: -0.9745
trian begin
trian end
n_person 360
SAMPLE
F1_MI: 0.4596825396825397 F1_MA: 0.45212729690070863 ACC_MI: 0.4596825396825397 F1_MA: 0.46578292953058126
BEST_F1_MI: 0.5125925925925926 BEST_F1_MA: 0.47829080554478354 BEST_ACC_MI: 0.5125925925925926 BEST_F1_MA: 0.4846775201794869
[[ 221  304 1004   53]
 [  23  325  445  112]
 [ 148  313  225  122]
 [   0   28    1 1401]]
Epoch: [ 4/200], cls_loss: 0.3452, transfer_loss: -2.7164,person_loss: 0.0000, total_Loss: -1.0130
trian begin
trian end
n_person 360
SAMPLE
F1_MI: 0.6529100529100529 F1_MA: 0.6468663398291293 ACC_MI: 0.6529100529100529 F1_MA: 0.676327063944373
BEST_F1_MI: 0.6529100529100529 BEST_F1_MA: 0.6468663398291293 BEST_ACC_MI: 0.6529100529100529 BEST_F1_MA: 0.676327063944373
[[ 857  657   20   48]
 [  68  652   87   98]
 [  66  425  214  103]
 [   0   49   19 1362]]
Epoch: [ 5/200], cls_loss: 0.2862, transfer_loss: -2.7487,person_loss: 0.0000, total_Loss: -1.0881
trian begin
trian end
n_person 360
SAMPLE
F1_MI: 0.4973544973544973 F1_MA: 0.5152788253452891 ACC_MI: 0.4973544973544973 F1_MA: 0.5306005138259025
BEST_F1_MI: 0.6529100529100529 BEST_F1_MA: 0.6468663398291293 BEST_ACC_MI: 0.6529100529100529 BEST_F1_MA: 0.676327063944373
[[ 250  871  415   46]
 [   7  358  449   91]
 [  84  199  430   95]
 [  10   52   56 1312]]
Epoch: [ 6/200], cls_loss: 0.3066, transfer_loss: -2.7670,person_loss: 0.0000, total_Loss: -1.0769
trian begin
trian end
n_person 360
SAMPLE
F1_MI: 0.5534391534391534 F1_MA: 0.5898039790898025 ACC_MI: 0.5534391534391534 F1_MA: 0.6132528051440127
BEST_F1_MI: 0.6529100529100529 BEST_F1_MA: 0.6468663398291293 BEST_ACC_MI: 0.6529100529100529 BEST_F1_MA: 0.676327063944373
[[ 246 1098  183   55]
 [   1  447  345  112]
 [  37  130  518  123]
 [   0   26    0 1404]]
Epoch: [ 7/200], cls_loss: 0.2590, transfer_loss: -2.7657,person_loss: 0.0000, total_Loss: -1.1238
trian begin
trian end
n_person 360
SAMPLE
F1_MI: 0.4344973544973545 F1_MA: 0.4381650720351494 ACC_MI: 0.4344973544973545 F1_MA: 0.4441807424011227
BEST_F1_MI: 0.6529100529100529 BEST_F1_MA: 0.6468663398291293 BEST_ACC_MI: 0.6529100529100529 BEST_F1_MA: 0.676327063944373
[[ 105  334 1095   48]
 [   4  128  673  100]
 [  87  157  462  102]
 [   0   50   22 1358]]
Epoch: [ 8/200], cls_loss: 0.2243, transfer_loss: -2.7628,person_loss: 0.0000, total_Loss: -1.1571
trian begin
trian end
n_person 360
SAMPLE
F1_MI: 0.47555555555555556 F1_MA: 0.533718826189703 ACC_MI: 0.47555555555555556 F1_MA: 0.5930533590767632
BEST_F1_MI: 0.6529100529100529 BEST_F1_MA: 0.6468663398291293 BEST_ACC_MI: 0.6529100529100529 BEST_F1_MA: 0.676327063944373
[[  21 1337  170   54]
 [   1  569  225  110]
 [   1  428  260  119]
 [   0   13   20 1397]]
Epoch: [ 9/200], cls_loss: 0.2211, transfer_loss: -2.7715,person_loss: 0.0000, total_Loss: -1.1647
trian begin
trian end
n_person 360
SAMPLE
F1_MI: 0.44634920634920633 F1_MA: 0.4835321543400487 ACC_MI: 0.44634920634920633 F1_MA: 0.5372412473077626
BEST_F1_MI: 0.6529100529100529 BEST_F1_MA: 0.6468663398291293 BEST_ACC_MI: 0.6529100529100529 BEST_F1_MA: 0.676327063944373
[[ 151   45 1335   51]
 [  13  144  641  107]
 [  18  240  437  113]
 [   0   46    7 1377]]
Epoch: [10/200], cls_loss: 0.2117, transfer_loss: -2.7826,person_loss: 0.0000, total_Loss: -1.1796
trian begin
trian end
n_person 360
SAMPLE
F1_MI: 0.45544973544973544 F1_MA: 0.4402673188899836 ACC_MI: 0.45544973544973544 F1_MA: 0.4379033521998259
BEST_F1_MI: 0.6529100529100529 BEST_F1_MA: 0.6468663398291293 BEST_ACC_MI: 0.6529100529100529 BEST_F1_MA: 0.676327063944373
[[ 204  754  574   50]
 [  24  235  540  106]
 [ 191  161  342  114]
 [   0   52    7 1371]]
Epoch: [11/200], cls_loss: 0.2050, transfer_loss: -2.7849,person_loss: 0.0000, total_Loss: -1.1874
trian begin
trian end
n_person 360
SAMPLE
F1_MI: 0.4747089947089947 F1_MA: 0.46317335475410376 ACC_MI: 0.4747089947089947 F1_MA: 0.4567785276448185
BEST_F1_MI: 0.6529100529100529 BEST_F1_MA: 0.6468663398291293 BEST_ACC_MI: 0.6529100529100529 BEST_F1_MA: 0.676327063944373
[[ 179  703  648   52]
 [   3  369  429  104]
 [ 192  185  321  110]
 [   0   55    1 1374]]
Epoch: [12/200], cls_loss: 0.1901, transfer_loss: -2.7816,person_loss: 0.0000, total_Loss: -1.2007
trian begin
trian end
n_person 360
SAMPLE
F1_MI: 0.4783068783068783 F1_MA: 0.4829706129996595 ACC_MI: 0.4783068783068783 F1_MA: 0.48028804160611116
BEST_F1_MI: 0.6529100529100529 BEST_F1_MA: 0.6468663398291293 BEST_ACC_MI: 0.6529100529100529 BEST_F1_MA: 0.676327063944373
[[ 123  327 1081   51]
 [   2  319  480  104]
 [ 135  117  448  108]
 [   8   29   23 1370]]
Epoch: [13/200], cls_loss: 0.1757, transfer_loss: -2.7903,person_loss: 0.0000, total_Loss: -1.2194
trian begin
trian end
n_person 360
SAMPLE
F1_MI: 0.576931216931217 F1_MA: 0.5988901811781081 ACC_MI: 0.576931216931217 F1_MA: 0.6135638693325407
BEST_F1_MI: 0.6529100529100529 BEST_F1_MA: 0.6468663398291293 BEST_ACC_MI: 0.6529100529100529 BEST_F1_MA: 0.676327063944373
[[ 359 1135   39   49]
 [  22  695   91   97]
 [ 223  156  326  103]
 [  27   47   10 1346]]
Epoch: [14/200], cls_loss: 0.1862, transfer_loss: -2.7805,person_loss: 0.0000, total_Loss: -1.2041
trian begin
trian end
n_person 360
SAMPLE
F1_MI: 0.4893121693121693 F1_MA: 0.46739322417759654 ACC_MI: 0.4893121693121693 F1_MA: 0.4722692123039954
BEST_F1_MI: 0.6529100529100529 BEST_F1_MA: 0.6468663398291293 BEST_ACC_MI: 0.6529100529100529 BEST_F1_MA: 0.676327063944373
[[ 426  434  673   49]
 [  85  214  507   99]
 [ 209  166  326  107]
 [   1   64   19 1346]]
Epoch: [15/200], cls_loss: 0.1486, transfer_loss: -2.7882,person_loss: 0.0000, total_Loss: -1.2454
trian begin
trian end
n_person 360
SAMPLE
F1_MI: 0.43407407407407406 F1_MA: 0.4491257812896844 ACC_MI: 0.43407407407407406 F1_MA: 0.48242754726045756
BEST_F1_MI: 0.6529100529100529 BEST_F1_MA: 0.6468663398291293 BEST_ACC_MI: 0.6529100529100529 BEST_F1_MA: 0.676327063944373
[[ 150  948  434   50]
 [   3  385  425   92]
 [  55  464  186  103]
 [   4   17   79 1330]]
Epoch: [16/200], cls_loss: 0.1628, transfer_loss: -2.7900,person_loss: 0.0000, total_Loss: -1.2322
trian begin
trian end
n_person 360
SAMPLE
F1_MI: 0.40994708994708995 F1_MA: 0.39327125837204435 ACC_MI: 0.40994708994708995 F1_MA: 0.4063793676772161
BEST_F1_MI: 0.6529100529100529 BEST_F1_MA: 0.6468663398291293 BEST_ACC_MI: 0.6529100529100529 BEST_F1_MA: 0.676327063944373
[[ 266  228 1044   44]
 [  28   98  690   89]
 [ 260  184  274   90]
 [   2  108   21 1299]]
Epoch: [17/200], cls_loss: 0.1702, transfer_loss: -2.7897,person_loss: 0.0000, total_Loss: -1.2246
trian begin
trian end
n_person 360
SAMPLE
F1_MI: 0.4677248677248677 F1_MA: 0.5082296795323988 ACC_MI: 0.4677248677248677 F1_MA: 0.5531777110062689
BEST_F1_MI: 0.6529100529100529 BEST_F1_MA: 0.6468663398291293 BEST_ACC_MI: 0.6529100529100529 BEST_F1_MA: 0.676327063944373
[[ 141 1133  261   47]
 [   5  372  435   93]
 [  23  326  359  100]
 [   0   77   15 1338]]
Epoch: [18/200], cls_loss: 0.1551, transfer_loss: -2.7865,person_loss: 0.0000, total_Loss: -1.2381
trian begin
trian end
n_person 360
SAMPLE
F1_MI: 0.3968253968253968 F1_MA: 0.44434197571526857 ACC_MI: 0.3968253968253968 F1_MA: 0.5241027127190694
BEST_F1_MI: 0.6529100529100529 BEST_F1_MA: 0.6468663398291293 BEST_ACC_MI: 0.6529100529100529 BEST_F1_MA: 0.676327063944373
[[  45 1075  413   49]
 [   1  140  665   99]
 [   2  370  330  106]
 [   0   46   24 1360]]
Epoch: [19/200], cls_loss: 0.1345, transfer_loss: -2.7972,person_loss: 0.0000, total_Loss: -1.2640
trian begin
trian end
n_person 360
SAMPLE
F1_MI: 0.4349206349206349 F1_MA: 0.47407727930005306 ACC_MI: 0.43492063492063493 F1_MA: 0.539562223310927
BEST_F1_MI: 0.6529100529100529 BEST_F1_MA: 0.6468663398291293 BEST_ACC_MI: 0.6529100529100529 BEST_F1_MA: 0.676327063944373
[[ 158 1055  322   47]
 [   7  298  508   92]
 [   7  437  267   97]
 [   2   91    5 1332]]
Epoch: [20/200], cls_loss: 0.1371, transfer_loss: -2.8025,person_loss: 0.0000, total_Loss: -1.2642
trian begin
trian end
n_person 360
SAMPLE
F1_MI: 0.4050793650793651 F1_MA: 0.41467082079880546 ACC_MI: 0.4050793650793651 F1_MA: 0.4466384555794405
BEST_F1_MI: 0.6529100529100529 BEST_F1_MA: 0.6468663398291293 BEST_ACC_MI: 0.6529100529100529 BEST_F1_MA: 0.676327063944373
[[  98 1077  360   47]
 [   6  287  515   97]
 [  55  469  185   99]
 [   0   77    9 1344]]
Epoch: [21/200], cls_loss: 0.1179, transfer_loss: -2.8003,person_loss: 0.0000, total_Loss: -1.2822
trian begin
trian end
n_person 360
SAMPLE
F1_MI: 0.4315343915343915 F1_MA: 0.4943718703070805 ACC_MI: 0.43153439153439155 F1_MA: 0.5749835377200757
BEST_F1_MI: 0.6529100529100529 BEST_F1_MA: 0.6468663398291293 BEST_ACC_MI: 0.6529100529100529 BEST_F1_MA: 0.676327063944373
[[  86 1196  254   46]
 [   0  346  474   85]
 [   2  391  323   92]
 [   0  131   15 1284]]
Epoch: [22/200], cls_loss: 0.1152, transfer_loss: -2.7860,person_loss: 0.0000, total_Loss: -1.2777
trian begin
trian end
n_person 360
SAMPLE
F1_MI: 0.47534391534391535 F1_MA: 0.528981194964971 ACC_MI: 0.47534391534391535 F1_MA: 0.5890786430719966
BEST_F1_MI: 0.6529100529100529 BEST_F1_MA: 0.6468663398291293 BEST_ACC_MI: 0.6529100529100529 BEST_F1_MA: 0.676327063944373
[[  95 1337  100   50]
 [   3  540  262  100]
 [   6  440  254  108]
 [   1   20   52 1357]]
Epoch: [23/200], cls_loss: 0.1418, transfer_loss: -2.7997,person_loss: 0.0000, total_Loss: -1.2581
trian begin
trian end
n_person 360
SAMPLE
F1_MI: 0.442962962962963 F1_MA: 0.48955395732236934 ACC_MI: 0.44296296296296295 F1_MA: 0.5476856938545245
BEST_F1_MI: 0.6529100529100529 BEST_F1_MA: 0.6468663398291293 BEST_ACC_MI: 0.6529100529100529 BEST_F1_MA: 0.676327063944373
[[  76 1172  284   50]
 [   4  328  476   97]
 [   4  367  332  105]
 [   2   16   55 1357]]
Epoch: [24/200], cls_loss: 0.1136, transfer_loss: -2.7925,person_loss: 0.0000, total_Loss: -1.2827
trian begin
trian end
n_person 360
SAMPLE
F1_MI: 0.4687830687830688 F1_MA: 0.5080280378177 ACC_MI: 0.4687830687830688 F1_MA: 0.5444458145030683
BEST_F1_MI: 0.6529100529100529 BEST_F1_MA: 0.6468663398291293 BEST_ACC_MI: 0.6529100529100529 BEST_F1_MA: 0.676327063944373
[[  26 1481   24   51]
 [   3  657  141  104]
 [   5  526  169  108]
 [   9   49    9 1363]]
Epoch: [25/200], cls_loss: 0.1254, transfer_loss: -2.8030,person_loss: 0.0000, total_Loss: -1.2761
trian begin
trian end
n_person 360
SAMPLE
F1_MI: 0.46730158730158733 F1_MA: 0.4656317664430814 ACC_MI: 0.46730158730158733 F1_MA: 0.4569705275320812
BEST_F1_MI: 0.6529100529100529 BEST_F1_MA: 0.6468663398291293 BEST_ACC_MI: 0.6529100529100529 BEST_F1_MA: 0.676327063944373
[[  59 1421   52   50]
 [   2  504  298  101]
 [ 104  312  286  106]
 [   7   20   44 1359]]
Epoch: [26/200], cls_loss: 0.1139, transfer_loss: -2.7907,person_loss: 0.0000, total_Loss: -1.2815
trian begin
trian end
n_person 360
SAMPLE
F1_MI: 0.5329100529100529 F1_MA: 0.600231024979164 ACC_MI: 0.5329100529100529 F1_MA: 0.6637208588983172
BEST_F1_MI: 0.6529100529100529 BEST_F1_MA: 0.6468663398291293 BEST_ACC_MI: 0.6529100529100529 BEST_F1_MA: 0.676327063944373
[[ 164 1360    7   51]
 [  12  661  128  104]
 [  10  370  322  106]
 [   0   28   31 1371]]
Epoch: [27/200], cls_loss: 0.1163, transfer_loss: -2.7833,person_loss: 0.0000, total_Loss: -1.2754
trian begin
trian end
n_person 360
SAMPLE
F1_MI: 0.5193650793650794 F1_MA: 0.585754526898898 ACC_MI: 0.5193650793650794 F1_MA: 0.640756931546776
BEST_F1_MI: 0.6529100529100529 BEST_F1_MA: 0.6468663398291293 BEST_ACC_MI: 0.6529100529100529 BEST_F1_MA: 0.676327063944373
[[ 125 1397   15   45]
 [  10  734   74   87]
 [  15  416  283   94]
 [   0   10  108 1312]]
Epoch: [28/200], cls_loss: 0.1058, transfer_loss: -2.8028,person_loss: 0.0000, total_Loss: -1.2955
trian begin
trian end
n_person 360
SAMPLE
F1_MI: 0.43576719576719575 F1_MA: 0.44241093693458483 ACC_MI: 0.43576719576719575 F1_MA: 0.44226012674671733
BEST_F1_MI: 0.6529100529100529 BEST_F1_MA: 0.6468663398291293 BEST_ACC_MI: 0.6529100529100529 BEST_F1_MA: 0.676327063944373
[[   2 1358  175   47]
 [   0  414  394   97]
 [   1  402  302  103]
 [   2   70   17 1341]]
Epoch: [29/200], cls_loss: 0.1226, transfer_loss: -2.7918,person_loss: 0.0000, total_Loss: -1.2734
trian begin
trian end
n_person 360
SAMPLE
F1_MI: 0.4569312169312169 F1_MA: 0.504062115168628 ACC_MI: 0.4569312169312169 F1_MA: 0.5530334251012071
BEST_F1_MI: 0.6529100529100529 BEST_F1_MA: 0.6468663398291293 BEST_ACC_MI: 0.6529100529100529 BEST_F1_MA: 0.676327063944373
[[  69 1169  293   51]
 [   8  346  451  100]
 [   4  314  384  106]
 [   0   53   17 1360]]
Epoch: [30/200], cls_loss: 0.1102, transfer_loss: -2.7943,person_loss: 0.0000, total_Loss: -1.2870
trian begin
trian end
n_person 360
SAMPLE
F1_MI: 0.45629629629629626 F1_MA: 0.4762554194040986 ACC_MI: 0.4562962962962963 F1_MA: 0.5049268094227218
BEST_F1_MI: 0.6529100529100529 BEST_F1_MA: 0.6468663398291293 BEST_ACC_MI: 0.6529100529100529 BEST_F1_MA: 0.676327063944373
[[ 167  928  440   47]
 [  43  358  410   94]
 [  15  391  299  103]
 [   8   39   51 1332]]
Epoch: [31/200], cls_loss: 0.0959, transfer_loss: -2.7629,person_loss: 0.0000, total_Loss: -1.2856
trian begin
trian end
n_person 360
SAMPLE
F1_MI: 0.42158730158730157 F1_MA: 0.42884089114226226 ACC_MI: 0.42158730158730157 F1_MA: 0.4468596930395463
BEST_F1_MI: 0.6529100529100529 BEST_F1_MA: 0.6468663398291293 BEST_ACC_MI: 0.6529100529100529 BEST_F1_MA: 0.676327063944373
[[  22 1361  148   51]
 [  12  503  285  105]
 [   1  599   99  109]
 [   4   58    0 1368]]
Epoch: [32/200], cls_loss: 0.1092, transfer_loss: -2.7774,person_loss: 0.0000, total_Loss: -1.2795
trian begin
trian end
n_person 360
SAMPLE
F1_MI: 0.42984126984126986 F1_MA: 0.4538985382363546 ACC_MI: 0.42984126984126986 F1_MA: 0.4871831704971431
BEST_F1_MI: 0.6529100529100529 BEST_F1_MA: 0.6468663398291293 BEST_ACC_MI: 0.6529100529100529 BEST_F1_MA: 0.676327063944373
[[  22 1062  447   51]
 [   4  461  335  105]
 [   1  522  174  111]
 [   4   51    1 1374]]
Epoch: [33/200], cls_loss: 0.0870, transfer_loss: -2.7729,person_loss: 0.0000, total_Loss: -1.2994
trian begin
trian end
n_person 360
SAMPLE
F1_MI: 0.42518518518518517 F1_MA: 0.3673489951813361 ACC_MI: 0.42518518518518517 F1_MA: 0.32299281393905066
BEST_F1_MI: 0.6529100529100529 BEST_F1_MA: 0.6468663398291293 BEST_ACC_MI: 0.6529100529100529 BEST_F1_MA: 0.676327063944373
[[   1 1044  486   51]
 [  13  339  448  105]
 [   8  392  299  109]
 [  17   37    6 1370]]
Epoch: [34/200], cls_loss: 0.1024, transfer_loss: -2.7824,person_loss: 0.0000, total_Loss: -1.2888
trian begin
trian end
n_person 360
SAMPLE
F1_MI: 0.40994708994708995 F1_MA: 0.46068262913002456 ACC_MI: 0.40994708994708995 F1_MA: 0.53611629625793
BEST_F1_MI: 0.6529100529100529 BEST_F1_MA: 0.6468663398291293 BEST_ACC_MI: 0.6529100529100529 BEST_F1_MA: 0.676327063944373
[[  49 1020  465   48]
 [   2  208  598   97]
 [   1  369  334  104]
 [   0   33   51 1346]]
Epoch: [35/200], cls_loss: 0.1122, transfer_loss: -2.7942,person_loss: 0.0000, total_Loss: -1.2849
trian begin
trian end
n_person 360
SAMPLE
F1_MI: 0.42624338624338626 F1_MA: 0.43776431397564575 ACC_MI: 0.42624338624338626 F1_MA: 0.499594815998903
BEST_F1_MI: 0.6529100529100529 BEST_F1_MA: 0.6468663398291293 BEST_ACC_MI: 0.6529100529100529 BEST_F1_MA: 0.676327063944373
[[ 291  776  466   49]
 [  18  245  546   96]
 [  13  562  130  103]
 [   4   45   33 1348]]
Epoch: [36/200], cls_loss: 0.1037, transfer_loss: -2.7931,person_loss: 0.0000, total_Loss: -1.2929
trian begin
trian end
n_person 360
SAMPLE
F1_MI: 0.49164021164021166 F1_MA: 0.519464620497334 ACC_MI: 0.49164021164021166 F1_MA: 0.5549209487630997
BEST_F1_MI: 0.6529100529100529 BEST_F1_MA: 0.6468663398291293 BEST_ACC_MI: 0.6529100529100529 BEST_F1_MA: 0.676327063944373
[[ 160 1346   22   54]
 [  59  522  214  110]
 [  15  434  237  122]
 [   0    4   22 1404]]
Epoch: [37/200], cls_loss: 0.0880, transfer_loss: -2.7941,person_loss: 0.0000, total_Loss: -1.3091
trian begin
trian end
n_person 360
SAMPLE
F1_MI: 0.4738624338624339 F1_MA: 0.5227452431629865 ACC_MI: 0.4738624338624339 F1_MA: 0.5800481550719638
BEST_F1_MI: 0.6529100529100529 BEST_F1_MA: 0.6468663398291293 BEST_ACC_MI: 0.6529100529100529 BEST_F1_MA: 0.676327063944373
[[ 115 1225  190   52]
 [   4  443  355  103]
 [   5  387  307  109]
 [   0    1   55 1374]]
Epoch: [38/200], cls_loss: 0.0899, transfer_loss: -2.7950,person_loss: 0.0000, total_Loss: -1.3077
trian begin
trian end
n_person 360
SAMPLE
F1_MI: 0.5028571428571429 F1_MA: 0.5301089719936989 ACC_MI: 0.5028571428571429 F1_MA: 0.5456986116524087
BEST_F1_MI: 0.6529100529100529 BEST_F1_MA: 0.6468663398291293 BEST_ACC_MI: 0.6529100529100529 BEST_F1_MA: 0.676327063944373
[[ 114 1043  375   50]
 [   6  567  224  108]
 [   9  364  330  105]
 [  31    9   25 1365]]
Epoch: [39/200], cls_loss: 0.0782, transfer_loss: -2.7887,person_loss: 0.0000, total_Loss: -1.3161
trian begin
trian end
n_person 360
SAMPLE
F1_MI: 0.49396825396825395 F1_MA: 0.4930506440040988 ACC_MI: 0.49396825396825395 F1_MA: 0.4968824835184096
BEST_F1_MI: 0.6529100529100529 BEST_F1_MA: 0.6468663398291293 BEST_ACC_MI: 0.6529100529100529 BEST_F1_MA: 0.676327063944373
[[ 183  929  415   55]
 [  69  477  246  113]
 [  49  368  267  124]
 [   0   12   11 1407]]
Epoch: [40/200], cls_loss: 0.1068, transfer_loss: -2.7777,person_loss: 0.0000, total_Loss: -1.2820
trian begin
trian end
n_person 360
SAMPLE
F1_MI: 0.511957671957672 F1_MA: 0.5312947914112862 ACC_MI: 0.511957671957672 F1_MA: 0.5436536834052585
BEST_F1_MI: 0.6529100529100529 BEST_F1_MA: 0.6468663398291293 BEST_ACC_MI: 0.6529100529100529 BEST_F1_MA: 0.676327063944373
[[ 170 1179  181   52]
 [  48  524  226  107]
 [  44  309  344  111]
 [   8   31   10 1381]]
Epoch: [41/200], cls_loss: 0.0719, transfer_loss: -2.7858,person_loss: 0.0000, total_Loss: -1.3210
trian begin
trian end
n_person 360
SAMPLE
F1_MI: 0.4408465608465608 F1_MA: 0.45170984575861983 ACC_MI: 0.4408465608465608 F1_MA: 0.4585836354445871
BEST_F1_MI: 0.6529100529100529 BEST_F1_MA: 0.6468663398291293 BEST_ACC_MI: 0.6529100529100529 BEST_F1_MA: 0.676327063944373
[[  37  923  572   50]
 [   8  302  491  104]
 [  12  312  378  106]
 [  11   14   39 1366]]
Epoch: [42/200], cls_loss: 0.0841, transfer_loss: -2.8021,person_loss: 0.0000, total_Loss: -1.3169
trian begin
trian end
n_person 360
SAMPLE
F1_MI: 0.45714285714285713 F1_MA: 0.4877743057674132 ACC_MI: 0.45714285714285713 F1_MA: 0.5357713606213296
BEST_F1_MI: 0.6529100529100529 BEST_F1_MA: 0.6468663398291293 BEST_ACC_MI: 0.6529100529100529 BEST_F1_MA: 0.676327063944373
[[ 121 1150  260   51]
 [  12  513  274  106]
 [   5  541  149  113]
 [   1    6   46 1377]]
Epoch: [43/200], cls_loss: 0.1007, transfer_loss: -2.7466,person_loss: 0.0000, total_Loss: -1.2725
trian begin
trian end
n_person 360
SAMPLE
F1_MI: 0.4990476190476191 F1_MA: 0.5336419032524694 ACC_MI: 0.4990476190476191 F1_MA: 0.5677877605502971
BEST_F1_MI: 0.6529100529100529 BEST_F1_MA: 0.6468663398291293 BEST_ACC_MI: 0.6529100529100529 BEST_F1_MA: 0.676327063944373
[[ 148 1158  228   48]
 [  22  594  186  103]
 [  10  440  248  110]
 [   5   40   17 1368]]
Epoch: [44/200], cls_loss: 0.0691, transfer_loss: -2.7874,person_loss: 0.0000, total_Loss: -1.3246
trian begin
trian end
n_person 360
SAMPLE
F1_MI: 0.4622222222222222 F1_MA: 0.47195002467035374 ACC_MI: 0.4622222222222222 F1_MA: 0.49436350936310897
BEST_F1_MI: 0.6529100529100529 BEST_F1_MA: 0.6468663398291293 BEST_ACC_MI: 0.6529100529100529 BEST_F1_MA: 0.676327063944373
[[ 305  869  366   42]
 [  50  403  380   72]
 [  47  430  252   79]
 [  72  120   14 1224]]
Epoch: [45/200], cls_loss: 0.0746, transfer_loss: -2.7757,person_loss: 0.0000, total_Loss: -1.3132
trian begin
trian end
n_person 360
SAMPLE
F1_MI: 0.4685714285714286 F1_MA: 0.4688872536487441 ACC_MI: 0.4685714285714286 F1_MA: 0.4699424056083321
BEST_F1_MI: 0.6529100529100529 BEST_F1_MA: 0.6468663398291293 BEST_ACC_MI: 0.6529100529100529 BEST_F1_MA: 0.676327063944373
[[ 110  921  503   48]
 [  16  605  189   95]
 [  25  525  158  100]
 [  46   43    0 1341]]
Epoch: [46/200], cls_loss: 0.0870, transfer_loss: -2.7907,person_loss: 0.0000, total_Loss: -1.3084
trian begin
trian end
n_person 360
SAMPLE
F1_MI: 0.427089947089947 F1_MA: 0.44447162361717296 ACC_MI: 0.4270899470899471 F1_MA: 0.48262384430999317
BEST_F1_MI: 0.6529100529100529 BEST_F1_MA: 0.6468663398291293 BEST_ACC_MI: 0.6529100529100529 BEST_F1_MA: 0.676327063944373
[[  45  913  569   55]
 [   5  516  274  110]
 [   4  628   56  120]
 [   3   25    1 1401]]
Epoch: [47/200], cls_loss: 0.0797, transfer_loss: -2.7958,person_loss: 0.0000, total_Loss: -1.3182
trian begin
trian end
n_person 360
SAMPLE
F1_MI: 0.40888888888888886 F1_MA: 0.3632875291561989 ACC_MI: 0.4088888888888889 F1_MA: 0.33584674513268087
BEST_F1_MI: 0.6529100529100529 BEST_F1_MA: 0.6468663398291293 BEST_ACC_MI: 0.6529100529100529 BEST_F1_MA: 0.676327063944373
[[  10 1170  353   49]
 [   8  515  282  100]
 [   9  648   43  108]
 [  18   37   11 1364]]
Epoch: [48/200], cls_loss: 0.0749, transfer_loss: -2.8015,person_loss: 0.0000, total_Loss: -1.3259
trian begin
trian end
n_person 360
SAMPLE
F1_MI: 0.45291005291005293 F1_MA: 0.39231688030813944 ACC_MI: 0.45291005291005293 F1_MA: 0.3441981231587067
BEST_F1_MI: 0.6529100529100529 BEST_F1_MA: 0.6468663398291293 BEST_ACC_MI: 0.6529100529100529 BEST_F1_MA: 0.676327063944373
[[   0 1464   68   50]
 [   1  678  124  102]
 [   2  599   98  109]
 [   2   18   46 1364]]
Epoch: [49/200], cls_loss: 0.0636, transfer_loss: -2.7969,person_loss: 0.0000, total_Loss: -1.3348
trian begin
trian end
n_person 360
SAMPLE
F1_MI: 0.4414814814814815 F1_MA: 0.47168211309144586 ACC_MI: 0.4414814814814815 F1_MA: 0.5114249734104644
BEST_F1_MI: 0.6529100529100529 BEST_F1_MA: 0.6468663398291293 BEST_ACC_MI: 0.6529100529100529 BEST_F1_MA: 0.676327063944373
[[  50 1423   61   48]
 [   7  574  227   97]
 [   6  582  116  104]
 [   5    9   70 1346]]
Epoch: [50/200], cls_loss: 0.0709, transfer_loss: -2.7686,person_loss: 0.0000, total_Loss: -1.3134
trian begin
trian end
n_person 360
SAMPLE
F1_MI: 0.47513227513227513 F1_MA: 0.5259942123287654 ACC_MI: 0.47513227513227513 F1_MA: 0.5965345842341091
BEST_F1_MI: 0.6529100529100529 BEST_F1_MA: 0.6468663398291293 BEST_ACC_MI: 0.6529100529100529 BEST_F1_MA: 0.676327063944373
[[ 111 1397   20   54]
 [   2  590  199  114]
 [   5  534  148  121]
 [   0   16   18 1396]]
Epoch: [51/200], cls_loss: 0.0556, transfer_loss: -2.7888,person_loss: 0.0000, total_Loss: -1.3387
trian begin
trian end
n_person 360
SAMPLE
F1_MI: 0.4687830687830688 F1_MA: 0.46487154776841094 ACC_MI: 0.4687830687830688 F1_MA: 0.45687182709989205
BEST_F1_MI: 0.6529100529100529 BEST_F1_MA: 0.6468663398291293 BEST_ACC_MI: 0.6529100529100529 BEST_F1_MA: 0.676327063944373
[[  50 1420   61   51]
 [   2  602  196  105]
 [  85  420  191  112]
 [   0    3   55 1372]]
Epoch: [52/200], cls_loss: 0.0528, transfer_loss: -2.7872,person_loss: 0.0000, total_Loss: -1.3408
trian begin
trian end
n_person 360
SAMPLE
F1_MI: 0.4546031746031746 F1_MA: 0.4062510198047134 ACC_MI: 0.4546031746031746 F1_MA: 0.3645335796940954
BEST_F1_MI: 0.6529100529100529 BEST_F1_MA: 0.6468663398291293 BEST_ACC_MI: 0.6529100529100529 BEST_F1_MA: 0.676327063944373
[[   0 1506   23   53]
 [   0  603  195  107]
 [  69  460  164  115]
 [   0   11   38 1381]]
Epoch: [53/200], cls_loss: 0.0553, transfer_loss: -2.7878,person_loss: 0.0000, total_Loss: -1.3386
trian begin
trian end
n_person 360
SAMPLE
F1_MI: 0.42984126984126986 F1_MA: 0.37380651584793734 ACC_MI: 0.42984126984126986 F1_MA: 0.33093453594427086
BEST_F1_MI: 0.6529100529100529 BEST_F1_MA: 0.6468663398291293 BEST_ACC_MI: 0.6529100529100529 BEST_F1_MA: 0.676327063944373
[[   0 1447   87   48]
 [   0  517  290   98]
 [  75  466  163  104]
 [   0   11   68 1351]]
Epoch: [54/200], cls_loss: 0.0625, transfer_loss: -2.7634,person_loss: 0.0000, total_Loss: -1.3192
trian begin
trian end
n_person 360
SAMPLE
F1_MI: 0.4213756613756614 F1_MA: 0.36492721786522087 ACC_MI: 0.4213756613756614 F1_MA: 0.32227018084469095
BEST_F1_MI: 0.6529100529100529 BEST_F1_MA: 0.6468663398291293 BEST_ACC_MI: 0.6529100529100529 BEST_F1_MA: 0.676327063944373
[[   0 1453   81   48]
 [   0  524  288   93]
 [   0  565  144   99]
 [   0   14   93 1323]]
Epoch: [55/200], cls_loss: 0.0679, transfer_loss: -2.7724,person_loss: 0.0000, total_Loss: -1.3183
[[ 857  657   20   48]
 [  68  652   87   98]
 [  66  425  214  103]
 [   0   49   19 1362]]
[[ 857  657   20   48]
 [  68  652   87   98]
 [  66  425  214  103]
 [   0   49   19 1362]]
WHAT: False
{'best_f1': 0.6468663398291293, 'best_matrix': [[857, 657, 20, 48], [68, 652, 87, 98], [66, 425, 214, 103], [0, 49, 19, 1362]], 'args': 0.1}
{"best_f1": 0.6468663398291293, "best_matrix": [[857, 657, 20, 48], [68, 652, 87, 98], [66, 425, 214, 103], [0, 49, 19, 1362]], "args": 0.1}
ARG: Namespace(backbone='resnet50', batch_size=32, config='BNM/BNM.yaml', data_dir='data', device=device(type='cuda'), early_stop=50, epoch_based_training=False, lr=0.003, lr_decay=0.75, lr_gamma=0.0003, lr_scheduler=True, max_iter=29400, method='False', momentum=0.9, myweight=0.1, n_class=4, n_epoch=200, n_iter_per_epoch=147, num_workers=3, seed=2, src_domain='WISDM', tgt_domain='PAMAP2', tname='transfer', transfer_loss='bnm', transfer_loss_weight=0.5, use_bottleneck=True, weight_decay=0.0005)
