bnm 2 WISDM UCI BNM/BNM.yaml True
Namespace(backbone='resnet50', batch_size=32, config='BNM/BNM.yaml', data_dir='data', device=device(type='cuda'), early_stop=50, epoch_based_training=False, lr=0.003, lr_decay=0.75, lr_gamma=0.0003, lr_scheduler=True, method='True', momentum=0.9, myweight=0.1, n_epoch=200, n_iter_per_epoch=100, num_workers=3, seed=2, src_domain='WISDM', tgt_domain='UCI', tname='transfer', transfer_loss='bnm', transfer_loss_weight=0.5, use_bottleneck=True, weight_decay=0.0005)
JUST DO IT
run my Parkinson code
transfer
TRAIN Length: 13609 322 TEST Length: 3369 615
YYY: 0 3
DATA_PROFILE   train: 13609 train2: 3369 test: 3369
DATASET.SHAPE: <data_loader.GetTrainLoader object at 0x7f25b7a2ae10> True
DATASET.SHAPE: <data_loader.GetTrainLoader object at 0x7f25bf9cce80> True
DATASET.SHAPE: <data_loader.GetTestLoader object at 0x7f267558e048> False
CLASS: 4 615
LLL: {}
BOTTLENECK_LIST: [Linear(in_features=512, out_features=256, bias=True), ReLU()]
TYPE: {'loss_type': 'bnm', 'max_iter': 21000, 'num_class': 4, 'my_person_item': <my_person_item.PersonItem object at 0x7f267552f1d0>}
initial_lr 1.0
transfer_world
method True <class 'str'>
1.10.1+cu102
True
LEN: 0 0
LOADER: <data_loader.InfiniteDataLoader object at 0x7f25bf9ccf28> <data_loader.InfiniteDataLoader object at 0x7f25b7ae7f28>
N_batch: 105
trian begin
trian end
n_person 615
SAMPLE
F1_MI: 0.5464529533986346 F1_MA: 0.5286019585871445 ACC_MI: 0.5464529533986346 F1_MA: 0.5306079299469649
BEST_F1_MI: 0.5464529533986346 BEST_F1_MA: 0.5286019585871445 BEST_ACC_MI: 0.5464529533986346 BEST_F1_MA: 0.5306079299469649
[[553   0 340   0]
 [186   7 611   0]
 [378   3 365   0]
 [  0  10   0 916]]
Epoch: [ 1/200], cls_loss: 0.7978, transfer_loss: -3.0317,person_loss: -1.7693, total_Loss: -0.8950
trian begin
trian end
n_person 615
SAMPLE
F1_MI: 0.7379044226773523 F1_MA: 0.7282068151324068 ACC_MI: 0.7379044226773523 F1_MA: 0.7293231563812675
BEST_F1_MI: 0.7379044226773523 BEST_F1_MA: 0.7282068151324068 BEST_ACC_MI: 0.7379044226773523 BEST_F1_MA: 0.7293231563812675
[[678  74 138   3]
 [353 343  99   9]
 [ 71 136 539   0]
 [  0   0   0 926]]
Epoch: [ 2/200], cls_loss: 0.4746, transfer_loss: -3.7349,person_loss: -1.6467, total_Loss: -1.5575
trian begin
trian end
n_person 615
SAMPLE
F1_MI: 0.6447016918967052 F1_MA: 0.6345442798240631 ACC_MI: 0.6447016918967052 F1_MA: 0.6262298418421162
BEST_F1_MI: 0.7379044226773523 BEST_F1_MA: 0.7282068151324068 BEST_ACC_MI: 0.7379044226773523 BEST_F1_MA: 0.7293231563812675
[[233 246 414   0]
 [234 497  73   0]
 [183  41 522   0]
 [  0   6   0 920]]
Epoch: [ 3/200], cls_loss: 0.3197, transfer_loss: -3.9161,person_loss: -1.6359, total_Loss: -1.8020
trian begin
trian end
n_person 615
SAMPLE
F1_MI: 0.5574354407836153 F1_MA: 0.5071039567545669 ACC_MI: 0.5574354407836153 F1_MA: 0.4680753695803823
BEST_F1_MI: 0.7379044226773523 BEST_F1_MA: 0.7282068151324068 BEST_ACC_MI: 0.7379044226773523 BEST_F1_MA: 0.7293231563812675
[[  5 380 508   0]
 [  0 653 151   0]
 [ 41 407 298   0]
 [  0   4   0 922]]
Epoch: [ 4/200], cls_loss: 0.3270, transfer_loss: -3.9296,person_loss: -1.6290, total_Loss: -1.8008
trian begin
trian end
n_person 615
SAMPLE
F1_MI: 0.5087563075096467 F1_MA: 0.4777225200039826 ACC_MI: 0.5087563075096467 F1_MA: 0.4575433880186208
BEST_F1_MI: 0.7379044226773523 BEST_F1_MA: 0.7282068151324068 BEST_ACC_MI: 0.7379044226773523 BEST_F1_MA: 0.7293231563812675
[[ 50 515 328   0]
 [ 26 521 257   0]
 [337 176 233   0]
 [  0  16   0 910]]
Epoch: [ 5/200], cls_loss: 0.2794, transfer_loss: -3.9445,person_loss: -1.6582, total_Loss: -1.8586
trian begin
trian end
n_person 615
SAMPLE
F1_MI: 0.48411991688928463 F1_MA: 0.45850280416153344 ACC_MI: 0.48411991688928463 F1_MA: 0.4469767093208128
BEST_F1_MI: 0.7379044226773523 BEST_F1_MA: 0.7282068151324068 BEST_ACC_MI: 0.7379044226773523 BEST_F1_MA: 0.7293231563812675
[[ 85 340 468   0]
 [ 50 498 256   0]
 [393 214 139   0]
 [  0  17   0 909]]
Epoch: [ 6/200], cls_loss: 0.2744, transfer_loss: -3.9311,person_loss: -1.6607, total_Loss: -1.8572
trian begin
trian end
n_person 615
SAMPLE
F1_MI: 0.5096467794597803 F1_MA: 0.513073567176837 ACC_MI: 0.5096467794597803 F1_MA: 0.5317521107430341
BEST_F1_MI: 0.7379044226773523 BEST_F1_MA: 0.7282068151324068 BEST_ACC_MI: 0.7379044226773523 BEST_F1_MA: 0.7293231563812675
[[117 259 517   0]
 [ 21 547 236   0]
 [ 65 550 131   0]
 [  0   2   2 922]]
Epoch: [ 7/200], cls_loss: 0.2566, transfer_loss: -3.9437,person_loss: -1.6074, total_Loss: -1.8761
trian begin
trian end
n_person 615
SAMPLE
F1_MI: 0.5886019590382903 F1_MA: 0.5822304477589968 ACC_MI: 0.5886019590382903 F1_MA: 0.594751902678732
BEST_F1_MI: 0.7379044226773523 BEST_F1_MA: 0.7282068151324068 BEST_ACC_MI: 0.7379044226773523 BEST_F1_MA: 0.7293231563812675
[[567  12 314   0]
 [372 134 298   0]
 [282 100 364   0]
 [  0   0   8 918]]
Epoch: [ 8/200], cls_loss: 0.2106, transfer_loss: -3.9516,person_loss: -1.6596, total_Loss: -1.9312
trian begin
trian end
n_person 615
SAMPLE
F1_MI: 0.4698723656871475 F1_MA: 0.481159771806758 ACC_MI: 0.4698723656871475 F1_MA: 0.5130055764085577
BEST_F1_MI: 0.7379044226773523 BEST_F1_MA: 0.7282068151324068 BEST_ACC_MI: 0.7379044226773523 BEST_F1_MA: 0.7293231563812675
[[135 255 503   0]
 [  0 417 387   0]
 [ 90 545 111   0]
 [  0   5   1 920]]
Epoch: [ 9/200], cls_loss: 0.2279, transfer_loss: -3.9513,person_loss: -1.6323, total_Loss: -1.9110
trian begin
trian end
n_person 615
SAMPLE
F1_MI: 0.48501038883941816 F1_MA: 0.5025484034082535 ACC_MI: 0.4850103888394182 F1_MA: 0.540030120417037
BEST_F1_MI: 0.7379044226773523 BEST_F1_MA: 0.7282068151324068 BEST_ACC_MI: 0.7379044226773523 BEST_F1_MA: 0.7293231563812675
[[119 169 605   0]
 [  9 467 328   0]
 [ 55 561 130   0]
 [  0   8   0 918]]
Epoch: [10/200], cls_loss: 0.2050, transfer_loss: -3.9418,person_loss: -1.6438, total_Loss: -1.9302
trian begin
trian end
n_person 615
SAMPLE
F1_MI: 0.593351142772336 F1_MA: 0.6073942644380171 ACC_MI: 0.593351142772336 F1_MA: 0.6218214282149666
BEST_F1_MI: 0.7379044226773523 BEST_F1_MA: 0.7282068151324068 BEST_ACC_MI: 0.7379044226773523 BEST_F1_MA: 0.7293231563812675
[[ 47 246 600   0]
 [  6 580 218   0]
 [ 25 265 456   0]
 [  0  10   0 916]]
Epoch: [11/200], cls_loss: 0.2484, transfer_loss: -3.8915,person_loss: -1.6614, total_Loss: -1.8635
trian begin
trian end
n_person 615
SAMPLE
F1_MI: 0.4369249035322054 F1_MA: 0.42463207174329226 ACC_MI: 0.4369249035322054 F1_MA: 0.42838820801143335
BEST_F1_MI: 0.7379044226773523 BEST_F1_MA: 0.7282068151324068 BEST_ACC_MI: 0.7379044226773523 BEST_F1_MA: 0.7293231563812675
[[ 34  80 779   0]
 [ 31 431 342   0]
 [ 69 592  85   0]
 [  0   4   0 922]]
Epoch: [12/200], cls_loss: 0.2082, transfer_loss: -3.9514,person_loss: -1.7222, total_Loss: -1.9397
trian begin
trian end
n_person 615
SAMPLE
F1_MI: 0.5167705550608489 F1_MA: 0.47623672222475194 ACC_MI: 0.5167705550608489 F1_MA: 0.44795738592788875
BEST_F1_MI: 0.7379044226773523 BEST_F1_MA: 0.7282068151324068 BEST_ACC_MI: 0.7379044226773523 BEST_F1_MA: 0.7293231563812675
[[ 22 361 510   0]
 [  7 578 219   0]
 [292 233 221   0]
 [  0   6   0 920]]
Epoch: [13/200], cls_loss: 0.1690, transfer_loss: -3.9280,person_loss: -1.7785, total_Loss: -1.9728
trian begin
trian end
n_person 615
SAMPLE
F1_MI: 0.551795785099436 F1_MA: 0.49241561686173874 ACC_MI: 0.551795785099436 F1_MA: 0.4463612045848888
BEST_F1_MI: 0.7379044226773523 BEST_F1_MA: 0.7282068151324068 BEST_ACC_MI: 0.7379044226773523 BEST_F1_MA: 0.7293231563812675
[[  0 436 457   0]
 [  2 603 199   0]
 [ 87 314 345   0]
 [  0  15   0 911]]
Epoch: [14/200], cls_loss: 0.1527, transfer_loss: -3.9553,person_loss: -1.7659, total_Loss: -2.0015
trian begin
trian end
n_person 615
SAMPLE
F1_MI: 0.6601365390323538 F1_MA: 0.6564467717167994 ACC_MI: 0.6601365390323538 F1_MA: 0.6647855594624833
BEST_F1_MI: 0.7379044226773523 BEST_F1_MA: 0.7282068151324068 BEST_ACC_MI: 0.7379044226773523 BEST_F1_MA: 0.7293231563812675
[[453 281 159   0]
 [204 494 106   0]
 [ 40 351 355   0]
 [  0   3   1 922]]
Epoch: [15/200], cls_loss: 0.1783, transfer_loss: -3.9445,person_loss: -1.7313, total_Loss: -1.9670
trian begin
trian end
n_person 615
SAMPLE
F1_MI: 0.6025526862570496 F1_MA: 0.6319689861749955 ACC_MI: 0.6025526862570496 F1_MA: 0.6642575422242857
BEST_F1_MI: 0.7379044226773523 BEST_F1_MA: 0.7282068151324068 BEST_ACC_MI: 0.7379044226773523 BEST_F1_MA: 0.7293231563812675
[[ 25 635 233   0]
 [  4 672 128   0]
 [  6 328 412   0]
 [  0   5   0 921]]
Epoch: [16/200], cls_loss: 0.1602, transfer_loss: -3.9597,person_loss: -1.7531, total_Loss: -1.9950
trian begin
trian end
n_person 615
SAMPLE
F1_MI: 0.5185514989611161 F1_MA: 0.4561321538700856 ACC_MI: 0.5185514989611161 F1_MA: 0.4148519651867313
BEST_F1_MI: 0.7379044226773523 BEST_F1_MA: 0.7282068151324068 BEST_ACC_MI: 0.7379044226773523 BEST_F1_MA: 0.7293231563812675
[[ 25 570 298   0]
 [  8 750  46   0]
 [285 401  60   0]
 [  0  14   0 912]]
Epoch: [17/200], cls_loss: 0.1569, transfer_loss: -3.9434,person_loss: -1.7507, total_Loss: -1.9898
trian begin
trian end
n_person 615
SAMPLE
F1_MI: 0.6221430691599882 F1_MA: 0.6128469117799663 ACC_MI: 0.6221430691599882 F1_MA: 0.6117456174436411
BEST_F1_MI: 0.7379044226773523 BEST_F1_MA: 0.7282068151324068 BEST_ACC_MI: 0.7379044226773523 BEST_F1_MA: 0.7293231563812675
[[239 282 372   0]
 [ 42 659 103   0]
 [156 303 287   0]
 [  0  15   0 911]]
Epoch: [18/200], cls_loss: 0.1451, transfer_loss: -3.9604,person_loss: -1.7106, total_Loss: -2.0062
trian begin
trian end
n_person 615
SAMPLE
F1_MI: 0.5031166518254675 F1_MA: 0.4514895682302948 ACC_MI: 0.5031166518254675 F1_MA: 0.4196614028525214
BEST_F1_MI: 0.7379044226773523 BEST_F1_MA: 0.7282068151324068 BEST_ACC_MI: 0.7379044226773523 BEST_F1_MA: 0.7293231563812675
[[ 64 389 440   0]
 [ 94 671  39   0]
 [326 377  43   0]
 [  0   9   0 917]]
Epoch: [19/200], cls_loss: 0.1552, transfer_loss: -3.9650,person_loss: -1.7668, total_Loss: -2.0040
trian begin
trian end
n_person 615
SAMPLE
F1_MI: 0.4615612941525676 F1_MA: 0.405426696997581 ACC_MI: 0.4615612941525675 F1_MA: 0.3726994452302853
BEST_F1_MI: 0.7379044226773523 BEST_F1_MA: 0.7282068151324068 BEST_ACC_MI: 0.7379044226773523 BEST_F1_MA: 0.7293231563812675
[[ 49 572 272   0]
 [218 572  13   1]
 [366 369  11   0]
 [  0   3   0 923]]
Epoch: [20/200], cls_loss: 0.2074, transfer_loss: -3.9385,person_loss: -1.7627, total_Loss: -1.9382
trian begin
trian end
n_person 615
SAMPLE
F1_MI: 0.5179578509943603 F1_MA: 0.49936844632344224 ACC_MI: 0.5179578509943603 F1_MA: 0.4963818088477115
BEST_F1_MI: 0.7379044226773523 BEST_F1_MA: 0.7282068151324068 BEST_ACC_MI: 0.7379044226773523 BEST_F1_MA: 0.7293231563812675
[[174 113 606   0]
 [152 551 101   0]
 [114 525 107   0]
 [  0  12   1 913]]
Epoch: [21/200], cls_loss: 0.1296, transfer_loss: -3.9672,person_loss: -1.7507, total_Loss: -2.0291
trian begin
trian end
n_person 615
SAMPLE
F1_MI: 0.5755417037696646 F1_MA: 0.5791199566339135 ACC_MI: 0.5755417037696646 F1_MA: 0.5957019147189873
BEST_F1_MI: 0.7379044226773523 BEST_F1_MA: 0.7282068151324068 BEST_ACC_MI: 0.7379044226773523 BEST_F1_MA: 0.7293231563812675
[[279  38 576   0]
 [140 454 210   0]
 [ 24 437 285   0]
 [  0   2   3 921]]
Epoch: [22/200], cls_loss: 0.1336, transfer_loss: -3.9366,person_loss: -1.7496, total_Loss: -2.0097
trian begin
trian end
n_person 615
SAMPLE
F1_MI: 0.5170673790442267 F1_MA: 0.5037822266104596 ACC_MI: 0.5170673790442267 F1_MA: 0.5037249312141461
BEST_F1_MI: 0.7379044226773523 BEST_F1_MA: 0.7282068151324068 BEST_ACC_MI: 0.7379044226773523 BEST_F1_MA: 0.7293231563812675
[[ 74 219 600   0]
 [ 64 675  65   0]
 [ 18 649  79   0]
 [  0  10   2 914]]
Epoch: [23/200], cls_loss: 0.1424, transfer_loss: -3.9453,person_loss: -1.7626, total_Loss: -2.0065
trian begin
trian end
n_person 615
SAMPLE
F1_MI: 0.553873552983081 F1_MA: 0.5457106061838674 ACC_MI: 0.553873552983081 F1_MA: 0.5514227642055307
BEST_F1_MI: 0.7379044226773523 BEST_F1_MA: 0.7282068151324068 BEST_ACC_MI: 0.7379044226773523 BEST_F1_MA: 0.7293231563812675
[[168 241 484   0]
 [114 660  30   0]
 [  3 626 117   0]
 [  0   4   1 921]]
Epoch: [24/200], cls_loss: 0.1264, transfer_loss: -3.9109,person_loss: -1.7633, total_Loss: -2.0054
trian begin
trian end
n_person 615
SAMPLE
F1_MI: 0.5550608489165925 F1_MA: 0.5291007595362298 ACC_MI: 0.5550608489165925 F1_MA: 0.5098331937110304
BEST_F1_MI: 0.7379044226773523 BEST_F1_MA: 0.7282068151324068 BEST_ACC_MI: 0.7379044226773523 BEST_F1_MA: 0.7293231563812675
[[ 60 465 368   0]
 [212 566  26   0]
 [ 54 366 326   0]
 [  0   7   1 918]]
Epoch: [25/200], cls_loss: 0.1356, transfer_loss: -3.9585,person_loss: -1.7165, total_Loss: -2.0152
trian begin
trian end
n_person 615
SAMPLE
F1_MI: 0.45710893440189965 F1_MA: 0.42093710195894335 ACC_MI: 0.45710893440189965 F1_MA: 0.40266025825745055
BEST_F1_MI: 0.7379044226773523 BEST_F1_MA: 0.7282068151324068 BEST_ACC_MI: 0.7379044226773523 BEST_F1_MA: 0.7293231563812675
[[ 47 339 507   0]
 [152 527 125   0]
 [ 41 657  48   0]
 [  0   8   0 918]]
Epoch: [26/200], cls_loss: 0.1204, transfer_loss: -3.9146,person_loss: -1.7740, total_Loss: -2.0143
trian begin
trian end
n_person 615
SAMPLE
F1_MI: 0.5069753636093797 F1_MA: 0.44536497595927116 ACC_MI: 0.5069753636093797 F1_MA: 0.40519302949049807
BEST_F1_MI: 0.7379044226773523 BEST_F1_MA: 0.7282068151324068 BEST_ACC_MI: 0.7379044226773523 BEST_F1_MA: 0.7293231563812675
[[ 17 605 271   0]
 [ 38 717  49   0]
 [136 553  57   0]
 [  0   9   0 917]]
Epoch: [27/200], cls_loss: 0.1019, transfer_loss: -3.9444,person_loss: -1.7628, total_Loss: -2.0466
trian begin
trian end
n_person 615
SAMPLE
F1_MI: 0.5046007717423567 F1_MA: 0.46859941466365984 ACC_MI: 0.5046007717423567 F1_MA: 0.44625375751767965
BEST_F1_MI: 0.7379044226773523 BEST_F1_MA: 0.7282068151324068 BEST_ACC_MI: 0.7379044226773523 BEST_F1_MA: 0.7293231563812675
[[ 32 537 324   0]
 [141 603  60   0]
 [ 22 581 143   0]
 [  0   4   0 922]]
Epoch: [28/200], cls_loss: 0.1092, transfer_loss: -3.9641,person_loss: -1.7679, total_Loss: -2.0496
trian begin
trian end
n_person 615
SAMPLE
F1_MI: 0.5918670228554467 F1_MA: 0.5674867307587811 ACC_MI: 0.5918670228554467 F1_MA: 0.5445871415138803
BEST_F1_MI: 0.7379044226773523 BEST_F1_MA: 0.7282068151324068 BEST_ACC_MI: 0.7379044226773523 BEST_F1_MA: 0.7293231563812675
[[ 37 130 726   0]
 [ 75 568 161   0]
 [ 58 221 467   0]
 [  0   3   1 922]]
Epoch: [29/200], cls_loss: 0.1127, transfer_loss: -3.9681,person_loss: -1.7785, total_Loss: -2.0493
trian begin
trian end
n_person 615
SAMPLE
F1_MI: 0.4876818046898189 F1_MA: 0.4393393144510543 ACC_MI: 0.4876818046898189 F1_MA: 0.41006482459230215
BEST_F1_MI: 0.7379044226773523 BEST_F1_MA: 0.7282068151324068 BEST_ACC_MI: 0.7379044226773523 BEST_F1_MA: 0.7293231563812675
[[ 41 308 544   0]
 [ 71 630 103   0]
 [235 460  51   0]
 [  0   5   0 921]]
Epoch: [30/200], cls_loss: 0.0929, transfer_loss: -3.9758,person_loss: -1.7652, total_Loss: -2.0716
trian begin
trian end
n_person 615
SAMPLE
F1_MI: 0.6447016918967052 F1_MA: 0.6360277450478155 ACC_MI: 0.6447016918967052 F1_MA: 0.627067778432721
BEST_F1_MI: 0.7379044226773523 BEST_F1_MA: 0.7282068151324068 BEST_ACC_MI: 0.7379044226773523 BEST_F1_MA: 0.7293231563812675
[[132 436 325   0]
 [ 91 646  67   0]
 [ 63 206 477   0]
 [  0   8   1 917]]
Epoch: [31/200], cls_loss: 0.1029, transfer_loss: -3.9634,person_loss: -1.7621, total_Loss: -2.0550
trian begin
trian end
n_person 615
SAMPLE
F1_MI: 0.5158800831107153 F1_MA: 0.4932182828534971 ACC_MI: 0.5158800831107153 F1_MA: 0.48042047518172265
BEST_F1_MI: 0.7379044226773523 BEST_F1_MA: 0.7282068151324068 BEST_ACC_MI: 0.7379044226773523 BEST_F1_MA: 0.7293231563812675
[[ 85 412 396   0]
 [259 497  48   0]
 [183 313 250   0]
 [  0  20   0 906]]
Epoch: [32/200], cls_loss: 0.0993, transfer_loss: -3.9577,person_loss: -1.7395, total_Loss: -2.0535
trian begin
trian end
n_person 615
SAMPLE
F1_MI: 0.5841495992876224 F1_MA: 0.612761702586065 ACC_MI: 0.5841495992876224 F1_MA: 0.6573238070051731
BEST_F1_MI: 0.7379044226773523 BEST_F1_MA: 0.7282068151324068 BEST_ACC_MI: 0.7379044226773523 BEST_F1_MA: 0.7293231563812675
[[202 632  59   0]
 [181 606  17   0]
 [  4 501 241   0]
 [  0   7   0 919]]
Epoch: [33/200], cls_loss: 0.1013, transfer_loss: -3.9590,person_loss: -1.7388, total_Loss: -2.0520
trian begin
trian end
n_person 615
SAMPLE
F1_MI: 0.5117245473434253 F1_MA: 0.49277265262278525 ACC_MI: 0.5117245473434253 F1_MA: 0.48245381396140613
BEST_F1_MI: 0.7379044226773523 BEST_F1_MA: 0.7282068151324068 BEST_ACC_MI: 0.7379044226773523 BEST_F1_MA: 0.7293231563812675
[[ 24 700 169   0]
 [225 533  46   0]
 [ 48 452 246   0]
 [  0   5   0 921]]
Epoch: [34/200], cls_loss: 0.0857, transfer_loss: -3.9658,person_loss: -1.7605, total_Loss: -2.0733
trian begin
trian end
n_person 615
SAMPLE
F1_MI: 0.5221133867616503 F1_MA: 0.5081310590180522 ACC_MI: 0.5221133867616503 F1_MA: 0.5070170489265936
BEST_F1_MI: 0.7379044226773523 BEST_F1_MA: 0.7282068151324068 BEST_ACC_MI: 0.7379044226773523 BEST_F1_MA: 0.7293231563812675
[[ 86 664 143   0]
 [146 646  12   0]
 [ 84 554 108   0]
 [  0   7   0 919]]
Epoch: [35/200], cls_loss: 0.0884, transfer_loss: -3.9680,person_loss: -1.7728, total_Loss: -2.0729
trian begin
trian end
n_person 615
SAMPLE
F1_MI: 0.47135648560403676 F1_MA: 0.42575622380481914 ACC_MI: 0.4713564856040368 F1_MA: 0.39844757741935943
BEST_F1_MI: 0.7379044226773523 BEST_F1_MA: 0.7282068151324068 BEST_ACC_MI: 0.7379044226773523 BEST_F1_MA: 0.7293231563812675
[[ 25 557 311   0]
 [207 578  19   0]
 [275 403  68   0]
 [  0   9   0 917]]
Epoch: [36/200], cls_loss: 0.1006, transfer_loss: -3.9255,person_loss: -1.7577, total_Loss: -2.0378
trian begin
trian end
n_person 615
SAMPLE
F1_MI: 0.5523894330661917 F1_MA: 0.5200251251045599 ACC_MI: 0.5523894330661917 F1_MA: 0.4984982788590512
BEST_F1_MI: 0.7379044226773523 BEST_F1_MA: 0.7282068151324068 BEST_ACC_MI: 0.7379044226773523 BEST_F1_MA: 0.7293231563812675
[[ 35 696 162   0]
 [ 43 749  12   0]
 [258 334 154   0]
 [  0   3   0 923]]
Epoch: [37/200], cls_loss: 0.0978, transfer_loss: -3.9604,person_loss: -1.7698, total_Loss: -2.0594
trian begin
trian end
n_person 615
SAMPLE
F1_MI: 0.6393588601959038 F1_MA: 0.6205277591826555 ACC_MI: 0.6393588601959038 F1_MA: 0.6001972358465457
BEST_F1_MI: 0.7379044226773523 BEST_F1_MA: 0.7282068151324068 BEST_ACC_MI: 0.7379044226773523 BEST_F1_MA: 0.7293231563812675
[[ 88 602 203   0]
 [143 606  55   0]
 [ 99 109 538   0]
 [  0   3   1 922]]
Epoch: [38/200], cls_loss: 0.0918, transfer_loss: -3.9514,person_loss: -1.8192, total_Loss: -2.0658
trian begin
trian end
n_person 615
SAMPLE
F1_MI: 0.5506084891659246 F1_MA: 0.5439637465177105 ACC_MI: 0.5506084891659246 F1_MA: 0.5464304249741052
BEST_F1_MI: 0.7379044226773523 BEST_F1_MA: 0.7282068151324068 BEST_ACC_MI: 0.7379044226773523 BEST_F1_MA: 0.7293231563812675
[[103 607 183   0]
 [207 587  10   0]
 [ 69 437 240   0]
 [  0   1   0 925]]
Epoch: [39/200], cls_loss: 0.0933, transfer_loss: -3.9641,person_loss: -1.8029, total_Loss: -2.0690
trian begin
trian end
n_person 615
SAMPLE
F1_MI: 0.576728999703176 F1_MA: 0.5510250388470491 ACC_MI: 0.576728999703176 F1_MA: 0.5307709763336798
BEST_F1_MI: 0.7379044226773523 BEST_F1_MA: 0.7282068151324068 BEST_ACC_MI: 0.7379044226773523 BEST_F1_MA: 0.7293231563812675
[[ 82 467 344   0]
 [162 560  82   0]
 [175 194 377   0]
 [  0   2   0 924]]
Epoch: [40/200], cls_loss: 0.0836, transfer_loss: -3.9575,person_loss: -1.8027, total_Loss: -2.0754
trian begin
trian end
n_person 615
SAMPLE
F1_MI: 0.5835559513208667 F1_MA: 0.5617923682727582 ACC_MI: 0.5835559513208667 F1_MA: 0.5480688983319473
BEST_F1_MI: 0.7379044226773523 BEST_F1_MA: 0.7282068151324068 BEST_ACC_MI: 0.7379044226773523 BEST_F1_MA: 0.7293231563812675
[[104 221 568   0]
 [ 74 688  42   0]
 [ 98 399 249   0]
 [  0   1   0 925]]
Epoch: [41/200], cls_loss: 0.0758, transfer_loss: -3.9474,person_loss: -1.7901, total_Loss: -2.0769
trian begin
trian end
n_person 615
SAMPLE
F1_MI: 0.5277530424458297 F1_MA: 0.4900951370068083 ACC_MI: 0.5277530424458297 F1_MA: 0.4655341005843868
BEST_F1_MI: 0.7379044226773523 BEST_F1_MA: 0.7282068151324068 BEST_ACC_MI: 0.7379044226773523 BEST_F1_MA: 0.7293231563812675
[[ 52 277 564   0]
 [ 93 634  75   2]
 [124 455 167   0]
 [  0   1   0 925]]
Epoch: [42/200], cls_loss: 0.0801, transfer_loss: -3.9421,person_loss: -1.7792, total_Loss: -2.0688
trian begin
trian end
n_person 615
SAMPLE
F1_MI: 0.43781537548233895 F1_MA: 0.40922926276187027 ACC_MI: 0.43781537548233895 F1_MA: 0.39681143476940894
BEST_F1_MI: 0.7379044226773523 BEST_F1_MA: 0.7282068151324068 BEST_ACC_MI: 0.7379044226773523 BEST_F1_MA: 0.7293231563812675
[[ 29 133 731   0]
 [134 427 243   0]
 [157 490  99   0]
 [  0   6   0 920]]
Epoch: [43/200], cls_loss: 0.0785, transfer_loss: -3.9577,person_loss: -1.7995, total_Loss: -2.0803
trian begin
trian end
n_person 615
SAMPLE
F1_MI: 0.46482635796972394 F1_MA: 0.4342554702701408 ACC_MI: 0.46482635796972394 F1_MA: 0.41914995079159856
BEST_F1_MI: 0.7379044226773523 BEST_F1_MA: 0.7282068151324068 BEST_ACC_MI: 0.7379044226773523 BEST_F1_MA: 0.7293231563812675
[[ 47 233 613   0]
 [177 474 152   1]
 [ 46 580 120   0]
 [  0   1   0 925]]
Epoch: [44/200], cls_loss: 0.0730, transfer_loss: -3.9486,person_loss: -1.7862, total_Loss: -2.0800
trian begin
trian end
n_person 615
SAMPLE
F1_MI: 0.5437815375482339 F1_MA: 0.50988475964379 ACC_MI: 0.5437815375482339 F1_MA: 0.4873096801116687
BEST_F1_MI: 0.7379044226773523 BEST_F1_MA: 0.7282068151324068 BEST_ACC_MI: 0.7379044226773523 BEST_F1_MA: 0.7293231563812675
[[ 54 438 400   1]
 [ 96 664  41   3]
 [ 82 475 189   0]
 [  0   1   0 925]]
Epoch: [45/200], cls_loss: 0.0699, transfer_loss: -3.9274,person_loss: -1.7866, total_Loss: -2.0725
trian begin
trian end
n_person 615
SAMPLE
F1_MI: 0.5054912436924903 F1_MA: 0.4792530758667845 ACC_MI: 0.5054912436924903 F1_MA: 0.4650414581971889
BEST_F1_MI: 0.7379044226773523 BEST_F1_MA: 0.7282068151324068 BEST_ACC_MI: 0.7379044226773523 BEST_F1_MA: 0.7293231563812675
[[ 86 274 533   0]
 [237 491  76   0]
 [164 373 209   0]
 [  0   9   0 917]]
Epoch: [46/200], cls_loss: 0.0751, transfer_loss: -3.9067,person_loss: -1.7736, total_Loss: -2.0556
trian begin
trian end
n_person 615
SAMPLE
F1_MI: 0.45117245473434253 F1_MA: 0.42234796920725287 ACC_MI: 0.45117245473434253 F1_MA: 0.41036612060337896
BEST_F1_MI: 0.7379044226773523 BEST_F1_MA: 0.7282068151324068 BEST_ACC_MI: 0.7379044226773523 BEST_F1_MA: 0.7293231563812675
[[ 76 205 612   0]
 [351 425  28   0]
 [145 501 100   0]
 [  0   7   0 919]]
Epoch: [47/200], cls_loss: 0.0606, transfer_loss: -3.9407,person_loss: -1.8072, total_Loss: -2.0904
trian begin
trian end
n_person 615
SAMPLE
F1_MI: 0.5301276343128525 F1_MA: 0.5038523499192232 ACC_MI: 0.5301276343128525 F1_MA: 0.4880206077807051
BEST_F1_MI: 0.7379044226773523 BEST_F1_MA: 0.7282068151324068 BEST_ACC_MI: 0.7379044226773523 BEST_F1_MA: 0.7293231563812675
[[ 48 151 694   0]
 [120 618  66   0]
 [  5 545 196   0]
 [  0   2   0 924]]
Epoch: [48/200], cls_loss: 0.0617, transfer_loss: -3.9532,person_loss: -1.8026, total_Loss: -2.0952
trian begin
trian end
n_person 615
SAMPLE
F1_MI: 0.5072721875927575 F1_MA: 0.4834524846730772 ACC_MI: 0.5072721875927575 F1_MA: 0.47177668121646826
BEST_F1_MI: 0.7379044226773523 BEST_F1_MA: 0.7282068151324068 BEST_ACC_MI: 0.7379044226773523 BEST_F1_MA: 0.7293231563812675
[[ 84 136 673   0]
 [220 509  75   0]
 [ 45 507 194   0]
 [  0   3   1 922]]
Epoch: [49/200], cls_loss: 0.0590, transfer_loss: -3.9543,person_loss: -1.8055, total_Loss: -2.0987
trian begin
trian end
n_person 615
SAMPLE
F1_MI: 0.4547343425348768 F1_MA: 0.41996893964389537 ACC_MI: 0.4547343425348768 F1_MA: 0.4028407299494948
BEST_F1_MI: 0.7379044226773523 BEST_F1_MA: 0.7282068151324068 BEST_ACC_MI: 0.7379044226773523 BEST_F1_MA: 0.7293231563812675
[[ 32  97 764   0]
 [161 528 115   0]
 [  7 692  47   0]
 [  0   1   0 925]]
Epoch: [50/200], cls_loss: 0.0584, transfer_loss: -3.9539,person_loss: -1.8010, total_Loss: -2.0987
trian begin
trian end
n_person 615
SAMPLE
F1_MI: 0.4968833481745325 F1_MA: 0.4693876228209942 ACC_MI: 0.4968833481745325 F1_MA: 0.4544539158839721
BEST_F1_MI: 0.7379044226773523 BEST_F1_MA: 0.7282068151324068 BEST_ACC_MI: 0.7379044226773523 BEST_F1_MA: 0.7293231563812675
[[ 63 383 447   0]
 [233 504  67   0]
 [ 18 542 186   0]
 [  0   5   0 921]]
Epoch: [51/200], cls_loss: 0.0643, transfer_loss: -3.9547,person_loss: -1.8239, total_Loss: -2.0955
trian begin
trian end
n_person 615
SAMPLE
F1_MI: 0.5699020480854853 F1_MA: 0.549607410756871 ACC_MI: 0.5699020480854853 F1_MA: 0.5337583841238668
BEST_F1_MI: 0.7379044226773523 BEST_F1_MA: 0.7282068151324068 BEST_ACC_MI: 0.7379044226773523 BEST_F1_MA: 0.7293231563812675
[[ 79 441 373   0]
 [233 526  45   0]
 [  2 349 395   0]
 [  0   5   1 920]]
Epoch: [52/200], cls_loss: 0.0553, transfer_loss: -3.9605,person_loss: -1.7903, total_Loss: -2.1040
[[678  74 138   3]
 [353 343  99   9]
 [ 71 136 539   0]
 [  0   0   0 926]]
[[678  74 138   3]
 [353 343  99   9]
 [ 71 136 539   0]
 [  0   0   0 926]]
WHAT: True
SVAE_RESULT
{'best_f1': 0.7282068151324068, 'best_matrix': [[678, 74, 138, 3], [353, 343, 99, 9], [71, 136, 539, 0], [0, 0, 0, 926]], 'args': 0.1}
{"best_f1": 0.7282068151324068, "best_matrix": [[678, 74, 138, 3], [353, 343, 99, 9], [71, 136, 539, 0], [0, 0, 0, 926]], "args": 0.1}
ARG: Namespace(backbone='resnet50', batch_size=32, config='BNM/BNM.yaml', data_dir='data', device=device(type='cuda'), early_stop=50, epoch_based_training=False, lr=0.003, lr_decay=0.75, lr_gamma=0.0003, lr_scheduler=True, max_iter=21000, method='True', momentum=0.9, myweight=0.1, n_class=4, n_epoch=200, n_iter_per_epoch=105, num_workers=3, seed=2, src_domain='WISDM', tgt_domain='UCI', tname='transfer', transfer_loss='bnm', transfer_loss_weight=0.5, use_bottleneck=True, weight_decay=0.0005)
