bnm 2 WISDM UCI BNM/BNM.yaml False
Namespace(backbone='resnet50', batch_size=32, config='BNM/BNM.yaml', data_dir='data', device=device(type='cuda'), early_stop=50, epoch_based_training=False, lr=0.003, lr_decay=0.75, lr_gamma=0.0003, lr_scheduler=True, method='False', momentum=0.9, myweight=0.1, n_epoch=200, n_iter_per_epoch=100, num_workers=3, seed=2, src_domain='WISDM', tgt_domain='UCI', tname='transfer', transfer_loss='bnm', transfer_loss_weight=0.5, use_bottleneck=True, weight_decay=0.0005)
JUST DO IT
run my Parkinson code
transfer
TRAIN Length: 13609 322 TEST Length: 3369 615
YYY: 0 3
DATA_PROFILE   train: 13609 train2: 3369 test: 3369
DATASET.SHAPE: <data_loader.GetTrainLoader object at 0x7f1aa03fee10> True
DATASET.SHAPE: <data_loader.GetTrainLoader object at 0x7f1aa83a1e80> True
DATASET.SHAPE: <data_loader.GetTestLoader object at 0x7f1b5ff5f048> False
CLASS: 4 615
LLL: {}
BOTTLENECK_LIST: [Linear(in_features=512, out_features=256, bias=True), ReLU()]
TYPE: {'loss_type': 'bnm', 'max_iter': 21000, 'num_class': 4, 'my_person_item': <my_person_item.PersonItem object at 0x7f1b5ff001d0>}
initial_lr 1.0
transfer_world
method False <class 'str'>
1.10.1+cu102
True
LEN: 0 0
LOADER: <data_loader.InfiniteDataLoader object at 0x7f1aa83a1f28> <data_loader.InfiniteDataLoader object at 0x7f1aa04baf28>
N_batch: 105
trian begin
trian end
n_person 615
SAMPLE
F1_MI: 0.5598100326506382 F1_MA: 0.5373337659193289 ACC_MI: 0.5598100326506382 F1_MA: 0.5514558455682478
BEST_F1_MI: 0.5598100326506382 BEST_F1_MA: 0.5373337659193289 BEST_ACC_MI: 0.5598100326506382 BEST_F1_MA: 0.5514558455682478
[[813  54  24   2]
 [641 122  33   8]
 [666  55  25   0]
 [  0   0   0 926]]
Epoch: [ 1/200], cls_loss: 0.8228, transfer_loss: -1.9458,person_loss: 0.0000, total_Loss: -0.1501
trian begin
trian end
n_person 615
SAMPLE
F1_MI: 0.576728999703176 F1_MA: 0.5352907333800229 ACC_MI: 0.576728999703176 F1_MA: 0.5195917278074165
BEST_F1_MI: 0.576728999703176 BEST_F1_MA: 0.5373337659193289 BEST_ACC_MI: 0.576728999703176 BEST_F1_MA: 0.5514558455682478
[[486 284 121   2]
 [218 498  84   4]
 [645  68  33   0]
 [  0   0   0 926]]
Epoch: [ 2/200], cls_loss: 0.5250, transfer_loss: -2.4388,person_loss: 0.0000, total_Loss: -0.6944
trian begin
trian end
n_person 615
SAMPLE
F1_MI: 0.5776194716533096 F1_MA: 0.543991416012806 ACC_MI: 0.5776194716533096 F1_MA: 0.5163169648587127
BEST_F1_MI: 0.5776194716533096 BEST_F1_MA: 0.543991416012806 BEST_ACC_MI: 0.5776194716533096 BEST_F1_MA: 0.5514558455682478
[[ 51 466 376   0]
 [ 35 612 157   0]
 [313  67 366   0]
 [  0   9   0 917]]
Epoch: [ 3/200], cls_loss: 0.4367, transfer_loss: -2.6590,person_loss: 0.0000, total_Loss: -0.8928
trian begin
trian end
n_person 615
SAMPLE
F1_MI: 0.5728702879192639 F1_MA: 0.5525602658296025 ACC_MI: 0.5728702879192639 F1_MA: 0.5366490964416337
BEST_F1_MI: 0.5776194716533096 BEST_F1_MA: 0.5525602658296025 BEST_ACC_MI: 0.5776194716533096 BEST_F1_MA: 0.5514558455682478
[[  6 705 182   0]
 [  2 701 101   0]
 [ 16 429 301   0]
 [  0   4   0 922]]
Epoch: [ 4/200], cls_loss: 0.4419, transfer_loss: -2.7204,person_loss: 0.0000, total_Loss: -0.9183
trian begin
trian end
n_person 615
SAMPLE
F1_MI: 0.5120213713268033 F1_MA: 0.5128457515697835 ACC_MI: 0.5120213713268033 F1_MA: 0.5285449379054493
BEST_F1_MI: 0.5776194716533096 BEST_F1_MA: 0.5525602658296025 BEST_ACC_MI: 0.5776194716533096 BEST_F1_MA: 0.5514558455682478
[[130 180 583   0]
 [ 20 524 260   0]
 [ 94 505 147   0]
 [  0   1   1 924]]
Epoch: [ 5/200], cls_loss: 0.3706, transfer_loss: -2.7299,person_loss: 0.0000, total_Loss: -0.9944
trian begin
trian end
n_person 615
SAMPLE
F1_MI: 0.5422974176313446 F1_MA: 0.5652838731555846 ACC_MI: 0.5422974176313446 F1_MA: 0.5982476873933891
BEST_F1_MI: 0.5776194716533096 BEST_F1_MA: 0.5652838731555846 BEST_ACC_MI: 0.5776194716533096 BEST_F1_MA: 0.5982476873933891
[[ 89 173 631   0]
 [  7 574 223   0]
 [ 36 432 278   0]
 [  0  27  13 886]]
Epoch: [ 6/200], cls_loss: 0.3220, transfer_loss: -2.7578,person_loss: 0.0000, total_Loss: -1.0569
trian begin
trian end
n_person 615
SAMPLE
F1_MI: 0.5179578509943603 F1_MA: 0.5249797508714467 ACC_MI: 0.5179578509943603 F1_MA: 0.5488081822185975
BEST_F1_MI: 0.5776194716533096 BEST_F1_MA: 0.5652838731555846 BEST_ACC_MI: 0.5776194716533096 BEST_F1_MA: 0.5982476873933891
[[352  13 528   0]
 [122 106 576   0]
 [272 103 371   0]
 [  0   2   8 916]]
Epoch: [ 7/200], cls_loss: 0.3144, transfer_loss: -2.7740,person_loss: 0.0000, total_Loss: -1.0726
trian begin
trian end
n_person 615
SAMPLE
F1_MI: 0.5467497773820125 F1_MA: 0.5313286680731215 ACC_MI: 0.5467497773820125 F1_MA: 0.5208127936642404
BEST_F1_MI: 0.5776194716533096 BEST_F1_MA: 0.5652838731555846 BEST_ACC_MI: 0.5776194716533096 BEST_F1_MA: 0.5982476873933891
[[ 81 211 601   0]
 [ 88 431 285   0]
 [169 170 407   0]
 [  0   3   0 923]]
Epoch: [ 8/200], cls_loss: 0.2554, transfer_loss: -2.7618,person_loss: 0.0000, total_Loss: -1.1256
trian begin
trian end
n_person 615
SAMPLE
F1_MI: 0.5241911546452953 F1_MA: 0.5112484745128297 ACC_MI: 0.5241911546452953 F1_MA: 0.5040151482759543
BEST_F1_MI: 0.5776194716533096 BEST_F1_MA: 0.5652838731555846 BEST_ACC_MI: 0.5776194716533096 BEST_F1_MA: 0.5982476873933891
[[ 27 236 630   0]
 [  7 479 318   0]
 [ 54 354 338   0]
 [  0   4   0 922]]
Epoch: [ 9/200], cls_loss: 0.2733, transfer_loss: -2.7587,person_loss: 0.0000, total_Loss: -1.1061
trian begin
trian end
n_person 615
SAMPLE
F1_MI: 0.4541406945681211 F1_MA: 0.44594082824643966 ACC_MI: 0.4541406945681211 F1_MA: 0.4544994599402472
BEST_F1_MI: 0.5776194716533096 BEST_F1_MA: 0.5652838731555846 BEST_ACC_MI: 0.5776194716533096 BEST_F1_MA: 0.5982476873933891
[[ 43 197 653   0]
 [ 31 524 249   0]
 [ 34 670  42   0]
 [  0   5   0 921]]
Epoch: [10/200], cls_loss: 0.2515, transfer_loss: -2.7739,person_loss: 0.0000, total_Loss: -1.1355
trian begin
trian end
n_person 615
SAMPLE
F1_MI: 0.5054912436924903 F1_MA: 0.457373931255646 ACC_MI: 0.5054912436924903 F1_MA: 0.42770658805130224
BEST_F1_MI: 0.5776194716533096 BEST_F1_MA: 0.5652838731555846 BEST_ACC_MI: 0.5776194716533096 BEST_F1_MA: 0.5982476873933891
[[ 18 480 395   0]
 [  2 766  36   0]
 [ 37 707   2   0]
 [  0   9   0 917]]
Epoch: [11/200], cls_loss: 0.2315, transfer_loss: -2.7728,person_loss: 0.0000, total_Loss: -1.1548
trian begin
trian end
n_person 615
SAMPLE
F1_MI: 0.46037399821905617 F1_MA: 0.4203029681755601 ACC_MI: 0.4603739982190561 F1_MA: 0.39881788160573683
BEST_F1_MI: 0.5776194716533096 BEST_F1_MA: 0.5652838731555846 BEST_ACC_MI: 0.5776194716533096 BEST_F1_MA: 0.5982476873933891
[[ 20 313 560   0]
 [  2 608 194   0]
 [ 75 665   6   0]
 [  0   9   0 917]]
Epoch: [12/200], cls_loss: 0.2468, transfer_loss: -2.7747,person_loss: 0.0000, total_Loss: -1.1406
trian begin
trian end
n_person 615
SAMPLE
F1_MI: 0.5040071237756011 F1_MA: 0.4547793509993246 ACC_MI: 0.5040071237756011 F1_MA: 0.4264621215133759
BEST_F1_MI: 0.5776194716533096 BEST_F1_MA: 0.5652838731555846 BEST_ACC_MI: 0.5776194716533096 BEST_F1_MA: 0.5982476873933891
[[101 373 419   0]
 [ 29 676  99   0]
 [241 505   0   0]
 [  0   5   0 921]]
Epoch: [13/200], cls_loss: 0.2274, transfer_loss: -2.7829,person_loss: 0.0000, total_Loss: -1.1640
trian begin
trian end
n_person 615
SAMPLE
F1_MI: 0.5066785396260017 F1_MA: 0.4738784168986479 ACC_MI: 0.5066785396260017 F1_MA: 0.45311295785307
BEST_F1_MI: 0.5776194716533096 BEST_F1_MA: 0.5652838731555846 BEST_ACC_MI: 0.5776194716533096 BEST_F1_MA: 0.5982476873933891
[[ 39 293 561   0]
 [ 23 546 235   0]
 [184 362 200   0]
 [  0   4   0 922]]
Epoch: [14/200], cls_loss: 0.1790, transfer_loss: -2.7941,person_loss: 0.0000, total_Loss: -1.2181
trian begin
trian end
n_person 615
SAMPLE
F1_MI: 0.5701988720688632 F1_MA: 0.5391549926145514 ACC_MI: 0.5701988720688632 F1_MA: 0.5147175536198649
BEST_F1_MI: 0.5776194716533096 BEST_F1_MA: 0.5652838731555846 BEST_ACC_MI: 0.5776194716533096 BEST_F1_MA: 0.5982476873933891
[[ 22 685 186   0]
 [  8 681 115   0]
 [102 348 296   0]
 [  0   4   0 922]]
Epoch: [15/200], cls_loss: 0.2376, transfer_loss: -2.7819,person_loss: 0.0000, total_Loss: -1.1533
trian begin
trian end
n_person 615
SAMPLE
F1_MI: 0.6170970614425646 F1_MA: 0.6180380958974594 ACC_MI: 0.6170970614425646 F1_MA: 0.6179218122499763
BEST_F1_MI: 0.6170970614425646 BEST_F1_MA: 0.6180380958974594 BEST_ACC_MI: 0.6170970614425646 BEST_F1_MA: 0.6179218122499763
[[ 41 727 125   0]
 [  9 669 126   0]
 [ 46 254 446   0]
 [  0   3   0 923]]
Epoch: [16/200], cls_loss: 0.2279, transfer_loss: -2.7445,person_loss: 0.0000, total_Loss: -1.1443
trian begin
trian end
n_person 615
SAMPLE
F1_MI: 0.582962303354111 F1_MA: 0.584805641763031 ACC_MI: 0.582962303354111 F1_MA: 0.5909383364761811
BEST_F1_MI: 0.6170970614425646 BEST_F1_MA: 0.6180380958974594 BEST_ACC_MI: 0.6170970614425646 BEST_F1_MA: 0.6179218122499763
[[ 82 621 190   0]
 [ 71 620 113   0]
 [ 29 374 343   0]
 [  0   7   0 919]]
Epoch: [17/200], cls_loss: 0.1952, transfer_loss: -2.7898,person_loss: 0.0000, total_Loss: -1.1997
trian begin
trian end
n_person 615
SAMPLE
F1_MI: 0.630750964677946 F1_MA: 0.6336878792354443 ACC_MI: 0.630750964677946 F1_MA: 0.6352220860732155
BEST_F1_MI: 0.630750964677946 BEST_F1_MA: 0.6336878792354443 BEST_ACC_MI: 0.630750964677946 BEST_F1_MA: 0.6352220860732155
[[ 48 767  78   0]
 [ 21 714  69   0]
 [ 57 248 441   0]
 [  0   2   2 922]]
Epoch: [18/200], cls_loss: 0.1663, transfer_loss: -2.7899,person_loss: 0.0000, total_Loss: -1.2286
trian begin
trian end
n_person 615
SAMPLE
F1_MI: 0.5325022261798753 F1_MA: 0.5013192134978923 ACC_MI: 0.5325022261798753 F1_MA: 0.4801423313196079
BEST_F1_MI: 0.630750964677946 BEST_F1_MA: 0.6336878792354443 BEST_ACC_MI: 0.630750964677946 BEST_F1_MA: 0.6352220860732155
[[ 46 637 210   0]
 [ 67 591 146   0]
 [287 222 237   0]
 [  0   6   0 920]]
Epoch: [19/200], cls_loss: 0.1693, transfer_loss: -2.7570,person_loss: 0.0000, total_Loss: -1.2092
trian begin
trian end
n_person 615
SAMPLE
F1_MI: 0.5728702879192639 F1_MA: 0.5874454463524083 ACC_MI: 0.5728702879192639 F1_MA: 0.6070675681541259
BEST_F1_MI: 0.630750964677946 BEST_F1_MA: 0.6336878792354443 BEST_ACC_MI: 0.630750964677946 BEST_F1_MA: 0.6352220860732155
[[ 28 729 136   0]
 [  9 667 128   0]
 [ 17 416 313   0]
 [  0   4   0 922]]
Epoch: [20/200], cls_loss: 0.1771, transfer_loss: -2.7949,person_loss: 0.0000, total_Loss: -1.2203
trian begin
trian end
n_person 615
SAMPLE
F1_MI: 0.46007717423567823 F1_MA: 0.4614224868749494 ACC_MI: 0.46007717423567823 F1_MA: 0.4777680061335859
BEST_F1_MI: 0.630750964677946 BEST_F1_MA: 0.6336878792354443 BEST_ACC_MI: 0.630750964677946 BEST_F1_MA: 0.6352220860732155
[[ 43 506 344   0]
 [ 29 454 321   0]
 [ 23 590 133   0]
 [  0   6   0 920]]
Epoch: [21/200], cls_loss: 0.1570, transfer_loss: -2.7819,person_loss: 0.0000, total_Loss: -1.2339
trian begin
trian end
n_person 615
SAMPLE
F1_MI: 0.5336895221133867 F1_MA: 0.49820155374204556 ACC_MI: 0.5336895221133867 F1_MA: 0.4745686702251103
BEST_F1_MI: 0.630750964677946 BEST_F1_MA: 0.6336878792354443 BEST_ACC_MI: 0.630750964677946 BEST_F1_MA: 0.6352220860732155
[[ 24 705 164   0]
 [  9 697  98   0]
 [122 469 155   0]
 [  0   4   0 922]]
Epoch: [22/200], cls_loss: 0.1575, transfer_loss: -2.7918,person_loss: 0.0000, total_Loss: -1.2384
trian begin
trian end
n_person 615
SAMPLE
F1_MI: 0.5250816265954289 F1_MA: 0.5554305922814966 ACC_MI: 0.5250816265954289 F1_MA: 0.6055774366480376
BEST_F1_MI: 0.630750964677946 BEST_F1_MA: 0.6336878792354443 BEST_ACC_MI: 0.630750964677946 BEST_F1_MA: 0.6352220860732155
[[ 52 715 126   0]
 [  7 709  88   0]
 [  7 650  89   0]
 [  0   7   0 919]]
Epoch: [23/200], cls_loss: 0.1779, transfer_loss: -2.7847,person_loss: 0.0000, total_Loss: -1.2144
trian begin
trian end
n_person 615
SAMPLE
F1_MI: 0.5259720985455625 F1_MA: 0.5628047758022432 ACC_MI: 0.5259720985455625 F1_MA: 0.6211539303221288
BEST_F1_MI: 0.630750964677946 BEST_F1_MA: 0.6336878792354443 BEST_ACC_MI: 0.630750964677946 BEST_F1_MA: 0.6352220860732155
[[ 35 804  54   0]
 [  8 721  75   0]
 [  5 646  95   0]
 [  0   5   0 921]]
Epoch: [24/200], cls_loss: 0.1392, transfer_loss: -2.7884,person_loss: 0.0000, total_Loss: -1.2550
trian begin
trian end
n_person 615
SAMPLE
F1_MI: 0.5274562184624517 F1_MA: 0.5484068445743845 ACC_MI: 0.5274562184624517 F1_MA: 0.5869034864015661
BEST_F1_MI: 0.630750964677946 BEST_F1_MA: 0.6336878792354443 BEST_ACC_MI: 0.630750964677946 BEST_F1_MA: 0.6352220860732155
[[ 59 792  42   0]
 [  5 723  76   0]
 [ 29 645  72   0]
 [  0   3   0 923]]
Epoch: [25/200], cls_loss: 0.1505, transfer_loss: -2.7704,person_loss: 0.0000, total_Loss: -1.2347
trian begin
trian end
n_person 615
SAMPLE
F1_MI: 0.4672009498367468 F1_MA: 0.467055431728052 ACC_MI: 0.4672009498367468 F1_MA: 0.48428628464901363
BEST_F1_MI: 0.630750964677946 BEST_F1_MA: 0.6336878792354443 BEST_ACC_MI: 0.630750964677946 BEST_F1_MA: 0.6352220860732155
[[133 257 503   0]
 [ 39 378 387   0]
 [114 490 142   0]
 [  0   5   0 921]]
Epoch: [26/200], cls_loss: 0.1609, transfer_loss: -2.7725,person_loss: 0.0000, total_Loss: -1.2254
trian begin
trian end
n_person 615
SAMPLE
F1_MI: 0.5188483229444939 F1_MA: 0.49337432914467244 ACC_MI: 0.5188483229444939 F1_MA: 0.4786922558935433
BEST_F1_MI: 0.630750964677946 BEST_F1_MA: 0.6336878792354443 BEST_ACC_MI: 0.630750964677946 BEST_F1_MA: 0.6352220860732155
[[ 21 570 302   0]
 [  4 642 158   0]
 [ 48 536 162   0]
 [  0   3   0 923]]
Epoch: [27/200], cls_loss: 0.1470, transfer_loss: -2.7882,person_loss: 0.0000, total_Loss: -1.2471
trian begin
trian end
n_person 615
SAMPLE
F1_MI: 0.5805877114870882 F1_MA: 0.5534640531772985 ACC_MI: 0.5805877114870882 F1_MA: 0.5294669669200758
BEST_F1_MI: 0.630750964677946 BEST_F1_MA: 0.6336878792354443 BEST_ACC_MI: 0.630750964677946 BEST_F1_MA: 0.6352220860732155
[[ 54 411 428   0]
 [ 23 526 255   0]
 [159 133 454   0]
 [  0   4   0 922]]
Epoch: [28/200], cls_loss: 0.1354, transfer_loss: -2.7713,person_loss: 0.0000, total_Loss: -1.2503
trian begin
trian end
n_person 615
SAMPLE
F1_MI: 0.5707925200356189 F1_MA: 0.5761115501865653 ACC_MI: 0.5707925200356189 F1_MA: 0.5853621667374729
BEST_F1_MI: 0.630750964677946 BEST_F1_MA: 0.6336878792354443 BEST_ACC_MI: 0.630750964677946 BEST_F1_MA: 0.6352220860732155
[[150 262 481   0]
 [ 32 373 399   0]
 [104 163 479   0]
 [  0   5   0 921]]
Epoch: [29/200], cls_loss: 0.1354, transfer_loss: -2.7955,person_loss: 0.0000, total_Loss: -1.2624
trian begin
trian end
n_person 615
SAMPLE
F1_MI: 0.6067082220243396 F1_MA: 0.6398341228092582 ACC_MI: 0.6067082220243396 F1_MA: 0.681704282300608
BEST_F1_MI: 0.630750964677946 BEST_F1_MA: 0.6398341228092582 BEST_ACC_MI: 0.630750964677946 BEST_F1_MA: 0.681704282300608
[[129 608 156   0]
 [ 29 642 133   0]
 [  7 380 359   0]
 [  0  12   0 914]]
Epoch: [30/200], cls_loss: 0.1311, transfer_loss: -2.7964,person_loss: 0.0000, total_Loss: -1.2671
trian begin
trian end
n_person 615
SAMPLE
F1_MI: 0.616206589492431 F1_MA: 0.6173877891835409 ACC_MI: 0.616206589492431 F1_MA: 0.621354262822389
BEST_F1_MI: 0.630750964677946 BEST_F1_MA: 0.6398341228092582 BEST_ACC_MI: 0.630750964677946 BEST_F1_MA: 0.681704282300608
[[ 96 538 259   0]
 [  5 701  98   0]
 [ 79 309 358   0]
 [  0   5   0 921]]
Epoch: [31/200], cls_loss: 0.1295, transfer_loss: -2.7928,person_loss: 0.0000, total_Loss: -1.2669
trian begin
trian end
n_person 615
SAMPLE
F1_MI: 0.6191748293262096 F1_MA: 0.608965588876998 ACC_MI: 0.6191748293262096 F1_MA: 0.6018754331318895
BEST_F1_MI: 0.630750964677946 BEST_F1_MA: 0.6398341228092582 BEST_ACC_MI: 0.630750964677946 BEST_F1_MA: 0.681704282300608
[[100 604 189   0]
 [ 23 722  59   0]
 [146 255 345   0]
 [  0   6   1 919]]
Epoch: [32/200], cls_loss: 0.1509, transfer_loss: -2.7850,person_loss: 0.0000, total_Loss: -1.2416
trian begin
trian end
n_person 615
SAMPLE
F1_MI: 0.713861680023746 F1_MA: 0.7561253125893488 ACC_MI: 0.713861680023746 F1_MA: 0.7982092838528999
BEST_F1_MI: 0.713861680023746 BEST_F1_MA: 0.7561253125893488 BEST_ACC_MI: 0.713861680023746 BEST_F1_MA: 0.7982092838528999
[[170 666  57   0]
 [ 18 753  33   0]
 [  9 178 559   0]
 [  0   1   2 923]]
Epoch: [33/200], cls_loss: 0.1417, transfer_loss: -2.7937,person_loss: 0.0000, total_Loss: -1.2551
trian begin
trian end
n_person 615
SAMPLE
F1_MI: 0.6610270109824874 F1_MA: 0.6562986344411879 ACC_MI: 0.6610270109824874 F1_MA: 0.6469850547311694
BEST_F1_MI: 0.713861680023746 BEST_F1_MA: 0.7561253125893488 BEST_ACC_MI: 0.713861680023746 BEST_F1_MA: 0.7982092838528999
[[ 66 767  60   0]
 [ 28 700  76   0]
 [ 94 110 542   0]
 [  0   2   5 919]]
Epoch: [34/200], cls_loss: 0.1117, transfer_loss: -2.7921,person_loss: 0.0000, total_Loss: -1.2843
trian begin
trian end
n_person 615
SAMPLE
F1_MI: 0.6191748293262096 F1_MA: 0.5969567307911054 ACC_MI: 0.6191748293262096 F1_MA: 0.5770125967556151
BEST_F1_MI: 0.713861680023746 BEST_F1_MA: 0.7561253125893488 BEST_ACC_MI: 0.713861680023746 BEST_F1_MA: 0.7982092838528999
[[ 57 635 201   0]
 [ 20 725  59   0]
 [147 217 382   0]
 [  0   4   0 922]]
Epoch: [35/200], cls_loss: 0.1257, transfer_loss: -2.7986,person_loss: 0.0000, total_Loss: -1.2736
trian begin
trian end
n_person 615
SAMPLE
F1_MI: 0.665776194716533 F1_MA: 0.6473398638247817 ACC_MI: 0.665776194716533 F1_MA: 0.6223285187122506
BEST_F1_MI: 0.713861680023746 BEST_F1_MA: 0.7561253125893488 BEST_ACC_MI: 0.713861680023746 BEST_F1_MA: 0.7982092838528999
[[ 35 450 408   0]
 [  8 633 163   0]
 [ 45  47 654   0]
 [  0   5   0 921]]
Epoch: [36/200], cls_loss: 0.1190, transfer_loss: -2.7881,person_loss: 0.0000, total_Loss: -1.2750
trian begin
trian end
n_person 615
SAMPLE
F1_MI: 0.6075986939744732 F1_MA: 0.6014067983970284 ACC_MI: 0.6075986939744732 F1_MA: 0.5978298453722997
BEST_F1_MI: 0.713861680023746 BEST_F1_MA: 0.7561253125893488 BEST_ACC_MI: 0.713861680023746 BEST_F1_MA: 0.7982092838528999
[[ 51 741 101   0]
 [ 36 751  17   0]
 [126 296 324   0]
 [  0   5   0 921]]
Epoch: [37/200], cls_loss: 0.1184, transfer_loss: -2.7836,person_loss: 0.0000, total_Loss: -1.2735
trian begin
trian end
n_person 615
SAMPLE
F1_MI: 0.6090828138913624 F1_MA: 0.6208158768750622 ACC_MI: 0.6090828138913624 F1_MA: 0.6348320908438617
BEST_F1_MI: 0.713861680023746 BEST_F1_MA: 0.7561253125893488 BEST_ACC_MI: 0.713861680023746 BEST_F1_MA: 0.7982092838528999
[[ 27 800  66   0]
 [ 10 774  20   0]
 [ 40 377 329   0]
 [  0   4   0 922]]
Epoch: [38/200], cls_loss: 0.1126, transfer_loss: -2.7884,person_loss: 0.0000, total_Loss: -1.2816
trian begin
trian end
n_person 615
SAMPLE
F1_MI: 0.6746809142178688 F1_MA: 0.6547282669071518 ACC_MI: 0.6746809142178688 F1_MA: 0.6299340593695433
BEST_F1_MI: 0.713861680023746 BEST_F1_MA: 0.7561253125893488 BEST_ACC_MI: 0.713861680023746 BEST_F1_MA: 0.7982092838528999
[[ 33 745 115   0]
 [ 26 754  24   0]
 [ 73 110 563   0]
 [  0   3   0 923]]
Epoch: [39/200], cls_loss: 0.1083, transfer_loss: -2.7574,person_loss: 0.0000, total_Loss: -1.2704
trian begin
trian end
n_person 615
SAMPLE
F1_MI: 0.5880083110715346 F1_MA: 0.5983256596841846 ACC_MI: 0.5880083110715346 F1_MA: 0.6141255299012315
BEST_F1_MI: 0.713861680023746 BEST_F1_MA: 0.7561253125893488 BEST_ACC_MI: 0.713861680023746 BEST_F1_MA: 0.7982092838528999
[[ 25 788  80   0]
 [  4 788  12   0]
 [ 44 457 245   0]
 [  0   3   0 923]]
Epoch: [40/200], cls_loss: 0.1161, transfer_loss: -2.7611,person_loss: 0.0000, total_Loss: -1.2645
trian begin
trian end
n_person 615
SAMPLE
F1_MI: 0.5826654793707332 F1_MA: 0.620542113686765 ACC_MI: 0.5826654793707332 F1_MA: 0.6774564702420919
BEST_F1_MI: 0.713861680023746 BEST_F1_MA: 0.7561253125893488 BEST_ACC_MI: 0.713861680023746 BEST_F1_MA: 0.7982092838528999
[[115 742  36   0]
 [ 21 780   3   0]
 [ 76 526 144   0]
 [  0   2   0 924]]
Epoch: [41/200], cls_loss: 0.0868, transfer_loss: -2.7798,person_loss: 0.0000, total_Loss: -1.3031
trian begin
trian end
n_person 615
SAMPLE
F1_MI: 0.6165034134758088 F1_MA: 0.6005485392818215 ACC_MI: 0.6165034134758088 F1_MA: 0.5922422281827496
BEST_F1_MI: 0.713861680023746 BEST_F1_MA: 0.7561253125893488 BEST_ACC_MI: 0.713861680023746 BEST_F1_MA: 0.7982092838528999
[[225 362 306   0]
 [ 53 599 152   0]
 [273 142 331   0]
 [  0   4   0 922]]
Epoch: [42/200], cls_loss: 0.1082, transfer_loss: -2.7585,person_loss: 0.0000, total_Loss: -1.2711
trian begin
trian end
n_person 615
SAMPLE
F1_MI: 0.5880083110715346 F1_MA: 0.5622966971339531 ACC_MI: 0.5880083110715346 F1_MA: 0.5432926391680198
BEST_F1_MI: 0.713861680023746 BEST_F1_MA: 0.7561253125893488 BEST_ACC_MI: 0.713861680023746 BEST_F1_MA: 0.7982092838528999
[[ 72 592 229   0]
 [ 13 718  73   0]
 [208 266 272   0]
 [  0   7   0 919]]
Epoch: [43/200], cls_loss: 0.1118, transfer_loss: -2.7799,person_loss: 0.0000, total_Loss: -1.2781
trian begin
trian end
n_person 615
SAMPLE
F1_MI: 0.6479667557138616 F1_MA: 0.626554427210174 ACC_MI: 0.6479667557138616 F1_MA: 0.5997042015586953
BEST_F1_MI: 0.713861680023746 BEST_F1_MA: 0.7561253125893488 BEST_ACC_MI: 0.713861680023746 BEST_F1_MA: 0.7982092838528999
[[ 12 479 402   0]
 [  3 620 181   0]
 [ 18  98 630   0]
 [  0   5   0 921]]
Epoch: [44/200], cls_loss: 0.0956, transfer_loss: -2.7651,person_loss: 0.0000, total_Loss: -1.2870
trian begin
trian end
n_person 615
SAMPLE
F1_MI: 0.6687444345503116 F1_MA: 0.6858102196543487 ACC_MI: 0.6687444345503116 F1_MA: 0.6925424453803632
BEST_F1_MI: 0.713861680023746 BEST_F1_MA: 0.7561253125893488 BEST_ACC_MI: 0.713861680023746 BEST_F1_MA: 0.7982092838528999
[[  4 347 542   0]
 [  0 640 164   0]
 [  1  59 686   0]
 [  1   2   0 923]]
Epoch: [45/200], cls_loss: 0.1097, transfer_loss: -2.7459,person_loss: 0.0000, total_Loss: -1.2633
trian begin
trian end
n_person 615
SAMPLE
F1_MI: 0.6675571386168002 F1_MA: 0.6742021249613211 ACC_MI: 0.6675571386168002 F1_MA: 0.6706244085520602
BEST_F1_MI: 0.713861680023746 BEST_F1_MA: 0.7561253125893488 BEST_ACC_MI: 0.713861680023746 BEST_F1_MA: 0.7982092838528999
[[  3 382 498  10]
 [  0 647 153   4]
 [  2  66 677   1]
 [  0   4   0 922]]
Epoch: [46/200], cls_loss: 0.0992, transfer_loss: -2.7652,person_loss: 0.0000, total_Loss: -1.2834
trian begin
trian end
n_person 615
SAMPLE
F1_MI: 0.352626892252894 F1_MA: 0.34889712185344707 ACC_MI: 0.352626892252894 F1_MA: 0.32008074782471385
BEST_F1_MI: 0.713861680023746 BEST_F1_MA: 0.7561253125893488 BEST_ACC_MI: 0.713861680023746 BEST_F1_MA: 0.7982092838528999
[[ 18 209 594  72]
 [ 14 473 243  74]
 [ 16  36 662  32]
 [887   4   0  35]]
Epoch: [47/200], cls_loss: 0.0936, transfer_loss: -2.7842,person_loss: 0.0000, total_Loss: -1.2985
trian begin
trian end
n_person 615
SAMPLE
F1_MI: 0.6755713861680024 F1_MA: 0.633612316774764 ACC_MI: 0.6755713861680024 F1_MA: 0.5910128503379943
BEST_F1_MI: 0.713861680023746 BEST_F1_MA: 0.7561253125893488 BEST_ACC_MI: 0.713861680023746 BEST_F1_MA: 0.7982092838528999
[[ 37 558 265  33]
 [ 40 731  24   9]
 [106  45 584  11]
 [  0   2   0 924]]
Epoch: [48/200], cls_loss: 0.1125, transfer_loss: -2.7509,person_loss: 0.0000, total_Loss: -1.2629
trian begin
trian end
n_person 615
SAMPLE
F1_MI: 0.6648857227663996 F1_MA: 0.7207869257743934 ACC_MI: 0.6648857227663996 F1_MA: 0.7752627710488701
BEST_F1_MI: 0.713861680023746 BEST_F1_MA: 0.7561253125893488 BEST_ACC_MI: 0.713861680023746 BEST_F1_MA: 0.7982092838528999
[[  5 719  88  81]
 [  0 687  21  96]
 [  0  24 622 100]
 [  0   0   0 926]]
Epoch: [49/200], cls_loss: 0.0972, transfer_loss: -2.7514,person_loss: 0.0000, total_Loss: -1.2785
trian begin
trian end
n_person 615
SAMPLE
F1_MI: 0.4891659246067082 F1_MA: 0.5327344023818257 ACC_MI: 0.4891659246067082 F1_MA: 0.5874780820785731
BEST_F1_MI: 0.713861680023746 BEST_F1_MA: 0.7561253125893488 BEST_ACC_MI: 0.713861680023746 BEST_F1_MA: 0.7982092838528999
[[ 13  87 254 539]
 [  2 162 137 503]
 [  3  15 547 181]
 [  0   0   0 926]]
Epoch: [50/200], cls_loss: 0.0969, transfer_loss: -2.7825,person_loss: 0.0000, total_Loss: -1.2943
trian begin
trian end
n_person 615
SAMPLE
F1_MI: 0.551795785099436 F1_MA: 0.4849262450074399 ACC_MI: 0.551795785099436 F1_MA: 0.43135924404725756
BEST_F1_MI: 0.713861680023746 BEST_F1_MA: 0.7561253125893488 BEST_ACC_MI: 0.713861680023746 BEST_F1_MA: 0.7982092838528999
[[  0 186 633  74]
 [  1 377 350  76]
 [  5 174 558   9]
 [  0   2   0 924]]
Epoch: [51/200], cls_loss: 0.0934, transfer_loss: -2.7728,person_loss: 0.0000, total_Loss: -1.2930
trian begin
trian end
n_person 615
SAMPLE
F1_MI: 0.6262986049272781 F1_MA: 0.5618066354059824 ACC_MI: 0.6262986049272781 F1_MA: 0.505406053501454
BEST_F1_MI: 0.713861680023746 BEST_F1_MA: 0.7561253125893488 BEST_ACC_MI: 0.713861680023746 BEST_F1_MA: 0.7982092838528999
[[  6 494 337  56]
 [  8 593 133  70]
 [ 52 103 589   2]
 [  0   2   2 922]]
Epoch: [52/200], cls_loss: 0.0990, transfer_loss: -2.7870,person_loss: 0.0000, total_Loss: -1.2946
trian begin
trian end
n_person 615
SAMPLE
F1_MI: 0.6277827248441674 F1_MA: 0.670690962345935 ACC_MI: 0.6277827248441674 F1_MA: 0.7117006067715831
BEST_F1_MI: 0.713861680023746 BEST_F1_MA: 0.7561253125893488 BEST_ACC_MI: 0.713861680023746 BEST_F1_MA: 0.7982092838528999
[[ 14 426 453   0]
 [  0 568 236   0]
 [  2 134 610   0]
 [  0   3   0 923]]
Epoch: [53/200], cls_loss: 0.0929, transfer_loss: -2.7750,person_loss: 0.0000, total_Loss: -1.2946
trian begin
trian end
n_person 615
SAMPLE
F1_MI: 0.5523894330661917 F1_MA: 0.5200430497773048 ACC_MI: 0.5523894330661917 F1_MA: 0.4893555936984626
BEST_F1_MI: 0.713861680023746 BEST_F1_MA: 0.7561253125893488 BEST_ACC_MI: 0.713861680023746 BEST_F1_MA: 0.7982092838528999
[[ 20 224 469 180]
 [ 22 306 355 121]
 [ 29  43 609  65]
 [  0   0   0 926]]
Epoch: [54/200], cls_loss: 0.0754, transfer_loss: -2.7903,person_loss: 0.0000, total_Loss: -1.3197
trian begin
trian end
n_person 615
SAMPLE
F1_MI: 0.24428613831997625 F1_MA: 0.26713665933603004 ACC_MI: 0.24428613831997625 F1_MA: 0.26509364959146503
BEST_F1_MI: 0.713861680023746 BEST_F1_MA: 0.7561253125893488 BEST_ACC_MI: 0.713861680023746 BEST_F1_MA: 0.7982092838528999
[[  2  65 493 333]
 [  8  93 389 314]
 [  0   1 663  82]
 [850  11   0  65]]
Epoch: [55/200], cls_loss: 0.0894, transfer_loss: -2.7399,person_loss: 0.0000, total_Loss: -1.2805
trian begin
trian end
n_person 615
SAMPLE
F1_MI: 0.28910655981003264 F1_MA: 0.27204323555873117 ACC_MI: 0.28910655981003264 F1_MA: 0.24705969132588407
BEST_F1_MI: 0.713861680023746 BEST_F1_MA: 0.7561253125893488 BEST_ACC_MI: 0.713861680023746 BEST_F1_MA: 0.7982092838528999
[[  4 496 241 152]
 [  0 362 262 180]
 [ 12 137 381 216]
 [ 86 613   0 227]]
Epoch: [56/200], cls_loss: 0.0886, transfer_loss: -2.7807,person_loss: 0.0000, total_Loss: -1.3017
trian begin
trian end
n_person 615
SAMPLE
F1_MI: 0.46007717423567823 F1_MA: 0.4053405679380947 ACC_MI: 0.46007717423567823 F1_MA: 0.36427197472937634
BEST_F1_MI: 0.713861680023746 BEST_F1_MA: 0.7561253125893488 BEST_ACC_MI: 0.713861680023746 BEST_F1_MA: 0.7982092838528999
[[ 41   1 686 165]
 [ 57   3 618 126]
 [ 41  15 581 109]
 [  1   0   0 925]]
Epoch: [57/200], cls_loss: 0.0804, transfer_loss: -2.7788,person_loss: 0.0000, total_Loss: -1.3090
trian begin
trian end
n_person 615
SAMPLE
F1_MI: 0.47788661323834963 F1_MA: 0.45028232527044304 ACC_MI: 0.47788661323834963 F1_MA: 0.42733558533416216
BEST_F1_MI: 0.713861680023746 BEST_F1_MA: 0.7561253125893488 BEST_ACC_MI: 0.713861680023746 BEST_F1_MA: 0.7982092838528999
[[  7 136 750   0]
 [  1 135 668   0]
 [114  86 546   0]
 [  0   4   0 922]]
Epoch: [58/200], cls_loss: 0.0897, transfer_loss: -2.7736,person_loss: 0.0000, total_Loss: -1.2972
trian begin
trian end
n_person 615
SAMPLE
F1_MI: 0.4847135648560404 F1_MA: 0.47528231983076785 ACC_MI: 0.4847135648560404 F1_MA: 0.4679262491716928
BEST_F1_MI: 0.713861680023746 BEST_F1_MA: 0.7561253125893488 BEST_ACC_MI: 0.713861680023746 BEST_F1_MA: 0.7982092838528999
[[ 49  23 694 127]
 [ 52  56 642  54]
 [ 83  39 602  22]
 [  0   0   0 926]]
Epoch: [59/200], cls_loss: 0.0951, transfer_loss: -2.7427,person_loss: 0.0000, total_Loss: -1.2762
trian begin
trian end
n_person 615
SAMPLE
F1_MI: 0.6188780053428317 F1_MA: 0.6100668889822359 ACC_MI: 0.6188780053428317 F1_MA: 0.6017484398238874
BEST_F1_MI: 0.713861680023746 BEST_F1_MA: 0.7561253125893488 BEST_ACC_MI: 0.713861680023746 BEST_F1_MA: 0.7982092838528999
[[197 587 109   0]
 [190 377 237   0]
 [ 87  71 588   0]
 [  2   0   1 923]]
Epoch: [60/200], cls_loss: 0.0886, transfer_loss: -2.7715,person_loss: 0.0000, total_Loss: -1.2972
trian begin
trian end
n_person 615
SAMPLE
F1_MI: 0.4588898783021668 F1_MA: 0.43239401632839825 ACC_MI: 0.4588898783021668 F1_MA: 0.41188746701649426
BEST_F1_MI: 0.713861680023746 BEST_F1_MA: 0.7561253125893488 BEST_ACC_MI: 0.713861680023746 BEST_F1_MA: 0.7982092838528999
[[ 43  11 839   0]
 [ 54  20 730   0]
 [ 89  98 559   0]
 [  1   0   1 924]]
Epoch: [61/200], cls_loss: 0.0869, transfer_loss: -2.7690,person_loss: 0.0000, total_Loss: -1.2976
trian begin
trian end
n_person 615
SAMPLE
F1_MI: 0.3953695458593055 F1_MA: 0.34776883514671525 ACC_MI: 0.39536954585930545 F1_MA: 0.3177831612401451
BEST_F1_MI: 0.713861680023746 BEST_F1_MA: 0.7561253125893488 BEST_ACC_MI: 0.713861680023746 BEST_F1_MA: 0.7982092838528999
[[ 25  11 783  74]
 [ 34  28 675  67]
 [191 167 353  35]
 [  0   0   0 926]]
Epoch: [62/200], cls_loss: 0.0900, transfer_loss: -2.7453,person_loss: 0.0000, total_Loss: -1.2827
trian begin
trian end
n_person 615
SAMPLE
F1_MI: 0.46898189373701393 F1_MA: 0.4591056419443336 ACC_MI: 0.46898189373701393 F1_MA: 0.45685953248716993
BEST_F1_MI: 0.713861680023746 BEST_F1_MA: 0.7561253125893488 BEST_ACC_MI: 0.713861680023746 BEST_F1_MA: 0.7982092838528999
[[ 45 210 638   0]
 [ 29 244 531   0]
 [314  58 374   0]
 [  0   8   1 917]]
Epoch: [63/200], cls_loss: 0.0883, transfer_loss: -2.7597,person_loss: 0.0000, total_Loss: -1.2915
trian begin
trian end
n_person 615
SAMPLE
F1_MI: 0.6019590382902938 F1_MA: 0.5628690471496368 ACC_MI: 0.6019590382902938 F1_MA: 0.5255718461909165
BEST_F1_MI: 0.713861680023746 BEST_F1_MA: 0.7561253125893488 BEST_ACC_MI: 0.713861680023746 BEST_F1_MA: 0.7982092838528999
[[ 13 601 277   2]
 [  5 537 259   3]
 [ 54 133 556   3]
 [  0   4   0 922]]
Epoch: [64/200], cls_loss: 0.0827, transfer_loss: -2.7686,person_loss: 0.0000, total_Loss: -1.3016
trian begin
trian end
n_person 615
SAMPLE
F1_MI: 0.4707628376372811 F1_MA: 0.4415585833781875 ACC_MI: 0.4707628376372811 F1_MA: 0.4246188148426288
BEST_F1_MI: 0.713861680023746 BEST_F1_MA: 0.7561253125893488 BEST_ACC_MI: 0.713861680023746 BEST_F1_MA: 0.7982092838528999
[[ 38 404 443   8]
 [ 55 385 358   6]
 [172 333 239   2]
 [  1   1   0 924]]
Epoch: [65/200], cls_loss: 0.0763, transfer_loss: -2.7803,person_loss: 0.0000, total_Loss: -1.3139
trian begin
trian end
n_person 615
SAMPLE
F1_MI: 0.4562184624517661 F1_MA: 0.44707647887472934 ACC_MI: 0.4562184624517661 F1_MA: 0.45390529001464525
BEST_F1_MI: 0.713861680023746 BEST_F1_MA: 0.7561253125893488 BEST_ACC_MI: 0.713861680023746 BEST_F1_MA: 0.7982092838528999
[[144 130 619   0]
 [151 301 351   1]
 [191 373 180   2]
 [ 14   0   0 912]]
Epoch: [66/200], cls_loss: 0.0733, transfer_loss: -2.7925,person_loss: 0.0000, total_Loss: -1.3230
trian begin
trian end
n_person 615
SAMPLE
F1_MI: 0.4033837934105075 F1_MA: 0.4025631192824967 ACC_MI: 0.40338379341050756 F1_MA: 0.4203474226441415
BEST_F1_MI: 0.713861680023746 BEST_F1_MA: 0.7561253125893488 BEST_ACC_MI: 0.713861680023746 BEST_F1_MA: 0.7982092838528999
[[ 50  45 798   0]
 [ 64 310 430   0]
 [ 43 609  94   0]
 [ 15   6   0 905]]
Epoch: [67/200], cls_loss: 0.0857, transfer_loss: -2.7935,person_loss: 0.0000, total_Loss: -1.3111
trian begin
trian end
n_person 615
SAMPLE
F1_MI: 0.5351736420302761 F1_MA: 0.5203072648324484 ACC_MI: 0.5351736420302761 F1_MA: 0.5147620945009279
BEST_F1_MI: 0.713861680023746 BEST_F1_MA: 0.7561253125893488 BEST_ACC_MI: 0.713861680023746 BEST_F1_MA: 0.7982092838528999
[[ 97 475 320   1]
 [ 34 531 239   0]
 [139 354 253   0]
 [  0   4   0 922]]
Epoch: [68/200], cls_loss: 0.0751, transfer_loss: -2.8052,person_loss: 0.0000, total_Loss: -1.3275
trian begin
trian end
n_person 615
SAMPLE
F1_MI: 0.5921638468388246 F1_MA: 0.587252993278888 ACC_MI: 0.5921638468388246 F1_MA: 0.5860286761879374
BEST_F1_MI: 0.713861680023746 BEST_F1_MA: 0.7561253125893488 BEST_ACC_MI: 0.713861680023746 BEST_F1_MA: 0.7982092838528999
[[144 381 368   0]
 [ 41 505 258   0]
 [116 204 426   0]
 [  0   6   0 920]]
Epoch: [69/200], cls_loss: 0.0700, transfer_loss: -2.7917,person_loss: 0.0000, total_Loss: -1.3259
trian begin
trian end
n_person 615
SAMPLE
F1_MI: 0.5259720985455625 F1_MA: 0.4984474415048074 ACC_MI: 0.5259720985455625 F1_MA: 0.47877194479899843
BEST_F1_MI: 0.713861680023746 BEST_F1_MA: 0.7561253125893488 BEST_ACC_MI: 0.713861680023746 BEST_F1_MA: 0.7982092838528999
[[ 13 335 347 198]
 [  5 556 167  76]
 [ 11 328 284 123]
 [  3   4   0 919]]
Epoch: [70/200], cls_loss: 0.0796, transfer_loss: -2.7752,person_loss: 0.0000, total_Loss: -1.3079
trian begin
trian end
n_person 615
SAMPLE
F1_MI: 0.4826357969723954 F1_MA: 0.492850807002786 ACC_MI: 0.4826357969723954 F1_MA: 0.5179997325339647
BEST_F1_MI: 0.713861680023746 BEST_F1_MA: 0.7561253125893488 BEST_ACC_MI: 0.713861680023746 BEST_F1_MA: 0.7982092838528999
[[ 89 212 592   0]
 [ 55 407 342   0]
 [ 21 518 207   0]
 [  2   1   0 923]]
Epoch: [71/200], cls_loss: 0.0647, transfer_loss: -2.7922,person_loss: 0.0000, total_Loss: -1.3314
trian begin
trian end
n_person 615
SAMPLE
F1_MI: 0.4197091124962897 F1_MA: 0.4102055331060788 ACC_MI: 0.4197091124962897 F1_MA: 0.41717724563469244
BEST_F1_MI: 0.713861680023746 BEST_F1_MA: 0.7561253125893488 BEST_ACC_MI: 0.713861680023746 BEST_F1_MA: 0.7982092838528999
[[ 35 142 716   0]
 [ 17 345 442   0]
 [ 89 546 111   0]
 [  0   3   0 923]]
Epoch: [72/200], cls_loss: 0.0791, transfer_loss: -2.7892,person_loss: 0.0000, total_Loss: -1.3155
trian begin
trian end
n_person 615
SAMPLE
F1_MI: 0.38854259424161475 F1_MA: 0.3760106001188482 ACC_MI: 0.38854259424161475 F1_MA: 0.3843662251884421
BEST_F1_MI: 0.713861680023746 BEST_F1_MA: 0.7561253125893488 BEST_ACC_MI: 0.713861680023746 BEST_F1_MA: 0.7982092838528999
[[159   8 726   0]
 [275  73 456   0]
 [104 488 154   0]
 [  3   0   0 923]]
Epoch: [73/200], cls_loss: 0.0623, transfer_loss: -2.7971,person_loss: 0.0000, total_Loss: -1.3363
trian begin
trian end
n_person 615
SAMPLE
F1_MI: 0.369249035322054 F1_MA: 0.3533082677470382 ACC_MI: 0.369249035322054 F1_MA: 0.3543900202858299
BEST_F1_MI: 0.713861680023746 BEST_F1_MA: 0.7561253125893488 BEST_ACC_MI: 0.713861680023746 BEST_F1_MA: 0.7982092838528999
[[  5  34 854   0]
 [  8 176 620   0]
 [ 34 572 140   0]
 [  0   2   1 923]]
Epoch: [74/200], cls_loss: 0.0690, transfer_loss: -2.6627,person_loss: 0.0000, total_Loss: -1.2623
trian begin
trian end
n_person 615
SAMPLE
F1_MI: 0.3977441377263283 F1_MA: 0.3952296903869038 ACC_MI: 0.3977441377263283 F1_MA: 0.4075425422369763
BEST_F1_MI: 0.713861680023746 BEST_F1_MA: 0.7561253125893488 BEST_ACC_MI: 0.713861680023746 BEST_F1_MA: 0.7982092838528999
[[  6 121 766   0]
 [  3 200 601   0]
 [ 14 523 209   0]
 [  0   1   0 925]]
Epoch: [75/200], cls_loss: 0.0723, transfer_loss: -2.6866,person_loss: 0.0000, total_Loss: -1.2710
trian begin
trian end
n_person 615
SAMPLE
F1_MI: 0.3348174532502226 F1_MA: 0.29654119363054354 ACC_MI: 0.3348174532502226 F1_MA: 0.28111134028211343
BEST_F1_MI: 0.713861680023746 BEST_F1_MA: 0.7561253125893488 BEST_ACC_MI: 0.713861680023746 BEST_F1_MA: 0.7982092838528999
[[  6 121 633 133]
 [  4 157 495 148]
 [ 22 614  42  68]
 [  0   3   0 923]]
Epoch: [76/200], cls_loss: 0.0648, transfer_loss: -2.7911,person_loss: 0.0000, total_Loss: -1.3308
trian begin
trian end
n_person 615
SAMPLE
F1_MI: 0.4390026714158504 F1_MA: 0.41491669296193406 ACC_MI: 0.4390026714158504 F1_MA: 0.4069816260273118
BEST_F1_MI: 0.713861680023746 BEST_F1_MA: 0.7561253125893488 BEST_ACC_MI: 0.713861680023746 BEST_F1_MA: 0.7982092838528999
[[  9 454 261 169]
 [  5 493 201 105]
 [  4 630  55  57]
 [  1   3   0 922]]
Epoch: [77/200], cls_loss: 0.0656, transfer_loss: -2.7992,person_loss: 0.0000, total_Loss: -1.3340
trian begin
trian end
n_person 615
SAMPLE
F1_MI: 0.4562184624517661 F1_MA: 0.4022263598388922 ACC_MI: 0.4562184624517661 F1_MA: 0.3686233259243545
BEST_F1_MI: 0.713861680023746 BEST_F1_MA: 0.7561253125893488 BEST_ACC_MI: 0.713861680023746 BEST_F1_MA: 0.7982092838528999
[[ 14 324 512  43]
 [  7 483 278  36]
 [ 88 423 118 117]
 [  0   4   0 922]]
Epoch: [78/200], cls_loss: 0.0570, transfer_loss: -2.7996,person_loss: 0.0000, total_Loss: -1.3428
trian begin
trian end
n_person 615
SAMPLE
F1_MI: 0.38290293855743546 F1_MA: 0.32355815370349944 ACC_MI: 0.38290293855743546 F1_MA: 0.29047595152263195
BEST_F1_MI: 0.713861680023746 BEST_F1_MA: 0.7561253125893488 BEST_ACC_MI: 0.713861680023746 BEST_F1_MA: 0.7982092838528999
[[  0  75 732  86]
 [  7 291 421  85]
 [ 11 598  76  61]
 [  0   3   0 923]]
Epoch: [79/200], cls_loss: 0.0446, transfer_loss: -2.7953,person_loss: 0.0000, total_Loss: -1.3531
trian begin
trian end
n_person 615
SAMPLE
F1_MI: 0.4725437815375482 F1_MA: 0.4417787734655647 ACC_MI: 0.4725437815375482 F1_MA: 0.42539910600255426
BEST_F1_MI: 0.713861680023746 BEST_F1_MA: 0.7561253125893488 BEST_ACC_MI: 0.713861680023746 BEST_F1_MA: 0.7982092838528999
[[ 12 218 663   0]
 [ 24 559 221   0]
 [ 24 620 102   0]
 [  0   7   0 919]]
Epoch: [80/200], cls_loss: 0.0771, transfer_loss: -2.8006,person_loss: 0.0000, total_Loss: -1.3233
trian begin
trian end
n_person 615
SAMPLE
F1_MI: 0.44820421490056395 F1_MA: 0.38306738192310535 ACC_MI: 0.44820421490056395 F1_MA: 0.34299216370314495
BEST_F1_MI: 0.713861680023746 BEST_F1_MA: 0.7561253125893488 BEST_ACC_MI: 0.713861680023746 BEST_F1_MA: 0.7982092838528999
[[  7 204 516 166]
 [ 21 487 164 132]
 [ 15 511  93 127]
 [  0   3   0 923]]
Epoch: [81/200], cls_loss: 0.0639, transfer_loss: -2.7994,person_loss: 0.0000, total_Loss: -1.3358
trian begin
trian end
n_person 615
SAMPLE
F1_MI: 0.48204214900563963 F1_MA: 0.4781165810821035 ACC_MI: 0.48204214900563963 F1_MA: 0.4829280657433455
BEST_F1_MI: 0.713861680023746 BEST_F1_MA: 0.7561253125893488 BEST_ACC_MI: 0.713861680023746 BEST_F1_MA: 0.7982092838528999
[[  6 174 648  65]
 [  6 432 281  85]
 [  1 464 264  17]
 [  0   4   0 922]]
Epoch: [82/200], cls_loss: 0.0574, transfer_loss: -2.7835,person_loss: 0.0000, total_Loss: -1.3343
trian begin
trian end
n_person 615
SAMPLE
F1_MI: 0.40902344909468685 F1_MA: 0.4236080666504137 ACC_MI: 0.40902344909468685 F1_MA: 0.4572091592392279
BEST_F1_MI: 0.713861680023746 BEST_F1_MA: 0.7561253125893488 BEST_ACC_MI: 0.713861680023746 BEST_F1_MA: 0.7982092838528999
[[  4  99 770  20]
 [  5 283 512   4]
 [  0 578 168   0]
 [  0   3   0 923]]
Epoch: [83/200], cls_loss: 0.0674, transfer_loss: -2.7816,person_loss: 0.0000, total_Loss: -1.3234
[[170 666  57   0]
 [ 18 753  33   0]
 [  9 178 559   0]
 [  0   1   2 923]]
[[170 666  57   0]
 [ 18 753  33   0]
 [  9 178 559   0]
 [  0   1   2 923]]
WHAT: False
{'best_f1': 0.7561253125893488, 'best_matrix': [[170, 666, 57, 0], [18, 753, 33, 0], [9, 178, 559, 0], [0, 1, 2, 923]], 'args': 0.1}
{"best_f1": 0.7561253125893488, "best_matrix": [[170, 666, 57, 0], [18, 753, 33, 0], [9, 178, 559, 0], [0, 1, 2, 923]], "args": 0.1}
ARG: Namespace(backbone='resnet50', batch_size=32, config='BNM/BNM.yaml', data_dir='data', device=device(type='cuda'), early_stop=50, epoch_based_training=False, lr=0.003, lr_decay=0.75, lr_gamma=0.0003, lr_scheduler=True, max_iter=21000, method='False', momentum=0.9, myweight=0.1, n_class=4, n_epoch=200, n_iter_per_epoch=105, num_workers=3, seed=2, src_domain='WISDM', tgt_domain='UCI', tname='transfer', transfer_loss='bnm', transfer_loss_weight=0.5, use_bottleneck=True, weight_decay=0.0005)
