twommd 2 WISDM PAMAP2 MEDA/MEDA.yaml False
Namespace(backbone='resnet50', batch_size=32, config='MEDA/MEDA.yaml', data_dir='data', device=device(type='cuda'), early_stop=50, epoch_based_training=False, lr=0.003, lr_decay=0.75, lr_gamma=0.0003, lr_scheduler=True, method='False', momentum=0.9, myweight=0.1, n_epoch=200, n_iter_per_epoch=100, num_workers=7, seed=2, src_domain='WISDM', tgt_domain='PAMAP2', tname='transfer', transfer_loss='twommd', transfer_loss_weight=0.5, use_bottleneck=True, weight_decay=0.0005)
JUST DO IT
run my Parkinson code
transfer
TRAIN Length: 13609 322 TEST Length: 4725 360
YYY: 0 3
DATA_PROFILE   train: 13609 train2: 4725 test: 4725
DATASET.SHAPE: <data_loader.GetTrainLoader object at 0x7fc88fe91b00> True
DATASET.SHAPE: <data_loader.GetTrainLoader object at 0x7fc914fd1780> True
DATASET.SHAPE: <data_loader.GetTestLoader object at 0x7fc914f7bd68> False
CLASS: 4 360
transfer_world
method False <class 'str'>
1.10.1+cu102
True
LEN: 0 0
LOADER: <data_loader.InfiniteDataLoader object at 0x7fc915005eb8> <data_loader.InfiniteDataLoader object at 0x7fc914f7bc88>
N_batch: 147
trian begin
trian end
ACC: 46.560846560846564
SAMPLE
F1_MI: 0.4651851851851852 F1_MA: 0.3902568388151206 ACC_MI: 0.4651851851851852 F1_MA: 0.375535372809097
BEST_F1_MI: 0.4651851851851852 BEST_F1_MA: 0.3902568388151206 BEST_ACC_MI: 0.4651851851851852 BEST_F1_MA: 0.375535372809097
[[ 712  832    0   38]
 [ 523  334    0   48]
 [ 405  346    0   57]
 [  55  223    0 1152]]
Epoch: [ 1/200], cls_loss: 0.0000, transfer_loss: 0.0000,person_loss: 0.0000, total_Loss: 0.0000
trian begin
trian end
ACC: 64.84656084656085
SAMPLE
F1_MI: 0.6484656084656084 F1_MA: 0.4985728647161886 ACC_MI: 0.6484656084656084 F1_MA: 0.4601130152149028
BEST_F1_MI: 0.6484656084656084 BEST_F1_MA: 0.4985728647161886 BEST_ACC_MI: 0.6484656084656084 BEST_F1_MA: 0.4601130152149028
[[1445   91    0   46]
 [ 501  322    0   82]
 [ 370  347    0   91]
 [   3  130    0 1297]]
Epoch: [ 2/200], cls_loss: 0.0000, transfer_loss: 0.0000,person_loss: 0.0000, total_Loss: 0.0000
trian begin
trian end
ACC: 50.8994708994709
SAMPLE
F1_MI: 0.508994708994709 F1_MA: 0.4807152357946399 ACC_MI: 0.508994708994709 F1_MA: 0.4905853120045325
BEST_F1_MI: 0.6484656084656084 BEST_F1_MA: 0.4985728647161886 BEST_ACC_MI: 0.6484656084656084 BEST_F1_MA: 0.4905853120045325
[[992 587   0   3]
 [223 665   0  17]
 [113 685   0  10]
 [  0 682   0 748]]
Epoch: [ 3/200], cls_loss: 0.0000, transfer_loss: 0.0000,person_loss: 0.0000, total_Loss: 0.0000
trian begin
trian end
ACC: 35.72486772486773
SAMPLE
F1_MI: 0.35005291005291006 F1_MA: 0.2013522154508465 ACC_MI: 0.35005291005291006 F1_MA: 0.15782029452920007
BEST_F1_MI: 0.6484656084656084 BEST_F1_MA: 0.4985728647161886 BEST_ACC_MI: 0.6484656084656084 BEST_F1_MA: 0.4905853120045325
[[1513   69    0    0]
 [ 764  141    0    0]
 [ 415  381    0   12]
 [   3 1427    0    0]]
Epoch: [ 4/200], cls_loss: 0.0000, transfer_loss: 0.0000,person_loss: 0.0000, total_Loss: 0.0000
trian begin
trian end
ACC: 56.12698412698413
SAMPLE
F1_MI: 0.5612698412698413 F1_MA: 0.4311825332398157 ACC_MI: 0.5612698412698413 F1_MA: 0.4095404598379664
BEST_F1_MI: 0.6484656084656084 BEST_F1_MA: 0.4985728647161886 BEST_ACC_MI: 0.6484656084656084 BEST_F1_MA: 0.4905853120045325
[[1478   83    0   21]
 [ 710  162    0   33]
 [ 581  185    0   42]
 [   0  418    0 1012]]
Epoch: [ 5/200], cls_loss: 0.0000, transfer_loss: 0.0000,person_loss: 0.0000, total_Loss: 0.0000
trian begin
trian end
ACC: 37.714285714285715
SAMPLE
F1_MI: 0.3712169312169312 F1_MA: 0.22522158717366994 ACC_MI: 0.3712169312169312 F1_MA: 0.17730571150668004
BEST_F1_MI: 0.6484656084656084 BEST_F1_MA: 0.4985728647161886 BEST_ACC_MI: 0.6484656084656084 BEST_F1_MA: 0.4905853120045325
[[1488   94    0    0]
 [ 639  266    0    0]
 [ 412  343    0   53]
 [   9 1421    0    0]]
Epoch: [ 6/200], cls_loss: 0.0000, transfer_loss: 0.0000,person_loss: 0.0000, total_Loss: 0.0000
trian begin
trian end
ACC: 43.80952380952381
SAMPLE
F1_MI: 0.4380952380952381 F1_MA: 0.3569489211094444 ACC_MI: 0.4380952380952381 F1_MA: 0.36126495314950163
BEST_F1_MI: 0.6484656084656084 BEST_F1_MA: 0.4985728647161886 BEST_ACC_MI: 0.6484656084656084 BEST_F1_MA: 0.4905853120045325
[[1517   65    0    0]
 [ 740  161    0    4]
 [ 501  205    0  102]
 [  14 1024    0  392]]
Epoch: [ 7/200], cls_loss: 0.0000, transfer_loss: 0.0000,person_loss: 0.0000, total_Loss: 0.0000
trian begin
trian end
ACC: 62.116402116402114
SAMPLE
F1_MI: 0.5642328042328042 F1_MA: 0.45257826673091184 ACC_MI: 0.5642328042328042 F1_MA: 0.4387650480455134
BEST_F1_MI: 0.6484656084656084 BEST_F1_MA: 0.4985728647161886 BEST_ACC_MI: 0.6484656084656084 BEST_F1_MA: 0.4905853120045325
[[1492   74    0   16]
 [ 617  259    0   29]
 [ 235  553    0   20]
 [   0  515    0  915]]
Epoch: [ 8/200], cls_loss: 0.0000, transfer_loss: 0.0000,person_loss: 0.0000, total_Loss: 0.0000
trian begin
trian end
ACC: 44.148148148148145
SAMPLE
F1_MI: 0.4383068783068783 F1_MA: 0.417914503680325 ACC_MI: 0.4383068783068783 F1_MA: 0.41787078154302204
BEST_F1_MI: 0.6484656084656084 BEST_F1_MA: 0.4985728647161886 BEST_ACC_MI: 0.6484656084656084 BEST_F1_MA: 0.4905853120045325
[[ 312  944  283   43]
 [ 230  494  120   61]
 [ 253  406   82   67]
 [   0  247    0 1183]]
Epoch: [ 9/200], cls_loss: 0.0000, transfer_loss: 0.0000,person_loss: 0.0000, total_Loss: 0.0000
trian begin
trian end
ACC: 56.63492063492063
SAMPLE
F1_MI: 0.5663492063492064 F1_MA: 0.4829777518069592 ACC_MI: 0.5663492063492064 F1_MA: 0.46077391971509607
BEST_F1_MI: 0.6484656084656084 BEST_F1_MA: 0.4985728647161886 BEST_ACC_MI: 0.6484656084656084 BEST_F1_MA: 0.4905853120045325
[[ 920    8  604   50]
 [ 312   16  479   98]
 [ 260   50  397  101]
 [   6   58   23 1343]]
Epoch: [10/200], cls_loss: 0.0000, transfer_loss: 0.0000,person_loss: 0.0000, total_Loss: 0.0000
trian begin
trian end
ACC: 21.566137566137566
SAMPLE
F1_MI: 0.2148148148148148 F1_MA: 0.22622497972328665 ACC_MI: 0.21481481481481482 F1_MA: 0.19251085819270145
BEST_F1_MI: 0.6484656084656084 BEST_F1_MA: 0.4985728647161886 BEST_ACC_MI: 0.6484656084656084 BEST_F1_MA: 0.4905853120045325
[[  99 1075  408    0]
 [  50  748  107    0]
 [ 148  492  168    0]
 [   6 1415    9    0]]
Epoch: [11/200], cls_loss: 0.0000, transfer_loss: 0.0000,person_loss: 0.0000, total_Loss: 0.0000
trian begin
trian end
ACC: 61.904761904761905
SAMPLE
F1_MI: 0.6190476190476191 F1_MA: 0.5236464248535623 ACC_MI: 0.6190476190476191 F1_MA: 0.5137244827394662
BEST_F1_MI: 0.6484656084656084 BEST_F1_MA: 0.5236464248535623 BEST_ACC_MI: 0.6484656084656084 BEST_F1_MA: 0.5137244827394662
[[1284   22  233   43]
 [ 359  113  347   86]
 [ 267  213  243   85]
 [   0  137    8 1285]]
Epoch: [12/200], cls_loss: 0.0000, transfer_loss: 0.0000,person_loss: 0.0000, total_Loss: 0.0000
trian begin
trian end
ACC: 26.03174603174603
SAMPLE
F1_MI: 0.26031746031746034 F1_MA: 0.25071790268079575 ACC_MI: 0.26031746031746034 F1_MA: 0.24121718701866046
BEST_F1_MI: 0.6484656084656084 BEST_F1_MA: 0.5236464248535623 BEST_ACC_MI: 0.6484656084656084 BEST_F1_MA: 0.5137244827394662
[[ 697  350  535    0]
 [ 254  424  227    0]
 [  55  644  109    0]
 [   3 1426    1    0]]
Epoch: [13/200], cls_loss: 0.0000, transfer_loss: 0.0000,person_loss: 0.0000, total_Loss: 0.0000
trian begin
trian end
ACC: 35.47089947089947
SAMPLE
F1_MI: 0.3538624338624339 F1_MA: 0.31851251891743476 ACC_MI: 0.3538624338624339 F1_MA: 0.3602812899325005
BEST_F1_MI: 0.6484656084656084 BEST_F1_MA: 0.5236464248535623 BEST_ACC_MI: 0.6484656084656084 BEST_F1_MA: 0.5137244827394662
[[1498   39   41    4]
 [ 725   86   90    4]
 [ 641   94   71    2]
 [   4 1306  103   17]]
Epoch: [14/200], cls_loss: 0.0000, transfer_loss: 0.0000,person_loss: 0.0000, total_Loss: 0.0000
trian begin
trian end
ACC: 34.53968253968254
SAMPLE
F1_MI: 0.3441269841269841 F1_MA: 0.24231153007615702 ACC_MI: 0.3441269841269841 F1_MA: 0.21524083218293158
BEST_F1_MI: 0.6484656084656084 BEST_F1_MA: 0.5236464248535623 BEST_ACC_MI: 0.6484656084656084 BEST_F1_MA: 0.5137244827394662
[[1469   51   62    0]
 [ 766  107   32    0]
 [ 645  113   50    0]
 [  40 1363   27    0]]
Epoch: [15/200], cls_loss: 0.0000, transfer_loss: 0.0000,person_loss: 0.0000, total_Loss: 0.0000
trian begin
trian end
ACC: 36.317460317460316
SAMPLE
F1_MI: 0.3532275132275132 F1_MA: 0.26063308084095277 ACC_MI: 0.3532275132275132 F1_MA: 0.23523195379544426
BEST_F1_MI: 0.6484656084656084 BEST_F1_MA: 0.5236464248535623 BEST_ACC_MI: 0.6484656084656084 BEST_F1_MA: 0.5137244827394662
[[1461   47   74    0]
 [ 718   92   89    6]
 [ 469  100  116  123]
 [  61 1309   60    0]]
Epoch: [16/200], cls_loss: 0.0000, transfer_loss: 0.0000,person_loss: 0.0000, total_Loss: 0.0000
trian begin
trian end
ACC: 8.88888888888889
SAMPLE
F1_MI: 0.07915343915343916 F1_MA: 0.061389413714360526 ACC_MI: 0.07915343915343916 F1_MA: 0.05245209519499219
BEST_F1_MI: 0.6484656084656084 BEST_F1_MA: 0.5236464248535623 BEST_ACC_MI: 0.6484656084656084 BEST_F1_MA: 0.5137244827394662
[[ 271  328  983    0]
 [ 277   21  606    1]
 [ 719    0   82    7]
 [1420    0   10    0]]
Epoch: [17/200], cls_loss: 0.0000, transfer_loss: 0.0000,person_loss: 0.0000, total_Loss: 0.0000
trian begin
trian end
ACC: 50.96296296296296
SAMPLE
F1_MI: 0.49587301587301585 F1_MA: 0.40990331747213465 ACC_MI: 0.49587301587301585 F1_MA: 0.39561122764854084
BEST_F1_MI: 0.6484656084656084 BEST_F1_MA: 0.5236464248535623 BEST_ACC_MI: 0.6484656084656084 BEST_F1_MA: 0.5137244827394662
[[ 785    1  746   50]
 [ 513    7  285  100]
 [ 489    8  209  102]
 [  26   33   29 1342]]
Epoch: [18/200], cls_loss: 0.0000, transfer_loss: 0.0000,person_loss: 0.0000, total_Loss: 0.0000
trian begin
trian end
ACC: 15.788359788359788
SAMPLE
F1_MI: 0.1544973544973545 F1_MA: 0.14785887937644837 ACC_MI: 0.1544973544973545 F1_MA: 0.12182156401063604
BEST_F1_MI: 0.6484656084656084 BEST_F1_MA: 0.5236464248535623 BEST_ACC_MI: 0.6484656084656084 BEST_F1_MA: 0.5137244827394662
[[ 151 1143  288    0]
 [ 220  451  232    2]
 [ 176  501  128    3]
 [1419    5    6    0]]
Epoch: [19/200], cls_loss: 0.0000, transfer_loss: 0.0000,person_loss: 0.0000, total_Loss: 0.0000
trian begin
trian end
ACC: 54.79365079365079
SAMPLE
F1_MI: 0.5479365079365079 F1_MA: 0.46594983024036957 ACC_MI: 0.5479365079365079 F1_MA: 0.4553424874008939
BEST_F1_MI: 0.6484656084656084 BEST_F1_MA: 0.5236464248535623 BEST_ACC_MI: 0.6484656084656084 BEST_F1_MA: 0.5137244827394662
[[1062   13  468   39]
 [ 501   44  296   64]
 [ 406   52  281   69]
 [  28  185   15 1202]]
Epoch: [20/200], cls_loss: 0.0000, transfer_loss: 0.0000,person_loss: 0.0000, total_Loss: 0.0000
trian begin
trian end
ACC: 61.7989417989418
SAMPLE
F1_MI: 0.617989417989418 F1_MA: 0.5568774092263388 ACC_MI: 0.617989417989418 F1_MA: 0.5637850094621243
BEST_F1_MI: 0.6484656084656084 BEST_F1_MA: 0.5568774092263388 BEST_ACC_MI: 0.6484656084656084 BEST_F1_MA: 0.5637850094621243
[[1170  308   62   42]
 [ 488  176  164   77]
 [ 315  102  308   83]
 [  29  117   18 1266]]
Epoch: [21/200], cls_loss: 0.0000, transfer_loss: 0.0000,person_loss: 0.0000, total_Loss: 0.0000
trian begin
trian end
ACC: 24.16931216931217
SAMPLE
F1_MI: 0.24169312169312168 F1_MA: 0.2642325238003572 ACC_MI: 0.24169312169312168 F1_MA: 0.27110804853708137
BEST_F1_MI: 0.6484656084656084 BEST_F1_MA: 0.5568774092263388 BEST_ACC_MI: 0.6484656084656084 BEST_F1_MA: 0.5637850094621243
[[ 581  961   40    0]
 [ 578  232   95    0]
 [ 398   78  329    3]
 [1408   22    0    0]]
Epoch: [22/200], cls_loss: 0.0000, transfer_loss: 0.0000,person_loss: 0.0000, total_Loss: 0.0000
trian begin
trian end
ACC: 33.82010582010582
SAMPLE
F1_MI: 0.3382010582010582 F1_MA: 0.25798694413214096 ACC_MI: 0.3382010582010582 F1_MA: 0.23573069311435074
BEST_F1_MI: 0.6484656084656084 BEST_F1_MA: 0.5568774092263388 BEST_ACC_MI: 0.6484656084656084 BEST_F1_MA: 0.5637850094621243
[[1356  154   72    0]
 [ 676  129  100    0]
 [ 577  118  113    0]
 [  18 1378   34    0]]
Epoch: [23/200], cls_loss: 0.0000, transfer_loss: 0.0000,person_loss: 0.0000, total_Loss: 0.0000
trian begin
trian end
ACC: 47.32275132275132
SAMPLE
F1_MI: 0.4732275132275132 F1_MA: 0.4133061420776607 ACC_MI: 0.4732275132275132 F1_MA: 0.4102775773569065
BEST_F1_MI: 0.6484656084656084 BEST_F1_MA: 0.5568774092263388 BEST_ACC_MI: 0.6484656084656084 BEST_F1_MA: 0.5637850094621243
[[ 573  742  215   52]
 [ 434  147  224  100]
 [ 315  238  150  105]
 [   2   23   39 1366]]
Epoch: [24/200], cls_loss: 0.0000, transfer_loss: 0.0000,person_loss: 0.0000, total_Loss: 0.0000
trian begin
trian end
ACC: 19.47089947089947
SAMPLE
F1_MI: 0.1908994708994709 F1_MA: 0.21103215308586096 ACC_MI: 0.1908994708994709 F1_MA: 0.20296816718551097
BEST_F1_MI: 0.6484656084656084 BEST_F1_MA: 0.5568774092263388 BEST_ACC_MI: 0.6484656084656084 BEST_F1_MA: 0.5637850094621243
[[ 352  569  661    0]
 [ 178  182  523   22]
 [ 147  194  368   99]
 [  17 1326   87    0]]
Epoch: [25/200], cls_loss: 0.0000, transfer_loss: 0.0000,person_loss: 0.0000, total_Loss: 0.0000
trian begin
trian end
ACC: 63.851851851851855
SAMPLE
F1_MI: 0.6385185185185185 F1_MA: 0.5514318878399577 ACC_MI: 0.6385185185185185 F1_MA: 0.5456777446068082
BEST_F1_MI: 0.6484656084656084 BEST_F1_MA: 0.5568774092263388 BEST_ACC_MI: 0.6484656084656084 BEST_F1_MA: 0.5637850094621243
[[1369  129   40   44]
 [ 591   70  175   69]
 [ 329   62  340   77]
 [   1   91  100 1238]]
Epoch: [26/200], cls_loss: 0.0000, transfer_loss: 0.0000,person_loss: 0.0000, total_Loss: 0.0000
trian begin
trian end
ACC: 59.78835978835979
SAMPLE
F1_MI: 0.5978835978835979 F1_MA: 0.4980307646263852 ACC_MI: 0.5978835978835979 F1_MA: 0.4825090716277548
BEST_F1_MI: 0.6484656084656084 BEST_F1_MA: 0.5568774092263388 BEST_ACC_MI: 0.6484656084656084 BEST_F1_MA: 0.5637850094621243
[[1172   17  345   48]
 [ 410   32  369   94]
 [ 391   40  276  101]
 [   1   58   26 1345]]
Epoch: [27/200], cls_loss: 0.0000, transfer_loss: 0.0000,person_loss: 0.0000, total_Loss: 0.0000
trian begin
trian end
ACC: 45.94708994708995
SAMPLE
F1_MI: 0.4594708994708995 F1_MA: 0.4608720959096331 ACC_MI: 0.4594708994708995 F1_MA: 0.4716415125381367
BEST_F1_MI: 0.6484656084656084 BEST_F1_MA: 0.5568774092263388 BEST_ACC_MI: 0.6484656084656084 BEST_F1_MA: 0.5637850094621243
[[ 360   92 1091   39]
 [ 187   78  573   67]
 [  11  207  514   76]
 [   5  156   50 1219]]
Epoch: [28/200], cls_loss: 0.0000, transfer_loss: 0.0000,person_loss: 0.0000, total_Loss: 0.0000
trian begin
trian end
ACC: 28.867724867724867
SAMPLE
F1_MI: 0.24232804232804234 F1_MA: 0.2582688495256292 ACC_MI: 0.24232804232804234 F1_MA: 0.24627386976520743
BEST_F1_MI: 0.6484656084656084 BEST_F1_MA: 0.5568774092263388 BEST_ACC_MI: 0.6484656084656084 BEST_F1_MA: 0.5637850094621243
[[ 503  503  576    0]
 [ 292  196  414    3]
 [ 212  146  445    5]
 [   1 1292  136    1]]
Epoch: [29/200], cls_loss: 0.0000, transfer_loss: 0.0000,person_loss: 0.0000, total_Loss: 0.0000
trian begin
trian end
ACC: 51.23809523809524
SAMPLE
F1_MI: 0.5123809523809524 F1_MA: 0.518255942157246 ACC_MI: 0.5123809523809524 F1_MA: 0.5289866546282695
BEST_F1_MI: 0.6484656084656084 BEST_F1_MA: 0.5568774092263388 BEST_ACC_MI: 0.6484656084656084 BEST_F1_MA: 0.5637850094621243
[[ 346 1129   62   45]
 [ 218  432  168   87]
 [ 134  236  347   91]
 [   0   62   72 1296]]
Epoch: [30/200], cls_loss: 0.0000, transfer_loss: 0.0000,person_loss: 0.0000, total_Loss: 0.0000
trian begin
trian end
ACC: 37.714285714285715
SAMPLE
F1_MI: 0.3760846560846561 F1_MA: 0.3060453955666236 ACC_MI: 0.3760846560846561 F1_MA: 0.29471628422476903
BEST_F1_MI: 0.6484656084656084 BEST_F1_MA: 0.5568774092263388 BEST_ACC_MI: 0.6484656084656084 BEST_F1_MA: 0.5637850094621243
[[1503   56   23    0]
 [ 719  121   65    0]
 [ 523  132  153    0]
 [   0 1398   32    0]]
Epoch: [31/200], cls_loss: 0.0000, transfer_loss: 0.0000,person_loss: 0.0000, total_Loss: 0.0000
trian begin
trian end
ACC: 27.026455026455025
SAMPLE
F1_MI: 0.27026455026455026 F1_MA: 0.30669036688193335 ACC_MI: 0.27026455026455026 F1_MA: 0.44028743461474806
BEST_F1_MI: 0.6484656084656084 BEST_F1_MA: 0.5568774092263388 BEST_ACC_MI: 0.6484656084656084 BEST_F1_MA: 0.5637850094621243
[[ 969  589   24    0]
 [ 570  189  146    0]
 [ 546  194   68    0]
 [  14 1288   77   51]]
Epoch: [32/200], cls_loss: 0.0000, transfer_loss: 0.0000,person_loss: 0.0000, total_Loss: 0.0000
trian begin
trian end
ACC: 57.333333333333336
SAMPLE
F1_MI: 0.5733333333333334 F1_MA: 0.4737226629407401 ACC_MI: 0.5733333333333334 F1_MA: 0.47557119540645665
BEST_F1_MI: 0.6484656084656084 BEST_F1_MA: 0.5568774092263388 BEST_ACC_MI: 0.6484656084656084 BEST_F1_MA: 0.5637850094621243
[[1405  136   15   26]
 [ 709  107   54   35]
 [ 167  519   82   40]
 [  36  110  169 1115]]
Epoch: [33/200], cls_loss: 0.0000, transfer_loss: 0.0000,person_loss: 0.0000, total_Loss: 0.0000
trian begin
trian end
ACC: 68.25396825396825
SAMPLE
F1_MI: 0.6825396825396826 F1_MA: 0.5703396117982229 ACC_MI: 0.6825396825396826 F1_MA: 0.5411636114853549
BEST_F1_MI: 0.6825396825396826 BEST_F1_MA: 0.5703396117982229 BEST_ACC_MI: 0.6825396825396826 BEST_F1_MA: 0.5637850094621243
[[1399    9  124   50]
 [ 278   34  494   99]
 [ 100  164  439  105]
 [  12   60    5 1353]]
Epoch: [34/200], cls_loss: 0.0000, transfer_loss: 0.0000,person_loss: 0.0000, total_Loss: 0.0000
trian begin
trian end
ACC: 68.93121693121694
SAMPLE
F1_MI: 0.6852910052910053 F1_MA: 0.5908279646774829 ACC_MI: 0.6852910052910053 F1_MA: 0.5921685604176219
BEST_F1_MI: 0.6852910052910053 BEST_F1_MA: 0.5908279646774829 BEST_ACC_MI: 0.6852910052910053 BEST_F1_MA: 0.5921685604176219
[[1529    1    2   50]
 [ 756    9   44   96]
 [ 301   48  358  101]
 [  32   36   20 1342]]
Epoch: [35/200], cls_loss: 0.0000, transfer_loss: 0.0000,person_loss: 0.0000, total_Loss: 0.0000
trian begin
trian end
ACC: 39.80952380952381
SAMPLE
F1_MI: 0.3980952380952381 F1_MA: 0.4290643283925188 ACC_MI: 0.3980952380952381 F1_MA: 0.486847945278628
BEST_F1_MI: 0.6852910052910053 BEST_F1_MA: 0.5908279646774829 BEST_ACC_MI: 0.6852910052910053 BEST_F1_MA: 0.5921685604176219
[[509 754 308  11]
 [208 264 412  21]
 [121 400 271  16]
 [  0 539  54 837]]
Epoch: [36/200], cls_loss: 0.0000, transfer_loss: 0.0000,person_loss: 0.0000, total_Loss: 0.0000
trian begin
trian end
ACC: 64.31746031746032
SAMPLE
F1_MI: 0.6431746031746032 F1_MA: 0.5554240179486074 ACC_MI: 0.6431746031746032 F1_MA: 0.5706085030136406
BEST_F1_MI: 0.6852910052910053 BEST_F1_MA: 0.5908279646774829 BEST_ACC_MI: 0.6852910052910053 BEST_F1_MA: 0.5921685604176219
[[1519   11    9   43]
 [ 744   45   43   73]
 [ 435   67  228   78]
 [   1  122   60 1247]]
Epoch: [37/200], cls_loss: 0.0000, transfer_loss: 0.0000,person_loss: 0.0000, total_Loss: 0.0000
trian begin
trian end
ACC: 66.05291005291005
SAMPLE
F1_MI: 0.6601058201058201 F1_MA: 0.5829359279549876 ACC_MI: 0.6601058201058201 F1_MA: 0.5855991813458141
BEST_F1_MI: 0.6852910052910053 BEST_F1_MA: 0.5908279646774829 BEST_ACC_MI: 0.6852910052910053 BEST_F1_MA: 0.5921685604176219
[[1461   49   35   37]
 [ 496  152  207   50]
 [  94  326  328   60]
 [   0  208   44 1178]]
Epoch: [38/200], cls_loss: 0.0000, transfer_loss: 0.0000,person_loss: 0.0000, total_Loss: 0.0000
trian begin
trian end
ACC: 65.07936507936508
SAMPLE
F1_MI: 0.6501587301587302 F1_MA: 0.5705211016890213 ACC_MI: 0.6501587301587302 F1_MA: 0.5568186610165977
BEST_F1_MI: 0.6852910052910053 BEST_F1_MA: 0.5908279646774829 BEST_ACC_MI: 0.6852910052910053 BEST_F1_MA: 0.5921685604176219
[[1266  194   78   44]
 [ 426   91  311   77]
 [ 210   72  445   81]
 [   0  114   46 1270]]
Epoch: [39/200], cls_loss: 0.0000, transfer_loss: 0.0000,person_loss: 0.0000, total_Loss: 0.0000
trian begin
trian end
ACC: 58.51851851851852
SAMPLE
F1_MI: 0.5851851851851851 F1_MA: 0.47992163783335356 ACC_MI: 0.5851851851851851 F1_MA: 0.4551959991460409
BEST_F1_MI: 0.6852910052910053 BEST_F1_MA: 0.5908279646774829 BEST_ACC_MI: 0.6852910052910053 BEST_F1_MA: 0.5921685604176219
[[1060  172  301   49]
 [ 388   27  388  102]
 [ 352   63  291  102]
 [   0   15   28 1387]]
Epoch: [40/200], cls_loss: 0.0000, transfer_loss: 0.0000,person_loss: 0.0000, total_Loss: 0.0000
trian begin
trian end
ACC: 35.74603174603175
SAMPLE
F1_MI: 0.35746031746031753 F1_MA: 0.2596204071717142 ACC_MI: 0.3574603174603175 F1_MA: 0.22703260577976053
BEST_F1_MI: 0.6852910052910053 BEST_F1_MA: 0.5908279646774829 BEST_ACC_MI: 0.6852910052910053 BEST_F1_MA: 0.5921685604176219
[[1430   49  103    0]
 [ 603   90  212    0]
 [ 543   96  169    0]
 [   0 1343   87    0]]
Epoch: [41/200], cls_loss: 0.0000, transfer_loss: 0.0000,person_loss: 0.0000, total_Loss: 0.0000
trian begin
K is too much
please input again
