adv 2 WISDM PAMAP2 DANN/DANN.yaml True
Namespace(backbone='resnet50', batch_size=32, config='DANN/DANN.yaml', data_dir='data', device=device(type='cuda'), early_stop=50, epoch_based_training=False, lr=0.003, lr_decay=0.75, lr_gamma=0.0003, lr_scheduler=True, method='True', momentum=0.9, myweight=0.1, n_epoch=200, n_iter_per_epoch=100, num_workers=3, seed=2, src_domain='WISDM', tgt_domain='PAMAP2', tname='transfer', transfer_loss='adv', transfer_loss_weight=0.5, use_bottleneck=True, weight_decay=0.0005)
JUST DO IT
run my Parkinson code
transfer
TRAIN Length: 13609 322 TEST Length: 4725 360
YYY: 0 3
DATA_PROFILE   train: 13609 train2: 4725 test: 4725
DATASET.SHAPE: <data_loader.GetTrainLoader object at 0x7fd6b26a7e10> True
DATASET.SHAPE: <data_loader.GetTrainLoader object at 0x7fd6b21fa160> True
DATASET.SHAPE: <data_loader.GetTestLoader object at 0x7fd6aa2feeb8> False
CLASS: 4 360
LLL: {}
BOTTLENECK_LIST: [Linear(in_features=512, out_features=256, bias=True), ReLU()]
TYPE: {'loss_type': 'adv', 'max_iter': 29400, 'num_class': 4, 'my_person_item': <my_person_item.PersonItem object at 0x7fd769d6d080>}
initial_lr 1.0
transfer_world
method True <class 'str'>
1.10.1+cu102
True
LEN: 0 0
LOADER: <data_loader.InfiniteDataLoader object at 0x7fd6b21fa6a0> <data_loader.InfiniteDataLoader object at 0x7fd6aa2fedd8>
N_batch: 147
trian begin
trian end
n_person 360
SAMPLE
F1_MI: 0.5896296296296296 F1_MA: 0.4859554933612616 ACC_MI: 0.5896296296296296 F1_MA: 0.45522485037532456
BEST_F1_MI: 0.5896296296296296 BEST_F1_MA: 0.4859554933612616 BEST_ACC_MI: 0.5896296296296296 BEST_F1_MA: 0.45522485037532456
[[ 924  606    0   52]
 [ 316  489    0  100]
 [  70  631    0  107]
 [   0   57    0 1373]]
Epoch: [ 1/200], cls_loss: 0.6099, transfer_loss: 0.6527,person_loss: -1.8521, total_Loss: 0.7511
trian begin
trian end
n_person 360
SAMPLE
F1_MI: 0.44105820105820104 F1_MA: 0.28417542406573776 ACC_MI: 0.44105820105820104 F1_MA: 0.2158970987867026
BEST_F1_MI: 0.5896296296296296 BEST_F1_MA: 0.4859554933612616 BEST_ACC_MI: 0.5896296296296296 BEST_F1_MA: 0.45522485037532456
[[1514    0   68    0]
 [ 731    0  174    0]
 [ 238    0  570    0]
 [   3    0 1427    0]]
Epoch: [ 2/200], cls_loss: 0.3460, transfer_loss: 0.4951,person_loss: -1.9066, total_Loss: 0.4029
trian begin
trian end
n_person 360
SAMPLE
F1_MI: 0.3851851851851852 F1_MA: 0.3940399118664575 ACC_MI: 0.3851851851851852 F1_MA: 0.42550997263378254
BEST_F1_MI: 0.5896296296296296 BEST_F1_MA: 0.4859554933612616 BEST_ACC_MI: 0.5896296296296296 BEST_F1_MA: 0.45522485037532456
[[716 866   0   0]
 [298 599   0   8]
 [281 504   0  23]
 [  0 925   0 505]]
Epoch: [ 3/200], cls_loss: 0.3293, transfer_loss: 0.3163,person_loss: -1.9422, total_Loss: 0.2933
trian begin
trian end
n_person 360
SAMPLE
F1_MI: 0.5178835978835978 F1_MA: 0.49377111318348954 ACC_MI: 0.5178835978835978 F1_MA: 0.4946428597416352
BEST_F1_MI: 0.5896296296296296 BEST_F1_MA: 0.49377111318348954 BEST_ACC_MI: 0.5896296296296296 BEST_F1_MA: 0.4946428597416352
[[ 413  739  378   52]
 [ 146  575   84  100]
 [  69  532  102  105]
 [   0   71    2 1357]]
Epoch: [ 4/200], cls_loss: 0.3054, transfer_loss: 0.3436,person_loss: -1.9525, total_Loss: 0.2820
trian begin
trian end
n_person 360
SAMPLE
F1_MI: 0.49777777777777776 F1_MA: 0.5323394440548581 ACC_MI: 0.49777777777777776 F1_MA: 0.5750739680433277
BEST_F1_MI: 0.5896296296296296 BEST_F1_MA: 0.5323394440548581 BEST_ACC_MI: 0.5896296296296296 BEST_F1_MA: 0.5750739680433277
[[ 196 1328    8   50]
 [ 116  645   48   96]
 [  40  504  165   99]
 [   0   48   36 1346]]
Epoch: [ 5/200], cls_loss: 0.2678, transfer_loss: 0.5643,person_loss: -1.9270, total_Loss: 0.3573
trian begin
trian end
n_person 360
SAMPLE
F1_MI: 0.5824338624338624 F1_MA: 0.6011111745649125 ACC_MI: 0.5824338624338624 F1_MA: 0.6493584999610934
BEST_F1_MI: 0.5896296296296296 BEST_F1_MA: 0.6011111745649125 BEST_ACC_MI: 0.5896296296296296 BEST_F1_MA: 0.6493584999610934
[[ 590  938    2   52]
 [ 235  510   54  106]
 [  18  407  272  111]
 [   0   34   16 1380]]
Epoch: [ 6/200], cls_loss: 0.2044, transfer_loss: 0.5664,person_loss: -1.9353, total_Loss: 0.2940
trian begin
trian end
n_person 360
SAMPLE
F1_MI: 0.5919576719576719 F1_MA: 0.5634799217810725 ACC_MI: 0.5919576719576719 F1_MA: 0.5812700023477552
BEST_F1_MI: 0.5919576719576719 BEST_F1_MA: 0.6011111745649125 BEST_ACC_MI: 0.5919576719576719 BEST_F1_MA: 0.6493584999610934
[[ 809  711   10   52]
 [ 271  324  204  106]
 [  56  353  286  113]
 [   0   31   21 1378]]
Epoch: [ 7/200], cls_loss: 0.1548, transfer_loss: 0.4203,person_loss: -1.9471, total_Loss: 0.1702
trian begin
trian end
n_person 360
SAMPLE
F1_MI: 0.6562962962962963 F1_MA: 0.5570762113427256 ACC_MI: 0.6562962962962963 F1_MA: 0.5490438170087246
BEST_F1_MI: 0.6562962962962963 BEST_F1_MA: 0.6011111745649125 BEST_ACC_MI: 0.6562962962962963 BEST_F1_MA: 0.6493584999610934
[[1385   94   52   51]
 [ 503  100  203   99]
 [ 220  219  270   99]
 [   0   40   44 1346]]
Epoch: [ 8/200], cls_loss: 0.1306, transfer_loss: 0.5438,person_loss: -1.9566, total_Loss: 0.2068
trian begin
trian end
n_person 360
SAMPLE
F1_MI: 0.39936507936507937 F1_MA: 0.38080339405794195 ACC_MI: 0.39936507936507937 F1_MA: 0.36715750306772754
BEST_F1_MI: 0.6562962962962963 BEST_F1_MA: 0.6011111745649125 BEST_ACC_MI: 0.6562962962962963 BEST_F1_MA: 0.6493584999610934
[[  37  183 1310   52]
 [  26   32  750   97]
 [  36  199  468  105]
 [   0   34   46 1350]]
Epoch: [ 9/200], cls_loss: 0.1284, transfer_loss: 0.5323,person_loss: -1.9600, total_Loss: 0.1985
trian begin
trian end
n_person 360
SAMPLE
F1_MI: 0.6552380952380953 F1_MA: 0.5541929033596266 ACC_MI: 0.6552380952380953 F1_MA: 0.5657009832106886
BEST_F1_MI: 0.6562962962962963 BEST_F1_MA: 0.6011111745649125 BEST_ACC_MI: 0.6562962962962963 BEST_F1_MA: 0.6493584999610934
[[1517    3   11   51]
 [ 694   27   82  102]
 [ 458   55  183  112]
 [  11   45    5 1369]]
Epoch: [10/200], cls_loss: 0.1088, transfer_loss: 0.5841,person_loss: -1.9589, total_Loss: 0.2050
trian begin
trian end
n_person 360
SAMPLE
F1_MI: 0.42603174603174604 F1_MA: 0.3793495707200918 ACC_MI: 0.42603174603174604 F1_MA: 0.3438155502987278
BEST_F1_MI: 0.6562962962962963 BEST_F1_MA: 0.6011111745649125 BEST_ACC_MI: 0.6562962962962963 BEST_F1_MA: 0.6493584999610934
[[   5 1386  138   53]
 [  65  368  365  107]
 [  50  389  252  117]
 [   3   35    4 1388]]
Epoch: [11/200], cls_loss: 0.1090, transfer_loss: 0.6322,person_loss: -1.9675, total_Loss: 0.2283
trian begin
trian end
n_person 360
SAMPLE
F1_MI: 0.5079365079365079 F1_MA: 0.4741292902669014 ACC_MI: 0.5079365079365079 F1_MA: 0.487473244627603
BEST_F1_MI: 0.6562962962962963 BEST_F1_MA: 0.6011111745649125 BEST_ACC_MI: 0.6562962962962963 BEST_F1_MA: 0.6493584999610934
[[ 588  899   43   52]
 [ 355  236  210  104]
 [ 222  269  207  110]
 [   2   56    3 1369]]
Epoch: [12/200], cls_loss: 0.0976, transfer_loss: 0.5979,person_loss: -1.9654, total_Loss: 0.2001
trian begin
trian end
n_person 360
SAMPLE
F1_MI: 0.686984126984127 F1_MA: 0.5714249980144617 ACC_MI: 0.686984126984127 F1_MA: 0.5508897106514133
BEST_F1_MI: 0.686984126984127 BEST_F1_MA: 0.6011111745649125 BEST_ACC_MI: 0.686984126984127 BEST_F1_MA: 0.6493584999610934
[[1493    4   33   52]
 [ 528   12  260  105]
 [ 305   19  371  113]
 [   1   27   32 1370]]
Epoch: [13/200], cls_loss: 0.1033, transfer_loss: 0.6064,person_loss: -1.9635, total_Loss: 0.2102
trian begin
trian end
n_person 360
SAMPLE
F1_MI: 0.4819047619047619 F1_MA: 0.4552412161999446 ACC_MI: 0.4819047619047619 F1_MA: 0.4697090091747742
BEST_F1_MI: 0.686984126984127 BEST_F1_MA: 0.6011111745649125 BEST_ACC_MI: 0.686984126984127 BEST_F1_MA: 0.6493584999610934
[[ 450 1049   30   53]
 [ 350  236  203  116]
 [ 218  267  202  121]
 [   6   34    1 1389]]
Epoch: [14/200], cls_loss: 0.0895, transfer_loss: 0.6291,person_loss: -1.9690, total_Loss: 0.2072
trian begin
trian end
n_person 360
SAMPLE
F1_MI: 0.6647619047619048 F1_MA: 0.5537389826383763 ACC_MI: 0.6647619047619048 F1_MA: 0.5438758987630391
BEST_F1_MI: 0.686984126984127 BEST_F1_MA: 0.6011111745649125 BEST_ACC_MI: 0.686984126984127 BEST_F1_MA: 0.6493584999610934
[[1469   40   21   52]
 [ 621   34  144  106]
 [ 289  137  268  114]
 [   1   34   25 1370]]
Epoch: [15/200], cls_loss: 0.0851, transfer_loss: 0.6121,person_loss: -1.9712, total_Loss: 0.1940
trian begin
trian end
n_person 360
SAMPLE
F1_MI: 0.6141798941798942 F1_MA: 0.5300637580029884 ACC_MI: 0.6141798941798942 F1_MA: 0.5198516302651036
BEST_F1_MI: 0.686984126984127 BEST_F1_MA: 0.6011111745649125 BEST_ACC_MI: 0.686984126984127 BEST_F1_MA: 0.6493584999610934
[[1101  330   98   53]
 [ 365  117  315  108]
 [ 172  224  297  115]
 [  12   10   21 1387]]
Epoch: [16/200], cls_loss: 0.0829, transfer_loss: 0.5922,person_loss: -1.9728, total_Loss: 0.1817
trian begin
trian end
n_person 360
SAMPLE
F1_MI: 0.6582010582010582 F1_MA: 0.5804928735594834 ACC_MI: 0.6582010582010582 F1_MA: 0.5872745057861383
BEST_F1_MI: 0.686984126984127 BEST_F1_MA: 0.6011111745649125 BEST_ACC_MI: 0.686984126984127 BEST_F1_MA: 0.6493584999610934
[[1336  181   13   52]
 [ 598   98  108  101]
 [ 299   84  317  108]
 [   0   31   40 1359]]
Epoch: [17/200], cls_loss: 0.0835, transfer_loss: 0.6024,person_loss: -1.9689, total_Loss: 0.1878
trian begin
trian end
n_person 360
SAMPLE
F1_MI: 0.6082539682539683 F1_MA: 0.5247496488058855 ACC_MI: 0.6082539682539683 F1_MA: 0.5013680653762571
BEST_F1_MI: 0.686984126984127 BEST_F1_MA: 0.6011111745649125 BEST_ACC_MI: 0.686984126984127 BEST_F1_MA: 0.6493584999610934
[[1021  143  366   52]
 [ 278   37  490  100]
 [ 194   49  456  109]
 [   2   21   47 1360]]
Epoch: [18/200], cls_loss: 0.0767, transfer_loss: 0.5641,person_loss: -1.9742, total_Loss: 0.1613
trian begin
trian end
n_person 360
SAMPLE
F1_MI: 0.678941798941799 F1_MA: 0.5808058351257301 ACC_MI: 0.678941798941799 F1_MA: 0.5831763273188447
BEST_F1_MI: 0.686984126984127 BEST_F1_MA: 0.6011111745649125 BEST_ACC_MI: 0.686984126984127 BEST_F1_MA: 0.6493584999610934
[[1489   29   12   52]
 [ 572   66  159  108]
 [ 313  114  267  114]
 [   1   41    2 1386]]
Epoch: [19/200], cls_loss: 0.0668, transfer_loss: 0.6627,person_loss: -1.9688, total_Loss: 0.2012
trian begin
trian end
n_person 360
SAMPLE
F1_MI: 0.5771428571428572 F1_MA: 0.537619195363281 ACC_MI: 0.5771428571428572 F1_MA: 0.5414665514518242
BEST_F1_MI: 0.686984126984127 BEST_F1_MA: 0.6011111745649125 BEST_ACC_MI: 0.686984126984127 BEST_F1_MA: 0.6493584999610934
[[ 775  669   86   52]
 [ 149  236  414  106]
 [ 145  210  343  110]
 [   2   45   10 1373]]
Epoch: [20/200], cls_loss: 0.0719, transfer_loss: 0.6964,person_loss: -1.9732, total_Loss: 0.2228
trian begin
trian end
n_person 360
SAMPLE
F1_MI: 0.6569312169312169 F1_MA: 0.5793463430160379 ACC_MI: 0.6569312169312169 F1_MA: 0.5809664662046216
BEST_F1_MI: 0.686984126984127 BEST_F1_MA: 0.6011111745649125 BEST_ACC_MI: 0.686984126984127 BEST_F1_MA: 0.6493584999610934
[[1281  216   33   52]
 [ 483  148  173  101]
 [ 289  104  309  106]
 [   3   23   38 1366]]
Epoch: [21/200], cls_loss: 0.0529, transfer_loss: 0.6795,person_loss: -1.9745, total_Loss: 0.1952
trian begin
trian end
n_person 360
SAMPLE
F1_MI: 0.5597883597883598 F1_MA: 0.5118490954471093 ACC_MI: 0.5597883597883598 F1_MA: 0.5048646232869831
BEST_F1_MI: 0.686984126984127 BEST_F1_MA: 0.6011111745649125 BEST_ACC_MI: 0.686984126984127 BEST_F1_MA: 0.6493584999610934
[[ 745  626  160   51]
 [ 264  119  421  101]
 [ 166  115  424  103]
 [   5   54   14 1357]]
Epoch: [22/200], cls_loss: 0.0678, transfer_loss: 0.6908,person_loss: -1.9771, total_Loss: 0.2155
trian begin
trian end
n_person 360
SAMPLE
F1_MI: 0.537989417989418 F1_MA: 0.5179392488861376 ACC_MI: 0.537989417989418 F1_MA: 0.5287988705327181
BEST_F1_MI: 0.686984126984127 BEST_F1_MA: 0.6011111745649125 BEST_ACC_MI: 0.686984126984127 BEST_F1_MA: 0.6493584999610934
[[ 524  957   46   55]
 [ 231  376  182  116]
 [ 226  208  251  123]
 [   7   28    4 1391]]
Epoch: [23/200], cls_loss: 0.0551, transfer_loss: 0.7117,person_loss: -1.9769, total_Loss: 0.2132
trian begin
trian end
n_person 360
SAMPLE
F1_MI: 0.4364021164021164 F1_MA: 0.4124383712300539 ACC_MI: 0.4364021164021164 F1_MA: 0.3936328669361505
BEST_F1_MI: 0.686984126984127 BEST_F1_MA: 0.6011111745649125 BEST_ACC_MI: 0.686984126984127 BEST_F1_MA: 0.6493584999610934
[[  98 1143  290   51]
 [  70  207  527  101]
 [ 177  128  396  107]
 [   4   24   41 1361]]
Epoch: [24/200], cls_loss: 0.0635, transfer_loss: 0.7052,person_loss: -1.9779, total_Loss: 0.2183
trian begin
trian end
n_person 360
SAMPLE
F1_MI: 0.6368253968253968 F1_MA: 0.5529989718126481 ACC_MI: 0.6368253968253968 F1_MA: 0.5622458844567815
BEST_F1_MI: 0.686984126984127 BEST_F1_MA: 0.6011111745649125 BEST_ACC_MI: 0.686984126984127 BEST_F1_MA: 0.6493584999610934
[[1338  183   10   51]
 [ 644   74   88   99]
 [ 384   73  245  106]
 [   6   32   40 1352]]
Epoch: [25/200], cls_loss: 0.0432, transfer_loss: 0.6899,person_loss: -1.9803, total_Loss: 0.1901
trian begin
trian end
n_person 360
SAMPLE
F1_MI: 0.5037037037037037 F1_MA: 0.5020888159727277 ACC_MI: 0.5037037037037037 F1_MA: 0.5028335963359387
BEST_F1_MI: 0.686984126984127 BEST_F1_MA: 0.6011111745649125 BEST_ACC_MI: 0.686984126984127 BEST_F1_MA: 0.6493584999610934
[[ 241 1227   60   54]
 [ 110  452  233  110]
 [ 205  154  323  126]
 [   1   53   12 1364]]
Epoch: [26/200], cls_loss: 0.0584, transfer_loss: 0.6972,person_loss: -1.9811, total_Loss: 0.2089
trian begin
trian end
n_person 360
SAMPLE
F1_MI: 0.5386243386243387 F1_MA: 0.5435623319464259 ACC_MI: 0.5386243386243387 F1_MA: 0.5716431282278589
BEST_F1_MI: 0.686984126984127 BEST_F1_MA: 0.6011111745649125 BEST_ACC_MI: 0.686984126984127 BEST_F1_MA: 0.6493584999610934
[[ 442 1079    6   55]
 [ 204  471  119  111]
 [ 160  281  244  123]
 [   1   40    1 1388]]
Epoch: [27/200], cls_loss: 0.0471, transfer_loss: 0.7030,person_loss: -1.9784, total_Loss: 0.2008
trian begin
trian end
n_person 360
SAMPLE
F1_MI: 0.5053968253968254 F1_MA: 0.4855243676893335 ACC_MI: 0.5053968253968254 F1_MA: 0.4920510399390745
BEST_F1_MI: 0.686984126984127 BEST_F1_MA: 0.6011111745649125 BEST_ACC_MI: 0.686984126984127 BEST_F1_MA: 0.6493584999610934
[[ 414 1060   53   55]
 [ 220  357  203  125]
 [ 255  184  241  128]
 [  14   28   12 1376]]
Epoch: [28/200], cls_loss: 0.0474, transfer_loss: 0.6931,person_loss: -1.9797, total_Loss: 0.1960
trian begin
trian end
n_person 360
SAMPLE
F1_MI: 0.5995767195767195 F1_MA: 0.5327795371284184 ACC_MI: 0.5995767195767195 F1_MA: 0.5386695746920896
BEST_F1_MI: 0.686984126984127 BEST_F1_MA: 0.6011111745649125 BEST_ACC_MI: 0.686984126984127 BEST_F1_MA: 0.6493584999610934
[[1083  422   26   51]
 [ 541  138  128   98]
 [ 347   88  267  106]
 [   5   25   55 1345]]
Epoch: [29/200], cls_loss: 0.0434, transfer_loss: 0.6867,person_loss: -1.9806, total_Loss: 0.1887
trian begin
trian end
n_person 360
SAMPLE
F1_MI: 0.4546031746031746 F1_MA: 0.42655254567437156 ACC_MI: 0.4546031746031746 F1_MA: 0.3930861792686672
BEST_F1_MI: 0.686984126984127 BEST_F1_MA: 0.6011111745649125 BEST_ACC_MI: 0.686984126984127 BEST_F1_MA: 0.6493584999610934
[[  31 1388  112   51]
 [ 110  345  351   99]
 [ 150  132  418  108]
 [   1   11   64 1354]]
Epoch: [30/200], cls_loss: 0.0389, transfer_loss: 0.7029,person_loss: -1.9797, total_Loss: 0.1924
trian begin
trian end
n_person 360
SAMPLE
F1_MI: 0.4893121693121693 F1_MA: 0.472461155958692 ACC_MI: 0.4893121693121693 F1_MA: 0.4406697985401414
BEST_F1_MI: 0.686984126984127 BEST_F1_MA: 0.6011111745649125 BEST_ACC_MI: 0.686984126984127 BEST_F1_MA: 0.6493584999610934
[[  29 1377   86   90]
 [  57  439  284  125]
 [  61  166  453  128]
 [   0   31    8 1391]]
Epoch: [31/200], cls_loss: 0.0363, transfer_loss: 0.6811,person_loss: -1.9814, total_Loss: 0.1787
trian begin
trian end
n_person 360
SAMPLE
F1_MI: 0.47343915343915344 F1_MA: 0.47394495543138676 ACC_MI: 0.47343915343915344 F1_MA: 0.47730605807261856
BEST_F1_MI: 0.686984126984127 BEST_F1_MA: 0.6011111745649125 BEST_ACC_MI: 0.686984126984127 BEST_F1_MA: 0.6493584999610934
[[ 163 1342   26   51]
 [ 205  465  135  100]
 [ 311  130  261  106]
 [   0   67   15 1348]]
Epoch: [32/200], cls_loss: 0.0308, transfer_loss: 0.6973,person_loss: -1.9837, total_Loss: 0.1811
trian begin
trian end
n_person 360
SAMPLE
F1_MI: 0.6222222222222222 F1_MA: 0.5395682723025181 ACC_MI: 0.6222222222222222 F1_MA: 0.5394741263822409
BEST_F1_MI: 0.686984126984127 BEST_F1_MA: 0.6011111745649125 BEST_ACC_MI: 0.686984126984127 BEST_F1_MA: 0.6493584999610934
[[1208  297   24   53]
 [ 553   87  160  105]
 [ 270  154  276  108]
 [  16   26   19 1369]]
Epoch: [33/200], cls_loss: 0.0462, transfer_loss: 0.6969,person_loss: -1.9820, total_Loss: 0.1965
trian begin
trian end
n_person 360
SAMPLE
F1_MI: 0.646984126984127 F1_MA: 0.5660062121682047 ACC_MI: 0.646984126984127 F1_MA: 0.5892667084929974
BEST_F1_MI: 0.686984126984127 BEST_F1_MA: 0.6011111745649125 BEST_ACC_MI: 0.686984126984127 BEST_F1_MA: 0.6493584999610934
[[1402  118    5   57]
 [ 748   21   20  116]
 [ 366   79  234  129]
 [  10   16    4 1400]]
Epoch: [34/200], cls_loss: 0.0278, transfer_loss: 0.7009,person_loss: -1.9836, total_Loss: 0.1799
trian begin
trian end
n_person 360
SAMPLE
F1_MI: 0.5356613756613756 F1_MA: 0.5393759286120662 ACC_MI: 0.5356613756613756 F1_MA: 0.564838440207132
BEST_F1_MI: 0.686984126984127 BEST_F1_MA: 0.6011111745649125 BEST_ACC_MI: 0.686984126984127 BEST_F1_MA: 0.6493584999610934
[[ 480 1025   25   52]
 [ 302  418   83  102]
 [ 208  198  292  110]
 [   2   67   20 1341]]
Epoch: [35/200], cls_loss: 0.0247, transfer_loss: 0.6976,person_loss: -1.9856, total_Loss: 0.1750
trian begin
trian end
n_person 360
SAMPLE
F1_MI: 0.4721693121693122 F1_MA: 0.46564376515458195 ACC_MI: 0.4721693121693122 F1_MA: 0.4449978001350072
BEST_F1_MI: 0.686984126984127 BEST_F1_MA: 0.6011111745649125 BEST_ACC_MI: 0.686984126984127 BEST_F1_MA: 0.6493584999610934
[[  41 1280  206   55]
 [  55  283  456  111]
 [  19  146  522  121]
 [   1   29   15 1385]]
Epoch: [36/200], cls_loss: 0.0294, transfer_loss: 0.6586,person_loss: -1.9835, total_Loss: 0.1603
trian begin
trian end
n_person 360
SAMPLE
F1_MI: 0.5631746031746032 F1_MA: 0.5221964747173489 ACC_MI: 0.5631746031746032 F1_MA: 0.5287495231421838
BEST_F1_MI: 0.686984126984127 BEST_F1_MA: 0.6011111745649125 BEST_ACC_MI: 0.686984126984127 BEST_F1_MA: 0.6493584999610934
[[ 766  632   52  132]
 [ 421  152  121  211]
 [ 214   74  357  163]
 [   0   38    6 1386]]
Epoch: [37/200], cls_loss: 0.0377, transfer_loss: 0.6991,person_loss: -1.9870, total_Loss: 0.1886
trian begin
trian end
n_person 360
SAMPLE
F1_MI: 0.6586243386243387 F1_MA: 0.5687035010414564 ACC_MI: 0.6586243386243387 F1_MA: 0.5902304471630867
BEST_F1_MI: 0.686984126984127 BEST_F1_MA: 0.6011111745649125 BEST_ACC_MI: 0.686984126984127 BEST_F1_MA: 0.6493584999610934
[[1515   10    5   52]
 [ 766   10   22  107]
 [ 465   12  216  115]
 [   6   18   35 1371]]
Epoch: [38/200], cls_loss: 0.0366, transfer_loss: 0.6947,person_loss: -1.9855, total_Loss: 0.1854
trian begin
trian end
n_person 360
SAMPLE
F1_MI: 0.6192592592592593 F1_MA: 0.5601666870340504 ACC_MI: 0.6192592592592593 F1_MA: 0.5758705863680742
BEST_F1_MI: 0.686984126984127 BEST_F1_MA: 0.6011111745649125 BEST_ACC_MI: 0.686984126984127 BEST_F1_MA: 0.6493584999610934
[[1114  390   22   56]
 [ 626  106   55  118]
 [ 282   92  310  124]
 [   0    8   26 1396]]
Epoch: [39/200], cls_loss: 0.0274, transfer_loss: 0.6887,person_loss: -1.9854, total_Loss: 0.1732
trian begin
trian end
n_person 360
SAMPLE
F1_MI: 0.5108994708994709 F1_MA: 0.514480212423831 ACC_MI: 0.5108994708994709 F1_MA: 0.5504660221753405
BEST_F1_MI: 0.686984126984127 BEST_F1_MA: 0.6011111745649125 BEST_ACC_MI: 0.686984126984127 BEST_F1_MA: 0.6493584999610934
[[ 484 1028   21   49]
 [ 387  362   61   95]
 [ 291  181  240   96]
 [  29   65    8 1328]]
Epoch: [40/200], cls_loss: 0.0242, transfer_loss: 0.6727,person_loss: -1.9874, total_Loss: 0.1618
trian begin
trian end
n_person 360
SAMPLE
F1_MI: 0.49523809523809526 F1_MA: 0.48151038084703407 ACC_MI: 0.49523809523809526 F1_MA: 0.46823711148585456
BEST_F1_MI: 0.686984126984127 BEST_F1_MA: 0.6011111745649125 BEST_ACC_MI: 0.686984126984127 BEST_F1_MA: 0.6493584999610934
[[ 236  909  325  112]
 [ 141  195  456  113]
 [  78   76  525  129]
 [   0   28   18 1384]]
Epoch: [41/200], cls_loss: 0.0276, transfer_loss: 0.6982,person_loss: -1.9844, total_Loss: 0.1782
trian begin
trian end
n_person 360
SAMPLE
F1_MI: 0.48994708994708996 F1_MA: 0.4738876427141183 ACC_MI: 0.48994708994708996 F1_MA: 0.4438339833416745
BEST_F1_MI: 0.686984126984127 BEST_F1_MA: 0.6011111745649125 BEST_ACC_MI: 0.686984126984127 BEST_F1_MA: 0.6493584999610934
[[  22 1450   53   57]
 [  53  473  258  121]
 [  55  211  416  126]
 [   2   17    7 1404]]
Epoch: [42/200], cls_loss: 0.0192, transfer_loss: 0.7005,person_loss: -1.9857, total_Loss: 0.1709
trian begin
trian end
n_person 360
SAMPLE
F1_MI: 0.5993650793650793 F1_MA: 0.5388689522221511 ACC_MI: 0.5993650793650793 F1_MA: 0.5531351043894783
BEST_F1_MI: 0.686984126984127 BEST_F1_MA: 0.6011111745649125 BEST_ACC_MI: 0.686984126984127 BEST_F1_MA: 0.6493584999610934
[[1077  432   22   51]
 [ 601  122   81  101]
 [ 338   91  267  112]
 [   2   27   35 1366]]
Epoch: [43/200], cls_loss: 0.0214, transfer_loss: 0.6905,person_loss: -1.9866, total_Loss: 0.1680
trian begin
trian end
n_person 360
SAMPLE
F1_MI: 0.5456084656084657 F1_MA: 0.5077798116697856 ACC_MI: 0.5456084656084657 F1_MA: 0.5010497418866102
BEST_F1_MI: 0.686984126984127 BEST_F1_MA: 0.6011111745649125 BEST_ACC_MI: 0.686984126984127 BEST_F1_MA: 0.6493584999610934
[[ 627  755  137   63]
 [ 270  143  385  107]
 [ 141   85  446  136]
 [   0   27   41 1362]]
Epoch: [44/200], cls_loss: 0.0283, transfer_loss: 0.6773,person_loss: -1.9870, total_Loss: 0.1682
trian begin
trian end
n_person 360
SAMPLE
F1_MI: 0.5034920634920635 F1_MA: 0.5016915663497722 ACC_MI: 0.5034920634920635 F1_MA: 0.5020742277507264
BEST_F1_MI: 0.686984126984127 BEST_F1_MA: 0.6011111745649125 BEST_ACC_MI: 0.686984126984127 BEST_F1_MA: 0.6493584999610934
[[ 248 1215   66   53]
 [ 197  424  182  102]
 [ 212  138  346  112]
 [   2   47   20 1361]]
Epoch: [45/200], cls_loss: 0.0302, transfer_loss: 0.6807,person_loss: -1.9860, total_Loss: 0.1719
trian begin
trian end
n_person 360
SAMPLE
F1_MI: 0.5798941798941799 F1_MA: 0.5213013108632514 ACC_MI: 0.5798941798941799 F1_MA: 0.5313108379098759
BEST_F1_MI: 0.686984126984127 BEST_F1_MA: 0.6011111745649125 BEST_ACC_MI: 0.686984126984127 BEST_F1_MA: 0.6493584999610934
[[ 978  516   35   53]
 [ 588   99  116  102]
 [ 307   96  290  115]
 [  26   18   13 1373]]
Epoch: [46/200], cls_loss: 0.0210, transfer_loss: 0.6899,person_loss: -1.9869, total_Loss: 0.1673
trian begin
trian end
n_person 360
SAMPLE
F1_MI: 0.4937566137566138 F1_MA: 0.4987939411676204 ACC_MI: 0.4937566137566138 F1_MA: 0.5076016960628765
BEST_F1_MI: 0.686984126984127 BEST_F1_MA: 0.6011111745649125 BEST_ACC_MI: 0.686984126984127 BEST_F1_MA: 0.6493584999610934
[[ 282 1019  230   51]
 [ 116  241  453   95]
 [  46  194  466  102]
 [   1   44   41 1344]]
Epoch: [47/200], cls_loss: 0.0217, transfer_loss: 0.6634,person_loss: -1.9863, total_Loss: 0.1547
trian begin
trian end
n_person 360
SAMPLE
F1_MI: 0.4728042328042328 F1_MA: 0.45628970255505147 ACC_MI: 0.4728042328042328 F1_MA: 0.43283820756366
BEST_F1_MI: 0.686984126984127 BEST_F1_MA: 0.6011111745649125 BEST_ACC_MI: 0.686984126984127 BEST_F1_MA: 0.6493584999610934
[[  63 1349  118   52]
 [ 136  416  253  100]
 [ 111  209  377  111]
 [   0   13   39 1378]]
Epoch: [48/200], cls_loss: 0.0220, transfer_loss: 0.6845,person_loss: -1.9877, total_Loss: 0.1655
trian begin
trian end
n_person 360
SAMPLE
F1_MI: 0.6446560846560847 F1_MA: 0.5719647775656428 ACC_MI: 0.6446560846560847 F1_MA: 0.6022533690351888
BEST_F1_MI: 0.686984126984127 BEST_F1_MA: 0.6011111745649125 BEST_ACC_MI: 0.686984126984127 BEST_F1_MA: 0.6493584999610934
[[1364  150   12   56]
 [ 639   98   33  135]
 [ 383   95  186  144]
 [   0   18   14 1398]]
Epoch: [49/200], cls_loss: 0.0216, transfer_loss: 0.6948,person_loss: -1.9856, total_Loss: 0.1705
trian begin
trian end
n_person 360
SAMPLE
F1_MI: 0.3058201058201058 F1_MA: 0.38261059129432967 ACC_MI: 0.3058201058201058 F1_MA: 0.42119872805281566
BEST_F1_MI: 0.686984126984127 BEST_F1_MA: 0.6011111745649125 BEST_ACC_MI: 0.686984126984127 BEST_F1_MA: 0.6493584999610934
[[ 101 1391   68   22]
 [ 196  455  210   44]
 [ 223  140  397   48]
 [ 875   50   13  492]]
Epoch: [50/200], cls_loss: 0.0126, transfer_loss: 0.6852,person_loss: -1.9874, total_Loss: 0.1565
trian begin
trian end
n_person 360
SAMPLE
F1_MI: 0.46074074074074073 F1_MA: 0.47603000000073703 ACC_MI: 0.46074074074074073 F1_MA: 0.5328681238070077
BEST_F1_MI: 0.686984126984127 BEST_F1_MA: 0.6011111745649125 BEST_ACC_MI: 0.686984126984127 BEST_F1_MA: 0.6493584999610934
[[ 627  881   42   32]
 [ 509  270   65   61]
 [ 365  143  243   57]
 [   7  379    7 1037]]
Epoch: [51/200], cls_loss: 0.0223, transfer_loss: 0.6936,person_loss: -1.9876, total_Loss: 0.1704
trian begin
trian end
n_person 360
SAMPLE
F1_MI: 0.6296296296296297 F1_MA: 0.5266507277582383 ACC_MI: 0.6296296296296297 F1_MA: 0.5110855414910795
BEST_F1_MI: 0.686984126984127 BEST_F1_MA: 0.6011111745649125 BEST_ACC_MI: 0.686984126984127 BEST_F1_MA: 0.6493584999610934
[[1260  162  106   54]
 [ 659   21  123  102]
 [ 351   30  313  114]
 [  28    9   12 1381]]
Epoch: [52/200], cls_loss: 0.0140, transfer_loss: 0.6756,person_loss: -1.9869, total_Loss: 0.1531
trian begin
trian end
n_person 360
SAMPLE
F1_MI: 0.5123809523809524 F1_MA: 0.4984948881386738 ACC_MI: 0.5123809523809524 F1_MA: 0.4915663154066717
BEST_F1_MI: 0.686984126984127 BEST_F1_MA: 0.6011111745649125 BEST_ACC_MI: 0.686984126984127 BEST_F1_MA: 0.6493584999610934
[[ 330 1078  122   52]
 [ 228  275  297  105]
 [ 187   62  446  113]
 [  12   29   19 1370]]
Epoch: [53/200], cls_loss: 0.0201, transfer_loss: 0.6929,person_loss: -1.9867, total_Loss: 0.1679
trian begin
trian end
n_person 360
SAMPLE
F1_MI: 0.3832804232804233 F1_MA: 0.44352428527012133 ACC_MI: 0.3832804232804233 F1_MA: 0.5094040230433668
BEST_F1_MI: 0.686984126984127 BEST_F1_MA: 0.6011111745649125 BEST_ACC_MI: 0.686984126984127 BEST_F1_MA: 0.6493584999610934
[[ 426 1030  125    1]
 [ 275  297  319   14]
 [ 183  224  395    6]
 [   1  705   31  693]]
Epoch: [54/200], cls_loss: 0.0140, transfer_loss: 0.6928,person_loss: -1.9876, total_Loss: 0.1617
trian begin
trian end
n_person 360
SAMPLE
F1_MI: 0.4723809523809524 F1_MA: 0.49209497129853136 ACC_MI: 0.4723809523809524 F1_MA: 0.5165772958905235
BEST_F1_MI: 0.686984126984127 BEST_F1_MA: 0.6011111745649125 BEST_ACC_MI: 0.686984126984127 BEST_F1_MA: 0.6493584999610934
[[ 139 1374   10   59]
 [ 259  475   31  140]
 [ 161  273  251  123]
 [   3   34   26 1367]]
Epoch: [55/200], cls_loss: 0.0233, transfer_loss: 0.6931,person_loss: -1.9881, total_Loss: 0.1710
trian begin
trian end
n_person 360
SAMPLE
F1_MI: 0.6093121693121694 F1_MA: 0.5464116326215206 ACC_MI: 0.6093121693121694 F1_MA: 0.5544869540944287
BEST_F1_MI: 0.686984126984127 BEST_F1_MA: 0.6011111745649125 BEST_ACC_MI: 0.686984126984127 BEST_F1_MA: 0.6493584999610934
[[1068  431   26   57]
 [ 549  125  118  113]
 [ 319   71  301  117]
 [   1   23   21 1385]]
Epoch: [56/200], cls_loss: 0.0172, transfer_loss: 0.6897,person_loss: -1.9888, total_Loss: 0.1632
[[ 590  938    2   52]
 [ 235  510   54  106]
 [  18  407  272  111]
 [   0   34   16 1380]]
[[ 590  938    2   52]
 [ 235  510   54  106]
 [  18  407  272  111]
 [   0   34   16 1380]]
WHAT: True
SVAE_RESULT
{'best_f1': 0.6011111745649125, 'best_matrix': [[590, 938, 2, 52], [235, 510, 54, 106], [18, 407, 272, 111], [0, 34, 16, 1380]], 'args': 0.1}
{"best_f1": 0.6011111745649125, "best_matrix": [[590, 938, 2, 52], [235, 510, 54, 106], [18, 407, 272, 111], [0, 34, 16, 1380]], "args": 0.1}
ARG: Namespace(backbone='resnet50', batch_size=32, config='DANN/DANN.yaml', data_dir='data', device=device(type='cuda'), early_stop=50, epoch_based_training=False, lr=0.003, lr_decay=0.75, lr_gamma=0.0003, lr_scheduler=True, max_iter=29400, method='True', momentum=0.9, myweight=0.1, n_class=4, n_epoch=200, n_iter_per_epoch=147, num_workers=3, seed=2, src_domain='WISDM', tgt_domain='PAMAP2', tname='transfer', transfer_loss='adv', transfer_loss_weight=0.5, use_bottleneck=True, weight_decay=0.0005)
