daan 2 WISDM UCI DAAN/DAAN.yaml True
Namespace(backbone='resnet50', batch_size=32, config='DAAN/DAAN.yaml', data_dir='data', device=device(type='cuda'), early_stop=50, epoch_based_training=False, lr=0.003, lr_decay=0.75, lr_gamma=0.0003, lr_scheduler=True, method='True', momentum=0.9, myweight=0.1, n_epoch=200, n_iter_per_epoch=100, num_workers=3, seed=2, src_domain='WISDM', tgt_domain='UCI', tname='transfer', transfer_loss='daan', transfer_loss_weight=0.5, use_bottleneck=True, weight_decay=0.0005)
JUST DO IT
run my Parkinson code
transfer
TRAIN Length: 13609 322 TEST Length: 3369 615
YYY: 0 3
DATA_PROFILE   train: 13609 train2: 3369 test: 3369
DATASET.SHAPE: <data_loader.GetTrainLoader object at 0x7f7346aa3e10> True
DATASET.SHAPE: <data_loader.GetTrainLoader object at 0x7f734ea45e80> True
DATASET.SHAPE: <data_loader.GetTestLoader object at 0x7f7406603048> False
CLASS: 4 615
LLL: {}
BOTTLENECK_LIST: [Linear(in_features=512, out_features=256, bias=True), ReLU()]
TYPE: {'loss_type': 'daan', 'max_iter': 21000, 'num_class': 4, 'my_person_item': <my_person_item.PersonItem object at 0x7f74065a41d0>}
initial_lr 1.0
transfer_world
method True <class 'str'>
1.10.1+cu102
True
LEN: 0 0
LOADER: <data_loader.InfiniteDataLoader object at 0x7f734ea45f28> <data_loader.InfiniteDataLoader object at 0x7f7346b60f28>
N_batch: 105
trian begin
trian end
n_person 615
SAMPLE
F1_MI: 0.6117542297417632 F1_MA: 0.5303329263861292 ACC_MI: 0.6117542297417632 F1_MA: 0.48928476227402706
BEST_F1_MI: 0.6117542297417632 BEST_F1_MA: 0.5303329263861292 BEST_ACC_MI: 0.6117542297417632 BEST_F1_MA: 0.48928476227402706
[[799  94   0   0]
 [450 354   0   0]
 [506 240   0   0]
 [  1  17   0 908]]
Epoch: [ 1/200], cls_loss: 0.7351, transfer_loss: 0.0193,person_loss: -1.9024, total_Loss: 0.5545
trian begin
trian end
n_person 615
SAMPLE
F1_MI: 0.5719798159691303 F1_MA: 0.5185387265616305 ACC_MI: 0.5719798159691303 F1_MA: 0.5037077000780569
BEST_F1_MI: 0.6117542297417632 BEST_F1_MA: 0.5303329263861292 BEST_ACC_MI: 0.6117542297417632 BEST_F1_MA: 0.5037077000780569
[[888   5   0   0]
 [678 126   0   0]
 [686  60   0   0]
 [  1  12   0 913]]
Epoch: [ 2/200], cls_loss: 0.3740, transfer_loss: 0.0145,person_loss: -1.8990, total_Loss: 0.1914
trian begin
trian end
n_person 615
SAMPLE
F1_MI: 0.5152864351439597 F1_MA: 0.49702135681008464 ACC_MI: 0.5152864351439597 F1_MA: 0.5053035285224922
BEST_F1_MI: 0.6117542297417632 BEST_F1_MA: 0.5303329263861292 BEST_ACC_MI: 0.6117542297417632 BEST_F1_MA: 0.5053035285224922
[[542 100 251   0]
 [441 124 239   0]
 [537  58 151   0]
 [  0   7   0 919]]
Epoch: [ 3/200], cls_loss: 0.3458, transfer_loss: 0.0135,person_loss: -1.9245, total_Loss: 0.1601
trian begin
trian end
n_person 615
SAMPLE
F1_MI: 0.5399228257643217 F1_MA: 0.46575387012587366 ACC_MI: 0.5399228257643217 F1_MA: 0.41978042666941245
BEST_F1_MI: 0.6117542297417632 BEST_F1_MA: 0.5303329263861292 BEST_ACC_MI: 0.6117542297417632 BEST_F1_MA: 0.5053035285224922
[[151 742   0   0]
 [ 61 743   0   0]
 [301 445   0   0]
 [  0   1   0 925]]
Epoch: [ 4/200], cls_loss: 0.3092, transfer_loss: 0.0145,person_loss: -1.9399, total_Loss: 0.1225
trian begin
trian end
n_person 615
SAMPLE
F1_MI: 0.5544672009498367 F1_MA: 0.5287050609614332 ACC_MI: 0.5544672009498367 F1_MA: 0.5206165735859911
BEST_F1_MI: 0.6117542297417632 BEST_F1_MA: 0.5303329263861292 BEST_ACC_MI: 0.6117542297417632 BEST_F1_MA: 0.5206165735859911
[[268 493 132   0]
 [146 581  77   0]
 [392 258  96   0]
 [  0   3   0 923]]
Epoch: [ 5/200], cls_loss: 0.2974, transfer_loss: 0.0142,person_loss: -1.9553, total_Loss: 0.1090
trian begin
trian end
n_person 615
SAMPLE
F1_MI: 0.620362125259721 F1_MA: 0.6128983167655895 ACC_MI: 0.620362125259721 F1_MA: 0.6214540876893324
BEST_F1_MI: 0.620362125259721 BEST_F1_MA: 0.6128983167655895 BEST_ACC_MI: 0.620362125259721 BEST_F1_MA: 0.6214540876893324
[[466 145 282   0]
 [195 408 201   0]
 [401  54 291   0]
 [  0   1   0 925]]
Epoch: [ 6/200], cls_loss: 0.2773, transfer_loss: 0.0137,person_loss: -1.9506, total_Loss: 0.0891
trian begin
trian end
n_person 615
SAMPLE
F1_MI: 0.5972098545562482 F1_MA: 0.5867547542570514 ACC_MI: 0.5972098545562482 F1_MA: 0.5874554640577155
BEST_F1_MI: 0.620362125259721 BEST_F1_MA: 0.6128983167655895 BEST_ACC_MI: 0.620362125259721 BEST_F1_MA: 0.6214540876893324
[[342 190 361   0]
 [211 400 193   0]
 [213 179 354   0]
 [  0  10   0 916]]
Epoch: [ 7/200], cls_loss: 0.2291, transfer_loss: 0.0132,person_loss: -1.9417, total_Loss: 0.0415
trian begin
trian end
n_person 615
SAMPLE
F1_MI: 0.5247848026120511 F1_MA: 0.49802785587910786 ACC_MI: 0.5247848026120511 F1_MA: 0.4981702429313615
BEST_F1_MI: 0.620362125259721 BEST_F1_MA: 0.6128983167655895 BEST_ACC_MI: 0.620362125259721 BEST_F1_MA: 0.6214540876893324
[[507 124 262   0]
 [422 264 118   0]
 [515 159  72   0]
 [  0   0   1 925]]
Epoch: [ 8/200], cls_loss: 0.2044, transfer_loss: 0.0117,person_loss: -1.9382, total_Loss: 0.0164
trian begin
trian end
n_person 615
SAMPLE
F1_MI: 0.5960225586227367 F1_MA: 0.5871480345770539 ACC_MI: 0.5960225586227367 F1_MA: 0.5928925463558461
BEST_F1_MI: 0.620362125259721 BEST_F1_MA: 0.6128983167655895 BEST_ACC_MI: 0.620362125259721 BEST_F1_MA: 0.6214540876893324
[[385 135 373   0]
 [182 437 185   0]
 [366 109 271   0]
 [  0  10   1 915]]
Epoch: [ 9/200], cls_loss: 0.1807, transfer_loss: 0.0107,person_loss: -1.9526, total_Loss: -0.0092
trian begin
trian end
n_person 615
SAMPLE
F1_MI: 0.5992876224398932 F1_MA: 0.5844709631492683 ACC_MI: 0.5992876224398932 F1_MA: 0.5837286176339711
BEST_F1_MI: 0.620362125259721 BEST_F1_MA: 0.6128983167655895 BEST_ACC_MI: 0.620362125259721 BEST_F1_MA: 0.6214540876893324
[[368 275 250   0]
 [189 459 156   0]
 [334 141 271   0]
 [  0   3   2 921]]
Epoch: [10/200], cls_loss: 0.1472, transfer_loss: 0.0102,person_loss: -1.9587, total_Loss: -0.0436
trian begin
trian end
n_person 615
SAMPLE
F1_MI: 0.5983971504897596 F1_MA: 0.5630450865146318 ACC_MI: 0.5983971504897596 F1_MA: 0.5576136179458421
BEST_F1_MI: 0.620362125259721 BEST_F1_MA: 0.6128983167655895 BEST_ACC_MI: 0.620362125259721 BEST_F1_MA: 0.6214540876893324
[[690 122  81   0]
 [372 376  56   0]
 [631  84  31   0]
 [  0   7   0 919]]
Epoch: [11/200], cls_loss: 0.1599, transfer_loss: 0.0106,person_loss: -1.9621, total_Loss: -0.0311
trian begin
trian end
n_person 615
SAMPLE
F1_MI: 0.5514989611160582 F1_MA: 0.531243805834103 ACC_MI: 0.5514989611160582 F1_MA: 0.5264000880008171
BEST_F1_MI: 0.620362125259721 BEST_F1_MA: 0.6128983167655895 BEST_ACC_MI: 0.620362125259721 BEST_F1_MA: 0.6214540876893324
[[222 517 154   0]
 [ 90 578 136   0]
 [250 363 133   0]
 [  0   1   0 925]]
Epoch: [12/200], cls_loss: 0.1302, transfer_loss: 0.0099,person_loss: -1.9618, total_Loss: -0.0610
trian begin
trian end
n_person 615
SAMPLE
F1_MI: 0.5998812704066488 F1_MA: 0.6080541307870679 ACC_MI: 0.5998812704066488 F1_MA: 0.6433345404283859
BEST_F1_MI: 0.620362125259721 BEST_F1_MA: 0.6128983167655895 BEST_ACC_MI: 0.620362125259721 BEST_F1_MA: 0.6433345404283859
[[505 368  20   0]
 [261 537   6   0]
 [518 170  58   0]
 [  0   4   1 921]]
Epoch: [13/200], cls_loss: 0.1114, transfer_loss: 0.0104,person_loss: -1.9652, total_Loss: -0.0799
trian begin
trian end
n_person 615
SAMPLE
F1_MI: 0.5203324428613832 F1_MA: 0.5235622409964894 ACC_MI: 0.5203324428613832 F1_MA: 0.5452762028461988
BEST_F1_MI: 0.620362125259721 BEST_F1_MA: 0.6128983167655895 BEST_ACC_MI: 0.620362125259721 BEST_F1_MA: 0.6433345404283859
[[155 727  11   0]
 [132 667   5   0]
 [372 353  21   0]
 [  0  16   0 910]]
Epoch: [14/200], cls_loss: 0.1251, transfer_loss: 0.0102,person_loss: -1.9689, total_Loss: -0.0667
trian begin
trian end
n_person 615
SAMPLE
F1_MI: 0.5360641139804097 F1_MA: 0.514411776599889 ACC_MI: 0.5360641139804097 F1_MA: 0.5096959740136728
BEST_F1_MI: 0.620362125259721 BEST_F1_MA: 0.6128983167655895 BEST_ACC_MI: 0.620362125259721 BEST_F1_MA: 0.6433345404283859
[[218 552 123   0]
 [184 576  44   0]
 [370 286  90   0]
 [  0   4   0 922]]
Epoch: [15/200], cls_loss: 0.0957, transfer_loss: 0.0096,person_loss: -1.9698, total_Loss: -0.0965
trian begin
trian end
n_person 615
SAMPLE
F1_MI: 0.595428910655981 F1_MA: 0.5853183671582465 ACC_MI: 0.595428910655981 F1_MA: 0.5956376728341917
BEST_F1_MI: 0.620362125259721 BEST_F1_MA: 0.6128983167655895 BEST_ACC_MI: 0.620362125259721 BEST_F1_MA: 0.6433345404283859
[[437 405  51   0]
 [215 524  65   0]
 [444 180 122   0]
 [  0   3   0 923]]
Epoch: [16/200], cls_loss: 0.0999, transfer_loss: 0.0105,person_loss: -1.9709, total_Loss: -0.0919
trian begin
trian end
n_person 615
SAMPLE
F1_MI: 0.5604036806173939 F1_MA: 0.579596678910739 ACC_MI: 0.5604036806173939 F1_MA: 0.6284592768396926
BEST_F1_MI: 0.620362125259721 BEST_F1_MA: 0.6128983167655895 BEST_ACC_MI: 0.620362125259721 BEST_F1_MA: 0.6433345404283859
[[382 507   4   0]
 [237 565   2   0]
 [486 243  17   0]
 [  0   2   0 924]]
Epoch: [17/200], cls_loss: 0.0899, transfer_loss: 0.0100,person_loss: -1.9707, total_Loss: -0.1022
trian begin
trian end
n_person 615
SAMPLE
F1_MI: 0.4734342534876818 F1_MA: 0.4849573286550792 ACC_MI: 0.4734342534876818 F1_MA: 0.5133959502521566
BEST_F1_MI: 0.620362125259721 BEST_F1_MA: 0.6128983167655895 BEST_ACC_MI: 0.620362125259721 BEST_F1_MA: 0.6433345404283859
[[154 128 611   0]
 [116 259 428   1]
 [479  10 257   0]
 [  0   1   0 925]]
Epoch: [18/200], cls_loss: 0.0893, transfer_loss: 0.0095,person_loss: -1.9732, total_Loss: -0.1033
trian begin
trian end
n_person 615
SAMPLE
F1_MI: 0.6268922528940338 F1_MA: 0.6229250150178864 ACC_MI: 0.6268922528940338 F1_MA: 0.6354043310223064
BEST_F1_MI: 0.6268922528940338 BEST_F1_MA: 0.6229250150178864 BEST_ACC_MI: 0.6268922528940338 BEST_F1_MA: 0.6433345404283859
[[477 218 198   0]
 [287 444  73   0]
 [460  13 273   0]
 [  0   8   0 918]]
Epoch: [19/200], cls_loss: 0.0861, transfer_loss: 0.0097,person_loss: -1.9747, total_Loss: -0.1066
trian begin
trian end
n_person 615
SAMPLE
F1_MI: 0.5188483229444939 F1_MA: 0.502688126490836 ACC_MI: 0.5188483229444939 F1_MA: 0.5079570353681025
BEST_F1_MI: 0.6268922528940338 BEST_F1_MA: 0.6229250150178864 BEST_ACC_MI: 0.6268922528940338 BEST_F1_MA: 0.6433345404283859
[[356 190 347   0]
 [324 365 115   0]
 [530 107 109   0]
 [  0   4   4 918]]
Epoch: [20/200], cls_loss: 0.0741, transfer_loss: 0.0098,person_loss: -1.9777, total_Loss: -0.1187
trian begin
trian end
n_person 615
SAMPLE
F1_MI: 0.5411101216978332 F1_MA: 0.5368504906325199 ACC_MI: 0.5411101216978332 F1_MA: 0.5474305272063564
BEST_F1_MI: 0.6268922528940338 BEST_F1_MA: 0.6229250150178864 BEST_ACC_MI: 0.6268922528940338 BEST_F1_MA: 0.6433345404283859
[[304 180 409   0]
 [326 307 171   0]
 [400  56 290   0]
 [  0   4   0 922]]
Epoch: [21/200], cls_loss: 0.0652, transfer_loss: 0.0096,person_loss: -1.9758, total_Loss: -0.1276
trian begin
trian end
n_person 615
SAMPLE
F1_MI: 0.6001780943900267 F1_MA: 0.5910765621681359 ACC_MI: 0.6001780943900267 F1_MA: 0.6059165522251929
BEST_F1_MI: 0.6268922528940338 BEST_F1_MA: 0.6229250150178864 BEST_ACC_MI: 0.6268922528940338 BEST_F1_MA: 0.6433345404283859
[[549 267  77   0]
 [339 435  30   0]
 [440 187 119   0]
 [  0   6   1 919]]
Epoch: [22/200], cls_loss: 0.0767, transfer_loss: 0.0117,person_loss: -1.9774, total_Loss: -0.1152
trian begin
trian end
n_person 615
SAMPLE
F1_MI: 0.5268625704956961 F1_MA: 0.5195232708194457 ACC_MI: 0.5268625704956961 F1_MA: 0.5305408080066224
BEST_F1_MI: 0.6268922528940338 BEST_F1_MA: 0.6229250150178864 BEST_ACC_MI: 0.6268922528940338 BEST_F1_MA: 0.6433345404283859
[[311 152 430   0]
 [310 372 122   0]
 [484  87 175   0]
 [  0   9   0 917]]
Epoch: [23/200], cls_loss: 0.0674, transfer_loss: 0.0102,person_loss: -1.9770, total_Loss: -0.1252
trian begin
trian end
n_person 615
SAMPLE
F1_MI: 0.6399525081626596 F1_MA: 0.6341632325144427 ACC_MI: 0.6399525081626596 F1_MA: 0.6353783176775132
BEST_F1_MI: 0.6399525081626596 BEST_F1_MA: 0.6341632325144427 BEST_ACC_MI: 0.6399525081626596 BEST_F1_MA: 0.6433345404283859
[[299 439 155   0]
 [174 549  81   0]
 [210 146 390   0]
 [  0   8   0 918]]
Epoch: [24/200], cls_loss: 0.0711, transfer_loss: 0.0097,person_loss: -1.9795, total_Loss: -0.1220
trian begin
trian end
n_person 615
SAMPLE
F1_MI: 0.5298308103294747 F1_MA: 0.5004675104099922 ACC_MI: 0.5298308103294747 F1_MA: 0.49009067148087015
BEST_F1_MI: 0.6399525081626596 BEST_F1_MA: 0.6341632325144427 BEST_ACC_MI: 0.6399525081626596 BEST_F1_MA: 0.6433345404283859
[[236 547 110   0]
 [198 585  21   0]
 [330 369  47   0]
 [  0   9   0 917]]
Epoch: [25/200], cls_loss: 0.0637, transfer_loss: 0.0098,person_loss: -1.9802, total_Loss: -0.1294
trian begin
trian end
n_person 615
SAMPLE
F1_MI: 0.47996438112199463 F1_MA: 0.4615211940284691 ACC_MI: 0.47996438112199463 F1_MA: 0.4593086667517947
BEST_F1_MI: 0.6399525081626596 BEST_F1_MA: 0.6341632325144427 BEST_ACC_MI: 0.6399525081626596 BEST_F1_MA: 0.6433345404283859
[[149 362 382   0]
 [205 413 186   0]
 [520  91 135   0]
 [  0   2   4 920]]
Epoch: [26/200], cls_loss: 0.0531, transfer_loss: 0.0097,person_loss: -1.9816, total_Loss: -0.1403
trian begin
trian end
n_person 615
SAMPLE
F1_MI: 0.5888987830216682 F1_MA: 0.5782317163080865 ACC_MI: 0.5888987830216682 F1_MA: 0.5750848180672883
BEST_F1_MI: 0.6399525081626596 BEST_F1_MA: 0.6341632325144427 BEST_ACC_MI: 0.6399525081626596 BEST_F1_MA: 0.6433345404283859
[[242 280 371   0]
 [204 424 176   0]
 [281  66 399   0]
 [  0   7   0 919]]
Epoch: [27/200], cls_loss: 0.0650, transfer_loss: 0.0098,person_loss: -1.9808, total_Loss: -0.1282
trian begin
trian end
n_person 615
SAMPLE
F1_MI: 0.6040368061739388 F1_MA: 0.5934007838924187 ACC_MI: 0.6040368061739388 F1_MA: 0.591042136155421
BEST_F1_MI: 0.6399525081626596 BEST_F1_MA: 0.6341632325144427 BEST_ACC_MI: 0.6399525081626596 BEST_F1_MA: 0.6433345404283859
[[299 400 194   0]
 [206 404 194   0]
 [290  44 412   0]
 [  0   6   0 920]]
Epoch: [28/200], cls_loss: 0.0528, transfer_loss: 0.0092,person_loss: -1.9840, total_Loss: -0.1410
trian begin
trian end
n_person 615
SAMPLE
F1_MI: 0.5420005936479667 F1_MA: 0.5057479281735847 ACC_MI: 0.5420005936479667 F1_MA: 0.4927297848080801
BEST_F1_MI: 0.6399525081626596 BEST_F1_MA: 0.6341632325144427 BEST_ACC_MI: 0.6399525081626596 BEST_F1_MA: 0.6433345404283859
[[367 412 114   0]
 [278 508  18   0]
 [591 124  31   0]
 [  0   6   0 920]]
Epoch: [29/200], cls_loss: 0.0509, transfer_loss: 0.0095,person_loss: -1.9853, total_Loss: -0.1428
trian begin
trian end
n_person 615
SAMPLE
F1_MI: 0.5277530424458297 F1_MA: 0.5065059926362881 ACC_MI: 0.5277530424458297 F1_MA: 0.506910686785794
BEST_F1_MI: 0.6399525081626596 BEST_F1_MA: 0.6341632325144427 BEST_ACC_MI: 0.6399525081626596 BEST_F1_MA: 0.6433345404283859
[[346 241 306   0]
 [217 449 138   0]
 [648  33  65   0]
 [  0   8   0 918]]
Epoch: [30/200], cls_loss: 0.0428, transfer_loss: 0.0095,person_loss: -1.9858, total_Loss: -0.1511
trian begin
trian end
n_person 615
SAMPLE
F1_MI: 0.4826357969723954 F1_MA: 0.4646396397019761 ACC_MI: 0.4826357969723954 F1_MA: 0.46387268361758704
BEST_F1_MI: 0.6399525081626596 BEST_F1_MA: 0.6341632325144427 BEST_ACC_MI: 0.6399525081626596 BEST_F1_MA: 0.6433345404283859
[[151 251 491   0]
 [164 454 186   0]
 [534 115  97   0]
 [  0   2   0 924]]
Epoch: [31/200], cls_loss: 0.0537, transfer_loss: 0.0095,person_loss: -1.9819, total_Loss: -0.1397
trian begin
trian end
n_person 615
SAMPLE
F1_MI: 0.5639655684179282 F1_MA: 0.5491125006469516 ACC_MI: 0.5639655684179282 F1_MA: 0.5448214375096799
BEST_F1_MI: 0.6399525081626596 BEST_F1_MA: 0.6341632325144427 BEST_ACC_MI: 0.6399525081626596 BEST_F1_MA: 0.6433345404283859
[[204 247 442   0]
 [154 494 156   0]
 [344 122 280   0]
 [  0   4   0 922]]
Epoch: [32/200], cls_loss: 0.0527, transfer_loss: 0.0100,person_loss: -1.9830, total_Loss: -0.1406
trian begin
trian end
n_person 615
SAMPLE
F1_MI: 0.5568417928168596 F1_MA: 0.5349576663699053 ACC_MI: 0.5568417928168596 F1_MA: 0.5272914706416415
BEST_F1_MI: 0.6399525081626596 BEST_F1_MA: 0.6341632325144427 BEST_ACC_MI: 0.6399525081626596 BEST_F1_MA: 0.6433345404283859
[[211 365 317   0]
 [170 582  52   0]
 [519  67 160   0]
 [  0   2   1 923]]
Epoch: [33/200], cls_loss: 0.0395, transfer_loss: 0.0093,person_loss: -1.9852, total_Loss: -0.1543
trian begin
trian end
n_person 615
SAMPLE
F1_MI: 0.5707925200356189 F1_MA: 0.5449499462367359 ACC_MI: 0.5707925200356189 F1_MA: 0.540982850820579
BEST_F1_MI: 0.6399525081626596 BEST_F1_MA: 0.6341632325144427 BEST_ACC_MI: 0.6399525081626596 BEST_F1_MA: 0.6433345404283859
[[420 327 146   0]
 [274 514  16   0]
 [538 138  70   0]
 [  0   7   0 919]]
Epoch: [34/200], cls_loss: 0.0433, transfer_loss: 0.0097,person_loss: -1.9831, total_Loss: -0.1502
trian begin
trian end
n_person 615
SAMPLE
F1_MI: 0.5360641139804097 F1_MA: 0.5216790371315837 ACC_MI: 0.5360641139804097 F1_MA: 0.524120037441348
BEST_F1_MI: 0.6399525081626596 BEST_F1_MA: 0.6341632325144427 BEST_ACC_MI: 0.6399525081626596 BEST_F1_MA: 0.6433345404283859
[[272 214 407   0]
 [241 459 104   0]
 [496  94 156   0]
 [  0   7   0 919]]
Epoch: [35/200], cls_loss: 0.0460, transfer_loss: 0.0098,person_loss: -1.9844, total_Loss: -0.1475
trian begin
trian end
n_person 615
SAMPLE
F1_MI: 0.5292371623627189 F1_MA: 0.519452356035518 ACC_MI: 0.5292371623627189 F1_MA: 0.524408910445231
BEST_F1_MI: 0.6399525081626596 BEST_F1_MA: 0.6341632325144427 BEST_ACC_MI: 0.6399525081626596 BEST_F1_MA: 0.6433345404283859
[[241 235 416   1]
 [215 388 201   0]
 [451  66 229   0]
 [  0   1   0 925]]
Epoch: [36/200], cls_loss: 0.0389, transfer_loss: 0.0098,person_loss: -1.9853, total_Loss: -0.1547
trian begin
trian end
n_person 615
SAMPLE
F1_MI: 0.5853368952211339 F1_MA: 0.5773312171063184 ACC_MI: 0.5853368952211339 F1_MA: 0.5824413858229782
BEST_F1_MI: 0.6399525081626596 BEST_F1_MA: 0.6341632325144427 BEST_ACC_MI: 0.6399525081626596 BEST_F1_MA: 0.6433345404283859
[[279 429 185   0]
 [249 539  16   0]
 [391 124 231   0]
 [  0   2   1 923]]
Epoch: [37/200], cls_loss: 0.0331, transfer_loss: 0.0094,person_loss: -1.9858, total_Loss: -0.1608
trian begin
trian end
n_person 615
SAMPLE
F1_MI: 0.5699020480854853 F1_MA: 0.5510028436079047 ACC_MI: 0.5699020480854853 F1_MA: 0.5427359835262517
BEST_F1_MI: 0.6399525081626596 BEST_F1_MA: 0.6341632325144427 BEST_ACC_MI: 0.6399525081626596 BEST_F1_MA: 0.6433345404283859
[[163 543 187   0]
 [108 609  87   0]
 [359 163 224   0]
 [  0   2   0 924]]
Epoch: [38/200], cls_loss: 0.0376, transfer_loss: 0.0091,person_loss: -1.9854, total_Loss: -0.1564
trian begin
trian end
n_person 615
SAMPLE
F1_MI: 0.5785099436034432 F1_MA: 0.5758949206013988 ACC_MI: 0.5785099436034432 F1_MA: 0.5818163320509433
BEST_F1_MI: 0.6399525081626596 BEST_F1_MA: 0.6341632325144427 BEST_ACC_MI: 0.6399525081626596 BEST_F1_MA: 0.6433345404283859
[[176 593 124   0]
 [205 555  44   0]
 [263 185 298   0]
 [  0   6   0 920]]
Epoch: [39/200], cls_loss: 0.0361, transfer_loss: 0.0110,person_loss: -1.9830, total_Loss: -0.1567
trian begin
trian end
n_person 615
SAMPLE
F1_MI: 0.6081923419412288 F1_MA: 0.5984078087424389 ACC_MI: 0.6081923419412288 F1_MA: 0.5996522317345814
BEST_F1_MI: 0.6399525081626596 BEST_F1_MA: 0.6341632325144427 BEST_ACC_MI: 0.6399525081626596 BEST_F1_MA: 0.6433345404283859
[[328 249 316   0]
 [223 469 112   0]
 [361  55 330   0]
 [  0   4   0 922]]
Epoch: [40/200], cls_loss: 0.0465, transfer_loss: 0.0097,person_loss: -1.9866, total_Loss: -0.1473
trian begin
trian end
n_person 615
SAMPLE
F1_MI: 0.5452656574651232 F1_MA: 0.509421296065623 ACC_MI: 0.5452656574651232 F1_MA: 0.4952008501377685
BEST_F1_MI: 0.6399525081626596 BEST_F1_MA: 0.6341632325144427 BEST_ACC_MI: 0.6399525081626596 BEST_F1_MA: 0.6433345404283859
[[319 424 150   0]
 [231 552  21   0]
 [582 122  42   0]
 [  0   2   0 924]]
Epoch: [41/200], cls_loss: 0.0315, transfer_loss: 0.0095,person_loss: -1.9879, total_Loss: -0.1625
trian begin
trian end
n_person 615
SAMPLE
F1_MI: 0.5636687444345503 F1_MA: 0.5521880917279884 ACC_MI: 0.5636687444345503 F1_MA: 0.5572430979488472
BEST_F1_MI: 0.6399525081626596 BEST_F1_MA: 0.6341632325144427 BEST_ACC_MI: 0.6399525081626596 BEST_F1_MA: 0.6433345404283859
[[316 210 367   0]
 [219 483 102   0]
 [530  38 178   0]
 [  0   4   0 922]]
Epoch: [42/200], cls_loss: 0.0325, transfer_loss: 0.0093,person_loss: -1.9875, total_Loss: -0.1616
trian begin
trian end
n_person 615
SAMPLE
F1_MI: 0.5449688334817453 F1_MA: 0.5265292257952237 ACC_MI: 0.5449688334817453 F1_MA: 0.5324205980139783
BEST_F1_MI: 0.6399525081626596 BEST_F1_MA: 0.6341632325144427 BEST_ACC_MI: 0.6399525081626596 BEST_F1_MA: 0.6433345404283859
[[456 230 207   0]
 [402 390  12   0]
 [631  45  70   0]
 [  0   6   0 920]]
Epoch: [43/200], cls_loss: 0.0315, transfer_loss: 0.0088,person_loss: -1.9874, total_Loss: -0.1628
trian begin
trian end
n_person 615
SAMPLE
F1_MI: 0.5598100326506382 F1_MA: 0.5429118230157972 ACC_MI: 0.5598100326506382 F1_MA: 0.5398573700498319
BEST_F1_MI: 0.6399525081626596 BEST_F1_MA: 0.6341632325144427 BEST_ACC_MI: 0.6399525081626596 BEST_F1_MA: 0.6433345404283859
[[253 319 321   0]
 [217 516  71   0]
 [433 111 202   0]
 [  0  11   0 915]]
Epoch: [44/200], cls_loss: 0.0330, transfer_loss: 0.0087,person_loss: -1.9865, total_Loss: -0.1613
trian begin
trian end
n_person 615
SAMPLE
F1_MI: 0.6064113980409617 F1_MA: 0.5903181234932778 ACC_MI: 0.6064113980409617 F1_MA: 0.583900624673862
BEST_F1_MI: 0.6399525081626596 BEST_F1_MA: 0.6341632325144427 BEST_ACC_MI: 0.6399525081626596 BEST_F1_MA: 0.6433345404283859
[[254 349 290   0]
 [147 564  93   0]
 [289 155 302   0]
 [  0   3   0 923]]
Epoch: [45/200], cls_loss: 0.0310, transfer_loss: 0.0086,person_loss: -1.9892, total_Loss: -0.1636
trian begin
trian end
n_person 615
SAMPLE
F1_MI: 0.5479370733155239 F1_MA: 0.5127212024388887 ACC_MI: 0.5479370733155239 F1_MA: 0.4984373697453687
BEST_F1_MI: 0.6399525081626596 BEST_F1_MA: 0.6341632325144427 BEST_ACC_MI: 0.6399525081626596 BEST_F1_MA: 0.6433345404283859
[[306 434 153   0]
 [220 578   6   0]
 [590 114  42   0]
 [  0   6   0 920]]
Epoch: [46/200], cls_loss: 0.0242, transfer_loss: 0.0088,person_loss: -1.9894, total_Loss: -0.1704
trian begin
trian end
n_person 615
SAMPLE
F1_MI: 0.5372514099139211 F1_MA: 0.5299855744158091 ACC_MI: 0.5372514099139211 F1_MA: 0.535910419883477
BEST_F1_MI: 0.6399525081626596 BEST_F1_MA: 0.6341632325144427 BEST_ACC_MI: 0.6399525081626596 BEST_F1_MA: 0.6433345404283859
[[227 225 441   0]
 [205 424 175   0]
 [456  46 244   0]
 [  0   4   7 915]]
Epoch: [47/200], cls_loss: 0.0360, transfer_loss: 0.0092,person_loss: -1.9845, total_Loss: -0.1579
trian begin
trian end
n_person 615
SAMPLE
F1_MI: 0.5455624814485011 F1_MA: 0.5128163094122338 ACC_MI: 0.5455624814485011 F1_MA: 0.5019780946732838
BEST_F1_MI: 0.6399525081626596 BEST_F1_MA: 0.6341632325144427 BEST_ACC_MI: 0.6399525081626596 BEST_F1_MA: 0.6433345404283859
[[345 382 166   0]
 [265 521  18   0]
 [587 111  48   0]
 [  0   2   0 924]]
Epoch: [48/200], cls_loss: 0.0253, transfer_loss: 0.0089,person_loss: -1.9887, total_Loss: -0.1691
trian begin
trian end
n_person 615
SAMPLE
F1_MI: 0.5612941525675275 F1_MA: 0.5355956030545084 ACC_MI: 0.5612941525675275 F1_MA: 0.5319354121544472
BEST_F1_MI: 0.6399525081626596 BEST_F1_MA: 0.6341632325144427 BEST_ACC_MI: 0.6399525081626596 BEST_F1_MA: 0.6433345404283859
[[409 284 200   0]
 [307 482  15   0]
 [552 118  76   0]
 [  0   2   0 924]]
Epoch: [49/200], cls_loss: 0.0254, transfer_loss: 0.0088,person_loss: -1.9886, total_Loss: -0.1691
trian begin
trian end
n_person 615
SAMPLE
F1_MI: 0.587117839121401 F1_MA: 0.5735194080447679 ACC_MI: 0.587117839121401 F1_MA: 0.5723223413127393
BEST_F1_MI: 0.6399525081626596 BEST_F1_MA: 0.6341632325144427 BEST_ACC_MI: 0.6399525081626596 BEST_F1_MA: 0.6433345404283859
[[280 367 246   0]
 [217 539  48   0]
 [370 133 243   0]
 [  0  10   0 916]]
Epoch: [50/200], cls_loss: 0.0272, transfer_loss: 0.0087,person_loss: -1.9895, total_Loss: -0.1675
trian begin
trian end
n_person 615
SAMPLE
F1_MI: 0.5298308103294747 F1_MA: 0.5052901789697374 ACC_MI: 0.5298308103294747 F1_MA: 0.49905149417325806
BEST_F1_MI: 0.6399525081626596 BEST_F1_MA: 0.6341632325144427 BEST_ACC_MI: 0.6399525081626596 BEST_F1_MA: 0.6433345404283859
[[256 409 228   0]
 [259 515  30   0]
 [505 147  94   0]
 [  0   6   0 920]]
Epoch: [51/200], cls_loss: 0.0186, transfer_loss: 0.0090,person_loss: -1.9888, total_Loss: -0.1758
trian begin
trian end
n_person 615
SAMPLE
F1_MI: 0.5034134758088453 F1_MA: 0.475761807986674 ACC_MI: 0.5034134758088453 F1_MA: 0.466453041299029
BEST_F1_MI: 0.6399525081626596 BEST_F1_MA: 0.6341632325144427 BEST_ACC_MI: 0.6399525081626596 BEST_F1_MA: 0.6433345404283859
[[196 356 341   0]
 [136 490 178   0]
 [516 145  85   0]
 [  0   1   0 925]]
Epoch: [52/200], cls_loss: 0.0365, transfer_loss: 0.0088,person_loss: -1.9885, total_Loss: -0.1580
trian begin
trian end
n_person 615
SAMPLE
F1_MI: 0.562184624517661 F1_MA: 0.5414701376322112 ACC_MI: 0.562184624517661 F1_MA: 0.5379673367144214
BEST_F1_MI: 0.6399525081626596 BEST_F1_MA: 0.6341632325144427 BEST_ACC_MI: 0.6399525081626596 BEST_F1_MA: 0.6433345404283859
[[313 305 275   0]
 [222 536  46   0]
 [515  99 132   0]
 [  0  12   1 913]]
Epoch: [53/200], cls_loss: 0.0249, transfer_loss: 0.0087,person_loss: -1.9892, total_Loss: -0.1696
trian begin
trian end
n_person 615
SAMPLE
F1_MI: 0.5627782724844167 F1_MA: 0.543680184005443 ACC_MI: 0.5627782724844167 F1_MA: 0.5392136991619082
BEST_F1_MI: 0.6399525081626596 BEST_F1_MA: 0.6341632325144427 BEST_ACC_MI: 0.6399525081626596 BEST_F1_MA: 0.6433345404283859
[[247 283 363   0]
 [195 563  46   0]
 [505  75 166   0]
 [  0   6   0 920]]
Epoch: [54/200], cls_loss: 0.0204, transfer_loss: 0.0084,person_loss: -1.9903, total_Loss: -0.1745
trian begin
trian end
n_person 615
SAMPLE
F1_MI: 0.5428910655981003 F1_MA: 0.5269980611336182 ACC_MI: 0.5428910655981003 F1_MA: 0.5182171303976404
BEST_F1_MI: 0.6399525081626596 BEST_F1_MA: 0.6341632325144427 BEST_ACC_MI: 0.6399525081626596 BEST_F1_MA: 0.6433345404283859
[[ 98 245 550   0]
 [ 73 471 260   0]
 [306 102 338   0]
 [  0   4   0 922]]
Epoch: [55/200], cls_loss: 0.0256, transfer_loss: 0.0076,person_loss: -1.9900, total_Loss: -0.1697
trian begin
trian end
n_person 615
SAMPLE
F1_MI: 0.5488275452656575 F1_MA: 0.5252793599152068 ACC_MI: 0.5488275452656575 F1_MA: 0.5122506782652414
BEST_F1_MI: 0.6399525081626596 BEST_F1_MA: 0.6341632325144427 BEST_ACC_MI: 0.6399525081626596 BEST_F1_MA: 0.6433345404283859
[[130 480 283   0]
 [104 555 145   0]
 [348 156 242   0]
 [  1   3   0 922]]
Epoch: [56/200], cls_loss: 0.0232, transfer_loss: 0.0082,person_loss: -1.9891, total_Loss: -0.1716
trian begin
trian end
n_person 615
SAMPLE
F1_MI: 0.5256752745621847 F1_MA: 0.5013708497288841 ACC_MI: 0.5256752745621847 F1_MA: 0.4969880608563248
BEST_F1_MI: 0.6399525081626596 BEST_F1_MA: 0.6341632325144427 BEST_ACC_MI: 0.6399525081626596 BEST_F1_MA: 0.6433345404283859
[[287 306 300   0]
 [233 487  84   0]
 [616  55  75   0]
 [  0   3   1 922]]
Epoch: [57/200], cls_loss: 0.0248, transfer_loss: 0.0081,person_loss: -1.9884, total_Loss: -0.1700
trian begin
trian end
n_person 615
SAMPLE
F1_MI: 0.5687147521519739 F1_MA: 0.552835577078225 ACC_MI: 0.5687147521519739 F1_MA: 0.5528246012853232
BEST_F1_MI: 0.6399525081626596 BEST_F1_MA: 0.6341632325144427 BEST_ACC_MI: 0.6399525081626596 BEST_F1_MA: 0.6433345404283859
[[322 247 324   0]
 [171 467 166   0]
 [449  94 203   0]
 [  0   2   0 924]]
Epoch: [58/200], cls_loss: 0.0148, transfer_loss: 0.0073,person_loss: -1.9911, total_Loss: -0.1807
trian begin
trian end
n_person 615
SAMPLE
F1_MI: 0.6013653903235382 F1_MA: 0.5827371008781687 ACC_MI: 0.6013653903235382 F1_MA: 0.5752568160785072
BEST_F1_MI: 0.6399525081626596 BEST_F1_MA: 0.6341632325144427 BEST_ACC_MI: 0.6399525081626596 BEST_F1_MA: 0.6433345404283859
[[259 304 330   0]
 [115 587 102   0]
 [290 198 258   0]
 [  0   4   0 922]]
Epoch: [59/200], cls_loss: 0.0226, transfer_loss: 0.0076,person_loss: -1.9896, total_Loss: -0.1726
trian begin
trian end
n_person 615
SAMPLE
F1_MI: 0.5710893440189967 F1_MA: 0.553153531191061 ACC_MI: 0.5710893440189967 F1_MA: 0.5468321769773468
BEST_F1_MI: 0.6399525081626596 BEST_F1_MA: 0.6341632325144427 BEST_ACC_MI: 0.6399525081626596 BEST_F1_MA: 0.6433345404283859
[[212 329 352   0]
 [197 554  53   0]
 [406 104 236   0]
 [  0   4   0 922]]
Epoch: [60/200], cls_loss: 0.0124, transfer_loss: 0.0088,person_loss: -1.9904, total_Loss: -0.1822
trian begin
trian end
n_person 615
SAMPLE
F1_MI: 0.5491243692490353 F1_MA: 0.5274525496513865 ACC_MI: 0.5491243692490353 F1_MA: 0.5222375073852392
BEST_F1_MI: 0.6399525081626596 BEST_F1_MA: 0.6341632325144427 BEST_ACC_MI: 0.6399525081626596 BEST_F1_MA: 0.6433345404283859
[[254 414 225   0]
 [206 543  55   0]
 [505 110 131   0]
 [  0   4   0 922]]
Epoch: [61/200], cls_loss: 0.0152, transfer_loss: 0.0112,person_loss: -1.9865, total_Loss: -0.1779
trian begin
trian end
n_person 615
SAMPLE
F1_MI: 0.5405164737310775 F1_MA: 0.5236659252505043 ACC_MI: 0.5405164737310775 F1_MA: 0.5305139694915818
BEST_F1_MI: 0.6399525081626596 BEST_F1_MA: 0.6341632325144427 BEST_ACC_MI: 0.6399525081626596 BEST_F1_MA: 0.6433345404283859
[[422 327 144   0]
 [384 405  15   0]
 [637  39  70   0]
 [  0   2   0 924]]
Epoch: [62/200], cls_loss: 0.0143, transfer_loss: 0.0079,person_loss: -1.9905, total_Loss: -0.1808
trian begin
trian end
n_person 615
SAMPLE
F1_MI: 0.5948352626892253 F1_MA: 0.5779896926108298 ACC_MI: 0.5948352626892253 F1_MA: 0.5686263548492602
BEST_F1_MI: 0.6399525081626596 BEST_F1_MA: 0.6341632325144427 BEST_ACC_MI: 0.6399525081626596 BEST_F1_MA: 0.6433345404283859
[[193 360 340   0]
 [146 549 109   0]
 [324  81 341   0]
 [  0   5   0 921]]
Epoch: [63/200], cls_loss: 0.0151, transfer_loss: 0.0081,person_loss: -1.9917, total_Loss: -0.1800
trian begin
trian end
n_person 615
SAMPLE
F1_MI: 0.5544672009498367 F1_MA: 0.5331514294450127 ACC_MI: 0.5544672009498367 F1_MA: 0.5242749207893517
BEST_F1_MI: 0.6399525081626596 BEST_F1_MA: 0.6341632325144427 BEST_ACC_MI: 0.6399525081626596 BEST_F1_MA: 0.6433345404283859
[[175 429 289   0]
 [183 580  41   0]
 [413 141 192   0]
 [  1   4   0 921]]
Epoch: [64/200], cls_loss: 0.0164, transfer_loss: 0.0083,person_loss: -1.9896, total_Loss: -0.1785
trian begin
trian end
n_person 615
SAMPLE
F1_MI: 0.562184624517661 F1_MA: 0.5396598326358552 ACC_MI: 0.562184624517661 F1_MA: 0.5324859546479148
BEST_F1_MI: 0.6399525081626596 BEST_F1_MA: 0.6341632325144427 BEST_ACC_MI: 0.6399525081626596 BEST_F1_MA: 0.6433345404283859
[[243 424 226   0]
 [189 591  24   0]
 [374 233 139   0]
 [  0   4   1 921]]
Epoch: [65/200], cls_loss: 0.0220, transfer_loss: 0.0084,person_loss: -1.9905, total_Loss: -0.1729
trian begin
trian end
n_person 615
SAMPLE
F1_MI: 0.5526862570495696 F1_MA: 0.5223679694712778 ACC_MI: 0.5526862570495696 F1_MA: 0.5118738501338935
BEST_F1_MI: 0.6399525081626596 BEST_F1_MA: 0.6341632325144427 BEST_ACC_MI: 0.6399525081626596 BEST_F1_MA: 0.6433345404283859
[[310 352 231   0]
 [216 557  31   0]
 [573 101  72   0]
 [  0   3   0 923]]
Epoch: [66/200], cls_loss: 0.0091, transfer_loss: 0.0073,person_loss: -1.9918, total_Loss: -0.1864
trian begin
trian end
n_person 615
SAMPLE
F1_MI: 0.5707925200356189 F1_MA: 0.5457973722404695 ACC_MI: 0.5707925200356189 F1_MA: 0.540437111234175
BEST_F1_MI: 0.6399525081626596 BEST_F1_MA: 0.6341632325144427 BEST_ACC_MI: 0.6399525081626596 BEST_F1_MA: 0.6433345404283859
[[358 344 191   0]
 [223 550  31   0]
 [560  94  92   0]
 [  0   3   0 923]]
Epoch: [67/200], cls_loss: 0.0207, transfer_loss: 0.0081,person_loss: -1.9919, total_Loss: -0.1744
trian begin
trian end
n_person 615
SAMPLE
F1_MI: 0.5888987830216682 F1_MA: 0.5691891991604133 ACC_MI: 0.5888987830216682 F1_MA: 0.56315224457947
BEST_F1_MI: 0.6399525081626596 BEST_F1_MA: 0.6341632325144427 BEST_ACC_MI: 0.6399525081626596 BEST_F1_MA: 0.6433345404283859
[[279 350 264   0]
 [134 582  88   0]
 [458  87 201   0]
 [  0   3   1 922]]
Epoch: [68/200], cls_loss: 0.0146, transfer_loss: 0.0086,person_loss: -1.9910, total_Loss: -0.1802
trian begin
trian end
n_person 615
SAMPLE
F1_MI: 0.5571386168002375 F1_MA: 0.5344122894801205 ACC_MI: 0.5571386168002375 F1_MA: 0.5299125348139593
BEST_F1_MI: 0.6399525081626596 BEST_F1_MA: 0.6341632325144427 BEST_ACC_MI: 0.6399525081626596 BEST_F1_MA: 0.6433345404283859
[[302 379 212   0]
 [210 556  38   0]
 [605  42  99   0]
 [  0   6   0 920]]
Epoch: [69/200], cls_loss: 0.0106, transfer_loss: 0.0081,person_loss: -1.9909, total_Loss: -0.1844
trian begin
trian end
n_person 615
SAMPLE
F1_MI: 0.5972098545562482 F1_MA: 0.5859934320131586 ACC_MI: 0.5972098545562482 F1_MA: 0.5956727382001689
BEST_F1_MI: 0.6399525081626596 BEST_F1_MA: 0.6341632325144427 BEST_ACC_MI: 0.6399525081626596 BEST_F1_MA: 0.6433345404283859
[[453 315 125   0]
 [278 518   8   0]
 [530  98 118   0]
 [  0   2   1 923]]
Epoch: [70/200], cls_loss: 0.0171, transfer_loss: 0.0074,person_loss: -1.9914, total_Loss: -0.1784
trian begin
trian end
n_person 615
SAMPLE
F1_MI: 0.5963193826061146 F1_MA: 0.5843314849409196 ACC_MI: 0.5963193826061146 F1_MA: 0.5891407428264755
BEST_F1_MI: 0.6399525081626596 BEST_F1_MA: 0.6341632325144427 BEST_ACC_MI: 0.6399525081626596 BEST_F1_MA: 0.6433345404283859
[[376 326 191   0]
 [256 529  19   0]
 [460 105 181   0]
 [  0   3   0 923]]
Epoch: [71/200], cls_loss: 0.0177, transfer_loss: 0.0076,person_loss: -1.9911, total_Loss: -0.1776
trian begin
trian end
n_person 615
SAMPLE
F1_MI: 0.5681211041852182 F1_MA: 0.5515811132205386 ACC_MI: 0.5681211041852182 F1_MA: 0.5505978328507813
BEST_F1_MI: 0.6399525081626596 BEST_F1_MA: 0.6341632325144427 BEST_ACC_MI: 0.6399525081626596 BEST_F1_MA: 0.6433345404283859
[[267 434 192   0]
 [196 579  29   0]
 [550  51 145   0]
 [  0   3   0 923]]
Epoch: [72/200], cls_loss: 0.0142, transfer_loss: 0.0075,person_loss: -1.9921, total_Loss: -0.1813
trian begin
trian end
n_person 615
SAMPLE
F1_MI: 0.5627782724844167 F1_MA: 0.5414702155454612 ACC_MI: 0.5627782724844167 F1_MA: 0.5332240277347604
BEST_F1_MI: 0.6399525081626596 BEST_F1_MA: 0.6341632325144427 BEST_ACC_MI: 0.6399525081626596 BEST_F1_MA: 0.6433345404283859
[[212 378 303   0]
 [162 573  69   0]
 [425 129 192   0]
 [  0   7   0 919]]
Epoch: [73/200], cls_loss: 0.0188, transfer_loss: 0.0075,person_loss: -1.9917, total_Loss: -0.1767
trian begin
trian end
n_person 615
SAMPLE
F1_MI: 0.5779162956366874 F1_MA: 0.5630816930045095 ACC_MI: 0.5779162956366874 F1_MA: 0.5676909066110206
BEST_F1_MI: 0.6399525081626596 BEST_F1_MA: 0.6341632325144427 BEST_ACC_MI: 0.6399525081626596 BEST_F1_MA: 0.6433345404283859
[[375 358 160   0]
 [252 540  12   0]
 [610  28 108   0]
 [  0   2   0 924]]
Epoch: [74/200], cls_loss: 0.0100, transfer_loss: 0.0073,person_loss: -1.9927, total_Loss: -0.1856
[[299 439 155   0]
 [174 549  81   0]
 [210 146 390   0]
 [  0   8   0 918]]
[[299 439 155   0]
 [174 549  81   0]
 [210 146 390   0]
 [  0   8   0 918]]
WHAT: True
SVAE_RESULT
{'best_f1': 0.6341632325144427, 'best_matrix': [[299, 439, 155, 0], [174, 549, 81, 0], [210, 146, 390, 0], [0, 8, 0, 918]], 'args': 0.1}
{"best_f1": 0.6341632325144427, "best_matrix": [[299, 439, 155, 0], [174, 549, 81, 0], [210, 146, 390, 0], [0, 8, 0, 918]], "args": 0.1}
ARG: Namespace(backbone='resnet50', batch_size=32, config='DAAN/DAAN.yaml', data_dir='data', device=device(type='cuda'), early_stop=50, epoch_based_training=False, lr=0.003, lr_decay=0.75, lr_gamma=0.0003, lr_scheduler=True, max_iter=21000, method='True', momentum=0.9, myweight=0.1, n_class=4, n_epoch=200, n_iter_per_epoch=105, num_workers=3, seed=2, src_domain='WISDM', tgt_domain='UCI', tname='transfer', transfer_loss='daan', transfer_loss_weight=0.5, use_bottleneck=True, weight_decay=0.0005)
