dwl 2 WISDM PAMAP2 DWL/DWL.yaml True
Namespace(backbone='resnet50', batch_size=32, config='DWL/DWL.yaml', data_dir='data', device=device(type='cuda'), early_stop=50, epoch_based_training=False, lr=0.003, lr_decay=0.75, lr_gamma=0.0003, lr_scheduler=True, method='True', momentum=0.9, myweight=0.1, n_epoch=200, n_iter_per_epoch=100, num_workers=3, seed=2, src_domain='WISDM', tgt_domain='PAMAP2', tname='transfer', transfer_loss='dwl', transfer_loss_weight=0.5, use_bottleneck=True, weight_decay=0.0005)
JUST DO IT
run my Parkinson code
transfer
TRAIN Length: 13609 322 TEST Length: 4725 360
YYY: 0 3
DATA_PROFILE   train: 13609 train2: 4725 test: 4725
DATASET.SHAPE: <data_loader.GetTrainLoader object at 0x7f3e1b3c9b00> True
DATASET.SHAPE: <data_loader.GetTrainLoader object at 0x7f3de167c048> True
DATASET.SHAPE: <data_loader.GetTestLoader object at 0x7f3de1552978> False
CLASS: 4 360
transfer_world
method True <class 'str'>
1.10.1+cu102
True
LEN: 0 0
LOADER: <data_loader.InfiniteDataLoader object at 0x7f3de99b9710> <data_loader.InfiniteDataLoader object at 0x7f3de1552898>
N_batch: 147
trian begin
trian end
ACC: 35.91534391534392
SAMPLE
F1_MI: 0.3583068783068783 F1_MA: 0.20091043507111098 ACC_MI: 0.3583068783068783 F1_MA: 0.15453729856029905
BEST_F1_MI: 0.3583068783068783 BEST_F1_MA: 0.20091043507111098 BEST_ACC_MI: 0.3583068783068783 BEST_F1_MA: 0.15453729856029905
[[1528   54    0    0]
 [ 739  165    0    1]
 [ 590  197    0   21]
 [  45 1385    0    0]]
Epoch: [ 1/200], cls_loss: 0.0000, transfer_loss: 0.0000,person_loss: 0.0000, total_Loss: 0.0000
trian begin
trian end
ACC: 64.80423280423281
SAMPLE
F1_MI: 0.6378835978835978 F1_MA: 0.4600856174014553 ACC_MI: 0.6378835978835978 F1_MA: 0.4160199814428195
BEST_F1_MI: 0.6378835978835978 BEST_F1_MA: 0.4600856174014553 BEST_ACC_MI: 0.6378835978835978 BEST_F1_MA: 0.4160199814428195
[[1519   11    0   52]
 [ 671  130    0  104]
 [ 304  398    0  106]
 [   7   58    0 1365]]
Epoch: [ 2/200], cls_loss: 0.0000, transfer_loss: 0.0000,person_loss: 0.0000, total_Loss: 0.0000
trian begin
trian end
ACC: 59.25925925925926
SAMPLE
F1_MI: 0.5925925925925926 F1_MA: 0.5139068158604949 ACC_MI: 0.5925925925925926 F1_MA: 0.4831812666487606
BEST_F1_MI: 0.6378835978835978 BEST_F1_MA: 0.5139068158604949 BEST_ACC_MI: 0.6378835978835978 BEST_F1_MA: 0.4831812666487606
[[ 793  745    0   44]
 [ 102  716    0   87]
 [ 168  551    0   89]
 [   1  138    0 1291]]
Epoch: [ 3/200], cls_loss: 0.0000, transfer_loss: 0.0000,person_loss: 0.0000, total_Loss: 0.0000
trian begin
trian end
ACC: 63.407407407407405
SAMPLE
F1_MI: 0.6279365079365079 F1_MA: 0.5351801965069078 ACC_MI: 0.6279365079365079 F1_MA: 0.5621070638669823
BEST_F1_MI: 0.6378835978835978 BEST_F1_MA: 0.5351801965069078 BEST_ACC_MI: 0.6378835978835978 BEST_F1_MA: 0.5621070638669823
[[1519   19    0   44]
 [ 666  129   30   80]
 [ 597   90   33   88]
 [   5  136    3 1286]]
Epoch: [ 4/200], cls_loss: 0.0000, transfer_loss: 0.0000,person_loss: 0.0000, total_Loss: 0.0000
trian begin
trian end
ACC: 55.492063492063494
SAMPLE
F1_MI: 0.5549206349206349 F1_MA: 0.447069063586287 ACC_MI: 0.5549206349206349 F1_MA: 0.44122193464028436
BEST_F1_MI: 0.6378835978835978 BEST_F1_MA: 0.5351801965069078 BEST_ACC_MI: 0.6378835978835978 BEST_F1_MA: 0.5621070638669823
[[1510   51    3   18]
 [ 659  195   18   33]
 [ 664  116    2   26]
 [   3  512    0  915]]
Epoch: [ 5/200], cls_loss: 0.0000, transfer_loss: 0.0000,person_loss: 0.0000, total_Loss: 0.0000
trian begin
trian end
ACC: 45.05820105820106
SAMPLE
F1_MI: 0.4505820105820106 F1_MA: 0.43938766939400786 ACC_MI: 0.4505820105820106 F1_MA: 0.4528231184507006
BEST_F1_MI: 0.6378835978835978 BEST_F1_MA: 0.5351801965069078 BEST_ACC_MI: 0.6378835978835978 BEST_F1_MA: 0.5621070638669823
[[ 335 1164   43   40]
 [ 263  544   34   64]
 [ 263  435   37   73]
 [   8  208    1 1213]]
Epoch: [ 6/200], cls_loss: 0.0000, transfer_loss: 0.0000,person_loss: 0.0000, total_Loss: 0.0000
trian begin
trian end
ACC: 30.201058201058203
SAMPLE
F1_MI: 0.302010582010582 F1_MA: 0.22975166904980335 ACC_MI: 0.302010582010582 F1_MA: 0.20071932414194069
BEST_F1_MI: 0.6378835978835978 BEST_F1_MA: 0.5351801965069078 BEST_ACC_MI: 0.6378835978835978 BEST_F1_MA: 0.5621070638669823
[[1086  237  259    0]
 [ 500  257  148    0]
 [ 466  258   84    0]
 [  45 1362   23    0]]
Epoch: [ 7/200], cls_loss: 0.0000, transfer_loss: 0.0000,person_loss: 0.0000, total_Loss: 0.0000
trian begin
trian end
ACC: 32.71957671957672
SAMPLE
F1_MI: 0.3238095238095238 F1_MA: 0.24660440479894477 ACC_MI: 0.3238095238095238 F1_MA: 0.2236374015162167
BEST_F1_MI: 0.6378835978835978 BEST_F1_MA: 0.5351801965069078 BEST_ACC_MI: 0.6378835978835978 BEST_F1_MA: 0.5621070638669823
[[1283  115  184    0]
 [ 700  131   74    0]
 [ 468  224  116    0]
 [   6 1415    9    0]]
Epoch: [ 8/200], cls_loss: 0.0000, transfer_loss: 0.0000,person_loss: 0.0000, total_Loss: 0.0000
trian begin
trian end
ACC: 63.66137566137566
SAMPLE
F1_MI: 0.6226455026455027 F1_MA: 0.5169628366204206 ACC_MI: 0.6226455026455027 F1_MA: 0.5138738674403094
BEST_F1_MI: 0.6378835978835978 BEST_F1_MA: 0.5351801965069078 BEST_ACC_MI: 0.6378835978835978 BEST_F1_MA: 0.5621070638669823
[[1467   14   59   42]
 [ 541   98  202   64]
 [  95  491  152   70]
 [   0  197    8 1225]]
Epoch: [ 9/200], cls_loss: 0.0000, transfer_loss: 0.0000,person_loss: 0.0000, total_Loss: 0.0000
trian begin
trian end
ACC: 56.783068783068785
SAMPLE
F1_MI: 0.5678306878306878 F1_MA: 0.4403079889487877 ACC_MI: 0.5678306878306878 F1_MA: 0.4186905867487589
BEST_F1_MI: 0.6378835978835978 BEST_F1_MA: 0.5351801965069078 BEST_ACC_MI: 0.6378835978835978 BEST_F1_MA: 0.5621070638669823
[[1214    1  319   48]
 [ 547    8  252   98]
 [ 580   12  110  106]
 [  14   28   37 1351]]
Epoch: [10/200], cls_loss: 0.0000, transfer_loss: 0.0000,person_loss: 0.0000, total_Loss: 0.0000
trian begin
trian end
ACC: 51.17460317460318
SAMPLE
F1_MI: 0.5117460317460317 F1_MA: 0.4294108589177227 ACC_MI: 0.5117460317460317 F1_MA: 0.4372934968269575
BEST_F1_MI: 0.6378835978835978 BEST_F1_MA: 0.5351801965069078 BEST_ACC_MI: 0.6378835978835978 BEST_F1_MA: 0.5621070638669823
[[1311   36  215   20]
 [ 607   82  185   31]
 [ 595   94   95   24]
 [  16  462   22  930]]
Epoch: [11/200], cls_loss: 0.0000, transfer_loss: 0.0000,person_loss: 0.0000, total_Loss: 0.0000
trian begin
trian end
ACC: 55.44973544973545
SAMPLE
F1_MI: 0.5356613756613756 F1_MA: 0.4578269782955061 ACC_MI: 0.5356613756613756 F1_MA: 0.4459534369392112
BEST_F1_MI: 0.6378835978835978 BEST_F1_MA: 0.5351801965069078 BEST_ACC_MI: 0.6378835978835978 BEST_F1_MA: 0.5621070638669823
[[ 920   19  598   45]
 [ 412   41  369   83]
 [ 353   78  291   86]
 [   1  128   22 1279]]
Epoch: [12/200], cls_loss: 0.0000, transfer_loss: 0.0000,person_loss: 0.0000, total_Loss: 0.0000
trian begin
trian end
ACC: 62.264550264550266
SAMPLE
F1_MI: 0.6177777777777778 F1_MA: 0.5337182257461837 ACC_MI: 0.6177777777777778 F1_MA: 0.5447832503211089
BEST_F1_MI: 0.6378835978835978 BEST_F1_MA: 0.5351801965069078 BEST_ACC_MI: 0.6378835978835978 BEST_F1_MA: 0.5621070638669823
[[1485   21   42   34]
 [ 666   84  109   46]
 [ 412  123  217   56]
 [  13  244   40 1133]]
Epoch: [13/200], cls_loss: 0.0000, transfer_loss: 0.0000,person_loss: 0.0000, total_Loss: 0.0000
trian begin
trian end
ACC: 54.98412698412698
SAMPLE
F1_MI: 0.5496296296296296 F1_MA: 0.4473928060711414 ACC_MI: 0.5496296296296296 F1_MA: 0.4557853421575586
BEST_F1_MI: 0.6378835978835978 BEST_F1_MA: 0.5351801965069078 BEST_ACC_MI: 0.6378835978835978 BEST_F1_MA: 0.5621070638669823
[[1525   30    7   20]
 [ 786   65   24   30]
 [ 674   74   32   28]
 [  23  377   55  975]]
Epoch: [14/200], cls_loss: 0.0000, transfer_loss: 0.0000,person_loss: 0.0000, total_Loss: 0.0000
trian begin
trian end
ACC: 35.32275132275132
SAMPLE
F1_MI: 0.3532275132275132 F1_MA: 0.27637940507434894 ACC_MI: 0.3532275132275132 F1_MA: 0.2705447176200262
BEST_F1_MI: 0.6378835978835978 BEST_F1_MA: 0.5351801965069078 BEST_ACC_MI: 0.6378835978835978 BEST_F1_MA: 0.5621070638669823
[[1521   52    9    0]
 [ 776  111   18    0]
 [ 651  111   37    9]
 [  46 1375    9    0]]
Epoch: [15/200], cls_loss: 0.0000, transfer_loss: 0.0000,person_loss: 0.0000, total_Loss: 0.0000
trian begin
trian end
ACC: 58.94179894179894
SAMPLE
F1_MI: 0.5894179894179894 F1_MA: 0.4988260832949672 ACC_MI: 0.5894179894179894 F1_MA: 0.4902424921564585
BEST_F1_MI: 0.6378835978835978 BEST_F1_MA: 0.5351801965069078 BEST_ACC_MI: 0.6378835978835978 BEST_F1_MA: 0.5621070638669823
[[1182   38  320   42]
 [ 290   80  452   83]
 [ 377  102  242   87]
 [   0  128   21 1281]]
Epoch: [16/200], cls_loss: 0.0000, transfer_loss: 0.0000,person_loss: 0.0000, total_Loss: 0.0000
trian begin
trian end
ACC: 34.476190476190474
SAMPLE
F1_MI: 0.3422222222222222 F1_MA: 0.26855432260595946 ACC_MI: 0.3422222222222222 F1_MA: 0.23253049999567083
BEST_F1_MI: 0.6378835978835978 BEST_F1_MA: 0.5351801965069078 BEST_ACC_MI: 0.6378835978835978 BEST_F1_MA: 0.5621070638669823
[[1188   43  351    0]
 [ 414   81  410    0]
 [ 373   87  348    0]
 [  41 1284  105    0]]
Epoch: [17/200], cls_loss: 0.0000, transfer_loss: 0.0000,person_loss: 0.0000, total_Loss: 0.0000
trian begin
trian end
ACC: 61.26984126984127
SAMPLE
F1_MI: 0.6126984126984127 F1_MA: 0.46106627577260284 ACC_MI: 0.6126984126984127 F1_MA: 0.4404961605650468
BEST_F1_MI: 0.6378835978835978 BEST_F1_MA: 0.5351801965069078 BEST_ACC_MI: 0.6378835978835978 BEST_F1_MA: 0.5621070638669823
[[1526    1    5   50]
 [ 790    6   12   97]
 [ 683    6   19  100]
 [  21   22   43 1344]]
Epoch: [18/200], cls_loss: 0.0000, transfer_loss: 0.0000,person_loss: 0.0000, total_Loss: 0.0000
trian begin
trian end
ACC: 59.72486772486773
SAMPLE
F1_MI: 0.5972486772486773 F1_MA: 0.477731903783866 ACC_MI: 0.5972486772486773 F1_MA: 0.4708812960798856
BEST_F1_MI: 0.6378835978835978 BEST_F1_MA: 0.5351801965069078 BEST_ACC_MI: 0.6378835978835978 BEST_F1_MA: 0.5621070638669823
[[1501   21   24   36]
 [ 763   42   50   50]
 [ 449  208   92   59]
 [  14  120  109 1187]]
Epoch: [19/200], cls_loss: 0.0000, transfer_loss: 0.0000,person_loss: 0.0000, total_Loss: 0.0000
trian begin
trian end
ACC: 33.904761904761905
SAMPLE
F1_MI: 0.33904761904761904 F1_MA: 0.23669989423063065 ACC_MI: 0.33904761904761904 F1_MA: 0.20620324074618893
BEST_F1_MI: 0.6378835978835978 BEST_F1_MA: 0.5351801965069078 BEST_ACC_MI: 0.6378835978835978 BEST_F1_MA: 0.5621070638669823
[[1417  136   29    0]
 [ 725  102   78    0]
 [ 513  212   83    0]
 [  17 1249  164    0]]
Epoch: [20/200], cls_loss: 0.0000, transfer_loss: 0.0000,person_loss: 0.0000, total_Loss: 0.0000
trian begin
trian end
ACC: 63.00529100529101
SAMPLE
F1_MI: 0.6243386243386243 F1_MA: 0.5083118441986407 ACC_MI: 0.6243386243386243 F1_MA: 0.5084943601656716
BEST_F1_MI: 0.6378835978835978 BEST_F1_MA: 0.5351801965069078 BEST_ACC_MI: 0.6378835978835978 BEST_F1_MA: 0.5621070638669823
[[1521    8    7   46]
 [ 764   23   31   87]
 [ 436  168  116   88]
 [  11   67   62 1290]]
Epoch: [21/200], cls_loss: 0.0000, transfer_loss: 0.0000,person_loss: 0.0000, total_Loss: 0.0000
trian begin
trian end
ACC: 53.1005291005291
SAMPLE
F1_MI: 0.531005291005291 F1_MA: 0.43130709907189696 ACC_MI: 0.531005291005291 F1_MA: 0.4337438891230113
BEST_F1_MI: 0.6378835978835978 BEST_F1_MA: 0.5351801965069078 BEST_ACC_MI: 0.6378835978835978 BEST_F1_MA: 0.5621070638669823
[[1446  100   17   19]
 [ 789   32   56   28]
 [ 640   61   84   23]
 [  49  232  202  947]]
Epoch: [22/200], cls_loss: 0.0000, transfer_loss: 0.0000,person_loss: 0.0000, total_Loss: 0.0000
trian begin
trian end
ACC: 39.23809523809524
SAMPLE
F1_MI: 0.3906878306878307 F1_MA: 0.37826802966310874 ACC_MI: 0.3906878306878307 F1_MA: 0.4559086129994435
BEST_F1_MI: 0.6378835978835978 BEST_F1_MA: 0.5351801965069078 BEST_ACC_MI: 0.6378835978835978 BEST_F1_MA: 0.5621070638669823
[[1530   28   24    0]
 [ 776   42   87    0]
 [ 598   47  163    0]
 [  19  949  351  111]]
Epoch: [23/200], cls_loss: 0.0000, transfer_loss: 0.0000,person_loss: 0.0000, total_Loss: 0.0000
trian begin
trian end
ACC: 63.767195767195766
SAMPLE
F1_MI: 0.6353439153439153 F1_MA: 0.5168216860947206 ACC_MI: 0.6353439153439153 F1_MA: 0.5147913542267333
BEST_F1_MI: 0.6378835978835978 BEST_F1_MA: 0.5351801965069078 BEST_ACC_MI: 0.6378835978835978 BEST_F1_MA: 0.5621070638669823
[[1505   16   12   49]
 [ 725   22   60   98]
 [ 386  194  127  101]
 [  11   44   27 1348]]
Epoch: [24/200], cls_loss: 0.0000, transfer_loss: 0.0000,person_loss: 0.0000, total_Loss: 0.0000
trian begin
trian end
ACC: 60.38095238095238
SAMPLE
F1_MI: 0.6033862433862434 F1_MA: 0.5096972531926384 ACC_MI: 0.6033862433862434 F1_MA: 0.5199309519996334
BEST_F1_MI: 0.6378835978835978 BEST_F1_MA: 0.5351801965069078 BEST_ACC_MI: 0.6378835978835978 BEST_F1_MA: 0.5621070638669823
[[1509   20   22   31]
 [ 690   65  104   46]
 [ 541   66  150   51]
 [   8  253   42 1127]]
Epoch: [25/200], cls_loss: 0.0000, transfer_loss: 0.0000,person_loss: 0.0000, total_Loss: 0.0000
trian begin
trian end
ACC: 46.92063492063492
SAMPLE
F1_MI: 0.4692063492063492 F1_MA: 0.462800237617361 ACC_MI: 0.4692063492063492 F1_MA: 0.5073819588293914
BEST_F1_MI: 0.6378835978835978 BEST_F1_MA: 0.5351801965069078 BEST_ACC_MI: 0.6378835978835978 BEST_F1_MA: 0.5621070638669823
[[1179   62  339    2]
 [ 490  145  261    9]
 [ 330  156  319    3]
 [   3  846    7  574]]
Epoch: [26/200], cls_loss: 0.0000, transfer_loss: 0.0000,person_loss: 0.0000, total_Loss: 0.0000
trian begin
trian end
ACC: 63.25925925925926
SAMPLE
F1_MI: 0.6317460317460317 F1_MA: 0.5142977266236183 ACC_MI: 0.6317460317460317 F1_MA: 0.5162874007884175
BEST_F1_MI: 0.6378835978835978 BEST_F1_MA: 0.5351801965069078 BEST_ACC_MI: 0.6378835978835978 BEST_F1_MA: 0.5621070638669823
[[1521    3   10   48]
 [ 758    8   43   96]
 [ 572   22  113  101]
 [  14   47   26 1343]]
Epoch: [27/200], cls_loss: 0.0000, transfer_loss: 0.0000,person_loss: 0.0000, total_Loss: 0.0000
trian begin
trian end
ACC: 55.89417989417989
SAMPLE
F1_MI: 0.558941798941799 F1_MA: 0.5006470198771196 ACC_MI: 0.558941798941799 F1_MA: 0.4982096175042843
BEST_F1_MI: 0.6378835978835978 BEST_F1_MA: 0.5351801965069078 BEST_ACC_MI: 0.6378835978835978 BEST_F1_MA: 0.5621070638669823
[[1061   30  462   29]
 [ 284   73  511   37]
 [ 302   80  385   41]
 [   9  267   32 1122]]
Epoch: [28/200], cls_loss: 0.0000, transfer_loss: 0.0000,person_loss: 0.0000, total_Loss: 0.0000
trian begin
trian end
ACC: 38.8994708994709
SAMPLE
F1_MI: 0.3832804232804233 F1_MA: 0.2932850310491883 ACC_MI: 0.3832804232804233 F1_MA: 0.24979760269521806
BEST_F1_MI: 0.6378835978835978 BEST_F1_MA: 0.5351801965069078 BEST_ACC_MI: 0.6378835978835978 BEST_F1_MA: 0.5621070638669823
[[1345   37  200    0]
 [ 365   49  491    0]
 [ 337   54  417    0]
 [   1 1170  259    0]]
Epoch: [29/200], cls_loss: 0.0000, transfer_loss: 0.0000,person_loss: 0.0000, total_Loss: 0.0000
trian begin
trian end
ACC: 58.24338624338624
SAMPLE
F1_MI: 0.5824338624338624 F1_MA: 0.4920753961845901 ACC_MI: 0.5824338624338624 F1_MA: 0.502366795870245
BEST_F1_MI: 0.6378835978835978 BEST_F1_MA: 0.5351801965069078 BEST_ACC_MI: 0.6378835978835978 BEST_F1_MA: 0.5621070638669823
[[1490   28   41   23]
 [ 695   65  111   34]
 [ 553   76  145   34]
 [  11  312   55 1052]]
Epoch: [30/200], cls_loss: 0.0000, transfer_loss: 0.0000,person_loss: 0.0000, total_Loss: 0.0000
trian begin
trian end
ACC: 65.29100529100529
SAMPLE
F1_MI: 0.6474074074074074 F1_MA: 0.5963841827869658 ACC_MI: 0.6474074074074074 F1_MA: 0.6556737946084109
BEST_F1_MI: 0.6474074074074074 BEST_F1_MA: 0.5963841827869658 BEST_ACC_MI: 0.6474074074074074 BEST_F1_MA: 0.6556737946084109
[[1519   23    0   40]
 [ 753   78    4   70]
 [ 435   73  221   79]
 [  10  177    2 1241]]
Epoch: [31/200], cls_loss: 0.0000, transfer_loss: 0.0000,person_loss: 0.0000, total_Loss: 0.0000
trian begin
trian end
ACC: 35.55555555555556
SAMPLE
F1_MI: 0.3540740740740741 F1_MA: 0.25753312122314514 ACC_MI: 0.3540740740740741 F1_MA: 0.23635701917786578
BEST_F1_MI: 0.6474074074074074 BEST_F1_MA: 0.5963841827869658 BEST_ACC_MI: 0.6474074074074074 BEST_F1_MA: 0.6556737946084109
[[1530   48    4    0]
 [ 793   95   17    0]
 [ 646  114   48    0]
 [  46 1326   58    0]]
Epoch: [32/200], cls_loss: 0.0000, transfer_loss: 0.0000,person_loss: 0.0000, total_Loss: 0.0000
trian begin
trian end
ACC: 36.21164021164021
SAMPLE
F1_MI: 0.3604232804232804 F1_MA: 0.26160285063773014 ACC_MI: 0.3604232804232804 F1_MA: 0.235551559273674
BEST_F1_MI: 0.6474074074074074 BEST_F1_MA: 0.5963841827869658 BEST_ACC_MI: 0.6474074074074074 BEST_F1_MA: 0.6556737946084109
[[1522   41   19    0]
 [ 777   72   56    0]
 [ 462  143  109   94]
 [  21 1280  129    0]]
Epoch: [33/200], cls_loss: 0.0000, transfer_loss: 0.0000,person_loss: 0.0000, total_Loss: 0.0000
trian begin
trian end
ACC: 39.7037037037037
SAMPLE
F1_MI: 0.397037037037037 F1_MA: 0.2720748161689454 ACC_MI: 0.397037037037037 F1_MA: 0.22155998520188358
BEST_F1_MI: 0.6474074074074074 BEST_F1_MA: 0.5963841827869658 BEST_ACC_MI: 0.6474074074074074 BEST_F1_MA: 0.6556737946084109
[[1503    6   73    0]
 [ 740   15  149    1]
 [ 348    7  358   95]
 [  11  763  656    0]]
Epoch: [34/200], cls_loss: 0.0000, transfer_loss: 0.0000,person_loss: 0.0000, total_Loss: 0.0000
trian begin
trian end
ACC: 63.13227513227513
SAMPLE
F1_MI: 0.6292063492063492 F1_MA: 0.5309289053368196 ACC_MI: 0.6292063492063492 F1_MA: 0.5450541317109691
BEST_F1_MI: 0.6474074074074074 BEST_F1_MA: 0.5963841827869658 BEST_ACC_MI: 0.6474074074074074 BEST_F1_MA: 0.6556737946084109
[[1520    8   11   43]
 [ 773   24   33   75]
 [ 547   23  155   83]
 [  22   75   59 1274]]
Epoch: [35/200], cls_loss: 0.0000, transfer_loss: 0.0000,person_loss: 0.0000, total_Loss: 0.0000
trian begin
trian end
ACC: 46.476190476190474
SAMPLE
F1_MI: 0.4647619047619048 F1_MA: 0.4491376136312788 ACC_MI: 0.46476190476190476 F1_MA: 0.4649293807270584
BEST_F1_MI: 0.6474074074074074 BEST_F1_MA: 0.5963841827869658 BEST_ACC_MI: 0.6474074074074074 BEST_F1_MA: 0.6556737946084109
[[ 678  173  706   25]
 [ 250  103  516   36]
 [ 245  146  382   35]
 [   1  302   94 1033]]
Epoch: [36/200], cls_loss: 0.0000, transfer_loss: 0.0000,person_loss: 0.0000, total_Loss: 0.0000
trian begin
trian end
ACC: 64.6984126984127
SAMPLE
F1_MI: 0.646984126984127 F1_MA: 0.5661228127294267 ACC_MI: 0.646984126984127 F1_MA: 0.5643972424444922
BEST_F1_MI: 0.6474074074074074 BEST_F1_MA: 0.5963841827869658 BEST_ACC_MI: 0.6474074074074074 BEST_F1_MA: 0.6556737946084109
[[1505   12   31   34]
 [ 717   44   99   45]
 [ 311   48  403   46]
 [   9  203  113 1105]]
Epoch: [37/200], cls_loss: 0.0000, transfer_loss: 0.0000,person_loss: 0.0000, total_Loss: 0.0000
trian begin
trian end
ACC: 38.116402116402114
SAMPLE
F1_MI: 0.37756613756613755 F1_MA: 0.293380774946196 ACC_MI: 0.37756613756613755 F1_MA: 0.2716876231644158
BEST_F1_MI: 0.6474074074074074 BEST_F1_MA: 0.5963841827869658 BEST_ACC_MI: 0.6474074074074074 BEST_F1_MA: 0.6556737946084109
[[1518   50   14    0]
 [ 745  101   58    1]
 [ 521  105  165   17]
 [   5 1317  108    0]]
Epoch: [38/200], cls_loss: 0.0000, transfer_loss: 0.0000,person_loss: 0.0000, total_Loss: 0.0000
trian begin
trian end
ACC: 36.84656084656085
SAMPLE
F1_MI: 0.36846560846560844 F1_MA: 0.28968073078049517 ACC_MI: 0.36846560846560844 F1_MA: 0.274172880135903
BEST_F1_MI: 0.6474074074074074 BEST_F1_MA: 0.5963841827869658 BEST_ACC_MI: 0.6474074074074074 BEST_F1_MA: 0.6556737946084109
[[1508   52   22    0]
 [ 750  101   54    0]
 [ 512  106  132   58]
 [  26 1345   59    0]]
Epoch: [39/200], cls_loss: 0.0000, transfer_loss: 0.0000,person_loss: 0.0000, total_Loss: 0.0000
trian begin
trian end
ACC: 57.98941798941799
SAMPLE
F1_MI: 0.5798941798941799 F1_MA: 0.5068446277236405 ACC_MI: 0.5798941798941799 F1_MA: 0.4950979574376825
BEST_F1_MI: 0.6474074074074074 BEST_F1_MA: 0.5963841827869658 BEST_ACC_MI: 0.6474074074074074 BEST_F1_MA: 0.6556737946084109
[[1069   13  456   44]
 [ 347   54  439   65]
 [ 291   53  391   73]
 [   2  167   35 1226]]
Epoch: [40/200], cls_loss: 0.0000, transfer_loss: 0.0000,person_loss: 0.0000, total_Loss: 0.0000
trian begin
trian end
ACC: 36.19047619047619
SAMPLE
F1_MI: 0.3619047619047619 F1_MA: 0.2909543564960534 ACC_MI: 0.3619047619047619 F1_MA: 0.2581419856025896
BEST_F1_MI: 0.6474074074074074 BEST_F1_MA: 0.5963841827869658 BEST_ACC_MI: 0.6474074074074074 BEST_F1_MA: 0.6556737946084109
[[1268   59  255    0]
 [ 515  115  275    0]
 [ 352  129  327    0]
 [   4 1405   21    0]]
Epoch: [41/200], cls_loss: 0.0000, transfer_loss: 0.0000,person_loss: 0.0000, total_Loss: 0.0000
trian begin
trian end
ACC: 62.79365079365079
SAMPLE
F1_MI: 0.38031746031746033 F1_MA: 0.2814016298745895 ACC_MI: 0.38031746031746033 F1_MA: 0.24854953799316276
BEST_F1_MI: 0.6474074074074074 BEST_F1_MA: 0.5963841827869658 BEST_ACC_MI: 0.6474074074074074 BEST_F1_MA: 0.6556737946084109
[[1507   57   18    0]
 [ 591  109  205    0]
 [ 501  126  181    0]
 [  53 1273  104    0]]
Epoch: [42/200], cls_loss: 0.0000, transfer_loss: 0.0000,person_loss: 0.0000, total_Loss: 0.0000
trian begin
trian end
ACC: 37.96825396825397
SAMPLE
F1_MI: 0.375026455026455 F1_MA: 0.2874811389021555 ACC_MI: 0.37502645502645504 F1_MA: 0.2635417394165451
BEST_F1_MI: 0.6474074074074074 BEST_F1_MA: 0.5963841827869658 BEST_ACC_MI: 0.6474074074074074 BEST_F1_MA: 0.6556737946084109
[[1510   53   19    0]
 [ 649  105  151    0]
 [ 486  118  157   47]
 [   5 1379   46    0]]
Epoch: [43/200], cls_loss: 0.0000, transfer_loss: 0.0000,person_loss: 0.0000, total_Loss: 0.0000
trian begin
trian end
ACC: 36.27513227513227
SAMPLE
F1_MI: 0.36 F1_MA: 0.2311159317463503 ACC_MI: 0.36 F1_MA: 0.18865673308620004
BEST_F1_MI: 0.6474074074074074 BEST_F1_MA: 0.5963841827869658 BEST_ACC_MI: 0.6474074074074074 BEST_F1_MA: 0.6556737946084109
[[1500    8   74    0]
 [ 742   30  133    0]
 [ 536   69  171   32]
 [  19  879  532    0]]
Epoch: [44/200], cls_loss: 0.0000, transfer_loss: 0.0000,person_loss: 0.0000, total_Loss: 0.0000
trian begin
trian end
ACC: 12.211640211640212
SAMPLE
F1_MI: 0.12211640211640212 F1_MA: 0.11965898849275965 ACC_MI: 0.12211640211640212 F1_MA: 0.09890715147719865
BEST_F1_MI: 0.6474074074074074 BEST_F1_MA: 0.5963841827869658 BEST_ACC_MI: 0.6474074074074074 BEST_F1_MA: 0.6556737946084109
[[ 117 1150  315    0]
 [ 174  283  448    0]
 [ 343  288  177    0]
 [ 133    8 1289    0]]
Epoch: [45/200], cls_loss: 0.0000, transfer_loss: 0.0000,person_loss: 0.0000, total_Loss: 0.0000
trian begin
trian end
ACC: 18.53968253968254
SAMPLE
F1_MI: 0.182010582010582 F1_MA: 0.1692900686285569 ACC_MI: 0.182010582010582 F1_MA: 0.13515708143321428
BEST_F1_MI: 0.6474074074074074 BEST_F1_MA: 0.5963841827869658 BEST_ACC_MI: 0.6474074074074074 BEST_F1_MA: 0.6556737946084109
[[ 149 1357   76    0]
 [ 215  514  176    0]
 [ 443  165  197    3]
 [   1   17 1412    0]]
Epoch: [46/200], cls_loss: 0.0000, transfer_loss: 0.0000,person_loss: 0.0000, total_Loss: 0.0000
trian begin
trian end
ACC: 34.75132275132275
SAMPLE
F1_MI: 0.3475132275132275 F1_MA: 0.27701516246568253 ACC_MI: 0.3475132275132275 F1_MA: 0.2575724597327071
BEST_F1_MI: 0.6474074074074074 BEST_F1_MA: 0.5963841827869658 BEST_ACC_MI: 0.6474074074074074 BEST_F1_MA: 0.6556737946084109
[[1368   47  167    0]
 [ 561   40  304    0]
 [ 553   21  234    0]
 [   5    0 1425    0]]
Epoch: [47/200], cls_loss: 0.0000, transfer_loss: 0.0000,person_loss: 0.0000, total_Loss: 0.0000
trian begin
trian end
ACC: 22.052910052910054
SAMPLE
F1_MI: 0.22052910052910052 F1_MA: 0.18892875005684892 ACC_MI: 0.22052910052910052 F1_MA: 0.172342106038592
BEST_F1_MI: 0.6474074074074074 BEST_F1_MA: 0.5963841827869658 BEST_ACC_MI: 0.6474074074074074 BEST_F1_MA: 0.6556737946084109
[[ 694  648   49  191]
 [ 519  238   96   52]
 [ 634   40  107   27]
 [   9   77 1341    3]]
Epoch: [48/200], cls_loss: 0.0000, transfer_loss: 0.0000,person_loss: 0.0000, total_Loss: 0.0000
trian begin
trian end
ACC: 44.48677248677249
SAMPLE
F1_MI: 0.43957671957671957 F1_MA: 0.4311673846247638 ACC_MI: 0.43957671957671957 F1_MA: 0.5238628337138723
BEST_F1_MI: 0.6474074074074074 BEST_F1_MA: 0.5963841827869658 BEST_ACC_MI: 0.6474074074074074 BEST_F1_MA: 0.6556737946084109
[[1517   50   15    0]
 [ 728  100   74    3]
 [ 562  106  138    2]
 [   4 1052   52  322]]
Epoch: [49/200], cls_loss: 0.0000, transfer_loss: 0.0000,person_loss: 0.0000, total_Loss: 0.0000
trian begin
trian end
ACC: 37.56613756613756
SAMPLE
F1_MI: 0.37566137566137564 F1_MA: 0.251610177972138 ACC_MI: 0.37566137566137564 F1_MA: 0.20801494819388525
BEST_F1_MI: 0.6474074074074074 BEST_F1_MA: 0.5963841827869658 BEST_ACC_MI: 0.6474074074074074 BEST_F1_MA: 0.6556737946084109
[[1519   19   44    0]
 [ 758   28  119    0]
 [ 556   24  228    0]
 [  17  966  447    0]]
Epoch: [50/200], cls_loss: 0.0000, transfer_loss: 0.0000,person_loss: 0.0000, total_Loss: 0.0000
trian begin
trian end
ACC: 43.06878306878307
SAMPLE
F1_MI: 0.4273015873015873 F1_MA: 0.34484860498711756 ACC_MI: 0.4273015873015873 F1_MA: 0.296220690533872
BEST_F1_MI: 0.6474074074074074 BEST_F1_MA: 0.5963841827869658 BEST_ACC_MI: 0.6474074074074074 BEST_F1_MA: 0.6556737946084109
[[1385   47  150    0]
 [ 394   74  437    0]
 [ 154   94  560    0]
 [   9 1237  184    0]]
Epoch: [51/200], cls_loss: 0.0000, transfer_loss: 0.0000,person_loss: 0.0000, total_Loss: 0.0000
trian begin
trian end
ACC: 36.148148148148145
SAMPLE
F1_MI: 0.358095238095238 F1_MA: 0.25359187674580635 ACC_MI: 0.3580952380952381 F1_MA: 0.2214350285730441
BEST_F1_MI: 0.6474074074074074 BEST_F1_MA: 0.5963841827869658 BEST_ACC_MI: 0.6474074074074074 BEST_F1_MA: 0.6556737946084109
[[1479   49   54    0]
 [ 710   89  106    0]
 [ 563  121  124    0]
 [   6 1283  141    0]]
Epoch: [52/200], cls_loss: 0.0000, transfer_loss: 0.0000,person_loss: 0.0000, total_Loss: 0.0000
trian begin
trian end
ACC: 37.07936507936508
SAMPLE
F1_MI: 0.37079365079365084 F1_MA: 0.277815232766135 ACC_MI: 0.3707936507936508 F1_MA: 0.2514097437767638
BEST_F1_MI: 0.6474074074074074 BEST_F1_MA: 0.5963841827869658 BEST_ACC_MI: 0.6474074074074074 BEST_F1_MA: 0.6556737946084109
[[1508   51   23    0]
 [ 674  102  129    0]
 [ 554  112  142    0]
 [   3 1359   68    0]]
Epoch: [53/200], cls_loss: 0.0000, transfer_loss: 0.0000,person_loss: 0.0000, total_Loss: 0.0000
trian begin
trian end
ACC: 16.613756613756614
SAMPLE
F1_MI: 0.16613756613756614 F1_MA: 0.15155749399547522 ACC_MI: 0.16613756613756614 F1_MA: 0.14426412110417933
BEST_F1_MI: 0.6474074074074074 BEST_F1_MA: 0.5963841827869658 BEST_ACC_MI: 0.6474074074074074 BEST_F1_MA: 0.6556737946084109
[[ 472 1000    8  102]
 [ 507  287   21   90]
 [ 191  571    9   37]
 [1386   12   15   17]]
Epoch: [54/200], cls_loss: 0.0000, transfer_loss: 0.0000,person_loss: 0.0000, total_Loss: 0.0000
trian begin
trian end
ACC: 16.126984126984127
SAMPLE
F1_MI: 0.16 F1_MA: 0.16446443505459943 ACC_MI: 0.16 F1_MA: 0.1451641365875362
BEST_F1_MI: 0.6474074074074074 BEST_F1_MA: 0.5963841827869658 BEST_ACC_MI: 0.6474074074074074 BEST_F1_MA: 0.6556737946084109
[[ 203 1157  222    0]
 [ 178  407  320    0]
 [ 397  261  146    4]
 [   3 1358   69    0]]
Epoch: [55/200], cls_loss: 0.0000, transfer_loss: 0.0000,person_loss: 0.0000, total_Loss: 0.0000
trian begin
trian end
ACC: 19.724867724867725
SAMPLE
F1_MI: 0.19576719576719578 F1_MA: 0.20427561741369066 ACC_MI: 0.19576719576719576 F1_MA: 0.177033377085405
BEST_F1_MI: 0.6474074074074074 BEST_F1_MA: 0.5963841827869658 BEST_ACC_MI: 0.6474074074074074 BEST_F1_MA: 0.6556737946084109
[[ 195 1263  124    0]
 [ 149  460  296    0]
 [ 320  200  270   18]
 [1398    1   31    0]]
Epoch: [56/200], cls_loss: 0.0000, transfer_loss: 0.0000,person_loss: 0.0000, total_Loss: 0.0000
trian begin
trian end
ACC: 47.386243386243386
SAMPLE
F1_MI: 0.4738624338624339 F1_MA: 0.43000454900829804 ACC_MI: 0.4738624338624339 F1_MA: 0.43071516518025976
BEST_F1_MI: 0.6474074074074074 BEST_F1_MA: 0.5963841827869658 BEST_ACC_MI: 0.6474074074074074 BEST_F1_MA: 0.6556737946084109
[[ 442 1087    3   50]
 [ 375  420   12   98]
 [ 340  342   20  106]
 [  10   26   37 1357]]
Epoch: [57/200], cls_loss: 0.0000, transfer_loss: 0.0000,person_loss: 0.0000, total_Loss: 0.0000
trian begin
trian end
ACC: 61.07936507936508
SAMPLE
F1_MI: 0.6061375661375661 F1_MA: 0.5091605802562621 ACC_MI: 0.6061375661375661 F1_MA: 0.527240428414761
BEST_F1_MI: 0.6474074074074074 BEST_F1_MA: 0.5963841827869658 BEST_ACC_MI: 0.6474074074074074 BEST_F1_MA: 0.6556737946084109
[[1509   21   11   41]
 [ 716   78   39   72]
 [ 547  127   67   67]
 [   9  197   14 1210]]
Epoch: [58/200], cls_loss: 0.0000, transfer_loss: 0.0000,person_loss: 0.0000, total_Loss: 0.0000
trian begin
trian end
ACC: 35.13227513227513
SAMPLE
F1_MI: 0.3513227513227513 F1_MA: 0.21988387110122126 ACC_MI: 0.3513227513227513 F1_MA: 0.18009312815470818
BEST_F1_MI: 0.6474074074074074 BEST_F1_MA: 0.5963841827869658 BEST_ACC_MI: 0.6474074074074074 BEST_F1_MA: 0.6556737946084109
[[1519   15   48    0]
 [ 772   43   90    0]
 [ 465  245   98    0]
 [  12   92 1326    0]]
Epoch: [59/200], cls_loss: 0.0000, transfer_loss: 0.0000,person_loss: 0.0000, total_Loss: 0.0000
trian begin
trian end
ACC: 33.904761904761905
SAMPLE
F1_MI: 0.33904761904761904 F1_MA: 0.25451818873985826 ACC_MI: 0.33904761904761904 F1_MA: 0.22192233992984367
BEST_F1_MI: 0.6474074074074074 BEST_F1_MA: 0.5963841827869658 BEST_ACC_MI: 0.6474074074074074 BEST_F1_MA: 0.6556737946084109
[[1242  298   42    0]
 [ 552  281   72    0]
 [ 580  149   79    0]
 [   0  179 1251    0]]
Epoch: [60/200], cls_loss: 0.0000, transfer_loss: 0.0000,person_loss: 0.0000, total_Loss: 0.0000
trian begin
trian end
ACC: 63.682539682539684
SAMPLE
F1_MI: 0.6368253968253968 F1_MA: 0.5436522008475341 ACC_MI: 0.6368253968253968 F1_MA: 0.5457084247547619
BEST_F1_MI: 0.6474074074074074 BEST_F1_MA: 0.5963841827869658 BEST_ACC_MI: 0.6474074074074074 BEST_F1_MA: 0.6556737946084109
[[1467   44   31   40]
 [ 629   66  143   67]
 [ 413   71  249   75]
 [   0  159   44 1227]]
Epoch: [61/200], cls_loss: 0.0000, transfer_loss: 0.0000,person_loss: 0.0000, total_Loss: 0.0000
trian begin
trian end
ACC: 46.77248677248677
SAMPLE
F1_MI: 0.4658201058201058 F1_MA: 0.43779712587078856 ACC_MI: 0.4658201058201058 F1_MA: 0.4266399697588058
BEST_F1_MI: 0.6474074074074074 BEST_F1_MA: 0.5963841827869658 BEST_ACC_MI: 0.6474074074074074 BEST_F1_MA: 0.6556737946084109
[[ 291 1216   32   43]
 [ 107  570  166   62]
 [ 428  217   88   75]
 [   0   20  158 1252]]
Epoch: [62/200], cls_loss: 0.0000, transfer_loss: 0.0000,person_loss: 0.0000, total_Loss: 0.0000
trian begin
trian end
ACC: 24.14814814814815
SAMPLE
F1_MI: 0.2347089947089947 F1_MA: 0.20624077739949756 ACC_MI: 0.2347089947089947 F1_MA: 0.18472460983965805
BEST_F1_MI: 0.6474074074074074 BEST_F1_MA: 0.5963841827869658 BEST_ACC_MI: 0.6474074074074074 BEST_F1_MA: 0.6556737946084109
[[ 664  848   70    0]
 [ 456  277  172    0]
 [ 401  171  168   68]
 [  10    3 1417    0]]
Epoch: [63/200], cls_loss: 0.0000, transfer_loss: 0.0000,person_loss: 0.0000, total_Loss: 0.0000
trian begin
trian end
ACC: 50.116402116402114
SAMPLE
F1_MI: 0.5011640211640211 F1_MA: 0.40067392507654703 ACC_MI: 0.5011640211640211 F1_MA: 0.3670549738217105
BEST_F1_MI: 0.6474074074074074 BEST_F1_MA: 0.5963841827869658 BEST_ACC_MI: 0.6474074074074074 BEST_F1_MA: 0.6556737946084109
[[ 712  781    0   89]
 [ 295  385    0  225]
 [ 280  194    0  334]
 [   3  156    0 1271]]
Epoch: [64/200], cls_loss: 0.0000, transfer_loss: 0.0000,person_loss: 0.0000, total_Loss: 0.0000
trian begin
trian end
ACC: 38.22222222222222
SAMPLE
F1_MI: 0.38222222222222224 F1_MA: 0.23056584279699777 ACC_MI: 0.38222222222222224 F1_MA: 0.1775582881460807
BEST_F1_MI: 0.6474074074074074 BEST_F1_MA: 0.5963841827869658 BEST_ACC_MI: 0.6474074074074074 BEST_F1_MA: 0.6556737946084109
[[1520    0   62    0]
 [ 750    0  155    0]
 [ 431    6  286   85]
 [   6    4 1420    0]]
Epoch: [65/200], cls_loss: 0.0000, transfer_loss: 0.0000,person_loss: 0.0000, total_Loss: 0.0000
trian begin
trian end
ACC: 23.66137566137566
SAMPLE
F1_MI: 0.23407407407407407 F1_MA: 0.2423255387417184 ACC_MI: 0.23407407407407407 F1_MA: 0.20394658406806718
BEST_F1_MI: 0.6474074074074074 BEST_F1_MA: 0.5963841827869658 BEST_ACC_MI: 0.6474074074074074 BEST_F1_MA: 0.6556737946084109
[[ 161 1293  127    1]
 [  74  583  237   11]
 [ 197  221  362   28]
 [   3    9 1418    0]]
Epoch: [66/200], cls_loss: 0.0000, transfer_loss: 0.0000,person_loss: 0.0000, total_Loss: 0.0000
trian begin
trian end
ACC: 15.534391534391535
SAMPLE
F1_MI: 0.15534391534391534 F1_MA: 0.13233718381910525 ACC_MI: 0.15534391534391534 F1_MA: 0.12185390544664478
BEST_F1_MI: 0.6474074074074074 BEST_F1_MA: 0.5963841827869658 BEST_ACC_MI: 0.6474074074074074 BEST_F1_MA: 0.6556737946084109
[[ 510  133  649  290]
 [ 443  154  209   99]
 [ 593  135   70   10]
 [   0 1398   32    0]]
Epoch: [67/200], cls_loss: 0.0000, transfer_loss: 0.0000,person_loss: 0.0000, total_Loss: 0.0000
trian begin
trian end
ACC: 51.7037037037037
SAMPLE
F1_MI: 0.5151322751322751 F1_MA: 0.48744162265723506 ACC_MI: 0.5151322751322751 F1_MA: 0.4906385572581099
BEST_F1_MI: 0.6474074074074074 BEST_F1_MA: 0.5963841827869658 BEST_ACC_MI: 0.6474074074074074 BEST_F1_MA: 0.6556737946084109
[[ 685  646  213   38]
 [ 437  174  239   55]
 [ 271   82  391   64]
 [   1  170   75 1184]]
Epoch: [68/200], cls_loss: 0.0000, transfer_loss: 0.0000,person_loss: 0.0000, total_Loss: 0.0000
trian begin
trian end
ACC: 20.74074074074074
SAMPLE
F1_MI: 0.2074074074074074 F1_MA: 0.1890637755889057 ACC_MI: 0.2074074074074074 F1_MA: 0.1481031332019539
BEST_F1_MI: 0.6474074074074074 BEST_F1_MA: 0.5963841827869658 BEST_ACC_MI: 0.6474074074074074 BEST_F1_MA: 0.6556737946084109
[[ 150 1258  174    0]
 [  97  578  230    0]
 [ 418   93  252   45]
 [ 333   18 1079    0]]
Epoch: [69/200], cls_loss: 0.0000, transfer_loss: 0.0000,person_loss: 0.0000, total_Loss: 0.0000
trian begin
trian end
ACC: 17.1005291005291
SAMPLE
F1_MI: 0.1671957671957672 F1_MA: 0.17135059173383227 ACC_MI: 0.1671957671957672 F1_MA: 0.14154020751079704
BEST_F1_MI: 0.6474074074074074 BEST_F1_MA: 0.5963841827869658 BEST_ACC_MI: 0.6474074074074074 BEST_F1_MA: 0.6556737946084109
[[  71 1214  297    0]
 [ 137  501  267    0]
 [ 314  236  218   40]
 [1400   19   11    0]]
Epoch: [70/200], cls_loss: 0.0000, transfer_loss: 0.0000,person_loss: 0.0000, total_Loss: 0.0000
trian begin
trian end
ACC: 25.693121693121693
SAMPLE
F1_MI: 0.25502645502645505 F1_MA: 0.24907239079313606 ACC_MI: 0.25502645502645505 F1_MA: 0.2257609931259436
BEST_F1_MI: 0.6474074074074074 BEST_F1_MA: 0.5963841827869658 BEST_ACC_MI: 0.6474074074074074 BEST_F1_MA: 0.6556737946084109
[[ 512  724  346    0]
 [ 308  530   67    0]
 [ 287  357  163    1]
 [   4 1388   38    0]]
Epoch: [71/200], cls_loss: 0.0000, transfer_loss: 0.0000,person_loss: 0.0000, total_Loss: 0.0000
trian begin
trian end
ACC: 14.243386243386244
SAMPLE
F1_MI: 0.14095238095238094 F1_MA: 0.1456107759647619 ACC_MI: 0.14095238095238094 F1_MA: 0.12916523259233048
BEST_F1_MI: 0.6474074074074074 BEST_F1_MA: 0.5963841827869658 BEST_ACC_MI: 0.6474074074074074 BEST_F1_MA: 0.6556737946084109
[[ 206  341 1035    0]
 [ 144  242  519    0]
 [ 365  225  218    0]
 [   6 1398   26    0]]
Epoch: [72/200], cls_loss: 0.0000, transfer_loss: 0.0000,person_loss: 0.0000, total_Loss: 0.0000
trian begin
trian end
ACC: 21.947089947089946
SAMPLE
F1_MI: 0.21735449735449736 F1_MA: 0.18402227689378864 ACC_MI: 0.21735449735449736 F1_MA: 0.13291354088845092
BEST_F1_MI: 0.6474074074074074 BEST_F1_MA: 0.5963841827869658 BEST_ACC_MI: 0.6474074074074074 BEST_F1_MA: 0.6556737946084109
[[  14 1084  484    0]
 [  62  502  341    0]
 [ 151  125  511   21]
 [  52    2 1376    0]]
Epoch: [73/200], cls_loss: 0.0000, transfer_loss: 0.0000,person_loss: 0.0000, total_Loss: 0.0000
trian begin
trian end
ACC: 16.465608465608465
SAMPLE
F1_MI: 0.16126984126984126 F1_MA: 0.15929255409363863 ACC_MI: 0.16126984126984126 F1_MA: 0.1335555086100438
BEST_F1_MI: 0.6474074074074074 BEST_F1_MA: 0.5963841827869658 BEST_ACC_MI: 0.6474074074074074 BEST_F1_MA: 0.6556737946084109
[[ 146 1234  202    0]
 [ 208  493  204    0]
 [ 303  382  123    0]
 [1425    0    5    0]]
Epoch: [74/200], cls_loss: 0.0000, transfer_loss: 0.0000,person_loss: 0.0000, total_Loss: 0.0000
trian begin
trian end
ACC: 22.56084656084656
SAMPLE
F1_MI: 0.22560846560846562 F1_MA: 0.19230564447056728 ACC_MI: 0.22560846560846562 F1_MA: 0.17599733138621373
BEST_F1_MI: 0.6474074074074074 BEST_F1_MA: 0.5963841827869658 BEST_ACC_MI: 0.6474074074074074 BEST_F1_MA: 0.6556737946084109
[[ 750  113  703   16]
 [ 416  123  243  123]
 [ 462  123  191   32]
 [   8 1390   30    2]]
Epoch: [75/200], cls_loss: 0.0000, transfer_loss: 0.0000,person_loss: 0.0000, total_Loss: 0.0000
trian begin
trian end
ACC: 14.116402116402117
SAMPLE
F1_MI: 0.12825396825396826 F1_MA: 0.12213445986024855 ACC_MI: 0.12825396825396826 F1_MA: 0.10983279223949445
BEST_F1_MI: 0.6474074074074074 BEST_F1_MA: 0.5963841827869658 BEST_ACC_MI: 0.6474074074074074 BEST_F1_MA: 0.6556737946084109
[[ 325  186 1071    0]
 [ 241   23  641    0]
 [ 535   15  258    0]
 [  10  114 1306    0]]
Epoch: [76/200], cls_loss: 0.0000, transfer_loss: 0.0000,person_loss: 0.0000, total_Loss: 0.0000
trian begin
trian end
ACC: 41.56613756613756
SAMPLE
F1_MI: 0.415026455026455 F1_MA: 0.3646440965965388 ACC_MI: 0.415026455026455 F1_MA: 0.35313551710248803
BEST_F1_MI: 0.6474074074074074 BEST_F1_MA: 0.5963841827869658 BEST_ACC_MI: 0.6474074074074074 BEST_F1_MA: 0.6556737946084109
[[1491   53   38    0]
 [ 698  124   82    1]
 [ 242  123  346   97]
 [   6 1415    9    0]]
Epoch: [77/200], cls_loss: 0.0000, transfer_loss: 0.0000,person_loss: 0.0000, total_Loss: 0.0000
trian begin
trian end
ACC: 48.95238095238095
SAMPLE
F1_MI: 0.4895238095238095 F1_MA: 0.46113560585106816 ACC_MI: 0.4895238095238095 F1_MA: 0.4667089315127208
BEST_F1_MI: 0.6474074074074074 BEST_F1_MA: 0.5963841827869658 BEST_ACC_MI: 0.6474074074074074 BEST_F1_MA: 0.6556737946084109
[[ 518  251  764   49]
 [ 231  142  441   91]
 [ 101  274  339   94]
 [  14    2  100 1314]]
Epoch: [78/200], cls_loss: 0.0000, transfer_loss: 0.0000,person_loss: 0.0000, total_Loss: 0.0000
trian begin
trian end
ACC: 46.81481481481482
SAMPLE
F1_MI: 0.45904761904761904 F1_MA: 0.4278284563417866 ACC_MI: 0.45904761904761904 F1_MA: 0.44312374119248454
BEST_F1_MI: 0.6474074074074074 BEST_F1_MA: 0.5963841827869658 BEST_ACC_MI: 0.6474074074074074 BEST_F1_MA: 0.6556737946084109
[[873  29 660  20]
 [432  72 377  24]
 [396  82 310  20]
 [ 72 419  25 914]]
Epoch: [79/200], cls_loss: 0.0000, transfer_loss: 0.0000,person_loss: 0.0000, total_Loss: 0.0000
trian begin
trian end
ACC: 45.29100529100529
SAMPLE
F1_MI: 0.45291005291005293 F1_MA: 0.4392607941120266 ACC_MI: 0.45291005291005293 F1_MA: 0.42393133571509667
BEST_F1_MI: 0.6474074074074074 BEST_F1_MA: 0.5963841827869658 BEST_ACC_MI: 0.6474074074074074 BEST_F1_MA: 0.6556737946084109
[[ 122 1219  196   45]
 [ 203  464  153   85]
 [ 394   45  272   97]
 [ 146    0    2 1282]]
Epoch: [80/200], cls_loss: 0.0000, transfer_loss: 0.0000,person_loss: 0.0000, total_Loss: 0.0000
trian begin
trian end
ACC: 43.195767195767196
SAMPLE
F1_MI: 0.43047619047619046 F1_MA: 0.4052455443651773 ACC_MI: 0.43047619047619046 F1_MA: 0.39518023991973944
BEST_F1_MI: 0.6474074074074074 BEST_F1_MA: 0.5963841827869658 BEST_ACC_MI: 0.6474074074074074 BEST_F1_MA: 0.6556737946084109
[[ 111 1420    4   47]
 [ 232  554   27   92]
 [ 303  366   44   95]
 [  42    6   57 1325]]
Epoch: [81/200], cls_loss: 0.0000, transfer_loss: 0.0000,person_loss: 0.0000, total_Loss: 0.0000
[[1519   23    0   40]
 [ 753   78    4   70]
 [ 435   73  221   79]
 [  10  177    2 1241]]
[[1519   23    0   40]
 [ 753   78    4   70]
 [ 435   73  221   79]
 [  10  177    2 1241]]
WHAT: True
SVAE_RESULT
{'best_f1': 0.5963841827869658, 'best_matrix': [[1519, 23, 0, 40], [753, 78, 4, 70], [435, 73, 221, 79], [10, 177, 2, 1241]], 'args': 0.1}
{"best_f1": 0.5963841827869658, "best_matrix": [[1519, 23, 0, 40], [753, 78, 4, 70], [435, 73, 221, 79], [10, 177, 2, 1241]], "args": 0.1}
ARG: Namespace(backbone='resnet50', batch_size=32, config='DWL/DWL.yaml', data_dir='data', device=device(type='cuda'), early_stop=50, epoch_based_training=False, lr=0.003, lr_decay=0.75, lr_gamma=0.0003, lr_scheduler=True, max_iter=29400, method='True', momentum=0.9, myweight=0.1, n_class=4, n_epoch=200, n_iter_per_epoch=147, num_workers=3, seed=2, src_domain='WISDM', tgt_domain='PAMAP2', tname='transfer', transfer_loss='dwl', transfer_loss_weight=0.5, use_bottleneck=True, weight_decay=0.0005)
