coral 2 WISDM UCI DeepCoral/DeepCoral.yaml True
Namespace(backbone='resnet50', batch_size=32, config='DeepCoral/DeepCoral.yaml', data_dir='data', device=device(type='cuda'), early_stop=50, epoch_based_training=False, lr=0.003, lr_decay=0.75, lr_gamma=0.0003, lr_scheduler=True, method='True', momentum=0.9, myweight=0.1, n_epoch=200, n_iter_per_epoch=100, num_workers=3, seed=2, src_domain='WISDM', tgt_domain='UCI', tname='transfer', transfer_loss='coral', transfer_loss_weight=10.0, use_bottleneck=True, weight_decay=0.0005)
JUST DO IT
run my Parkinson code
transfer
TRAIN Length: 13609 322 TEST Length: 3369 615
YYY: 0 3
DATA_PROFILE   train: 13609 train2: 3369 test: 3369
DATASET.SHAPE: <data_loader.GetTrainLoader object at 0x7f7009d99e10> True
DATASET.SHAPE: <data_loader.GetTrainLoader object at 0x7f7011d3ce80> True
DATASET.SHAPE: <data_loader.GetTestLoader object at 0x7f70c98fa048> False
CLASS: 4 615
LLL: {}
BOTTLENECK_LIST: [Linear(in_features=512, out_features=256, bias=True), ReLU()]
TYPE: {'loss_type': 'coral', 'max_iter': 21000, 'num_class': 4, 'my_person_item': <my_person_item.PersonItem object at 0x7f70c989b1d0>}
initial_lr 1.0
transfer_world
method True <class 'str'>
1.10.1+cu102
True
LEN: 0 0
LOADER: <data_loader.InfiniteDataLoader object at 0x7f7011d3cf28> <data_loader.InfiniteDataLoader object at 0x7f7009e57f28>
N_batch: 105
trian begin
trian end
n_person 615
SAMPLE
F1_MI: 0.5550608489165925 F1_MA: 0.4824661726164664 ACC_MI: 0.5550608489165925 F1_MA: 0.44049185015727765
BEST_F1_MI: 0.5550608489165925 BEST_F1_MA: 0.4824661726164664 BEST_ACC_MI: 0.5550608489165925 BEST_F1_MA: 0.44049185015727765
[[340 553   0   0]
 [193 611   0   0]
 [572 174   0   0]
 [  0   7   0 919]]
Epoch: [ 1/200], cls_loss: 0.7216, transfer_loss: 0.0029,person_loss: -1.9091, total_Loss: 0.5594
trian begin
trian end
n_person 615
SAMPLE
F1_MI: 0.5470466013653903 F1_MA: 0.48469594930216764 ACC_MI: 0.5470466013653903 F1_MA: 0.45886977955023817
BEST_F1_MI: 0.5550608489165925 BEST_F1_MA: 0.48469594930216764 BEST_ACC_MI: 0.5550608489165925 BEST_F1_MA: 0.45886977955023817
[[835  58   0   0]
 [616 188   0   0]
 [670  76   0   0]
 [  3 103   0 820]]
Epoch: [ 2/200], cls_loss: 0.3877, transfer_loss: 0.0009,person_loss: -1.9057, total_Loss: 0.2060
trian begin
trian end
n_person 615
SAMPLE
F1_MI: 0.5295339863460967 F1_MA: 0.4630345584592113 ACC_MI: 0.5295339863460967 F1_MA: 0.42807143465081854
BEST_F1_MI: 0.5550608489165925 BEST_F1_MA: 0.48469594930216764 BEST_ACC_MI: 0.5550608489165925 BEST_F1_MA: 0.45886977955023817
[[415 478   0   0]
 [354 450   0   0]
 [548 198   0   0]
 [  0   7   0 919]]
Epoch: [ 3/200], cls_loss: 0.3448, transfer_loss: 0.0005,person_loss: -1.8980, total_Loss: 0.1604
trian begin
trian end
n_person 615
SAMPLE
F1_MI: 0.5218165627782725 F1_MA: 0.43595781693511004 ACC_MI: 0.5218165627782725 F1_MA: 0.38240704127889735
BEST_F1_MI: 0.5550608489165925 BEST_F1_MA: 0.48469594930216764 BEST_ACC_MI: 0.5550608489165925 BEST_F1_MA: 0.45886977955023817
[[ 62 831   0   0]
 [ 30 774   0   0]
 [327 419   0   0]
 [  0   4   0 922]]
Epoch: [ 4/200], cls_loss: 0.3193, transfer_loss: 0.0004,person_loss: -1.9265, total_Loss: 0.1308
trian begin
trian end
n_person 615
SAMPLE
F1_MI: 0.47996438112199463 F1_MA: 0.4633497710256025 ACC_MI: 0.47996438112199463 F1_MA: 0.47030579134479744
BEST_F1_MI: 0.5550608489165925 BEST_F1_MA: 0.48469594930216764 BEST_ACC_MI: 0.5550608489165925 BEST_F1_MA: 0.47030579134479744
[[332 283 278   0]
 [217 305 282   0]
 [678   3  65   0]
 [  0  11   0 915]]
Epoch: [ 5/200], cls_loss: 0.2950, transfer_loss: 0.0003,person_loss: -1.9337, total_Loss: 0.1051
trian begin
trian end
n_person 615
SAMPLE
F1_MI: 0.5532799050163253 F1_MA: 0.5374242277053541 ACC_MI: 0.5532799050163253 F1_MA: 0.5305278505391497
BEST_F1_MI: 0.5550608489165925 BEST_F1_MA: 0.5374242277053541 BEST_ACC_MI: 0.5550608489165925 BEST_F1_MA: 0.5305278505391497
[[146 560 187   0]
 [102 563 139   0]
 [341 148 257   0]
 [  0  28   0 898]]
Epoch: [ 6/200], cls_loss: 0.2617, transfer_loss: 0.0004,person_loss: -1.9389, total_Loss: 0.0717
trian begin
trian end
n_person 615
SAMPLE
F1_MI: 0.5048975957257347 F1_MA: 0.46295667193817863 ACC_MI: 0.5048975957257347 F1_MA: 0.4425714542366729
BEST_F1_MI: 0.5550608489165925 BEST_F1_MA: 0.5374242277053541 BEST_ACC_MI: 0.5550608489165925 BEST_F1_MA: 0.5305278505391497
[[213 472 208   0]
 [118 564 122   0]
 [715  18  13   0]
 [  0  12   3 911]]
Epoch: [ 7/200], cls_loss: 0.1992, transfer_loss: 0.0003,person_loss: -1.9305, total_Loss: 0.0092
trian begin
trian end
n_person 615
SAMPLE
F1_MI: 0.5221133867616503 F1_MA: 0.4883516484483097 ACC_MI: 0.5221133867616503 F1_MA: 0.4774872815376829
BEST_F1_MI: 0.5550608489165925 BEST_F1_MA: 0.5374242277053541 BEST_ACC_MI: 0.5550608489165925 BEST_F1_MA: 0.5305278505391497
[[332 380 181   0]
 [197 468 139   0]
 [687  23  36   0]
 [  0   2   1 923]]
Epoch: [ 8/200], cls_loss: 0.1721, transfer_loss: 0.0005,person_loss: -1.9171, total_Loss: -0.0142
trian begin
trian end
n_person 615
SAMPLE
F1_MI: 0.4939151083407539 F1_MA: 0.46381391376499864 ACC_MI: 0.4939151083407539 F1_MA: 0.45451759044445816
BEST_F1_MI: 0.5550608489165925 BEST_F1_MA: 0.5374242277053541 BEST_ACC_MI: 0.5550608489165925 BEST_F1_MA: 0.5305278505391497
[[228 320 345   0]
 [123 492 189   0]
 [616 102  28   0]
 [  0  10   0 916]]
Epoch: [ 9/200], cls_loss: 0.1556, transfer_loss: 0.0004,person_loss: -1.9311, total_Loss: -0.0338
trian begin
trian end
n_person 615
SAMPLE
F1_MI: 0.5022261798753339 F1_MA: 0.46545904017051193 ACC_MI: 0.5022261798753339 F1_MA: 0.4435652888339903
BEST_F1_MI: 0.5550608489165925 BEST_F1_MA: 0.5374242277053541 BEST_ACC_MI: 0.5550608489165925 BEST_F1_MA: 0.5305278505391497
[[ 57 620 216   0]
 [ 74 614 116   0]
 [462 175 109   0]
 [  0  12   2 912]]
Epoch: [10/200], cls_loss: 0.1381, transfer_loss: 0.0003,person_loss: -1.9403, total_Loss: -0.0528
trian begin
trian end
n_person 615
SAMPLE
F1_MI: 0.4894627485900861 F1_MA: 0.4654066797480593 ACC_MI: 0.4894627485900861 F1_MA: 0.457040923939789
BEST_F1_MI: 0.5550608489165925 BEST_F1_MA: 0.5374242277053541 BEST_ACC_MI: 0.5550608489165925 BEST_F1_MA: 0.5305278505391497
[[106 310 477   0]
 [105 549 150   0]
 [591  73  82   0]
 [  0  14   0 912]]
Epoch: [11/200], cls_loss: 0.1431, transfer_loss: 0.0003,person_loss: -1.9438, total_Loss: -0.0487
trian begin
trian end
n_person 615
SAMPLE
F1_MI: 0.5322054021964975 F1_MA: 0.504931036329533 ACC_MI: 0.5322054021964975 F1_MA: 0.4873019098896368
BEST_F1_MI: 0.5550608489165925 BEST_F1_MA: 0.5374242277053541 BEST_ACC_MI: 0.5550608489165925 BEST_F1_MA: 0.5305278505391497
[[ 59 378 456   0]
 [ 40 579 185   0]
 [465  43 238   0]
 [  0   9   0 917]]
Epoch: [12/200], cls_loss: 0.1215, transfer_loss: 0.0004,person_loss: -1.9487, total_Loss: -0.0697
trian begin
trian end
n_person 615
SAMPLE
F1_MI: 0.4321757197981597 F1_MA: 0.4092012408823092 ACC_MI: 0.4321757197981597 F1_MA: 0.40479979485549045
BEST_F1_MI: 0.5550608489165925 BEST_F1_MA: 0.5374242277053541 BEST_ACC_MI: 0.5550608489165925 BEST_F1_MA: 0.5305278505391497
[[ 70 359 464   0]
 [ 54 432 318   0]
 [614  98  34   0]
 [  0   6   0 920]]
Epoch: [13/200], cls_loss: 0.0985, transfer_loss: 0.0002,person_loss: -1.9637, total_Loss: -0.0955
trian begin
trian end
n_person 615
SAMPLE
F1_MI: 0.45087563075096465 F1_MA: 0.4406725954515964 ACC_MI: 0.45087563075096465 F1_MA: 0.4473737642042288
BEST_F1_MI: 0.5550608489165925 BEST_F1_MA: 0.5374242277053541 BEST_ACC_MI: 0.5550608489165925 BEST_F1_MA: 0.5305278505391497
[[ 92 297 504   0]
 [116 403 285   0]
 [635   9 102   0]
 [  0   3   1 922]]
Epoch: [14/200], cls_loss: 0.0893, transfer_loss: 0.0002,person_loss: -1.9672, total_Loss: -0.1054
trian begin
trian end
n_person 615
SAMPLE
F1_MI: 0.5025230038587117 F1_MA: 0.5018798153818604 ACC_MI: 0.5025230038587117 F1_MA: 0.5118428110905731
BEST_F1_MI: 0.5550608489165925 BEST_F1_MA: 0.5374242277053541 BEST_ACC_MI: 0.5550608489165925 BEST_F1_MA: 0.5305278505391497
[[ 88 160 645   0]
 [ 76 417 311   0]
 [454  27 265   0]
 [  0   2   1 923]]
Epoch: [15/200], cls_loss: 0.1096, transfer_loss: 0.0002,person_loss: -1.9680, total_Loss: -0.0849
trian begin
trian end
n_person 615
SAMPLE
F1_MI: 0.46482635796972394 F1_MA: 0.4450530703889573 ACC_MI: 0.46482635796972394 F1_MA: 0.44140762265909883
BEST_F1_MI: 0.5550608489165925 BEST_F1_MA: 0.5374242277053541 BEST_ACC_MI: 0.5550608489165925 BEST_F1_MA: 0.5305278505391497
[[ 74 305 514   0]
 [ 50 484 267   3]
 [606  57  83   0]
 [  0   1   0 925]]
Epoch: [16/200], cls_loss: 0.0937, transfer_loss: 0.0002,person_loss: -1.9686, total_Loss: -0.1013
trian begin
trian end
n_person 615
SAMPLE
F1_MI: 0.553873552983081 F1_MA: 0.511734238110259 ACC_MI: 0.553873552983081 F1_MA: 0.4798743768454865
BEST_F1_MI: 0.5550608489165925 BEST_F1_MA: 0.5374242277053541 BEST_ACC_MI: 0.5550608489165925 BEST_F1_MA: 0.5305278505391497
[[ 22 545 326   0]
 [ 35 678  91   0]
 [341 154 251   0]
 [  0  11   0 915]]
Epoch: [17/200], cls_loss: 0.0874, transfer_loss: 0.0002,person_loss: -1.9657, total_Loss: -0.1070
trian begin
trian end
n_person 615
SAMPLE
F1_MI: 0.5078658355595133 F1_MA: 0.4748632008259029 ACC_MI: 0.5078658355595133 F1_MA: 0.4551046312424631
BEST_F1_MI: 0.5550608489165925 BEST_F1_MA: 0.5374242277053541 BEST_ACC_MI: 0.5550608489165925 BEST_F1_MA: 0.5305278505391497
[[ 57 484 352   0]
 [ 29 575 200   0]
 [501  86 159   0]
 [  0   5   1 920]]
Epoch: [18/200], cls_loss: 0.0790, transfer_loss: 0.0002,person_loss: -1.9729, total_Loss: -0.1168
trian begin
trian end
n_person 615
SAMPLE
F1_MI: 0.4974769961412882 F1_MA: 0.44326832670850924 ACC_MI: 0.4974769961412882 F1_MA: 0.40962769148300315
BEST_F1_MI: 0.5550608489165925 BEST_F1_MA: 0.5374242277053541 BEST_ACC_MI: 0.5550608489165925 BEST_F1_MA: 0.5305278505391497
[[ 42 624 227   0]
 [ 48 690  66   0]
 [656  63  27   0]
 [  0   9   0 917]]
Epoch: [19/200], cls_loss: 0.0663, transfer_loss: 0.0001,person_loss: -1.9779, total_Loss: -0.1300
trian begin
trian end
n_person 615
SAMPLE
F1_MI: 0.4891659246067082 F1_MA: 0.4332289730364019 ACC_MI: 0.4891659246067082 F1_MA: 0.39818055247187684
BEST_F1_MI: 0.5550608489165925 BEST_F1_MA: 0.5374242277053541 BEST_ACC_MI: 0.5550608489165925 BEST_F1_MA: 0.5305278505391497
[[ 22 533 338   0]
 [ 28 671 105   0]
 [513 196  37   0]
 [  0   8   0 918]]
Epoch: [20/200], cls_loss: 0.0643, transfer_loss: 0.0001,person_loss: -1.9774, total_Loss: -0.1320
trian begin
trian end
n_person 615
SAMPLE
F1_MI: 0.5354704660136539 F1_MA: 0.498852937710099 ACC_MI: 0.5354704660136539 F1_MA: 0.47028880135579887
BEST_F1_MI: 0.5550608489165925 BEST_F1_MA: 0.5374242277053541 BEST_ACC_MI: 0.5550608489165925 BEST_F1_MA: 0.5305278505391497
[[ 15 355 523   0]
 [ 20 541 243   0]
 [305 107 334   0]
 [  1  11   0 914]]
Epoch: [21/200], cls_loss: 0.0625, transfer_loss: 0.0002,person_loss: -1.9759, total_Loss: -0.1333
trian begin
trian end
n_person 615
SAMPLE
F1_MI: 0.47521519738794893 F1_MA: 0.44510057348952875 ACC_MI: 0.47521519738794893 F1_MA: 0.4286145883160283
BEST_F1_MI: 0.5550608489165925 BEST_F1_MA: 0.5374242277053541 BEST_ACC_MI: 0.5550608489165925 BEST_F1_MA: 0.5305278505391497
[[ 25 389 479   0]
 [ 30 512 262   0]
 [496 105 145   0]
 [  0   7   0 919]]
Epoch: [22/200], cls_loss: 0.0577, transfer_loss: 0.0002,person_loss: -1.9772, total_Loss: -0.1385
trian begin
trian end
n_person 615
SAMPLE
F1_MI: 0.4873849807064411 F1_MA: 0.4375952528200544 ACC_MI: 0.4873849807064411 F1_MA: 0.4080771766482839
BEST_F1_MI: 0.5550608489165925 BEST_F1_MA: 0.5374242277053541 BEST_ACC_MI: 0.5550608489165925 BEST_F1_MA: 0.5305278505391497
[[ 56 495 342   0]
 [ 62 664  78   0]
 [676  60  10   0]
 [  0  14   0 912]]
Epoch: [23/200], cls_loss: 0.0619, transfer_loss: 0.0001,person_loss: -1.9799, total_Loss: -0.1348
trian begin
trian end
n_person 615
SAMPLE
F1_MI: 0.46126447016918964 F1_MA: 0.4231062042810652 ACC_MI: 0.46126447016918964 F1_MA: 0.40381225970522716
BEST_F1_MI: 0.5550608489165925 BEST_F1_MA: 0.5374242277053541 BEST_ACC_MI: 0.5550608489165925 BEST_F1_MA: 0.5305278505391497
[[ 59 325 509   0]
 [ 51 551 202   0]
 [442 279  25   0]
 [  1   6   0 919]]
Epoch: [24/200], cls_loss: 0.0554, transfer_loss: 0.0002,person_loss: -1.9786, total_Loss: -0.1409
trian begin
trian end
n_person 615
SAMPLE
F1_MI: 0.4680914217868804 F1_MA: 0.44820441121608506 ACC_MI: 0.4680914217868804 F1_MA: 0.44165580223096906
BEST_F1_MI: 0.5550608489165925 BEST_F1_MA: 0.5374242277053541 BEST_ACC_MI: 0.5550608489165925 BEST_F1_MA: 0.5305278505391497
[[ 16 243 634   0]
 [ 14 537 253   0]
 [578  60 108   0]
 [  0  10   0 916]]
Epoch: [25/200], cls_loss: 0.0582, transfer_loss: 0.0001,person_loss: -1.9802, total_Loss: -0.1385
trian begin
trian end
n_person 615
SAMPLE
F1_MI: 0.46690412585336893 F1_MA: 0.43342140154677383 ACC_MI: 0.46690412585336893 F1_MA: 0.4183869191240853
BEST_F1_MI: 0.5550608489165925 BEST_F1_MA: 0.5374242277053541 BEST_ACC_MI: 0.5550608489165925 BEST_F1_MA: 0.5305278505391497
[[ 74 417 402   0]
 [ 80 558 166   0]
 [696  30  20   0]
 [  0   5   0 921]]
Epoch: [26/200], cls_loss: 0.0555, transfer_loss: 0.0002,person_loss: -1.9785, total_Loss: -0.1408
trian begin
trian end
n_person 615
SAMPLE
F1_MI: 0.47105966162065893 F1_MA: 0.43437014768336346 ACC_MI: 0.47105966162065893 F1_MA: 0.41458945255308455
BEST_F1_MI: 0.5550608489165925 BEST_F1_MA: 0.5374242277053541 BEST_ACC_MI: 0.5550608489165925 BEST_F1_MA: 0.5305278505391497
[[ 43 437 413   0]
 [ 36 557 211   0]
 [545 133  68   0]
 [  0   7   0 919]]
Epoch: [27/200], cls_loss: 0.0522, transfer_loss: 0.0002,person_loss: -1.9770, total_Loss: -0.1437
trian begin
trian end
n_person 615
SAMPLE
F1_MI: 0.4953992282576432 F1_MA: 0.45729660265775474 ACC_MI: 0.4953992282576432 F1_MA: 0.4340948950300857
BEST_F1_MI: 0.5550608489165925 BEST_F1_MA: 0.5374242277053541 BEST_ACC_MI: 0.5550608489165925 BEST_F1_MA: 0.5305278505391497
[[ 23 403 467   0]
 [ 37 615 152   0]
 [537 100 109   0]
 [  0   4   0 922]]
Epoch: [28/200], cls_loss: 0.0453, transfer_loss: 0.0001,person_loss: -1.9809, total_Loss: -0.1516
trian begin
trian end
n_person 615
SAMPLE
F1_MI: 0.4826357969723954 F1_MA: 0.46404235843037384 ACC_MI: 0.4826357969723954 F1_MA: 0.45656968843509854
BEST_F1_MI: 0.5550608489165925 BEST_F1_MA: 0.5374242277053541 BEST_ACC_MI: 0.5550608489165925 BEST_F1_MA: 0.5305278505391497
[[ 11 279 603   0]
 [ 28 516 260   0]
 [558  11 177   0]
 [  0   3   1 922]]
Epoch: [29/200], cls_loss: 0.0411, transfer_loss: 0.0001,person_loss: -1.9842, total_Loss: -0.1561
trian begin
trian end
n_person 615
SAMPLE
F1_MI: 0.47580884535470463 F1_MA: 0.4439353982526683 ACC_MI: 0.47580884535470463 F1_MA: 0.4265510025118632
BEST_F1_MI: 0.5550608489165925 BEST_F1_MA: 0.5374242277053541 BEST_ACC_MI: 0.5550608489165925 BEST_F1_MA: 0.5305278505391497
[[ 29 398 466   0]
 [ 27 527 250   0]
 [509 112 125   0]
 [  0   4   0 922]]
Epoch: [30/200], cls_loss: 0.0404, transfer_loss: 0.0002,person_loss: -1.9810, total_Loss: -0.1561
trian begin
trian end
n_person 615
SAMPLE
F1_MI: 0.4755120213713268 F1_MA: 0.4519797774790987 ACC_MI: 0.4755120213713268 F1_MA: 0.4417219795340756
BEST_F1_MI: 0.5550608489165925 BEST_F1_MA: 0.5374242277053541 BEST_ACC_MI: 0.5550608489165925 BEST_F1_MA: 0.5305278505391497
[[ 34 303 556   0]
 [ 32 502 270   0]
 [516  87 143   0]
 [  0   3   0 923]]
Epoch: [31/200], cls_loss: 0.0378, transfer_loss: 0.0001,person_loss: -1.9826, total_Loss: -0.1594
trian begin
trian end
n_person 615
SAMPLE
F1_MI: 0.4651231819531018 F1_MA: 0.43461394555327304 ACC_MI: 0.4651231819531018 F1_MA: 0.42043699459947736
BEST_F1_MI: 0.5550608489165925 BEST_F1_MA: 0.5374242277053541 BEST_ACC_MI: 0.5550608489165925 BEST_F1_MA: 0.5305278505391497
[[ 37 360 496   0]
 [ 44 567 193   0]
 [631  67  48   0]
 [  0  10   1 915]]
Epoch: [32/200], cls_loss: 0.0489, transfer_loss: 0.0001,person_loss: -1.9831, total_Loss: -0.1483
trian begin
trian end
n_person 615
SAMPLE
F1_MI: 0.4835262689225289 F1_MA: 0.4467061571509896 ACC_MI: 0.4835262689225289 F1_MA: 0.4255384053215381
BEST_F1_MI: 0.5550608489165925 BEST_F1_MA: 0.5374242277053541 BEST_ACC_MI: 0.5550608489165925 BEST_F1_MA: 0.5305278505391497
[[ 27 385 481   0]
 [ 32 593 179   0]
 [541 117  88   0]
 [  1   4   0 921]]
Epoch: [33/200], cls_loss: 0.0437, transfer_loss: 0.0001,person_loss: -1.9827, total_Loss: -0.1533
trian begin
trian end
n_person 615
SAMPLE
F1_MI: 0.4992579400415554 F1_MA: 0.4746542491484096 ACC_MI: 0.4992579400415554 F1_MA: 0.4615763235283413
BEST_F1_MI: 0.5550608489165925 BEST_F1_MA: 0.5374242277053541 BEST_ACC_MI: 0.5550608489165925 BEST_F1_MA: 0.5305278505391497
[[ 33 262 598   0]
 [ 39 550 215   0]
 [480  89 177   0]
 [  0   4   0 922]]
Epoch: [34/200], cls_loss: 0.0273, transfer_loss: 0.0001,person_loss: -1.9849, total_Loss: -0.1702
trian begin
trian end
n_person 615
SAMPLE
F1_MI: 0.4416740872662511 F1_MA: 0.4269660392580935 ACC_MI: 0.4416740872662511 F1_MA: 0.4297396842597003
BEST_F1_MI: 0.5550608489165925 BEST_F1_MA: 0.5374242277053541 BEST_ACC_MI: 0.5550608489165925 BEST_F1_MA: 0.5305278505391497
[[ 49 248 596   0]
 [ 56 488 260   0]
 [671  44  31   0]
 [  0   6   0 920]]
Epoch: [35/200], cls_loss: 0.0350, transfer_loss: 0.0001,person_loss: -1.9861, total_Loss: -0.1627
trian begin
trian end
n_person 615
SAMPLE
F1_MI: 0.4918373404571089 F1_MA: 0.4465870674426702 ACC_MI: 0.4918373404571089 F1_MA: 0.41951656253601116
BEST_F1_MI: 0.5550608489165925 BEST_F1_MA: 0.5374242277053541 BEST_ACC_MI: 0.5550608489165925 BEST_F1_MA: 0.5305278505391497
[[ 29 358 506   0]
 [ 32 688  84   0]
 [625  97  24   0]
 [  0  10   0 916]]
Epoch: [36/200], cls_loss: 0.0363, transfer_loss: 0.0004,person_loss: -1.9772, total_Loss: -0.1578
trian begin
trian end
n_person 615
SAMPLE
F1_MI: 0.4853072128227961 F1_MA: 0.45376017309633904 ACC_MI: 0.4853072128227961 F1_MA: 0.43777687411318267
BEST_F1_MI: 0.5550608489165925 BEST_F1_MA: 0.5374242277053541 BEST_ACC_MI: 0.5550608489165925 BEST_F1_MA: 0.5305278505391497
[[ 44 364 485   0]
 [ 44 607 153   0]
 [644  37  65   0]
 [  1   6   0 919]]
Epoch: [37/200], cls_loss: 0.0330, transfer_loss: 0.0001,person_loss: -1.9822, total_Loss: -0.1639
trian begin
trian end
n_person 615
SAMPLE
F1_MI: 0.5197387948946275 F1_MA: 0.48515311531911665 ACC_MI: 0.5197387948946275 F1_MA: 0.461756036058379
BEST_F1_MI: 0.5550608489165925 BEST_F1_MA: 0.5374242277053541 BEST_ACC_MI: 0.5550608489165925 BEST_F1_MA: 0.5305278505391497
[[ 22 358 513   0]
 [ 27 596 181   0]
 [447  89 210   0]
 [  0   1   2 923]]
Epoch: [38/200], cls_loss: 0.0337, transfer_loss: 0.0001,person_loss: -1.9868, total_Loss: -0.1641
trian begin
trian end
n_person 615
SAMPLE
F1_MI: 0.4897595725734639 F1_MA: 0.44170984482685205 ACC_MI: 0.4897595725734639 F1_MA: 0.4139102842512248
BEST_F1_MI: 0.5550608489165925 BEST_F1_MA: 0.5374242277053541 BEST_ACC_MI: 0.5550608489165925 BEST_F1_MA: 0.5305278505391497
[[ 63 429 401   0]
 [ 65 655  84   0]
 [646  91   9   0]
 [  0   3   0 923]]
Epoch: [39/200], cls_loss: 0.0295, transfer_loss: 0.0001,person_loss: -1.9862, total_Loss: -0.1681
trian begin
trian end
n_person 615
SAMPLE
F1_MI: 0.4912436924903532 F1_MA: 0.45739017495962353 ACC_MI: 0.4912436924903532 F1_MA: 0.4381015482662599
BEST_F1_MI: 0.5550608489165925 BEST_F1_MA: 0.5374242277053541 BEST_ACC_MI: 0.5550608489165925 BEST_F1_MA: 0.5305278505391497
[[ 12 337 544   0]
 [ 24 647 133   0]
 [637  32  77   0]
 [  0   7   0 919]]
Epoch: [40/200], cls_loss: 0.0318, transfer_loss: 0.0001,person_loss: -1.9870, total_Loss: -0.1659
trian begin
trian end
n_person 615
SAMPLE
F1_MI: 0.47758978925497186 F1_MA: 0.4246357655097386 ACC_MI: 0.4775897892549718 F1_MA: 0.392550333914795
BEST_F1_MI: 0.5550608489165925 BEST_F1_MA: 0.5374242277053541 BEST_ACC_MI: 0.5550608489165925 BEST_F1_MA: 0.5305278505391497
[[ 23 478 392   0]
 [ 28 647 129   0]
 [551 175  20   0]
 [  0   7   0 919]]
Epoch: [41/200], cls_loss: 0.0243, transfer_loss: 0.0001,person_loss: -1.9878, total_Loss: -0.1737
trian begin
trian end
n_person 615
SAMPLE
F1_MI: 0.4594835262689225 F1_MA: 0.43094349292270484 ACC_MI: 0.4594835262689225 F1_MA: 0.4196043402453406
BEST_F1_MI: 0.5550608489165925 BEST_F1_MA: 0.5374242277053541 BEST_ACC_MI: 0.5550608489165925 BEST_F1_MA: 0.5305278505391497
[[ 46 352 495   0]
 [ 45 551 208   0]
 [668  48  30   0]
 [  1   4   0 921]]
Epoch: [42/200], cls_loss: 0.0233, transfer_loss: 0.0001,person_loss: -1.9884, total_Loss: -0.1747
trian begin
trian end
n_person 615
SAMPLE
F1_MI: 0.4918373404571089 F1_MA: 0.44649907620012175 ACC_MI: 0.4918373404571089 F1_MA: 0.41818515977227744
BEST_F1_MI: 0.5550608489165925 BEST_F1_MA: 0.5374242277053541 BEST_ACC_MI: 0.5550608489165925 BEST_F1_MA: 0.5305278505391497
[[ 13 406 474   0]
 [ 16 653 135   0]
 [540 134  72   0]
 [  0   7   0 919]]
Epoch: [43/200], cls_loss: 0.0199, transfer_loss: 0.0001,person_loss: -1.9881, total_Loss: -0.1781
trian begin
trian end
n_person 615
SAMPLE
F1_MI: 0.46126447016918964 F1_MA: 0.4461618483515354 ACC_MI: 0.46126447016918964 F1_MA: 0.44701446507585463
BEST_F1_MI: 0.5550608489165925 BEST_F1_MA: 0.5374242277053541 BEST_ACC_MI: 0.5550608489165925 BEST_F1_MA: 0.5305278505391497
[[ 35 211 647   0]
 [ 39 560 205   0]
 [683  25  38   0]
 [  0   5   0 921]]
Epoch: [44/200], cls_loss: 0.0225, transfer_loss: 0.0001,person_loss: -1.9884, total_Loss: -0.1753
trian begin
trian end
n_person 615
SAMPLE
F1_MI: 0.4686850697536361 F1_MA: 0.437766806956257 ACC_MI: 0.4686850697536361 F1_MA: 0.42301743380044216
BEST_F1_MI: 0.5550608489165925 BEST_F1_MA: 0.5374242277053541 BEST_ACC_MI: 0.5550608489165925 BEST_F1_MA: 0.5305278505391497
[[ 13 314 566   0]
 [ 18 612 174   0]
 [676  38  32   0]
 [  0   4   0 922]]
Epoch: [45/200], cls_loss: 0.0293, transfer_loss: 0.0002,person_loss: -1.9816, total_Loss: -0.1671
trian begin
trian end
n_person 615
SAMPLE
F1_MI: 0.4959928762243989 F1_MA: 0.45263779545514893 ACC_MI: 0.4959928762243989 F1_MA: 0.42591594868658467
BEST_F1_MI: 0.5550608489165925 BEST_F1_MA: 0.5374242277053541 BEST_ACC_MI: 0.5550608489165925 BEST_F1_MA: 0.5305278505391497
[[ 11 407 475   0]
 [ 26 683  95   0]
 [640  49  57   0]
 [  0   6   0 920]]
Epoch: [46/200], cls_loss: 0.0270, transfer_loss: 0.0001,person_loss: -1.9858, total_Loss: -0.1705
trian begin
trian end
n_person 615
SAMPLE
F1_MI: 0.4998515880083111 F1_MA: 0.4656281100030299 ACC_MI: 0.4998515880083111 F1_MA: 0.4455939982573056
BEST_F1_MI: 0.5550608489165925 BEST_F1_MA: 0.5374242277053541 BEST_ACC_MI: 0.5550608489165925 BEST_F1_MA: 0.5305278505391497
[[ 35 355 503   0]
 [ 32 615 157   0]
 [546  87 113   0]
 [  0   5   0 921]]
Epoch: [47/200], cls_loss: 0.0202, transfer_loss: 0.0001,person_loss: -1.9875, total_Loss: -0.1776
trian begin
trian end
n_person 615
SAMPLE
F1_MI: 0.5075690115761353 F1_MA: 0.47250092384058756 ACC_MI: 0.5075690115761353 F1_MA: 0.4511319055947026
BEST_F1_MI: 0.5550608489165925 BEST_F1_MA: 0.5374242277053541 BEST_ACC_MI: 0.5550608489165925 BEST_F1_MA: 0.5305278505391497
[[ 22 367 504   0]
 [ 36 653 115   0]
 [598  35 113   0]
 [  0   4   0 922]]
Epoch: [48/200], cls_loss: 0.0207, transfer_loss: 0.0001,person_loss: -1.9901, total_Loss: -0.1777
trian begin
trian end
n_person 615
SAMPLE
F1_MI: 0.4897595725734639 F1_MA: 0.4448121322504771 ACC_MI: 0.4897595725734639 F1_MA: 0.4185149827867644
BEST_F1_MI: 0.5550608489165925 BEST_F1_MA: 0.5374242277053541 BEST_ACC_MI: 0.5550608489165925 BEST_F1_MA: 0.5305278505391497
[[ 33 415 445   0]
 [ 33 677  94   0]
 [696  33  17   0]
 [  0   3   0 923]]
Epoch: [49/200], cls_loss: 0.0131, transfer_loss: 0.0001,person_loss: -1.9906, total_Loss: -0.1852
trian begin
trian end
n_person 615
SAMPLE
F1_MI: 0.48619768477292963 F1_MA: 0.4551586296554685 ACC_MI: 0.48619768477292963 F1_MA: 0.44002917085355453
BEST_F1_MI: 0.5550608489165925 BEST_F1_MA: 0.5374242277053541 BEST_ACC_MI: 0.5550608489165925 BEST_F1_MA: 0.5305278505391497
[[ 27 228 638   0]
 [ 34 665 105   0]
 [653  68  25   0]
 [  0   3   2 921]]
Epoch: [50/200], cls_loss: 0.0190, transfer_loss: 0.0001,person_loss: -1.9902, total_Loss: -0.1793
trian begin
trian end
n_person 615
SAMPLE
F1_MI: 0.4740279014544375 F1_MA: 0.4356072598979983 ACC_MI: 0.4740279014544375 F1_MA: 0.41529648120739615
BEST_F1_MI: 0.5550608489165925 BEST_F1_MA: 0.5374242277053541 BEST_ACC_MI: 0.5550608489165925 BEST_F1_MA: 0.5305278505391497
[[ 42 423 428   0]
 [ 48 615 141   0]
 [702  25  19   0]
 [  0   5   0 921]]
Epoch: [51/200], cls_loss: 0.0198, transfer_loss: 0.0001,person_loss: -1.9907, total_Loss: -0.1787
trian begin
trian end
n_person 615
SAMPLE
F1_MI: 0.5057880676758683 F1_MA: 0.48327893823855766 ACC_MI: 0.5057880676758683 F1_MA: 0.4706792327361874
BEST_F1_MI: 0.5550608489165925 BEST_F1_MA: 0.5374242277053541 BEST_ACC_MI: 0.5550608489165925 BEST_F1_MA: 0.5305278505391497
[[  8 172 713   0]
 [ 20 586 198   0]
 [475  80 191   0]
 [  0   7   0 919]]
Epoch: [52/200], cls_loss: 0.0238, transfer_loss: 0.0001,person_loss: -1.9910, total_Loss: -0.1747
trian begin
trian end
n_person 615
SAMPLE
F1_MI: 0.4974769961412882 F1_MA: 0.4852754540577676 ACC_MI: 0.4974769961412882 F1_MA: 0.482385315876366
BEST_F1_MI: 0.5550608489165925 BEST_F1_MA: 0.5374242277053541 BEST_ACC_MI: 0.5550608489165925 BEST_F1_MA: 0.5305278505391497
[[ 21 180 692   0]
 [ 28 501 275   0]
 [481  35 230   0]
 [  0   2   0 924]]
Epoch: [53/200], cls_loss: 0.0218, transfer_loss: 0.0001,person_loss: -1.9904, total_Loss: -0.1766
trian begin
trian end
n_person 615
SAMPLE
F1_MI: 0.4945087563075096 F1_MA: 0.4537603409123233 ACC_MI: 0.4945087563075096 F1_MA: 0.42971181853581675
BEST_F1_MI: 0.5550608489165925 BEST_F1_MA: 0.5374242277053541 BEST_ACC_MI: 0.5550608489165925 BEST_F1_MA: 0.5305278505391497
[[ 28 414 451   0]
 [ 39 661 104   0]
 [652  40  54   0]
 [  0   3   0 923]]
Epoch: [54/200], cls_loss: 0.0168, transfer_loss: 0.0001,person_loss: -1.9912, total_Loss: -0.1817
trian begin
trian end
n_person 615
SAMPLE
F1_MI: 0.5051944197091125 F1_MA: 0.46173989850868 ACC_MI: 0.5051944197091125 F1_MA: 0.4336870899939612
BEST_F1_MI: 0.5550608489165925 BEST_F1_MA: 0.5374242277053541 BEST_ACC_MI: 0.5550608489165925 BEST_F1_MA: 0.5305278505391497
[[ 13 433 447   0]
 [ 25 656 123   0]
 [536 100 110   0]
 [  0   3   0 923]]
Epoch: [55/200], cls_loss: 0.0180, transfer_loss: 0.0001,person_loss: -1.9926, total_Loss: -0.1806
trian begin
trian end
n_person 615
SAMPLE
F1_MI: 0.4832294449391511 F1_MA: 0.4479828155516749 ACC_MI: 0.4832294449391511 F1_MA: 0.4286169562820683
BEST_F1_MI: 0.5550608489165925 BEST_F1_MA: 0.5374242277053541 BEST_ACC_MI: 0.5550608489165925 BEST_F1_MA: 0.5305278505391497
[[ 20 254 619   0]
 [ 27 630 147   0]
 [550 140  56   0]
 [  0   4   0 922]]
Epoch: [56/200], cls_loss: 0.0173, transfer_loss: 0.0001,person_loss: -1.9902, total_Loss: -0.1812
[[146 560 187   0]
 [102 563 139   0]
 [341 148 257   0]
 [  0  28   0 898]]
[[146 560 187   0]
 [102 563 139   0]
 [341 148 257   0]
 [  0  28   0 898]]
WHAT: True
SVAE_RESULT
{'best_f1': 0.5374242277053541, 'best_matrix': [[146, 560, 187, 0], [102, 563, 139, 0], [341, 148, 257, 0], [0, 28, 0, 898]], 'args': 0.1}
{"best_f1": 0.5374242277053541, "best_matrix": [[146, 560, 187, 0], [102, 563, 139, 0], [341, 148, 257, 0], [0, 28, 0, 898]], "args": 0.1}
ARG: Namespace(backbone='resnet50', batch_size=32, config='DeepCoral/DeepCoral.yaml', data_dir='data', device=device(type='cuda'), early_stop=50, epoch_based_training=False, lr=0.003, lr_decay=0.75, lr_gamma=0.0003, lr_scheduler=True, max_iter=21000, method='True', momentum=0.9, myweight=0.1, n_class=4, n_epoch=200, n_iter_per_epoch=105, num_workers=3, seed=2, src_domain='WISDM', tgt_domain='UCI', tname='transfer', transfer_loss='coral', transfer_loss_weight=10.0, use_bottleneck=True, weight_decay=0.0005)
