bnm 2 WISDM PAMAP2 BNM/BNM.yaml True
Namespace(backbone='resnet50', batch_size=32, config='BNM/BNM.yaml', data_dir='data', device=device(type='cuda'), early_stop=50, epoch_based_training=False, lr=0.003, lr_decay=0.75, lr_gamma=0.0003, lr_scheduler=True, method='True', momentum=0.9, myweight=0.1, n_epoch=200, n_iter_per_epoch=100, num_workers=3, seed=2, src_domain='WISDM', tgt_domain='PAMAP2', tname='transfer', transfer_loss='bnm', transfer_loss_weight=0.5, use_bottleneck=True, weight_decay=0.0005)
JUST DO IT
run my Parkinson code
transfer
TRAIN Length: 13609 322 TEST Length: 4725 360
YYY: 0 3
DATA_PROFILE   train: 13609 train2: 4725 test: 4725
DATASET.SHAPE: <data_loader.GetTrainLoader object at 0x7f79e5d0ae10> True
DATASET.SHAPE: <data_loader.GetTrainLoader object at 0x7f79e585d160> True
DATASET.SHAPE: <data_loader.GetTestLoader object at 0x7f79dd962eb8> False
CLASS: 4 360
LLL: {}
BOTTLENECK_LIST: [Linear(in_features=512, out_features=256, bias=True), ReLU()]
TYPE: {'loss_type': 'bnm', 'max_iter': 29400, 'num_class': 4, 'my_person_item': <my_person_item.PersonItem object at 0x7f7a9d3d0080>}
initial_lr 1.0
transfer_world
method True <class 'str'>
1.10.1+cu102
True
LEN: 0 0
LOADER: <data_loader.InfiniteDataLoader object at 0x7f79e585d6a0> <data_loader.InfiniteDataLoader object at 0x7f79dd962dd8>
N_batch: 147
trian begin
trian end
n_person 360
SAMPLE
F1_MI: 0.4641269841269841 F1_MA: 0.49704707552358796 ACC_MI: 0.4641269841269841 F1_MA: 0.5335767819861066
BEST_F1_MI: 0.4641269841269841 BEST_F1_MA: 0.49704707552358796 BEST_ACC_MI: 0.4641269841269841 BEST_F1_MA: 0.5335767819861066
[[ 150   61 1320   51]
 [  25  164  605  111]
 [  34  156  503  115]
 [   0   54    0 1376]]
Epoch: [ 1/200], cls_loss: 0.7165, transfer_loss: -3.3517,person_loss: -1.6368, total_Loss: -1.1231
trian begin
trian end
n_person 360
SAMPLE
F1_MI: 0.37693121693121695 F1_MA: 0.32762917360697047 ACC_MI: 0.37693121693121695 F1_MA: 0.30152290151458194
BEST_F1_MI: 0.4641269841269841 BEST_F1_MA: 0.49704707552358796 BEST_ACC_MI: 0.4641269841269841 BEST_F1_MA: 0.5335767819861066
[[   3  174 1354   51]
 [  18  207  573  107]
 [ 138  360  196  114]
 [   0   55    0 1375]]
Epoch: [ 2/200], cls_loss: 0.4099, transfer_loss: -3.8414,person_loss: -1.5117, total_Loss: -1.6620
trian begin
trian end
n_person 360
SAMPLE
F1_MI: 0.5015873015873016 F1_MA: 0.4597400522220152 ACC_MI: 0.5015873015873016 F1_MA: 0.410872093485646
BEST_F1_MI: 0.5015873015873016 BEST_F1_MA: 0.49704707552358796 BEST_ACC_MI: 0.5015873015873016 BEST_F1_MA: 0.5335767819861066
[[  10 1303  213   56]
 [  14  634  141  116]
 [ 237  123  322  126]
 [   0   26    0 1404]]
Epoch: [ 3/200], cls_loss: 0.3300, transfer_loss: -3.9109,person_loss: -1.5450, total_Loss: -1.7800
trian begin
trian end
n_person 360
SAMPLE
F1_MI: 0.42984126984126986 F1_MA: 0.35684771920220726 ACC_MI: 0.42984126984126986 F1_MA: 0.30843918439798634
BEST_F1_MI: 0.5015873015873016 BEST_F1_MA: 0.49704707552358796 BEST_ACC_MI: 0.5015873015873016 BEST_F1_MA: 0.5335767819861066
[[   0  818  713   51]
 [  15  512  269  109]
 [ 163  407  121  117]
 [   0   32    0 1398]]
Epoch: [ 4/200], cls_loss: 0.2918, transfer_loss: -3.9297,person_loss: -1.5458, total_Loss: -1.8276
trian begin
trian end
n_person 360
SAMPLE
F1_MI: 0.475978835978836 F1_MA: 0.4195162470890363 ACC_MI: 0.475978835978836 F1_MA: 0.36757048430723416
BEST_F1_MI: 0.5015873015873016 BEST_F1_MA: 0.49704707552358796 BEST_ACC_MI: 0.5015873015873016 BEST_F1_MA: 0.5335767819861066
[[   5 1156  371   50]
 [  27  721   56  101]
 [ 329  211  166  102]
 [   0   73    0 1357]]
Epoch: [ 5/200], cls_loss: 0.2658, transfer_loss: -3.9428,person_loss: -1.5697, total_Loss: -1.8626
trian begin
trian end
n_person 360
SAMPLE
F1_MI: 0.43746031746031744 F1_MA: 0.3896047423990301 ACC_MI: 0.43746031746031744 F1_MA: 0.34788304825941685
BEST_F1_MI: 0.5015873015873016 BEST_F1_MA: 0.49704707552358796 BEST_ACC_MI: 0.5015873015873016 BEST_F1_MA: 0.5335767819861066
[[   0  362 1168   52]
 [  14  307  475  109]
 [ 208  110  373  117]
 [   0   43    0 1387]]
Epoch: [ 6/200], cls_loss: 0.2407, transfer_loss: -3.9340,person_loss: -1.5630, total_Loss: -1.8826
trian begin
trian end
n_person 360
SAMPLE
F1_MI: 0.47767195767195775 F1_MA: 0.5135507741546308 ACC_MI: 0.4776719576719577 F1_MA: 0.5546445804425215
BEST_F1_MI: 0.5015873015873016 BEST_F1_MA: 0.5135507741546308 BEST_ACC_MI: 0.5015873015873016 BEST_F1_MA: 0.5546445804425215
[[  24 1502    1   55]
 [   9  776    0  120]
 [ 135  504   39  130]
 [   0   12    0 1418]]
Epoch: [ 7/200], cls_loss: 0.2022, transfer_loss: -3.9243,person_loss: -1.6116, total_Loss: -1.9211
trian begin
trian end
n_person 360
SAMPLE
F1_MI: 0.4882539682539683 F1_MA: 0.4199521315135693 ACC_MI: 0.4882539682539683 F1_MA: 0.3597911193171903
BEST_F1_MI: 0.5015873015873016 BEST_F1_MA: 0.5135507741546308 BEST_ACC_MI: 0.5015873015873016 BEST_F1_MA: 0.5546445804425215
[[   1  992  536   53]
 [   1  693  105  106]
 [  90  380  228  110]
 [   3   42    0 1385]]
Epoch: [ 8/200], cls_loss: 0.1859, transfer_loss: -3.9291,person_loss: -1.5854, total_Loss: -1.9372
trian begin
trian end
n_person 360
SAMPLE
F1_MI: 0.4086772486772487 F1_MA: 0.35831963969831554 ACC_MI: 0.4086772486772487 F1_MA: 0.3264345912468104
BEST_F1_MI: 0.5015873015873016 BEST_F1_MA: 0.5135507741546308 BEST_ACC_MI: 0.5015873015873016 BEST_F1_MA: 0.5546445804425215
[[   3  419 1106   54]
 [  12  318  465  110]
 [ 328  156  203  121]
 [   0   11   12 1407]]
Epoch: [ 9/200], cls_loss: 0.1766, transfer_loss: -3.9369,person_loss: -1.5620, total_Loss: -1.9480
trian begin
trian end
n_person 360
SAMPLE
F1_MI: 0.36994708994708997 F1_MA: 0.3178825112611937 ACC_MI: 0.36994708994708997 F1_MA: 0.289821017028384
BEST_F1_MI: 0.5015873015873016 BEST_F1_MA: 0.5135507741546308 BEST_ACC_MI: 0.5015873015873016 BEST_F1_MA: 0.5546445804425215
[[   1  192 1337   52]
 [   6  111  681  107]
 [ 253  182  261  112]
 [   0   55    0 1375]]
Epoch: [10/200], cls_loss: 0.1627, transfer_loss: -3.9478,person_loss: -1.5662, total_Loss: -1.9678
trian begin
trian end
n_person 360
SAMPLE
F1_MI: 0.38010582010582006 F1_MA: 0.3016088155531815 ACC_MI: 0.3801058201058201 F1_MA: 0.26237608001344426
BEST_F1_MI: 0.5015873015873016 BEST_F1_MA: 0.5135507741546308 BEST_ACC_MI: 0.5015873015873016 BEST_F1_MA: 0.5546445804425215
[[   0 1084  442   56]
 [   5  365  417  118]
 [ 255  400   27  126]
 [   0   20    6 1404]]
Epoch: [11/200], cls_loss: 0.1452, transfer_loss: -3.9605,person_loss: -1.5940, total_Loss: -1.9944
trian begin
trian end
n_person 360
SAMPLE
F1_MI: 0.4256084656084656 F1_MA: 0.3598426107998637 ACC_MI: 0.4256084656084656 F1_MA: 0.3141658750591647
BEST_F1_MI: 0.5015873015873016 BEST_F1_MA: 0.5135507741546308 BEST_ACC_MI: 0.5015873015873016 BEST_F1_MA: 0.5546445804425215
[[   0 1361  172   49]
 [  10  579  210  106]
 [ 291  332   80  105]
 [   0   72    6 1352]]
Epoch: [12/200], cls_loss: 0.1555, transfer_loss: -3.9280,person_loss: -1.6247, total_Loss: -1.9710
trian begin
trian end
n_person 360
SAMPLE
F1_MI: 0.4704761904761905 F1_MA: 0.4268013485344693 ACC_MI: 0.4704761904761905 F1_MA: 0.38655325019966413
BEST_F1_MI: 0.5015873015873016 BEST_F1_MA: 0.5135507741546308 BEST_ACC_MI: 0.5015873015873016 BEST_F1_MA: 0.5546445804425215
[[   0 1449   78   55]
 [  14  673  103  115]
 [ 352  185  145  126]
 [   0   14   11 1405]]
Epoch: [13/200], cls_loss: 0.1676, transfer_loss: -3.9469,person_loss: -1.6141, total_Loss: -1.9672
trian begin
trian end
n_person 360
SAMPLE
F1_MI: 0.41714285714285715 F1_MA: 0.3521677475810081 ACC_MI: 0.41714285714285715 F1_MA: 0.31053748756751515
BEST_F1_MI: 0.5015873015873016 BEST_F1_MA: 0.5135507741546308 BEST_ACC_MI: 0.5015873015873016 BEST_F1_MA: 0.5546445804425215
[[   2 1205  321   54]
 [  18  415  358  114]
 [ 369  167  149  123]
 [   2   16    7 1405]]
Epoch: [14/200], cls_loss: 0.1276, transfer_loss: -3.9595,person_loss: -1.6592, total_Loss: -2.0181
trian begin
trian end
n_person 360
SAMPLE
F1_MI: 0.47915343915343916 F1_MA: 0.4643767005265039 ACC_MI: 0.47915343915343916 F1_MA: 0.4434821026774862
BEST_F1_MI: 0.5015873015873016 BEST_F1_MA: 0.5135507741546308 BEST_ACC_MI: 0.5015873015873016 BEST_F1_MA: 0.5546445804425215
[[  14 1496   19   53]
 [  16  735   47  107]
 [ 279  289  128  112]
 [   0   25   18 1387]]
Epoch: [15/200], cls_loss: 0.1338, transfer_loss: -3.9446,person_loss: -1.6326, total_Loss: -2.0018
trian begin
trian end
n_person 360
SAMPLE
F1_MI: 0.47534391534391535 F1_MA: 0.4306803050582725 ACC_MI: 0.47534391534391535 F1_MA: 0.3859611929986648
BEST_F1_MI: 0.5015873015873016 BEST_F1_MA: 0.5135507741546308 BEST_ACC_MI: 0.5015873015873016 BEST_F1_MA: 0.5546445804425215
[[   0 1442   87   53]
 [   1  601  193  110]
 [ 147  296  249  116]
 [   0   16   18 1396]]
Epoch: [16/200], cls_loss: 0.1318, transfer_loss: -3.9411,person_loss: -1.6401, total_Loss: -2.0028
trian begin
trian end
n_person 360
SAMPLE
F1_MI: 0.3564021164021164 F1_MA: 0.30220484348869286 ACC_MI: 0.3564021164021164 F1_MA: 0.27301202093334004
BEST_F1_MI: 0.5015873015873016 BEST_F1_MA: 0.5135507741546308 BEST_ACC_MI: 0.5015873015873016 BEST_F1_MA: 0.5546445804425215
[[   1  902  631   48]
 [   7  122  679   97]
 [ 333  135  235  105]
 [   0   25   79 1326]]
Epoch: [17/200], cls_loss: 0.1225, transfer_loss: -3.9581,person_loss: -1.6752, total_Loss: -2.0241
trian begin
trian end
n_person 360
SAMPLE
F1_MI: 0.4342857142857143 F1_MA: 0.3712500988075394 ACC_MI: 0.4342857142857143 F1_MA: 0.3246741315109091
BEST_F1_MI: 0.5015873015873016 BEST_F1_MA: 0.5135507741546308 BEST_ACC_MI: 0.5015873015873016 BEST_F1_MA: 0.5546445804425215
[[   0 1217  313   52]
 [   1  475  323  106]
 [ 173  325  197  113]
 [   0   29   21 1380]]
Epoch: [18/200], cls_loss: 0.1151, transfer_loss: -3.9570,person_loss: -1.6290, total_Loss: -2.0263
trian begin
trian end
n_person 360
SAMPLE
F1_MI: 0.4778835978835979 F1_MA: 0.4292502390701627 ACC_MI: 0.4778835978835979 F1_MA: 0.37840388073959014
BEST_F1_MI: 0.5015873015873016 BEST_F1_MA: 0.5135507741546308 BEST_ACC_MI: 0.5015873015873016 BEST_F1_MA: 0.5546445804425215
[[   2 1296  234   50]
 [   7  606  189  103]
 [  84  323  295  106]
 [   1   22   52 1355]]
Epoch: [19/200], cls_loss: 0.1238, transfer_loss: -3.9439,person_loss: -1.6009, total_Loss: -2.0082
trian begin
trian end
n_person 360
SAMPLE
F1_MI: 0.4742857142857143 F1_MA: 0.44225238239244485 ACC_MI: 0.4742857142857143 F1_MA: 0.40763937564164254
BEST_F1_MI: 0.5015873015873016 BEST_F1_MA: 0.5135507741546308 BEST_ACC_MI: 0.5015873015873016 BEST_F1_MA: 0.5546445804425215
[[   3 1508   17   54]
 [   1  713   83  108]
 [  93  455  143  117]
 [   0    6   42 1382]]
Epoch: [20/200], cls_loss: 0.1214, transfer_loss: -3.9327,person_loss: -1.5798, total_Loss: -2.0030
trian begin
trian end
n_person 360
SAMPLE
F1_MI: 0.44465608465608464 F1_MA: 0.39367063196427504 ACC_MI: 0.44465608465608464 F1_MA: 0.3467959898518339
BEST_F1_MI: 0.5015873015873016 BEST_F1_MA: 0.5135507741546308 BEST_ACC_MI: 0.5015873015873016 BEST_F1_MA: 0.5546445804425215
[[   1 1263  268   50]
 [   8  401  399   97]
 [ 157  194  351  106]
 [   6   15   61 1348]]
Epoch: [21/200], cls_loss: 0.1040, transfer_loss: -3.9575,person_loss: -1.5588, total_Loss: -2.0306
trian begin
trian end
n_person 360
SAMPLE
F1_MI: 0.4816931216931217 F1_MA: 0.42841780719929123 ACC_MI: 0.4816931216931217 F1_MA: 0.3720452133179709
BEST_F1_MI: 0.5015873015873016 BEST_F1_MA: 0.5135507741546308 BEST_ACC_MI: 0.5015873015873016 BEST_F1_MA: 0.5546445804425215
[[   2 1120  408   52]
 [  12  412  372  109]
 [  23  188  485  112]
 [  16   25   12 1377]]
Epoch: [22/200], cls_loss: 0.0974, transfer_loss: -3.9560,person_loss: -1.5987, total_Loss: -2.0405
trian begin
trian end
n_person 360
SAMPLE
F1_MI: 0.48423280423280424 F1_MA: 0.46457492182936155 ACC_MI: 0.48423280423280424 F1_MA: 0.42765057208716917
BEST_F1_MI: 0.5015873015873016 BEST_F1_MA: 0.5135507741546308 BEST_ACC_MI: 0.5015873015873016 BEST_F1_MA: 0.5546445804425215
[[   0 1498   25   59]
 [   6  710   89  100]
 [ 260  178  271   99]
 [   3   40   80 1307]]
Epoch: [23/200], cls_loss: 0.1174, transfer_loss: -3.9577,person_loss: -1.5876, total_Loss: -2.0203
trian begin
trian end
n_person 360
SAMPLE
F1_MI: 0.4071957671957672 F1_MA: 0.34511637525426014 ACC_MI: 0.4071957671957672 F1_MA: 0.3001023578685136
BEST_F1_MI: 0.5015873015873016 BEST_F1_MA: 0.5135507741546308 BEST_ACC_MI: 0.5015873015873016 BEST_F1_MA: 0.5546445804425215
[[   0  921  609   52]
 [   7  156  632  110]
 [ 192  104  400  112]
 [   0   11   51 1368]]
Epoch: [24/200], cls_loss: 0.1145, transfer_loss: -3.9645,person_loss: -1.5655, total_Loss: -2.0243
trian begin
trian end
n_person 360
SAMPLE
F1_MI: 0.4048677248677249 F1_MA: 0.37211421237712256 ACC_MI: 0.4048677248677249 F1_MA: 0.35873694533604333
BEST_F1_MI: 0.5015873015873016 BEST_F1_MA: 0.5135507741546308 BEST_ACC_MI: 0.5015873015873016 BEST_F1_MA: 0.5546445804425215
[[  37 1260  232   53]
 [  43  391  359  112]
 [  43  551   97  117]
 [   5   30    7 1388]]
Epoch: [25/200], cls_loss: 0.0968, transfer_loss: -3.9661,person_loss: -1.6188, total_Loss: -2.0481
trian begin
trian end
n_person 360
SAMPLE
F1_MI: 0.4135449735449735 F1_MA: 0.3562086805815416 ACC_MI: 0.41354497354497355 F1_MA: 0.3114510458591747
BEST_F1_MI: 0.5015873015873016 BEST_F1_MA: 0.5135507741546308 BEST_ACC_MI: 0.5015873015873016 BEST_F1_MA: 0.5546445804425215
[[   2  864  666   50]
 [   8  191  606  100]
 [  81  211  409  107]
 [   7   39   32 1352]]
Epoch: [26/200], cls_loss: 0.1034, transfer_loss: -3.9616,person_loss: -1.6106, total_Loss: -2.0384
trian begin
trian end
n_person 360
SAMPLE
F1_MI: 0.42455026455026457 F1_MA: 0.37604575577329785 ACC_MI: 0.42455026455026457 F1_MA: 0.3325403304047525
BEST_F1_MI: 0.5015873015873016 BEST_F1_MA: 0.5135507741546308 BEST_ACC_MI: 0.5015873015873016 BEST_F1_MA: 0.5546445804425215
[[   3 1067  466   46]
 [   9  291  510   95]
 [  51  269  390   98]
 [  33   30   45 1322]]
Epoch: [27/200], cls_loss: 0.0968, transfer_loss: -3.9589,person_loss: -1.5710, total_Loss: -2.0398
trian begin
trian end
n_person 360
SAMPLE
F1_MI: 0.40656084656084657 F1_MA: 0.34261766888501155 ACC_MI: 0.40656084656084657 F1_MA: 0.3002611805589614
BEST_F1_MI: 0.5015873015873016 BEST_F1_MA: 0.5135507741546308 BEST_ACC_MI: 0.5015873015873016 BEST_F1_MA: 0.5546445804425215
[[   1  911  618   52]
 [   1  237  558  109]
 [ 104  299  290  115]
 [   0   14   23 1393]]
Epoch: [28/200], cls_loss: 0.0966, transfer_loss: -3.9558,person_loss: -1.6376, total_Loss: -2.0450
trian begin
trian end
n_person 360
SAMPLE
F1_MI: 0.44 F1_MA: 0.3807111626425709 ACC_MI: 0.44 F1_MA: 0.3283960042237188
BEST_F1_MI: 0.5015873015873016 BEST_F1_MA: 0.5135507741546308 BEST_ACC_MI: 0.5015873015873016 BEST_F1_MA: 0.5546445804425215
[[   0  993  540   49]
 [   2  271  534   98]
 [  53  190  460  105]
 [   0    1   81 1348]]
Epoch: [29/200], cls_loss: 0.0937, transfer_loss: -3.9421,person_loss: -1.6298, total_Loss: -2.0404
trian begin
trian end
n_person 360
SAMPLE
F1_MI: 0.4103703703703704 F1_MA: 0.36214201856819705 ACC_MI: 0.4103703703703704 F1_MA: 0.3237552803527017
BEST_F1_MI: 0.5015873015873016 BEST_F1_MA: 0.5135507741546308 BEST_ACC_MI: 0.5015873015873016 BEST_F1_MA: 0.5546445804425215
[[   2 1065  468   47]
 [ 180  287  343   95]
 [ 175  214  318  101]
 [   0   13   85 1332]]
Epoch: [30/200], cls_loss: 0.0901, transfer_loss: -3.9415,person_loss: -1.5826, total_Loss: -2.0390
trian begin
trian end
n_person 360
SAMPLE
F1_MI: 0.46730158730158733 F1_MA: 0.4055477221465335 ACC_MI: 0.46730158730158733 F1_MA: 0.3497371266831367
BEST_F1_MI: 0.5015873015873016 BEST_F1_MA: 0.5135507741546308 BEST_ACC_MI: 0.5015873015873016 BEST_F1_MA: 0.5546445804425215
[[   0 1084  446   52]
 [   1  441  355  108]
 [  64  244  385  115]
 [   1   28   19 1382]]
Epoch: [31/200], cls_loss: 0.0880, transfer_loss: -3.9676,person_loss: -1.6087, total_Loss: -2.0567
trian begin
trian end
n_person 360
SAMPLE
F1_MI: 0.4074074074074074 F1_MA: 0.34265400480686614 ACC_MI: 0.4074074074074074 F1_MA: 0.2960996898356656
BEST_F1_MI: 0.5015873015873016 BEST_F1_MA: 0.5135507741546308 BEST_ACC_MI: 0.5015873015873016 BEST_F1_MA: 0.5546445804425215
[[   0  902  627   53]
 [  54  120  622  109]
 [  97  169  430  112]
 [   0   29   26 1375]]
Epoch: [32/200], cls_loss: 0.0954, transfer_loss: -3.9678,person_loss: -1.6144, total_Loss: -2.0500
trian begin
trian end
n_person 360
SAMPLE
F1_MI: 0.44211640211640213 F1_MA: 0.3769252302880939 ACC_MI: 0.44211640211640213 F1_MA: 0.32567290554667516
BEST_F1_MI: 0.5015873015873016 BEST_F1_MA: 0.5135507741546308 BEST_ACC_MI: 0.5015873015873016 BEST_F1_MA: 0.5546445804425215
[[   0  988  541   53]
 [   6  316  471  112]
 [ 106  208  372  122]
 [   0    9   20 1401]]
Epoch: [33/200], cls_loss: 0.0800, transfer_loss: -3.9601,person_loss: -1.6531, total_Loss: -2.0654
trian begin
trian end
n_person 360
SAMPLE
F1_MI: 0.37544973544973537 F1_MA: 0.3103180585664468 ACC_MI: 0.3754497354497354 F1_MA: 0.27221636764629165
BEST_F1_MI: 0.5015873015873016 BEST_F1_MA: 0.5135507741546308 BEST_ACC_MI: 0.5015873015873016 BEST_F1_MA: 0.5546445804425215
[[   0  617  911   54]
 [   5   95  697  108]
 [ 184  202  305  117]
 [   0   42   14 1374]]
Epoch: [34/200], cls_loss: 0.0799, transfer_loss: -3.9487,person_loss: -1.6470, total_Loss: -2.0591
trian begin
trian end
n_person 360
SAMPLE
F1_MI: 0.38857142857142857 F1_MA: 0.3231469992674582 ACC_MI: 0.38857142857142857 F1_MA: 0.2822129415100959
BEST_F1_MI: 0.5015873015873016 BEST_F1_MA: 0.5135507741546308 BEST_ACC_MI: 0.5015873015873016 BEST_F1_MA: 0.5546445804425215
[[   0  729  801   52]
 [   3  132  660  110]
 [ 150  213  324  121]
 [   0   35   15 1380]]
Epoch: [35/200], cls_loss: 0.0820, transfer_loss: -3.9542,person_loss: -1.6030, total_Loss: -2.0554
trian begin
trian end
n_person 360
SAMPLE
F1_MI: 0.4630687830687831 F1_MA: 0.3992791273251196 ACC_MI: 0.4630687830687831 F1_MA: 0.34606427180093047
BEST_F1_MI: 0.5015873015873016 BEST_F1_MA: 0.5135507741546308 BEST_ACC_MI: 0.5015873015873016 BEST_F1_MA: 0.5546445804425215
[[   0 1223  302   57]
 [   3  464  316  122]
 [  67  294  314  133]
 [   0    6   14 1410]]
Epoch: [36/200], cls_loss: 0.0754, transfer_loss: -3.9495,person_loss: -1.6662, total_Loss: -2.0660
trian begin
trian end
n_person 360
SAMPLE
F1_MI: 0.411005291005291 F1_MA: 0.35423294305061764 ACC_MI: 0.411005291005291 F1_MA: 0.31352067010847007
BEST_F1_MI: 0.5015873015873016 BEST_F1_MA: 0.5135507741546308 BEST_ACC_MI: 0.5015873015873016 BEST_F1_MA: 0.5546445804425215
[[   1 1161  370   50]
 [   7  299  492  107]
 [ 188  232  277  111]
 [   1   61    3 1365]]
Epoch: [37/200], cls_loss: 0.0751, transfer_loss: -3.9485,person_loss: -1.6854, total_Loss: -2.0677
trian begin
trian end
n_person 360
SAMPLE
F1_MI: 0.4258201058201058 F1_MA: 0.3620657489159023 ACC_MI: 0.4258201058201058 F1_MA: 0.3134834394392296
BEST_F1_MI: 0.5015873015873016 BEST_F1_MA: 0.5135507741546308 BEST_ACC_MI: 0.5015873015873016 BEST_F1_MA: 0.5546445804425215
[[   0 1059  470   53]
 [   3  227  566  109]
 [  68  226  399  115]
 [   0    7   37 1386]]
Epoch: [38/200], cls_loss: 0.0667, transfer_loss: -3.9659,person_loss: -1.6606, total_Loss: -2.0823
trian begin
trian end
n_person 360
SAMPLE
F1_MI: 0.38201058201058197 F1_MA: 0.3118210087106259 ACC_MI: 0.382010582010582 F1_MA: 0.2693839987764969
BEST_F1_MI: 0.5015873015873016 BEST_F1_MA: 0.5135507741546308 BEST_ACC_MI: 0.5015873015873016 BEST_F1_MA: 0.5546445804425215
[[   0  430 1099   53]
 [   2   63  729  111]
 [ 101  233  358  116]
 [   0   33   13 1384]]
Epoch: [39/200], cls_loss: 0.0605, transfer_loss: -3.9597,person_loss: -1.6688, total_Loss: -2.0862
trian begin
trian end
n_person 360
SAMPLE
F1_MI: 0.4273015873015873 F1_MA: 0.3680286456800911 ACC_MI: 0.4273015873015873 F1_MA: 0.3211407069917885
BEST_F1_MI: 0.5015873015873016 BEST_F1_MA: 0.5135507741546308 BEST_ACC_MI: 0.5015873015873016 BEST_F1_MA: 0.5546445804425215
[[   2  921  607   52]
 [  44  253  501  107]
 [  83  226  389  110]
 [   8   24   23 1375]]
Epoch: [40/200], cls_loss: 0.0680, transfer_loss: -3.9659,person_loss: -1.6459, total_Loss: -2.0796
trian begin
trian end
n_person 360
SAMPLE
F1_MI: 0.4004232804232804 F1_MA: 0.3410945520716106 ACC_MI: 0.4004232804232804 F1_MA: 0.30253033379485145
BEST_F1_MI: 0.5015873015873016 BEST_F1_MA: 0.5135507741546308 BEST_ACC_MI: 0.5015873015873016 BEST_F1_MA: 0.5546445804425215
[[   9  845  674   54]
 [  34  174  586  111]
 [ 253  118  317  120]
 [  15    3   20 1392]]
Epoch: [41/200], cls_loss: 0.0572, transfer_loss: -3.9692,person_loss: -1.6561, total_Loss: -2.0930
trian begin
trian end
n_person 360
SAMPLE
F1_MI: 0.40465608465608466 F1_MA: 0.34665990288604015 ACC_MI: 0.40465608465608466 F1_MA: 0.30772801850090875
BEST_F1_MI: 0.5015873015873016 BEST_F1_MA: 0.5135507741546308 BEST_ACC_MI: 0.5015873015873016 BEST_F1_MA: 0.5546445804425215
[[   7  928  594   53]
 [  10  223  561  111]
 [ 167  229  298  114]
 [  11   20   15 1384]]
Epoch: [42/200], cls_loss: 0.0659, transfer_loss: -3.9606,person_loss: -1.6966, total_Loss: -2.0840
trian begin
trian end
n_person 360
SAMPLE
F1_MI: 0.41164021164021164 F1_MA: 0.34920801171598215 ACC_MI: 0.41164021164021164 F1_MA: 0.303192952878372
BEST_F1_MI: 0.5015873015873016 BEST_F1_MA: 0.5135507741546308 BEST_ACC_MI: 0.5015873015873016 BEST_F1_MA: 0.5546445804425215
[[   2  762  766   52]
 [   2  119  675  109]
 [  34  216  443  115]
 [  12   11   26 1381]]
Epoch: [43/200], cls_loss: 0.0539, transfer_loss: -3.9609,person_loss: -1.7151, total_Loss: -2.0981
trian begin
trian end
n_person 360
SAMPLE
F1_MI: 0.44126984126984126 F1_MA: 0.389040070168025 ACC_MI: 0.44126984126984126 F1_MA: 0.34340845812764187
BEST_F1_MI: 0.5015873015873016 BEST_F1_MA: 0.5135507741546308 BEST_ACC_MI: 0.5015873015873016 BEST_F1_MA: 0.5546445804425215
[[   1 1256  275   50]
 [   7  453  345  100]
 [ 220  200  284  104]
 [   6    7   70 1347]]
Epoch: [44/200], cls_loss: 0.0504, transfer_loss: -3.9505,person_loss: -1.6752, total_Loss: -2.0923
trian begin
trian end
n_person 360
SAMPLE
F1_MI: 0.4273015873015873 F1_MA: 0.3718053253555295 ACC_MI: 0.4273015873015873 F1_MA: 0.3285975040139061
BEST_F1_MI: 0.5015873015873016 BEST_F1_MA: 0.5135507741546308 BEST_ACC_MI: 0.5015873015873016 BEST_F1_MA: 0.5546445804425215
[[   0 1309  226   47]
 [  12  547  251   95]
 [ 370  188  146  104]
 [   0   16   88 1326]]
Epoch: [45/200], cls_loss: 0.0493, transfer_loss: -3.9670,person_loss: -1.6445, total_Loss: -2.0987
trian begin
trian end
n_person 360
SAMPLE
F1_MI: 0.36529100529100533 F1_MA: 0.2975131462666395 ACC_MI: 0.3652910052910053 F1_MA: 0.26320014096753575
BEST_F1_MI: 0.5015873015873016 BEST_F1_MA: 0.5135507741546308 BEST_ACC_MI: 0.5015873015873016 BEST_F1_MA: 0.5546445804425215
[[   0  751  777   54]
 [   3  122  667  113]
 [ 149  328  208  123]
 [   0   15   19 1396]]
Epoch: [46/200], cls_loss: 0.0485, transfer_loss: -3.9608,person_loss: -1.6799, total_Loss: -2.0999
trian begin
trian end
n_person 360
SAMPLE
F1_MI: 0.40084656084656084 F1_MA: 0.3323861445977708 ACC_MI: 0.40084656084656084 F1_MA: 0.28927864736778375
BEST_F1_MI: 0.5015873015873016 BEST_F1_MA: 0.5135507741546308 BEST_ACC_MI: 0.5015873015873016 BEST_F1_MA: 0.5546445804425215
[[   0  816  709   57]
 [   5  183  601  116]
 [ 152  218  304  134]
 [   2    9   12 1407]]
Epoch: [47/200], cls_loss: 0.0519, transfer_loss: -3.9530,person_loss: -1.7195, total_Loss: -2.0966
trian begin
trian end
n_person 360
SAMPLE
F1_MI: 0.4577777777777778 F1_MA: 0.40034382978899796 ACC_MI: 0.4577777777777778 F1_MA: 0.35014790287086967
BEST_F1_MI: 0.5015873015873016 BEST_F1_MA: 0.5135507741546308 BEST_ACC_MI: 0.5015873015873016 BEST_F1_MA: 0.5546445804425215
[[   4 1203  320   55]
 [  13  348  425  119]
 [ 160  117  401  130]
 [   8    8    4 1410]]
Epoch: [48/200], cls_loss: 0.0619, transfer_loss: -3.9382,person_loss: -1.6658, total_Loss: -2.0738
trian begin
trian end
n_person 360
SAMPLE
F1_MI: 0.3951322751322751 F1_MA: 0.33387730937407994 ACC_MI: 0.3951322751322751 F1_MA: 0.2922693236896063
BEST_F1_MI: 0.5015873015873016 BEST_F1_MA: 0.5135507741546308 BEST_ACC_MI: 0.5015873015873016 BEST_F1_MA: 0.5546445804425215
[[   1  851  679   51]
 [   3  140  659  103]
 [ 158  177  362  111]
 [   8    6   52 1364]]
Epoch: [49/200], cls_loss: 0.0522, transfer_loss: -3.9583,person_loss: -1.6947, total_Loss: -2.0964
trian begin
trian end
n_person 360
SAMPLE
F1_MI: 0.42264550264550266 F1_MA: 0.3633469855790832 ACC_MI: 0.42264550264550266 F1_MA: 0.3185547480672623
BEST_F1_MI: 0.5015873015873016 BEST_F1_MA: 0.5135507741546308 BEST_ACC_MI: 0.5015873015873016 BEST_F1_MA: 0.5546445804425215
[[   0 1177  352   53]
 [   5  254  535  111]
 [ 227  105  356  120]
 [   3   12   28 1387]]
Epoch: [50/200], cls_loss: 0.0492, transfer_loss: -3.9574,person_loss: -1.6860, total_Loss: -2.0981
trian begin
trian end
n_person 360
SAMPLE
F1_MI: 0.4182010582010582 F1_MA: 0.36318457164602047 ACC_MI: 0.4182010582010582 F1_MA: 0.31787781262415965
BEST_F1_MI: 0.5015873015873016 BEST_F1_MA: 0.5135507741546308 BEST_ACC_MI: 0.5015873015873016 BEST_F1_MA: 0.5546445804425215
[[   0 1140  393   49]
 [   2  226  578   99]
 [ 135  158  410  105]
 [   4   26   60 1340]]
Epoch: [51/200], cls_loss: 0.0431, transfer_loss: -3.9489,person_loss: -1.6739, total_Loss: -2.0987
trian begin
trian end
n_person 360
SAMPLE
F1_MI: 0.428994708994709 F1_MA: 0.37025211998644697 ACC_MI: 0.428994708994709 F1_MA: 0.32658485770772905
BEST_F1_MI: 0.5015873015873016 BEST_F1_MA: 0.5135507741546308 BEST_ACC_MI: 0.5015873015873016 BEST_F1_MA: 0.5546445804425215
[[   0 1280  248   54]
 [   7  387  397  114]
 [ 203  231  251  123]
 [  18   13   10 1389]]
Epoch: [52/200], cls_loss: 0.0388, transfer_loss: -3.9498,person_loss: -1.6739, total_Loss: -2.1035
trian begin
trian end
n_person 360
SAMPLE
F1_MI: 0.40973544973544973 F1_MA: 0.35127007118606807 ACC_MI: 0.40973544973544973 F1_MA: 0.3081092212567089
BEST_F1_MI: 0.5015873015873016 BEST_F1_MA: 0.5135507741546308 BEST_ACC_MI: 0.5015873015873016 BEST_F1_MA: 0.5546445804425215
[[   0 1151  377   54]
 [   2  242  551  110]
 [ 111  247  338  112]
 [   5    8   61 1356]]
Epoch: [53/200], cls_loss: 0.0480, transfer_loss: -3.9603,person_loss: -1.7007, total_Loss: -2.1022
trian begin
trian end
n_person 360
SAMPLE
F1_MI: 0.39153439153439157 F1_MA: 0.33249357805844215 ACC_MI: 0.3915343915343915 F1_MA: 0.2947117946461201
BEST_F1_MI: 0.5015873015873016 BEST_F1_MA: 0.5135507741546308 BEST_ACC_MI: 0.5015873015873016 BEST_F1_MA: 0.5546445804425215
[[   5  831  695   51]
 [   5  153  638  109]
 [ 144  237  316  111]
 [   5   41    8 1376]]
Epoch: [54/200], cls_loss: 0.0418, transfer_loss: -3.9721,person_loss: -1.6612, total_Loss: -2.1104
trian begin
trian end
n_person 360
SAMPLE
F1_MI: 0.4131216931216931 F1_MA: 0.3470243246360469 ACC_MI: 0.4131216931216931 F1_MA: 0.30112329036984514
BEST_F1_MI: 0.5015873015873016 BEST_F1_MA: 0.5135507741546308 BEST_ACC_MI: 0.5015873015873016 BEST_F1_MA: 0.5546445804425215
[[   0  846  681   55]
 [   8  164  618  115]
 [ 243   56  383  126]
 [   3   10   12 1405]]
Epoch: [55/200], cls_loss: 0.0509, transfer_loss: -3.9565,person_loss: -1.6951, total_Loss: -2.0968
trian begin
trian end
n_person 360
SAMPLE
F1_MI: 0.4397883597883598 F1_MA: 0.39069144204851863 ACC_MI: 0.4397883597883598 F1_MA: 0.350299364812962
BEST_F1_MI: 0.5015873015873016 BEST_F1_MA: 0.5135507741546308 BEST_ACC_MI: 0.5015873015873016 BEST_F1_MA: 0.5546445804425215
[[   3 1424  103   52]
 [  10  453  334  108]
 [ 182  271  241  114]
 [  16    7   26 1381]]
Epoch: [56/200], cls_loss: 0.0432, transfer_loss: -3.9409,person_loss: -1.6792, total_Loss: -2.0951
trian begin
trian end
n_person 360
SAMPLE
F1_MI: 0.44931216931216933 F1_MA: 0.3930701211691472 ACC_MI: 0.44931216931216933 F1_MA: 0.343190344569469
BEST_F1_MI: 0.5015873015873016 BEST_F1_MA: 0.5135507741546308 BEST_ACC_MI: 0.5015873015873016 BEST_F1_MA: 0.5546445804425215
[[   0 1252  278   52]
 [   8  359  430  108]
 [  92  216  389  111]
 [   9    3   43 1375]]
Epoch: [57/200], cls_loss: 0.0364, transfer_loss: -3.9742,person_loss: -1.6556, total_Loss: -2.1163
[[  24 1502    1   55]
 [   9  776    0  120]
 [ 135  504   39  130]
 [   0   12    0 1418]]
[[  24 1502    1   55]
 [   9  776    0  120]
 [ 135  504   39  130]
 [   0   12    0 1418]]
WHAT: True
SVAE_RESULT
{'best_f1': 0.5135507741546308, 'best_matrix': [[24, 1502, 1, 55], [9, 776, 0, 120], [135, 504, 39, 130], [0, 12, 0, 1418]], 'args': 0.1}
{"best_f1": 0.5135507741546308, "best_matrix": [[24, 1502, 1, 55], [9, 776, 0, 120], [135, 504, 39, 130], [0, 12, 0, 1418]], "args": 0.1}
ARG: Namespace(backbone='resnet50', batch_size=32, config='BNM/BNM.yaml', data_dir='data', device=device(type='cuda'), early_stop=50, epoch_based_training=False, lr=0.003, lr_decay=0.75, lr_gamma=0.0003, lr_scheduler=True, max_iter=29400, method='True', momentum=0.9, myweight=0.1, n_class=4, n_epoch=200, n_iter_per_epoch=147, num_workers=3, seed=2, src_domain='WISDM', tgt_domain='PAMAP2', tname='transfer', transfer_loss='bnm', transfer_loss_weight=0.5, use_bottleneck=True, weight_decay=0.0005)
