adv 2 WISDM PAMAP2 DANN/DANN.yaml False
Namespace(backbone='resnet50', batch_size=32, config='DANN/DANN.yaml', data_dir='data', device=device(type='cuda'), early_stop=50, epoch_based_training=False, lr=0.003, lr_decay=0.75, lr_gamma=0.0003, lr_scheduler=True, method='False', momentum=0.9, myweight=0.1, n_epoch=200, n_iter_per_epoch=100, num_workers=3, seed=2, src_domain='WISDM', tgt_domain='PAMAP2', tname='transfer', transfer_loss='adv', transfer_loss_weight=0.5, use_bottleneck=True, weight_decay=0.0005)
JUST DO IT
run my Parkinson code
transfer
TRAIN Length: 13609 322 TEST Length: 4725 360
YYY: 0 3
DATA_PROFILE   train: 13609 train2: 4725 test: 4725
DATASET.SHAPE: <data_loader.GetTrainLoader object at 0x7f8d26dfde10> True
DATASET.SHAPE: <data_loader.GetTrainLoader object at 0x7f8d26950160> True
DATASET.SHAPE: <data_loader.GetTestLoader object at 0x7f8d1ea55eb8> False
CLASS: 4 360
LLL: {}
BOTTLENECK_LIST: [Linear(in_features=512, out_features=256, bias=True), ReLU()]
TYPE: {'loss_type': 'adv', 'max_iter': 29400, 'num_class': 4, 'my_person_item': <my_person_item.PersonItem object at 0x7f8de0242080>}
initial_lr 1.0
transfer_world
method False <class 'str'>
1.10.1+cu102
True
LEN: 0 0
LOADER: <data_loader.InfiniteDataLoader object at 0x7f8d269506a0> <data_loader.InfiniteDataLoader object at 0x7f8d1ea55dd8>
N_batch: 147
trian begin
trian end
n_person 360
SAMPLE
F1_MI: 0.46835978835978836 F1_MA: 0.49893024963696275 ACC_MI: 0.46835978835978836 F1_MA: 0.5610745433553304
BEST_F1_MI: 0.46835978835978836 BEST_F1_MA: 0.49893024963696275 BEST_ACC_MI: 0.46835978835978836 BEST_F1_MA: 0.5610745433553304
[[ 208 1322    0   52]
 [ 159  646    0  100]
 [  53  651    2  102]
 [   0   72    1 1357]]
Epoch: [ 1/200], cls_loss: 0.6710, transfer_loss: 0.6612,person_loss: 0.0000, total_Loss: 1.0016
trian begin
trian end
n_person 360
SAMPLE
F1_MI: 0.5085714285714286 F1_MA: 0.5500985733623088 ACC_MI: 0.5085714285714286 F1_MA: 0.6031997259395552
BEST_F1_MI: 0.5085714285714286 BEST_F1_MA: 0.5500985733623088 BEST_ACC_MI: 0.5085714285714286 BEST_F1_MA: 0.6031997259395552
[[ 347    0 1183   52]
 [ 173    2  628  102]
 [  23    1  677  107]
 [   0    0   53 1377]]
Epoch: [ 2/200], cls_loss: 0.3889, transfer_loss: 0.5552,person_loss: 0.0000, total_Loss: 0.6665
trian begin
trian end
n_person 360
SAMPLE
F1_MI: 0.5216931216931217 F1_MA: 0.48010526605817583 ACC_MI: 0.5216931216931217 F1_MA: 0.477945352695783
BEST_F1_MI: 0.5216931216931217 BEST_F1_MA: 0.5500985733623088 BEST_ACC_MI: 0.5216931216931217 BEST_F1_MA: 0.6031997259395552
[[ 523  689  318   52]
 [ 211  492   97  105]
 [  79  543   76  110]
 [   0   56    0 1374]]
Epoch: [ 3/200], cls_loss: 0.3309, transfer_loss: 0.5537,person_loss: 0.0000, total_Loss: 0.6077
trian begin
trian end
n_person 360
SAMPLE
F1_MI: 0.44931216931216933 F1_MA: 0.38053334159345525 ACC_MI: 0.44931216931216933 F1_MA: 0.3304361513768643
BEST_F1_MI: 0.5216931216931217 BEST_F1_MA: 0.5500985733623088 BEST_ACC_MI: 0.5216931216931217 BEST_F1_MA: 0.6031997259395552
[[  10 1510   15   47]
 [  32  762   14   97]
 [  10  695    2  101]
 [   9   70    2 1349]]
Epoch: [ 4/200], cls_loss: 0.3235, transfer_loss: 0.5178,person_loss: 0.0000, total_Loss: 0.5824
trian begin
trian end
n_person 360
SAMPLE
F1_MI: 0.48592592592592593 F1_MA: 0.5472454296890868 ACC_MI: 0.48592592592592593 F1_MA: 0.606967530392157
BEST_F1_MI: 0.5216931216931217 BEST_F1_MA: 0.5500985733623088 BEST_ACC_MI: 0.5216931216931217 BEST_F1_MA: 0.606967530392157
[[  42 1413   79   48]
 [   5  752   51   97]
 [   6  546  158   98]
 [   0   69   17 1344]]
Epoch: [ 5/200], cls_loss: 0.3206, transfer_loss: 0.5328,person_loss: 0.0000, total_Loss: 0.5870
trian begin
trian end
n_person 360
SAMPLE
F1_MI: 0.6825396825396826 F1_MA: 0.6310542960345426 ACC_MI: 0.6825396825396826 F1_MA: 0.6596717596290553
BEST_F1_MI: 0.6825396825396826 BEST_F1_MA: 0.6310542960345426 BEST_ACC_MI: 0.6825396825396826 BEST_F1_MA: 0.6596717596290553
[[1295  229    6   52]
 [ 434  299   66  106]
 [ 185  270  241  112]
 [   0   39    1 1390]]
Epoch: [ 6/200], cls_loss: 0.2553, transfer_loss: 0.5453,person_loss: 0.0000, total_Loss: 0.5280
trian begin
trian end
n_person 360
SAMPLE
F1_MI: 0.4850793650793651 F1_MA: 0.5158375209472389 ACC_MI: 0.48507936507936505 F1_MA: 0.5418238830552607
BEST_F1_MI: 0.6825396825396826 BEST_F1_MA: 0.6310542960345426 BEST_ACC_MI: 0.6825396825396826 BEST_F1_MA: 0.6596717596290553
[[  97 1431    4   50]
 [ 122  620   63  100]
 [  45  435  225  103]
 [   2   56   22 1350]]
Epoch: [ 7/200], cls_loss: 0.1974, transfer_loss: 0.5513,person_loss: 0.0000, total_Loss: 0.4731
trian begin
trian end
n_person 360
SAMPLE
F1_MI: 0.6459259259259259 F1_MA: 0.6088484930447734 ACC_MI: 0.6459259259259259 F1_MA: 0.622659481364726
BEST_F1_MI: 0.6825396825396826 BEST_F1_MA: 0.6310542960345426 BEST_ACC_MI: 0.6825396825396826 BEST_F1_MA: 0.6596717596290553
[[1038  480   15   49]
 [ 307  354  145   99]
 [ 127  261  324   96]
 [  13   58   23 1336]]
Epoch: [ 8/200], cls_loss: 0.1979, transfer_loss: 0.5102,person_loss: 0.0000, total_Loss: 0.4531
trian begin
trian end
n_person 360
SAMPLE
F1_MI: 0.6300529100529101 F1_MA: 0.5834821793288819 ACC_MI: 0.6300529100529101 F1_MA: 0.6070847049530044
BEST_F1_MI: 0.6825396825396826 BEST_F1_MA: 0.6310542960345426 BEST_ACC_MI: 0.6825396825396826 BEST_F1_MA: 0.6596717596290553
[[1098  431    2   51]
 [ 419  312   72  102]
 [ 202  294  208  104]
 [   1   36   34 1359]]
Epoch: [ 9/200], cls_loss: 0.1722, transfer_loss: 0.4937,person_loss: 0.0000, total_Loss: 0.4191
trian begin
trian end
n_person 360
SAMPLE
F1_MI: 0.5384126984126985 F1_MA: 0.5041689278001635 ACC_MI: 0.5384126984126985 F1_MA: 0.509944080863786
BEST_F1_MI: 0.6825396825396826 BEST_F1_MA: 0.6310542960345426 BEST_ACC_MI: 0.6825396825396826 BEST_F1_MA: 0.6596717596290553
[[ 644  781  108   49]
 [ 203  321  284   97]
 [ 215  254  238  101]
 [  23   62    4 1341]]
Epoch: [10/200], cls_loss: 0.1360, transfer_loss: 0.6471,person_loss: 0.0000, total_Loss: 0.4595
trian begin
trian end
n_person 360
SAMPLE
F1_MI: 0.49756613756613755 F1_MA: 0.523578659571169 ACC_MI: 0.49756613756613755 F1_MA: 0.5483965508576394
BEST_F1_MI: 0.6825396825396826 BEST_F1_MA: 0.6310542960345426 BEST_ACC_MI: 0.6825396825396826 BEST_F1_MA: 0.6596717596290553
[[ 245 1239   52   46]
 [ 115  432  269   89]
 [  44  296  373   95]
 [   3  123    3 1301]]
Epoch: [11/200], cls_loss: 0.1549, transfer_loss: 0.5662,person_loss: 0.0000, total_Loss: 0.4380
trian begin
trian end
n_person 360
SAMPLE
F1_MI: 0.6827513227513228 F1_MA: 0.5909778859188908 ACC_MI: 0.6827513227513228 F1_MA: 0.5808979923897107
BEST_F1_MI: 0.6827513227513228 BEST_F1_MA: 0.6310542960345426 BEST_ACC_MI: 0.6827513227513228 BEST_F1_MA: 0.6596717596290553
[[1401   92   38   51]
 [ 531   61  215   98]
 [ 245   52  407  104]
 [   1   38   34 1357]]
Epoch: [12/200], cls_loss: 0.1475, transfer_loss: 0.4647,person_loss: 0.0000, total_Loss: 0.3798
trian begin
trian end
n_person 360
SAMPLE
F1_MI: 0.49777777777777776 F1_MA: 0.5330776050606826 ACC_MI: 0.49777777777777776 F1_MA: 0.5795910966095736
BEST_F1_MI: 0.6827513227513228 BEST_F1_MA: 0.6310542960345426 BEST_ACC_MI: 0.6827513227513228 BEST_F1_MA: 0.6596717596290553
[[ 201 1330    1   50]
 [ 198  562   43  102]
 [  56  433  213  106]
 [  26   25    3 1376]]
Epoch: [13/200], cls_loss: 0.1345, transfer_loss: 0.6302,person_loss: 0.0000, total_Loss: 0.4495
trian begin
trian end
n_person 360
SAMPLE
F1_MI: 0.45714285714285713 F1_MA: 0.4365848222049783 ACC_MI: 0.45714285714285713 F1_MA: 0.42955982571951745
BEST_F1_MI: 0.6827513227513228 BEST_F1_MA: 0.6310542960345426 BEST_ACC_MI: 0.6827513227513228 BEST_F1_MA: 0.6596717596290553
[[ 263  805  464   50]
 [ 210  106  494   95]
 [  64  195  445  104]
 [  19   19   46 1346]]
Epoch: [14/200], cls_loss: 0.1239, transfer_loss: 0.5620,person_loss: 0.0000, total_Loss: 0.4049
trian begin
trian end
n_person 360
SAMPLE
F1_MI: 0.46835978835978836 F1_MA: 0.45956087657983014 ACC_MI: 0.46835978835978836 F1_MA: 0.44331393147740955
BEST_F1_MI: 0.6827513227513228 BEST_F1_MA: 0.6310542960345426 BEST_ACC_MI: 0.6827513227513228 BEST_F1_MA: 0.6596717596290553
[[  78 1261  192   51]
 [  59  387  361   98]
 [  84  232  388  104]
 [  22   36   12 1360]]
Epoch: [15/200], cls_loss: 0.1163, transfer_loss: 0.6001,person_loss: 0.0000, total_Loss: 0.4164
trian begin
trian end
n_person 360
SAMPLE
F1_MI: 0.46835978835978836 F1_MA: 0.46421874492835136 ACC_MI: 0.46835978835978836 F1_MA: 0.45858859938656915
BEST_F1_MI: 0.6827513227513228 BEST_F1_MA: 0.6310542960345426 BEST_ACC_MI: 0.6827513227513228 BEST_F1_MA: 0.6596717596290553
[[ 106 1316  108   52]
 [  86  407  306  106]
 [  78  296  324  110]
 [  18   20   16 1376]]
Epoch: [16/200], cls_loss: 0.1216, transfer_loss: 0.5865,person_loss: 0.0000, total_Loss: 0.4148
trian begin
trian end
n_person 360
SAMPLE
F1_MI: 0.4653968253968254 F1_MA: 0.4527744232826996 ACC_MI: 0.4653968253968254 F1_MA: 0.44985856911721167
BEST_F1_MI: 0.6827513227513228 BEST_F1_MA: 0.6310542960345426 BEST_ACC_MI: 0.6827513227513228 BEST_F1_MA: 0.6596717596290553
[[ 227 1074  231   50]
 [ 140  219  448   98]
 [ 113  199  393  103]
 [  20   19   31 1360]]
Epoch: [17/200], cls_loss: 0.0999, transfer_loss: 0.6478,person_loss: 0.0000, total_Loss: 0.4238
trian begin
trian end
n_person 360
SAMPLE
F1_MI: 0.4965079365079365 F1_MA: 0.5276052947531883 ACC_MI: 0.4965079365079365 F1_MA: 0.5454249159912121
BEST_F1_MI: 0.6827513227513228 BEST_F1_MA: 0.6310542960345426 BEST_ACC_MI: 0.6827513227513228 BEST_F1_MA: 0.6596717596290553
[[ 138 1381   16   47]
 [  98  633   87   87]
 [  40  395  289   84]
 [   3   28  113 1286]]
Epoch: [18/200], cls_loss: 0.1045, transfer_loss: 0.7334,person_loss: 0.0000, total_Loss: 0.4712
trian begin
trian end
n_person 360
SAMPLE
F1_MI: 0.5762962962962963 F1_MA: 0.5212839022618356 ACC_MI: 0.5762962962962963 F1_MA: 0.516856245917524
BEST_F1_MI: 0.6827513227513228 BEST_F1_MA: 0.6310542960345426 BEST_ACC_MI: 0.6827513227513228 BEST_F1_MA: 0.6596717596290553
[[ 868  561  103   50]
 [ 436  118  253   98]
 [ 166  152  389  101]
 [   1   46   35 1348]]
Epoch: [19/200], cls_loss: 0.1155, transfer_loss: 0.6464,person_loss: 0.0000, total_Loss: 0.4388
trian begin
trian end
n_person 360
SAMPLE
F1_MI: 0.46285714285714286 F1_MA: 0.43905218446230954 ACC_MI: 0.46285714285714286 F1_MA: 0.4409393577264241
BEST_F1_MI: 0.6827513227513228 BEST_F1_MA: 0.6310542960345426 BEST_ACC_MI: 0.6827513227513228 BEST_F1_MA: 0.6596717596290553
[[ 336 1093  103   50]
 [ 300  185  322   98]
 [ 188  209  310  101]
 [  23    8   43 1356]]
Epoch: [20/200], cls_loss: 0.1082, transfer_loss: 0.6167,person_loss: 0.0000, total_Loss: 0.4166
trian begin
trian end
n_person 360
SAMPLE
F1_MI: 0.45735449735449735 F1_MA: 0.4491430079102959 ACC_MI: 0.45735449735449735 F1_MA: 0.44506205718916125
BEST_F1_MI: 0.6827513227513228 BEST_F1_MA: 0.6310542960345426 BEST_ACC_MI: 0.6827513227513228 BEST_F1_MA: 0.6596717596290553
[[ 132 1318   82   50]
 [ 215  347  239  104]
 [  83  304  316  105]
 [  29    9   26 1366]]
Epoch: [21/200], cls_loss: 0.1299, transfer_loss: 0.6082,person_loss: 0.0000, total_Loss: 0.4340
trian begin
trian end
n_person 360
SAMPLE
F1_MI: 0.4452910052910053 F1_MA: 0.42263677282041445 ACC_MI: 0.4452910052910053 F1_MA: 0.39942226105832124
BEST_F1_MI: 0.6827513227513228 BEST_F1_MA: 0.6310542960345426 BEST_ACC_MI: 0.6827513227513228 BEST_F1_MA: 0.6596717596290553
[[  35 1338  159   50]
 [ 121  384  299  101]
 [  42  349  316  101]
 [  10   41   10 1369]]
Epoch: [22/200], cls_loss: 0.0930, transfer_loss: 0.6519,person_loss: 0.0000, total_Loss: 0.4190
trian begin
trian end
n_person 360
SAMPLE
F1_MI: 0.49714285714285716 F1_MA: 0.5122536121593648 ACC_MI: 0.49714285714285716 F1_MA: 0.5354930223414824
BEST_F1_MI: 0.6827513227513228 BEST_F1_MA: 0.6310542960345426 BEST_ACC_MI: 0.6827513227513228 BEST_F1_MA: 0.6596717596290553
[[ 231 1289    9   53]
 [ 228  453  114  110]
 [  82  332  284  110]
 [   5   26   18 1381]]
Epoch: [23/200], cls_loss: 0.0953, transfer_loss: 0.6591,person_loss: 0.0000, total_Loss: 0.4249
trian begin
trian end
n_person 360
SAMPLE
F1_MI: 0.5331216931216931 F1_MA: 0.5071702825920579 ACC_MI: 0.5331216931216931 F1_MA: 0.5245081339729029
BEST_F1_MI: 0.6827513227513228 BEST_F1_MA: 0.6310542960345426 BEST_ACC_MI: 0.6827513227513228 BEST_F1_MA: 0.6596717596290553
[[ 661  850   20   51]
 [ 450  186  167  102]
 [ 190  200  318  100]
 [  16   42   18 1354]]
Epoch: [24/200], cls_loss: 0.0885, transfer_loss: 0.6443,person_loss: 0.0000, total_Loss: 0.4107
trian begin
trian end
n_person 360
SAMPLE
F1_MI: 0.5286772486772486 F1_MA: 0.5326992748607177 ACC_MI: 0.5286772486772486 F1_MA: 0.5740762562857041
BEST_F1_MI: 0.6827513227513228 BEST_F1_MA: 0.6310542960345426 BEST_ACC_MI: 0.6827513227513228 BEST_F1_MA: 0.6596717596290553
[[ 512 1010    7   53]
 [ 384  353   61  107]
 [  58  390  245  115]
 [   3   15   24 1388]]
Epoch: [25/200], cls_loss: 0.0774, transfer_loss: 0.6572,person_loss: 0.0000, total_Loss: 0.4060
trian begin
trian end
n_person 360
SAMPLE
F1_MI: 0.44783068783068786 F1_MA: 0.4401318741227761 ACC_MI: 0.44783068783068786 F1_MA: 0.43704629917123217
BEST_F1_MI: 0.6827513227513228 BEST_F1_MA: 0.6310542960345426 BEST_ACC_MI: 0.6827513227513228 BEST_F1_MA: 0.6596717596290553
[[  91 1403   39   49]
 [ 212  417  176  100]
 [  95  367  242  104]
 [  28   10   26 1366]]
Epoch: [26/200], cls_loss: 0.1005, transfer_loss: 0.6904,person_loss: 0.0000, total_Loss: 0.4457
trian begin
trian end
n_person 360
SAMPLE
F1_MI: 0.5075132275132275 F1_MA: 0.5117321462801104 ACC_MI: 0.5075132275132275 F1_MA: 0.533148540866701
BEST_F1_MI: 0.6827513227513228 BEST_F1_MA: 0.6310542960345426 BEST_ACC_MI: 0.6827513227513228 BEST_F1_MA: 0.6596717596290553
[[ 319 1177   33   53]
 [ 203  433  161  108]
 [  74  369  254  111]
 [   8   17   13 1392]]
Epoch: [27/200], cls_loss: 0.1057, transfer_loss: 0.6801,person_loss: 0.0000, total_Loss: 0.4458
trian begin
trian end
n_person 360
SAMPLE
F1_MI: 0.4888888888888889 F1_MA: 0.47838824987745937 ACC_MI: 0.4888888888888889 F1_MA: 0.45243245364578005
BEST_F1_MI: 0.6827513227513228 BEST_F1_MA: 0.6310542960345426 BEST_ACC_MI: 0.6827513227513228 BEST_F1_MA: 0.6596717596290553
[[   8 1506   17   51]
 [  48  620  132  105]
 [  44  348  304  112]
 [  24   20    8 1378]]
Epoch: [28/200], cls_loss: 0.0751, transfer_loss: 0.6675,person_loss: 0.0000, total_Loss: 0.4089
trian begin
trian end
n_person 360
SAMPLE
F1_MI: 0.46984126984126984 F1_MA: 0.46181307107203656 ACC_MI: 0.46984126984126984 F1_MA: 0.48309426308467707
BEST_F1_MI: 0.6827513227513228 BEST_F1_MA: 0.6310542960345426 BEST_ACC_MI: 0.6827513227513228 BEST_F1_MA: 0.6596717596290553
[[ 346 1153   32   51]
 [ 432  219  151  103]
 [ 120  301  281  106]
 [  24   17   15 1374]]
Epoch: [29/200], cls_loss: 0.0738, transfer_loss: 0.6604,person_loss: 0.0000, total_Loss: 0.4040
trian begin
trian end
n_person 360
SAMPLE
F1_MI: 0.5041269841269841 F1_MA: 0.4924971976446558 ACC_MI: 0.5041269841269841 F1_MA: 0.5119034495526269
BEST_F1_MI: 0.6827513227513228 BEST_F1_MA: 0.6310542960345426 BEST_ACC_MI: 0.6827513227513228 BEST_F1_MA: 0.6596717596290553
[[ 518  986   30   48]
 [ 457  259  100   89]
 [ 162  254  301   91]
 [  31    8   87 1304]]
Epoch: [30/200], cls_loss: 0.0757, transfer_loss: 0.6642,person_loss: 0.0000, total_Loss: 0.4079
trian begin
trian end
n_person 360
SAMPLE
F1_MI: 0.5212698412698412 F1_MA: 0.49553596921439946 ACC_MI: 0.5212698412698412 F1_MA: 0.5147541097925518
BEST_F1_MI: 0.6827513227513228 BEST_F1_MA: 0.6310542960345426 BEST_ACC_MI: 0.6827513227513228 BEST_F1_MA: 0.6596717596290553
[[ 622  873   35   52]
 [ 488  184  132  101]
 [ 221  193  289  105]
 [  27   21   14 1368]]
Epoch: [31/200], cls_loss: 0.0715, transfer_loss: 0.6828,person_loss: 0.0000, total_Loss: 0.4128
trian begin
trian end
n_person 360
SAMPLE
F1_MI: 0.5462433862433862 F1_MA: 0.5030566149147847 ACC_MI: 0.5462433862433862 F1_MA: 0.5106476394122231
BEST_F1_MI: 0.6827513227513228 BEST_F1_MA: 0.6310542960345426 BEST_ACC_MI: 0.6827513227513228 BEST_F1_MA: 0.6596717596290553
[[ 761  711   59   51]
 [ 562  104  139  100]
 [ 229  129  347  103]
 [  26    9   26 1369]]
Epoch: [32/200], cls_loss: 0.0586, transfer_loss: 0.6620,person_loss: 0.0000, total_Loss: 0.3896
trian begin
trian end
n_person 360
SAMPLE
F1_MI: 0.5115343915343915 F1_MA: 0.502366718271107 ACC_MI: 0.5115343915343915 F1_MA: 0.5268597886895515
BEST_F1_MI: 0.6827513227513228 BEST_F1_MA: 0.6310542960345426 BEST_ACC_MI: 0.6827513227513228 BEST_F1_MA: 0.6596717596290553
[[ 502 1014   15   51]
 [ 439  248  116  102]
 [ 130  269  303  106]
 [  16   14   36 1364]]
Epoch: [33/200], cls_loss: 0.0636, transfer_loss: 0.7112,person_loss: 0.0000, total_Loss: 0.4192
trian begin
trian end
n_person 360
SAMPLE
F1_MI: 0.5164021164021164 F1_MA: 0.5152268832161188 ACC_MI: 0.5164021164021164 F1_MA: 0.5351870016886239
BEST_F1_MI: 0.6827513227513228 BEST_F1_MA: 0.6310542960345426 BEST_ACC_MI: 0.6827513227513228 BEST_F1_MA: 0.6596717596290553
[[ 443 1076   13   50]
 [ 453  246  105  101]
 [ 116  200  391  101]
 [  17    8   45 1360]]
Epoch: [34/200], cls_loss: 0.0915, transfer_loss: 0.6786,person_loss: 0.0000, total_Loss: 0.4309
trian begin
trian end
n_person 360
SAMPLE
F1_MI: 0.5278306878306879 F1_MA: 0.5112086334928361 ACC_MI: 0.5278306878306879 F1_MA: 0.5132331976522638
BEST_F1_MI: 0.6827513227513228 BEST_F1_MA: 0.6310542960345426 BEST_ACC_MI: 0.6827513227513228 BEST_F1_MA: 0.6596717596290553
[[ 444 1042   41   55]
 [ 334  202  256  113]
 [ 135  103  447  123]
 [   5   14   10 1401]]
Epoch: [35/200], cls_loss: 0.0648, transfer_loss: 0.6806,person_loss: 0.0000, total_Loss: 0.4051
trian begin
trian end
n_person 360
SAMPLE
F1_MI: 0.5191534391534391 F1_MA: 0.5039003403639523 ACC_MI: 0.5191534391534391 F1_MA: 0.5051843327203942
BEST_F1_MI: 0.6827513227513228 BEST_F1_MA: 0.6310542960345426 BEST_ACC_MI: 0.6827513227513228 BEST_F1_MA: 0.6596717596290553
[[ 446 1022   64   50]
 [ 431  171  202  101]
 [ 139   91  475  103]
 [  15   22   32 1361]]
Epoch: [36/200], cls_loss: 0.0519, transfer_loss: 0.6769,person_loss: 0.0000, total_Loss: 0.3904
trian begin
trian end
n_person 360
SAMPLE
F1_MI: 0.5494179894179895 F1_MA: 0.5214548396182779 ACC_MI: 0.5494179894179895 F1_MA: 0.5518388657811771
BEST_F1_MI: 0.6827513227513228 BEST_F1_MA: 0.6310542960345426 BEST_ACC_MI: 0.6827513227513228 BEST_F1_MA: 0.6596717596290553
[[ 795  732    2   53]
 [ 639  108   52  106]
 [ 270  110  318  110]
 [   7   20   28 1375]]
Epoch: [37/200], cls_loss: 0.0655, transfer_loss: 0.7017,person_loss: 0.0000, total_Loss: 0.4163
trian begin
trian end
n_person 360
SAMPLE
F1_MI: 0.5388359788359789 F1_MA: 0.5048310877157366 ACC_MI: 0.5388359788359789 F1_MA: 0.5153973864567146
BEST_F1_MI: 0.6827513227513228 BEST_F1_MA: 0.6310542960345426 BEST_ACC_MI: 0.6827513227513228 BEST_F1_MA: 0.6596717596290553
[[ 702  802   27   51]
 [ 604   85  116  100]
 [ 219   93  392  104]
 [  12    6   45 1367]]
Epoch: [38/200], cls_loss: 0.0600, transfer_loss: 0.6949,person_loss: 0.0000, total_Loss: 0.4075
trian begin
trian end
n_person 360
SAMPLE
F1_MI: 0.5134391534391535 F1_MA: 0.5085439141893523 ACC_MI: 0.5134391534391535 F1_MA: 0.5244169043389745
BEST_F1_MI: 0.6827513227513228 BEST_F1_MA: 0.6310542960345426 BEST_ACC_MI: 0.6827513227513228 BEST_F1_MA: 0.6596717596290553
[[ 436 1060   35   51]
 [ 449  257   99  100]
 [ 199  124  377  108]
 [   6   27   41 1356]]
Epoch: [39/200], cls_loss: 0.0517, transfer_loss: 0.6905,person_loss: 0.0000, total_Loss: 0.3969
trian begin
trian end
n_person 360
SAMPLE
F1_MI: 0.5447619047619048 F1_MA: 0.5197618643284918 ACC_MI: 0.5447619047619048 F1_MA: 0.5429201577739555
BEST_F1_MI: 0.6827513227513228 BEST_F1_MA: 0.6310542960345426 BEST_ACC_MI: 0.6827513227513228 BEST_F1_MA: 0.6596717596290553
[[ 726  783   24   49]
 [ 572  134   98  101]
 [ 155  200  350  103]
 [   9   40   17 1364]]
Epoch: [40/200], cls_loss: 0.0642, transfer_loss: 0.6984,person_loss: 0.0000, total_Loss: 0.4134
trian begin
trian end
n_person 360
SAMPLE
F1_MI: 0.5115343915343915 F1_MA: 0.47810451305174545 ACC_MI: 0.5115343915343915 F1_MA: 0.466366926188256
BEST_F1_MI: 0.6827513227513228 BEST_F1_MA: 0.6310542960345426 BEST_ACC_MI: 0.6827513227513228 BEST_F1_MA: 0.6596717596290553
[[ 458  857  216   51]
 [ 389  115  299  102]
 [ 149   74  475  110]
 [  10   15   36 1369]]
Epoch: [41/200], cls_loss: 0.0582, transfer_loss: 0.6909,person_loss: 0.0000, total_Loss: 0.4037
trian begin
trian end
n_person 360
SAMPLE
F1_MI: 0.5322751322751322 F1_MA: 0.5084363802033629 ACC_MI: 0.5322751322751322 F1_MA: 0.5284026334234788
BEST_F1_MI: 0.6827513227513228 BEST_F1_MA: 0.6310542960345426 BEST_ACC_MI: 0.6827513227513228 BEST_F1_MA: 0.6596717596290553
[[ 647  842   42   51]
 [ 549  154   98  104]
 [ 136  224  338  110]
 [  18   10   26 1376]]
Epoch: [42/200], cls_loss: 0.0494, transfer_loss: 0.7181,person_loss: 0.0000, total_Loss: 0.4084
trian begin
trian end
n_person 360
SAMPLE
F1_MI: 0.5155555555555555 F1_MA: 0.5109187097549328 ACC_MI: 0.5155555555555555 F1_MA: 0.5429504916297438
BEST_F1_MI: 0.6827513227513228 BEST_F1_MA: 0.6310542960345426 BEST_ACC_MI: 0.6827513227513228 BEST_F1_MA: 0.6596717596290553
[[ 542  980    9   51]
 [ 494  231   80  100]
 [ 168  223  314  103]
 [  40   17   24 1349]]
Epoch: [43/200], cls_loss: 0.0541, transfer_loss: 0.6828,person_loss: 0.0000, total_Loss: 0.3955
trian begin
trian end
n_person 360
SAMPLE
F1_MI: 0.5913227513227514 F1_MA: 0.5183764131097109 ACC_MI: 0.5913227513227514 F1_MA: 0.530650302882349
BEST_F1_MI: 0.6827513227513228 BEST_F1_MA: 0.6310542960345426 BEST_ACC_MI: 0.6827513227513228 BEST_F1_MA: 0.6596717596290553
[[1127  390   11   54]
 [ 706   33   57  109]
 [ 301  140  251  116]
 [   2    8   37 1383]]
Epoch: [44/200], cls_loss: 0.0539, transfer_loss: 0.7017,person_loss: 0.0000, total_Loss: 0.4047
trian begin
trian end
n_person 360
SAMPLE
F1_MI: 0.5151322751322751 F1_MA: 0.4900632864156703 ACC_MI: 0.5151322751322751 F1_MA: 0.5230368021849244
BEST_F1_MI: 0.6827513227513228 BEST_F1_MA: 0.6310542960345426 BEST_ACC_MI: 0.6827513227513228 BEST_F1_MA: 0.6596717596290553
[[ 686  835    9   52]
 [ 607  133   65  100]
 [ 247  209  249  103]
 [  19   11   34 1366]]
Epoch: [45/200], cls_loss: 0.0516, transfer_loss: 0.6983,person_loss: 0.0000, total_Loss: 0.4008
trian begin
trian end
n_person 360
SAMPLE
F1_MI: 0.5081481481481481 F1_MA: 0.5012123075775194 ACC_MI: 0.5081481481481481 F1_MA: 0.5119258389270237
BEST_F1_MI: 0.6827513227513228 BEST_F1_MA: 0.6310542960345426 BEST_ACC_MI: 0.6827513227513228 BEST_F1_MA: 0.6596717596290553
[[ 367 1115   48   52]
 [ 265  273  260  107]
 [  69  255  369  115]
 [   7   10   21 1392]]
Epoch: [46/200], cls_loss: 0.0432, transfer_loss: 0.7056,person_loss: 0.0000, total_Loss: 0.3960
trian begin
trian end
n_person 360
SAMPLE
F1_MI: 0.5227513227513227 F1_MA: 0.49707036593732445 ACC_MI: 0.5227513227513227 F1_MA: 0.5351515024383564
BEST_F1_MI: 0.6827513227513228 BEST_F1_MA: 0.6310542960345426 BEST_ACC_MI: 0.6827513227513228 BEST_F1_MA: 0.6596717596290553
[[ 735  792    4   51]
 [ 615  133   54  103]
 [ 186  282  231  109]
 [  10   16   33 1371]]
Epoch: [47/200], cls_loss: 0.0360, transfer_loss: 0.7011,person_loss: 0.0000, total_Loss: 0.3866
trian begin
trian end
n_person 360
SAMPLE
F1_MI: 0.5782010582010582 F1_MA: 0.5233946753025926 ACC_MI: 0.5782010582010582 F1_MA: 0.5382683559283773
BEST_F1_MI: 0.6827513227513228 BEST_F1_MA: 0.6310542960345426 BEST_ACC_MI: 0.6827513227513228 BEST_F1_MA: 0.6596717596290553
[[ 962  536   31   53]
 [ 596   99  102  108]
 [ 146  267  281  114]
 [  12    9   19 1390]]
Epoch: [48/200], cls_loss: 0.0410, transfer_loss: 0.6876,person_loss: 0.0000, total_Loss: 0.3848
trian begin
trian end
n_person 360
SAMPLE
F1_MI: 0.5494179894179895 F1_MA: 0.5076083179570606 ACC_MI: 0.5494179894179895 F1_MA: 0.5244316884329935
BEST_F1_MI: 0.6827513227513228 BEST_F1_MA: 0.6310542960345426 BEST_ACC_MI: 0.6827513227513228 BEST_F1_MA: 0.6596717596290553
[[ 797  710   22   53]
 [ 522  131  146  106]
 [  97  315  283  113]
 [   4   11   30 1385]]
Epoch: [49/200], cls_loss: 0.0512, transfer_loss: 0.6864,person_loss: 0.0000, total_Loss: 0.3944
trian begin
trian end
n_person 360
SAMPLE
F1_MI: 0.522962962962963 F1_MA: 0.4969572652173961 ACC_MI: 0.522962962962963 F1_MA: 0.5182296029853131
BEST_F1_MI: 0.6827513227513228 BEST_F1_MA: 0.6310542960345426 BEST_ACC_MI: 0.6827513227513228 BEST_F1_MA: 0.6596717596290553
[[ 628  876   27   51]
 [ 453  209  143  100]
 [  90  353  258  107]
 [   5   10   39 1376]]
Epoch: [50/200], cls_loss: 0.0392, transfer_loss: 0.6975,person_loss: 0.0000, total_Loss: 0.3880
trian begin
trian end
n_person 360
SAMPLE
F1_MI: 0.5456084656084657 F1_MA: 0.5118161306801757 ACC_MI: 0.5456084656084657 F1_MA: 0.5478434320843784
BEST_F1_MI: 0.6827513227513228 BEST_F1_MA: 0.6310542960345426 BEST_ACC_MI: 0.6827513227513228 BEST_F1_MA: 0.6596717596290553
[[ 844  682    4   52]
 [ 579  155   66  105]
 [ 249  242  208  109]
 [  20   26   13 1371]]
Epoch: [51/200], cls_loss: 0.0502, transfer_loss: 0.6885,person_loss: 0.0000, total_Loss: 0.3944
trian begin
trian end
n_person 360
SAMPLE
F1_MI: 0.5373544973544974 F1_MA: 0.5068506650447623 ACC_MI: 0.5373544973544974 F1_MA: 0.5190609337153378
BEST_F1_MI: 0.6827513227513228 BEST_F1_MA: 0.6310542960345426 BEST_ACC_MI: 0.6827513227513228 BEST_F1_MA: 0.6596717596290553
[[ 659  819   52   52]
 [ 491  164  145  105]
 [ 129  230  340  109]
 [   6   10   38 1376]]
Epoch: [52/200], cls_loss: 0.0449, transfer_loss: 0.6936,person_loss: 0.0000, total_Loss: 0.3917
trian begin
trian end
n_person 360
SAMPLE
F1_MI: 0.4857142857142857 F1_MA: 0.4707160153886132 ACC_MI: 0.4857142857142857 F1_MA: 0.46589280166353286
BEST_F1_MI: 0.6827513227513228 BEST_F1_MA: 0.6310542960345426 BEST_ACC_MI: 0.6827513227513228 BEST_F1_MA: 0.6596717596290553
[[ 266 1113  151   52]
 [ 334  251  212  108]
 [ 121  176  397  114]
 [   3   12   34 1381]]
Epoch: [53/200], cls_loss: 0.0391, transfer_loss: 0.6924,person_loss: 0.0000, total_Loss: 0.3853
trian begin
trian end
n_person 360
SAMPLE
F1_MI: 0.5663492063492064 F1_MA: 0.5166853034786085 ACC_MI: 0.5663492063492064 F1_MA: 0.5180231411441376
BEST_F1_MI: 0.6827513227513228 BEST_F1_MA: 0.6310542960345426 BEST_ACC_MI: 0.6827513227513228 BEST_F1_MA: 0.6596717596290553
[[ 843  641   48   50]
 [ 529   92  185   99]
 [ 169  146  389  104]
 [   9   25   44 1352]]
Epoch: [54/200], cls_loss: 0.0394, transfer_loss: 0.6904,person_loss: 0.0000, total_Loss: 0.3846
trian begin
trian end
n_person 360
SAMPLE
F1_MI: 0.5741798941798942 F1_MA: 0.5611120190953633 ACC_MI: 0.5741798941798942 F1_MA: 0.5634964273625541
BEST_F1_MI: 0.6827513227513228 BEST_F1_MA: 0.6310542960345426 BEST_ACC_MI: 0.6827513227513228 BEST_F1_MA: 0.6596717596290553
[[ 547  911   71   53]
 [ 267  350  182  106]
 [ 161  103  432  112]
 [  17    7   22 1384]]
Epoch: [55/200], cls_loss: 0.0352, transfer_loss: 0.7021,person_loss: 0.0000, total_Loss: 0.3863
trian begin
trian end
n_person 360
SAMPLE
F1_MI: 0.24571428571428572 F1_MA: 0.3499140141047013 ACC_MI: 0.24571428571428572 F1_MA: 0.4880608816568193
BEST_F1_MI: 0.6827513227513228 BEST_F1_MA: 0.6310542960345426 BEST_ACC_MI: 0.6827513227513228 BEST_F1_MA: 0.6596717596290553
[[ 265 1303   10    4]
 [ 517  303   76    9]
 [ 371  102  323   12]
 [1126    9   25  270]]
Epoch: [56/200], cls_loss: 0.0437, transfer_loss: 0.6902,person_loss: 0.0000, total_Loss: 0.3888
[[1295  229    6   52]
 [ 434  299   66  106]
 [ 185  270  241  112]
 [   0   39    1 1390]]
[[1295  229    6   52]
 [ 434  299   66  106]
 [ 185  270  241  112]
 [   0   39    1 1390]]
WHAT: False
{'best_f1': 0.6310542960345426, 'best_matrix': [[1295, 229, 6, 52], [434, 299, 66, 106], [185, 270, 241, 112], [0, 39, 1, 1390]], 'args': 0.1}
{"best_f1": 0.6310542960345426, "best_matrix": [[1295, 229, 6, 52], [434, 299, 66, 106], [185, 270, 241, 112], [0, 39, 1, 1390]], "args": 0.1}
ARG: Namespace(backbone='resnet50', batch_size=32, config='DANN/DANN.yaml', data_dir='data', device=device(type='cuda'), early_stop=50, epoch_based_training=False, lr=0.003, lr_decay=0.75, lr_gamma=0.0003, lr_scheduler=True, max_iter=29400, method='False', momentum=0.9, myweight=0.1, n_class=4, n_epoch=200, n_iter_per_epoch=147, num_workers=3, seed=2, src_domain='WISDM', tgt_domain='PAMAP2', tname='transfer', transfer_loss='adv', transfer_loss_weight=0.5, use_bottleneck=True, weight_decay=0.0005)
