adv 2 WISDM UCI DANN/DANN.yaml False
Namespace(backbone='resnet50', batch_size=32, config='DANN/DANN.yaml', data_dir='data', device=device(type='cuda'), early_stop=50, epoch_based_training=False, lr=0.003, lr_decay=0.75, lr_gamma=0.0003, lr_scheduler=True, method='False', momentum=0.9, myweight=0.1, n_epoch=200, n_iter_per_epoch=100, num_workers=3, seed=2, src_domain='WISDM', tgt_domain='UCI', tname='transfer', transfer_loss='adv', transfer_loss_weight=0.5, use_bottleneck=True, weight_decay=0.0005)
JUST DO IT
run my Parkinson code
transfer
TRAIN Length: 13609 322 TEST Length: 3369 615
YYY: 0 3
DATA_PROFILE   train: 13609 train2: 3369 test: 3369
DATASET.SHAPE: <data_loader.GetTrainLoader object at 0x7f5df09bcda0> True
DATASET.SHAPE: <data_loader.GetTrainLoader object at 0x7f5df0ada198> True
DATASET.SHAPE: <data_loader.GetTestLoader object at 0x7f5df0a76f98> False
CLASS: 4 615
LLL: {}
BOTTLENECK_LIST: [Linear(in_features=512, out_features=256, bias=True), ReLU()]
TYPE: {'loss_type': 'adv', 'max_iter': 21000, 'num_class': 4, 'my_person_item': <my_person_item.PersonItem object at 0x7f5eae4c1160>}
initial_lr 1.0
transfer_world
method False <class 'str'>
1.10.1+cu102
True
LEN: 0 0
LOADER: <data_loader.InfiniteDataLoader object at 0x7f5df0ada438> <data_loader.InfiniteDataLoader object at 0x7f5df0a76eb8>
N_batch: 105
trian begin
trian end
n_person 615
SAMPLE
F1_MI: 0.5758385277530425 F1_MA: 0.5008324458814271 ACC_MI: 0.5758385277530425 F1_MA: 0.45912321797998823
BEST_F1_MI: 0.5758385277530425 BEST_F1_MA: 0.5008324458814271 BEST_ACC_MI: 0.5758385277530425 BEST_F1_MA: 0.45912321797998823
[[468 425   0   0]
 [256 548   0   0]
 [559 187   0   0]
 [  1   1   0 924]]
Epoch: [ 1/200], cls_loss: 0.7663, transfer_loss: 0.6738,person_loss: 0.0000, total_Loss: 1.1032
trian begin
trian end
n_person 615
SAMPLE
F1_MI: 0.6221430691599882 F1_MA: 0.5346434900155411 ACC_MI: 0.6221430691599882 F1_MA: 0.48756940947484295
BEST_F1_MI: 0.6221430691599882 BEST_F1_MA: 0.5346434900155411 BEST_ACC_MI: 0.6221430691599882 BEST_F1_MA: 0.48756940947484295
[[724 169   0   0]
 [348 456   0   0]
 [329 417   0   0]
 [  1   9   0 916]]
Epoch: [ 2/200], cls_loss: 0.3975, transfer_loss: 0.4766,person_loss: 0.0000, total_Loss: 0.6358
trian begin
trian end
n_person 615
SAMPLE
F1_MI: 0.6093796378747403 F1_MA: 0.5732729547476874 ACC_MI: 0.6093796378747403 F1_MA: 0.5667308726403004
BEST_F1_MI: 0.6221430691599882 BEST_F1_MA: 0.5732729547476874 BEST_ACC_MI: 0.6221430691599882 BEST_F1_MA: 0.5667308726403004
[[673 212   8   0]
 [344 446  14   0]
 [467 268  11   0]
 [  0   3   0 923]]
Epoch: [ 3/200], cls_loss: 0.3735, transfer_loss: 0.3577,person_loss: 0.0000, total_Loss: 0.5524
trian begin
trian end
n_person 615
SAMPLE
F1_MI: 0.5212229148115167 F1_MA: 0.49054403189285944 ACC_MI: 0.5212229148115167 F1_MA: 0.4758998611078033
BEST_F1_MI: 0.6221430691599882 BEST_F1_MA: 0.5732729547476874 BEST_ACC_MI: 0.6221430691599882 BEST_F1_MA: 0.5667308726403004
[[138 626 129   0]
 [108 618  78   0]
 [361 303  82   0]
 [  0   1   7 918]]
Epoch: [ 4/200], cls_loss: 0.3641, transfer_loss: 0.3517,person_loss: 0.0000, total_Loss: 0.5400
trian begin
trian end
n_person 615
SAMPLE
F1_MI: 0.5452656574651232 F1_MA: 0.5273406951360662 ACC_MI: 0.5452656574651232 F1_MA: 0.522607729857265
BEST_F1_MI: 0.6221430691599882 BEST_F1_MA: 0.5732729547476874 BEST_ACC_MI: 0.6221430691599882 BEST_F1_MA: 0.5667308726403004
[[219 351 323   0]
 [106 468 230   0]
 [391 127 228   0]
 [  0   4   0 922]]
Epoch: [ 5/200], cls_loss: 0.3398, transfer_loss: 0.2577,person_loss: 0.0000, total_Loss: 0.4687
trian begin
trian end
n_person 615
SAMPLE
F1_MI: 0.5057880676758683 F1_MA: 0.48623678973643336 ACC_MI: 0.5057880676758683 F1_MA: 0.4859991114705468
BEST_F1_MI: 0.6221430691599882 BEST_F1_MA: 0.5732729547476874 BEST_ACC_MI: 0.6221430691599882 BEST_F1_MA: 0.5667308726403004
[[263 260 370   0]
 [216 411 177   0]
 [517 122 107   0]
 [  0   3   0 923]]
Epoch: [ 6/200], cls_loss: 0.2914, transfer_loss: 0.2553,person_loss: 0.0000, total_Loss: 0.4191
trian begin
trian end
n_person 615
SAMPLE
F1_MI: 0.5921638468388246 F1_MA: 0.5755961936563436 ACC_MI: 0.5921638468388246 F1_MA: 0.5658761995968418
BEST_F1_MI: 0.6221430691599882 BEST_F1_MA: 0.5755961936563436 BEST_ACC_MI: 0.6221430691599882 BEST_F1_MA: 0.5667308726403004
[[144 556 193   0]
 [ 91 630  83   0]
 [307 135 304   0]
 [  0   9   0 917]]
Epoch: [ 7/200], cls_loss: 0.2557, transfer_loss: 0.2054,person_loss: 0.0000, total_Loss: 0.3584
trian begin
trian end
n_person 615
SAMPLE
F1_MI: 0.5316117542297417 F1_MA: 0.5124297715910308 ACC_MI: 0.5316117542297417 F1_MA: 0.4982680287783979
BEST_F1_MI: 0.6221430691599882 BEST_F1_MA: 0.5755961936563436 BEST_ACC_MI: 0.6221430691599882 BEST_F1_MA: 0.5667308726403004
[[ 64 321 508   0]
 [ 55 434 315   0]
 [173 182 391   0]
 [  0  23   1 902]]
Epoch: [ 8/200], cls_loss: 0.2281, transfer_loss: 0.1579,person_loss: 0.0000, total_Loss: 0.3071
trian begin
trian end
n_person 615
SAMPLE
F1_MI: 0.5158800831107153 F1_MA: 0.5028447187914772 ACC_MI: 0.5158800831107153 F1_MA: 0.5025973468322913
BEST_F1_MI: 0.6221430691599882 BEST_F1_MA: 0.5755961936563436 BEST_ACC_MI: 0.6221430691599882 BEST_F1_MA: 0.5667308726403004
[[106 741  46   0]
 [ 53 696  55   0]
 [264 416  66   0]
 [  0  56   0 870]]
Epoch: [ 9/200], cls_loss: 0.1864, transfer_loss: 0.2314,person_loss: 0.0000, total_Loss: 0.3021
trian begin
trian end
n_person 615
SAMPLE
F1_MI: 0.5197387948946275 F1_MA: 0.4843781118178111 ACC_MI: 0.5197387948946275 F1_MA: 0.47381482674273523
BEST_F1_MI: 0.6221430691599882 BEST_F1_MA: 0.5755961936563436 BEST_ACC_MI: 0.6221430691599882 BEST_F1_MA: 0.5667308726403004
[[394 353 146   0]
 [353 415  36   0]
 [636  83  27   0]
 [  0   2   9 915]]
Epoch: [10/200], cls_loss: 0.2482, transfer_loss: 0.7058,person_loss: 0.0000, total_Loss: 0.6011
trian begin
trian end
n_person 615
SAMPLE
F1_MI: 0.5654496883348175 F1_MA: 0.5716039296654557 ACC_MI: 0.5654496883348175 F1_MA: 0.5941970791887023
BEST_F1_MI: 0.6221430691599882 BEST_F1_MA: 0.5755961936563436 BEST_ACC_MI: 0.6221430691599882 BEST_F1_MA: 0.5941970791887023
[[274 562  57   0]
 [187 587  30   0]
 [354 245 147   0]
 [  1  28   0 897]]
Epoch: [11/200], cls_loss: 0.1650, transfer_loss: 0.5653,person_loss: 0.0000, total_Loss: 0.4477
trian begin
trian end
n_person 615
SAMPLE
F1_MI: 0.6138319976254082 F1_MA: 0.6024661130329306 ACC_MI: 0.6138319976254082 F1_MA: 0.5921673293493827
BEST_F1_MI: 0.6221430691599882 BEST_F1_MA: 0.6024661130329306 BEST_ACC_MI: 0.6221430691599882 BEST_F1_MA: 0.5941970791887023
[[146 512 235   0]
 [ 61 571 172   0]
 [158 128 460   0]
 [ 32   3   0 891]]
Epoch: [12/200], cls_loss: 0.1768, transfer_loss: 0.5128,person_loss: 0.0000, total_Loss: 0.4332
trian begin
trian end
n_person 615
SAMPLE
F1_MI: 0.609973285841496 F1_MA: 0.610761060311257 ACC_MI: 0.609973285841496 F1_MA: 0.6154125854639563
BEST_F1_MI: 0.6221430691599882 BEST_F1_MA: 0.610761060311257 BEST_ACC_MI: 0.6221430691599882 BEST_F1_MA: 0.6154125854639563
[[295 122 476   0]
 [308 279 217   0]
 [135  43 568   0]
 [  0  12   1 913]]
Epoch: [13/200], cls_loss: 0.1708, transfer_loss: 0.5522,person_loss: 0.0000, total_Loss: 0.4469
trian begin
trian end
n_person 615
SAMPLE
F1_MI: 0.6108637577916296 F1_MA: 0.6049008792301691 ACC_MI: 0.6108637577916296 F1_MA: 0.6063911065555624
BEST_F1_MI: 0.6221430691599882 BEST_F1_MA: 0.610761060311257 BEST_ACC_MI: 0.6221430691599882 BEST_F1_MA: 0.6154125854639563
[[336 219 338   0]
 [163 317 324   0]
 [175  88 483   0]
 [  0   3   1 922]]
Epoch: [14/200], cls_loss: 0.1734, transfer_loss: 0.5555,person_loss: 0.0000, total_Loss: 0.4511
trian begin
trian end
n_person 615
SAMPLE
F1_MI: 0.5814781834372217 F1_MA: 0.5710359169347862 ACC_MI: 0.5814781834372217 F1_MA: 0.5686165293692454
BEST_F1_MI: 0.6221430691599882 BEST_F1_MA: 0.610761060311257 BEST_ACC_MI: 0.6221430691599882 BEST_F1_MA: 0.6154125854639563
[[260 373 260   0]
 [274 362 168   0]
 [296  33 417   0]
 [  0   5   1 920]]
Epoch: [15/200], cls_loss: 0.1480, transfer_loss: 0.3618,person_loss: 0.0000, total_Loss: 0.3289
trian begin
trian end
n_person 615
SAMPLE
F1_MI: 0.5701988720688632 F1_MA: 0.5466536446437515 ACC_MI: 0.5701988720688632 F1_MA: 0.5273767637645485
BEST_F1_MI: 0.6221430691599882 BEST_F1_MA: 0.610761060311257 BEST_ACC_MI: 0.6221430691599882 BEST_F1_MA: 0.6154125854639563
[[ 75 532 286   0]
 [148 509 147   0]
 [135 194 417   0]
 [  0   3   3 920]]
Epoch: [16/200], cls_loss: 0.1320, transfer_loss: 0.5732,person_loss: 0.0000, total_Loss: 0.4186
trian begin
trian end
n_person 615
SAMPLE
F1_MI: 0.6064113980409617 F1_MA: 0.6028079949660622 ACC_MI: 0.6064113980409617 F1_MA: 0.6153564221810983
BEST_F1_MI: 0.6221430691599882 BEST_F1_MA: 0.610761060311257 BEST_ACC_MI: 0.6221430691599882 BEST_F1_MA: 0.6154125854639563
[[431 345 117   0]
 [306 432  66   0]
 [379 103 264   0]
 [  0   9   1 916]]
Epoch: [17/200], cls_loss: 0.1370, transfer_loss: 0.6126,person_loss: 0.0000, total_Loss: 0.4433
trian begin
trian end
n_person 615
SAMPLE
F1_MI: 0.5268625704956961 F1_MA: 0.5046817286067045 ACC_MI: 0.5268625704956961 F1_MA: 0.5056584595024209
BEST_F1_MI: 0.6221430691599882 BEST_F1_MA: 0.610761060311257 BEST_ACC_MI: 0.6221430691599882 BEST_F1_MA: 0.6154125854639563
[[411 253 229   0]
 [361 350  93   0]
 [539 114  93   0]
 [  0   3   2 921]]
Epoch: [18/200], cls_loss: 0.1428, transfer_loss: 0.5196,person_loss: 0.0000, total_Loss: 0.4026
trian begin
trian end
n_person 615
SAMPLE
F1_MI: 0.5449688334817453 F1_MA: 0.5715434775752125 ACC_MI: 0.5449688334817453 F1_MA: 0.6323618701308065
BEST_F1_MI: 0.6221430691599882 BEST_F1_MA: 0.610761060311257 BEST_ACC_MI: 0.6221430691599882 BEST_F1_MA: 0.6323618701308065
[[451 433   9   0]
 [360 440   4   0]
 [393 304  49   0]
 [  0  30   0 896]]
Epoch: [19/200], cls_loss: 0.1501, transfer_loss: 0.4999,person_loss: 0.0000, total_Loss: 0.4000
trian begin
trian end
n_person 615
SAMPLE
F1_MI: 0.5283466904125853 F1_MA: 0.5303452026274242 ACC_MI: 0.5283466904125853 F1_MA: 0.5541411181847098
BEST_F1_MI: 0.6221430691599882 BEST_F1_MA: 0.610761060311257 BEST_ACC_MI: 0.6221430691599882 BEST_F1_MA: 0.6323618701308065
[[339 487  67   0]
 [360 412  32   0]
 [455 173 118   0]
 [  0  15   0 911]]
Epoch: [20/200], cls_loss: 0.1295, transfer_loss: 0.7005,person_loss: 0.0000, total_Loss: 0.4798
trian begin
trian end
n_person 615
SAMPLE
F1_MI: 0.5247848026120511 F1_MA: 0.5395717837103432 ACC_MI: 0.5247848026120511 F1_MA: 0.5742068590983791
BEST_F1_MI: 0.6221430691599882 BEST_F1_MA: 0.610761060311257 BEST_ACC_MI: 0.6221430691599882 BEST_F1_MA: 0.6323618701308065
[[183 676  34   0]
 [209 581  14   0]
 [212 443  91   0]
 [  0  13   0 913]]
Epoch: [21/200], cls_loss: 0.1088, transfer_loss: 0.6586,person_loss: 0.0000, total_Loss: 0.4380
trian begin
trian end
n_person 615
SAMPLE
F1_MI: 0.5696052241021075 F1_MA: 0.5481692476005828 ACC_MI: 0.5696052241021075 F1_MA: 0.5318432597030912
BEST_F1_MI: 0.6221430691599882 BEST_F1_MA: 0.610761060311257 BEST_ACC_MI: 0.6221430691599882 BEST_F1_MA: 0.6323618701308065
[[ 99 519 275   0]
 [ 80 509 215   0]
 [223 130 393   0]
 [  0   4   4 918]]
Epoch: [22/200], cls_loss: 0.1060, transfer_loss: 0.7219,person_loss: 0.0000, total_Loss: 0.4669
trian begin
trian end
n_person 615
SAMPLE
F1_MI: 0.5455624814485011 F1_MA: 0.5428237208070258 ACC_MI: 0.5455624814485011 F1_MA: 0.5531101622638832
BEST_F1_MI: 0.6221430691599882 BEST_F1_MA: 0.610761060311257 BEST_ACC_MI: 0.6221430691599882 BEST_F1_MA: 0.6323618701308065
[[234 535 124   0]
 [257 465  82   0]
 [219 292 235   0]
 [ 11   9   2 904]]
Epoch: [23/200], cls_loss: 0.1122, transfer_loss: 0.6860,person_loss: 0.0000, total_Loss: 0.4553
trian begin
trian end
n_person 615
SAMPLE
F1_MI: 0.5921638468388246 F1_MA: 0.5729128331807009 ACC_MI: 0.5921638468388246 F1_MA: 0.5718808855708536
BEST_F1_MI: 0.6221430691599882 BEST_F1_MA: 0.610761060311257 BEST_ACC_MI: 0.6221430691599882 BEST_F1_MA: 0.6323618701308065
[[521 104 268   0]
 [337 254 213   0]
 [110 333 303   0]
 [  1   8   0 917]]
Epoch: [24/200], cls_loss: 0.1414, transfer_loss: 0.6615,person_loss: 0.0000, total_Loss: 0.4721
trian begin
trian end
n_person 615
SAMPLE
F1_MI: 0.6028495102404274 F1_MA: 0.6085060045543377 ACC_MI: 0.6028495102404274 F1_MA: 0.6362798421992966
BEST_F1_MI: 0.6221430691599882 BEST_F1_MA: 0.610761060311257 BEST_ACC_MI: 0.6221430691599882 BEST_F1_MA: 0.6362798421992966
[[460 397  36   0]
 [226 529  49   0]
 [115 501 130   0]
 [  2  12   0 912]]
Epoch: [25/200], cls_loss: 0.1239, transfer_loss: 0.6359,person_loss: 0.0000, total_Loss: 0.4419
trian begin
trian end
n_person 615
SAMPLE
F1_MI: 0.5265657465123182 F1_MA: 0.5104247914778898 ACC_MI: 0.5265657465123182 F1_MA: 0.5041743571302486
BEST_F1_MI: 0.6221430691599882 BEST_F1_MA: 0.610761060311257 BEST_ACC_MI: 0.6221430691599882 BEST_F1_MA: 0.6362798421992966
[[ 71 549 273   0]
 [ 25 588 191   0]
 [111 434 201   0]
 [  0  12   0 914]]
Epoch: [26/200], cls_loss: 0.1032, transfer_loss: 0.6936,person_loss: 0.0000, total_Loss: 0.4500
trian begin
trian end
n_person 615
SAMPLE
F1_MI: 0.6004749183734046 F1_MA: 0.5988826899806639 ACC_MI: 0.6004749183734046 F1_MA: 0.5985697765667916
BEST_F1_MI: 0.6221430691599882 BEST_F1_MA: 0.610761060311257 BEST_ACC_MI: 0.6221430691599882 BEST_F1_MA: 0.6362798421992966
[[207 186 500   0]
 [191 317 296   0]
 [ 39 124 583   0]
 [  1   8   1 916]]
Epoch: [27/200], cls_loss: 0.1244, transfer_loss: 0.7054,person_loss: 0.0000, total_Loss: 0.4771
trian begin
trian end
n_person 615
SAMPLE
F1_MI: 0.6156129415256753 F1_MA: 0.6051765970463583 ACC_MI: 0.6156129415256753 F1_MA: 0.6094438455571016
BEST_F1_MI: 0.6221430691599882 BEST_F1_MA: 0.610761060311257 BEST_ACC_MI: 0.6221430691599882 BEST_F1_MA: 0.6362798421992966
[[477 230 186   0]
 [363 348  93   0]
 [147 261 338   0]
 [  0  13   2 911]]
Epoch: [28/200], cls_loss: 0.1129, transfer_loss: 0.7004,person_loss: 0.0000, total_Loss: 0.4631
trian begin
trian end
n_person 615
SAMPLE
F1_MI: 0.6346096764618581 F1_MA: 0.6285746988809546 ACC_MI: 0.6346096764618581 F1_MA: 0.6192293091048585
BEST_F1_MI: 0.6346096764618581 BEST_F1_MA: 0.6285746988809546 BEST_ACC_MI: 0.6346096764618581 BEST_F1_MA: 0.6362798421992966
[[ 96 561 236   0]
 [ 46 540 218   0]
 [ 62 102 582   0]
 [  1   4   1 920]]
Epoch: [29/200], cls_loss: 0.1022, transfer_loss: 0.6951,person_loss: 0.0000, total_Loss: 0.4497
trian begin
trian end
n_person 615
SAMPLE
F1_MI: 0.558029088750371 F1_MA: 0.5774184574513841 ACC_MI: 0.558029088750371 F1_MA: 0.6151434875037896
BEST_F1_MI: 0.6346096764618581 BEST_F1_MA: 0.6285746988809546 BEST_ACC_MI: 0.6346096764618581 BEST_F1_MA: 0.6362798421992966
[[208 670  15   0]
 [160 608  36   0]
 [215 385 146   0]
 [  3   5   0 918]]
Epoch: [30/200], cls_loss: 0.1234, transfer_loss: 0.6927,person_loss: 0.0000, total_Loss: 0.4697
trian begin
trian end
n_person 615
SAMPLE
F1_MI: 0.5639655684179282 F1_MA: 0.5519452046379472 ACC_MI: 0.5639655684179282 F1_MA: 0.5420622917387925
BEST_F1_MI: 0.6346096764618581 BEST_F1_MA: 0.6285746988809546 BEST_ACC_MI: 0.6346096764618581 BEST_F1_MA: 0.6362798421992966
[[101 321 471   0]
 [131 414 259   0]
 [ 63 203 480   0]
 [  5   9   7 905]]
Epoch: [31/200], cls_loss: 0.0823, transfer_loss: 0.6677,person_loss: 0.0000, total_Loss: 0.4161
trian begin
trian end
n_person 615
SAMPLE
F1_MI: 0.5523894330661917 F1_MA: 0.5419348409551682 ACC_MI: 0.5523894330661917 F1_MA: 0.5493902143503349
BEST_F1_MI: 0.6346096764618581 BEST_F1_MA: 0.6285746988809546 BEST_ACC_MI: 0.6346096764618581 BEST_F1_MA: 0.6362798421992966
[[428 200 265   0]
 [473 260  71   0]
 [310 170 266   0]
 [  5  14   0 907]]
Epoch: [32/200], cls_loss: 0.1004, transfer_loss: 0.6078,person_loss: 0.0000, total_Loss: 0.4043
trian begin
trian end
n_person 615
SAMPLE
F1_MI: 0.5791035915701989 F1_MA: 0.5735510005461039 ACC_MI: 0.5791035915701989 F1_MA: 0.5808571319051118
BEST_F1_MI: 0.6346096764618581 BEST_F1_MA: 0.6285746988809546 BEST_ACC_MI: 0.6346096764618581 BEST_F1_MA: 0.6362798421992966
[[378 274 241   0]
 [454 295  55   0]
 [265 115 366   0]
 [ 11   3   0 912]]
Epoch: [33/200], cls_loss: 0.0930, transfer_loss: 0.6528,person_loss: 0.0000, total_Loss: 0.4193
trian begin
trian end
n_person 615
SAMPLE
F1_MI: 0.5690115761353517 F1_MA: 0.5643253344643738 ACC_MI: 0.5690115761353517 F1_MA: 0.5626689812413361
BEST_F1_MI: 0.6346096764618581 BEST_F1_MA: 0.6285746988809546 BEST_ACC_MI: 0.6346096764618581 BEST_F1_MA: 0.6362798421992966
[[131 186 576   0]
 [ 89 408 307   0]
 [157 122 467   0]
 [ 12   2   1 911]]
Epoch: [34/200], cls_loss: 0.0912, transfer_loss: 0.7301,person_loss: 0.0000, total_Loss: 0.4563
trian begin
trian end
n_person 615
SAMPLE
F1_MI: 0.7046601365390324 F1_MA: 0.698223243479384 ACC_MI: 0.7046601365390324 F1_MA: 0.6968911869549966
BEST_F1_MI: 0.7046601365390324 BEST_F1_MA: 0.698223243479384 BEST_ACC_MI: 0.7046601365390324 BEST_F1_MA: 0.6968911869549966
[[494 219 180   0]
 [168 360 276   0]
 [ 65  83 598   0]
 [  1   2   1 922]]
Epoch: [35/200], cls_loss: 0.1142, transfer_loss: 0.6859,person_loss: 0.0000, total_Loss: 0.4572
trian begin
trian end
n_person 615
SAMPLE
F1_MI: 0.6363906203621252 F1_MA: 0.6427600703269953 ACC_MI: 0.6363906203621252 F1_MA: 0.6778635413852319
BEST_F1_MI: 0.7046601365390324 BEST_F1_MA: 0.698223243479384 BEST_ACC_MI: 0.7046601365390324 BEST_F1_MA: 0.6968911869549966
[[733 128  32   0]
 [477 293  34   0]
 [395 152 199   0]
 [  1   5   1 919]]
Epoch: [36/200], cls_loss: 0.0948, transfer_loss: 0.6822,person_loss: 0.0000, total_Loss: 0.4359
trian begin
trian end
n_person 615
SAMPLE
F1_MI: 0.6153161175422974 F1_MA: 0.6011678182060285 ACC_MI: 0.6153161175422974 F1_MA: 0.6023997979373423
BEST_F1_MI: 0.7046601365390324 BEST_F1_MA: 0.698223243479384 BEST_ACC_MI: 0.7046601365390324 BEST_F1_MA: 0.6968911869549966
[[426 271 196   0]
 [227 458 119   0]
 [194 287 265   0]
 [  1   1   0 924]]
Epoch: [37/200], cls_loss: 0.0828, transfer_loss: 0.6855,person_loss: 0.0000, total_Loss: 0.4256
trian begin
trian end
n_person 615
SAMPLE
F1_MI: 0.6663698426832888 F1_MA: 0.6581364841117529 ACC_MI: 0.6663698426832888 F1_MA: 0.6632967065738123
BEST_F1_MI: 0.7046601365390324 BEST_F1_MA: 0.698223243479384 BEST_ACC_MI: 0.7046601365390324 BEST_F1_MA: 0.6968911869549966
[[543 238 112   0]
 [314 389 101   0]
 [150 203 393   0]
 [  5   1   0 920]]
Epoch: [38/200], cls_loss: 0.0923, transfer_loss: 0.6643,person_loss: 0.0000, total_Loss: 0.4244
trian begin
trian end
n_person 615
SAMPLE
F1_MI: 0.6634016028495102 F1_MA: 0.6609561528130361 ACC_MI: 0.6634016028495102 F1_MA: 0.658742754119634
BEST_F1_MI: 0.7046601365390324 BEST_F1_MA: 0.698223243479384 BEST_ACC_MI: 0.7046601365390324 BEST_F1_MA: 0.6968911869549966
[[300 164 429   0]
 [240 394 170   0]
 [ 20 102 624   0]
 [  7   1   1 917]]
Epoch: [39/200], cls_loss: 0.0906, transfer_loss: 0.6901,person_loss: 0.0000, total_Loss: 0.4357
trian begin
trian end
n_person 615
SAMPLE
F1_MI: 0.6913030572870288 F1_MA: 0.6845522684288723 ACC_MI: 0.6913030572870288 F1_MA: 0.6845577111588841
BEST_F1_MI: 0.7046601365390324 BEST_F1_MA: 0.698223243479384 BEST_ACC_MI: 0.7046601365390324 BEST_F1_MA: 0.6968911869549966
[[443 190 260   0]
 [176 479 149   0]
 [ 80 179 487   0]
 [  0   5   1 920]]
Epoch: [40/200], cls_loss: 0.0741, transfer_loss: 0.7002,person_loss: 0.0000, total_Loss: 0.4242
trian begin
trian end
n_person 615
SAMPLE
F1_MI: 0.7100029682398338 F1_MA: 0.7060080844673152 ACC_MI: 0.7100029682398338 F1_MA: 0.7093691656064723
BEST_F1_MI: 0.7100029682398338 BEST_F1_MA: 0.7060080844673152 BEST_ACC_MI: 0.7100029682398338 BEST_F1_MA: 0.7093691656064723
[[542  99 252   0]
 [178 371 255   0]
 [ 78 111 557   0]
 [  0   3   1 922]]
Epoch: [41/200], cls_loss: 0.0646, transfer_loss: 0.6810,person_loss: 0.0000, total_Loss: 0.4051
trian begin
trian end
n_person 615
SAMPLE
F1_MI: 0.709409320273078 F1_MA: 0.7021439803736156 ACC_MI: 0.709409320273078 F1_MA: 0.7015759336620085
BEST_F1_MI: 0.7100029682398338 BEST_F1_MA: 0.7060080844673152 BEST_ACC_MI: 0.7100029682398338 BEST_F1_MA: 0.7093691656064723
[[535  94 264   0]
 [332 374  98   0]
 [ 47 134 565   0]
 [  1   9   0 916]]
Epoch: [42/200], cls_loss: 0.0719, transfer_loss: 0.6851,person_loss: 0.0000, total_Loss: 0.4144
trian begin
trian end
n_person 615
SAMPLE
F1_MI: 0.5529830810329475 F1_MA: 0.5366390701364762 ACC_MI: 0.5529830810329475 F1_MA: 0.5276547257881898
BEST_F1_MI: 0.7100029682398338 BEST_F1_MA: 0.7060080844673152 BEST_ACC_MI: 0.7100029682398338 BEST_F1_MA: 0.7093691656064723
[[ 57 591 245   0]
 [ 62 631 111   0]
 [ 60 432 254   0]
 [  3   2   0 921]]
Epoch: [43/200], cls_loss: 0.0904, transfer_loss: 0.6732,person_loss: 0.0000, total_Loss: 0.4270
trian begin
trian end
n_person 615
SAMPLE
F1_MI: 0.7040664885722766 F1_MA: 0.6991022409325921 ACC_MI: 0.7040664885722766 F1_MA: 0.7029531487715301
BEST_F1_MI: 0.7100029682398338 BEST_F1_MA: 0.7060080844673152 BEST_ACC_MI: 0.7100029682398338 BEST_F1_MA: 0.7093691656064723
[[502 248 143   0]
 [192 504 108   0]
 [ 60 237 449   0]
 [  0   8   1 917]]
Epoch: [44/200], cls_loss: 0.0916, transfer_loss: 0.6738,person_loss: 0.0000, total_Loss: 0.4285
trian begin
trian end
n_person 615
SAMPLE
F1_MI: 0.6859602255862274 F1_MA: 0.6816400248418233 ACC_MI: 0.6859602255862274 F1_MA: 0.6934271869166688
BEST_F1_MI: 0.7100029682398338 BEST_F1_MA: 0.7060080844673152 BEST_ACC_MI: 0.7100029682398338 BEST_F1_MA: 0.7093691656064723
[[583 220  90   0]
 [191 515  98   0]
 [ 41 407 298   0]
 [  3   8   0 915]]
Epoch: [45/200], cls_loss: 0.0704, transfer_loss: 0.6731,person_loss: 0.0000, total_Loss: 0.4069
trian begin
trian end
n_person 615
SAMPLE
F1_MI: 0.6527159394479074 F1_MA: 0.6479384386362885 ACC_MI: 0.6527159394479074 F1_MA: 0.6446350956398141
BEST_F1_MI: 0.7100029682398338 BEST_F1_MA: 0.7060080844673152 BEST_ACC_MI: 0.7100029682398338 BEST_F1_MA: 0.7093691656064723
[[281 437 175   0]
 [259 439 106   0]
 [ 34 147 565   0]
 [  7   5   0 914]]
Epoch: [46/200], cls_loss: 0.0645, transfer_loss: 0.7046,person_loss: 0.0000, total_Loss: 0.4169
trian begin
trian end
n_person 615
SAMPLE
F1_MI: 0.4363312555654497 F1_MA: 0.5253601488203046 ACC_MI: 0.4363312555654497 F1_MA: 0.6214451131398735
BEST_F1_MI: 0.7100029682398338 BEST_F1_MA: 0.7060080844673152 BEST_ACC_MI: 0.7100029682398338 BEST_F1_MA: 0.7093691656064723
[[284 578  31   0]
 [129 617  58   0]
 [  9 276 461   0]
 [809   9   0 108]]
Epoch: [47/200], cls_loss: 0.0657, transfer_loss: 0.6910,person_loss: 0.0000, total_Loss: 0.4113
trian begin
trian end
n_person 615
SAMPLE
F1_MI: 0.632828732561591 F1_MA: 0.6370578861984895 ACC_MI: 0.632828732561591 F1_MA: 0.6563231843287106
BEST_F1_MI: 0.7100029682398338 BEST_F1_MA: 0.7060080844673152 BEST_ACC_MI: 0.7100029682398338 BEST_F1_MA: 0.7093691656064723
[[423 399  71   0]
 [233 515  56   0]
 [146 324 276   0]
 [  1   7   0 918]]
Epoch: [48/200], cls_loss: 0.0641, transfer_loss: 0.6906,person_loss: 0.0000, total_Loss: 0.4094
trian begin
trian end
n_person 615
SAMPLE
F1_MI: 0.695161769070941 F1_MA: 0.6850075185448008 ACC_MI: 0.695161769070941 F1_MA: 0.6833178023145077
BEST_F1_MI: 0.7100029682398338 BEST_F1_MA: 0.7060080844673152 BEST_ACC_MI: 0.7100029682398338 BEST_F1_MA: 0.7093691656064723
[[536 194 163   0]
 [345 355 104   0]
 [ 39 177 530   0]
 [  1   4   0 921]]
Epoch: [49/200], cls_loss: 0.0684, transfer_loss: 0.6846,person_loss: 0.0000, total_Loss: 0.4107
trian begin
trian end
n_person 615
SAMPLE
F1_MI: 0.580884535470466 F1_MA: 0.5856769506308939 ACC_MI: 0.580884535470466 F1_MA: 0.5950212696088942
BEST_F1_MI: 0.7100029682398338 BEST_F1_MA: 0.7060080844673152 BEST_ACC_MI: 0.7100029682398338 BEST_F1_MA: 0.7093691656064723
[[ 96 538 259   0]
 [ 67 573 163   1]
 [ 14 364 366   2]
 [  4   0   0 922]]
Epoch: [50/200], cls_loss: 0.0909, transfer_loss: 0.6789,person_loss: 0.0000, total_Loss: 0.4303
trian begin
trian end
n_person 615
SAMPLE
F1_MI: 0.6482635796972396 F1_MA: 0.6411148232762558 ACC_MI: 0.6482635796972396 F1_MA: 0.634123470593737
BEST_F1_MI: 0.7100029682398338 BEST_F1_MA: 0.7060080844673152 BEST_ACC_MI: 0.7100029682398338 BEST_F1_MA: 0.7093691656064723
[[256 332 305   0]
 [236 402 166   0]
 [  8 130 608   0]
 [  0   8   0 918]]
Epoch: [51/200], cls_loss: 0.0735, transfer_loss: 0.7045,person_loss: 0.0000, total_Loss: 0.4257
trian begin
trian end
n_person 615
SAMPLE
F1_MI: 0.6568714752151974 F1_MA: 0.6485946423534491 ACC_MI: 0.6568714752151974 F1_MA: 0.6467478473913584
BEST_F1_MI: 0.7100029682398338 BEST_F1_MA: 0.7060080844673152 BEST_ACC_MI: 0.7100029682398338 BEST_F1_MA: 0.7093691656064723
[[404 262 227   0]
 [271 373 160   0]
 [ 33 196 517   0]
 [  2   4   1 919]]
Epoch: [52/200], cls_loss: 0.0783, transfer_loss: 0.6825,person_loss: 0.0000, total_Loss: 0.4196
trian begin
trian end
n_person 615
SAMPLE
F1_MI: 0.6856634016028496 F1_MA: 0.6797648181448661 ACC_MI: 0.6856634016028496 F1_MA: 0.6862001264599665
BEST_F1_MI: 0.7100029682398338 BEST_F1_MA: 0.7060080844673152 BEST_ACC_MI: 0.7100029682398338 BEST_F1_MA: 0.7093691656064723
[[566 229  98   0]
 [333 394  74   3]
 [ 73 243 430   0]
 [  5   1   0 920]]
Epoch: [53/200], cls_loss: 0.0694, transfer_loss: 0.7016,person_loss: 0.0000, total_Loss: 0.4203
trian begin
trian end
n_person 615
SAMPLE
F1_MI: 0.634906500445236 F1_MA: 0.6237782863007727 ACC_MI: 0.634906500445236 F1_MA: 0.6249070913411712
BEST_F1_MI: 0.7100029682398338 BEST_F1_MA: 0.7060080844673152 BEST_ACC_MI: 0.7100029682398338 BEST_F1_MA: 0.7093691656064723
[[449 110 334   0]
 [252 389 163   0]
 [132 234 380   0]
 [  3   2   0 921]]
Epoch: [54/200], cls_loss: 0.0576, transfer_loss: 0.6330,person_loss: 0.0000, total_Loss: 0.3740
trian begin
trian end
n_person 615
SAMPLE
F1_MI: 0.6794300979519146 F1_MA: 0.673425081236163 ACC_MI: 0.6794300979519146 F1_MA: 0.6775465882788659
BEST_F1_MI: 0.7100029682398338 BEST_F1_MA: 0.7060080844673152 BEST_ACC_MI: 0.7100029682398338 BEST_F1_MA: 0.7093691656064723
[[527 171 195   0]
 [403 364  37   0]
 [140 127 479   0]
 [  0   6   1 919]]
Epoch: [55/200], cls_loss: 0.0656, transfer_loss: 0.7016,person_loss: 0.0000, total_Loss: 0.4164
trian begin
trian end
n_person 615
SAMPLE
F1_MI: 0.7156426239240131 F1_MA: 0.714044796741741 ACC_MI: 0.715642623924013 F1_MA: 0.7263740518788722
BEST_F1_MI: 0.7156426239240131 BEST_F1_MA: 0.714044796741741 BEST_ACC_MI: 0.715642623924013 BEST_F1_MA: 0.7263740518788722
[[725 106  62   0]
 [537 245  22   0]
 [104 121 521   0]
 [  2   3   1 920]]
Epoch: [56/200], cls_loss: 0.0463, transfer_loss: 0.7057,person_loss: 0.0000, total_Loss: 0.3991
trian begin
trian end
n_person 615
SAMPLE
F1_MI: 0.734639358860196 F1_MA: 0.7292189338388149 ACC_MI: 0.7346393588601959 F1_MA: 0.7289070518577228
BEST_F1_MI: 0.734639358860196 BEST_F1_MA: 0.7292189338388149 BEST_ACC_MI: 0.7346393588601959 BEST_F1_MA: 0.7289070518577228
[[525 251 117   0]
 [265 455  84   0]
 [ 22 149 575   0]
 [  2   4   0 920]]
Epoch: [57/200], cls_loss: 0.0630, transfer_loss: 0.6929,person_loss: 0.0000, total_Loss: 0.4095
trian begin
trian end
n_person 615
SAMPLE
F1_MI: 0.7230632235084595 F1_MA: 0.7187832088419502 ACC_MI: 0.7230632235084595 F1_MA: 0.7243048795172549
BEST_F1_MI: 0.734639358860196 BEST_F1_MA: 0.7292189338388149 BEST_ACC_MI: 0.7346393588601959 BEST_F1_MA: 0.7289070518577228
[[630 187  76   0]
 [410 347  47   0]
 [ 77 129 540   0]
 [  3   4   0 919]]
Epoch: [58/200], cls_loss: 0.0578, transfer_loss: 0.6963,person_loss: 0.0000, total_Loss: 0.4060
trian begin
trian end
n_person 615
SAMPLE
F1_MI: 0.7108934401899673 F1_MA: 0.7031671757130847 ACC_MI: 0.7108934401899674 F1_MA: 0.6998296541411894
BEST_F1_MI: 0.734639358860196 BEST_F1_MA: 0.7292189338388149 BEST_ACC_MI: 0.7346393588601959 BEST_F1_MA: 0.7289070518577228
[[482 161 250   0]
 [297 398 109   0]
 [ 19 131 596   0]
 [  3   4   0 919]]
Epoch: [59/200], cls_loss: 0.0501, transfer_loss: 0.6819,person_loss: 0.0000, total_Loss: 0.3910
trian begin
trian end
n_person 615
SAMPLE
F1_MI: 0.6304541406945681 F1_MA: 0.6281187255898564 ACC_MI: 0.6304541406945681 F1_MA: 0.6294772607443886
BEST_F1_MI: 0.734639358860196 BEST_F1_MA: 0.7292189338388149 BEST_ACC_MI: 0.7346393588601959 BEST_F1_MA: 0.7289070518577228
[[209 428 256   0]
 [139 564 101   0]
 [ 48 266 432   0]
 [  3   3   1 919]]
Epoch: [60/200], cls_loss: 0.0516, transfer_loss: 0.7075,person_loss: 0.0000, total_Loss: 0.4054
trian begin
trian end
n_person 615
SAMPLE
F1_MI: 0.7132680320569902 F1_MA: 0.7042101292593771 ACC_MI: 0.7132680320569902 F1_MA: 0.704314939472183
BEST_F1_MI: 0.734639358860196 BEST_F1_MA: 0.7292189338388149 BEST_ACC_MI: 0.7346393588601959 BEST_F1_MA: 0.7289070518577228
[[589 152 152   0]
 [374 368  62   0]
 [ 12 206 528   0]
 [  3   5   0 918]]
Epoch: [61/200], cls_loss: 0.0542, transfer_loss: 0.6916,person_loss: 0.0000, total_Loss: 0.4000
trian begin
trian end
n_person 615
SAMPLE
F1_MI: 0.6963490650044524 F1_MA: 0.6849593694503755 ACC_MI: 0.6963490650044524 F1_MA: 0.6848750655941573
BEST_F1_MI: 0.734639358860196 BEST_F1_MA: 0.7292189338388149 BEST_ACC_MI: 0.7346393588601959 BEST_F1_MA: 0.7289070518577228
[[644 111 138   0]
 [464 257  83   0]
 [ 57 156 533   0]
 [  5   9   0 912]]
Epoch: [62/200], cls_loss: 0.0424, transfer_loss: 0.6956,person_loss: 0.0000, total_Loss: 0.3902
trian begin
trian end
n_person 615
SAMPLE
F1_MI: 0.6509349955476402 F1_MA: 0.646496648462251 ACC_MI: 0.6509349955476402 F1_MA: 0.6438748276172204
BEST_F1_MI: 0.734639358860196 BEST_F1_MA: 0.7292189338388149 BEST_ACC_MI: 0.7346393588601959 BEST_F1_MA: 0.7289070518577228
[[304 247 342   0]
 [226 389 189   0]
 [  2 159 585   0]
 [  6   5   0 915]]
Epoch: [63/200], cls_loss: 0.0576, transfer_loss: 0.7006,person_loss: 0.0000, total_Loss: 0.4079
trian begin
trian end
n_person 615
SAMPLE
F1_MI: 0.6663698426832888 F1_MA: 0.6578954907060481 ACC_MI: 0.6663698426832888 F1_MA: 0.6604663753427977
BEST_F1_MI: 0.734639358860196 BEST_F1_MA: 0.7292189338388149 BEST_ACC_MI: 0.7346393588601959 BEST_F1_MA: 0.7289070518577228
[[550 208 135   0]
 [409 308  87   0]
 [ 92 176 478   0]
 [ 10   7   0 909]]
Epoch: [64/200], cls_loss: 0.0688, transfer_loss: 0.6923,person_loss: 0.0000, total_Loss: 0.4149
trian begin
trian end
n_person 615
SAMPLE
F1_MI: 0.5856337192045117 F1_MA: 0.5879791085652587 ACC_MI: 0.5856337192045117 F1_MA: 0.5956233748326294
BEST_F1_MI: 0.734639358860196 BEST_F1_MA: 0.7292189338388149 BEST_ACC_MI: 0.7346393588601959 BEST_F1_MA: 0.7289070518577228
[[276  44 573   0]
 [275 244 285   0]
 [ 49 158 539   0]
 [  5   5   2 914]]
Epoch: [65/200], cls_loss: 0.0392, transfer_loss: 0.6874,person_loss: 0.0000, total_Loss: 0.3829
trian begin
trian end
n_person 615
SAMPLE
F1_MI: 0.587117839121401 F1_MA: 0.5955946535044074 ACC_MI: 0.587117839121401 F1_MA: 0.6143171446290481
BEST_F1_MI: 0.734639358860196 BEST_F1_MA: 0.7292189338388149 BEST_ACC_MI: 0.7346393588601959 BEST_F1_MA: 0.7289070518577228
[[269 222 402   0]
 [ 91 494 219   0]
 [  3 420 323   0]
 [ 32   2   0 892]]
Epoch: [66/200], cls_loss: 0.0483, transfer_loss: 0.6938,person_loss: 0.0000, total_Loss: 0.3952
trian begin
trian end
n_person 615
SAMPLE
F1_MI: 0.6467794597803502 F1_MA: 0.6441422994867373 ACC_MI: 0.6467794597803502 F1_MA: 0.649310995024476
BEST_F1_MI: 0.734639358860196 BEST_F1_MA: 0.7292189338388149 BEST_ACC_MI: 0.7346393588601959 BEST_F1_MA: 0.7289070518577228
[[370 272 251   0]
 [187 448 169   0]
 [ 17 288 441   0]
 [  2   4   0 920]]
Epoch: [67/200], cls_loss: 0.0456, transfer_loss: 0.6961,person_loss: 0.0000, total_Loss: 0.3936
trian begin
trian end
n_person 615
SAMPLE
F1_MI: 0.6316414366280796 F1_MA: 0.6135081045438778 ACC_MI: 0.6316414366280796 F1_MA: 0.6137017092940615
BEST_F1_MI: 0.734639358860196 BEST_F1_MA: 0.7292189338388149 BEST_ACC_MI: 0.7346393588601959 BEST_F1_MA: 0.7289070518577228
[[614  88 191   0]
 [468 249  87   0]
 [ 18 383 345   0]
 [  4   2   0 920]]
Epoch: [68/200], cls_loss: 0.0457, transfer_loss: 0.6913,person_loss: 0.0000, total_Loss: 0.3913
trian begin
trian end
n_person 615
SAMPLE
F1_MI: 0.6444048679133274 F1_MA: 0.6342454707542806 ACC_MI: 0.6444048679133274 F1_MA: 0.6384136842313117
BEST_F1_MI: 0.734639358860196 BEST_F1_MA: 0.7292189338388149 BEST_ACC_MI: 0.7346393588601959 BEST_F1_MA: 0.7289070518577228
[[495 191 207   0]
 [279 421 104   0]
 [ 33 378 335   0]
 [  3   3   0 920]]
Epoch: [69/200], cls_loss: 0.0542, transfer_loss: 0.6955,person_loss: 0.0000, total_Loss: 0.4019
trian begin
trian end
n_person 615
SAMPLE
F1_MI: 0.661620658949243 F1_MA: 0.6542510846921376 ACC_MI: 0.661620658949243 F1_MA: 0.6633273083493892
BEST_F1_MI: 0.734639358860196 BEST_F1_MA: 0.7292189338388149 BEST_ACC_MI: 0.7346393588601959 BEST_F1_MA: 0.7289070518577228
[[573 203 117   0]
 [295 420  89   0]
 [ 25 403 318   0]
 [  2   5   1 918]]
Epoch: [70/200], cls_loss: 0.0411, transfer_loss: 0.6961,person_loss: 0.0000, total_Loss: 0.3892
trian begin
trian end
n_person 615
SAMPLE
F1_MI: 0.7402790145443752 F1_MA: 0.7305157195846107 ACC_MI: 0.7402790145443752 F1_MA: 0.7271434736393685
BEST_F1_MI: 0.7402790145443752 BEST_F1_MA: 0.7305157195846107 BEST_ACC_MI: 0.7402790145443752 BEST_F1_MA: 0.7289070518577228
[[599 138 156   0]
 [273 368 163   0]
 [  7 132 607   0]
 [  0   5   1 920]]
Epoch: [71/200], cls_loss: 0.0304, transfer_loss: 0.6946,person_loss: 0.0000, total_Loss: 0.3777
trian begin
trian end
n_person 615
SAMPLE
F1_MI: 0.6447016918967052 F1_MA: 0.6414429320766617 ACC_MI: 0.6447016918967052 F1_MA: 0.652349087336129
BEST_F1_MI: 0.7402790145443752 BEST_F1_MA: 0.7305157195846107 BEST_ACC_MI: 0.7402790145443752 BEST_F1_MA: 0.7289070518577228
[[476 265 152   0]
 [301 452  50   1]
 [ 30 390 326   0]
 [  6   2   0 918]]
Epoch: [72/200], cls_loss: 0.0524, transfer_loss: 0.7027,person_loss: 0.0000, total_Loss: 0.4037
trian begin
trian end
n_person 615
SAMPLE
F1_MI: 0.663995250816266 F1_MA: 0.6648747228656482 ACC_MI: 0.663995250816266 F1_MA: 0.6672423508793979
BEST_F1_MI: 0.7402790145443752 BEST_F1_MA: 0.7305157195846107 BEST_ACC_MI: 0.7402790145443752 BEST_F1_MA: 0.7289070518577228
[[306 321 266   0]
 [156 465 183   0]
 [  3 183 560   0]
 [ 16   2   2 906]]
Epoch: [73/200], cls_loss: 0.0590, transfer_loss: 0.6927,person_loss: 0.0000, total_Loss: 0.4053
trian begin
trian end
n_person 615
SAMPLE
F1_MI: 0.6319382606114574 F1_MA: 0.6270753697819282 ACC_MI: 0.6319382606114574 F1_MA: 0.6320872780636803
BEST_F1_MI: 0.7402790145443752 BEST_F1_MA: 0.7305157195846107 BEST_ACC_MI: 0.7402790145443752 BEST_F1_MA: 0.7289070518577228
[[354 224 315   0]
 [142 491 171   0]
 [ 67 315 364   0]
 [  4   2   0 920]]
Epoch: [74/200], cls_loss: 0.0486, transfer_loss: 0.6942,person_loss: 0.0000, total_Loss: 0.3957
trian begin
trian end
n_person 615
SAMPLE
F1_MI: 0.7008014247551202 F1_MA: 0.697514149867817 ACC_MI: 0.7008014247551202 F1_MA: 0.7133533968538627
BEST_F1_MI: 0.7402790145443752 BEST_F1_MA: 0.7305157195846107 BEST_ACC_MI: 0.7402790145443752 BEST_F1_MA: 0.7289070518577228
[[795  28  70   0]
 [556 207  41   0]
 [154 154 438   0]
 [  2   3   0 921]]
Epoch: [75/200], cls_loss: 0.0374, transfer_loss: 0.6987,person_loss: 0.0000, total_Loss: 0.3867
trian begin
trian end
n_person 615
SAMPLE
F1_MI: 0.6601365390323538 F1_MA: 0.6548024083433703 ACC_MI: 0.6601365390323538 F1_MA: 0.6702872440295577
BEST_F1_MI: 0.7402790145443752 BEST_F1_MA: 0.7305157195846107 BEST_ACC_MI: 0.7402790145443752 BEST_F1_MA: 0.7289070518577228
[[712  81 100   0]
 [537 257  10   0]
 [124 285 337   0]
 [  5   3   0 918]]
Epoch: [76/200], cls_loss: 0.0394, transfer_loss: 0.6837,person_loss: 0.0000, total_Loss: 0.3813
trian begin
trian end
n_person 615
SAMPLE
F1_MI: 0.6506381715642624 F1_MA: 0.6503281272028022 ACC_MI: 0.6506381715642624 F1_MA: 0.6534636105627862
BEST_F1_MI: 0.7402790145443752 BEST_F1_MA: 0.7305157195846107 BEST_ACC_MI: 0.7402790145443752 BEST_F1_MA: 0.7289070518577228
[[298 275 320   0]
 [168 487 149   0]
 [  3 244 499   0]
 [ 15   3   0 908]]
Epoch: [77/200], cls_loss: 0.0390, transfer_loss: 0.7040,person_loss: 0.0000, total_Loss: 0.3910
trian begin
trian end
n_person 615
SAMPLE
F1_MI: 0.6254081329771446 F1_MA: 0.617747940098492 ACC_MI: 0.6254081329771446 F1_MA: 0.6184987975293161
BEST_F1_MI: 0.7402790145443752 BEST_F1_MA: 0.7305157195846107 BEST_ACC_MI: 0.7402790145443752 BEST_F1_MA: 0.7289070518577228
[[350 261 282   0]
 [322 416  66   0]
 [ 23 299 424   0]
 [  4   5   0 917]]
Epoch: [78/200], cls_loss: 0.0450, transfer_loss: 0.6928,person_loss: 0.0000, total_Loss: 0.3914
trian begin
trian end
n_person 615
SAMPLE
F1_MI: 0.6352033244286138 F1_MA: 0.634873365482737 ACC_MI: 0.6352033244286138 F1_MA: 0.6548006257750064
BEST_F1_MI: 0.7402790145443752 BEST_F1_MA: 0.7305157195846107 BEST_ACC_MI: 0.7402790145443752 BEST_F1_MA: 0.7289070518577228
[[595 195 103   0]
 [442 356   6   0]
 [111 361 274   0]
 [  7   4   0 915]]
Epoch: [79/200], cls_loss: 0.0444, transfer_loss: 0.6776,person_loss: 0.0000, total_Loss: 0.3832
trian begin
trian end
n_person 615
SAMPLE
F1_MI: 0.7221727515583259 F1_MA: 0.7140810600062725 ACC_MI: 0.7221727515583259 F1_MA: 0.7136187287243123
BEST_F1_MI: 0.7402790145443752 BEST_F1_MA: 0.7305157195846107 BEST_ACC_MI: 0.7402790145443752 BEST_F1_MA: 0.7289070518577228
[[553 149 191   0]
 [276 445  83   0]
 [ 58 167 521   0]
 [  0  12   0 914]]
Epoch: [80/200], cls_loss: 0.0443, transfer_loss: 0.7016,person_loss: 0.0000, total_Loss: 0.3951
trian begin
trian end
n_person 615
SAMPLE
F1_MI: 0.6895221133867616 F1_MA: 0.6813863329042615 ACC_MI: 0.6895221133867616 F1_MA: 0.6879926783069359
BEST_F1_MI: 0.7402790145443752 BEST_F1_MA: 0.7305157195846107 BEST_ACC_MI: 0.7402790145443752 BEST_F1_MA: 0.7289070518577228
[[657 107 129   0]
 [456 309  39   0]
 [ 93 215 438   0]
 [  3   2   2 919]]
Epoch: [81/200], cls_loss: 0.0412, transfer_loss: 0.6846,person_loss: 0.0000, total_Loss: 0.3835
trian begin
trian end
n_person 615
SAMPLE
F1_MI: 0.659839715048976 F1_MA: 0.6577080047993596 ACC_MI: 0.659839715048976 F1_MA: 0.6565013586224726
BEST_F1_MI: 0.7402790145443752 BEST_F1_MA: 0.7305157195846107 BEST_ACC_MI: 0.7402790145443752 BEST_F1_MA: 0.7289070518577228
[[261 292 340   0]
 [177 485 142   0]
 [  3 186 557   0]
 [  3   2   1 920]]
Epoch: [82/200], cls_loss: 0.0464, transfer_loss: 0.7042,person_loss: 0.0000, total_Loss: 0.3985
trian begin
trian end
n_person 615
SAMPLE
F1_MI: 0.6797269219352924 F1_MA: 0.6797473553559793 ACC_MI: 0.6797269219352924 F1_MA: 0.6986869183841646
BEST_F1_MI: 0.7402790145443752 BEST_F1_MA: 0.7305157195846107 BEST_ACC_MI: 0.7402790145443752 BEST_F1_MA: 0.7289070518577228
[[688 133  72   0]
 [469 328   7   0]
 [ 55 334 357   0]
 [  7   2   0 917]]
Epoch: [83/200], cls_loss: 0.0338, transfer_loss: 0.7013,person_loss: 0.0000, total_Loss: 0.3844
trian begin
trian end
n_person 615
SAMPLE
F1_MI: 0.7153457999406352 F1_MA: 0.7204622620982609 ACC_MI: 0.7153457999406352 F1_MA: 0.7369420141994634
BEST_F1_MI: 0.7402790145443752 BEST_F1_MA: 0.7305157195846107 BEST_ACC_MI: 0.7402790145443752 BEST_F1_MA: 0.7369420141994634
[[539 273  81   0]
 [218 549  37   0]
 [  9 335 402   0]
 [  2   4   0 920]]
Epoch: [84/200], cls_loss: 0.0325, transfer_loss: 0.6857,person_loss: 0.0000, total_Loss: 0.3753
trian begin
trian end
n_person 615
SAMPLE
F1_MI: 0.6737904422677352 F1_MA: 0.6721776988705674 ACC_MI: 0.6737904422677352 F1_MA: 0.680259059071038
BEST_F1_MI: 0.7402790145443752 BEST_F1_MA: 0.7305157195846107 BEST_ACC_MI: 0.7402790145443752 BEST_F1_MA: 0.7369420141994634
[[420 315 158   0]
 [199 549  56   0]
 [ 67 299 380   0]
 [  2   3   0 921]]
Epoch: [85/200], cls_loss: 0.0395, transfer_loss: 0.6987,person_loss: 0.0000, total_Loss: 0.3889
trian begin
trian end
n_person 615
SAMPLE
F1_MI: 0.6880379934698724 F1_MA: 0.6799370975361904 ACC_MI: 0.6880379934698724 F1_MA: 0.6877382993714115
BEST_F1_MI: 0.7402790145443752 BEST_F1_MA: 0.7305157195846107 BEST_ACC_MI: 0.7402790145443752 BEST_F1_MA: 0.7369420141994634
[[716 106  71   0]
 [579 207  18   0]
 [ 24 248 474   0]
 [  2   3   0 921]]
Epoch: [86/200], cls_loss: 0.0428, transfer_loss: 0.6947,person_loss: 0.0000, total_Loss: 0.3901
trian begin
trian end
n_person 615
SAMPLE
F1_MI: 0.6129415256752746 F1_MA: 0.5990009395367729 ACC_MI: 0.6129415256752746 F1_MA: 0.6094705572619896
BEST_F1_MI: 0.7402790145443752 BEST_F1_MA: 0.7305157195846107 BEST_ACC_MI: 0.7402790145443752 BEST_F1_MA: 0.7369420141994634
[[719  30 144   0]
 [619 152  33   0]
 [258 212 276   0]
 [  0   8   0 918]]
Epoch: [87/200], cls_loss: 0.0395, transfer_loss: 0.6462,person_loss: 0.0000, total_Loss: 0.3626
trian begin
trian end
n_person 615
SAMPLE
F1_MI: 0.6007717423567824 F1_MA: 0.5892089584559413 ACC_MI: 0.6007717423567824 F1_MA: 0.5849566569388475
BEST_F1_MI: 0.7402790145443752 BEST_F1_MA: 0.7305157195846107 BEST_ACC_MI: 0.7402790145443752 BEST_F1_MA: 0.7369420141994634
[[328 207 358   0]
 [448 284  66   6]
 [ 84 168 494   0]
 [  5   3   0 918]]
Epoch: [88/200], cls_loss: 0.0396, transfer_loss: 0.6825,person_loss: 0.0000, total_Loss: 0.3808
trian begin
trian end
n_person 615
SAMPLE
F1_MI: 0.6604333630157316 F1_MA: 0.651070792114249 ACC_MI: 0.6604333630157316 F1_MA: 0.6510322569348332
BEST_F1_MI: 0.7402790145443752 BEST_F1_MA: 0.7305157195846107 BEST_ACC_MI: 0.7402790145443752 BEST_F1_MA: 0.7369420141994634
[[523 201 169   0]
 [530 246  27   1]
 [ 26 181 539   0]
 [  6   3   0 917]]
Epoch: [89/200], cls_loss: 0.0264, transfer_loss: 0.6906,person_loss: 0.0000, total_Loss: 0.3717
trian begin
trian end
n_person 615
SAMPLE
F1_MI: 0.7016918967052538 F1_MA: 0.6939049729607745 ACC_MI: 0.7016918967052538 F1_MA: 0.6991399591310288
BEST_F1_MI: 0.7402790145443752 BEST_F1_MA: 0.7305157195846107 BEST_ACC_MI: 0.7402790145443752 BEST_F1_MA: 0.7369420141994634
[[710  66 117   0]
 [589 200  15   0]
 [ 51 154 541   0]
 [  7   6   0 913]]
Epoch: [90/200], cls_loss: 0.0335, transfer_loss: 0.6957,person_loss: 0.0000, total_Loss: 0.3813
trian begin
trian end
n_person 615
SAMPLE
F1_MI: 0.663995250816266 F1_MA: 0.6624827311046367 ACC_MI: 0.663995250816266 F1_MA: 0.6662040687648005
BEST_F1_MI: 0.7402790145443752 BEST_F1_MA: 0.7305157195846107 BEST_ACC_MI: 0.7402790145443752 BEST_F1_MA: 0.7369420141994634
[[436 327 130   0]
 [399 360  45   0]
 [ 32 165 549   0]
 [ 32   2   0 892]]
Epoch: [91/200], cls_loss: 0.0314, transfer_loss: 0.6870,person_loss: 0.0000, total_Loss: 0.3749
trian begin
trian end
n_person 615
SAMPLE
F1_MI: 0.7135648560403681 F1_MA: 0.7052881136342244 ACC_MI: 0.713564856040368 F1_MA: 0.7088553610887356
BEST_F1_MI: 0.7402790145443752 BEST_F1_MA: 0.7305157195846107 BEST_ACC_MI: 0.7402790145443752 BEST_F1_MA: 0.7369420141994634
[[654 141  98   0]
 [418 328  58   0]
 [ 45 198 503   0]
 [  0   7   0 919]]
Epoch: [92/200], cls_loss: 0.0368, transfer_loss: 0.7002,person_loss: 0.0000, total_Loss: 0.3869
trian begin
trian end
n_person 615
SAMPLE
F1_MI: 0.6604333630157316 F1_MA: 0.6624771215795804 ACC_MI: 0.6604333630157316 F1_MA: 0.6748380670763381
BEST_F1_MI: 0.7402790145443752 BEST_F1_MA: 0.7305157195846107 BEST_ACC_MI: 0.7402790145443752 BEST_F1_MA: 0.7369420141994634
[[467 335  91   0]
 [396 383  25   0]
 [106 187 453   0]
 [  2   2   0 922]]
Epoch: [93/200], cls_loss: 0.0377, transfer_loss: 0.6885,person_loss: 0.0000, total_Loss: 0.3820
trian begin
trian end
n_person 615
SAMPLE
F1_MI: 0.667853962600178 F1_MA: 0.6612155859072325 ACC_MI: 0.667853962600178 F1_MA: 0.6654814130071616
BEST_F1_MI: 0.7402790145443752 BEST_F1_MA: 0.7305157195846107 BEST_ACC_MI: 0.7402790145443752 BEST_F1_MA: 0.7369420141994634
[[522 227 144   0]
 [389 351  64   0]
 [123 163 460   0]
 [  6   2   1 917]]
Epoch: [94/200], cls_loss: 0.0314, transfer_loss: 0.6937,person_loss: 0.0000, total_Loss: 0.3783
trian begin
trian end
n_person 615
SAMPLE
F1_MI: 0.6568714752151974 F1_MA: 0.6490515132004032 ACC_MI: 0.6568714752151974 F1_MA: 0.6454508153166958
BEST_F1_MI: 0.7402790145443752 BEST_F1_MA: 0.7305157195846107 BEST_ACC_MI: 0.7402790145443752 BEST_F1_MA: 0.7369420141994634
[[367 275 251   0]
 [266 389 149   0]
 [ 60 139 547   0]
 [  2  14   0 910]]
Epoch: [95/200], cls_loss: 0.0246, transfer_loss: 0.6962,person_loss: 0.0000, total_Loss: 0.3727
trian begin
trian end
n_person 615
SAMPLE
F1_MI: 0.7287028791926388 F1_MA: 0.7288826440700615 ACC_MI: 0.7287028791926388 F1_MA: 0.7424174965463505
BEST_F1_MI: 0.7402790145443752 BEST_F1_MA: 0.7305157195846107 BEST_ACC_MI: 0.7402790145443752 BEST_F1_MA: 0.7424174965463505
[[736 106  51   0]
 [524 271   9   0]
 [ 76 139 531   0]
 [  7   2   0 917]]
Epoch: [96/200], cls_loss: 0.0296, transfer_loss: 0.6914,person_loss: 0.0000, total_Loss: 0.3753
trian begin
trian end
n_person 615
SAMPLE
F1_MI: 0.6904125853368952 F1_MA: 0.6799556315973692 ACC_MI: 0.6904125853368952 F1_MA: 0.6805147839711763
BEST_F1_MI: 0.7402790145443752 BEST_F1_MA: 0.7305157195846107 BEST_ACC_MI: 0.7402790145443752 BEST_F1_MA: 0.7424174965463505
[[558 184 151   0]
 [293 388 122   1]
 [ 50 236 460   0]
 [  4   2   0 920]]
Epoch: [97/200], cls_loss: 0.0328, transfer_loss: 0.6933,person_loss: 0.0000, total_Loss: 0.3794
trian begin
trian end
n_person 615
SAMPLE
F1_MI: 0.682398337785693 F1_MA: 0.6699943292885653 ACC_MI: 0.682398337785693 F1_MA: 0.6707414077631214
BEST_F1_MI: 0.7402790145443752 BEST_F1_MA: 0.7305157195846107 BEST_ACC_MI: 0.7402790145443752 BEST_F1_MA: 0.7424174965463505
[[601  84 208   0]
 [325 330 149   0]
 [120 180 446   0]
 [  3   1   0 922]]
Epoch: [98/200], cls_loss: 0.0319, transfer_loss: 0.6979,person_loss: 0.0000, total_Loss: 0.3809
trian begin
trian end
n_person 615
SAMPLE
F1_MI: 0.5693084001187296 F1_MA: 0.5652493697306552 ACC_MI: 0.5693084001187296 F1_MA: 0.5680399613393914
BEST_F1_MI: 0.7402790145443752 BEST_F1_MA: 0.7305157195846107 BEST_ACC_MI: 0.7402790145443752 BEST_F1_MA: 0.7424174965463505
[[282 280 331   0]
 [201 419 184   0]
 [173 194 379   0]
 [ 87   1   0 838]]
Epoch: [99/200], cls_loss: 0.0298, transfer_loss: 0.6473,person_loss: 0.0000, total_Loss: 0.3534
trian begin
trian end
n_person 615
SAMPLE
F1_MI: 0.6862570495696052 F1_MA: 0.6827398216683076 ACC_MI: 0.6862570495696052 F1_MA: 0.6825709225525043
BEST_F1_MI: 0.7402790145443752 BEST_F1_MA: 0.7305157195846107 BEST_ACC_MI: 0.7402790145443752 BEST_F1_MA: 0.7424174965463505
[[400 207 286   0]
 [193 420 191   0]
 [ 23 147 576   0]
 [  5   5   0 916]]
Epoch: [100/200], cls_loss: 0.0513, transfer_loss: 0.7046,person_loss: 0.0000, total_Loss: 0.4036
trian begin
trian end
n_person 615
SAMPLE
F1_MI: 0.6913030572870288 F1_MA: 0.6809533269189388 ACC_MI: 0.6913030572870288 F1_MA: 0.6818638463963211
BEST_F1_MI: 0.7402790145443752 BEST_F1_MA: 0.7305157195846107 BEST_ACC_MI: 0.7402790145443752 BEST_F1_MA: 0.7424174965463505
[[554 153 186   0]
 [277 420 107   0]
 [ 53 255 438   0]
 [  2   7   0 917]]
Epoch: [101/200], cls_loss: 0.0274, transfer_loss: 0.6896,person_loss: 0.0000, total_Loss: 0.3723
trian begin
trian end
n_person 615
SAMPLE
F1_MI: 0.6705253784505788 F1_MA: 0.6567165818333667 ACC_MI: 0.6705253784505788 F1_MA: 0.6590493364192438
BEST_F1_MI: 0.7402790145443752 BEST_F1_MA: 0.7305157195846107 BEST_ACC_MI: 0.7402790145443752 BEST_F1_MA: 0.7424174965463505
[[635 105 153   0]
 [378 331  95   0]
 [ 83 285 378   0]
 [  8   3   0 915]]
Epoch: [102/200], cls_loss: 0.0285, transfer_loss: 0.6973,person_loss: 0.0000, total_Loss: 0.3771
trian begin
trian end
n_person 615
SAMPLE
F1_MI: 0.6426239240130602 F1_MA: 0.634063062019506 ACC_MI: 0.6426239240130602 F1_MA: 0.6360330420015562
BEST_F1_MI: 0.7402790145443752 BEST_F1_MA: 0.7305157195846107 BEST_ACC_MI: 0.7402790145443752 BEST_F1_MA: 0.7424174965463505
[[437 180 276   0]
 [201 402 201   0]
 [ 80 255 411   0]
 [  5   6   0 915]]
Epoch: [103/200], cls_loss: 0.0375, transfer_loss: 0.6935,person_loss: 0.0000, total_Loss: 0.3842
trian begin
trian end
n_person 615
SAMPLE
F1_MI: 0.701395072721876 F1_MA: 0.6940860324796505 ACC_MI: 0.701395072721876 F1_MA: 0.7058911930371711
BEST_F1_MI: 0.7402790145443752 BEST_F1_MA: 0.7305157195846107 BEST_ACC_MI: 0.7402790145443752 BEST_F1_MA: 0.7424174965463505
[[789  59  45   0]
 [484 260  60   0]
 [106 238 402   0]
 [  8   6   0 912]]
Epoch: [104/200], cls_loss: 0.0182, transfer_loss: 0.6975,person_loss: 0.0000, total_Loss: 0.3670
trian begin
trian end
n_person 615
SAMPLE
F1_MI: 0.6936776491540516 F1_MA: 0.6968846725699726 ACC_MI: 0.6936776491540516 F1_MA: 0.7035150203173375
BEST_F1_MI: 0.7402790145443752 BEST_F1_MA: 0.7305157195846107 BEST_ACC_MI: 0.7402790145443752 BEST_F1_MA: 0.7424174965463505
[[374 317 202   0]
 [ 88 525 191   0]
 [ 46 175 525   0]
 [  4   9   0 913]]
Epoch: [105/200], cls_loss: 0.0352, transfer_loss: 0.6985,person_loss: 0.0000, total_Loss: 0.3845
trian begin
trian end
n_person 615
SAMPLE
F1_MI: 0.7132680320569902 F1_MA: 0.7139219723910868 ACC_MI: 0.7132680320569902 F1_MA: 0.7324955059065228
BEST_F1_MI: 0.7402790145443752 BEST_F1_MA: 0.7305157195846107 BEST_ACC_MI: 0.7402790145443752 BEST_F1_MA: 0.7424174965463505
[[759 111  23   0]
 [468 307  29   0]
 [ 91 235 420   0]
 [  2   7   0 917]]
Epoch: [106/200], cls_loss: 0.0309, transfer_loss: 0.6942,person_loss: 0.0000, total_Loss: 0.3780
trian begin
trian end
n_person 615
SAMPLE
F1_MI: 0.7177203918076581 F1_MA: 0.7150656300167693 ACC_MI: 0.717720391807658 F1_MA: 0.7178762738005313
BEST_F1_MI: 0.7402790145443752 BEST_F1_MA: 0.7305157195846107 BEST_ACC_MI: 0.7402790145443752 BEST_F1_MA: 0.7424174965463505
[[475 285 133   0]
 [159 525 119   1]
 [ 59 177 510   0]
 [ 10   8   0 908]]
Epoch: [107/200], cls_loss: 0.0377, transfer_loss: 0.6987,person_loss: 0.0000, total_Loss: 0.3870
trian begin
trian end
n_person 615
SAMPLE
F1_MI: 0.7690709409320272 F1_MA: 0.7618531308640779 ACC_MI: 0.7690709409320273 F1_MA: 0.7646228091321045
BEST_F1_MI: 0.7690709409320272 BEST_F1_MA: 0.7618531308640779 BEST_ACC_MI: 0.7690709409320273 BEST_F1_MA: 0.7646228091321045
[[743 110  39   1]
 [382 345  74   3]
 [ 27 135 584   0]
 [  5   2   0 919]]
Epoch: [108/200], cls_loss: 0.0173, transfer_loss: 0.6941,person_loss: 0.0000, total_Loss: 0.3643
trian begin
trian end
n_person 615
SAMPLE
F1_MI: 0.7471059661620659 F1_MA: 0.746801487645676 ACC_MI: 0.7471059661620659 F1_MA: 0.7605018882734749
BEST_F1_MI: 0.7690709409320272 BEST_F1_MA: 0.7618531308640779 BEST_ACC_MI: 0.7690709409320273 BEST_F1_MA: 0.7646228091321045
[[750 121  22   0]
 [385 383  36   0]
 [ 56 216 474   0]
 [  5  11   0 910]]
Epoch: [109/200], cls_loss: 0.0314, transfer_loss: 0.6897,person_loss: 0.0000, total_Loss: 0.3762
trian begin
trian end
n_person 615
SAMPLE
F1_MI: 0.6933808251706738 F1_MA: 0.6840953284406691 ACC_MI: 0.6933808251706738 F1_MA: 0.6889710912204436
BEST_F1_MI: 0.7690709409320272 BEST_F1_MA: 0.7618531308640779 BEST_ACC_MI: 0.7690709409320273 BEST_F1_MA: 0.7646228091321045
[[620 141 132   0]
 [286 422  96   0]
 [ 16 344 386   0]
 [  4  13   1 908]]
Epoch: [110/200], cls_loss: 0.0321, transfer_loss: 0.6835,person_loss: 0.0000, total_Loss: 0.3739
trian begin
trian end
n_person 615
SAMPLE
F1_MI: 0.6841792816859602 F1_MA: 0.6782612365580087 ACC_MI: 0.6841792816859602 F1_MA: 0.6783918712175825
BEST_F1_MI: 0.7690709409320272 BEST_F1_MA: 0.7618531308640779 BEST_ACC_MI: 0.7690709409320273 BEST_F1_MA: 0.7646228091321045
[[454 281 158   0]
 [349 392  63   0]
 [ 21 184 541   0]
 [  4   4   0 918]]
Epoch: [111/200], cls_loss: 0.0178, transfer_loss: 0.6995,person_loss: 0.0000, total_Loss: 0.3676
trian begin
trian end
n_person 615
SAMPLE
F1_MI: 0.699020480854853 F1_MA: 0.6953693177148343 ACC_MI: 0.699020480854853 F1_MA: 0.7032794052067426
BEST_F1_MI: 0.7690709409320272 BEST_F1_MA: 0.7618531308640779 BEST_ACC_MI: 0.7690709409320273 BEST_F1_MA: 0.7646228091321045
[[605 208  80   0]
 [421 342  40   1]
 [ 67 191 488   0]
 [  2   4   0 920]]
Epoch: [112/200], cls_loss: 0.0442, transfer_loss: 0.6911,person_loss: 0.0000, total_Loss: 0.3897
trian begin
trian end
n_person 615
SAMPLE
F1_MI: 0.7102997922232117 F1_MA: 0.7024988161487479 ACC_MI: 0.7102997922232116 F1_MA: 0.7084829426534066
BEST_F1_MI: 0.7690709409320272 BEST_F1_MA: 0.7618531308640779 BEST_ACC_MI: 0.7690709409320273 BEST_F1_MA: 0.7646228091321045
[[696  91 106   0]
 [425 322  57   0]
 [ 84 195 467   0]
 [  2  16   0 908]]
Epoch: [113/200], cls_loss: 0.0150, transfer_loss: 0.6928,person_loss: 0.0000, total_Loss: 0.3614
trian begin
trian end
n_person 615
SAMPLE
F1_MI: 0.7307806470762838 F1_MA: 0.723000925950411 ACC_MI: 0.7307806470762838 F1_MA: 0.728033638123453
BEST_F1_MI: 0.7690709409320272 BEST_F1_MA: 0.7618531308640779 BEST_ACC_MI: 0.7690709409320273 BEST_F1_MA: 0.7646228091321045
[[695 124  74   0]
 [355 365  83   1]
 [ 99 164 483   0]
 [  2   5   0 919]]
Epoch: [114/200], cls_loss: 0.0379, transfer_loss: 0.6924,person_loss: 0.0000, total_Loss: 0.3841
trian begin
trian end
n_person 615
SAMPLE
F1_MI: 0.665776194716533 F1_MA: 0.6743003127302061 ACC_MI: 0.665776194716533 F1_MA: 0.7114789058416688
BEST_F1_MI: 0.7690709409320272 BEST_F1_MA: 0.7618531308640779 BEST_ACC_MI: 0.7690709409320273 BEST_F1_MA: 0.7646228091321045
[[774  87  32   0]
 [436 354  14   0]
 [334 212 200   0]
 [  2   8   1 915]]
Epoch: [115/200], cls_loss: 0.0187, transfer_loss: 0.6923,person_loss: 0.0000, total_Loss: 0.3648
trian begin
trian end
n_person 615
SAMPLE
F1_MI: 0.6717126743840902 F1_MA: 0.6763960695004694 ACC_MI: 0.6717126743840902 F1_MA: 0.6992673182970115
BEST_F1_MI: 0.7690709409320272 BEST_F1_MA: 0.7618531308640779 BEST_ACC_MI: 0.7690709409320273 BEST_F1_MA: 0.7646228091321045
[[645 189  59   0]
 [441 348  15   0]
 [185 203 358   0]
 [  3  10   1 912]]
Epoch: [116/200], cls_loss: 0.0198, transfer_loss: 0.6948,person_loss: 0.0000, total_Loss: 0.3672
trian begin
trian end
n_person 615
SAMPLE
F1_MI: 0.657761947165331 F1_MA: 0.6651815900588844 ACC_MI: 0.657761947165331 F1_MA: 0.6900837800182402
BEST_F1_MI: 0.7690709409320272 BEST_F1_MA: 0.7618531308640779 BEST_ACC_MI: 0.7690709409320273 BEST_F1_MA: 0.7646228091321045
[[541 291  61   0]
 [333 451  20   0]
 [ 95 346 305   0]
 [  0   7   0 919]]
Epoch: [117/200], cls_loss: 0.0402, transfer_loss: 0.6911,person_loss: 0.0000, total_Loss: 0.3858
trian begin
trian end
n_person 615
SAMPLE
F1_MI: 0.701098248738498 F1_MA: 0.6916782933679401 ACC_MI: 0.701098248738498 F1_MA: 0.6929693738691496
BEST_F1_MI: 0.7690709409320272 BEST_F1_MA: 0.7618531308640779 BEST_ACC_MI: 0.7690709409320273 BEST_F1_MA: 0.7646228091321045
[[578 171 144   0]
 [321 392  91   0]
 [ 55 217 474   0]
 [  2   6   0 918]]
Epoch: [118/200], cls_loss: 0.0246, transfer_loss: 0.6968,person_loss: 0.0000, total_Loss: 0.3730
trian begin
trian end
n_person 615
SAMPLE
F1_MI: 0.659839715048976 F1_MA: 0.6498527089049919 ACC_MI: 0.659839715048976 F1_MA: 0.6548955414683122
BEST_F1_MI: 0.7690709409320272 BEST_F1_MA: 0.7618531308640779 BEST_ACC_MI: 0.7690709409320273 BEST_F1_MA: 0.7646228091321045
[[542 178 173   0]
 [315 435  54   0]
 [152 264 330   0]
 [  2   7   1 916]]
Epoch: [119/200], cls_loss: 0.0188, transfer_loss: 0.6857,person_loss: 0.0000, total_Loss: 0.3617
trian begin
trian end
n_person 615
SAMPLE
F1_MI: 0.6705253784505788 F1_MA: 0.6707183230984319 ACC_MI: 0.6705253784505788 F1_MA: 0.675213328157624
BEST_F1_MI: 0.7690709409320272 BEST_F1_MA: 0.7618531308640779 BEST_ACC_MI: 0.7690709409320273 BEST_F1_MA: 0.7646228091321045
[[348 407 138   0]
 [269 489  46   0]
 [ 44 197 505   0]
 [  6   3   0 917]]
Epoch: [120/200], cls_loss: 0.0222, transfer_loss: 0.6981,person_loss: 0.0000, total_Loss: 0.3713
trian begin
trian end
n_person 615
SAMPLE
F1_MI: 0.6340160284951024 F1_MA: 0.6399767592310287 ACC_MI: 0.6340160284951024 F1_MA: 0.6698456867777051
BEST_F1_MI: 0.7690709409320272 BEST_F1_MA: 0.7618531308640779 BEST_ACC_MI: 0.7690709409320273 BEST_F1_MA: 0.7646228091321045
[[684 154  55   0]
 [497 292  15   0]
 [244 238 264   0]
 [  0  30   0 896]]
Epoch: [121/200], cls_loss: 0.0276, transfer_loss: 0.6959,person_loss: 0.0000, total_Loss: 0.3755
trian begin
trian end
n_person 615
SAMPLE
F1_MI: 0.6788364499851588 F1_MA: 0.6749079381091398 ACC_MI: 0.6788364499851588 F1_MA: 0.6841293692497971
BEST_F1_MI: 0.7690709409320272 BEST_F1_MA: 0.7618531308640779 BEST_ACC_MI: 0.7690709409320273 BEST_F1_MA: 0.7646228091321045
[[582 200 111   0]
 [418 355  31   0]
 [ 69 245 432   0]
 [  3   5   0 918]]
Epoch: [122/200], cls_loss: 0.0279, transfer_loss: 0.6932,person_loss: 0.0000, total_Loss: 0.3744
trian begin
trian end
n_person 615
SAMPLE
F1_MI: 0.6791332739685366 F1_MA: 0.6879339526820651 ACC_MI: 0.6791332739685366 F1_MA: 0.7116607442147449
BEST_F1_MI: 0.7690709409320272 BEST_F1_MA: 0.7618531308640779 BEST_ACC_MI: 0.7690709409320273 BEST_F1_MA: 0.7646228091321045
[[557 288  48   0]
 [343 442  19   0]
 [ 65 307 374   0]
 [  2   9   0 915]]
Epoch: [123/200], cls_loss: 0.0251, transfer_loss: 0.6902,person_loss: 0.0000, total_Loss: 0.3702
trian begin
trian end
n_person 615
SAMPLE
F1_MI: 0.686850697536361 F1_MA: 0.6820672698325694 ACC_MI: 0.686850697536361 F1_MA: 0.6922707602236219
BEST_F1_MI: 0.7690709409320272 BEST_F1_MA: 0.7618531308640779 BEST_ACC_MI: 0.7690709409320273 BEST_F1_MA: 0.7646228091321045
[[664  67 162   0]
 [457 298  49   0]
 [170 137 439   0]
 [  1  12   0 913]]
Epoch: [124/200], cls_loss: 0.0254, transfer_loss: 0.6926,person_loss: 0.0000, total_Loss: 0.3716
trian begin
trian end
n_person 615
SAMPLE
F1_MI: 0.5951320866726032 F1_MA: 0.6014213337736483 ACC_MI: 0.5951320866726032 F1_MA: 0.6056501841108652
BEST_F1_MI: 0.7690709409320272 BEST_F1_MA: 0.7618531308640779 BEST_ACC_MI: 0.7690709409320273 BEST_F1_MA: 0.7646228091321045
[[ 61 291 541   0]
 [ 40 473 291   0]
 [ 15 179 552   0]
 [  0   7   0 919]]
Epoch: [125/200], cls_loss: 0.0435, transfer_loss: 0.6962,person_loss: 0.0000, total_Loss: 0.3916
trian begin
trian end
n_person 615
SAMPLE
F1_MI: 0.6580587711487088 F1_MA: 0.6566177355217361 ACC_MI: 0.6580587711487088 F1_MA: 0.6563568445798709
BEST_F1_MI: 0.7690709409320272 BEST_F1_MA: 0.7618531308640779 BEST_ACC_MI: 0.7690709409320273 BEST_F1_MA: 0.7646228091321045
[[288 247 358   0]
 [172 430 202   0]
 [ 20 145 581   0]
 [  3   5   0 918]]
Epoch: [126/200], cls_loss: 0.0361, transfer_loss: 0.6910,person_loss: 0.0000, total_Loss: 0.3816
trian begin
trian end
n_person 615
SAMPLE
F1_MI: 0.668150786583556 F1_MA: 0.6622508340157307 ACC_MI: 0.668150786583556 F1_MA: 0.6606970920116216
BEST_F1_MI: 0.7690709409320272 BEST_F1_MA: 0.7618531308640779 BEST_ACC_MI: 0.7690709409320273 BEST_F1_MA: 0.7646228091321045
[[410 161 322   0]
 [263 355 186   0]
 [ 39 132 575   0]
 [ 10   4   1 911]]
Epoch: [127/200], cls_loss: 0.0146, transfer_loss: 0.6939,person_loss: 0.0000, total_Loss: 0.3615
trian begin
trian end
n_person 615
SAMPLE
F1_MI: 0.7108934401899673 F1_MA: 0.7131810876294129 ACC_MI: 0.7108934401899674 F1_MA: 0.7307104673874584
BEST_F1_MI: 0.7690709409320272 BEST_F1_MA: 0.7618531308640779 BEST_ACC_MI: 0.7690709409320273 BEST_F1_MA: 0.7646228091321045
[[671 167  55   0]
 [408 383  13   0]
 [110 214 422   0]
 [  3   4   0 919]]
Epoch: [128/200], cls_loss: 0.0240, transfer_loss: 0.6886,person_loss: 0.0000, total_Loss: 0.3683
trian begin
trian end
n_person 615
SAMPLE
F1_MI: 0.736420302760463 F1_MA: 0.7359866547179527 ACC_MI: 0.736420302760463 F1_MA: 0.7452721098138573
BEST_F1_MI: 0.7690709409320272 BEST_F1_MA: 0.7618531308640779 BEST_ACC_MI: 0.7690709409320273 BEST_F1_MA: 0.7646228091321045
[[599 224  70   0]
 [283 485  36   0]
 [ 46 220 480   0]
 [  4   5   0 917]]
Epoch: [129/200], cls_loss: 0.0300, transfer_loss: 0.6913,person_loss: 0.0000, total_Loss: 0.3756
trian begin
trian end
n_person 615
SAMPLE
F1_MI: 0.7008014247551202 F1_MA: 0.7004342792128281 ACC_MI: 0.7008014247551202 F1_MA: 0.7168836316070165
BEST_F1_MI: 0.7690709409320272 BEST_F1_MA: 0.7618531308640779 BEST_ACC_MI: 0.7690709409320273 BEST_F1_MA: 0.7646228091321045
[[666 151  76   0]
 [333 428  43   0]
 [249 142 355   0]
 [  7   7   0 912]]
Epoch: [130/200], cls_loss: 0.0127, transfer_loss: 0.6980,person_loss: 0.0000, total_Loss: 0.3617
trian begin
trian end
n_person 615
SAMPLE
F1_MI: 0.6978331849213416 F1_MA: 0.6918818179065855 ACC_MI: 0.6978331849213416 F1_MA: 0.6901796014912456
BEST_F1_MI: 0.7690709409320272 BEST_F1_MA: 0.7618531308640779 BEST_ACC_MI: 0.7690709409320273 BEST_F1_MA: 0.7646228091321045
[[421 231 241   0]
 [181 460 162   1]
 [ 71 125 550   0]
 [  2   4   0 920]]
Epoch: [131/200], cls_loss: 0.0557, transfer_loss: 0.6947,person_loss: 0.0000, total_Loss: 0.4030
trian begin
trian end
n_person 615
SAMPLE
F1_MI: 0.5749480558029089 F1_MA: 0.5852527361331096 ACC_MI: 0.5749480558029089 F1_MA: 0.5967651909091394
BEST_F1_MI: 0.7690709409320272 BEST_F1_MA: 0.7618531308640779 BEST_ACC_MI: 0.7690709409320273 BEST_F1_MA: 0.7646228091321045
[[123  85 684   1]
 [101 338 358   7]
 [ 40 150 555   1]
 [  2   3   0 921]]
Epoch: [132/200], cls_loss: 0.0247, transfer_loss: 0.6807,person_loss: 0.0000, total_Loss: 0.3651
trian begin
trian end
n_person 615
SAMPLE
F1_MI: 0.6355001484119916 F1_MA: 0.6291503664123289 ACC_MI: 0.6355001484119916 F1_MA: 0.6302483899226474
BEST_F1_MI: 0.7690709409320272 BEST_F1_MA: 0.7618531308640779 BEST_ACC_MI: 0.7690709409320273 BEST_F1_MA: 0.7646228091321045
[[361 197 335   0]
 [167 421 202  14]
 [ 91 207 448   0]
 [ 10   4   1 911]]
Epoch: [133/200], cls_loss: 0.0171, transfer_loss: 0.6775,person_loss: 0.0000, total_Loss: 0.3559
trian begin
trian end
n_person 615
SAMPLE
F1_MI: 0.612051053725141 F1_MA: 0.6111931581811785 ACC_MI: 0.612051053725141 F1_MA: 0.6191293566221223
BEST_F1_MI: 0.7690709409320272 BEST_F1_MA: 0.7618531308640779 BEST_ACC_MI: 0.7690709409320273 BEST_F1_MA: 0.7646228091321045
[[314 461 112   6]
 [121 421  54 208]
 [100 230 405  11]
 [  1   3   0 922]]
Epoch: [134/200], cls_loss: 0.0494, transfer_loss: 0.6922,person_loss: 0.0000, total_Loss: 0.3955
trian begin
trian end
n_person 615
SAMPLE
F1_MI: 0.5799940635203324 F1_MA: 0.5669766965765259 ACC_MI: 0.5799940635203324 F1_MA: 0.5522202685654689
BEST_F1_MI: 0.7690709409320272 BEST_F1_MA: 0.7618531308640779 BEST_ACC_MI: 0.7690709409320273 BEST_F1_MA: 0.7646228091321045
[[102 454 334   3]
 [ 46 456 128 174]
 [ 24 174 542   6]
 [ 67   5   0 854]]
Epoch: [135/200], cls_loss: 0.0150, transfer_loss: 0.6886,person_loss: 0.0000, total_Loss: 0.3593
trian begin
trian end
n_person 615
SAMPLE
F1_MI: 0.5927574948055803 F1_MA: 0.591605099104997 ACC_MI: 0.5927574948055803 F1_MA: 0.5977162735501014
BEST_F1_MI: 0.7690709409320272 BEST_F1_MA: 0.7618531308640779 BEST_ACC_MI: 0.7690709409320273 BEST_F1_MA: 0.7646228091321045
[[322 365 200   6]
 [101 369  66 268]
 [ 21 274 432  19]
 [ 44   8   0 874]]
Epoch: [136/200], cls_loss: 0.0240, transfer_loss: 0.6872,person_loss: 0.0000, total_Loss: 0.3677
trian begin
trian end
n_person 615
SAMPLE
F1_MI: 0.7008014247551202 F1_MA: 0.6859792840224607 ACC_MI: 0.7008014247551202 F1_MA: 0.6833227697242287
BEST_F1_MI: 0.7690709409320272 BEST_F1_MA: 0.7618531308640779 BEST_ACC_MI: 0.7690709409320273 BEST_F1_MA: 0.7646228091321045
[[689 119  84   1]
 [239 264  31 270]
 [ 48 165 515  18]
 [  0  33   0 893]]
Epoch: [137/200], cls_loss: 0.0288, transfer_loss: 0.6846,person_loss: 0.0000, total_Loss: 0.3711
trian begin
trian end
n_person 615
SAMPLE
F1_MI: 0.5972098545562482 F1_MA: 0.5845636951793869 ACC_MI: 0.5972098545562482 F1_MA: 0.5777505355366827
BEST_F1_MI: 0.7690709409320272 BEST_F1_MA: 0.7618531308640779 BEST_ACC_MI: 0.7690709409320273 BEST_F1_MA: 0.7646228091321045
[[302 157 434   0]
 [310 286 149  59]
 [ 33 196 516   1]
 [  1  17   0 908]]
Epoch: [138/200], cls_loss: 0.0280, transfer_loss: 0.6923,person_loss: 0.0000, total_Loss: 0.3741
trian begin
trian end
n_person 615
SAMPLE
F1_MI: 0.609973285841496 F1_MA: 0.5907272482613091 ACC_MI: 0.609973285841496 F1_MA: 0.5879691121875514
BEST_F1_MI: 0.7690709409320272 BEST_F1_MA: 0.7618531308640779 BEST_ACC_MI: 0.7690709409320273 BEST_F1_MA: 0.7646228091321045
[[566 145 182   0]
 [450 190  90  74]
 [199 159 388   0]
 [  0  15   0 911]]
Epoch: [139/200], cls_loss: 0.0205, transfer_loss: 0.6935,person_loss: 0.0000, total_Loss: 0.3672
trian begin
trian end
n_person 615
SAMPLE
F1_MI: 0.5541703769664589 F1_MA: 0.5578655063493977 ACC_MI: 0.5541703769664589 F1_MA: 0.5663092446637703
BEST_F1_MI: 0.7690709409320272 BEST_F1_MA: 0.7618531308640779 BEST_ACC_MI: 0.7690709409320273 BEST_F1_MA: 0.7646228091321045
[[172 279 433   9]
 [ 56 283 274 191]
 [ 22 218 496  10]
 [  3   7   0 916]]
Epoch: [140/200], cls_loss: 0.0235, transfer_loss: 0.6882,person_loss: 0.0000, total_Loss: 0.3676
trian begin
trian end
n_person 615
SAMPLE
F1_MI: 0.605817750074206 F1_MA: 0.5951343461447716 ACC_MI: 0.605817750074206 F1_MA: 0.5935881931936424
BEST_F1_MI: 0.7690709409320272 BEST_F1_MA: 0.7618531308640779 BEST_ACC_MI: 0.7690709409320273 BEST_F1_MA: 0.7646228091321045
[[365 312 201  15]
 [141 307  39 317]
 [ 77 200 452  17]
 [  0   9   0 917]]
Epoch: [141/200], cls_loss: 0.0369, transfer_loss: 0.6949,person_loss: 0.0000, total_Loss: 0.3844
trian begin
trian end
n_person 615
SAMPLE
F1_MI: 0.6859602255862274 F1_MA: 0.6752639264149414 ACC_MI: 0.6859602255862274 F1_MA: 0.6799126976638794
BEST_F1_MI: 0.7690709409320272 BEST_F1_MA: 0.7618531308640779 BEST_ACC_MI: 0.7690709409320273 BEST_F1_MA: 0.7646228091321045
[[702 163  27   1]
 [243 231  25 305]
 [151 127 465   3]
 [  0  13   0 913]]
Epoch: [142/200], cls_loss: 0.0265, transfer_loss: 0.6919,person_loss: 0.0000, total_Loss: 0.3725
trian begin
trian end
n_person 615
SAMPLE
F1_MI: 0.6444048679133274 F1_MA: 0.6409112435416031 ACC_MI: 0.6444048679133274 F1_MA: 0.6466683532766548
BEST_F1_MI: 0.7690709409320272 BEST_F1_MA: 0.7618531308640779 BEST_ACC_MI: 0.7690709409320273 BEST_F1_MA: 0.7646228091321045
[[470 279 140   4]
 [102 355  39 308]
 [ 70 198 459  19]
 [  1  38   0 887]]
Epoch: [143/200], cls_loss: 0.0271, transfer_loss: 0.6941,person_loss: 0.0000, total_Loss: 0.3741
trian begin
trian end
n_person 615
SAMPLE
F1_MI: 0.5224102107450282 F1_MA: 0.5285864800495517 ACC_MI: 0.5224102107450282 F1_MA: 0.5443628954863132
BEST_F1_MI: 0.7690709409320272 BEST_F1_MA: 0.7618531308640779 BEST_ACC_MI: 0.7690709409320273 BEST_F1_MA: 0.7646228091321045
[[259 526 102   6]
 [ 89 267  34 414]
 [ 63 226 384  73]
 [ 29  17  30 850]]
Epoch: [144/200], cls_loss: 0.0221, transfer_loss: 0.6912,person_loss: 0.0000, total_Loss: 0.3677
trian begin
trian end
n_person 615
SAMPLE
F1_MI: 0.5396260017809439 F1_MA: 0.5276612021604247 ACC_MI: 0.5396260017809439 F1_MA: 0.5266054020962204
BEST_F1_MI: 0.7690709409320272 BEST_F1_MA: 0.7618531308640779 BEST_ACC_MI: 0.7690709409320273 BEST_F1_MA: 0.7646228091321045
[[235 501 156   1]
 [205 340  65 194]
 [178 215 332  21]
 [  0  15   0 911]]
Epoch: [145/200], cls_loss: 0.0196, transfer_loss: 0.6924,person_loss: 0.0000, total_Loss: 0.3658
trian begin
trian end
n_person 615
SAMPLE
F1_MI: 0.5960225586227367 F1_MA: 0.5843302063428133 ACC_MI: 0.5960225586227367 F1_MA: 0.5783711248625315
BEST_F1_MI: 0.7690709409320272 BEST_F1_MA: 0.7618531308640779 BEST_ACC_MI: 0.7690709409320273 BEST_F1_MA: 0.7646228091321045
[[328 226 339   0]
 [224 269 221  90]
 [ 55 166 522   3]
 [  0  37   0 889]]
Epoch: [146/200], cls_loss: 0.0139, transfer_loss: 0.6838,person_loss: 0.0000, total_Loss: 0.3558
trian begin
trian end
n_person 615
SAMPLE
F1_MI: 0.6625111308993766 F1_MA: 0.6481960731407627 ACC_MI: 0.6625111308993766 F1_MA: 0.6493244813808158
BEST_F1_MI: 0.7690709409320272 BEST_F1_MA: 0.7618531308640779 BEST_ACC_MI: 0.7690709409320273 BEST_F1_MA: 0.7646228091321045
[[563 219 110   1]
 [171 408  73 152]
 [184 219 340   3]
 [  0   4   1 921]]
Epoch: [147/200], cls_loss: 0.0223, transfer_loss: 0.6889,person_loss: 0.0000, total_Loss: 0.3667
trian begin
trian end
n_person 615
SAMPLE
F1_MI: 0.6518254674977738 F1_MA: 0.6328802012861113 ACC_MI: 0.6518254674977738 F1_MA: 0.6259998638120333
BEST_F1_MI: 0.7690709409320272 BEST_F1_MA: 0.7618531308640779 BEST_ACC_MI: 0.7690709409320273 BEST_F1_MA: 0.7646228091321045
[[543 175 175   0]
 [343 248 139  74]
 [111 147 483   5]
 [  1   3   0 922]]
Epoch: [148/200], cls_loss: 0.0179, transfer_loss: 0.6838,person_loss: 0.0000, total_Loss: 0.3598
trian begin
trian end
n_person 615
SAMPLE
F1_MI: 0.6052241021074503 F1_MA: 0.5915041047276115 ACC_MI: 0.6052241021074503 F1_MA: 0.5884287429914812
BEST_F1_MI: 0.7690709409320272 BEST_F1_MA: 0.7618531308640779 BEST_ACC_MI: 0.7690709409320273 BEST_F1_MA: 0.7646228091321045
[[382 158 353   0]
 [280 321 157  46]
 [142 185 417   2]
 [  0   7   0 919]]
Epoch: [149/200], cls_loss: 0.0231, transfer_loss: 0.6992,person_loss: 0.0000, total_Loss: 0.3727
trian begin
trian end
n_person 615
SAMPLE
F1_MI: 0.5357672899970317 F1_MA: 0.5125607279987934 ACC_MI: 0.5357672899970317 F1_MA: 0.5062393492787418
BEST_F1_MI: 0.7690709409320272 BEST_F1_MA: 0.7618531308640779 BEST_ACC_MI: 0.7690709409320273 BEST_F1_MA: 0.7646228091321045
[[426 186 281   0]
 [343 189  98 174]
 [327 110 303   6]
 [  0  39   0 887]]
Epoch: [150/200], cls_loss: 0.0220, transfer_loss: 0.6915,person_loss: 0.0000, total_Loss: 0.3677
trian begin
trian end
n_person 615
SAMPLE
F1_MI: 0.5339863460967647 F1_MA: 0.5127783654954466 ACC_MI: 0.5339863460967647 F1_MA: 0.49954525162008073
BEST_F1_MI: 0.7690709409320272 BEST_F1_MA: 0.7618531308640779 BEST_ACC_MI: 0.7690709409320273 BEST_F1_MA: 0.7646228091321045
[[215 267 411   0]
 [400 183 172  49]
 [116 147 482   1]
 [  1   6   0 919]]
Epoch: [151/200], cls_loss: 0.0241, transfer_loss: 0.6902,person_loss: 0.0000, total_Loss: 0.3692
trian begin
trian end
n_person 615
SAMPLE
F1_MI: 0.4746215494211932 F1_MA: 0.43356202229386803 ACC_MI: 0.4746215494211932 F1_MA: 0.40756966949071366
BEST_F1_MI: 0.7690709409320272 BEST_F1_MA: 0.7618531308640779 BEST_ACC_MI: 0.7690709409320273 BEST_F1_MA: 0.7646228091321045
[[208 113 556  16]
 [353  75 147 229]
 [128 192 403  23]
 [  2  11   0 913]]
Epoch: [152/200], cls_loss: 0.0214, transfer_loss: 0.6872,person_loss: 0.0000, total_Loss: 0.3651
trian begin
trian end
n_person 615
SAMPLE
F1_MI: 0.5170673790442267 F1_MA: 0.4902307832009754 ACC_MI: 0.5170673790442267 F1_MA: 0.47279818368925075
BEST_F1_MI: 0.7690709409320272 BEST_F1_MA: 0.7618531308640779 BEST_ACC_MI: 0.7690709409320273 BEST_F1_MA: 0.7646228091321045
[[211  98 577   7]
 [357 149 110 188]
 [109 157 468  12]
 [  2  10   0 914]]
Epoch: [153/200], cls_loss: 0.0313, transfer_loss: 0.6940,person_loss: 0.0000, total_Loss: 0.3783
trian begin
trian end
n_person 615
SAMPLE
F1_MI: 0.4942119323241318 F1_MA: 0.47736973392001036 ACC_MI: 0.4942119323241318 F1_MA: 0.47121189546552666
BEST_F1_MI: 0.7690709409320272 BEST_F1_MA: 0.7618531308640779 BEST_ACC_MI: 0.7690709409320273 BEST_F1_MA: 0.7646228091321045
[[212  95 585   1]
 [529 110 150  15]
 [172 151 423   0]
 [  1   5   0 920]]
Epoch: [154/200], cls_loss: 0.0255, transfer_loss: 0.6816,person_loss: 0.0000, total_Loss: 0.3663
trian begin
trian end
n_person 615
SAMPLE
F1_MI: 0.4998515880083111 F1_MA: 0.49216803199901843 ACC_MI: 0.4998515880083111 F1_MA: 0.4985511279318384
BEST_F1_MI: 0.7690709409320272 BEST_F1_MA: 0.7618531308640779 BEST_ACC_MI: 0.7690709409320273 BEST_F1_MA: 0.7646228091321045
[[271 340 282   0]
 [600 167  37   0]
 [217 195 334   0]
 [  4  10   0 912]]
Epoch: [155/200], cls_loss: 0.0509, transfer_loss: 0.6905,person_loss: 0.0000, total_Loss: 0.3961
trian begin
trian end
n_person 615
SAMPLE
F1_MI: 0.5915701988720689 F1_MA: 0.5810961431359255 ACC_MI: 0.5915701988720689 F1_MA: 0.5872852758601993
BEST_F1_MI: 0.7690709409320272 BEST_F1_MA: 0.7618531308640779 BEST_ACC_MI: 0.7690709409320273 BEST_F1_MA: 0.7646228091321045
[[537 163 192   1]
 [650 134  18   2]
 [221 124 401   0]
 [  1   3   1 921]]
Epoch: [156/200], cls_loss: 0.0191, transfer_loss: 0.6921,person_loss: 0.0000, total_Loss: 0.3651
trian begin
trian end
n_person 615
SAMPLE
F1_MI: 0.5345799940635203 F1_MA: 0.5099215240032404 ACC_MI: 0.5345799940635203 F1_MA: 0.4908136889544492
BEST_F1_MI: 0.7690709409320272 BEST_F1_MA: 0.7618531308640779 BEST_ACC_MI: 0.7690709409320273 BEST_F1_MA: 0.7646228091321045
[[136 358 396   3]
 [348 240 131  85]
 [ 22 215 509   0]
 [  4   5   1 916]]
Epoch: [157/200], cls_loss: 0.0324, transfer_loss: 0.7000,person_loss: 0.0000, total_Loss: 0.3824
trian begin
trian end
n_person 615
SAMPLE
F1_MI: 0.5657465123181953 F1_MA: 0.5519210570766693 ACC_MI: 0.5657465123181953 F1_MA: 0.5447595969689353
BEST_F1_MI: 0.7690709409320272 BEST_F1_MA: 0.7618531308640779 BEST_ACC_MI: 0.7690709409320273 BEST_F1_MA: 0.7646228091321045
[[244 248 388  13]
 [132 254 161 257]
 [ 40 214 489   3]
 [  1   5   1 919]]
Epoch: [158/200], cls_loss: 0.0170, transfer_loss: 0.6895,person_loss: 0.0000, total_Loss: 0.3618
[[743 110  39   1]
 [382 345  74   3]
 [ 27 135 584   0]
 [  5   2   0 919]]
[[743 110  39   1]
 [382 345  74   3]
 [ 27 135 584   0]
 [  5   2   0 919]]
WHAT: False
{'best_f1': 0.7618531308640779, 'best_matrix': [[743, 110, 39, 1], [382, 345, 74, 3], [27, 135, 584, 0], [5, 2, 0, 919]], 'args': 0.1}
{"best_f1": 0.7618531308640779, "best_matrix": [[743, 110, 39, 1], [382, 345, 74, 3], [27, 135, 584, 0], [5, 2, 0, 919]], "args": 0.1}
ARG: Namespace(backbone='resnet50', batch_size=32, config='DANN/DANN.yaml', data_dir='data', device=device(type='cuda'), early_stop=50, epoch_based_training=False, lr=0.003, lr_decay=0.75, lr_gamma=0.0003, lr_scheduler=True, max_iter=21000, method='False', momentum=0.9, myweight=0.1, n_class=4, n_epoch=200, n_iter_per_epoch=105, num_workers=3, seed=2, src_domain='WISDM', tgt_domain='UCI', tname='transfer', transfer_loss='adv', transfer_loss_weight=0.5, use_bottleneck=True, weight_decay=0.0005)
