coral 2 WISDM UCI DeepCoral/DeepCoral.yaml False
Namespace(backbone='resnet50', batch_size=32, config='DeepCoral/DeepCoral.yaml', data_dir='data', device=device(type='cuda'), early_stop=50, epoch_based_training=False, lr=0.003, lr_decay=0.75, lr_gamma=0.0003, lr_scheduler=True, method='False', momentum=0.9, myweight=0.1, n_epoch=200, n_iter_per_epoch=100, num_workers=3, seed=2, src_domain='WISDM', tgt_domain='UCI', tname='transfer', transfer_loss='coral', transfer_loss_weight=10.0, use_bottleneck=True, weight_decay=0.0005)
JUST DO IT
run my Parkinson code
transfer
TRAIN Length: 13609 322 TEST Length: 3369 615
YYY: 0 3
DATA_PROFILE   train: 13609 train2: 3369 test: 3369
DATASET.SHAPE: <data_loader.GetTrainLoader object at 0x7f0d3d163e10> True
DATASET.SHAPE: <data_loader.GetTrainLoader object at 0x7f0d45105e80> True
DATASET.SHAPE: <data_loader.GetTestLoader object at 0x7f0dfacc7048> False
CLASS: 4 615
LLL: {}
BOTTLENECK_LIST: [Linear(in_features=512, out_features=256, bias=True), ReLU()]
TYPE: {'loss_type': 'coral', 'max_iter': 21000, 'num_class': 4, 'my_person_item': <my_person_item.PersonItem object at 0x7f0dfac681d0>}
initial_lr 1.0
transfer_world
method False <class 'str'>
1.10.1+cu102
True
LEN: 0 0
LOADER: <data_loader.InfiniteDataLoader object at 0x7f0d45105f28> <data_loader.InfiniteDataLoader object at 0x7f0d3d221f28>
N_batch: 105
trian begin
trian end
n_person 615
SAMPLE
F1_MI: 0.5494211932324132 F1_MA: 0.519372575570345 ACC_MI: 0.5494211932324132 F1_MA: 0.5212378092819587
BEST_F1_MI: 0.5494211932324132 BEST_F1_MA: 0.519372575570345 BEST_ACC_MI: 0.5494211932324132 BEST_F1_MA: 0.5212378092819587
[[716 110  67   0]
 [559 147  98   0]
 [568 107  71   0]
 [  2   6   1 917]]
Epoch: [ 1/200], cls_loss: 0.7422, transfer_loss: 0.0038,person_loss: 0.0000, total_Loss: 0.7805
trian begin
trian end
n_person 615
SAMPLE
F1_MI: 0.6117542297417632 F1_MA: 0.5465128028906028 ACC_MI: 0.6117542297417632 F1_MA: 0.5096527815770585
BEST_F1_MI: 0.6117542297417632 BEST_F1_MA: 0.5465128028906028 BEST_ACC_MI: 0.6117542297417632 BEST_F1_MA: 0.5212378092819587
[[452 441   0   0]
 [116 688   0   0]
 [133 613   0   0]
 [  0   5   0 921]]
Epoch: [ 2/200], cls_loss: 0.4282, transfer_loss: 0.0010,person_loss: 0.0000, total_Loss: 0.4383
trian begin
trian end
n_person 615
SAMPLE
F1_MI: 0.5176610270109825 F1_MA: 0.45782451741465424 ACC_MI: 0.5176610270109825 F1_MA: 0.4255672674605729
BEST_F1_MI: 0.6117542297417632 BEST_F1_MA: 0.5465128028906028 BEST_ACC_MI: 0.6117542297417632 BEST_F1_MA: 0.5212378092819587
[[303 590   0   0]
 [279 525   0   0]
 [198 548   0   0]
 [  0  10   0 916]]
Epoch: [ 3/200], cls_loss: 0.3773, transfer_loss: 0.0009,person_loss: 0.0000, total_Loss: 0.3858
trian begin
trian end
n_person 615
SAMPLE
F1_MI: 0.5399228257643217 F1_MA: 0.4730626397165315 ACC_MI: 0.5399228257643217 F1_MA: 0.432920482465937
BEST_F1_MI: 0.6117542297417632 BEST_F1_MA: 0.5465128028906028 BEST_ACC_MI: 0.6117542297417632 BEST_F1_MA: 0.5212378092819587
[[218 675   0   0]
 [117 687   0   0]
 [270 476   0   0]
 [  0  12   0 914]]
Epoch: [ 4/200], cls_loss: 0.3655, transfer_loss: 0.0005,person_loss: 0.0000, total_Loss: 0.3703
trian begin
trian end
n_person 615
SAMPLE
F1_MI: 0.5669338082517067 F1_MA: 0.5338698310747839 ACC_MI: 0.5669338082517067 F1_MA: 0.5272534466653008
BEST_F1_MI: 0.6117542297417632 BEST_F1_MA: 0.5465128028906028 BEST_ACC_MI: 0.6117542297417632 BEST_F1_MA: 0.5272534466653008
[[548 255  90   0]
 [343 394  67   0]
 [516 178  52   0]
 [  0  10   0 916]]
Epoch: [ 5/200], cls_loss: 0.3318, transfer_loss: 0.0004,person_loss: 0.0000, total_Loss: 0.3359
trian begin
trian end
n_person 615
SAMPLE
F1_MI: 0.5636687444345503 F1_MA: 0.49378299696320244 ACC_MI: 0.5636687444345503 F1_MA: 0.4517764604707398
BEST_F1_MI: 0.6117542297417632 BEST_F1_MA: 0.5465128028906028 BEST_ACC_MI: 0.6117542297417632 BEST_F1_MA: 0.5272534466653008
[[292 601   0   0]
 [101 703   0   0]
 [331 415   0   0]
 [  0  22   0 904]]
Epoch: [ 6/200], cls_loss: 0.3219, transfer_loss: 0.0004,person_loss: 0.0000, total_Loss: 0.3261
trian begin
trian end
n_person 615
SAMPLE
F1_MI: 0.5414069456812111 F1_MA: 0.516864501210458 ACC_MI: 0.5414069456812111 F1_MA: 0.5129362278495844
BEST_F1_MI: 0.6117542297417632 BEST_F1_MA: 0.5465128028906028 BEST_ACC_MI: 0.6117542297417632 BEST_F1_MA: 0.5272534466653008
[[325 496  72   0]
 [226 519  59   0]
 [437 249  60   0]
 [  0   6   0 920]]
Epoch: [ 7/200], cls_loss: 0.3194, transfer_loss: 0.0004,person_loss: 0.0000, total_Loss: 0.3232
trian begin
trian end
n_person 615
SAMPLE
F1_MI: 0.5776194716533096 F1_MA: 0.6035018715048052 ACC_MI: 0.5776194716533096 F1_MA: 0.6338488163687541
BEST_F1_MI: 0.6117542297417632 BEST_F1_MA: 0.6035018715048052 BEST_ACC_MI: 0.6117542297417632 BEST_F1_MA: 0.6338488163687541
[[194  74 625   0]
 [ 54 266 484   0]
 [146  21 579   0]
 [  0  19   0 907]]
Epoch: [ 8/200], cls_loss: 0.2763, transfer_loss: 0.0004,person_loss: 0.0000, total_Loss: 0.2798
trian begin
trian end
n_person 615
SAMPLE
F1_MI: 0.6696349065004452 F1_MA: 0.6625414711129348 ACC_MI: 0.6696349065004452 F1_MA: 0.663335270599851
BEST_F1_MI: 0.6696349065004452 BEST_F1_MA: 0.6625414711129348 BEST_ACC_MI: 0.6696349065004452 BEST_F1_MA: 0.663335270599851
[[452 181 260   0]
 [239 403 162   0]
 [185  75 486   0]
 [  0   9   2 915]]
Epoch: [ 9/200], cls_loss: 0.2260, transfer_loss: 0.0003,person_loss: 0.0000, total_Loss: 0.2294
trian begin
trian end
n_person 615
SAMPLE
F1_MI: 0.696942712971208 F1_MA: 0.7064705327020848 ACC_MI: 0.696942712971208 F1_MA: 0.7129015779870511
BEST_F1_MI: 0.696942712971208 BEST_F1_MA: 0.7064705327020848 BEST_ACC_MI: 0.696942712971208 BEST_F1_MA: 0.7129015779870511
[[281 382 230   0]
 [ 49 488 267   0]
 [ 47  32 667   0]
 [  0   9   5 912]]
Epoch: [10/200], cls_loss: 0.1983, transfer_loss: 0.0003,person_loss: 0.0000, total_Loss: 0.2013
trian begin
trian end
n_person 615
SAMPLE
F1_MI: 0.678242802018403 F1_MA: 0.6897237530092891 ACC_MI: 0.678242802018403 F1_MA: 0.7096392367677079
BEST_F1_MI: 0.696942712971208 BEST_F1_MA: 0.7064705327020848 BEST_ACC_MI: 0.696942712971208 BEST_F1_MA: 0.7129015779870511
[[354 498  41   0]
 [105 653  46   0]
 [179 203 364   0]
 [  0  11   1 914]]
Epoch: [11/200], cls_loss: 0.1961, transfer_loss: 0.0003,person_loss: 0.0000, total_Loss: 0.1987
trian begin
trian end
n_person 615
SAMPLE
F1_MI: 0.6007717423567824 F1_MA: 0.6281257228747384 ACC_MI: 0.6007717423567824 F1_MA: 0.6743530067786663
BEST_F1_MI: 0.696942712971208 BEST_F1_MA: 0.7064705327020848 BEST_ACC_MI: 0.696942712971208 BEST_F1_MA: 0.7129015779870511
[[253 631   9   0]
 [ 63 723  18   0]
 [218 386 142   0]
 [  0  14   6 906]]
Epoch: [12/200], cls_loss: 0.1718, transfer_loss: 0.0003,person_loss: 0.0000, total_Loss: 0.1745
trian begin
trian end
n_person 615
SAMPLE
F1_MI: 0.6592460670822202 F1_MA: 0.6522662447244754 ACC_MI: 0.6592460670822202 F1_MA: 0.6557448768466612
BEST_F1_MI: 0.696942712971208 BEST_F1_MA: 0.7064705327020848 BEST_ACC_MI: 0.696942712971208 BEST_F1_MA: 0.7129015779870511
[[398 384 111   0]
 [132 573  99   0]
 [331  81 334   0]
 [  0  10   0 916]]
Epoch: [13/200], cls_loss: 0.1751, transfer_loss: 0.0003,person_loss: 0.0000, total_Loss: 0.1786
trian begin
trian end
n_person 615
SAMPLE
F1_MI: 0.668150786583556 F1_MA: 0.6666635173945848 ACC_MI: 0.668150786583556 F1_MA: 0.6698919366340127
BEST_F1_MI: 0.696942712971208 BEST_F1_MA: 0.7064705327020848 BEST_ACC_MI: 0.696942712971208 BEST_F1_MA: 0.7129015779870511
[[329 465  99   0]
 [ 96 573 135   0]
 [189 112 445   0]
 [  0  21   1 904]]
Epoch: [14/200], cls_loss: 0.1448, transfer_loss: 0.0002,person_loss: 0.0000, total_Loss: 0.1472
trian begin
trian end
n_person 615
SAMPLE
F1_MI: 0.6904125853368952 F1_MA: 0.6989174759688405 ACC_MI: 0.6904125853368952 F1_MA: 0.7243361029651353
BEST_F1_MI: 0.696942712971208 BEST_F1_MA: 0.7064705327020848 BEST_ACC_MI: 0.696942712971208 BEST_F1_MA: 0.7243361029651353
[[552 318  23   0]
 [201 569  34   0]
 [237 226 283   0]
 [  0   3   1 922]]
Epoch: [15/200], cls_loss: 0.1455, transfer_loss: 0.0002,person_loss: 0.0000, total_Loss: 0.1480
trian begin
trian end
n_person 615
SAMPLE
F1_MI: 0.566340160284951 F1_MA: 0.5569855598451972 ACC_MI: 0.566340160284951 F1_MA: 0.5611379562523664
BEST_F1_MI: 0.696942712971208 BEST_F1_MA: 0.7064705327020848 BEST_ACC_MI: 0.696942712971208 BEST_F1_MA: 0.7243361029651353
[[260 486 147   0]
 [101 501 202   0]
 [187 334 225   0]
 [  0   4   0 922]]
Epoch: [16/200], cls_loss: 0.1531, transfer_loss: 0.0002,person_loss: 0.0000, total_Loss: 0.1550
trian begin
trian end
n_person 615
SAMPLE
F1_MI: 0.669931730483823 F1_MA: 0.6697556466191313 ACC_MI: 0.669931730483823 F1_MA: 0.6735973216773987
BEST_F1_MI: 0.696942712971208 BEST_F1_MA: 0.7064705327020848 BEST_ACC_MI: 0.696942712971208 BEST_F1_MA: 0.7243361029651353
[[397 160 336   0]
 [166 371 267   0]
 [109  62 575   0]
 [  3   6   3 914]]
Epoch: [17/200], cls_loss: 0.1244, transfer_loss: 0.0002,person_loss: 0.0000, total_Loss: 0.1268
trian begin
trian end
n_person 615
SAMPLE
F1_MI: 0.6218462451766102 F1_MA: 0.629355633025798 ACC_MI: 0.6218462451766102 F1_MA: 0.6454859726398952
BEST_F1_MI: 0.696942712971208 BEST_F1_MA: 0.7064705327020848 BEST_ACC_MI: 0.696942712971208 BEST_F1_MA: 0.7243361029651353
[[267 538  88   0]
 [ 65 568 171   0]
 [107 294 345   0]
 [  0  11   0 915]]
Epoch: [18/200], cls_loss: 0.1271, transfer_loss: 0.0002,person_loss: 0.0000, total_Loss: 0.1291
trian begin
trian end
n_person 615
SAMPLE
F1_MI: 0.6500445235975066 F1_MA: 0.6547200967107611 ACC_MI: 0.6500445235975066 F1_MA: 0.6825570189357406
BEST_F1_MI: 0.696942712971208 BEST_F1_MA: 0.7064705327020848 BEST_ACC_MI: 0.696942712971208 BEST_F1_MA: 0.7243361029651353
[[589 277  27   0]
 [258 514  32   0]
 [291 288 167   0]
 [  1   5   0 920]]
Epoch: [19/200], cls_loss: 0.1166, transfer_loss: 0.0002,person_loss: 0.0000, total_Loss: 0.1182
trian begin
trian end
n_person 615
SAMPLE
F1_MI: 0.6625111308993766 F1_MA: 0.6568096950418004 ACC_MI: 0.6625111308993766 F1_MA: 0.6526126080432577
BEST_F1_MI: 0.696942712971208 BEST_F1_MA: 0.7064705327020848 BEST_ACC_MI: 0.696942712971208 BEST_F1_MA: 0.7243361029651353
[[326 333 234   0]
 [146 389 269   0]
 [117  26 603   0]
 [  1  10   1 914]]
Epoch: [20/200], cls_loss: 0.1553, transfer_loss: 0.0002,person_loss: 0.0000, total_Loss: 0.1574
trian begin
trian end
n_person 615
SAMPLE
F1_MI: 0.5722766399525082 F1_MA: 0.5602498647293951 ACC_MI: 0.5722766399525082 F1_MA: 0.5637493120815225
BEST_F1_MI: 0.696942712971208 BEST_F1_MA: 0.7064705327020848 BEST_ACC_MI: 0.696942712971208 BEST_F1_MA: 0.7243361029651353
[[294 518  81   0]
 [ 69 569 166   0]
 [254 338 154   0]
 [  0  14   1 911]]
Epoch: [21/200], cls_loss: 0.0995, transfer_loss: 0.0002,person_loss: 0.0000, total_Loss: 0.1013
trian begin
trian end
n_person 615
SAMPLE
F1_MI: 0.5874146631047789 F1_MA: 0.5731933958743469 ACC_MI: 0.5874146631047789 F1_MA: 0.5744951070549715
BEST_F1_MI: 0.696942712971208 BEST_F1_MA: 0.7064705327020848 BEST_ACC_MI: 0.696942712971208 BEST_F1_MA: 0.7243361029651353
[[403 358 132   0]
 [168 389 247   0]
 [385  90 271   0]
 [  4   4   2 916]]
Epoch: [22/200], cls_loss: 0.1092, transfer_loss: 0.0002,person_loss: 0.0000, total_Loss: 0.1111
trian begin
trian end
n_person 615
SAMPLE
F1_MI: 0.6159097655090532 F1_MA: 0.6298630267546479 ACC_MI: 0.6159097655090532 F1_MA: 0.6595729250091048
BEST_F1_MI: 0.696942712971208 BEST_F1_MA: 0.7064705327020848 BEST_ACC_MI: 0.696942712971208 BEST_F1_MA: 0.7243361029651353
[[299 542  52   0]
 [ 54 712  38   0]
 [124 463 159   0]
 [  0   4  17 905]]
Epoch: [23/200], cls_loss: 0.1283, transfer_loss: 0.0002,person_loss: 0.0000, total_Loss: 0.1300
trian begin
trian end
n_person 615
SAMPLE
F1_MI: 0.5687147521519739 F1_MA: 0.566340433165149 ACC_MI: 0.5687147521519739 F1_MA: 0.5789368075600314
BEST_F1_MI: 0.696942712971208 BEST_F1_MA: 0.7064705327020848 BEST_ACC_MI: 0.696942712971208 BEST_F1_MA: 0.7243361029651353
[[259 529 105   0]
 [ 41 573 190   0]
 [145 433 168   0]
 [  0  10   0 916]]
Epoch: [24/200], cls_loss: 0.1186, transfer_loss: 0.0004,person_loss: 0.0000, total_Loss: 0.1222
trian begin
trian end
n_person 615
SAMPLE
F1_MI: 0.6444048679133274 F1_MA: 0.6367828781123732 ACC_MI: 0.6444048679133274 F1_MA: 0.6358214188959204
BEST_F1_MI: 0.696942712971208 BEST_F1_MA: 0.7064705327020848 BEST_ACC_MI: 0.696942712971208 BEST_F1_MA: 0.7243361029651353
[[299 394 200   0]
 [ 73 564 167   0]
 [196 158 392   0]
 [  1   9   0 916]]
Epoch: [25/200], cls_loss: 0.0899, transfer_loss: 0.0002,person_loss: 0.0000, total_Loss: 0.0915
trian begin
trian end
n_person 615
SAMPLE
F1_MI: 0.5743544078361532 F1_MA: 0.5599222836016163 ACC_MI: 0.5743544078361532 F1_MA: 0.5595455357007695
BEST_F1_MI: 0.696942712971208 BEST_F1_MA: 0.7064705327020848 BEST_ACC_MI: 0.696942712971208 BEST_F1_MA: 0.7243361029651353
[[324 291 278   0]
 [109 431 264   0]
 [306 179 261   0]
 [  1   5   1 919]]
Epoch: [26/200], cls_loss: 0.1123, transfer_loss: 0.0002,person_loss: 0.0000, total_Loss: 0.1144
trian begin
trian end
n_person 615
SAMPLE
F1_MI: 0.6455921638468388 F1_MA: 0.6429401726153914 ACC_MI: 0.6455921638468388 F1_MA: 0.6500150001103591
BEST_F1_MI: 0.696942712971208 BEST_F1_MA: 0.7064705327020848 BEST_ACC_MI: 0.696942712971208 BEST_F1_MA: 0.7243361029651353
[[371 481  41   0]
 [132 524 148   0]
 [267 116 363   0]
 [  0   5   4 917]]
Epoch: [27/200], cls_loss: 0.0970, transfer_loss: 0.0002,person_loss: 0.0000, total_Loss: 0.0988
trian begin
trian end
n_person 615
SAMPLE
F1_MI: 0.6280795488275452 F1_MA: 0.6304165550718278 ACC_MI: 0.6280795488275452 F1_MA: 0.63791134848953
BEST_F1_MI: 0.696942712971208 BEST_F1_MA: 0.7064705327020848 BEST_ACC_MI: 0.696942712971208 BEST_F1_MA: 0.7243361029651353
[[257 362 274   0]
 [ 59 490 255   0]
 [ 90 208 448   0]
 [  0   5   0 921]]
Epoch: [28/200], cls_loss: 0.0898, transfer_loss: 0.0001,person_loss: 0.0000, total_Loss: 0.0912
trian begin
trian end
n_person 615
SAMPLE
F1_MI: 0.6426239240130602 F1_MA: 0.6384878643966353 ACC_MI: 0.6426239240130602 F1_MA: 0.6395310997316697
BEST_F1_MI: 0.696942712971208 BEST_F1_MA: 0.7064705327020848 BEST_ACC_MI: 0.696942712971208 BEST_F1_MA: 0.7243361029651353
[[315 295 283   0]
 [ 82 454 268   0]
 [154 113 479   0]
 [  0   8   1 917]]
Epoch: [29/200], cls_loss: 0.0838, transfer_loss: 0.0002,person_loss: 0.0000, total_Loss: 0.0854
trian begin
trian end
n_person 615
SAMPLE
F1_MI: 0.566340160284951 F1_MA: 0.5455649770867231 ACC_MI: 0.566340160284951 F1_MA: 0.5442324809333037
BEST_F1_MI: 0.696942712971208 BEST_F1_MA: 0.7064705327020848 BEST_ACC_MI: 0.696942712971208 BEST_F1_MA: 0.7243361029651353
[[355 390 148   0]
 [ 90 532 182   0]
 [186 461  99   0]
 [  0   4   0 922]]
Epoch: [30/200], cls_loss: 0.0851, transfer_loss: 0.0002,person_loss: 0.0000, total_Loss: 0.0866
trian begin
trian end
n_person 615
SAMPLE
F1_MI: 0.5915701988720689 F1_MA: 0.5754772028723255 ACC_MI: 0.5915701988720689 F1_MA: 0.5740987819542264
BEST_F1_MI: 0.696942712971208 BEST_F1_MA: 0.7064705327020848 BEST_ACC_MI: 0.696942712971208 BEST_F1_MA: 0.7243361029651353
[[352 299 242   0]
 [109 486 209   0]
 [268 242 236   0]
 [  0   7   0 919]]
Epoch: [31/200], cls_loss: 0.0911, transfer_loss: 0.0002,person_loss: 0.0000, total_Loss: 0.0927
trian begin
trian end
n_person 615
SAMPLE
F1_MI: 0.5805877114870882 F1_MA: 0.5721595418403542 ACC_MI: 0.5805877114870882 F1_MA: 0.5750024415475329
BEST_F1_MI: 0.696942712971208 BEST_F1_MA: 0.7064705327020848 BEST_ACC_MI: 0.696942712971208 BEST_F1_MA: 0.7243361029651353
[[206 561 126   0]
 [ 63 628 113   0]
 [218 321 207   0]
 [  0  11   0 915]]
Epoch: [32/200], cls_loss: 0.0910, transfer_loss: 0.0001,person_loss: 0.0000, total_Loss: 0.0924
trian begin
trian end
n_person 615
SAMPLE
F1_MI: 0.6295636687444346 F1_MA: 0.6322050233749383 ACC_MI: 0.6295636687444346 F1_MA: 0.6401976253017658
BEST_F1_MI: 0.696942712971208 BEST_F1_MA: 0.7064705327020848 BEST_ACC_MI: 0.696942712971208 BEST_F1_MA: 0.7243361029651353
[[243 487 163   0]
 [ 43 545 216   0]
 [115 216 415   0]
 [  1   5   2 918]]
Epoch: [33/200], cls_loss: 0.0840, transfer_loss: 0.0002,person_loss: 0.0000, total_Loss: 0.0858
trian begin
trian end
n_person 615
SAMPLE
F1_MI: 0.6714158504007124 F1_MA: 0.6851813700061976 ACC_MI: 0.6714158504007124 F1_MA: 0.69714583043262
BEST_F1_MI: 0.696942712971208 BEST_F1_MA: 0.7064705327020848 BEST_ACC_MI: 0.696942712971208 BEST_F1_MA: 0.7243361029651353
[[173 534 186   0]
 [ 23 621 160   0]
 [ 48 149 549   0]
 [  3   4   0 919]]
Epoch: [34/200], cls_loss: 0.0679, transfer_loss: 0.0001,person_loss: 0.0000, total_Loss: 0.0692
trian begin
trian end
n_person 615
SAMPLE
F1_MI: 0.6114574057583853 F1_MA: 0.6129682210317576 ACC_MI: 0.6114574057583853 F1_MA: 0.6244725130416701
BEST_F1_MI: 0.696942712971208 BEST_F1_MA: 0.7064705327020848 BEST_ACC_MI: 0.696942712971208 BEST_F1_MA: 0.7243361029651353
[[242 595  56   0]
 [ 28 639 137   0]
 [212 271 263   0]
 [  1   7   2 916]]
Epoch: [35/200], cls_loss: 0.0877, transfer_loss: 0.0001,person_loss: 0.0000, total_Loss: 0.0891
trian begin
trian end
n_person 615
SAMPLE
F1_MI: 0.620362125259721 F1_MA: 0.6238137764458818 ACC_MI: 0.620362125259721 F1_MA: 0.6351631388865432
BEST_F1_MI: 0.696942712971208 BEST_F1_MA: 0.7064705327020848 BEST_ACC_MI: 0.696942712971208 BEST_F1_MA: 0.7243361029651353
[[265 489 139   0]
 [ 29 540 235   0]
 [129 251 366   0]
 [  0   7   0 919]]
Epoch: [36/200], cls_loss: 0.0882, transfer_loss: 0.0001,person_loss: 0.0000, total_Loss: 0.0894
trian begin
trian end
n_person 615
SAMPLE
F1_MI: 0.6007717423567824 F1_MA: 0.5958612317568773 ACC_MI: 0.6007717423567824 F1_MA: 0.5990597126623518
BEST_F1_MI: 0.696942712971208 BEST_F1_MA: 0.7064705327020848 BEST_ACC_MI: 0.696942712971208 BEST_F1_MA: 0.7243361029651353
[[255 481 157   0]
 [ 31 474 299   0]
 [196 177 373   0]
 [  0   4   0 922]]
Epoch: [37/200], cls_loss: 0.0787, transfer_loss: 0.0001,person_loss: 0.0000, total_Loss: 0.0798
trian begin
trian end
n_person 615
SAMPLE
F1_MI: 0.6132383496586524 F1_MA: 0.616418023143979 ACC_MI: 0.6132383496586524 F1_MA: 0.6230680750516076
BEST_F1_MI: 0.696942712971208 BEST_F1_MA: 0.7064705327020848 BEST_ACC_MI: 0.696942712971208 BEST_F1_MA: 0.7243361029651353
[[209 430 254   0]
 [ 29 460 315   0]
 [110 157 479   0]
 [  1   3   4 918]]
Epoch: [38/200], cls_loss: 0.0769, transfer_loss: 0.0001,person_loss: 0.0000, total_Loss: 0.0782
trian begin
trian end
n_person 615
SAMPLE
F1_MI: 0.5906797269219353 F1_MA: 0.5743325440762242 ACC_MI: 0.5906797269219353 F1_MA: 0.5737367763305844
BEST_F1_MI: 0.696942712971208 BEST_F1_MA: 0.7064705327020848 BEST_ACC_MI: 0.696942712971208 BEST_F1_MA: 0.7243361029651353
[[392 344 157   0]
 [ 83 425 296   0]
 [346 149 251   0]
 [  0   2   2 922]]
Epoch: [39/200], cls_loss: 0.0712, transfer_loss: 0.0001,person_loss: 0.0000, total_Loss: 0.0722
trian begin
trian end
n_person 615
SAMPLE
F1_MI: 0.6242208370436332 F1_MA: 0.6194391872960208 ACC_MI: 0.6242208370436332 F1_MA: 0.6236869323130522
BEST_F1_MI: 0.696942712971208 BEST_F1_MA: 0.7064705327020848 BEST_ACC_MI: 0.696942712971208 BEST_F1_MA: 0.7243361029651353
[[335 500  58   0]
 [175 451 178   0]
 [242 110 394   0]
 [  0   3   0 923]]
Epoch: [40/200], cls_loss: 0.0774, transfer_loss: 0.0001,person_loss: 0.0000, total_Loss: 0.0787
trian begin
trian end
n_person 615
SAMPLE
F1_MI: 0.6212525972098546 F1_MA: 0.6441302904578297 ACC_MI: 0.6212525972098546 F1_MA: 0.676578423464946
BEST_F1_MI: 0.696942712971208 BEST_F1_MA: 0.7064705327020848 BEST_ACC_MI: 0.696942712971208 BEST_F1_MA: 0.7243361029651353
[[189 676  28   0]
 [ 71 681  52   0]
 [106 336 304   0]
 [  2   5   0 919]]
Epoch: [41/200], cls_loss: 0.0590, transfer_loss: 0.0001,person_loss: 0.0000, total_Loss: 0.0600
trian begin
trian end
n_person 615
SAMPLE
F1_MI: 0.6040368061739388 F1_MA: 0.5925676008534997 ACC_MI: 0.6040368061739388 F1_MA: 0.5894811126746562
BEST_F1_MI: 0.696942712971208 BEST_F1_MA: 0.7064705327020848 BEST_ACC_MI: 0.696942712971208 BEST_F1_MA: 0.7243361029651353
[[283 394 216   0]
 [ 88 447 269   0]
 [292  68 386   0]
 [  1   5   1 919]]
Epoch: [42/200], cls_loss: 0.0742, transfer_loss: 0.0001,person_loss: 0.0000, total_Loss: 0.0751
trian begin
trian end
n_person 615
SAMPLE
F1_MI: 0.5589195607005046 F1_MA: 0.5453428792196439 ACC_MI: 0.5589195607005046 F1_MA: 0.5389598219093352
BEST_F1_MI: 0.696942712971208 BEST_F1_MA: 0.7064705327020848 BEST_ACC_MI: 0.696942712971208 BEST_F1_MA: 0.7243361029651353
[[138 485 270   0]
 [ 26 491 287   0]
 [219 189 338   0]
 [  0  10   0 916]]
Epoch: [43/200], cls_loss: 0.0605, transfer_loss: 0.0001,person_loss: 0.0000, total_Loss: 0.0615
trian begin
trian end
n_person 615
SAMPLE
F1_MI: 0.5078658355595133 F1_MA: 0.49307744925838287 ACC_MI: 0.5078658355595133 F1_MA: 0.49023828337777015
BEST_F1_MI: 0.696942712971208 BEST_F1_MA: 0.7064705327020848 BEST_ACC_MI: 0.696942712971208 BEST_F1_MA: 0.7243361029651353
[[154 440 299   0]
 [ 80 381 343   0]
 [256 231 259   0]
 [  0   4   5 917]]
Epoch: [44/200], cls_loss: 0.0649, transfer_loss: 0.0002,person_loss: 0.0000, total_Loss: 0.0672
trian begin
trian end
n_person 615
SAMPLE
F1_MI: 0.5823686553873553 F1_MA: 0.5785707256970645 ACC_MI: 0.5823686553873553 F1_MA: 0.5799512376997443
BEST_F1_MI: 0.696942712971208 BEST_F1_MA: 0.7064705327020848 BEST_ACC_MI: 0.696942712971208 BEST_F1_MA: 0.7243361029651353
[[128 616 149   0]
 [ 46 594 164   0]
 [141 269 336   0]
 [  0  22   0 904]]
Epoch: [45/200], cls_loss: 0.0681, transfer_loss: 0.0001,person_loss: 0.0000, total_Loss: 0.0696
trian begin
trian end
n_person 615
SAMPLE
F1_MI: 0.6239240130602552 F1_MA: 0.6180993854064523 ACC_MI: 0.6239240130602552 F1_MA: 0.6158962167213728
BEST_F1_MI: 0.696942712971208 BEST_F1_MA: 0.7064705327020848 BEST_ACC_MI: 0.696942712971208 BEST_F1_MA: 0.7243361029651353
[[267 326 300   0]
 [104 388 312   0]
 [160  60 526   0]
 [  0   3   2 921]]
Epoch: [46/200], cls_loss: 0.0561, transfer_loss: 0.0001,person_loss: 0.0000, total_Loss: 0.0571
trian begin
trian end
n_person 615
SAMPLE
F1_MI: 0.5761353517364203 F1_MA: 0.5636391265513759 ACC_MI: 0.5761353517364203 F1_MA: 0.560037795507244
BEST_F1_MI: 0.696942712971208 BEST_F1_MA: 0.7064705327020848 BEST_ACC_MI: 0.696942712971208 BEST_F1_MA: 0.7243361029651353
[[229 351 313   0]
 [118 450 236   0]
 [239 161 346   0]
 [  1   9   0 916]]
Epoch: [47/200], cls_loss: 0.0538, transfer_loss: 0.0001,person_loss: 0.0000, total_Loss: 0.0549
trian begin
trian end
n_person 615
SAMPLE
F1_MI: 0.5942416147224696 F1_MA: 0.5818695836065302 ACC_MI: 0.5942416147224696 F1_MA: 0.5706406558909537
BEST_F1_MI: 0.696942712971208 BEST_F1_MA: 0.7064705327020848 BEST_ACC_MI: 0.696942712971208 BEST_F1_MA: 0.7243361029651353
[[ 84 584 225   0]
 [ 43 559 202   0]
 [107 189 450   0]
 [  1   6  10 909]]
Epoch: [48/200], cls_loss: 0.0562, transfer_loss: 0.0001,person_loss: 0.0000, total_Loss: 0.0571
trian begin
trian end
n_person 615
SAMPLE
F1_MI: 0.6642920747996438 F1_MA: 0.6671505891463668 ACC_MI: 0.6642920747996438 F1_MA: 0.6766529844657327
BEST_F1_MI: 0.696942712971208 BEST_F1_MA: 0.7064705327020848 BEST_ACC_MI: 0.696942712971208 BEST_F1_MA: 0.7243361029651353
[[336 471  86   0]
 [113 550 141   0]
 [102 217 427   0]
 [  0   1   0 925]]
Epoch: [49/200], cls_loss: 0.0550, transfer_loss: 0.0001,person_loss: 0.0000, total_Loss: 0.0561
trian begin
trian end
n_person 615
SAMPLE
F1_MI: 0.7022855446720095 F1_MA: 0.6995742867466433 ACC_MI: 0.7022855446720095 F1_MA: 0.6986280130963715
BEST_F1_MI: 0.7022855446720095 BEST_F1_MA: 0.7064705327020848 BEST_ACC_MI: 0.7022855446720095 BEST_F1_MA: 0.7243361029651353
[[346 384 163   0]
 [ 85 547 172   0]
 [113  82 551   0]
 [  2   2   0 922]]
Epoch: [50/200], cls_loss: 0.0623, transfer_loss: 0.0001,person_loss: 0.0000, total_Loss: 0.0632
trian begin
trian end
n_person 615
SAMPLE
F1_MI: 0.6325319085782131 F1_MA: 0.6269794723592765 ACC_MI: 0.6325319085782131 F1_MA: 0.626057584798315
BEST_F1_MI: 0.7022855446720095 BEST_F1_MA: 0.7064705327020848 BEST_ACC_MI: 0.7022855446720095 BEST_F1_MA: 0.7243361029651353
[[267 472 154   0]
 [112 487 205   0]
 [153 133 460   0]
 [  2   5   2 917]]
Epoch: [51/200], cls_loss: 0.0428, transfer_loss: 0.0001,person_loss: 0.0000, total_Loss: 0.0438
trian begin
trian end
n_person 615
SAMPLE
F1_MI: 0.6449985158800831 F1_MA: 0.6403193899476396 ACC_MI: 0.6449985158800831 F1_MA: 0.6420277228076712
BEST_F1_MI: 0.7022855446720095 BEST_F1_MA: 0.7064705327020848 BEST_ACC_MI: 0.7022855446720095 BEST_F1_MA: 0.7243361029651353
[[355 386 152   0]
 [147 444 213   0]
 [124 158 464   0]
 [  2  14   0 910]]
Epoch: [52/200], cls_loss: 0.0550, transfer_loss: 0.0001,person_loss: 0.0000, total_Loss: 0.0557
trian begin
trian end
n_person 615
SAMPLE
F1_MI: 0.6527159394479074 F1_MA: 0.6532575767258316 ACC_MI: 0.6527159394479074 F1_MA: 0.6565353535827445
BEST_F1_MI: 0.7022855446720095 BEST_F1_MA: 0.7064705327020848 BEST_ACC_MI: 0.7022855446720095 BEST_F1_MA: 0.7243361029651353
[[304 366 223   0]
 [ 84 428 292   0]
 [ 86 111 549   0]
 [  0   7   1 918]]
Epoch: [53/200], cls_loss: 0.0560, transfer_loss: 0.0001,person_loss: 0.0000, total_Loss: 0.0569
trian begin
trian end
n_person 615
SAMPLE
F1_MI: 0.6429207479964381 F1_MA: 0.6353562922227025 ACC_MI: 0.6429207479964381 F1_MA: 0.633618655690731
BEST_F1_MI: 0.7022855446720095 BEST_F1_MA: 0.7064705327020848 BEST_ACC_MI: 0.7022855446720095 BEST_F1_MA: 0.7243361029651353
[[329 398 166   0]
 [130 434 240   0]
 [160 106 480   0]
 [  0   3   0 923]]
Epoch: [54/200], cls_loss: 0.0457, transfer_loss: 0.0001,person_loss: 0.0000, total_Loss: 0.0464
trian begin
trian end
n_person 615
SAMPLE
F1_MI: 0.678539626001781 F1_MA: 0.6714671686168452 ACC_MI: 0.678539626001781 F1_MA: 0.667672650723839
BEST_F1_MI: 0.7022855446720095 BEST_F1_MA: 0.7064705327020848 BEST_ACC_MI: 0.7022855446720095 BEST_F1_MA: 0.7243361029651353
[[393 353 147   0]
 [162 382 260   0]
 [106  48 592   0]
 [  0   7   0 919]]
Epoch: [55/200], cls_loss: 0.0540, transfer_loss: 0.0001,person_loss: 0.0000, total_Loss: 0.0548
trian begin
trian end
n_person 615
SAMPLE
F1_MI: 0.6313446126447017 F1_MA: 0.6308108962197029 ACC_MI: 0.6313446126447017 F1_MA: 0.6355514507954777
BEST_F1_MI: 0.7022855446720095 BEST_F1_MA: 0.7064705327020848 BEST_ACC_MI: 0.7022855446720095 BEST_F1_MA: 0.7243361029651353
[[233 549 111   0]
 [ 92 574 138   0]
 [146 200 400   0]
 [  1   5   0 920]]
Epoch: [56/200], cls_loss: 0.0527, transfer_loss: 0.0001,person_loss: 0.0000, total_Loss: 0.0535
trian begin
trian end
n_person 615
SAMPLE
F1_MI: 0.6589492430988424 F1_MA: 0.6637479020617032 ACC_MI: 0.6589492430988424 F1_MA: 0.6670420384693907
BEST_F1_MI: 0.7022855446720095 BEST_F1_MA: 0.7064705327020848 BEST_ACC_MI: 0.7022855446720095 BEST_F1_MA: 0.7243361029651353
[[250 332 310   1]
 [ 74 401 329   0]
 [ 61  37 648   0]
 [  1   4   0 921]]
Epoch: [57/200], cls_loss: 0.0344, transfer_loss: 0.0001,person_loss: 0.0000, total_Loss: 0.0353
trian begin
trian end
n_person 615
SAMPLE
F1_MI: 0.6221430691599882 F1_MA: 0.6353666998993052 ACC_MI: 0.6221430691599882 F1_MA: 0.6498202495742865
BEST_F1_MI: 0.7022855446720095 BEST_F1_MA: 0.7064705327020848 BEST_ACC_MI: 0.7022855446720095 BEST_F1_MA: 0.7243361029651353
[[223 250 420   0]
 [ 49 360 395   0]
 [ 62  90 594   0]
 [  0   5   2 919]]
Epoch: [58/200], cls_loss: 0.0344, transfer_loss: 0.0001,person_loss: 0.0000, total_Loss: 0.0354
trian begin
trian end
n_person 615
SAMPLE
F1_MI: 0.6084891659246067 F1_MA: 0.61527886952964 ACC_MI: 0.6084891659246067 F1_MA: 0.6211914309215544
BEST_F1_MI: 0.7022855446720095 BEST_F1_MA: 0.7064705327020848 BEST_ACC_MI: 0.7022855446720095 BEST_F1_MA: 0.7243361029651353
[[146 376 371   0]
 [ 28 389 387   0]
 [ 75  78 593   0]
 [  0   3   1 922]]
Epoch: [59/200], cls_loss: 0.0546, transfer_loss: 0.0001,person_loss: 0.0000, total_Loss: 0.0554
trian begin
trian end
n_person 615
SAMPLE
F1_MI: 0.5586227367171267 F1_MA: 0.5478714585285616 ACC_MI: 0.5586227367171267 F1_MA: 0.5470402228393108
BEST_F1_MI: 0.7022855446720095 BEST_F1_MA: 0.7064705327020848 BEST_ACC_MI: 0.7022855446720095 BEST_F1_MA: 0.7243361029651353
[[253 267 373   0]
 [213 346 245   0]
 [262 117 367   0]
 [  3   7   0 916]]
Epoch: [60/200], cls_loss: 0.0409, transfer_loss: 0.0001,person_loss: 0.0000, total_Loss: 0.0415
[[281 382 230   0]
 [ 49 488 267   0]
 [ 47  32 667   0]
 [  0   9   5 912]]
[[281 382 230   0]
 [ 49 488 267   0]
 [ 47  32 667   0]
 [  0   9   5 912]]
WHAT: False
{'best_f1': 0.7064705327020848, 'best_matrix': [[281, 382, 230, 0], [49, 488, 267, 0], [47, 32, 667, 0], [0, 9, 5, 912]], 'args': 0.1}
{"best_f1": 0.7064705327020848, "best_matrix": [[281, 382, 230, 0], [49, 488, 267, 0], [47, 32, 667, 0], [0, 9, 5, 912]], "args": 0.1}
ARG: Namespace(backbone='resnet50', batch_size=32, config='DeepCoral/DeepCoral.yaml', data_dir='data', device=device(type='cuda'), early_stop=50, epoch_based_training=False, lr=0.003, lr_decay=0.75, lr_gamma=0.0003, lr_scheduler=True, max_iter=21000, method='False', momentum=0.9, myweight=0.1, n_class=4, n_epoch=200, n_iter_per_epoch=105, num_workers=3, seed=2, src_domain='WISDM', tgt_domain='UCI', tname='transfer', transfer_loss='coral', transfer_loss_weight=10.0, use_bottleneck=True, weight_decay=0.0005)
