coral 2 WISDM PAMAP2 DeepCoral/DeepCoral.yaml False
Namespace(backbone='resnet50', batch_size=32, config='DeepCoral/DeepCoral.yaml', data_dir='data', device=device(type='cuda'), early_stop=50, epoch_based_training=False, lr=0.003, lr_decay=0.75, lr_gamma=0.0003, lr_scheduler=True, method='False', momentum=0.9, myweight=0.1, n_epoch=200, n_iter_per_epoch=100, num_workers=3, seed=2, src_domain='WISDM', tgt_domain='PAMAP2', tname='transfer', transfer_loss='coral', transfer_loss_weight=10.0, use_bottleneck=True, weight_decay=0.0005)
JUST DO IT
run my Parkinson code
transfer
TRAIN Length: 13609 322 TEST Length: 4725 360
YYY: 0 3
DATA_PROFILE   train: 13609 train2: 4725 test: 4725
DATASET.SHAPE: <data_loader.GetTrainLoader object at 0x7f343ddfddd8> True
DATASET.SHAPE: <data_loader.GetTrainLoader object at 0x7f343d957f60> True
DATASET.SHAPE: <data_loader.GetTestLoader object at 0x7f3435a55e48> False
CLASS: 4 360
LLL: {}
BOTTLENECK_LIST: [Linear(in_features=512, out_features=256, bias=True), ReLU()]
TYPE: {'loss_type': 'coral', 'max_iter': 29400, 'num_class': 4, 'my_person_item': <my_person_item.PersonItem object at 0x7f34f7292fd0>}
initial_lr 1.0
transfer_world
method False <class 'str'>
1.10.1+cu102
True
LEN: 0 0
LOADER: <data_loader.InfiniteDataLoader object at 0x7f343d957240> <data_loader.InfiniteDataLoader object at 0x7f3435a55d68>
N_batch: 147
trian begin
trian end
n_person 360
SAMPLE
F1_MI: 0.4694179894179894 F1_MA: 0.4072960155662196 ACC_MI: 0.4694179894179894 F1_MA: 0.3637296839775345
BEST_F1_MI: 0.4694179894179894 BEST_F1_MA: 0.4072960155662196 BEST_ACC_MI: 0.4694179894179894 BEST_F1_MA: 0.3637296839775345
[[  84 1446    0   52]
 [  47  753    0  105]
 [ 104  591    0  113]
 [   3   46    0 1381]]
Epoch: [ 1/200], cls_loss: 0.7333, transfer_loss: 0.0030,person_loss: 0.0000, total_Loss: 0.7633
trian begin
trian end
n_person 360
SAMPLE
F1_MI: 0.561058201058201 F1_MA: 0.49201011894633223 ACC_MI: 0.561058201058201 F1_MA: 0.4931303142094955
BEST_F1_MI: 0.561058201058201 BEST_F1_MA: 0.49201011894633223 BEST_ACC_MI: 0.561058201058201 BEST_F1_MA: 0.4931303142094955
[[ 957   14  560   51]
 [ 402   11  392  100]
 [ 380    7  315  106]
 [   3    0   59 1368]]
Epoch: [ 2/200], cls_loss: 0.4173, transfer_loss: 0.0010,person_loss: 0.0000, total_Loss: 0.4270
trian begin
trian end
n_person 360
SAMPLE
F1_MI: 0.4795767195767196 F1_MA: 0.48231084661505214 ACC_MI: 0.4795767195767196 F1_MA: 0.4914629712047982
BEST_F1_MI: 0.561058201058201 BEST_F1_MA: 0.49201011894633223 BEST_ACC_MI: 0.561058201058201 BEST_F1_MA: 0.4931303142094955
[[ 173 1305   57   47]
 [  88  701   27   89]
 [ 104  540   68   96]
 [   0   76   30 1324]]
Epoch: [ 3/200], cls_loss: 0.3728, transfer_loss: 0.0007,person_loss: 0.0000, total_Loss: 0.3801
trian begin
trian end
n_person 360
SAMPLE
F1_MI: 0.6116402116402117 F1_MA: 0.5340561593193867 ACC_MI: 0.6116402116402117 F1_MA: 0.5066248214922036
BEST_F1_MI: 0.6116402116402117 BEST_F1_MA: 0.5340561593193867 BEST_ACC_MI: 0.6116402116402117 BEST_F1_MA: 0.5066248214922036
[[ 830  705    0   47]
 [  86  723    0   96]
 [  65  647    0   96]
 [   2   91    0 1337]]
Epoch: [ 4/200], cls_loss: 0.3469, transfer_loss: 0.0006,person_loss: 0.0000, total_Loss: 0.3527
trian begin
trian end
n_person 360
SAMPLE
F1_MI: 0.46984126984126984 F1_MA: 0.4590978165500563 ACC_MI: 0.46984126984126984 F1_MA: 0.4522261871290784
BEST_F1_MI: 0.6116402116402117 BEST_F1_MA: 0.5340561593193867 BEST_ACC_MI: 0.6116402116402117 BEST_F1_MA: 0.5066248214922036
[[ 110 1424    0   48]
 [  29  788    0   88]
 [  12  701    0   95]
 [   7  101    0 1322]]
Epoch: [ 5/200], cls_loss: 0.3088, transfer_loss: 0.0004,person_loss: 0.0000, total_Loss: 0.3128
trian begin
trian end
n_person 360
SAMPLE
F1_MI: 0.4857142857142857 F1_MA: 0.5143951454500216 ACC_MI: 0.4857142857142857 F1_MA: 0.5346126162844307
BEST_F1_MI: 0.6116402116402117 BEST_F1_MA: 0.5340561593193867 BEST_ACC_MI: 0.6116402116402117 BEST_F1_MA: 0.5346126162844307
[[  52 1372  108   50]
 [  13  734   59   99]
 [  23  526  155  104]
 [   2   47   27 1354]]
Epoch: [ 6/200], cls_loss: 0.2997, transfer_loss: 0.0005,person_loss: 0.0000, total_Loss: 0.3050
trian begin
trian end
n_person 360
SAMPLE
F1_MI: 0.47513227513227513 F1_MA: 0.48194588906510616 ACC_MI: 0.47513227513227513 F1_MA: 0.488239198358375
BEST_F1_MI: 0.6116402116402117 BEST_F1_MA: 0.5340561593193867 BEST_ACC_MI: 0.6116402116402117 BEST_F1_MA: 0.5346126162844307
[[ 140 1253  141   48]
 [  79  602  132   92]
 [  33  496  183   96]
 [  37   31   42 1320]]
Epoch: [ 7/200], cls_loss: 0.2832, transfer_loss: 0.0004,person_loss: 0.0000, total_Loss: 0.2872
trian begin
trian end
n_person 360
SAMPLE
F1_MI: 0.47005291005291006 F1_MA: 0.47134874491322315 ACC_MI: 0.47005291005291006 F1_MA: 0.4586773582099568
BEST_F1_MI: 0.6116402116402117 BEST_F1_MA: 0.5340561593193867 BEST_ACC_MI: 0.6116402116402117 BEST_F1_MA: 0.5346126162844307
[[  30 1470   35   47]
 [  74  611  130   90]
 [  20  434  260   94]
 [  17   28   65 1320]]
Epoch: [ 8/200], cls_loss: 0.2083, transfer_loss: 0.0003,person_loss: 0.0000, total_Loss: 0.2113
trian begin
trian end
n_person 360
SAMPLE
F1_MI: 0.43407407407407406 F1_MA: 0.41623641166859965 ACC_MI: 0.43407407407407406 F1_MA: 0.40644926249799507
BEST_F1_MI: 0.6116402116402117 BEST_F1_MA: 0.5340561593193867 BEST_ACC_MI: 0.6116402116402117 BEST_F1_MA: 0.5346126162844307
[[  35 1377  118   52]
 [  27  543  230  105]
 [  33  564  100  111]
 [   3   41   13 1373]]
Epoch: [ 9/200], cls_loss: 0.1953, transfer_loss: 0.0003,person_loss: 0.0000, total_Loss: 0.1978
trian begin
trian end
n_person 360
SAMPLE
F1_MI: 0.40634920634920635 F1_MA: 0.38329877962506387 ACC_MI: 0.40634920634920635 F1_MA: 0.36797683957358396
BEST_F1_MI: 0.6116402116402117 BEST_F1_MA: 0.5340561593193867 BEST_ACC_MI: 0.6116402116402117 BEST_F1_MA: 0.5346126162844307
[[  44 1008  479   51]
 [  58  190  558   99]
 [  42  326  340  100]
 [  23   44   17 1346]]
Epoch: [10/200], cls_loss: 0.1560, transfer_loss: 0.0003,person_loss: 0.0000, total_Loss: 0.1588
trian begin
trian end
n_person 360
SAMPLE
F1_MI: 0.43195767195767193 F1_MA: 0.42528809353612285 ACC_MI: 0.431957671957672 F1_MA: 0.4257250565160833
BEST_F1_MI: 0.6116402116402117 BEST_F1_MA: 0.5340561593193867 BEST_ACC_MI: 0.6116402116402117 BEST_F1_MA: 0.5346126162844307
[[ 113 1144  274   51]
 [ 106  245  454  100]
 [  37  332  335  104]
 [  17   45   20 1348]]
Epoch: [11/200], cls_loss: 0.1482, transfer_loss: 0.0002,person_loss: 0.0000, total_Loss: 0.1506
trian begin
trian end
n_person 360
SAMPLE
F1_MI: 0.42455026455026457 F1_MA: 0.3815012221876687 ACC_MI: 0.42455026455026457 F1_MA: 0.346282171073779
BEST_F1_MI: 0.6116402116402117 BEST_F1_MA: 0.5340561593193867 BEST_ACC_MI: 0.6116402116402117 BEST_F1_MA: 0.5346126162844307
[[   5 1144  381   52]
 [  22  335  444  104]
 [  10  390  298  110]
 [   9   50    3 1368]]
Epoch: [12/200], cls_loss: 0.1553, transfer_loss: 0.0002,person_loss: 0.0000, total_Loss: 0.1574
trian begin
trian end
n_person 360
SAMPLE
F1_MI: 0.45629629629629626 F1_MA: 0.4510445916713182 ACC_MI: 0.4562962962962963 F1_MA: 0.44045836617366474
BEST_F1_MI: 0.6116402116402117 BEST_F1_MA: 0.5340561593193867 BEST_ACC_MI: 0.6116402116402117 BEST_F1_MA: 0.5346126162844307
[[  73 1305  154   50]
 [  99  392  312  102]
 [  46  312  347  103]
 [   8   38   40 1344]]
Epoch: [13/200], cls_loss: 0.1424, transfer_loss: 0.0002,person_loss: 0.0000, total_Loss: 0.1443
trian begin
trian end
n_person 360
SAMPLE
F1_MI: 0.43407407407407406 F1_MA: 0.42285933270349724 ACC_MI: 0.43407407407407406 F1_MA: 0.4092164882437517
BEST_F1_MI: 0.6116402116402117 BEST_F1_MA: 0.5340561593193867 BEST_ACC_MI: 0.6116402116402117 BEST_F1_MA: 0.5346126162844307
[[  64 1070  397   51]
 [  63  162  580  100]
 [  18  218  472  100]
 [  30    3   44 1353]]
Epoch: [14/200], cls_loss: 0.1254, transfer_loss: 0.0002,person_loss: 0.0000, total_Loss: 0.1274
trian begin
trian end
n_person 360
SAMPLE
F1_MI: 0.4414814814814815 F1_MA: 0.4064853385774505 ACC_MI: 0.4414814814814815 F1_MA: 0.3722662145635486
BEST_F1_MI: 0.6116402116402117 BEST_F1_MA: 0.5340561593193867 BEST_ACC_MI: 0.6116402116402117 BEST_F1_MA: 0.5346126162844307
[[  13 1342  175   52]
 [  27  337  437  104]
 [  58  281  364  105]
 [  14   15   29 1372]]
Epoch: [15/200], cls_loss: 0.1128, transfer_loss: 0.0002,person_loss: 0.0000, total_Loss: 0.1148
trian begin
trian end
n_person 360
SAMPLE
F1_MI: 0.4728042328042328 F1_MA: 0.46249784404799144 ACC_MI: 0.4728042328042328 F1_MA: 0.4410711694894841
BEST_F1_MI: 0.6116402116402117 BEST_F1_MA: 0.5340561593193867 BEST_ACC_MI: 0.6116402116402117 BEST_F1_MA: 0.5346126162844307
[[  15 1462   53   52]
 [  27  524  247  107]
 [  12  366  317  113]
 [  16   10   26 1378]]
Epoch: [16/200], cls_loss: 0.1133, transfer_loss: 0.0002,person_loss: 0.0000, total_Loss: 0.1150
trian begin
trian end
n_person 360
SAMPLE
F1_MI: 0.4577777777777778 F1_MA: 0.4271220303337941 ACC_MI: 0.4577777777777778 F1_MA: 0.3904215782091339
BEST_F1_MI: 0.6116402116402117 BEST_F1_MA: 0.5340561593193867 BEST_ACC_MI: 0.6116402116402117 BEST_F1_MA: 0.5346126162844307
[[  10 1371  149   52]
 [  36  404  362  103]
 [  25  285  390  108]
 [  27   36    8 1359]]
Epoch: [17/200], cls_loss: 0.1084, transfer_loss: 0.0002,person_loss: 0.0000, total_Loss: 0.1101
trian begin
trian end
n_person 360
SAMPLE
F1_MI: 0.464973544973545 F1_MA: 0.4652057093243285 ACC_MI: 0.464973544973545 F1_MA: 0.45449589850804184
BEST_F1_MI: 0.6116402116402117 BEST_F1_MA: 0.5340561593193867 BEST_ACC_MI: 0.6116402116402117 BEST_F1_MA: 0.5346126162844307
[[  39 1459   33   51]
 [ 104  491  210  100]
 [  39  345  321  103]
 [  11   71    2 1346]]
Epoch: [18/200], cls_loss: 0.1070, transfer_loss: 0.0002,person_loss: 0.0000, total_Loss: 0.1094
trian begin
trian end
n_person 360
SAMPLE
F1_MI: 0.45206349206349206 F1_MA: 0.42862124922553546 ACC_MI: 0.45206349206349206 F1_MA: 0.40140797624917135
BEST_F1_MI: 0.6116402116402117 BEST_F1_MA: 0.5340561593193867 BEST_ACC_MI: 0.6116402116402117 BEST_F1_MA: 0.5346126162844307
[[  24 1444   62   52]
 [  72  415  314  104]
 [  79  289  332  108]
 [  41   18    6 1365]]
Epoch: [19/200], cls_loss: 0.0892, transfer_loss: 0.0002,person_loss: 0.0000, total_Loss: 0.0907
trian begin
trian end
n_person 360
SAMPLE
F1_MI: 0.4408465608465608 F1_MA: 0.4303838046870921 ACC_MI: 0.4408465608465608 F1_MA: 0.41835048945774034
BEST_F1_MI: 0.6116402116402117 BEST_F1_MA: 0.5340561593193867 BEST_ACC_MI: 0.6116402116402117 BEST_F1_MA: 0.5346126162844307
[[  30 1363  137   52]
 [  37  355  406  107]
 [  28  347  323  110]
 [   5   39   11 1375]]
Epoch: [20/200], cls_loss: 0.0919, transfer_loss: 0.0001,person_loss: 0.0000, total_Loss: 0.0934
trian begin
trian end
n_person 360
SAMPLE
F1_MI: 0.4677248677248677 F1_MA: 0.4609888029351129 ACC_MI: 0.4677248677248677 F1_MA: 0.44718085970880683
BEST_F1_MI: 0.6116402116402117 BEST_F1_MA: 0.5340561593193867 BEST_ACC_MI: 0.6116402116402117 BEST_F1_MA: 0.5346126162844307
[[  35 1472   23   52]
 [  69  560  172  104]
 [  69  386  246  107]
 [  36   21    4 1369]]
Epoch: [21/200], cls_loss: 0.0941, transfer_loss: 0.0002,person_loss: 0.0000, total_Loss: 0.0958
trian begin
trian end
n_person 360
SAMPLE
F1_MI: 0.4780952380952381 F1_MA: 0.4611468708589763 ACC_MI: 0.4780952380952381 F1_MA: 0.4287697295057852
BEST_F1_MI: 0.6116402116402117 BEST_F1_MA: 0.5340561593193867 BEST_ACC_MI: 0.6116402116402117 BEST_F1_MA: 0.5346126162844307
[[  32 1370  129   51]
 [  97  459  254   95]
 [  52  226  430  100]
 [  77    7    8 1338]]
Epoch: [22/200], cls_loss: 0.0731, transfer_loss: 0.0002,person_loss: 0.0000, total_Loss: 0.0748
trian begin
trian end
n_person 360
SAMPLE
F1_MI: 0.4452910052910053 F1_MA: 0.41500813545921394 ACC_MI: 0.4452910052910053 F1_MA: 0.38530163229909514
BEST_F1_MI: 0.6116402116402117 BEST_F1_MA: 0.5340561593193867 BEST_ACC_MI: 0.6116402116402117 BEST_F1_MA: 0.5346126162844307
[[  10 1463   57   52]
 [  30  461  311  103]
 [  29  409  262  108]
 [  31   12   16 1371]]
Epoch: [23/200], cls_loss: 0.0972, transfer_loss: 0.0001,person_loss: 0.0000, total_Loss: 0.0984
trian begin
trian end
n_person 360
SAMPLE
F1_MI: 0.4582010582010582 F1_MA: 0.44511865820436536 ACC_MI: 0.4582010582010582 F1_MA: 0.42362671173532707
BEST_F1_MI: 0.6116402116402117 BEST_F1_MA: 0.5340561593193867 BEST_ACC_MI: 0.6116402116402117 BEST_F1_MA: 0.5346126162844307
[[  52 1370  110   50]
 [  81  360  367   97]
 [  46  252  407  103]
 [  62   11   11 1346]]
Epoch: [24/200], cls_loss: 0.0694, transfer_loss: 0.0001,person_loss: 0.0000, total_Loss: 0.0707
trian begin
trian end
n_person 360
SAMPLE
F1_MI: 0.4419047619047619 F1_MA: 0.4283276609063161 ACC_MI: 0.4419047619047619 F1_MA: 0.4112812757200143
BEST_F1_MI: 0.6116402116402117 BEST_F1_MA: 0.5340561593193867 BEST_ACC_MI: 0.6116402116402117 BEST_F1_MA: 0.5346126162844307
[[  29 1492   13   48]
 [  89  497  226   93]
 [  81  385  237  105]
 [  93    8    4 1325]]
Epoch: [25/200], cls_loss: 0.0766, transfer_loss: 0.0001,person_loss: 0.0000, total_Loss: 0.0779
trian begin
trian end
n_person 360
SAMPLE
F1_MI: 0.4757671957671958 F1_MA: 0.46691007098461945 ACC_MI: 0.4757671957671958 F1_MA: 0.44471223746706623
BEST_F1_MI: 0.6116402116402117 BEST_F1_MA: 0.5340561593193867 BEST_ACC_MI: 0.6116402116402117 BEST_F1_MA: 0.5346126162844307
[[  29 1427   74   52]
 [  44  426  329  106]
 [  32  252  414  110]
 [  12   16   23 1379]]
Epoch: [26/200], cls_loss: 0.0760, transfer_loss: 0.0001,person_loss: 0.0000, total_Loss: 0.0771
trian begin
trian end
n_person 360
SAMPLE
F1_MI: 0.4871957671957672 F1_MA: 0.4805633317293451 ACC_MI: 0.4871957671957672 F1_MA: 0.4591267489360323
BEST_F1_MI: 0.6116402116402117 BEST_F1_MA: 0.5340561593193867 BEST_ACC_MI: 0.6116402116402117 BEST_F1_MA: 0.5346126162844307
[[  13 1511    6   52]
 [  35  613  150  107]
 [  45  358  295  110]
 [  30   15    4 1381]]
Epoch: [27/200], cls_loss: 0.0579, transfer_loss: 0.0001,person_loss: 0.0000, total_Loss: 0.0590
trian begin
trian end
n_person 360
SAMPLE
F1_MI: 0.4744973544973545 F1_MA: 0.4566828441753878 ACC_MI: 0.4744973544973545 F1_MA: 0.43013229151888044
BEST_F1_MI: 0.6116402116402117 BEST_F1_MA: 0.5340561593193867 BEST_ACC_MI: 0.6116402116402117 BEST_F1_MA: 0.5346126162844307
[[  10 1495   25   52]
 [  40  607  153  105]
 [  65  383  248  112]
 [  25   19    9 1377]]
Epoch: [28/200], cls_loss: 0.0654, transfer_loss: 0.0001,person_loss: 0.0000, total_Loss: 0.0664
trian begin
trian end
n_person 360
SAMPLE
F1_MI: 0.44423280423280426 F1_MA: 0.40874138796724874 ACC_MI: 0.44423280423280426 F1_MA: 0.37268162088809975
BEST_F1_MI: 0.6116402116402117 BEST_F1_MA: 0.5340561593193867 BEST_ACC_MI: 0.6116402116402117 BEST_F1_MA: 0.5346126162844307
[[   4 1469   57   52]
 [  43  437  325  100]
 [  63  332  307  106]
 [  27   25   27 1351]]
Epoch: [29/200], cls_loss: 0.0638, transfer_loss: 0.0001,person_loss: 0.0000, total_Loss: 0.0650
trian begin
trian end
n_person 360
SAMPLE
F1_MI: 0.45291005291005293 F1_MA: 0.4266438993811934 ACC_MI: 0.45291005291005293 F1_MA: 0.3987403867468999
BEST_F1_MI: 0.6116402116402117 BEST_F1_MA: 0.5340561593193867 BEST_ACC_MI: 0.6116402116402117 BEST_F1_MA: 0.5346126162844307
[[  12 1488   30   52]
 [  43  494  263  105]
 [  47  394  258  109]
 [  24   14   16 1376]]
Epoch: [30/200], cls_loss: 0.0598, transfer_loss: 0.0001,person_loss: 0.0000, total_Loss: 0.0608
trian begin
trian end
n_person 360
SAMPLE
F1_MI: 0.45544973544973544 F1_MA: 0.42283005878781255 ACC_MI: 0.45544973544973544 F1_MA: 0.38782426804885195
BEST_F1_MI: 0.6116402116402117 BEST_F1_MA: 0.5340561593193867 BEST_ACC_MI: 0.6116402116402117 BEST_F1_MA: 0.5346126162844307
[[  11 1390  128   53]
 [  30  392  376  107]
 [  40  287  364  117]
 [  12   17   16 1385]]
Epoch: [31/200], cls_loss: 0.0571, transfer_loss: 0.0001,person_loss: 0.0000, total_Loss: 0.0581
trian begin
trian end
n_person 360
SAMPLE
F1_MI: 0.4694179894179894 F1_MA: 0.45855969694023957 ACC_MI: 0.4694179894179894 F1_MA: 0.4394218874867634
BEST_F1_MI: 0.6116402116402117 BEST_F1_MA: 0.5340561593193867 BEST_ACC_MI: 0.6116402116402117 BEST_F1_MA: 0.5346126162844307
[[  11 1509   10   52]
 [  21  582  196  106]
 [  16  434  244  114]
 [  19   19   11 1381]]
Epoch: [32/200], cls_loss: 0.0561, transfer_loss: 0.0001,person_loss: 0.0000, total_Loss: 0.0571
trian begin
trian end
n_person 360
SAMPLE
F1_MI: 0.4414814814814815 F1_MA: 0.39821349743644713 ACC_MI: 0.4414814814814815 F1_MA: 0.3597632390809516
BEST_F1_MI: 0.6116402116402117 BEST_F1_MA: 0.5340561593193867 BEST_ACC_MI: 0.6116402116402117 BEST_F1_MA: 0.5346126162844307
[[   2 1439   88   53]
 [  11  408  377  109]
 [   7  387  296  118]
 [  29   14    7 1380]]
Epoch: [33/200], cls_loss: 0.0570, transfer_loss: 0.0001,person_loss: 0.0000, total_Loss: 0.0581
trian begin
trian end
n_person 360
SAMPLE
F1_MI: 0.4846560846560847 F1_MA: 0.4664823604549728 ACC_MI: 0.4846560846560847 F1_MA: 0.43434749242742643
BEST_F1_MI: 0.6116402116402117 BEST_F1_MA: 0.5340561593193867 BEST_ACC_MI: 0.6116402116402117 BEST_F1_MA: 0.5346126162844307
[[   6 1510   14   52]
 [  26  580  193  106]
 [  40  323  332  113]
 [  34   16    8 1372]]
Epoch: [34/200], cls_loss: 0.0525, transfer_loss: 0.0001,person_loss: 0.0000, total_Loss: 0.0533
trian begin
trian end
n_person 360
SAMPLE
F1_MI: 0.393015873015873 F1_MA: 0.3443137198365571 ACC_MI: 0.39301587301587304 F1_MA: 0.3128407301521082
BEST_F1_MI: 0.6116402116402117 BEST_F1_MA: 0.5340561593193867 BEST_ACC_MI: 0.6116402116402117 BEST_F1_MA: 0.5346126162844307
[[   8 1173  349   52]
 [  32  149  618  106]
 [  45  329  321  113]
 [  15   22   14 1379]]
Epoch: [35/200], cls_loss: 0.0614, transfer_loss: 0.0001,person_loss: 0.0000, total_Loss: 0.0622
trian begin
trian end
n_person 360
SAMPLE
F1_MI: 0.42666666666666675 F1_MA: 0.38732890228358074 ACC_MI: 0.4266666666666667 F1_MA: 0.3556925399329588
BEST_F1_MI: 0.6116402116402117 BEST_F1_MA: 0.5340561593193867 BEST_ACC_MI: 0.6116402116402117 BEST_F1_MA: 0.5346126162844307
[[  15 1302  213   52]
 [  50  357  394  104]
 [  50  379  273  106]
 [  33   21    5 1371]]
Epoch: [36/200], cls_loss: 0.0510, transfer_loss: 0.0001,person_loss: 0.0000, total_Loss: 0.0520
trian begin
trian end
n_person 360
SAMPLE
F1_MI: 0.43746031746031744 F1_MA: 0.4050689172657881 ACC_MI: 0.43746031746031744 F1_MA: 0.37546262310385603
BEST_F1_MI: 0.6116402116402117 BEST_F1_MA: 0.5340561593193867 BEST_ACC_MI: 0.6116402116402117 BEST_F1_MA: 0.5346126162844307
[[   8 1480   42   52]
 [  63  461  279  102]
 [  61  405  236  106]
 [  49   18    1 1362]]
Epoch: [37/200], cls_loss: 0.0520, transfer_loss: 0.0001,person_loss: 0.0000, total_Loss: 0.0528
trian begin
trian end
n_person 360
SAMPLE
F1_MI: 0.46645502645502646 F1_MA: 0.43606256058486104 ACC_MI: 0.46645502645502646 F1_MA: 0.4003056727289127
BEST_F1_MI: 0.6116402116402117 BEST_F1_MA: 0.5340561593193867 BEST_ACC_MI: 0.6116402116402117 BEST_F1_MA: 0.5346126162844307
[[   5 1490   34   53]
 [  27  493  275  110]
 [  34  331  324  119]
 [  25   13   10 1382]]
Epoch: [38/200], cls_loss: 0.0479, transfer_loss: 0.0001,person_loss: 0.0000, total_Loss: 0.0491
trian begin
trian end
n_person 360
SAMPLE
F1_MI: 0.43195767195767193 F1_MA: 0.408267254904649 ACC_MI: 0.431957671957672 F1_MA: 0.38144053087065033
BEST_F1_MI: 0.6116402116402117 BEST_F1_MA: 0.5340561593193867 BEST_ACC_MI: 0.6116402116402117 BEST_F1_MA: 0.5346126162844307
[[  14 1482   38   48]
 [  50  428  335   92]
 [  32  386  291   99]
 [  84    3   35 1308]]
Epoch: [39/200], cls_loss: 0.0437, transfer_loss: 0.0001,person_loss: 0.0000, total_Loss: 0.0447
trian begin
trian end
n_person 360
SAMPLE
F1_MI: 0.455026455026455 F1_MA: 0.430311845509161 ACC_MI: 0.455026455026455 F1_MA: 0.3994374930633819
BEST_F1_MI: 0.6116402116402117 BEST_F1_MA: 0.5340561593193867 BEST_ACC_MI: 0.6116402116402117 BEST_F1_MA: 0.5346126162844307
[[  23 1400  107   52]
 [  60  409  338   98]
 [  59  275  367  107]
 [  59   13    7 1351]]
Epoch: [40/200], cls_loss: 0.0472, transfer_loss: 0.0001,person_loss: 0.0000, total_Loss: 0.0479
trian begin
trian end
n_person 360
SAMPLE
F1_MI: 0.44825396825396824 F1_MA: 0.4132648712996701 ACC_MI: 0.44825396825396824 F1_MA: 0.37692522855942573
BEST_F1_MI: 0.6116402116402117 BEST_F1_MA: 0.5340561593193867 BEST_ACC_MI: 0.6116402116402117 BEST_F1_MA: 0.5346126162844307
[[   8 1402  119   53]
 [  62  430  316   97]
 [  44  332  324  108]
 [  57   10    7 1356]]
Epoch: [41/200], cls_loss: 0.0432, transfer_loss: 0.0001,person_loss: 0.0000, total_Loss: 0.0438
trian begin
trian end
n_person 360
SAMPLE
F1_MI: 0.4353439153439153 F1_MA: 0.39582842764841425 ACC_MI: 0.43534391534391537 F1_MA: 0.35740937644858173
BEST_F1_MI: 0.6116402116402117 BEST_F1_MA: 0.5340561593193867 BEST_ACC_MI: 0.6116402116402117 BEST_F1_MA: 0.5346126162844307
[[  12 1221  297   52]
 [  31  297  476  101]
 [  54  249  401  104]
 [  34   13   36 1347]]
Epoch: [42/200], cls_loss: 0.0406, transfer_loss: 0.0001,person_loss: 0.0000, total_Loss: 0.0414
trian begin
trian end
n_person 360
SAMPLE
F1_MI: 0.446984126984127 F1_MA: 0.4030655667225142 ACC_MI: 0.446984126984127 F1_MA: 0.359882853676846
BEST_F1_MI: 0.6116402116402117 BEST_F1_MA: 0.5340561593193867 BEST_ACC_MI: 0.6116402116402117 BEST_F1_MA: 0.5346126162844307
[[   4 1320  206   52]
 [  24  287  487  107]
 [  17  236  444  111]
 [  20   27    6 1377]]
Epoch: [43/200], cls_loss: 0.0488, transfer_loss: 0.0001,person_loss: 0.0000, total_Loss: 0.0495
trian begin
trian end
n_person 360
SAMPLE
F1_MI: 0.4491005291005291 F1_MA: 0.41298978765381805 ACC_MI: 0.4491005291005291 F1_MA: 0.375365806229563
BEST_F1_MI: 0.6116402116402117 BEST_F1_MA: 0.5340561593193867 BEST_ACC_MI: 0.6116402116402117 BEST_F1_MA: 0.5346126162844307
[[  10 1353  166   53]
 [  61  421  323  100]
 [  41  318  338  111]
 [  64   11    2 1353]]
Epoch: [44/200], cls_loss: 0.0316, transfer_loss: 0.0001,person_loss: 0.0000, total_Loss: 0.0324
trian begin
trian end
n_person 360
SAMPLE
F1_MI: 0.46730158730158733 F1_MA: 0.42157606324097235 ACC_MI: 0.46730158730158733 F1_MA: 0.373094692446509
BEST_F1_MI: 0.6116402116402117 BEST_F1_MA: 0.5340561593193867 BEST_ACC_MI: 0.6116402116402117 BEST_F1_MA: 0.5346126162844307
[[   3 1312  214   53]
 [  31  408  364  102]
 [  27  239  425  117]
 [  44   10    4 1372]]
Epoch: [45/200], cls_loss: 0.0390, transfer_loss: 0.0001,person_loss: 0.0000, total_Loss: 0.0396
trian begin
trian end
n_person 360
SAMPLE
F1_MI: 0.4603174603174603 F1_MA: 0.42330897144958163 ACC_MI: 0.4603174603174603 F1_MA: 0.382728504858208
BEST_F1_MI: 0.6116402116402117 BEST_F1_MA: 0.5340561593193867 BEST_ACC_MI: 0.6116402116402117 BEST_F1_MA: 0.5346126162844307
[[  16 1244  269   53]
 [  38  361  402  104]
 [  49  227  423  109]
 [  40   11    4 1375]]
Epoch: [46/200], cls_loss: 0.0374, transfer_loss: 0.0001,person_loss: 0.0000, total_Loss: 0.0381
trian begin
trian end
n_person 360
SAMPLE
F1_MI: 0.43851851851851853 F1_MA: 0.38718246012116275 ACC_MI: 0.43851851851851853 F1_MA: 0.3433130871626213
BEST_F1_MI: 0.6116402116402117 BEST_F1_MA: 0.5340561593193867 BEST_ACC_MI: 0.6116402116402117 BEST_F1_MA: 0.5346126162844307
[[   1 1313  216   52]
 [  11  337  451  106]
 [   8  337  353  110]
 [  19   18   12 1381]]
Epoch: [47/200], cls_loss: 0.0418, transfer_loss: 0.0001,person_loss: 0.0000, total_Loss: 0.0425
trian begin
trian end
n_person 360
SAMPLE
F1_MI: 0.428994708994709 F1_MA: 0.36978380204207245 ACC_MI: 0.428994708994709 F1_MA: 0.3229783460646585
BEST_F1_MI: 0.6116402116402117 BEST_F1_MA: 0.5340561593193867 BEST_ACC_MI: 0.6116402116402117 BEST_F1_MA: 0.5346126162844307
[[   1 1137  391   53]
 [  13  230  553  109]
 [  25  258  407  118]
 [  11   26    4 1389]]
Epoch: [48/200], cls_loss: 0.0450, transfer_loss: 0.0001,person_loss: 0.0000, total_Loss: 0.0456
trian begin
trian end
n_person 360
SAMPLE
F1_MI: 0.44402116402116404 F1_MA: 0.4016136283878335 ACC_MI: 0.44402116402116404 F1_MA: 0.3618163109807824
BEST_F1_MI: 0.6116402116402117 BEST_F1_MA: 0.5340561593193867 BEST_ACC_MI: 0.6116402116402117 BEST_F1_MA: 0.5346126162844307
[[   1 1463   66   52]
 [  19  415  369  102]
 [  29  353  315  111]
 [  42    9   12 1367]]
Epoch: [49/200], cls_loss: 0.0334, transfer_loss: 0.0001,person_loss: 0.0000, total_Loss: 0.0341
trian begin
trian end
n_person 360
SAMPLE
F1_MI: 0.4419047619047619 F1_MA: 0.4098286573454304 ACC_MI: 0.4419047619047619 F1_MA: 0.3771158947468875
BEST_F1_MI: 0.6116402116402117 BEST_F1_MA: 0.5340561593193867 BEST_ACC_MI: 0.6116402116402117 BEST_F1_MA: 0.5346126162844307
[[  20 1332  178   52]
 [  47  302  449  107]
 [  46  253  397  112]
 [  42   14    5 1369]]
Epoch: [50/200], cls_loss: 0.0290, transfer_loss: 0.0001,person_loss: 0.0000, total_Loss: 0.0297
trian begin
trian end
n_person 360
SAMPLE
F1_MI: 0.4708994708994709 F1_MA: 0.4327064530235009 ACC_MI: 0.4708994708994709 F1_MA: 0.3868489430692727
BEST_F1_MI: 0.6116402116402117 BEST_F1_MA: 0.5340561593193867 BEST_ACC_MI: 0.6116402116402117 BEST_F1_MA: 0.5346126162844307
[[   2 1440   88   52]
 [  16  420  369  100]
 [  23  241  441  103]
 [  26   15   27 1362]]
Epoch: [51/200], cls_loss: 0.0246, transfer_loss: 0.0001,person_loss: 0.0000, total_Loss: 0.0253
trian begin
trian end
n_person 360
SAMPLE
F1_MI: 0.44952380952380955 F1_MA: 0.4067884865598012 ACC_MI: 0.44952380952380955 F1_MA: 0.3642774882997081
BEST_F1_MI: 0.6116402116402117 BEST_F1_MA: 0.5340561593193867 BEST_ACC_MI: 0.6116402116402117 BEST_F1_MA: 0.5346126162844307
[[   5 1375  149   53]
 [  44  335  421  105]
 [  55  234  411  108]
 [  43    0   14 1373]]
Epoch: [52/200], cls_loss: 0.0308, transfer_loss: 0.0001,person_loss: 0.0000, total_Loss: 0.0314
trian begin
trian end
n_person 360
SAMPLE
F1_MI: 0.4471957671957672 F1_MA: 0.3986345729488058 ACC_MI: 0.4471957671957672 F1_MA: 0.3509825554320777
BEST_F1_MI: 0.6116402116402117 BEST_F1_MA: 0.5340561593193867 BEST_ACC_MI: 0.6116402116402117 BEST_F1_MA: 0.5346126162844307
[[   5 1236  288   53]
 [  50  247  505  103]
 [  34  168  497  109]
 [  52    2   12 1364]]
Epoch: [53/200], cls_loss: 0.0197, transfer_loss: 0.0001,person_loss: 0.0000, total_Loss: 0.0202
trian begin
trian end
n_person 360
SAMPLE
F1_MI: 0.44931216931216933 F1_MA: 0.4192449103878931 ACC_MI: 0.44931216931216933 F1_MA: 0.38518242291723015
BEST_F1_MI: 0.6116402116402117 BEST_F1_MA: 0.5340561593193867 BEST_ACC_MI: 0.6116402116402117 BEST_F1_MA: 0.5346126162844307
[[  13 1388  131   50]
 [  65  466  278   96]
 [  71  324  310  103]
 [  82   10    4 1334]]
Epoch: [54/200], cls_loss: 0.0283, transfer_loss: 0.0001,person_loss: 0.0000, total_Loss: 0.0288
[[ 830  705    0   47]
 [  86  723    0   96]
 [  65  647    0   96]
 [   2   91    0 1337]]
[[ 830  705    0   47]
 [  86  723    0   96]
 [  65  647    0   96]
 [   2   91    0 1337]]
WHAT: False
{'best_f1': 0.5340561593193867, 'best_matrix': [[830, 705, 0, 47], [86, 723, 0, 96], [65, 647, 0, 96], [2, 91, 0, 1337]], 'args': 0.1}
{"best_f1": 0.5340561593193867, "best_matrix": [[830, 705, 0, 47], [86, 723, 0, 96], [65, 647, 0, 96], [2, 91, 0, 1337]], "args": 0.1}
ARG: Namespace(backbone='resnet50', batch_size=32, config='DeepCoral/DeepCoral.yaml', data_dir='data', device=device(type='cuda'), early_stop=50, epoch_based_training=False, lr=0.003, lr_decay=0.75, lr_gamma=0.0003, lr_scheduler=True, max_iter=29400, method='False', momentum=0.9, myweight=0.1, n_class=4, n_epoch=200, n_iter_per_epoch=147, num_workers=3, seed=2, src_domain='WISDM', tgt_domain='PAMAP2', tname='transfer', transfer_loss='coral', transfer_loss_weight=10.0, use_bottleneck=True, weight_decay=0.0005)
