lmmd 2 WISDM PAMAP2 DSAN/DSAN.yaml True
Namespace(backbone='resnet50', batch_size=32, config='DSAN/DSAN.yaml', data_dir='data', device=device(type='cuda'), early_stop=50, epoch_based_training=False, lr=0.003, lr_decay=0.75, lr_gamma=0.0003, lr_scheduler=True, method='True', momentum=0.9, myweight=0.1, n_epoch=200, n_iter_per_epoch=200, num_workers=3, seed=2, src_domain='WISDM', tgt_domain='PAMAP2', tname='transfer', transfer_loss='lmmd', transfer_loss_weight=0.5, use_bottleneck=True, weight_decay=0.0005)
JUST DO IT
run my Parkinson code
transfer
TRAIN Length: 13609 322 TEST Length: 4725 360
YYY: 0 3
DATA_PROFILE   train: 13609 train2: 4725 test: 4725
DATASET.SHAPE: <data_loader.GetTrainLoader object at 0x7fdfa95d7e10> True
DATASET.SHAPE: <data_loader.GetTrainLoader object at 0x7fdfa912a160> True
DATASET.SHAPE: <data_loader.GetTestLoader object at 0x7fdfa1230eb8> False
CLASS: 4 360
LLL: {}
BOTTLENECK_LIST: [Linear(in_features=512, out_features=256, bias=True), ReLU()]
TYPE: {'loss_type': 'lmmd', 'max_iter': 40000, 'num_class': 4, 'my_person_item': <my_person_item.PersonItem object at 0x7fe060c9d080>}
KWARGS {'my_person_item': <my_person_item.PersonItem object at 0x7fe060c9d080>}
initial_lr 1.0
transfer_world
method True <class 'str'>
1.10.1+cu102
True
LEN: 0 0
LOADER: <data_loader.InfiniteDataLoader object at 0x7fdfa912a6a0> <data_loader.InfiniteDataLoader object at 0x7fdfa1230dd8>
N_batch: 200
trian begin
trian end
n_person 360
SAMPLE
F1_MI: 0.5794708994708995 F1_MA: 0.5231568712757126 ACC_MI: 0.5794708994708995 F1_MA: 0.5183221845743248
BEST_F1_MI: 0.5794708994708995 BEST_F1_MA: 0.5231568712757126 BEST_ACC_MI: 0.5794708994708995 BEST_F1_MA: 0.5183221845743248
[[ 760  382  388   52]
 [ 116  560  123  106]
 [  58  597   40  113]
 [   1   51    0 1378]]
Epoch: [ 1/200], cls_loss: 0.5444, transfer_loss: 0.0004,person_loss: -1.8718, total_Loss: 0.3574
trian begin
trian end
n_person 360
SAMPLE
F1_MI: 0.4586243386243386 F1_MA: 0.4366776574067505 ACC_MI: 0.4586243386243386 F1_MA: 0.41860075355024073
BEST_F1_MI: 0.5794708994708995 BEST_F1_MA: 0.5231568712757126 BEST_ACC_MI: 0.5794708994708995 BEST_F1_MA: 0.5183221845743248
[[  26 1476   30   50]
 [  37  741   25  102]
 [  21  652   21  114]
 [   0   50    1 1379]]
Epoch: [ 2/200], cls_loss: 0.3216, transfer_loss: 0.0007,person_loss: -1.9295, total_Loss: 0.1290
trian begin
trian end
n_person 360
SAMPLE
F1_MI: 0.6486772486772486 F1_MA: 0.605665426753584 ACC_MI: 0.6486772486772486 F1_MA: 0.6025131730879977
BEST_F1_MI: 0.6486772486772486 BEST_F1_MA: 0.605665426753584 BEST_ACC_MI: 0.6486772486772486 BEST_F1_MA: 0.6025131730879977
[[ 934  306  292   50]
 [ 167  373  262  103]
 [ 131  188  378  111]
 [   0   40   10 1380]]
Epoch: [ 3/200], cls_loss: 0.2782, transfer_loss: 0.0008,person_loss: -1.9368, total_Loss: 0.0849
trian begin
trian end
n_person 360
SAMPLE
F1_MI: 0.5441269841269841 F1_MA: 0.5398976781386574 ACC_MI: 0.5441269841269841 F1_MA: 0.5680474459336846
BEST_F1_MI: 0.6486772486772486 BEST_F1_MA: 0.605665426753584 BEST_ACC_MI: 0.6486772486772486 BEST_F1_MA: 0.6025131730879977
[[ 527  973   30   52]
 [ 157  486  153  109]
 [  46  467  182  113]
 [   0   30   24 1376]]
Epoch: [ 4/200], cls_loss: 0.1823, transfer_loss: 0.0012,person_loss: -1.9545, total_Loss: -0.0126
trian begin
trian end
n_person 360
SAMPLE
F1_MI: 0.6332275132275133 F1_MA: 0.5388726117691067 ACC_MI: 0.6332275132275133 F1_MA: 0.5220037686713095
BEST_F1_MI: 0.6486772486772486 BEST_F1_MA: 0.605665426753584 BEST_ACC_MI: 0.6486772486772486 BEST_F1_MA: 0.6025131730879977
[[1191  104  236   51]
 [ 250   66  485  104]
 [ 246   98  350  114]
 [   0   28   17 1385]]
Epoch: [ 5/200], cls_loss: 0.1385, transfer_loss: 0.0019,person_loss: -1.9643, total_Loss: -0.0570
trian begin
trian end
n_person 360
SAMPLE
F1_MI: 0.6575661375661376 F1_MA: 0.5717461355670558 ACC_MI: 0.6575661375661376 F1_MA: 0.5702071533420304
BEST_F1_MI: 0.6575661375661376 BEST_F1_MA: 0.605665426753584 BEST_ACC_MI: 0.6575661375661376 BEST_F1_MA: 0.6025131730879977
[[1368  153   15   46]
 [ 454  136  225   90]
 [ 249  170  292   97]
 [  22   67   30 1311]]
Epoch: [ 6/200], cls_loss: 0.1378, transfer_loss: 0.0021,person_loss: -1.9702, total_Loss: -0.0582
trian begin
trian end
n_person 360
SAMPLE
F1_MI: 0.4524867724867725 F1_MA: 0.43757129258027133 ACC_MI: 0.4524867724867725 F1_MA: 0.43911069887271065
BEST_F1_MI: 0.6575661375661376 BEST_F1_MA: 0.605665426753584 BEST_ACC_MI: 0.6575661375661376 BEST_F1_MA: 0.6025131730879977
[[ 178 1194  157   53]
 [ 166  317  308  114]
 [  78  360  246  124]
 [   0   19   14 1397]]
Epoch: [ 7/200], cls_loss: 0.1131, transfer_loss: 0.0029,person_loss: -1.9710, total_Loss: -0.0825
trian begin
trian end
n_person 360
SAMPLE
F1_MI: 0.6548148148148148 F1_MA: 0.5579816165202116 ACC_MI: 0.6548148148148148 F1_MA: 0.541131919647916
BEST_F1_MI: 0.6575661375661376 BEST_F1_MA: 0.605665426753584 BEST_ACC_MI: 0.6575661375661376 BEST_F1_MA: 0.6025131730879977
[[1285  113  131   53]
 [ 461   67  270  107]
 [ 213  111  370  114]
 [  13   32   13 1372]]
Epoch: [ 8/200], cls_loss: 0.1103, transfer_loss: 0.0031,person_loss: -1.9725, total_Loss: -0.0854
trian begin
trian end
n_person 360
SAMPLE
F1_MI: 0.5661375661375662 F1_MA: 0.5006561171362881 ACC_MI: 0.5661375661375662 F1_MA: 0.48093584229189423
BEST_F1_MI: 0.6575661375661376 BEST_F1_MA: 0.605665426753584 BEST_ACC_MI: 0.6575661375661376 BEST_F1_MA: 0.6025131730879977
[[ 786   66  678   52]
 [ 277   31  489  108]
 [ 135   83  479  111]
 [  19   23    9 1379]]
Epoch: [ 9/200], cls_loss: 0.0958, transfer_loss: 0.0042,person_loss: -1.9741, total_Loss: -0.0995
trian begin
trian end
n_person 360
SAMPLE
F1_MI: 0.6666666666666666 F1_MA: 0.5544418087507708 ACC_MI: 0.6666666666666666 F1_MA: 0.5245581791160276
BEST_F1_MI: 0.6666666666666666 BEST_F1_MA: 0.605665426753584 BEST_ACC_MI: 0.6666666666666666 BEST_F1_MA: 0.6025131730879977
[[1357    9  168   48]
 [ 458   16  337   94]
 [ 214   60  434  100]
 [   3   22   62 1343]]
Epoch: [10/200], cls_loss: 0.0889, transfer_loss: 0.0052,person_loss: -1.9774, total_Loss: -0.1062
trian begin
trian end
n_person 360
SAMPLE
F1_MI: 0.6611640211640212 F1_MA: 0.5773985900809304 ACC_MI: 0.6611640211640212 F1_MA: 0.5626985783064046
BEST_F1_MI: 0.6666666666666666 BEST_F1_MA: 0.605665426753584 BEST_ACC_MI: 0.6666666666666666 BEST_F1_MA: 0.6025131730879977
[[1221  156  153   52]
 [ 374  111  315  105]
 [  33  248  416  111]
 [   4   42    8 1376]]
Epoch: [11/200], cls_loss: 0.0743, transfer_loss: 0.0059,person_loss: -1.9748, total_Loss: -0.1202
trian begin
trian end
n_person 360
SAMPLE
F1_MI: 0.6306878306878307 F1_MA: 0.5961165229946549 ACC_MI: 0.6306878306878307 F1_MA: 0.6117929653433555
BEST_F1_MI: 0.6666666666666666 BEST_F1_MA: 0.605665426753584 BEST_ACC_MI: 0.6666666666666666 BEST_F1_MA: 0.6117929653433555
[[ 937  561   31   53]
 [ 245  375  177  108]
 [  28  382  282  116]
 [   9   27    8 1386]]
Epoch: [12/200], cls_loss: 0.0634, transfer_loss: 0.0086,person_loss: -1.9727, total_Loss: -0.1296
trian begin
trian end
n_person 360
SAMPLE
F1_MI: 0.628994708994709 F1_MA: 0.5887224597672017 ACC_MI: 0.628994708994709 F1_MA: 0.5903113535514142
BEST_F1_MI: 0.6666666666666666 BEST_F1_MA: 0.605665426753584 BEST_ACC_MI: 0.6666666666666666 BEST_F1_MA: 0.6117929653433555
[[ 902  483  145   52]
 [ 241  306  251  107]
 [  36  273  384  115]
 [   3   35   12 1380]]
Epoch: [13/200], cls_loss: 0.0756, transfer_loss: 0.0090,person_loss: -1.9706, total_Loss: -0.1169
trian begin
trian end
n_person 360
SAMPLE
F1_MI: 0.6505820105820106 F1_MA: 0.5745734231181341 ACC_MI: 0.6505820105820106 F1_MA: 0.5699048516059377
BEST_F1_MI: 0.6666666666666666 BEST_F1_MA: 0.605665426753584 BEST_ACC_MI: 0.6666666666666666 BEST_F1_MA: 0.6117929653433555
[[1209  266   55   52]
 [ 382  149  272  102]
 [  23  326  350  109]
 [   2   43   19 1366]]
Epoch: [14/200], cls_loss: 0.0643, transfer_loss: 0.0099,person_loss: -1.9705, total_Loss: -0.1278
trian begin
trian end
n_person 360
SAMPLE
F1_MI: 0.6584126984126984 F1_MA: 0.5616684400750594 ACC_MI: 0.6584126984126984 F1_MA: 0.5673627378976613
BEST_F1_MI: 0.6666666666666666 BEST_F1_MA: 0.605665426753584 BEST_ACC_MI: 0.6666666666666666 BEST_F1_MA: 0.6117929653433555
[[1452   53   24   53]
 [ 690   49   60  106]
 [  92  370  235  111]
 [  31    2   22 1375]]
Epoch: [15/200], cls_loss: 0.0536, transfer_loss: 0.0074,person_loss: -1.9733, total_Loss: -0.1400
trian begin
trian end
n_person 360
SAMPLE
F1_MI: 0.6552380952380953 F1_MA: 0.5569236716306579 ACC_MI: 0.6552380952380953 F1_MA: 0.5566856547744294
BEST_F1_MI: 0.6666666666666666 BEST_F1_MA: 0.605665426753584 BEST_ACC_MI: 0.6666666666666666 BEST_F1_MA: 0.6117929653433555
[[1384  101   44   53]
 [ 564  114  115  112]
 [  39  441  205  123]
 [   6   10   21 1393]]
Epoch: [16/200], cls_loss: 0.0575, transfer_loss: 0.0061,person_loss: -1.9748, total_Loss: -0.1369
trian begin
trian end
n_person 360
SAMPLE
F1_MI: 0.5947089947089947 F1_MA: 0.6004465823011994 ACC_MI: 0.5947089947089947 F1_MA: 0.6484089194114376
BEST_F1_MI: 0.6666666666666666 BEST_F1_MA: 0.605665426753584 BEST_ACC_MI: 0.6666666666666666 BEST_F1_MA: 0.6484089194114376
[[ 699  827    3   53]
 [ 251  494   53  107]
 [  14  454  219  121]
 [   4   16   12 1398]]
Epoch: [17/200], cls_loss: 0.0466, transfer_loss: 0.0064,person_loss: -1.9760, total_Loss: -0.1477
trian begin
trian end
n_person 360
SAMPLE
F1_MI: 0.6653968253968254 F1_MA: 0.5894450910985972 ACC_MI: 0.6653968253968254 F1_MA: 0.5955711477515404
BEST_F1_MI: 0.6666666666666666 BEST_F1_MA: 0.605665426753584 BEST_ACC_MI: 0.6666666666666666 BEST_F1_MA: 0.6484089194114376
[[1306  217    7   52]
 [ 381  239  186   99]
 [  27  440  234  107]
 [   0   47   18 1365]]
Epoch: [18/200], cls_loss: 0.0552, transfer_loss: 0.0065,person_loss: -1.9750, total_Loss: -0.1391
trian begin
trian end
n_person 360
SAMPLE
F1_MI: 0.6444444444444445 F1_MA: 0.5640883983013153 ACC_MI: 0.6444444444444445 F1_MA: 0.5881660776449339
BEST_F1_MI: 0.6666666666666666 BEST_F1_MA: 0.605665426753584 BEST_ACC_MI: 0.6666666666666666 BEST_F1_MA: 0.6484089194114376
[[1417  111    4   50]
 [ 624  114   67  100]
 [  39  501  162  106]
 [   6   70    2 1352]]
Epoch: [19/200], cls_loss: 0.0479, transfer_loss: 0.0077,person_loss: -1.9745, total_Loss: -0.1457
trian begin
trian end
n_person 360
SAMPLE
F1_MI: 0.6463492063492063 F1_MA: 0.6039291955031718 ACC_MI: 0.6463492063492063 F1_MA: 0.6491441864412926
BEST_F1_MI: 0.6666666666666666 BEST_F1_MA: 0.605665426753584 BEST_ACC_MI: 0.6666666666666666 BEST_F1_MA: 0.6491441864412926
[[1214  314    1   53]
 [ 476  290   33  106]
 [  39  493  161  115]
 [  10   26    5 1389]]
Epoch: [20/200], cls_loss: 0.0397, transfer_loss: 0.0053,person_loss: -1.9742, total_Loss: -0.1550
trian begin
trian end
n_person 360
SAMPLE
F1_MI: 0.6442328042328043 F1_MA: 0.5612816410049986 ACC_MI: 0.6442328042328043 F1_MA: 0.5675512234743842
BEST_F1_MI: 0.6666666666666666 BEST_F1_MA: 0.605665426753584 BEST_ACC_MI: 0.6666666666666666 BEST_F1_MA: 0.6491441864412926
[[1300  228    7   47]
 [ 430  284   93   98]
 [  22  564  119  103]
 [   3   27   59 1341]]
Epoch: [21/200], cls_loss: 0.0405, transfer_loss: 0.0058,person_loss: -1.9777, total_Loss: -0.1544
trian begin
trian end
n_person 360
SAMPLE
F1_MI: 0.6592592592592592 F1_MA: 0.5718812892118057 ACC_MI: 0.6592592592592592 F1_MA: 0.5822076378243125
BEST_F1_MI: 0.6666666666666666 BEST_F1_MA: 0.605665426753584 BEST_ACC_MI: 0.6666666666666666 BEST_F1_MA: 0.6491441864412926
[[1374  147    8   53]
 [ 494  222   84  105]
 [  33  528  133  114]
 [   5   12   27 1386]]
Epoch: [22/200], cls_loss: 0.0348, transfer_loss: 0.0063,person_loss: -1.9783, total_Loss: -0.1598
trian begin
trian end
n_person 360
SAMPLE
F1_MI: 0.6571428571428571 F1_MA: 0.5622172564547179 ACC_MI: 0.6571428571428571 F1_MA: 0.564871998337205
BEST_F1_MI: 0.6666666666666666 BEST_F1_MA: 0.605665426753584 BEST_ACC_MI: 0.6666666666666666 BEST_F1_MA: 0.6491441864412926
[[1417   85   27   53]
 [ 584  100  116  105]
 [  34  440  226  108]
 [   4   42   22 1362]]
Epoch: [23/200], cls_loss: 0.0347, transfer_loss: 0.0055,person_loss: -1.9783, total_Loss: -0.1604
trian begin
trian end
n_person 360
SAMPLE
F1_MI: 0.6465608465608466 F1_MA: 0.5611581249929459 ACC_MI: 0.6465608465608466 F1_MA: 0.574818941594042
BEST_F1_MI: 0.6666666666666666 BEST_F1_MA: 0.605665426753584 BEST_ACC_MI: 0.6666666666666666 BEST_F1_MA: 0.6491441864412926
[[1359  161    9   53]
 [ 532  195   72  106]
 [  37  535  127  109]
 [   8   24   24 1374]]
Epoch: [24/200], cls_loss: 0.0318, transfer_loss: 0.0064,person_loss: -1.9786, total_Loss: -0.1629
trian begin
trian end
n_person 360
SAMPLE
F1_MI: 0.6893121693121693 F1_MA: 0.6227595705322432 ACC_MI: 0.6893121693121693 F1_MA: 0.645056810546974
BEST_F1_MI: 0.6893121693121693 BEST_F1_MA: 0.6227595705322432 BEST_ACC_MI: 0.6893121693121693 BEST_F1_MA: 0.6491441864412926
[[1376  146    7   53]
 [ 395  371   33  106]
 [  25  536  134  113]
 [   0   16   38 1376]]
Epoch: [25/200], cls_loss: 0.0323, transfer_loss: 0.0051,person_loss: -1.9798, total_Loss: -0.1632
trian begin
trian end
n_person 360
SAMPLE
F1_MI: 0.6573544973544974 F1_MA: 0.5623886954271515 ACC_MI: 0.6573544973544974 F1_MA: 0.5575008216458904
BEST_F1_MI: 0.6893121693121693 BEST_F1_MA: 0.6227595705322432 BEST_ACC_MI: 0.6893121693121693 BEST_F1_MA: 0.6491441864412926
[[1312  117   95   58]
 [ 419  204  167  115]
 [  11  474  191  132]
 [   0    9   22 1399]]
Epoch: [26/200], cls_loss: 0.0325, transfer_loss: 0.0051,person_loss: -1.9786, total_Loss: -0.1628
trian begin
trian end
n_person 360
SAMPLE
F1_MI: 0.6514285714285715 F1_MA: 0.5347184324205154 ACC_MI: 0.6514285714285715 F1_MA: 0.527844107877424
BEST_F1_MI: 0.6893121693121693 BEST_F1_MA: 0.6227595705322432 BEST_ACC_MI: 0.6893121693121693 BEST_F1_MA: 0.6491441864412926
[[1485   34   11   52]
 [ 556  156   94   99]
 [  42  566   95  105]
 [   1   22   65 1342]]
Epoch: [27/200], cls_loss: 0.0320, transfer_loss: 0.0043,person_loss: -1.9788, total_Loss: -0.1637
trian begin
trian end
n_person 360
SAMPLE
F1_MI: 0.6188359788359789 F1_MA: 0.56483508321888 ACC_MI: 0.6188359788359789 F1_MA: 0.5725644768272649
BEST_F1_MI: 0.6893121693121693 BEST_F1_MA: 0.6227595705322432 BEST_ACC_MI: 0.6893121693121693 BEST_F1_MA: 0.6491441864412926
[[1006  437   88   51]
 [ 166  356  279  104]
 [   5  494  200  109]
 [   0   21   47 1362]]
Epoch: [28/200], cls_loss: 0.0262, transfer_loss: 0.0046,person_loss: -1.9818, total_Loss: -0.1697
trian begin
trian end
n_person 360
SAMPLE
F1_MI: 0.6717460317460318 F1_MA: 0.5861708071655969 ACC_MI: 0.6717460317460318 F1_MA: 0.5828797476879507
BEST_F1_MI: 0.6893121693121693 BEST_F1_MA: 0.6227595705322432 BEST_ACC_MI: 0.6893121693121693 BEST_F1_MA: 0.6491441864412926
[[1300  170   57   55]
 [ 273  246  276  110]
 [  19  438  234  117]
 [   2   20   14 1394]]
Epoch: [29/200], cls_loss: 0.0271, transfer_loss: 0.0046,person_loss: -1.9822, total_Loss: -0.1688
trian begin
trian end
n_person 360
SAMPLE
F1_MI: 0.6624338624338625 F1_MA: 0.5919559401300337 ACC_MI: 0.6624338624338625 F1_MA: 0.591834606083723
BEST_F1_MI: 0.6893121693121693 BEST_F1_MA: 0.6227595705322432 BEST_ACC_MI: 0.6893121693121693 BEST_F1_MA: 0.6491441864412926
[[1192  222  117   51]
 [ 153  409  242  101]
 [  15  512  174  107]
 [   0   37   38 1355]]
Epoch: [30/200], cls_loss: 0.0326, transfer_loss: 0.0054,person_loss: -1.9821, total_Loss: -0.1630
trian begin
trian end
n_person 360
SAMPLE
F1_MI: 0.6687830687830688 F1_MA: 0.5898555727970086 ACC_MI: 0.6687830687830688 F1_MA: 0.600157873140835
BEST_F1_MI: 0.6893121693121693 BEST_F1_MA: 0.6227595705322432 BEST_ACC_MI: 0.6893121693121693 BEST_F1_MA: 0.6491441864412926
[[1367  148   17   50]
 [ 433  310   65   97]
 [  38  529  141  100]
 [   3   31   54 1342]]
Epoch: [31/200], cls_loss: 0.0236, transfer_loss: 0.0043,person_loss: -1.9819, total_Loss: -0.1724
trian begin
trian end
n_person 360
SAMPLE
F1_MI: 0.6357671957671958 F1_MA: 0.5883761160966681 ACC_MI: 0.6357671957671958 F1_MA: 0.598113414804646
BEST_F1_MI: 0.6893121693121693 BEST_F1_MA: 0.6227595705322432 BEST_ACC_MI: 0.6893121693121693 BEST_F1_MA: 0.6491441864412926
[[ 998  354  178   52]
 [  56  389  355  105]
 [   2  459  231  116]
 [   0   24   20 1386]]
Epoch: [32/200], cls_loss: 0.0219, transfer_loss: 0.0043,person_loss: -1.9832, total_Loss: -0.1743
trian begin
trian end
n_person 360
SAMPLE
F1_MI: 0.7157671957671957 F1_MA: 0.6593542776167136 ACC_MI: 0.7157671957671957 F1_MA: 0.6669154182726704
BEST_F1_MI: 0.7157671957671957 BEST_F1_MA: 0.6593542776167136 BEST_ACC_MI: 0.7157671957671957 BEST_F1_MA: 0.6669154182726704
[[1247  257   25   53]
 [  86  614  100  105]
 [   6  546  144  112]
 [   0   17   36 1377]]
Epoch: [33/200], cls_loss: 0.0201, transfer_loss: 0.0048,person_loss: -1.9826, total_Loss: -0.1758
trian begin
trian end
n_person 360
SAMPLE
F1_MI: 0.6639153439153439 F1_MA: 0.5615634770654382 ACC_MI: 0.6639153439153439 F1_MA: 0.5511907006679653
BEST_F1_MI: 0.7157671957671957 BEST_F1_MA: 0.6593542776167136 BEST_ACC_MI: 0.7157671957671957 BEST_F1_MA: 0.6669154182726704
[[1339  147   44   52]
 [ 230  354  219  102]
 [  13  611   78  106]
 [   0   31   33 1366]]
Epoch: [34/200], cls_loss: 0.0166, transfer_loss: 0.0047,person_loss: -1.9838, total_Loss: -0.1794
trian begin
trian end
n_person 360
SAMPLE
F1_MI: 0.6717460317460318 F1_MA: 0.5743621702493806 ACC_MI: 0.6717460317460318 F1_MA: 0.5588069091196437
BEST_F1_MI: 0.7157671957671957 BEST_F1_MA: 0.6593542776167136 BEST_ACC_MI: 0.7157671957671957 BEST_F1_MA: 0.6669154182726704
[[1356   28  147   51]
 [ 280   97  426  102]
 [  16  322  363  107]
 [   2   17   53 1358]]
Epoch: [35/200], cls_loss: 0.0205, transfer_loss: 0.0043,person_loss: -1.9842, total_Loss: -0.1758
trian begin
trian end
n_person 360
SAMPLE
F1_MI: 0.6457142857142857 F1_MA: 0.575229781947856 ACC_MI: 0.6457142857142857 F1_MA: 0.5773582379447928
BEST_F1_MI: 0.7157671957671957 BEST_F1_MA: 0.6593542776167136 BEST_ACC_MI: 0.7157671957671957 BEST_F1_MA: 0.6669154182726704
[[1158  274   97   53]
 [ 115  338  347  105]
 [  13  499  185  111]
 [   6   16   38 1370]]
Epoch: [36/200], cls_loss: 0.0211, transfer_loss: 0.0043,person_loss: -1.9849, total_Loss: -0.1752
trian begin
trian end
n_person 360
SAMPLE
F1_MI: 0.6778835978835979 F1_MA: 0.5993763994217408 ACC_MI: 0.6778835978835979 F1_MA: 0.5969336228107722
BEST_F1_MI: 0.7157671957671957 BEST_F1_MA: 0.6593542776167136 BEST_ACC_MI: 0.7157671957671957 BEST_F1_MA: 0.6669154182726704
[[1243  211   72   56]
 [  99  429  265  112]
 [  14  527  143  124]
 [   1   15   26 1388]]
Epoch: [37/200], cls_loss: 0.0183, transfer_loss: 0.0040,person_loss: -1.9849, total_Loss: -0.1782
trian begin
trian end
n_person 360
SAMPLE
F1_MI: 0.6833862433862434 F1_MA: 0.5995582403017191 ACC_MI: 0.6833862433862434 F1_MA: 0.5959661443952038
BEST_F1_MI: 0.7157671957671957 BEST_F1_MA: 0.6593542776167136 BEST_ACC_MI: 0.7157671957671957 BEST_F1_MA: 0.6669154182726704
[[1317  120   92   53]
 [ 220  297  279  109]
 [  16  448  228  116]
 [   0   23   20 1387]]
Epoch: [38/200], cls_loss: 0.0252, transfer_loss: 0.0045,person_loss: -1.9856, total_Loss: -0.1711
trian begin
trian end
n_person 360
SAMPLE
F1_MI: 0.6994708994708995 F1_MA: 0.6424116740960386 ACC_MI: 0.6994708994708995 F1_MA: 0.6504840089257992
BEST_F1_MI: 0.7157671957671957 BEST_F1_MA: 0.6593542776167136 BEST_ACC_MI: 0.7157671957671957 BEST_F1_MA: 0.6669154182726704
[[1210  284   33   55]
 [ 119  594   86  106]
 [  11  560  125  112]
 [   2   24   28 1376]]
Epoch: [39/200], cls_loss: 0.0180, transfer_loss: 0.0038,person_loss: -1.9844, total_Loss: -0.1786
trian begin
trian end
n_person 360
SAMPLE
F1_MI: 0.5815873015873015 F1_MA: 0.5759499564731944 ACC_MI: 0.5815873015873015 F1_MA: 0.6050342207691759
BEST_F1_MI: 0.7157671957671957 BEST_F1_MA: 0.6593542776167136 BEST_ACC_MI: 0.7157671957671957 BEST_F1_MA: 0.6669154182726704
[[ 651  750  129   52]
 [  15  573  217  100]
 [   0  542  163  103]
 [   1   34   34 1361]]
Epoch: [40/200], cls_loss: 0.0183, transfer_loss: 0.0042,person_loss: -1.9857, total_Loss: -0.1782
trian begin
trian end
n_person 360
SAMPLE
F1_MI: 0.6929100529100529 F1_MA: 0.6227479878106598 ACC_MI: 0.6929100529100529 F1_MA: 0.6267338260161219
BEST_F1_MI: 0.7157671957671957 BEST_F1_MA: 0.6593542776167136 BEST_ACC_MI: 0.7157671957671957 BEST_F1_MA: 0.6669154182726704
[[1270  234   26   52]
 [ 174  501  126  104]
 [  11  561  126  110]
 [   5   26   22 1377]]
Epoch: [41/200], cls_loss: 0.0152, transfer_loss: 0.0039,person_loss: -1.9857, total_Loss: -0.1815
trian begin
trian end
n_person 360
SAMPLE
F1_MI: 0.6546031746031746 F1_MA: 0.5741915276877964 ACC_MI: 0.6546031746031746 F1_MA: 0.5734963680797026
BEST_F1_MI: 0.7157671957671957 BEST_F1_MA: 0.6593542776167136 BEST_ACC_MI: 0.7157671957671957 BEST_F1_MA: 0.6669154182726704
[[1234  224   72   52]
 [ 180  293  327  105]
 [   5  507  187  109]
 [   0   30   21 1379]]
Epoch: [42/200], cls_loss: 0.0183, transfer_loss: 0.0050,person_loss: -1.9865, total_Loss: -0.1779
trian begin
trian end
n_person 360
SAMPLE
F1_MI: 0.6780952380952381 F1_MA: 0.5985519568863331 ACC_MI: 0.6780952380952381 F1_MA: 0.6027818529092185
BEST_F1_MI: 0.7157671957671957 BEST_F1_MA: 0.6593542776167136 BEST_ACC_MI: 0.7157671957671957 BEST_F1_MA: 0.6669154182726704
[[1331  179   19   53]
 [ 334  294  173  104]
 [  15  483  199  111]
 [   0   29   21 1380]]
Epoch: [43/200], cls_loss: 0.0139, transfer_loss: 0.0032,person_loss: -1.9865, total_Loss: -0.1832
trian begin
trian end
n_person 360
SAMPLE
F1_MI: 0.6243386243386243 F1_MA: 0.5401038829210933 ACC_MI: 0.6243386243386243 F1_MA: 0.5414471980605914
BEST_F1_MI: 0.7157671957671957 BEST_F1_MA: 0.6593542776167136 BEST_ACC_MI: 0.7157671957671957 BEST_F1_MA: 0.6669154182726704
[[1180  227  120   55]
 [ 108  258  431  108]
 [   4  565  124  115]
 [   0   29   13 1388]]
Epoch: [44/200], cls_loss: 0.0118, transfer_loss: 0.0034,person_loss: -1.9872, total_Loss: -0.1852
trian begin
trian end
n_person 360
SAMPLE
F1_MI: 0.6325925925925926 F1_MA: 0.5750188748310934 ACC_MI: 0.6325925925925926 F1_MA: 0.5825137489540064
BEST_F1_MI: 0.7157671957671957 BEST_F1_MA: 0.6593542776167136 BEST_ACC_MI: 0.7157671957671957 BEST_F1_MA: 0.6669154182726704
[[1018  444   66   54]
 [  56  456  285  108]
 [   1  572  119  116]
 [   0   12   22 1396]]
Epoch: [45/200], cls_loss: 0.0124, transfer_loss: 0.0043,person_loss: -1.9866, total_Loss: -0.1841
trian begin
trian end
n_person 360
SAMPLE
F1_MI: 0.6433862433862434 F1_MA: 0.562965101754446 ACC_MI: 0.6433862433862434 F1_MA: 0.5649639590577469
BEST_F1_MI: 0.7157671957671957 BEST_F1_MA: 0.6593542776167136 BEST_ACC_MI: 0.7157671957671957 BEST_F1_MA: 0.6669154182726704
[[1244  224   64   50]
 [  94  294  422   95]
 [   5  545  153  105]
 [   0   18   63 1349]]
Epoch: [46/200], cls_loss: 0.0148, transfer_loss: 0.0033,person_loss: -1.9875, total_Loss: -0.1823
trian begin
trian end
n_person 360
SAMPLE
F1_MI: 0.5940740740740741 F1_MA: 0.5380031370605328 ACC_MI: 0.5940740740740741 F1_MA: 0.5498858131448462
BEST_F1_MI: 0.7157671957671957 BEST_F1_MA: 0.6593542776167136 BEST_ACC_MI: 0.7157671957671957 BEST_F1_MA: 0.6669154182726704
[[ 995  345  190   52]
 [  94  240  472   99]
 [   4  486  210  108]
 [   0   34   34 1362]]
Epoch: [47/200], cls_loss: 0.0123, transfer_loss: 0.0040,person_loss: -1.9874, total_Loss: -0.1844
trian begin
trian end
n_person 360
SAMPLE
F1_MI: 0.6010582010582011 F1_MA: 0.5752297375034868 ACC_MI: 0.6010582010582011 F1_MA: 0.5970488166099697
BEST_F1_MI: 0.7157671957671957 BEST_F1_MA: 0.6593542776167136 BEST_ACC_MI: 0.7157671957671957 BEST_F1_MA: 0.6669154182726704
[[ 818  622   88   54]
 [  38  384  375  108]
 [   0  445  247  116]
 [   2   22   15 1391]]
Epoch: [48/200], cls_loss: 0.0063, transfer_loss: 0.0034,person_loss: -1.9869, total_Loss: -0.1907
trian begin
trian end
n_person 360
SAMPLE
F1_MI: 0.6804232804232804 F1_MA: 0.601423815543948 ACC_MI: 0.6804232804232804 F1_MA: 0.6020540505391551
BEST_F1_MI: 0.7157671957671957 BEST_F1_MA: 0.6593542776167136 BEST_ACC_MI: 0.7157671957671957 BEST_F1_MA: 0.6669154182726704
[[1246  274    7   55]
 [ 210  506   80  109]
 [  18  601   62  127]
 [   6    6   17 1401]]
Epoch: [49/200], cls_loss: 0.0121, transfer_loss: 0.0044,person_loss: -1.9875, total_Loss: -0.1845
trian begin
trian end
n_person 360
SAMPLE
F1_MI: 0.6277248677248677 F1_MA: 0.5726513281172011 ACC_MI: 0.6277248677248677 F1_MA: 0.5801439506172394
BEST_F1_MI: 0.7157671957671957 BEST_F1_MA: 0.6593542776167136 BEST_ACC_MI: 0.7157671957671957 BEST_F1_MA: 0.6669154182726704
[[ 980  476   72   54]
 [  71  474  251  109]
 [   5  573  113  117]
 [   1   19   11 1399]]
Epoch: [50/200], cls_loss: 0.0137, transfer_loss: 0.0029,person_loss: -1.9873, total_Loss: -0.1836
trian begin
trian end
n_person 360
SAMPLE
F1_MI: 0.6537566137566138 F1_MA: 0.5885619986163222 ACC_MI: 0.6537566137566138 F1_MA: 0.5900728485210982
BEST_F1_MI: 0.7157671957671957 BEST_F1_MA: 0.6593542776167136 BEST_ACC_MI: 0.7157671957671957 BEST_F1_MA: 0.6669154182726704
[[1087  373   69   53]
 [  84  511  202  108]
 [   7  584  100  117]
 [   2   30    7 1391]]
Epoch: [51/200], cls_loss: 0.0162, transfer_loss: 0.0030,person_loss: -1.9881, total_Loss: -0.1811
trian begin
trian end
n_person 360
SAMPLE
F1_MI: 0.622010582010582 F1_MA: 0.5612985254781329 ACC_MI: 0.622010582010582 F1_MA: 0.5678590013874084
BEST_F1_MI: 0.7157671957671957 BEST_F1_MA: 0.6593542776167136 BEST_ACC_MI: 0.7157671957671957 BEST_F1_MA: 0.6669154182726704
[[1027  468   37   50]
 [  85  461  260   99]
 [   2  614   86  106]
 [   0   54   11 1365]]
Epoch: [52/200], cls_loss: 0.0153, transfer_loss: 0.0038,person_loss: -1.9882, total_Loss: -0.1816
trian begin
trian end
n_person 360
SAMPLE
F1_MI: 0.6535449735449735 F1_MA: 0.5471358612142253 ACC_MI: 0.6535449735449735 F1_MA: 0.5379592227396153
BEST_F1_MI: 0.7157671957671957 BEST_F1_MA: 0.6593542776167136 BEST_ACC_MI: 0.7157671957671957 BEST_F1_MA: 0.6669154182726704
[[1341  168   20   53]
 [ 340  276  182  107]
 [  20  586   84  118]
 [   0   13   30 1387]]
Epoch: [53/200], cls_loss: 0.0104, transfer_loss: 0.0025,person_loss: -1.9880, total_Loss: -0.1871
trian begin
trian end
n_person 360
SAMPLE
F1_MI: 0.6287830687830688 F1_MA: 0.5433755122205292 ACC_MI: 0.6287830687830688 F1_MA: 0.5432463945209641
BEST_F1_MI: 0.7157671957671957 BEST_F1_MA: 0.6593542776167136 BEST_ACC_MI: 0.7157671957671957 BEST_F1_MA: 0.6669154182726704
[[1225  188  117   52]
 [ 143  199  461  102]
 [   8  512  182  106]
 [   1   29   35 1365]]
Epoch: [54/200], cls_loss: 0.0061, transfer_loss: 0.0021,person_loss: -1.9887, total_Loss: -0.1918
trian begin
trian end
n_person 360
SAMPLE
F1_MI: 0.6556613756613756 F1_MA: 0.5707273433403337 ACC_MI: 0.6556613756613756 F1_MA: 0.5673837497326264
BEST_F1_MI: 0.7157671957671957 BEST_F1_MA: 0.6593542776167136 BEST_ACC_MI: 0.7157671957671957 BEST_F1_MA: 0.6669154182726704
[[1232  229   68   53]
 [ 179  356  266  104]
 [   8  561  127  112]
 [   1   15   31 1383]]
Epoch: [55/200], cls_loss: 0.0100, transfer_loss: 0.0038,person_loss: -1.9891, total_Loss: -0.1870
trian begin
trian end
n_person 360
SAMPLE
F1_MI: 0.6169312169312169 F1_MA: 0.565026001237714 ACC_MI: 0.6169312169312169 F1_MA: 0.576694691289978
BEST_F1_MI: 0.7157671957671957 BEST_F1_MA: 0.6593542776167136 BEST_ACC_MI: 0.7157671957671957 BEST_F1_MA: 0.6669154182726704
[[1013  390  128   51]
 [  51  390  366   98]
 [   6  534  161  107]
 [   1   39   39 1351]]
Epoch: [56/200], cls_loss: 0.0105, transfer_loss: 0.0028,person_loss: -1.9887, total_Loss: -0.1869
trian begin
trian end
n_person 360
SAMPLE
F1_MI: 0.6027513227513227 F1_MA: 0.5296265358005351 ACC_MI: 0.6027513227513227 F1_MA: 0.5333097250024265
BEST_F1_MI: 0.7157671957671957 BEST_F1_MA: 0.6593542776167136 BEST_ACC_MI: 0.7157671957671957 BEST_F1_MA: 0.6669154182726704
[[1098   54  377   53]
 [  55   78  665  107]
 [   3  401  287  117]
 [   4   23   18 1385]]
Epoch: [57/200], cls_loss: 0.0130, transfer_loss: 0.0033,person_loss: -1.9891, total_Loss: -0.1843
trian begin
trian end
n_person 360
SAMPLE
F1_MI: 0.6279365079365079 F1_MA: 0.5699699367381673 ACC_MI: 0.6279365079365079 F1_MA: 0.5788878628130514
BEST_F1_MI: 0.7157671957671957 BEST_F1_MA: 0.6593542776167136 BEST_ACC_MI: 0.7157671957671957 BEST_F1_MA: 0.6669154182726704
[[1065  240  222   55]
 [  40  233  524  108]
 [   2  415  274  117]
 [   1   23   11 1395]]
Epoch: [58/200], cls_loss: 0.0132, transfer_loss: 0.0029,person_loss: -1.9887, total_Loss: -0.1842
trian begin
trian end
n_person 360
SAMPLE
F1_MI: 0.5411640211640212 F1_MA: 0.5502356329160332 ACC_MI: 0.5411640211640212 F1_MA: 0.5952364740598822
BEST_F1_MI: 0.7157671957671957 BEST_F1_MA: 0.6593542776167136 BEST_ACC_MI: 0.7157671957671957 BEST_F1_MA: 0.6669154182726704
[[ 494 1002   32   54]
 [   1  535  261  108]
 [   1  552  138  117]
 [   0    6   34 1390]]
Epoch: [59/200], cls_loss: 0.0122, transfer_loss: 0.0032,person_loss: -1.9891, total_Loss: -0.1851
trian begin
trian end
n_person 360
SAMPLE
F1_MI: 0.5758730158730159 F1_MA: 0.5402985933190325 ACC_MI: 0.5758730158730159 F1_MA: 0.5658262407000766
BEST_F1_MI: 0.7157671957671957 BEST_F1_MA: 0.6593542776167136 BEST_ACC_MI: 0.7157671957671957 BEST_F1_MA: 0.6669154182726704
[[ 861  568  101   52]
 [  13  324  464  104]
 [   2  526  170  110]
 [   0   19   45 1366]]
Epoch: [60/200], cls_loss: 0.0104, transfer_loss: 0.0027,person_loss: -1.9890, total_Loss: -0.1871
trian begin
trian end
n_person 360
SAMPLE
F1_MI: 0.6660317460317461 F1_MA: 0.6435326506513045 ACC_MI: 0.6660317460317461 F1_MA: 0.6613134569090544
BEST_F1_MI: 0.7157671957671957 BEST_F1_MA: 0.6593542776167136 BEST_ACC_MI: 0.7157671957671957 BEST_F1_MA: 0.6669154182726704
[[ 968  536   27   51]
 [  18  575  215   97]
 [   0  449  256  103]
 [   0   19   63 1348]]
Epoch: [61/200], cls_loss: 0.0056, transfer_loss: 0.0029,person_loss: -1.9888, total_Loss: -0.1918
trian begin
trian end
n_person 360
SAMPLE
F1_MI: 0.5976719576719577 F1_MA: 0.5478041709793957 ACC_MI: 0.5976719576719577 F1_MA: 0.5659595461643749
BEST_F1_MI: 0.7157671957671957 BEST_F1_MA: 0.6593542776167136 BEST_ACC_MI: 0.7157671957671957 BEST_F1_MA: 0.6669154182726704
[[ 983  421  127   51]
 [  20  320  466   99]
 [   1  545  157  105]
 [   0   20   46 1364]]
Epoch: [62/200], cls_loss: 0.0110, transfer_loss: 0.0027,person_loss: -1.9892, total_Loss: -0.1866
trian begin
trian end
n_person 360
SAMPLE
F1_MI: 0.5961904761904762 F1_MA: 0.5400909165546486 ACC_MI: 0.5961904761904762 F1_MA: 0.5543768454475975
BEST_F1_MI: 0.7157671957671957 BEST_F1_MA: 0.6593542776167136 BEST_ACC_MI: 0.7157671957671957 BEST_F1_MA: 0.6669154182726704
[[1011  271  249   51]
 [  53  243  509  100]
 [   4  499  196  109]
 [   2   13   48 1367]]
Epoch: [63/200], cls_loss: 0.0085, transfer_loss: 0.0028,person_loss: -1.9887, total_Loss: -0.1890
trian begin
trian end
n_person 360
SAMPLE
F1_MI: 0.558941798941799 F1_MA: 0.5150883461961898 ACC_MI: 0.558941798941799 F1_MA: 0.5377727460150477
BEST_F1_MI: 0.7157671957671957 BEST_F1_MA: 0.6593542776167136 BEST_ACC_MI: 0.7157671957671957 BEST_F1_MA: 0.6669154182726704
[[ 849  431  247   55]
 [  46  253  501  105]
 [   2  536  157  113]
 [   3   10   35 1382]]
Epoch: [64/200], cls_loss: 0.0110, transfer_loss: 0.0030,person_loss: -1.9891, total_Loss: -0.1864
trian begin
trian end
n_person 360
SAMPLE
F1_MI: 0.5803174603174603 F1_MA: 0.5662193104695735 ACC_MI: 0.5803174603174603 F1_MA: 0.5969670125872618
BEST_F1_MI: 0.7157671957671957 BEST_F1_MA: 0.6593542776167136 BEST_ACC_MI: 0.7157671957671957 BEST_F1_MA: 0.6669154182726704
[[ 716  774   37   55]
 [  24  448  325  108]
 [   1  500  191  116]
 [   2   24   17 1387]]
Epoch: [65/200], cls_loss: 0.0101, transfer_loss: 0.0027,person_loss: -1.9889, total_Loss: -0.1874
trian begin
trian end
n_person 360
SAMPLE
F1_MI: 0.6270899470899471 F1_MA: 0.570897268288974 ACC_MI: 0.6270899470899471 F1_MA: 0.5791458608895039
BEST_F1_MI: 0.7157671957671957 BEST_F1_MA: 0.6593542776167136 BEST_ACC_MI: 0.7157671957671957 BEST_F1_MA: 0.6669154182726704
[[1040  379  109   54]
 [  83  275  440  107]
 [   2  432  256  118]
 [   1   19   18 1392]]
Epoch: [66/200], cls_loss: 0.0080, transfer_loss: 0.0025,person_loss: -1.9898, total_Loss: -0.1897
trian begin
trian end
n_person 360
SAMPLE
F1_MI: 0.5788359788359788 F1_MA: 0.5332477237599655 ACC_MI: 0.5788359788359788 F1_MA: 0.5500172211383704
BEST_F1_MI: 0.7157671957671957 BEST_F1_MA: 0.6593542776167136 BEST_ACC_MI: 0.7157671957671957 BEST_F1_MA: 0.6669154182726704
[[ 889  373  265   55]
 [  46  182  567  110]
 [   2  422  266  118]
 [   3   15   14 1398]]
Epoch: [67/200], cls_loss: 0.0073, transfer_loss: 0.0022,person_loss: -1.9892, total_Loss: -0.1905
trian begin
trian end
n_person 360
SAMPLE
F1_MI: 0.6173544973544973 F1_MA: 0.5376771030860246 ACC_MI: 0.6173544973544973 F1_MA: 0.5375676163645114
BEST_F1_MI: 0.7157671957671957 BEST_F1_MA: 0.6593542776167136 BEST_ACC_MI: 0.7157671957671957 BEST_F1_MA: 0.6669154182726704
[[1144  225  160   53]
 [ 161  213  426  105]
 [  31  476  189  112]
 [   4   12   43 1371]]
Epoch: [68/200], cls_loss: 0.0110, transfer_loss: 0.0023,person_loss: -1.9889, total_Loss: -0.1868
trian begin
trian end
n_person 360
SAMPLE
F1_MI: 0.6281481481481481 F1_MA: 0.5571236471823039 ACC_MI: 0.6281481481481481 F1_MA: 0.558638620178497
BEST_F1_MI: 0.7157671957671957 BEST_F1_MA: 0.6593542776167136 BEST_ACC_MI: 0.7157671957671957 BEST_F1_MA: 0.6669154182726704
[[1079  351   97   55]
 [ 126  387  284  108]
 [   7  568  116  117]
 [   3   14   27 1386]]
Epoch: [69/200], cls_loss: 0.0067, transfer_loss: 0.0017,person_loss: -1.9896, total_Loss: -0.1914
trian begin
trian end
n_person 360
SAMPLE
F1_MI: 0.6683597883597884 F1_MA: 0.6076172666352249 ACC_MI: 0.6683597883597884 F1_MA: 0.6124163926585601
BEST_F1_MI: 0.7157671957671957 BEST_F1_MA: 0.6593542776167136 BEST_ACC_MI: 0.7157671957671957 BEST_F1_MA: 0.6669154182726704
[[1144  306   77   55]
 [  68  409  320  108]
 [   4  473  212  119]
 [   0   20   17 1393]]
Epoch: [70/200], cls_loss: 0.0099, transfer_loss: 0.0028,person_loss: -1.9897, total_Loss: -0.1876
trian begin
trian end
n_person 360
SAMPLE
F1_MI: 0.6107936507936508 F1_MA: 0.578006182313869 ACC_MI: 0.6107936507936508 F1_MA: 0.5936941401797181
BEST_F1_MI: 0.7157671957671957 BEST_F1_MA: 0.6593542776167136 BEST_ACC_MI: 0.7157671957671957 BEST_F1_MA: 0.6669154182726704
[[ 835  592  103   52]
 [  17  558  227  103]
 [   2  576  119  111]
 [   5   12   39 1374]]
Epoch: [71/200], cls_loss: 0.0110, transfer_loss: 0.0020,person_loss: -1.9902, total_Loss: -0.1870
trian begin
trian end
n_person 360
SAMPLE
F1_MI: 0.6395767195767196 F1_MA: 0.6076745880359933 ACC_MI: 0.6395767195767196 F1_MA: 0.6233982685881638
BEST_F1_MI: 0.7157671957671957 BEST_F1_MA: 0.6593542776167136 BEST_ACC_MI: 0.7157671957671957 BEST_F1_MA: 0.6669154182726704
[[ 905  557   68   52]
 [  20  558  221  106]
 [   7  512  171  118]
 [   0   10   32 1388]]
Epoch: [72/200], cls_loss: 0.0075, transfer_loss: 0.0027,person_loss: -1.9893, total_Loss: -0.1900
trian begin
trian end
n_person 360
SAMPLE
F1_MI: 0.6292063492063492 F1_MA: 0.6156114564314471 ACC_MI: 0.6292063492063492 F1_MA: 0.6442794537210872
BEST_F1_MI: 0.7157671957671957 BEST_F1_MA: 0.6593542776167136 BEST_ACC_MI: 0.7157671957671957 BEST_F1_MA: 0.6669154182726704
[[ 796  725    8   53]
 [   8  695   99  103]
 [   1  599   93  115]
 [   0   14   27 1389]]
Epoch: [73/200], cls_loss: 0.0058, transfer_loss: 0.0027,person_loss: -1.9895, total_Loss: -0.1918
trian begin
trian end
n_person 360
SAMPLE
F1_MI: 0.5892063492063492 F1_MA: 0.5652307609952494 ACC_MI: 0.5892063492063492 F1_MA: 0.5909136729052479
BEST_F1_MI: 0.7157671957671957 BEST_F1_MA: 0.6593542776167136 BEST_ACC_MI: 0.7157671957671957 BEST_F1_MA: 0.6669154182726704
[[ 780  664   85   53]
 [   9  443  349  104]
 [   2  519  172  115]
 [   0   12   29 1389]]
Epoch: [74/200], cls_loss: 0.0067, transfer_loss: 0.0023,person_loss: -1.9891, total_Loss: -0.1910
trian begin
trian end
n_person 360
SAMPLE
F1_MI: 0.4617989417989418 F1_MA: 0.5030754622939388 ACC_MI: 0.4617989417989418 F1_MA: 0.5734769793222207
BEST_F1_MI: 0.7157671957671957 BEST_F1_MA: 0.6593542776167136 BEST_ACC_MI: 0.7157671957671957 BEST_F1_MA: 0.6669154182726704
[[ 187 1178  166   51]
 [   0  409  393  103]
 [   0  489  210  109]
 [   0   10   44 1376]]
Epoch: [75/200], cls_loss: 0.0092, transfer_loss: 0.0023,person_loss: -1.9899, total_Loss: -0.1887
trian begin
trian end
n_person 360
SAMPLE
F1_MI: 0.5875132275132275 F1_MA: 0.5550434860592091 ACC_MI: 0.5875132275132275 F1_MA: 0.5777614661489625
BEST_F1_MI: 0.7157671957671957 BEST_F1_MA: 0.6593542776167136 BEST_ACC_MI: 0.7157671957671957 BEST_F1_MA: 0.6669154182726704
[[ 860  340  328   54]
 [   7  258  534  106]
 [   0  415  275  118]
 [   0    9   38 1383]]
Epoch: [76/200], cls_loss: 0.0069, transfer_loss: 0.0026,person_loss: -1.9901, total_Loss: -0.1908
trian begin
trian end
n_person 360
SAMPLE
F1_MI: 0.6033862433862434 F1_MA: 0.5576649210086019 ACC_MI: 0.6033862433862434 F1_MA: 0.573422189814746
BEST_F1_MI: 0.7157671957671957 BEST_F1_MA: 0.6593542776167136 BEST_ACC_MI: 0.7157671957671957 BEST_F1_MA: 0.6669154182726704
[[ 913  391  224   54]
 [   5  433  360  107]
 [   1  572  117  118]
 [   0   13   29 1388]]
Epoch: [77/200], cls_loss: 0.0097, transfer_loss: 0.0025,person_loss: -1.9910, total_Loss: -0.1882
trian begin
trian end
n_person 360
SAMPLE
F1_MI: 0.6736507936507936 F1_MA: 0.6281944561315909 ACC_MI: 0.6736507936507936 F1_MA: 0.6370875452749172
BEST_F1_MI: 0.7157671957671957 BEST_F1_MA: 0.6593542776167136 BEST_ACC_MI: 0.7157671957671957 BEST_F1_MA: 0.6669154182726704
[[1074  405   52   51]
 [  45  557  201  102]
 [   5  509  183  111]
 [   0   15   46 1369]]
Epoch: [78/200], cls_loss: 0.0067, transfer_loss: 0.0024,person_loss: -1.9906, total_Loss: -0.1912
trian begin
trian end
n_person 360
SAMPLE
F1_MI: 0.5807407407407408 F1_MA: 0.5891337270697462 ACC_MI: 0.5807407407407408 F1_MA: 0.6226968128187921
BEST_F1_MI: 0.7157671957671957 BEST_F1_MA: 0.6593542776167136 BEST_ACC_MI: 0.7157671957671957 BEST_F1_MA: 0.6669154182726704
[[ 591  802  138   51]
 [   3  524  277  101]
 [   0  430  268  110]
 [   0    8   61 1361]]
Epoch: [79/200], cls_loss: 0.0067, transfer_loss: 0.0020,person_loss: -1.9902, total_Loss: -0.1913
trian begin
trian end
n_person 360
SAMPLE
F1_MI: 0.6355555555555555 F1_MA: 0.6046429057472551 ACC_MI: 0.6355555555555555 F1_MA: 0.6213337569981942
BEST_F1_MI: 0.7157671957671957 BEST_F1_MA: 0.6593542776167136 BEST_ACC_MI: 0.7157671957671957 BEST_F1_MA: 0.6669154182726704
[[ 910  562   58   52]
 [   3  581  223   98]
 [   1  549  150  108]
 [   0   12   56 1362]]
Epoch: [80/200], cls_loss: 0.0058, transfer_loss: 0.0018,person_loss: -1.9894, total_Loss: -0.1923
trian begin
trian end
n_person 360
SAMPLE
F1_MI: 0.5851851851851851 F1_MA: 0.5884776955733713 ACC_MI: 0.5851851851851851 F1_MA: 0.6213825718914765
BEST_F1_MI: 0.7157671957671957 BEST_F1_MA: 0.6593542776167136 BEST_ACC_MI: 0.7157671957671957 BEST_F1_MA: 0.6669154182726704
[[ 616  805  109   52]
 [   2  577  225  101]
 [   0  496  203  109]
 [   1    9   51 1369]]
Epoch: [81/200], cls_loss: 0.0102, transfer_loss: 0.0025,person_loss: -1.9906, total_Loss: -0.1875
trian begin
trian end
n_person 360
SAMPLE
F1_MI: 0.6738624338624338 F1_MA: 0.6455051974042864 ACC_MI: 0.6738624338624338 F1_MA: 0.6581512742751239
BEST_F1_MI: 0.7157671957671957 BEST_F1_MA: 0.6593542776167136 BEST_ACC_MI: 0.7157671957671957 BEST_F1_MA: 0.6669154182726704
[[ 980  472   79   51]
 [  49  608  148  100]
 [   4  464  234  106]
 [   2   11   55 1362]]
Epoch: [82/200], cls_loss: 0.0099, transfer_loss: 0.0025,person_loss: -1.9898, total_Loss: -0.1878
trian begin
trian end
n_person 360
SAMPLE
F1_MI: 0.5845502645502646 F1_MA: 0.5805020451219179 ACC_MI: 0.5845502645502646 F1_MA: 0.6080571021328048
BEST_F1_MI: 0.7157671957671957 BEST_F1_MA: 0.6593542776167136 BEST_ACC_MI: 0.7157671957671957 BEST_F1_MA: 0.6669154182726704
[[ 656  689  187   50]
 [  15  518  274   98]
 [   0  474  230  104]
 [   0    7   65 1358]]
Epoch: [83/200], cls_loss: 0.0081, transfer_loss: 0.0028,person_loss: -1.9899, total_Loss: -0.1894
[[1247  257   25   53]
 [  86  614  100  105]
 [   6  546  144  112]
 [   0   17   36 1377]]
[[1247  257   25   53]
 [  86  614  100  105]
 [   6  546  144  112]
 [   0   17   36 1377]]
WHAT: True
SVAE_RESULT
{'best_f1': 0.6593542776167136, 'best_matrix': [[1247, 257, 25, 53], [86, 614, 100, 105], [6, 546, 144, 112], [0, 17, 36, 1377]], 'args': 0.1}
{"best_f1": 0.6593542776167136, "best_matrix": [[1247, 257, 25, 53], [86, 614, 100, 105], [6, 546, 144, 112], [0, 17, 36, 1377]], "args": 0.1}
ARG: Namespace(backbone='resnet50', batch_size=32, config='DSAN/DSAN.yaml', data_dir='data', device=device(type='cuda'), early_stop=50, epoch_based_training=False, lr=0.003, lr_decay=0.75, lr_gamma=0.0003, lr_scheduler=True, max_iter=40000, method='True', momentum=0.9, myweight=0.1, n_class=4, n_epoch=200, n_iter_per_epoch=200, num_workers=3, seed=2, src_domain='WISDM', tgt_domain='PAMAP2', tname='transfer', transfer_loss='lmmd', transfer_loss_weight=0.5, use_bottleneck=True, weight_decay=0.0005)
