lmmd 2 WISDM PAMAP2 DSAN/DSAN.yaml False
Namespace(backbone='resnet50', batch_size=32, config='DSAN/DSAN.yaml', data_dir='data', device=device(type='cuda'), early_stop=50, epoch_based_training=False, lr=0.003, lr_decay=0.75, lr_gamma=0.0003, lr_scheduler=True, method='False', momentum=0.9, myweight=0.1, n_epoch=200, n_iter_per_epoch=200, num_workers=3, seed=2, src_domain='WISDM', tgt_domain='PAMAP2', tname='transfer', transfer_loss='lmmd', transfer_loss_weight=0.5, use_bottleneck=True, weight_decay=0.0005)
JUST DO IT
run my Parkinson code
transfer
TRAIN Length: 13609 322 TEST Length: 4725 360
YYY: 0 3
DATA_PROFILE   train: 13609 train2: 4725 test: 4725
DATASET.SHAPE: <data_loader.GetTrainLoader object at 0x7f857836fe10> True
DATASET.SHAPE: <data_loader.GetTrainLoader object at 0x7f8577ec2160> True
DATASET.SHAPE: <data_loader.GetTestLoader object at 0x7f855ff9beb8> False
CLASS: 4 360
LLL: {}
BOTTLENECK_LIST: [Linear(in_features=512, out_features=256, bias=True), ReLU()]
TYPE: {'loss_type': 'lmmd', 'max_iter': 40000, 'num_class': 4, 'my_person_item': <my_person_item.PersonItem object at 0x7f8625312080>}
KWARGS {'my_person_item': <my_person_item.PersonItem object at 0x7f8625312080>}
initial_lr 1.0
transfer_world
method False <class 'str'>
1.10.1+cu102
True
LEN: 0 0
LOADER: <data_loader.InfiniteDataLoader object at 0x7f8577ec26a0> <data_loader.InfiniteDataLoader object at 0x7f855ff9bdd8>
N_batch: 200
trian begin
trian end
n_person 360
SAMPLE
F1_MI: 0.48613756613756615 F1_MA: 0.4981925750108504 ACC_MI: 0.48613756613756615 F1_MA: 0.5124373910496155
BEST_F1_MI: 0.48613756613756615 BEST_F1_MA: 0.4981925750108504 BEST_ACC_MI: 0.48613756613756615 BEST_F1_MA: 0.5124373910496155
[[ 244    3 1281   54]
 [  78    3  712  112]
 [  38    1  646  123]
 [   0    3   23 1404]]
Epoch: [ 1/200], cls_loss: 0.5867, transfer_loss: 0.0004,person_loss: 0.0000, total_Loss: 0.5869
trian begin
trian end
n_person 360
SAMPLE
F1_MI: 0.4630687830687831 F1_MA: 0.44867670754662253 ACC_MI: 0.4630687830687831 F1_MA: 0.4312787976648983
BEST_F1_MI: 0.48613756613756615 BEST_F1_MA: 0.4981925750108504 BEST_ACC_MI: 0.48613756613756615 BEST_F1_MA: 0.5124373910496155
[[   0 1524    7   51]
 [  20  764   18  103]
 [  14  629   56  109]
 [   0   54    8 1368]]
Epoch: [ 2/200], cls_loss: 0.3545, transfer_loss: 0.0012,person_loss: 0.0000, total_Loss: 0.3551
trian begin
trian end
n_person 360
SAMPLE
F1_MI: 0.4526984126984127 F1_MA: 0.4530995573803382 ACC_MI: 0.4526984126984127 F1_MA: 0.43904334934468037
BEST_F1_MI: 0.48613756613756615 BEST_F1_MA: 0.4981925750108504 BEST_ACC_MI: 0.48613756613756615 BEST_F1_MA: 0.5124373910496155
[[  52 1214  273   43]
 [  88  406  328   83]
 [  11  310  400   87]
 [   3   10  136 1281]]
Epoch: [ 3/200], cls_loss: 0.2943, transfer_loss: 0.0019,person_loss: 0.0000, total_Loss: 0.2953
trian begin
trian end
n_person 360
SAMPLE
F1_MI: 0.4694179894179894 F1_MA: 0.48180879705945273 ACC_MI: 0.4694179894179894 F1_MA: 0.48564471574546014
BEST_F1_MI: 0.48613756613756615 BEST_F1_MA: 0.4981925750108504 BEST_ACC_MI: 0.48613756613756615 BEST_F1_MA: 0.5124373910496155
[[  55 1330  145   52]
 [  31  452  314  108]
 [  21  340  337  110]
 [   7   32   17 1374]]
Epoch: [ 4/200], cls_loss: 0.2311, transfer_loss: 0.0019,person_loss: 0.0000, total_Loss: 0.2321
trian begin
trian end
n_person 360
SAMPLE
F1_MI: 0.45925925925925926 F1_MA: 0.4613615577434671 ACC_MI: 0.45925925925925926 F1_MA: 0.45988162236308106
BEST_F1_MI: 0.48613756613756615 BEST_F1_MA: 0.4981925750108504 BEST_ACC_MI: 0.48613756613756615 BEST_F1_MA: 0.5124373910496155
[[  39 1336  155   52]
 [  36  535  232  102]
 [  16  463  222  107]
 [   0   18   38 1374]]
Epoch: [ 5/200], cls_loss: 0.1780, transfer_loss: 0.0026,person_loss: 0.0000, total_Loss: 0.1793
trian begin
trian end
n_person 360
SAMPLE
F1_MI: 0.5684656084656085 F1_MA: 0.5505832373344061 ACC_MI: 0.5684656084656085 F1_MA: 0.5709677833489196
BEST_F1_MI: 0.5684656084656085 BEST_F1_MA: 0.5505832373344061 BEST_ACC_MI: 0.5684656084656085 BEST_F1_MA: 0.5709677833489196
[[ 726  795   14   47]
 [ 311  343  159   92]
 [ 209  207  293   99]
 [   0   96   10 1324]]
Epoch: [ 6/200], cls_loss: 0.1814, transfer_loss: 0.0039,person_loss: 0.0000, total_Loss: 0.1834
trian begin
trian end
n_person 360
SAMPLE
F1_MI: 0.4882539682539683 F1_MA: 0.5207111027560324 ACC_MI: 0.4882539682539683 F1_MA: 0.537063931120748
BEST_F1_MI: 0.5684656084656085 BEST_F1_MA: 0.5505832373344061 BEST_ACC_MI: 0.5684656084656085 BEST_F1_MA: 0.5709677833489196
[[  49 1479    7   47]
 [  49  641  117   98]
 [  25  402  281  100]
 [   2   74   18 1336]]
Epoch: [ 7/200], cls_loss: 0.1585, transfer_loss: 0.0039,person_loss: 0.0000, total_Loss: 0.1605
trian begin
trian end
n_person 360
SAMPLE
F1_MI: 0.4239153439153439 F1_MA: 0.3810522404759434 ACC_MI: 0.4239153439153439 F1_MA: 0.3418132054995918
BEST_F1_MI: 0.5684656084656085 BEST_F1_MA: 0.5505832373344061 BEST_ACC_MI: 0.5684656084656085 BEST_F1_MA: 0.5709677833489196
[[   4 1091  438   49]
 [  20  243  545   97]
 [  14  280  414  100]
 [   9   56   23 1342]]
Epoch: [ 8/200], cls_loss: 0.1650, transfer_loss: 0.0051,person_loss: 0.0000, total_Loss: 0.1676
trian begin
trian end
n_person 360
SAMPLE
F1_MI: 0.5422222222222223 F1_MA: 0.5175187895678768 ACC_MI: 0.5422222222222223 F1_MA: 0.5210898298983895
BEST_F1_MI: 0.5684656084656085 BEST_F1_MA: 0.5505832373344061 BEST_ACC_MI: 0.5684656084656085 BEST_F1_MA: 0.5709677833489196
[[ 556  856  119   51]
 [ 225  351  227  102]
 [ 173  232  296  107]
 [  17    7   47 1359]]
Epoch: [ 9/200], cls_loss: 0.1429, transfer_loss: 0.0018,person_loss: 0.0000, total_Loss: 0.1438
trian begin
trian end
n_person 360
SAMPLE
F1_MI: 0.42455026455026457 F1_MA: 0.4015302361027448 ACC_MI: 0.42455026455026457 F1_MA: 0.3801521998968756
BEST_F1_MI: 0.5684656084656085 BEST_F1_MA: 0.5505832373344061 BEST_ACC_MI: 0.5684656084656085 BEST_F1_MA: 0.5709677833489196
[[  88  378 1068   48]
 [  75   59  677   94]
 [  68  119  522   99]
 [  23   31   39 1337]]
Epoch: [10/200], cls_loss: 0.1301, transfer_loss: 0.0028,person_loss: 0.0000, total_Loss: 0.1315
trian begin
trian end
n_person 360
SAMPLE
F1_MI: 0.5263492063492063 F1_MA: 0.4946737987710484 ACC_MI: 0.5263492063492063 F1_MA: 0.48979844872243994
BEST_F1_MI: 0.5684656084656085 BEST_F1_MA: 0.5505832373344061 BEST_ACC_MI: 0.5684656084656085 BEST_F1_MA: 0.5709677833489196
[[ 505  698  326   53]
 [ 191  195  410  109]
 [ 149  145  398  116]
 [   5   31    5 1389]]
Epoch: [11/200], cls_loss: 0.1173, transfer_loss: 0.0048,person_loss: 0.0000, total_Loss: 0.1197
trian begin
trian end
n_person 360
SAMPLE
F1_MI: 0.46730158730158733 F1_MA: 0.45651014762998465 ACC_MI: 0.46730158730158733 F1_MA: 0.4379526031661942
BEST_F1_MI: 0.5684656084656085 BEST_F1_MA: 0.5505832373344061 BEST_ACC_MI: 0.5684656084656085 BEST_F1_MA: 0.5709677833489196
[[  20 1498   12   52]
 [  40  603  159  103]
 [  88  393  222  105]
 [  14   43   10 1363]]
Epoch: [12/200], cls_loss: 0.1049, transfer_loss: 0.0102,person_loss: 0.0000, total_Loss: 0.1100
trian begin
trian end
n_person 360
SAMPLE
F1_MI: 0.42751322751322746 F1_MA: 0.3818347507079421 ACC_MI: 0.4275132275132275 F1_MA: 0.3414150633741238
BEST_F1_MI: 0.5684656084656085 BEST_F1_MA: 0.5505832373344061 BEST_ACC_MI: 0.5684656084656085 BEST_F1_MA: 0.5709677833489196
[[   1 1364  168   49]
 [   9  360  440   96]
 [  45  340  323  100]
 [  14   49   31 1336]]
Epoch: [13/200], cls_loss: 0.1070, transfer_loss: 0.0104,person_loss: 0.0000, total_Loss: 0.1122
trian begin
trian end
n_person 360
SAMPLE
F1_MI: 0.42687830687830686 F1_MA: 0.39730792176030155 ACC_MI: 0.42687830687830686 F1_MA: 0.3805872035199315
BEST_F1_MI: 0.5684656084656085 BEST_F1_MA: 0.5505832373344061 BEST_ACC_MI: 0.5684656084656085 BEST_F1_MA: 0.5709677833489196
[[ 125  700  705   52]
 [  84  153  564  104]
 [ 186  144  368  110]
 [   2   49    8 1371]]
Epoch: [14/200], cls_loss: 0.1034, transfer_loss: 0.0097,person_loss: 0.0000, total_Loss: 0.1083
trian begin
trian end
n_person 360
SAMPLE
F1_MI: 0.46201058201058204 F1_MA: 0.47157346507059 ACC_MI: 0.46201058201058204 F1_MA: 0.47982326484989324
BEST_F1_MI: 0.5684656084656085 BEST_F1_MA: 0.5505832373344061 BEST_ACC_MI: 0.5684656084656085 BEST_F1_MA: 0.5709677833489196
[[ 110 1228  192   52]
 [  37  342  422  104]
 [  30  304  365  109]
 [  30   28    6 1366]]
Epoch: [15/200], cls_loss: 0.1130, transfer_loss: 0.0082,person_loss: 0.0000, total_Loss: 0.1171
trian begin
trian end
n_person 360
SAMPLE
F1_MI: 0.4651851851851852 F1_MA: 0.44129053561540005 ACC_MI: 0.4651851851851852 F1_MA: 0.414120763573365
BEST_F1_MI: 0.5684656084656085 BEST_F1_MA: 0.5505832373344061 BEST_ACC_MI: 0.5684656084656085 BEST_F1_MA: 0.5709677833489196
[[  17 1443   70   52]
 [  18  580  200  107]
 [  78  397  219  114]
 [   6   36    6 1382]]
Epoch: [16/200], cls_loss: 0.0877, transfer_loss: 0.0061,person_loss: 0.0000, total_Loss: 0.0908
trian begin
trian end
n_person 360
SAMPLE
F1_MI: 0.4757671957671958 F1_MA: 0.4668770923792799 ACC_MI: 0.4757671957671958 F1_MA: 0.4462559784135725
BEST_F1_MI: 0.5684656084656085 BEST_F1_MA: 0.5505832373344061 BEST_ACC_MI: 0.5684656084656085 BEST_F1_MA: 0.5709677833489196
[[  35 1363  132   52]
 [  29  441  328  107]
 [  36  272  389  111]
 [  24   18    5 1383]]
Epoch: [17/200], cls_loss: 0.0856, transfer_loss: 0.0084,person_loss: 0.0000, total_Loss: 0.0898
trian begin
trian end
n_person 360
SAMPLE
F1_MI: 0.44042328042328044 F1_MA: 0.41371776636462126 ACC_MI: 0.44042328042328044 F1_MA: 0.403000424454251
BEST_F1_MI: 0.5684656084656085 BEST_F1_MA: 0.5505832373344061 BEST_ACC_MI: 0.5684656084656085 BEST_F1_MA: 0.5709677833489196
[[ 165 1221  143   53]
 [ 188  254  356  107]
 [ 237  173  284  114]
 [  37   13    2 1378]]
Epoch: [18/200], cls_loss: 0.0800, transfer_loss: 0.0086,person_loss: 0.0000, total_Loss: 0.0843
trian begin
trian end
n_person 360
SAMPLE
F1_MI: 0.4264550264550265 F1_MA: 0.37967295515949717 ACC_MI: 0.4264550264550265 F1_MA: 0.34049843900658083
BEST_F1_MI: 0.5684656084656085 BEST_F1_MA: 0.5505832373344061 BEST_ACC_MI: 0.5684656084656085 BEST_F1_MA: 0.5709677833489196
[[   6 1277  247   52]
 [  49  312  444  100]
 [ 167  200  336  105]
 [  18   47    4 1361]]
Epoch: [19/200], cls_loss: 0.0793, transfer_loss: 0.0082,person_loss: 0.0000, total_Loss: 0.0834
trian begin
trian end
n_person 360
SAMPLE
F1_MI: 0.4541798941798942 F1_MA: 0.4151383180026033 ACC_MI: 0.4541798941798942 F1_MA: 0.37615450624308766
BEST_F1_MI: 0.5684656084656085 BEST_F1_MA: 0.5505832373344061 BEST_ACC_MI: 0.5684656084656085 BEST_F1_MA: 0.5709677833489196
[[   9 1355  166   52]
 [  33  411  355  106]
 [  58  295  345  110]
 [  25   23    1 1381]]
Epoch: [20/200], cls_loss: 0.0797, transfer_loss: 0.0095,person_loss: 0.0000, total_Loss: 0.0844
trian begin
trian end
n_person 360
SAMPLE
F1_MI: 0.42497354497354495 F1_MA: 0.4072770252618813 ACC_MI: 0.42497354497354495 F1_MA: 0.3987370380233156
BEST_F1_MI: 0.5684656084656085 BEST_F1_MA: 0.5505832373344061 BEST_ACC_MI: 0.5684656084656085 BEST_F1_MA: 0.5709677833489196
[[  73 1205  252   52]
 [  49  320  434  102]
 [  75  374  252  107]
 [  28   26   13 1363]]
Epoch: [21/200], cls_loss: 0.0760, transfer_loss: 0.0074,person_loss: 0.0000, total_Loss: 0.0796
trian begin
trian end
n_person 360
SAMPLE
F1_MI: 0.44232804232804235 F1_MA: 0.4185331845649868 ACC_MI: 0.44232804232804235 F1_MA: 0.3934710442910787
BEST_F1_MI: 0.5684656084656085 BEST_F1_MA: 0.5505832373344061 BEST_ACC_MI: 0.5684656084656085 BEST_F1_MA: 0.5709677833489196
[[  76  889  565   52]
 [  37  130  634  104]
 [  92   93  518  105]
 [  33   25    6 1366]]
Epoch: [22/200], cls_loss: 0.0668, transfer_loss: 0.0081,person_loss: 0.0000, total_Loss: 0.0709
trian begin
trian end
n_person 360
SAMPLE
F1_MI: 0.47703703703703704 F1_MA: 0.475371353301951 ACC_MI: 0.47703703703703704 F1_MA: 0.46648140456938514
BEST_F1_MI: 0.5684656084656085 BEST_F1_MA: 0.5505832373344061 BEST_ACC_MI: 0.5684656084656085 BEST_F1_MA: 0.5709677833489196
[[ 110 1232  188   52]
 [  69  367  365  104]
 [  72  219  410  107]
 [  19   35    9 1367]]
Epoch: [23/200], cls_loss: 0.0666, transfer_loss: 0.0075,person_loss: 0.0000, total_Loss: 0.0703
trian begin
trian end
n_person 360
SAMPLE
F1_MI: 0.4778835978835979 F1_MA: 0.46864461619894415 ACC_MI: 0.4778835978835979 F1_MA: 0.45905965662863013
BEST_F1_MI: 0.5684656084656085 BEST_F1_MA: 0.5505832373344061 BEST_ACC_MI: 0.5684656084656085 BEST_F1_MA: 0.5709677833489196
[[ 165 1174  191   52]
 [  81  317  404  103]
 [ 116  179  405  108]
 [  45    9    5 1371]]
Epoch: [24/200], cls_loss: 0.0616, transfer_loss: 0.0066,person_loss: 0.0000, total_Loss: 0.0649
trian begin
trian end
n_person 360
SAMPLE
F1_MI: 0.42497354497354495 F1_MA: 0.3913189160413493 ACC_MI: 0.42497354497354495 F1_MA: 0.36611416570857613
BEST_F1_MI: 0.5684656084656085 BEST_F1_MA: 0.5505832373344061 BEST_ACC_MI: 0.5684656084656085 BEST_F1_MA: 0.5709677833489196
[[  71 1105  354   52]
 [  45  227  533  100]
 [ 226  127  352  103]
 [  35   24   13 1358]]
Epoch: [25/200], cls_loss: 0.0599, transfer_loss: 0.0067,person_loss: 0.0000, total_Loss: 0.0632
trian begin
trian end
n_person 360
SAMPLE
F1_MI: 0.44486772486772486 F1_MA: 0.39243456402738147 ACC_MI: 0.44486772486772486 F1_MA: 0.34605181252074363
BEST_F1_MI: 0.5684656084656085 BEST_F1_MA: 0.5505832373344061 BEST_ACC_MI: 0.5684656084656085 BEST_F1_MA: 0.5709677833489196
[[   5 1220  304   53]
 [  13  311  471  110]
 [ 106  179  403  120]
 [  21   17    9 1383]]
Epoch: [26/200], cls_loss: 0.0665, transfer_loss: 0.0069,person_loss: 0.0000, total_Loss: 0.0700
trian begin
trian end
n_person 360
SAMPLE
F1_MI: 0.45544973544973544 F1_MA: 0.4482127508643364 ACC_MI: 0.45544973544973544 F1_MA: 0.44061078748552607
BEST_F1_MI: 0.5684656084656085 BEST_F1_MA: 0.5505832373344061 BEST_ACC_MI: 0.5684656084656085 BEST_F1_MA: 0.5709677833489196
[[ 121 1131  277   53]
 [  22  205  576  102]
 [  96  148  454  110]
 [  33    3   22 1372]]
Epoch: [27/200], cls_loss: 0.0513, transfer_loss: 0.0061,person_loss: 0.0000, total_Loss: 0.0543
trian begin
trian end
n_person 360
SAMPLE
F1_MI: 0.4273015873015873 F1_MA: 0.39542574075203024 ACC_MI: 0.4273015873015873 F1_MA: 0.3701072424500015
BEST_F1_MI: 0.5684656084656085 BEST_F1_MA: 0.5505832373344061 BEST_ACC_MI: 0.5684656084656085 BEST_F1_MA: 0.5709677833489196
[[  59  966  503   54]
 [  11  160  623  111]
 [ 136  134  418  120]
 [  24   18    6 1382]]
Epoch: [28/200], cls_loss: 0.0653, transfer_loss: 0.0066,person_loss: 0.0000, total_Loss: 0.0686
trian begin
trian end
n_person 360
SAMPLE
F1_MI: 0.4740740740740741 F1_MA: 0.48138750549742226 ACC_MI: 0.4740740740740741 F1_MA: 0.47691810849577954
BEST_F1_MI: 0.5684656084656085 BEST_F1_MA: 0.5505832373344061 BEST_ACC_MI: 0.5684656084656085 BEST_F1_MA: 0.5709677833489196
[[ 102 1143  285   52]
 [  16  257  531  101]
 [  48  134  520  106]
 [  31   22   16 1361]]
Epoch: [29/200], cls_loss: 0.0556, transfer_loss: 0.0063,person_loss: 0.0000, total_Loss: 0.0588
trian begin
trian end
n_person 360
SAMPLE
F1_MI: 0.4924867724867725 F1_MA: 0.4974450281090957 ACC_MI: 0.4924867724867725 F1_MA: 0.48996273916474997
BEST_F1_MI: 0.5684656084656085 BEST_F1_MA: 0.5505832373344061 BEST_ACC_MI: 0.5684656084656085 BEST_F1_MA: 0.5709677833489196
[[ 129 1257  145   51]
 [  62  439  303  101]
 [  66  224  416  102]
 [  45   10   32 1343]]
Epoch: [30/200], cls_loss: 0.0511, transfer_loss: 0.0052,person_loss: 0.0000, total_Loss: 0.0537
trian begin
trian end
n_person 360
SAMPLE
F1_MI: 0.47703703703703704 F1_MA: 0.46649815619296864 ACC_MI: 0.47703703703703704 F1_MA: 0.4529419987006589
BEST_F1_MI: 0.5684656084656085 BEST_F1_MA: 0.5505832373344061 BEST_ACC_MI: 0.5684656084656085 BEST_F1_MA: 0.5709677833489196
[[ 141 1314   77   50]
 [  74  439  294   98]
 [ 230  144  332  102]
 [   8    5   75 1342]]
Epoch: [31/200], cls_loss: 0.0377, transfer_loss: 0.0048,person_loss: 0.0000, total_Loss: 0.0401
trian begin
trian end
n_person 360
SAMPLE
F1_MI: 0.4713227513227513 F1_MA: 0.46378454186878837 ACC_MI: 0.4713227513227513 F1_MA: 0.45846914384651616
BEST_F1_MI: 0.5684656084656085 BEST_F1_MA: 0.5505832373344061 BEST_ACC_MI: 0.5684656084656085 BEST_F1_MA: 0.5709677833489196
[[ 145 1216  168   53]
 [  34  338  425  108]
 [ 139  195  357  117]
 [  12   16   15 1387]]
Epoch: [32/200], cls_loss: 0.0545, transfer_loss: 0.0067,person_loss: 0.0000, total_Loss: 0.0579
trian begin
trian end
n_person 360
SAMPLE
F1_MI: 0.45650793650793653 F1_MA: 0.4555140617421194 ACC_MI: 0.45650793650793653 F1_MA: 0.4379954558030975
BEST_F1_MI: 0.5684656084656085 BEST_F1_MA: 0.5505832373344061 BEST_ACC_MI: 0.5684656084656085 BEST_F1_MA: 0.5709677833489196
[[  16 1297  218   51]
 [   5  261  538  101]
 [   7  169  529  103]
 [  17   52   10 1351]]
Epoch: [33/200], cls_loss: 0.0502, transfer_loss: 0.0069,person_loss: 0.0000, total_Loss: 0.0537
trian begin
trian end
n_person 360
SAMPLE
F1_MI: 0.4491005291005291 F1_MA: 0.43849934369678706 ACC_MI: 0.4491005291005291 F1_MA: 0.4198292827090981
BEST_F1_MI: 0.5684656084656085 BEST_F1_MA: 0.5505832373344061 BEST_ACC_MI: 0.5684656084656085 BEST_F1_MA: 0.5709677833489196
[[  74 1236  221   51]
 [  37  233  541   94]
 [  57  165  487   99]
 [  74   22    6 1328]]
Epoch: [34/200], cls_loss: 0.0512, transfer_loss: 0.0058,person_loss: 0.0000, total_Loss: 0.0541
trian begin
trian end
n_person 360
SAMPLE
F1_MI: 0.44846560846560846 F1_MA: 0.42887700439275 ACC_MI: 0.44846560846560846 F1_MA: 0.4132094268378218
BEST_F1_MI: 0.5684656084656085 BEST_F1_MA: 0.5505832373344061 BEST_ACC_MI: 0.5684656084656085 BEST_F1_MA: 0.5709677833489196
[[ 126 1095  308   53]
 [  44  189  568  104]
 [ 146  118  433  111]
 [  41   15    3 1371]]
Epoch: [35/200], cls_loss: 0.0443, transfer_loss: 0.0051,person_loss: 0.0000, total_Loss: 0.0469
trian begin
trian end
n_person 360
SAMPLE
F1_MI: 0.4933333333333334 F1_MA: 0.48172437545825136 ACC_MI: 0.49333333333333335 F1_MA: 0.45074293176087865
BEST_F1_MI: 0.5684656084656085 BEST_F1_MA: 0.5505832373344061 BEST_ACC_MI: 0.5684656084656085 BEST_F1_MA: 0.5709677833489196
[[  29 1415   85   53]
 [   6  405  388  106]
 [  58  124  514  112]
 [  26   12    9 1383]]
Epoch: [36/200], cls_loss: 0.0429, transfer_loss: 0.0053,person_loss: 0.0000, total_Loss: 0.0456
trian begin
trian end
n_person 360
SAMPLE
F1_MI: 0.4438095238095238 F1_MA: 0.4205666292938251 ACC_MI: 0.4438095238095238 F1_MA: 0.3946009722033399
BEST_F1_MI: 0.5684656084656085 BEST_F1_MA: 0.5505832373344061 BEST_ACC_MI: 0.5684656084656085 BEST_F1_MA: 0.5709677833489196
[[  37 1292  201   52]
 [  17  257  525  106]
 [  61  199  432  116]
 [  48    6    5 1371]]
Epoch: [37/200], cls_loss: 0.0471, transfer_loss: 0.0065,person_loss: 0.0000, total_Loss: 0.0504
trian begin
trian end
n_person 360
SAMPLE
F1_MI: 0.4146031746031746 F1_MA: 0.3703468658561733 ACC_MI: 0.4146031746031746 F1_MA: 0.3364747015496178
BEST_F1_MI: 0.5684656084656085 BEST_F1_MA: 0.5505832373344061 BEST_ACC_MI: 0.5684656084656085 BEST_F1_MA: 0.5709677833489196
[[  18 1168  343   53]
 [  10  230  556  109]
 [ 117  235  344  112]
 [  38   18    7 1367]]
Epoch: [38/200], cls_loss: 0.0443, transfer_loss: 0.0056,person_loss: 0.0000, total_Loss: 0.0471
trian begin
trian end
n_person 360
SAMPLE
F1_MI: 0.44105820105820104 F1_MA: 0.4282339909477157 ACC_MI: 0.44105820105820104 F1_MA: 0.41195279611326063
BEST_F1_MI: 0.5684656084656085 BEST_F1_MA: 0.5505832373344061 BEST_ACC_MI: 0.5684656084656085 BEST_F1_MA: 0.5709677833489196
[[  48  888  592   54]
 [  11  131  654  109]
 [  37  140  513  118]
 [  20    4   14 1392]]
Epoch: [39/200], cls_loss: 0.0393, transfer_loss: 0.0063,person_loss: 0.0000, total_Loss: 0.0424
trian begin
trian end
n_person 360
SAMPLE
F1_MI: 0.46814814814814815 F1_MA: 0.4661837467222908 ACC_MI: 0.46814814814814815 F1_MA: 0.4558733157349386
BEST_F1_MI: 0.5684656084656085 BEST_F1_MA: 0.5505832373344061 BEST_ACC_MI: 0.5684656084656085 BEST_F1_MA: 0.5709677833489196
[[  94 1199  237   52]
 [  16  319  466  104]
 [  72  187  442  107]
 [  43   22    8 1357]]
Epoch: [40/200], cls_loss: 0.0379, transfer_loss: 0.0052,person_loss: 0.0000, total_Loss: 0.0404
trian begin
trian end
n_person 360
SAMPLE
F1_MI: 0.40317460317460313 F1_MA: 0.3526422809021494 ACC_MI: 0.4031746031746032 F1_MA: 0.32250611195980866
BEST_F1_MI: 0.5684656084656085 BEST_F1_MA: 0.5505832373344061 BEST_ACC_MI: 0.5684656084656085 BEST_F1_MA: 0.5709677833489196
[[  23 1132  372   55]
 [  25  237  532  111]
 [ 144  300  240  124]
 [  16    4    5 1405]]
Epoch: [41/200], cls_loss: 0.0446, transfer_loss: 0.0048,person_loss: 0.0000, total_Loss: 0.0470
trian begin
trian end
n_person 360
SAMPLE
F1_MI: 0.44994708994709 F1_MA: 0.42356067189045443 ACC_MI: 0.44994708994708993 F1_MA: 0.3988699000556345
BEST_F1_MI: 0.5684656084656085 BEST_F1_MA: 0.5505832373344061 BEST_ACC_MI: 0.5684656084656085 BEST_F1_MA: 0.5709677833489196
[[  64 1294  171   53]
 [  36  328  432  109]
 [ 168  174  354  112]
 [  34   10    6 1380]]
Epoch: [42/200], cls_loss: 0.0422, transfer_loss: 0.0060,person_loss: 0.0000, total_Loss: 0.0452
trian begin
trian end
n_person 360
SAMPLE
F1_MI: 0.413968253968254 F1_MA: 0.35921854826452476 ACC_MI: 0.413968253968254 F1_MA: 0.31839796796349285
BEST_F1_MI: 0.5684656084656085 BEST_F1_MA: 0.5505832373344061 BEST_ACC_MI: 0.5684656084656085 BEST_F1_MA: 0.5709677833489196
[[   4 1176  349   53]
 [   8  218  574  105]
 [ 126  215  357  110]
 [  13   32    8 1377]]
Epoch: [43/200], cls_loss: 0.0404, transfer_loss: 0.0054,person_loss: 0.0000, total_Loss: 0.0431
trian begin
trian end
n_person 360
SAMPLE
F1_MI: 0.3978835978835979 F1_MA: 0.3419978903340982 ACC_MI: 0.3978835978835979 F1_MA: 0.3042677981614127
BEST_F1_MI: 0.5684656084656085 BEST_F1_MA: 0.5505832373344061 BEST_ACC_MI: 0.5684656084656085 BEST_F1_MA: 0.5709677833489196
[[  15  516  998   53]
 [  18  103  678  106]
 [ 186  125  383  114]
 [  15   34    2 1379]]
Epoch: [44/200], cls_loss: 0.0380, transfer_loss: 0.0049,person_loss: 0.0000, total_Loss: 0.0404
trian begin
trian end
n_person 360
SAMPLE
F1_MI: 0.4006349206349206 F1_MA: 0.35429742453352214 ACC_MI: 0.4006349206349206 F1_MA: 0.3220953667507868
BEST_F1_MI: 0.5684656084656085 BEST_F1_MA: 0.5505832373344061 BEST_ACC_MI: 0.5684656084656085 BEST_F1_MA: 0.5709677833489196
[[  13 1267  251   51]
 [  46  233  530   96]
 [ 257  157  292  102]
 [  43   16   16 1355]]
Epoch: [45/200], cls_loss: 0.0491, transfer_loss: 0.0058,person_loss: 0.0000, total_Loss: 0.0520
trian begin
trian end
n_person 360
SAMPLE
F1_MI: 0.3896296296296296 F1_MA: 0.3276823888227823 ACC_MI: 0.3896296296296296 F1_MA: 0.2888129575264714
BEST_F1_MI: 0.5684656084656085 BEST_F1_MA: 0.5505832373344061 BEST_ACC_MI: 0.5684656084656085 BEST_F1_MA: 0.5709677833489196
[[   2  994  533   53]
 [  12  129  657  107]
 [ 246  122  325  115]
 [   4   16   25 1385]]
Epoch: [46/200], cls_loss: 0.0343, transfer_loss: 0.0052,person_loss: 0.0000, total_Loss: 0.0369
trian begin
trian end
n_person 360
SAMPLE
F1_MI: 0.36634920634920637 F1_MA: 0.32181916708961933 ACC_MI: 0.36634920634920637 F1_MA: 0.3080017000643688
BEST_F1_MI: 0.5684656084656085 BEST_F1_MA: 0.5505832373344061 BEST_ACC_MI: 0.5684656084656085 BEST_F1_MA: 0.5709677833489196
[[  88  695  746   53]
 [  62   53  688  102]
 [ 249  229  226  104]
 [  34   21   11 1364]]
Epoch: [47/200], cls_loss: 0.0339, transfer_loss: 0.0043,person_loss: 0.0000, total_Loss: 0.0360
trian begin
trian end
n_person 360
SAMPLE
F1_MI: 0.40592592592592597 F1_MA: 0.3613910646967665 ACC_MI: 0.4059259259259259 F1_MA: 0.332371029414137
BEST_F1_MI: 0.5684656084656085 BEST_F1_MA: 0.5505832373344061 BEST_ACC_MI: 0.5684656084656085 BEST_F1_MA: 0.5709677833489196
[[  47  929  554   52]
 [  20  144  634  107]
 [ 234  117  348  109]
 [  15   25   11 1379]]
Epoch: [48/200], cls_loss: 0.0326, transfer_loss: 0.0044,person_loss: 0.0000, total_Loss: 0.0348
trian begin
trian end
n_person 360
SAMPLE
F1_MI: 0.4175661375661376 F1_MA: 0.3940059810112 ACC_MI: 0.4175661375661376 F1_MA: 0.3890906903641215
BEST_F1_MI: 0.5684656084656085 BEST_F1_MA: 0.5505832373344061 BEST_ACC_MI: 0.5684656084656085 BEST_F1_MA: 0.5709677833489196
[[ 125  964  440   53]
 [  25  200  571  109]
 [ 168  263  267  110]
 [  15   30    4 1381]]
Epoch: [49/200], cls_loss: 0.0320, transfer_loss: 0.0059,person_loss: 0.0000, total_Loss: 0.0349
trian begin
trian end
n_person 360
SAMPLE
F1_MI: 0.43386243386243384 F1_MA: 0.39815218661709834 ACC_MI: 0.43386243386243384 F1_MA: 0.3648347483801174
BEST_F1_MI: 0.5684656084656085 BEST_F1_MA: 0.5505832373344061 BEST_ACC_MI: 0.5684656084656085 BEST_F1_MA: 0.5709677833489196
[[  27 1173  330   52]
 [  21  247  534  103]
 [  96  194  410  108]
 [  35   15   14 1366]]
Epoch: [50/200], cls_loss: 0.0367, transfer_loss: 0.0046,person_loss: 0.0000, total_Loss: 0.0390
trian begin
trian end
n_person 360
SAMPLE
F1_MI: 0.43343915343915346 F1_MA: 0.4072963658414827 ACC_MI: 0.43343915343915346 F1_MA: 0.3987816749718531
BEST_F1_MI: 0.5684656084656085 BEST_F1_MA: 0.5505832373344061 BEST_ACC_MI: 0.5684656084656085 BEST_F1_MA: 0.5709677833489196
[[ 146 1115  268   53]
 [  80  275  443  107]
 [ 172  277  243  116]
 [  26   16    4 1384]]
Epoch: [51/200], cls_loss: 0.0324, transfer_loss: 0.0043,person_loss: 0.0000, total_Loss: 0.0346
trian begin
trian end
n_person 360
SAMPLE
F1_MI: 0.47703703703703704 F1_MA: 0.48067172472636416 ACC_MI: 0.47703703703703704 F1_MA: 0.48073680687960896
BEST_F1_MI: 0.5684656084656085 BEST_F1_MA: 0.5505832373344061 BEST_ACC_MI: 0.5684656084656085 BEST_F1_MA: 0.5709677833489196
[[ 121 1253  157   51]
 [  48  409  345  103]
 [  49  302  350  107]
 [  42   13    1 1374]]
Epoch: [52/200], cls_loss: 0.0348, transfer_loss: 0.0055,person_loss: 0.0000, total_Loss: 0.0376
trian begin
trian end
n_person 360
SAMPLE
F1_MI: 0.42793650793650795 F1_MA: 0.3997635760694801 ACC_MI: 0.42793650793650795 F1_MA: 0.381141342042001
BEST_F1_MI: 0.5684656084656085 BEST_F1_MA: 0.5505832373344061 BEST_ACC_MI: 0.5684656084656085 BEST_F1_MA: 0.5709677833489196
[[  81  960  488   53]
 [  15  205  574  111]
 [ 158  182  352  116]
 [  21   24    1 1384]]
Epoch: [53/200], cls_loss: 0.0349, transfer_loss: 0.0044,person_loss: 0.0000, total_Loss: 0.0370
trian begin
trian end
n_person 360
SAMPLE
F1_MI: 0.4296296296296296 F1_MA: 0.39595896574902845 ACC_MI: 0.42962962962962964 F1_MA: 0.3713787245215825
BEST_F1_MI: 0.5684656084656085 BEST_F1_MA: 0.5505832373344061 BEST_ACC_MI: 0.5684656084656085 BEST_F1_MA: 0.5709677833489196
[[  78 1173  279   52]
 [  68  319  418  100]
 [ 292  131  283  102]
 [  32   38   10 1350]]
Epoch: [54/200], cls_loss: 0.0246, transfer_loss: 0.0032,person_loss: 0.0000, total_Loss: 0.0262
trian begin
trian end
n_person 360
SAMPLE
F1_MI: 0.4211640211640212 F1_MA: 0.38121447434690303 ACC_MI: 0.4211640211640212 F1_MA: 0.36128984407414827
BEST_F1_MI: 0.5684656084656085 BEST_F1_MA: 0.5505832373344061 BEST_ACC_MI: 0.5684656084656085 BEST_F1_MA: 0.5709677833489196
[[ 131 1013  384   54]
 [ 125  198  474  108]
 [ 337   78  280  113]
 [   6   21   22 1381]]
Epoch: [55/200], cls_loss: 0.0253, transfer_loss: 0.0038,person_loss: 0.0000, total_Loss: 0.0272
trian begin
trian end
n_person 360
SAMPLE
F1_MI: 0.4344973544973545 F1_MA: 0.3986347698532252 ACC_MI: 0.4344973544973545 F1_MA: 0.36495064925422105
BEST_F1_MI: 0.5684656084656085 BEST_F1_MA: 0.5505832373344061 BEST_ACC_MI: 0.5684656084656085 BEST_F1_MA: 0.5709677833489196
[[  43 1106  382   51]
 [  95  261  451   98]
 [ 167  133  405  103]
 [  42   28   16 1344]]
Epoch: [56/200], cls_loss: 0.0271, transfer_loss: 0.0049,person_loss: 0.0000, total_Loss: 0.0295
[[ 726  795   14   47]
 [ 311  343  159   92]
 [ 209  207  293   99]
 [   0   96   10 1324]]
[[ 726  795   14   47]
 [ 311  343  159   92]
 [ 209  207  293   99]
 [   0   96   10 1324]]
WHAT: False
{'best_f1': 0.5505832373344061, 'best_matrix': [[726, 795, 14, 47], [311, 343, 159, 92], [209, 207, 293, 99], [0, 96, 10, 1324]], 'args': 0.1}
{"best_f1": 0.5505832373344061, "best_matrix": [[726, 795, 14, 47], [311, 343, 159, 92], [209, 207, 293, 99], [0, 96, 10, 1324]], "args": 0.1}
ARG: Namespace(backbone='resnet50', batch_size=32, config='DSAN/DSAN.yaml', data_dir='data', device=device(type='cuda'), early_stop=50, epoch_based_training=False, lr=0.003, lr_decay=0.75, lr_gamma=0.0003, lr_scheduler=True, max_iter=40000, method='False', momentum=0.9, myweight=0.1, n_class=4, n_epoch=200, n_iter_per_epoch=200, num_workers=3, seed=2, src_domain='WISDM', tgt_domain='PAMAP2', tname='transfer', transfer_loss='lmmd', transfer_loss_weight=0.5, use_bottleneck=True, weight_decay=0.0005)
