nohup: ignoring input
mmd 2022 WISDM UCI DAN/DAN.yaml
Namespace(backbone='resnet50', batch_size=32, config='DAN/DAN.yaml', data_dir='data', device=device(type='cuda'), early_stop=50, epoch_based_training=False, lr=0.003, lr_decay=0.75, lr_gamma=0.0003, lr_scheduler=True, momentum=0.9, n_epoch=200, n_iter_per_epoch=100, num_workers=3, seed=2022, src_domain='WISDM', tgt_domain='UCI', tname='transfer', transfer_loss='mmd', transfer_loss_weight=0.5, use_bottleneck=True, weight_decay=0.0005)
JUST DO IT
run my Parkinson code
transfer
TRAIN Length: 13609 322 TEST Length: 3369 615
DATA_PROFILE   train: 13609 train2: 3369 test: 3369
DATASET.SHAPE: <data_loader.GetLoader object at 0x7fb0525245e0> True
DATASET.SHAPE: <data_loader.GetLoader object at 0x7fb049f7aa30> True
DATASET.SHAPE: <data_loader.GetLoader object at 0x7fb04a0c25b0> False
CLASS: 4 615
LLL: {}
BOTTLENECK_LIST: [Linear(in_features=512, out_features=256, bias=True), ReLU()]
TYPE: {'loss_type': 'mmd', 'max_iter': 20000, 'num_class': 4, 'my_person_item': <my_person_item.PersonItem object at 0x7fb049f72730>}
TransferNet(
  (base_network): ResNet(
    (conv1): Conv1d(3, 64, kernel_size=(3,), stride=(2,), padding=(1,), bias=False)
    (bn1): BatchNorm1d(64, eps=1e-05, momentum=0.1, affine=True, track_running_stats=True)
    (relu): ReLU(inplace=True)
    (maxpool): MaxPool1d(kernel_size=3, stride=2, padding=1, dilation=1, ceil_mode=False)
    (layer1): Sequential(
      (0): BasicBlock(
        (conv1): Conv1d(64, 64, kernel_size=(7,), stride=(1,), padding=(3,), bias=False)
        (bn1): BatchNorm1d(64, eps=1e-05, momentum=0.1, affine=True, track_running_stats=True)
        (relu): ReLU(inplace=True)
        (conv2): Conv1d(64, 64, kernel_size=(7,), stride=(1,), padding=(3,), bias=False)
        (bn2): BatchNorm1d(64, eps=1e-05, momentum=0.1, affine=True, track_running_stats=True)
        (dropout): Dropout(p=0.2, inplace=False)
      )
      (1): BasicBlock(
        (conv1): Conv1d(64, 64, kernel_size=(7,), stride=(1,), padding=(3,), bias=False)
        (bn1): BatchNorm1d(64, eps=1e-05, momentum=0.1, affine=True, track_running_stats=True)
        (relu): ReLU(inplace=True)
        (conv2): Conv1d(64, 64, kernel_size=(7,), stride=(1,), padding=(3,), bias=False)
        (bn2): BatchNorm1d(64, eps=1e-05, momentum=0.1, affine=True, track_running_stats=True)
        (dropout): Dropout(p=0.2, inplace=False)
      )
      (2): BasicBlock(
        (conv1): Conv1d(64, 64, kernel_size=(7,), stride=(1,), padding=(3,), bias=False)
        (bn1): BatchNorm1d(64, eps=1e-05, momentum=0.1, affine=True, track_running_stats=True)
        (relu): ReLU(inplace=True)
        (conv2): Conv1d(64, 64, kernel_size=(7,), stride=(1,), padding=(3,), bias=False)
        (bn2): BatchNorm1d(64, eps=1e-05, momentum=0.1, affine=True, track_running_stats=True)
        (dropout): Dropout(p=0.2, inplace=False)
      )
    )
    (layer2): Sequential(
      (0): BasicBlock(
        (conv1): Conv1d(64, 128, kernel_size=(7,), stride=(2,), padding=(3,), bias=False)
        (bn1): BatchNorm1d(128, eps=1e-05, momentum=0.1, affine=True, track_running_stats=True)
        (relu): ReLU(inplace=True)
        (conv2): Conv1d(128, 128, kernel_size=(7,), stride=(1,), padding=(3,), bias=False)
        (bn2): BatchNorm1d(128, eps=1e-05, momentum=0.1, affine=True, track_running_stats=True)
        (downsample): Sequential(
          (0): Conv1d(64, 128, kernel_size=(1,), stride=(2,), bias=False)
          (1): BatchNorm1d(128, eps=1e-05, momentum=0.1, affine=True, track_running_stats=True)
        )
        (dropout): Dropout(p=0.2, inplace=False)
      )
      (1): BasicBlock(
        (conv1): Conv1d(128, 128, kernel_size=(7,), stride=(1,), padding=(3,), bias=False)
        (bn1): BatchNorm1d(128, eps=1e-05, momentum=0.1, affine=True, track_running_stats=True)
        (relu): ReLU(inplace=True)
        (conv2): Conv1d(128, 128, kernel_size=(7,), stride=(1,), padding=(3,), bias=False)
        (bn2): BatchNorm1d(128, eps=1e-05, momentum=0.1, affine=True, track_running_stats=True)
        (dropout): Dropout(p=0.2, inplace=False)
      )
      (2): BasicBlock(
        (conv1): Conv1d(128, 128, kernel_size=(7,), stride=(1,), padding=(3,), bias=False)
        (bn1): BatchNorm1d(128, eps=1e-05, momentum=0.1, affine=True, track_running_stats=True)
        (relu): ReLU(inplace=True)
        (conv2): Conv1d(128, 128, kernel_size=(7,), stride=(1,), padding=(3,), bias=False)
        (bn2): BatchNorm1d(128, eps=1e-05, momentum=0.1, affine=True, track_running_stats=True)
        (dropout): Dropout(p=0.2, inplace=False)
      )
      (3): BasicBlock(
        (conv1): Conv1d(128, 128, kernel_size=(7,), stride=(1,), padding=(3,), bias=False)
        (bn1): BatchNorm1d(128, eps=1e-05, momentum=0.1, affine=True, track_running_stats=True)
        (relu): ReLU(inplace=True)
        (conv2): Conv1d(128, 128, kernel_size=(7,), stride=(1,), padding=(3,), bias=False)
        (bn2): BatchNorm1d(128, eps=1e-05, momentum=0.1, affine=True, track_running_stats=True)
        (dropout): Dropout(p=0.2, inplace=False)
      )
    )
    (layer3): Sequential(
      (0): BasicBlock(
        (conv1): Conv1d(128, 256, kernel_size=(7,), stride=(2,), padding=(3,), bias=False)
        (bn1): BatchNorm1d(256, eps=1e-05, momentum=0.1, affine=True, track_running_stats=True)
        (relu): ReLU(inplace=True)
        (conv2): Conv1d(256, 256, kernel_size=(7,), stride=(1,), padding=(3,), bias=False)
        (bn2): BatchNorm1d(256, eps=1e-05, momentum=0.1, affine=True, track_running_stats=True)
        (downsample): Sequential(
          (0): Conv1d(128, 256, kernel_size=(1,), stride=(2,), bias=False)
          (1): BatchNorm1d(256, eps=1e-05, momentum=0.1, affine=True, track_running_stats=True)
        )
        (dropout): Dropout(p=0.2, inplace=False)
      )
      (1): BasicBlock(
        (conv1): Conv1d(256, 256, kernel_size=(7,), stride=(1,), padding=(3,), bias=False)
        (bn1): BatchNorm1d(256, eps=1e-05, momentum=0.1, affine=True, track_running_stats=True)
        (relu): ReLU(inplace=True)
        (conv2): Conv1d(256, 256, kernel_size=(7,), stride=(1,), padding=(3,), bias=False)
        (bn2): BatchNorm1d(256, eps=1e-05, momentum=0.1, affine=True, track_running_stats=True)
        (dropout): Dropout(p=0.2, inplace=False)
      )
      (2): BasicBlock(
        (conv1): Conv1d(256, 256, kernel_size=(7,), stride=(1,), padding=(3,), bias=False)
        (bn1): BatchNorm1d(256, eps=1e-05, momentum=0.1, affine=True, track_running_stats=True)
        (relu): ReLU(inplace=True)
        (conv2): Conv1d(256, 256, kernel_size=(7,), stride=(1,), padding=(3,), bias=False)
        (bn2): BatchNorm1d(256, eps=1e-05, momentum=0.1, affine=True, track_running_stats=True)
        (dropout): Dropout(p=0.2, inplace=False)
      )
      (3): BasicBlock(
        (conv1): Conv1d(256, 256, kernel_size=(7,), stride=(1,), padding=(3,), bias=False)
        (bn1): BatchNorm1d(256, eps=1e-05, momentum=0.1, affine=True, track_running_stats=True)
        (relu): ReLU(inplace=True)
        (conv2): Conv1d(256, 256, kernel_size=(7,), stride=(1,), padding=(3,), bias=False)
        (bn2): BatchNorm1d(256, eps=1e-05, momentum=0.1, affine=True, track_running_stats=True)
        (dropout): Dropout(p=0.2, inplace=False)
      )
      (4): BasicBlock(
        (conv1): Conv1d(256, 256, kernel_size=(7,), stride=(1,), padding=(3,), bias=False)
        (bn1): BatchNorm1d(256, eps=1e-05, momentum=0.1, affine=True, track_running_stats=True)
        (relu): ReLU(inplace=True)
        (conv2): Conv1d(256, 256, kernel_size=(7,), stride=(1,), padding=(3,), bias=False)
        (bn2): BatchNorm1d(256, eps=1e-05, momentum=0.1, affine=True, track_running_stats=True)
        (dropout): Dropout(p=0.2, inplace=False)
      )
      (5): BasicBlock(
        (conv1): Conv1d(256, 256, kernel_size=(7,), stride=(1,), padding=(3,), bias=False)
        (bn1): BatchNorm1d(256, eps=1e-05, momentum=0.1, affine=True, track_running_stats=True)
        (relu): ReLU(inplace=True)
        (conv2): Conv1d(256, 256, kernel_size=(7,), stride=(1,), padding=(3,), bias=False)
        (bn2): BatchNorm1d(256, eps=1e-05, momentum=0.1, affine=True, track_running_stats=True)
        (dropout): Dropout(p=0.2, inplace=False)
      )
    )
    (layer4): Sequential(
      (0): BasicBlock(
        (conv1): Conv1d(256, 512, kernel_size=(7,), stride=(2,), padding=(3,), bias=False)
        (bn1): BatchNorm1d(512, eps=1e-05, momentum=0.1, affine=True, track_running_stats=True)
        (relu): ReLU(inplace=True)
        (conv2): Conv1d(512, 512, kernel_size=(7,), stride=(1,), padding=(3,), bias=False)
        (bn2): BatchNorm1d(512, eps=1e-05, momentum=0.1, affine=True, track_running_stats=True)
        (downsample): Sequential(
          (0): Conv1d(256, 512, kernel_size=(1,), stride=(2,), bias=False)
          (1): BatchNorm1d(512, eps=1e-05, momentum=0.1, affine=True, track_running_stats=True)
        )
        (dropout): Dropout(p=0.2, inplace=False)
      )
      (1): BasicBlock(
        (conv1): Conv1d(512, 512, kernel_size=(7,), stride=(1,), padding=(3,), bias=False)
        (bn1): BatchNorm1d(512, eps=1e-05, momentum=0.1, affine=True, track_running_stats=True)
        (relu): ReLU(inplace=True)
        (conv2): Conv1d(512, 512, kernel_size=(7,), stride=(1,), padding=(3,), bias=False)
        (bn2): BatchNorm1d(512, eps=1e-05, momentum=0.1, affine=True, track_running_stats=True)
        (dropout): Dropout(p=0.2, inplace=False)
      )
      (2): BasicBlock(
        (conv1): Conv1d(512, 512, kernel_size=(7,), stride=(1,), padding=(3,), bias=False)
        (bn1): BatchNorm1d(512, eps=1e-05, momentum=0.1, affine=True, track_running_stats=True)
        (relu): ReLU(inplace=True)
        (conv2): Conv1d(512, 512, kernel_size=(7,), stride=(1,), padding=(3,), bias=False)
        (bn2): BatchNorm1d(512, eps=1e-05, momentum=0.1, affine=True, track_running_stats=True)
        (dropout): Dropout(p=0.2, inplace=False)
      )
    )
    (avgpool): AdaptiveAvgPool1d(output_size=1)
  )
  (bottleneck_layer): Sequential(
    (0): Linear(in_features=512, out_features=256, bias=True)
    (1): ReLU()
  )
  (classifier_layer): Linear(in_features=256, out_features=4, bias=True)
  (adapt_loss): TransferLoss(
    (loss_func): MMDLoss()
  )
  (criterion): CrossEntropyLoss()
)
initial_lr 1.0
1.8.1+cu111
True
LEN: 0 0
LOADER: <data_loader.InfiniteDataLoader object at 0x7fb049f7abb0> <data_loader.InfiniteDataLoader object at 0x7fb049f63f40>
N: 100
trian begin
trian end
n_person 615
SAMPLE
BEST_F1_MI: 0.5402196497476996 BEST_F1_MA: 0.4775743559300887
[[577 316   0   0]
 [485 319   0   0]
 [702  44   0   0]
 [  0   2   0 924]]
Epoch: [ 1/200], cls_loss: 0.7455, transfer_loss: 0.0746, total_Loss: 0.7828, test_loss 1.268492
trian begin
trian end
n_person 615
SAMPLE
BEST_F1_MI: 0.5402196497476996 BEST_F1_MA: 0.4775743559300887
[[417   1 474   1]
 [380   0 421   3]
 [478   0 268   0]
 [  0   0   0 926]]
Epoch: [ 2/200], cls_loss: 0.4796, transfer_loss: 0.0776, total_Loss: 0.5184, test_loss 2.544046
trian begin
trian end
n_person 615
SAMPLE
BEST_F1_MI: 0.5402196497476996 BEST_F1_MA: 0.4775743559300887
[[107 786   0   0]
 [107 697   0   0]
 [286 460   0   0]
 [  0   3   0 923]]
Epoch: [ 3/200], cls_loss: 0.4352, transfer_loss: 0.0622, total_Loss: 0.4662, test_loss 1.416192
trian begin
trian end
n_person 615
SAMPLE
BEST_F1_MI: 0.5402196497476996 BEST_F1_MA: 0.4775743559300887
[[542 351   0   0]
 [609 195   0   0]
 [729  17   0   0]
 [  0   8   0 918]]
Epoch: [ 4/200], cls_loss: 0.3918, transfer_loss: 0.0592, total_Loss: 0.4214, test_loss 2.178277
trian begin
trian end
n_person 615
SAMPLE
BEST_F1_MI: 0.5402196497476996 BEST_F1_MA: 0.4775743559300887
[[195  53 645   0]
 [328  85 391   0]
 [409  61 276   0]
 [  0   1   3 922]]
Epoch: [ 5/200], cls_loss: 0.3996, transfer_loss: 0.0599, total_Loss: 0.4295, test_loss 1.574782
trian begin
trian end
n_person 615
SAMPLE
BEST_F1_MI: 0.5402196497476996 BEST_F1_MA: 0.4775743559300887
[[515 378   0   0]
 [601 203   0   0]
 [641 105   0   0]
 [  0  55   0 871]]
Epoch: [ 6/200], cls_loss: 0.3804, transfer_loss: 0.0659, total_Loss: 0.4134, test_loss 4.689225
trian begin
trian end
n_person 615
SAMPLE
BEST_F1_MI: 0.5402196497476996 BEST_F1_MA: 0.4775743559300887
[[478  65 350   0]
 [555  88 161   0]
 [681  40  25   0]
 [  0   1   4 921]]
Epoch: [ 7/200], cls_loss: 0.3481, transfer_loss: 0.0501, total_Loss: 0.3732, test_loss 2.421113
trian begin
trian end
n_person 615
SAMPLE
BEST_F1_MI: 0.5402196497476996 BEST_F1_MA: 0.4775743559300887
[[195 358   0 340]
 [344 269   0 191]
 [351 375   0  20]
 [  0  93   0 833]]
Epoch: [ 8/200], cls_loss: 0.3557, transfer_loss: 0.0557, total_Loss: 0.3836, test_loss 2.154788
trian begin
trian end
n_person 615
SAMPLE
BEST_F1_MI: 0.5402196497476996 BEST_F1_MA: 0.4775743559300887
[[698 192   0   3]
 [663 141   0   0]
 [322 424   0   0]
 [  0 922   0   4]]
Epoch: [ 9/200], cls_loss: 0.3502, transfer_loss: 0.0542, total_Loss: 0.3774, test_loss 3.543802
trian begin
trian end
n_person 615
SAMPLE
BEST_F1_MI: 0.5402196497476996 BEST_F1_MA: 0.4775743559300887
[[675 105   0 113]
 [745  54   0   5]
 [612 105   0  29]
 [  0 916   0  10]]
Epoch: [10/200], cls_loss: 0.3300, transfer_loss: 0.0590, total_Loss: 0.3595, test_loss 3.356268
trian begin
trian end
n_person 615
SAMPLE
BEST_F1_MI: 0.5402196497476996 BEST_F1_MA: 0.4775743559300887
[[426 330   1 136]
 [533 193   1  77]
 [615 116   0  15]
 [  0  11   0 915]]
Epoch: [11/200], cls_loss: 0.3487, transfer_loss: 0.0650, total_Loss: 0.3812, test_loss 2.932144
trian begin
trian end
n_person 615
SAMPLE
BEST_F1_MI: 0.5402196497476996 BEST_F1_MA: 0.4775743559300887
[[642 178   0  73]
 [647 154   0   3]
 [495 250   0   1]
 [  0 926   0   0]]
Epoch: [12/200], cls_loss: 0.3218, transfer_loss: 0.0494, total_Loss: 0.3465, test_loss 3.494044
trian begin
trian end
n_person 615
SAMPLE
BEST_F1_MI: 0.5598100326506382 BEST_F1_MA: 0.48635572381404785
[[689 204   0   0]
 [529 275   0   0]
 [576 170   0   0]
 [  0   4   0 922]]
Epoch: [13/200], cls_loss: 0.3131, transfer_loss: 0.0691, total_Loss: 0.3477, test_loss 2.029844
trian begin
trian end
n_person 615
SAMPLE
BEST_F1_MI: 0.5598100326506382 BEST_F1_MA: 0.5265338149405632
[[603 132 158   0]
 [430 193 181   0]
 [454 148 144   0]
 [  0   4   0 922]]
Epoch: [14/200], cls_loss: 0.3220, transfer_loss: 0.0497, total_Loss: 0.3469, test_loss 2.477576
trian begin
trian end
n_person 615
SAMPLE
BEST_F1_MI: 0.5598100326506382 BEST_F1_MA: 0.5265338149405632
[[671  86 108  28]
 [517 122 159   6]
 [545  77 124   0]
 [798  23   0 105]]
Epoch: [15/200], cls_loss: 0.3190, transfer_loss: 0.0782, total_Loss: 0.3581, test_loss 3.292831
trian begin
trian end
n_person 615
SAMPLE
BEST_F1_MI: 0.5598100326506382 BEST_F1_MA: 0.5501205263982318
[[670   6 215   2]
 [448  61 269  26]
 [521  18 205   2]
 [  0   9   1 916]]
Epoch: [16/200], cls_loss: 0.2737, transfer_loss: 0.0474, total_Loss: 0.2974, test_loss 1.992400
trian begin
trian end
n_person 615
SAMPLE
BEST_F1_MI: 0.5598100326506382 BEST_F1_MA: 0.5501205263982318
[[222  10 661   0]
 [146  65 593   0]
 [468  25 253   0]
 [  0   4   4 918]]
Epoch: [17/200], cls_loss: 0.2632, transfer_loss: 0.0715, total_Loss: 0.2990, test_loss 1.788464
trian begin
trian end
n_person 615
SAMPLE
BEST_F1_MI: 0.5598100326506382 BEST_F1_MA: 0.5501205263982318
[[555  79 259   0]
 [600 114  90   0]
 [461 109 176   0]
 [  0   3   0 923]]
Epoch: [18/200], cls_loss: 0.2244, transfer_loss: 0.0525, total_Loss: 0.2506, test_loss 2.359169
trian begin
trian end
n_person 615
SAMPLE
BEST_F1_MI: 0.6233303650934996 BEST_F1_MA: 0.612090218601201
[[633 113 147   0]
 [543 211  50   0]
 [208 204 334   0]
 [  0   4   0 922]]
Epoch: [19/200], cls_loss: 0.1946, transfer_loss: 0.0608, total_Loss: 0.2250, test_loss 1.154785
trian begin
trian end
n_person 615
SAMPLE
BEST_F1_MI: 0.6233303650934996 BEST_F1_MA: 0.612090218601201
[[702  39 152   0]
 [650  46 108   0]
 [257 174 315   0]
 [  0   2   1 923]]
Epoch: [20/200], cls_loss: 0.1905, transfer_loss: 0.0497, total_Loss: 0.2153, test_loss 2.191595
trian begin
trian end
n_person 615
SAMPLE
BEST_F1_MI: 0.6233303650934996 BEST_F1_MA: 0.612090218601201
[[755 110  28   0]
 [616 183   5   0]
 [447 272  27   0]
 [  0   3   1 922]]
Epoch: [21/200], cls_loss: 0.1612, transfer_loss: 0.0537, total_Loss: 0.1880, test_loss 2.096834
trian begin
trian end
n_person 615
SAMPLE
BEST_F1_MI: 0.6233303650934996 BEST_F1_MA: 0.612090218601201
[[369  25 499   0]
 [382  66 356   0]
 [206  32 508   0]
 [  0   4   1 921]]
Epoch: [22/200], cls_loss: 0.1555, transfer_loss: 0.0527, total_Loss: 0.1819, test_loss 1.826238
trian begin
trian end
n_person 615
SAMPLE
BEST_F1_MI: 0.6233303650934996 BEST_F1_MA: 0.612090218601201
[[516   7 370   0]
 [612  37 155   0]
 [243 205 298   0]
 [  0   6   2 918]]
Epoch: [23/200], cls_loss: 0.1723, transfer_loss: 0.0566, total_Loss: 0.2006, test_loss 1.868114
trian begin
trian end
n_person 615
SAMPLE
BEST_F1_MI: 0.6233303650934996 BEST_F1_MA: 0.612090218601201
[[232  53 608   0]
 [378 288 138   0]
 [ 93 465 188   0]
 [  0   9   0 917]]
Epoch: [24/200], cls_loss: 0.1505, transfer_loss: 0.0688, total_Loss: 0.1849, test_loss 1.788008
trian begin
trian end
n_person 615
SAMPLE
BEST_F1_MI: 0.6233303650934996 BEST_F1_MA: 0.612090218601201
[[134 362 397   0]
 [188 428 188   0]
 [225 335 186   0]
 [  0   3   0 923]]
Epoch: [25/200], cls_loss: 0.1587, transfer_loss: 0.0507, total_Loss: 0.1841, test_loss 1.731828
trian begin
trian end
n_person 615
SAMPLE
BEST_F1_MI: 0.6233303650934996 BEST_F1_MA: 0.612090218601201
[[746  15 132   0]
 [657  55  92   0]
 [254 382 110   0]
 [  0   2   1 923]]
Epoch: [26/200], cls_loss: 0.1329, transfer_loss: 0.0574, total_Loss: 0.1616, test_loss 1.775802
trian begin
trian end
n_person 615
SAMPLE
BEST_F1_MI: 0.6233303650934996 BEST_F1_MA: 0.612090218601201
[[506 100 287   0]
 [384 225 195   0]
 [221 475  50   0]
 [  0   5   0 921]]
Epoch: [27/200], cls_loss: 0.1327, transfer_loss: 0.0594, total_Loss: 0.1624, test_loss 1.962647
trian begin
trian end
n_person 615
SAMPLE
BEST_F1_MI: 0.6233303650934996 BEST_F1_MA: 0.612090218601201
[[437  39 417   0]
 [439 133 232   0]
 [353 316  77   0]
 [  0   6   0 920]]
Epoch: [28/200], cls_loss: 0.1429, transfer_loss: 0.0584, total_Loss: 0.1721, test_loss 2.056332
trian begin
trian end
n_person 615
SAMPLE
BEST_F1_MI: 0.6233303650934996 BEST_F1_MA: 0.612090218601201
[[525  60 308   0]
 [442 182 180   0]
 [305 335 106   0]
 [  0   4   0 922]]
Epoch: [29/200], cls_loss: 0.1559, transfer_loss: 0.0622, total_Loss: 0.1870, test_loss 1.511707
trian begin
trian end
n_person 615
SAMPLE
BEST_F1_MI: 0.6233303650934996 BEST_F1_MA: 0.612090218601201
[[570 109 214   0]
 [459 222 123   0]
 [450 224  72   0]
 [  0   7   0 919]]
Epoch: [30/200], cls_loss: 0.1261, transfer_loss: 0.0592, total_Loss: 0.1557, test_loss 1.911939
trian begin
trian end
n_person 615
SAMPLE
BEST_F1_MI: 0.6233303650934996 BEST_F1_MA: 0.612090218601201
[[525 208 160   0]
 [365 328 111   0]
 [342 283 121   0]
 [  0   4   0 922]]
Epoch: [31/200], cls_loss: 0.1309, transfer_loss: 0.0620, total_Loss: 0.1619, test_loss 3.087922
trian begin
trian end
n_person 615
SAMPLE
BEST_F1_MI: 0.6233303650934996 BEST_F1_MA: 0.612090218601201
[[710  57 126   0]
 [520 108 176   0]
 [324 125 297   0]
 [  0   6   1 919]]
Epoch: [32/200], cls_loss: 0.1278, transfer_loss: 0.0546, total_Loss: 0.1551, test_loss 2.139356
trian begin
trian end
n_person 615
SAMPLE
BEST_F1_MI: 0.6233303650934996 BEST_F1_MA: 0.612090218601201
[[528  14 351   0]
 [374  82 348   0]
 [ 89 208 449   0]
 [  1   3   2 920]]
Epoch: [33/200], cls_loss: 0.1164, transfer_loss: 0.0512, total_Loss: 0.1420, test_loss 1.774046
trian begin
trian end
n_person 615
SAMPLE
BEST_F1_MI: 0.6233303650934996 BEST_F1_MA: 0.612090218601201
[[434  68 391   0]
 [337 184 283   0]
 [187 253 306   0]
 [  0   9   1 916]]
Epoch: [34/200], cls_loss: 0.1511, transfer_loss: 0.0610, total_Loss: 0.1816, test_loss 1.823535
trian begin
trian end
n_person 615
SAMPLE
BEST_F1_MI: 0.6233303650934996 BEST_F1_MA: 0.612090218601201
[[493  25 375   0]
 [411  53 340   0]
 [439  38 269   0]
 [  0   5   1 920]]
Epoch: [35/200], cls_loss: 0.1041, transfer_loss: 0.0541, total_Loss: 0.1312, test_loss 2.259574
trian begin
trian end
n_person 615
SAMPLE
BEST_F1_MI: 0.6233303650934996 BEST_F1_MA: 0.612090218601201
[[375 109 409   0]
 [149 350 305   0]
 [401 261  84   0]
 [  0  11   0 915]]
Epoch: [36/200], cls_loss: 0.1212, transfer_loss: 0.0597, total_Loss: 0.1510, test_loss 1.859566
trian begin
trian end
n_person 615
SAMPLE
BEST_F1_MI: 0.6233303650934996 BEST_F1_MA: 0.612090218601201
[[618  38 237   0]
 [443 156 205   0]
 [223 422 101   0]
 [  0  15   1 910]]
Epoch: [37/200], cls_loss: 0.1118, transfer_loss: 0.0606, total_Loss: 0.1422, test_loss 2.004827
trian begin
trian end
n_person 615
SAMPLE
BEST_F1_MI: 0.6233303650934996 BEST_F1_MA: 0.612090218601201
[[692 104  97   0]
 [408 284 112   0]
 [521 169  56   0]
 [  0   1   0 925]]
Epoch: [38/200], cls_loss: 0.1243, transfer_loss: 0.0603, total_Loss: 0.1545, test_loss 2.233355
trian begin
trian end
n_person 615
SAMPLE
BEST_F1_MI: 0.6233303650934996 BEST_F1_MA: 0.612090218601201
[[640 166  87   0]
 [398 341  65   0]
 [560 154  32   0]
 [  0   1   0 925]]
Epoch: [39/200], cls_loss: 0.1069, transfer_loss: 0.0578, total_Loss: 0.1358, test_loss 2.077231
trian begin
trian end
n_person 615
SAMPLE
BEST_F1_MI: 0.6233303650934996 BEST_F1_MA: 0.612090218601201
[[507 138 248   0]
 [406 278 120   0]
 [561 159  26   0]
 [  0   8   0 918]]
Epoch: [40/200], cls_loss: 0.1103, transfer_loss: 0.0538, total_Loss: 0.1372, test_loss 2.625298
trian begin
trian end
n_person 615
SAMPLE
BEST_F1_MI: 0.6233303650934996 BEST_F1_MA: 0.612090218601201
[[328  94 471   0]
 [298 272 234   0]
 [534 103 109   0]
 [  0   4   0 922]]
Epoch: [41/200], cls_loss: 0.1149, transfer_loss: 0.0455, total_Loss: 0.1377, test_loss 2.475249
trian begin
trian end
n_person 615
SAMPLE
BEST_F1_MI: 0.6233303650934996 BEST_F1_MA: 0.612090218601201
[[676  86 131   0]
 [652 107  45   0]
 [410 261  75   0]
 [  0   2   0 924]]
Epoch: [42/200], cls_loss: 0.0887, transfer_loss: 0.0514, total_Loss: 0.1144, test_loss 2.407503
trian begin
trian end
n_person 615
SAMPLE
BEST_F1_MI: 0.6233303650934996 BEST_F1_MA: 0.612090218601201
[[345 124 424   0]
 [536 159 109   0]
 [294 416  36   0]
 [  0   4   0 922]]
Epoch: [43/200], cls_loss: 0.0919, transfer_loss: 0.0566, total_Loss: 0.1202, test_loss 2.520547
trian begin
trian end
n_person 615
SAMPLE
BEST_F1_MI: 0.6233303650934996 BEST_F1_MA: 0.612090218601201
[[109  29 755   0]
 [381 130 293   0]
 [492 149 105   0]
 [  0   3   1 922]]
Epoch: [44/200], cls_loss: 0.0998, transfer_loss: 0.0568, total_Loss: 0.1282, test_loss 2.728229
trian begin
trian end
n_person 615
SAMPLE
BEST_F1_MI: 0.6233303650934996 BEST_F1_MA: 0.612090218601201
[[575  92 226   0]
 [468 214 122   0]
 [395 297  54   0]
 [  0   6   1 919]]
Epoch: [45/200], cls_loss: 0.0875, transfer_loss: 0.0571, total_Loss: 0.1160, test_loss 2.022041
trian begin
trian end
n_person 615
SAMPLE
BEST_F1_MI: 0.6233303650934996 BEST_F1_MA: 0.612090218601201
[[360 117 416   0]
 [558 148  98   0]
 [348 232 166   0]
 [  0  14   0 912]]
Epoch: [46/200], cls_loss: 0.1192, transfer_loss: 0.0540, total_Loss: 0.1462, test_loss 2.385097
trian begin
trian end
n_person 615
SAMPLE
BEST_F1_MI: 0.6233303650934996 BEST_F1_MA: 0.612090218601201
[[657 139  97   0]
 [649 131  24   0]
 [ 41 585 120   0]
 [  0   5   0 921]]
Epoch: [47/200], cls_loss: 0.1027, transfer_loss: 0.0536, total_Loss: 0.1295, test_loss 2.187887
trian begin
trian end
n_person 615
SAMPLE
BEST_F1_MI: 0.6233303650934996 BEST_F1_MA: 0.612090218601201
[[251 102 540   0]
 [426 173 205   0]
 [122 532  92   0]
 [  0   9   0 917]]
Epoch: [48/200], cls_loss: 0.0805, transfer_loss: 0.0621, total_Loss: 0.1116, test_loss 2.624090
trian begin
trian end
n_person 615
SAMPLE
BEST_F1_MI: 0.6233303650934996 BEST_F1_MA: 0.612090218601201
[[578  75 240   0]
 [629  79  96   0]
 [456 230  60   0]
 [  0   2   0 924]]
Epoch: [49/200], cls_loss: 0.0917, transfer_loss: 0.0592, total_Loss: 0.1213, test_loss 2.568441
trian begin
trian end
n_person 615
SAMPLE
BEST_F1_MI: 0.6233303650934996 BEST_F1_MA: 0.612090218601201
[[442 150 301   0]
 [424 256 124   0]
 [399 220 127   0]
 [  0   3   0 923]]
Epoch: [50/200], cls_loss: 0.1019, transfer_loss: 0.0633, total_Loss: 0.1336, test_loss 2.016382
trian begin
trian end
n_person 615
SAMPLE
BEST_F1_MI: 0.6233303650934996 BEST_F1_MA: 0.612090218601201
[[300 170 423   0]
 [190 375 239   0]
 [396 205 145   0]
 [  1   1   1 923]]
Epoch: [51/200], cls_loss: 0.0875, transfer_loss: 0.0629, total_Loss: 0.1190, test_loss 2.055360
trian begin
trian end
n_person 615
SAMPLE
BEST_F1_MI: 0.624517661027011 BEST_F1_MA: 0.6203386709274006
[[636  52 205   0]
 [514 150 140   0]
 [288  61 397   0]
 [  0   3   2 921]]
Epoch: [52/200], cls_loss: 0.0653, transfer_loss: 0.0560, total_Loss: 0.0933, test_loss 1.437341
trian begin
trian end
n_person 615
SAMPLE
BEST_F1_MI: 0.624517661027011 BEST_F1_MA: 0.6203386709274006
[[385 128 380   0]
 [325 198 281   0]
 [359 123 264   0]
 [  0   4   1 921]]
Epoch: [53/200], cls_loss: 0.0779, transfer_loss: 0.0538, total_Loss: 0.1048, test_loss 1.959526
trian begin
trian end
n_person 615
SAMPLE
BEST_F1_MI: 0.624517661027011 BEST_F1_MA: 0.6203386709274006
[[570 188 135   0]
 [454 269  81   0]
 [448 232  66   0]
 [  0   7   0 919]]
Epoch: [54/200], cls_loss: 0.0876, transfer_loss: 0.0575, total_Loss: 0.1164, test_loss 2.494592
trian begin
trian end
n_person 615
SAMPLE
BEST_F1_MI: 0.624517661027011 BEST_F1_MA: 0.6203386709274006
[[483  48 362   0]
 [626  74 104   0]
 [445 146 155   0]
 [  0   2   4 920]]
Epoch: [55/200], cls_loss: 0.0966, transfer_loss: 0.0540, total_Loss: 0.1236, test_loss 2.596146
trian begin
trian end
n_person 615
SAMPLE
BEST_F1_MI: 0.624517661027011 BEST_F1_MA: 0.6203386709274006
[[212 110 571   0]
 [385 205 214   0]
 [517 221   8   0]
 [  0   5   1 920]]
Epoch: [56/200], cls_loss: 0.0831, transfer_loss: 0.0528, total_Loss: 0.1095, test_loss 3.046092
trian begin
trian end
n_person 615
SAMPLE
BEST_F1_MI: 0.624517661027011 BEST_F1_MA: 0.6203386709274006
[[143  86 664   0]
 [294 172 338   0]
 [390 243 113   0]
 [  0   3   0 923]]
Epoch: [57/200], cls_loss: 0.0706, transfer_loss: 0.0521, total_Loss: 0.0966, test_loss 3.063441
trian begin
trian end
n_person 615
SAMPLE
BEST_F1_MI: 0.624517661027011 BEST_F1_MA: 0.6203386709274006
[[271 108 514   0]
 [506 220  78   0]
 [290 383  73   0]
 [  0   4   0 922]]
Epoch: [58/200], cls_loss: 0.0841, transfer_loss: 0.0509, total_Loss: 0.1095, test_loss 2.996714
trian begin
trian end
n_person 615
SAMPLE
BEST_F1_MI: 0.624517661027011 BEST_F1_MA: 0.6203386709274006
[[534 138 221   0]
 [629 151  24   0]
 [317 292 137   0]
 [  0   5   0 921]]
Epoch: [59/200], cls_loss: 0.0856, transfer_loss: 0.0588, total_Loss: 0.1150, test_loss 2.135568
trian begin
trian end
n_person 615
SAMPLE
BEST_F1_MI: 0.624517661027011 BEST_F1_MA: 0.6203386709274006
[[347 107 439   0]
 [510 216  78   0]
 [403 240 103   0]
 [  0   4   3 919]]
Epoch: [60/200], cls_loss: 0.0621, transfer_loss: 0.0645, total_Loss: 0.0944, test_loss 2.990350
trian begin
trian end
n_person 615
SAMPLE
BEST_F1_MI: 0.624517661027011 BEST_F1_MA: 0.6203386709274006
[[590  54 249   0]
 [580 114 110   0]
 [484 163  99   0]
 [  0   3   0 923]]
Epoch: [61/200], cls_loss: 0.0698, transfer_loss: 0.0537, total_Loss: 0.0967, test_loss 2.796352
trian begin
trian end
n_person 615
SAMPLE
BEST_F1_MI: 0.624517661027011 BEST_F1_MA: 0.6203386709274006
[[438 120 335   0]
 [520 208  76   0]
 [371 182 193   0]
 [  0   7   3 916]]
Epoch: [62/200], cls_loss: 0.0783, transfer_loss: 0.0588, total_Loss: 0.1077, test_loss 2.306003
trian begin
trian end
n_person 615
SAMPLE
BEST_F1_MI: 0.624517661027011 BEST_F1_MA: 0.6203386709274006
[[526  74 293   0]
 [588 182  34   0]
 [450 202  94   0]
 [  0   2   3 921]]
Epoch: [63/200], cls_loss: 0.0805, transfer_loss: 0.0577, total_Loss: 0.1094, test_loss 2.575883
trian begin
trian end
n_person 615
SAMPLE
BEST_F1_MI: 0.624517661027011 BEST_F1_MA: 0.6203386709274006
[[384 196 313   0]
 [622 149  33   0]
 [482 158 106   0]
 [  1   6   1 918]]
Epoch: [64/200], cls_loss: 0.0668, transfer_loss: 0.0594, total_Loss: 0.0965, test_loss 2.933085
trian begin
trian end
n_person 615
SAMPLE
BEST_F1_MI: 0.624517661027011 BEST_F1_MA: 0.6203386709274006
[[378 127 388   0]
 [507 259  38   0]
 [488 178  80   0]
 [  0   2   3 921]]
Epoch: [65/200], cls_loss: 0.0669, transfer_loss: 0.0566, total_Loss: 0.0952, test_loss 2.814100
trian begin
trian end
n_person 615
SAMPLE
BEST_F1_MI: 0.624517661027011 BEST_F1_MA: 0.6203386709274006
[[231 121 541   0]
 [474 250  80   0]
 [503 126 117   0]
 [  1   2   1 922]]
Epoch: [66/200], cls_loss: 0.0729, transfer_loss: 0.0627, total_Loss: 0.1043, test_loss 3.674106
trian begin
trian end
n_person 615
SAMPLE
BEST_F1_MI: 0.624517661027011 BEST_F1_MA: 0.6203386709274006
[[469  23 401   0]
 [643 102  59   0]
 [570  88  88   0]
 [  0  14   0 912]]
Epoch: [67/200], cls_loss: 0.0797, transfer_loss: 0.0508, total_Loss: 0.1051, test_loss 3.115921
trian begin
trian end
n_person 615
SAMPLE
BEST_F1_MI: 0.624517661027011 BEST_F1_MA: 0.6203386709274006
[[306 108 479   0]
 [585 172  47   0]
 [517 198  31   0]
 [  0   2   2 922]]
Epoch: [68/200], cls_loss: 0.0719, transfer_loss: 0.0534, total_Loss: 0.0986, test_loss 3.131866
trian begin
trian end
n_person 615
SAMPLE
BEST_F1_MI: 0.624517661027011 BEST_F1_MA: 0.6203386709274006
[[242 102 549   0]
 [631 117  56   0]
 [163 520  63   0]
 [  1   1   1 923]]
Epoch: [69/200], cls_loss: 0.0656, transfer_loss: 0.0530, total_Loss: 0.0921, test_loss 3.099270
trian begin
trian end
n_person 615
SAMPLE
BEST_F1_MI: 0.624517661027011 BEST_F1_MA: 0.6203386709274006
[[210  45 638   0]
 [519 169 116   0]
 [275 314 157   0]
 [  0   7   1 918]]
Epoch: [70/200], cls_loss: 0.0664, transfer_loss: 0.0483, total_Loss: 0.0905, test_loss 3.046682
trian begin
trian end
n_person 615
SAMPLE
BEST_F1_MI: 0.624517661027011 BEST_F1_MA: 0.6203386709274006
[[652  66 175   0]
 [721  57  26   0]
 [302 268 176   0]
 [  0   7   0 919]]
Epoch: [71/200], cls_loss: 0.0664, transfer_loss: 0.0558, total_Loss: 0.0943, test_loss 2.558917
trian begin
trian end
n_person 615
SAMPLE
BEST_F1_MI: 0.624517661027011 BEST_F1_MA: 0.6203386709274006
[[602  79 212   0]
 [684  94  26   0]
 [131 277 338   0]
 [  0   6   1 919]]
Epoch: [72/200], cls_loss: 0.0585, transfer_loss: 0.0625, total_Loss: 0.0897, test_loss 1.933656
trian begin
trian end
n_person 615
SAMPLE
BEST_F1_MI: 0.624517661027011 BEST_F1_MA: 0.6203386709274006
[[477  43 373   0]
 [703  67  34   0]
 [286 376  84   0]
 [  0   3   1 922]]
Epoch: [73/200], cls_loss: 0.0572, transfer_loss: 0.0484, total_Loss: 0.0814, test_loss 2.679579
trian begin
trian end
n_person 615
SAMPLE
BEST_F1_MI: 0.624517661027011 BEST_F1_MA: 0.6203386709274006
[[607  74 212   0]
 [731  52  21   0]
 [224 313 209   0]
 [  0   5   0 921]]
Epoch: [74/200], cls_loss: 0.0510, transfer_loss: 0.0472, total_Loss: 0.0746, test_loss 2.559192
trian begin
trian end
n_person 615
SAMPLE
BEST_F1_MI: 0.624517661027011 BEST_F1_MA: 0.6203386709274006
[[544 131 218   0]
 [587 172  45   0]
 [150 467 129   0]
 [  0   4   0 922]]
Epoch: [75/200], cls_loss: 0.0601, transfer_loss: 0.0518, total_Loss: 0.0861, test_loss 2.120287
trian begin
trian end
n_person 615
SAMPLE
BEST_F1_MI: 0.624517661027011 BEST_F1_MA: 0.6203386709274006
[[588  24 281   0]
 [739  43  22   0]
 [313 318 115   0]
 [  0   0   0 926]]
Epoch: [76/200], cls_loss: 0.0773, transfer_loss: 0.0504, total_Loss: 0.1025, test_loss 2.425403
trian begin
trian end
n_person 615
SAMPLE
BEST_F1_MI: 0.624517661027011 BEST_F1_MA: 0.6203386709274006
[[218  45 630   0]
 [572 152  80   0]
 [223 422 101   0]
 [  0  11   0 915]]
Epoch: [77/200], cls_loss: 0.0491, transfer_loss: 0.0515, total_Loss: 0.0749, test_loss 3.023367
trian begin
trian end
n_person 615
SAMPLE
BEST_F1_MI: 0.624517661027011 BEST_F1_MA: 0.6203386709274006
[[187  42 664   0]
 [599  90 115   0]
 [146 372 228   0]
 [  0   7   0 919]]
Epoch: [78/200], cls_loss: 0.0603, transfer_loss: 0.0519, total_Loss: 0.0862, test_loss 2.619580
trian begin
trian end
n_person 615
SAMPLE
BEST_F1_MI: 0.624517661027011 BEST_F1_MA: 0.6203386709274006
[[215  61 617   0]
 [575  72 157   0]
 [262 320 164   0]
 [  0   5   0 921]]
Epoch: [79/200], cls_loss: 0.0707, transfer_loss: 0.0604, total_Loss: 0.1009, test_loss 2.623218
trian begin
trian end
n_person 615
SAMPLE
BEST_F1_MI: 0.624517661027011 BEST_F1_MA: 0.6203386709274006
[[811  28  54   0]
 [753  39  12   0]
 [474 170 102   0]
 [  0   8   1 917]]
Epoch: [80/200], cls_loss: 0.0530, transfer_loss: 0.0592, total_Loss: 0.0826, test_loss 2.311532
trian begin
trian end
n_person 615
SAMPLE
BEST_F1_MI: 0.624517661027011 BEST_F1_MA: 0.6203386709274006
[[664  40 189   0]
 [646  80  78   0]
 [297 250 199   0]
 [  0   7   0 919]]
Epoch: [81/200], cls_loss: 0.0564, transfer_loss: 0.0597, total_Loss: 0.0863, test_loss 2.463804
trian begin
trian end
n_person 615
SAMPLE
BEST_F1_MI: 0.624517661027011 BEST_F1_MA: 0.6203386709274006
[[391 231 271   0]
 [325 346 133   0]
 [411 102 233   0]
 [  0   7   0 919]]
Epoch: [82/200], cls_loss: 0.0541, transfer_loss: 0.0551, total_Loss: 0.0816, test_loss 2.171574
trian begin
trian end
n_person 615
SAMPLE
BEST_F1_MI: 0.624517661027011 BEST_F1_MA: 0.6203386709274006
[[595  49 249   0]
 [630  62 112   0]
 [396 208 142   0]
 [  0  10   0 916]]
Epoch: [83/200], cls_loss: 0.0602, transfer_loss: 0.0568, total_Loss: 0.0885, test_loss 2.784254
trian begin
trian end
n_person 615
SAMPLE
BEST_F1_MI: 0.624517661027011 BEST_F1_MA: 0.6203386709274006
[[643 152  98   0]
 [352 407  45   0]
 [353 318  75   0]
 [  0   6   0 920]]
Epoch: [84/200], cls_loss: 0.0552, transfer_loss: 0.0581, total_Loss: 0.0842, test_loss 2.016690
trian begin
trian end
n_person 615
SAMPLE
BEST_F1_MI: 0.624517661027011 BEST_F1_MA: 0.6203386709274006
[[559  62 272   0]
 [612 166  26   0]
 [385 261 100   0]
 [  0   8   0 918]]
Epoch: [85/200], cls_loss: 0.0646, transfer_loss: 0.0555, total_Loss: 0.0924, test_loss 2.607179
trian begin
trian end
n_person 615
SAMPLE
BEST_F1_MI: 0.624517661027011 BEST_F1_MA: 0.6203386709274006
[[484  42 367   0]
 [546 183  75   0]
 [109 389 248   0]
 [  0   8   0 918]]
Epoch: [86/200], cls_loss: 0.0524, transfer_loss: 0.0554, total_Loss: 0.0801, test_loss 2.053935
trian begin
trian end
n_person 615
SAMPLE
BEST_F1_MI: 0.624517661027011 BEST_F1_MA: 0.6203386709274006
[[694   4 195   0]
 [713  53  38   0]
 [250 284 212   0]
 [  0  24   1 901]]
Epoch: [87/200], cls_loss: 0.0532, transfer_loss: 0.0629, total_Loss: 0.0847, test_loss 2.401435
trian begin
trian end
n_person 615
SAMPLE
BEST_F1_MI: 0.624517661027011 BEST_F1_MA: 0.6203386709274006
[[676 104 113   0]
 [491 295  18   0]
 [215 454  77   0]
 [  0   4   0 922]]
Epoch: [88/200], cls_loss: 0.0511, transfer_loss: 0.0485, total_Loss: 0.0754, test_loss 2.370101
trian begin
trian end
n_person 615
SAMPLE
BEST_F1_MI: 0.624517661027011 BEST_F1_MA: 0.6203386709274006
[[442  47 404   0]
 [552 156  96   0]
 [272 246 228   0]
 [  0   8   2 916]]
Epoch: [89/200], cls_loss: 0.0569, transfer_loss: 0.0553, total_Loss: 0.0845, test_loss 2.282668
trian begin
trian end
n_person 615
SAMPLE
BEST_F1_MI: 0.624517661027011 BEST_F1_MA: 0.6203386709274006
[[601  21 271   0]
 [680  77  47   0]
 [227 202 317   0]
 [  0  13   0 913]]
Epoch: [90/200], cls_loss: 0.0691, transfer_loss: 0.0540, total_Loss: 0.0961, test_loss 2.051891
trian begin
trian end
n_person 615
SAMPLE
BEST_F1_MI: 0.624517661027011 BEST_F1_MA: 0.6203386709274006
[[629  23 241   0]
 [719  57  28   0]
 [362 313  71   0]
 [  0  12   0 914]]
Epoch: [91/200], cls_loss: 0.0479, transfer_loss: 0.0522, total_Loss: 0.0740, test_loss 2.844405
trian begin
trian end
n_person 615
SAMPLE
BEST_F1_MI: 0.624517661027011 BEST_F1_MA: 0.6203386709274006
[[705  61 127   0]
 [705  83  16   0]
 [338 369  39   0]
 [  0   9   0 917]]
Epoch: [92/200], cls_loss: 0.0515, transfer_loss: 0.0569, total_Loss: 0.0799, test_loss 2.615402
trian begin
trian end
n_person 615
SAMPLE
BEST_F1_MI: 0.624517661027011 BEST_F1_MA: 0.6203386709274006
[[570 156 167   0]
 [558 225  21   0]
 [257 382 107   0]
 [  0   8   0 918]]
Epoch: [93/200], cls_loss: 0.0470, transfer_loss: 0.0551, total_Loss: 0.0746, test_loss 1.944316
trian begin
trian end
n_person 615
SAMPLE
BEST_F1_MI: 0.624517661027011 BEST_F1_MA: 0.6203386709274006
[[343  91 459   0]
 [529 150 125   0]
 [397 281  68   0]
 [  0   7   0 919]]
Epoch: [94/200], cls_loss: 0.0499, transfer_loss: 0.0584, total_Loss: 0.0791, test_loss 2.769893
trian begin
trian end
n_person 615
SAMPLE
BEST_F1_MI: 0.624517661027011 BEST_F1_MA: 0.6203386709274006
[[441 163 289   0]
 [558 181  65   0]
 [416 308  22   0]
 [  0   8   0 918]]
Epoch: [95/200], cls_loss: 0.0623, transfer_loss: 0.0633, total_Loss: 0.0940, test_loss 3.165729
trian begin
trian end
n_person 615
SAMPLE
BEST_F1_MI: 0.624517661027011 BEST_F1_MA: 0.6203386709274006
[[344 118 431   0]
 [488 189 127   0]
 [470 224  52   0]
 [  0  10   0 916]]
Epoch: [96/200], cls_loss: 0.0532, transfer_loss: 0.0538, total_Loss: 0.0801, test_loss 3.560574
trian begin
trian end
n_person 615
SAMPLE
BEST_F1_MI: 0.624517661027011 BEST_F1_MA: 0.6203386709274006
[[326  92 475   0]
 [515 116 173   0]
 [411 187 148   0]
 [  0   5   3 918]]
Epoch: [97/200], cls_loss: 0.0429, transfer_loss: 0.0512, total_Loss: 0.0685, test_loss 3.767884
trian begin
trian end
n_person 615
SAMPLE
BEST_F1_MI: 0.624517661027011 BEST_F1_MA: 0.6203386709274006
[[472 165 256   0]
 [611 156  37   0]
 [224 397 125   0]
 [  0   9   0 917]]
Epoch: [98/200], cls_loss: 0.0518, transfer_loss: 0.0543, total_Loss: 0.0790, test_loss 3.201369
trian begin
trian end
n_person 615
SAMPLE
BEST_F1_MI: 0.624517661027011 BEST_F1_MA: 0.6203386709274006
[[207 219 467   0]
 [373 203 228   0]
 [275 385  86   0]
 [  0   2   0 924]]
Epoch: [99/200], cls_loss: 0.0510, transfer_loss: 0.0591, total_Loss: 0.0805, test_loss 3.135736
trian begin
trian end
n_person 615
SAMPLE
BEST_F1_MI: 0.624517661027011 BEST_F1_MA: 0.6203386709274006
[[197 133 563   0]
 [332 211 261   0]
 [166 236 344   0]
 [  0   4   1 921]]
Epoch: [100/200], cls_loss: 0.0409, transfer_loss: 0.0522, total_Loss: 0.0670, test_loss 2.644874
trian begin
trian end
n_person 615
SAMPLE
BEST_F1_MI: 0.624517661027011 BEST_F1_MA: 0.6203386709274006
[[455  29 409   0]
 [550  88 166   0]
 [491 116 139   0]
 [  0  12   3 911]]
Epoch: [101/200], cls_loss: 0.0478, transfer_loss: 0.0555, total_Loss: 0.0755, test_loss 3.470043
trian begin
trian end
n_person 615
SAMPLE
BEST_F1_MI: 0.624517661027011 BEST_F1_MA: 0.6203386709274006
[[100  57 736   0]
 [270 197 337   0]
 [392 180 174   0]
 [  0  10   0 916]]
Epoch: [102/200], cls_loss: 0.0434, transfer_loss: 0.0520, total_Loss: 0.0694, test_loss 3.533204
[[636  52 205   0]
 [514 150 140   0]
 [288  61 397   0]
 [  0   3   2 921]]
[[636  52 205   0]
 [514 150 140   0]
 [288  61 397   0]
 [  0   3   2 921]]
ARG: Namespace(backbone='resnet50', batch_size=32, config='DAN/DAN.yaml', data_dir='data', device=device(type='cuda'), early_stop=50, epoch_based_training=False, lr=0.003, lr_decay=0.75, lr_gamma=0.0003, lr_scheduler=True, max_iter=20000, momentum=0.9, n_class=4, n_epoch=200, n_iter_per_epoch=100, num_workers=3, seed=2022, src_domain='WISDM', tgt_domain='UCI', tname='transfer', transfer_loss='mmd', transfer_loss_weight=0.5, use_bottleneck=True, weight_decay=0.0005)
CL_weight [1, 1, 1, 1]
